2ca4a2e.46 4fc9d6c9 5b35cd s /tap
2ca4a32.a1 4fc9d6c9 5b35cd s /favicon.ico
2ca4a70.65 42f94092 043937 h /wiki/VolksVertretung
2ca4adb.b3 9750276e 433e9c h //robots.txt
2ca4b4b.a0 42f94092 043937 h /wiki/LaPa
2ca4bf3.1e 42f9408d 043937 h /wiki/AlexandreCabral
2ca4c94.4d 8e04d9a2 554020 h /rss.rdf
2ca4c94.9f 8e04d9a2 19508a h /rss.rdf
2ca4cf5.79 c7109db5 45fe92 s /robots.txt
2ca4cf5.bd c7109db5 45fe92 s /robots.txt
2ca4cf5.c6 c7109db5 45fe92 s /memo
2ca4cf6.35 c7109db5 45fe92 s /robots.txt
2ca4cf6.5c c7109db5 45fe92 s /age
2ca4cfc.64 c7109db4 45fe92 s /age
2ca4d9b.33 42f9408d 043937 h /wiki/ConstanceWolter
2ca4f5a.b4 42f94096 043937 h /wiki/SebastianMitter
2ca4fc4.13 c8567835 043937 h /
2ca5045.35 42f9594b 4b7fce h //rss.rdf
2ca506c.5e 4fc9d6c9 5b35cd s /tap
2ca508c.09 4fc9d6c9 5b35cd s /tap
2ca50d6.ff 4fc9d6c9 5b35cd s /favicon.ico
2ca50df.21 42f9408d 043937 h /wiki/KindVomBartmann
2ca50e3.e9 5896e4da f93269 h //rss.rdf
2ca5109.c9 c7109db4 45fe92 h /robots.txt
2ca5109.f0 c7109db4 45fe92 h //wiki/DasNetz
2ca510a.03 c7109db7 45fe92 h /robots.txt
2ca510a.17 c7109db6 45fe92 s /robots.txt
2ca510a.27 c7109db7 45fe92 h /BlockTime
2ca510a.3d c7109db6 45fe92 s /nob
2ca5130.62 4fc9d6c9 5b35cd s /tap
2ca5165.58 4fc9d6c9 5b35cd s /favicon.ico
2ca5169.9c 6d6dfe8a e1a3af h //rss.rdf
2ca528f.96 42f94092 043937 h /wiki/JuergenAvenhaus
2ca53d3.c1 a3ac41e8 433e9c h /edit/19726001
2ca5426.12 42f94034 043937 h /wiki/AndreasPoldrack
2ca5497.d8 33ff4271 433e9c h /hear/97081cfceb56669ec9060051c108323e
2ca54a5.50 36f2c978 a2563e h //robots.txt
2ca55c4.a2 42f94032 043937 h /wiki/PowerWomenCoach
2ca5759.38 42f94034 043937 h /wiki/BlondineInOrange
2ca5858.cd cf2e0d4c 6a88e8 h /wiki/ConVerg
2ca5888.ea b96e84e7 323110 h /
2ca58ec.67 42f94034 043937 h /wiki/PredictionMarket
2ca5a48.75 cf2e0dea 6a88e8 h /robots.txt
2ca5a4e.7c cf2e0d4c 6a88e8 h /wiki/SimoneRebentisch
2ca5ac2.74 42f94034 043937 h /wiki/FrauMitGelbemTop
2ca5c4b.49 904cdb64 18b492 h /robots.txt
2ca5c4b.ef 904cdb64 18b492 h /
2ca5c59.99 904cdb64 18b492 h /wiki/LockFutureSax
2ca5c5f.8d 904cdb64 18b492 h /wiki/MindPost
2ca5c6b.b4 42f94030 043937 h /wiki/WernerWasserfuhr
2ca5c6c.ce 904cdb64 18b492 h /wiki/PieschenTv
2ca5c7e.5b 904cdb64 18b492 h /wiki/SeminarWissen
2ca5c8e.8d 904cdb64 18b492 h /wiki/KurzweilVortrag
2ca5c9d.08 904cdb64 18b492 h /wiki/NooPolis
2ca5d0e.a5 42f94032 043937 h /wiki/CsRb
2ca5e09.a3 904cdb64 18b492 h /robots.txt
2ca5e0b.01 904cdb64 18b492 h /wiki/RainerWasserfuhr
2ca5e1c.e4 904cdb64 18b492 h /wiki/ZugWiki
2ca5e2e.f2 904cdb64 18b492 h /wiki/FutureLab2056
2ca5e38.02 42f94034 043937 h /wiki/CatherinaSchmuck
2ca5e40.4e 904cdb64 18b492 h /wiki/PsychischeGesundheit
2ca5e57.4b 42f95918 4b7fce h //rss.rdf
2ca5e61.23 4fc9d6c9 5b35cd s /tap
2ca5e98.78 4fc9d6c9 5b35cd s /favicon.ico
2ca5fe8.19 42f94096 043937 h /wiki/RalfLippoldInBox
2ca60b0.52 bc286647 7dfab1 h //rss.jsp
2ca60b0.6d bc286647 7dfab1 h //rss.jsp
2ca6153.a4 8e04d9a2 554020 h /rss.rdf
2ca6153.ea 8e04d9a2 19508a h /rss.rdf
2ca61a7.5f 42f94030 043937 h /wiki/AnnKathrinKramer
2ca634c.64 42f94032 043937 h /wiki/JohannesSiekmann
2ca63b2.10 44b4e6a0 aec21f h //robots.txt
2ca63bd.fd 44b4e53a aec21f h /wiki/ChristianHeller
2ca64d5.cc 42f94030 043937 h /wiki/PeopleAggregator
2ca6694.26 42f94032 043937 h /wiki/OrtsteilPieschen
2ca6826.40 42f94096 043937 h /wiki/MarkwartFaussner
2ca684b.be c4342b38 cf6846 h /
2ca6957.79 42f95919 70a047 h //rss.rdf
2ca69de.27 42f94034 043937 h /wiki/LockSessionTopics
2ca6a16.d1 25bb382f e3b0c4 h /robots.txt
2ca6a18.e9 25bb382f 87f8b1 h /
2ca6b84.9b 42f9408d 043937 h /wiki/HaraldKrassnitzer
2ca6bc3.cc bca5d01d e3b0c4 h /robots.txt
2ca6bc5.e2 bca5d01d 58771d h /
2ca6c6f.37 42f95919 4b7fce h //rss.rdf
2ca6d20.81 42f94032 043937 h /wiki/MannMitBlauemHemd
2ca6eb6.0d 42f94092 043937 h /wiki/MannMitWeissemTop
2ca6ed1.86 42f94092 043937 h /wiki/AnBu
2ca7047.b2 42f94092 043937 h /wiki/ZukunftsForschung
2ca706c.bb 253b3780 e3b0c4 h /robots.txt
2ca706e.d5 253b3780 0fa94d h /
2ca715a.e3 bca5e922 e3b0c4 h /robots.txt
2ca715d.02 bca5e922 1200b3 h /
2ca720f.c5 42f94092 043937 h /wiki/StudiEntrepreneur
2ca721d.c7 5e172817 e3b0c4 h /robots.txt
2ca721f.df 5e172817 fd196b h /
2ca739f.76 25bb3851 e3b0c4 h /robots.txt
2ca73a1.88 25bb3851 46ab9b h /
2ca73b8.d2 42f94030 043937 h /wiki/NobelPrizeLaureate
2ca755d.12 9d372720 6a88e8 h /wiki/ImMortal
2ca7587.0e 42f94092 043937 h /wiki/HectorGarciaMolina
2ca7674.8b 8e04d9a2 554020 h /rss.rdf
2ca7674.d0 8e04d9a2 19508a h /rss.rdf
2ca7759.87 42f9408d 043937 h /wiki/BuergerBeteiligung
2ca795c.4c 42f94092 043937 h /wiki/TwentyFirstCentury
2ca7a89.8e 42f95919 4b7fce h //rss.rdf
2ca7b14.fd 42f94034 043937 h /wiki/PieschenMediaGroup
2ca7b94.1a 42f940bb 043937 s /robots.txt
2ca7b94.9a 42f94006 043937 s /
2ca7c34.a1 42f9400c 043937 s /phim
2ca7cdb.1e 42f94030 043937 h /wiki/VerschwommenerKopf
2ca7d1b.7a 42f940b3 043937 s /math
2ca7e6e.68 42f9408d 043937 h /wiki/GlaesernManufaktur
2ca7e6e.75 42f94030 043937 h /robots.txt
2ca7f6f.74 cf2e0d95 6a88e8 h /robots.txt
2ca7f9a.61 284da742 6a88e8 h /wiki/TranslateTheConstitution
2ca8041.9d 42f94034 043937 h /wiki/FriedrichLeibnuetz
2ca804d.14 42f94017 043937 h /robots.txt
2ca804d.55 42f940b7 043937 h /
2ca8094.9d 42f94096 043937 h /wiki/TwiNe
2ca81d9.50 42f94032 043937 h /wiki/FacilityManagement
2ca82a9.47 42f94034 043937 h /
2ca83af.67 42f9408d 043937 h /wiki/HermannJosefMellage
2ca8457.75 904c1da2 c37fd8 h //robots.txt
2ca845e.70 904c1da2 c37fd8 h //wiki/%25s
2ca8463.99 904c1da2 c37fd8 h //wiki/%3C%25=session.getAttribute(
2ca846c.67 904c1da2 c37fd8 h //wiki/AnneWillSingulari%E2%80%A6
2ca8475.97 904c1da2 c37fd8 h //wiki/DresdenWiFi%E2%80%9C
2ca847a.a0 904c1da2 c37fd8 h //wiki/DresdenWiFi
2ca8486.86 904c1da2 c37fd8 h //wiki/LockSchuppen.%C2%A0
2ca848c.de 904c1da2 c37fd8 h //wiki/LockSchuppen.%C3%82%C2%A0
2ca8570.b0 42f94032 043937 h /wiki/JasonFranklinStokes
2ca8742.19 897447aa 74fb1d s /robots.txt
2ca8763.3f 33ff427e 433e9c h /edit
2ca87bf.9b 42f94032 043937 h /wiki/IntelligenceExplosion
2ca88a3.be 42f9594b 4b7fce h //rss.rdf
2ca89ab.1d 42f94032 043937 h /wiki/WeAreWhatWeRepeatedlyDo
2ca8b15.a8 42f94009 043937 s /
2ca8b5a.21 33ff426a 433e9c h /wiki/GenSeidenFaden
2ca8b7b.14 8e04d9a2 554020 h /rss.rdf
2ca8b7b.5c 8e04d9a2 19508a h /rss.rdf
2ca8b87.ac 42f94032 043937 h /wiki/RainerWasserfuhrHasKissed
2ca8d7d.24 42f94030 043937 h /wiki/AstronomicalYearNumbering
2ca8e15.9a c063908c bf956c h /webdav/
2ca8efe.5e 42f94030 043937 h /wiki/CharacteristicaUniversalis
2ca8f63.ff aa00ec67 bf956c h /webdav/
2ca90d6.5d 42f9591a 70a047 h //rss.rdf
2ca9257.ad 42f94032 043937 h /wiki/LeHbf
2ca935d.8b 42f940bb 043937 h /
2ca96b3.ee 42f9591a 4b7fce h //rss.rdf
2ca9740.89 8ba27246 976046 h /
2ca99b1.38 42f954d2 002725 h /favicon.ico
2ca9b7e.d9 c73b96b4 45fe92 h /robots.txt
2ca9b7f.25 c73b96b4 45fe92 h //wiki/DasNetz
2ca9b7f.35 c73b96b7 45fe92 h /robots.txt
2ca9b7f.42 c73b96b7 45fe92 s /robots.txt
2ca9b7f.74 c73b96b7 45fe92 h /BlockTime
2ca9b7f.85 c73b96b7 45fe92 s /age
2ca9b7f.a1 c73b96b7 45fe92 s /robots.txt
2ca9b7f.f5 c73b96b7 45fe92 s /nob
2ca9b86.48 c73b96b7 45fe92 s /age
2ca9d6b.70 b44c0f10 a04d28 h /love/1e
2caa09f.1a 8e04d9a2 554020 h /rss.rdf
2caa09f.63 8e04d9a2 19508a h /rss.rdf
2caa2be.5b 42f94030 043937 h /wiki/MarleenBuder
2caa2e9.6b 42f94030 043937 h /wiki/ElenaFerrari
2caa320.cb 42f94034 043937 h /wiki/AmazingSpace
2caa355.a8 42f94034 043937 h /wiki/TheLakeHouse
2caa38d.b8 42f94034 043937 h /wiki/LinuxInfoTag
2caa3cd.19 42f94030 043937 h /wiki/JuliaMigenes
2caa41a.9e 42f94032 043937 h /wiki/IhBay
2caa4ac.88 42f94034 043937 h /wiki/SrQ
2caa4ae.ff 42f94034 043937 h /wiki/AlphaCentauriMeditation
2caa4b1.41 42f94032 043937 h /wiki/DezentraleFinanzsysteme
2caa4cd.98 42f95918 4b7fce h //rss.rdf
2caa4d6.f4 42f94030 043937 h /wiki/ChristineFuhrmann
2caaa34.35 9fcb4ccf 0cf351 h //robots.txt
2caaaf9.ad 9d3727ad 6a88e8 h /robots.txt
2caaafe.a9 9d372720 6a88e8 h /memo
2caade6.e0 3cbf264e 1066b4 s /current_config/passwd
2caade7.40 3cbf264e 1066b4 s /current_config/Account1
2caae8f.09 a3ac4293 433e9c h /wiki/CitiZen
2caae9b.24 33ff4271 433e9c h /hear/97081cfceb56669ec9060051c108323e
2caaf70.17 b44c0f0a a04d28 h /edit/11076001
2cab229.24 42f94032 043937 h /wiki/AnneWillSingularity
2cab2df.2d 42f9591a 4b7fce h //rss.rdf
2cab3f4.f5 42f94032 043937 h /wiki/FrauMitSchwarzemTop
2cab5b2.d4 8e04d9a2 554020 h /rss.rdf
2cab5b3.1b 8e04d9a2 19508a h /rss.rdf
2cab5dd.ac 42f94034 043937 h /wiki/TcoAg
2cab5ef.d4 42f94032 043937 h /wiki/GruenesTopGanzHinten
2cab74d.27 42f94030 043937 h /wiki/RainerWasserfuhr
2cab7fe.37 42f94030 043937 h /wiki/MenschMaschinenMensch
2cab8ea.ee 42f95919 70a047 h //rss.rdf
2cab9b4.66 42f94032 043937 h /wiki/WikiDrivenDevelopment
2cabb39.04 42f94030 043937 h /wiki/KindVonFrauMitGelbemTop
2cabbc7.e3 a3ac42a9 433e9c h /edit/22446003
2cabcfa.01 42f94030 043937 h /wiki/TechnologicalSingularity
2cabe17.a8 9d372720 6a88e8 h /wiki/AudiVision
2cabe90.c4 42f94032 043937 h /wiki/LinkerKopfUntermRotSchild
2cac010.48 42f94030 043937 h /wiki/RechterKopfUntermRotSchild
2cac0f7.b8 42f95918 4b7fce h //rss.rdf
2cac1d0.a3 42f94034 043937 h /wiki/RainerWasserfuhrDrankBeerWith
2cac27b.08 3cbf264d 1066b4 h /current_config/passwd
2cac27b.62 3cbf264d 1066b4 h /current_config/Account1
2cac35d.18 42f94034 043937 h /hear/d05ac127ec4c3f7f309da71727472ff3
2cac4d0.0b 42f94032 043937 h /wiki/DoTheSimplestThingThatCouldPossiblyWork
2cac4dd.52 175ee52a cf6846 h /
2cac649.cc 904cdb64 18b492 h /robots.txt
2cac658.7c 904cdb64 18b492 h /sitemap.xml
2cac694.e1 42f940b7 043937 s /age
2cac6db.f1 42f94034 043937 h /wiki/DrLohr
2cac731.33 a484a113 433e9c h /edit/30226003
2cac7a0.a4 42f94032 043937 h /wiki/KuhVz
2cac829.56 42f940b3 043937 s /tap
2caca3b.52 42f94034 043937 h /text/
2cacad3.a1 8e04d9a2 554020 h /rss.rdf
2cacad3.ef 8e04d9a2 19508a h /rss.rdf
2cacf11.4c 42f95918 4b7fce h //rss.rdf
2cacfcf.de cf2e0d82 6a88e8 h /wiki/EinSchlag
2cad6ec.90 42f9591a 70a047 h //rss.rdf
2cad784.04 36a61ffc c76db1 s /robots.txt
2cad788.fe 36a61ffc c76db1 s /memo
2cad79c.f2 36a61ffc c76db1 s /age
2cad7b1.2b 36a61ffc c76db1 s /tap
2cad7c4.ad 36a61ffc c76db1 s /
2cad963.ab 42f94030 043937 h /wiki/GeSetz
2cadd22.3a 42f95919 4b7fce h //rss.rdf
2cadd29.b2 54bada20 aa645a h /wiki/MindBrokerDe
2cadead.bf 42f94032 043937 h /wiki/RainerWasserfuhr
2cadfa8.49 33ff427f 433e9c h /wiki/RainerWasserfuhrHasKissed
2cadfac.99 8e04d9a2 554020 h /rss.rdf
2cadfac.e2 8e04d9a2 19508a h /rss.rdf
2cae23b.31 2ea5c58d 028fc4 h //robots.txt
2cae240.0a 2ea5c58d 028fc4 h /
2cae377.7f 42f94032 043937 h /wiki/NebenBuhler
2cae490.77 42f95918 70a047 h //rss.rdf
2cae8ed.9f 4a7d7164 55c2cd h //rss.rdf
2cae9ad.1a c73b96b4 45fe92 s /robots.txt
2cae9ad.3d c73b96b5 45fe92 s /robots.txt
2cae9ad.4f c73b96b4 45fe92 s /age
2cae9ad.85 c73b96b5 45fe92 s /memo
2cae9b4.17 c73b96b7 45fe92 s /age
2caeb26.b4 42f94034 043937 h /wiki/PerSon
2caeb3b.37 42f9591a 4b7fce h //rss.rdf
2caeb73.c8 33ff410d 433e9c h /edit/27356002
2caec84.84 284da72f 6a88e8 h /wiki/SingularityUniversity
2caeeba.1e a3ac41e2 433e9c h /wiki/DeserTec
2caef91.39 9d37279a 6a88e8 h /wiki/SignIn
2caef95.7b cf2e0d8a 6a88e8 h /wiki/MoonOfEarth
2caef95.b0 cf2e0d8a 6a88e8 h /wiki/SloGan
2caf008.53 cf2e0d8a 6a88e8 h /wiki/RainerWasserfuhrCv
2caf533.b1 8e04d9a2 554020 h /rss.rdf
2caf533.f7 8e04d9a2 19508a h /rss.rdf
2caf94f.95 5bdf8511 1ee12d h /
2caf94f.db 5bdf8511 1ee12d h /
2caf957.97 42f9591a 4b7fce h //rss.rdf
2cafa11.09 90d95071 702dd8 h /
2cafcab.8f 44b4e53a aec21f h /robots.txt
2cafcac.4d 44b4e53a aec21f h /wiki/MindPost
2cafd15.39 42f94034 043937 h /wiki/AwSb
