2dd0030.b0 8e04d9a2 554020 h ???????? 003 /rss.rdf
2dd0030.f1 8e04d9a2 19508a h ???????? 001 /rss.rdf
2dd0069.b7 42f94fa2 043937 h ???????? 002 /wiki/MarshallMcLuhan
2dd00a2.80 42f94fa8 043937 h ???????? 03a /
2dd0270.9e 42f94fa8 043937 h ???????? 004 /wiki/BundesKanzler09
2dd02ed.d7 42f94fa2 622963 h ???????? 002 /wiki/RepRap
2dd036a.24 59f786be aa8e47 h ???????? 050 /
2dd03c6.f7 897447aa 74fb1d s ???????? 002 /robots.txt
2dd03d1.89 6bb2c275 71f2b9 s ???????? 008 /put/326464303361322e3032386635637837303537332e3135643564353935203a303435303234207a205a69506f340a326439306633622e6332643065347837303537332e3135643564353935204c204b657554610a326439306265352e3063636363637837303536652e3136336536313339206470203130300a326439303436642e6633623634347837303536642e3130366135303264206470203130300a326439303334302e3132623032307837303536642e313036613530326420686921
2dd03d4.de 6bb2c273 71f2b9 s ???????? 011 /put/326464303361322e3032386635637837303537332e3135643564353935203a303435303234207a205a69506f340a326439306633622e6332643065347837303537332e3135643564353935204c204b657554610a326439306265352e3063636363637837303536652e3136336536313339206470203130300a326439303436642e6633623634347837303536642e3130366135303264206470203130300a326439303334302e3132623032307837303536642e313036613530326420686921
2dd043e.4d 42f94fa6 043937 h ???????? 006 /wiki/CoLearning
2dd0662.aa 42f94fa8 043937 h ???????? 003 /wiki/NicolasSendrier
2dd067b.91 42f94fa8 043937 h ???????? 002 /wiki/SchnittchenBuffet
2dd081a.ad a3ac4127 433e9c h ???????? 002 /edit/21176001
2dd0848.a6 42f94fa6 043937 h ???????? 003 /wiki/DimitrovBruecke
2dd08ea.95 42f94fa4 043937 s ???????? 03b /
2dd090f.6a 480ec753 4b7fce h ???????? 001 //rss.rdf
2dd09e8.03 42f94fa8 043937 h ???????? 004 /wiki/NachsendeAntrag
2dd0ada.57 42f94fa8 043937 h ???????? 003 /wiki/ReName
2dd0bc5.28 42f94fa8 043937 h ???????? 003 /wiki/NorbertAStreitz
2dd0c33.ab 42f94f9c 043937 s ???????? 002 /wiki/SemperViewing
2dd0c6e.46 b44c0f99 fa643b h ???????? 001 /robots.txt
2dd0cc8.44 42f94f9c 043937 s ???????? 002 /wiki/ZiPo4
2dd0cf2.c6 9d372752 6a88e8 h ???????? 001 /robots.txt
2dd0d12.70 9d37273c 6a88e8 h ???????? 002 /wiki/AlphaName
2dd0d6f.94 42f94fa6 043937 h ???????? 002 /wiki/NeustadtZwoNull
2dd0f65.f6 42f94fa2 043937 h ???????? 003 /wiki/AndrewTanenbaum
2dd0f7f.c5 42f94fa0 043937 s ???????? 003 /wiki/MailIsDead
2dd0f8c.65 42f94f9c 043937 s ???????? 001 /edit/53915001
2dd1172.5f 42f94fa2 043937 h ???????? 003 /wiki/ProjectCodeName
2dd128e.eb 9d37273c 6a88e8 h ???????? 003 /wiki/BluePedia
2dd134c.c8 42f94fa8 043937 h ???????? 003 /wiki/PeerAcademy
2dd1460.ba 33ff411a 433e9c h ???????? 003 /wiki/
2dd148e.8c b96e84e8 323110 h ???????? 045 /
2dd14cf.ef ca2e37ab 7bc0a6 h ???????? 039 /
2dd1542.22 8e04d9a2 554020 h ???????? 001 /rss.rdf
2dd1542.67 8e04d9a2 19508a h ???????? 001 /rss.rdf
2dd1555.a6 42f94fa8 043937 h ???????? 003 /wiki/WhatAreYouDoing
2dd1758.ea 42f94fa2 043937 h ???????? 009 /wiki/BradFitzpatrick
2dd17a8.8b 9d37273c 6a88e8 h ???????? 007 /wiki/MindId
2dd192b.12 42f94fa6 043937 h ???????? 002 /wiki/JoshuaSchachter
2dd1a41.b1 9d37273c 6a88e8 h ???????? 003 /wiki/MindId
2dd1a5c.d1 284da719 6a88e8 h ???????? 002 /wiki/ZukunftsLabor
2dd1ab2.bf 59f786be aa8e47 h ???????? 035 /
2dd1b04.c8 6bb2c271 71f2b9 s ???????? 00c /put/326464316164382e3636653937387837303537332e3135643564353935203a3d2622222924220a326439306633622e6332643065347837303537332e3135643564353935204c204b657554610a326439306265352e3063636363637837303536652e3136336536313339206470203130300a326439303436642e6633623634347837303536642e3130366135303264206470203130300a326439303334302e3132623032307837303536642e313036613530326420686921
2dd1b22.9f 6bb2c271 71f2b9 s ???????? 005 /put/326464316164382e3636653937387837303537332e3135643564353935203a303632393432207a207a340a326439306633622e6332643065347837303537332e3135643564353935204c204b657554610a326439306265352e3063636363637837303536652e3136336536313339206470203130300a326439303436642e6633623634347837303536642e3130366135303264206470203130300a326439303334302e3132623032307837303536642e313036613530326420686921
2dd1b3c.3f 42f94fa6 043937 h ???????? 002 /wiki/KatarzynaStapor
2dd1b44.e8 480ec753 4b7fce h ???????? 001 //rss.rdf
2dd1c8b.0c 42f94fa6 043937 h ???????? 003 /wiki/IsLand
2dd1ce3.4b 3ed6bf41 5b35cd s a991d690 036 /
2dd1d09.e6 3ed6bf41 5b35cd s a991d690 04b /
2dd1d1c.4e 42f94f7f 043937 h ???????? 040 /
2dd1d1d.50 42f94f77 043937 h ???????? 03f /
2dd1d61.e6 42f94fa2 043937 h ???????? 005 /wiki/JacquesHerbrand
