2d30077.37 42f95a6d 4b7fce h 001 //rss.rdf
2d30111.e1 42f94156 043937 h 002 /wiki/MatthiasErfurth
2d302b7.9c 42f95a6f 70a047 h 002 //rss.rdf
2d30305.7e 42f9415c 043937 h 002 /wiki/RobertDoorenbos
2d30356.ce cf2e0d36 6a88e8 h 003 /wiki/GraDient
2d3037a.2b 42f94156 043937 h 003 /wiki/WowerMind
2d3037e.88 42f94156 043937 h 003 /wiki/UlrichSchumacher
2d30513.d7 a3ac40df 433e9c h 002 /edit/23176001
2d30576.85 42f9415c 043937 h 002 /wiki/JoshuaSchachter
2d3062f.42 cf2e0d36 6a88e8 h 003 /wiki/GraDient
2d30715.bf 42f94156 043937 h 003 /wiki/TopFivehundred
2d30797.fd 42f9415a 043937 h 002 /wiki/WillowBot
2d307f2.a5 3e9ef5c5 5b35cd s 035 /
2d30830.69 8e04d9a2 554020 h 002 /rss.rdf
2d30830.aa 8e04d9a2 19508a h 001 /rss.rdf
2d30a42.c7 42f94156 043937 h 004 /wiki/KatarzynaStapor
2d30a98.6d 42f9415c 043937 h 002 /wiki/HirnScheisse
2d30ab6.a2 42f94156 043937 h 002 /wiki/HebammenEmpfehlungen
2d30bb5.67 3e9ef5c5 5b35cd s 338 /memo
2d30c8d.31 42f9415a 043937 h 003 /wiki/AlGore
2d30d50.ee a3ac41da 433e9c h 003 /wiki/GcCa
2d30e2c.1e 68944b23 458e86 h 052 /
2d30e7f.d7 42f94156 043937 h 006 /wiki/JoachimNiemeier
2d30e91.c9 42f95a6d 4b7fce h 001 //rss.rdf
2d30f3c.98 42f9415c 043937 h 003 /wiki/SynBio
2d3101e.68 904c2722 c37fd8 h 002 //robots.txt
2d31021.72 904c2722 c37fd8 h 005 //wiki/TopiMierung
2d31027.36 904c2722 c37fd8 h 002 //wiki/UniqueNameAssumption
2d3102c.26 904c2722 c37fd8 h 001 //wiki/UnitedNations
2d31031.44 904c2722 c37fd8 h 002 //wiki/UniversalCoordinatedTime
2d31036.68 904c2722 c37fd8 h 002 //wiki/UniversumBremen
2d3103b.46 904c2722 c37fd8 h 002 //wiki/UnsereMarken
2d31040.24 904c2722 c37fd8 h 002 //wiki/UnsereSorge
2d31045.49 904c2722 c37fd8 h 003 //wiki/WikiText
2d3104b.74 904c2722 c37fd8 h 002 //wiki/WikiTree
2d3104e.6a 904c2722 c37fd8 h 001 /robots.txt
2d31051.70 904c2722 c37fd8 h 001 /rss.jsp
2d31054.8f 904c2722 c37fd8 h 001 /rss.jsp
2d31057.d3 904c2722 c37fd8 h 001 /rss.jsp
2d310ae.8d 42f9415a 043937 h 002 /wiki/WaltherRathenau
2d310ba.d6 42f94161 043937 s 001 /robots.txt
2d310ba.f9 42f94161 043937 s 001 /.well-known/apple-app-site-association
2d3113b.88 cf2e0d86 6a88e8 h 002 /wiki/PayPalMafia
2d312cb.6e 403efca4 b5eaf4 h 002 /robots.txt
2d312cb.9d 403efca4 b5eaf4 h 001 /1
2d312df.10 42f9415c 043937 h 002 /wiki/JuergenAvenhaus
2d31370.bd 17f775e3 458e86 h 029 /
2d31422.10 42f94167 043937 s 002 /wiki/EloMusk
2d314f5.da cf2e0d36 6a88e8 h 002 /wiki/BluePedia
2d3151e.ae 42f9415c 043937 h 002 /wiki/GoogleAnalytics
2d31575.d6 3e9ef5c5 5b35cd s 02b /
2d31577.3c 3e9ef5c5 5b35cd s 001 /favicon.ico
2d31597.20 3e9ef5c5 5b35cd s 02c /
2d31598.88 3e9ef5c5 5b35cd s 001 /favicon.ico
2d316a2.d8 4a7d7120 55c2cd h 001 //rss.rdf
2d3174f.ea 42f9415a 043937 h 003 /wiki/EdwardFeigenbaum
2d31771.58 5d9e983e e4b041 h 001 /robots.txt
2d31775.18 5d9e983e e4b041 h 002 /wiki/BjoernNegelmann
2d317d8.ed 9d3727cb 6a88e8 h 002 /wiki/GraDient
