2d9000d.a1 3e9ef5c5 5b35cd s a991d690 045 /
2d900d3.e7 42f942d5 043937 h ???????? 002 /wiki/MarkMaurer
2d9029a.37 42f942d5 043937 h ???????? 011 /wiki/FeuerBach
2d902ec.70 6bb2c273 71f2b9 s ???????? 007 /put
2d903f2.04 6bb2c273 71f2b9 s ???????? 013 /put
2d90482.1d 42f942d5 043937 h ???????? 007 /wiki/AcCelerate
2d905fb.b1 33ff426a 433e9c h ???????? 003 /wiki/GenSeidenFaden
2d90635.e1 42f942d1 043937 h ???????? 005 /wiki/ConFidence
2d906c0.f1 42f942cd 043937 h ???????? 003 /wiki/HoJo
2d9077c.9e 2ee5a849 2e29b5 h ???????? 008 /wiki/RainerWasserfuhr
2d907f6.ae 3e9ef5c5 5b35cd s a991d690 00a /put/
2d90826.08 42f942d5 043937 h ???????? 003 /wiki/NachHaltig
2d90846.82 42f942df 043937 s ???????? 006 /ls
2d90876.0f 42f942e3 043937 s ???????? 003 /ad
2d90915.b8 6bb2c275 71f2b9 s ???????? 008 /put/
2d90981.87 42f942e7 043937 s ???????? 002 /edit/58445034
2d9098a.4b 42f942df 043937 s ???????? 002 /edit/57715036
2d9098a.9d 42f942df 043937 s ???????? 002 /edit/59295019
2d909a7.c8 4f77b075 9e0fc6 h ???????? 047 /
2d909d4.94 42f942d5 043937 h ???????? 003 /wiki/InspiredBy
2d909d7.ac 6bb2c275 71f2b9 s ???????? 008 /put/326439303436642e663362363434206470203130300a326439303334302e31326230323020686921
2d90a93.bf 42f942df 043937 s ???????? 002 /edit/58435046
2d90a95.87 42f942e3 043937 s ???????? 001 /edit/62075041
2d90a98.96 42f942df 043937 s ???????? 001 /edit/53855034
2d90aa7.f1 42f942df 043937 s ???????? 001 /edit/60105037
2d90ab2.43 42f942e7 043937 s ???????? 001 /edit/58435042
2d90ab9.26 42f942df 043937 s ???????? 001 /edit/64035047
2d90ac0.0b 42f942df 043937 s ???????? 002 /edit/58455042
2d90ac7.1e 42f942df 043937 s ???????? 001 /edit/64075003
2d90ace.6c 42f942df 043937 s ???????? 001 /edit/53865031
2d90ad5.f3 42f942df 043937 s ???????? 001 /edit/57715035
2d90add.aa 42f942df 043937 s ???????? 002 /edit/59315039
2d90ae8.8e 42f942df 043937 s ???????? 001 /edit/59305036
2d90af8.29 42f942df 043937 s ???????? 002 /edit/58435045
2d90b07.78 42f942df 043937 s ???????? 006 /edit/59305038
2d90b16.b6 42f942df 043937 s ???????? 001 /edit/64035046
2d90b26.4e 42f942e3 043937 s ???????? 001 /edit/62095038
2d90b35.4e 42f942e3 043937 s ???????? 002 /edit/59285061
2d90b44.aa 42f942df 043937 s ???????? 001 /edit/58465041
2d90b54.04 42f942df 043937 s ???????? 001 /edit/57715038
2d90b63.af 42f942e7 043937 s ???????? 001 /edit/61085042
2d90b72.c1 42f942df 043937 s ???????? 002 /edit/64075001
2d90b82.4b 42f942df 043937 s ???????? 002 /edit/53855032
2d90b91.e7 42f942df 043937 s ???????? 009 /edit/58435047
2d90ba1.b8 42f942e3 043937 s ???????? 002 /edit/59295046
2d90baa.d0 42f942d1 043937 h ???????? 003 /wiki/WebOfTrust
2d90bb2.16 42f942df 043937 s ???????? 001 /edit/62095039
2d90bc4.d7 42f942df 043937 s ???????? 001 /edit/61095039
2d90bdd.19 42f942e3 043937 s ???????? 002 /edit/58455041
2d90be1.f8 42f942e3 043937 s ???????? 001 /edit/61105044
2d90be3.a3 42f942e3 043937 s ???????? 002 /edit/53855037
2d90be4.cd 42f942e3 043937 s ???????? 001 /edit/8015001
2d90be5.9e 42f942e3 043937 s ???????? 002 /edit/56585033
2d90bfb.80 6bb2c271 71f2b9 s ???????? 007 /put/326439306265352e306363636363206470203130300a326439303436642e663362363434206470203130300a326439303334302e31326230323020686921
2d90bfe.8f b44c0f22 a04d28 h ???????? 0a3 /
2d90c2f.53 3e9ef5c5 d92714 s a991d690 04d /
2d90c2f.bd 3e9ef5c5 d92714 s a991d690 005 /favicon.ico
2d90c3a.3a 8e04d9a2 554020 h ???????? 002 /rss.rdf
2d90c3a.7a 8e04d9a2 19508a h ???????? 001 /rss.rdf
2d90d06.b7 42f942e3 043937 s ???????? 002 /edit/57685036
2d90d0b.43 42f942df 043937 s ???????? 001 /edit/63075042
2d90d0d.14 42f942df 043937 s ???????? 001 /edit/59315040
2d90d3a.1e 42f942cd 043937 h ???????? 003 /wiki/EdBegleyJr
2d90e33.8a 42f942e3 043937 s ???????? 001 /edit/58435048
2d90e35.63 42f942e3 043937 s ???????? 001 /edit/56585034
2d90e37.3f 6bb2c273 71f2b9 s ???????? 017 /put/326439306265352e3063636363637837303536652e3136336536313339206470203130300a326439303436642e6633623634347837303536642e3130366135303264206470203130300a326439303334302e3132623032307837303536642e313036613530326420686921
2d90f04.4a 42f942d1 043937 h ???????? 004 /wiki/TurkNumber
2d90f4f.b6 6bb2c273 71f2b9 s ???????? 009 /put/326439306633622e6332643065347837303537332e3135643564353935204c204b657554610a326439306265352e3063636363637837303536652e3136336536313339206470203130300a326439303436642e6633623634347837303536642e3130366135303264206470203130300a326439303334302e3132623032307837303536642e313036613530326420686921
2d90f56.31 33ff427f 433e9c h ???????? 006 /wiki/RainerWasserfuhrHasKissed
2d90f63.71 42f942e7 043937 s ???????? 002 /edit/63075043
2d91092.09 42f942e3 043937 s ???????? 002 /edit/60105039
2d910fe.63 6bb2c273 71f2b9 s ???????? 007 /put/326439313065342e316432663163783537332e31356435207a2068310a326439306633622e633264306534783537332e313564356435204c204b657554610a326439306265352e306363636363783536652e313633653631206470203130300a326439303436642e663362363434783536642e313036613530206470203130300a326439303334302e313262303230783536642e31303661353020686921
2d9116d.0f 42f942d1 043937 h ???????? 003 /wiki/IsExternal
2d911a6.08 42f942e7 043937 s ???????? 003 /edit/60105040
2d911b8.e7 42f942df 043937 s ???????? 001 /edit/56585035
2d911b9.a4 42f942df 043937 s ???????? 002 /edit/59315041
2d912e8.e4 42f942e3 043937 s ???????? 002 /edit/53835036
2d912e9.e1 42f942df 043937 s ???????? 003 /edit/63075044
2d91319.29 426608ca 70a047 h ???????? 002 //rss.rdf
2d9133c.10 42f942d5 043937 h ???????? 00a /wiki/TechCrunch
2d91361.08 6bb2c273 71f2b9 s ???????? 018 /put/326439313335362e303565333534783537332e31356435207a2068310a326439306633622e633264306534783537332e313564356435204c204b657554610a326439306265352e306363636363783536652e313633653631206470203130300a326439303436642e663362363434783536642e313036613530206470203130300a326439303334302e313262303230783536642e31303661353020686921
