2d40049.a4 2ee5a466 2e29b5 h 002 /robots.txt
2d400b9.4e 42f942d1 043937 h 002 /wiki/KeineWerbungGesetzDebatte
2d40211.ce d4e1e23e dc1a18 h 03b /
2d40212.11 d4e1e23e dc1a18 h 002 //https://sl4.eu/age
2d40212.3c d4e1e23e dc1a18 h 001 //https://sl4.eu/math
2d40212.64 d4e1e23e dc1a18 h 001 //https://sl4.eu/memo
2d40212.8d d4e1e23e dc1a18 h 001 //https://sl4.eu/phim
2d40212.b7 d4e1e23e dc1a18 h 000 //https://sl4.eu/tap
2d40212.df d4e1e23e dc1a18 h 001 //https://upload.wikimedia.org/wikipedia/commons/thumb
2d402f6.dd 42f942cd 043937 h 03a /
2d404e1.a7 42f942d1 043937 h 002 /UserPreferences.jsp
2d40512.4f 33ff427e 433e9c h 001 /edit
2d40522.8b 42f942d5 043937 h 002 /wiki/TagSchwanzLaengenVergleich
2d40547.49 8e04d9a2 554020 h 009 /rss.rdf
2d40547.88 8e04d9a2 19508a h 001 /rss.rdf
2d405d8.40 51c64766 37a923 h 03e /
2d40635.ec 42f942d1 043937 h 000 /Edit.jsp
2d406da.de 42f942d1 043937 h 001 /system/robots.txt
2d40735.45 42f942d1 043937 h 003 /wiki/CarlFriedrichVonWeizsaecker
2d407e6.98 42f942cd 043937 h 002 /wiki/JurBit
2d40823.7a c73b96b6 45fe92 s 001 /robots.txt
2d40823.95 c73b96b4 45fe92 s 001 /robots.txt
2d40823.c5 c73b96b4 45fe92 s 13c /nob
2d40823.a6 c73b96b6 45fe92 s 15c1 /age
2d40844.40 42f942d1 043937 h 002 /t/robots.txt
2d408b9.3b 42f942d1 622963 h 002 /system
2d4090e.b2 42f942cd 043937 h 002 /wiki/FreudeSchoenerGoetterfunken
2d40965.d4 42f942d1 043937 h 002 /wiki/SingularityUniversity
2d409ba.b5 c73b96b7 45fe92 h 002 /robots.txt
2d409ba.e3 c73b96b7 45fe92 h 003 //wiki/DasNetz
2d40aa5.a5 42f942d1 622963 h 002 /t
2d40acb.11 42f942cd 043937 h 002 /film/robots.txt
2d40b0e.6b 42f942cd 043937 h 001 /wiki/ChiefTaktstockschwingOfficer
2d40b78.f0 42f942cd 043937 h 001 /earth/robots.txt
2d40b8c.72 42f942cd 622963 h 001 /go
2d40ba6.b0 a3ac42b1 433e9c h 001 /edit/31096001
2d40c36.91 c73b96b6 45fe92 h 002 /robots.txt
2d40c36.c6 c73b96b6 45fe92 h 032 /
2d40c6e.28 42f942d5 622963 h 002 /film
2d40c7a.71 42f95cc7 4b7fce h 001 //rss.rdf
2d40d3b.3a 42f942d5 043937 h 003 /wiki/CalculationsPerSecondPerDollar
2d40e37.4c 42f942d5 043937 h 002 /base/robots.txt
2d40eb7.6b 365b2cdb 0bc284 s 042 /
2d40fb5.ba 42f942d5 043937 h 003 /wiki/TheSourceCodeIsTheSpecification
2d412bc.47 42f942d1 043937 h 002 //robots.txt
2d413d8.d1 c73b96b6 45fe92 h 002 /robots.txt
2d413d9.0d c73b96b6 45fe92 h 004 //wiki/DasNetz
2d413d9.60 c73b96b4 45fe92 s 001 /robots.txt
2d413d9.72 c73b96b4 45fe92 s 001 /robots.txt
2d413d9.8b c73b96b4 45fe92 s 114 /nob
2d413d9.a2 c73b96b4 45fe92 s 4ab /memo
2d41543.17 17f7484a 458e86 h 034 /
2d4162c.36 a3ac420d 433e9c h 002 /edit/30866001
2d41791.95 cf2e0dd6 6a88e8 h 001 //robots.txt
2d419a9.9d 42f942d1 043937 h 003 /wiki/ErFahr
2d41a30.cc 8e04d9a2 554020 h 001 /rss.rdf
2d41a31.08 8e04d9a2 19508a h 001 /rss.rdf
2d41a59.ac 42f942cd 622963 h 001 /earth
2d41a93.8b 42f95ccb 4b7fce h 002 //rss.rdf
2d41b6e.de 33ff412d 433e9c h 003 /wiki/CoOrpheum
2d41cc1.da b44c0f13 a04d28 s 14644 /tap
2d41db9.52 33ff426a 433e9c h 002 /wiki/GenSeidenFaden
2d41e46.9c 2ee5a466 2e29b5 h 001 /robots.txt
2d4202d.42 aa00ec67 bf956c h 006 /webdav/
2d42070.6b 42f95ccb 70a047 h 001 //rss.rdf
2d423d3.c1 9d372736 6a88e8 h 008 /wiki/KabiNett
2d42516.39 c73b96b7 45fe92 s 001 /robots.txt
2d42516.fe a484a15c 433e9c h 008 /wiki/XiNao
2d42516.66 c73b96b7 45fe92 s 12ec /age
2d425a5.ab 2ea5c58d 028fc4 h 002 //robots.txt
2d425ad.35 2ea5c58d 028fc4 h 035 /
2d425ad.72 25097ac9 e4b041 h 001 /robots.txt
2d425b1.5a 25097ac9 e4b041 h 002 /wiki/WoZu
2d42645.0b 33ff427c 433e9c h 003 /wiki/SchickSaal
2d4267e.fb 42f942d5 622963 h 001 /base
2d42786.c1 7bf947ea 0805c1 h 037 /
2d428ad.f9 42f95ccb 4b7fce h 001 //rss.rdf
2d42a9e.b1 59cc8b84 d92714 s 033 /
2d42aa0.f4 59cc8b84 d92714 s 001 /favicon.ico
2d42b6c.99 42f942cd 043937 h 001 /edit/505001
2d42f43.0e 8e04d9a2 554020 h 009 /rss.rdf
2d42f43.4d 8e04d9a2 19508a h 001 /rss.rdf
2d42fe3.b2 42f942d1 622963 h 006 /t
2d4307c.22 42f95ccb 70a047 h 001 //rss.rdf
2d430c5.b2 5d9e983b e4b041 h 008 /wiki/HasTalked
2d430c7.f8 a3ac4231 433e9c h 000 /edit/22456006
2d431d8.4a 5f6cb308 e4b041 h 002 /wiki/RichtigerMensch
2d431db.8e b29abd15 e4b041 h 002 /wiki/GennadyDobrov
2d4326e.30 25097ac9 e4b041 h 006 /robots.txt
2d43272.16 25097ac9 e4b041 h 002 /wiki/CommunityWikiBank
2d4327d.8d 9d372779 6a88e8 h 004 /robots.txt
2d4327d.f0 9d372736 6a88e8 h 002 /wiki/EvanEhrenberg
2d432c9.4f 5d9e983e e4b041 h 001 /robots.txt
2d432cd.34 5d9e983e e4b041 h 002 /wiki/XingGroup
2d432d1.3a 8d088e0f e4b041 h 002 /wiki/BoardSize
2d43383.99 5f6cb30f e4b041 h 002 /wiki/WebCasts
2d433d7.d4 b29ac825 e4b041 h 002 /wiki/SwissRe
2d433db.be 8d088e26 e4b041 h 003 /wiki/ElPerroBorracho
2d433df.6a 5f6cd508 e4b041 h 002 /wiki/CamelCaseGod
2d433f5.93 42f942d5 622963 h 02a /
2d43432.0c 5d9e984f e4b041 h 002 /wiki/TwittEr
2d435b6.e2 b29ac802 e4b041 h 003 /wiki/EinTritt
2d43617.d0 33ff427c 433e9c h 003 /wiki/KommuneZwei
2d4362e.e5 8d088419 e4b041 h 002 /wiki/SwOt
2d43668.3a b29a9501 e4b041 h 002 /wiki/LockNutzen
2d436c0.fd 8d088427 e4b041 h 001 /wiki/GordonMoore
2d436c7.fe 42f95ccb 4b7fce h 001 //rss.rdf
2d436ce.04 a3ac4264 433e9c h 001 /edit/22176003
2d437b4.52 8d088e2a e4b041 h 002 /wiki/GlaesernMensch
2d437b7.f0 8d08b701 e4b041 h 002 /wiki/JohnBrockmann
2d437bb.77 8d088e61 e4b041 h 001 /wiki/PerlNomic
2d437be.f3 5d9e983e e4b041 h 001 /wiki/AugustOetker
2d437c2.55 5d9e983e e4b041 h 002 /wiki/AnkeSchlorke
2d437d0.fd 5d9e983e e4b041 h 003 /wiki/LeiderVerhindert
2d438a4.82 5d9e983e e4b041 h 002 /wiki/IjGood
2d438a7.d1 5d9e983e e4b041 h 002 /wiki/SocialObject
2d438ab.35 8d088e9a e4b041 h 002 /wiki/UpLoad
2d43922.fb be81189a bf956c h 005 /webdav/
2d43ae9.ec 9d37279c 6a88e8 h 002 /wiki/LastWill
2d43be3.ea 284da725 6a88e8 h 003 /wiki/PredictionMarket
2d43d51.02 42f942d1 043937 h 002 /wiki/MindIp
2d44004.ae 3e9ef5c5 5b35cd s 15049 /tap
2d4405e.37 b29a9501 e4b041 h 006 /wiki/PresterJohn
2d44061.9c 5d9e983e e4b041 h 001 /wiki/DrehenUndTreten
2d44064.ba 5d9e983e e4b041 h 003 /wiki/CalendarYear
2d44067.ff 5d9e983e e4b041 h 001 /wiki/SchiedsRichter
2d4406b.31 8d088ea4 e4b041 h 002 /wiki/WeAreWhatWeRepeatedlyDo
2d4406e.66 05fffd1f e4b041 h 004 /wiki/NamedEntity
2d44071.8a 8d088448 e4b041 h 001 /wiki/FileSharing
2d44074.9e 5d9e983e e4b041 h 001 /wiki/TractatusLogico
2d44077.cb 5d9e983e e4b041 h 001 /wiki/SemanticWiki
2d4407a.d7 5d9e983e e4b041 h 002 /wiki/PhilVSassen
2d4407d.f0 5d9e983e e4b041 h 002 /wiki/CouKa
2d440b1.61 5d9e983e e4b041 h 002 /wiki/ViAf
2d440b6.e9 5d9e983e e4b041 h 002 /wiki/AugustusBruecke
2d440fa.47 3e9ef5c5 5b35cd s 046 /
2d44101.b8 3e9ef5c5 5b35cd s 138e /age
2d4414e.20 5d9e983e e4b041 h 002 /wiki/KindEinsNull
2d4420a.64 42f942cd 043937 h 003 /wiki/TheSingularity
2d4442a.f8 a484a121 433e9c h 001 /edit/21376003
2d44467.7a 8e04d9a2 554020 h 001 /rss.rdf
2d44467.b7 8e04d9a2 19508a h 000 /rss.rdf
2d444e1.b3 42f95cc7 4b7fce h 001 //rss.rdf
2d44680.ed a484a140 433e9c h 003 /wiki/SemperBase
2d44848.a3 33ff4271 433e9c h 002 /hear/97081cfceb56669ec9060051c108323e
2d4484d.53 9d3727bb 6a88e8 h 029 /
2d4491b.fe 22cd3fd6 eaecd7 h 02e /
2d449cf.2c 42f95ccb 70a047 h 002 //rss.rdf
2d44bdc.fc 5d9e983e e4b041 h 002 /wiki/MensoMercado
2d44c38.50 5d9e983e e4b041 h 002 /wiki/UnusedPages
2d44ccc.ec 5d9e983e e4b041 h 002 /wiki/DevilsKitchen
2d44e04.60 cf2e0da5 6a88e8 h 002 /robots.txt
2d44e09.54 9d37279c 6a88e8 h 02c /
2d44e24.36 5d9e983e e4b041 h 002 /wiki/LockSchuppenTippingPoint
2d44ef2.fe 42f942d1 043937 h 004 /wiki/UnSamt
2d44f0a.e0 5d9e983e e4b041 h 002 /wiki/StadtGreiz
2d4501a.b5 42f942d5 043937 h 001 /Edit.jsp
2d45244.f3 b44c0f97 a04d28 h 001 /edit/10206001
2d452fb.c0 42f95cc9 4b7fce h 001 //rss.rdf
2d4540d.d1 a3ac41d7 433e9c h 002 /edit/22526001
2d45418.80 05c45716 433e9c h 001 /robots.txt
2d45677.b0 42f942cd 043937 h 003 /wiki/SeMi
2d457cc.d2 33ff413f 433e9c h 002 /edit/25146003
2d457ff.69 284da725 6a88e8 h 003 /wiki/ChrisHeward
2d4593b.64 42f942cd 043937 h 009 /wiki/LaNu
2d45974.43 5d9e983e e4b041 h 002 /wiki/AMeW7Ax
2d45990.5e 5d9e983e e4b041 h 006 /wiki/BaustelMontag
2d459da.d4 8e04d9a2 554020 h 001 /rss.rdf
2d459db.0f 8e04d9a2 19508a h 004 /rss.rdf
2d45a05.52 5d9e983e e4b041 h 001 /wiki/SolarPanel
2d45a14.e2 b44c0f89 a04d28 h 001 /edit/4926001
2d45a1e.92 c8e9cac1 7d46a5 s 002 /admin/config.php
2d45b6c.ef 42f942cd 043937 h 002 /wiki/RaWa
2d45bce.12 5d9e983e e4b041 h 002 /wiki/PreLockAction
2d45bd0.c2 5d9e983e e4b041 h 001 /edit/31336001
2d45c45.3d 5d9e983e e4b041 h 003 /wiki/HalteStelle
2d45ce6.04 284da729 6a88e8 h 002 /wiki/RaWa
2d45d47.81 42f942d1 043937 h 002 /wiki/XiNg
2d45de4.79 42f942cd 043937 h 002 /wiki/LadyUnger
2d45f68.08 42f942d5 043937 h 002 /wiki/AsAp
2d45f8e.3c 5d9e983e e4b041 h 009 /edit/25756001
2d460b5.a4 42f942d5 043937 h 002 /wiki/DeBeKa
2d46115.2c 42f95cc9 4b7fce h 00a //rss.rdf
2d46179.0f 3e9ef5c5 5b35cd s 02c /
2d46184.33 42f942d5 043937 h 001 /wiki/AaAc
2d461e4.dc b44c0f14 a04d28 h 001 /t
2d461f3.f9 9d372736 6a88e8 h 002 /wiki/TanyaJones
2d46209.b6 42f9583d 002725 h 001 /favicon.ico
2d46363.87 42f942d1 043937 h 002 /wiki/DiVa
2d4638c.73 a484a152 433e9c h 001 /edit/22266003
2d4640c.e0 a3ac41cb 433e9c h 001 /edit/24316001
2d46570.ef 42f942d1 043937 h 002 /wiki/ZzZz
2d46725.54 3e9ef5c5 5b35cd s 035 /
2d46792.0d 42f942d1 043937 h 002 /wiki/GiEr
2d46835.db 5d9e983e e4b041 h 002 /wiki/LeanBachelor
2d46965.c2 5d9e983e e4b041 h 002 /wiki/FaceBookId
2d469fa.d7 42f942d1 043937 h 003 /wiki/AlFi
2d46a73.4c 5d9e983e e4b041 h 002 /wiki/WikiEntwicklungsPlan
2d46aaf.22 5d9e983e e4b041 h 003 /wiki/LifeWiki
2d46ab1.aa 5d9e983e e4b041 h 002 /wiki/DeBug
2d46c16.8e 5d9e983e e4b041 h 002 /wiki/IAsTHzAB
2d46c89.e7 42f940cd 043937 h 003 /wiki/AaAz
2d46ce4.77 5d9e983e e4b041 h 003 /wiki/AroniaBeet
2d46d42.e1 5d9e983e e4b041 h 002 /wiki/DcCreator
2d46e16.13 5d9e983e e4b041 h 003 /wiki/AdamWeishaupt
2d46e34.a6 5d9e983e e4b041 h 001 /edit
2d46e4f.7a 5d9e983e e4b041 h 001 /wiki/ServiceProvider
2d46ec7.0b 42f940d5 043937 h 003 /wiki/DbLp
2d46ef0.39 8e04d9a2 554020 h 002 /rss.rdf
2d46ef0.77 8e04d9a2 19508a h 001 /rss.rdf
2d46f2f.b6 42f959c7 4b7fce h 001 //rss.rdf
2d470de.14 42f940cd 043937 h 002 /wiki/SiMa
2d470e0.b0 42f959c9 70a047 h 001 //rss.rdf
2d47193.9b d8f442f0 2e51d1 h 001 //robots.txt
2d47278.9e 42f940cd 043937 h 003 /wiki/UsbTwo
2d472df.95 d8f442e6 2e51d1 h 001 //robots.txt
2d47311.77 42f940d5 043937 h 002 /wiki/YaCy
2d47470.e5 3e9ef5c5 5b35cd s 034 /
2d47522.e1 42f940cd 043937 h 002 /wiki/EtAl
2d475ad.9e 33ff426a 433e9c h 003 /wiki/GenSeidenFaden
2d47768.60 cf2e0d14 6a88e8 h 001 /robots.txt
2d4776d.ba 9d3727bf 6a88e8 h 001 /robots.txt
2d477a7.80 d9acbd49 684fde h 001 /robots.txt
2d477a8.7b d9acbd49 684fde h 000 /robots.txt
2d477ae.0c d9acbd49 684fde h 001 /favicon.ico
2d47876.33 33ff427f 433e9c h 002 /wiki/RainerWasserfuhrHasKissed
2d479af.d6 42f940cd 043937 h 002 /wiki/LpE
2d47a26.f8 5d9e983e e4b041 h 002 /wiki/MarshallMcLuhan
2d47a29.6d 5d9e983e e4b041 h 002 /wiki/GlazingAresFraction
2d47a2b.eb 5d9e983e e4b041 h 002 /wiki/VorStufe
2d47a5f.04 5d9e983e e4b041 h 001 /wiki/ReverseChronological
2d47a61.6d 5d9e983e e4b041 h 002 /wiki/MichaelSimpson
2d47a75.ae 44b4e53a aec21f h 001 /robots.txt
2d47a76.47 44b4e53a aec21f h 000 /up
2d47bb8.95 42f940d1 043937 h 002 /wiki/BfA
2d47c16.71 42f940cd 622963 h 002 //wiki/LockFutureSax
2d47cf8.a7 5d9e983e e4b041 h 002 /wiki/GreenLounge
2d47cfb.1c 5d9e983e e4b041 h 001 /edit/1916002
2d47cfd.7d 5d9e983e e4b041 h 001 /wiki/OrderedBy
2d47cff.e2 5d9e983e e4b041 h 002 /wiki/SpaceFleet
2d47d3f.c7 42f959c7 4b7fce h 001 //rss.rdf
2d47da9.83 42f940d1 043937 h 003 /wiki/IsA
2d47eea.c9 cf2e0d70 6a88e8 h 003 /wiki/ForEx
2d47f92.d1 42f940d5 043937 h 002 /wiki/AaAa
2d48152.1c 42f940d1 043937 h 003 /wiki/MaDz
2d48190.bb 44b4e53a aec21f h 009 /cam
2d4819c.d6 4e2e2319 7dfab1 h 001 //rss.jsp
2d4819c.e2 4e2e2319 7dfab1 h 004 //rss.jsp
2d48293.cf c7109db7 45fe92 s 002 /robots.txt
2d48293.ee c7109db7 45fe92 s 089 /nob
2d4833c.b6 42f940cd 043937 h 003 /wiki/BiBi
2d48406.f4 8e04d9a2 554020 h 002 /rss.rdf
2d48407.32 8e04d9a2 19508a h 001 /rss.rdf
2d4843b.93 42f940cd 043937 h 002 /wiki/AlGore
2d48520.df 42f940d1 043937 h 002 /wiki/AaBb
2d485d4.b9 5d9e983e e4b041 h 004 /wiki/LockSchuppenFutureSax2009
2d485d7.06 5d9e983e e4b041 h 002 /wiki/PennAndTeller
2d485d9.5c 5d9e983e e4b041 h 001 /wiki/WorldDominance
2d485db.ce 5d9e983e e4b041 h 002 /wiki/SelfModification
2d4872d.81 42f940d1 043937 h 002 /wiki/AaBc
2d487e6.2e 8ac56f2d 26a8d5 h 038 /
2d4889a.c7 bc285186 7dfab1 h 001 //rss.jsp
2d4889a.da bc285186 7dfab1 h 002 //rss.jsp
2d488a2.4e bc285186 7dfab1 h 001 //rss.jsp
2d488a2.5b bc285186 7dfab1 h 001 //rss.jsp
2d488c8.cb 5d9e983e e4b041 h 002 /wiki/EinNahme
2d488cb.13 5d9e983e e4b041 h 006 /wiki/SecondMind
2d488cd.5d 5d9e983e e4b041 h 002 /wiki/LockRebe
2d488cf.ab 5d9e983e e4b041 h 001 /wiki/TagCloud
2d4893c.81 42f941d8 043937 h 002 /wiki/InUk
2d48a7a.6b 284da729 6a88e8 h 00e /SingularChess
2d48b19.55 42f940d5 043937 h 002 /wiki/NaDa
2d48b59.91 42f959c9 4b7fce h 009 //rss.rdf
2d48bdf.99 42f940cd 043937 h 004 /wiki/NorbertPeters
2d48c02.1f 42f940cd 043937 h 00a /wiki/KatharinaHaas
2d48c3d.12 42f940d5 043937 h 002 /wiki/CarlosGebauer
2d48c72.3f 42f940d5 043937 h 002 /wiki/StefanNeurohr
2d48cab.e9 42f940d5 043937 h 002 /wiki/DirkWieghardt
2d48cec.3c 42f940d1 043937 h 002 /wiki/MartinCarrier
2d48d60.26 42f940d1 043937 h 002 /wiki/AntonHuber
2d48d64.00 42f940cd 043937 h 002 /wiki/AmDe
2d48d67.8e 42f940d1 043937 h 003 /wiki/KarlRieker
2d48d67.f7 42f940cd 043937 h 002 /wiki/CarlSchall
2d48d6a.76 42f940d1 043937 h 002 /wiki/CarlGraebe
2d48d6a.e0 42f940cd 043937 h 001 /wiki/HermannOst
2d48d6b.55 42f940d1 043937 h 00a /wiki/RudolfBuff
2d48d6b.c8 42f940cd 043937 h 00a /wiki/RobertKlee
2d48d6e.57 42f940cd 043937 h 007 /wiki/OttoStobbe
2d48d6b.1c 3e9ef5c5 5b35cd s 1500 /age
2d48d70.e5 42f940cd 043937 h 002 /wiki/HansStumme
2d48d74.4f 42f940cd 043937 h 001 /wiki/OttoSteche
2d48d82.1e 42f940cd 043937 h 002 /wiki/NetScape
2d48f76.64 33ff427c 433e9c h 002 /wiki/KommuneZwei
2d48f9a.23 c73b96b6 45fe92 h 001 /robots.txt
2d48f9a.4f c73b96b6 45fe92 h 001 //wiki/DasNetz
2d48f9a.65 c73b96b6 45fe92 s 001 /robots.txt
2d48f9a.90 c73b96b6 45fe92 s 2de /memo
2d48fa2.8e 42f940d5 043937 h 002 /wiki/AaBa
2d48fcd.cf a3ac424a 433e9c h 001 /NooSphere
2d4902b.2d 5d9e983e e4b041 h 001 /wiki/MacBookUnibody
2d49088.52 5d9e983e e4b041 h 002 /edit/32866001
2d490bb.3f 9d372736 6a88e8 h 003 /wiki/AtomicClock
2d490d0.74 cf2e0dc8 6a88e8 s 001 /robots.txt
2d490d3.0c 284da729 6a88e8 s 02a /
2d490f1.97 5d9e983e e4b041 h 002 /wiki/AbendEssen
2d49118.9f 5d9e983e e4b041 h 001 /wiki/CreditCard
2d4913d.65 5d9e983e e4b041 h 001 /wiki/LaRochefoucauld
2d491d4.6f 5d9e983e e4b041 h 002 /wiki/FutureNumber10
2d491d5.41 5d9e983e e4b041 h 002 /wiki/UserPage
2d491d7.08 42f940cd 043937 h 002 /wiki/ZeBu
2d492fe.9f 5d9e983e e4b041 h 003 /wiki/MinisTer
2d49300.b2 5d9e983e e4b041 h 002 /wiki/PieschenBank
2d4936e.08 bca5cebc 61fc10 h 044 /
2d493d3.6d 42f940d1 043937 h 002 /wiki/ApMl
2d4948c.90 a484a15c 433e9c h 001 /edit/24706001
2d49536.bc a3ac4171 433e9c h 002 /wiki/AiMachine
2d49593.8a 42f940d5 043937 h 002 /wiki/NuIt
2d495fe.93 42f940cd 043937 h 002 /wiki/AiGore
2d49643.f1 5d9e983e e4b041 h 002 /wiki/RainerWasserfuhr
2d49646.0a 5d9e983e e4b041 h 002 /wiki/TranslatedInto
2d49790.c8 42f940cd 043937 h 003 /wiki/AaAb
2d49878.09 c0632e59 c40cd6 h 03c /
2d49878.79 c0632e59 e8f7bd h 035 /
2d498b6.9b 42f959cb 70a047 h 001 //rss.rdf
2d498d7.27 8e04d9a2 554020 h 001 /rss.rdf
2d498d7.66 8e04d9a2 19508a h 002 /rss.rdf
2d49973.7b 42f959c7 4b7fce h 00d //rss.rdf
2d499fe.2e 42f940cd 043937 h 003 /wiki/CsRb
2d49a3f.03 c73b96b6 45fe92 s 001 /robots.txt
2d49a3f.0e c73b96b4 45fe92 h 001 /robots.txt
2d49a3f.3d c73b96b4 45fe92 h 000 /BlockTime
2d49a3f.2f c73b96b6 45fe92 s 1563 /age
2d49bdd.b2 42f940cd 043937 h 003 /wiki/EuRo
2d49da4.86 42f940d1 043937 h 003 /wiki/BdSm
2d49e95.9b 5d9e983e e4b041 h 003 /wiki/RoadRunner
2d49e97.b1 5d9e983e e4b041 h 002 /wiki/ThesenGegenZensur
2d49f85.0b 5d9e983e e4b041 h 003 /wiki/AtomicNumber
2d49f87.15 5d9e983e e4b041 h 002 /wiki/InVent
2d49f89.33 5d9e983e e4b041 h 002 /wiki/GregoryBateson
2d49f90.4e 42f940d5 043937 h 002 /wiki/NaNa
2d49fda.62 c7109db6 45fe92 h 001 /robots.txt
2d49fda.80 c7109db6 45fe92 h 001 /WikiWall
2d49fef.76 33ff427c 433e9c h 001 /wiki/SchickSaal
2d4a10c.3e 5d9e983e e4b041 h 003 /wiki/SchatzKiste
2d4a13f.0e 42f940d1 043937 h 002 /wiki/UmTs
2d4a148.29 5d9e983e e4b041 h 003 /wiki/KuhBig
2d4a14a.27 5d9e983e e4b041 h 002 /wiki/NeuBuerger
2d4a181.ea 5d9e983e e4b041 h 002 /wiki/MiniMaria
2d4a30b.fd 8ac560f7 96abfb h 034 /
2d4a319.74 8ac560f7 180050 h 001 /robots.txt
2d4a32d.70 42f940d5 043937 h 002 /wiki/OsEx
2d4a528.d1 42f940cd 043937 h 003 /wiki/LebensLauf
2d4a6c6.a1 42f940d1 043937 h 003 /wiki/QrCode
2d4a768.a2 cf2e0dd1 6a88e8 h 00e /robots.txt
2d4a78d.7d 42f959cb 4b7fce h 002 //rss.rdf
2d4a7c1.93 42f940cd 043937 h 003 /wiki/LadyHo
2d4a8b6.61 42f940d1 043937 h 004 /wiki/LongBetOne
2d4aa64.66 4a7d7123 55c2cd h 00d //rss.rdf
2d4aa71.e5 42f940cd 043937 h 005 /wiki/JackDorsey
2d4aa77.8d 33ff427e 433e9c h 007 /edit
2d4aaed.ca 32031e7a 1c75e1 h 001 //rss.rdf
2d4ab0d.6f 42f959cb 70a047 h 00a /rss.rdf
2d4ad02.66 5d9e983e e4b041 h 001 /robots.txt
2d4ad06.56 5d9e983e e4b041 h 017 /wiki/SemiconductorIndustryAssociation
2d4ad9b.f9 8d088e0f e4b041 h 003 /wiki/RuprechtFrieling
2d4adb9.54 5f6cb30f e4b041 h 003 /wiki/CitiZen
2d4add5.f8 b29ac825 e4b041 h 002 /wiki/KalenderMonat
2d4ae25.6a 8e04d9a2 554020 h 001 /rss.rdf
2d4ae25.a8 8e04d9a2 19508a h 002 /rss.rdf
2d4ae6a.fe 05fffd3a e4b041 h 004 /wiki/KurzWeil
2d4aee2.cb 5f6cd508 e4b041 h 002 /edit/9766001
2d4af95.31 b29ac825 e4b041 h 003 /wiki/DingAnSich
2d4b377.5c 2e691f1e fee6c8 h 03c /
2d4b407.10 cf2e0d70 6a88e8 h 04c /
2d4b442.6d cf2e0d70 6a88e8 h 001 /AlphaDay
2d4b598.e1 bc285186 7dfab1 h 002 //rss.jsp
2d4b598.f7 bc285186 7dfab1 h 002 //rss.jsp
2d4b5a7.64 42f959c7 4b7fce h 001 //rss.rdf
2d4b5c1.42 bc285186 7dfab1 h 001 //rss.jsp
2d4b5c1.4f bc285186 7dfab1 h 001 //rss.jsp
2d4b5da.9b 68cf96b1 6caff8 h 045 /
2d4b74e.3e 42f940cd 043937 h 003 /wiki/NoRo
2d4b8b1.2d 5d9e983e e4b041 h 059 /
2d4b991.89 42f940d1 043937 h 003 /wiki/AbSurd
2d4b9b5.19 42f940cd 043937 h 006 /wiki/SoRo
2d4b9a2.19 3e9ef5c5 5b35cd s adbb /tap
2d4bb7b.9f 42f940d5 043937 h 003 /wiki/InWx
2d4bbd3.06 a3ac4191 433e9c h 001 /edit/23676001
2d4bd27.8e 42f940cd 043937 h 003 /wiki/BeTa
2d4beed.10 42f940d1 043937 h 003 /wiki/BaiY
2d4c0a8.ea 42f940d5 043937 h 00a /wiki/EmEr
2d4c085.f3 b44c0f99 a04d28 s a298 /tap
2d4c0ff.be 42f959c7 70a047 h 001 //rss.rdf
2d4c13f.1f 42f940cd 622963 h 03e /
2d4c297.89 42f940d1 043937 h 004 /wiki/EoTi
2d4c326.65 8e04d9a2 554020 h 001 /rss.rdf
2d4c326.a3 8e04d9a2 19508a h 001 /rss.rdf
2d4c3c1.77 42f959cb 4b7fce h 002 //rss.rdf
2d4c460.bc 42f940d5 043937 h 002 /wiki/OtNa
2d4c651.81 42f940d5 043937 h 003 /wiki/FlKl
2d4c690.70 a484a14b 433e9c h 001 /coPlatte_4845.jpg
2d4c7f8.6a 5d9e983e d875cd h 001 /edit/32866001
2d4c828.bd 42f940d5 043937 h 003 /wiki/MeMe
2d4c95b.dc 33ff414d 433e9c h 002 /edit/23776001
2d4c9ec.0f 42f94c88 043937 h 003 /wiki/EnDe
2d4cb47.fb 42f942d1 043937 h 001 /edit/253001
2d4cbc0.ec 42f94c86 043937 h 002 /wiki/DiFer
2d4cc3c.ad a3ac4104 433e9c h 002 /edit/26456007
2d4cd74.45 42f94c8a 043937 h 002 /wiki/DuBai
2d4cf50.a2 42f94c86 043937 h 003 /wiki/RegEx
2d4d105.12 42f942d5 043937 h 003 /wiki/KeR5i
2d4d1a3.ad 3ed4449c bb5f6a h 03d /
2d4d1db.60 42f95cc7 4b7fce h 002 //rss.rdf
