2d86a48.ea 3e9ef5c5 5b35cd s 0f1 /
2d86a4b.e6 42f95989 70a047 h 00d //rss.rdf
2d86b31.0b 42f9404d 043937 h 009 /robots.txt
2d86c47.14 365ccd0d eaecd7 h 0ef /
2d86cc9.ff 403efca4 b5eaf4 h 002 /robots.txt
2d86cca.3a 403efca4 b5eaf4 h 004 /feed
2d86cda.dd 403efca4 b5eaf4 h 00c /love/1e
2d86ce6.07 42f94056 043937 h 00f /wiki/JohnSmith
2d86d81.c3 c063908c bf956c h 002 /webdav/
2d86da8.e5 ca2e3727 7bc0a6 h 0b1 /
2d86ea8.fb 42f94052 043937 h 00d /wiki/PatenLand
2d86f64.7c 4e2e2319 7dfab1 h 003 //rss.jsp
2d86f64.95 4e2e2319 7dfab1 h 00b //rss.jsp
2d87062.d1 42f9404d 043937 h 003 /wiki/TotesHolz
2d8713a.04 42f9404d 043937 h 00e /wiki/KonstantinBreu
2d87140.7c 42f9404d 043937 h 007 /wiki/WkChan
2d87146.72 42f9404d 043937 h 009 /wiki/JieHan
2d8714b.87 42f9404d 043937 h 004 /wiki/GangWu
2d87150.96 42f94060 043937 s 001 /robots.txt
2d87150.bb 42f94060 043937 s 001 /edit/58455020
2d87154.fe 42f9404d 043937 h 008 /wiki/AdolfDanner
2d87159.7e 42f9404d 043937 h 003 /wiki/EmilSchurer
2d8715e.10 42f9404d 043937 h 009 /wiki/EmilSehling
2d87162.dd 42f94056 043937 h 007 /wiki/LiviusFurst
2d87168.88 42f94052 043937 h 00b /wiki/HansPlanitz
2d87171.f5 42f9404d 043937 h 006 /wiki/EwaldHering
2d8717b.52 42f9404d 043937 h 006 /wiki/AlfredDoren
2d87184.b0 42f9404d 043937 h 006 /wiki/MaxSeiffert
2d8718e.13 42f9404d 043937 h 007 /wiki/WilhelmKnop
2d87197.6f 42f9404d 043937 h 00b /wiki/HermannHock
2d871a0.d2 42f94052 043937 h 003 /wiki/PaulFraisse
2d871aa.31 42f94052 043937 h 007 /wiki/HansPassler
2d871b3.91 42f9404d 043937 h 003 /wiki/KarlBinding
2d871bc.f6 42f9404d 043937 h 005 /wiki/JamesDavies
2d871c6.52 42f9404d 043937 h 002 /wiki/LudwigLange
2d871cf.bb 42f9404d 043937 h 008 /wiki/PhilippYung
2d871d9.24 42f9404d 043937 h 00e /wiki/WolfgangDahmen
2d871df.38 b44c0f08 fa643b h 001 /robots.txt
2d871df.50 b44c0f8f fa643b h 001 /robots.txt
2d871e2.7e 42f94052 043937 h 008 /wiki/RichardWagner2
2d871eb.ef 42f9404d 043937 h 004 /wiki/BlendedReality
2d871f5.4f 42f9404d 043937 h 003 /wiki/AnnoDomini2056
2d871fe.c2 42f9404d 043937 h 00a /wiki/HausHardenberg
2d87208.2b 42f9404d 043937 h 003 /wiki/MatthiasKetzer
2d8720a.1b 68fe840a b5eaf4 h 003 /robots.txt
2d8720d.e9 42f9404d 043937 h 004 /wiki/BillSeitz
2d87211.a4 42f9404d 043937 h 002 /wiki/ReinhardKarger
2d8721b.27 42f9404d 043937 h 009 /wiki/AntonLeipziger
2d87224.c1 42f94052 043937 h 007 /wiki/HilmarGuenther
2d8722e.6d 42f9404d 043937 h 002 /wiki/HeikeWieghardt
2d87238.86 42f9404d 043937 h 006 /wiki/ColorLineArena
2d87243.ff 42f9404d 043937 h 002 /wiki/HerbertJaeckle
2d873a4.b6 42f9404d 043937 h 008 /wiki/FeuerMind
