2e6009e.a3 3e9ef5c5 5b35cd s a991d690 00d /blk
2e600b8.b9 3e9ef5c5 5b35cd s a991d690 005 /blk
2e600b9.2f 3e9ef5c5 5b35cd s a991d690 007 /favicon.ico
2e600b9.89 42f94c8a 043937 h ???????? 009 /wiki/ProJect
2e6020f.04 42f942d5 043937 h ???????? 007 /wiki/MindBook
2e60292.1a 42f94c88 043937 h ???????? 00c /edit/4103001
2e6029f.a5 36ac59c1 a13a25 s ???????? 012 /newBlock
2e602ce.19 9d372725 6a88e8 h ???????? 002 /robots.txt
2e602ce.8b 9d372725 6a88e8 h ???????? 004 /robots.txt
2e6033b.cb cf2e0d5b 6a88e8 h ???????? 0ad /
2e6035f.d3 42f942cd 043937 h ???????? 003 /wiki/AlterEgo
2e6046c.ba 42f95cc9 4b7fce h ???????? 008 //rss.rdf
2e604b3.fb 42f94c8a 043937 h ???????? 006 /wiki/DenkSport
2e60603.da 42f94c8a 043937 h ???????? 008 /wiki/JohnPerry
2e60721.84 3e9ef5c5 5b35cd s a991d690 014 /ls
2e6075e.c3 42f94c86 043937 h ???????? 00a /wiki/CopyPress
2e60858.67 53d91b80 41cb37 h ???????? 09e /
2e608e2.52 42f94c8a 043937 h ???????? 003 /wiki/IntEl
2e608f3.b1 904c0c42 c37fd8 h ???????? 00a //robots.txt
2e608f7.89 904c0c42 c37fd8 h ???????? 008 //wiki/SocialBackup
2e60939.42 365957fb a13a25 s ???????? 1cf6 /newBlock
2e6094e.a1 365957fb a13a25 s ???????? 17d1 /newBlock
2e6095b.cf 365957fb a13a25 s ???????? 17ee /newBlock
2e60965.23 365957fb a13a25 s ???????? 1ab2 /newBlock
2e6096c.7e 365957fb a13a25 s ???????? 1f23 /newBlock
2e60972.af 365957fb a13a25 s ???????? 1be4 /newBlock
2e6097f.00 33ff4159 433e9c h ???????? 007 /wiki/LockSchuppenBusinessPlan
2e60a39.2a 42f94c88 043937 h ???????? 00a /wiki/MonArch
2e60a58.2c 42f94c86 043937 h ???????? 001 /edit/3545005
2e60a8c.79 42f94c86 043937 h ???????? 002 /wiki/CabiNet
2e60ad7.43 42f94c8a 043937 h ???????? 003 /wiki/UnParty
2e60ae6.d6 365957fb a13a25 s ???????? 16be /newBlock
2e60afc.21 365957fb a13a25 s ???????? 1648 /newBlock
2e60b09.6c 365957fb a13a25 s ???????? 1a6a /newBlock
2e60b12.ad 365957fb a13a25 s ???????? 1b06 /newBlock
2e60b1c.80 42f942d5 043937 h ???????? 007 /wiki/WikiZen
2e60b1a.00 365957fb a13a25 s ???????? 1aaf /newBlock
2e60b20.55 365957fb a13a25 s ???????? 14d2 /newBlock
2e60b43.65 42f942cd 043937 h ???????? 002 /wiki/ConCept
2e60c00.d2 42f942cd 043937 h ???????? 00a /wiki/MinisTer
2e60d30.b3 365957fb a13a25 s ???????? 275f /newBlock
2e60d45.f5 365957fb a13a25 s ???????? 1eb8 /newBlock
2e60d53.42 365957fb a13a25 s ???????? 1cff /newBlock
2e60d5c.8e 365957fb a13a25 s ???????? 2123 /newBlock
2e60d63.e4 365957fb a13a25 s ???????? 202d /newBlock
2e60d6a.38 365957fb a13a25 s ???????? 234e /newBlock
2e60db0.31 d05a39c4 27fbdc h ???????? 068 /
2e60dd6.65 2e6964b7 e3b0c4 h ???????? 001 /robots.txt
2e60dd8.95 2e6964b7 9e065f h ???????? 080 /
2e60dea.71 42f94c8a 043937 h ???????? 008 /wiki/UsDollar
2e60e63.7b 365957fb a13a25 s ???????? 1ee6 /newBlock
2e60e78.e6 365957fb a13a25 s ???????? 1c90 /newBlock
2e60e86.24 365957fb a13a25 s ???????? 18dc /newBlock
2e60e8f.67 365957fb a13a25 s ???????? 1db0 /newBlock
2e60e96.db 365957fb a13a25 s ???????? 1a5c /newBlock
2e60e9d.16 365957fb a13a25 s ???????? 1ed4 /newBlock
2e60ee7.d6 365957fb a13a25 s ???????? 1aed /newBlock
2e60efd.36 365957fb a13a25 s ???????? 1a88 /newBlock
2e60f0a.62 365957fb a13a25 s ???????? 189d /newBlock
2e60f13.ab 365957fb a13a25 s ???????? 1c5c /newBlock
2e60f1b.04 365957fb a13a25 s ???????? 1edb /newBlock
2e60f21.3b 365957fb a13a25 s ???????? 1b23 /newBlock
2e60fc9.e7 42f942d1 043937 h ???????? 003 /wiki/JohannesPartanen
2e60fd0.ce 42f94c86 043937 h ???????? 006 /wiki/SwarmIntelligence
2e61008.1f 42f942d1 043937 h ???????? 002 /wiki/HasKissed
2e610de.34 894a7343 a505ab h ???????? 073 /
2e610de.8b 894a7343 a505ab h ???????? 001 /wp-login.php
2e61178.02 894a7343 a505ab h ???????? 04c /
2e61178.46 894a7343 a505ab h ???????? 004 /wp-login.php
2e611b1.45 42f94c88 043937 h ???????? 004 /wiki/TwinPrime
2e6120c.4b 36ac59c1 a13a25 s ???????? 1708 /newBlock
2e61221.9d 36ac59c1 a13a25 s ???????? 1a1b /newBlock
2e6122e.f9 36ac59c1 a13a25 s ???????? 18c0 /newBlock
2e61237.b9 365957fb a13a25 s ???????? 1889 /newBlock
2e61238.27 36ac59c1 a13a25 s ???????? 1a36 /newBlock
2e6123f.79 36ac59c1 a13a25 s ???????? 1b5a /newBlock
2e61245.b9 36ac59c1 a13a25 s ???????? 18ed /newBlock
2e6124c.e2 365957fb a13a25 s ???????? 1a75 /newBlock
2e6125a.2a 365957fb a13a25 s ???????? 199c /newBlock
2e61263.79 365957fb a13a25 s ???????? 18f8 /newBlock
2e6126a.b2 365957fb a13a25 s ???????? 1906 /newBlock
2e61271.14 365957fb a13a25 s ???????? 1bae /newBlock
2e61280.d4 42f95cc7 4b7fce h ???????? 001 //rss.rdf
2e612ac.2e 365957fb a13a25 s ???????? 1e50 /newBlock
2e612c1.7c 365957fb a13a25 s ???????? 1e1a /newBlock
2e612ce.cc 365957fb a13a25 s ???????? 1d15 /newBlock
2e612d8.18 365957fb a13a25 s ???????? 171c /newBlock
2e612df.58 365957fb a13a25 s ???????? 19d2 /newBlock
2e612e5.c7 365957fb a13a25 s ???????? 1b7d /newBlock
2e61353.ad 42f942d1 043937 h ???????? 003 /wiki/SubScribe
2e614c4.cd 34399e92 2a319c h ???????? 002 /robots.txt
2e614c6.51 34399e92 2a319c h ???????? 002 /wiki/NullPunktFuenf
2e6150b.d9 42f942cd 043937 h ???????? 003 /wiki/HauptPost
2e616b1.06 42f94c86 043937 h ???????? 002 /wiki/JohnSmith
2e616ce.a9 365957fb a13a25 s ???????? 1b12 /newBlock
2e616e3.f8 365957fb a13a25 s ???????? 1bf9 /newBlock
2e616f1.36 365957fb a13a25 s ???????? 1857 /newBlock
2e616fa.80 365957fb a13a25 s ???????? 1a3e /newBlock
2e61701.ca 365957fb a13a25 s ???????? 17a3 /newBlock
2e6172b.02 365957fb a13a25 s ???????? 1899 /newBlock
2e61740.46 365957fb a13a25 s ???????? 198f /newBlock
2e6174d.95 365957fb a13a25 s ???????? 17fa /newBlock
2e61756.db 365957fb a13a25 s ???????? 1ab0 /newBlock
2e6175e.2c 365957fb a13a25 s ???????? 1a0b /newBlock
2e61764.85 365957fb a13a25 s ???????? 1886 /newBlock
2e61887.22 42f94c8a 043937 h ???????? 003 /wiki/UeberFall
2e618ce.13 42f94c88 043937 h ???????? 00a /wiki/TheoryU
2e618e3.09 5093bebd 855216 h ???????? 086 /
2e61a21.c5 42f94c8a 043937 h ???????? 003 /wiki/IpAddress
2e61a60.f2 25bb3851 e3b0c4 h ???????? 001 /robots.txt
2e61a63.11 25bb3851 46ab9b h ???????? 065 /
2e61adb.31 42f95cc9 70a047 h ???????? 003 //rss.rdf
2e61b3b.19 33ff427e 433e9c h ???????? 002 /edit
2e61bcf.a0 42f942cd 043937 h ???????? 002 /wiki/SkypeChat
2e61d31.ac 36ac59c1 a13a25 s ???????? 1afb /newBlock
2e61d46.44 42f942cd 043937 h ???????? 002 /wiki/KangGShin
2e61d46.db 36ac59c1 a13a25 s ???????? 1c9e /newBlock
2e61d54.2e 36ac59c1 a13a25 s ???????? 19a6 /newBlock
2e61d5d.71 36ac59c1 a13a25 s ???????? 1b06 /newBlock
2e61d64.b0 36ac59c1 a13a25 s ???????? 1ec6 /newBlock
2e61d6a.fd 36ac59c1 a13a25 s ???????? 1df6 /newBlock
2e61eab.33 42f94c88 043937 h ???????? 00c /wiki/AbGehoben
2e61f02.42 3e9ef5c5 5b35cd s a991d690 00b /hls
2e61f3f.98 a4843451 0603b6 s ???????? 008 /hls
2e61f71.a4 365957fb a13a25 s ???????? 1500 /newBlock
2e61f7e.bd 3e9ef5c5 5b35cd s a991d690 1a49 /hls
2e61f86.ef 365957fb a13a25 s ???????? 252e /newBlock
2e61f92.22 3e9ef5c5 5b35cd s a991d690 001 /favicon.ico
2e61f94.36 365957fb a13a25 s ???????? 1bd3 /newBlock
2e61f9d.7d 365957fb a13a25 s ???????? 1733 /newBlock
2e61fa4.c9 365957fb a13a25 s ???????? 1608 /newBlock
2e61fab.1c 365957fb a13a25 s ???????? 18f6 /newBlock
2e62026.f3 42f94c88 043937 h ???????? 00b /wiki/GarageOne
2e62090.f9 42f95cc9 4b7fce h ???????? 006 //rss.rdf
2e6218b.20 42f94c8a 043937 h ???????? 002 /wiki/PantaRhei
2e622ea.7a 42f94c88 043937 h ???????? 002 /wiki/JohnSmart
2e62455.92 42f94c8a 043937 h ???????? 004 /wiki/MindTrust
2e6251a.b4 365957fb a13a25 s ???????? 1638 /newBlock
2e6252f.f7 365957fb a13a25 s ???????? 15c0 /newBlock
2e6253d.37 365957fb a13a25 s ???????? 1898 /newBlock
2e62546.7c 365957fb a13a25 s ???????? 1878 /newBlock
2e6254d.c5 365957fb a13a25 s ???????? 13b6 /newBlock
2e62554.10 365957fb a13a25 s ???????? 14dc /newBlock
2e625bd.0f b44c0f22 a04d28 h ???????? 006 /wiki/WwWebLern
2e625f7.2c 5519d2ea 6de661 h ???????? 002 /robots.txt
2e625f7.55 5519d2ea 6de661 h ???????? 05b /
2e62600.49 42f94c86 043937 h ???????? 002 /wiki/TimeSheet
2e6264f.01 9d3727d8 6a88e8 s ???????? 081 /
2e626cc.b1 42f94c88 043937 h ???????? 002 /wiki/HashTag
2e62703.e5 42f942d1 043937 h ???????? 002 /edit/8575004
2e6273f.96 42f942cd 043937 h ???????? 002 /wiki/FbEvent
2e62777.cb 42f94c8a 043937 h ???????? 001 /edit/5373001
2e627bc.20 42f94c88 043937 h ???????? 004 /edit/1283001
2e6280a.f9 42f94c88 043937 h ???????? 004 /wiki/NetVolume
2e6291f.39 3e9ef5c5 5b35cd s a991d690 002 /blk
2e6291f.cb 3e9ef5c5 5b35cd s a991d690 001 /favicon.ico
2e6292f.6f 36ac59c1 a13a25 s ???????? 1a0b /newBlock
2e6294b.97 3e9ef5c5 5b35cd s a991d690 003 /blk
2e62944.bf 36ac59c1 a13a25 s ???????? 1b5d /newBlock
2e6294c.08 3e9ef5c5 5b35cd s a991d690 001 /favicon.ico
2e62951.ff 36ac59c1 a13a25 s ???????? 39aa /newBlock
2e6295b.47 36ac59c1 a13a25 s ???????? 18ad /newBlock
2e62966.6c 3e9ef5c5 5b35cd s a991d690 00a /blk
2e62966.f0 3e9ef5c5 5b35cd s a991d690 001 /favicon.ico
2e62962.8f 36ac59c1 a13a25 s ???????? 16fd /newBlock
2e62968.e3 36ac59c1 a13a25 s ???????? 148a /newBlock
2e6297b.24 3e9ef5c5 5b35cd s a991d690 009 /blk
2e62974.41 365957fb a13a25 s ???????? 1b3f /newBlock
2e6297b.9b 3e9ef5c5 5b35cd s a991d690 006 /favicon.ico
2e62989.8e 365957fb a13a25 s ???????? 180d /newBlock
2e62999.a8 365957fb a13a25 s ???????? 1c8f /newBlock
2e629a2.ff 365957fb a13a25 s ???????? 1917 /newBlock
2e629aa.4d 365957fb a13a25 s ???????? 1841 /newBlock
2e629b0.cb 365957fb a13a25 s ???????? 18b6 /newBlock
2e629dc.91 3e9ef5c5 5b35cd s a991d690 006 /blk
2e629dd.14 3e9ef5c5 5b35cd s a991d690 001 /favicon.ico
2e62a11.de 42f942cd 043937 h ???????? 00a /wiki/SuperComp
2e62a1f.81 36ac59c1 a13a25 s ???????? 1a37 /newBlock
2e62a34.d3 36ac59c1 a13a25 s ???????? 19a6 /newBlock
2e62a42.11 36ac59c1 a13a25 s ???????? 1559 /newBlock
2e62a4b.5d 36ac59c1 a13a25 s ???????? 178b /newBlock
2e62a52.a7 36ac59c1 a13a25 s ???????? 1657 /newBlock
2e62a58.e9 36ac59c1 a13a25 s ???????? 16cc /newBlock
2e62b74.a6 36ac59c1 a13a25 s ???????? 1c56 /newBlock
2e62b8b.da 36ac59c1 a13a25 s ???????? 1d64 /newBlock
2e62b99.2a 36ac59c1 a13a25 s ???????? 1fdd /newBlock
2e62ba2.6f 36ac59c1 a13a25 s ???????? 1d72 /newBlock
2e62ba9.d8 36ac59c1 a13a25 s ???????? 1b50 /newBlock
2e62bb0.ee 42f94c8a 043937 h ???????? 004 /wiki/LeanThink
2e62baf.fc 36ac59c1 a13a25 s ???????? 1be4 /newBlock
