2e500e3.ac 284da720 6a88e8 h ???????? 003 /wiki/ImMortal
2e5012c.f5 42f94c8a 043937 h ???????? 002 /wiki/MindHorse
2e502cc.07 42f94c88 043937 h ???????? 003 /wiki/UmbiWerft
2e5044d.5f 42f942df 043937 s ???????? 003 /wiki/StartUpWeekEnd
2e50452.6f 42f94c86 043937 h ???????? 002 /wiki/WaWWvPxwA
2e50570.19 42f942e7 043937 s ???????? 004 /wiki/VirtualEconomy
2e50579.99 42f94c94 043937 s ???????? 003 /wiki/XingEvent
2e5059d.aa 42f942e3 043937 s ???????? 00a /wiki/InDawo
2e505d7.eb 42f94c90 043937 s ???????? 003 /wiki/BuddyMacht
2e5060a.70 42f94c92 043937 s ???????? 003 /wiki/LockerLernen
2e5062a.1e 42f94c86 043937 h ???????? 002 /wiki/MindRapid
2e50641.d6 42f94c90 043937 s ???????? 003 /wiki/ErdenBuerger
2e5067f.96 42f942df 043937 s ???????? 003 /wiki/ProblemLoeser
2e506a8.51 42f94c94 043937 s ???????? 007 /wiki/MindBuilding
2e506a8.b2 42f94c90 043937 s ???????? 001 /edit/63215003
2e506aa.2f 42f942df 043937 s ???????? 003 /wiki/JuergenDauk
2e506ab.07 42f94c94 043937 s ???????? 002 /wiki/FrankDidszuleit
2e506b5.90 42f942df 043937 s ???????? 001 /edit/64265005
2e506d3.ae 42f94c86 043937 h ???????? 003 /wiki/SciFi
2e506fb.f9 42f942d1 043937 h ???????? 003 /wiki/TyPo
2e5080a.8e 42f94c86 043937 h ???????? 002 /wiki/MaxMore
2e5083b.76 42f94c86 043937 h ???????? 002 /wiki/CentralBank
2e508b1.5e 5027e300 46c8fa h ???????? 052 /
2e508c7.6a 5027e300 46c8fa h ???????? 003 //https://floatingboat2013.appspot.com
2e508c7.92 5027e300 46c8fa h ???????? 008 //https://floatingboat2013.appspot.com/ad
2e508c7.b8 5027e300 46c8fa h ???????? 001 //https://sl4.eu/age
2e508c7.e4 5027e300 46c8fa h ???????? 001 //https://sl4.eu/math
2e508c8.0d 5027e300 46c8fa h ???????? 003 //https://sl4.eu/memo
2e508f2.b8 5027e300 46c8fa h ???????? 002 //https://floatingboat2013.appspot.com/ef/OnAlpha
2e509e7.7d 42f94c8a 043937 h ???????? 004 /wiki/BotNet
2e50a0f.8e 42f94c8a 043937 h ???????? 003 /wiki/HasTalked
2e50ab3.98 44b4e53a aec21f h ???????? 006 /love/4d
2e50b04.e9 b44c0f8a a04d28 h ???????? 002 /AlphaLabs
2e50c08.b6 42f94c86 043937 h ???????? 002 /wiki/LjubLjana
2e50db5.fc 42f94c86 043937 h ???????? 004 /wiki/AmaZon
2e50fa0.0a 343ac75d 2a319c h ???????? 002 /hot/robots.txt
2e50fa0.e4 343ac75d 2a319c h ???????? 003 /robots.txt
2e50fa3.4f 343ac75d 2a319c h ???????? 001 /hot
2e50fc3.cb 42f942d1 043937 h ???????? 002 /wiki/ErwinScheu
2e510da.b8 42f94c88 043937 h ???????? 003 /wiki/JobWiki
2e51298.d4 42f942cd 043937 h ???????? 003 /wiki/RollOut
2e51487.07 42f94c88 043937 h ???????? 003 /wiki/SegWay
2e51663.b7 42f94c86 043937 h ???????? 003 /wiki/FujiTsu
2e51820.68 42f94c88 043937 h ???????? 004 /wiki/CLeanFee
2e51a02.78 cf2e0dc9 6a88e8 s ???????? 001 /robots.txt
2e51a0e.3f 42f942d5 043937 h ???????? 004 /wiki/MindBooks
2e51bad.71 42f942e3 043937 s ???????? 002 /wiki/UnTil
2e51bba.b2 42f94c86 043937 h ???????? 002 /wiki/BrainCopy
2e51d94.fd 42f94c88 043937 h ???????? 002 /wiki/UnterWelt
2e51e10.c5 9d3727c7 6a88e8 s ???????? 03b /
2e51e2b.d9 42f95cc9 70a047 h ???????? 004 //rss.rdf
2e51f44.ab 42f94c86 043937 h ???????? 002 /wiki/AlaunPark
2e520b2.57 25097ac9 e4b041 h ???????? 002 /robots.txt
2e520b6.41 25097ac9 e4b041 h ???????? 002 /wiki/CoRisotto
2e5211e.88 42f942d5 043937 h ???????? 002 /wiki/NtGD1M
2e52256.7a 9d372735 6a88e8 h ???????? 003 /wiki/AbWesend
2e522b9.6c 42f94c86 043937 h ???????? 002 /wiki/TrendTag
2e52458.54 284da786 6a88e8 h ???????? 003 /wiki/MrBien
2e52473.ad 42f942d1 043937 h ???????? 002 /wiki/CoinedBy
2e52619.42 42f94c8a 043937 h ???????? 002 /wiki/FranksBar
2e52619.bd 33ff427e 433e9c h ???????? 001 /edit
2e52655.fd 33ff4271 433e9c h ???????? 001 /hear/97081cfceb56669ec9060051c108323e
2e527d0.24 42f94c88 043937 h ???????? 004 /wiki/HerzBlatt
2e52962.40 42f94c86 043937 h ???????? 002 /wiki/WikiPages
2e52af5.b7 42f94c8a 043937 h ???????? 003 /wiki/TransForm
2e52c1c.b0 33ff427c 433e9c h ???????? 002 /wiki/KommuneZwei
2e52cc9.94 42f94c8a 043937 h ???????? 006 /wiki/KoalaBaer
2e52ce2.d1 33ff427f 433e9c h ???????? 002 /wiki/RainerWasserfuhrHasKissed
2e52d6d.e4 42f94c8a 043937 h ???????? 001 /edit/9875004
2e52e79.d2 42f942d1 043937 h ???????? 002 /wiki/SmokeStop
2e5303b.8e c14627a1 c37fd8 h ???????? 002 /robots.txt
2e53041.2c c14627a1 c37fd8 h ???????? 001 /wiki/GrandMa
2e5304b.a4 c14627a1 c37fd8 h ???????? 002 /wiki/GrassiMuseum
2e53053.b8 c14627a1 c37fd8 h ???????? 002 /wiki/GregEgan
2e5305a.68 c14627a1 c37fd8 h ???????? 001 /wiki/GrupperDer20
2e53063.d8 c14627a1 c37fd8 h ???????? 002 /wiki/GuenterDanielRey
2e5306d.79 c14627a1 c37fd8 h ???????? 003 /wiki/GuentherSchiwy
2e53075.ad c14627a1 c37fd8 h ???????? 003 /wiki/GuggenheimAbuDhabi
2e5307f.5c c14627a1 c37fd8 h ???????? 002 /wiki/GuineaBissau
2e53088.61 c14627a1 c37fd8 h ???????? 003 /wiki/GuineaPig
2e53090.13 5d9e983e e4b041 h ???????? 001 /robots.txt
2e53092.3f c14627a1 c37fd8 h ???????? 001 /wiki/GulpDe
2e53094.41 5d9e983e e4b041 h ???????? 003 /wiki/AlternateReality
2e53098.c8 c14627a1 c37fd8 h ???????? 003 /wiki/GundulaGause
2e5309e.2b 8d088e0f e4b041 h ???????? 003 /wiki/MiNd
2e530a2.0b 5f6cb30f e4b041 h ???????? 001 /StarTime
2e530a2.66 c14627a1 c37fd8 h ???????? 002 /wiki/GuySteele
2e530a4.da 42f94c88 043937 h ???????? 002 /wiki/HowWeWork
2e530a5.ea 5f6cd507 e4b041 h ???????? 002 /wiki/BeautiFul
2e530a9.bd 5d9e983e e4b041 h ???????? 001 /wiki/UtopienSingularitaetenMarskolonisation
2e530aa.1e c14627a1 c37fd8 h ???????? 002 /wiki/HPlusMag
2e530ad.6f 5d9e983e e4b041 h ???????? 002 /wiki/PerCeive
2e530b1.44 8d088e9a e4b041 h ???????? 002 /wiki/MiltonFriedman
2e530b1.94 c14627a1 c37fd8 h ???????? 003 /wiki/HaDoPi
2e530ba.28 c14627a1 c37fd8 h ???????? 001 /wiki/HaRiBo
2e530c0.8d c14627a1 c37fd8 h ???????? 002 /wiki/HabboHotel
2e530c6.bb c14627a1 c37fd8 h ???????? 002 /wiki/HaesslichstSchuhen
2e530cd.0f c14627a1 c37fd8 h ???????? 002 /wiki/HaeufigkeitsKlasse
2e530d5.28 c14627a1 c37fd8 h ???????? 002 /wiki/HagenStanek
2e530db.e1 c14627a1 c37fd8 h ???????? 002 /wiki/HaikoHebig
2e530e6.88 c14627a1 c37fd8 h ???????? 002 /wiki/HalfDome
2e530ed.8d c14627a1 c37fd8 h ???????? 002 /wiki/HalleSaale
2e530f4.d6 c14627a1 c37fd8 h ???????? 002 /wiki/HandInHand
2e530fd.2a c14627a1 c37fd8 h ???????? 002 /wiki/HangarOne
2e53104.d4 c14627a1 c37fd8 h ???????? 002 /wiki/HansBernhardBeus
2e5310b.de c14627a1 c37fd8 h ???????? 002 /wiki/HansGaertner
2e53117.f3 c14627a1 c37fd8 h ???????? 002 /wiki/HansGeiger
2e53120.f8 c14627a1 c37fd8 h ???????? 001 /wiki/HansGeorgKemper
2e5312a.6b c14627a1 c37fd8 h ???????? 002 /wiki/HansHagen
2e53131.72 c14627a1 c37fd8 h ???????? 003 /wiki/HansMarkowitsch
2e53137.bc c14627a1 c37fd8 h ???????? 002 /wiki/HansUlrichReusser
2e53142.ce c14627a1 c37fd8 h ???????? 002 /wiki/HaroldBoley
2e53149.6e c14627a1 c37fd8 h ???????? 002 /wiki/HartmutWedekind
2e5314f.dd c14627a1 c37fd8 h ???????? 003 /wiki/HechtViertel
2e53156.0a c14627a1 c37fd8 h ???????? 001 /wiki/HectorGarciaMolina
2e5315d.70 c14627a1 c37fd8 h ???????? 001 /wiki/HeikeRibke
2e53164.1a c14627a1 c37fd8 h ???????? 002 /wiki/HeikoHilker
2e5316a.cb c14627a1 c37fd8 h ???????? 002 /wiki/HeikoIdensen
2e53175.75 c14627a1 c37fd8 h ???????? 002 /wiki/HeikoSchneefeld
2e5317c.0d c14627a1 c37fd8 h ???????? 002 /wiki/HeikoStoermer
2e53183.3e c14627a1 c37fd8 h ???????? 004 /wiki/HeiligenDamm
2e5318c.d7 c14627a1 c37fd8 h ???????? 002 /wiki/HeinrichMayr
2e53193.e9 c14627a1 c37fd8 h ???????? 002 /wiki/HeinrichNiemann
2e5319d.97 c14627a1 c37fd8 h ???????? 002 /wiki/HeinrichWansing
2e531a5.e8 c14627a1 c37fd8 h ???????? 002 /wiki/HeinzMartinEsser
2e531ad.b2 c14627a1 c37fd8 h ???????? 003 /wiki/HelgeThomas
2e531b4.1c c14627a1 c37fd8 h ???????? 002 /wiki/HelmutBakaitis
2e531bb.e7 c14627a1 c37fd8 h ???????? 002 /wiki/HelmutEschrig
2e531c2.f3 c14627a1 c37fd8 h ???????? 002 /wiki/HelmutHofferVonAnkershoffen
2e531cc.46 c14627a1 c37fd8 h ???????? 004 /wiki/HelmutSpanner
2e531d2.f1 c14627a1 c37fd8 h ???????? 002 /wiki/HelsInki
2e531db.03 c14627a1 c37fd8 h ???????? 002 /wiki/HendrikSpeck
2e531e2.11 c14627a1 c37fd8 h ???????? 002 /wiki/HenriNegresco
2e531e9.47 c14627a1 c37fd8 h ???????? 001 /wiki/HenryRipke
2e531f1.4f c14627a1 c37fd8 h ???????? 002 /wiki/HerbrandUniverse
2e531fc.9c c14627a1 c37fd8 h ???????? 001 /wiki/HeringsDorf
2e53204.9a c14627a1 c37fd8 h ???????? 002 /wiki/HerkulesKeule
2e5320d.97 c14627a1 c37fd8 h ???????? 005 /wiki/HermannOttoSolms
2e53215.04 c14627a1 c37fd8 h ???????? 002 /wiki/HerrnhuterStern
2e53222.a4 c14627a1 c37fd8 h ???????? 002 /wiki/HighlyCited
2e5322d.5a c14627a1 c37fd8 h ???????? 002 /wiki/HillaryClinton
2e53233.e1 c14627a1 c37fd8 h ???????? 002 /wiki/HiltonDresden
2e5323c.42 c14627a1 c37fd8 h ???????? 002 /wiki/HippodromeDeChantilly
2e53243.ec c14627a1 c37fd8 h ???????? 001 /wiki/HippodromeDePau
2e5327d.4c 42f94c86 043937 h ???????? 002 /wiki/HlMencken
2e532ab.be 5d9e984f e4b041 h ???????? 002 /wiki/LiveJournal
2e5335d.40 b29ac802 e4b041 h ???????? 003 /wiki/NobelPrizeLaureate
2e5339d.c8 42f95d26 002725 h ???????? 001 /favicon.ico
2e533dc.bb 05fffd51 e4b041 h ???????? 002 /wiki/OrganizationalCulture
2e533e0.6b 5d9e983e e4b041 h ???????? 002 /wiki/YanetJorzyck
2e53430.08 42f94c86 043937 h ???????? 002 /wiki/WorkedFor
2e53581.b6 33ff427c 433e9c h ???????? 003 /wiki/SchickSaal
2e53607.49 42f942d5 043937 h ???????? 002 /wiki/MindShift
2e537b1.d7 42f94c86 043937 h ???????? 003 /wiki/AiStartUp
2e53811.e3 44b4e53a aec21f h ???????? 001 /robots.txt
2e53812.aa 44b4e53a aec21f h ???????? 003 /wiki/MindPost
2e53983.b6 42f942d5 043937 h ???????? 010 /wiki/MindCourt
2e53a54.7d 5d9e983e e4b041 h ???????? 002 /wiki/EducationExpedition
2e53b24.f5 42f94c88 043937 h ???????? 002 /wiki/UnTil1989
2e53c07.e9 33ff412b 433e9c h ???????? 001 /wiki/MitGift
2e53ce5.56 42f94c86 043937 h ???????? 002 /wiki/InCome
2e53e80.17 42f94c86 043937 h ???????? 005 /wiki/VorFreude
2e53ef2.59 d9b6845e 433e9c h ???????? 001 /edit/28166001
2e53f30.7f 42f94c88 043937 h ???????? 004 /wiki/AiNomic
2e53f33.cd 33ff426a 433e9c h ???????? 002 /wiki/GenSeidenFaden
2e54004.bf 42f94c86 043937 h ???????? 002 /wiki/TeSystems
2e541c6.9d 42f942d5 043937 h ???????? 002 /wiki/XingTaler
2e5436d.c0 42f94c8a 043937 h ???????? 002 /wiki/FdpPartei
2e5448c.ab 4d420161 d8841e h ???????? 001 /robots.txt
2e5448c.fc 4d420161 d8841e h ???????? 052 /
2e5454f.dd 42f94c8a 043937 h ???????? 002 /wiki/RheinLand
2e545ba.ab 9d372740 6a88e8 h ???????? 002 /robots.txt
2e546ea.6b 42f94c86 043937 h ???????? 003 /wiki/JanOetjen
2e54775.79 9d37271b 6a88e8 h ???????? 044 /
2e547b0.eb d9b68415 433e9c h ???????? 002 /edit/27316001
2e54903.89 42f94c8a 043937 h ???????? 004 /wiki/OostEinde
2e54b7b.e6 b44c0f88 a04d28 h ???????? 001 /hashtag/Milit%C3%A4r
2e54c52.42 b29abdcc e4b041 h ???????? 002 /robots.txt
2e54c56.27 b29abdcc e4b041 h ???????? 002 /wiki/SchwarmIntelligenz
2e54c5a.24 b29abdcb e4b041 h ???????? 002 /wiki/KeyWord
2e54e28.6f c7109db5 45fe92 h ???????? 002 /robots.txt
2e54e28.94 c7109db5 45fe92 h ???????? 003 //wiki/DasNetz
2e54e28.f0 c7109db4 45fe92 s ???????? 001 /robots.txt
2e54e29.10 c7109db4 45fe92 s ???????? 15fc /age
2e54e7b.5f 42f94c88 043937 h ???????? 002 /wiki/DreWag
2e54f66.e9 4d4b4ca1 6a9392 h ???????? 001 /robots.txt
2e54f67.60 4d4b4ca1 6a9392 h ???????? 002 /wiki/CoConsulting
2e550d7.43 42f94c8a 043937 h ???????? 003 /wiki/WertVoll
2e550f3.7b 42f94c8a 043937 h ???????? 001 /wiki/VerKauf
2e55285.cf 42f94c86 043937 h ???????? 003 /wiki/SpeechAct
2e55420.6a 42f942d1 043937 h ???????? 003 /wiki/IaDk1d4is
2e5553c.30 5d9e983e e4b041 h ???????? 003 /wiki/ElPerroBorracho
2e5553f.a5 5d9e983e e4b041 h ???????? 003 /wiki/OpenSocialNetwork
2e55543.29 8d088ea4 e4b041 h ???????? 002 /wiki/SoLevel
2e55546.a0 8d088e2a e4b041 h ???????? 002 /wiki/CardHolder
2e55549.fb 5d9e983e e4b041 h ???????? 002 /wiki/MartinSchorcht
2e5554d.5f 5d9e983e e4b041 h ???????? 003 /wiki/StadtBerlin
2e55550.bb 5d9e983e e4b041 h ???????? 002 /wiki/FrankSinatra
2e55554.12 5d9e983e e4b041 h ???????? 002 /wiki/ThisIsSparta
2e55587.6b 9d372710 6a88e8 h ???????? 038 /
2e555db.f0 42f94c8a 043937 h ???????? 002 /wiki/NooSphere
2e55608.ca 44b4e53a aec21f h ???????? 002 /wiki/BeGo
2e55766.8b 42f94c8a 043937 h ???????? 002 /wiki/EnsId
2e55915.51 42f94c8a 043937 h ???????? 003 /wiki/SkyNet
2e55ae6.ad 42f942d1 043937 h ???????? 003 /wiki/NoName
2e55bfa.db 904c1390 c37fd8 h ???????? 001 //robots.txt
2e55bff.0c 904c1390 c37fd8 h ???????? 003 //wiki/FutureLab2056
2e55cf1.48 42f942d5 043937 h ???????? 003 /wiki/BillJoy
2e55d21.ee 05fffd3f e4b041 h ???????? 002 /wiki/PeopleEconomy
2e55e55.4e 8d088e0f e4b041 h ???????? 002 /robots.txt
2e55e59.4d 5d9e983e e4b041 h ???????? 002 /wiki/KonzeptPapier
2e55e5d.3a 5f6cb30f e4b041 h ???????? 002 /wiki/NextProject
2e55e61.13 5f6cb30f e4b041 h ???????? 002 /wiki/CentralBank
2e55e64.f3 8d088e26 e4b041 h ???????? 002 /wiki/ReDo
2e55e68.c8 5f6cd508 e4b041 h ???????? 002 /wiki/SuperMarket
2e55e88.d0 42f942cd 043937 h ???????? 003 /wiki/TomSwift
2e55ffe.05 42f94c88 043937 h ???????? 002 /wiki/GenSeidenFaden
2e5603b.fd 42f94c88 043937 h ???????? 002 /wiki/AlwaysOn
2e561b5.da 42f942d5 043937 h ???????? 002 /wiki/FutureSax
2e561d5.10 33ff4110 433e9c h ???????? 002 /wiki/LockSchuppen
2e562b6.81 42f94c88 043937 h ???????? 003 /wiki/NewMind
2e56321.a1 42f94c88 043937 h ???????? 003 /wiki/TraumGast
2e564cb.29 42f94c86 043937 h ???????? 003 /wiki/CoOp
2e564fa.f2 05fffd3f e4b041 h ???????? 002 /wiki/FutureGame
2e56657.e7 42f942cd 043937 h ???????? 003 /wiki/DdErr
2e5666b.dd 8d088ea4 e4b041 h ???????? 002 /wiki/CitOyens
2e567cf.19 42f94c88 043937 h ???????? 002 /wiki/TriGema
2e5690a.c9 4d4b4d0b 6a9392 h ???????? 002 /robots.txt
2e5690b.47 4d4b4d0b 6a9392 h ???????? 002 //wiki/SingularityUniversity
2e5696c.bd 42f942cd 043937 h ???????? 002 /wiki/ManchMal
2e56ae4.99 42f942d5 043937 h ???????? 002 /wiki/SixSigma
2e56b8b.9d 5d9e983e e4b041 h ???????? 002 /wiki/DaimlerChrysler
2e56bad.d0 b29ac825 e4b041 h ???????? 002 /wiki/MartinGaedke
2e56c05.4c 05fffd3a e4b041 h ???????? 008 /wiki/EtAl
2e56c58.90 42f942d1 043937 h ???????? 002 /wiki/JustDoIt
2e56def.92 42f94c88 043937 h ???????? 003 /wiki/MiMa
2e56f7c.9b a484a153 433e9c h ???????? 001 /edit/29186009
2e57016.fc 42f942d1 043937 h ???????? 002 /wiki/NySe
2e5712b.c8 a484a151 433e9c h ???????? 002 /edit/26616001
2e571ed.31 42f942d5 043937 h ???????? 002 /wiki/VerLob
2e5722f.31 5d9e983e e4b041 h ???????? 002 /wiki/TwitMap
2e57278.8d 5d9e983e e4b041 h ???????? 002 /wiki/AgilePlanet
2e57386.59 42f94c8a 043937 h ???????? 002 /wiki/AdWords
2e57479.c3 42f94c88 043937 h ???????? 002 /wiki/DcTitle
2e5752f.9c 42f942d1 043937 h ???????? 003 /wiki/RechNung
2e576dc.01 42f94c8a 043937 h ???????? 003 /wiki/StandOrt
2e5770b.2f 4d4b4ca3 6a9392 h ???????? 001 /robots.txt
2e5770b.9d 4d4b4ca3 6a9392 h ???????? 002 /wiki/WikiNode
2e57777.99 8ba27ca7 1066b4 h ???????? 04e /
2e5780b.bc 426608c8 70a047 h ???????? 00a //rss.rdf
2e5786a.91 42f942cd 043937 h ???????? 003 /wiki/HongKong
2e5790e.89 cf2e0dda 6a88e8 h ???????? 002 //robots.txt
2e57931.5b 5b2681ab 0cd7dd h ???????? 002 //wiki/LockOffice
2e57961.b7 acf1971c 3d8b22 h ???????? 03e /
2e57962.1c acf19715 3d8b22 h ???????? 041 /
2e57a31.2b 42f94c8a 043937 h ???????? 003 /wiki/NetzWerk
2e57bcf.50 42f94c86 043937 h ???????? 003 /wiki/NichtTun
2e57bf7.b0 2ee5a466 2e29b5 h ???????? 002 /robots.txt
2e57bfc.ae 3e9ef5c5 5b35cd s a991d690 046 /
2e57c02.3f 3e9ef5c5 5b35cd s a991d690 01b /hls
2e57c01.4b 3e9ef5c5 5b35cd s a991d690 5c7 /hilde
2e57c45.e3 a4843451 0603b6 s ???????? 006 /hls
2e57c88.94 a4843451 0603b6 s ???????? 005 /hls
