2eb0097.21 365957fb a13a25 s ???????? 1a50 /newBlock
2eb00ac.63 365957fb a13a25 s ???????? 19de /newBlock
2eb00ba.db 4fcd909c b87fe2 s ???????? 00f /
2eb00bf.1e 4fcd909c b87fe2 s ???????? 001 /alive/4
2eb00bf.2a 4fcd909c b87fe2 s ???????? 000 /feel/4
2eb00b9.a7 365957fb a13a25 s ???????? 182e /newBlock
2eb00c3.1b 4fcd909c b87fe2 s ???????? 001 /feel/8
2eb00c2.f3 365957fb a13a25 s ???????? 1433 /newBlock
2eb00cb.21 4fcd909c b87fe2 s ???????? 00f /feel/10
2eb00ca.3c 365957fb a13a25 s ???????? 1532 /newBlock
2eb00d0.82 365957fb a13a25 s ???????? 1ba4 /newBlock
2eb00db.23 4fcd909c b87fe2 s ???????? 001 /feel/20
2eb00eb.2c 4fcd909c b87fe2 s ???????? 001 /feel/30
2eb00fb.31 4fcd909c b87fe2 s ???????? 001 /feel/40
2eb0146.97 42f94c88 622963 h ???????? 003 /wiki/RayKurzweil
2eb0143.f3 36ac59c1 a13a25 s ???????? 1a58 /newBlock
2eb0159.41 36ac59c1 a13a25 s ???????? 1ea6 /newBlock
2eb0166.82 36ac59c1 a13a25 s ???????? 1cfc /newBlock
2eb016f.c8 36ac59c1 a13a25 s ???????? 2316 /newBlock
2eb0177.10 36ac59c1 a13a25 s ???????? 1b36 /newBlock
2eb017d.61 36ac59c1 a13a25 s ???????? 197e /newBlock
2eb0301.d6 365957fb a13a25 s ???????? 1b0a /newBlock
2eb030d.9d c7109db7 45fe92 s ???????? 001 /robots.txt
2eb030d.d3 c7109db7 45fe92 s ???????? 014 /
2eb0317.1c 365957fb a13a25 s ???????? 192f /newBlock
2eb0324.64 365957fb a13a25 s ???????? 17c1 /newBlock
2eb032d.a5 365957fb a13a25 s ???????? 1638 /newBlock
2eb0334.ee 365957fb a13a25 s ???????? 1a45 /newBlock
2eb033b.50 365957fb a13a25 s ???????? 2325 /newBlock
2eb0348.48 36ac59c1 a13a25 s ???????? 13df /newBlock
2eb035d.8f 36ac59c1 a13a25 s ???????? 140f /newBlock
2eb036a.e5 36ac59c1 a13a25 s ???????? 147b /newBlock
2eb0374.23 36ac59c1 a13a25 s ???????? 141d /newBlock
2eb037b.6b 36ac59c1 a13a25 s ???????? f02 /newBlock
2eb0463.e9 42f942cd 043937 h ???????? 004 /wiki/BeWeis
2eb0601.16 365957fb a13a25 s ???????? 1b27 /newBlock
2eb0616.58 365957fb a13a25 s ???????? 22f0 /newBlock
2eb0623.a1 365957fb a13a25 s ???????? 1bde /newBlock
2eb062e.33 365957fb a13a25 s ???????? 1890 /newBlock
2eb0637.66 d9b6844e 433e9c h ???????? 002 /wiki/FutureLab2056
2eb0635.98 365957fb a13a25 s ???????? 18a4 /newBlock
2eb063e.a9 6bb2c273 71f2b9 s ???????? 005 /put/326562303633362e3836786335622e66343736207a0a326562303632312e3566786335622e66343736204c2068310a326561666433612e3431786335622e66343736207a0a326561666430652e3566786335622e66343736204c2068310a326561646632362e3535786335622e66343736207a0a326561646566332e3830786335622e66343736204c2068310a
2eb063b.de 365957fb a13a25 s ???????? 19f3 /newBlock
2eb0682.3e cd8b8d36 209ef4 h ???????? 001 //rss.rdf
2eb06b4.74 42f942d5 043937 h ???????? 016 /
2eb06d0.76 5dc46a4e aa645a h ???????? 011 /
2eb06dc.ae 365957fb a13a25 s ???????? 1dc0 /newBlock
2eb06f1.f1 365957fb a13a25 s ???????? 2070 /newBlock
2eb06ff.38 365957fb a13a25 s ???????? 1b80 /newBlock
2eb0708.8e 365957fb a13a25 s ???????? 1b6a /newBlock
2eb070f.ce 365957fb a13a25 s ???????? 1d6d /newBlock
2eb0716.17 365957fb a13a25 s ???????? 1800 /newBlock
2eb0732.b8 42f942d5 622963 h ???????? 002 /wiki/SingularAcademy
2eb077f.ae add4dbc5 bf956c h ???????? 001 /webdav/
2eb07ed.b8 42f95ccb 4b7fce h ???????? 001 //rss.rdf
2eb09a8.0b bc285186 7dfab1 h ???????? 001 //rss.jsp
2eb09a8.2c bc285186 7dfab1 h ???????? 001 //rss.jsp
2eb09a9.ad bc285186 7dfab1 h ???????? 001 //rss.jsp
2eb09a9.d2 bc285186 7dfab1 h ???????? 001 //rss.jsp
2eb0b00.af 365957fb a13a25 s ???????? 19e9 /newBlock
2eb0b15.ef 365957fb a13a25 s ???????? 1a41 /newBlock
2eb0b23.38 365957fb a13a25 s ???????? 28be /newBlock
2eb0b2c.88 365957fb a13a25 s ???????? 1a84 /newBlock
2eb0b33.cd 365957fb a13a25 s ???????? 1ba0 /newBlock
2eb0b33.e7 365957fb a13a25 s ???????? 1c3b /newBlock
2eb0b3a.30 365957fb a13a25 s ???????? 1809 /newBlock
2eb0b49.9f 365957fb a13a25 s ???????? 1a36 /newBlock
2eb0b56.ee 365957fb a13a25 s ???????? 18c4 /newBlock
2eb0b60.34 365957fb a13a25 s ???????? 1557 /newBlock
2eb0b67.7f 365957fb a13a25 s ???????? 18c5 /newBlock
2eb0b6d.e6 365957fb a13a25 s ???????? 141c /newBlock
2eb0bc0.17 42f942cd 043937 h ???????? 001 /edit/2293001
2eb0d2d.1f c7109db6 45fe92 s ???????? 001 /robots.txt
2eb0d2d.50 c7109db6 45fe92 s ???????? 010 /
2eb0e55.89 36ac59c1 a13a25 s ???????? 16ce /newBlock
2eb0e6a.c5 36ac59c1 a13a25 s ???????? 1c4e /newBlock
2eb0e78.12 36ac59c1 a13a25 s ???????? 21f9 /newBlock
2eb0e81.53 36ac59c1 a13a25 s ???????? 1bfa /newBlock
2eb0e88.a7 36ac59c1 a13a25 s ???????? 214d /newBlock
2eb0e93.ca 284da737 6a88e8 s ???????? 014 /
2eb0e8e.ea 36ac59c1 a13a25 s ???????? 1aee /newBlock
