2ee0046.8d 36ac59c1 a13a25 s ???????? 1819 /newBlock
2ee005b.cc 36ac59c1 a13a25 s ???????? 1cfb /newBlock
2ee0069.16 36ac59c1 a13a25 s ???????? 1742 /newBlock
2ee0072.61 36ac59c1 a13a25 s ???????? 198b /newBlock
2ee0079.a5 36ac59c1 a13a25 s ???????? 18c7 /newBlock
2ee0080.0b 36ac59c1 a13a25 s ???????? 245e /newBlock
2ee00ab.ab 42f95b6b 4b7fce h ???????? 005 //rss.rdf
2ee0101.31 42f95b6b 70a047 h ???????? 001 //rss.rdf
2ee0263.d2 36ac59c1 a13a25 s ???????? 1792 /newBlock
2ee0279.10 36ac59c1 a13a25 s ???????? 2a11 /newBlock
2ee0286.55 36ac59c1 a13a25 s ???????? 1735 /newBlock
2ee02a1.59 33ff413a 433e9c h ???????? 001 /edit/21486001
2ee03e8.f7 42f945cd 622963 h ???????? 003 /wiki/MenschMaschinenMensch
2ee0411.5e 42f945d1 043937 h ???????? 005 /wiki/TaraHunt
2ee05ae.80 42f945cd 043937 h ???????? 002 /wiki/StaDdRat
2ee071d.2d 42f945d1 043937 h ???????? 005 /wiki/HangZhou
2ee0808.90 68eec3c6 ee113c h ???????? 01d /
2ee0809.34 68eec3c6 ee113c h ???????? 002 //https://floatingboat2013.appspot.com
2ee0809.cb 68eec3c6 ee113c h ???????? 005 //wiki/AlanTuring
2ee080a.7f 68eec3c6 ee113c h ???????? 007 //wiki/GottfriedWilhelmLeibniz
2ee080b.14 68eec3c6 ee113c h ???????? 005 //https://floatingboat2013.appspot.com/UrPic
2ee080b.ac 68eec3c6 ee113c h ???????? 001 //https://floatingboat2013.appspot.com/ad
2ee080c.41 68eec3c6 ee113c h ???????? 002 //https://sl4.eu/hls
2ee080c.d6 68eec3c6 ee113c h ???????? 001 //https://sl4.eu/ls
2ee080d.81 68eec3c6 ee113c h ???????? 001 //https://sl4.eu/sh
2ee080e.22 68eec3c6 ee113c h ???????? 005 //https://www.youtube.com/watch
2ee0839.e3 365957fb a13a25 s ???????? 177d /newBlock
2ee084f.1d 365957fb a13a25 s ???????? 36a0 /newBlock
2ee085c.81 365957fb a13a25 s ???????? 16e3 /newBlock
2ee0865.b2 365957fb a13a25 s ???????? 1b3f /newBlock
2ee0868.b6 36ac59c1 a13a25 s ???????? 1691 /newBlock
2ee086d.01 365957fb a13a25 s ???????? 1870 /newBlock
2ee0873.53 365957fb a13a25 s ???????? 1586 /newBlock
2ee088b.4b 36ac59c1 a13a25 s ???????? 1583 /newBlock
2ee087e.02 36ac59c1 a13a25 s ???????? 54d0 /newBlock
2ee0894.93 36ac59c1 a13a25 s ???????? 22a3 /newBlock
2ee089b.db 36ac59c1 a13a25 s ???????? 292e /newBlock
2ee08a2.24 36ac59c1 a13a25 s ???????? 2237 /newBlock
2ee0a9b.6f 365957fb a13a25 s ???????? 17e3 /newBlock
2ee0ab0.bb 365957fb a13a25 s ???????? 13ee /newBlock
2ee0abd.f8 365957fb a13a25 s ???????? 1c02 /newBlock
2ee0ac7.41 365957fb a13a25 s ???????? 1829 /newBlock
2ee0ace.88 365957fb a13a25 s ???????? 17e3 /newBlock
2ee0ad4.da 365957fb a13a25 s ???????? 18b4 /newBlock
2ee0b1e.26 36ac59c1 a13a25 s ???????? 19af /newBlock
2ee0b34.2a 36ac59c1 a13a25 s ???????? 20f6 /newBlock
2ee0b41.6f 36ac59c1 a13a25 s ???????? 1916 /newBlock
2ee0b4a.b6 36ac59c1 a13a25 s ???????? 175f /newBlock
2ee0b52.0a 36ac59c1 a13a25 s ???????? 1c6f /newBlock
2ee0b58.64 36ac59c1 a13a25 s ???????? 199f /newBlock
2ee0bdf.5a 365957fb a13a25 s ???????? 182e /newBlock
2ee0bf4.91 365957fb a13a25 s ???????? 1a7a /newBlock
2ee0c01.d8 365957fb a13a25 s ???????? 161c /newBlock
2ee0c0b.25 365957fb a13a25 s ???????? 15be /newBlock
2ee0c12.6e 365957fb a13a25 s ???????? 18b4 /newBlock
2ee0c18.cb 365957fb a13a25 s ???????? 150f /newBlock
2ee0d1d.41 365957fb a13a25 s ???????? 16c0 /newBlock
2ee0d32.78 365957fb a13a25 s ???????? 153d /newBlock
2ee0d3f.c4 365957fb a13a25 s ???????? 1af7 /newBlock
2ee0d49.12 365957fb a13a25 s ???????? 1714 /newBlock
2ee0d4a.df 36ac59c1 a13a25 s ???????? 1f25 /newBlock
2ee0d50.54 365957fb a13a25 s ???????? 1ebe /newBlock
2ee0d56.a2 365957fb a13a25 s ???????? 18c6 /newBlock
2ee0d60.26 36ac59c1 a13a25 s ???????? 1240 /newBlock
2ee0dac.6c 42f945cd 622963 h ???????? 005 /wiki/NetzSpinne
2ee0e51.24 36ac59c1 a13a25 s ???????? 1b39 /newBlock
2ee0e66.64 36ac59c1 a13a25 s ???????? 1a03 /newBlock
2ee0e73.b4 36ac59c1 a13a25 s ???????? 1793 /newBlock
2ee0e7c.fe 36ac59c1 a13a25 s ???????? 1655 /newBlock
2ee0e84.42 36ac59c1 a13a25 s ???????? 1998 /newBlock
2ee0e8a.a8 36ac59c1 a13a25 s ???????? 1778 /newBlock
2ee0ebc.58 42f95b69 4b7fce h ???????? 002 //rss.rdf
2ee0ebd.63 42f945d5 043937 h ???????? 001 /edit/5615001
2ee11c2.a9 44b4e47c aec21f s ???????? 002 /wiki/RaWa
2ee122b.6b 2d375cca ed6050 s ???????? 01a /
2ee1361.6e bc286647 7dfab1 h ???????? 001 //rss.jsp
2ee1361.9d bc286647 7dfab1 h ???????? 005 //rss.jsp
2ee1377.81 5d9e983e d875cd h ???????? 007 /wiki/BerndDasBrot
2ee1376.b6 365957fb a13a25 s ???????? 1a7d /newBlock
2ee138f.9d 5d9e983e d875cd h ???????? 006 /wiki/CopyRightTraps
2ee1391.c4 5d9e983e d875cd h ???????? 002 /wiki/BikeCount
2ee138b.f2 365957fb a13a25 s ???????? 17e7 /newBlock
2ee1393.c3 5d9e983e d875cd h ???????? 006 /wiki/BaustelMontag
2ee1399.3b 365957fb a13a25 s ???????? 1968 /newBlock
2ee13a3.e3 365957fb a13a25 s ???????? 20cd /newBlock
2ee13ab.31 365957fb a13a25 s ???????? 180c /newBlock
2ee13b1.aa 365957fb a13a25 s ???????? 18b5 /newBlock
2ee1440.b4 5d9e983e d875cd h ???????? 002 /wiki/MathWorld
2ee1442.af 5d9e983e d875cd h ???????? 006 /wiki/ProFessor
2ee1457.b6 42f945d5 622963 h ???????? 002 /wiki/WahrSchein
2ee1887.fe 365957fb a13a25 s ???????? 14d6 /newBlock
2ee189d.47 365957fb a13a25 s ???????? 25c8 /newBlock
2ee18aa.7f 365957fb a13a25 s ???????? 2584 /newBlock
2ee18b4.10 365957fb a13a25 s ???????? 1ae3 /newBlock
2ee18bb.17 365957fb a13a25 s ???????? 1973 /newBlock
2ee18c1.77 365957fb a13a25 s ???????? 1851 /newBlock
2ee1a23.9e 95ca4a7c ff9441 h ???????? 018 /
2ee1a23.d4 95ca4a7c 3fb79d h ???????? 001 /https://floatingboat2013.appspot.com/ad
2ee1a26.03 95ca4a7c 61491d h ???????? 001 /https://floatingboat2013.appspot.com/
2ee1a28.31 95ca4a7c 9dcb48 h ???????? 001 /https://sl4.eu/hls
2ee1a2a.63 95ca4a7c 9dcb48 h ???????? 005 /https://www.youtube.com/watch
2ee1a2c.9f 95ca4a7c f5c6b3 h ???????? 000 /https://sl4.eu/ls
2ee1a2e.e3 95ca4a7c c9309b h ???????? 001 /https://sl4.eu/sh
2ee1a31.1a 95ca4a7c a0e015 h ???????? 001 /https://floatingboat2013.appspot.com/UrPic
2ee1a33.4f 95ca4a7c 61491d h ???????? 004 /wiki/GottfriedWilhelmLeibniz
2ee1a36.86 95ca4a7c 570757 h ???????? 00a /wiki/AlanTuring
2ee1a39.31 95ca4a7c 129ab5 h ???????? 003 /wiki/GottfriedWilhelmLeibniz/css
2ee1a3b.e3 95ca4a7c 9dcb48 h ???????? 006 /wiki/GottfriedWilhelmLeibniz/
2ee1a3e.7e 95ca4a7c 341711 h ???????? 002 /wiki/GottfriedWilhelmLeibniz/wiki/GottfriedWilhelmLeibniz
2ee1a41.13 95ca4a7c 6deb81 h ???????? 003 /wiki/GottfriedWilhelmLeibniz/edit
2ee1a43.ac 95ca4a7c 9dcb48 h ???????? 007 /wiki/GottfriedWilhelmLeibniz/https://code.google.com/p/mindbroker/wiki/GottfriedWilhelmLeibniz.wiki
2ee1a46.43 95ca4a7c 570757 h ???????? 002 /wiki/GottfriedWilhelmLeibniz/wiki/IsA
2ee1a48.e2 95ca4a7c 3fb79d h ???????? 002 /wiki/GottfriedWilhelmLeibniz/wiki/SingularityMind
2ee1a4b.a0 95ca4a7c a16a92 h ???????? 002 /wiki/GottfriedWilhelmLeibniz/wiki/InterWiki
2ee1a4e.29 95ca4a7c 9dcb48 h ???????? 002 /wiki/GottfriedWilhelmLeibniz/iw/DeWikiPedia/Gottfried_Wilhelm_Leibniz
2ee1a50.c4 95ca4a7c 61491d h ???????? 005 /wiki/GottfriedWilhelmLeibniz/iw/[OpenCyc/GottfriedWilhelmLeibniz
2ee1a53.7c 95ca4a7c 3fb79d h ???????? 005 /wiki/GottfriedWilhelmLeibniz/iw/[WebSeitz/GottfriedLeibniz
2ee1a56.2c 95ca4a7c f004c7 h ???????? 007 /wiki/GottfriedWilhelmLeibniz/wiki/BornIn
2ee1a58.c8 95ca4a7c 6c0117 h ???????? 002 /wiki/GottfriedWilhelmLeibniz/wiki/BirthDay
2ee1a5b.60 95ca4a7c 9dcb48 h ???????? 002 /wiki/GottfriedWilhelmLeibniz/wiki/ChildOf
2ee1a5d.73 42f945d5 622963 h ???????? 004 /wiki/ErZaehlung
2ee1a5e.05 95ca4a7c a9ca58 h ???????? 002 /wiki/GottfriedWilhelmLeibniz/wiki/CatherinaSchmuck
2ee1a60.90 95ca4a7c a0e015 h ???????? 002 /wiki/GottfriedWilhelmLeibniz/wiki/FriedrichLeibnuetz
2ee1a63.41 95ca4a7c 8fe5a2 h ???????? 007 /wiki/GottfriedWilhelmLeibniz/wiki/DiedIn
2ee1a65.e1 95ca4a7c 8fe5a2 h ???????? 004 /wiki/GottfriedWilhelmLeibniz/wiki/ViAf
2ee1a68.94 95ca4a7c a9ca58 h ???????? 007 /wiki/GottfriedWilhelmLeibniz/wiki/MindQuote
2ee1a6b.2a 95ca4a7c 42b563 h ???????? 003 /wiki/GottfriedWilhelmLeibniz/wiki/ErWach
2ee1a6d.dd 95ca4a7c f004c7 h ???????? 006 /wiki/GottfriedWilhelmLeibniz/wiki/InFluenced
2ee1af8.bd 36ac59c1 a13a25 s ???????? 1c5f /newBlock
2ee1b0e.02 36ac59c1 a13a25 s ???????? 1de8 /newBlock
2ee1b1b.3f 36ac59c1 a13a25 s ???????? 1b70 /newBlock
2ee1b24.89 36ac59c1 a13a25 s ???????? 1775 /newBlock
2ee1b2b.d2 36ac59c1 a13a25 s ???????? 1bdb /newBlock
2ee1b32.3a 36ac59c1 a13a25 s ???????? 1990 /newBlock
2ee1cd5.f8 42f95b67 4b7fce h ???????? 002 //rss.rdf
2ee1f59.da 36ac59c1 a13a25 s ???????? 1c4e /newBlock
2ee20a9.f9 42f945cd 043937 h ???????? 007 /wiki/DeeHock
2ee211a.06 42f945cd 622963 h ???????? 007 /wiki/ArTelligence
2ee22c3.b5 365957fb a13a25 s ???????? 15b9 /newBlock
2ee22d8.e8 365957fb a13a25 s ???????? 4c1c /newBlock
2ee22e6.2f 365957fb a13a25 s ???????? 1e3e /newBlock
2ee22ef.6c 365957fb a13a25 s ???????? 11f8 /newBlock
2ee24c5.5a d9b68415 433e9c h ???????? 002 /edit/22326003
2ee25f3.6b 36ac59c1 a13a25 s ???????? 1880 /newBlock
2ee2608.a6 36ac59c1 a13a25 s ???????? 27cf /newBlock
2ee2615.f3 36ac59c1 a13a25 s ???????? 1893 /newBlock
2ee261f.70 36ac59c1 a13a25 s ???????? 3219 /newBlock
2ee2626.b8 36ac59c1 a13a25 s ???????? 1a8a /newBlock
2ee262d.1c 36ac59c1 a13a25 s ???????? 1f8a /newBlock
2ee287a.ed 36ac59c1 a13a25 s ???????? 28f9 /newBlock
2ee2892.47 36ac59c1 a13a25 s ???????? 3cdb /newBlock
2ee289f.8f 36ac59c1 a13a25 s ???????? 2716 /newBlock
2ee28a8.fe 36ac59c1 a13a25 s ???????? 1b24 /newBlock
2ee28b0.27 36ac59c1 a13a25 s ???????? 1a10 /newBlock
2ee28bc.66 d9b6843d 433e9c h ???????? 001 /edit/3896001
2ee28b6.8e 36ac59c1 a13a25 s ???????? 191a /newBlock
2ee28da.4a 42f945cd 043937 h ???????? 002 /wiki/AgWiki
2ee296c.b4 365957fb a13a25 s ???????? 1a6f /newBlock
2ee2982.0b 365957fb a13a25 s ???????? 1b48 /newBlock
2ee298f.4f 365957fb a13a25 s ???????? 196c /newBlock
2ee2998.99 365957fb a13a25 s ???????? 19ce /newBlock
2ee299f.e1 365957fb a13a25 s ???????? 1bec /newBlock
2ee29a6.43 365957fb a13a25 s ???????? 1965 /newBlock
2ee2a0e.d3 42f945d1 622963 h ???????? 007 /wiki/GeBurt
2ee2a16.04 42f95b69 70a047 h ???????? 001 //rss.rdf
2ee2a94.b2 42f945cd 043937 h ???????? 006 /wiki/OrtsTeil
2ee2aef.db 42f95b67 4b7fce h ???????? 001 //rss.rdf
2ee2c25.df 42f945d5 043937 h ???????? 002 /wiki/CovenTry
2ee2dad.a9 33ff427c 433e9c h ???????? 002 /wiki/KommuneZwei
2ee2dae.41 42f945cd 043937 h ???????? 006 /wiki/AntWort
2ee2dfb.e4 4e2e2319 7dfab1 h ???????? 002 //rss.jsp
2ee2dfc.12 4e2e2319 7dfab1 h ???????? 002 //rss.jsp
2ee2ea0.1f 365957fb a13a25 s ???????? 2b41 /newBlock
2ee2eb5.5b 365957fb a13a25 s ???????? 1821 /newBlock
2ee2ec2.af 365957fb a13a25 s ???????? 1cdf /newBlock
2ee2ecb.f1 365957fb a13a25 s ???????? 1df7 /newBlock
2ee2ed3.56 365957fb a13a25 s ???????? 1ac6 /newBlock
2ee2ed9.9a 365957fb a13a25 s ???????? 1b8d /newBlock
2ee2f04.6c 42f945d1 043937 h ???????? 002 /wiki/AltStadt
2ee3072.92 42f945d1 622963 h ???????? 004 /wiki/GeHirn
2ee307d.a7 42f945d1 043937 h ???????? 007 /wiki/MindBooks
2ee3091.ac a484a161 433e9c h ???????? 002 /wiki/AlexanderJobst
2ee3115.aa 42f945d5 043937 h ???????? 005 /wiki/LilianeBettencourt
2ee3197.67 bca5ea44 e3b0c4 h ???????? 00a /robots.txt
2ee3199.9b bca5ea44 934ca0 h ???????? 01e /
2ee31ae.3f 365957fb a13a25 s ???????? 1e48 /newBlock
2ee31c3.93 365957fb a13a25 s ???????? 1c72 /newBlock
2ee31d0.d3 365957fb a13a25 s ???????? 1bd9 /newBlock
2ee31df.bf 42f945d5 043937 h ???????? 005 /wiki/TestosteroneLevel
2ee31da.20 365957fb a13a25 s ???????? 1e10 /newBlock
2ee31e1.aa 365957fb a13a25 s ???????? 1f04 /newBlock
2ee31e7.b7 365957fb a13a25 s ???????? 2bb4 /newBlock
2ee31f8.85 42f945d5 043937 h ???????? 002 /wiki/ChrisDodd
2ee3238.7e 42f945d1 043937 h ???????? 003 /wiki/DjOetzi
2ee3247.df 95caaf03 a397c6 h ???????? 01f /
2ee3353.4d 42f945df 043937 s ???????? 007 /wiki/HaDoPi
2ee33a0.65 365957fb a13a25 s ???????? 1ad5 /newBlock
2ee33a7.7c 33ff4128 433e9c h ???????? 001 /edit/28496002
2ee33b5.b0 365957fb a13a25 s ???????? 23d2 /newBlock
2ee33c2.f8 365957fb a13a25 s ???????? 1593 /newBlock
2ee33cc.e0 365957fb a13a25 s ???????? 1862 /newBlock
2ee33cc.41 365957fb a13a25 s ???????? 1b3c /newBlock
2ee33d3.aa 365957fb a13a25 s ???????? 1bf1 /newBlock
2ee33d9.ed 365957fb a13a25 s ???????? 16e1 /newBlock
2ee33e2.56 365957fb a13a25 s ???????? 1620 /newBlock
2ee33ef.05 42f945d5 043937 h ???????? 004 /wiki/AlanKeyes
2ee33f1.8b 365957fb a13a25 s ???????? 154a /newBlock
2ee33fa.f3 365957fb a13a25 s ???????? 151d /newBlock
2ee3402.26 365957fb a13a25 s ???????? 12d6 /newBlock
2ee3408.6a 365957fb a13a25 s ???????? 164c /newBlock
2ee344b.26 c7109db4 45fe92 s ???????? 001 /robots.txt
2ee344b.67 c7109db4 45fe92 s ???????? 01e /
2ee3591.35 42f945d1 043937 h ???????? 003 /wiki/OlafSchubert
2ee35c8.ed 365957fb a13a25 s ???????? 1a41 /newBlock
2ee35de.3b 365957fb a13a25 s ???????? 1714 /newBlock
2ee35e4.b3 4d4b4ea4 6a9392 h ???????? 001 /robots.txt
2ee35e5.bd 4d4b4ea4 6a9392 h ???????? 001 /arb
2ee35eb.8a 365957fb a13a25 s ???????? 1893 /newBlock
2ee35f4.cb 365957fb a13a25 s ???????? 14f6 /newBlock
2ee35fc.12 365957fb a13a25 s ???????? 16b4 /newBlock
2ee3602.5a 365957fb a13a25 s ???????? 1845 /newBlock
2ee3708.a9 365957fb a13a25 s ???????? 3941 /newBlock
2ee371d.e7 365957fb a13a25 s ???????? 1737 /newBlock
2ee372b.31 365957fb a13a25 s ???????? 23f6 /newBlock
2ee3734.83 365957fb a13a25 s ???????? 1fc5 /newBlock
2ee373b.df 365957fb a13a25 s ???????? 1b60 /newBlock
2ee3742.40 365957fb a13a25 s ???????? 1c00 /newBlock
2ee3759.c5 42f945d1 043937 h ???????? 003 /wiki/AlvinToffler
2ee3777.e9 42f945d1 622963 h ???????? 006 /wiki/GedankenSpiel
2ee38e4.2a 42f945cd 043937 h ???????? 003 /wiki/EarlyAdopter
2ee3909.9f 42f95b6b 4b7fce h ???????? 001 //rss.rdf
2ee3a55.71 365957fb a13a25 s ???????? 2256 /newBlock
2ee3a6a.b9 365957fb a13a25 s ???????? 22bf /newBlock
2ee3a77.fd 365957fb a13a25 s ???????? 2094 /newBlock
2ee3a81.41 365957fb a13a25 s ???????? 1743 /newBlock
2ee3a88.8c 365957fb a13a25 s ???????? 1b21 /newBlock
2ee3a8f.00 365957fb a13a25 s ???????? 1a4a /newBlock
2ee3aec.4b 365957fb a13a25 s ???????? 17cb /newBlock
2ee3b01.92 365957fb a13a25 s ???????? 167b /newBlock
2ee3b0e.d3 365957fb a13a25 s ???????? 1d17 /newBlock
2ee3b18.1c 365957fb a13a25 s ???????? 1fed /newBlock
2ee3b1f.82 365957fb a13a25 s ???????? 18fe /newBlock
2ee3b25.d2 365957fb a13a25 s ???????? 1dd3 /newBlock
2ee3ba7.01 365957fb a13a25 s ???????? 1af5 /newBlock
2ee3bbc.41 365957fb a13a25 s ???????? 17d7 /newBlock
2ee3bc9.87 365957fb a13a25 s ???????? 183a /newBlock
2ee3bd2.d1 365957fb a13a25 s ???????? 1646 /newBlock
2ee3bda.1d 365957fb a13a25 s ???????? 1d4e /newBlock
2ee3be0.81 365957fb a13a25 s ???????? 1784 /newBlock
2ee3bf9.8e a484a12b 433e9c h ???????? 005 /edit/23706001
2ee3c07.95 42f945d5 043937 h ???????? 006 /wiki/TimeZone
2ee3d7a.0a 42f945cd 043937 h ???????? 00a /wiki/LadenAuf
2ee3da4.8d 365957fb a13a25 s ???????? 1cef /newBlock
2ee3db9.d6 365957fb a13a25 s ???????? 202c /newBlock
2ee3dc7.21 365957fb a13a25 s ???????? 1b90 /newBlock
2ee3dd0.6b 365957fb a13a25 s ???????? 17ba /newBlock
2ee3dd7.c7 365957fb a13a25 s ???????? 18ab /newBlock
2ee3dde.14 365957fb a13a25 s ???????? 1a2f /newBlock
2ee3e48.88 42f945cd 622963 h ???????? 007 /wiki/DieterRombach
2ee3ee2.f9 42f945d5 043937 h ???????? 004 /wiki/AlwaysOn
2ee3f1e.b7 d9b68439 433e9c h ???????? 001 /edit/27376001
2ee3f85.9d 36ac59c1 a13a25 s ???????? 1986 /newBlock
2ee3f9a.df 36ac59c1 a13a25 s ???????? 17d0 /newBlock
2ee3fa8.2a 36ac59c1 a13a25 s ???????? 17c0 /newBlock
2ee3fb1.6d 36ac59c1 a13a25 s ???????? 24bd /newBlock
2ee3fb8.ba 36ac59c1 a13a25 s ???????? 1e6c /newBlock
2ee3fbf.02 36ac59c1 a13a25 s ???????? 1b01 /newBlock
2ee3fcc.ab 365957fb a13a25 s ???????? 1b7d /newBlock
2ee3fe1.f6 365957fb a13a25 s ???????? 1a13 /newBlock
2ee3fef.40 365957fb a13a25 s ???????? 1b53 /newBlock
2ee3ff8.8c 365957fb a13a25 s ???????? 1a4b /newBlock
2ee4000.8b 365957fb a13a25 s ???????? 1a28 /newBlock
2ee4006.f0 365957fb a13a25 s ???????? 1a75 /newBlock
2ee4076.3f 42f945d1 043937 h ???????? 008 /wiki/LifeCell
2ee4084.ca 36ac59c1 a13a25 s ???????? 1961 /newBlock
2ee409a.11 36ac59c1 a13a25 s ???????? 1a5c /newBlock
2ee40a7.60 36ac59c1 a13a25 s ???????? 17a3 /newBlock
2ee40b0.ab 36ac59c1 a13a25 s ???????? 17c4 /newBlock
2ee40b7.ef 36ac59c1 a13a25 s ???????? 187d /newBlock
2ee40be.55 36ac59c1 a13a25 s ???????? 15b7 /newBlock
2ee41d7.61 42f9415a 043937 h ???????? 005 /wiki/NichtTun
2ee4250.ee 5dae5dd2 2dfaf2 h ???????? 01f /
2ee4342.0c 9e457636 fdc79c h ???????? 022 /
2ee434c.84 42f945cd 043937 h ???????? 002 /wiki/LockSchuppen
2ee43fc.09 42f945e7 043937 s ???????? 007 /wiki/SCtFUM
2ee44ae.20 365957fb a13a25 s ???????? 19d2 /newBlock
2ee44c3.5d 365957fb a13a25 s ???????? 1a65 /newBlock
2ee44d0.a8 365957fb a13a25 s ???????? 1b20 /newBlock
2ee44d9.f2 365957fb a13a25 s ???????? 1993 /newBlock
2ee44e1.3a 365957fb a13a25 s ???????? 1e0f /newBlock
2ee44e7.81 365957fb a13a25 s ???????? 1d78 /newBlock
2ee4602.44 44b4e47c aec21f h ???????? 002 /robots.txt
2ee4603.06 44b4e47c aec21f h ???????? 006 /wiki/WissensArchitektur
2ee471a.b5 42f95b67 4b7fce h ???????? 006 //rss.rdf
2ee47bb.af 36e07761 12df02 h ???????? 001 /sitemap.xml
2ee4918.59 42f945d1 043937 h ???????? 003 /wiki/EnsId
2ee4a99.21 cf2e0d54 6a88e8 s ???????? 001 /robots.txt
2ee4aa5.25 cf2e0d54 6a88e8 s ???????? 022 /
2ee4aad.52 42f945d1 043937 h ???????? 003 /wiki/ContRol
2ee4ade.f8 33ff4153 433e9c h ???????? 002 /edit/30836001
2ee4cc2.8e 42f945cd 043937 h ???????? 007 /wiki/MetaWeb
2ee4ce6.12 36ac59c1 a13a25 s ???????? 1d58 /newBlock
2ee4cfb.48 36ac59c1 a13a25 s ???????? 17d2 /newBlock
2ee4d08.93 36ac59c1 a13a25 s ???????? 1820 /newBlock
2ee4d10.25 36ac59c1 a13a25 s ???????? 14d5 /newBlock
2ee4d11.dc 36ac59c1 a13a25 s ???????? 17c0 /newBlock
2ee4d19.26 36ac59c1 a13a25 s ???????? 2936 /newBlock
2ee4d1f.6e 36ac59c1 a13a25 s ???????? 1c28 /newBlock
2ee4d25.88 36ac59c1 a13a25 s ???????? 1613 /newBlock
2ee4d32.d7 36ac59c1 a13a25 s ???????? 16e8 /newBlock
2ee4d3c.40 36ac59c1 a13a25 s ???????? 1403 /newBlock
2ee4d43.68 36ac59c1 a13a25 s ???????? 1660 /newBlock
2ee4d49.b0 36ac59c1 a13a25 s ???????? 148f /newBlock
2ee4ea1.ff 42f945d5 043937 h ???????? 006 /wiki/JustDoIt
2ee4fb5.f8 4d4b4ea5 6a9392 h ???????? 001 /robots.txt
2ee4fb6.a6 4d4b4ea5 6a9392 h ???????? 001 /StarTime
2ee5049.8d 42f945cd 043937 h ???????? 002 /wiki/MindMusic
2ee5050.a3 365957fb a13a25 s ???????? 1a09 /newBlock
2ee5069.57 365957fb a13a25 s ???????? 1a58 /newBlock
2ee5076.9f 365957fb a13a25 s ???????? 1b3c /newBlock
2ee507f.e6 365957fb a13a25 s ???????? 1a47 /newBlock
2ee5087.2f 365957fb a13a25 s ???????? 1a4a /newBlock
2ee508d.b3 365957fb a13a25 s ???????? 17a9 /newBlock
2ee5187.07 42f945d5 622963 h ???????? 002 /wiki/TuiLuna
2ee5182.47 365957fb a13a25 s ???????? 1925 /newBlock
2ee5197.86 365957fb a13a25 s ???????? 16e3 /newBlock
2ee51a4.cd 365957fb a13a25 s ???????? 1a4e /newBlock
2ee51ae.17 365957fb a13a25 s ???????? 16d8 /newBlock
2ee51b5.5b 365957fb a13a25 s ???????? 1a0f /newBlock
2ee51bb.e3 365957fb a13a25 s ???????? 2319 /newBlock
2ee537f.b0 42f95b67 70a047 h ???????? 004 //rss.rdf
2ee5534.3b 42f95b6b 4b7fce h ???????? 002 //rss.rdf
2ee55be.c0 42f945d5 043937 h ???????? 006 /wiki/CroQuet
2ee55e7.c6 365957fb a13a25 s ???????? 1532 /newBlock
2ee55fd.11 365957fb a13a25 s ???????? 1762 /newBlock
2ee560a.75 365957fb a13a25 s ???????? 169b /newBlock
2ee5613.9b 365957fb a13a25 s ???????? 1aed /newBlock
2ee561a.e2 365957fb a13a25 s ???????? 423a /newBlock
2ee5621.2a 365957fb a13a25 s ???????? 363a /newBlock
2ee562c.87 36ac59c1 a13a25 s ???????? 17c5 /newBlock
2ee5641.d9 36ac59c1 a13a25 s ???????? 29e9 /newBlock
2ee564f.0d 36ac59c1 a13a25 s ???????? 1914 /newBlock
2ee5658.54 36ac59c1 a13a25 s ???????? 1d89 /newBlock
2ee565f.c8 36ac59c1 a13a25 s ???????? 1a42 /newBlock
2ee5666.3a 36ac59c1 a13a25 s ???????? 1633 /newBlock
2ee5668.ec 365957fb a13a25 s ???????? 1bd7 /newBlock
2ee567e.34 365957fb a13a25 s ???????? 2304 /newBlock
2ee568b.89 365957fb a13a25 s ???????? 2afb /newBlock
2ee5698.7a 42f945d1 043937 h ???????? 006 /wiki/HongKong
2ee5694.d1 365957fb a13a25 s ???????? 1e08 /newBlock
2ee569c.38 365957fb a13a25 s ???????? 1d21 /newBlock
2ee56a2.65 365957fb a13a25 s ???????? 1a69 /newBlock
2ee57e6.c4 42f945cd 622963 h ???????? 006 /wiki/TakeOff
2ee582a.7e 42f945d5 043937 h ???????? 003 /wiki/ConnectsTo
2ee58e0.c3 365957fb a13a25 s ???????? 22ac /newBlock
2ee58f6.09 365957fb a13a25 s ???????? 2aca /newBlock
2ee5903.4f 365957fb a13a25 s ???????? 45e6 /newBlock
2ee590c.9f 365957fb a13a25 s ???????? 292b /newBlock
2ee591d.47 365957fb a13a25 s ???????? 211b /newBlock
2ee5917.02 365957fb a13a25 s ???????? 975f /newBlock
2ee592d.95 36ac59c1 a13a25 s ???????? 480c /newBlock
2ee5918.4a 36ac59c1 a13a25 s ???????? 9f67 /newBlock
2ee593a.dd 36ac59c1 a13a25 s ???????? 287e /newBlock
2ee5944.25 36ac59c1 a13a25 s ???????? 355a /newBlock
2ee594b.6e 36ac59c1 a13a25 s ???????? 2608 /newBlock
2ee596f.c3 36ac59c1 a13a25 s ???????? 4158 /newBlock
2ee5992.83 42f945d1 043937 h ???????? 003 /wiki/HueblerStrasse
2ee5985.01 36ac59c1 a13a25 s ???????? 4bbe /newBlock
2ee5992.49 36ac59c1 a13a25 s ???????? 3914 /newBlock
2ee59a2.dc 36ac59c1 a13a25 s ???????? 29df /newBlock
2ee59a9.25 36ac59c1 a13a25 s ???????? 1dd9 /newBlock
2ee599b.b4 36ac59c1 a13a25 s ???????? 7385 /newBlock
2ee5a2a.41 a484a13c 433e9c h ???????? 008 /wiki/MindEis
2ee5afd.c5 42f945d5 043937 h ???????? 006 /wiki/LoschwitzerStrasse
2ee5b66.af cf2e0d14 6a88e8 h ???????? 001 //robots.txt
2ee5b88.df 36ac59c1 a13a25 s ???????? 20c6 /newBlock
2ee5b9e.28 36ac59c1 a13a25 s ???????? 4acc /newBlock
2ee5bb4.be 36ac59c1 a13a25 s ???????? 1c04 /newBlock
2ee5bab.79 36ac59c1 a13a25 s ???????? 5e16 /newBlock
2ee5bbc.0d 36ac59c1 a13a25 s ???????? 2500 /newBlock
2ee5bc2.54 36ac59c1 a13a25 s ???????? 1a10 /newBlock
2ee5be8.ce 33ff427e 433e9c h ???????? 001 /edit
2ee5c81.83 365957fb a13a25 s ???????? 2a87 /newBlock
2ee5c96.bf 365957fb a13a25 s ???????? 2270 /newBlock
2ee5ca4.1a 365957fb a13a25 s ???????? 28e9 /newBlock
2ee5cad.68 365957fb a13a25 s ???????? 2129 /newBlock
2ee5cb4.a9 365957fb a13a25 s ???????? 20d3 /newBlock
2ee5cc7.2d 33ff4271 433e9c h ???????? 001 /hear/97081cfceb56669ec9060051c108323e
2ee5cba.f0 365957fb a13a25 s ???????? a421 /newBlock
2ee5ddc.59 42f945d5 622963 h ???????? 002 /wiki/ZuKunft
2ee5eaa.34 33ff4155 433e9c h ???????? 002 /edit/22486001
2ee613f.d2 36ac59c1 a13a25 s ???????? 1b7d /newBlock
2ee6155.16 36ac59c1 a13a25 s ???????? 2036 /newBlock
2ee6162.5e 36ac59c1 a13a25 s ???????? 26b6 /newBlock
2ee616b.cd 36ac59c1 a13a25 s ???????? 204c /newBlock
2ee6172.f1 36ac59c1 a13a25 s ???????? 1a8c /newBlock
2ee6179.57 36ac59c1 a13a25 s ???????? 1a00 /newBlock
2ee624e.31 365957fb a13a25 s ???????? 4af3 /newBlock
2ee6263.6d 365957fb a13a25 s ???????? 3ac5 /newBlock
2ee6270.b7 365957fb a13a25 s ???????? 270e /newBlock
2ee627a.21 365957fb a13a25 s ???????? 491f /newBlock
2ee6287.9a 365957fb a13a25 s ???????? 238b /newBlock
2ee6281.55 365957fb a13a25 s ???????? 4319 /newBlock
2ee6296.1f 365957fb a13a25 s ???????? 2439 /newBlock
2ee62ab.47 365957fb a13a25 s ???????? 27cf /newBlock
2ee62bb.99 365957fb a13a25 s ???????? 37d7 /newBlock
2ee62c4.e0 365957fb a13a25 s ???????? 2255 /newBlock
2ee62cc.29 365957fb a13a25 s ???????? 2763 /newBlock
2ee62d2.ac 365957fb a13a25 s ???????? 2a97 /newBlock
2ee62e2.e8 36ac59c1 a13a25 s ???????? 3c8c /newBlock
2ee62f0.3d 36ac59c1 a13a25 s ???????? 23c5 /newBlock
2ee62cd.c7 36ac59c1 a13a25 s ???????? ab60 /newBlock
2ee62f9.a4 36ac59c1 a13a25 s ???????? 2ed8 /newBlock
2ee6300.d0 36ac59c1 a13a25 s ???????? 2829 /newBlock
2ee6307.34 36ac59c1 a13a25 s ???????? 2123 /newBlock
2ee634d.d0 42f95b6b 4b7fce h ???????? 001 //rss.rdf
2ee6488.6e 42f945d5 622963 h ???????? 003 /wiki/ComPlex
2ee649e.a1 42f945cd 043937 h ???????? 003 /wiki/TrWo
2ee6524.1c 365957fb a13a25 s ???????? 975b /newBlock
2ee6539.69 365957fb a13a25 s ???????? 4c3f /newBlock
2ee6546.a7 365957fb a13a25 s ???????? 2593 /newBlock
2ee6550.11 365957fb a13a25 s ???????? 25fd /newBlock
2ee655d.86 365957fb a13a25 s ???????? 1ff2 /newBlock
2ee6557.3d 365957fb a13a25 s ???????? b324 /newBlock
2ee65b1.d2 c7109db5 45fe92 s ???????? 004 /robots.txt
2ee65b2.11 c7109db5 45fe92 s ???????? 01a /
2ee6770.d2 b44c0f0a fa643b h ???????? 001 /robots.txt
2ee6770.d0 b44c0fa2 fa643b h ???????? 00b /robots.txt
2ee6781.bb 42f945d5 043937 h ???????? 001 /edit/5213001
2ee67fc.29 b44c0f15 a04d28 h ???????? 007 /wiki/NooPolis
2ee691b.af 42f945cd 043937 h ???????? 002 /wiki/AltKoetzschenbroda
2ee6992.79 365957fb a13a25 s ???????? 29ea /newBlock
2ee69a7.ba 365957fb a13a25 s ???????? 27a4 /newBlock
2ee69b5.02 365957fb a13a25 s ???????? 1d5a /newBlock
2ee69be.4c 365957fb a13a25 s ???????? 20ff /newBlock
2ee69c5.9e 365957fb a13a25 s ???????? 1f94 /newBlock
2ee69cb.e7 365957fb a13a25 s ???????? 1e30 /newBlock
2ee6ae1.7f 4d4b4f11 6a9392 h ???????? 001 /robots.txt
2ee6ae2.55 4d4b4f11 6a9392 h ???????? 002 /wiki/CoConsulting
2ee6b7f.d1 42f945cd 622963 h ???????? 007 /wiki/MoegLich
2ee6c0e.b7 36ac59c1 a13a25 s ???????? 2b63 /newBlock
2ee6c23.fe 36ac59c1 a13a25 s ???????? 2a04 /newBlock
2ee6c3b.5c 36ac59c1 a13a25 s ???????? 1fe0 /newBlock
2ee6c42.c4 36ac59c1 a13a25 s ???????? 2200 /newBlock
2ee6c31.3a 36ac59c1 a13a25 s ???????? 9b76 /newBlock
2ee6c48.f5 36ac59c1 a13a25 s ???????? 9607 /newBlock
2ee7093.7f 36ac59c1 a13a25 s ???????? 1c5e /newBlock
2ee70a8.bb 36ac59c1 a13a25 s ???????? 197b /newBlock
2ee70b6.10 36ac59c1 a13a25 s ???????? 1f83 /newBlock
2ee70bf.52 36ac59c1 a13a25 s ???????? 1bb2 /newBlock
2ee70c6.9e 36ac59c1 a13a25 s ???????? 32ae /newBlock
2ee70cc.e7 36ac59c1 a13a25 s ???????? 1b66 /newBlock
2ee7167.de 42f95b69 4b7fce h ???????? 001 //rss.rdf
2ee725d.0d 42f945d1 622963 h ???????? 00b /wiki/WirkLich
2ee72dd.a3 365957fb a13a25 s ???????? 1820 /newBlock
2ee72f2.f5 365957fb a13a25 s ???????? 19bc /newBlock
2ee7300.3f 365957fb a13a25 s ???????? 19f0 /newBlock
2ee7309.84 365957fb a13a25 s ???????? 1a78 /newBlock
2ee7310.d0 365957fb a13a25 s ???????? 1adb /newBlock
2ee7317.36 365957fb a13a25 s ???????? 1ed8 /newBlock
2ee740f.49 42f945d1 043937 h ???????? 002 /wiki/NewMoney
2ee7481.52 5f9cfb0a b65f99 h ???????? 019 /
2ee757c.87 42f945d5 043937 h ???????? 003 /wiki/FoafTitle
2ee7647.3c 3e9ef5c5 4817c5 s a991d690 005 /feel/acf0/
2ee7656.fe 3e9ef5c5 4817c5 s a991d690 001 /feel/ad00/
2ee7667.19 3e9ef5c5 4817c5 s a991d690 001 /feel/ad10/
2ee7677.ed 3e9ef5c5 4817c5 s a991d690 001 /feel/ad20/
2ee7688.27 3e9ef5c5 4817c5 s a991d690 002 /feel/ad30/
2ee7697.cc 3e9ef5c5 4817c5 s a991d690 009 /alive/ad40/
2ee7697.d3 3e9ef5c5 4817c5 s a991d690 001 /feel/ad40/
2ee76a7.ce 3e9ef5c5 4817c5 s a991d690 001 /feel/ad50/
2ee76b7.b0 3e9ef5c5 4817c5 s a991d690 001 /feel/ad60/
2ee76c7.b2 3e9ef5c5 4817c5 s a991d690 001 /feel/ad70/
2ee76d7.b6 3e9ef5c5 4817c5 s a991d690 001 /feel/ad80/
2ee76dc.a5 365957fb a13a25 s ???????? 1a0e /newBlock
2ee76e5.83 42f945d1 043937 h ???????? 002 /wiki/UnLimited
2ee76e7.b2 3e9ef5c5 4817c5 s a991d690 001 /feel/ad90/
2ee76f7.d6 3e9ef5c5 4817c5 s a991d690 001 /feel/ada0/
2ee76f1.e9 365957fb a13a25 s ???????? 19a9 /newBlock
2ee76ff.32 365957fb a13a25 s ???????? 16f7 /newBlock
2ee7707.b5 3e9ef5c5 4817c5 s a991d690 001 /feel/adb0/
2ee7708.95 365957fb a13a25 s ???????? 1808 /newBlock
2ee770f.c6 365957fb a13a25 s ???????? 1715 /newBlock
2ee7717.b2 3e9ef5c5 4817c5 s a991d690 001 /feel/adc0/
2ee7716.11 365957fb a13a25 s ???????? 167e /newBlock
2ee7727.b4 3e9ef5c5 4817c5 s a991d690 005 /feel/add0/
2ee7737.b2 3e9ef5c5 4817c5 s a991d690 001 /feel/ade0/
2ee7747.bc 3e9ef5c5 4817c5 s a991d690 002 /feel/adf0/
2ee7757.b6 3e9ef5c5 4817c5 s a991d690 001 /feel/ae00/
2ee7758.b5 3e9ef5c5 4817c5 s a991d690 044 /exec/gs
2ee7765.58 3e9ef5c5 4817c5 s a991d690 53f /exec/git%20add%20a%20bh%20ua;git%20commit%20-am%22git%20add%20a%20bh%20ua%22
2ee7767.a6 3e9ef5c5 4817c5 s a991d690 001 /feel/ae10/
2ee776d.2b 3e9ef5c5 4817c5 s a991d690 021 /exec/gs
2ee7777.b5 3e9ef5c5 4817c5 s a991d690 002 /feel/ae20/
2ee7787.b7 3e9ef5c5 4817c5 s a991d690 001 /feel/ae30/
2ee778f.da 3e9ef5c5 4817c5 s a991d690 01f /exec/git%20add%20ad2ee.log%20ur2ee.log
2ee7797.b7 3e9ef5c5 4817c5 s a991d690 00a /feel/ae40/
2ee7798.18 3e9ef5c5 4817c5 s a991d690 028 /exec/gs
2ee77a7.b4 3e9ef5c5 4817c5 s a991d690 002 /feel/ae50/
2ee77b7.b2 3e9ef5c5 4817c5 s a991d690 001 /feel/ae60/
