2e1019d.89 42f94c8a 043937 h ???????? 003 /wiki/UmWelt
2e101b5.13 42f94c86 043937 h ???????? 002 /wiki/UnRead
2e10359.2a 42f94c8a 043937 h ???????? 003 /wiki/BackLink
2e104ad.a9 42f94c88 043937 h ???????? 001 //robots.txt
2e104df.43 42f942d1 043937 h ???????? 001 /edit/36156004
2e105d2.ef 42f94c8a 043937 h ???????? 001 //PageInfo.jsp
2e1066b.a7 42f942d5 043937 h ???????? 003 /wiki/LarryPage
2e1067e.65 a484a145 433e9c h ???????? 001 /edit/28106001
2e106a7.50 42f95cc9 70a047 h ???????? 001 //rss.rdf
2e10833.df 42f94c86 043937 h ???????? 00a /wiki/ParteiWiki
2e109d5.60 42f942d1 043937 h ???????? 004 /wiki/GrundStrasse
2e10ab3.48 3ff3fc67 a04d28 h ???????? 002 /wiki/LockCoupon
2e10ab4.9b b44c0f0a fa643b h ???????? 001 /robots.txt
2e10bdb.f6 42f942d1 043937 h ???????? 003 /wiki/XingLe
2e10d66.82 42f94c86 043937 h ???????? 003 /wiki/MindBau
2e10f2a.57 42f94c86 043937 h ???????? 003 /wiki/ReVision
2e110b4.70 42f94c86 043937 h ???????? 003 /wiki/LeWs8oUX
2e11160.4c a3ac4296 433e9c h ???????? 001 /edit/25346008
2e11220.7b 42f942d1 043937 h ???????? 002 /wiki/JoeBiden
2e112b6.44 b44c0f8c a04d28 h ???????? 002 /feed
2e1135e.d8 42f94c8a 043937 h ???????? 002 /wiki/ArmOne
2e113cf.1e 42f94c86 043937 h ???????? 002 /wiki/AnettScheibe
2e11589.81 42f94c88 043937 h ???????? 002 /wiki/GottfriedWilhelmLeibniz
2e11b05.12 42f942d5 043937 h ???????? 003 /wiki/ReSource
2e11f6c.9b a3ac426d 433e9c h ???????? 002 /edit/29276001
2e11f8c.1c 0817340a 3e0386 s ???????? 05a /
2e11f8d.06 0817340a 3e0386 s ???????? 002 /favicon.ico
2e1232e.8c 33ff427e 433e9c h ???????? 002 /edit
2e12393.c6 5d9e983e e4b041 h ???????? 001 /robots.txt
2e12397.8e 5d9e983e e4b041 h ???????? 002 /wiki/MyWikiWall
2e12436.91 8d088e0f e4b041 s ???????? 001 /robots.txt
2e1243a.5d 8d088e0f e4b041 s ???????? 13ca /age
2e1247c.91 33ff427c 433e9c h ???????? 003 /wiki/KommuneZwei
2e12485.20 5f6cb30f e4b041 h ???????? 003 /wiki/HechtViertel
2e124ce.a4 8d088ea4 e4b041 h ???????? 002 /wiki/UnterNehmer
2e124d2.7e 8d088e9a e4b041 h ???????? 002 /wiki/SocietyConspiracy
2e12521.85 42f94c88 043937 h ???????? 002 /wiki/HumanOs
2e12a17.fc 5f6cd507 e4b041 h ???????? 002 /edit/32886001
2e12a51.4c c1c9e16d 5484ba h ???????? 03c /
2e12d52.e4 25097ac9 e4b041 h ???????? 001 /robots.txt
2e12d56.c5 25097ac9 e4b041 h ???????? 003 /wiki/AnneHeintze
2e12f29.11 33ff427c 433e9c h ???????? 003 /wiki/SchickSaal
2e12fe6.7e b29abdcc e4b041 h ???????? 003 /wiki/MyOpenId
2e136e4.a1 42f94c86 043937 h ???????? 002 /wiki/InIhr
2e13825.a9 42f94c88 043937 h ???????? 003 /wiki/StadtWiki
2e13a2d.28 42f942cd 043937 h ???????? 003 /wiki/LadenAuf
2e13c40.f6 42f94c86 043937 h ???????? 003 /wiki/NooPolis
2e13d9a.dd d8f442e3 2e51d1 h ???????? 002 //robots.txt
2e13e0e.52 42f94c86 043937 h ???????? 001 /edit/40166002
2e13f91.dc 42f942cd 043937 h ???????? 003 /wiki/MindFave
2e1404e.6f 42f942d5 622963 h ???????? 002 /wiki/IsA
2e14122.1f 42f942d5 043937 h ???????? 003 /wiki/TrueLove
2e1417e.94 cf2e0ddd 6a88e8 h ???????? 002 //robots.txt
2e142e7.43 42f94c86 043937 h ???????? 002 /wiki/HundredBikes
2e1446d.6f 42f942d1 043937 h ???????? 003 /wiki/UweVetterick
2e145d1.a1 5d9e983e e4b041 h ???????? 002 /robots.txt
2e145d5.85 5d9e983e e4b041 h ???????? 005 /wiki/GroupFooter
2e1469b.26 42f94c8a 043937 h ???????? 003 /wiki/SwOt
2e147fd.03 5093bebd 855216 h ???????? 03e /
2e14817.bb 42f94c86 043937 h ???????? 002 /wiki/PeBu
2e148a7.81 42f94c88 043937 h ???????? 003 /wiki/WebLog
2e149cf.4c 42f942d5 043937 h ???????? 003 /wiki/MaWe
2e14b70.24 42f942d1 043937 h ???????? 002 /wiki/ElbTaler
2e14d84.78 3e9ef5c5 5b35cd h a991d690 048 /
2e15184.4c 3e9ef5c5 09070b h ???????? 04f /
2e15184.82 3e9ef5c5 09070b h ???????? 001 /favicon.ico
2e153b7.8f 42f95cc9 70a047 h ???????? 001 //rss.rdf
2e153f2.ce 42f94c86 043937 h ???????? 002 /wiki/HuMan
2e15481.78 858231a6 371ef8 h ???????? 002 /1
2e154a5.96 be81189a bf956c h ???????? 001 /webdav/
2e1556f.90 42f94c86 043937 h ???????? 002 /wiki/ProSa
2e156d6.68 42f94c88 043937 h ???????? 003 /wiki/JackPot
2e15843.47 42f94c88 043937 h ???????? 002 /wiki/ComPlex
2e158e6.21 d05cdaa2 e78e5f h ???????? 047 /
2e158e6.70 d05cdaa2 e78e5f h ???????? 001 /favicon.ico
2e15925.8e 5d9e983e d875cd h ???????? 003 /wiki/HechtViertel
2e159a8.83 42f94c86 043937 h ???????? 002 /wiki/TyPo
2e15a6a.7f 42f94c86 043937 h ???????? 003 /wiki/PhLe
2e15ba7.04 42f94c88 043937 h ???????? 004 /wiki/IsIn
2e15d52.d4 42f94c86 043937 h ???????? 004 /wiki/JaiKu
2e15dd4.b9 33ff426a 433e9c h ???????? 002 /wiki/GenSeidenFaden
2e15ebd.7c 33ff4271 433e9c h ???????? 002 /hear/97081cfceb56669ec9060051c108323e
2e15f10.55 42f94c88 043937 h ???????? 002 /wiki/IchAg
2e15fc0.cf 5d9e983e e4b041 s ???????? 243a /math
2e15fca.a5 5d9e983e e4b041 s ???????? 2e4 /memo
2e15fce.77 5d9e983e e4b041 s ???????? 164e /phim
2e15ff0.06 a3ac417e 433e9c h ???????? 001 /edit/24496002
2e16083.9e 8d088e0f e4b041 h ???????? 00e /wiki/MindPhp
2e16084.83 42f94c88 622963 h ???????? 002 /wiki/DbLp
2e16087.6f 05fffd51 e4b041 h ???????? 002 /wiki/UtMo
2e1608a.2b 42f94c86 043937 h ???????? 002 /wiki/DelIq
2e1608b.32 5d9e984f e4b041 h ???????? 002 /wiki/StillStanding
2e1608e.e2 05fffd3a e4b041 h ???????? 002 /wiki/FelixBraun
2e16092.8f b29ac82d e4b041 h ???????? 002 /wiki/GreenLounge
2e16096.3f b29ac825 e4b041 h ???????? 002 /wiki/MindDesign
2e16099.cc 8d088e0f e4b041 h ???????? 002 /wiki/UschiAg
2e1609d.62 5d9e983e e4b041 h ???????? 002 /wiki/MoritzMetz
2e160a0.ec 05fffd3f e4b041 h ???????? 002 /wiki/AnWei
2e160a4.68 8d088e26 e4b041 h ???????? 002 /wiki/FlotUs
2e160a7.e3 5f6cb30f e4b041 h ???????? 001 /edit/18846001
2e160ab.78 5d9e983e e4b041 h ???????? 002 /wiki/WorldDomination
2e160ae.c9 5d9e983e e4b041 h ???????? 002 /wiki/KokzrO3
2e160b2.3d 5d9e983e e4b041 h ???????? 002 /wiki/NewsFeed
2e160b5.9a 5d9e983e e4b041 h ???????? 003 /wiki/VrMl
2e160b8.f3 5d9e983e e4b041 h ???????? 002 /wiki/CoWork
2e160bc.65 5d9e983e e4b041 h ???????? 002 /wiki/KuKa
2e160bf.9b 5d9e983e e4b041 h ???????? 005 /wiki/%3Ca%20class=%22blue%22%20href=%22
2e160c2.e3 5d9e983e e4b041 h ???????? 002 /wiki/SmokeStop
2e160c6.40 5d9e983e e4b041 h ???????? 001 /edit
2e160c9.63 5d9e983e e4b041 h ???????? 002 /wiki/GummoMarx
2e160cc.93 5d9e983e e4b041 h ???????? 002 /wiki/ImmerWieder
2e160cf.bf 5d9e983e e4b041 h ???????? 002 /wiki/91003
2e160d2.e5 5d9e983e e4b041 h ???????? 002 /wiki/ComPare
2e160d6.06 5d9e983e e4b041 h ???????? 002 /wiki/VirtualCash
2e160d9.27 5d9e983e e4b041 h ???????? 002 /wiki/MindMark
2e160dc.43 5d9e983e e4b041 h ???????? 002 /wiki/JoergSchmidt
2e160df.4c 5d9e983e e4b041 h ???????? 002 /wiki/AugustusBruecke
2e160e2.4e 5d9e983e e4b041 h ???????? 001 /wiki/RaumSchiff
2e160e5.7a 5d9e983e e4b041 h ???????? 002 /wiki/WikiWeiberZwo
2e160e8.50 5d9e983e e4b041 h ???????? 002 /wiki/CycloTron
2e160eb.9d 5d9e983e e4b041 h ???????? 001 /wiki/HubertGertis
2e160ee.57 5d9e983e e4b041 h ???????? 003 /wiki/WorldChess
2e160f1.36 5d9e983e e4b041 h ???????? 001 /wiki/MindRace
2e160f4.1b 5d9e983e e4b041 h ???????? 008 /wiki/SocialObject
2e160f6.f8 5d9e983e e4b041 h ???????? 003 /wiki/SQuirreLSQL
2e160f9.d0 5d9e983e e4b041 h ???????? 001 /wiki/VertrauensWaehrung
2e160fc.a5 5d9e983e e4b041 h ???????? 002 /wiki/ShitErleSays
2e160ff.84 5d9e983e e4b041 h ???????? 003 /wiki/PeterSloterdijk
2e161d7.0e 33ff427f 433e9c h ???????? 003 /wiki/RainerWasserfuhrHasKissed
2e1621e.cd c73b96b6 45fe92 h ???????? 001 /robots.txt
2e1621e.f9 c73b96b6 45fe92 h ???????? 001 /nlp
2e16225.2a 42f942cd 043937 h ???????? 002 /wiki/UnTil
2e16276.9e cf2e0d59 6a88e8 h ???????? 001 /wiki/NanoBeton
2e163be.8a 42f94c88 043937 h ???????? 002 /wiki/TriBy
2e163ee.63 284da736 6a88e8 h ???????? 002 /wiki/WillsteQuatschen
2e164ce.82 5d9e983e e4b041 h ???????? 002 /wiki/BahnTaler
2e16558.fd 42f942d5 043937 h ???????? 001 /wiki/KindOf
2e165f1.c3 44b4e53a aec21f h ???????? 001 /robots.txt
2e165f2.94 44b4e53a aec21f h ???????? 036 /
2e166e3.82 42f942d1 043937 h ???????? 002 /wiki/CorRel
2e1684c.17 42f94c8a 043937 h ???????? 00a /wiki/MindApi
2e1688a.ab b44c0f0f a04d28 h ???????? 001 /edit/6216001
2e1693f.3a 36503fea 2baa92 h ???????? 041 /
2e169b6.41 42f94c86 043937 h ???????? 002 /wiki/GeDicht
2e16b24.c5 42f94c88 043937 h ???????? 002 /wiki/TotHolz
2e16c5a.d6 42f94c88 043937 h ???????? 003 /wiki/StZfV
2e16cb2.f2 42f94c88 043937 h ???????? 003 /wiki/TwittEr
2e16e24.fb 42f942d1 043937 h ???????? 002 /wiki/EdRegis
2e16f82.18 c744c47d c2bd49 h ???????? 048 /
2e16f94.7a 42f94c86 043937 h ???????? 002 /wiki/DeBate
2e170ed.c8 42f95cc7 70a047 h ???????? 001 //rss.rdf
2e17114.95 42f94c86 043937 h ???????? 002 /wiki/CoCrPt
2e172ae.67 42f94c88 043937 h ???????? 002 /wiki/SiggiB
2e17425.22 42f94c8a 043937 h ???????? 004 /wiki/MindGap
2e17591.4c 284da703 6a88e8 h ???????? 002 /wiki/InterWiki
2e175a2.c7 42f942d1 043937 h ???????? 002 /wiki/ErWacht
2e17746.1a 42f94c86 043937 h ???????? 002 /wiki/EinNahme
2e178cf.ff 42f94c88 043937 h ???????? 002 /wiki/CarTraum
2e17a68.52 42f942d5 043937 h ???????? 002 /wiki/TastaTur
2e17b95.54 42f942cd 043937 h ???????? 002 /wiki/HolgerFleischer
2e17be3.d2 5f6cb30f d875cd h ???????? 002 /wiki/GroupFooter
2e17bf3.db 42f94c86 043937 h ???????? 002 /wiki/CoolURIs
2e17cc6.90 59cc8ad9 2ccf3e h ???????? 037 /
2e17ce7.36 59cc8ad9 2ccf3e h ???????? 001 /favicon.ico
2e17d82.0d 42f942d1 043937 h ???????? 002 /wiki/WilhelmEuler
2e17d82.f4 42f942d1 043937 h ???????? 002 /wiki/AdolfPhilippi
2e17d83.72 42f942d5 043937 h ???????? 002 /wiki/ChristianRau
2e17d86.99 42f94c86 043937 h ???????? 001 /wiki/LudwigIhmels
2e17d89.32 42f942cd 043937 h ???????? 002 /wiki/JuliusWagner
2e17d89.f0 42f94c86 043937 h ???????? 002 /wiki/RichardKockel
2e17d8c.80 42f942cd 043937 h ???????? 001 /wiki/EdmundLesser
2e17df5.e4 42f942d1 043937 h ???????? 002 /wiki/PhiLe
2e17e3f.1c 42f94c88 043937 h ???????? 005 /wiki/ProBab
2e18033.53 42f94c86 043937 h ???????? 002 /wiki/DeOpac
2e18041.eb 284da736 6a88e8 h ???????? 003 /wiki/WechselKurs
2e18219.fc 42f94c88 043937 h ???????? 003 /wiki/GeHeim
2e183d2.dc 42f942d1 043937 h ???????? 002 /wiki/XHjHPUZl
2e1858c.4b 42f94c86 043937 h ???????? 003 /wiki/ConSpire
2e18758.a9 42f94c8a 043937 h ???????? 002 /wiki/HolyData
2e1893d.ce 42f94c86 043937 h ???????? 003 /wiki/KindHeit
2e18a4a.66 33ff427c 433e9c h ???????? 003 /wiki/SchickSaal
2e18b0a.b6 42f942d5 043937 h ???????? 001 /edit/35226011
2e18c6b.ec 33ff427e 433e9c h ???????? 002 /edit
2e18c94.e0 42f95cc9 70a047 h ???????? 001 //rss.rdf
2e18d06.73 42f94c86 043937 h ???????? 002 /wiki/RedMan
2e18db2.e2 a3ac4484 433e9c h ???????? 008 /rss.rdf
2e18e7d.b0 b00918b1 646bf4 h ???????? 001 /status
2e18e7d.ba b00918b1 646bf4 h ???????? 001 /script
2e18e7d.c2 b00918b1 646bf4 h ???????? 001 /jenkins/script
2e18e7d.cc b00918b1 646bf4 h ???????? 001 /msd/main.php
2e18e7d.d3 b00918b1 646bf4 h ???????? 001 /msd1.24.4/main.php
2e18e7d.dc b00918b1 646bf4 h ???????? 001 /mysqldumper/main.php
2e18e7d.e4 b00918b1 646bf4 h ???????? 001 /phpmyadmin/import.php
2e18e7d.ee b00918b1 646bf4 h ???????? 001 /manager/html
2e18e7d.f9 b00918b1 646bf4 h ???????? 040 /
2e18e7e.11 b00918b1 646bf4 h ???????? 001 //wp-login.php
2e18e7e.19 b00918b1 646bf4 h ???????? 001 /wordpress/wp-login.php
2e18e7e.23 b00918b1 646bf4 h ???????? 001 /wp/wp-login.php
2e18e7e.2b b00918b1 646bf4 h ???????? 004 /blog/wp-login.php
2e18eb0.d6 42f94c88 043937 h ???????? 002 /wiki/ExPand
2e18fb4.45 42f94c88 043937 h ???????? 002 /wiki/JuKo
2e19088.c8 42f94c8a 043937 h ???????? 003 /wiki/XingBus
2e19150.b0 58c61608 9ee4eb h ???????? 001 /robots.txt
2e191a8.9a 904c5097 778162 h ???????? 001 /robots.txt
2e19200.51 d5efcd76 ad2088 h ???????? 006 /robots.txt
2e1921e.e0 42f942cd 043937 h ???????? 002 /wiki/PreDict
2e19387.a5 42f94c8a 043937 h ???????? 003 /wiki/RussianRuble
2e19388.9d 42f94c8a 043937 h ???????? 002 /wiki/BiGo
2e19389.08 42f94c86 043937 h ???????? 002 /wiki/SesameStreet
2e19389.7a 42f94c8a 043937 h ???????? 002 /wiki/PresuPuesto
2e1938a.05 42f942cd 043937 h ???????? 002 /wiki/MindPet
2e1938a.77 42f942d5 043937 h ???????? 002 /wiki/KarlSchroeder
2e1938a.da 42f94c88 043937 h ???????? 002 /wiki/MyersBriggs
2e1938b.7c 42f94c8a 043937 h ???????? 001 /wiki/GeneMatch
2e193ea.77 42f94c86 043937 h ???????? 002 /wiki/TineTest
2e19430.c0 42f94c8a 043937 h ???????? 002 /wiki/ScreenCast
2e19431.38 42f942d5 043937 h ???????? 001 /wiki/BildungsSystem
2e19434.a8 42f942d1 043937 h ???????? 002 /wiki/LockFutureSax2010
2e19551.16 2ee5a844 2e29b5 h ???????? 002 /1
2e19558.cc 42f94c86 043937 h ???????? 002 /wiki/StefanMagdalinski
2e1955b.b0 2ee5a841 2e29b5 h ???????? 002 /wiki/WissensArchitektur
2e19575.b4 9d372752 6a88e8 h ???????? 001 /robots.txt
2e1957a.0d 42f94c88 043937 h ???????? 003 /wiki/UdoKuehn
2e1957a.69 284da761 6a88e8 h ???????? 001 /wiki/RedBlueGame
2e195c4.b0 42f94c88 043937 h ???????? 002 /wiki/OlPa
2e1965a.d3 7a75c950 043937 h ???????? 041 /
2e19681.ae 33ff427c 433e9c h ???????? 003 /wiki/KommuneZwei
2e19684.9c 42f942d1 043937 h ???????? 002 /wiki/KarlsRuheChess
2e19685.88 42f94c8a 043937 h ???????? 002 /wiki/StockHolmChess
2e19723.63 42f94c8a 043937 h ???????? 002 /wiki/TransZen
2e197b1.8e 42f942cd 043937 h ???????? 003 /wiki/LucMontagnier
2e197b2.7c 42f94c8a 043937 h ???????? 002 /wiki/MafiaWars
2e19893.ef c73b96b5 45fe92 s ???????? 006 /robots.txt
2e19894.1d c73b96b5 45fe92 s ???????? 2e3 /memo
2e198ae.cd 42f942d5 043937 h ???????? 002 /wiki/PeRcAnAt
2e198df.44 42f94c88 043937 h ???????? 001 /wiki/JanaSchlegel2009
2e19954.12 42f94c8a 043937 h ???????? 002 /wiki/KamenzerStrasse
2e199bf.4d b44c0f19 fa643b h ???????? 001 /robots.txt
2e199bf.4e b44c0f16 fa643b h ???????? 001 /robots.txt
2e19a07.ce b44c0f8e a04d28 h ???????? 002 /wiki/LockTeam
2e19a0a.08 42f94c8a 043937 h ???????? 003 /wiki/BoundingBoxCaptain
2e19a33.6c 42f94c8a 043937 h ???????? 002 /wiki/RoadMap
2e19a3f.f4 b44c0f1b a04d28 h ???????? 001 /OpeningLecture
2e19ba6.5c 42f942d5 043937 h ???????? 003 /wiki/SemanticSixSigma
2e19ba9.1c 5519d2ea 6de661 h ???????? 001 /robots.txt
2e19ba9.8e 5519d2ea 6de661 h ???????? 002 //wiki/TwitterKurs
2e19c04.5a 42f95cc9 4b7fce h ???????? 002 //rss.rdf
2e19c79.3c 42f94c86 043937 h ???????? 002 /wiki/GePlant
2e19cac.40 42f94c88 043937 h ???????? 002 /wiki/SlUb
2e19dc3.48 b0228c8d 97b106 s ???????? 294 /memo
2e19de8.93 42f94c8a 043937 h ???????? 003 /wiki/ThomasBuerger
2e19e34.11 a3ac426b 433e9c h ???????? 001 /edit/27506002
2e19e4e.59 42f94c88 043937 h ???????? 003 /wiki/StudiVz
2e19e8a.2c a3ac4172 433e9c h ???????? 001 /noo
2e19fc6.f1 b0228c8d 97b106 s ???????? 2b3 /memo
2e19fe1.d3 42f94c86 043937 h ???????? 002 /wiki/DaveFilo
2e19ff3.d1 ca2e397d 7bc0a6 h ???????? 001 /crush
2e1a044.8c 42f942cd 043937 h ???????? 002 /wiki/EntbindungsBuerger
2e1a164.15 42f942d1 043937 h ???????? 001 /edit/4213001
2e1a177.7c 42f94c86 043937 h ???????? 001 /wiki/RePlay
2e1a189.e1 42f942cd 043937 h ???????? 002 /wiki/DeepLink
2e1a26c.cd b0228c8d 97b106 s ???????? 334 /memo
2e1a276.fd 42f94c8a 043937 h ???????? 001 /edit/5863023
2e1a283.cf 42f942d1 622963 h ???????? 002 /wiki/BirthDay
2e1a329.40 42f94c86 043937 h ???????? 002 /wiki/NachName
2e1a36a.fe 42f94c86 043937 h ???????? 002 /wiki/MaxJordan
2e1a3a5.57 9e45f7b6 46fa52 h ???????? 042 /
2e1a4ad.7d 42f94c8a 043937 h ???????? 003 /wiki/TankNavi
2e1a525.7a b0228c8d 97b106 s ???????? 3d1 /memo
2e1a654.67 42f94c88 043937 h ???????? 002 /wiki/BookMark
2e1a699.c2 33ff4130 433e9c h ???????? 003 /wiki/UweTellkamp
2e1a6ae.08 05c45716 433e9c h ???????? 002 /robots.txt
2e1a7e5.03 42f94c86 043937 h ???????? 003 /wiki/PickiHH
2e1a876.82 42f94c86 043937 h ???????? 002 /edit/9323001
2e1a98f.e1 42f94c86 043937 h ???????? 003 /wiki/FaceBook
2e1a993.c7 33ff410d 433e9c h ???????? 003 /wiki/MindBroker
2e1a994.00 42f94c86 043937 h ???????? 002 /edit/5633001
2e1a9af.f0 b0228c8d 97b106 s ???????? 2a2 /memo
2e1aa60.fe 0817340a 3e0386 s ???????? 05a /
2e1aa6b.9c 0817340a 3e0386 s ???????? 002 /favicon.ico
2e1aab1.8f 42f94c8a 043937 h ???????? 00c /edit/9313001
2e1aaeb.96 bc285186 7dfab1 h ???????? 003 //rss.jsp
2e1aaeb.a8 bc285186 7dfab1 h ???????? 001 //rss.jsp
2e1aaf2.24 bc285186 7dfab1 h ???????? 001 //rss.jsp
2e1aaf2.33 bc285186 7dfab1 h ???????? 002 //rss.jsp
2e1ab4d.b8 42f94c86 043937 h ???????? 001 /robots.txt
2e1ab4d.c1 42f942d5 043937 h ???????? 003 /wiki/MindCube
2e1abe8.3a 42f94c8a 043937 h ???????? 003 /wiki/WennRainerEineReiseTut
2e1ac6e.72 b0228c8d 97b106 s ???????? 2c0 /memo
2e1accc.69 42f94c88 043937 h ???????? 003 /wiki/NachBarn
2e1ad04.fd 42f94c86 043937 h ???????? 003 /wiki/EeepiGon
2e1ad10.e9 42f94c88 043937 h ???????? 002 /wiki/ManKi
2e1ad11.a7 42f94c8a 043937 h ???????? 003 /wiki/AbTrieb
2e1addd.e2 5d9e983e e4b041 h ???????? 003 /robots.txt
2e1ade1.c9 5d9e983e e4b041 h ???????? 007 /wiki/StringTokenizer
2e1ade5.c1 8d088e0f e4b041 h ???????? 001 /OnTime
2e1ade9.a2 8d088e9a e4b041 h ???????? 002 /wiki/InfraStructure
2e1aded.aa 5d9e983e e4b041 h ???????? 002 /wiki/SachsenWeb
2e1adf1.43 5d9e983e e4b041 h ???????? 002 /wiki/WorldWide
2e1adf5.1a 5f6cb30f e4b041 h ???????? 002 /wiki/CongressCenterDresden
2e1adf8.c4 5f6cb30f e4b041 h ???????? 002 /wiki/SandroGaycken
2e1adfc.94 05fffd3f e4b041 h ???????? 002 /wiki/MartinBoldt
2e1ae00.38 5f6cd507 e4b041 h ???????? 002 /wiki/PowerSet
2e1ae04.01 05fffd3a e4b041 h ???????? 003 /wiki/BildungsSystem
2e1ae42.a6 42f94c86 043937 h ???????? 002 /wiki/IntelAtom
2e1ae6e.de 42f94c86 043937 h ???????? 002 /wiki/ReSearch
2e1af09.ff b0228c8d 97b106 s ???????? 36f /memo
2e1afdb.a7 42f942d5 043937 h ???????? 011 /wiki/ToGether
2e1b06f.78 b44c0f09 a04d28 h ???????? 004 /wiki/PieschenTv
2e1b13f.79 b0228c8d 97b106 s ???????? 275 /memo
2e1b154.03 42f94c86 043937 h ???????? 004 /wiki/WikiPage
2e1b1a2.25 42f94c90 043937 s ???????? 002 /robots.txt
2e1b1a2.44 42f94c90 043937 s ???????? 001 /.well-known/assetlinks.json
2e1b2cf.24 42f94c8a 043937 h ???????? 003 /wiki/TheBrain
2e1b303.76 33ff426a 433e9c h ???????? 002 /wiki/GenSeidenFaden
2e1b33a.88 42f94c8a 043937 h ???????? 002 /wiki/SkyNet
2e1b3fe.a3 b0228c8d 97b106 s ???????? 2bf /memo
2e1b48a.84 42f942d1 043937 h ???????? 003 /wiki/RotFaden
2e1b50a.0f c73b96b4 45fe92 h ???????? 001 /robots.txt
2e1b50a.42 c73b96b4 45fe92 h ???????? 003 //wiki/DasNetz
2e1b50a.98 c73b96b4 45fe92 s ???????? 001 /robots.txt
2e1b50a.c5 c73b96b4 45fe92 s ???????? 273 /memo
2e1b610.c1 42f942d5 043937 h ???????? 003 /wiki/MindFilm
2e1b664.7e 284da703 6a88e8 h ???????? 002 /wiki/EmotivEpoc
2e1b665.91 42f94c92 043937 s ???????? 001 /apple-app-site-association
2e1b66b.53 42f94c88 043937 h ???????? 002 /wiki/NasaAmes
2e1b684.70 42f94c88 043937 h ???????? 003 /wiki/ExCel
2e1b6ac.de b0228c8d 97b106 s ???????? 440 /memo
2e1b7a8.b3 42f94c86 043937 h ???????? 003 /wiki/HRxL2L2A
2e1b7a9.fc 42f942e3 043937 s ???????? 002 /edit/57845006
2e1b7bd.81 42f94c92 043937 s ???????? 002 /edit/61225004
2e1b7c4.58 42f94c90 043937 s ???????? 002 /edit/57865003
2e1b7cb.db 42f942df 043937 s ???????? 001 /edit/58685004
2e1b7d3.28 42f942df 043937 s ???????? 001 /edit/65015002
2e1b7db.28 42f94c94 043937 s ???????? 001 /edit/60295005
2e1b7e3.76 42f94c90 043937 s ???????? 001 /edit/60315008
2e1b7ec.43 42f94c90 043937 s ???????? 002 /edit/60285004
2e1b7fa.b0 42f94c90 043937 s ???????? 002 /edit/56705013
2e1b80c.24 42f942df 043937 s ???????? 001 /edit/62255004
2e1b81d.4e 42f942e3 043937 s ???????? 006 /edit/57865005
2e1b82e.a1 42f94c92 043937 s ???????? 003 /edit/58675003
2e1b840.00 42f942df 043937 s ???????? 001 /edit/62265006
2e1b851.ae 42f94c90 043937 s ???????? 002 /edit/57855010
2e1b863.f5 42f942e3 043937 s ???????? 002 /edit/57865004
2e1b878.72 403efca2 b5eaf4 h ???????? 002 /robots.txt
2e1b878.e3 42f94c90 043937 s ???????? 002 /edit/64255007
2e1b88d.30 5519d2ea 6de661 h ???????? 001 //robots.txt
2e1b8af.19 42f942df 043937 s ???????? 001 /edit/655001
2e1b8c0.b2 42f942e3 043937 s ???????? 001 /edit/3895001
2e1b8c8.e5 42f9421a 043937 h ???????? 001 /robots.txt
2e1b8c9.09 42f94c30 043937 h ???????? 046 /
2e1b8d4.0d 42f94c94 043937 s ???????? 001 /edit/2835004
2e1b8e9.cf 42f94c92 043937 s ???????? 001 /edit/9635001
2e1b902.ab 42f942e7 043937 s ???????? 001 /edit/4775001
2e1b91b.27 42f94c86 043937 h ???????? 002 /wiki/HausHalt
2e1b91f.1a 42f94c92 043937 s ???????? 000 /edit/1785001
2e1b949.a3 42f94c94 043937 s ???????? 001 /edit/53995005
2e1b95e.2c b0228c8d 97b106 s ???????? 2bc /memo
2e1b999.cc 42f94c90 043937 s ???????? 001 /edit/57845007
2e1b9c1.8b 42660806 70a047 h ???????? 001 //rss.rdf
2e1bab1.8b 42f94c8a 043937 h ???????? 002 /wiki/BizStone
2e1bb2f.87 42f942d1 043937 h ???????? 002 /wiki/MindErp
2e1bc1a.77 b0228c8d 97b106 s ???????? 282 /memo
2e1bc58.89 42f94c88 043937 h ???????? 001 /edit/3213003
2e1bd57.b2 3e9ef5c5 5b35cd s a991d690 03d /
2e1bd5b.fc 3e9ef5c5 5b35cd s a991d690 004 /ls
2e1be42.c1 42f94c8a 043937 h ???????? 003 /wiki/WikiMind
2e1be58.d2 3e9ef5c5 5b35cd s a991d690 04f /
2e1be5d.3f 3e9ef5c5 5b35cd s a991d690 00a /hls
2e1bec7.5b 3e9ef5c5 5b35cd s a991d690 004 /hls
2e1bec7.bf 3e9ef5c5 5b35cd s a991d690 001 /favicon.ico
2e1becc.68 42f94c0c 043937 s ???????? 001 /robots.txt
2e1becc.93 42f94c0a 043937 s ???????? 038 /
2e1beda.24 a4843451 0603b6 s ???????? 003 /hls
2e1bef5.49 b0228c8d 97b106 s ???????? 288 /memo
2e1bef8.7b a4843451 0603b6 s ???????? 007 /hls
2e1c081.85 42f942d9 043937 h ???????? 003 /wiki/TerraMind
2e1c25a.81 42f94c88 043937 h ???????? 003 /wiki/BankRaub
2e1c2a2.56 42f942aa 622963 s ???????? 27f /memo
2e1c368.64 33ff414a 433e9c h ???????? 001 /edit/29256001
2e1c3c4.69 50524d21 2b9388 s ???????? 039 /
2e1c45d.0d 42f94c86 043937 h ???????? 002 /wiki/XingEvent
2e1c4fd.97 42f942d5 043937 h ???????? 002 /wiki/OlGa
2e1c682.44 42f942cd 043937 h ???????? 003 /wiki/GoogleMind
2e1c713.df 42f94c88 043937 h ???????? 03f /
2e1c8b5.fc 42f94c86 043937 h ???????? 003 /wiki/FriendFeed
2e1ca8e.6f 33ff4271 433e9c h ???????? 00a /hear/97081cfceb56669ec9060051c108323e
2e1cbe8.f5 3e8a0019 6de661 h ???????? 002 //robots.txt
2e1cbe9.36 3e8a0019 6de661 h ???????? 002 //wiki/LockSchuppen
2e1ccbb.c0 42f94c86 043937 h ???????? 002 /wiki/HangOut
2e1ccbc.bd 42f94c86 043937 h ???????? 002 /wiki/RumbaLotte
2e1cd32.4d 9d3727ef 6a88e8 h ???????? 003 /wiki/ZeugenKurzweils
2e1cf61.7e 284da70a 6a88e8 h ???????? 004 /wiki/EtAl
2e1d044.9d 42f94c8a 043937 h ???????? 002 /wiki/UnderStand
2e1d0bf.fd b44c0f99 a04d28 h ???????? 002 /edit/3626001
2e1d163.7c 5519d2ea 6de661 h ???????? 002 //robots.txt
2e1d163.97 5519d2ea 6de661 h ???????? 002 //wiki/AnneWillSingularity
2e1d1b3.a6 42f94c94 043937 s ???????? 03c /
2e1d414.9c 42f94c2f 043937 h ???????? 04a /
2e1d4b9.43 b96e84e8 323110 h ???????? 042 /
2e1d4ef.d5 3e9ef5c5 d92714 s a991d690 03b /
2e1d4f0.35 3e9ef5c5 d92714 s a991d690 001 /favicon.ico
2e1d6af.20 33ff427f 433e9c h ???????? 003 /wiki/RainerWasserfuhrHasKissed
2e1d6c0.88 42f94c8a 043937 h ???????? 002 /wiki/HeMo
2e1d845.2c bc285186 7dfab1 h ???????? 001 //rss.jsp
2e1d845.39 bc285186 7dfab1 h ???????? 001 //rss.jsp
2e1d846.22 bc285186 7dfab1 h ???????? 001 //rss.jsp
2e1d846.2f bc285186 7dfab1 h ???????? 001 //rss.jsp
2e1db22.2b 42f94c86 043937 h ???????? 004 /wiki/MindGene
2e1dce3.1f 42f94c88 043937 h ???????? 002 /wiki/MindGame
2e1dea2.5e 42f94c88 043937 h ???????? 002 /wiki/FireExit
2e1df9d.fc 42f942cd 622963 h ???????? 002 /wiki/OpenSource
2e1e038.7b 42f94c86 043937 h ???????? 002 /wiki/PageRank
2e1e1bc.d3 42f942d1 043937 h ???????? 002 /wiki/RobGreen
2e1e367.6f 42f94c8a 043937 h ???????? 002 /wiki/AppleInc
2e1e450.4f 33ff427c 433e9c h ???????? 003 /wiki/SchickSaal
2e1e475.07 42660806 70a047 h ???????? 001 //rss.rdf
2e1e4ea.83 42f94c86 043937 h ???????? 002 /wiki/EdelMind
2e1e506.11 42f95cc9 70a047 h ???????? 001 //rss.rdf
2e1e605.92 284da739 6a88e8 h ???????? 003 /wiki/UniqueNameAssumption
2e1e657.a4 42f94c8a 043937 h ???????? 002 /wiki/WikiPath
2e1e6b6.ef 284da70d 6a88e8 h ???????? 003 /wiki/WillsteQuatschen
2e1e785.a9 42f942d1 043937 h ???????? 002 /wiki/HermannHock
2e1e7fc.2d 42f94c88 043937 h ???????? 002 /wiki/OntoLogy
2e1e831.0f 4d4b4f77 6a9392 h ???????? 001 /robots.txt
2e1e831.67 4d4b4f77 6a9392 h ???????? 003 //wiki/LockSchuppen
2e1e88e.88 42f94c88 043937 h ???????? 002 /wiki/ThHo
2e1e98d.45 42f94c86 043937 h ???????? 00b /wiki/HelpMate
2e1eadd.00 3e9ef5c5 d92714 s a991d690 051 /
2e1eadd.6d 3e9ef5c5 d92714 s a991d690 001 /favicon.ico
2e1eaff.48 42f94c86 043937 h ???????? 002 /wiki/MegaSand
2e1ec95.59 42f94c88 043937 h ???????? 002 /wiki/TheBible
2e1ee03.12 42f94c8a 043937 h ???????? 003 /wiki/MetaPhor
2e1ef07.c0 44b4e53a aec21f s ???????? 001 /robots.txt
2e1ef08.a6 44b4e53a aec21f s ???????? 23a5 /math
2e1ef8d.70 42f94c88 043937 h ???????? 00a /wiki/HerKunft
2e1f10c.34 42f9415c 043937 h ???????? 004 /wiki/AdJektiv
2e1f140.a0 9d372752 6a88e8 h ???????? 002 //robots.txt
2e1f1d6.14 3e8a0019 6de661 h ???????? 001 //robots.txt
2e1f1d6.46 3e8a0019 6de661 h ???????? 003 //wiki/LockFutureSax
2e1f1ff.e5 42f94161 043937 s ???????? 002 /wiki/ImPrint
2e1f267.ff 42f94156 043937 h ???????? 002 /wiki/ZuKuenfte
2e1f358.2b a3ac41b6 433e9c h ???????? 002 /edit/30396002
2e1f3c2.f7 42f9415c 043937 h ???????? 002 /wiki/MindFloor
2e1f3e6.51 44b4e53a aec21f s ???????? 043 /
2e1f4c3.a1 a3ac4223 433e9c h ???????? 002 /edit/29026002
2e1f51e.59 42f94156 043937 h ???????? 004 /wiki/MindFeeds
2e1f68a.53 42f9415a 043937 h ???????? 002 /wiki/UnTil1969
2e1f81e.58 42f94156 043937 h ???????? 002 /wiki/AndreasGeisler
2e1f821.b0 42f9415c 043937 h ???????? 003 /wiki/EricEvans
2e1f9a3.c6 42f94156 043937 h ???????? 003 /wiki/MartinZs
2e1f9fd.8e adfc4f75 7f1f32 h ???????? 040 /
2e1fa47.08 42f9415a 043937 h ???????? 003 /wiki/OlGo
2e1fb7a.c9 42f9415a 043937 h ???????? 009 /wiki/PhiLe
2e1fd0e.3c 42f94156 043937 h ???????? 003 /wiki/NewMoney
2e1fe92.e3 42f94156 043937 h ???????? 003 /wiki/ReFactor
2e1ff31.a3 42f94156 043937 h ???????? 003 /wiki/TBpX
2e1ff56.41 42f95d26 002725 h ???????? 001 /favicon.ico
