2e700b8.ff 42f942d1 043937 h ???????? 003 /wiki/QuantPuter
2e7011b.d6 42f94c8a 043937 h ???????? 001 /go
2e70120.c8 42f94c88 043937 h ???????? 004 /system/robots.txt
2e70126.15 42f94c88 043937 h ???????? 001 /film/robots.txt
2e70127.cd 42f94c88 043937 h ???????? 001 /earth/robots.txt
2e7012e.a4 42f94c86 043937 h ???????? 001 /base/robots.txt
2e70134.46 42f94c86 043937 h ???????? 001 /crush
2e70176.c4 42f94c86 622963 h ???????? 001 /go
2e701ea.c5 42f95ccb 4b7fce h ???????? 002 //rss.rdf
2e7021c.61 42f942d5 043937 h ???????? 003 /wiki/LockAction
2e70279.50 cb85a91e 782faf h ???????? 001 /robots.txt
2e7027a.08 cb85a91e 782faf h ???????? 039 /
2e70384.62 33ff427c 433e9c h ???????? 002 /wiki/KommuneZwei
2e70393.79 42f942cd 043937 h ???????? 002 /wiki/JamesCarse
2e70399.31 05c45716 433e9c h ???????? 001 /robots.txt
2e70409.75 bc6715af aa645a h ???????? 04a /
2e704d1.7e 36ac59c1 a13a25 s ???????? 23b3 /newBlock
2e704df.b4 42f94c8a 043937 h ???????? 002 /wiki/SecondLife
2e704e6.bd 36ac59c1 a13a25 s ???????? 1c0c /newBlock
2e704f4.24 36ac59c1 a13a25 s ???????? 1cec /newBlock
2e704fd.65 36ac59c1 a13a25 s ???????? 1ae9 /newBlock
2e70504.ad 36ac59c1 a13a25 s ???????? 1cb9 /newBlock
2e7050a.f7 36ac59c1 a13a25 s ???????? 1c3a /newBlock
2e7054c.fd 3e9ef5c5 4aacef s a991d690 04c /
2e70554.57 3e9ef5c5 4aacef s a991d690 00a /hls
2e7055b.b1 36ac59c1 a13a25 s ???????? 1a2a /newBlock
2e70570.ff 36ac59c1 a13a25 s ???????? 1f6f /newBlock
2e70582.1b 36ac59c1 a13a25 s ???????? 1c7e /newBlock
2e70582.13 365957fb a13a25 s ???????? 229e /newBlock
2e7058b.40 36ac59c1 a13a25 s ???????? 1d2c /newBlock
2e70592.b4 36ac59c1 a13a25 s ???????? 1ff3 /newBlock
2e70597.2d 365957fb a13a25 s ???????? 1f62 /newBlock
2e70598.f7 36ac59c1 a13a25 s ???????? 1baf /newBlock
2e705a4.76 365957fb a13a25 s ???????? 20f0 /newBlock
2e705ad.c0 365957fb a13a25 s ???????? 1b74 /newBlock
2e705b5.06 365957fb a13a25 s ???????? 1c33 /newBlock
2e705bb.53 365957fb a13a25 s ???????? 1bbd /newBlock
2e705f3.83 365957fb a13a25 s ???????? 1e09 /newBlock
2e70608.cd 365957fb a13a25 s ???????? 1f51 /newBlock
2e70616.13 365957fb a13a25 s ???????? 1f26 /newBlock
2e7061f.6e 365957fb a13a25 s ???????? 2034 /newBlock
2e7063b.a7 42f94c8e 043937 h ???????? 002 /wiki/SourceCode
2e7078e.34 42f94c90 043937 h ???????? 003 /wiki/LogIn
2e707a5.f7 36ac59c1 a13a25 s ???????? 1da8 /newBlock
2e707bb.ab 36ac59c1 a13a25 s ???????? 1d1f /newBlock
2e707c8.f3 36ac59c1 a13a25 s ???????? 1b26 /newBlock
2e707d2.4c 36ac59c1 a13a25 s ???????? 194c /newBlock
2e707d9.7e 36ac59c1 a13a25 s ???????? 1b6b /newBlock
2e707e1.4f 42f94c88 622963 h ???????? 002 /system
2e707df.c7 36ac59c1 a13a25 s ???????? 19f4 /newBlock
2e70884.fe cf2e0dda 6a88e8 h ???????? 002 /robots.txt
2e708f8.6d 42f94c88 043937 h ???????? 002 /wiki/LightYears
2e70a46.0e 42f942d5 043937 h ???????? 003 /wiki/WebLogs
2e70a4c.2a 42f94c88 043937 h ???????? 002 /wiki/FiberGlass
2e70a93.67 365957fb a13a25 s ???????? 2137 /newBlock
2e70aa8.b0 365957fb a13a25 s ???????? 1c92 /newBlock
2e70ab4.27 365957fb a13a25 s ???????? 197c /newBlock
2e70ab5.f7 365957fb a13a25 s ???????? 1c10 /newBlock
2e70abf.40 365957fb a13a25 s ???????? 1bd3 /newBlock
2e70ac6.88 365957fb a13a25 s ???????? 1a3f /newBlock
2e70ac9.6e 365957fb a13a25 s ???????? 18e9 /newBlock
2e70acc.eb 365957fb a13a25 s ???????? 1b83 /newBlock
2e70ad6.e5 365957fb a13a25 s ???????? 17f1 /newBlock
2e70ae0.29 365957fb a13a25 s ???????? 198b /newBlock
2e70ae7.6f 365957fb a13a25 s ???????? 1b29 /newBlock
2e70aed.ce 365957fb a13a25 s ???????? 1ae4 /newBlock
2e70b70.ef 284da753 6a88e8 h ???????? 005 /wiki/StudiVz
2e70bc1.69 33ff4106 433e9c h ???????? 003 /wiki/AltMoney
2e70bc2.ef 42f942d5 043937 h ???????? 002 /wiki/NobelPreis
2e70bc6.35 36ac59c1 a13a25 s ???????? 17e2 /newBlock
2e70bdb.7e 36ac59c1 a13a25 s ???????? 15a3 /newBlock
2e70be8.c7 36ac59c1 a13a25 s ???????? 1ac2 /newBlock
2e70bf2.0f 36ac59c1 a13a25 s ???????? 1550 /newBlock
2e70bf9.56 36ac59c1 a13a25 s ???????? 1758 /newBlock
2e70bff.af 36ac59c1 a13a25 s ???????? 1862 /newBlock
2e70c21.b5 42f95ccb 70a047 h ???????? 001 //rss.rdf
2e70c47.1a 365957fb a13a25 s ???????? 15db /newBlock
2e70c5c.64 365957fb a13a25 s ???????? 1b27 /newBlock
2e70c69.a7 365957fb a13a25 s ???????? 14f3 /newBlock
2e70d16.52 42f94c90 043937 h ???????? 003 /wiki/HoffenHeim
2e70d30.21 42f95d2c 002725 h ???????? 002 /favicon.ico
2e70e56.b9 42f94c8e 043937 h ???????? 002 /wiki/MutterErde
2e70eec.8d 42f94c86 622963 h ???????? 001 /film
2e70f97.9a 42f942d5 043937 h ???????? 003 /wiki/SacraMento
2e70fe3.57 adeaead3 3d8b22 h ???????? 039 /
2e70ffb.04 42f95cc9 4b7fce h ???????? 007 //rss.rdf
2e7103e.2d 42f95cc7 70a047 h ???????? 001 //rss.rdf
2e7104e.97 17f74813 458e86 h ???????? 039 /
2e710da.75 42f942cd 043937 h ???????? 002 /wiki/DatingWiki
2e7122b.22 42f94c86 043937 h ???????? 003 /wiki/HeinzKluge
2e7122e.7e cd8b8d36 209ef4 h ???????? 001 //rss.rdf
2e7139d.a6 42f942d1 043937 h ???????? 003 /wiki/FutureGame
2e71504.18 9d372723 6a88e8 h ???????? 049 /
2e7158e.2f 42f94c86 043937 h ???????? 002 /wiki/RdfsDomain
2e715a0.61 36ac59c1 a13a25 s ???????? 16db /newBlock
2e715b5.ad 36ac59c1 a13a25 s ???????? 1976 /newBlock
2e715c2.eb 36ac59c1 a13a25 s ???????? 187a /newBlock
2e715cc.38 36ac59c1 a13a25 s ???????? 1787 /newBlock
2e715d3.7e 36ac59c1 a13a25 s ???????? 18af /newBlock
2e715d9.d3 36ac59c1 a13a25 s ???????? 1619 /newBlock
2e715ea.e5 42f94c86 622963 h ???????? 001 /earth
2e716fb.7a 36ac59c1 a13a25 s ???????? 1a2c /newBlock
2e71710.bd 36ac59c1 a13a25 s ???????? 1cfe /newBlock
2e7171e.07 36ac59c1 a13a25 s ???????? 1bbc /newBlock
2e71725.50 42f94c8a 043937 h ???????? 002 /wiki/EnErgie
2e71727.4f 36ac59c1 a13a25 s ???????? 1cae /newBlock
2e7172e.ac 36ac59c1 a13a25 s ???????? 1de9 /newBlock
2e71734.de 36ac59c1 a13a25 s ???????? 1c48 /newBlock
2e7179a.76 36ac59c1 a13a25 s ???????? 20ae /newBlock
2e717af.b6 36ac59c1 a13a25 s ???????? 1d56 /newBlock
2e717bd.1a 36ac59c1 a13a25 s ???????? 1fe8 /newBlock
2e717c6.63 36ac59c1 a13a25 s ???????? 1e01 /newBlock
2e717cd.c6 36ac59c1 a13a25 s ???????? 251c /newBlock
2e717d3.f8 36ac59c1 a13a25 s ???????? 233b /newBlock
2e717e3.92 9d3727b0 6a88e8 h ???????? 03f /
2e718af.1c 36ac59c1 a13a25 s ???????? 1750 /newBlock
2e718c4.66 36ac59c1 a13a25 s ???????? 1cd2 /newBlock
2e718cf.91 42f94c86 043937 h ???????? 002 /wiki/SexVamp
2e718d2.ba 36ac59c1 a13a25 s ???????? 1cac /newBlock
2e718dc.1b 36ac59c1 a13a25 s ???????? 192b /newBlock
2e718e3.59 36ac59c1 a13a25 s ???????? 1c90 /newBlock
2e718e9.a3 36ac59c1 a13a25 s ???????? 18ac /newBlock
2e71957.39 bc285186 7dfab1 h ???????? 002 //rss.jsp
2e71957.58 bc285186 7dfab1 h ???????? 001 //rss.jsp
2e71957.a7 bc285186 7dfab1 h ???????? 001 //rss.jsp
2e71957.c7 bc285186 7dfab1 h ???????? 001 //rss.jsp
2e71a3d.37 42f94c88 043937 h ???????? 003 /wiki/CafeEuropa
2e71b51.29 42f94c8a 622963 h ???????? 002 /wiki/HectorGarciaMolina
2e71ba0.d4 42f94c88 043937 h ???????? 002 /wiki/MagnonFund
2e71c08.a8 42f942cd 043937 h ???????? 003 /wiki/AusSage
2e71c6a.9c 42f94c8a 622963 h ???????? 001 /base
2e71cf2.be 42f94c88 043937 h ???????? 003 /wiki/SeeBeNisch
2e71e14.d3 42f95cc7 4b7fce h ???????? 001 //rss.rdf
2e71e62.5e 42f942d1 043937 h ???????? 002 /wiki/ErZaehlung
2e71fa6.79 42f94c86 043937 h ???????? 003 /wiki/LeaderShip
2e720f3.c9 42f94c88 043937 h ???????? 002 /wiki/HausNummer
2e72102.2a 365957fb a13a25 s ???????? 217d /newBlock
2e7211a.b0 365957fb a13a25 s ???????? 1d5b /newBlock
2e72127.f5 365957fb a13a25 s ???????? 1c54 /newBlock
2e72131.3e 365957fb a13a25 s ???????? 2367 /newBlock
2e72138.8b 365957fb a13a25 s ???????? 2d79 /newBlock
2e7213f.0f 365957fb a13a25 s ???????? 2887 /newBlock
2e72145.7c 365957fb a13a25 s ???????? 245b /newBlock
2e7215a.c3 365957fb a13a25 s ???????? 1f1b /newBlock
2e72168.09 365957fb a13a25 s ???????? 2563 /newBlock
2e72171.69 365957fb a13a25 s ???????? 2304 /newBlock
2e72178.a8 365957fb a13a25 s ???????? 22f2 /newBlock
2e7217f.11 365957fb a13a25 s ???????? 27aa /newBlock
2e72233.66 53d91b80 fd6317 h ???????? 049 /
2e72247.85 42f942d1 043937 h ???????? 002 /wiki/GottesHaus
2e7228d.2b 42f942d1 622963 h ???????? 001 /crush
2e723a6.fc 42f942d1 043937 h ???????? 003 /wiki/CarolBartz
2e72502.6e 42f942d1 043937 h ???????? 003 /wiki/TunaFish
2e72603.eb 36ac59c1 a13a25 s ???????? 228c /newBlock
2e72619.29 36ac59c1 a13a25 s ???????? 2327 /newBlock
2e72626.6f 36ac59c1 a13a25 s ???????? 1e45 /newBlock
2e7262f.bd 36ac59c1 a13a25 s ???????? 1d06 /newBlock
2e72637.10 36ac59c1 a13a25 s ???????? 23b7 /newBlock
2e7263d.49 36ac59c1 a13a25 s ???????? 21a8 /newBlock
2e7264d.25 42f94c8a 043937 h ???????? 002 /wiki/LifeNaut
2e7265f.4a cf2e0d41 6a88e8 h ???????? 001 //robots.txt
2e727b0.4b 42f94c86 043937 h ???????? 002 /wiki/MindWiki
2e728a3.8a 365957fb a13a25 s ???????? 1cc1 /newBlock
2e728b8.e7 365957fb a13a25 s ???????? 1ecf /newBlock
2e728c6.2a 365957fb a13a25 s ???????? 1e5f /newBlock
2e728cf.6d 365957fb a13a25 s ???????? 1f51 /newBlock
2e728d6.b8 365957fb a13a25 s ???????? 1d7e /newBlock
2e728dd.17 365957fb a13a25 s ???????? 1dfb /newBlock
2e728f3.c0 42f94c8a 043937 h ???????? 002 /wiki/BlackHole
2e72923.6d 42f94c88 043937 h ???????? 001 /go
2e72a3f.dd 42f94c8a 043937 h ???????? 003 /wiki/WikiTable
2e72a4f.08 b44c0f97 a04d28 h ???????? 001 /wiki/FutureLab2056
2e72ac5.2f 2e043a82 c37fd8 h ???????? 002 //robots.txt
2e72acf.59 2e043a82 c37fd8 h ???????? 002 //wiki/%25s
2e72ae7.e7 2e043a82 c37fd8 h ???????? 002 //wiki/%3C%25=session.getAttribute(
2e72af3.99 2e043a82 c37fd8 h ???????? 006 //wiki/AnneWillSingulari%E2%80%A6
2e72b04.c5 2e043a82 c37fd8 h ???????? 002 //wiki/DresdenWiFi%E2%80%9C
2e72b13.2f 2e043a82 c37fd8 h ???????? 002 //wiki/DresdenWiFi
2e72b20.19 2e043a82 c37fd8 h ???????? 002 //wiki/LockSchuppen.%C2%A0
2e72b2c.77 2e043a82 c37fd8 h ???????? 002 //wiki/LockSchuppen.%C3%82%C2%A0
2e72b69.76 42f94c88 043937 h ???????? 002 /wiki/KunstWerk
2e72c25.60 42f95cc7 4b7fce h ???????? 001 //rss.rdf
2e72caa.27 42f94c86 043937 h ???????? 002 /wiki/MindPlace
2e72d08.55 42f95ccb 70a047 h ???????? 002 //rss.rdf
2e72d80.9b 44b4e53a aec21f h ???????? 002 /wiki/MindPhone
2e72dcb.96 42f94c88 043937 h ???????? 002 /wiki/StartUp
2e72ddd.8c 42f94c88 043937 h ???????? 002 /wiki/HelmaOrosz
2e72f10.c2 33ff427e 433e9c h ???????? 001 /edit
2e72f29.c1 42f94c8a 043937 h ???????? 002 /wiki/IsabelJohn
2e72f99.94 42f94c8a 043937 h ???????? 004 /base
2e72ffb.fc 36ac59c1 a13a25 s ???????? 24f4 /newBlock
2e73011.3e 36ac59c1 a13a25 s ???????? 1ee5 /newBlock
2e73015.f9 365957fb a13a25 s ???????? 2468 /newBlock
2e7301e.ad 36ac59c1 a13a25 s ???????? 1c6d /newBlock
2e73027.de 36ac59c1 a13a25 s ???????? 1e55 /newBlock
2e7302b.41 365957fb a13a25 s ???????? 2311 /newBlock
2e7302f.2b 36ac59c1 a13a25 s ???????? 1f0b /newBlock
2e73035.5e 36ac59c1 a13a25 s ???????? 1e0f /newBlock
2e73038.88 365957fb a13a25 s ???????? 223f /newBlock
2e73041.e3 365957fb a13a25 s ???????? 1ee5 /newBlock
2e73049.25 365957fb a13a25 s ???????? 1fbb /newBlock
2e7304f.65 365957fb a13a25 s ???????? 1fb4 /newBlock
2e7306d.d0 42f94c8a 043937 h ???????? 002 /wiki/DanIngalls
2e73080.a1 33ff427c 433e9c h ???????? 002 /wiki/SchickSaal
2e731af.c8 42f94c8a 043937 h ???????? 003 /wiki/OsHardware
2e731ba.25 365957fb a13a25 s ???????? 1c4f /newBlock
2e73287.34 365957fb a13a25 s ???????? 19aa /newBlock
2e7329c.85 365957fb a13a25 s ???????? 1c1b /newBlock
2e732a9.c0 365957fb a13a25 s ???????? 1e14 /newBlock
2e732b3.16 365957fb a13a25 s ???????? 1a0a /newBlock
2e732be.bb 365957fb a13a25 s ???????? 1b8b /newBlock
2e732c5.4c 365957fb a13a25 s ???????? 17b1 /newBlock
2e732e4.e2 42f94c88 043937 h ???????? 002 /wiki/WipperFeld
2e7342b.db 42f94c8a 043937 h ???????? 002 /wiki/RabbitHole
2e73476.d3 3651ab35 2baa92 h ???????? 039 /
2e7356e.2c 42f94c86 043937 h ???????? 003 /wiki/WeltFormel
2e7360e.14 36ac59c1 a13a25 s ???????? 2622 /newBlock
2e73623.54 36ac59c1 a13a25 s ???????? 202f /newBlock
2e73630.a2 36ac59c1 a13a25 s ???????? 1d8b /newBlock
2e7363b.fd 36ac59c1 a13a25 s ???????? 1bcf /newBlock
2e73643.49 36ac59c1 a13a25 s ???????? 1c2e /newBlock
2e73649.e0 36ac59c1 a13a25 s ???????? 1f1d /newBlock
2e736c1.e9 42f94c88 043937 h ???????? 002 /film
2e736c7.53 42f94c86 043937 h ???????? 002 /wiki/CoLearning
2e73808.1a 42f94c8a 043937 h ???????? 003 /wiki/LandHessen
2e73905.26 33ff413c 433e9c h ???????? 002 /edit/9826001
2e73979.5a 36ac59c1 a13a25 s ???????? 1b06 /newBlock
2e7398e.9f 36ac59c1 a13a25 s ???????? 17d5 /newBlock
2e7399b.ed 36ac59c1 a13a25 s ???????? 144f /newBlock
2e739a5.34 36ac59c1 a13a25 s ???????? 1408 /newBlock
2e739ac.74 36ac59c1 a13a25 s ???????? 179a /newBlock
2e739b5.63 42f95d2a 002725 h ???????? 001 /favicon.ico
2e739b2.bf 36ac59c1 a13a25 s ???????? 161f /newBlock
2e739d2.3d 42f94c8a 043937 h ???????? 002 /wiki/HeuteAbend
2e73a3e.c8 42f95ccb 4b7fce h ???????? 002 //rss.rdf
2e73b2a.55 42f94c88 043937 h ???????? 002 /wiki/IsaacHayes
2e73bb3.51 365957fb a13a25 s ???????? 2043 /newBlock
2e73bc8.af 365957fb a13a25 s ???????? 216c /newBlock
2e73bd5.df 365957fb a13a25 s ???????? 20a4 /newBlock
2e73bdf.24 365957fb a13a25 s ???????? 239f /newBlock
2e73be6.6a 365957fb a13a25 s ???????? 255a /newBlock
2e73bec.c2 365957fb a13a25 s ???????? 20f4 /newBlock
2e73c73.56 33ff427f 433e9c h ???????? 002 /wiki/RainerWasserfuhrHasKissed
2e73c74.45 42f94c86 043937 h ???????? 002 /wiki/DatenScheu
2e73f21.f4 42f942d1 043937 h ???????? 003 /wiki/SergeyBrin
2e73f40.57 42f94c8a 043937 h ???????? 001 /hot
2e73f8e.a8 42f942d5 043937 h ???????? 002 /wiki/LePilot
2e7400b.39 33ff4271 433e9c h ???????? 001 /hear/97081cfceb56669ec9060051c108323e
2e74063.06 42f94c86 043937 h ???????? 002 /wiki/MarkusLohr
2e741ab.23 42f94c86 043937 h ???????? 003 /wiki/RanCanetti
2e74279.ce d94fbe2e 173342 h ???????? 03d /
2e74312.15 42f94c8a 043937 h ???????? 003 /wiki/DirkHamann
2e7447a.18 42f94c88 043937 h ???????? 003 /wiki/MarcoRibke
2e7458c.d8 33ff413e 433e9c h ???????? 001 /edit/22336007
2e745b2.14 42f94c8a 043937 h ???????? 002 /wiki/MindSchule
2e746e9.40 42f942cd 043937 h ???????? 004 /wiki/TransHuman
2e74819.c2 42f94c8a 043937 h ???????? 003 /wiki/TheSingularity
2e7484f.1d 42f95ccb 4b7fce h ???????? 001 //rss.rdf
2e74941.9c 42f94c8a 043937 h ???????? 002 /wiki/HerbrandUniversum
2e74964.81 cf2e0d44 6a88e8 h ???????? 002 /wiki/GruenWiki
2e74981.97 365957fb a13a25 s ???????? 1b38 /newBlock
2e74996.db 365957fb a13a25 s ???????? 1d13 /newBlock
2e749a4.3d 365957fb a13a25 s ???????? 19c9 /newBlock
2e749ad.6c 365957fb a13a25 s ???????? 1acf /newBlock
2e749b4.b5 365957fb a13a25 s ???????? 2468 /newBlock
2e749ba.fb 365957fb a13a25 s ???????? 2136 /newBlock
2e749cc.90 42f94c8a 043937 h ???????? 038 /
2e74a5a.e6 42f942d1 043937 h ???????? 003 /wiki/VolksEigenBetrieb
2e74a5f.ff 42f95cc7 70a047 h ???????? 001 //rss.rdf
2e74aa2.5a 44b4e53a aec21f h ???????? 002 /wiki/RainerWasserfuhr
2e74b83.5f 42f94c88 043937 h ???????? 002 /wiki/FiveLetterAcronym
2e74c00.1a 365957fb a13a25 s ???????? 2290 /newBlock
2e74c15.5f 365957fb a13a25 s ???????? 1e4c /newBlock
2e74c22.a7 365957fb a13a25 s ???????? 1eec /newBlock
2e74c2b.fd 365957fb a13a25 s ???????? 1e39 /newBlock
2e74c33.4f 365957fb a13a25 s ???????? 1be3 /newBlock
2e74c39.84 365957fb a13a25 s ???????? 1ce9 /newBlock
2e74c9a.0d 3e9ef5c5 4aacef s a991d690 03c /
2e74c9f.dd 3e9ef5c5 4aacef s a991d690 aec /blk
2e74cce.76 42f942cd 043937 h ???????? 002 /wiki/StaatsPhilosophie
2e74cda.d1 3e9ef5c5 4aacef s a991d690 ba6 /blk
2e74cdf.2e 3e9ef5c5 4aacef s a991d690 001 /favicon.ico
2e74cf7.66 3e9ef5c5 4aacef s a991d690 ae1 /blk
2e74d00.83 3e9ef5c5 4aacef s a991d690 001 /favicon.ico
