30d013c.2f 42f94c8a 043937 h ???????? 003 /wiki/WikiProf
30d01f8.e2 5d9e983e e4b041 h ???????? 003 /robots.txt
30d01fc.c1 5d9e983e e4b041 h ???????? 021 /
30d0279.2c 284da797 6a88e8 h ???????? 018 /
30d0290.2c 42f942e3 622963 s ???????? 005 /wiki/KeuTa
30d0351.0b 42f942cd 043937 h ???????? 005 /wiki/ClausJacob
30d0532.23 42f94c88 043937 h ???????? 004 /wiki/GottesHaus
30d06ab.b5 42f942d1 043937 h ???????? 004 /wiki/GerhardWorner
30d06b6.03 42f94c8a 043937 h ???????? 003 /wiki/AlbertRohling
30d06b6.7e 42f94c8a 043937 h ???????? 003 /wiki/VictorSchultze
30d06b6.ea 42f94c86 043937 h ???????? 003 /wiki/WilhelmBottger
30d06b9.22 42f942d1 043937 h ???????? 003 /wiki/RudolfKautzsch
30d06b9.c4 42f942d1 043937 h ???????? 003 /wiki/HeinrichLouisD
30d06bf.71 42f942d1 043937 h ???????? 003 /wiki/AlfredJeremias
30d06c5.70 42f94c86 043937 h ???????? 003 /wiki/OskarKnoblauch
30d0783.82 42f94c8a 043937 h ???????? 004 /wiki/OvalOffice
30d09f1.be 42f94c86 043937 h ???????? 004 /wiki/AmirPnueli
30d0b5d.6f 42f94c86 622963 h ???????? 004 /wiki/KlarTraum
30d0c4e.8d 42f94c8a 043937 h ???????? 004 /wiki/MonotheIsm
30d0df1.66 bc285186 7dfab1 h ???????? 003 //rss.jsp
30d0df1.8f bc285186 7dfab1 h ???????? 002 //rss.jsp
30d0df3.5e bc285186 7dfab1 h ???????? 002 //rss.jsp
30d0df3.89 bc285186 7dfab1 h ???????? 009 //rss.jsp
30d0ed7.65 42f942cd 043937 h ???????? 004 /wiki/UnTil2012
30d0fa0.89 cb85a999 782faf h ???????? 002 /robots.txt
30d0fa1.41 cb85a999 782faf h ???????? 019 /
30d112b.37 42f942d1 043937 h ???????? 005 /wiki/ConnectsTo
30d116c.d2 42f942d5 043937 h ???????? 002 /edit/50535023
30d11a6.a5 904c6c71 18b492 h ???????? 002 /robots.txt
30d11a7.b1 904c6c71 18b492 h ???????? 002 /robots.txt
30d11a8.c0 904c6c71 18b492 h ???????? 003 /sitemap.xml
30d11af.61 904c6c71 18b492 h ???????? 009 /sitemap.xml
30d1241.3b 42f95ccb 70a047 h ???????? 003 //rss.rdf
30d1344.47 42f942d1 043937 h ???????? 004 /wiki/PhotoSynth
30d13d7.f7 d9b6844f 433e9c h ???????? 003 /wiki/MaxWeber
30d1405.cd 8ac56fc2 1175a4 h ???????? 022 /
30d142d.1f 42f942e3 622963 s ???????? 003 /wiki/MindMark
30d154f.3b 42f94c8a 043937 h ???????? 004 /wiki/EverScreen
30d15ce.f5 a484a13e 433e9c h ???????? 006 /wiki/SigmundFreud
30d1717.b3 a484a2a4 433e9c h ???????? 001 /edit/28146003
30d1743.f2 42f94c86 043937 h ???????? 002 /wiki/NachsendeAntrag
30d19aa.ac 42f942d5 043937 h ???????? 002 /wiki/AlphaSeele
30d1bf0.cf 42f94c8a 043937 h ???????? 002 /wiki/OsHardware
30d1bff.0b 4a7d4c22 55c2cd h ???????? 001 //rss.rdf
30d1c11.86 42f942cd 622963 h ???????? 003 /wiki/StaDdRat
30d1e25.74 42f94c8a 043937 h ???????? 003 /wiki/InVol
30d1f13.8c 5d9e983e e4b041 h ???????? 011 /
30d2035.4a 42f94c86 043937 h ???????? 003 /wiki/ChessBoard
30d20c4.b2 42f95ccb 70a047 h ???????? 002 //rss.rdf
30d2265.ba 42f94c88 043937 h ???????? 002 /wiki/NanoRassel
30d2340.5b 42f942d1 043937 h ???????? 003 /wiki/MindBlog
30d2478.e6 42f94c86 043937 h ???????? 002 /wiki/IsaacHayes
30d251e.1c cf2e0d2e 6a88e8 h ???????? 003 /wiki/EmptyFridgeSyndrome
30d257d.f0 42f942d5 622963 h ???????? 003 /wiki/VerMoegen
30d268d.d4 42f94c86 043937 h ???????? 002 /wiki/SergeyBrin
30d28bf.95 42f94c88 043937 h ???????? 002 /wiki/AltKoelsch
30d296b.04 cf2e0d74 6a88e8 s ???????? 012 /
30d2ac4.6e 42f94c88 043937 h ???????? 003 /wiki/WorldChess
30d2cec.b5 42f94c8a 043937 h ???????? 003 /wiki/ErdApfel
30d2e5a.28 42f942d1 622963 h ???????? 003 /wiki/TotesHolz
30d2f0d.0f 42f94c8a 043937 h ???????? 004 /wiki/AnneWill
30d312e.6f 42f94c88 043937 h ???????? 003 /wiki/CassAndra
30d3353.13 42f94c8a 043937 h ???????? 002 /wiki/LebensLang
30d336c.f8 3ed6bf41 d92714 s ???????? 023 /
30d336d.63 3ed6bf41 d92714 s ???????? 001 /favicon.ico
30d3371.68 3ed6bf41 d92714 s ???????? 002 /alive/4
30d3371.9a 3ed6bf41 d92714 s ???????? 001 /feel/4
30d33f2.5b 3ed6bf41 d92714 s ???????? 018 /
30d34f3.08 42f94c88 043937 h ???????? 002 /edit/32235003
30d3569.c7 42f942cd 043937 h ???????? 003 /wiki/JoseTajada
30d359d.49 bc285186 7dfab1 h ???????? 001 //rss.jsp
30d359d.71 bc285186 7dfab1 h ???????? 001 //rss.jsp
30d359e.7c bc285186 7dfab1 h ???????? 001 //rss.jsp
30d359e.a8 bc285186 7dfab1 h ???????? 002 //rss.jsp
30d3729.8e 42f94c8a 622963 h ???????? 004 /wiki/MindPlace
30d37ee.8c 42f942cd 043937 h ???????? 003 /wiki/HeuteAbend
30d38f0.b6 a4340783 15bd1e s ???????? 01a /
30d39af.ec d9b68496 433e9c h ???????? 002 /edit/26446001
30d39ff.90 42f94c8a 043937 h ???????? 002 /wiki/RudolfJuli
30d3b14.db 42f95cc7 70a047 h ???????? 007 //rss.rdf
30d3bcb.8b cb85ab69 782faf h ???????? 002 /robots.txt
30d3c12.c9 42f94c8a 043937 h ???????? 003 /wiki/CornellEdu
30d3e30.9a 42f942cd 043937 h ???????? 003 /wiki/LebensGeist
30d3efd.4c 42f94c88 622963 h ???????? 003 /wiki/BlutDruck
30d4059.fb 42f94c8a 043937 h ???????? 003 /wiki/JosephStift
30d420d.8e adeaa40a 3d8b22 h ???????? 015 /
30d426f.a1 42f942d5 043937 h ???????? 002 /wiki/PeerAcademy
30d42be.8e cf2e0d33 6a88e8 h ???????? 016 /
30d445e.88 42f94c86 043937 h ???????? 005 /wiki/GruenWunder
30d4653.08 42f94c88 043937 h ???????? 003 /wiki/SchatzKiste
30d46b5.a3 42f94c8a 043937 h ???????? 002 /wiki/MingLi
30d47d0.ad 42f942d1 622963 h ???????? 003 /wiki/TomPeters
30d483c.a1 9a30cd82 d92714 s ???????? 01b /
30d4840.44 42f942d1 043937 h ???????? 003 /wiki/DoktorVater
30d4840.f1 9a30cd82 d92714 s ???????? 001 /alive/4
30d4841.2f 9a30cd82 d92714 s ???????? 001 /feel/4
30d4878.44 284da797 6a88e8 h ???????? 017 /
30d4a21.da 42f94c86 043937 h ???????? 003 /wiki/LinieZwoelf
30d4c08.06 42f94c8a 043937 h ???????? 003 /wiki/AnjaCWagner
30d4d97.5b 5d9e983e e4b041 h ???????? 01a /
30d4ddd.0c 42f94c88 043937 h ???????? 003 /wiki/SozialBasar
30d4e9f.3e 5c1cd529 ee113c h ???????? 015 /
30d4ea2.ce 5c1cd529 ee113c h ???????? 002 //https://floatingboat2013.appspot.com
30d4ea3.48 5c1cd529 ee113c h ???????? 003 //wiki/AlanTuring
30d4ea3.a0 5c1cd529 ee113c h ???????? 003 //wiki/GottfriedWilhelmLeibniz
30d4ea3.f5 5c1cd529 ee113c h ???????? 001 //https://floatingboat2013.appspot.com/UrPic
30d4ea4.50 5c1cd529 ee113c h ???????? 002 //https://floatingboat2013.appspot.com/ad
30d4ea4.cd 5c1cd529 ee113c h ???????? 003 //https://sl4.eu/hls
30d4ea5.60 5c1cd529 ee113c h ???????? 001 //https://sl4.eu/ls
30d4ea5.e8 5c1cd529 ee113c h ???????? 001 //https://sl4.eu/sh
30d4ea6.6d 5c1cd529 ee113c h ???????? 001 //https://www.youtube.com/watch
30d4f8f.7d 42f94c88 622963 h ???????? 004 /wiki/LessonOne
30d4fc6.5a 42f94c88 043937 h ???????? 003 /wiki/JanBellmann
30d51b5.24 42f94c8a 043937 h ???????? 003 /wiki/KayGroschen
30d539c.0d 42f94c88 043937 h ???????? 003 /wiki/NessunDorma
30d53dc.00 cf2e0d74 6a88e8 h ???????? 004 /wiki/BluePedia
30d54f3.b8 a484a153 433e9c h ???????? 001 /edit/27356001
30d558a.08 42f94c8a 043937 h ???????? 003 /wiki/WikiBasiert
30d578d.fd 42f942cd 043937 h ???????? 003 /wiki/PowersOfTen
30d57c5.f6 68ec768a ed6050 s ???????? 019 /
30d581e.24 42f94c86 622963 h ???????? 003 /wiki/RadeBeul
30d5930.3c 494363ae 043937 h ???????? 019 /
30d5987.76 42f942d1 043937 h ???????? 003 /wiki/MindCls
30d59e8.7e 42f94c88 043937 h ???????? 004 /wiki/ThomasHobbes
30d5aa6.6e 68ec768a ed6050 s ???????? 01d /
30d5c0a.c8 42f94c8a 043937 h ???????? 004 /wiki/MarienBruecke
30d5d98.a8 cf2e0db0 6a88e8 h ???????? 003 /wiki/
30d5e0c.d1 42f942d1 043937 h ???????? 003 /wiki/ForeignExchange
30d6009.74 42f94c88 043937 h ???????? 005 /wiki/OneInfiniteLoop
30d60b8.c6 42f94c88 622963 h ???????? 00a /wiki/GeorgePor
30d60b8.d9 42f942d1 043937 h ???????? 001 /robots.txt
30d60eb.e7 284da7a7 6a88e8 h ???????? 002 //robots.txt
30d60ec.02 284da7a7 6a88e8 h ???????? 002 //robots.txt
30d6138.78 c70fe9ac 3a5a31 h ???????? 002 /wp-login.php
30d6138.b6 c70fe9ac 3a5a31 h ???????? 001 //wp-login.php
30d6206.66 42f942d1 043937 h ???????? 003 /wiki/JuergenZoellner
30d63f6.77 42f94c88 043937 h ???????? 004 /wiki/CentralBank
30d6419.56 42f95cc9 70a047 h ???????? 002 //rss.rdf
30d6507.2b a4843451 eb026b s ???????? 004 /bcHead
30d6506.c5 42f94c92 622963 s ???????? 19a /sh
30d652c.c3 33ff427c 433e9c h ???????? 004 /wiki/SchickSaal
30d65dd.ac a484a11e 433e9c h ???????? 002 /edit/21696002
30d65ee.c6 42f94c8a 043937 h ???????? 003 /wiki/CeBit
30d67ea.e8 42f942d1 043937 h ???????? 003 /wiki/LisaGerrard
30d68fa.f5 42f94c8a 622963 h ???????? 004 /wiki/JohnSmart
30d69db.e3 42f94c8a 043937 h ???????? 003 /wiki/ViralMarket
30d6a3c.0f 42f942d5 043937 h ???????? 003 /wiki/BodyOne
30d6a8c.59 b2ffd754 c51fdf h ???????? 002 //robots.txt
30d6a98.43 b2ffd755 c51fdf h ???????? 002 /robots.txt
30d6a98.6d b2ffd755 c51fdf h ???????? 017 /
30d6bed.11 42f942d5 043937 h ???????? 004 /wiki/TwitAiPrize
30d6ded.25 42f94c8a 043937 h ???????? 004 /wiki/AntjeKujawa
30d6eda.8b 284da797 6a88e8 h ???????? 004 /wiki/PeterHankins
30d6fda.b4 42f94c86 043937 h ???????? 004 /wiki/OpenEconomy
30d7187.1b 42f942d1 622963 h ???????? 004 /wiki/GlasKugel
30d71be.db 42f942d1 043937 h ???????? 004 /wiki/CeBIT
30d73a3.97 42f942d1 043937 h ???????? 004 /wiki/LaTex
30d760c.a9 42f942d1 043937 h ???????? 003 /wiki/AbuDhabi
30d7643.cf 42f95408 002725 h ???????? 001 /favicon.ico
30d7788.46 33ff426a 433e9c h ???????? 004 /wiki/GenSeidenFaden
30d7812.51 42f942cd 043937 h ???????? 004 /wiki/KatjaMoosdorf
30d7990.cc 42f942d1 622963 h ???????? 003 /wiki/StateMent
30d7a23.e8 42f942d5 043937 h ???????? 003 /wiki/ArminMuehlhoff
30d7bd6.05 42f942d5 043937 h ???????? 003 /wiki/EuLa
30d7bfe.b8 42f942d1 043937 h ???????? 003 /wiki/UrKunde
30d7d61.c6 42f942cd 043937 h ???????? 003 /wiki/DeMo
30d7ecd.48 42f942d5 043937 h ???????? 003 /wiki/EonAg
30d8031.d9 42f942d5 043937 h ???????? 003 /wiki/SapAg
30d8106.46 42f942d5 622963 h ???????? 003 /wiki/CycloTron
30d8196.8c 42f942cd 043937 h ???????? 003 /wiki/ZuKunft
30d81e5.11 9d372744 6a88e8 h ???????? 004 /wiki/BeWusst
30d82f7.24 42f942d1 043937 h ???????? 003 /wiki/RossMann
30d8449.9b 42f942cd 043937 h ???????? 004 /wiki/SpeedTest
30d8594.8e 42f942cd 043937 h ???????? 004 /wiki/BankAccount
30d86b9.31 9750276e 433e9c h ???????? 002 //robots.txt
30d8707.3d 42f942d1 622963 h ???????? 003 /wiki/SpaceCast
30d8727.fd 42f942d1 043937 h ???????? 005 /wiki/FrankTipler
30d87a9.4b 42f942d1 043937 h ???????? 004 /wiki/AdalbertGregor
30d87aa.97 42f942cd 043937 h ???????? 004 /wiki/TheodorMommsen
30d87b0.1c 42f942d1 043937 h ???????? 003 /wiki/RudolfStammler
30d87b3.e5 42f942cd 043937 h ???????? 003 /wiki/KarlEigenbrodt
30d88ef.d9 42f942d1 043937 h ???????? 005 /wiki/BillClinton
30d8912.30 42f942d5 043937 h ???????? 004 /wiki/FriedrichHanel
30d8a09.df 42f942d5 043937 h ???????? 004 /wiki/OttoWarschauer
30d8ae8.21 42f942cd 043937 h ???????? 006 /wiki/AndreasTest
30d8b03.ac 9d372744 6a88e8 s ???????? 022 /
30d8b54.a1 42f95cc9 70a047 h ???????? 002 //rss.rdf
30d8b97.14 3ed6bf41 d92714 s ???????? 010 /
30d8b97.6c 3ed6bf41 d92714 s ???????? 001 /favicon.ico
30d8c30.d8 42f942d1 043937 h ???????? 002 /wiki/JohannPaulUhle
30d8cf4.1e 42f942d5 043937 h ???????? 003 /wiki/WechselKurs
30d8d61.4e 42f942d5 043937 h ???????? 003 /wiki/KarlvonNoorden
30d8e0b.a6 42f942cd 043937 h ???????? 002 /wiki/NearBy
30d8ea8.9b 42f942d1 622963 h ???????? 002 /wiki/KenWilber
30d8eef.6e 42f942d5 043937 h ???????? 002 /wiki/EstTla
30d8ef3.c5 1714cdbe 2baa92 h ???????? 011 /
30d8f6b.53 d9b68493 433e9c h ???????? 002 /edit/23236007
30d90e8.c4 42f942d1 043937 h ???????? 002 /wiki/JohnFogerty
30d92a5.93 42f942d1 043937 h ???????? 003 /wiki/PonyHof
30d9308.42 42f942d5 043937 h ???????? 002 /wiki/MgmGrand
30d93c5.89 42f942cd 043937 h ???????? 002 /wiki/ReneEgli
30d9440.cc 42f942d5 043937 h ???????? 001 /edit/42785003
30d94ab.f6 42f942d1 043937 h ???????? 001 /edit/36905011
30d94ba.67 44b4e47d aec21f h ???????? 002 /wiki/LaHi
30d9579.5d 42f942cd 043937 h ???????? 003 /wiki/SieMens
30d9620.c1 a484a11e 433e9c h ???????? 003 /wiki/RainerTest
30d975c.b6 42f942cd 622963 h ???????? 003 /wiki/BankKonto
30d9775.08 d9b6844d 433e9c h ???????? 001 /edit/29146010
30d9820.7a 36ae3844 f8e2e0 s ???????? 015 /
30d9822.89 36ae38b8 96563e s ???????? 017 /
30d9822.cf 36ae38b8 96563e s ???????? 001 /favicon.ico
30d9863.19 42f942cd 043937 h ???????? 002 /wiki/CitiGroup
30d9890.35 33ff427f 433e9c h ???????? 003 /wiki/RainerWasserfuhrHasKissed
30d98c9.fd d9b6849c 433e9c h ???????? 002 /wiki/ImPrint
30d9903.42 33ff4271 433e9c h ???????? 001 /hear/97081cfceb56669ec9060051c108323e
30d99d3.77 33ff4154 433e9c h ???????? 002 /edit/21426002
30d9b02.ad 42f942cd 043937 h ???????? 003 /wiki/JebBush
30d9b14.fe 8ac5415c 71d082 h ???????? 016 /
30d9b19.73 8ac5415c 71d082 h ???????? 001 /alive/4
30d9b19.89 8ac5415c 71d082 h ???????? 001 /feel/4
30d9b1d.98 8ac5415c 71d082 h ???????? 001 /alive/8
30d9b1d.a4 8ac5415c 71d082 h ???????? 002 /feel/8
30d9b52.82 bca5ea34 e3b0c4 h ???????? 001 /robots.txt
30d9b54.a6 bca5ea34 147e59 h ???????? 013 /
30d9d21.4c 42f942d5 043937 h ???????? 003 /wiki/ItRs
30d9d84.4f 42f942d5 043937 h ???????? 002 /wiki/EndLich
30d9dad.e4 b44c0f8d a04d28 h ???????? 025 /
30d9ff4.90 42f942d1 043937 h ???????? 002 /wiki/GazProm
30da023.36 42f942d1 622963 h ???????? 002 /wiki/PhenoType
30da0da.0b 284da797 6a88e8 h ???????? 01c /
30da124.ec 284da797 6a88e8 h ???????? 008 /wiki/FreistaatSachsen
30da230.01 d9b68499 433e9c h ???????? 004 /wiki/PoolOfIdeas
30da262.77 42f942d5 043937 h ???????? 003 /wiki/FreeHugs
30da472.7d bc286647 7dfab1 h ???????? 001 //rss.jsp
30da472.a9 bc286647 7dfab1 h ???????? 001 //rss.jsp
30da4ce.5c 42f942cd 043937 h ???????? 002 /wiki/DaimlerAg
30da57d.ed b44c0f08 a04d28 h ???????? 003 /wiki/SingularityUniversity
30da722.41 42f942d1 043937 h ???????? 008 /wiki/NicoStehr
30da751.bb 904c6148 18b492 h ???????? 001 /robots.txt
30da752.5b 904c6148 18b492 s ???????? 168a /age
30da8e2.a7 42f942d1 622963 h ???????? 003 /wiki/KingsCross
30da94a.09 42f942cd 043937 h ???????? 002 /wiki/TopManager
30daa75.6c 3ed6bf41 4817c5 s a991d690 015 /
30daaa2.69 3ed6bf41 4817c5 s a991d690 014 /
30daaa4.20 3ed6bf41 4817c5 s a991d690 001 /favicon.ico
30daaab.fe 3ed6bf41 4817c5 s a991d690 017 /
30daab0.a6 3ed6bf41 4817c5 s a991d690 001 /feel/4
30daab0.c8 a4843451 eb026b s ???????? 002 /bcHead
30daab0.87 3ed6bf41 4817c5 s a991d690 102 /sh
30daab1.0e 3ed6bf41 4817c5 s a991d690 007 /AtJs
30daab4.9c 3ed6bf41 4817c5 s a991d690 002 /feel/8
30daab4.9d 3ed6bf41 4817c5 s a991d690 001 /alive/8
30daaba.ff 3ed6bf41 4817c5 s a991d690 0ce /exec/gs
30daabc.b3 3ed6bf41 4817c5 s a991d690 026 /alive/10
30daabc.c1 3ed6bf41 4817c5 s a991d690 013 /feel/10
30daac8.59 3ed6bf41 4817c5 s a991d690 382 /exec/git%20add%20a%20bh%20ua;git%20commit%20-am%22git%20add%20a%20bh%20ua%22
30daacc.e6 3ed6bf41 4817c5 s a991d690 001 /feel/20
30daacd.81 3ed6bf41 4817c5 s a991d690 013 /exec/gs
30daadc.e7 3ed6bf41 4817c5 s a991d690 002 /feel/30
30daae3.8c 3ed6bf41 4817c5 s a991d690 020 /exec/git%20add%20ad30d.log%20ur30d.log
30daaec.ec 3ed6bf41 4817c5 s a991d690 002 /feel/40
30daaf0.a5 3ed6bf41 4817c5 s a991d690 009 /exec/df
30daafd.47 3ed6bf41 4817c5 s a991d690 002 /feel/50/
30dab0d.0d 3ed6bf41 4817c5 s a991d690 002 /alive/60/
30dab0d.0f 3ed6bf41 4817c5 s a991d690 002 /feel/60/
30dab1d.a4 3ed6bf41 4817c5 s a991d690 002 /feel/70/
30dab2c.e6 3ed6bf41 4817c5 s a991d690 002 /feel/80/
30dab3c.e8 3ed6bf41 4817c5 s a991d690 002 /feel/90/
30dab4c.f7 3ed6bf41 4817c5 s a991d690 002 /feel/a0/
30dab5c.a0 42f942d5 043937 h ???????? 003 /wiki/DenkNetz
30dab5d.e6 3ed6bf41 4817c5 s a991d690 002 /feel/b0/
30dab6c.fd 3ed6bf41 4817c5 s a991d690 002 /feel/c0/
30dab7d.12 3ed6bf41 4817c5 s a991d690 002 /alive/d0/
30dab7d.16 3ed6bf41 4817c5 s a991d690 001 /feel/d0/
30dab8d.19 3ed6bf41 4817c5 s a991d690 001 /alive/e0/
30dab8d.20 3ed6bf41 4817c5 s a991d690 002 /feel/e0/
30dab9d.09 3ed6bf41 4817c5 s a991d690 007 /alive/f0/
30dab9d.0f 3ed6bf41 4817c5 s a991d690 002 /feel/f0/
30dabac.ed 3ed6bf41 4817c5 s a991d690 015 /feel/100/
30dabbc.e6 3ed6bf41 4817c5 s a991d690 015 /feel/110/
30dabcc.fb 3ed6bf41 4817c5 s a991d690 024 /feel/120/
30dabdc.ea 3ed6bf41 4817c5 s a991d690 015 /feel/130/
30dabec.ea 3ed6bf41 4817c5 s a991d690 01d /feel/140/
30dac0c.f3 3ed6bf41 4817c5 s a991d690 017 /feel/160/
30dac3c.ff 3ed6bf41 4817c5 s a991d690 019 /feel/190/
30dacd1.b1 42f942d5 043937 h ???????? 004 /wiki/BeTreff
30dad4e.30 b44c0f18 a04d28 h ???????? 002 /edit/7636001
30dad8d.87 42f942cd 043937 h ???????? 003 /wiki/PetroChina
30daf87.11 42f942cd 043937 h ???????? 004 /wiki/ChinaMobile
30daf9b.8e 42f95cc9 70a047 h ???????? 002 /rss.rdf
30db175.71 42f942d1 622963 h ???????? 004 /wiki/HangZhou
30db230.52 42f942cd 043937 h ???????? 003 /wiki/ToDo
30db478.ee 42f942cd 043937 h ???????? 004 /wiki/ExxonMobil
30db566.98 4e2e2319 7dfab1 h ???????? 003 //rss.jsp
30db566.c4 4e2e2319 7dfab1 h ???????? 002 //rss.jsp
30db664.52 44b4e4a3 aec21f h ???????? 002 //robots.txt
30db671.7d 44b4e47d aec21f h ???????? 003 /wiki/CreateYourself
30db67b.54 284da797 6a88e8 h ???????? 003 /wiki/SimoneRebentisch
30db686.a6 42f95ccb 70a047 h ???????? 002 //rss.rdf
30db6d7.1a 42f942cd 043937 h ???????? 003 /wiki/JoergTauss
30db903.14 42f942d5 043937 h ???????? 004 /wiki/FutureWiki
30dbaf5.67 42f942cd 622963 h ???????? 005 /wiki/MindReader
30dbb2c.30 42f942d1 043937 h ???????? 004 /wiki/TopiMierung
30dbd6c.80 42f942cd 043937 h ???????? 004 /wiki/HomoSapiens
30dbe20.69 42f942df 622963 s ???????? 021 /
30dbf1c.c9 42f942d5 043937 h ???????? 004 /wiki/MindBib
30dbf87.ac 42f942d1 043937 h ???????? 004 /wiki/EdgarKunadt
30dc185.4a 42f942d1 043937 h ???????? 004 /wiki/SamenGlueck
30dc196.36 284da784 6a88e8 h ???????? 004 /wiki/MindFlow
30dc37c.ef 42f942d5 043937 h ???????? 004 /wiki/JuergenKohn
30dc39f.e3 42f942d5 622963 h ???????? 003 /wiki/MobileCamp
30dc428.d3 b44c0f94 a04d28 h ???????? 004 /wiki/SemperBase
30dc573.09 42f942d1 043937 h ???????? 004 /wiki/JohnEdwards
30dc642.01 42f942d5 043937 h ???????? 002 //robots.txt
30dc73e.7d 42f942cd 622963 h ???????? 003 //wiki/SingularityUniversity
30dc758.d9 42f942cd 043937 h ???????? 004 /wiki/ErdMaschine
30dc822.a5 cf2e0d49 6a88e8 s ???????? 023 /
30dc843.19 7b7d7dfa 26cd09 h ???????? 023 /
30dc8e7.ff a2d2c482 028fc4 h ???????? 002 /robots.txt
30dc8e9.d8 a2d2c482 028fc4 h ???????? 004 /wiki/SmaVa
30dc952.0d 42f942d1 043937 h ???????? 003 /wiki/ErLeb
30dcb3c.26 42f942cd 043937 h ???????? 002 /wiki/HiddenSense
30dcb95.96 42f942d1 622963 h ???????? 002 /wiki/WorldModel
30dce3b.2c acf19717 3d8b22 h ???????? 011 /
30dcf20.8d 42f942d5 043937 h ???????? 003 /wiki/FamilienArtikel
30dcff3.0e 65188120 2e46fb h ???????? 010 /
30dd02e.54 7d4c3c55 2e46fb s ???????? 012 /
30dd02e.99 8ba24a5e e70110 h ???????? 016 /
30dd02f.f3 8ba25268 e70110 s ???????? 018 /
30dd031.38 8ba23fe5 e70110 s ???????? 015 /
30dd035.52 72f1561e e70110 h ???????? 01a /
30dd036.d9 70424567 e70110 s ???????? 017 /
30dd03f.bf 99003354 e70110 s ???????? 011 /
30dd041.01 2405b825 e70110 h ???????? 013 /
30dd042.91 8ba23fe5 e70110 s ???????? 011 /
30dd043.a2 8ba2435d e70110 h ???????? 011 /
30dd051.13 6fa29975 e70110 h ???????? 016 /
30dd058.0c 42f942d1 043937 h ???????? 002 /wiki/RadiKal
30dd0ab.b7 3ed6bf41 4817c5 s a991d690 001 /feel/4
30dd0af.b1 3ed6bf41 4817c5 s a991d690 002 /feel/8
30dd0b7.bd 3ed6bf41 4817c5 s a991d690 012 /feel/10
30dd0c7.bb 3ed6bf41 4817c5 s a991d690 001 /feel/20
30dd0d7.b5 3ed6bf41 4817c5 s a991d690 001 /feel/30
30dd0e7.b1 3ed6bf41 4817c5 s a991d690 001 /feel/40
30dd0f7.b5 3ed6bf41 4817c5 s a991d690 001 /feel/50/
30dd107.b6 3ed6bf41 4817c5 s a991d690 001 /feel/60/
30dd117.b8 3ed6bf41 4817c5 s a991d690 001 /feel/70/
30dd127.b7 3ed6bf41 4817c5 s a991d690 001 /feel/80/
30dd137.d0 3ed6bf41 4817c5 s a991d690 002 /feel/90/
30dd147.b3 3ed6bf41 4817c5 s a991d690 002 /feel/a0/
30dd176.00 42f942cd 043937 h ???????? 003 /wiki/JensSeipenbusch
30dd2a1.02 b44c0f0f a04d28 h ???????? 004 /radio
30dd35b.a3 42f942d1 043937 h ???????? 002 /wiki/LoDr
30dd3b9.45 42f942e7 622963 s ???????? 002 /wiki/GeHirn
30dd55c.31 42f942cd 043937 h ???????? 003 /wiki/CoWar
30dd736.1e 42f942d5 043937 h ???????? 003 /wiki/ProJect
30dd90b.db 42f942d5 043937 h ???????? 003 /wiki/BlogPapst
30ddaed.40 42f942d5 043937 h ???????? 003 /wiki/SvenSiebert
30ddc2a.4e 42f942df 043937 s ???????? 002 /robots.txt
30ddc2a.ce 42f942e7 622963 s ???????? 002 /wiki/ComPlex
30ddcc6.8f 42f942d1 043937 h ???????? 003 /wiki/TSystemsMms
30ddd1b.e0 25bb4e51 e93a4d h ???????? 013 /
30ddda1.13 ab74c974 e6a2c7 h ???????? 013 /
30ddda3.be 71f61e98 5c1137 s ???????? 01a /
30dde0c.b5 42f95cc9 70a047 h ???????? 002 //rss.rdf
30dde9a.19 42f942d5 043937 h ???????? 002 /wiki/ClaudiaTest
30de078.f5 42f942cd 043937 h ???????? 003 /wiki/JohannStadt
30de199.9a cf2e0d33 6a88e8 h ???????? 01a /
30de1dd.c5 33ff413e 433e9c h ???????? 003 /wiki/AiThink
30de21a.c3 42f942cd 043937 h ???????? 004 /wiki/NordPol
30de251.2b 42f942d1 043937 h ???????? 003 /wiki/TomAnderson
30de346.8d 42f942d5 043937 h ???????? 003 /wiki/WilhelmSieglin
30de348.a7 42f942cd 043937 h ???????? 004 /wiki/WilhelmReuling
30de34a.db 42f942d1 043937 h ???????? 004 /wiki/BrunoSchilling
30de34c.67 42f942cd 043937 h ???????? 003 /wiki/HinrichNitsche
30de34d.7d 42f942cd 043937 h ???????? 002 /wiki/MoritzWillkomm
30de34f.a5 42f942cd 043937 h ???????? 005 /wiki/KarlOttoMuller
30de35b.4c 42f942cd 043937 h ???????? 003 /wiki/FranzEulenburg
30de470.f0 42f942d1 043937 h ???????? 004 /wiki/GeheStrasse
30de4a8.d6 42f942df 622963 s ???????? 003 /wiki/TakeOff
30de69e.7f 42f942cd 043937 h ???????? 004 /wiki/BackSpace
30de81e.00 284da797 6a88e8 h ???????? 01b /
30de8af.94 42f942d1 043937 h ???????? 004 /wiki/RobertKlinc
30de975.21 8e36b102 ffd63a h ???????? 002 /wp-login.php
30de988.89 8e36b102 ffd63a h ???????? 002 /robots.txt
30dea98.b9 42f942d5 043937 h ???????? 004 /wiki/StadtBerlin
30deb4f.e8 d9b68437 433e9c h ???????? 002 /edit/28286008
30dec89.a0 42f942d1 043937 h ???????? 003 /wiki/SatoruIwata
30decdb.94 42f942e7 622963 s ???????? 003 /wiki/AnRuf
30dee64.54 42f942d5 043937 h ???????? 004 /wiki/DeWikiPedia
30def01.69 284da784 6a88e8 h ???????? 003 /wiki/ConFidence
30df046.e7 42f942d5 043937 h ???????? 004 /wiki/GeorgPagenstedt
30df0b9.cf cf2e0d49 6a88e8 h ???????? 004 /wiki/ZigaTurk
30df2e4.b7 42f942d1 043937 h ???????? 003 /wiki/ChDr
30df3dd.ba 42f942d1 043937 h ???????? 002 /edit/44195002
30df4cb.c1 a484a129 433e9c h ???????? 003 /edit/26956002
30df509.30 42f942d5 043937 h ???????? 003 /wiki/LineFeed
30df55e.bb 42f942cd 622963 h ???????? 003 /wiki/DavidAllen
30df730.0f 42f942d5 043937 h ???????? 005 /wiki/MindFlow
30df920.8f 42f942d1 043937 h ???????? 004 /wiki/BriefKasten
30dfb2d.a0 42f942d5 043937 h ???????? 004 /wiki/RalphMerkle
30dfd30.e4 42f942d1 043937 h ???????? 003 /wiki/HeidenSpass
30dfe88.23 42f942cd 622963 h ???????? 00b /wiki/FranzKafka
30dff35.f4 42f942d5 043937 h ???????? 003 /wiki/DanielCraig
