30f0040.69 42f942cd 622963 h ???????? 004 /wiki/MindCity
30f0065.a1 5d9e983e e4b041 h ???????? 002 /edit/7526003
30f0069.74 5d9e983e e4b041 h ???????? 002 /edit/6116001
30f006d.61 5d9e983e e4b041 h ???????? 003 /wiki/DasKapital
30f007f.d6 42f942d1 043937 h ???????? 004 /wiki/GoMeshPubMed
30f00fc.c5 d9b68417 433e9c h ???????? 002 /edit/30166002
30f014f.37 8d088420 e4b041 h ???????? 003 /wiki/PlomBot
30f0152.f9 8d088420 e4b041 h ???????? 003 /wiki/AndreaFischer
30f0156.d9 5f6cb30f e4b041 h ???????? 002 /edit/8096002
30f015a.a0 8d088ea4 e4b041 h ???????? 001 /edit/2303001
30f015e.67 8d088e9a e4b041 h ???????? 001 /edit/32866001
30f0162.25 5d9e983e e4b041 h ???????? 008 /edit/8203001
30f0165.b9 5d9e983e e4b041 h ???????? 002 /edit/2283001
30f0169.60 5d9e983e e4b041 h ???????? 003 /wiki/FrameWork
30f016c.f7 5d9e983e e4b041 h ???????? 002 /wiki/WikiMind
30f0262.b1 42f942cd 043937 h ???????? 005 /wiki/KoernerPlatz
30f0418.03 cf2e0d01 6a88e8 h ???????? 003 /wiki/AnLicht
30f044e.bc 42f942cd 043937 h ???????? 003 /wiki/YvonneRuftAn
30f04fc.19 4e2e2319 7dfab1 h ???????? 002 //rss.jsp
30f04fc.4e 4e2e2319 7dfab1 h ???????? 002 //rss.jsp
30f0635.29 42f942cd 043937 h ???????? 009 /wiki/SemanticCity
30f07ff.53 42f942d1 622963 h ???????? 004 /wiki/JeanPiaget
30f080d.5a 42f942cd 043937 h ???????? 003 /wiki/MindSchueler
30f09ef.20 42f942d5 043937 h ???????? 004 /wiki/LineNumberReader
30f0c83.02 42f942d1 043937 h ???????? 003 /wiki/FredThompson
30f0cc1.44 3ed6bf41 4817c5 s a991d690 002 /alive/4
30f0cc1.45 3ed6bf41 4817c5 s a991d690 002 /feel/4
30f0cc5.36 3ed6bf41 4817c5 s a991d690 001 /alive/8
30f0cc5.41 a4843451 eb026b s ???????? 003 /bcHead
30f0cc4.e1 3ed6bf41 4817c5 s a991d690 17b /sh
30f0cc5.84 3ed6bf41 4817c5 s a991d690 002 /AtJs
30f0ccb.ee 3ed6bf41 4817c5 s a991d690 066 /exec/gs
30f0ccd.26 3ed6bf41 4817c5 s a991d690 031 /alive/10
30f0ccd.3a 3ed6bf41 4817c5 s a991d690 018 /feel/10
30f0cd1.42 3ed6bf41 4817c5 s a991d690 1c7 /exec/git%20add%20a%20bh%20ua;git%20commit%20-am%22git%20add%20a%20bh%20ua%22
30f0cd4.b0 3ed6bf41 4817c5 s a991d690 015 /exec/gs
30f0cdd.9c 3ed6bf41 4817c5 s a991d690 003 /feel/20
30f0ced.95 3ed6bf41 4817c5 s a991d690 002 /feel/30
30f0cf1.a6 3ed6bf41 4817c5 s a991d690 034 /exec/git%20add%20ad30e.log%20ad30f.log%20ur30e.log%20ur30f.log
