312003f.da 42f942d5 043937 h ???????? 003 /wiki/PreDict
31200c2.fb 42f942d5 043937 h ???????? 003 /wiki/WowerMind
31200c4.10 42f942cd 043937 h ???????? 001 /wiki/GeneMatch
31202cf.a8 42f942d5 043937 h ???????? 003 /wiki/RealLife
3120492.1a 42f942cd 622963 h ???????? 002 /wiki/UnterNehmen
3120507.2d 42f95cc7 70a047 h ???????? 001 //rss.rdf
3120510.dc 508681b0 bf6c56 h ???????? 002 /feel/25e10/
3120548.b1 42f942cd 043937 h ???????? 002 /wiki/NachBarn
3120593.97 284da784 6a88e8 h ???????? 002 /wiki/FreiBerg
31206d3.31 68ab77cb ee113c h ???????? 01d /
31206d7.a8 68ab77cb ee113c h ???????? 001 //https://floatingboat2013.appspot.com
31206d8.f4 68ab77cb ee113c h ???????? 002 //wiki/AlanTuring
31206d9.5c 68ab77cb ee113c h ???????? 002 //wiki/GottfriedWilhelmLeibniz
31206d9.dd 68ab77cb ee113c h ???????? 001 //https://floatingboat2013.appspot.com/UrPic
31206da.44 68ab77cb ee113c h ???????? 001 //https://floatingboat2013.appspot.com/ad
31206db.01 68ab77cb ee113c h ???????? 003 //https://sl4.eu/hls
31206df.99 68ab77cb ee113c h ???????? 001 //https://sl4.eu/ls
31206e0.00 68ab77cb ee113c h ???????? 001 //https://sl4.eu/sh
31206e0.66 68ab77cb ee113c h ???????? 001 //https://www.youtube.com/watch
31207c7.7a 42f942d1 043937 h ???????? 003 /wiki/AdiDas
3120826.94 42f942d1 043937 h ???????? 002 /wiki/ShutDown
312088b.94 b44c0f90 a04d28 h ???????? 014 /
312091e.5a 42f942d5 043937 h ???????? 002 /wiki/VascoSommerNunes
3120aa3.21 05096ae6 c37fd8 h ???????? 001 /robots.txt
3120aa6.10 05096ae6 c37fd8 h ???????? 003 /wiki/BornIn
3120aae.56 05096ae6 c37fd8 h ???????? 002 /wiki/BornIn
3120ab3.91 05096ae6 c37fd8 h ???????? 002 /wiki/BornIn
3120abb.c1 05096ae6 c37fd8 h ???????? 002 /wiki/BornIn
3120ac2.6e 05096ae6 c37fd8 h ???????? 003 /wiki/BostonMa
3120ac8.69 05096ae6 c37fd8 h ???????? 002 /wiki/BoundingBox
3120ace.40 05096ae6 c37fd8 h ???????? 002 /wiki/BrDo
3120ad3.e6 05096ae6 c37fd8 h ???????? 002 /wiki/BradAcker
3120adb.05 05096ae6 c37fd8 h ???????? 002 /wiki/BrainBar
3120ae0.53 05096ae6 c37fd8 h ???????? 003 /wiki/BrainCase
3120afa.21 42f942d1 043937 h ???????? 002 /wiki/ZeitSprung
3120b80.1f 42f942cd 043937 h ???????? 002 /wiki/GustavDonner
3120bf5.f9 d9b684b6 433e9c h ???????? 002 /edit/27396003
3120d70.3d 508681b0 bf6c56 h ???????? 002 /feel/26670/
3120ddb.0c 42f942cd 622963 h ???????? 002 /edit
3120ddc.0e 42f942d1 043937 h ???????? 003 /wiki/TradeRegister
3120dfb.c8 42f942e7 043937 s ???????? 001 /robots.txt
3120dfb.fa 42f942e7 043937 s ???????? 001 /.well-known/apple-app-site-association
3120ef6.1d 33ff427c 433e9c h ???????? 003 /wiki/KommuneZwei
3121085.81 42f942d5 043937 h ???????? 004 /wiki/HillaryClinton
3121307.62 42f942d1 043937 h ???????? 003 /wiki/EreignisKosmos
3121401.eb 89e27107 2dd42f h ???????? 041 /
3121401.ed 89e27107 2dd42f h ???????? 037 /
3121401.ed 89e27107 2dd42f h ???????? 032 /
312156f.3f 42f942cd 043937 h ???????? 003 /wiki/OpenRouteService
31215e9.a2 284da71c 6a88e8 h ???????? 014 /
31217d9.24 42f942df 622963 s ???????? 003 /wiki/BeeBib
3121803.80 42f942d1 043937 h ???????? 002 /wiki/SelfModification
31219c5.99 42f942d1 043937 h ???????? 003 /wiki/GustavBuchholz
3121a0f.99 42f942d5 043937 h ???????? 002 /wiki/DataBase
3121a7a.db 42f942df 043937 s ???????? 002 /UrPic
3121b63.3d 5896e4da 45378f h ???????? 002 //rss.rdf
3121c62.d8 2d208033 6caff8 h ???????? 01a /
3121cee.9b 42f942d5 043937 h ???????? 003 /wiki/HuMan
3121e7d.2f 42f942d1 043937 h ???????? 03a /
3121e80.77 42f942d1 043937 h ???????? 015 /feel/10
3121f48.e2 42f942cd 043937 h ???????? 003 /wiki/PhiLe
3122044.f0 b44c0f90 a04d28 h ???????? 017 /
31220a1.0a 42f942e3 622963 s ???????? 003 /wiki/OrMpMan
3122175.c8 42f942d1 043937 h ???????? 003 /wiki/CorBa
31223b1.a4 42f942d1 043937 h ???????? 003 /wiki/GoMind
31224fc.a6 42f942d5 043937 h ???????? 004 /wiki/BernhardKronig
3122508.5c 42f942d1 043937 h ???????? 003 /wiki/WalterJellinek
31225ac.76 42f9421a 043937 h ???????? 002 /robots.txt
31225ac.cb 42f94217 043937 h ???????? 014 /
3122658.d5 42f942d5 043937 h ???????? 003 /wiki/InCome
31226e2.89 42f942b5 043937 h ???????? 002 /robots.txt
31226e2.d6 42f942bb 043937 h ???????? 015 /
312270d.58 4706cacc fee6c8 h ???????? 016 /
312290a.50 42f942cd 043937 h ???????? 003 /wiki/PoKern
31229e0.b5 508681b0 bf6c56 h ???????? 002 /feel/282e0/
31229e1.c5 508681b0 bf6c56 h ???????? 001 /alive/282e0/
31229e1.d7 508681b0 bf6c56 h ???????? 001 /feel/282e0/
31229f0.b3 508681b0 bf6c56 h ???????? 002 /alive/282f0/
31229f0.c2 508681b0 bf6c56 h ???????? 001 /feel/282f0/
3122a00.c3 508681b0 bf6c56 h ???????? 002 /alive/28300/
3122a00.d5 508681b0 bf6c56 h ???????? 001 /feel/28300/
3122a0e.b0 42f942e7 622963 s ???????? 003 /wiki/GrimmBib
3122b50.e1 508681b0 bf6c56 h ???????? 002 /feel/28450/
3122b60.95 508681b0 bf6c56 h ???????? 007 /alive/28460/
3122b60.ab 508681b0 bf6c56 h ???????? 002 /feel/28460/
3122b66.28 b44c0f06 a04d28 h ???????? 017 /edit/10706001
3122ba7.38 42f942d5 043937 h ???????? 004 /wiki/XiNg
3122c19.96 42f942cd 043937 h ???????? 003 /wiki/WahrHeit
3122cdb.48 a4843451 eb026b s ???????? 003 /bcHead
3122cdb.02 42f942df 043937 s ???????? 118 /sh
3122e41.0e 42f95ccb 70a047 h ???????? 003 //rss.rdf
3122ed2.97 42f942cd 043937 h ???????? 004 /wiki/RundeEcken
312302d.47 284da706 6a88e8 h ???????? 003 /wiki/DateFormat
312306b.06 42f942d5 043937 h ???????? 3dd /memo
3123189.8e c70fe9ac 3a5a31 h ???????? 003 /wp-login.php
312318a.70 c70fe9ac 3a5a31 h ???????? 002 //wp-login.php
31231ab.8c 42f942d5 043937 h ???????? 004 /wiki/SocialGraph
31232c6.41 44b4e72d aec21f s ???????? 003 /robots.txt
31233e3.86 36e2bebb 4eba98 h ???????? 003 /robots.txt
31233e3.d2 36e2bebb 4eba98 h ???????? 002 /robots.txt
31233e4.08 36e2bebb 4eba98 h ???????? 003 /wiki/FutureChat
3123463.50 42f942cd 043937 h ???????? 004 /wiki/DavidRGilbert
3123510.94 42f942cd 622963 h ???????? 003 /wiki/RainersLaw
31235ea.a4 53957e62 028fc4 h ???????? 003 //robots.txt
31235ee.0d 53957e62 028fc4 h ???????? 01a /
31235ef.4f 53957e62 028fc4 h ???????? 002 /robots.txt
31235f2.d0 53957e62 028fc4 h ???????? 023 /
3123736.19 42f942d5 043937 h ???????? 004 /wiki/GeneralElectric
3123806.e0 284da707 6a88e8 s ???????? 003 /robots.txt
312380b.ac 9d3727b7 6a88e8 s ???????? 035 /
31238b3.56 42f942d5 043937 h ???????? 004 /wiki/GottfriedWilhelmLeibniz
31239de.94 42f942d1 043937 h ???????? 030 /wiki/PlomBot
3123a4f.97 2e769cbf 37067c h ???????? 019 /
3123a4f.cb 2e769cbf 37067c h ???????? 002 /wp-includes/wlwmanifest.xml
3123a50.00 2e769cbf 37067c h ???????? 002 /xmlrpc.php
3123a50.35 2e769cbf 37067c h ???????? 018 /
3123a50.69 2e769cbf 37067c h ???????? 003 /blog/wp-includes/wlwmanifest.xml
3123a50.99 2e769cbf 37067c h ???????? 002 /wordpress/wp-includes/wlwmanifest.xml
3123a50.c9 2e769cbf 37067c h ???????? 002 /wp/wp-includes/wlwmanifest.xml
3123a50.f6 2e769cbf 37067c h ???????? 003 /site/wp-includes/wlwmanifest.xml
3123b06.4f b44c0f1e a04d28 h ???????? 003 /edit/4166001
3123c0a.3c 4a7d4c24 55c2cd h ???????? 003 //rss.rdf
3123c6e.b1 42f942cd 043937 h ???????? 004 /wiki/AusSage
3123d70.73 42f942cd 043937 h ???????? 005 /wiki/ReSource
3123ef9.a9 42f942cd 043937 h ???????? 038 /wiki/BadBank
3123f3b.65 42f942d5 622963 h ???????? 004 /wiki/AlvarFreude
31241a8.6b 42f942d5 043937 h ???????? 004 /wiki/DeScribe
3124248.31 42f942df 043937 s ???????? 15d8 /phim
3124270.c9 508681b0 bf6c56 h ???????? 003 /feel/29b70/
3124381.25 42f942e7 043937 s ???????? 13c3 /age
3124440.25 508681b0 bf6c56 h ???????? 003 /feel/29d40/
3124450.8d 42f942d5 043937 h ???????? 004 /wiki/JensBaur
3124590.de 508681b0 bf6c56 h ???????? 003 /feel/29e90/
31246a0.26 508681b0 bf6c56 h ???????? 003 /feel/29fa0/
31246c0.d7 508681b0 bf6c56 h ???????? 006 /alive/29fc0/
31246c0.dd 508681b0 bf6c56 h ???????? 002 /feel/29fc0/
31246e5.d5 42f942cd 043937 h ???????? 003 /wiki/MagaZine
31246ef.f4 508681b0 bf6c56 h ???????? 006 /alive/29ff0/
31246f0.11 508681b0 bf6c56 h ???????? 003 /feel/29ff0/
3124886.b5 42f942cd 622963 h ???????? 004 /wiki/PaulArnheim
312491d.63 3ed6bf41 4817c5 s ???????? 003 /feel/c5f0/
312492d.f6 3ed6bf41 4817c5 s ???????? 00b /alive/c600/
312492e.0f 3ed6bf41 4817c5 s ???????? 002 /feel/c600/
312493d.e0 3ed6bf41 4817c5 s ???????? 002 /feel/c610/
312493f.76 284da784 6a88e8 h ???????? 004 /wiki/PuffCafe
312494e.15 3ed6bf41 4817c5 s ???????? 002 /feel/c620/
312495d.f2 3ed6bf41 4817c5 s ???????? 003 /alive/c630/
312495e.04 3ed6bf41 4817c5 s ???????? 002 /feel/c630/
3124961.36 42f942cd 043937 h ???????? 003 /wiki/MindFlush
3124969.5c 42f942cd 043937 h ???????? 004 /wiki/ChristineMeissner
312496d.f0 3ed6bf41 4817c5 s ???????? 003 /alive/c640/
312496e.1a 3ed6bf41 4817c5 s ???????? 002 /feel/c640/
3124979.a6 a4843451 eb026b s ???????? 004 /bcHead
3124979.67 3ed6bf41 4817c5 s ???????? 0fb /sh
312497a.1d 3ed6bf41 4817c5 s ???????? 002 /AtJs
312497d.87 3ed6bf41 4817c5 s ???????? 006 /alive/c650/
312497d.8a 3ed6bf41 4817c5 s ???????? 003 /feel/c650/
312498d.ee 3ed6bf41 4817c5 s ???????? 007 /alive/c660/
312498e.01 3ed6bf41 4817c5 s ???????? 004 /feel/c660/
312499d.94 3ed6bf41 4817c5 s ???????? 009 /alive/c670/
312499d.a0 3ed6bf41 4817c5 s ???????? 004 /feel/c670/
3124aa6.51 b44c0f14 a04d28 h ???????? 004 /wiki/NooMic
3124bc3.7e 42f942d1 043937 h ???????? 004 /wiki/CastId
3124bc8.a5 42f942d1 043937 h ???????? 004 /wiki/JanKaboth
3124bec.7b adeaeacb 3d8b22 h ???????? 020 /
3124ccc.d2 9d3727b7 6a88e8 h ???????? 002 /SingularChess
3124d33.07 284da71c e39fc8 h ???????? 01a /
3124d37.16 284da7b4 6a88e8 h ???????? 006 /robots.txt
3124d37.1c 284da7b4 6a88e8 h ???????? 002 /robots.txt
3124d37.81 9d3727b7 6a88e8 h ???????? 002 /robots.txt
3124dbe.3d 284da71c 6a88e8 h ???????? 01f /
3124ea5.66 42f942d1 043937 h ???????? 005 /wiki/PatenLand
3124f33.e8 42f942e3 043937 s ???????? 004 /wiki/MindMac
3124faa.99 bc285186 7dfab1 h ???????? 004 //rss.jsp
3124faa.cb bc285186 7dfab1 h ???????? 002 //rss.jsp
3124fae.2b bc285186 7dfab1 h ???????? 004 //rss.jsp
3124fae.5a bc285186 7dfab1 h ???????? 003 //rss.jsp
312519f.13 42f942d1 043937 h ???????? 004 /wiki/NooChess
31252c0.c3 42f942cd 622963 h ???????? 006 /wiki/MaRo
3125410.08 42f942e3 043937 s ???????? 1706 /phim
31254da.26 42f942d1 043937 h ???????? 005 /wiki/WettSchuld
3125605.13 42f95cc7 70a047 h ???????? 004 //rss.rdf
3125782.de 42f942d5 043937 h ???????? 005 /wiki/LeopoldMozart
312578e.9a 42f942df 043937 s ???????? 15ba /age
3125a0d.12 42f942cd 043937 h ???????? 005 /wiki/RoyalDutchShell
3125c8d.84 42f942cd 043937 h ???????? 004 /wiki/BusinessDueruem
3125d3d.e4 42f942d1 622963 h ???????? 005 /wiki/MoZart
3125f3f.8d 42f942d5 043937 h ???????? 005 /wiki/JosephRatzinger
31260f6.c6 42f942d1 043937 h ???????? 005 /wiki/ProliFic
312620f.2d 42f942d5 043937 h ???????? 005 /wiki/EinkommenSteuer
3126238.77 42f942d1 043937 h ???????? 004 /wiki/ErnstHeller
31264a0.e8 42f942e7 043937 s ???????? 1651 /phim
31264df.09 42f942d5 043937 h ???????? 006 /wiki/InfiniteLoopOne
31267a9.42 42f942d1 043937 h ???????? 006 /wiki/BlokUs
31267cd.87 42f942d1 622963 h ???????? 004 /wiki/BirthDay
3126954.7b 42f942e3 043937 s ???????? 1650 /age
3126a6a.cf 42f942d1 043937 h ???????? 005 /wiki/ParDon
3126acf.84 b44c0f13 fa643b h ???????? 007 /radio/robots.txt
3126acf.86 b44c0f1e fa643b h ???????? 003 /radio/robots.txt
3126b0d.a1 b44c0f96 a04d28 h ???????? 004 /radio
3126d19.e5 42f942d5 043937 h ???????? 005 /wiki/DrehenUndTreten
3126d21.6f 2ea5c58d 028fc4 h ???????? 003 //robots.txt
3126d24.a9 2ea5c58d 028fc4 h ???????? 004 //wiki/LockSchuppen
3126f9d.59 42f942cd 043937 h ???????? 006 /wiki/MindGo
3127149.9c 42f942d1 622963 h ???????? 005 /wiki/MaxWeber
31271b6.ed 59cc9b81 bf6c56 h ???????? 003 /feel/2cab0/
31271c2.6c 59cc9b81 bf6c56 h ???????? 003 /alive/2cac0/
31271c4.0d 59cc9b81 bf6c56 h ???????? 003 /feel/2cac0/
31271d2.06 59cc9b81 bf6c56 h ???????? 003 /alive/2cad0/
31271d2.18 59cc9b81 bf6c56 h ???????? 003 /feel/2cad0/
3127212.1c 59cc9b81 bf6c56 h ???????? 003 /alive/2cb10/
3127212.22 59cc9b81 bf6c56 h ???????? 003 /feel/2cb10/
3127225.87 42f942d5 043937 h ???????? 005 /wiki/WorldFutureForum
31272b9.b7 42f942cd 043937 h ???????? 005 /wiki/MarlBoro
31273ba.ac 59cc9b81 bf6c56 h ???????? 004 /feel/2ccb0/
3127432.51 59cc9b81 bf6c56 h ???????? 003 /alive/2cd30/
3127432.5d 59cc9b81 bf6c56 h ???????? 003 /feel/2cd30/
31274b4.3a 42f942d5 043937 h ???????? 005 /wiki/MasterMind
31274f4.a9 9d3727b7 6a88e8 s ???????? 021 /
3127551.7c 59cc9b81 bf6c56 h ???????? 003 /feel/2ce50/
312770e.80 5d9e983e e4b041 h ???????? 004 /robots.txt
3127712.4d 5d9e983e e4b041 h ???????? 025 /
31277b9.17 42f942cd 043937 h ???????? 005 /wiki/RheinlandPfalz
3127844.57 bc285186 7dfab1 h ???????? 004 //rss.jsp
3127844.8d bc285186 7dfab1 h ???????? 002 //rss.jsp
312784a.32 bc285186 7dfab1 h ???????? 003 //rss.jsp
312784a.6e bc285186 7dfab1 h ???????? 003 //rss.jsp
31278a6.04 b44c0f14 a04d28 h ???????? 005 /wiki/AiGore
3127a4b.b6 42f942d5 622963 h ???????? 006 /wiki/AlanKay
3127a67.cd 42f942d1 043937 h ???????? 005 /wiki/ThinkAndGrowRich
3127b19.f0 42f942df 043937 s ???????? 184a /age
3127bd2.6d 59cc9b81 bf6c56 h ???????? 005 /feel/2d4d0/
3127cf7.b1 42f942cd 043937 h ???????? 006 /wiki/PeopleAggregator
3127f39.c5 42f95ccb 70a047 h ???????? 004 //rss.rdf
3127f6a.5e 42f942d1 043937 h ???????? 008 /wiki/ElternMitWirkung
31281da.b3 42f942d1 043937 h ???????? 007 /wiki/WolfgangTiefensee
312836c.cb 42f942cd 043937 h ???????? 005 /wiki/KarlsRuheChess
3128413.de 42f942cd 622963 h ???????? 005 /wiki/JohnNash
3128473.ba 42f942d1 043937 h ???????? 005 /wiki/CrCo
312847c.a4 42f942cd 043937 h ???????? 005 /wiki/ApperBot
31285d9.23 42f942d5 043937 h ???????? 052 /wiki/MindPet
31285da.18 42f942d1 043937 h ???????? 005 /wiki/ScreenCast
31285da.81 42f942cd 043937 h ???????? 005 /wiki/MyersBriggs
31285da.da 42f942d1 043937 h ???????? 005 /wiki/KarlSchroeder
31286ff.d2 42f942d1 043937 h ???????? 006 /wiki/ForEx
3128707.82 42f942d1 043937 h ???????? 005 /wiki/RussianRuble
3128707.ff 42f942cd 043937 h ???????? 006 /wiki/PresuPuesto
312898a.2d 42f942d1 043937 h ???????? 005 /wiki/EveIsk
3128bd2.e3 42f942cd 043937 h ???????? 006 /wiki/MafiaWars
3128bd3.b8 42f942cd 043937 h ???????? 005 /wiki/BildungsSystem
3128bd4.2c 42f942d1 043937 h ???????? 005 /wiki/BiGo
3128bf2.1d 42f942cd 043937 h ???????? 005 /wiki/HaBuRi
3128c36.d9 44b4e4a3 aec21f h ???????? 004 //robots.txt
3128c46.2e 44b4e47d aec21f h ???????? 004 /robots.txt
3128c46.cd 44b4e47d aec21f h ???????? 020 /
3128ce4.e6 42f942d1 043937 h ???????? 006 /wiki/SesameStreet
3128ce5.ea 42f942cd 043937 h ???????? 005 /wiki/StefanMagdalinski
3128d32.9e 42f942d5 622963 h ???????? 005 /wiki/MartinZs
3128d79.30 c0634ff0 dc1a18 h ???????? 023 /
3128d7d.af c0634ff0 dc1a18 h ???????? 004 //https://floatingboat2013.appspot.com
3128d84.f1 c0634ff0 dc1a18 h ???????? 006 //wiki/AlanTuring
3128d86.b5 c0634ff0 dc1a18 h ???????? 005 //wiki/GottfriedWilhelmLeibniz
3128d88.ae c0634ff0 dc1a18 h ???????? 004 //https://floatingboat2013.appspot.com/UrPic
3128d8a.81 c0634ff0 dc1a18 h ???????? 003 //https://floatingboat2013.appspot.com/ad
3128d90.0e c0634ff0 dc1a18 h ???????? 004 //https://sl4.eu/hls
3128d91.66 c0634ff0 dc1a18 h ???????? 003 //https://sl4.eu/ls
3128d94.9e c0634ff0 dc1a18 h ???????? 003 //https://sl4.eu/sh
3128d9c.83 c0634ff0 dc1a18 h ???????? 003 //https://www.youtube.com/watch
3128e13.33 42f942d1 043937 h ???????? 007 /wiki/StockHolmChess
3128e13.ff 42f942d1 043937 h ???????? 009 /wiki/LucMontagnier
3128e58.7d cf2e0d33 6a88e8 h ???????? 036 /
3128e5d.18 42f942cd 043937 h ???????? 005 /wiki/UhTopia
3128f3d.44 42f942cd 043937 h ???????? 006 /wiki/LockFutureSax2010
3128f3e.34 42f942cd 043937 h ???????? 007 /wiki/JanaSchlegel2009
3128f79.1b 42f942d5 043937 h ???????? 006 /wiki/KarlEmilHeinze
3128f87.3d 42f942d1 043937 h ???????? 006 /wiki/PaulKretschmar
3128f90.f9 42f942cd 043937 h ???????? 006 /wiki/RichardSchmidt
3129067.b9 42f942d1 043937 h ???????? 006 /wiki/BoundingBoxCaptain
3129147.80 42f942cd 043937 h ???????? 007 /wiki/SusTain
3129217.e6 5b87aa3d 165015 h ???????? 025 /
312933c.82 d9b68497 433e9c h ???????? 005 /wiki/FamWis02
312938a.e4 3ed6bf41 d92714 s ???????? 025 /
312938b.8d 3ed6bf41 d92714 s ???????? 004 /favicon.ico
312938f.8e 3ed6bf41 d92714 s ???????? 004 /alive/4
312938f.bf 3ed6bf41 d92714 s ???????? 004 /feel/4
3129393.a1 3ed6bf41 d92714 s ???????? 008 /alive/8
3129393.c5 3ed6bf41 d92714 s ???????? 003 /feel/8
312939b.87 3ed6bf41 d92714 s ???????? 034 /alive/10
312939b.bc 3ed6bf41 d92714 s ???????? 022 /feel/10
3129412.68 cd8b8d36 209ef4 h ???????? 004 //rss.rdf
312941b.16 42f942d5 043937 h ???????? 007 /wiki/GustavStorring
312948a.78 42f942d1 043937 h ???????? 006 /wiki/AldiPay
312963f.d1 42f942d5 043937 h ???????? 004 /edit/37176004
31296fb.b8 42f942d1 622963 h ???????? 006 /wiki/GoSeigen
312973d.4c 42f942d1 043937 h ???????? 006 /wiki/OnDemand
31299d0.60 b44c0fa3 a04d28 h ???????? 02a /
3129a71.32 42f942d1 043937 h ???????? 007 /wiki/PageIndex
3129c76.f1 42f942e7 043937 s ???????? 025 /
3129d48.42 42f942d5 043937 h ???????? 008 /wiki/CmuBuilding23
3129e91.dd d919ba5e dc1a18 h ???????? 027 /
3129e92.36 d919ba5e dc1a18 h ???????? 004 //https://floatingboat2013.appspot.com
3129e92.73 d919ba5e dc1a18 h ???????? 006 //wiki/AlanTuring
3129e92.b8 d919ba5e dc1a18 h ???????? 007 //wiki/GottfriedWilhelmLeibniz
3129e93.05 d919ba5e dc1a18 h ???????? 004 //https://floatingboat2013.appspot.com/UrPic
3129e93.3f d919ba5e dc1a18 h ???????? 004 //https://floatingboat2013.appspot.com/ad
3129e93.88 d919ba5e dc1a18 h ???????? 006 //https://sl4.eu/hls
3129e93.c9 d919ba5e dc1a18 h ???????? 004 //https://sl4.eu/ls
3129e94.2c d919ba5e dc1a18 h ???????? 004 //https://sl4.eu/sh
3129e94.70 d919ba5e dc1a18 h ???????? 003 //https://www.youtube.com/watch
3129f75.93 5d9e983e e4b041 h ???????? 02a /
3129fda.9b 42f942df 043937 s ???????? 029 /feel/10
3129fe0.5b 42f942d1 043937 h ???????? 006 /wiki/MagnusCelsius
312a00f.0c 42f942d5 043937 h ???????? 024 /
312a034.8c 42f942d1 622963 h ???????? 006 /wiki/BeetHoven
312a261.9f 59cc9b84 bf6c56 h ???????? 005 /feel/2fb60/
312a292.26 42f942d5 043937 h ???????? 006 /wiki/ChristianeFloyd
312a4b5.12 42f95ccb 70a047 h ???????? 004 //rss.rdf
312a503.7c 42f942d1 043937 h ???????? 006 /wiki/StringTokenizer
312a67e.d3 33ff426a 433e9c h ???????? 008 /wiki/GenSeidenFaden
312a77d.61 42f942d1 043937 h ???????? 007 /wiki/ZwA
312a802.bc 42f942d1 043937 h ???????? 006 /wiki/WeForest
312aa52.5b 42f942d1 043937 h ???????? 009 /robots.txt
312aa52.63 42f942cd 043937 h ???????? 006 /wiki/WauWau
312aae1.57 42f942cd 622963 h ???????? 007 /wiki/InBody
312acf7.21 42f9415c 043937 h ???????? 006 /wiki/TJxOy0Q
312afb9.b8 42f942cd 043937 h ???????? 007 /wiki/WowGold
312b207.22 42f942d1 043937 h ???????? 006 /wiki/GustavSchwalbe
312b27a.75 42f942cd 043937 h ???????? 007 /wiki/MindGene
312b311.fc 403efca2 b5eaf4 h ???????? 005 /robots.txt
312b312.65 403efca2 b5eaf4 h ???????? 02d /1
312b47e.90 42f942cd 622963 h ???????? 007 /wiki/SeppMaier
312b4fd.e3 42f942d5 043937 h ???????? 006 /wiki/MindGame
312b635.f7 33ff427f 433e9c h ???????? 007 /wiki/RainerWasserfuhrHasKissed
312b6a0.dc 5d9e983e e4b041 h ???????? 02c /
312b799.d2 42f942d5 043937 h ???????? 007 /wiki/FireExit
312b925.f1 a484a154 433e9c h ???????? 006 /wiki/NormFarm
312b9bf.9a 59cc9b84 bf6c56 h ???????? 005 /feel/312c0/
312b9c5.dd 42f942cd 043937 h ???????? 029 /edit/10275010
312ba17.09 42f942d5 043937 h ???????? 007 /wiki/MindCube
312bc6a.5e adeaead6 3d8b22 h ???????? 029 /
312bc8b.97 42f942cd 043937 h ???????? 007 /wiki/HRxL2L2A
312bd50.2c 59cc9b84 bf6c56 h ???????? 005 /feel/31650/
312bdc6.c0 42f942df 622963 s ???????? 006 /wiki/GutHaben
312be03.cb 33ff4149 433e9c h ???????? 005 /edit/28106001
312bef3.bc 42f942d5 043937 h ???????? 007 /wiki/EinHorns
312bfcb.ed 42f942d5 043937 h ???????? 005 /robots.txt
312bfee.ec 42f942cd 043937 h ???????? 005 /Edit.jsp
312c0de.56 42f95cc7 70a047 h ???????? 006 //rss.rdf
312c17a.0b 42f942cd 043937 h ???????? 007 /wiki/ManekiNeko
312c379.45 33ff427c 433e9c h ???????? 008 /wiki/SchickSaal
312c405.ff 284da784 6a88e8 h ???????? 00a /wiki/StudiVz
312c452.f8 42f942d1 043937 h ???????? 007 /wiki/VerFassung
312c5d4.65 42f942df 043937 s ???????? 090 /
312c69f.2c 59cc9b84 bf6c56 h ???????? 004 /feel/31fa0/
312c6c0.32 59cc9b84 bf6c56 h ???????? 004 /alive/31fc0/
312c6c0.71 59cc9b84 bf6c56 h ???????? 004 /feel/31fc0/
312c6d0.3b 59cc9b84 bf6c56 h ???????? 004 /alive/31fd0/
312c6d0.95 59cc9b84 bf6c56 h ???????? 004 /feel/31fd0/
312c6d9.f8 42f942cd 043937 h ???????? 007 /wiki/HaikoHebig
312c6fc.0b 42f942e3 622963 s ???????? 006 /wiki/MitEdu
312c710.c5 59cc9b84 bf6c56 h ???????? 005 /alive/32010/
312c711.17 59cc9b84 bf6c56 h ???????? 004 /feel/32010/
312c720.55 59cc9b84 bf6c56 h ???????? 004 /alive/32020/
312c720.da 59cc9b84 bf6c56 h ???????? 004 /feel/32020/
312c730.24 59cc9b84 bf6c56 h ???????? 004 /alive/32030/
312c730.93 59cc9b84 bf6c56 h ???????? 004 /feel/32030/
312c73f.b8 59cc9b84 bf6c56 h ???????? 008 /alive/32040/
312c741.34 59cc9b84 bf6c56 h ???????? 001 /feel/32040/
312c741.62 59cc9b84 bf6c56 s ???????? 045 /ls
312c947.28 42f942cd 043937 h ???????? 003 /wiki/PierreKerchner
312cb86.12 42f942d5 043937 h ???????? 003 /wiki/AsCii
312cb88.a5 42f942cd 043937 h ???????? 002 /wiki/MindYear
312cdbf.9d 42f942d5 043937 h ???????? 002 /wiki/SiUnit
312d003.d0 42f942cd 043937 h ???????? 002 /wiki/FamilienFreund
312d07b.25 cff1e5ec 7f7c34 h ???????? 001 /robots.txt
312d081.57 cff1e5ec 7f7c34 h ???????? 001 //robots.txt
312d09a.90 42f942d5 622963 h ???????? 002 /wiki/CemBasman
312d11d.f9 a2d2c462 028fc4 h ???????? 002 /robots.txt
312d11f.e4 a2d2c462 028fc4 h ???????? 002 /wiki/SmaVa
312d183.00 d9b68435 433e9c h ???????? 003 /edit/22336007
312d240.c4 42f942d1 043937 h ???????? 003 /wiki/StefanHeltemes
312d489.c6 42f942cd 043937 h ???????? 003 /wiki/AlexanderGoetze
312d56e.80 3ed6bf41 4817c5 s ???????? 012 /feel/15240/
312d57d.54 3ed6bf41 4817c5 s ???????? 026 /alive/15250/
312d57d.64 3ed6bf41 4817c5 s ???????? 010 /feel/15250/
312d57e.25 3ed6bf41 4817c5 s ???????? 051 /exec/gs
312d58f.0e 3ed6bf41 4817c5 s ???????? 020 /feel/15260/
312d59c.f6 3ed6bf41 4817c5 s ???????? 027 /exec/git%20add%20ad312.log%20ur312.log
312d59d.4a 3ed6bf41 4817c5 s ???????? 012 /feel/15270/
312d5a2.a9 3ed6bf41 4817c5 s ???????? 2f3 /exec/git%20add%20a%20bh%20ua;git%20commit%20-am%22git%20add%20a%20bh%20ua%22
312d5ad.0d 3ed6bf41 4817c5 s ???????? 013 /exec/gs
312d5ad.54 3ed6bf41 4817c5 s ???????? 019 /feel/15280/
312d5bd.44 3ed6bf41 4817c5 s ???????? 02f /alive/15290/
312d5bd.63 3ed6bf41 4817c5 s ???????? 012 /feel/15290/
312d5cd.4a 3ed6bf41 4817c5 s ???????? 02e /alive/152a0/
312d5cd.5e 3ed6bf41 4817c5 s ???????? 012 /feel/152a0/
312d5dd.59 3ed6bf41 4817c5 s ???????? 01f /alive/152b0/
312d5dd.6a 3ed6bf41 4817c5 s ???????? 014 /feel/152b0/
312d5ed.41 3ed6bf41 4817c5 s ???????? 027 /alive/152c0/
312d5ed.61 3ed6bf41 4817c5 s ???????? 01d /feel/152c0/
312d60d.67 3ed6bf41 4817c5 s ???????? 022 /feel/152d0/
312d60d.69 3ed6bf41 4817c5 s ???????? 022 /feel/152e0/
312d61f.21 3ed6bf41 4817c5 s ???????? 022 /feel/152f0/
312d61f.20 3ed6bf41 4817c5 s ???????? 026 /alive/152f0/
312d62d.42 3ed6bf41 4817c5 s ???????? 013 /alive/15300/
312d62e.c0 3ed6bf41 4817c5 s ???????? 012 /feel/15300/
312d638.ae 3ed6bf41 4817c5 s ???????? 022 /alive/152d0/
312d63e.4a 3ed6bf41 4817c5 s ???????? 016 /feel/15310/
312d640.c5 3ed6bf41 4817c5 s ???????? 013 /alive/15310/
312d64d.40 3ed6bf41 4817c5 s ???????? 015 /alive/15320/
312d64d.79 3ed6bf41 4817c5 s ???????? 013 /feel/15320/
312d65d.4e 3ed6bf41 4817c5 s ???????? 025 /alive/15330/
312d65d.61 3ed6bf41 4817c5 s ???????? 015 /feel/15330/
312d66d.52 3ed6bf41 4817c5 s ???????? 028 /alive/15340/
312d66d.65 3ed6bf41 4817c5 s ???????? 014 /feel/15340/
312d67d.46 3ed6bf41 4817c5 s ???????? 016 /feel/15350/
312d68c.1e 33ff427e 433e9c h ???????? 002 /edit
312d68d.4f 3ed6bf41 4817c5 s ???????? 024 /alive/15360/
312d68d.61 3ed6bf41 4817c5 s ???????? 014 /feel/15360/
312d69a.af 9d3727b7 6a88e8 s ???????? 016 /
312d69d.55 3ed6bf41 4817c5 s ???????? 02c /alive/15370/
312d69d.65 3ed6bf41 4817c5 s ???????? 015 /feel/15370/
312d6ad.48 3ed6bf41 4817c5 s ???????? 016 /feel/15380/
312d6b2.20 42f942cd 043937 h ???????? 002 /wiki/VereinsRegister
312d6bd.50 3ed6bf41 4817c5 s ???????? 027 /alive/15390/
312d6bd.64 3ed6bf41 4817c5 s ???????? 014 /feel/15390/
312d6cd.60 3ed6bf41 4817c5 s ???????? 02d /alive/153a0/
312d6cd.7b 3ed6bf41 4817c5 s ???????? 015 /feel/153a0/
312d6dd.51 3ed6bf41 4817c5 s ???????? 033 /alive/153b0/
312d6dd.6b 3ed6bf41 4817c5 s ???????? 015 /feel/153b0/
312d6ed.58 3ed6bf41 4817c5 s ???????? 036 /alive/153c0/
312d6ed.66 3ed6bf41 4817c5 s ???????? 015 /feel/153c0/
312d6fd.42 3ed6bf41 4817c5 s ???????? 02a /alive/153d0/
312d6fd.64 3ed6bf41 4817c5 s ???????? 01d /feel/153d0/
312d70d.4f 3ed6bf41 4817c5 s ???????? 02c /alive/153e0/
312d70d.67 3ed6bf41 4817c5 s ???????? 016 /feel/153e0/
312d71d.64 3ed6bf41 4817c5 s ???????? 027 /alive/153f0/
312d71d.6f 3ed6bf41 4817c5 s ???????? 016 /feel/153f0/
312d73d.69 3ed6bf41 4817c5 s ???????? 018 /feel/15410/
312d74d.63 3ed6bf41 4817c5 s ???????? 030 /alive/15420/
312d74d.80 3ed6bf41 4817c5 s ???????? 016 /feel/15420/
312d75d.56 3ed6bf41 4817c5 s ???????? 02a /alive/15430/
312d75d.75 3ed6bf41 4817c5 s ???????? 015 /feel/15430/
312d76d.50 3ed6bf41 4817c5 s ???????? 017 /feel/15440/
312d77d.63 3ed6bf41 4817c5 s ???????? 01a /alive/15450/
312d77d.87 3ed6bf41 4817c5 s ???????? 01d /feel/15450/
312d7ad.43 3ed6bf41 4817c5 s ???????? 01a /feel/15480/
312d7bd.5d 3ed6bf41 4817c5 s ???????? 017 /alive/15490/
312d7bd.9b 3ed6bf41 4817c5 s ???????? 017 /feel/15490/
312d7dd.4d 3ed6bf41 4817c5 s ???????? 02b /alive/154b0/
312d7dd.66 3ed6bf41 4817c5 s ???????? 015 /feel/154b0/
312d80d.87 3ed6bf41 4817c5 s ???????? 02a /alive/154e0/
312d80d.8e 3ed6bf41 4817c5 s ???????? 01e /feel/154e0/
312d82d.5a 3ed6bf41 4817c5 s ???????? 016 /feel/15500/
312d87d.45 3ed6bf41 4817c5 s ???????? 038 /alive/15550/
312d87d.69 3ed6bf41 4817c5 s ???????? 019 /feel/15550/
312d88d.6c 3ed6bf41 4817c5 s ???????? 017 /feel/15560/
312d89d.51 3ed6bf41 4817c5 s ???????? 038 /alive/15570/
312d89d.69 3ed6bf41 4817c5 s ???????? 020 /feel/15570/
312d8ae.f4 b44c0f20 a04d28 h ???????? 02e /
312d8ae.f7 3ed6bf41 4817c5 s ???????? 029 /feel/15580/
312d8bd.50 3ed6bf41 4817c5 s ???????? 01a /feel/15590/
312d8c8.82 42f942cd 043937 h ???????? 003 /wiki/BertrandRussell
312d8d8.08 3ed6bf41 4817c5 s ???????? 016 /feel/155a0/
312d8dd.5c 3ed6bf41 4817c5 s ???????? 032 /alive/155b0/
312d8dd.61 3ed6bf41 4817c5 s ???????? 030 /feel/155b0/
312d8ed.56 3ed6bf41 4817c5 s ???????? 018 /feel/155c0/
312d8fd.4b 3ed6bf41 4817c5 s ???????? 018 /feel/155d0/
312d917.70 3ed6bf41 4817c5 s ???????? 019 /feel/155e0/
312d91d.59 3ed6bf41 4817c5 s ???????? 039 /alive/155f0/
312d91d.6b 3ed6bf41 4817c5 s ???????? 017 /feel/155f0/
312d91e.9c 3ed6bf41 4817c5 s ???????? 016 /alive/155e0/
312d92e.79 3ed6bf41 4817c5 s ???????? 01a /feel/15600/
312d941.7a 3ed6bf41 4817c5 s ???????? 02a /alive/15600/
312d94d.5e 3ed6bf41 4817c5 s ???????? 037 /alive/15620/
312d94d.70 3ed6bf41 4817c5 s ???????? 01a /feel/15620/
312d95c.99 42f942cd 622963 h ???????? 004 /wiki/MaxPlanck
312d96d.bd 3ed6bf41 4817c5 s ???????? 017 /alive/15640/
312d970.76 3ed6bf41 4817c5 s ???????? 018 /feel/15640/
312d98d.66 3ed6bf41 4817c5 s ???????? 024 /alive/15660/
312d98d.c9 3ed6bf41 4817c5 s ???????? 018 /feel/15660/
312d9ad.71 3ed6bf41 4817c5 s ???????? 031 /alive/15680/
312d9ad.80 3ed6bf41 4817c5 s ???????? 01b /feel/15680/
312d9bd.5e 3ed6bf41 4817c5 s ???????? 042 /alive/15690/
312d9bd.74 3ed6bf41 4817c5 s ???????? 01a /feel/15690/
312d9cd.4d 3ed6bf41 4817c5 s ???????? 01a /feel/156a0/
312d9dd.53 3ed6bf41 4817c5 s ???????? 02d /alive/156b0/
312d9dd.69 3ed6bf41 4817c5 s ???????? 024 /feel/156b0/
312d9ed.47 3ed6bf41 4817c5 s ???????? 01a /feel/156c0/
312d9fd.70 3ed6bf41 4817c5 s ???????? 032 /alive/156d0/
312d9fd.84 3ed6bf41 4817c5 s ???????? 01b /feel/156d0/
312da0d.67 3ed6bf41 4817c5 s ???????? 04a /alive/156e0/
312da0d.80 3ed6bf41 4817c5 s ???????? 01a /feel/156e0/
312da5d.67 3ed6bf41 4817c5 s ???????? 03a /alive/15730/
312da5d.7a 3ed6bf41 4817c5 s ???????? 019 /feel/15730/
312da6d.58 3ed6bf41 4817c5 s ???????? 02f /alive/15740/
312da6d.6e 3ed6bf41 4817c5 s ???????? 017 /feel/15740/
312da9d.5f 3ed6bf41 4817c5 s ???????? 034 /alive/15770/
312da9d.6d 3ed6bf41 4817c5 s ???????? 01d /feel/15770/
312daad.4a 3ed6bf41 4817c5 s ???????? 01c /feel/15780/
312dabe.69 3ed6bf41 4817c5 s ???????? 01a /feel/15790/
312dacd.60 3ed6bf41 4817c5 s ???????? 01a /alive/15790/
312dae9.66 42f942cd 043937 h ???????? 006 /wiki/OneLaptopPerMind
312daed.6d 3ed6bf41 4817c5 s ???????? 037 /alive/157c0/
312daed.83 3ed6bf41 4817c5 s ???????? 01d /feel/157c0/
312db0d.61 3ed6bf41 4817c5 s ???????? 01b /feel/157e0/
312db1d.90 3ed6bf41 4817c5 s ???????? 019 /alive/157f0/
312db1e.29 3ed6bf41 4817c5 s ???????? 01a /feel/157f0/
312db2d.62 3ed6bf41 4817c5 s ???????? 01d /alive/15800/
312db32.6e 3ed6bf41 4817c5 s ???????? 01a /feel/15800/
312db3e.70 3ed6bf41 4817c5 s ???????? 01a /feel/15810/
312db4d.65 3ed6bf41 4817c5 s ???????? 034 /alive/15820/
312db4d.76 3ed6bf41 4817c5 s ???????? 01b /feel/15820/
312db5d.4c 3ed6bf41 4817c5 s ???????? 01c /feel/15830/
312db5e.23 3ed6bf41 4817c5 s ???????? 01b /alive/15810/
312db6d.6e 3ed6bf41 4817c5 s ???????? 045 /alive/15840/
312db6d.82 3ed6bf41 4817c5 s ???????? 01b /feel/15840/
312db7d.5c 3ed6bf41 4817c5 s ???????? 041 /alive/15850/
312db7d.7d 3ed6bf41 4817c5 s ???????? 026 /feel/15850/
312db9d.62 3ed6bf41 4817c5 s ???????? 040 /alive/15870/
312db9d.78 3ed6bf41 4817c5 s ???????? 01c /feel/15870/
312dbad.65 3ed6bf41 4817c5 s ???????? 041 /alive/15880/
312dbad.78 3ed6bf41 4817c5 s ???????? 01a /feel/15880/
312dbbd.75 3ed6bf41 4817c5 s ???????? 01e /alive/15890/
312dbbe.77 3ed6bf41 4817c5 s ???????? 01d /feel/15890/
312dbcd.4b 3ed6bf41 4817c5 s ???????? 033 /alive/158a0/
312dbcd.8e 3ed6bf41 4817c5 s ???????? 01d /feel/158a0/
312dbed.81 3ed6bf41 4817c5 s ???????? 01e /alive/158c0/
312dbed.c7 3ed6bf41 4817c5 s ???????? 01b /feel/158c0/
312dbee.57 a484a2bb 433e9c h ???????? 004 /wiki/MindFlow
312dbfd.6a 3ed6bf41 4817c5 s ???????? 037 /alive/158d0/
312dbfd.85 3ed6bf41 4817c5 s ???????? 01d /feel/158d0/
312dc0d.6e 3ed6bf41 4817c5 s ???????? 03d /alive/158e0/
312dc0d.88 3ed6bf41 4817c5 s ???????? 020 /feel/158e0/
312dc4d.6a 3ed6bf41 4817c5 s ???????? 039 /alive/15920/
312dc4d.7c 3ed6bf41 4817c5 s ???????? 01d /feel/15920/
312dc5d.53 3ed6bf41 4817c5 s ???????? 020 /feel/15930/
312dc61.2d 284da7b4 6a88e8 h ???????? 003 /robots.txt
312dc64.60 284da706 6a88e8 h ???????? 004 /wiki/AudiVision
312dc6d.60 3ed6bf41 4817c5 s ???????? 03f /alive/15940/
312dc6d.76 3ed6bf41 4817c5 s ???????? 01d /feel/15940/
312dc7d.4e 3ed6bf41 4817c5 s ???????? 01d /alive/15950/
312dc7d.d3 3ed6bf41 4817c5 s ???????? 020 /feel/15950/
312dc9d.49 3ed6bf41 4817c5 s ???????? 037 /alive/15970/
312dc9d.70 3ed6bf41 4817c5 s ???????? 01c /feel/15970/
312dcad.a1 3ed6bf41 4817c5 s ???????? 020 /feel/15980/
312dcbd.42 3ed6bf41 4817c5 s ???????? 02e /feel/15990/
312dccd.6d 3ed6bf41 4817c5 s ???????? 021 /feel/159a0/
312dcdd.56 3ed6bf41 4817c5 s ???????? 045 /alive/159b0/
312dcdd.7b 3ed6bf41 4817c5 s ???????? 01d /feel/159b0/
312dced.58 3ed6bf41 4817c5 s ???????? 024 /alive/159c0/
312dcee.4e 3ed6bf41 4817c5 s ???????? 01e /feel/159c0/
312dcfd.54 3ed6bf41 4817c5 s ???????? 020 /feel/159d0/
312dd0e.f2 42f942cd 043937 h ???????? 005 /wiki/ZoOm
312dd0f.5a 3ed6bf41 4817c5 s ???????? 020 /feel/159e0/
312dd1d.4e 3ed6bf41 4817c5 s ???????? 051 /alive/159f0/
312dd1d.78 3ed6bf41 4817c5 s ???????? 024 /feel/159f0/
312dd27.05 42f95ccb 70a047 h ???????? 003 //rss.rdf
312dd2d.69 3ed6bf41 4817c5 s ???????? 04b /alive/15a00/
312dd2d.75 3ed6bf41 4817c5 s ???????? 035 /feel/15a00/
312dd3d.60 3ed6bf41 4817c5 s ???????? 03d /alive/15a10/
312dd3d.74 3ed6bf41 4817c5 s ???????? 022 /feel/15a10/
312dd4b.a8 42f942cd 043937 h ???????? 003 /edit/42345001
312dd4d.58 3ed6bf41 4817c5 s ???????? 03c /alive/15a20/
312dd4d.72 3ed6bf41 4817c5 s ???????? 01f /feel/15a20/
312dd5d.60 3ed6bf41 4817c5 s ???????? 046 /alive/15a30/
312dd5d.85 3ed6bf41 4817c5 s ???????? 02d /feel/15a30/
312dd6d.7e 3ed6bf41 4817c5 s ???????? 04e /alive/15a40/
312dd6d.90 3ed6bf41 4817c5 s ???????? 03c /feel/15a40/
312dd7d.56 3ed6bf41 4817c5 s ???????? 029 /feel/15a50/
312dd8d.62 3ed6bf41 4817c5 s ???????? 048 /alive/15a60/
312dd8d.73 3ed6bf41 4817c5 s ???????? 022 /feel/15a60/
312dd9d.61 3ed6bf41 4817c5 s ???????? 03e /alive/15a70/
312dd9d.78 3ed6bf41 4817c5 s ???????? 02e /feel/15a70/
312ddad.5b 3ed6bf41 4817c5 s ???????? 045 /alive/15a80/
312ddad.71 3ed6bf41 4817c5 s ???????? 01f /feel/15a80/
312ddb6.80 42f942cd 043937 h ???????? 003 /text/This%20TextArea%20is%20stored%20in%20a%20BlockChain!*TopSecret*:%20VraagTeken%20verboten%20-%20please%20use%20%C2%BB%C2%BF%C2%ABwhere%20is%20DiebesGott%C2%BF%C2%BFhi%20DiebesGott!!!%20;):060435%20z%209
312ddbd.66 3ed6bf41 4817c5 s ???????? 043 /alive/15a90/
312ddbd.7e 3ed6bf41 4817c5 s ???????? 01f /feel/15a90/
312ddce.ea 3ed6bf41 4817c5 s ???????? 023 /alive/15aa0/
312ddcf.1e 3ed6bf41 4817c5 s ???????? 02e /feel/15aa0/
312df2b.9b 42f942d5 043937 h ???????? 006 /wiki/SyStem
312e05b.fd 284da78d 6a88e8 h ???????? 004 //robots.txt
312e158.69 42f942cd 043937 h ???????? 007 /wiki/CoWork
312e2a0.3b 42f942d1 622963 h ???????? 006 /wiki/ShaneLegg
312e38c.22 42f942d5 043937 h ???????? 006 /wiki/RepRap
312e3f8.ea 33ff4271 433e9c h ???????? 004 /hear/97081cfceb56669ec9060051c108323e
312e5b7.85 42f942cd 043937 h ???????? 005 /wiki/VorSicht
312e663.7b bc286647 7dfab1 h ???????? 004 //rss.jsp
312e663.b2 bc286647 7dfab1 h ???????? 003 //rss.jsp
312e6bd.c5 d9b68421 433e9c h ???????? 024 /edit/1676002
312e7e2.77 42f942d1 043937 h ???????? 005 /wiki/ShellMan
312eb9f.c5 42f942cd 043937 h ???????? 006 /wiki/KressKoepfe
312ebe2.84 42f942e3 622963 s ???????? 005 /wiki/CousCous
312ee90.b1 42f942cd 043937 h ???????? 006 /wiki/ChristineSchorr
312ef0e.bc 42f942d5 043937 h ???????? 006 /wiki/MindFarm
312f160.b3 42f942cd 043937 h ???????? 006 /wiki/SingularTeacher
312f488.64 42f942d1 043937 h ???????? 006 /wiki/PeterKlingenburg
312f560.5d 4e2e2319 7dfab1 h ???????? 005 //rss.jsp
312f560.9c 4e2e2319 7dfab1 h ???????? 004 //rss.jsp
312f75c.f5 42f942d5 043937 h ???????? 005 /wiki/UnTil
312f76d.0c 42f942e3 622963 s ???????? 005 /wiki/HotSplots
312fa1c.4f 42f942cd 043937 h ???????? 007 /wiki/SiggiB
312fa7f.b1 42f95cc7 70a047 h ???????? 003 //rss.rdf
312fcb4.8f 42f942cd 043937 h ???????? 007 /wiki/GePlant
312ff5a.a5 42f942cd 043937 h ???????? 007 /wiki/DenkBar
