31001be.78 42f942d1 622963 h ???????? 003 /wiki/FrankFurt
31001f3.01 42f942e3 043937 s ???????? 001 /edit
31003fa.db 5d9e983e e4b041 h ???????? 014 /
3100422.50 42f942d1 043937 h ???????? 003 /wiki/WilhelmMetzger
3100430.48 42f942d5 043937 h ???????? 006 /wiki/HeinrichAhrens
3100438.6b 42f942d1 043937 h ???????? 002 /wiki/LudolfvonKrehl
3100438.ea 42f942cd 043937 h ???????? 002 /wiki/FranzSettegast
310043a.1d 42f942cd 043937 h ???????? 002 /wiki/FriedrichStein
3100446.7a 42f942cd 043937 h ???????? 006 /wiki/VorGang
310050e.ee 42f942d1 043937 h ???????? 003 /wiki/OuTopia
310050e.f4 42f942cd 043937 h ???????? 001 /robots.txt
31005c3.42 42f942b8 043937 h ???????? 028 /
31005c3.51 42f942b5 043937 h ???????? 001 /robots.txt
310070c.d7 6bb2c3c3 71f2b9 s ???????? 01b /put/3d596f75724361726434326639343565380a48616c6c6f2c2064696573206973742065696e205a657474656c4b617374656e2e204f62656e206b616e6e73742044752064656e204e616d656e20646573205a657474656c732065696e676562656e2e0a0a4d69742065696e6572207370657a69656c6c656e204d61676965206e616d656e7320c2bb43616d656c43617365c2ab20656e7473746568656e204c696e6b732061756620616e64657265205a657474656c2e2050726f62696572206573206175733a20536368726569622065696e20576f72742c2064617320696d20576f7274696e6e6572656e206d696e64657374656e732065696e656e20776569746572656e2047726f73736275636873746162656e206861742c20646572206162657220766f6e204b6c65696e6275636873746162656e2062656e61636862617274206973743a20
310070c.ea 42f942d5 043937 h ???????? 003 /wiki/PickiHH
310082e.52 a4843451 eb026b s ???????? 002 /bcHead
310082e.25 42f942e7 043937 s ???????? 0b8 /sh
310082f.a1 a4843451 eb026b s ???????? 002 /bcHead
310082f.82 42f942df 043937 s ???????? 07b /sh
31009a1.60 42f942d1 043937 h ???????? 003 /wiki/ChristianGuenzl
3100a1e.97 42f942e7 622963 s ???????? 001 /radio
3100c04.09 42f942d1 043937 h ???????? 002 /wiki/ExponentialKurve
3100e46.f9 42f942d1 043937 h ???????? 003 /wiki/GeDicht
3100fe0.c4 50869acb bf6c56 h ???????? 002 /feel/68e0/
3101020.97 50869acb bf6c56 h ???????? 001 /alive/6920/
3101020.ac 50869acb bf6c56 h ???????? 002 /feel/6920/
3101290.8b 42f942d1 043937 h ???????? 003 /wiki/NewYork
3101339.f4 42f942e7 622963 s ???????? 002 /wiki/PoTs49
3101403.a3 42f942d5 043937 h ???????? 003 /wiki/KerstinWoehlert
310149a.9b 42f942d1 043937 h ???????? 003 /wiki/MindWay
310153a.e1 42f942b5 043937 h ???????? 018 /
31015c6.26 5e172d25 976046 h ???????? 012 /
31015f5.91 b44c0f05 a04d28 h ???????? 001 /css/layout_vertical_listnav.css
31016ab.ce 42f942cd 043937 h ???????? 002 /wiki/MindPet
31016d1.a6 42f942d5 043937 h ???????? 002 /wiki/ReQuire
31016dc.9e 3ed6bf41 4817c5 s ???????? 017 /feel/10a20/
31016ec.dc 3ed6bf41 4817c5 s ???????? 018 /feel/10a30/
31016fd.df 3ed6bf41 4817c5 s ???????? 013 /feel/10a40/
3101714.e2 3ed6bf41 4817c5 s ???????? 013 /feel/10a50/
310171d.fd 3ed6bf41 4817c5 s ???????? 02f /alive/10a60/
310171e.0c 3ed6bf41 4817c5 s ???????? 014 /feel/10a60/
310172d.e0 3ed6bf41 4817c5 s ???????? 013 /feel/10a70/
310173e.01 3ed6bf41 4817c5 s ???????? 026 /alive/10a80/
310173e.10 3ed6bf41 4817c5 s ???????? 017 /feel/10a80/
310174e.02 3ed6bf41 4817c5 s ???????? 02b /feel/10a90/
310174e.01 3ed6bf41 4817c5 s ???????? 033 /alive/10a90/
310175d.e3 3ed6bf41 4817c5 s ???????? 013 /feel/10aa0/
310176d.eb 3ed6bf41 4817c5 s ???????? 013 /feel/10ab0/
310177d.ef 3ed6bf41 4817c5 s ???????? 013 /feel/10ac0/
310178d.fc 3ed6bf41 4817c5 s ???????? 02e /alive/10ad0/
310178e.16 3ed6bf41 4817c5 s ???????? 014 /feel/10ad0/
310179e.2e 3ed6bf41 4817c5 s ???????? 019 /feel/10ae0/
31017ad.df 3ed6bf41 4817c5 s ???????? 018 /feel/10af0/
31017e8.dc cf2e0d49 6a88e8 s ???????? 014 /
31018ab.67 42f942d5 043937 h ???????? 003 /wiki/DbPedia
3101a92.14 42f942d5 043937 h ???????? 003 /wiki/DiLemma
3101b8b.c1 42f942d5 622963 h ???????? 002 /wiki/FussBoden
3101bd7.dc 3ed6bf41 4817c5 s ???????? 001 /feel/30
3101bd7.df 3ed6bf41 4817c5 s ???????? 002 /feel/40
3101bd8.17 a4843451 eb026b s ???????? 002 /bcHead
3101bd7.dc 3ed6bf41 4817c5 s ???????? 0ea /sh
3101bdf.df 3ed6bf41 4817c5 s ???????? 002 /AtJs
3101be4.ed 3ed6bf41 4817c5 s ???????? 002 /feel/50/
3101bed.b2 3ed6bf41 4817c5 s ???????? 032 /exec/gs
3101bf4.d8 3ed6bf41 4817c5 s ???????? 002 /feel/60/
3101bfc.6b 3ed6bf41 4817c5 s ???????? 282 /exec/git%20add%20a%20bh%20ua;git%20commit%20-am%22git%20add%20a%20bh%20ua%22
3101c34.f7 3ed6bf41 4817c5 s ???????? 002 /feel/a0/
3101c34.f8 3ed6bf41 4817c5 s ???????? 017 /exec/gs
3101c35.3c 3ed6bf41 4817c5 s ???????? 010 /exec/gs
3101c44.e1 3ed6bf41 4817c5 s ???????? 002 /feel/b0/
3101c54.ef 3ed6bf41 4817c5 s ???????? 002 /feel/c0/
3101c64.d3 3ed6bf41 4817c5 s ???????? 00a /feel/d0/
3101c74.e2 3ed6bf41 4817c5 s ???????? 002 /feel/e0/
3101c84.e2 3ed6bf41 4817c5 s ???????? 002 /feel/f0/
3101c91.b8 42f942d1 043937 h ???????? 003 /wiki/KoGnate
3101c94.db 3ed6bf41 4817c5 s ???????? 016 /feel/100/
3101ca4.db 3ed6bf41 4817c5 s ???????? 015 /feel/110/
3101cb4.d6 3ed6bf41 4817c5 s ???????? 01d /feel/120/
3101cbf.39 3ed6bf41 4817c5 s ???????? 013 /exec/git%20add%20ad310.log%20at30f0e1c.16x17a150e.OvhOneHist.txt%20ur310.log
3101cc5.43 3ed6bf41 4817c5 s ???????? 016 /feel/130/
3101cca.7a 3ed6bf41 4817c5 s ???????? 016 /exec/gs
3101cce.98 3ed6bf41 4817c5 s ???????? 015 /exec/gs
3101cd4.ea 3ed6bf41 4817c5 s ???????? 02b /alive/140/
3101cd4.fd 3ed6bf41 4817c5 s ???????? 01a /feel/140/
