33a0003.66 3e9ef2d0 e2508c s ???????? 002 /feel/5680/
33a0013.76 3e9ef2d0 e2508c s ???????? 002 /alive/5690/
33a0013.81 3e9ef2d0 e2508c s ???????? 001 /feel/5690/
33a0023.79 3e9ef2d0 e2508c s ???????? 002 /alive/56a0/
33a0023.8c 3e9ef2d0 e2508c s ???????? 002 /feel/56a0/
33a0033.5e 3e9ef2d0 e2508c s ???????? 002 /feel/56b0/
33a0043.60 3e9ef2d0 e2508c s ???????? 002 /feel/56c0/
33a0053.74 3e9ef2d0 e2508c s ???????? 002 /feel/56d0/
33a0063.5c 3e9ef2d0 e2508c s ???????? 002 /feel/56e0/
33a0073.67 3e9ef2d0 e2508c s ???????? 001 /alive/56f0/
33a0073.7f 3e9ef2d0 e2508c s ???????? 001 /feel/56f0/
33a0083.6c 3e9ef2d0 e2508c s ???????? 003 /feel/5700/
33a0093.68 3e9ef2d0 e2508c s ???????? 002 /feel/5710/
33a00a1.fe b44c0f1b a04d28 h ???????? 003 /wiki/EdSn
33a00a3.63 3e9ef2d0 e2508c s ???????? 002 /feel/5720/
33a00b3.60 3e9ef2d0 e2508c s ???????? 002 /feel/5730/
33a00c3.63 3e9ef2d0 e2508c s ???????? 002 /feel/5740/
33a00d3.63 3e9ef2d0 e2508c s ???????? 003 /feel/5750/
33a00e3.66 3e9ef2d0 e2508c s ???????? 002 /feel/5760/
33a00f3.68 3e9ef2d0 e2508c s ???????? 002 /feel/5770/
33a0103.6c 3e9ef2d0 e2508c s ???????? 002 /feel/5780/
33a0113.73 3e9ef2d0 e2508c s ???????? 002 /feel/5790/
33a0123.64 3e9ef2d0 e2508c s ???????? 002 /feel/57a0/
33a0133.63 3e9ef2d0 e2508c s ???????? 003 /feel/57b0/
33a0134.17 44b4e422 aec21f h ???????? 002 //robots.txt
33a0143.6e 3e9ef2d0 e2508c s ???????? 003 /feel/57c0/
33a0144.81 44b4e73e aec21f h ???????? 003 /wiki/GcCa
33a0153.68 3e9ef2d0 e2508c s ???????? 003 /feel/57d0/
33a0156.2f 284da72a 6a88e8 h ???????? 004 /wiki/GruenWiki
33a0163.6b 3e9ef2d0 e2508c s ???????? 00a /feel/57e0/
33a0173.6d 3e9ef2d0 e2508c s ???????? 00a /feel/57f0/
33a0183.69 3e9ef2d0 e2508c s ???????? 002 /feel/5800/
33a0193.5b 3e9ef2d0 e2508c s ???????? 002 /feel/5810/
33a01a3.65 3e9ef2d0 e2508c s ???????? 003 /feel/5820/
33a01b3.66 3e9ef2d0 e2508c s ???????? 003 /feel/5830/
33a01c3.62 3e9ef2d0 e2508c s ???????? 002 /feel/5840/
33a01d3.65 3e9ef2d0 e2508c s ???????? 003 /feel/5850/
33a01e2.6d 3e9ef2d0 e2508c s ???????? 002 /feel/5860/
33a01e3.e7 42f9421b 043937 s ???????? 003 /edit/61845020
33a01f2.6f 3e9ef2d0 e2508c s ???????? 003 /feel/5870/
33a0202.68 3e9ef2d0 e2508c s ???????? 001 /feel/5880/
33a0212.6a 3e9ef2d0 e2508c s ???????? 002 /feel/5890/
33a0222.6e 3e9ef2d0 e2508c s ???????? 003 /feel/58a0/
33a0232.65 3e9ef2d0 e2508c s ???????? 002 /feel/58b0/
33a0242.66 3e9ef2d0 e2508c s ???????? 002 /feel/58c0/
33a0252.67 3e9ef2d0 e2508c s ???????? 002 /feel/58d0/
33a0262.6c 3e9ef2d0 e2508c s ???????? 003 /feel/58e0/
33a0272.a4 3e9ef2d0 e2508c s ???????? 007 /alive/58f0/
33a0272.a9 3e9ef2d0 e2508c s ???????? 002 /feel/58f0/
33a0282.6d 3e9ef2d0 e2508c s ???????? 003 /feel/5900/
33a0292.69 3e9ef2d0 e2508c s ???????? 002 /feel/5910/
33a02a2.6a 3e9ef2d0 e2508c s ???????? 002 /feel/5920/
33a02b2.6a 3e9ef2d0 e2508c s ???????? 002 /feel/5930/
33a02c2.6b 3e9ef2d0 e2508c s ???????? 003 /feel/5940/
33a02d2.69 3e9ef2d0 e2508c s ???????? 003 /feel/5950/
33a02e2.6c 3e9ef2d0 e2508c s ???????? 003 /feel/5960/
33a02f2.65 3e9ef2d0 e2508c s ???????? 003 /feel/5970/
33a0302.72 3e9ef2d0 e2508c s ???????? 002 /feel/5980/
33a0312.6a 3e9ef2d0 e2508c s ???????? 002 /feel/5990/
33a0322.6d 3e9ef2d0 e2508c s ???????? 002 /feel/59a0/
33a0332.6a 3e9ef2d0 e2508c s ???????? 002 /feel/59b0/
33a0342.69 3e9ef2d0 e2508c s ???????? 003 /feel/59c0/
33a0350.68 59a3f327 c37fd8 h ???????? 005 //robots.txt
33a0352.6c 3e9ef2d0 e2508c s ???????? 003 /feel/59d0/
33a0355.62 59a3f327 c37fd8 h ???????? 003 //wiki/%25s
33a0360.4a 59a3f327 c37fd8 h ???????? 005 //wiki/%3C%25=session.getAttribute(
33a0362.6e 3e9ef2d0 e2508c s ???????? 004 /feel/59e0/
33a036b.6b 59a3f327 c37fd8 h ???????? 005 //wiki/AnneWillSingulari%E2%80%A6
33a0370.c5 59a3f327 c37fd8 h ???????? 005 //wiki/DresdenWiFi%E2%80%9C
33a0372.6c 3e9ef2d0 e2508c s ???????? 002 /feel/59f0/
33a0376.10 59a3f327 c37fd8 h ???????? 004 //wiki/DresdenWiFi
33a037c.ba 59a3f327 c37fd8 h ???????? 004 //wiki/LockSchuppen.%C2%A0
33a0382.63 3e9ef2d0 e2508c s ???????? 002 /feel/5a00/
33a0383.b0 59a3f327 c37fd8 h ???????? 005 //wiki/LockSchuppen.%C3%82%C2%A0
33a0392.6f 3e9ef2d0 e2508c s ???????? 003 /feel/5a10/
33a03a2.6e 3e9ef2d0 e2508c s ???????? 003 /feel/5a20/
33a03b2.70 3e9ef2d0 e2508c s ???????? 003 /feel/5a30/
33a03c2.71 3e9ef2d0 e2508c s ???????? 003 /feel/5a40/
33a03d2.73 3e9ef2d0 e2508c s ???????? 004 /feel/5a50/
33a03e2.6b 3e9ef2d0 e2508c s ???????? 003 /feel/5a60/
33a03f2.73 3e9ef2d0 e2508c s ???????? 003 /feel/5a70/
33a0402.68 3e9ef2d0 e2508c s ???????? 003 /feel/5a80/
33a0412.6d 3e9ef2d0 e2508c s ???????? 003 /feel/5a90/
33a0422.70 3e9ef2d0 e2508c s ???????? 003 /feel/5aa0/
33a0432.6d 3e9ef2d0 e2508c s ???????? 003 /feel/5ab0/
33a0442.6c 3e9ef2d0 e2508c s ???????? 003 /feel/5ac0/
33a0452.74 3e9ef2d0 e2508c s ???????? 003 /feel/5ad0/
33a045b.5b 42f9421d 043937 s ???????? 002 /edit/37625002
33a0462.6b 3e9ef2d0 e2508c s ???????? 003 /feel/5ae0/
33a0472.68 3e9ef2d0 e2508c s ???????? 003 /feel/5af0/
33a0482.78 3e9ef2d0 e2508c s ???????? 002 /feel/5b00/
33a0492.6e 3e9ef2d0 e2508c s ???????? 003 /feel/5b10/
33a04a2.64 3e9ef2d0 e2508c s ???????? 002 /feel/5b20/
33a04b2.68 3e9ef2d0 e2508c s ???????? 002 /feel/5b30/
33a04c2.6c 3e9ef2d0 e2508c s ???????? 003 /feel/5b40/
33a04d2.b1 3e9ef2d0 e2508c s ???????? 001 /feel/5b50/
33a04e2.58 3e9ef2d0 e2508c s ???????? 002 /feel/5b60/
33a04f2.64 3e9ef2d0 e2508c s ???????? 002 /feel/5b70/
33a0502.6b 3e9ef2d0 e2508c s ???????? 002 /feel/5b80/
33a0512.6e 3e9ef2d0 e2508c s ???????? 002 /feel/5b90/
33a0522.66 3e9ef2d0 e2508c s ???????? 008 /feel/5ba0/
33a0532.59 3e9ef2d0 e2508c s ???????? 006 /feel/5bb0/
33a0542.61 3e9ef2d0 e2508c s ???????? 002 /feel/5bc0/
33a0552.5a 3e9ef2d0 e2508c s ???????? 001 /feel/5bd0/
33a0562.62 3e9ef2d0 e2508c s ???????? 002 /feel/5be0/
33a0572.65 3e9ef2d0 e2508c s ???????? 002 /feel/5bf0/
33a0582.67 3e9ef2d0 e2508c s ???????? 002 /feel/5c00/
33a0592.62 3e9ef2d0 e2508c s ???????? 001 /feel/5c10/
33a05a2.65 3e9ef2d0 e2508c s ???????? 001 /feel/5c20/
33a05b2.6c 3e9ef2d0 e2508c s ???????? 002 /feel/5c30/
33a05c2.68 3e9ef2d0 e2508c s ???????? 002 /feel/5c40/
33a05d2.5e 3e9ef2d0 e2508c s ???????? 002 /feel/5c50/
33a05e2.65 3e9ef2d0 e2508c s ???????? 002 /feel/5c60/
33a05f2.61 3e9ef2d0 e2508c s ???????? 001 /feel/5c70/
33a0602.68 3e9ef2d0 e2508c s ???????? 002 /feel/5c80/
33a0612.63 3e9ef2d0 e2508c s ???????? 002 /feel/5c90/
33a0622.62 3e9ef2d0 e2508c s ???????? 001 /feel/5ca0/
33a0632.66 3e9ef2d0 e2508c s ???????? 001 /feel/5cb0/
33a0642.6b 3e9ef2d0 e2508c s ???????? 002 /feel/5cc0/
33a0652.68 3e9ef2d0 e2508c s ???????? 002 /feel/5cd0/
33a0662.67 3e9ef2d0 e2508c s ???????? 002 /feel/5ce0/
33a0672.6b 3e9ef2d0 e2508c s ???????? 002 /feel/5cf0/
33a0682.68 3e9ef2d0 e2508c s ???????? 002 /feel/5d00/
33a0692.5d 3e9ef2d0 e2508c s ???????? 002 /feel/5d10/
33a06a2.6d 3e9ef2d0 e2508c s ???????? 002 /feel/5d20/
33a06b2.72 3e9ef2d0 e2508c s ???????? 002 /feel/5d30/
33a06c2.70 3e9ef2d0 e2508c s ???????? 002 /feel/5d40/
33a06d2.72 3e9ef2d0 e2508c s ???????? 002 /feel/5d50/
33a06d4.57 42f9421d 043937 s ???????? 002 /edit/36275006
33a06e2.6d 3e9ef2d0 e2508c s ???????? 003 /feel/5d60/
33a06f2.6c 3e9ef2d0 e2508c s ???????? 002 /feel/5d70/
33a0702.6d 3e9ef2d0 e2508c s ???????? 003 /feel/5d80/
33a0712.70 3e9ef2d0 e2508c s ???????? 002 /feel/5d90/
33a0722.77 3e9ef2d0 e2508c s ???????? 002 /alive/5da0/
33a0722.90 3e9ef2d0 e2508c s ???????? 001 /feel/5da0/
33a0732.70 3e9ef2d0 e2508c s ???????? 003 /feel/5db0/
33a0742.76 3e9ef2d0 e2508c s ???????? 001 /feel/5dc0/
33a0752.79 3e9ef2d0 e2508c s ???????? 001 /alive/5dd0/
33a0752.85 3e9ef2d0 e2508c s ???????? 001 /feel/5dd0/
33a0762.6d 3e9ef2d0 e2508c s ???????? 002 /feel/5de0/
33a0772.68 3e9ef2d0 e2508c s ???????? 001 /feel/5df0/
33a0782.63 3e9ef2d0 e2508c s ???????? 001 /feel/5e00/
33a0792.73 3e9ef2d0 e2508c s ???????? 003 /feel/5e10/
33a07a2.6f 3e9ef2d0 e2508c s ???????? 001 /feel/5e20/
33a07b2.76 3e9ef2d0 e2508c s ???????? 002 /feel/5e30/
33a07c2.6b 3e9ef2d0 e2508c s ???????? 008 /feel/5e40/
33a07d2.71 3e9ef2d0 e2508c s ???????? 003 /feel/5e50/
33a07e2.70 3e9ef2d0 e2508c s ???????? 002 /feel/5e60/
33a07f2.6c 3e9ef2d0 e2508c s ???????? 003 /feel/5e70/
33a0802.6b 3e9ef2d0 e2508c s ???????? 002 /feel/5e80/
33a0812.72 3e9ef2d0 e2508c s ???????? 002 /feel/5e90/
33a0822.6c 3e9ef2d0 e2508c s ???????? 002 /feel/5ea0/
33a0832.72 3e9ef2d0 e2508c s ???????? 002 /feel/5eb0/
33a0842.75 3e9ef2d0 e2508c s ???????? 002 /feel/5ec0/
33a0852.6d 42f94295 043937 h ???????? 006 /robots.txt
33a0852.82 3e9ef2d0 e2508c s ???????? 002 /feel/5ed0/
33a0852.cb 42f94293 043937 h ???????? 01f /
33a0862.bb 3e9ef2d0 e2508c s ???????? 002 /alive/5ee0/
33a0862.c4 3e9ef2d0 e2508c s ???????? 002 /feel/5ee0/
33a0872.84 3e9ef2d0 e2508c s ???????? 016 /feel/5ef0/
33a0872.9d b44c0f10 a04d28 s ???????? 076 /ls
33a0882.76 3e9ef2d0 e2508c s ???????? 002 /feel/5f00/
33a0892.9c 3e9ef2d0 e2508c s ???????? 002 /alive/5f10/
33a0892.a4 3e9ef2d0 e2508c s ???????? 002 /feel/5f10/
33a08a2.79 3e9ef2d0 e2508c s ???????? 003 /feel/5f20/
33a08b2.7c 3e9ef2d0 e2508c s ???????? 003 /feel/5f30/
33a08c2.74 3e9ef2d0 e2508c s ???????? 003 /feel/5f40/
33a08d1.d7 42f94218 622963 h ???????? 008 /wiki/MasterPlan
33a08d2.74 3e9ef2d0 e2508c s ???????? 003 /feel/5f50/
33a08e2.7a 3e9ef2d0 e2508c s ???????? 003 /feel/5f60/
33a08f2.7a 3e9ef2d0 e2508c s ???????? 003 /feel/5f70/
33a0902.75 3e9ef2d0 e2508c s ???????? 002 /feel/5f80/
33a0912.75 3e9ef2d0 e2508c s ???????? 009 /feel/5f90/
33a0922.71 3e9ef2d0 e2508c s ???????? 004 /feel/5fa0/
33a0932.7f 3e9ef2d0 e2508c s ???????? 003 /feel/5fb0/
33a0942.74 3e9ef2d0 e2508c s ???????? 003 /feel/5fc0/
33a0952.76 3e9ef2d0 e2508c s ???????? 002 /feel/5fd0/
33a0962.6a 3e9ef2d0 e2508c s ???????? 001 /feel/5fe0/
33a0969.4d 42f94218 043937 h ???????? 005 /wiki/ProtoType
33a0972.7f 3e9ef2d0 e2508c s ???????? 003 /feel/5ff0/
33a0982.86 3e9ef2d0 e2508c s ???????? 003 /feel/6000/
33a0992.78 3e9ef2d0 e2508c s ???????? 004 /feel/6010/
33a09a2.70 3e9ef2d0 e2508c s ???????? 002 /feel/6020/
33a09b2.72 3e9ef2d0 e2508c s ???????? 001 /feel/6030/
33a09c2.75 3e9ef2d0 e2508c s ???????? 003 /feel/6040/
33a09d2.82 3e9ef2d0 e2508c s ???????? 004 /feel/6050/
33a09e2.90 3e9ef2d0 e2508c s ???????? 006 /alive/6060/
33a09e2.9c 3e9ef2d0 e2508c s ???????? 001 /feel/6060/
33a09f2.89 3e9ef2d0 e2508c s ???????? 003 /feel/6070/
33a0a02.77 3e9ef2d0 e2508c s ???????? 002 /feel/6080/
33a0a12.73 3e9ef2d0 e2508c s ???????? 002 /feel/6090/
33a0a22.7c 3e9ef2d0 e2508c s ???????? 003 /feel/60a0/
33a0a32.7d 3e9ef2d0 e2508c s ???????? 003 /feel/60b0/
33a0a42.7c 3e9ef2d0 e2508c s ???????? 002 /feel/60c0/
33a0a52.81 3e9ef2d0 e2508c s ???????? 003 /feel/60d0/
33a0a62.8a 3e9ef2d0 e2508c s ???????? 003 /feel/60e0/
33a0a72.80 3e9ef2d0 e2508c s ???????? 003 /feel/60f0/
33a0a82.80 3e9ef2d0 e2508c s ???????? 003 /feel/6100/
33a0a92.82 3e9ef2d0 e2508c s ???????? 003 /feel/6110/
33a0aa2.7a 3e9ef2d0 e2508c s ???????? 003 /feel/6120/
33a0ab2.84 3e9ef2d0 e2508c s ???????? 003 /feel/6130/
33a0ac2.81 3e9ef2d0 e2508c s ???????? 003 /feel/6140/
33a0ad2.86 3e9ef2d0 e2508c s ???????? 003 /feel/6150/
33a0ae2.82 3e9ef2d0 e2508c s ???????? 003 /feel/6160/
33a0af2.84 3e9ef2d0 e2508c s ???????? 004 /feel/6170/
33a0b02.7e 3e9ef2d0 e2508c s ???????? 003 /feel/6180/
33a0b12.aa 3e9ef2d0 e2508c s ???????? 001 /feel/6190/
33a0b22.67 3e9ef2d0 e2508c s ???????? 001 /feel/61a0/
33a0b32.6b 3e9ef2d0 e2508c s ???????? 002 /feel/61b0/
33a0b42.6b 3e9ef2d0 e2508c s ???????? 001 /feel/61c0/
33a0b52.74 3e9ef2d0 e2508c s ???????? 002 /feel/61d0/
33a0b62.73 3e9ef2d0 e2508c s ???????? 005 /feel/61e0/
33a0b72.73 3e9ef2d0 e2508c s ???????? 007 /feel/61f0/
33a0b82.74 3e9ef2d0 e2508c s ???????? 001 /feel/6200/
33a0b92.6c 3e9ef2d0 e2508c s ???????? 001 /feel/6210/
33a0ba2.71 3e9ef2d0 e2508c s ???????? 002 /feel/6220/
33a0bb2.71 3e9ef2d0 e2508c s ???????? 002 /feel/6230/
33a0bc2.6c 3e9ef2d0 e2508c s ???????? 002 /feel/6240/
33a0bd2.75 3e9ef2d0 e2508c s ???????? 002 /feel/6250/
33a0be2.80 3e9ef2d0 e2508c s ???????? 002 /feel/6260/
33a0bf2.74 3e9ef2d0 e2508c s ???????? 002 /feel/6270/
33a0c02.76 3e9ef2d0 e2508c s ???????? 002 /feel/6280/
33a0c12.77 3e9ef2d0 e2508c s ???????? 002 /feel/6290/
33a0c22.77 3e9ef2d0 e2508c s ???????? 002 /feel/62a0/
33a0c32.76 3e9ef2d0 e2508c s ???????? 001 /feel/62b0/
33a0c3c.3c 42f9421d 043937 s ???????? 002 /edit/32745010
33a0c42.7a 3e9ef2d0 e2508c s ???????? 002 /feel/62c0/
33a0c52.7b 3e9ef2d0 e2508c s ???????? 002 /feel/62d0/
33a0c62.80 3e9ef2d0 e2508c s ???????? 002 /feel/62e0/
33a0c72.7c 3e9ef2d0 e2508c s ???????? 002 /feel/62f0/
33a0c82.7b 3e9ef2d0 e2508c s ???????? 001 /feel/6300/
33a0c92.76 3e9ef2d0 e2508c s ???????? 001 /feel/6310/
33a0ca2.7b 3e9ef2d0 e2508c s ???????? 002 /feel/6320/
33a0cb2.7d 3e9ef2d0 e2508c s ???????? 002 /feel/6330/
33a0cc2.7c 3e9ef2d0 e2508c s ???????? 002 /feel/6340/
33a0cd2.81 3e9ef2d0 e2508c s ???????? 003 /feel/6350/
33a0ce2.7f 3e9ef2d0 e2508c s ???????? 003 /feel/6360/
33a0cf2.79 3e9ef2d0 e2508c s ???????? 003 /feel/6370/
33a0d02.75 3e9ef2d0 e2508c s ???????? 001 /feel/6380/
33a0d12.7a 3e9ef2d0 e2508c s ???????? 002 /feel/6390/
33a0d22.79 3e9ef2d0 e2508c s ???????? 002 /feel/63a0/
33a0d32.7b 3e9ef2d0 e2508c s ???????? 002 /feel/63b0/
33a0d42.9c 3e9ef2d0 e2508c s ???????? 007 /alive/63c0/
33a0d42.ae 3e9ef2d0 e2508c s ???????? 003 /feel/63c0/
33a0d52.86 3e9ef2d0 e2508c s ???????? 002 /feel/63d0/
33a0d62.7e 3e9ef2d0 e2508c s ???????? 002 /feel/63e0/
33a0d72.7c 3e9ef2d0 e2508c s ???????? 002 /feel/63f0/
33a0d82.7d 3e9ef2d0 e2508c s ???????? 003 /feel/6400/
33a0d92.82 3e9ef2d0 e2508c s ???????? 002 /feel/6410/
33a0da2.7b 3e9ef2d0 e2508c s ???????? 002 /feel/6420/
33a0db2.80 3e9ef2d0 e2508c s ???????? 002 /feel/6430/
33a0dc2.7d 3e9ef2d0 e2508c s ???????? 001 /feel/6440/
33a0dd2.81 3e9ef2d0 e2508c s ???????? 002 /feel/6450/
33a0de2.86 3e9ef2d0 e2508c s ???????? 003 /feel/6460/
33a0df2.7d 3e9ef2d0 e2508c s ???????? 009 /feel/6470/
33a0e02.7c 3e9ef2d0 e2508c s ???????? 00a /feel/6480/
33a0e12.78 3e9ef2d0 e2508c s ???????? 001 /feel/6490/
33a0e22.9c 3e9ef2d0 e2508c s ???????? 002 /alive/64a0/
33a0e22.ae 3e9ef2d0 e2508c s ???????? 002 /feel/64a0/
33a0e32.87 3e9ef2d0 e2508c s ???????? 002 /feel/64b0/
33a0e42.7d 3e9ef2d0 e2508c s ???????? 003 /feel/64c0/
33a0e4b.c2 a484a161 433e9c h ???????? 004 /wiki/SeaNation
33a0e52.85 3e9ef2d0 e2508c s ???????? 002 /feel/64d0/
33a0e62.84 3e9ef2d0 e2508c s ???????? 002 /feel/64e0/
33a0e72.81 3e9ef2d0 e2508c s ???????? 002 /feel/64f0/
33a0e7d.80 42f94217 043937 h ???????? 005 /wiki/AidLingen
33a0e82.83 3e9ef2d0 e2508c s ???????? 002 /feel/6500/
33a0e92.83 3e9ef2d0 e2508c s ???????? 002 /feel/6510/
33a0ea2.88 3e9ef2d0 e2508c s ???????? 003 /feel/6520/
33a0eb2.82 3e9ef2d0 e2508c s ???????? 002 /feel/6530/
33a0ec2.8e 3e9ef2d0 e2508c s ???????? 002 /feel/6540/
33a0ed2.8a 3e9ef2d0 e2508c s ???????? 002 /feel/6550/
33a0ee2.7b 3e9ef2d0 e2508c s ???????? 001 /feel/6560/
33a0ef2.85 3e9ef2d0 e2508c s ???????? 003 /feel/6570/
33a0f02.89 3e9ef2d0 e2508c s ???????? 003 /feel/6580/
33a0f12.88 3e9ef2d0 e2508c s ???????? 003 /feel/6590/
33a0f22.92 3e9ef2d0 e2508c s ???????? 003 /feel/65a0/
33a0f32.85 3e9ef2d0 e2508c s ???????? 002 /feel/65b0/
33a0f42.88 3e9ef2d0 e2508c s ???????? 002 /feel/65c0/
33a0f52.84 3e9ef2d0 e2508c s ???????? 003 /feel/65d0/
33a0f62.83 3e9ef2d0 e2508c s ???????? 001 /feel/65e0/
33a0f72.7b 3e9ef2d0 e2508c s ???????? 001 /feel/65f0/
33a0f82.88 3e9ef2d0 e2508c s ???????? 003 /feel/6600/
33a0f92.88 3e9ef2d0 e2508c s ???????? 003 /feel/6610/
33a0fa2.8c 3e9ef2d0 e2508c s ???????? 003 /feel/6620/
33a0fb2.99 3e9ef2d0 e2508c s ???????? 003 /feel/6630/
33a0fc2.8e 3e9ef2d0 e2508c s ???????? 003 /feel/6640/
33a0fd2.87 3e9ef2d0 e2508c s ???????? 003 /feel/6650/
33a0fe2.86 3e9ef2d0 e2508c s ???????? 003 /feel/6660/
33a0ff2.83 3e9ef2d0 e2508c s ???????? 004 /feel/6670/
33a0ffb.3b 44b4e73e aec21f h ???????? 00e /wiki/AnneWillSingularity
33a1002.8d 3e9ef2d0 e2508c s ???????? 003 /feel/6680/
33a1012.7d 3e9ef2d0 e2508c s ???????? 001 /feel/6690/
33a1022.8b 3e9ef2d0 e2508c s ???????? 002 /feel/66a0/
33a1032.85 3e9ef2d0 e2508c s ???????? 003 /feel/66b0/
33a1042.89 3e9ef2d0 e2508c s ???????? 002 /feel/66c0/
33a1052.81 3e9ef2d0 e2508c s ???????? 003 /feel/66d0/
33a1062.8f 3e9ef2d0 e2508c s ???????? 003 /feel/66e0/
33a1072.a5 3e9ef2d0 e2508c s ???????? 009 /alive/66f0/
33a1072.c4 3e9ef2d0 e2508c s ???????? 003 /feel/66f0/
33a1075.76 42f94218 043937 h ???????? 004 /wiki/BananaWare
33a1082.8b 3e9ef2d0 e2508c s ???????? 003 /feel/6700/
33a1092.88 3e9ef2d0 e2508c s ???????? 003 /feel/6710/
33a10a2.1b 42f94216 043937 h ???????? 005 /wiki/FredBrooks
33a10a2.8c 3e9ef2d0 e2508c s ???????? 003 /feel/6720/
33a10b2.89 3e9ef2d0 e2508c s ???????? 002 /feel/6730/
33a10c2.8b 3e9ef2d0 e2508c s ???????? 002 /feel/6740/
33a10d2.8c 3e9ef2d0 e2508c s ???????? 003 /feel/6750/
33a10e2.88 3e9ef2d0 e2508c s ???????? 003 /feel/6760/
33a10f2.8c 3e9ef2d0 e2508c s ???????? 003 /feel/6770/
33a1102.90 3e9ef2d0 e2508c s ???????? 003 /feel/6780/
33a1112.8e 3e9ef2d0 e2508c s ???????? 003 /feel/6790/
33a1122.97 3e9ef2d0 e2508c s ???????? 003 /feel/67a0/
33a1132.97 3e9ef2d0 e2508c s ???????? 005 /feel/67b0/
33a1142.8e 3e9ef2d0 e2508c s ???????? 003 /feel/67c0/
33a1152.8a 3e9ef2d0 e2508c s ???????? 003 /feel/67d0/
33a1162.90 3e9ef2d0 e2508c s ???????? 003 /feel/67e0/
33a1172.90 3e9ef2d0 e2508c s ???????? 003 /feel/67f0/
33a1172.e2 42f9421c 622963 s ???????? 004 /wiki/WebApp
33a1182.91 3e9ef2d0 e2508c s ???????? 003 /feel/6800/
33a1192.8b 3e9ef2d0 e2508c s ???????? 003 /feel/6810/
33a11a2.d9 3e9ef2d0 e2508c s ???????? 002 /feel/6820/
33a11b1.86 3e9ef2d0 e2508c s ???????? 001 /feel/6830/
33a11c1.8e 3e9ef2d0 e2508c s ???????? 001 /feel/6840/
33a11d1.81 3e9ef2d0 e2508c s ???????? 002 /feel/6850/
33a11e1.84 3e9ef2d0 e2508c s ???????? 002 /feel/6860/
33a11f1.92 3e9ef2d0 e2508c s ???????? 001 /alive/6870/
33a11f1.a2 3e9ef2d0 e2508c s ???????? 009 /feel/6870/
33a1201.7f 3e9ef2d0 e2508c s ???????? 008 /feel/6880/
33a1211.85 3e9ef2d0 e2508c s ???????? 007 /feel/6890/
33a1221.82 3e9ef2d0 e2508c s ???????? 002 /feel/68a0/
33a1231.8e 3e9ef2d0 e2508c s ???????? 002 /feel/68b0/
33a1241.9e 3e9ef2d0 e2508c s ???????? 008 /alive/68c0/
33a1241.b1 3e9ef2d0 e2508c s ???????? 002 /feel/68c0/
33a1251.a1 3e9ef2d0 e2508c s ???????? 002 /alive/68d0/
33a1251.ae 3e9ef2d0 e2508c s ???????? 002 /feel/68d0/
33a1261.86 3e9ef2d0 e2508c s ???????? 002 /feel/68e0/
33a1271.87 3e9ef2d0 e2508c s ???????? 002 /feel/68f0/
33a1281.8e 3e9ef2d0 e2508c s ???????? 002 /feel/6900/
33a1291.8b 3e9ef2d0 e2508c s ???????? 002 /feel/6910/
33a12a1.83 3e9ef2d0 e2508c s ???????? 001 /feel/6920/
33a12b1.8b 3e9ef2d0 e2508c s ???????? 002 /feel/6930/
33a12c1.8a 3e9ef2d0 e2508c s ???????? 001 /feel/6940/
33a12c8.12 42f94218 043937 h ???????? 003 /wiki/GoogleLife
33a12d1.8a 3e9ef2d0 e2508c s ???????? 002 /feel/6950/
33a12e1.8a 3e9ef2d0 e2508c s ???????? 001 /feel/6960/
33a12f1.7e 3e9ef2d0 e2508c s ???????? 002 /feel/6970/
33a1301.88 3e9ef2d0 e2508c s ???????? 003 /feel/6980/
33a1311.8a 3e9ef2d0 e2508c s ???????? 002 /feel/6990/
33a1321.96 3e9ef2d0 e2508c s ???????? 002 /feel/69a0/
33a1331.8d 3e9ef2d0 e2508c s ???????? 002 /feel/69b0/
33a1341.9a 3e9ef2d0 e2508c s ???????? 002 /alive/69c0/
33a1341.ad 3e9ef2d0 e2508c s ???????? 002 /feel/69c0/
33a1351.8a 3e9ef2d0 e2508c s ???????? 002 /feel/69d0/
33a1361.8c 3e9ef2d0 e2508c s ???????? 002 /feel/69e0/
33a1371.82 3e9ef2d0 e2508c s ???????? 002 /feel/69f0/
33a1381.87 3e9ef2d0 e2508c s ???????? 001 /feel/6a00/
33a1391.86 3e9ef2d0 e2508c s ???????? 001 /feel/6a10/
33a13a1.96 3e9ef2d0 e2508c s ???????? 003 /feel/6a20/
33a13b1.94 3e9ef2d0 e2508c s ???????? 002 /feel/6a30/
33a13c1.86 3e9ef2d0 e2508c s ???????? 001 /feel/6a40/
33a13d1.8a 3e9ef2d0 e2508c s ???????? 003 /feel/6a50/
33a13e1.8b 3e9ef2d0 e2508c s ???????? 002 /feel/6a60/
33a13f1.8a 3e9ef2d0 e2508c s ???????? 002 /feel/6a70/
33a1401.92 3e9ef2d0 e2508c s ???????? 002 /feel/6a80/
33a1411.91 3e9ef2d0 e2508c s ???????? 002 /feel/6a90/
33a1421.93 3e9ef2d0 e2508c s ???????? 002 /feel/6aa0/
33a1431.87 3e9ef2d0 e2508c s ???????? 001 /feel/6ab0/
33a1441.8e 3e9ef2d0 e2508c s ???????? 002 /feel/6ac0/
33a1451.8e 3e9ef2d0 e2508c s ???????? 009 /feel/6ad0/
33a1461.8e 3e9ef2d0 e2508c s ???????? 002 /feel/6ae0/
33a1471.87 3e9ef2d0 e2508c s ???????? 002 /feel/6af0/
33a1481.90 3e9ef2d0 e2508c s ???????? 003 /feel/6b00/
33a1491.92 3e9ef2d0 e2508c s ???????? 001 /feel/6b10/
33a14a1.8b 3e9ef2d0 e2508c s ???????? 003 /feel/6b20/
33a14b1.88 3e9ef2d0 e2508c s ???????? 002 /feel/6b30/
33a14c1.a5 3e9ef2d0 e2508c s ???????? 002 /alive/6b40/
33a14c1.ae 3e9ef2d0 e2508c s ???????? 002 /feel/6b40/
33a14d1.92 3e9ef2d0 e2508c s ???????? 002 /feel/6b50/
33a14e1.8e 3e9ef2d0 e2508c s ???????? 002 /feel/6b60/
33a14f1.a6 3e9ef2d0 e2508c s ???????? 002 /alive/6b70/
33a14f1.b9 3e9ef2d0 e2508c s ???????? 002 /feel/6b70/
33a1501.b5 3e9ef2d0 e2508c s ???????? 006 /alive/6b80/
33a1501.c4 3e9ef2d0 e2508c s ???????? 002 /feel/6b80/
33a1511.99 3e9ef2d0 e2508c s ???????? 003 /alive/6b90/
33a1511.d3 3e9ef2d0 e2508c s ???????? 002 /feel/6b90/
33a1516.c8 42f94bca 043937 h ???????? 003 /robots.txt
33a1517.36 42f94bc8 043937 h ???????? 004 /wiki/BananaWare
33a1521.9a 3e9ef2d0 e2508c s ???????? 002 /feel/6ba0/
33a1531.8c 3e9ef2d0 e2508c s ???????? 002 /feel/6bb0/
33a1541.85 3e9ef2d0 e2508c s ???????? 002 /feel/6bc0/
33a1551.92 3e9ef2d0 e2508c s ???????? 002 /feel/6bd0/
33a1561.9c 3e9ef2d0 e2508c s ???????? 010 /alive/6be0/
33a1561.bc 3e9ef2d0 e2508c s ???????? 001 /feel/6be0/
33a1571.91 3e9ef2d0 e2508c s ???????? 002 /feel/6bf0/
33a1573.a7 42f94216 043937 h ???????? 004 /wiki/MitchKapor
33a1581.9a 3e9ef2d0 e2508c s ???????? 003 /feel/6c00/
33a1591.99 3e9ef2d0 e2508c s ???????? 003 /feel/6c10/
33a15a1.9c 3e9ef2d0 e2508c s ???????? 002 /feel/6c20/
33a15b1.93 3e9ef2d0 e2508c s ???????? 003 /feel/6c30/
33a15c1.97 3e9ef2d0 e2508c s ???????? 003 /feel/6c40/
33a15d1.91 3e9ef2d0 e2508c s ???????? 003 /feel/6c50/
33a15e1.96 3e9ef2d0 e2508c s ???????? 003 /feel/6c60/
33a15f1.8b 3e9ef2d0 e2508c s ???????? 002 /feel/6c70/
33a1601.89 3e9ef2d0 e2508c s ???????? 002 /feel/6c80/
33a1611.9c 3e9ef2d0 e2508c s ???????? 003 /feel/6c90/
33a1621.9c 3e9ef2d0 e2508c s ???????? 002 /feel/6ca0/
33a1631.96 3e9ef2d0 e2508c s ???????? 002 /feel/6cb0/
33a1641.90 3e9ef2d0 e2508c s ???????? 003 /feel/6cc0/
33a1651.89 3e9ef2d0 e2508c s ???????? 001 /feel/6cd0/
33a1661.89 3e9ef2d0 e2508c s ???????? 002 /feel/6ce0/
33a1671.a1 3e9ef2d0 e2508c s ???????? 007 /alive/6cf0/
33a1671.b9 3e9ef2d0 e2508c s ???????? 008 /feel/6cf0/
33a1681.91 3e9ef2d0 e2508c s ???????? 00c /feel/6d00/
33a1691.9c 3e9ef2d0 e2508c s ???????? 00d /feel/6d10/
33a16a1.9a 3e9ef2d0 e2508c s ???????? 002 /feel/6d20/
33a16b1.94 3e9ef2d0 e2508c s ???????? 002 /feel/6d30/
33a16c1.92 3e9ef2d0 e2508c s ???????? 003 /feel/6d40/
33a16d1.95 3e9ef2d0 e2508c s ???????? 002 /feel/6d50/
33a16e1.91 3e9ef2d0 e2508c s ???????? 003 /feel/6d60/
33a16f1.90 3e9ef2d0 e2508c s ???????? 002 /feel/6d70/
33a1701.96 3e9ef2d0 e2508c s ???????? 003 /feel/6d80/
33a1711.94 3e9ef2d0 e2508c s ???????? 003 /feel/6d90/
33a1721.9e 3e9ef2d0 e2508c s ???????? 003 /feel/6da0/
33a1731.a3 3e9ef2d0 e2508c s ???????? 003 /feel/6db0/
33a1741.a0 3e9ef2d0 e2508c s ???????? 003 /feel/6dc0/
33a1751.9f 3e9ef2d0 e2508c s ???????? 002 /feel/6dd0/
33a1761.bb 3e9ef2d0 e2508c s ???????? 003 /alive/6de0/
33a1761.d2 3e9ef2d0 e2508c s ???????? 003 /feel/6de0/
33a1763.48 42f94216 043937 h ???????? 003 /wiki/KinderOase
33a1771.9a 3e9ef2d0 e2508c s ???????? 003 /feel/6df0/
33a1781.93 3e9ef2d0 e2508c s ???????? 002 /feel/6e00/
33a1783.f0 42f94bc6 043937 h ???????? 005 /wiki/NewTownBar
33a1791.a1 3e9ef2d0 e2508c s ???????? 003 /feel/6e10/
33a1794.07 42f94217 622963 h ???????? 025 /
33a17a1.c7 3e9ef2d0 e2508c s ???????? 003 /alive/6e20/
33a17a1.db 3e9ef2d0 e2508c s ???????? 004 /feel/6e20/
33a17b1.a5 3e9ef2d0 e2508c s ???????? 003 /feel/6e30/
33a17c1.9a 3e9ef2d0 e2508c s ???????? 003 /feel/6e40/
33a17d1.98 3e9ef2d0 e2508c s ???????? 003 /feel/6e50/
33a17e1.af 3e9ef2d0 e2508c s ???????? 003 /feel/6e60/
33a17ef.cd 42f94bc8 043937 h ???????? 005 /wiki/KartikGada
33a17f1.99 3e9ef2d0 e2508c s ???????? 002 /feel/6e70/
33a1801.9a 3e9ef2d0 e2508c s ???????? 002 /feel/6e80/
33a1811.d8 3e9ef2d0 e2508c s ???????? 001 /feel/6e90/
33a1821.92 3e9ef2d0 e2508c s ???????? 002 /feel/6ea0/
33a1831.ac 3e9ef2d0 e2508c s ???????? 002 /alive/6eb0/
33a1831.ba 3e9ef2d0 e2508c s ???????? 002 /feel/6eb0/
33a1841.8f 3e9ef2d0 e2508c s ???????? 001 /feel/6ec0/
33a1851.8e 3e9ef2d0 e2508c s ???????? 002 /feel/6ed0/
33a1861.93 3e9ef2d0 e2508c s ???????? 002 /feel/6ee0/
33a1871.91 3e9ef2d0 e2508c s ???????? 002 /feel/6ef0/
33a1881.88 3e9ef2d0 e2508c s ???????? 002 /feel/6f00/
33a1891.95 3e9ef2d0 e2508c s ???????? 001 /alive/6f10/
33a1891.a3 3e9ef2d0 e2508c s ???????? 002 /feel/6f10/
33a18a1.92 3e9ef2d0 e2508c s ???????? 002 /feel/6f20/
33a18b1.8e 3e9ef2d0 e2508c s ???????? 001 /feel/6f30/
33a18c1.97 3e9ef2d0 e2508c s ???????? 002 /feel/6f40/
33a18d1.95 3e9ef2d0 e2508c s ???????? 002 /feel/6f50/
33a18e1.96 3e9ef2d0 e2508c s ???????? 002 /feel/6f60/
33a18f1.9c 3e9ef2d0 e2508c s ???????? 003 /feel/6f70/
33a1901.90 3e9ef2d0 e2508c s ???????? 001 /feel/6f80/
33a190e.50 b44c0f9b a04d28 h ???????? 01c /
33a1911.91 3e9ef2d0 e2508c s ???????? 002 /feel/6f90/
33a1921.93 3e9ef2d0 e2508c s ???????? 002 /feel/6fa0/
33a1931.9d 3e9ef2d0 e2508c s ???????? 002 /feel/6fb0/
33a1932.b6 42f94217 043937 h ???????? 003 /wiki/FlightWiki
33a1933.44 42f94bd4 043937 s ???????? 002 /robots.txt
33a1933.e2 42f94bd2 043937 s ???????? 002 /wiki/DRAIGbvUw
33a1941.92 3e9ef2d0 e2508c s ???????? 002 /feel/6fc0/
33a1951.92 3e9ef2d0 e2508c s ???????? 002 /feel/6fd0/
33a1961.98 3e9ef2d0 e2508c s ???????? 003 /feel/6fe0/
33a1971.93 3e9ef2d0 e2508c s ???????? 002 /feel/6ff0/
33a1981.96 3e9ef2d0 e2508c s ???????? 002 /feel/7000/
33a1991.8d 3e9ef2d0 e2508c s ???????? 007 /feel/7010/
33a199a.5a 42f94218 622963 h ???????? 003 /wiki/OfNow
33a19a1.96 3e9ef2d0 e2508c s ???????? 002 /feel/7020/
33a19b1.9b 3e9ef2d0 e2508c s ???????? 003 /feel/7030/
33a19c1.97 3e9ef2d0 e2508c s ???????? 002 /feel/7040/
33a19d1.96 3e9ef2d0 e2508c s ???????? 002 /feel/7050/
33a19e1.97 3e9ef2d0 e2508c s ???????? 002 /feel/7060/
33a19f1.92 3e9ef2d0 e2508c s ???????? 002 /feel/7070/
33a1a01.9b 3e9ef2d0 e2508c s ???????? 003 /feel/7080/
33a1a11.9b 3e9ef2d0 e2508c s ???????? 002 /feel/7090/
33a1a12.bd cf2e0d77 6a88e8 s ???????? 01a /
33a1a21.96 3e9ef2d0 e2508c s ???????? 002 /feel/70a0/
33a1a31.96 3e9ef2d0 e2508c s ???????? 002 /feel/70b0/
33a1a41.af 3e9ef2d0 e2508c s ???????? 006 /alive/70c0/
33a1a41.c5 3e9ef2d0 e2508c s ???????? 002 /feel/70c0/
33a1a51.99 3e9ef2d0 e2508c s ???????? 002 /feel/70d0/
33a1a61.9d 3e9ef2d0 e2508c s ???????? 002 /feel/70e0/
33a1a71.9a 3e9ef2d0 e2508c s ???????? 00c /feel/70f0/
33a1a81.a1 3e9ef2d0 e2508c s ???????? 00a /feel/7100/
33a1a91.97 3e9ef2d0 e2508c s ???????? 002 /feel/7110/
33a1aa1.a0 3e9ef2d0 e2508c s ???????? 002 /feel/7120/
33a1ab1.9b 3e9ef2d0 e2508c s ???????? 002 /feel/7130/
33a1ac1.98 3e9ef2d0 e2508c s ???????? 003 /feel/7140/
33a1ad1.9c 3e9ef2d0 e2508c s ???????? 002 /feel/7150/
33a1ae1.95 3e9ef2d0 e2508c s ???????? 002 /feel/7160/
33a1af0.5f 42f94217 043937 h ???????? 004 /wiki/BoersenSpiel
33a1af1.9d 3e9ef2d0 e2508c s ???????? 003 /feel/7170/
33a1b01.9b 3e9ef2d0 e2508c s ???????? 002 /feel/7180/
33a1b11.a0 3e9ef2d0 e2508c s ???????? 001 /feel/7190/
33a1b21.97 3e9ef2d0 e2508c s ???????? 002 /feel/71a0/
33a1b31.a2 3e9ef2d0 e2508c s ???????? 002 /feel/71b0/
33a1b41.9d 3e9ef2d0 e2508c s ???????? 002 /feel/71c0/
33a1b51.97 3e9ef2d0 e2508c s ???????? 002 /feel/71d0/
33a1b61.93 3e9ef2d0 e2508c s ???????? 001 /feel/71e0/
33a1b71.99 3e9ef2d0 e2508c s ???????? 002 /feel/71f0/
33a1b78.60 33ff4776 433e9c h ???????? 003 /edit/26426003
33a1b81.a0 3e9ef2d0 e2508c s ???????? 002 /feel/7200/
33a1b91.b0 3e9ef2d0 e2508c s ???????? 002 /feel/7210/
33a1ba1.96 3e9ef2d0 e2508c s ???????? 002 /feel/7220/
33a1bb1.a3 3e9ef2d0 e2508c s ???????? 003 /feel/7230/
33a1bc1.bc 3e9ef2d0 e2508c s ???????? 007 /alive/7240/
33a1bc1.d4 3e9ef2d0 e2508c s ???????? 003 /feel/7240/
33a1bd1.a6 3e9ef2d0 e2508c s ???????? 002 /feel/7250/
33a1be1.a8 3e9ef2d0 e2508c s ???????? 002 /alive/7260/
33a1be1.b9 3e9ef2d0 e2508c s ???????? 002 /feel/7260/
33a1bf1.bf 3e9ef2d0 e2508c s ???????? 005 /alive/7270/
33a1bf1.cb 3e9ef2d0 e2508c s ???????? 002 /feel/7270/
33a1c01.a6 3e9ef2d0 e2508c s ???????? 002 /feel/7280/
33a1c11.a5 3e9ef2d0 e2508c s ???????? 003 /feel/7290/
33a1c21.a2 3e9ef2d0 e2508c s ???????? 002 /feel/72a0/
33a1c31.9f 3e9ef2d0 e2508c s ???????? 003 /feel/72b0/
33a1c41.a2 3e9ef2d0 e2508c s ???????? 003 /feel/72c0/
33a1c51.a0 3e9ef2d0 e2508c s ???????? 003 /feel/72d0/
33a1c61.a0 3e9ef2d0 e2508c s ???????? 002 /feel/72e0/
33a1c71.9d 3e9ef2d0 e2508c s ???????? 003 /feel/72f0/
33a1c81.a4 3e9ef2d0 e2508c s ???????? 003 /feel/7300/
33a1c91.9e 3e9ef2d0 e2508c s ???????? 003 /feel/7310/
33a1ca1.ae 3e9ef2d0 e2508c s ???????? 003 /feel/7320/
33a1cb1.a1 3e9ef2d0 e2508c s ???????? 003 /feel/7330/
33a1cbd.71 44b4e73e aec21f h ???????? 003 /wiki/ZuKuenfte
33a1cc1.9c 3e9ef2d0 e2508c s ???????? 003 /feel/7340/
33a1cd1.a3 3e9ef2d0 e2508c s ???????? 00b /feel/7350/
33a1ce1.a1 3e9ef2d0 e2508c s ???????? 00c /feel/7360/
33a1cf1.9d 3e9ef2d0 e2508c s ???????? 002 /feel/7370/
33a1d01.b3 3e9ef2d0 e2508c s ???????? 003 /feel/7380/
33a1d11.a5 3e9ef2d0 e2508c s ???????? 002 /feel/7390/
33a1d21.93 3e9ef2d0 e2508c s ???????? 002 /feel/73a0/
33a1d31.a4 3e9ef2d0 e2508c s ???????? 002 /feel/73b0/
33a1d32.8c 42f94bc8 043937 h ???????? 003 /wiki/TurkNumber
33a1d41.a6 3e9ef2d0 e2508c s ???????? 003 /feel/73c0/
33a1d51.a1 3e9ef2d0 e2508c s ???????? 002 /feel/73d0/
33a1d61.9e 3e9ef2d0 e2508c s ???????? 003 /feel/73e0/
33a1d71.a2 3e9ef2d0 e2508c s ???????? 003 /feel/73f0/
33a1d81.a3 3e9ef2d0 e2508c s ???????? 002 /feel/7400/
33a1d91.3c 42f94216 043937 h ???????? 005 /wiki/RaWa
33a1d91.a5 3e9ef2d0 e2508c s ???????? 003 /feel/7410/
33a1da1.aa 3e9ef2d0 e2508c s ???????? 002 /feel/7420/
33a1db1.b3 3e9ef2d0 e2508c s ???????? 005 /alive/7430/
33a1db1.c5 3e9ef2d0 e2508c s ???????? 002 /feel/7430/
33a1dc1.a6 3e9ef2d0 e2508c s ???????? 003 /feel/7440/
33a1dd1.e8 3e9ef2d0 e2508c s ???????? 002 /feel/7450/
33a1de1.92 3e9ef2d0 e2508c s ???????? 001 /feel/7460/
33a1dea.e4 42f94bca 043937 h ???????? 003 /wiki/MemRistor
33a1df1.91 3e9ef2d0 e2508c s ???????? 001 /feel/7470/
33a1e01.94 3e9ef2d0 e2508c s ???????? 002 /feel/7480/
33a1e11.9a 3e9ef2d0 e2508c s ???????? 002 /feel/7490/
33a1e21.9f 3e9ef2d0 e2508c s ???????? 002 /feel/74a0/
33a1e31.a0 3e9ef2d0 e2508c s ???????? 002 /feel/74b0/
33a1e41.9d 3e9ef2d0 e2508c s ???????? 002 /feel/74c0/
33a1e51.9d 3e9ef2d0 e2508c s ???????? 001 /feel/74d0/
33a1e61.9a 3e9ef2d0 e2508c s ???????? 002 /feel/74e0/
33a1e71.9c 3e9ef2d0 e2508c s ???????? 002 /feel/74f0/
33a1e81.9b 3e9ef2d0 e2508c s ???????? 002 /feel/7500/
33a1e91.99 3e9ef2d0 e2508c s ???????? 002 /feel/7510/
33a1ea1.93 3e9ef2d0 e2508c s ???????? 001 /feel/7520/
33a1eb1.a0 3e9ef2d0 e2508c s ???????? 002 /feel/7530/
33a1ec1.a4 3e9ef2d0 e2508c s ???????? 002 /feel/7540/
33a1ed1.95 3e9ef2d0 e2508c s ???????? 006 /feel/7550/
33a1ee1.99 3e9ef2d0 e2508c s ???????? 009 /feel/7560/
33a1ef1.9d 3e9ef2d0 e2508c s ???????? 002 /feel/7570/
33a1f01.9c 3e9ef2d0 e2508c s ???????? 002 /feel/7580/
33a1f11.a4 3e9ef2d0 e2508c s ???????? 00d /alive/7590/
33a1f11.cb 3e9ef2d0 e2508c s ???????? 002 /feel/7590/
33a1f21.9b 3e9ef2d0 e2508c s ???????? 002 /feel/75a0/
33a1f31.9d 3e9ef2d0 e2508c s ???????? 002 /feel/75b0/
33a1f41.9c 3e9ef2d0 e2508c s ???????? 002 /feel/75c0/
33a1f51.a0 3e9ef2d0 e2508c s ???????? 003 /feel/75d0/
33a1f61.a4 3e9ef2d0 e2508c s ???????? 002 /feel/75e0/
33a1f71.a6 3e9ef2d0 e2508c s ???????? 003 /feel/75f0/
33a1f81.a4 3e9ef2d0 e2508c s ???????? 002 /feel/7600/
33a1f91.a1 3e9ef2d0 e2508c s ???????? 002 /feel/7610/
33a1fa1.98 3e9ef2d0 e2508c s ???????? 002 /feel/7620/
33a1fa3.13 42f94217 043937 h ???????? 004 /wiki/AaronKleiner
33a1fb1.a0 3e9ef2d0 e2508c s ???????? 002 /feel/7630/
33a1fc1.a0 3e9ef2d0 e2508c s ???????? 002 /feel/7640/
33a1fc7.9f cd8b8d36 209ef4 h ???????? 002 //rss.rdf
33a1fd1.a0 3e9ef2d0 e2508c s ???????? 001 /feel/7650/
33a1fe1.a7 3e9ef2d0 e2508c s ???????? 002 /feel/7660/
33a1ff1.ab 3e9ef2d0 e2508c s ???????? 002 /feel/7670/
33a2001.a5 3e9ef2d0 e2508c s ???????? 003 /feel/7680/
33a2011.a3 3e9ef2d0 e2508c s ???????? 003 /feel/7690/
33a2021.a1 3e9ef2d0 e2508c s ???????? 002 /feel/76a0/
33a2031.a0 3e9ef2d0 e2508c s ???????? 002 /feel/76b0/
33a2041.a0 3e9ef2d0 e2508c s ???????? 002 /feel/76c0/
33a2199.d7 42f94218 043937 h ???????? 005 /wiki/CarlyFiorina
33a2246.82 42f95c16 70a047 h ???????? 002 //rss.rdf
33a2384.bd 42f94216 043937 h ???????? 004 /wiki/PeterEmilBecker
33a247b.d2 42f94217 622963 h ???????? 005 /wiki/RealRoman
33a2506.3e 3e9ef2d0 e2508c s ???????? 01e /
33a250a.7e 3e9ef2d0 e2508c s ???????? 002 /feel/4
33a250e.77 3e9ef2d0 e2508c s ???????? 001 /feel/8
33a2517.0f 3e9ef2d0 e2508c s ???????? 015 /feel/10
33a2527.15 3e9ef2d0 e2508c s ???????? 001 /feel/20
33a2537.36 3e9ef2d0 e2508c s ???????? 004 /alive/30/
33a2537.48 3e9ef2d0 e2508c s ???????? 002 /feel/30
33a2547.19 3e9ef2d0 e2508c s ???????? 001 /feel/40
33a2557.3b 3e9ef2d0 e2508c s ???????? 006 /alive/50/
33a2557.4b 3e9ef2d0 e2508c s ???????? 001 /feel/50/
33a2560.0d 42f94216 043937 h ???????? 003 /wiki/RollingFileAppender
33a2567.1a 3e9ef2d0 e2508c s ???????? 002 /feel/60/
33a2577.23 3e9ef2d0 e2508c s ???????? 002 /feel/70/
33a2587.1f 3e9ef2d0 e2508c s ???????? 002 /feel/80/
33a2597.15 3e9ef2d0 e2508c s ???????? 001 /feel/90/
33a25a7.1e 3e9ef2d0 e2508c s ???????? 002 /feel/a0/
33a25b7.1c 3e9ef2d0 e2508c s ???????? 002 /feel/b0/
33a25c7.1b 3e9ef2d0 e2508c s ???????? 002 /feel/c0/
33a25d7.3d 3e9ef2d0 e2508c s ???????? 003 /alive/d0/
33a25d7.51 3e9ef2d0 e2508c s ???????? 002 /feel/d0/
33a25e7.23 3e9ef2d0 e2508c s ???????? 003 /feel/e0/
33a25f7.26 3e9ef2d0 e2508c s ???????? 002 /feel/f0/
33a2607.43 3e9ef2d0 e2508c s ???????? 036 /alive/100/
33a2607.54 3e9ef2d0 e2508c s ???????? 01b /feel/100/
33a2617.1e 3e9ef2d0 e2508c s ???????? 028 /feel/110/
33a2627.1a 3e9ef2d0 e2508c s ???????? 018 /feel/120/
33a2637.1e 3e9ef2d0 e2508c s ???????? 01e /feel/130/
33a2647.1d 3e9ef2d0 e2508c s ???????? 02d /feel/140/
33a2657.1e 3e9ef2d0 e2508c s ???????? 028 /feel/150/
33a2667.26 3e9ef2d0 e2508c s ???????? 028 /feel/160/
33a2677.26 3e9ef2d0 e2508c s ???????? 020 /feel/170/
33a2687.1f 3e9ef2d0 e2508c s ???????? 01d /feel/180/
33a2697.27 3e9ef2d0 e2508c s ???????? 021 /feel/190/
33a26a7.1b 3e9ef2d0 e2508c s ???????? 018 /feel/1a0/
33a26b7.23 3e9ef2d0 e2508c s ???????? 021 /feel/1b0/
33a26c7.4d 3e9ef2d0 e2508c s ???????? 042 /alive/1c0/
33a26c7.68 3e9ef2d0 e2508c s ???????? 021 /feel/1c0/
33a26d7.29 3e9ef2d0 e2508c s ???????? 01f /feel/1d0/
33a26e7.2a 3e9ef2d0 e2508c s ???????? 01f /feel/1e0/
33a26f7.26 3e9ef2d0 e2508c s ???????? 02c /feel/1f0/
33a2707.2d 3e9ef2d0 e2508c s ???????? 002 /feel/200/
33a2717.25 3e9ef2d0 e2508c s ???????? 002 /feel/210/
33a2727.23 3e9ef2d0 e2508c s ???????? 002 /feel/220/
33a2737.22 3e9ef2d0 e2508c s ???????? 002 /feel/230/
33a273a.39 42f94218 043937 h ???????? 005 /wiki/OlUe
33a2747.17 3e9ef2d0 e2508c s ???????? 008 /feel/240/
33a2757.20 3e9ef2d0 e2508c s ???????? 00b /feel/250/
33a2767.1b 3e9ef2d0 e2508c s ???????? 002 /feel/260/
33a2777.24 3e9ef2d0 e2508c s ???????? 002 /feel/270/
33a2787.22 3e9ef2d0 e2508c s ???????? 002 /feel/280/
33a2797.25 3e9ef2d0 e2508c s ???????? 002 /feel/290/
33a27a7.49 3e9ef2d0 e2508c s ???????? 003 /alive/2a0/
33a27a7.5a 3e9ef2d0 e2508c s ???????? 002 /feel/2a0/
33a27b7.21 3e9ef2d0 e2508c s ???????? 003 /feel/2b0/
33a27c7.24 3e9ef2d0 e2508c s ???????? 003 /feel/2c0/
33a27d7.23 3e9ef2d0 e2508c s ???????? 003 /feel/2d0/
33a27e7.23 3e9ef2d0 e2508c s ???????? 003 /feel/2e0/
33a27f7.3a 3e9ef2d0 e2508c s ???????? 007 /alive/2f0/
33a27f7.57 3e9ef2d0 e2508c s ???????? 002 /feel/2f0/
33a2807.21 3e9ef2d0 e2508c s ???????? 002 /feel/300/
33a2817.2f 3e9ef2d0 e2508c s ???????? 003 /feel/310/
33a2827.2c 3e9ef2d0 e2508c s ???????? 003 /feel/320/
33a2837.28 3e9ef2d0 e2508c s ???????? 003 /feel/330/
33a2847.6d 3e9ef2d0 e2508c s ???????? 002 /feel/340/
33a2857.18 3e9ef2d0 e2508c s ???????? 001 /feel/350/
33a2867.14 3e9ef2d0 e2508c s ???????? 002 /feel/360/
33a2877.1f 3e9ef2d0 e2508c s ???????? 002 /feel/370/
33a2887.1a 3e9ef2d0 e2508c s ???????? 002 /feel/380/
33a2897.24 3e9ef2d0 e2508c s ???????? 002 /feel/390/
33a28a7.25 3e9ef2d0 e2508c s ???????? 002 /feel/3a0/
33a28b7.23 3e9ef2d0 e2508c s ???????? 001 /feel/3b0/
33a28c7.1c 3e9ef2d0 e2508c s ???????? 001 /feel/3c0/
33a28d7.39 3e9ef2d0 e2508c s ???????? 002 /alive/3d0/
33a28d7.4b 3e9ef2d0 e2508c s ???????? 002 /feel/3d0/
33a28e7.36 3e9ef2d0 e2508c s ???????? 002 /alive/3e0/
33a28e7.4b 3e9ef2d0 e2508c s ???????? 002 /feel/3e0/
33a28f7.21 3e9ef2d0 e2508c s ???????? 001 /feel/3f0/
33a2905.28 42f94218 043937 h ???????? 004 /wiki/XiNg
33a2907.22 3e9ef2d0 e2508c s ???????? 002 /feel/400/
33a2917.41 3e9ef2d0 e2508c s ???????? 001 /alive/410/
33a2917.4d 3e9ef2d0 e2508c s ???????? 001 /feel/410/
33a2927.30 3e9ef2d0 e2508c s ???????? 00a /alive/420/
33a2927.3e 3e9ef2d0 e2508c s ???????? 001 /feel/420/
33a2937.21 3e9ef2d0 e2508c s ???????? 001 /feel/430/
33a2947.1a 3e9ef2d0 e2508c s ???????? 001 /feel/440/
33a2957.3d 3e9ef2d0 e2508c s ???????? 002 /alive/450/
33a2957.4c 3e9ef2d0 e2508c s ???????? 001 /feel/450/
33a2967.21 3e9ef2d0 e2508c s ???????? 002 /feel/460/
33a2977.23 3e9ef2d0 e2508c s ???????? 001 /feel/470/
33a2987.20 3e9ef2d0 e2508c s ???????? 002 /feel/480/
33a2997.23 3e9ef2d0 e2508c s ???????? 002 /feel/490/
33a29a7.24 3e9ef2d0 e2508c s ???????? 002 /feel/4a0/
33a29b7.2b 3e9ef2d0 e2508c s ???????? 002 /feel/4b0/
33a29c7.19 3e9ef2d0 e2508c s ???????? 001 /feel/4c0/
33a29d7.31 3e9ef2d0 e2508c s ???????? 001 /alive/4d0/
33a29d7.41 3e9ef2d0 e2508c s ???????? 006 /feel/4d0/
33a29e7.21 3e9ef2d0 e2508c s ???????? 009 /feel/4e0/
33a29f7.23 3e9ef2d0 e2508c s ???????? 00c /feel/4f0/
33a2a07.1b 3e9ef2d0 e2508c s ???????? 002 /feel/500/
33a2a17.1e 3e9ef2d0 e2508c s ???????? 002 /feel/510/
33a2a27.18 3e9ef2d0 e2508c s ???????? 001 /alive/520/
33a2a27.4c 3e9ef2d0 e2508c s ???????? 001 /feel/520/
33a2a37.2b 3e9ef2d0 e2508c s ???????? 002 /feel/530/
33a2a47.2a 3e9ef2d0 e2508c s ???????? 002 /feel/540/
33a2a57.25 3e9ef2d0 e2508c s ???????? 002 /feel/550/
33a2a67.20 3e9ef2d0 e2508c s ???????? 001 /feel/560/
33a2a77.2b 3e9ef2d0 e2508c s ???????? 002 /feel/570/
33a2a87.2a 3e9ef2d0 e2508c s ???????? 002 /feel/580/
33a2a97.29 3e9ef2d0 e2508c s ???????? 003 /feel/590/
33a2aa7.1e 3e9ef2d0 e2508c s ???????? 001 /feel/5a0/
33a2ab7.25 3e9ef2d0 e2508c s ???????? 002 /feel/5b0/
33a2ac5.08 42f94218 043937 h ???????? 003 /wiki/CsRb
33a2ac7.1f 3e9ef2d0 e2508c s ???????? 002 /feel/5c0/
33a2ad7.2b 3e9ef2d0 e2508c s ???????? 002 /feel/5d0/
33a2ae7.24 3e9ef2d0 e2508c s ???????? 001 /feel/5e0/
33a2af7.2b 3e9ef2d0 e2508c s ???????? 003 /feel/5f0/
33a2b07.1e 3e9ef2d0 e2508c s ???????? 001 /feel/600/
33a2b17.25 3e9ef2d0 e2508c s ???????? 002 /feel/610/
33a2b27.22 3e9ef2d0 e2508c s ???????? 001 /feel/620/
33a2b37.28 3e9ef2d0 e2508c s ???????? 002 /feel/630/
33a2b47.1f 3e9ef2d0 e2508c s ???????? 002 /feel/640/
33a2b57.27 3e9ef2d0 e2508c s ???????? 002 /feel/650/
33a2b67.30 3e9ef2d0 e2508c s ???????? 002 /feel/660/
33a2b77.34 3e9ef2d0 e2508c s ???????? 003 /feel/670/
33a2b87.29 3e9ef2d0 e2508c s ???????? 002 /feel/680/
33a2b96.2a 3e9ef2d0 e2508c s ???????? 003 /feel/690/
33a2ba6.29 3e9ef2d0 e2508c s ???????? 002 /feel/6a0/
33a2bb6.2d 3e9ef2d0 e2508c s ???????? 002 /alive/6b0/
33a2bb6.3f 3e9ef2d0 e2508c s ???????? 002 /feel/6b0/
33a2bc6.2a 3e9ef2d0 e2508c s ???????? 002 /feel/6c0/
33a2bd6.2f 3e9ef2d0 e2508c s ???????? 003 /feel/6d0/
33a2be6.37 3e9ef2d0 e2508c s ???????? 003 /feel/6e0/
33a2bf6.31 3e9ef2d0 e2508c s ???????? 002 /feel/6f0/
33a2c06.2a 3e9ef2d0 e2508c s ???????? 003 /feel/700/
33a2c16.23 3e9ef2d0 e2508c s ???????? 002 /feel/710/
33a2c26.22 3e9ef2d0 e2508c s ???????? 003 /feel/720/
33a2c2b.7f 42f94216 622963 h ???????? 003 /wiki/DidYouMean
33a2c36.2b 3e9ef2d0 e2508c s ???????? 00a /feel/730/
33a2c46.24 3e9ef2d0 e2508c s ???????? 00a /feel/740/
33a2c56.34 3e9ef2d0 e2508c s ???????? 003 /feel/750/
33a2c66.2f 3e9ef2d0 e2508c s ???????? 003 /feel/760/
33a2c76.2d 3e9ef2d0 e2508c s ???????? 003 /feel/770/
33a2c86.28 3e9ef2d0 e2508c s ???????? 002 /feel/780/
33a2c87.13 42f94216 043937 h ???????? 004 /wiki/CorBa
33a2c96.23 3e9ef2d0 e2508c s ???????? 002 /feel/790/
33a2ca6.23 3e9ef2d0 e2508c s ???????? 002 /feel/7a0/
33a2cb6.2d 3e9ef2d0 e2508c s ???????? 002 /feel/7b0/
33a2cc6.26 3e9ef2d0 e2508c s ???????? 001 /feel/7c0/
33a2cd6.35 3e9ef2d0 e2508c s ???????? 003 /feel/7d0/
33a2ce6.29 3e9ef2d0 e2508c s ???????? 002 /feel/7e0/
33a2cf6.36 3e9ef2d0 e2508c s ???????? 003 /feel/7f0/
33a2d06.35 3e9ef2d0 e2508c s ???????? 003 /feel/800/
33a2d16.2d 3e9ef2d0 e2508c s ???????? 002 /feel/810/
33a2d26.27 3e9ef2d0 e2508c s ???????? 002 /feel/820/
33a2d36.32 3e9ef2d0 e2508c s ???????? 003 /feel/830/
33a2d46.2d 3e9ef2d0 e2508c s ???????? 002 /feel/840/
33a2d56.31 3e9ef2d0 e2508c s ???????? 003 /feel/850/
33a2d57.42 42f94bc8 043937 h ???????? 004 /wiki/LangeWeile
33a2d66.35 3e9ef2d0 e2508c s ???????? 002 /feel/860/
33a2d76.36 3e9ef2d0 e2508c s ???????? 003 /feel/870/
33a2d86.37 3e9ef2d0 e2508c s ???????? 004 /feel/880/
33a2d96.22 3e9ef2d0 e2508c s ???????? 002 /feel/890/
33a2da6.2c 3e9ef2d0 e2508c s ???????? 002 /feel/8a0/
33a2db6.35 3e9ef2d0 e2508c s ???????? 004 /feel/8b0/
33a2dc6.52 3e9ef2d0 e2508c s ???????? 003 /alive/8c0/
33a2dc6.66 3e9ef2d0 e2508c s ???????? 003 /feel/8c0/
33a2dd6.31 3e9ef2d0 e2508c s ???????? 003 /feel/8d0/
33a2de6.36 3e9ef2d0 e2508c s ???????? 003 /feel/8e0/
33a2df6.63 3e9ef2d0 e2508c s ???????? 007 /alive/8f0/
33a2df6.71 3e9ef2d0 e2508c s ???????? 002 /feel/8f0/
33a2e06.3b 3e9ef2d0 e2508c s ???????? 003 /feel/900/
33a2e16.37 3e9ef2d0 e2508c s ???????? 003 /feel/910/
33a2e26.38 3e9ef2d0 e2508c s ???????? 003 /feel/920/
33a2e36.34 3e9ef2d0 e2508c s ???????? 003 /feel/930/
33a2e46.30 42f94217 043937 h ???????? 003 /wiki/DoMain
33a2e46.41 3e9ef2d0 e2508c s ???????? 006 /feel/940/
33a2e56.28 3e9ef2d0 e2508c s ???????? 006 /feel/950/
33a2e66.24 3e9ef2d0 e2508c s ???????? 001 /feel/960/
33a2e76.2b 3e9ef2d0 e2508c s ???????? 002 /feel/970/
33a2e86.25 3e9ef2d0 e2508c s ???????? 002 /feel/980/
33a2e96.24 3e9ef2d0 e2508c s ???????? 002 /feel/990/
33a2ea6.41 3e9ef2d0 e2508c s ???????? 002 /alive/9a0/
33a2ea6.51 3e9ef2d0 e2508c s ???????? 002 /feel/9a0/
33a2eb6.27 3e9ef2d0 e2508c s ???????? 003 /feel/9b0/
33a2ec6.24 3e9ef2d0 e2508c s ???????? 002 /feel/9c0/
33a2ed6.26 3e9ef2d0 e2508c s ???????? 005 /feel/9d0/
33a2ee6.27 3e9ef2d0 e2508c s ???????? 001 /feel/9e0/
33a2ef6.1f 3e9ef2d0 e2508c s ???????? 001 /feel/9f0/
33a2f06.32 3e9ef2d0 e2508c s ???????? 002 /feel/a00/
33a2f16.2e 3e9ef2d0 e2508c s ???????? 002 /alive/a10/
33a2f16.53 3e9ef2d0 e2508c s ???????? 001 /feel/a10/
33a2f26.30 3e9ef2d0 e2508c s ???????? 002 /feel/a20/
33a2f36.23 3e9ef2d0 e2508c s ???????? 002 /feel/a30/
33a2f46.2d 3e9ef2d0 e2508c s ???????? 001 /feel/a40/
33a2f56.2c 3e9ef2d0 e2508c s ???????? 002 /feel/a50/
33a2f66.21 3e9ef2d0 e2508c s ???????? 002 /feel/a60/
33a2f76.24 3e9ef2d0 e2508c s ???????? 004 /feel/a70/
33a2f86.2b 3e9ef2d0 e2508c s ???????? 002 /feel/a80/
33a2f96.25 3e9ef2d0 e2508c s ???????? 001 /feel/a90/
33a2fa6.22 3e9ef2d0 e2508c s ???????? 002 /feel/aa0/
33a2fb6.25 3e9ef2d0 e2508c s ???????? 001 /feel/ab0/
33a2fc6.31 3e9ef2d0 e2508c s ???????? 002 /feel/ac0/
33a2fd6.2e 3e9ef2d0 e2508c s ???????? 002 /feel/ad0/
33a3001.84 42f94217 043937 h ???????? 002 /wiki/CarTraum
33a30e2.81 cf2e0d2e 6a88e8 h ???????? 014 /
33a3152.45 d9b68437 433e9c h ???????? 002 /edit/29076001
33a31c1.59 42f94218 043937 h ???????? 003 /wiki/ReneEgli
33a3369.78 42f94218 622963 h ???????? 004 /wiki/RainerTest
33a3376.24 42f94216 043937 h ???????? 003 /wiki/SippenHaft
33a3529.b4 42f94216 043937 h ???????? 002 /wiki/PhotoSynth
33a36da.db 42f9421a 043937 h ???????? 004 /wiki/JkLogLevel
33a3883.79 42f9421a 043937 h ???????? 005 /wiki/OpenSpirit
33a3a24.33 42f94218 043937 h ???????? 005 /wiki/JohannTaler
33a3a6d.f3 42f94218 622963 h ???????? 004 /wiki/PhotoSynth
33a3b13.5b 4a73d697 3d8b22 h ???????? 026 /
33a3b2e.c5 a484a106 433e9c h ???????? 003 /wiki/NorbertStreitz
33a3bd5.b3 42f94216 043937 h ???????? 004 /wiki/MamaZwoNull
33a3d83.8b 42f94216 043937 h ???????? 005 /wiki/InIhr
33a3ed4.01 42f94bc6 043937 h ???????? 008 /wiki/TheoHarder
33a3f2f.c7 42f94216 043937 h ???????? 003 /wiki/MessiMatrix
33a40e2.de 42f94216 043937 h ???????? 002 /wiki/RalpLippold
33a40f5.28 d481305c 900ed9 s ???????? 007 /a2billing/admin/Public/index.php
33a40f5.a2 d481305c 900ed9 h ???????? 001 /a2billing/admin/Public/index.php
33a4168.1b 42f94216 622963 h ???????? 004 /wiki/RoterFaden
33a4283.be 42f9421d 043937 s ???????? 003 /wiki/DiebesGott
33a448c.cc 42f94216 043937 h ???????? 004 /wiki/AccelerAndo
33a4506.8d a484a157 433e9c h ???????? 016 /love/1e
33a4639.20 42f94217 043937 h ???????? 003 /wiki/LowerSaxony
33a46bf.aa 42f94217 043937 h ???????? 00a /wiki/AppleSeed
33a47f5.b8 42f94218 043937 h ???????? 003 /wiki/NagelStudio
33a4823.cb 2ee5a841 2e29b5 h ???????? 003 //wiki/LockSchuppenDe
33a4887.24 b44c0f21 a04d28 h ???????? 018 /
33a4891.a2 42f94218 622963 h ???????? 003 /wiki/SemperOper
33a490a.23 42f94216 043937 h ???????? 004 /wiki/GoPubMed
33a499a.b0 42f94217 043937 h ???????? 003 /wiki/WeltSprache
33a4a4b.d6 42f94218 043937 h ???????? 002 /wiki/RoyUhlmann
33a4a54.d6 42f94217 043937 h ???????? 003 /wiki/ThomasKoeplin
33a4a85.3f 42f95c18 70a047 h ???????? 002 //rss.rdf
33a4b44.ce 42f94218 043937 h ???????? 003 /wiki/SeelenWunde
33a4b64.79 42f94218 043937 h ???????? 003 /wiki/ThomasMueller
33a4c90.f1 42f94218 043937 h ???????? 003 /wiki/MichaelRAlvers
33a4ce9.49 42f94216 043937 h ???????? 003 /wiki/ProTect
33a4e91.67 42f94216 043937 h ???????? 004 /wiki/SchwedtOder
33a4f95.fd 42f94217 622963 h ???????? 003 /wiki/TerraFlops
33a5033.d2 42f94218 043937 h ???????? 004 /wiki/ZahnAerztin
33a513a.16 42f945ca 043937 h ???????? 004 /wiki/OTheLetter
33a51c8.41 42f94216 043937 h ???????? 004 /wiki/SchornStein
33a5364.6f 42f94217 043937 h ???????? 004 /wiki/SimonKoeppl
33a54f5.a9 42f94216 043937 h ???????? 004 /wiki/MarkusStamm
33a5660.33 42f942c6 622963 h ???????? 004 /wiki/SemperLust
33a5678.36 42f942c8 043937 h ???????? 003 /wiki/SchaetzQual
33a5804.3d 42f94218 043937 h ???????? 004 /wiki/SuendenMund
33a5987.66 42f94216 043937 h ???????? 004 /wiki/ClosedWorld
33a59f1.1e cf2e0d77 6a88e8 s ???????? 017 /
33a5a11.bb 5896e4da 45378f h ???????? 002 //rss.rdf
33a5a12.6e c7a71e68 b908ee h ???????? 002 //rss.rdf
33a5a36.cb 6d6dfe8a b908ee h ???????? 001 //rss.rdf
33a5b0b.d5 42f94217 043937 h ???????? 006 /wiki/TinyWaveUrl
33a5b0b.d6 42f94218 043937 h ???????? 004 /robots.txt
33a5c94.5e 42f94216 043937 h ???????? 004 /wiki/MindBooster
33a5d00.64 42f94217 622963 h ???????? 003 /wiki/DrKurzweil
33a5d84.f2 44b4e73e aec21f h ???????? 003 /wiki/KurzweilVortrag
33a5da3.c2 b44c0f88 a04d28 h ???????? 002 /radio
33a5e15.5b 42f94217 043937 h ???????? 004 /wiki/AsciiArt
33a5e8d.c7 8ba24e87 186d9a s ???????? 017 /
33a5f96.18 42f94216 043937 h ???????? 003 /wiki/HomoErectus
33a6070.de 3cbf264d 24f5f0 h ???????? 019 /
33a610b.4c 3b7d63bb a2b75f h ???????? 02a /
33a610c.44 3b7d63bb a2b75f h ???????? 01b /
33a610d.1c 3b7d63bb a2b75f h ???????? 017 /
33a610d.ed 3b7d63bb a2b75f h ???????? 016 /
33a610e.c3 3b7d63bb a2b75f h ???????? 01e /
33a610f.98 3b7d63bb a2b75f h ???????? 016 /
33a6126.ba 42f94217 043937 h ???????? 003 /wiki/EdgarSchein
33a62ab.e2 42f9421b 043937 s ???????? 004 /wiki/SmartPhone
33a63af.77 42f94218 622963 h ???????? 004 /wiki/QuantumMind
33a641a.49 42f945d2 043937 s ???????? 003 /wiki/CemB
33a642b.d1 42f94218 043937 h ???????? 003 /wiki/DeutschPost
33a644f.9c 284da754 6a88e8 h ???????? 004 /wiki/GastroWiki
33a6497.2b 5d9e983e e4b041 h ???????? 002 /robots.txt
33a649a.d7 5d9e983e e4b041 h ???????? 019 /
33a6726.0a 42f94216 043937 h ???????? 004 /wiki/MindHacking
33a68b3.26 42f9421c 043937 s ???????? 009 /edit/39685002
33a6a3b.93 42f94217 043937 h ???????? 004 /wiki/MindBaggern
33a6a50.3f 42f94217 622963 h ???????? 004 /wiki/KarlLehmann
33a6bc1.2f 42f94217 043937 h ???????? 004 /wiki/FemmeFatale
33a6c61.4b b44c0f91 fa643b h ???????? 002 /radio/robots.txt
33a6cc0.66 2ee5a463 2e29b5 h ???????? 002 //robots.txt
33a6d43.8d 42f94218 043937 h ???????? 004 /wiki/XingLe
33a6d96.58 a484a153 433e9c h ???????? 002 /edit/30166001
33a6ed5.86 42f94217 043937 h ???????? 004 /wiki/AlFr
33a6f94.11 bca5c419 e3b0c4 h ???????? 002 /robots.txt
33a6f96.50 bca5c419 76fdb3 h ???????? 01b /
33a703f.e4 426607ac 002725 h ???????? 002 /favicon.ico
33a7161.31 42f95c17 70a047 h ???????? 001 //rss.rdf
33a7188.13 42f94217 043937 h ???????? 002 /wiki/ToDay
33a7369.f1 bca5d01d e3b0c4 h ???????? 001 /robots.txt
33a736c.16 bca5d01d 58771d h ???????? 018 /
33a7384.3c 42f94216 043937 h ???????? 003 /wiki/KuensterIn
33a738c.07 253b3780 e3b0c4 h ???????? 005 /robots.txt
33a738e.2d 253b3780 0fa94d h ???????? 015 /
33a744a.c0 42f945c6 043937 h ???????? 002 /wiki/AwWiki
33a7572.2e 42f94217 043937 h ???????? 003 /wiki/EdgarKunadt
33a7705.99 42f94218 622963 h ???????? 002 /wiki/HuMan
33a775d.fe 42f94217 043937 h ???????? 003 /wiki/CafeJaehnig
33a7947.08 42f94218 043937 h ???????? 002 /wiki/MaDz
33a7a13.eb 9d37271a 6a88e8 h ???????? 001 /robots.txt
33a7a22.b2 cf2e0d2e 6a88e8 h ???????? 011 /
33a7b1b.f2 42f94218 043937 h ???????? 002 /wiki/FinePixA204
33a7ccf.ae 42f94217 043937 h ???????? 004 /wiki/SprachStufe
33a7d68.05 b44c0f17 a04d28 h ???????? 011 /
33a7e8e.10 42f94218 043937 h ???????? 002 /wiki/LawrencePage
33a7f0e.4b 42f94217 622963 h ???????? 002 /wiki/PotUs
33a7f27.61 5b794fb4 e3b0c4 h ???????? 002 /robots.txt
33a7f29.84 5b794fb4 2d2838 h ???????? 012 /
33a8058.57 42f94218 043937 h ???????? 002 /wiki/IhBay
33a8225.fd 42f94216 043937 h ???????? 003 /wiki/WikiHomePage
33a8365.99 05c457ac 433e9c h ???????? 012 /
33a8372.0e 42f94217 043937 h ???????? 002 /wiki/MucWiki
33a8409.13 42f94216 043937 h ???????? 002 /wiki/KaterSchnurz
33a8474.08 d9b684b5 433e9c h ???????? 001 /edit/23146001
33a8520.cc 42f94217 043937 h ???????? 002 /wiki/DasMan
33a856b.2c 42f94217 043937 h ???????? 003 /wiki/HofBurg
33a865c.da 42f94217 043937 h ???????? 003 /wiki/WwWebLern
33a8696.19 42f94216 043937 h ???????? 003 /wiki/SoSmart
33a86e6.95 42f94217 622963 h ???????? 004 /wiki/PriVat
33a880c.01 42f94217 043937 h ???????? 003 /wiki/DokuWiki
33a881c.fb 4706cacc fee6c8 s ???????? 01d /
33a89ba.8f 42f94217 043937 h ???????? 003 /wiki/SciFi
33a8be5.9d 403efca4 b5eaf4 h ???????? 001 /robots.txt
33a8c8f.ad 42f94218 043937 h ???????? 002 /wiki/AutHent
33a8e98.33 42f94216 043937 h ???????? 003 /wiki/CodeWiki
33a8f5d.92 42f94216 043937 h ???????? 002 /wiki/JavaVm
33a911a.33 42f94217 622963 h ???????? 004 /wiki/GitScm
33a91b2.79 4e2e2319 7dfab1 h ???????? 001 //rss.jsp
33a91b2.9e 4e2e2319 7dfab1 h ???????? 001 //rss.jsp
33a9216.2b 42f94218 043937 h ???????? 003 /wiki/SQuirreL
33a931a.4d 44b4e73e aec21f h ???????? 002 /robots.txt
33a931a.ea 44b4e73e aec21f h ???????? 004 /wiki/CurrentProjects
33a94be.7b 42f9421c 043937 s ???????? 002 /edit/39035001
33a9744.62 42f94218 043937 h ???????? 003 /wiki/WindelWelt
33a99b4.2b 42f94218 043937 h ???????? 008 /wiki/IntelliGanz
33a99c9.7e 403efca4 b5eaf4 h ???????? 007 /robots.txt
33a99c9.c9 403efca4 b5eaf4 h ???????? 01a /1
33a9a2a.84 42f94216 622963 h ???????? 003 /wiki/OnLine
33a9b84.e5 d9b68450 433e9c h ???????? 002 /edit/26956002
33a9ba4.87 4a7d4c64 55c2cd h ???????? 002 //rss.rdf
33a9beb.a8 42660808 70a047 h ???????? 001 //rss.rdf
33a9c35.41 42f94216 043937 h ???????? 003 /wiki/TobiasKroha
33a9e85.c8 42f94217 043937 h ???????? 003 /wiki/ZitzscheWig
33aa05a.d9 42f94216 043937 h ???????? 003 /wiki/WorkList
33aa0c2.cc 42f94216 043937 h ???????? 003 /wiki/BikeOne
33aa2e8.d8 42f94218 622963 h ???????? 003 /wiki/GoogleMind
33aa2f2.80 42f94217 043937 h ???????? 002 /wiki/ContactLens
33aa526.35 42f94218 043937 h ???????? 003 /wiki/MavllwOuVI0
33aa532.77 bc285186 7dfab1 h ???????? 002 //rss.jsp
33aa532.9e bc285186 7dfab1 h ???????? 002 //rss.jsp
33aa533.f6 bc285186 7dfab1 h ???????? 001 //rss.jsp
33aa534.1e bc285186 7dfab1 h ???????? 002 //rss.jsp
33aa734.a4 42f94216 043937 h ???????? 004 /wiki/RobertKlinc
33aa880.54 bc285186 7dfab1 h ???????? 002 //rss.jsp
33aa880.7c bc285186 7dfab1 h ???????? 002 //rss.jsp
33aa89a.87 bc285186 7dfab1 h ???????? 002 //rss.jsp
33aa89a.ad bc285186 7dfab1 h ???????? 001 //rss.jsp
33aa94b.8c 42f94216 043937 h ???????? 003 /wiki/GoPerNiKuss
33aaa7e.88 4df3bdf3 aab9d7 h ???????? 016 /
33aaa7e.cf 4df3bdf3 aab9d7 h ???????? 01b /
33aaaee.93 975027a3 433e9c h ???????? 002 /robots.txt
33aab5d.5d 42f94217 043937 h ???????? 004 /wiki/GoetzWerner
33aab6f.6f 42f94216 622963 h ???????? 002 /wiki/NextAction
33aac37.5b c6f066a3 7c2005 h ???????? 017 /
33aad83.f4 42f94217 043937 h ???????? 003 /wiki/GastStaette
33aae06.31 bc286647 7dfab1 h ???????? 002 //rss.jsp
33aae06.58 bc286647 7dfab1 h ???????? 002 //rss.jsp
33aafc4.1a 42f94218 043937 h ???????? 003 /wiki/JaronLanier
33aaff8.be b44c0f0d a04d28 h ???????? 003 /wiki/KlippSchule
33ab1de.19 42f94216 043937 h ???????? 004 /wiki/RokoMijic
33ab2cb.e6 42f94218 043937 h ???????? 004 /wiki/BenchMark
33ab4bc.b9 42f94217 622963 h ???????? 003 /wiki/MagnonFund
33ab4cb.1d 42f94217 043937 h ???????? 003 /wiki/AtomicClock
33ab744.c1 42f94217 043937 h ???????? 003 /wiki/LydiaGruber
33ab9e8.47 42f94218 043937 h ???????? 005 /wiki/FonCom
33abce1.1b 894acf6e 433e9c h ???????? 002 /edit/25886005
33abd6e.11 42f94219 043937 h ???????? 003 /wiki/NeoTeny
33abe40.78 cf2e0d77 6a88e8 s ???????? 01f /
33ac022.a7 33ff4150 433e9c h ???????? 002 /edit/3396001
33ac0dd.4b 42f94217 043937 h ???????? 003 /wiki/VIkM
33ac14c.52 42f94216 622963 h ???????? 004 /wiki/VoXel
33ac29a.9b 42f9421d 043937 s ???????? 068 /ls
33ac306.66 42f95c18 70a047 h ???????? 002 //rss.rdf
33ac37b.f5 42f94218 043937 h ???????? 003 /wiki/SecondSports
33ac3e1.0c 42f94217 043937 h ???????? 003 /wiki/RyanDowne
33ac60d.44 a4843451 eb026b s ???????? 003 /bcHead
33ac60c.fe 42f9421c 043937 s ???????? 11f /sh
33ac8b5.e9 42f94216 043937 h ???????? 003 /wiki/OpenCogPrime
33ac94a.ce b44c0f94 a04d28 h ???????? 018 /
33acb2e.aa 42f9421d 043937 s ???????? 054 /ls
33acba1.9e 42f9421b 622963 s ???????? 004 /wiki/DiFer
33accb6.dc a484a11c 433e9c h ???????? 002 /edit/21176001
33acd83.40 33ff414d 433e9c h ???????? 018 /
33acd96.73 42f94216 043937 h ???????? 003 /wiki/ReLigio
33ad053.2b 42f94216 043937 h ???????? 004 /wiki/SonyMgm
33ad2bd.98 42f94216 043937 h ???????? 003 /wiki/ElbeFlut
33ad40a.29 9d372703 6a88e8 h ???????? 002 /robots.txt
33ad40e.c0 cf2e0d2e 6a88e8 h ???????? 016 /
33ad524.9b 42f94216 622963 h ???????? 004 /wiki/GoPlay
33ad530.62 42f94216 043937 h ???????? 003 /wiki/VoiceBase
33ad634.7e 42f94218 043937 h ???????? 004 /wiki/PfenzWiki
33ad65c.da 42f94216 043937 h ???????? 002 //robots.txt
33ad72d.d0 42f94216 043937 h ???????? 004 //wiki/LockTeam
33ad76d.f2 42f94218 043937 h ???????? 004 /wiki/SmokeyBear
33ad7a3.d4 42f94218 043937 h ???????? 004 //wiki/LockOfficeAnfahrt
33ad950.2a 42f94217 043937 h ???????? 004 /wiki/LockTeam
33ad98e.6a 42f94216 043937 h ???????? 004 /wiki/HobbyHorse
33ada5f.71 42f94218 043937 h ???????? 004 /wiki/LockOfficeAnfahrt
33adab4.7a 33ff410d 433e9c h ???????? 002 /edit/21736001
33adbbf.c0 42f94218 043937 h ???????? 004 /wiki/QuantPuter
33adddc.bd 42f94217 043937 h ???????? 004 /wiki/KirkDouglas
33ade4e.c9 42f94216 043937 h ???????? 003 /wiki/EnerNet
33ade8d.ee 42f94216 622963 h ???????? 004 /wiki/ChildOf
33adebb.8d c73a56d3 028fc4 h ???????? 002 //robots.txt
33adec0.2e c73a56d3 028fc4 h ???????? 012 /
33adec3.a8 c73a56d3 028fc4 h ???????? 001 /robots.txt
33adec8.6d c73a56d3 028fc4 h ???????? 00f /
33ae001.ea 284da72a 6a88e8 h ???????? 002 /wiki/StOlafEdu
33ae009.78 42f94218 043937 h ???????? 002 /wiki/WordOfMouth
33ae228.1d 42f94217 043937 h ???????? 002 /wiki/JamesHughes
33ae2e2.dc b44c0f15 a04d28 h ???????? 002 /wiki/LockSchuppen
33ae428.67 42f94218 043937 h ???????? 003 /wiki/LeanBarBibo
33ae637.cd 42f94217 043937 h ???????? 004 /wiki/ChinaMobile
33ae6a8.8b c73a56d1 028fc4 h ???????? 002 /robots.txt
33ae6aa.59 c73a56d1 028fc4 h ???????? 019 /
33ae767.0b 42f94216 043937 h ???????? 003 /wiki/MeanValue
33ae77c.e2 42f94217 622963 h ???????? 002 /wiki/WikiClj
33ae8cd.86 42f94216 043937 h ???????? 003 /wiki/TorstenHans
33aea74.9f c16e729c c37fd8 s ???????? 001 /robots.txt
33aea77.e9 c16e729c c37fd8 s ???????? 011 /
33aeb05.86 42f9421c 043937 s ???????? 005 /edit/37265001
33aeb71.72 d9b68498 433e9c h ???????? 002 /wiki/Nadia%20Zaboura
33aed4d.b7 42f94216 043937 h ???????? 002 /wiki/BetterPlace
33aedd9.b7 3e9ef2d0 e2508c s ???????? 012 /
33aedde.0b 3e9ef2d0 e2508c s ???????? 001 /feel/4
33aede1.ff 3e9ef2d0 e2508c s ???????? 002 /feel/8
33aedea.3d 3e9ef2d0 e2508c s ???????? 016 /feel/10
33aedfa.38 3e9ef2d0 e2508c s ???????? 006 /feel/20
33aee0a.36 3e9ef2d0 e2508c s ???????? 006 /feel/30
33aee1a.48 3e9ef2d0 e2508c s ???????? 001 /alive/40/
33aee1a.58 3e9ef2d0 e2508c s ???????? 001 /feel/40
33aee2a.3d 3e9ef2d0 e2508c s ???????? 009 /alive/50/
33aee2a.51 3e9ef2d0 e2508c s ???????? 001 /feel/50/
33aee3a.33 3e9ef2d0 e2508c s ???????? 001 /feel/60/
33aee4a.3c 3e9ef2d0 e2508c s ???????? 001 /alive/70/
33aee4a.50 3e9ef2d0 e2508c s ???????? 002 /feel/70/
33aee5a.35 3e9ef2d0 e2508c s ???????? 001 /feel/80/
33aee6a.37 3e9ef2d0 e2508c s ???????? 002 /feel/90/
33aee7a.39 3e9ef2d0 e2508c s ???????? 002 /feel/a0/
33aee8a.35 3e9ef2d0 e2508c s ???????? 001 /feel/b0/
33aee9a.34 3e9ef2d0 e2508c s ???????? 002 /feel/c0/
33aeeaa.36 3e9ef2d0 e2508c s ???????? 001 /feel/d0/
33aeeba.37 3e9ef2d0 e2508c s ???????? 002 /feel/e0/
33aeeca.3a 3e9ef2d0 e2508c s ???????? 002 /feel/f0/
33aeeda.39 3e9ef2d0 e2508c s ???????? 01a /feel/100/
33aeeea.3a 3e9ef2d0 e2508c s ???????? 013 /feel/110/
33aeeea.f4 42f95c18 70a047 h ???????? 002 //rss.rdf
33aeefa.3f 3e9ef2d0 e2508c s ???????? 016 /feel/120/
33aef0a.3a 3e9ef2d0 e2508c s ???????? 012 /feel/130/
33aef1a.42 3e9ef2d0 e2508c s ???????? 01a /feel/140/
33aef2a.45 3e9ef2d0 e2508c s ???????? 01b /feel/150/
33aef3a.3b 3e9ef2d0 e2508c s ???????? 013 /feel/160/
33aef4a.3d 3e9ef2d0 e2508c s ???????? 015 /feel/170/
33aef5a.3e 3e9ef2d0 e2508c s ???????? 01a /feel/180/
33aef6a.40 3e9ef2d0 e2508c s ???????? 014 /feel/190/
33aef6b.41 42f94217 043937 h ???????? 002 /wiki/MonikaHuber
33aef7a.3a 3e9ef2d0 e2508c s ???????? 015 /feel/1a0/
33aef8a.3a 3e9ef2d0 e2508c s ???????? 014 /feel/1b0/
33aef9a.3c 3e9ef2d0 e2508c s ???????? 01a /feel/1c0/
33aefaa.3e 3e9ef2d0 e2508c s ???????? 013 /feel/1d0/
33aefba.3c 3e9ef2d0 e2508c s ???????? 013 /feel/1e0/
33aefca.3d 3e9ef2d0 e2508c s ???????? 01a /feel/1f0/
33aefda.3c 3e9ef2d0 e2508c s ???????? 002 /feel/200/
33aefea.49 3e9ef2d0 e2508c s ???????? 003 /feel/210/
33aeffa.43 3e9ef2d0 e2508c s ???????? 002 /feel/220/
33af00a.42 3e9ef2d0 e2508c s ???????? 001 /feel/230/
33af01a.3e 3e9ef2d0 e2508c s ???????? 002 /feel/240/
33af02a.3e 3e9ef2d0 e2508c s ???????? 001 /feel/250/
33af03a.40 3e9ef2d0 e2508c s ???????? 002 /feel/260/
33af04a.3d 3e9ef2d0 e2508c s ???????? 001 /feel/270/
33af05a.44 3e9ef2d0 e2508c s ???????? 002 /feel/280/
33af06a.40 3e9ef2d0 e2508c s ???????? 002 /feel/290/
33af07a.60 3e9ef2d0 e2508c s ???????? 001 /alive/2a0/
33af07a.6b 3e9ef2d0 e2508c s ???????? 002 /feel/2a0/
33af08a.43 3e9ef2d0 e2508c s ???????? 002 /feel/2b0/
33af09a.49 3e9ef2d0 e2508c s ???????? 002 /feel/2c0/
33af0aa.42 3e9ef2d0 e2508c s ???????? 003 /feel/2d0/
33af0ba.3f 3e9ef2d0 e2508c s ???????? 002 /feel/2e0/
33af0ca.42 3e9ef2d0 e2508c s ???????? 001 /feel/2f0/
33af0da.3f 3e9ef2d0 e2508c s ???????? 001 /feel/300/
33af0ea.40 3e9ef2d0 e2508c s ???????? 001 /feel/310/
33af0fa.40 3e9ef2d0 e2508c s ???????? 002 /feel/320/
33af106.e5 42f94216 622963 h ???????? 003 /wiki/ComPress
33af10a.3e 3e9ef2d0 e2508c s ???????? 002 /feel/330/
33af11a.46 3e9ef2d0 e2508c s ???????? 002 /feel/340/
33af12a.44 3e9ef2d0 e2508c s ???????? 002 /feel/350/
33af13a.46 3e9ef2d0 e2508c s ???????? 002 /feel/360/
33af14a.45 3e9ef2d0 e2508c s ???????? 002 /feel/370/
33af15a.40 3e9ef2d0 e2508c s ???????? 001 /feel/380/
33af16a.40 3e9ef2d0 e2508c s ???????? 002 /feel/390/
33af17a.47 3e9ef2d0 e2508c s ???????? 003 /feel/3a0/
33af18a.4b 3e9ef2d0 e2508c s ???????? 002 /feel/3b0/
33af19a.41 3e9ef2d0 e2508c s ???????? 001 /feel/3c0/
33af19f.a6 42f94217 043937 h ???????? 004 /wiki/StadtLandau
33af1aa.41 3e9ef2d0 e2508c s ???????? 002 /feel/3d0/
33af1ba.4d 3e9ef2d0 e2508c s ???????? 002 /feel/3e0/
33af1ca.44 3e9ef2d0 e2508c s ???????? 008 /feel/3f0/
33af1da.49 3e9ef2d0 e2508c s ???????? 008 /feel/400/
33af1ea.4a 3e9ef2d0 e2508c s ???????? 002 /feel/410/
33af1fa.44 3e9ef2d0 e2508c s ???????? 002 /feel/420/
33af20a.41 3e9ef2d0 e2508c s ???????? 002 /feel/430/
33af21a.42 3e9ef2d0 e2508c s ???????? 003 /feel/440/
33af22a.42 3e9ef2d0 e2508c s ???????? 002 /feel/450/
33af23a.43 3e9ef2d0 e2508c s ???????? 002 /feel/460/
33af24a.46 3e9ef2d0 e2508c s ???????? 002 /feel/470/
33af25a.55 3e9ef2d0 e2508c s ???????? 003 /feel/480/
33af26a.6a 3e9ef2d0 e2508c s ???????? 009 /alive/490/
33af26a.76 3e9ef2d0 e2508c s ???????? 002 /feel/490/
33af27a.46 3e9ef2d0 e2508c s ???????? 002 /feel/4a0/
33af28a.48 3e9ef2d0 e2508c s ???????? 001 /feel/4b0/
33af29a.46 3e9ef2d0 e2508c s ???????? 003 /feel/4c0/
33af2aa.46 3e9ef2d0 e2508c s ???????? 002 /feel/4d0/
33af2ba.46 3e9ef2d0 e2508c s ???????? 001 /feel/4e0/
33af2ca.4d 3e9ef2d0 e2508c s ???????? 002 /feel/4f0/
33af2da.4a 3e9ef2d0 e2508c s ???????? 002 /feel/500/
33af2ea.4f 3e9ef2d0 e2508c s ???????? 002 /feel/510/
33af2fa.48 3e9ef2d0 e2508c s ???????? 002 /feel/520/
33af30a.5a 3e9ef2d0 e2508c s ???????? 006 /alive/530/
33af30a.6e 3e9ef2d0 e2508c s ???????? 002 /feel/530/
33af31a.4b 3e9ef2d0 e2508c s ???????? 002 /feel/540/
33af32a.46 3e9ef2d0 e2508c s ???????? 002 /feel/550/
33af33a.48 3e9ef2d0 e2508c s ???????? 002 /feel/560/
33af34a.48 3e9ef2d0 e2508c s ???????? 002 /feel/570/
33af35a.4e 3e9ef2d0 e2508c s ???????? 002 /feel/580/
33af36a.50 3e9ef2d0 e2508c s ???????? 002 /feel/590/
33af37a.49 3e9ef2d0 e2508c s ???????? 003 /feel/5a0/
33af38a.56 3e9ef2d0 e2508c s ???????? 002 /feel/5b0/
33af39a.4c 3e9ef2d0 e2508c s ???????? 002 /feel/5c0/
33af3aa.50 3e9ef2d0 e2508c s ???????? 002 /feel/5d0/
33af3ba.49 3e9ef2d0 e2508c s ???????? 002 /feel/5e0/
33af3ca.49 3e9ef2d0 e2508c s ???????? 002 /feel/5f0/
33af3d2.ef 42f94218 043937 h ???????? 003 /wiki/TeslaMotors
33af3da.4c 3e9ef2d0 e2508c s ???????? 002 /feel/600/
33af3ea.4f 3e9ef2d0 e2508c s ???????? 003 /feel/610/
33af3fa.55 3e9ef2d0 e2508c s ???????? 002 /feel/620/
33af40a.57 3e9ef2d0 e2508c s ???????? 003 /feel/630/
33af41a.48 3e9ef2d0 e2508c s ???????? 00a /feel/640/
33af42a.4c 3e9ef2d0 e2508c s ???????? 00a /feel/650/
33af43a.4f 3e9ef2d0 e2508c s ???????? 002 /feel/660/
33af44a.49 3e9ef2d0 e2508c s ???????? 002 /feel/670/
33af45a.44 3e9ef2d0 e2508c s ???????? 001 /feel/680/
33af46a.44 3e9ef2d0 e2508c s ???????? 002 /feel/690/
33af47a.47 3e9ef2d0 e2508c s ???????? 002 /feel/6a0/
33af48a.45 3e9ef2d0 e2508c s ???????? 001 /feel/6b0/
33af49a.43 3e9ef2d0 e2508c s ???????? 001 /feel/6c0/
33af4aa.42 3e9ef2d0 e2508c s ???????? 001 /feel/6d0/
33af4ba.45 3e9ef2d0 e2508c s ???????? 001 /feel/6e0/
33af4ca.43 3e9ef2d0 e2508c s ???????? 002 /feel/6f0/
33af4da.42 3e9ef2d0 e2508c s ???????? 001 /feel/700/
33af4ea.44 3e9ef2d0 e2508c s ???????? 001 /feel/710/
33af4fa.42 3e9ef2d0 e2508c s ???????? 001 /feel/720/
33af50a.45 3e9ef2d0 e2508c s ???????? 001 /feel/730/
33af51a.43 3e9ef2d0 e2508c s ???????? 002 /feel/740/
33af52a.4a 3e9ef2d0 e2508c s ???????? 001 /feel/750/
33af53a.49 3e9ef2d0 e2508c s ???????? 002 /feel/760/
33af54a.54 3e9ef2d0 e2508c s ???????? 00d /alive/770/
33af54a.6d 3e9ef2d0 e2508c s ???????? 001 /feel/770/
33af55a.51 3e9ef2d0 e2508c s ???????? 001 /feel/780/
33af56a.4a 3e9ef2d0 e2508c s ???????? 002 /feel/790/
33af57a.52 3e9ef2d0 e2508c s ???????? 001 /alive/7a0/
33af57a.64 3e9ef2d0 e2508c s ???????? 002 /feel/7a0/
33af58a.43 3e9ef2d0 e2508c s ???????? 002 /feel/7b0/
33af59a.47 3e9ef2d0 e2508c s ???????? 001 /feel/7c0/
33af5aa.46 3e9ef2d0 e2508c s ???????? 001 /feel/7d0/
33af5ba.45 3e9ef2d0 e2508c s ???????? 002 /feel/7e0/
33af5ca.48 3e9ef2d0 e2508c s ???????? 002 /feel/7f0/
33af5da.4a 3e9ef2d0 e2508c s ???????? 001 /feel/800/
33af5ea.4b 3e9ef2d0 e2508c s ???????? 001 /feel/810/
33af5fa.50 3e9ef2d0 e2508c s ???????? 001 /feel/820/
33af607.c0 42f94216 043937 h ???????? 002 /wiki/WorldCensus
33af60a.47 3e9ef2d0 e2508c s ???????? 001 /feel/830/
33af61a.49 3e9ef2d0 e2508c s ???????? 001 /feel/840/
33af62a.46 3e9ef2d0 e2508c s ???????? 002 /feel/850/
33af63a.46 3e9ef2d0 e2508c s ???????? 001 /feel/860/
33af64a.4d 3e9ef2d0 e2508c s ???????? 001 /feel/870/
33af65a.52 3e9ef2d0 e2508c s ???????? 001 /feel/880/
33af66a.4b 3e9ef2d0 e2508c s ???????? 002 /feel/890/
33af66d.4c c0bb643a 9c5581 h ???????? 01a /
33af66d.89 c0bb643a 9c5581 h ???????? 01e /
33af66d.aa c0bb643a 3a5a31 h ???????? 001 /wp-content/uploads/51217766.php
33af66d.f7 c0bb643a 3a5a31 h ???????? 00f /wp-content/uploads/51217766.php
33af66e.0d c0bb643a 9c5581 h ???????? 013 /
33af66e.68 c0bb643a 9c5581 h ???????? 032 /
33af66e.7e c0bb643a 3a5a31 h ???????? 001 /wp-content/uploads/51217766.php
33af66e.dd c0bb643a 3a5a31 h ???????? 001 /wp-content/uploads/51217766.php
33af66e.eb c0bb643a 9c5581 h ???????? 001 /uploadify/uploadify.php
33af66f.3e c0bb643a 9c5581 h ???????? 002 /uploadify/uploadify.php
33af66f.51 c0bb643a 3a5a31 h ???????? 002 /894613256498.php
33af66f.99 c0bb643a 3a5a31 h ???????? 001 /894613256498.php
33af66f.b3 c0bb643a 9c5581 h ???????? 002 /uploadify/uploadify.php
33af66f.f1 c0bb643a 9c5581 h ???????? 001 /uploadify/uploadify.php
33af670.14 c0bb643a 3a5a31 h ???????? 002 /894613256498.php
33af670.4d c0bb643a 3a5a31 h ???????? 002 /894613256498.php
33af670.75 c0bb643a 9c5581 h ???????? 001 /wp-admin/admin-ajax.php
33af670.b4 c0bb643a 9c5581 h ???????? 002 /wp-admin/admin-ajax.php
33af670.d7 c0bb643a 3a5a31 h ???????? 007 /wp-content/plugins/revslider/temp/update_extract/57758779.php
33af671.13 c0bb643a 3a5a31 h ???????? 002 /wp-content/plugins/revslider/temp/update_extract/57758779.php
33af671.38 c0bb643a 9c5581 h ???????? 002 /wp-admin/admin-ajax.php
33af671.76 c0bb643a 9c5581 h ???????? 002 /wp-admin/admin-ajax.php
33af671.9e c0bb643a 3a5a31 h ???????? 001 /wp-content/plugins/revslider/temp/update_extract/57758779.php
33af671.d5 c0bb643a 3a5a31 h ???????? 002 /wp-content/plugins/revslider/temp/update_extract/57758779.php
33af672.00 c0bb643a 9c5581 h ???????? 002 /license.php
33af672.36 c0bb643a 9c5581 h ???????? 001 /license.php
33af672.61 c0bb643a 3a5a31 h ???????? 001 /07545460.php
33af672.9c c0bb643a 3a5a31 h ???????? 002 /07545460.php
33af672.c1 c0bb643a 9c5581 h ???????? 002 /license.php
33af672.fd c0bb643a 9c5581 h ???????? 001 /license.php
33af673.21 c0bb643a 3a5a31 h ???????? 002 /07545460.php
33af673.59 c0bb643a 3a5a31 h ???????? 002 /07545460.php
33af67a.4a 3e9ef2d0 e2508c s ???????? 002 /feel/8a0/
33af68a.4f 3e9ef2d0 e2508c s ???????? 002 /feel/8b0/
33af69a.56 3e9ef2d0 e2508c s ???????? 002 /feel/8c0/
33af6aa.4e 3e9ef2d0 e2508c s ???????? 003 /feel/8d0/
33af6ba.4d 3e9ef2d0 e2508c s ???????? 002 /feel/8e0/
33af6ca.55 3e9ef2d0 e2508c s ???????? 001 /alive/8f0/
33af6ca.6a 3e9ef2d0 e2508c s ???????? 002 /feel/8f0/
33af6da.5b 3e9ef2d0 e2508c s ???????? 003 /feel/900/
33af6ea.4b 3e9ef2d0 e2508c s ???????? 002 /feel/910/
33af6fa.57 3e9ef2d0 e2508c s ???????? 002 /feel/920/
33af70a.54 3e9ef2d0 e2508c s ???????? 008 /feel/930/
33af71a.53 3e9ef2d0 e2508c s ???????? 001 /feel/940/
33af72a.4f 3e9ef2d0 e2508c s ???????? 002 /feel/950/
33af73a.4c 3e9ef2d0 e2508c s ???????? 002 /feel/960/
33af74a.52 3e9ef2d0 e2508c s ???????? 001 /feel/970/
33af75a.4b 3e9ef2d0 e2508c s ???????? 002 /feel/980/
33af76a.54 3e9ef2d0 e2508c s ???????? 002 /feel/990/
33af77a.51 3e9ef2d0 e2508c s ???????? 003 /feel/9a0/
33af78a.54 3e9ef2d0 e2508c s ???????? 002 /feel/9b0/
33af79a.54 3e9ef2d0 e2508c s ???????? 002 /feel/9c0/
33af7aa.54 3e9ef2d0 e2508c s ???????? 002 /feel/9d0/
33af7ba.54 3e9ef2d0 e2508c s ???????? 002 /feel/9e0/
33af7ca.55 3e9ef2d0 e2508c s ???????? 002 /feel/9f0/
33af7da.50 3e9ef2d0 e2508c s ???????? 002 /feel/a00/
33af7ea.51 3e9ef2d0 e2508c s ???????? 002 /feel/a10/
33af7fa.4f 3e9ef2d0 e2508c s ???????? 002 /feel/a20/
33af80a.62 3e9ef2d0 e2508c s ???????? 002 /feel/a30/
33af81a.52 3e9ef2d0 e2508c s ???????? 002 /feel/a40/
33af82a.59 3e9ef2d0 e2508c s ???????? 002 /feel/a50/
33af83a.56 3e9ef2d0 e2508c s ???????? 002 /feel/a60/
33af83f.c9 42f94216 043937 h ???????? 003 /wiki/PartnerWahl
33af84a.5c 3e9ef2d0 e2508c s ???????? 002 /feel/a70/
33af85a.56 3e9ef2d0 e2508c s ???????? 003 /feel/a80/
33af86a.5e 3e9ef2d0 e2508c s ???????? 002 /feel/a90/
33af87a.53 3e9ef2d0 e2508c s ???????? 002 /feel/aa0/
33af88a.56 3e9ef2d0 e2508c s ???????? 002 /feel/ab0/
33af89a.56 3e9ef2d0 e2508c s ???????? 002 /feel/ac0/
33af8aa.53 3e9ef2d0 e2508c s ???????? 002 /feel/ad0/
33af8ba.61 3e9ef2d0 e2508c s ???????? 002 /feel/ae0/
33af8ca.5e 3e9ef2d0 e2508c s ???????? 003 /feel/af0/
33af8da.57 3e9ef2d0 e2508c s ???????? 002 /feel/b00/
33af8ea.6c 3e9ef2d0 e2508c s ???????? 00a /alive/b10/
33af8ea.7d 3e9ef2d0 e2508c s ???????? 002 /feel/b10/
33af8fa.59 3e9ef2d0 e2508c s ???????? 002 /feel/b20/
33af90a.55 3e9ef2d0 e2508c s ???????? 002 /feel/b30/
33af91a.5a 3e9ef2d0 e2508c s ???????? 002 /feel/b40/
33af92a.5d 3e9ef2d0 e2508c s ???????? 002 /feel/b50/
33af93a.57 3e9ef2d0 e2508c s ???????? 002 /feel/b60/
33af94a.91 3e9ef2d0 e2508c s ???????? 001 /feel/b70/
33af95a.4d 3e9ef2d0 e2508c s ???????? 004 /feel/b80/
33af96a.4e 3e9ef2d0 e2508c s ???????? 005 /feel/b90/
33af97a.4e 3e9ef2d0 e2508c s ???????? 002 /feel/ba0/
33af98a.4b 3e9ef2d0 e2508c s ???????? 002 /feel/bb0/
33af99a.4c 3e9ef2d0 e2508c s ???????? 002 /feel/bc0/
33af9aa.4c 3e9ef2d0 e2508c s ???????? 001 /feel/bd0/
33af9ba.50 3e9ef2d0 e2508c s ???????? 002 /feel/be0/
33af9ca.56 3e9ef2d0 e2508c s ???????? 001 /feel/bf0/
33af9da.4b 3e9ef2d0 e2508c s ???????? 002 /feel/c00/
33af9e9.4d 3e9ef2d0 e2508c s ???????? 001 /feel/c10/
33af9f9.4c 3e9ef2d0 e2508c s ???????? 002 /feel/c20/
33afa09.54 3e9ef2d0 e2508c s ???????? 002 /feel/c30/
33afa19.71 3e9ef2d0 e2508c s ???????? 006 /alive/c40/
33afa19.7e 3e9ef2d0 e2508c s ???????? 002 /feel/c40/
33afa29.59 3e9ef2d0 e2508c s ???????? 002 /feel/c50/
33afa39.51 3e9ef2d0 e2508c s ???????? 001 /feel/c60/
33afa45.02 42f94217 622963 h ???????? 002 /wiki/SchubLade
33afa49.51 3e9ef2d0 e2508c s ???????? 001 /feel/c70/
33afa59.5a 3e9ef2d0 e2508c s ???????? 001 /feel/c80/
33afa67.68 42f94217 043937 h ???????? 002 /wiki/DoItProject
33afa69.4e 3e9ef2d0 e2508c s ???????? 002 /feel/c90/
33afa79.4e 3e9ef2d0 e2508c s ???????? 001 /feel/ca0/
33afa7a.3f 42f94218 043937 h ???????? 002 /wiki/EcEf
33afa89.52 3e9ef2d0 e2508c s ???????? 002 /feel/cb0/
33afa99.52 3e9ef2d0 e2508c s ???????? 001 /feel/cc0/
33afaa9.54 3e9ef2d0 e2508c s ???????? 002 /feel/cd0/
33afab9.57 3e9ef2d0 e2508c s ???????? 001 /feel/ce0/
33afac9.55 3e9ef2d0 e2508c s ???????? 001 /feel/cf0/
33afad9.62 3e9ef2d0 e2508c s ???????? 002 /feel/d00/
33afae9.52 3e9ef2d0 e2508c s ???????? 001 /feel/d10/
33afaf9.50 3e9ef2d0 e2508c s ???????? 001 /feel/d20/
33afb09.6e 3e9ef2d0 e2508c s ???????? 001 /alive/d30/
33afb09.7a 3e9ef2d0 e2508c s ???????? 002 /feel/d30/
33afb19.57 3e9ef2d0 e2508c s ???????? 002 /feel/d40/
33afb29.5f 3e9ef2d0 e2508c s ???????? 015 /alive/d50/
33afb29.74 3e9ef2d0 e2508c s ???????? 002 /feel/d50/
33afb39.52 3e9ef2d0 e2508c s ???????? 001 /feel/d60/
33afb49.56 3e9ef2d0 e2508c s ???????? 002 /feel/d70/
33afb59.55 3e9ef2d0 e2508c s ???????? 001 /feel/d80/
33afb69.5a 3e9ef2d0 e2508c s ???????? 002 /feel/d90/
33afb79.55 3e9ef2d0 e2508c s ???????? 002 /feel/da0/
33afb89.51 3e9ef2d0 e2508c s ???????? 006 /feel/db0/
33afb99.52 3e9ef2d0 e2508c s ???????? 007 /feel/dc0/
33afba9.53 3e9ef2d0 e2508c s ???????? 001 /feel/dd0/
33afbb9.56 3e9ef2d0 e2508c s ???????? 001 /feel/de0/
33afbc9.63 3e9ef2d0 e2508c s ???????? 002 /feel/df0/
33afbd9.54 3e9ef2d0 e2508c s ???????? 002 /feel/e00/
33afbe9.59 3e9ef2d0 e2508c s ???????? 002 /feel/e10/
33afbf9.5a 3e9ef2d0 e2508c s ???????? 002 /feel/e20/
33afc09.68 3e9ef2d0 e2508c s ???????? 003 /feel/e30/
33afc19.59 3e9ef2d0 e2508c s ???????? 001 /feel/e40/
33afc29.59 3e9ef2d0 e2508c s ???????? 002 /feel/e50/
33afc39.54 3e9ef2d0 e2508c s ???????? 002 /feel/e60/
33afc49.57 3e9ef2d0 e2508c s ???????? 002 /feel/e70/
33afc59.55 3e9ef2d0 e2508c s ???????? 001 /feel/e80/
33afc69.5b 3e9ef2d0 e2508c s ???????? 002 /alive/e90/
33afc69.7d 3e9ef2d0 e2508c s ???????? 001 /feel/e90/
33afc79.5c 3e9ef2d0 e2508c s ???????? 002 /feel/ea0/
33afc89.50 42f94217 043937 h ???????? 009 /wiki/TrendTag
33afc89.63 3e9ef2d0 e2508c s ???????? 001 /feel/eb0/
33afc99.5a 3e9ef2d0 e2508c s ???????? 001 /feel/ec0/
33afca9.5d 3e9ef2d0 e2508c s ???????? 002 /feel/ed0/
33afcb5.d6 33ff4121 433e9c h ???????? 003 /wiki/SoerenRogoll
33afcb9.84 3e9ef2d0 e2508c s ???????? 001 /feel/ee0/
33afcc9.58 3e9ef2d0 e2508c s ???????? 002 /feel/ef0/
33afcd9.63 3e9ef2d0 e2508c s ???????? 002 /alive/f00/
33afcd9.79 3e9ef2d0 e2508c s ???????? 002 /feel/f00/
33afce9.5b 3e9ef2d0 e2508c s ???????? 002 /feel/f10/
33afcf9.5a 3e9ef2d0 e2508c s ???????? 002 /feel/f20/
33afd09.5a 3e9ef2d0 e2508c s ???????? 002 /feel/f30/
33afd19.59 3e9ef2d0 e2508c s ???????? 002 /alive/f40/
33afd19.79 3e9ef2d0 e2508c s ???????? 002 /feel/f40/
33afd29.58 3e9ef2d0 e2508c s ???????? 002 /feel/f50/
33afd39.72 3e9ef2d0 e2508c s ???????? 001 /alive/f60/
33afd39.80 3e9ef2d0 e2508c s ???????? 001 /feel/f60/
33afd49.5d 3e9ef2d0 e2508c s ???????? 002 /feel/f70/
33afd59.5c 3e9ef2d0 e2508c s ???????? 002 /feel/f80/
33afd69.5d 3e9ef2d0 e2508c s ???????? 002 /feel/f90/
33afd79.5c 3e9ef2d0 e2508c s ???????? 002 /feel/fa0/
33afd89.5c 3e9ef2d0 e2508c s ???????? 002 /feel/fb0/
33afd99.5a 3e9ef2d0 e2508c s ???????? 002 /feel/fc0/
33afda9.5b 3e9ef2d0 e2508c s ???????? 002 /feel/fd0/
33afdb9.59 3e9ef2d0 e2508c s ???????? 002 /feel/fe0/
33afdc9.59 3e9ef2d0 e2508c s ???????? 002 /feel/ff0/
33afdd9.5a 3e9ef2d0 e2508c s ???????? 01e /feel/1000/
33afde9.5f 3e9ef2d0 e2508c s ???????? 018 /feel/1010/
33afdf9.63 3e9ef2d0 e2508c s ???????? 018 /feel/1020/
33afe09.60 3e9ef2d0 e2508c s ???????? 021 /feel/1030/
33afe19.5e 3e9ef2d0 e2508c s ???????? 017 /feel/1040/
33afe29.5c 3e9ef2d0 e2508c s ???????? 019 /feel/1050/
33afe39.62 3e9ef2d0 e2508c s ???????? 01a /feel/1060/
33afe49.5b 3e9ef2d0 e2508c s ???????? 01e /feel/1070/
33afe59.5f 3e9ef2d0 e2508c s ???????? 017 /feel/1080/
33afe69.63 3e9ef2d0 e2508c s ???????? 017 /feel/1090/
33afe79.65 3e9ef2d0 e2508c s ???????? 017 /feel/10a0/
33afe89.5f 3e9ef2d0 e2508c s ???????? 021 /feel/10b0/
33afe92.f5 42f94217 043937 h ???????? 004 /wiki/WorldSenate
33afe99.61 3e9ef2d0 e2508c s ???????? 019 /feel/10c0/
33afea9.76 3e9ef2d0 e2508c s ???????? 039 /alive/10d0/
33afea9.8e 3e9ef2d0 e2508c s ???????? 01b /feel/10d0/
33afeb9.5e 3e9ef2d0 e2508c s ???????? 021 /feel/10e0/
33afec9.61 3e9ef2d0 e2508c s ???????? 01b /feel/10f0/
33afed9.63 3e9ef2d0 e2508c s ???????? 01b /feel/1100/
33afee9.64 3e9ef2d0 e2508c s ???????? 01f /feel/1110/
33afef9.68 3e9ef2d0 e2508c s ???????? 021 /feel/1120/
33aff09.67 3e9ef2d0 e2508c s ???????? 017 /feel/1130/
33aff19.63 3e9ef2d0 e2508c s ???????? 019 /feel/1140/
33aff29.5f 3e9ef2d0 e2508c s ???????? 01f /feel/1150/
33aff39.5e 3e9ef2d0 e2508c s ???????? 018 /feel/1160/
33aff49.5f 3e9ef2d0 e2508c s ???????? 019 /feel/1170/
