34e000f.24 42f94048 043937 h ???????? 003 /wiki/MartinBreunig
34e0058.80 33ff4123 433e9c h ???????? 002 /edit/25536001
34e0092.36 a484a14a 433e9c h ???????? 002 /edit/21636002
34e00ba.08 42f9404a 622963 h ???????? 003 /wiki/UpDa
34e00fc.58 42f94050 043937 s ???????? 002 /edit/65335004
34e00fd.0b 42f94048 043937 h ???????? 003 /wiki/FlorianMatthes
34e02c7.db 42f94052 043937 s ???????? 003 /edit/61575007
34e03c5.e4 42f94bc8 043937 h ???????? 008 /wiki/InterTrommelNet
34e03c5.e5 42f94046 043937 h ???????? 006 /wiki/InterTrommelNet
34e03d4.0d 44b4e73e aec21f h ???????? 002 /robots.txt
34e03ed.64 42f94046 043937 h ???????? 004 /wiki/FrederickPBrooksJr
34e0400.cc 42f94048 043937 h ???????? 003 /wiki/ChristianeFloyd
34e0493.11 42f94046 043937 h ???????? 003 /wiki/WolkeNeun
34e0520.bc 42f95987 70a047 h ???????? 003 //rss.rdf
34e05c7.37 42f94bca 043937 h ???????? 003 /wiki/PeekPoke
34e060e.e3 d9b68436 433e9c h ???????? 002 /edit/26926003
34e0661.65 42f94050 043937 s ???????? 002 /edit/64545006
34e083b.72 42f94052 043937 s ???????? 002 /edit/37405004
34e0862.d5 42f94048 043937 h ???????? 003 /wiki/WerkZeug
34e08b3.a5 42f94046 622963 h ???????? 004 /wiki/RobOt
34e09e2.1b 42f9404a 043937 h ???????? 004 /wiki/LuGang
34e09f8.99 42f94052 043937 s ???????? 002 /edit/40025004
34e0a57.9d 44b4e422 aec21f h ???????? 002 //robots.txt
34e0a74.e7 44b4e73e aec21f h ???????? 004 /wiki/CreateYourself
34e0bba.c3 42f94046 043937 h ???????? 005 /wiki/HasHugged
34e0d70.64 42f9404a 043937 h ???????? 004 /wiki/CafeWorld
34e0e40.f7 42f94048 043937 h ???????? 004 /wiki/YiWang
34e0e4a.42 42f94046 043937 h ???????? 003 /wiki/VolksEigenerBetrieb
34e0e4c.93 42f94046 043937 h ???????? 004 /wiki/WorkFlow
34e0f60.5a 42f9404a 043937 h ???????? 004 /wiki/TerraMind
34e102b.9b 42f9404a 622963 h ???????? 004 /wiki/UrJure
34e102d.72 284da706 6a88e8 h ???????? 01d /
34e1088.30 42f94046 043937 h ???????? 004 /wiki/KabiNett
34e10ec.b6 42f94046 043937 h ???????? 004 /wiki/WeiPan
34e10fb.3b 42f94048 043937 h ???????? 004 /wiki/NingGu
34e118c.9f 42f94048 043937 h ???????? 004 /wiki/MindMove
34e11b3.44 42f94050 043937 s ???????? 002 /edit/62915001
34e1220.66 42f94048 043937 h ???????? 004 /wiki/YunBei
34e1355.ff 42f94048 043937 h ???????? 005 /wiki/TaoQin
34e142d.71 42f94050 043937 s ???????? 003 /edit/53375002
34e1432.1c 42f94046 043937 h ???????? 003 /wiki/HuiWan
34e1459.60 42f94046 043937 h ???????? 004 /wiki/JunYan
34e1529.09 42f9404a 043937 h ???????? 004 /wiki/JingMei
34e15ea.60 cf2e0d5c 6a88e8 h ???????? 028 /
34e15f1.b8 42f94046 043937 h ???????? 003 /wiki/MinFeng
34e1633.6a 42f9404a 043937 h ???????? 004 /wiki/MindTar
34e1665.fb 42f94046 043937 h ???????? 004 /wiki/FaceBook
34e169c.70 42f9404a 043937 h ???????? 004 /wiki/HotelGame
34e173b.e3 42f94046 043937 h ???????? 005 /wiki/LiangXu
34e1743.d8 42f94046 043937 h ???????? 004 /wiki/YuRuLin
34e1896.54 42f94046 043937 h ???????? 004 /wiki/ZhouWei
34e18e4.b7 42f94046 622963 h ???????? 004 /wiki/SqLite
34e1904.6f 42f94052 043937 s ???????? 003 /edit/33975001
34e1a78.52 42f9404a 043937 h ???????? 004 /wiki/NingLiu
34e1a7e.fb 42f94048 043937 h ???????? 004 /wiki/SueMoon
34e1b5b.d5 42f9404a 043937 h ???????? 004 /wiki/LiyunRu
34e1b7c.d9 42f94050 043937 s ???????? 003 /edit/34545002
34e1c23.cd 42f94046 043937 h ???????? 005 /wiki/ChaoCai
34e1cec.2c 42f94046 043937 h ???????? 005 /wiki/LesCarr
34e1ced.c4 42f94048 043937 h ???????? 005 /wiki/ZhangLi
34e1d66.c8 b44c0f12 a04d28 h ???????? 026 /
34e1de1.c5 42f9404a 043937 h ???????? 005 /wiki/JederMann
34e1e04.d2 42f94048 043937 h ???????? 005 /wiki/UdoHahn
34e2017.75 42f94050 043937 s ???????? 00b /edit/61585005
34e2038.10 a484a15a 433e9c h ???????? 002 /edit/30946002
34e2114.09 42f9404a 622963 h ???????? 005 /wiki/DelIfy
34e2176.1a 46d304e5 a7ab92 h ???????? 003 /BlockTime
34e2176.a8 46d304e5 a7ab92 h ???????? 003 /favicon.ico
34e2239.3f 42f94050 043937 s ???????? 002 /edit/59785006
34e2297.2e 42f94048 043937 h ???????? 004 /wiki/KiUnCho
34e2297.f5 42f9598b 70a047 h ???????? 003 //rss.rdf
34e2299.b7 42f9404a 043937 h ???????? 004 /wiki/ZhongSu
34e23f8.f9 42f94046 043937 h ???????? 005 /wiki/YaZhang
34e2444.97 42f94046 043937 h ???????? 005 /wiki/ConTainer
34e24a1.8e 33ff4141 433e9c h ???????? 004 /edit/27466001
34e24df.ae b29abdc9 cf9818 h ???????? 003 /robots.txt
34e24df.db 5f6cd5c9 cf9818 h ???????? 002 /robots.txt
34e24e3.92 b29abdc9 cf9818 h ???????? 004 /wiki/EulerNumber
34e24e3.c2 5f6cd5c9 cf9818 h ???????? 005 /wiki/LeiderVerhindert
34e24eb.83 42f9404a 043937 h ???????? 004 /wiki/ShaYang
34e25d2.10 42f94046 043937 h ???????? 006 /wiki/ChaoLiu
34e2646.50 42f94046 043937 h ???????? 005 /wiki/DenkSport
34e26c2.ad 42f9404a 043937 h ???????? 005 /wiki/JiaoTao
34e26f1.f4 42f94046 043937 h ???????? 004 /wiki/LeiTang
34e2856.07 42f94048 043937 h ???????? 002 /wiki/RongJin
34e286a.2f 42f94054 043937 s ???????? 001 /edit/48825002
34e2955.45 42f9404a 043937 h ???????? 002 /wiki/WeiWang
34e2971.d3 42f94048 622963 h ???????? 001 /wiki/ZuFall
34e2a3b.17 42f9404a 043937 h ???????? 003 /wiki/JieTang
34e2a4e.fa 42f9404a 043937 h ???????? 002 /wiki/DogFood
34e2aa1.48 42f94046 043937 h ???????? 002 /wiki/FirstName
34e2b0e.f3 42f94050 043937 s ???????? 002 /wiki/AnneWillSingularity
34e2b1b.61 42f94046 043937 h ???????? 006 /wiki/MingMao
34e2c0e.f1 42f94046 043937 h ???????? 003 /wiki/LianShi
34e2c45.91 a484a10c 433e9c h ???????? 002 /wiki/PartOf
34e2cba.34 42f94050 043937 s ???????? 001 /edit/57975007
34e2d11.0b 42f9404a 043937 h ???????? 003 /wiki/HanYuLi
34e2eae.f0 42f94050 043937 s ???????? 002 /wiki/...
34e2f26.bd 42f9404a 043937 h ???????? 002 /wiki/DanFeng
34e3043.25 a484a104 433e9c h ???????? 002 /edit/25606001
34e308e.00 42f9404a 043937 h ???????? 004 /wiki/YuanNiu
34e308e.0c 42f9404a 043937 h ???????? 001 /robots.txt
34e30ac.ef 42f94050 043937 s ???????? 001 /edit/61575006
34e31a2.32 42f94046 043937 h ???????? 003 /wiki/GuanLuo
34e31b6.be 42f94046 622963 h ???????? 002 /wiki/PreView
34e31c9.24 42f94048 043937 h ???????? 002 /wiki/DanShen
34e31d8.be 42f94048 043937 h ???????? 001 /Edit.jsp
34e32ad.25 42f94054 043937 s ???????? 001 /edit/41085001
34e32cf.df 42f9404a 043937 h ???????? 003 /wiki/JianPei
34e34a0.fc 42f94048 043937 h ???????? 003 /wiki/IanHolt
34e34a3.0d 42f94054 043937 s ???????? 002 /edit/43685001
34e34aa.3a 42f94046 043937 h ???????? 002 /wiki/EdChang
34e35b7.37 42f94046 043937 h ???????? 003 /wiki/AlanDix
34e3687.af 42f9404a 043937 h ???????? 003 /wiki/HaDoPi
34e371d.85 42f94048 043937 h ???????? 003 /wiki/CanWang
34e3797.99 44b4e73e aec21f h ???????? 002 /robots.txt
34e3798.30 44b4e73e aec21f h ???????? 003 /wiki/MindPost
34e3822.7d 3cbf264d 24f5f0 s ???????? 014 /
34e382d.cd 42f94046 043937 h ???????? 003 /wiki/LeiChen
34e3838.50 42f94048 043937 h ???????? 002 /wiki/DongLiu
34e387c.04 42f9404a 043937 h ???????? 002 /wiki/ExPost
34e392e.4f 42f9404a 043937 h ???????? 002 /wiki/LikeLiu
34e3979.3e 42f9404a 622963 h ???????? 003 /wiki/BaseLog
34e3a4b.8c 42f9404a 043937 h ???????? 003 /wiki/XingXie
34e3a6b.09 42f94048 043937 h ???????? 002 /wiki/NooFest
34e3b1d.cb 42f9404a 043937 h ???????? 003 /wiki/JeffPan
34e3c58.f6 42f94050 043937 s ???????? 007 /edit/53665001
34e3d6c.17 5b794fb4 e3b0c4 h ???????? 001 /robots.txt
34e3d6e.3b 5b794fb4 2d2838 h ???????? 016 /
34e3d8b.c9 42f9404a 043937 h ???????? 003 /wiki/XiangLi
34e3e50.fb 42f94052 043937 s ???????? 002 /edit/65035007
34e3e70.58 42f94046 043937 h ???????? 002 /wiki/YuanShi
34e3f6e.0f 42f95d26 3e1e22 h ???????? 015 /
34e3f6e.43 42f95d26 3e1e22 h ???????? 001 /favicon.ico
34e3f6e.7c 42f94048 043937 h ???????? 002 /wiki/RyanLee
34e3f8f.39 3ed6bf41 98c450 s ???????? 001 /favicon.ico
34e3f8f.78 3ed6bf41 98c450 h ???????? 002 /favicon.ico
34e3f98.6e 3ed6bf41 98c450 h ???????? 001 /feel/4
34e3ffb.ac b44c0f86 a04d28 h ???????? 002 /wiki/FrauenVersteher
34e4049.72 42f94050 043937 s ???????? 002 /edit/39555003
34e4054.04 42f94046 043937 h ???????? 003 /wiki/RuiFeng
34e41b1.17 42f9404a 622963 h ???????? 003 /wiki/IAsTHzAB
34e4241.28 42f94050 043937 s ???????? 002 /edit/68185011
34e428e.4e 42f94048 043937 h ???????? 003 /wiki/YuanRen
34e42b6.db 42f94048 043937 h ???????? 002 /wiki/JunZhao
34e4377.c2 3ed6bf41 98c450 s ???????? 021 /
34e437b.ff 3ed6bf41 98c450 s ???????? 001 /feel/4
34e4380.19 3ed6bf41 98c450 s ???????? 003 /alive/8
34e4380.23 3ed6bf41 98c450 s ???????? 002 /feel/8
34e4388.02 3ed6bf41 98c450 s ???????? 01e /feel/10
34e4398.00 3ed6bf41 98c450 s ???????? 001 /feel/20
34e43a8.33 3ed6bf41 98c450 s ???????? 002 /feel/30
34e43b5.dd 3ed6bf41 98c450 s ???????? 016 /
34e43ba.1a 3ed6bf41 98c450 s ???????? 001 /feel/4
34e43f6.dd 42f94046 043937 h ???????? 003 /wiki/BinBZhu
34e4434.1d 42f94048 043937 h ???????? 003 /wiki/KarlsRuhe
34e44d5.c8 42f94048 043937 h ???????? 003 /wiki/WeiyiGe
34e44fd.d2 42f95987 70a047 h ???????? 001 //rss.rdf
34e45af.6b 42f9404a 043937 h ???????? 003 /wiki/HengLuo
34e45fd.9f 42f9404a 043937 h ???????? 004 /wiki/MindShift
34e465c.78 253b3780 e3b0c4 h ???????? 002 /robots.txt
34e465e.9d 253b3780 0fa94d h ???????? 01d /
34e46a7.4b 42f9404a 043937 h ???????? 003 /wiki/YuZheng
34e46ad.a4 42f94048 043937 h ???????? 003 /wiki/FengCao
34e4798.d6 42f94046 043937 h ???????? 003 /wiki/DanRoth
34e47ac.f8 42f94050 043937 s ???????? 002 /edit/64125009
34e47ec.45 3ed6bf41 98c450 s ???????? 001 /feel/4
34e47f0.2c 3ed6bf41 98c450 s ???????? 002 /feel/8
34e4858.8f 3ed6bf41 98c450 s ???????? 00d /alive/4
34e4858.9e 3ed6bf41 98c450 s ???????? 002 /feel/4
34e485c.86 3ed6bf41 98c450 s ???????? 002 /feel/8
34e4864.84 3ed6bf41 98c450 s ???????? 017 /feel/10
34e4945.07 42f94052 043937 s ???????? 002 /edit/42205003
34e498a.ad 42f94046 622963 h ???????? 003 /wiki/ProGress
34e4a20.ee 42f9404a 043937 h ???????? 009 /wiki/DongXin
34e4a2b.80 42f94046 043937 h ???????? 003 /wiki/LiZhang
34e4ae1.eb 42f94054 043937 s ???????? 002 /edit/40915001
34e4b03.f2 9750276e 433e9c h ???????? 002 //robots.txt
34e4b1d.52 42f94046 043937 h ???????? 004 /wiki/BoJiang
34e4b24.dc 25bb382f e3b0c4 h ???????? 001 /robots.txt
34e4b27.01 25bb382f 87f8b1 h ???????? 01a /
34e4c0d.4a 42f94048 043937 h ???????? 004 /wiki/ChenLin
34e4c65.b2 42f94054 043937 s ???????? 003 /edit/47125011
34e4d07.c6 42f9404a 043937 h ???????? 003 /wiki/HanyuLi
34e4de1.68 42f94050 043937 s ???????? 002 /edit/43755001
34e4e04.a9 42f94048 043937 h ???????? 003 /wiki/JinPeng
34e4f65.44 42f94054 043937 s ???????? 002 /edit/58555003
34e501d.e5 d9b68433 433e9c h ???????? 003 /edit/31086001
34e503e.dc 42f94048 043937 h ???????? 004 /wiki/JunShen
34e50c3.3e 42f94050 043937 s ???????? 002 /edit/40875001
34e516f.64 42f9404a 622963 h ???????? 003 /wiki/FaceBook
34e51a5.e4 42f9404a 043937 h ???????? 003 /wiki/JieZhang
34e51aa.06 42f94046 043937 h ???????? 003 /wiki/JayChen
34e5212.1a 42f9404a 043937 h ???????? 009 /wiki/UnTil1989
34e52b3.c8 42f94046 043937 h ???????? 004 /wiki/ChunChen
34e5361.de 42f94048 043937 h ???????? 003 /wiki/MindSex
34e5396.1d 42f9404a 043937 h ???????? 003 /wiki/TimDwyer
34e53f6.f5 33ff477a 433e9c h ???????? 003 /edit/27326002
34e54ac.2b 42f9404a 043937 h ???????? 004 /wiki/PostBank
34e5552.dc 42f94046 043937 h ???????? 004 /wiki/NadavHar
34e555a.37 42f94046 043937 h ???????? 004 /wiki/PengWang
34e55ed.f7 42f9404a 043937 h ???????? 003 /wiki/BizStone
34e5678.87 42f94046 043937 h ???????? 003 /wiki/JoseIria
34e5767.79 42f94048 043937 h ???????? 004 /wiki/UnTil2011
34e5837.e0 42f94048 043937 h ???????? 003 /wiki/LingFeng
34e5853.06 42f94046 043937 h ???????? 003 /wiki/ErnieOng
34e58a7.ce 42f94046 622963 h ???????? 004 /wiki/WirkLich
34e58a8.61 42f94048 043937 h ???????? 003 /wiki/AisThesis
34e58ea.68 9d37272f 6a88e8 s ???????? 002 /robots.txt
34e58ef.34 9d37277a 6a88e8 s ???????? 02a /
34e58f8.3d 42f9404a 043937 h ???????? 005 /wiki/MingDong
34e59ad.58 42f94046 043937 h ???????? 003 /wiki/JiguiSun
34e59ea.11 42f94046 043937 h ???????? 004 /wiki/VoiceBase
34e5b17.04 42f94052 043937 s ???????? 003 /edit/37945001
34e5bcb.62 42f9404a 043937 h ???????? 004 /wiki/LionelNi
34e5c34.34 42f94048 043937 h ???????? 004 /wiki/StockHolm
34e5c94.1e 42f94048 043937 h ???????? 004 /wiki/JeMinKim
34e5d30.e5 97501b74 433e9c h ???????? 002 /edit/30376002
34e5d45.87 42f9404a 043937 h ???????? 004 /wiki/ZiyuGuan
34e5d4f.fe 42f94046 043937 h ???????? 00b /wiki/JiAeShin
34e5d52.1d 42f94048 043937 h ???????? 003 /wiki/MindTrust
34e5e2d.b9 42f94048 043937 h ???????? 003 /wiki/IanFette
34e5e75.ca 42f94052 043937 s ???????? 002 /edit/35655002
34e5f50.2d 42f94046 043937 h ???????? 004 /wiki/SamsonTu
34e5f57.60 b44c0fa0 a04d28 h ???????? 004 /wiki/MindBunny
34e5f8f.83 42f94048 043937 h ???????? 004 /wiki/WendyHall
34e5fa6.d1 42f94046 622963 h ???????? 003 /wiki/BullShit
34e606e.76 42f94048 043937 h ???????? 004 /wiki/XuanZhou
34e608a.82 42f94046 043937 h ???????? 005 /wiki/JiajunBu
34e60a8.d4 42f9404a 043937 h ???????? 003 /wiki/AppEngine
34e6138.57 33ff4106 433e9c h ???????? 004 /wiki/PlanetEarth
34e619b.a3 42f94046 043937 h ???????? 004 /wiki/YidaWang
34e61bc.09 42f94052 043937 s ???????? 002 /edit/31835001
34e61d2.3a 42f95987 70a047 h ???????? 002 //rss.rdf
34e61da.d9 a484a150 433e9c h ???????? 003 /wiki/MiniMaria
34e62ac.de 44b4e4a5 aec21f s ???????? 002 /robots.txt
34e62ce.02 42f94046 043937 h ???????? 004 /wiki/TomHeath
34e62d2.90 42f94050 043937 s ???????? 00e /edit/63425001
34e62d2.96 42f94052 043937 s ???????? 002 /robots.txt
34e63df.d8 42f94052 043937 s ???????? 002 /edit/53835033
34e64a1.4f 42f9404a 043937 h ???????? 004 /wiki/InSuKang
34e64e9.a9 42f94050 043937 s ???????? 003 /edit/39855005
34e6573.88 42f94048 043937 h ???????? 004 /wiki/LukeChen
34e6577.aa 42f94048 043937 h ???????? 004 /wiki/YingDing
34e65fc.de 42f94054 043937 s ???????? 002 /edit/34335002
34e6609.7a 42f9404a 043937 h ???????? 004 /wiki/NoNa
34e6651.c1 42f94046 043937 h ???????? 004 /wiki/TimFinin
34e6683.92 42f94048 622963 h ???????? 004 /wiki/ElbeFlut
34e66c2.bb 42f94046 043937 h ???????? 003 /wiki/ProCess
34e671f.46 42f94046 043937 h ???????? 004 /wiki/BanKiMoon
34e674e.03 42f94046 043937 h ???????? 004 /wiki/EinNahme
34e6788.75 42f94048 043937 h ???????? 004 /wiki/QiudanLi
34e6843.91 42f94048 043937 h ???????? 005 /wiki/AdJective
34e68a8.3e 42f9404a 043937 h ???????? 004 /wiki/GlenHart
34e68aa.41 42f9404a 043937 h ???????? 004 /wiki/GuangQiu
34e693e.be 34d1aace 907632 h ???????? 01c /
34e695e.31 42f94054 043937 s ???????? 002 /edit/63325005
34e69e7.84 42f94046 043937 h ???????? 004 /wiki/UlfLeser
34e6a3b.92 33ff477d 433e9c h ???????? 003 /edit/24596001
34e6a7c.00 42f94052 043937 s ???????? 002 /edit/30565002
34e6afc.27 9d37271c 6a88e8 h ???????? 002 /robots.txt
34e6b00.90 9d372709 6a88e8 h ???????? 004 /wiki/MarianneEhrmann
34e6b9a.11 42f94046 043937 h ???????? 004 /wiki/BitPoint
34e6c2f.b1 42f94048 043937 h ???????? 004 /wiki/WenZhang
34e6c41.f4 42f94048 043937 h ???????? 004 /wiki/ChongSun
34e6cb2.54 42f94046 043937 h ???????? 004 /wiki/MindRole
34e6d0b.b3 42f94046 622963 h ???????? 004 /wiki/FreeRisk
34e6dab.1d 42f9404a 043937 h ???????? 004 /wiki/NooPoBot
34e6e2c.3e 42f94046 043937 h ???????? 005 /wiki/KyleBuza
34e6eb3.9a 42f9404a 043937 h ???????? 005 /wiki/EspritNo
34e6eb5.60 284da74d 6a88e8 h ???????? 02f /
34e6f37.fe 42f94048 043937 h ???????? 005 /wiki/LisaFong
34e7032.5a 42f9404a 043937 h ???????? 002 /wiki/TomMinka
34e7034.95 42f94048 043937 h ???????? 002 /wiki/LuisPolo
34e7057.57 42f94046 043937 h ???????? 002 /wiki/EwigKeit
34e7124.d6 42f94046 043937 h ???????? 002 /wiki/PummoRyu
34e712a.e2 33ff415e 433e9c h ???????? 001 /wiki/EtAi
34e7167.02 42f94054 043937 s ???????? 001 /edit/41565001
34e7205.e5 42f9404a 043937 h ???????? 002 /wiki/JeffKorn
34e724d.79 42f94048 043937 h ???????? 001 /wiki/KenWilber
34e732d.fc 42f94048 043937 h ???????? 003 /wiki/DuoZhang
34e7340.06 42f94050 043937 s ???????? 001 /edit/32745001
34e7345.8f 42f94046 043937 h ???????? 002 /wiki/YanboHan
34e7385.20 42f94048 622963 h ???????? 002 /wiki/EierNass
34e7445.ac 42f94046 043937 h ???????? 002 /wiki/DublinCore
34e7482.f2 42f9404a 043937 h ???????? 002 /wiki/JinilKim
34e7547.d0 42f94048 043937 h ???????? 002 /wiki/NanoSpinat
34e764a.f1 42f94048 043937 h ???????? 003 /wiki/HorstBunke
34e7685.f6 3ffa1902 7c2005 h ???????? 019 /
34e76fa.60 42f9404a 043937 h ???????? 002 /wiki/SuXiaoLu
34e775c.64 42f94046 043937 h ???????? 002 /wiki/HirnForsch
34e77dd.7d 42f94048 043937 h ???????? 003 /wiki/PyungKim
34e77e4.e0 42f94046 043937 h ???????? 001 /wiki/XudongTu
34e77fb.0c 79ca8e8a 573285 h ???????? 001 /mysql/admin/
34e77fb.a7 79ca8e8a 573285 h ???????? 001 /mysql/admin/
34e77fd.32 79ca8e8a 573285 h ???????? 001 /mysql/dbadmin/
34e77fe.22 79ca8e8a 573285 h ???????? 001 /mysql/dbadmin/
34e77ff.91 79ca8e8a 573285 h ???????? 001 /mysql/sqlmanager/
34e7800.26 79ca8e8a 573285 h ???????? 002 /mysql/sqlmanager/
34e7801.7a 79ca8e8a 573285 h ???????? 001 /mysql/mysqlmanager/
34e7802.0f 79ca8e8a 573285 h ???????? 001 /mysql/mysqlmanager/
34e7803.6c 79ca8e8a 573285 h ???????? 001 /phpmyadmin/
34e7804.23 79ca8e8a 573285 h ???????? 001 /phpmyadmin/
34e7806.2c 79ca8e8a 573285 h ???????? 001 /phpMyadmin/
34e7806.f0 79ca8e8a 573285 h ???????? 001 /phpMyadmin/
34e7808.32 79ca8e8a 573285 h ???????? 001 /phpMyAdmin/
34e7808.b3 79ca8e8a 573285 h ???????? 002 /phpMyAdmin/
34e7809.d1 79ca8e8a 573285 h ???????? 001 /phpmyAdmin/
34e780a.a5 79ca8e8a 573285 h ???????? 001 /phpmyAdmin/
34e780b.e0 79ca8e8a 573285 h ???????? 001 /phpmyadmin2/
34e780c.83 79ca8e8a 573285 h ???????? 002 /phpmyadmin2/
34e780d.ee 79ca8e8a 573285 h ???????? 006 /phpmyadmin3/
34e780e.a0 79ca8e8a 573285 h ???????? 002 /phpmyadmin3/
34e7810.10 79ca8e8a 573285 h ???????? 001 /phpmyadmin4/
34e7810.d6 79ca8e8a 573285 h ???????? 001 /phpmyadmin4/
34e7812.49 79ca8e8a 573285 h ???????? 001 /2phpmyadmin/
34e7813.10 79ca8e8a 573285 h ???????? 001 /2phpmyadmin/
34e7814.bd 79ca8e8a 573285 h ???????? 002 /phpmy/
34e7815.6d 79ca8e8a 573285 h ???????? 007 /phpmy/
34e7816.73 79ca8e8a 573285 h ???????? 002 /phppma/
34e7817.3c 79ca8e8a 573285 h ???????? 002 /phppma/
34e7818.c4 79ca8e8a 573285 h ???????? 002 /myadmin/
34e7819.dd 79ca8e8a 573285 h ???????? 002 /myadmin/
34e781b.58 a4843451 eb026b s ???????? 002 /bcHead
34e781b.27 79ca8e8a 573285 h ???????? 0c2 /shopdb/
34e781c.10 a4843451 eb026b s ???????? 002 /bcHead
34e781b.ec 79ca8e8a 573285 h ???????? 08e /shopdb/
34e781d.fe 79ca8e8a 573285 h ???????? 001 /MyAdmin/
34e781e.e4 79ca8e8a 573285 h ???????? 001 /MyAdmin/
34e7821.4b 79ca8e8a 573285 h ???????? 001 /program/
34e7822.8b 79ca8e8a 573285 h ???????? 002 /program/
34e7824.4a 79ca8e8a 573285 h ???????? 001 /PMA/
34e7824.c2 79ca8e8a 573285 h ???????? 001 /PMA/
34e7825.ba 79ca8e8a 573285 h ???????? 001 /dbadmin/
34e7826.4f 79ca8e8a 573285 h ???????? 001 /dbadmin/
34e7827.6b 79ca8e8a 573285 h ???????? 001 /pma/
34e7827.e8 79ca8e8a 573285 h ???????? 001 /pma/
34e7829.0b 79ca8e8a 573285 h ???????? 002 /db/
34e7829.f0 79ca8e8a 573285 h ???????? 001 /db/
34e782b.0d 79ca8e8a 573285 h ???????? 001 /admin/
34e782b.b8 79ca8e8a 573285 h ???????? 002 /admin/
34e782d.df 79ca8e8a 573285 h ???????? 002 /mysql/
34e782e.58 79ca8e8a 573285 h ???????? 002 /mysql/
34e7830.70 79ca8e8a 573285 h ???????? 002 /database/
34e7830.ff 79ca8e8a 573285 h ???????? 002 /database/
34e7832.fc 79ca8e8a 573285 h ???????? 002 /db/phpmyadmin/
34e7834.60 79ca8e8a 573285 h ???????? 002 /db/phpmyadmin/
34e7836.da 79ca8e8a 573285 h ???????? 001 /db/phpMyAdmin/
34e7837.f5 79ca8e8a 573285 h ???????? 001 /db/phpMyAdmin/
34e7839.88 79ca8e8a 573285 h ???????? 001 /sqlmanager/
34e783a.a4 79ca8e8a 573285 h ???????? 002 /sqlmanager/
34e783c.ab 79ca8e8a 573285 h ???????? 002 /mysqlmanager/
34e783d.b8 79ca8e8a 573285 h ???????? 002 /mysqlmanager/
34e7840.00 79ca8e8a 573285 h ???????? 001 /php-myadmin/
34e7841.3d 79ca8e8a 573285 h ???????? 002 /php-myadmin/
34e7843.80 79ca8e8a 573285 h ???????? 002 /phpmy-admin/
34e7844.89 79ca8e8a 573285 h ???????? 002 /phpmy-admin/
34e7846.24 79ca8e8a 573285 h ???????? 001 /mysqladmin/
34e7847.2c 79ca8e8a 573285 h ???????? 002 /mysqladmin/
34e7849.62 79ca8e8a 573285 h ???????? 002 /mysql-admin/
34e784a.71 79ca8e8a 573285 h ???????? 002 /mysql-admin/
34e784c.34 79ca8e8a 573285 h ???????? 001 /admin/phpmyadmin/
34e784c.a7 79ca8e8a 573285 h ???????? 001 /admin/phpmyadmin/
34e784e.ce 79ca8e8a 573285 h ???????? 001 /admin/phpMyAdmin/
34e784f.e2 79ca8e8a 573285 h ???????? 001 /admin/phpMyAdmin/
34e7851.1f 79ca8e8a 573285 h ???????? 008 /admin/sysadmin/
34e7851.c2 79ca8e8a 573285 h ???????? 002 /admin/sysadmin/
34e7853.3d 79ca8e8a 573285 h ???????? 002 /admin/sqladmin/
34e7853.f8 79ca8e8a 573285 h ???????? 002 /admin/sqladmin/
34e7856.34 79ca8e8a 573285 h ???????? 001 /admin/db/
34e7857.5c 79ca8e8a 573285 h ???????? 001 /admin/db/
34e7858.e0 79ca8e8a 573285 h ???????? 002 /admin/web/
34e785a.40 79ca8e8a 573285 h ???????? 002 /admin/web/
34e785c.3e 79ca8e8a 573285 h ???????? 002 /admin/pMA/
34e785d.39 79ca8e8a 573285 h ???????? 001 /admin/pMA/
34e785e.ba 79ca8e8a 573285 h ???????? 002 /mysql/pma/
34e785f.a0 79ca8e8a 573285 h ???????? 001 /mysql/pma/
34e7861.cb 79ca8e8a 573285 h ???????? 002 /mysql/db/
34e7862.9f 79ca8e8a 573285 h ???????? 002 /mysql/db/
34e7865.6a 79ca8e8a 573285 h ???????? 002 /mysql/web/
34e7868.b5 79ca8e8a 573285 h ???????? 002 /mysql/web/
34e786a.75 79ca8e8a 573285 h ???????? 002 /mysql/pMA/
34e786b.a2 79ca8e8a 573285 h ???????? 002 /mysql/pMA/
34e786e.4f 79ca8e8a 573285 h ???????? 002 /sql/phpmanager/
34e786f.4e 79ca8e8a 573285 h ???????? 003 /sql/phpmanager/
34e7871.a3 79ca8e8a 573285 h ???????? 002 /sql/php-myadmin/
34e7872.f1 79ca8e8a 573285 h ???????? 003 /sql/php-myadmin/
34e7875.6f 79ca8e8a 573285 h ???????? 002 /sql/phpmy-admin/
34e7876.1a 79ca8e8a 573285 h ???????? 002 /sql/phpmy-admin/
34e7877.cc 79ca8e8a 573285 h ???????? 002 /sql/sql/
34e7879.35 79ca8e8a 573285 h ???????? 002 /sql/sql/
34e787b.1d 79ca8e8a 573285 h ???????? 002 /sql/myadmin/
34e787c.6c 79ca8e8a 573285 h ???????? 002 /sql/myadmin/
34e7880.05 79ca8e8a 573285 h ???????? 002 /sql/webadmin/
34e7884.fd 79ca8e8a 573285 h ???????? 002 /sql/webadmin/
34e7887.92 79ca8e8a 573285 h ???????? 002 /sql/sqlweb/
34e7888.d4 79ca8e8a 573285 h ???????? 002 /sql/sqlweb/
34e788b.38 79ca8e8a 573285 h ???????? 001 /sql/websql/
34e788c.99 42f94046 043937 h ???????? 004 /wiki/MacroMedia
34e7893.84 79ca8e8a 573285 h ???????? 002 /sql/websql/
34e78a3.3d 79ca8e8a 573285 h ???????? 002 /sql/webdb/
34e78a4.aa 79ca8e8a 573285 h ???????? 002 /sql/webdb/
34e78a6.de 79ca8e8a 573285 h ???????? 001 /sql/sqladmin/
34e78a8.3a 79ca8e8a 573285 h ???????? 002 /sql/sqladmin/
34e78ab.2a 42f94046 043937 h ???????? 009 /wiki/SinanSen
34e78ab.3c 79ca8e8a 573285 h ???????? 002 /sql/sql-admin/
34e78ac.94 79ca8e8a 573285 h ???????? 002 /sql/sql-admin/
34e78ae.e9 79ca8e8a 573285 h ???????? 003 /sql/phpmyadmin2/
34e78b3.50 79ca8e8a 573285 h ???????? 002 /sql/phpmyadmin2/
34e78b5.28 79ca8e8a 573285 h ???????? 002 /sql/phpMyAdmin2/
34e78b5.e2 79ca8e8a 573285 h ???????? 002 /sql/phpMyAdmin2/
34e78b7.73 79ca8e8a 573285 h ???????? 002 /sql/phpMyAdmin/
34e78b8.a0 79ca8e8a 573285 h ???????? 003 /sql/phpMyAdmin/
34e78bb.3b 79ca8e8a 573285 h ???????? 002 /db/myadmin/
34e78bc.26 79ca8e8a 573285 h ???????? 002 /db/myadmin/
34e78bd.47 79ca8e8a 573285 h ???????? 002 /db/webadmin/
34e78be.40 79ca8e8a 573285 h ???????? 003 /db/webadmin/
34e78c0.36 79ca8e8a 573285 h ???????? 002 /db/dbweb/
34e78c0.bd 79ca8e8a 573285 h ???????? 002 /db/dbweb/
34e78c2.7e 79ca8e8a 573285 h ???????? 002 /db/websql/
34e78c5.41 79ca8e8a 573285 h ???????? 002 /db/websql/
34e78c6.b4 79ca8e8a 573285 h ???????? 002 /db/webdb/
34e78c7.6a 79ca8e8a 573285 h ???????? 003 /db/webdb/
34e78cc.18 79ca8e8a 573285 h ???????? 002 /db/dbadmin/
34e78da.41 79ca8e8a 573285 h ???????? 002 /db/dbadmin/
34e78dc.76 79ca8e8a 573285 h ???????? 002 /db/db-admin/
34e78df.2f 79ca8e8a 573285 h ???????? 002 /db/db-admin/
34e78e1.b3 79ca8e8a 573285 h ???????? 002 /db/phpmyadmin3/
34e78e5.62 79ca8e8a 573285 h ???????? 002 /db/phpmyadmin3/
34e78ed.34 79ca8e8a 573285 h ???????? 003 /db/phpMyAdmin3/
34e78ee.4d 79ca8e8a 573285 h ???????? 002 /db/phpMyAdmin3/
34e78f0.a1 79ca8e8a 573285 h ???????? 002 /db/phpMyAdmin-3/
34e78f1.fe 79ca8e8a 573285 h ???????? 003 /db/phpMyAdmin-3/
34e78f7.72 79ca8e8a 573285 h ???????? 002 /administrator/phpmyadmin/
34e78f8.a4 79ca8e8a 573285 h ???????? 002 /administrator/phpmyadmin/
34e78fa.47 79ca8e8a 573285 h ???????? 002 /administrator/phpMyAdmin/
34e78fb.93 79ca8e8a 573285 h ???????? 009 /administrator/phpMyAdmin/
34e78fe.2a 79ca8e8a 573285 h ???????? 002 /administrator/db/
34e78ff.49 79ca8e8a 573285 h ???????? 002 /administrator/db/
34e7901.83 79ca8e8a 573285 h ???????? 002 /administrator/web/
34e7905.0f 79ca8e8a 573285 h ???????? 002 /administrator/web/
34e790c.b0 79ca8e8a 573285 h ???????? 002 /administrator/pma/
34e790d.d8 79ca8e8a 573285 h ???????? 003 /administrator/pma/
34e7910.71 79ca8e8a 573285 h ???????? 004 /administrator/PMA/
34e7911.cf 79ca8e8a 573285 h ???????? 002 /administrator/PMA/
34e7914.04 79ca8e8a 573285 h ???????? 003 /administrator/admin/
34e7914.e7 79ca8e8a 573285 h ???????? 002 /administrator/admin/
34e7917.12 79ca8e8a 573285 h ???????? 002 /phpMyAdmin2/
34e791a.30 79ca8e8a 573285 h ???????? 002 /phpMyAdmin2/
34e791c.2f 79ca8e8a 573285 h ???????? 002 /phpMyAdmin3/
34e791d.17 79ca8e8a 573285 h ???????? 003 /phpMyAdmin3/
34e791e.f5 79ca8e8a 573285 h ???????? 003 /phpMyAdmin4/
34e791f.d6 79ca8e8a 573285 h ???????? 002 /phpMyAdmin4/
34e7921.e2 79ca8e8a 573285 h ???????? 002 /phpMyAdmin-3/
34e7923.35 79ca8e8a 573285 h ???????? 002 /phpMyAdmin-3/
34e7925.4d 79ca8e8a 573285 h ???????? 003 /php-my-admin/
34e7929.54 79ca8e8a 573285 h ???????? 003 /php-my-admin/
34e792b.b6 79ca8e8a 573285 h ???????? 002 /PMA2011/
34e792c.83 79ca8e8a 573285 h ???????? 002 /PMA2011/
34e792f.21 79ca8e8a 573285 h ???????? 003 /PMA2012/
34e7933.c4 79ca8e8a 573285 h ???????? 003 /PMA2012/
34e7936.1f 79ca8e8a 573285 h ???????? 002 /PMA2013/
34e7937.8a 79ca8e8a 573285 h ???????? 002 /PMA2013/
34e7939.ec 79ca8e8a 573285 h ???????? 002 /PMA2014/
34e793b.2f 79ca8e8a 573285 h ???????? 002 /PMA2014/
34e793c.4b 33ff4771 433e9c h ???????? 003 /edit/27216003
34e793d.4b 79ca8e8a 573285 h ???????? 002 /PMA2015/
34e793e.22 79ca8e8a 573285 h ???????? 002 /PMA2015/
34e7940.3c 79ca8e8a 573285 h ???????? 00b /PMA2016/
34e7941.aa 79ca8e8a 573285 h ???????? 002 /PMA2016/
34e7943.2d 79ca8e8a 573285 h ???????? 003 /PMA2017/
34e7944.28 79ca8e8a 573285 h ???????? 003 /PMA2017/
34e7946.4e 79ca8e8a 573285 h ???????? 002 /PMA2018/
34e7947.b4 79ca8e8a 573285 h ???????? 002 /PMA2018/
34e794a.40 79ca8e8a 573285 h ???????? 002 /pma2011/
34e794b.27 79ca8e8a 573285 h ???????? 002 /pma2011/
34e794d.6e 79ca8e8a 573285 h ???????? 002 /pma2012/
34e794f.ea 79ca8e8a 573285 h ???????? 002 /pma2012/
34e7952.6c 79ca8e8a 573285 h ???????? 002 /pma2013/
34e7953.d5 79ca8e8a 573285 h ???????? 002 /pma2013/
34e7955.c8 79ca8e8a 573285 h ???????? 002 /pma2014/
34e7956.66 79ca8e8a 573285 h ???????? 002 /pma2014/
34e7958.60 79ca8e8a 573285 h ???????? 001 /pma2015/
34e7959.63 79ca8e8a 573285 h ???????? 001 /pma2015/
34e795b.78 42f9404a 043937 h ???????? 007 /wiki/NunoLopes
34e795b.8e 79ca8e8a 573285 h ???????? 002 /pma2016/
34e795c.7d 79ca8e8a 573285 h ???????? 001 /pma2016/
34e795e.83 79ca8e8a 573285 h ???????? 002 /pma2017/
34e795f.7a 79ca8e8a 573285 h ???????? 002 /pma2017/
34e7961.65 79ca8e8a 573285 h ???????? 002 /pma2018/
34e7962.c1 79ca8e8a 573285 h ???????? 002 /pma2018/
34e7966.93 79ca8e8a 573285 h ???????? 002 /phpmyadmin2011/
34e7967.b3 79ca8e8a 573285 h ???????? 002 /phpmyadmin2011/
34e796a.26 79ca8e8a 573285 h ???????? 001 /phpmyadmin2012/
34e796b.3b 79ca8e8a 573285 h ???????? 002 /phpmyadmin2012/
34e796d.ac 79ca8e8a 573285 h ???????? 002 /phpmyadmin2013/
34e796e.83 79ca8e8a 573285 h ???????? 002 /phpmyadmin2013/
34e7970.1e 79ca8e8a 573285 h ???????? 003 /phpmyadmin2014/
34e7971.0c 79ca8e8a 573285 h ???????? 002 /phpmyadmin2014/
34e7973.62 79ca8e8a 573285 h ???????? 002 /phpmyadmin2015/
34e7974.96 79ca8e8a 573285 h ???????? 002 /phpmyadmin2015/
34e7976.a1 79ca8e8a 573285 h ???????? 002 /phpmyadmin2016/
34e7977.de 79ca8e8a 573285 h ???????? 002 /phpmyadmin2016/
34e7979.be 79ca8e8a 573285 h ???????? 002 /phpmyadmin2017/
34e797a.d5 79ca8e8a 573285 h ???????? 002 /phpmyadmin2017/
34e797c.96 79ca8e8a 573285 h ???????? 003 /phpmyadmin2018/
34e797d.b4 79ca8e8a 573285 h ???????? 003 /phpmyadmin2018/
34e797f.5d 79ca8e8a 573285 h ???????? 002 /phpmanager/
34e7980.97 79ca8e8a 573285 h ???????? 002 /phpmanager/
34e7991.a7 42f94048 622963 h ???????? 003 /wiki/ProPortio
34e79f7.03 42f94050 043937 s ???????? 08e /hls
34e7a2b.e0 42f94046 043937 h ???????? 004 /wiki/IanEmmons
34e7a2c.25 42f94046 043937 h ???????? 004 /wiki/ThanhTran
34e7b58.a9 42f9404a 043937 h ???????? 004 /wiki/KangZhang
34e7c08.18 584b3d27 aa645a h ???????? 022 /
34e7c4d.e5 d9b6843f 433e9c h ???????? 002 /edit/31126001
34e7c84.bf 42f94048 043937 h ???????? 003 /wiki/JingZhang
34e7dd7.45 42f94048 043937 h ???????? 004 /wiki/NingZhong
34e7ddb.83 42f94048 043937 h ???????? 003 /wiki/UgurKuter
34e7e5e.3b 42f95987 70a047 h ???????? 003 //rss.rdf
34e7e95.b8 5d9e983e e4b041 h ???????? 002 /robots.txt
34e7e99.a8 5d9e983e e4b041 h ???????? 019 /
34e7ee3.2b 44b4e73e aec21f h ???????? 004 /wiki/WissensArchitektur
34e7f44.64 42f94048 043937 h ???????? 005 /wiki/PeterMika
34e7fe7.d3 258b1ef1 31e34f h ???????? 002 //robots.txt
34e7fe8.14 258b1ef1 31e34f h ???????? 003 /wiki/TonyBates
34e7ff2.40 258b1ef1 31e34f h ???????? 002 /robots.txt
34e7ff2.74 258b1ef1 31e34f h ???????? 01b /
34e804c.d0 42f94048 043937 h ???????? 004 /wiki/SamiBhiri
34e807c.a2 42f94048 043937 h ???????? 004 /wiki/LilBasni
34e813c.a2 42f9404a 043937 h ???????? 004 /wiki/DellZhang
34e813d.9b 42f94048 043937 h ???????? 004 /wiki/IvanFrade
34e827e.01 42f94048 043937 h ???????? 006 /wiki/XiaoZhang
34e82cc.df 258b1ef1 31e34f h ???????? 004 /wiki/CoOrpheum
34e83d3.4d 42f94046 043937 h ???????? 004 /wiki/JihyunLee
34e83eb.0b a3ac4a68 c37fd8 h ???????? 002 /robots.txt
34e83ec.b4 a3ac4a68 c37fd8 h ???????? 004 /wiki/GrandMa
34e83f1.06 a3ac4a68 c37fd8 h ???????? 004 /wiki/GrassiMuseum
34e83f4.6d a3ac4a68 c37fd8 h ???????? 003 /wiki/GregEgan
34e83f8.85 a3ac4a68 c37fd8 h ???????? 004 /wiki/GrupperDer20
34e83fb.f0 a3ac4a68 c37fd8 h ???????? 004 /wiki/GuggenheimAbuDhabi
34e83ff.ab a3ac4a68 c37fd8 h ???????? 004 /wiki/GuineaBissau
34e8403.cd a3ac4a68 c37fd8 h ???????? 003 /wiki/GuineaPig
34e8407.6d a3ac4a68 c37fd8 h ???????? 004 /wiki/GulpDe
34e840b.17 a3ac4a68 c37fd8 h ???????? 003 /wiki/GundulaGause
34e840e.c8 a3ac4a68 c37fd8 h ???????? 004 /wiki/GuySteele
34e8414.04 a3ac4a68 c37fd8 h ???????? 004 /wiki/HPlusMag
34e8417.fb a3ac4a68 c37fd8 h ???????? 004 /wiki/HaDoPi
34e841b.be a3ac4a68 c37fd8 h ???????? 004 /wiki/HaRiBo
34e841f.6d a3ac4a68 c37fd8 h ???????? 004 /wiki/HabboHotel
34e8423.b2 a3ac4a68 c37fd8 h ???????? 004 /wiki/HaesslichstSchuhen
34e8427.39 a3ac4a68 c37fd8 h ???????? 004 /wiki/HagenStanek
34e842b.7f a3ac4a68 c37fd8 h ???????? 003 /wiki/HalfDome
34e842f.fa a3ac4a68 c37fd8 h ???????? 004 /wiki/HalleSaale
34e8433.9b a3ac4a68 c37fd8 h ???????? 004 /wiki/HansBernhardBeus
34e8436.e0 a3ac4a68 c37fd8 h ???????? 004 /wiki/HansGeiger
34e843b.a3 a3ac4a68 c37fd8 h ???????? 004 /wiki/HansHagen
34e8440.b1 a3ac4a68 c37fd8 h ???????? 004 /wiki/HansMarkowitsch
34e8446.46 a3ac4a68 c37fd8 h ???????? 004 /wiki/HansUlrichReusser
34e844a.11 a3ac4a68 c37fd8 h ???????? 004 /wiki/HartmutWedekind
34e844e.3e a3ac4a68 c37fd8 h ???????? 004 /wiki/HechtViertel
34e8452.69 a3ac4a68 c37fd8 h ???????? 004 /wiki/HeikoHilker
34e8456.a2 a3ac4a68 c37fd8 h ???????? 004 /wiki/HeikoIdensen
34e845a.9d a3ac4a68 c37fd8 h ???????? 004 /wiki/HeiligenDamm
34e845e.aa a3ac4a68 c37fd8 h ???????? 004 /wiki/HeinrichWansing
34e8463.44 a3ac4a68 c37fd8 h ???????? 004 /wiki/HelgeThomas
34e8467.6d a3ac4a68 c37fd8 h ???????? 004 /wiki/HelmutBakaitis
34e846b.5e a3ac4a68 c37fd8 h ???????? 004 /wiki/HelmutEschrig
34e8471.3c a3ac4a68 c37fd8 h ???????? 004 /wiki/HelmutHofferVonAnkershoffen
34e8475.99 a3ac4a68 c37fd8 h ???????? 004 /wiki/HelsInki
34e8479.88 a3ac4a68 c37fd8 h ???????? 005 /wiki/HendrikSpeck
34e847d.0e a3ac4a68 c37fd8 h ???????? 004 /wiki/HerbrandUniverse
34e8483.38 a3ac4a68 c37fd8 h ???????? 005 /wiki/HeringsDorf
34e8487.65 a3ac4a68 c37fd8 h ???????? 004 /wiki/HerkulesKeule
34e848b.86 a3ac4a68 c37fd8 h ???????? 004 /wiki/HermannOttoSolms
34e848f.69 a3ac4a68 c37fd8 h ???????? 005 /wiki/HerrnhuterStern
34e8493.8c a3ac4a68 c37fd8 h ???????? 004 /wiki/HillaryClinton
34e8497.c0 a3ac4a68 c37fd8 h ???????? 004 /wiki/HippodromeDeChantilly
34e8499.ea 42f9404a 043937 h ???????? 005 /wiki/SujuRajan
34e84c9.cf b44c0fa3 a04d28 h ???????? 004 /wiki/FutureLab2056
34e8530.90 cf2e0dc6 6a88e8 h ???????? 003 //robots.txt
34e85f9.09 42f9404a 043937 h ???????? 005 /wiki/YuzhongQu
34e85fc.85 42f94048 043937 h ???????? 004 /wiki/ErikWilde
34e879b.d9 42f94046 043937 h ???????? 005 /wiki/NenghaiYu
34e886b.42 8ac56811 b343ab h ???????? 01f /
34e887c.b7 8ac56811 4dcc2e h ???????? 002 /robots.txt
34e8886.35 8ac56811 1175a4 s ???????? 0da /ls
34e8886.55 8ac56811 96abfb s ???????? 0d3 /hls
34e8886.b2 a4843451 eb026b s ???????? 006 /bcHead
34e8886.08 8ac56811 58c083 s ???????? 2a0 /sh
34e8895.4f 42f94048 043937 h ???????? 005 /wiki/YukiArase
34e898b.8d 42f94048 043937 h ???????? 005 /wiki/AyaSoffer
34e89a2.ae 42f94048 043937 h ???????? 00e /wiki/ChengliXu
34e89d7.35 b44c0f86 a04d28 h ???????? 005 /wiki/MaFa
34e8a8a.c0 42f94046 043937 h ???????? 005 /wiki/NickGotts
34e8bb9.50 42f94046 043937 h ???????? 005 /wiki/TonyLinde
34e8ce5.e6 42f9404a 043937 h ???????? 005 /wiki/DeweiChen
34e8cee.b7 42f9404a 043937 h ???????? 005 /wiki/CLeeGiles
34e8e1b.d3 42f94046 043937 h ???????? 002 /wiki/AmitSheth
34e8e50.e8 42f94046 043937 h ???????? 002 /wiki/KaGe
34e8f2a.e4 42f9404a 043937 h ???????? 002 /wiki/ManiFest
34e8f34.91 42f94046 043937 h ???????? 002 /wiki/ChanLeDuc
34e9054.7d 42f94046 043937 h ???????? 002 /wiki/SunirShah
34e9075.7b 42f94048 043937 h ???????? 002 /wiki/WeeKongNg
34e907a.70 42f94048 043937 h ???????? 002 /wiki/ArjunGuha
34e9192.32 42f94046 043937 h ???????? 002 /wiki/UnTil1969
34e91a0.17 42f94046 043937 h ???????? 002 /wiki/AlexStolz
34e923f.c5 42f9404a 043937 h ???????? 002 /wiki/JustDoIt
34e936c.d4 42f94048 043937 h ???????? 002 /wiki/AdamKalai
34e9457.5a 42f9404a 043937 h ???????? 002 /wiki/DeliaRusu
34e946e.e5 42f94046 043937 h ???????? 002 /wiki/RohanSeth
34e9501.09 d9b6843e 433e9c h ???????? 001 /edit/23236001
34e9535.97 42f9404a 043937 h ???????? 002 /wiki/ByronChoi
34e95c5.ed 9d37272f 6a88e8 s ???????? 009 /robots.txt
34e95cc.d4 9d37277a 6a88e8 s ???????? 012 /
34e9619.12 42f9404a 622963 h ???????? 003 /wiki/MaoZedong
34e9625.49 3ed2fbf7 c37fd8 h ???????? 001 /robots.txt
34e962b.2c 3ed2fbf7 c37fd8 h ???????? 002 /wiki/HectorGarciaMolina
34e9658.e5 42f94046 043937 h ???????? 001 /wiki/XueminLin
34e971b.56 33ff4775 433e9c h ???????? 001 /edit/22306001
34e9788.ef 42f9404a 043937 h ???????? 003 /wiki/ChongWang
34e9799.17 42f94048 043937 h ???????? 001 /wiki/PeterTino
34e98ab.38 42f94048 043937 h ???????? 002 /wiki/ZhimingMa
34e999a.53 33ff4776 433e9c h ???????? 002 /wiki/WikiWall
34e9a3f.89 b44c0f15 a04d28 h ???????? 002 /wiki/OpeningLecture
34e9a4a.1f 42f94046 043937 h ???????? 002 /wiki/JanPieper
34e9ac8.88 c4342b3d cf6846 h ???????? 01c /
34e9b22.4b 42f94050 043937 s ???????? 001 /edit/66475010
34e9bb5.cf 42f94046 043937 h ???????? 002 /wiki/JunyiLuan
34e9bba.1b 42f94048 043937 h ???????? 002 /wiki/MarkScarr
34e9bf5.17 33ff4139 433e9c h ???????? 001 /edit/27886003
34e9d82.d3 689ce7fe 6caff8 h ???????? 017 /
34e9e18.f2 42f9598b 70a047 h ???????? 002 //rss.rdf
34e9efd.f1 9d37279e 6a88e8 h ???????? 002 /wiki/DasIchErinnertSich
34e9fa9.42 42f94048 043937 h ???????? 002 /wiki/ZeitenStroemung
34ea09e.17 42f9404a 043937 h ???????? 003 /wiki/ExponentialKurve
34ea189.27 42f9404a 043937 h ???????? 003 /wiki/TechnologischBeschleunigung
34ea192.3b 42f94046 043937 h ???????? 002 /wiki/EspRit
34ea252.1e 44b4e73e aec21f s ???????? 002 /robots.txt
34ea253.1e 44b4e73e aec21f s ???????? 002 /wiki/WhoAreYou
34ea2a5.ce 42f94046 043937 h ???????? 002 /wiki/AufAnJa
34ea35d.53 8677d552 cdfc4d h ???????? 013 /
34ea402.c3 42f94046 043937 h ???????? 003 /wiki/RobHayes
34ea413.53 42f94048 043937 h ???????? 002 /wiki/ThinkTank
34ea591.3a 44b4e422 aec21f h ???????? 002 //robots.txt
34ea59a.fd 44b4e73e aec21f h ???????? 001 /robots.txt
34ea59b.8d 44b4e73e aec21f h ???????? 002 /wiki/LockSchuppenDe
34ea5b3.fc 42f94048 043937 h ???????? 002 /wiki/PrePaid
34ea724.e1 05099385 c37fd8 h ???????? 002 //robots.txt
34ea729.99 05099385 c37fd8 h ???????? 003 //wiki/FutureLab2056
34ea730.0d 05099385 c37fd8 h ???????? 002 /robots.txt
34ea734.30 05099385 c37fd8 h ???????? 002 /wiki/GrandMa
34ea73a.da 05099385 c37fd8 h ???????? 003 /wiki/GrassiMuseum
34ea742.9e 05099385 c37fd8 h ???????? 002 /wiki/GregEgan
34ea749.83 05099385 c37fd8 h ???????? 003 /wiki/GrupperDer20
34ea750.24 05099385 c37fd8 h ???????? 003 /wiki/GuenterDanielRey
34ea786.4b 05099385 c37fd8 h ???????? 003 /wiki/GuentherSchiwy
34ea78e.15 05099385 c37fd8 h ???????? 002 /wiki/GuggenheimAbuDhabi
34ea795.58 05099385 c37fd8 h ???????? 003 /wiki/GuineaBissau
34ea797.cb 42f94046 043937 h ???????? 002 /wiki/GoldOwner
34ea79e.6f 05099385 c37fd8 h ???????? 003 /wiki/GuineaPig
34ea7a5.59 05099385 c37fd8 h ???????? 002 /wiki/GulpDe
34ea7ac.31 05099385 c37fd8 h ???????? 003 /wiki/GundulaGause
34ea7b4.4b 05099385 c37fd8 h ???????? 003 /wiki/GuySteele
34ea7bb.69 05099385 c37fd8 h ???????? 002 /wiki/HPlusMag
34ea7c5.1c 05099385 c37fd8 h ???????? 003 /wiki/HaDoPi
34ea7cb.14 05099385 c37fd8 h ???????? 003 /wiki/HaRiBo
34ea7d1.d5 05099385 c37fd8 h ???????? 002 /wiki/HabboHotel
34ea7d9.61 05099385 c37fd8 h ???????? 003 /wiki/HaesslichstSchuhen
34ea7e0.02 05099385 c37fd8 h ???????? 004 /wiki/HaeufigkeitsKlasse
34ea7e6.8a 05099385 c37fd8 h ???????? 002 /wiki/HagenStanek
34ea7ec.a3 05099385 c37fd8 h ???????? 002 /wiki/HaikoHebig
34ea7ff.17 05099385 c37fd8 h ???????? 003 /wiki/HalfDome
34ea805.1b 05099385 c37fd8 h ???????? 004 /wiki/HalleSaale
34ea80b.68 05099385 c37fd8 h ???????? 003 /wiki/HandInHand
34ea814.55 05099385 c37fd8 h ???????? 003 /wiki/HangarOne
34ea81c.69 05099385 c37fd8 h ???????? 002 /wiki/HansBernhardBeus
34ea823.81 05099385 c37fd8 h ???????? 003 /wiki/HansGaertner
34ea82b.6b 05099385 c37fd8 h ???????? 002 /wiki/HansGeiger
34ea832.ae 05099385 c37fd8 h ???????? 003 /wiki/HansGeorgKemper
34ea83b.01 05099385 c37fd8 h ???????? 005 /wiki/HansHagen
34ea843.08 05099385 c37fd8 h ???????? 003 /wiki/HansMarkowitsch
34ea849.cf 05099385 c37fd8 h ???????? 009 /wiki/HansUlrichReusser
34ea850.da 05099385 c37fd8 h ???????? 002 /wiki/HaroldBoley
34ea857.1b 05099385 c37fd8 h ???????? 003 /wiki/HartmutWedekind
34ea875.d2 05099385 c37fd8 h ???????? 003 /wiki/HechtViertel
34ea877.3e 42f9404a 043937 h ???????? 003 /wiki/MoonOfEarth
34ea8b7.36 05099385 c37fd8 h ???????? 003 /wiki/HectorGarciaMolina
34ea8f6.0e 05099385 c37fd8 h ???????? 003 /wiki/HeikeRibke
34ea931.50 05099385 c37fd8 h ???????? 003 /wiki/HeikoHilker
34ea981.87 05099385 c37fd8 h ???????? 003 /wiki/HeikoIdensen
34ea9c2.b6 05099385 c37fd8 h ???????? 003 /wiki/HeikoSchneefeld
34ea9f7.e6 05099385 c37fd8 h ???????? 003 /wiki/HeikoStoermer
34eaa2c.a3 05099385 c37fd8 h ???????? 003 /wiki/HeiligenDamm
34eaa45.ae 05099385 c37fd8 h ???????? 004 /wiki/HeinrichMayr
34eaa7d.f6 05099385 c37fd8 h ???????? 003 /wiki/HeinrichNiemann
34eaa89.f4 05099385 c37fd8 h ???????? 003 /wiki/HeinrichWansing
34eaab4.49 05099385 c37fd8 h ???????? 003 /wiki/HeinzMartinEsser
34eaae4.a2 05099385 c37fd8 h ???????? 003 /wiki/HelgeThomas
34eab21.95 05099385 c37fd8 h ???????? 003 /wiki/HelmutBakaitis
34eab5c.f4 05099385 c37fd8 h ???????? 003 /wiki/HelmutEschrig
34eab73.0a 42f9404a 043937 h ???????? 003 /wiki/LarrySanger
34eab78.a5 05099385 c37fd8 h ???????? 004 /wiki/HelmutHofferVonAnkershoffen
34eab87.51 05099385 c37fd8 h ???????? 003 /wiki/HelmutSpanner
34eaba6.0b 05099385 c37fd8 h ???????? 003 /wiki/HelsInki
34eabc1.e2 05099385 c37fd8 h ???????? 003 /wiki/HendrikSpeck
34eabd6.13 05099385 c37fd8 h ???????? 008 /wiki/HenriNegresco
34eac09.29 05099385 c37fd8 h ???????? 003 /wiki/HenryRipke
34eac2e.8d 05099385 c37fd8 h ???????? 004 /wiki/HerbrandUniverse
34eac68.25 05099385 c37fd8 h ???????? 003 /wiki/HeringsDorf
34eac76.80 05099385 c37fd8 h ???????? 00a /wiki/HerkulesKeule
34eac9a.db 42f94048 043937 h ???????? 003 /wiki/AugustWilhelmScheer
34eaca4.47 05099385 c37fd8 h ???????? 003 /wiki/HermannOttoSolms
34eacb0.7a 05099385 c37fd8 h ???????? 003 /wiki/HerrnhuterStern
34eacef.c4 05099385 c37fd8 h ???????? 004 /wiki/HighlyCited
34eacff.16 05099385 c37fd8 h ???????? 003 /wiki/HillaryClinton
34ead0a.6a 05099385 c37fd8 h ???????? 004 /wiki/HiltonDresden
34ead31.b4 05099385 c37fd8 h ???????? 003 /wiki/HippodromeDeChantilly
34ead62.e6 05099385 c37fd8 h ???????? 003 /wiki/HippodromeDePau
34eadbf.f3 42f94046 043937 h ???????? 004 /wiki/OliverThomas
34eae48.a1 42f94048 622963 h ???????? 003 /wiki/ConceptNet
34eae9e.df 42f94054 043937 s ???????? 002 /edit/79075001
34eaeb9.be 42f94052 043937 s ???????? 002 /edit/78165001
34eaeba.cc 42f94050 043937 s ???????? 002 /edit/79045006
34eaebf.0b 42f94050 043937 s ???????? 002 /edit/69925001
34eaefa.7b 42f94048 622963 h ???????? 004 /wiki/TimDraper
34eb23f.6f 42f94048 043937 h ???????? 004 /wiki/BeKurz
34eb241.6f 42f9404a 043937 h ???????? 003 /wiki/AdMob
34eb414.eb 42f94046 043937 h ???????? 004 /wiki/NurMobil
34eb475.73 b44c0f8a a04d28 h ???????? 004 /wiki/LockTeam
34eb4ed.91 42f94046 043937 h ???????? 004 /wiki/MustKnow
34eb565.b1 42f94050 043937 s ???????? 002 /edit/48295005
34eb5c5.b2 42f9404a 043937 h ???????? 003 /wiki/GregBear
34eb97b.1a 42f94046 043937 h ???????? 004 /wiki/DartLang
34eba91.db 42f95987 70a047 h ???????? 002 //rss.rdf
34ebc7f.0e 5cde7c02 dc1a18 h ???????? 023 /
34ebc7f.77 5cde7c02 dc1a18 h ???????? 002 //https://floatingboat2013.appspot.com
34ebc7f.d2 5cde7c02 dc1a18 h ???????? 004 //wiki/AlanTuring
34ebc80.2d 5cde7c02 dc1a18 h ???????? 003 //wiki/GottfriedWilhelmLeibniz
34ebc80.89 5cde7c02 dc1a18 h ???????? 002 //https://floatingboat2013.appspot.com/UrPic
34ebc80.e6 5cde7c02 dc1a18 h ???????? 002 //https://floatingboat2013.appspot.com/ad
34ebc81.42 5cde7c02 dc1a18 h ???????? 002 //https://sl4.eu/hls
34ebc81.9f 5cde7c02 dc1a18 h ???????? 002 //https://sl4.eu/ls
34ebc81.fd 5cde7c02 dc1a18 h ???????? 002 //https://sl4.eu/sh
34ebc82.5a 5cde7c02 dc1a18 h ???????? 002 //https://www.youtube.com/watch
34ebc97.0c 42f94046 043937 h ???????? 004 /wiki/LockVar1
34ebe72.65 42f94048 043937 h ???????? 004 /wiki/JonHoehler
34ec323.13 42f9404a 043937 h ???????? 004 /wiki/AndrewMcHenry
34ec39e.e4 42f9404a 043937 h ???????? 004 /wiki/MindMap
34ec3e0.a1 42f9404a 043937 h ???????? 004 /wiki/SQuirreL
34ec42f.00 42f94046 043937 h ???????? 004 /wiki/RohwerKnochen
34ec50a.8b 42f94046 043937 h ???????? 004 /wiki/EOkUth3r
34ec5d6.dc d9b68411 433e9c h ???????? 004 /wiki/EtAl
34ec665.ed 2ee5a463 2e29b5 h ???????? 002 /robots.txt
34ec72f.ed 33ff4108 433e9c h ???????? 01c /
34ec762.3b bc285186 7dfab1 h ???????? 003 //rss.jsp
34ec762.69 bc285186 7dfab1 h ???????? 002 //rss.jsp
34ec775.00 bc285186 7dfab1 h ???????? 002 //rss.jsp
34ec775.2a bc285186 7dfab1 h ???????? 002 //rss.jsp
34ec788.bb 42f94046 043937 h ???????? 004 /wiki/PostReal
34ec929.0e 42f94046 043937 h ???????? 004 /wiki/BildungsBuerger
34ec94c.31 c2bbaa8f ac35e0 h ???????? 002 /robots.txt
34eca08.11 bc285186 7dfab1 h ???????? 003 //rss.jsp
34eca08.48 bc285186 7dfab1 h ???????? 002 //rss.jsp
34eca11.a7 bc285186 7dfab1 h ???????? 002 //rss.jsp
34eca11.d4 bc285186 7dfab1 h ???????? 009 //rss.jsp
34eccb5.a1 bc286647 7dfab1 h ???????? 003 //rss.jsp
34eccb5.d3 bc286647 7dfab1 h ???????? 002 //rss.jsp
34ecf08.fc c2bbaa8f ac35e0 h ???????? 003 //robots.txt
34ecfc8.a6 42f9404a 043937 h ???????? 004 /wiki/RdhHh
34ed09b.24 42f94046 043937 h ???????? 005 /wiki/TriggeredBy
34ed181.ae 42f94046 043937 h ???????? 004 /wiki/LineFeed
34ed1eb.58 d9b6849c 433e9c h ???????? 012 /edit/31156003
34ed28e.ab 42f9404a 043937 h ???????? 004 /wiki/IvanSutherland
34ed6cf.29 42f9404a 043937 h ???????? 004 /wiki/RichardStearns
34ed763.37 42f94046 622963 h ???????? 005 /wiki/OptoPuter
34ed7e5.27 42f9598b 70a047 h ???????? 002 //rss.rdf
34ed7fe.a9 5896e4da e28161 h ???????? 00a //rss.rdf
34ed812.9c 6d6dfe8a 161c85 h ???????? 003 //rss.rdf
34ed8af.4d 5e669632 a95ea1 h ???????? 003 //rss.rdf
34ed8ca.68 42f9404a 043937 h ???????? 004 /wiki/KennethIverson
34ed938.38 42f94050 043937 s ???????? 028 /
34ed944.20 42f94052 043937 s ???????? 01d /feel/10
34ed94b.b6 42f94046 043937 h ???????? 004 /wiki/GeFlecht
34ed9c2.53 5845b206 22aac5 h ???????? 005 /wiki/MarktJagd
34ed9f6.2e 42f9404a 043937 h ???????? 004 /wiki/JurisHartmanis
34edacf.97 a2d2c461 028fc4 h ???????? 003 //robots.txt
34edad6.a8 a2d2c461 028fc4 h ???????? 025 /
34edb54.e0 42f9404a 043937 h ???????? 004 /wiki/UnRead
34edd1d.7c 5d9e983e e4b041 h ???????? 003 /robots.txt
34edd21.5e 5d9e983e e4b041 h ???????? 004 /wiki/SummerOfSixtyNine
34edd91.e6 42f94046 043937 h ???????? 004 /wiki/KristenNygaard
34ede87.72 42f9404a 043937 h ???????? 005 /wiki/RichardHamming
34eded4.ea 42f9526a 002725 h ???????? 003 /favicon.ico
34ee091.da 42f94048 043937 h ???????? 005 /wiki/JiahuiLiu
34ee0e0.a2 32412ec9 05f08b h ???????? 028 /
34ee190.24 42f94046 043937 h ???????? 005 /wiki/EytanAdar
34ee1ac.33 42f94048 043937 h ???????? 005 /wiki/ZoiKaoudi
34ee2f9.56 42f94052 043937 s ???????? 002 /edit/65665001
34ee374.99 42f94052 043937 s ???????? 003 /edit/31925001
34ee3b4.20 42f94050 043937 s ???????? 003 /edit/65655001
34ee3e2.cb 42f94050 043937 s ???????? 003 /edit/41195004
34ee41e.6a 42f94050 043937 s ???????? 003 /edit/34945001
34ee66d.cc 42f94048 043937 h ???????? 004 /wiki/YuMiyoshi
34ee66f.6c 42f94048 043937 h ???????? 004 /wiki/PauloMaio
34ee792.1b 42f94048 043937 h ???????? 005 /wiki/LiliJiang
34ee8b3.b5 42f94048 043937 h ???????? 005 /wiki/HarryChen
34ee996.c4 42f94048 043937 h ???????? 005 /wiki/MarkMusen
34eea68.ba 42f9404a 043937 h ???????? 004 /wiki/LiangdaLi
34eeab4.87 42f94048 043937 h ???????? 005 /wiki/ShuaiDing
34eeb0e.c1 42f94046 043937 h ???????? 004 /wiki/HowWeWork
34eebd7.fb 42f94046 043937 h ???????? 005 /wiki/RobGreen
34eec02.c1 42f94046 043937 h ???????? 006 /wiki/OldWorld
34eec31.06 42f9404a 043937 h ???????? 005 /wiki/HidirAras
34eec44.57 42f94048 043937 h ???????? 005 /wiki/EdelBild
34eed2e.b0 42f9404a 043937 h ???????? 002 /wiki/AlexSimov
34eed3c.28 42f94048 043937 h ???????? 001 /wiki/JohnAbbe
34eed41.e1 42f94046 043937 h ???????? 002 /wiki/RsWipp
34eee0c.34 42f94048 043937 h ???????? 002 /wiki/JohnGekas
34eee11.c4 b9a51d25 fee6c8 h ???????? 001 /wp-login.php
34eee15.cc 42f94048 043937 h ???????? 002 /wiki/KaiEckert
34eef3b.7d 0825e9ac c25027 h ???????? 001 /WikiWall
34eef3c.9d 0825e9ac c25027 h ???????? 001 /favicon.ico
34eefea.2f 42f9404a 043937 h ???????? 002 /wiki/WeimingHu
34ef0e8.a4 42f94046 043937 h ???????? 002 /wiki/DaveKolas
34ef269.0b 42f9404a 043937 h ???????? 003 /wiki/ArunKumar
34ef3e8.e2 42f94048 043937 h ???????? 002 /wiki/GeorgGroh
34ef4d5.ef 42f94048 043937 h ???????? 002 /wiki/YubinDuan
34ef4f4.68 42f94048 043937 h ???????? 002 /wiki/ShilpiRao
34ef5d3.60 42f94048 043937 h ???????? 002 /wiki/KamalJain
34ef5e1.7b 42f94046 622963 h ???????? 002 /wiki/CaryGrant
34ef6b8.fe 42f94006 043937 s ???????? 002 /robots.txt
34ef6b9.2f 42f94006 043937 s ???????? 013 /
34ef737.36 42f95989 70a047 h ???????? 002 //rss.rdf
34ef8cb.41 42f94046 043937 h ???????? 003 /wiki/MiaoXiong
34efa3f.1c 42f94046 043937 h ???????? 002 /wiki/KewenWang
34efaa2.4c 44b4e73e aec21f h ???????? 003 /wiki/ImPressum
34efb91.9b 42f94054 043937 s ???????? 002 /edit/58965005
34efba4.56 42f94048 043937 h ???????? 002 /wiki/MedhaAtre
34efbae.e7 42f94050 043937 s ???????? 001 /edit/36095002
34efbbf.c2 42f94050 043937 s ???????? 001 /edit/42015004
34efc08.34 42f94052 043937 s ???????? 001 /edit/39385002
34efc34.e9 42f94052 043937 s ???????? 001 /edit/36675005
34efc57.fd 42f94052 043937 s ???????? 001 /edit/31865001
34efcd1.a1 42f94052 043937 s ???????? 002 /wiki/StadtJena
34efcd8.de 42f94046 043937 h ???????? 002 /wiki/OscarDiaz
34efdcd.6c a484a114 433e9c h ???????? 001 /edit/8956001
34efe2a.f8 42f94048 043937 h ???????? 002 /wiki/ZhengChen
34efe40.39 42f94046 043937 h ???????? 002 /wiki/AbirQasem
34eff82.4b 42f94046 043937 h ???????? 002 /wiki/ShiyongLu
