3510024.b0 42f94050 622963 s ???????? 002 /edit/61905015
3510041.86 42f94048 043937 h ???????? 007 /wiki/MichaelLey
35100b7.81 42f9404a 043937 h ???????? 002 /wiki/AdrianaKalfic
351035d.d8 42f94048 043937 h ???????? 003 /wiki/MartinMurth
3510397.91 42f94050 043937 s ???????? 001 /edit/32745007
3510399.1b 42f94054 043937 s ???????? 001 /edit/40505001
35103a2.bd 42f94050 043937 s ???????? 001 /edit/42645001
35103cf.53 42f94052 043937 s ???????? 001 /edit/39425001
35103d5.16 42f94050 043937 s ???????? 002 /edit/40305001
3510491.0e 42f9404a 043937 h ???????? 003 /wiki/AlainBarrat
3510491.15 9dc1d618 573285 h ???????? 001 /mysql/admin/
3510491.33 9dc1d618 573285 h ???????? 001 /mysql/admin/
3510491.5a 9dc1d618 573285 h ???????? 001 /mysql/dbadmin/
3510491.77 9dc1d618 573285 h ???????? 001 /mysql/dbadmin/
3510491.99 9dc1d618 573285 h ???????? 002 /mysql/sqlmanager/
3510491.b6 9dc1d618 573285 h ???????? 001 /mysql/sqlmanager/
3510491.d8 9dc1d618 573285 h ???????? 001 /mysql/mysqlmanager/
3510491.f7 9dc1d618 573285 h ???????? 002 /mysql/mysqlmanager/
3510492.19 9dc1d618 573285 h ???????? 002 /phpmyadmin/
3510492.e5 9dc1d618 573285 h ???????? 001 /phpmyadmin/
3510493.17 9dc1d618 573285 h ???????? 009 /phpMyadmin/
3510493.36 9dc1d618 573285 h ???????? 001 /phpMyadmin/
3510493.57 9dc1d618 573285 h ???????? 002 /phpMyAdmin/
3510493.75 9dc1d618 573285 h ???????? 002 /phpMyAdmin/
3510493.98 9dc1d618 573285 h ???????? 001 /phpmyAdmin/
3510493.b6 9dc1d618 573285 h ???????? 001 /phpmyAdmin/
3510493.d9 9dc1d618 573285 h ???????? 001 /phpmyadmin2/
3510493.f7 9dc1d618 573285 h ???????? 001 /phpmyadmin2/
3510494.19 9dc1d618 573285 h ???????? 001 /phpmyadmin3/
3510494.38 9dc1d618 573285 h ???????? 002 /phpmyadmin3/
3510494.5b 9dc1d618 573285 h ???????? 001 /phpmyadmin4/
3510494.7a 9dc1d618 573285 h ???????? 001 /phpmyadmin4/
3510494.9c 9dc1d618 573285 h ???????? 001 /2phpmyadmin/
3510494.bb 9dc1d618 573285 h ???????? 001 /2phpmyadmin/
3510494.dd 9dc1d618 573285 h ???????? 001 /phpmy/
3510494.fb 9dc1d618 573285 h ???????? 001 /phpmy/
3510495.1f 9dc1d618 573285 h ???????? 002 /phppma/
3510495.3d 9dc1d618 573285 h ???????? 006 /phppma/
3510495.62 9dc1d618 573285 h ???????? 001 /myadmin/
3510495.83 9dc1d618 573285 h ???????? 001 /myadmin/
3510495.dd a4843451 eb026b s ???????? 003 /bcHead
3510495.a9 9dc1d618 573285 h ???????? 0d2 /shopdb/
3510496.23 a4843451 eb026b s ???????? 002 /bcHead
3510496.01 9dc1d618 573285 h ???????? 089 /shopdb/
3510496.49 9dc1d618 573285 h ???????? 002 /MyAdmin/
3510496.70 9dc1d618 573285 h ???????? 001 /MyAdmin/
3510496.92 9dc1d618 573285 h ???????? 002 /program/
3510496.b4 9dc1d618 573285 h ???????? 002 /program/
3510496.d9 9dc1d618 573285 h ???????? 001 /PMA/
3510496.fc 9dc1d618 573285 h ???????? 002 /PMA/
3510497.24 9dc1d618 573285 h ???????? 002 /dbadmin/
3510497.4f 9dc1d618 573285 h ???????? 002 /dbadmin/
3510497.74 9dc1d618 573285 h ???????? 002 /pma/
3510497.96 9dc1d618 573285 h ???????? 001 /pma/
3510497.ba 9dc1d618 573285 h ???????? 001 /db/
3510497.db 9dc1d618 573285 h ???????? 002 /db/
3510498.b2 9dc1d618 573285 h ???????? 002 /admin/
3510498.d2 9dc1d618 573285 h ???????? 002 /admin/
3510498.f6 9dc1d618 573285 h ???????? 001 /mysql/
3510499.17 9dc1d618 573285 h ???????? 002 /mysql/
3510499.3b 9dc1d618 573285 h ???????? 001 /database/
3510499.5c 9dc1d618 573285 h ???????? 002 /database/
3510499.87 9dc1d618 573285 h ???????? 002 /db/phpmyadmin/
3510499.aa 9dc1d618 573285 h ???????? 001 /db/phpmyadmin/
3510499.d0 9dc1d618 573285 h ???????? 001 /db/phpMyAdmin/
3510499.f0 9dc1d618 573285 h ???????? 002 /db/phpMyAdmin/
351049a.17 9dc1d618 573285 h ???????? 001 /sqlmanager/
351049a.36 9dc1d618 573285 h ???????? 001 /sqlmanager/
351049a.5c 9dc1d618 573285 h ???????? 002 /mysqlmanager/
351049a.7c 9dc1d618 573285 h ???????? 002 /mysqlmanager/
351049a.a3 9dc1d618 573285 h ???????? 002 /php-myadmin/
351049a.c9 9dc1d618 573285 h ???????? 002 /php-myadmin/
351049b.b7 9dc1d618 573285 h ???????? 002 /phpmy-admin/
351049b.dc 9dc1d618 573285 h ???????? 001 /phpmy-admin/
351049c.05 9dc1d618 573285 h ???????? 002 /mysqladmin/
351049c.26 9dc1d618 573285 h ???????? 001 /mysqladmin/
351049c.4f 9dc1d618 573285 h ???????? 001 /mysql-admin/
351049c.70 9dc1d618 573285 h ???????? 002 /mysql-admin/
351049c.96 9dc1d618 573285 h ???????? 002 /admin/phpmyadmin/
351049c.b7 9dc1d618 573285 h ???????? 001 /admin/phpmyadmin/
351049c.dd 9dc1d618 573285 h ???????? 00a /admin/phpMyAdmin/
351049d.07 9dc1d618 573285 h ???????? 002 /admin/phpMyAdmin/
351049d.32 9dc1d618 573285 h ???????? 002 /admin/sysadmin/
351049d.59 9dc1d618 573285 h ???????? 002 /admin/sysadmin/
351049d.88 9dc1d618 573285 h ???????? 002 /admin/sqladmin/
351049d.ad 9dc1d618 573285 h ???????? 001 /admin/sqladmin/
351049d.d1 9dc1d618 573285 h ???????? 001 /admin/db/
351049d.f9 9dc1d618 573285 h ???????? 002 /admin/db/
351049e.8b 9dc1d618 573285 h ???????? 001 /admin/web/
351049e.ae 9dc1d618 573285 h ???????? 002 /admin/web/
351049e.d4 9dc1d618 573285 h ???????? 002 /admin/pMA/
351049e.f8 9dc1d618 573285 h ???????? 002 /admin/pMA/
351049f.1f 9dc1d618 573285 h ???????? 002 /mysql/pma/
351049f.43 9dc1d618 573285 h ???????? 002 /mysql/pma/
351049f.69 9dc1d618 573285 h ???????? 002 /mysql/db/
351049f.8f 9dc1d618 573285 h ???????? 002 /mysql/db/
351049f.b6 9dc1d618 573285 h ???????? 002 /mysql/web/
351049f.db 9dc1d618 573285 h ???????? 002 /mysql/web/
35104a0.09 9dc1d618 573285 h ???????? 002 /mysql/pMA/
35104a0.2e 9dc1d618 573285 h ???????? 002 /mysql/pMA/
35104a0.5d 9dc1d618 573285 h ???????? 003 /sql/phpmanager/
35104a0.81 9dc1d618 573285 h ???????? 008 /sql/phpmanager/
35104a0.b0 9dc1d618 573285 h ???????? 002 /sql/php-myadmin/
35104a0.d3 9dc1d618 573285 h ???????? 002 /sql/php-myadmin/
35104a0.fb 9dc1d618 573285 h ???????? 002 /sql/phpmy-admin/
35104a1.24 9dc1d618 573285 h ???????? 002 /sql/phpmy-admin/
35104a1.4e 9dc1d618 573285 h ???????? 003 /sql/sql/
35104a1.71 9dc1d618 573285 h ???????? 002 /sql/sql/
35104a1.9c 9dc1d618 573285 h ???????? 002 /sql/myadmin/
35104a1.c5 9dc1d618 573285 h ???????? 002 /sql/myadmin/
35104a1.f4 9dc1d618 573285 h ???????? 001 /sql/webadmin/
35104a2.19 9dc1d618 573285 h ???????? 002 /sql/webadmin/
35104a2.47 9dc1d618 573285 h ???????? 002 /sql/sqlweb/
35104a2.6c 9dc1d618 573285 h ???????? 002 /sql/sqlweb/
35104a2.97 9dc1d618 573285 h ???????? 003 /sql/websql/
35104a2.bf 9dc1d618 573285 h ???????? 002 /sql/websql/
35104a2.ec 9dc1d618 573285 h ???????? 002 /sql/webdb/
35104a3.10 9dc1d618 573285 h ???????? 001 /sql/webdb/
35104a3.f2 9dc1d618 573285 h ???????? 001 /sql/sqladmin/
35104a4.24 9dc1d618 573285 h ???????? 002 /sql/sqladmin/
35104a4.50 9dc1d618 573285 h ???????? 00a /sql/sql-admin/
35104a4.7a 9dc1d618 573285 h ???????? 002 /sql/sql-admin/
35104a4.ac 9dc1d618 573285 h ???????? 002 /sql/phpmyadmin2/
35104a4.d5 9dc1d618 573285 h ???????? 002 /sql/phpmyadmin2/
35104a5.00 9dc1d618 573285 h ???????? 009 /sql/phpMyAdmin2/
35104a5.2c 9dc1d618 573285 h ???????? 003 /sql/phpMyAdmin2/
35104a5.5b 9dc1d618 573285 h ???????? 003 /sql/phpMyAdmin/
35104a5.85 9dc1d618 573285 h ???????? 003 /sql/phpMyAdmin/
35104a5.b4 9dc1d618 573285 h ???????? 002 /db/myadmin/
35104a5.e0 9dc1d618 573285 h ???????? 002 /db/myadmin/
35104a6.0d 9dc1d618 573285 h ???????? 002 /db/webadmin/
35104a6.38 9dc1d618 573285 h ???????? 002 /db/webadmin/
35104a6.65 9dc1d618 573285 h ???????? 002 /db/dbweb/
35104a6.8e 9dc1d618 573285 h ???????? 002 /db/dbweb/
35104a6.ba 9dc1d618 573285 h ???????? 002 /db/websql/
35104a6.e3 9dc1d618 573285 h ???????? 002 /db/websql/
35104a7.55 9dc1d618 573285 h ???????? 002 /db/webdb/
35104a7.cc 9dc1d618 573285 h ???????? 002 /db/webdb/
35104a8.f6 9dc1d618 573285 h ???????? 002 /db/dbadmin/
35104a9.24 9dc1d618 573285 h ???????? 002 /db/dbadmin/
35104a9.50 9dc1d618 573285 h ???????? 003 /db/db-admin/
35104a9.7c 9dc1d618 573285 h ???????? 002 /db/db-admin/
35104a9.ac 9dc1d618 573285 h ???????? 002 /db/phpmyadmin3/
35104a9.d3 9dc1d618 573285 h ???????? 002 /db/phpmyadmin3/
35104aa.08 9dc1d618 573285 h ???????? 002 /db/phpMyAdmin3/
35104aa.33 9dc1d618 573285 h ???????? 002 /db/phpMyAdmin3/
35104aa.6d 9dc1d618 573285 h ???????? 003 /db/phpMyAdmin-3/
35104aa.95 9dc1d618 573285 h ???????? 002 /db/phpMyAdmin-3/
35104aa.c4 9dc1d618 573285 h ???????? 003 /administrator/phpmyadmin/
35104aa.eb 9dc1d618 573285 h ???????? 002 /administrator/phpmyadmin/
35104ab.c2 9dc1d618 573285 h ???????? 003 /administrator/phpMyAdmin/
35104ab.ed 9dc1d618 573285 h ???????? 003 /administrator/phpMyAdmin/
35104ac.1f 9dc1d618 573285 h ???????? 002 /administrator/db/
35104ac.45 9dc1d618 573285 h ???????? 002 /administrator/db/
35104ac.73 9dc1d618 573285 h ???????? 003 /administrator/web/
35104ac.9c 9dc1d618 573285 h ???????? 002 /administrator/web/
35104ac.d1 9dc1d618 573285 h ???????? 002 /administrator/pma/
35104ac.f8 9dc1d618 573285 h ???????? 002 /administrator/pma/
35104ad.27 9dc1d618 573285 h ???????? 00a /administrator/PMA/
35104ad.57 9dc1d618 573285 h ???????? 003 /administrator/PMA/
35104ad.83 9dc1d618 573285 h ???????? 002 /administrator/admin/
35104ad.ae 9dc1d618 573285 h ???????? 002 /administrator/admin/
35104ad.e3 9dc1d618 573285 h ???????? 002 /phpMyAdmin2/
35104ae.13 9dc1d618 573285 h ???????? 002 /phpMyAdmin2/
35104ae.45 9dc1d618 573285 h ???????? 002 /phpMyAdmin3/
35104ae.be 9dc1d618 573285 h ???????? 002 /phpMyAdmin3/
35104ae.e5 9dc1d618 573285 h ???????? 001 /phpMyAdmin4/
35104af.11 9dc1d618 573285 h ???????? 002 /phpMyAdmin4/
35104af.36 9dc1d618 573285 h ???????? 002 /phpMyAdmin-3/
35104af.59 9dc1d618 573285 h ???????? 001 /phpMyAdmin-3/
35104af.8d 9dc1d618 573285 h ???????? 002 /php-my-admin/
35104af.b2 9dc1d618 573285 h ???????? 002 /php-my-admin/
35104af.d8 9dc1d618 573285 h ???????? 001 /PMA2011/
35104af.fd 9dc1d618 573285 h ???????? 002 /PMA2011/
35104b0.23 9dc1d618 573285 h ???????? 001 /PMA2012/
35104b0.46 9dc1d618 573285 h ???????? 002 /PMA2012/
35104b0.6c 9dc1d618 573285 h ???????? 002 /PMA2013/
35104b0.8d 9dc1d618 573285 h ???????? 002 /PMA2013/
35104b0.b8 9dc1d618 573285 h ???????? 001 /PMA2014/
35104b0.e1 9dc1d618 573285 h ???????? 002 /PMA2014/
35104b1.0c 9dc1d618 573285 h ???????? 003 /PMA2015/
35104b1.e8 9dc1d618 573285 h ???????? 001 /PMA2015/
35104b2.be 9dc1d618 573285 h ???????? 001 /PMA2016/
35104b2.e0 9dc1d618 573285 h ???????? 002 /PMA2016/
35104b3.0a 9dc1d618 573285 h ???????? 002 /PMA2017/
35104b3.30 9dc1d618 573285 h ???????? 002 /PMA2017/
35104b3.bd 9dc1d618 573285 h ???????? 002 /PMA2018/
35104b3.e1 9dc1d618 573285 h ???????? 001 /PMA2018/
35104b4.0c 9dc1d618 573285 h ???????? 002 /pma2011/
35104b4.2e 9dc1d618 573285 h ???????? 003 /pma2011/
35104b4.57 9dc1d618 573285 h ???????? 002 /pma2012/
35104b4.7b 9dc1d618 573285 h ???????? 001 /pma2012/
35104b4.a4 9dc1d618 573285 h ???????? 002 /pma2013/
35104b4.c6 9dc1d618 573285 h ???????? 002 /pma2013/
35104b4.ee 9dc1d618 573285 h ???????? 002 /pma2014/
35104b5.13 9dc1d618 573285 h ???????? 002 /pma2014/
35104b6.42 9dc1d618 573285 h ???????? 00a /pma2015/
35104b6.6a 9dc1d618 573285 h ???????? 002 /pma2015/
35104b6.91 9dc1d618 573285 h ???????? 002 /pma2016/
35104b6.b6 9dc1d618 573285 h ???????? 002 /pma2016/
35104b6.dc 9dc1d618 573285 h ???????? 002 /pma2017/
35104b7.03 9dc1d618 573285 h ???????? 002 /pma2017/
35104b7.2a 9dc1d618 573285 h ???????? 002 /pma2018/
35104b7.50 9dc1d618 573285 h ???????? 002 /pma2018/
35104b7.7b 9dc1d618 573285 h ???????? 002 /phpmyadmin2011/
35104b8.74 9dc1d618 573285 h ???????? 003 /phpmyadmin2011/
35104b8.a3 9dc1d618 573285 h ???????? 002 /phpmyadmin2012/
35104b8.cb 9dc1d618 573285 h ???????? 002 /phpmyadmin2012/
35104b8.f5 9dc1d618 573285 h ???????? 002 /phpmyadmin2013/
35104b9.1d 9dc1d618 573285 h ???????? 001 /phpmyadmin2013/
35104b9.45 9dc1d618 573285 h ???????? 002 /phpmyadmin2014/
35104b9.6c 9dc1d618 573285 h ???????? 002 /phpmyadmin2014/
35104b9.ec 9dc1d618 573285 h ???????? 002 /phpmyadmin2015/
35104ba.13 9dc1d618 573285 h ???????? 002 /phpmyadmin2015/
35104ba.3c 9dc1d618 573285 h ???????? 002 /phpmyadmin2016/
35104ba.63 9dc1d618 573285 h ???????? 009 /phpmyadmin2016/
35104ba.8e 9dc1d618 573285 h ???????? 002 /phpmyadmin2017/
35104ba.b3 9dc1d618 573285 h ???????? 002 /phpmyadmin2017/
35104ba.ef 9dc1d618 573285 h ???????? 003 /phpmyadmin2018/
35104bb.19 9dc1d618 573285 h ???????? 003 /phpmyadmin2018/
35104bb.49 9dc1d618 573285 h ???????? 002 /phpmanager/
35104bb.70 9dc1d618 573285 h ???????? 003 /phpmanager/
35105c0.80 42f94048 043937 h ???????? 005 /wiki/XiaochuanNi
35106e8.e0 42f9404a 043937 h ???????? 004 /wiki/StefanoCeri
3510870.9d 42f94048 043937 h ???????? 004 /wiki/DanielSilva
3510937.a9 42f94046 043937 h ???????? 004 /wiki/JianqiangLi
35109e2.e3 42f94048 043937 h ???????? 004 /wiki/InfoMorph2
35109f6.12 42f94046 043937 h ???????? 004 /wiki/TabulaRasa
3510a41.88 42f9404a 043937 h ???????? 004 /wiki/CreditCard
3510a5e.66 42f94048 043937 h ???????? 004 /wiki/TuringTest
3510a6a.02 42f94046 043937 h ???????? 004 /wiki/TomasKliegr
3510a71.8b 42f9404a 043937 h ???????? 004 /wiki/GooglePlus
3510a94.84 42f94046 043937 h ???????? 004 /wiki/BundesLand
3510b4b.98 9d372789 6a88e8 h ???????? 027 /
3510b90.b4 42f94046 043937 h ???????? 004 /wiki/PanosKalnis
3510c4f.c0 33ff411b 433e9c h ???????? 003 /edit/26306004
3510ca8.69 42f94046 043937 h ???????? 004 /wiki/AlanMislove
3510e12.89 42f94048 043937 h ???????? 004 /wiki/SeungWooLee
3510e1a.8d 42f94046 043937 h ???????? 003 /wiki/LibbyMiller
351104a.8f 42f94046 043937 h ???????? 003 /wiki/SusanThomas
3511183.ec 42f9404a 043937 h ???????? 004 /wiki/JanaViskova
35111af.14 42f94046 043937 h ???????? 005 /wiki/GravesAH08
3511311.d2 42f94046 043937 h ???????? 004 /wiki/ChinYuHuang
351135b.85 42f94054 622963 s ???????? 004 /wiki/ProFessor
35114ef.30 42f9404a 043937 h ???????? 004 /wiki/[http://www.minet.uni-jena.de/~sack/]
35114f5.8f 42f94046 043937 h ???????? 004 /wiki/CaroleGoble
3511586.4b c0979f02 9c5581 h ???????? 01b /
3511586.b9 c0979f02 3a5a31 h ???????? 002 /wp-content/uploads/8d4c1d7c98e0721.php
3511587.76 c0979f02 3a5a31 h ???????? 002 /static/js/tiny_mce/plugins/tinybrowser/upload.php
3511587.cf c0979f02 3a5a31 h ???????? 003 /admin/lib/tiny_mce/plugins/tinybrowser/upload.php
3511588.19 c0979f02 3a5a31 h ???????? 002 /tiny_mce/plugins/tinybrowser/upload.php
3511588.60 c0979f02 3a5a31 h ???????? 002 /editors/tinymce/jscripts/tiny_mce/plugins/tinybrowser/upload.php
3511588.c8 c0979f02 9c5581 h ???????? 002 /uploadify/uploadify.php
3511589.39 c0979f02 3a5a31 h ???????? 003 /8d4c1d7cb59e1ec.php
3511589.c0 c0979f02 9c5581 h ???????? 003 /wp-admin/admin-ajax.php
351158a.26 c0979f02 3a5a31 h ???????? 003 /wp-content/plugins/revslider/temp/update_extract/8d4c1d7cbe9c17f.php
351158b.6c c0979f02 9c5581 h ???????? 003 /license.php
351158b.db c0979f02 3a5a31 h ???????? 003 /8d4c1d7cce66576.php
3511612.07 42f9598b 70a047 h ???????? 003 //rss.rdf
3511618.df 42f94046 043937 h ???????? 004 /wiki/VolkerHoyer
35116b0.52 42f94054 043937 s ???????? 003 /edit/35835001
3511749.76 42f94048 043937 h ???????? 005 /wiki/JianzhongLi
351176a.9e 42f94052 043937 s ???????? 003 /edit/40425002
3511884.12 42f9404a 043937 h ???????? 004 /wiki/AljosaPasic
351188e.ca 42f94046 043937 h ???????? 004 /wiki/MarkoLuther
3511a22.d6 42f94046 043937 h ???????? 005 /wiki/QingzhaoTan
3511ad9.ab 42f94048 043937 h ???????? 004 /wiki/ReneQuiniou
3511c05.aa 42f94046 043937 h ???????? 004 /wiki/ThomasMeinl
3511c38.da 9d372712 6a88e8 h ???????? 003 //robots.txt
3511d85.33 42f94048 043937 h ???????? 005 /wiki/JoseQuesada
3511d98.32 42f94046 043937 h ???????? 004 /wiki/OmairShafiq
3511e52.22 42f9404a 043937 h ???????? 004 /wiki/GuilingWang
3511ebc.50 cf2e0d49 6a88e8 h ???????? 002 /robots.txt
3511ebd.d6 284da72b 6a88e8 h ???????? 004 /wiki/InBody
3511f7f.06 42f94048 043937 h ???????? 005 /wiki/AldoGangemi
351204d.bc 42f9404a 043937 h ???????? 005 /wiki/MarcoRibke
351205f.fd 42f94048 043937 h ???????? 004 /wiki/SecondMind
351206a.31 42f94046 043937 h ???????? 005 /wiki/AlainZarli
3512098.07 42f9404a 043937 h ???????? 003 /wiki/ManishGupta
35120ae.85 42f94048 043937 h ???????? 002 /wiki/ChittaBaral
35120d0.d4 42f9404a 043937 h ???????? 002 /wiki/ErhardRahm
35121ce.5f 33ff4146 433e9c h ???????? 002 /wiki/HalteStelleU
35121e3.7c 42f94046 043937 h ???????? 002 /wiki/YuzhangFeng
3512310.9a 42f94046 043937 h ???????? 006 /wiki/JonIturrioz
3512344.74 3e8a0019 6de661 h ???????? 001 //robots.txt
3512344.ee 3e8a0019 6de661 h ???????? 002 //wiki/LockSchuppenBusinessPlan
3512371.e7 42f94048 043937 h ???????? 002 /wiki/GeoCaching
35123f9.d1 42f94048 043937 h ???????? 002 /wiki/ArWikiPedia
3512433.12 42f94048 043937 h ???????? 002 /wiki/AlainBerger
351243d.1d 42f9404a 043937 h ???????? 002 /wiki/BijanParsia
3512527.be d9b68452 433e9c h ???????? 002 /wiki/RainerWasserfuhrCvEn
3512563.8a 42f94048 043937 h ???????? 002 /wiki/KannanAchan
35127b7.18 42f94048 043937 h ???????? 003 /wiki/LatifurKhan
35127c1.61 42f9404a 043937 h ???????? 002 /wiki/ChuckMorris
3512882.ed 42f94054 043937 s ???????? 001 /robots.txt
35128d0.b4 42f94054 622963 s ???????? 002 /wiki/LarryPage
35128e5.4b 42f9404a 043937 h ???????? 002 /wiki/MartaGatius
351295a.3e 3e8a0019 6de661 h ???????? 001 //robots.txt
351295a.95 3e8a0019 6de661 h ???????? 001 //wiki/SeaNation
35129b2.c8 42f94052 043937 s ???????? 451 /memo
3512a0e.33 42f94048 043937 h ???????? 002 /wiki/CongleZhang
3512b27.65 42f9404a 043937 h ???????? 003 /wiki/ShaohuaYang
3512b32.8b 42f94046 043937 h ???????? 002 /wiki/ZhongzhiShi
3512ca7.c3 42f94054 043937 s ???????? 001 /edit/36655001
3512cc2.e3 42f94052 043937 s ???????? 001 /edit/40445001
3512cc3.76 42f94046 043937 h ???????? 002 /wiki/McSchraefel
3512cc6.0d 42f94050 043937 s ???????? 001 /edit/37615001
3512ce6.ba 42f94050 043937 s ???????? 001 /edit/46055002
3512cf5.7d 42f94050 043937 s ???????? 001 /edit/42015006
3512d75.48 42f94046 043937 h ???????? 003 /wiki/JesseWeaver
3512df3.dc add4e69c c37fd8 h ???????? 001 /robots.txt
3512df5.57 add4e69c c37fd8 h ???????? 001 //PageInfo.jsp
3512df7.f9 add4e69c c37fd8 h ???????? 001 //PageInfo.jsp
3512df9.7c add4e69c c37fd8 h ???????? 001 //PageModified.jsp
3512dfb.46 add4e69c c37fd8 h ???????? 001 //rss.jsp
3512dfe.65 add4e69c c37fd8 h ???????? 001 //rss.jsp
3512e00.0a add4e69c c37fd8 h ???????? 002 //wiki/LernenDurchLehren
3512e05.82 add4e69c c37fd8 h ???????? 002 //wiki/TonyWoodcock
3512e09.46 add4e69c c37fd8 h ???????? 003 //wiki/WolfgangCoy
3512e0e.39 add4e69c c37fd8 h ???????? 001 /PageInfo.jsp
3512e10.68 add4e69c c37fd8 h ???????? 002 /PageInfo.jsp
3512e14.a8 add4e69c c37fd8 h ???????? 001 /PageModified.jsp
3512e17.70 add4e69c c37fd8 h ???????? 002 /rss.jsp
3512e19.c9 add4e69c c37fd8 h ???????? 003 /wiki/GoogleLatitude
3512e20.86 add4e69c c37fd8 h ???????? 003 /wiki/GoogleLatitude
3512e28.96 add4e69c c37fd8 h ???????? 002 /wiki/LeitBild
3512e2e.1d add4e69c c37fd8 h ???????? 002 /wiki/LeonardoDaPisa
3512e32.8a add4e69c c37fd8 h ???????? 003 /wiki/LiLog
3512e38.2f add4e69c c37fd8 h ???????? 003 /wiki/LichtSchwert
3512e3d.49 add4e69c c37fd8 h ???????? 003 /wiki/LimitsOfGrowth
3512e42.0b add4e69c c37fd8 h ???????? 003 /wiki/LinkeWiki
3512e47.55 add4e69c c37fd8 h ???????? 003 /wiki/LiquidFeedback
3512e4c.1a add4e69c c37fd8 h ???????? 009 /wiki/LisaGerrard
3512e51.ec add4e69c c37fd8 h ???????? 002 /wiki/LisaRosa
3512e57.4c add4e69c c37fd8 h ???????? 002 /wiki/LizMohn
3512e5c.89 add4e69c c37fd8 h ???????? 002 /wiki/LocalMaximum
3512e60.cc add4e69c c37fd8 h ???????? 003 /wiki/LockConsultClassic
3512e65.59 add4e69c c37fd8 h ???????? 002 /wiki/LockFutureSax2010
3512e6a.dd add4e69c c37fd8 h ???????? 002 /wiki/LockPresentation
3512e6e.f7 add4e69c c37fd8 h ???????? 003 /wiki/LockTools
3512e75.4f add4e69c c37fd8 h ???????? 002 /wiki/LockTools
3512e7b.74 add4e69c c37fd8 h ???????? 002 /wiki/LokiSchmidt
3512e82.78 add4e69c c37fd8 h ???????? 002 /wiki/LukaszGadowski
3512e86.70 add4e69c c37fd8 h ???????? 002 /wiki/LutherVandross
3512e8a.fc a484a121 433e9c h ???????? 001 /edit/31066001
3512e8c.76 add4e69c c37fd8 h ???????? 003 /wiki/MaChina
3512e90.a4 add4e69c c37fd8 h ???????? 002 /wiki/MaDonna
3512e95.fe add4e69c c37fd8 h ???????? 002 /wiki/MadBhs
3512e9a.d5 add4e69c c37fd8 h ???????? 003 /wiki/MadeiraMind
3512e9f.9d add4e69c c37fd8 h ???????? 002 /wiki/MadeleineVonMohl
3512ec2.32 42f94046 043937 h ???????? 003 /wiki/SimoneBraun
3512ed3.29 42f94046 043937 h ???????? 003 /wiki/WeeTiongAng
3512fe6.83 42f94048 043937 h ???????? 003 /wiki/YasushiKato
3513111.f9 42f94048 043937 h ???????? 003 /wiki/ChaoJungHsu
3513244.47 42f94048 043937 h ???????? 003 /wiki/ArpitaGhosh
3513248.37 42f94046 043937 h ???????? 004 /wiki/JamesCimino
3513248.c6 42f95987 70a047 h ???????? 002 //rss.rdf
3513256.5a 284da72b 6a88e8 s ???????? 018 /
351334f.51 42f94048 043937 h ???????? 003 /wiki/FliessText
3513350.c8 42f94048 043937 h ???????? 003 /wiki/DoppLr
351335b.c4 42f94048 043937 h ???????? 003 /wiki/CrowdLaden
351336e.ac 42f94046 043937 h ???????? 003 /wiki/LoewenJagd
3513375.d8 42f94048 043937 h ???????? 002 /wiki/JuergenBock
35133b4.47 42f9404a 043937 h ???????? 003 /wiki/JohnBackus
35133d0.d6 42f94048 043937 h ???????? 004 /wiki/PariserAkt
35133d4.b8 42f94048 043937 h ???????? 002 /wiki/BobDollars
35134a2.6e 42f94046 043937 h ???????? 004 /wiki/AlainVagner
35135c3.80 42f9404a 043937 h ???????? 003 /wiki/AlpeshGajbe
35135cc.00 42f94046 043937 h ???????? 004 /wiki/PrateekJain
35136ec.f4 42f94046 043937 h ???????? 003 /wiki/JonasJacobi
35136fc.9b d9b68456 433e9c h ???????? 002 /edit/28226003
3513828.54 42f9404a 043937 h ???????? 003 /wiki/MaxHirschel
35138d1.bc 403efca2 b5eaf4 h ???????? 002 /robots.txt
3513943.d4 42f94048 043937 h ???????? 004 /wiki/LalanaKagal
3513946.50 42f94048 043937 h ???????? 003 /wiki/DhavalJoshi
3513a42.52 2e0458f7 c37fd8 h ???????? 002 //robots.txt
3513a47.c1 2e0458f7 c37fd8 h ???????? 002 //PageInfo.jsp
3513a4d.fc 2e0458f7 c37fd8 h ???????? 001 //PageInfo.jsp
3513a55.19 2e0458f7 c37fd8 h ???????? 002 //PageModified.jsp
3513a5a.9a 2e0458f7 c37fd8 h ???????? 002 //rss.jsp
3513a60.2c 2e0458f7 c37fd8 h ???????? 002 //rss.jsp
3513a66.a7 2e0458f7 c37fd8 h ???????? 003 //wiki/AmplitudeCapital
3513a71.dc 2e0458f7 c37fd8 h ???????? 003 //wiki/AndreasHeuberger
3513a73.92 42f94048 043937 h ???????? 003 /wiki/AndrewCrapo
3513a7b.d4 2e0458f7 c37fd8 h ???????? 003 //wiki/AndreasHeuberger
3513a82.8f 2e0458f7 c37fd8 h ???????? 003 //wiki/BettinaBunge
3513a89.e0 2e0458f7 c37fd8 h ???????? 003 //wiki/BettinaBunge
3513a92.49 2e0458f7 c37fd8 h ???????? 003 //wiki/BettinaBunge
3513a9b.af 2e0458f7 c37fd8 h ???????? 003 //wiki/BettinaWermter
3513aa5.1e 2e0458f7 c37fd8 h ???????? 004 //wiki/BeyerBau
3513ab1.7b 2e0458f7 c37fd8 h ???????? 003 //wiki/BiBu
3513ac4.b0 2e0458f7 c37fd8 h ???????? 003 //wiki/BiCycle
3513ad4.21 2e0458f7 c37fd8 h ???????? 003 //wiki/BiGa
3513adc.9a 2e0458f7 c37fd8 h ???????? 003 //wiki/BiTaNo
3513ae4.8d 2e0458f7 c37fd8 h ???????? 003 //wiki/BibLounge
3513aec.a4 2e0458f7 c37fd8 h ???????? 006 //wiki/BidMc
3513af2.f4 2e0458f7 c37fd8 h ???????? 003 //wiki/BigDog
3513af9.f6 2e0458f7 c37fd8 h ???????? 004 //wiki/BigGrep
3513b01.1b 2e0458f7 c37fd8 h ???????? 003 //wiki/BigMother
3513b08.8d 2e0458f7 c37fd8 h ???????? 004 //wiki/BigPlayer
3513b10.02 2e0458f7 c37fd8 h ???????? 003 //wiki/BigPoint
3513b16.9e 2e0458f7 c37fd8 h ???????? 003 //wiki/BigShot
3513b1e.98 2e0458f7 c37fd8 h ???????? 003 //wiki/BigVision
3513b24.91 2e0458f7 c37fd8 h ???????? 003 //wiki/BikeZwo
3513b2b.75 2e0458f7 c37fd8 h ???????? 003 //wiki/BildBlog
3513b33.3b 2e0458f7 c37fd8 h ???????? 004 //wiki/BildungsBurg
3513b3b.30 2e0458f7 c37fd8 h ???????? 003 //wiki/BillGross
3513b43.47 2e0458f7 c37fd8 h ???????? 003 //wiki/BioGas
3513b4c.6c 2e0458f7 c37fd8 h ???????? 003 //wiki/BirthDay
3513b61.b0 2e0458f7 c37fd8 h ???????? 003 //wiki/BitBot
3513b78.3b 2e0458f7 c37fd8 h ???????? 003 //wiki/BitCoin
3513b8e.cc 2e0458f7 c37fd8 h ???????? 004 //wiki/BitKom
3513b99.fe 2e0458f7 c37fd8 h ???????? 003 //wiki/BitKom
3513b9e.99 42f9404a 043937 h ???????? 004 /wiki/VicencGomez
3513ba1.e4 2e0458f7 c37fd8 h ???????? 003 //wiki/BitNami
3513ba9.96 2e0458f7 c37fd8 h ???????? 004 //wiki/BitProQm
3513bb1.85 2e0458f7 c37fd8 h ???????? 004 //wiki/BjorkGudmundsdottir
3513bb1.c6 d9b6845d 433e9c h ???????? 003 /edit/24426003
3513bb8.a8 2e0458f7 c37fd8 h ???????? 003 //wiki/BjornLomborg
3513bc0.37 2e0458f7 c37fd8 h ???????? 003 //wiki/BlackBull
3513bc9.27 2e0458f7 c37fd8 h ???????? 003 //wiki/BlackRock
3513bd1.6b 2e0458f7 c37fd8 h ???????? 004 //wiki/BlauWunder
3513bd9.a6 2e0458f7 c37fd8 h ???????? 00b //wiki/BlauWunder
3513be1.0c 2e0458f7 c37fd8 h ???????? 004 //wiki/BlauWunder
3513be8.65 2e0458f7 c37fd8 h ???????? 004 //wiki/BleepFilm
3513bf0.94 2e0458f7 c37fd8 h ???????? 003 //wiki/BlipFm
3513bf9.96 2e0458f7 c37fd8 h ???????? 005 //wiki/BlogDump
3513c01.88 2e0458f7 c37fd8 h ???????? 003 //wiki/BloodBrainBarrier
3513c0a.07 2e0458f7 c37fd8 h ???????? 004 //wiki/BluRay
3513c12.b6 2e0458f7 c37fd8 h ???????? 004 //wiki/BlueClub
3513c1a.0e 2e0458f7 c37fd8 h ???????? 004 //wiki/BlueDanceClub
3513c21.c6 2e0458f7 c37fd8 h ???????? 004 //wiki/BlueOcean
3513c28.77 2e0458f7 c37fd8 h ???????? 004 //wiki/BlueOcean
3513c2e.af 2e0458f7 c37fd8 h ???????? 004 //wiki/BlutBuche
3513c35.b8 2e0458f7 c37fd8 h ???????? 004 //wiki/BmBf
3513c46.56 2e0458f7 c37fd8 h ???????? 004 //wiki/BmwAg
3513c58.68 2e0458f7 c37fd8 h ???????? 004 //wiki/BoBama
3513c5f.b7 2e0458f7 c37fd8 h ???????? 003 //wiki/BoBama
3513c66.f4 2e0458f7 c37fd8 h ???????? 003 //wiki/BoHu
3513c6e.b7 2e0458f7 c37fd8 h ???????? 004 //wiki/BoHu
3513c76.1d 2e0458f7 c37fd8 h ???????? 004 //wiki/BoTox
3513c7e.2b 2e0458f7 c37fd8 h ???????? 003 //wiki/BobBemer
3513c86.1b 2e0458f7 c37fd8 h ???????? 004 //wiki/BodenSee
3513c8d.30 2e0458f7 c37fd8 h ???????? 004 //wiki/BodoGesswein
3513c93.48 2e0458f7 c37fd8 h ???????? 004 //wiki/BodoHaas
3513c9a.74 2e0458f7 c37fd8 h ???????? 00c //wiki/BodoHaas
3513ca0.75 2e0458f7 c37fd8 h ???????? 003 //wiki/BonRisi
3513ca9.05 2e0458f7 c37fd8 h ???????? 004 //wiki/BoneyEm
3513cb0.db 2e0458f7 c37fd8 h ???????? 004 //wiki/BookMark
3513cb9.13 2e0458f7 c37fd8 h ???????? 005 //wiki/BookShelved
3513cc0.5a 2e0458f7 c37fd8 h ???????? 004 //wiki/BookTitle
3513cc7.51 2e0458f7 c37fd8 h ???????? 004 //wiki/BornIn
3513ccf.02 2e0458f7 c37fd8 h ???????? 004 //wiki/BoundingBox
3513cd4.34 42f94046 043937 h ???????? 004 /wiki/MichaelNoll
3513cd7.0b 2e0458f7 c37fd8 h ???????? 004 //wiki/BrCa1
3513cde.ff 2e0458f7 c37fd8 h ???????? 004 //wiki/BrDo
3513ce5.3a 2e0458f7 c37fd8 h ???????? 004 //wiki/BradAcker
3513ceb.ae 2e0458f7 c37fd8 h ???????? 004 //wiki/BrainBar
3513cf3.98 2e0458f7 c37fd8 h ???????? 005 //wiki/BrainCase
3513cfb.2b 2e0458f7 c37fd8 h ???????? 002 //wiki/BrigitteNielsen
3513d02.d0 2e0458f7 c37fd8 h ???????? 002 //wiki/BrlCad
3513d09.55 2e0458f7 c37fd8 h ???????? 003 //wiki/BrokerChat:
3513d13.95 2e0458f7 c37fd8 h ???????? 002 //wiki/BrotMarkt
3513d23.fd 2e0458f7 c37fd8 h ???????? 002 //wiki/BrownBag
3513d39.ee 2e0458f7 c37fd8 h ???????? 003 //wiki/BruNei
3513d40.2f 2e0458f7 c37fd8 h ???????? 002 //wiki/BruceWillis
3513d46.7d 2e0458f7 c37fd8 h ???????? 002 //wiki/BruegEl
3513d4c.c5 2e0458f7 c37fd8 h ???????? 002 //wiki/BrunoGiacometti
3513d54.20 2e0458f7 c37fd8 h ???????? 003 //wiki/BuPrae
3513d5c.68 2e0458f7 c37fd8 h ???????? 002 //wiki/BuRg
3513d65.d4 2e0458f7 c37fd8 h ???????? 003 //wiki/BuckyBase
3513d6d.72 2e0458f7 c37fd8 h ???????? 002 //wiki/BuergerInnen
3513d75.59 2e0458f7 c37fd8 h ???????? 003 //wiki/BuergerTv
3513d7c.11 2e0458f7 c37fd8 h ???????? 002 //wiki/BurgRuine
3513d84.6f 2e0458f7 c37fd8 h ???????? 002 //wiki/BuzzDe
3513d8b.a5 2e0458f7 c37fd8 h ???????? 003 //wiki/BuzzwordBingo
3513d92.f8 2e0458f7 c37fd8 h ???????? 002 //wiki/CDreiDd
3513d9b.1e 2e0458f7 c37fd8 h ???????? 002 //wiki/CaCert
3513da2.c1 2e0458f7 c37fd8 h ???????? 002 //wiki/CaJu
3513daa.86 2e0458f7 c37fd8 h ???????? 002 //wiki/CaLibre
3513db3.62 2e0458f7 c37fd8 h ???????? 002 //wiki/CabiNetElection
3513dba.b8 2e0458f7 c37fd8 h ???????? 002 //wiki/CafeToday
3513dc1.63 2e0458f7 c37fd8 h ???????? 003 //wiki/CafeWorld
3513dc7.e4 2e0458f7 c37fd8 h ???????? 002 //wiki/CallBoy
3513dce.45 2e0458f7 c37fd8 h ???????? 002 //wiki/CampAct
3513dd5.5f 2e0458f7 c37fd8 h ???????? 003 //wiki/CanDo
3513ddc.e6 2e0458f7 c37fd8 h ???????? 003 //wiki/CanapeBar
3513de9.56 2e0458f7 c37fd8 h ???????? 003 //wiki/CapsLock
3513dfe.c1 2e0458f7 c37fd8 h ???????? 002 //wiki/CargoCult
3513e08.58 2e0458f7 c37fd8 h ???????? 003 //wiki/CarlSagan
3513e10.ac 2e0458f7 c37fd8 h ???????? 002 //wiki/CarlWoese
3513e16.bb 2e0458f7 c37fd8 h ???????? 003 //wiki/CarolaSee
3513e1c.fc 2e0458f7 c37fd8 h ???????? 003 //wiki/CarpeCom
3513e21.89 42f9404a 043937 h ???????? 003 /wiki/DengpingWei
3513e24.15 2e0458f7 c37fd8 h ???????? 003 //wiki/CarpeWiki
3513e2b.70 2e0458f7 c37fd8 h ???????? 002 //wiki/CaseMatch
3513e34.63 2e0458f7 c37fd8 h ???????? 003 //wiki/CeWolff
3513e3b.c2 2e0458f7 c37fd8 h ???????? 002 //wiki/CeeLevel
3513e43.c7 2e0458f7 c37fd8 h ???????? 003 //wiki/ChaosCommunicationCongress
3513e4b.b2 2e0458f7 c37fd8 h ???????? 002 //wiki/ChaosCommunicationCongress
3513e52.6a 2e0458f7 c37fd8 h ???????? 003 //wiki/CharlesDarwin2
3513e5b.c5 2e0458f7 c37fd8 h ???????? 003 //wiki/ChatCode
3513e63.c3 2e0458f7 c37fd8 h ???????? 002 //wiki/CheckList
3513e69.9b 2e0458f7 c37fd8 h ???????? 003 //wiki/ChernoByl
3513e72.aa 2e0458f7 c37fd8 h ???????? 003 //wiki/ChiefTechnologyOfficer
3513e7a.12 2e0458f7 c37fd8 h ???????? 002 //wiki/ChildArt
3513e83.d9 2e0458f7 c37fd8 h ???????? 003 //wiki/ChriSchu
3513e8b.29 2e0458f7 c37fd8 h ???????? 003 //wiki/LernenDurchLehren
3513e92.31 2e0458f7 c37fd8 h ???????? 002 //wiki/TonyWoodcock
3513e9a.a4 2e0458f7 c37fd8 h ???????? 003 //wiki/WolfgangCoy
3513e9f.05 2e0458f7 c37fd8 h ???????? 002 /robots.txt
3513ea3.a5 2e0458f7 c37fd8 h ???????? 002 /wiki/LeitBild
3513eab.96 2e0458f7 c37fd8 h ???????? 004 /wiki/LeonardoDaPisa
3513eb1.dd 2e0458f7 c37fd8 h ???????? 003 /wiki/LiLog
3513eb8.ee 2e0458f7 c37fd8 h ???????? 003 /wiki/LichtSchwert
3513eca.41 2e0458f7 c37fd8 h ???????? 003 /wiki/LichtenStein
3513ee0.7d 2e0458f7 c37fd8 h ???????? 003 /wiki/LimitsOfGrowth
3513eed.ae 2e0458f7 c37fd8 h ???????? 002 /wiki/LinkeWiki
3513ef6.1f 2e0458f7 c37fd8 h ???????? 003 /wiki/LiquidFeedback
3513efe.1d 2e0458f7 c37fd8 h ???????? 003 /wiki/LisaGerrard
3513f05.73 2e0458f7 c37fd8 h ???????? 003 /wiki/LisaRosa
3513f0c.0c 2e0458f7 c37fd8 h ???????? 002 /wiki/LizMohn
3513f12.5c 50fe9a6b 5aa285 h ???????? 002 //wiki/WikiWall
3513f14.8f 2e0458f7 c37fd8 h ???????? 003 /wiki/LocalMaximum
3513f1a.81 2e0458f7 c37fd8 h ???????? 002 /wiki/LockConsultClassic
3513f23.48 2e0458f7 c37fd8 h ???????? 003 /wiki/LockFutureSax2010
3513f2b.21 42f94046 043937 h ???????? 003 /wiki/WiraAldo
3513f2c.2c 2e0458f7 c37fd8 h ???????? 003 /wiki/LockPresentation
3513f33.78 2e0458f7 c37fd8 h ???????? 003 /wiki/LockTools
3513f3c.47 2e0458f7 c37fd8 h ???????? 003 /wiki/LockTools
3513f3c.71 42f94046 043937 h ???????? 003 /wiki/XiaodanSong
3513f46.12 2e0458f7 c37fd8 h ???????? 003 /wiki/LokiSchmidt
3513f4d.94 2e0458f7 c37fd8 h ???????? 003 /wiki/LukaszGadowski
3513f55.9e 2e0458f7 c37fd8 h ???????? 004 /wiki/LutherVandross
3513f5d.89 2e0458f7 c37fd8 h ???????? 003 /wiki/MaChina
3513f68.87 2e0458f7 c37fd8 h ???????? 003 /wiki/MaDonna
3513f70.7c 2e0458f7 c37fd8 h ???????? 003 /wiki/MadBhs
3513f77.ca 2e0458f7 c37fd8 h ???????? 003 /wiki/MadeiraMind
3513f80.3e 2e0458f7 c37fd8 h ???????? 005 /wiki/MadeleineVonMohl
3513f87.c0 2e0458f7 c37fd8 h ???????? 003 /wiki/MahmoudAlMabhouh
3513f8c.f2 2e0458f7 c37fd8 h ???????? 001 /robots.txt
3513f90.91 2e0458f7 c37fd8 h ???????? 003 /wiki/GoogleBuzz
3513f97.e9 2e0458f7 c37fd8 h ???????? 003 /wiki/GoogleLatitude
3513f9e.a6 2e0458f7 c37fd8 h ???????? 003 /wiki/GoogleLatitude
3513fa8.97 2e0458f7 c37fd8 h ???????? 004 /wiki/GoogleTranslate
3513fbc.a2 2e0458f7 c37fd8 h ???????? 003 /wiki/KronenBaeckerei
3513fc2.aa 2e0458f7 c37fd8 h ???????? 007 /robots.txt
3513fc9.58 2e0458f7 c37fd8 h ???????? 020 /
3513fcc.72 2e0458f7 c37fd8 h ???????? 002 /robots.txt
3513fd0.c5 2e0458f7 c37fd8 h ???????? 01b /
3513fd4.ab 2e0458f7 c37fd8 h ???????? 002 /robots.txt
3513fda.be 2e0458f7 c37fd8 h ???????? 017 /
3513fdc.70 2e0458f7 c37fd8 h ???????? 002 /robots.txt
3513fe1.4c 2e0458f7 c37fd8 h ???????? 018 /
351405a.ad 42f94046 043937 h ???????? 003 /wiki/ThomasRisse
35140e2.91 42f9404a 622963 h ???????? 004 /wiki/BookMark
3514184.64 42f9404a 043937 h ???????? 004 /wiki/MartinPeklo
3514189.8f 284da72b 6a88e8 h ???????? 003 /wiki/ChristophDroesser
351418e.18 42f94046 043937 h ???????? 003 /wiki/EijiAramaki
35141dc.08 42f9404a 622963 h ???????? 004 /wiki/NooPoBot
35142b3.ef 42f94048 043937 h ???????? 004 /wiki/ElieSanchez
35143f9.3c 42f9404a 043937 h ???????? 004 /wiki/MarlonDumas
351444f.a4 42f94050 622963 s ???????? 004 /wiki/MitWirken
351450a.d2 42f94048 043937 h ???????? 004 /wiki/ClaudiuDuma
3514512.c7 42f94046 043937 h ???????? 003 /wiki/RobertRagno
3514639.05 42f9404a 043937 h ???????? 004 /wiki/TakeharuEda
3514682.6f 4e2e2319 7dfab1 h ???????? 002 //rss.jsp
3514682.99 4e2e2319 7dfab1 h ???????? 002 //rss.jsp
3514732.04 42f94050 622963 s ???????? 003 /wiki/MindSoccer
35147d1.a6 42f9404a 043937 h ???????? 004 /wiki/JoseAOlivas
3514887.b1 42f94048 043937 h ???????? 004 /wiki/ThomasFranz
351488d.eb 42f94048 043937 h ???????? 004 /wiki/SimonSchenk
35149b0.76 42f9404a 043937 h ???????? 004 /wiki/OmidEtesami
3514a9d.e2 b44c0f9b a04d28 h ???????? 004 /wiki/RainerWasserfuhrCvEn
3514adc.75 42f94046 043937 h ???????? 004 /wiki/RakeshVohra
3514c10.ac 42f94048 043937 h ???????? 004 /wiki/OlgaKozeruk
3514c11.8d 42f94048 043937 h ???????? 004 /wiki/MeeyoungCha
3514c9a.f9 42f94054 043937 s ???????? 002 /edit/36165002
3514d28.a0 42f94050 043937 s ???????? 003 /edit/32625008
3514d45.21 42f94046 043937 h ???????? 004 /wiki/PhilippSorg
3514e4d.82 42f94050 043937 s ???????? 003 /edit/42215001
3514e68.f6 42f9404a 043937 h ???????? 004 /wiki/MarkCameron
3514e6f.8a 42f94052 043937 s ???????? 003 /edit/43565002
3514efb.d4 42f9598b 70a047 h ???????? 003 //rss.rdf
3514f88.d8 42f9404a 043937 h ???????? 004 /wiki/RalfMoeller
3514f8a.cd 42f94048 043937 h ???????? 003 /wiki/MikeUschold
3515013.4f 42f95168 002725 h ???????? 003 /favicon.ico
35150bf.77 42f94048 043937 h ???????? 004 /wiki/PeterGeibel
351520e.01 42f9404a 043937 h ???????? 006 /wiki/PaoloBesana
351531e.13 42f9404a 043937 h ???????? 004 /wiki/KevinOttens
351532b.64 d9b684b1 433e9c h ???????? 002 /edit/29986001
351532c.06 42f94048 043937 h ???????? 003 /wiki/SimonScerri
3515447.d2 42f94046 043937 h ???????? 004 /wiki/LinaAlJadir
3515569.8e 42f9404a 043937 h ???????? 004 /wiki/SyedTirmizi
35156a2.02 42f9404a 043937 h ???????? 004 /wiki/KimViljanen
35156a7.b6 d9b684b3 433e9c h ???????? 004 /wiki/OrionBelt
35156b1.41 42f94046 043937 h ???????? 008 /wiki/KunalPunera
35156b4.c6 284da706 6a88e8 h ???????? 01d /
351571a.36 b44c0f09 fa643b h ???????? 002 /crush
351571b.3f b44c0f08 fa643b h ???????? 002 /crush
351577a.05 b44c0f0f a04d28 h ???????? 003 /crush
351581f.b0 42f94048 043937 h ???????? 005 /wiki/RaphaelVolz
351584f.62 bc78ed90 c22fe7 s ???????? 026 /
351589e.19 894acfa1 433e9c h ???????? 003 /edit/29896003
35158a8.55 bc78ed90 c22fe7 s ???????? 01c /
35158ce.4f bc78ed90 c22fe7 s ???????? 01e /
3515901.73 42f9404a 043937 h ???????? 005 /wiki/GeertJanBex
3515969.d7 42f94046 043937 h ???????? 004 /wiki/MikeJones
3515a24.0f 42f9404a 043937 h ???????? 004 /wiki/YanpingYang
3515a30.3a 42f94046 043937 h ???????? 004 /wiki/DominikHeim
3515a3d.df b44c0f98 a04d28 h ???????? 003 /wiki
3515a5f.b6 42f94048 043937 h ???????? 004 /wiki/MasterMind
3515a9c.e5 42f94048 043937 h ???????? 004 /wiki/BraeutiGam
3515aab.76 42f94048 043937 h ???????? 004 /wiki/CornellEdu
3515ab5.64 bc78ed90 c22fe7 s ???????? 01e /
3515b24.62 42f94048 043937 h ???????? 005 /wiki/DmExCo
3515b56.dc 42f94046 043937 h ???????? 004 /wiki/TugbaOzacar
3515b76.b9 42f94048 043937 h ???????? 005 /wiki/UWFBfW1mfF
3515bbb.ad 42f9404a 043937 h ???????? 004 /wiki/WebOfTrust
3515bf7.66 42f9404a 043937 h ???????? 004 /wiki/DavidOrban
3515bfa.50 bc78ed90 c22fe7 s ???????? 012 /
3515ca0.a4 bc78ed90 c22fe7 s ???????? 011 /
3515ca8.c7 42f94046 043937 h ???????? 002 /wiki/SukwonChung
3515cba.3b bc78ed90 c22fe7 s ???????? 012 /
3515ddc.6b 42f9404a 043937 h ???????? 002 /wiki/JiangtaoRen
3515f19.bc 42f94048 043937 h ???????? 002 /wiki/DavidKarger
3515f5d.dc 9d372789 6a88e8 h ???????? 018 /
3516005.f3 42f9404a 043937 h ???????? 003 /wiki/DominikBenz
351613c.dc 42f94048 043937 h ???????? 003 /wiki/AnupamJoshi
3516273.ae 42f9404a 043937 h ???????? 002 /wiki/MilenPavlov
351628a.75 42f94046 043937 h ???????? 001 /wiki/CosminBasca
35163bf.5f 42f94048 043937 h ???????? 002 /wiki/PeterVojtas
35164ea.bb 42f9404a 043937 h ???????? 003 /wiki/LongHaoWang
35165f1.b2 42f94046 043937 h ???????? 002 /wiki/YaodongChen
3516605.68 42f94046 043937 h ???????? 003 /wiki/XueyingWang
35166fe.4d 42f94046 043937 h ???????? 003 /wiki/MichaelPool
35167bb.0f 33ff413f 433e9c h ???????? 002 /wiki/TiGoMa
351683a.db 42f94046 043937 h ???????? 002 /wiki/HammadAfzal
3516959.49 bc285186 7dfab1 h ???????? 002 //rss.jsp
3516959.6f bc285186 7dfab1 h ???????? 002 //rss.jsp
351696a.72 42f9404a 043937 h ???????? 002 /wiki/MaciejJanik
3516973.df 42f94048 043937 h ???????? 002 /wiki/BoshengZhou
3516996.02 bc285186 7dfab1 h ???????? 002 //rss.jsp
3516996.2f bc285186 7dfab1 h ???????? 001 //rss.jsp
3516a97.6c 42f94048 043937 h ???????? 003 /wiki/RashidAhmad
3516b54.74 42f9598b 70a047 h ???????? 001 //rss.rdf
3516b74.6c bc285186 7dfab1 h ???????? 001 //rss.jsp
3516b74.8f bc285186 7dfab1 h ???????? 001 //rss.jsp
3516b80.92 bc285186 7dfab1 h ???????? 002 //rss.jsp
3516b80.bc bc285186 7dfab1 h ???????? 001 //rss.jsp
3516c2b.88 42f94048 043937 h ???????? 003 /wiki/MalteKiesel
3516d27.62 42f94048 043937 h ???????? 002 /wiki/EyalEvenDar
3516d2a.f7 42f94048 043937 h ???????? 003 /wiki/EdlenoMoura
3516d48.23 c0979f02 9c5581 h ???????? 01c /
3516d48.86 c0979f02 3a5a31 h ???????? 002 /wp-content/uploads/8d4c20c18243a0a.php
3516d49.20 c0979f02 3a5a31 h ???????? 001 /static/js/tiny_mce/plugins/tinybrowser/upload.php
3516d49.5f c0979f02 3a5a31 h ???????? 002 /admin/lib/tiny_mce/plugins/tinybrowser/upload.php
3516d49.99 c0979f02 3a5a31 h ???????? 006 /tiny_mce/plugins/tinybrowser/upload.php
3516d49.d7 c0979f02 3a5a31 h ???????? 001 /editors/tinymce/jscripts/tiny_mce/plugins/tinybrowser/upload.php
3516d4a.77 c0979f02 9c5581 h ???????? 001 /uploadify/uploadify.php
3516d4a.d4 c0979f02 3a5a31 h ???????? 001 /8d4c20c19a3b99e.php
3516d4b.78 c0979f02 9c5581 h ???????? 002 /wp-admin/admin-ajax.php
3516d4b.d2 c0979f02 3a5a31 h ???????? 001 /wp-content/plugins/revslider/temp/update_extract/8d4c20c1a3fd90d.php
3516d4c.36 c0979f02 9c5581 h ???????? 001 /license.php
3516d4c.98 c0979f02 3a5a31 h ???????? 002 /8d4c20c1aae39a0.php
3516e3f.7a 42f9404a 043937 h ???????? 004 /wiki/LanceRiedel
3516f66.d5 bc286647 7dfab1 h ???????? 002 //rss.jsp
3516f67.06 bc286647 7dfab1 h ???????? 001 //rss.jsp
3516f72.d9 42f9404a 043937 h ???????? 003 /wiki/ZacharyIves
351707e.8b 42f9404a 043937 h ???????? 005 /wiki/RobyMuhamad
35170a6.ff 42f9404a 043937 h ???????? 003 /wiki/ShenghuaBao
351719f.aa 42f9404a 043937 h ???????? 003 /wiki/BarryNorton
351732a.8c 42f9404a 043937 h ???????? 003 /wiki/TomGardiner
351741a.dd 42f94046 043937 h ???????? 004 /wiki/SenlinLiang
3517430.7e 42f94046 043937 h ???????? 004 /wiki/JulianDolby
35174cd.aa 42f94046 043937 h ???????? 002 /wiki/PlomBot
3517524.8c 42f9404a 043937 h ???????? 003 /wiki/EdwardChang
3517530.c0 42f94046 043937 h ???????? 002 /wiki/BankZip
35175b8.7e 42f94046 043937 h ???????? 003 /wiki/DortMund
351766e.74 42f94048 043937 h ???????? 003 /wiki/WookShinHan
35176c4.7f 42f94048 043937 h ???????? 002 /wiki/ZhengChen
35176e5.d2 2501cf15 5484ba h ???????? 01d /
35177a2.98 42f94046 043937 h ???????? 003 /wiki/ManjeetRege
35177d8.cb 42f94046 043937 h ???????? 003 /wiki/SergejSizov
35178d2.b3 42f94048 043937 h ???????? 004 /wiki/AfrazJaffri
3517a05.62 42f94046 043937 h ???????? 003 /wiki/JeffreyYuan
3517af3.f3 42f94048 043937 h ???????? 003 /wiki/JoachimKleb
3517b04.a1 42f94046 043937 h ???????? 003 /wiki/MarekHatala
3517c42.3f 42f94046 043937 h ???????? 004 /wiki/GeFaehrt
3517cf7.c2 42f9404a 043937 h ???????? 003 /wiki/GeorgLausen
3517de6.8d 42f9404a 043937 h ???????? 003 /wiki/SungChanKim
3517e9a.7d b44c0f8e a04d28 s ???????? 0f1 /hls
3517edb.9f 42f94048 043937 h ???????? 003 /wiki/AmiraEssaid
3517fc5.6b 42f9404a 043937 h ???????? 005 /wiki/MihaelaVela
3517fed.0f 42f94048 043937 h ???????? 003 /wiki/HolgerLewen
35180da.c8 42f9404a 043937 h ???????? 004 /wiki/JingYaoWang
351817d.ce 8ac50126 180050 h ???????? 016 /
351818c.87 8ac50126 96abfb h ???????? 001 /robots.txt
3518194.53 8ac50126 71d082 s ???????? 0d0 /hls
3518194.6d 8ac50126 180050 s ???????? 10b /ls
3518194.d2 a4843451 eb026b s ???????? 003 /bcHead
3518194.5f 8ac50126 b343ab s ???????? 1c6 /sh
35181f4.e4 42f94048 043937 h ???????? 003 /wiki/NuriaOliver
3518332.dc 42f94048 043937 h ???????? 003 /wiki/AmyAragones
351833d.ab 42f94048 043937 h ???????? 003 /wiki/EytanBakshy
3518451.17 42f94046 043937 h ???????? 004 /wiki/FreddyLecue
35185ac.83 42f94046 043937 h ???????? 003 /wiki/GusGollings
351872c.6f 42f94048 043937 h ???????? 004 /wiki/MustHave
3518735.6d 42f94046 043937 h ???????? 004 /wiki/AmHs
35187bf.88 42f9598b 70a047 h ???????? 008 //rss.rdf
35188a8.93 42f94046 043937 h ???????? 003 /wiki/VodaFone
3518a18.e3 42f9404a 043937 h ???????? 004 /wiki/SurfStick
3518a36.23 40e9aca8 002725 h ???????? 002 /favicon.ico
3518a7e.47 403efca2 b5eaf4 h ???????? 002 /robots.txt
3518b29.40 42f9404a 043937 h ???????? 003 /wiki/GoodSpeak
3518cce.f1 42f94046 043937 h ???????? 004 /wiki/LockCloud
3518d60.8e 42f9404a 043937 h ???????? 002 //robots.txt
3518e04.bf 42f94048 043937 h ???????? 004 /wiki/PowerSet
3518e06.b5 42f9404a 043937 h ???????? 003 //wiki/EdgarSchein
3518e39.d4 b44c0f08 a04d28 h ???????? 004 /wiki/EstTla
3519057.01 bc78ed90 c22fe7 s ???????? 01f /
35190c3.79 bc78ed90 c22fe7 s ???????? 019 /
351912e.e9 bc78ed90 c22fe7 s ???????? 01a /
3519133.ea 42f9404a 043937 h ???????? 004 /wiki/TriebWagen
351913f.20 42f94046 043937 h ???????? 003 /wiki/EdgarSchein
3519253.3e 42f94048 043937 h ???????? 005 /wiki/StadtNiesky
3519345.25 bc78ed90 c22fe7 s ???????? 025 /
3519413.d2 bc78ed90 c22fe7 s ???????? 019 /
3519495.ad bc78ed90 c22fe7 s ???????? 01e /
351954e.ab 42f9404a 043937 h ???????? 003 /wiki/MichaelHupe
3519555.3f 42f94048 043937 h ???????? 004 /wiki/WettEinsatz
3519591.f5 bc78ed90 c22fe7 s ???????? 018 /
351962d.3b bc78ed90 c22fe7 s ???????? 018 /
351962e.5f 42f94046 043937 h ???????? 004 /wiki/InsaneNumber
35196b0.c3 bc78ed90 c22fe7 s ???????? 019 /
3519705.cb 42f9404a 043937 h ???????? 004 /wiki/DataLiberation
35197b3.0f b44c0f18 a04d28 h ???????? 01a /
35197dd.a5 d8f442e3 2e51d1 h ???????? 003 //robots.txt
351984b.0f 42f9404a 043937 h ???????? 005 /wiki/EmbraceAndExtend
3519889.1a d9b6843f 433e9c h ???????? 002 /edit/31056001
3519aa7.f2 bc78ed90 c22fe7 s ???????? 019 /
3519b3c.ad bc78ed90 c22fe7 s ???????? 01a /
3519bc7.62 c2bbaa70 ac35e0 h ???????? 003 /robots.txt
3519c86.8e 42f9404a 043937 h ???????? 004 /wiki/SaxonianGeekArmy
3519c8a.3d 42f94048 043937 h ???????? 004 /wiki/JyriEngestroem
3519d51.c4 42f94046 043937 h ???????? 005 /wiki/MartinWilhelmKutta
3519f39.5d 42f94048 043937 h ???????? 005 /wiki/GengxinMiao
3519fe4.fe 42f94048 043937 h ???????? 005 /wiki/GoggleEyes
351a063.4f 42f94046 043937 h ???????? 004 /wiki/MarLo
351a110.4e bc78ed90 c22fe7 s ???????? 020 /
351a152.8c c2bbaa70 ac35e0 h ???????? 002 //robots.txt
351a1c4.80 42f94048 043937 h ???????? 005 /wiki/HeinRich
351a2c4.f7 42f94046 043937 h ???????? 004 /wiki/SimonHarper
351a3f7.db 42f9404a 043937 h ???????? 004 /wiki/PhilipGroth
351a3fe.aa 42f94046 043937 h ???????? 004 /wiki/PeterScheir
351a52a.4f 42f94046 043937 h ???????? 004 /wiki/SheenMokLee
351a5c8.b9 42f95989 70a047 h ???????? 003 //rss.rdf
351a656.d4 42f9404a 043937 h ???????? 004 /wiki/ShenghuoZhu
351a769.d5 451effba 9c5581 h ???????? 01c /
351a76a.4e 451effba 3a5a31 h ???????? 003 /wp-content/uploads/8d4c22ec663b753.php
351a76a.91 451effba 3a5a31 h ???????? 002 /static/js/tiny_mce/plugins/tinybrowser/upload.php
351a76a.d2 451effba 3a5a31 h ???????? 002 /admin/lib/tiny_mce/plugins/tinybrowser/upload.php
351a76b.1e 451effba 3a5a31 h ???????? 002 /tiny_mce/plugins/tinybrowser/upload.php
351a76b.63 451effba 3a5a31 h ???????? 002 /editors/tinymce/jscripts/tiny_mce/plugins/tinybrowser/upload.php
351a76b.c6 451effba 9c5581 h ???????? 002 /uploadify/uploadify.php
351a76c.29 451effba 3a5a31 h ???????? 002 /8d4c22ec7b236db.php
351a76c.91 451effba 9c5581 h ???????? 003 /wp-admin/admin-ajax.php
351a76c.f6 451effba 3a5a31 h ???????? 002 /wp-content/plugins/revslider/temp/update_extract/8d4c22ec82805bc.php
351a76d.58 451effba 9c5581 h ???????? 003 /license.php
351a76d.c1 451effba 3a5a31 h ???????? 002 /8d4c22ec8a265b0.php
351a784.a7 42f9404a 043937 h ???????? 004 /wiki/JosDeBruijn
351a790.a6 42f94046 043937 h ???????? 003 /wiki/JeromeDavid
351a8dc.f1 42f9404a 043937 h ???????? 005 /wiki/HansTompits
351a9f3.6f 42f9404a 043937 h ???????? 004 /wiki/HainingWang
351aaef.10 42f94046 043937 h ???????? 004 /wiki/PankajMehra
351aaf2.14 42f94046 043937 h ???????? 004 /wiki/QiaoLingLiu
351ac22.ce 42f94046 043937 h ???????? 004 /wiki/DamianSteer
351ac82.ab 44b4e73e aec21f h ???????? 002 /robots.txt
351ac83.5d 44b4e73e aec21f h ???????? 004 /wiki/RaWa
351ad51.6b 42f94046 043937 h ???????? 004 /wiki/MarcoAiello
351ae70.40 42f9404a 043937 h ???????? 005 /wiki/JohnBrisbin
351ae75.68 42f94048 043937 h ???????? 005 /wiki/CosminStroe
351aed6.22 42f94048 043937 h ???????? 004 /wiki/BuzzRiders
351af08.17 7224e267 573285 h ???????? 003 /mysql/admin/
351af08.8d 7224e267 573285 h ???????? 003 /mysql/admin/
351af09.63 7224e267 573285 h ???????? 002 /mysql/dbadmin/
351af09.d9 7224e267 573285 h ???????? 002 /mysql/dbadmin/
351af0a.9e 7224e267 573285 h ???????? 002 /mysql/sqlmanager/
351af0b.17 7224e267 573285 h ???????? 003 /mysql/sqlmanager/
351af0b.e1 7224e267 573285 h ???????? 003 /mysql/mysqlmanager/
351af0c.5a 7224e267 573285 h ???????? 003 /mysql/mysqlmanager/
351af0d.30 7224e267 573285 h ???????? 003 /phpmyadmin/
351af0e.50 7224e267 573285 h ???????? 001 /phpmyadmin/
351af0f.03 7224e267 573285 h ???????? 001 /phpMyadmin/
351af0f.66 7224e267 573285 h ???????? 001 /phpMyadmin/
351af10.1d 7224e267 573285 h ???????? 000 /phpMyAdmin/
351af10.86 7224e267 573285 h ???????? 001 /phpMyAdmin/
351af11.44 7224e267 573285 h ???????? 001 /phpmyAdmin/
351af11.ae 7224e267 573285 h ???????? 001 /phpmyAdmin/
351af12.62 7224e267 573285 h ???????? 005 /phpmyadmin2/
351af12.c5 7224e267 573285 h ???????? 001 /phpmyadmin2/
351af13.74 7224e267 573285 h ???????? 001 /phpmyadmin3/
351af13.e0 7224e267 573285 h ???????? 001 /phpmyadmin3/
351af14.9a 7224e267 573285 h ???????? 002 /phpmyadmin4/
351af15.0d 7224e267 573285 h ???????? 001 /phpmyadmin4/
351af15.c4 7224e267 573285 h ???????? 001 /2phpmyadmin/
351af16.2c 7224e267 573285 h ???????? 001 /2phpmyadmin/
351af16.f3 7224e267 573285 h ???????? 002 /phpmy/
351af17.68 7224e267 573285 h ???????? 002 /phpmy/
351af18.20 7224e267 573285 h ???????? 001 /phppma/
351af18.87 7224e267 573285 h ???????? 001 /phppma/
351af19.41 7224e267 573285 h ???????? 002 /myadmin/
351af19.a7 7224e267 573285 h ???????? 001 /myadmin/
351af1a.86 a4843451 eb026b s ???????? 002 /bcHead
351af1a.5b 7224e267 573285 h ???????? 0ab /shopdb/
351af1b.0f a4843451 eb026b s ???????? 002 /bcHead
351af1a.f0 7224e267 573285 h ???????? 07d /shopdb/
351af1b.d5 7224e267 573285 h ???????? 002 /MyAdmin/
351af1c.45 7224e267 573285 h ???????? 001 /MyAdmin/
351af1c.fe 7224e267 573285 h ???????? 002 /program/
351af1d.68 7224e267 573285 h ???????? 002 /program/
351af1e.22 7224e267 573285 h ???????? 001 /PMA/
351af1e.85 7224e267 573285 h ???????? 001 /PMA/
351af1f.3a 7224e267 573285 h ???????? 001 /dbadmin/
351af1f.9e 7224e267 573285 h ???????? 002 /dbadmin/
351af20.58 7224e267 573285 h ???????? 007 /pma/
351af20.c4 7224e267 573285 h ???????? 002 /pma/
351af21.7f 7224e267 573285 h ???????? 001 /db/
351af21.ea 7224e267 573285 h ???????? 002 /db/
351af22.a4 7224e267 573285 h ???????? 001 /admin/
351af23.17 7224e267 573285 h ???????? 001 /admin/
351af23.d0 7224e267 573285 h ???????? 002 /mysql/
351af24.3e 7224e267 573285 h ???????? 002 /mysql/
351af24.f6 7224e267 573285 h ???????? 002 /database/
351af25.62 7224e267 573285 h ???????? 001 /database/
351af26.2f 7224e267 573285 h ???????? 001 /db/phpmyadmin/
351af26.9f 7224e267 573285 h ???????? 001 /db/phpmyadmin/
351af27.5a 7224e267 573285 h ???????? 002 /db/phpMyAdmin/
351af27.ca 7224e267 573285 h ???????? 002 /db/phpMyAdmin/
351af28.8f 7224e267 573285 h ???????? 002 /sqlmanager/
351af29.05 7224e267 573285 h ???????? 002 /sqlmanager/
351af29.be 7224e267 573285 h ???????? 002 /mysqlmanager/
351af2a.2c 7224e267 573285 h ???????? 001 /mysqlmanager/
351af2a.ef 7224e267 573285 h ???????? 002 /php-myadmin/
351af2b.63 7224e267 573285 h ???????? 002 /php-myadmin/
351af2c.2d 7224e267 573285 h ???????? 001 /phpmy-admin/
351af2c.a0 7224e267 573285 h ???????? 001 /phpmy-admin/
351af2d.62 7224e267 573285 h ???????? 001 /mysqladmin/
351af2d.ca 7224e267 573285 h ???????? 001 /mysqladmin/
351af2e.84 7224e267 573285 h ???????? 001 /mysql-admin/
351af2e.f9 7224e267 573285 h ???????? 007 /mysql-admin/
351af2f.be 7224e267 573285 h ???????? 002 /admin/phpmyadmin/
351af30.2c 7224e267 573285 h ???????? 002 /admin/phpmyadmin/
351af30.f4 7224e267 573285 h ???????? 002 /admin/phpMyAdmin/
351af31.67 7224e267 573285 h ???????? 001 /admin/phpMyAdmin/
351af32.2c 7224e267 573285 h ???????? 001 /admin/sysadmin/
351af32.a0 7224e267 573285 h ???????? 001 /admin/sysadmin/
351af33.5e 7224e267 573285 h ???????? 001 /admin/sqladmin/
351af33.d5 7224e267 573285 h ???????? 001 /admin/sqladmin/
351af34.9d 7224e267 573285 h ???????? 001 /admin/db/
351af35.0d 7224e267 573285 h ???????? 001 /admin/db/
351af35.d7 7224e267 573285 h ???????? 001 /admin/web/
351af36.47 7224e267 573285 h ???????? 002 /admin/web/
351af37.0f 7224e267 573285 h ???????? 002 /admin/pMA/
351af37.7d 7224e267 573285 h ???????? 001 /admin/pMA/
351af38.3d 7224e267 573285 h ???????? 001 /mysql/pma/
351af38.a8 7224e267 573285 h ???????? 002 /mysql/pma/
351af39.66 7224e267 573285 h ???????? 002 /mysql/db/
351af39.d4 7224e267 573285 h ???????? 002 /mysql/db/
351af3a.9d 7224e267 573285 h ???????? 002 /mysql/web/
351af3b.1a 7224e267 573285 h ???????? 002 /mysql/web/
351af3b.dc 7224e267 573285 h ???????? 001 /mysql/pMA/
351af3c.4f 7224e267 573285 h ???????? 002 /mysql/pMA/
351af3d.12 7224e267 573285 h ???????? 001 /sql/phpmanager/
351af3d.7f 7224e267 573285 h ???????? 002 /sql/phpmanager/
351af3e.4e 7224e267 573285 h ???????? 001 /sql/php-myadmin/
351af3e.be 7224e267 573285 h ???????? 002 /sql/php-myadmin/
351af3f.7b 7224e267 573285 h ???????? 007 /sql/phpmy-admin/
351af3f.e8 7224e267 573285 h ???????? 002 /sql/phpmy-admin/
351af40.a8 7224e267 573285 h ???????? 002 /sql/sql/
351af41.18 7224e267 573285 h ???????? 002 /sql/sql/
351af41.df 7224e267 573285 h ???????? 002 /sql/myadmin/
351af42.5a 7224e267 573285 h ???????? 001 /sql/myadmin/
351af43.15 7224e267 573285 h ???????? 002 /sql/webadmin/
351af43.86 7224e267 573285 h ???????? 002 /sql/webadmin/
351af44.46 7224e267 573285 h ???????? 002 /sql/sqlweb/
351af44.ba 7224e267 573285 h ???????? 002 /sql/sqlweb/
351af45.7c 7224e267 573285 h ???????? 002 /sql/websql/
351af45.f7 7224e267 573285 h ???????? 002 /sql/websql/
351af46.b1 7224e267 573285 h ???????? 002 /sql/webdb/
351af47.20 7224e267 573285 h ???????? 002 /sql/webdb/
351af47.e6 7224e267 573285 h ???????? 001 /sql/sqladmin/
351af48.5c 7224e267 573285 h ???????? 002 /sql/sqladmin/
351af49.20 7224e267 573285 h ???????? 002 /sql/sql-admin/
351af49.94 7224e267 573285 h ???????? 002 /sql/sql-admin/
351af4a.57 7224e267 573285 h ???????? 002 /sql/phpmyadmin2/
351af4a.c9 7224e267 573285 h ???????? 002 /sql/phpmyadmin2/
351af4b.8d 7224e267 573285 h ???????? 001 /sql/phpMyAdmin2/
351af4c.07 7224e267 573285 h ???????? 002 /sql/phpMyAdmin2/
351af4c.ce 7224e267 573285 h ???????? 002 /sql/phpMyAdmin/
351af4d.44 7224e267 573285 h ???????? 009 /sql/phpMyAdmin/
351af4e.03 7224e267 573285 h ???????? 003 /db/myadmin/
351af4e.70 7224e267 573285 h ???????? 001 /db/myadmin/
351af4f.2a 7224e267 573285 h ???????? 002 /db/webadmin/
351af4f.99 7224e267 573285 h ???????? 008 /db/webadmin/
351af50.61 7224e267 573285 h ???????? 002 /db/dbweb/
351af50.cf 7224e267 573285 h ???????? 002 /db/dbweb/
351af51.8a 7224e267 573285 h ???????? 002 /db/websql/
351af51.f8 7224e267 573285 h ???????? 002 /db/websql/
351af52.bb 7224e267 573285 h ???????? 002 /db/webdb/
351af53.2e 7224e267 573285 h ???????? 002 /db/webdb/
351af53.f4 7224e267 573285 h ???????? 002 /db/dbadmin/
351af54.69 7224e267 573285 h ???????? 002 /db/dbadmin/
351af55.33 7224e267 573285 h ???????? 003 /db/db-admin/
351af55.a8 7224e267 573285 h ???????? 001 /db/db-admin/
351af56.72 7224e267 573285 h ???????? 002 /db/phpmyadmin3/
351af56.e4 7224e267 573285 h ???????? 002 /db/phpmyadmin3/
351af57.a4 7224e267 573285 h ???????? 002 /db/phpMyAdmin3/
351af58.11 7224e267 573285 h ???????? 002 /db/phpMyAdmin3/
351af58.db 7224e267 573285 h ???????? 002 /db/phpMyAdmin-3/
351af59.51 7224e267 573285 h ???????? 002 /db/phpMyAdmin-3/
351af5a.13 7224e267 573285 h ???????? 002 /administrator/phpmyadmin/
351af5a.88 7224e267 573285 h ???????? 001 /administrator/phpmyadmin/
351af5b.56 7224e267 573285 h ???????? 002 /administrator/phpMyAdmin/
351af5b.c8 7224e267 573285 h ???????? 002 /administrator/phpMyAdmin/
351af5c.85 7224e267 573285 h ???????? 002 /administrator/db/
351af5c.f8 7224e267 573285 h ???????? 002 /administrator/db/
351af5d.bd 7224e267 573285 h ???????? 00a /administrator/web/
351af5e.33 7224e267 573285 h ???????? 002 /administrator/web/
351af5e.fd 7224e267 573285 h ???????? 002 /administrator/pma/
351af5f.79 7224e267 573285 h ???????? 002 /administrator/pma/
351af60.3f 7224e267 573285 h ???????? 002 /administrator/PMA/
351af60.b8 7224e267 573285 h ???????? 003 /administrator/PMA/
351af61.79 7224e267 573285 h ???????? 002 /administrator/admin/
351af61.f0 7224e267 573285 h ???????? 003 /administrator/admin/
351af62.b1 7224e267 573285 h ???????? 002 /phpMyAdmin2/
351af63.26 7224e267 573285 h ???????? 002 /phpMyAdmin2/
351af63.e8 7224e267 573285 h ???????? 002 /phpMyAdmin3/
351af64.5e 7224e267 573285 h ???????? 002 /phpMyAdmin3/
351af65.24 7224e267 573285 h ???????? 003 /phpMyAdmin4/
351af65.96 7224e267 573285 h ???????? 002 /phpMyAdmin4/
351af66.5c 7224e267 573285 h ???????? 003 /phpMyAdmin-3/
351af66.d4 7224e267 573285 h ???????? 002 /phpMyAdmin-3/
351af67.a7 7224e267 573285 h ???????? 003 /php-my-admin/
351af68.23 7224e267 573285 h ???????? 003 /php-my-admin/
351af68.f2 7224e267 573285 h ???????? 002 /PMA2011/
351af69.6e 7224e267 573285 h ???????? 002 /PMA2011/
351af6a.32 7224e267 573285 h ???????? 002 /PMA2012/
351af6a.a9 7224e267 573285 h ???????? 002 /PMA2012/
351af6b.6e 7224e267 573285 h ???????? 002 /PMA2013/
351af6b.e3 7224e267 573285 h ???????? 009 /PMA2013/
351af6c.ad 7224e267 573285 h ???????? 003 /PMA2014/
351af6d.28 7224e267 573285 h ???????? 002 /PMA2014/
351af6d.ec 7224e267 573285 h ???????? 002 /PMA2015/
351af6e.69 7224e267 573285 h ???????? 003 /PMA2015/
351af6f.45 7224e267 573285 h ???????? 002 /PMA2016/
351af6f.c0 7224e267 573285 h ???????? 003 /PMA2016/
351af70.96 7224e267 573285 h ???????? 004 /PMA2017/
351af71.13 7224e267 573285 h ???????? 002 /PMA2017/
351af71.da 7224e267 573285 h ???????? 002 /PMA2018/
351af72.50 7224e267 573285 h ???????? 003 /PMA2018/
351af73.10 7224e267 573285 h ???????? 002 /pma2011/
351af73.87 7224e267 573285 h ???????? 002 /pma2011/
351af74.59 7224e267 573285 h ???????? 004 /pma2012/
351af74.df 7224e267 573285 h ???????? 004 /pma2012/
351af75.ab 7224e267 573285 h ???????? 004 /pma2013/
351af76.28 7224e267 573285 h ???????? 003 /pma2013/
351af76.f7 7224e267 573285 h ???????? 003 /pma2014/
351af77.71 7224e267 573285 h ???????? 003 /pma2014/
351af78.3f 7224e267 573285 h ???????? 002 /pma2015/
351af78.ba 7224e267 573285 h ???????? 002 /pma2015/
351af79.90 7224e267 573285 h ???????? 003 /pma2016/
351af7a.17 7224e267 573285 h ???????? 002 /pma2016/
351af7a.e3 7224e267 573285 h ???????? 003 /pma2017/
351af7b.60 7224e267 573285 h ???????? 004 /pma2017/
351af7c.34 7224e267 573285 h ???????? 002 /pma2018/
351af7c.ae 7224e267 573285 h ???????? 002 /pma2018/
351af7d.78 7224e267 573285 h ???????? 003 /phpmyadmin2011/
351af7d.f6 7224e267 573285 h ???????? 003 /phpmyadmin2011/
351af7e.d2 7224e267 573285 h ???????? 002 /phpmyadmin2012/
351af7f.4c 7224e267 573285 h ???????? 002 /phpmyadmin2012/
351af80.18 7224e267 573285 h ???????? 003 /phpmyadmin2013/
351af80.91 7224e267 573285 h ???????? 002 /phpmyadmin2013/
351af81.57 7224e267 573285 h ???????? 003 /phpmyadmin2014/
351af81.d3 7224e267 573285 h ???????? 003 /phpmyadmin2014/
351af82.a3 7224e267 573285 h ???????? 002 /phpmyadmin2015/
351af83.24 7224e267 573285 h ???????? 003 /phpmyadmin2015/
351af83.f3 7224e267 573285 h ???????? 002 /phpmyadmin2016/
351af84.bb 7224e267 573285 h ???????? 002 /phpmyadmin2016/
351af85.7c 7224e267 573285 h ???????? 002 /phpmyadmin2017/
351af85.e9 7224e267 573285 h ???????? 002 /phpmyadmin2017/
351af86.a6 7224e267 573285 h ???????? 002 /phpmyadmin2018/
351af87.16 7224e267 573285 h ???????? 002 /phpmyadmin2018/
351af87.d9 7224e267 573285 h ???????? 002 /phpmanager/
351af88.4b 7224e267 573285 h ???????? 002 /phpmanager/
351afa6.3c 42f94046 043937 h ???????? 004 /wiki/RajeevGupta
351b0c9.c2 42f94046 043937 h ???????? 004 /wiki/HaiqiangZuo
351b1c2.7f 42f9404a 043937 h ???????? 00c /wiki/CadHackDay
351b203.09 42f94046 043937 h ???????? 004 /wiki/SergioGreco
351b20e.45 42f94046 043937 h ???????? 004 /wiki/SumeerBhola
351b34a.16 42f94046 043937 h ???????? 004 /wiki/WalterCorno
351b3e1.65 42f9404a 043937 h ???????? 004 /wiki/TamagOtchi
351b465.20 42f94046 043937 h ???????? 003 /wiki/AndrewBortz
351b527.03 42f94046 043937 h ???????? 004 /wiki/RadarFalle
351b57e.ba 42f94048 043937 h ???????? 004 /wiki/ZhiHongTian
351b58a.9d 42f9404a 043937 h ???????? 004 /wiki/DickQuartel
351b634.36 33ff412f 433e9c h ???????? 003 /edit/21576002
351b653.b8 a484a12c 433e9c h ???????? 004 /wiki/SingularSummitEurope
351b6ad.fc 42f94046 043937 h ???????? 004 /wiki/NikhilSwamy
351b749.12 a2d2c461 028fc4 h ???????? 002 //robots.txt
351b74c.36 a2d2c461 028fc4 h ???????? 01c /
351b83f.37 42f94046 043937 h ???????? 004 /wiki/EskoNuutila
351b90a.9b 42f94046 043937 h ???????? 004 /wiki/VickiHanson
351b90c.8d 42f94046 043937 h ???????? 004 /wiki/MarkMattern
351b930.81 42f94046 043937 h ???????? 003 /wiki/WahrSchein
351ba42.7d 42f94048 043937 h ???????? 004 /wiki/DavidePicca
351bb80.4c 42f9404a 043937 h ???????? 004 /wiki/EricPerkins
351bc9b.bc 42f94046 043937 h ???????? 004 /wiki/QingqingGan
351bcb6.2d 42f94046 043937 h ???????? 004 /wiki/DarkoAnicic
351bdc4.ba 42f94048 043937 h ???????? 005 /wiki/BenjaminCoe
351bef9.7d 42f94048 043937 h ???????? 004 /wiki/MarkJohnson
351bfdd.fe 42f94048 043937 h ???????? 004 /wiki/UlrichSchumacher
351c022.7c 42f94046 043937 h ???????? 004 /wiki/JungHwaChoi
351c02f.66 42f94048 043937 h ???????? 004 /wiki/BeomJongYou
351c14d.52 42f94048 043937 h ???????? 004 /wiki/AndreaProli
351c17e.6c ab0d0e05 12bd58 h ???????? 01b /
351c337.5d 42f95987 70a047 h ???????? 003 //rss.rdf
351c3d0.42 42f94046 043937 h ???????? 004 /wiki/JinpengHuai
351c4be.fd 42f9404a 043937 h ???????? 004 /wiki/PaoloPuliti
351c4d7.3d 42f94048 043937 h ???????? 003 /wiki/XuDongZhang
351c613.1a 42f9404a 043937 h ???????? 004 /wiki/XiaohongTan
351c720.69 42f9404a 043937 h ???????? 005 /wiki/HyoseopShin
351c84b.66 42f94046 043937 h ???????? 004 /wiki/ViviNastase
351c856.34 42f94048 043937 h ???????? 005 /wiki/YaoJenChang
351c972.ab 6bb2c2d3 71f2b9 s ???????? 013 /put/3d596f75724361726434326639346631310a48616c6c6f2c2064696573206973742065696e205a657474656c4b617374656e2e204f62656e206b616e6e73742044752064656e204e616d656e20646573205a657474656c732065696e676562656e2e0a0a4d69742065696e6572207370657a69656c6c656e204d61676965206e616d656e7320c2bb43616d656c43617365c2ab20656e7473746568656e204c696e6b732061756620616e64657265205a657474656c2e2050726f62696572206573206175733a20536368726569622065696e20576f72742c2064617320696d20576f7274696e6e6572656e206d696e64657374656e732065696e656e20776569746572656e2047726f73736275636873746162656e206861742c20646572206162657220766f6e204b6c65696e6275636873746162656e2062656e61636862617274206973743a20
351c9a2.a7 42f9404a 043937 h ???????? 004 /wiki/CliffJoslyn
351cad9.7c 42f9404a 043937 h ???????? 004 /wiki/IanHarrison
351cbf6.ef ab0d0e24 12bd58 h ???????? 01c /
351ce77.8c 42f94046 043937 h ???????? 005 /wiki/GaryPolhill
351ce87.af 42f94048 043937 h ???????? 004 /wiki/NicolaHenze
351cf45.2b 42f94048 043937 h ???????? 004 /wiki/EmilyKigel
351d10e.37 d5fb467e 573285 h ???????? 002 /mysql/admin/
351d10e.69 d5fb467e 573285 h ???????? 003 /mysql/admin/
351d10e.ab d5fb467e 573285 h ???????? 002 /mysql/dbadmin/
351d10e.db d5fb467e 573285 h ???????? 002 /mysql/dbadmin/
351d10f.17 d5fb467e 573285 h ???????? 003 /mysql/sqlmanager/
351d10f.89 d5fb467e 573285 h ???????? 003 /mysql/sqlmanager/
351d10f.c4 d5fb467e 573285 h ???????? 002 /mysql/mysqlmanager/
351d110.39 d5fb467e 573285 h ???????? 003 /mysql/mysqlmanager/
351d110.7c d5fb467e 573285 h ???????? 003 /phpmyadmin/
351d110.af d5fb467e 573285 h ???????? 002 /phpmyadmin/
351d112.25 d5fb467e 573285 h ???????? 002 /phpMyadmin/
351d112.56 d5fb467e 573285 h ???????? 003 /phpMyadmin/
351d112.91 d5fb467e 573285 h ???????? 002 /phpMyAdmin/
351d112.c2 d5fb467e 573285 h ???????? 003 /phpMyAdmin/
351d113.04 d5fb467e 573285 h ???????? 004 /phpmyAdmin/
351d113.37 d5fb467e 573285 h ???????? 00c /phpmyAdmin/
351d113.7b d5fb467e 573285 h ???????? 003 /phpmyadmin2/
351d113.c1 d5fb467e 573285 h ???????? 002 /phpmyadmin2/
351d113.fc d5fb467e 573285 h ???????? 002 /phpmyadmin3/
351d114.2f d5fb467e 573285 h ???????? 003 /phpmyadmin3/
351d114.6e d5fb467e 573285 h ???????? 002 /phpmyadmin4/
351d114.e0 d5fb467e 573285 h ???????? 003 /phpmyadmin4/
351d115.1d d5fb467e 573285 h ???????? 002 /2phpmyadmin/
351d115.4d d5fb467e 573285 h ???????? 003 /2phpmyadmin/
351d115.87 d5fb467e 573285 h ???????? 003 /phpmy/
351d115.b8 d5fb467e 573285 h ???????? 002 /phpmy/
351d115.f7 d5fb467e 573285 h ???????? 002 /phppma/
351d116.28 d5fb467e 573285 h ???????? 003 /phppma/
351d116.66 d5fb467e 573285 h ???????? 002 /myadmin/
351d116.d4 d5fb467e 573285 h ???????? 003 /myadmin/
351d117.56 a4843451 eb026b s ???????? 004 /bcHead
351d117.10 d5fb467e 573285 h ???????? 117 /shopdb/
351d117.c5 a4843451 eb026b s ???????? 004 /bcHead
351d117.8f d5fb467e 573285 h ???????? 0d8 /shopdb/
351d118.05 d5fb467e 573285 h ???????? 003 /MyAdmin/
351d118.36 d5fb467e 573285 h ???????? 003 /MyAdmin/
351d118.72 d5fb467e 573285 h ???????? 003 /program/
351d118.a6 d5fb467e 573285 h ???????? 003 /program/
351d118.f6 d5fb467e 573285 h ???????? 003 /PMA/
351d119.29 d5fb467e 573285 h ???????? 002 /PMA/
351d119.66 d5fb467e 573285 h ???????? 003 /dbadmin/
351d119.99 d5fb467e 573285 h ???????? 002 /dbadmin/
351d11a.2b d5fb467e 573285 h ???????? 003 /pma/
351d11a.5c d5fb467e 573285 h ???????? 002 /pma/
351d11f.0f d5fb467e 573285 h ???????? 004 /admin/
351d11f.49 d5fb467e 573285 h ???????? 003 /admin/
351d11f.84 d5fb467e 573285 h ???????? 002 /mysql/
351d11f.b6 d5fb467e 573285 h ???????? 002 /mysql/
351d11f.f1 d5fb467e 573285 h ???????? 003 /database/
351d120.43 d5fb467e 573285 h ???????? 002 /database/
351d120.81 d5fb467e 573285 h ???????? 003 /db/phpmyadmin/
351d120.b4 d5fb467e 573285 h ???????? 002 /db/phpmyadmin/
351d120.f2 d5fb467e 573285 h ???????? 003 /db/phpMyAdmin/
351d121.2f d5fb467e 573285 h ???????? 003 /db/phpMyAdmin/
351d121.77 d5fb467e 573285 h ???????? 002 /sqlmanager/
351d121.aa d5fb467e 573285 h ???????? 003 /sqlmanager/
351d121.e8 d5fb467e 573285 h ???????? 003 /mysqlmanager/
351d122.1f d5fb467e 573285 h ???????? 003 /mysqlmanager/
351d122.5f d5fb467e 573285 h ???????? 003 /php-myadmin/
351d122.93 d5fb467e 573285 h ???????? 02a /php-myadmin/
351d122.ee d5fb467e 573285 h ???????? 003 /phpmy-admin/
351d123.22 d5fb467e 573285 h ???????? 003 /phpmy-admin/
351d123.60 d5fb467e 573285 h ???????? 004 /mysqladmin/
351d123.93 d5fb467e 573285 h ???????? 002 /mysqladmin/
351d125.3c d5fb467e 573285 h ???????? 00b /mysql-admin/
351d125.74 d5fb467e 573285 h ???????? 003 /mysql-admin/
351d127.1f d5fb467e 573285 h ???????? 003 /admin/phpmyadmin/
351d127.54 d5fb467e 573285 h ???????? 003 /admin/phpmyadmin/
351d127.93 d5fb467e 573285 h ???????? 003 /admin/phpMyAdmin/
351d128.40 d5fb467e 573285 h ???????? 003 /admin/phpMyAdmin/
351d128.82 d5fb467e 573285 h ???????? 003 /admin/sysadmin/
351d128.b7 d5fb467e 573285 h ???????? 003 /admin/sysadmin/
351d128.f8 d5fb467e 573285 h ???????? 002 /admin/sqladmin/
351d129.2e d5fb467e 573285 h ???????? 003 /admin/sqladmin/
351d129.70 d5fb467e 573285 h ???????? 003 /admin/db/
351d129.a9 d5fb467e 573285 h ???????? 003 /admin/db/
351d129.ea d5fb467e 573285 h ???????? 003 /admin/web/
351d12a.24 d5fb467e 573285 h ???????? 003 /admin/web/
351d12a.68 d5fb467e 573285 h ???????? 003 /admin/pMA/
351d12a.9c d5fb467e 573285 h ???????? 003 /admin/pMA/
351d12b.4e d5fb467e 573285 h ???????? 001 /mysql/pma/
351d12b.76 d5fb467e 573285 h ???????? 001 /mysql/pma/
351d12b.a4 d5fb467e 573285 h ???????? 002 /mysql/db/
351d12b.c7 d5fb467e 573285 h ???????? 001 /mysql/db/
351d12b.f7 d5fb467e 573285 h ???????? 001 /mysql/web/
351d12c.1b d5fb467e 573285 h ???????? 002 /mysql/web/
351d12c.48 d5fb467e 573285 h ???????? 002 /mysql/pMA/
351d12c.6c d5fb467e 573285 h ???????? 001 /mysql/pMA/
351d12c.9b d5fb467e 573285 h ???????? 001 /sql/phpmanager/
351d12c.bf d5fb467e 573285 h ???????? 001 /sql/phpmanager/
351d12c.ee d5fb467e 573285 h ???????? 007 /sql/php-myadmin/
351d12d.14 d5fb467e 573285 h ???????? 001 /sql/php-myadmin/
351d12d.44 d5fb467e 573285 h ???????? 001 /sql/phpmy-admin/
351d12d.68 d5fb467e 573285 h ???????? 002 /sql/phpmy-admin/
351d12d.97 d5fb467e 573285 h ???????? 002 /sql/sql/
351d12d.bb d5fb467e 573285 h ???????? 001 /sql/sql/
351d12d.ef d5fb467e 573285 h ???????? 001 /sql/myadmin/
351d12e.13 d5fb467e 573285 h ???????? 002 /sql/myadmin/
351d12e.43 d5fb467e 573285 h ???????? 001 /sql/webadmin/
351d12e.68 d5fb467e 573285 h ???????? 002 /sql/webadmin/
351d12e.9a d5fb467e 573285 h ???????? 001 /sql/sqlweb/
351d12e.c1 d5fb467e 573285 h ???????? 001 /sql/sqlweb/
351d12e.ef d5fb467e 573285 h ???????? 002 /sql/websql/
351d12f.13 d5fb467e 573285 h ???????? 002 /sql/websql/
351d130.76 d5fb467e 573285 h ???????? 001 /sql/webdb/
351d130.9b d5fb467e 573285 h ???????? 002 /sql/webdb/
351d130.d2 d5fb467e 573285 h ???????? 001 /sql/sqladmin/
351d130.f6 d5fb467e 573285 h ???????? 001 /sql/sqladmin/
351d131.25 d5fb467e 573285 h ???????? 002 /sql/sql-admin/
351d131.49 d5fb467e 573285 h ???????? 002 /sql/sql-admin/
351d131.79 d5fb467e 573285 h ???????? 001 /sql/phpmyadmin2/
351d131.df d5fb467e 573285 h ???????? 001 /sql/phpmyadmin2/
351d132.12 d5fb467e 573285 h ???????? 001 /sql/phpMyAdmin2/
351d132.76 d5fb467e 573285 h ???????? 001 /sql/phpMyAdmin2/
351d132.a7 d5fb467e 573285 h ???????? 001 /sql/phpMyAdmin/
351d132.cc d5fb467e 573285 h ???????? 002 /sql/phpMyAdmin/
351d132.fc d5fb467e 573285 h ???????? 001 /db/myadmin/
351d133.21 d5fb467e 573285 h ???????? 002 /db/myadmin/
351d133.51 d5fb467e 573285 h ???????? 002 /db/webadmin/
351d133.78 d5fb467e 573285 h ???????? 001 /db/webadmin/
351d133.ab d5fb467e 573285 h ???????? 001 /db/dbweb/
351d133.d1 d5fb467e 573285 h ???????? 001 /db/dbweb/
351d134.00 d5fb467e 573285 h ???????? 002 /db/websql/
351d134.26 d5fb467e 573285 h ???????? 002 /db/websql/
351d134.60 d5fb467e 573285 h ???????? 002 /db/webdb/
351d134.87 d5fb467e 573285 h ???????? 001 /db/webdb/
351d134.ba d5fb467e 573285 h ???????? 001 /db/dbadmin/
351d134.e7 d5fb467e 573285 h ???????? 002 /db/dbadmin/
351d135.1c d5fb467e 573285 h ???????? 002 /db/db-admin/
351d135.46 d5fb467e 573285 h ???????? 001 /db/db-admin/
351d135.75 d5fb467e 573285 h ???????? 002 /db/phpmyadmin3/
351d135.9e d5fb467e 573285 h ???????? 001 /db/phpmyadmin3/
351d135.ee d5fb467e 573285 h ???????? 002 /db/phpMyAdmin3/
351d136.19 d5fb467e 573285 h ???????? 002 /db/phpMyAdmin3/
351d136.49 d5fb467e 573285 h ???????? 002 /db/phpMyAdmin-3/
351d136.72 d5fb467e 573285 h ???????? 002 /db/phpMyAdmin-3/
351d136.a9 d5fb467e 573285 h ???????? 002 /administrator/phpmyadmin/
351d136.d6 d5fb467e 573285 h ???????? 001 /administrator/phpmyadmin/
351d137.09 d5fb467e 573285 h ???????? 002 /administrator/phpMyAdmin/
351d137.34 d5fb467e 573285 h ???????? 002 /administrator/phpMyAdmin/
351d137.67 d5fb467e 573285 h ???????? 001 /administrator/db/
351d137.91 d5fb467e 573285 h ???????? 002 /administrator/db/
351d137.cc d5fb467e 573285 h ???????? 002 /administrator/web/
351d137.f2 d5fb467e 573285 h ???????? 002 /administrator/web/
351d138.2b d5fb467e 573285 h ???????? 001 /administrator/pma/
351d138.5c d5fb467e 573285 h ???????? 001 /administrator/pma/
351d138.8f d5fb467e 573285 h ???????? 002 /administrator/PMA/
351d138.b8 d5fb467e 573285 h ???????? 001 /administrator/PMA/
351d138.f1 d5fb467e 573285 h ???????? 002 /administrator/admin/
351d139.1b d5fb467e 573285 h ???????? 002 /administrator/admin/
351d13a.b7 d5fb467e 573285 h ???????? 002 /phpMyAdmin2/
351d13a.df d5fb467e 573285 h ???????? 002 /phpMyAdmin2/
351d13b.13 d5fb467e 573285 h ???????? 002 /phpMyAdmin3/
351d13b.42 d5fb467e 573285 h ???????? 002 /phpMyAdmin3/
351d13c.77 d5fb467e 573285 h ???????? 002 /phpMyAdmin4/
351d13c.a2 d5fb467e 573285 h ???????? 002 /phpMyAdmin4/
351d13c.d4 d5fb467e 573285 h ???????? 002 /phpMyAdmin-3/
351d13c.fc d5fb467e 573285 h ???????? 002 /phpMyAdmin-3/
351d13d.34 d5fb467e 573285 h ???????? 002 /php-my-admin/
351d13d.5d d5fb467e 573285 h ???????? 003 /php-my-admin/
351d13d.92 d5fb467e 573285 h ???????? 002 /PMA2011/
351d13d.bd d5fb467e 573285 h ???????? 002 /PMA2011/
351d13d.f1 d5fb467e 573285 h ???????? 002 /PMA2012/
351d13e.1c d5fb467e 573285 h ???????? 002 /PMA2012/
351d13e.51 d5fb467e 573285 h ???????? 002 /PMA2013/
351d13e.79 d5fb467e 573285 h ???????? 002 /PMA2013/
351d13e.cc d5fb467e 573285 h ???????? 002 /PMA2014/
351d13e.f3 d5fb467e 573285 h ???????? 001 /PMA2014/
351d13f.2a d5fb467e 573285 h ???????? 002 /PMA2015/
351d13f.59 d5fb467e 573285 h ???????? 002 /PMA2015/
351d13f.8f d5fb467e 573285 h ???????? 002 /PMA2016/
351d13f.ba d5fb467e 573285 h ???????? 002 /PMA2016/
351d13f.f0 d5fb467e 573285 h ???????? 002 /PMA2017/
351d140.1c d5fb467e 573285 h ???????? 002 /PMA2017/
351d140.52 d5fb467e 573285 h ???????? 002 /PMA2018/
351d140.7d d5fb467e 573285 h ???????? 003 /PMA2018/
351d140.b4 d5fb467e 573285 h ???????? 002 /pma2011/
351d140.e2 d5fb467e 573285 h ???????? 003 /pma2011/
351d141.1a d5fb467e 573285 h ???????? 002 /pma2012/
351d141.46 d5fb467e 573285 h ???????? 002 /pma2012/
351d141.7d d5fb467e 573285 h ???????? 002 /pma2013/
351d141.aa d5fb467e 573285 h ???????? 002 /pma2013/
351d141.e9 d5fb467e 573285 h ???????? 002 /pma2014/
351d142.14 d5fb467e 573285 h ???????? 002 /pma2014/
351d142.4b d5fb467e 573285 h ???????? 002 /pma2015/
351d142.74 d5fb467e 573285 h ???????? 002 /pma2015/
351d142.ab d5fb467e 573285 h ???????? 002 /pma2016/
351d142.d7 d5fb467e 573285 h ???????? 002 /pma2016/
351d143.0b d5fb467e 573285 h ???????? 002 /pma2017/
351d143.3c d5fb467e 573285 h ???????? 003 /pma2017/
351d144.a6 d5fb467e 573285 h ???????? 003 /pma2018/
351d144.d4 d5fb467e 573285 h ???????? 002 /pma2018/
351d145.11 d5fb467e 573285 h ???????? 002 /phpmyadmin2011/
351d145.40 d5fb467e 573285 h ???????? 002 /phpmyadmin2011/
351d145.7b d5fb467e 573285 h ???????? 002 /phpmyadmin2012/
351d145.a8 d5fb467e 573285 h ???????? 002 /phpmyadmin2012/
351d145.e2 d5fb467e 573285 h ???????? 003 /phpmyadmin2013/
351d146.12 d5fb467e 573285 h ???????? 002 /phpmyadmin2013/
351d146.49 d5fb467e 573285 h ???????? 002 /phpmyadmin2014/
351d146.78 d5fb467e 573285 h ???????? 002 /phpmyadmin2014/
351d146.b4 d5fb467e 573285 h ???????? 002 /phpmyadmin2015/
351d146.e3 d5fb467e 573285 h ???????? 003 /phpmyadmin2015/
351d147.1a d5fb467e 573285 h ???????? 002 /phpmyadmin2016/
351d147.46 d5fb467e 573285 h ???????? 003 /phpmyadmin2016/
351d147.7f d5fb467e 573285 h ???????? 002 /phpmyadmin2017/
351d147.a9 d5fb467e 573285 h ???????? 002 /phpmyadmin2017/
351d147.e0 d5fb467e 573285 h ???????? 002 /phpmyadmin2018/
351d148.0d d5fb467e 573285 h ???????? 002 /phpmyadmin2018/
351d148.44 d5fb467e 573285 h ???????? 002 /phpmanager/
351d148.70 d5fb467e 573285 h ???????? 002 /phpmanager/
351d19c.71 42f94046 043937 h ???????? 005 /wiki/IngmarWeber
351d286.6f 42f94048 043937 h ???????? 005 /wiki/YihFarnChen
351d33a.82 42f94048 043937 h ???????? 004 /wiki/DanielMeyer
351d365.32 42f94046 043937 h ???????? 004 /wiki/MarcusSpies
351d462.3e 42f94048 043937 h ???????? 005 /wiki/AntonRiabov
351d47c.6d 5d9e983e e4b041 h ???????? 002 /robots.txt
351d480.58 5d9e983e e4b041 h ???????? 01e /
351d4b9.01 b44c0f9e a04d28 h ???????? 02a /edit/19986002
351d4fa.b9 42f94048 043937 h ???????? 005 /wiki/JeffreyXuYu
351d549.92 284da73f 6a88e8 h ???????? 01d /
351d631.ba 42f94048 043937 h ???????? 005 /wiki/ThomasEiter
351d689.4c 42f94048 043937 h ???????? 004 /wiki/EnriqueAlba
351d740.85 42f94046 043937 h ???????? 005 /wiki/VincentWade
351d75c.3f 5d9e983e e4b041 h ???????? 003 /robots.txt
351d760.35 5d9e983e e4b041 h ???????? 01d /
351d844.ed 3691faf7 4ebbdb h ???????? 003 /base/robots.txt
351da93.ea 33ff4124 433e9c h ???????? 01f /edit/16236008
351db43.1f 42f9404a 043937 h ???????? 005 /wiki/XinJingWang
351dc05.6d 42f94048 043937 h ???????? 005 /wiki/WikiPage
351dc0c.b7 42f94048 043937 h ???????? 004 /wiki/WolfgangMay
351dc4a.45 cd8b8d36 209ef4 h ???????? 003 //rss.rdf
351dc50.52 42f0c08a 2b9388 s ???????? 02b /
351ddd1.78 42f9404a 043937 h ???????? 005 /wiki/MarkGreaves
351de72.32 42f94046 043937 h ???????? 005 /wiki/KopfWelt
351dfe1.5d 42f9404a 043937 h ???????? 005 /wiki/GusztiEiben
351dffc.fc 42f94048 043937 h ???????? 006 /wiki/AndreasTolk
351e107.28 42f94046 043937 h ???????? 004 /wiki/MatthewRowe
351e1f1.0b 42f94046 043937 h ???????? 005 /wiki/FaezehEnsan
351e2dd.b6 42f94048 043937 h ???????? 005 /wiki/OscarCorcho
351e3f0.9a 42f94046 043937 h ???????? 006 /wiki/KarstenWolf
351e47f.34 42f94046 043937 h ???????? 005 /wiki/KerryTaylor
351e494.df 42f95987 70a047 h ???????? 003 //rss.rdf
351e514.c2 44b4e73e aec21f h ???????? 003 /crush
351e5de.30 42f94046 043937 h ???????? 004 /wiki/SatoruIzumi
351e5ef.26 42f94048 043937 h ???????? 005 /wiki/JayMcCarthy
351e6ec.44 42f94048 043937 h ???????? 005 /wiki/TomasVitvar
351e7cf.44 42f94046 043937 h ???????? 005 /wiki/JavierLopez
351e8a5.84 a4340784 7a122d h ???????? 023 /
351e8a6.47 42f94046 043937 h ???????? 00d /wiki/FulvioCorno
351e9bc.02 42f9404a 043937 h ???????? 005 /wiki/ParagSingla
351e9d2.2b 42f9404a 043937 h ???????? 004 /wiki/AlainGiboin
351ea55.c4 2ee5a464 2e29b5 h ???????? 003 /robots.txt
351ea65.4c 33ff4762 433e9c h ???????? 002 /edit/3856001
351eb09.78 bc78ed90 c22fe7 s ???????? 021 /
351ed53.78 42f94048 043937 h ???????? 005 /wiki/JohnBreslin
351edb9.79 42f94048 043937 h ???????? 004 /wiki/AiCanvas
351ee2a.f5 42f9404a 043937 h ???????? 005 /wiki/VipulMathur
351eedc.9d 42f94048 043937 h ???????? 005 /wiki/JorgeGracia
351efa2.c0 42f94048 043937 h ???????? 004 /wiki/AjayChander
351f0e4.6c 42f9404a 043937 h ???????? 005 /wiki/SangkeunLee
351f127.36 b44c0f89 a04d28 h ???????? 022 /
351f237.82 42f9404a 043937 h ???????? 005 /wiki/GlendaKelly
351f34c.fb 42f94046 043937 h ???????? 005 /wiki/YelenaYesha
351f41b.fe 42f94048 043937 h ???????? 005 /wiki/EduardoMena
351f428.3c 42f94048 043937 h ???????? 004 /wiki/SumitMittal
351f51d.45 42f94046 043937 h ???????? 006 /wiki/MartinHuber
351f5ed.55 42f9404a 043937 h ???????? 006 /wiki/BobWielinga
351f6a7.2a 42f94048 043937 h ???????? 005 /wiki/JamesDobree
351f6b1.41 42f94046 043937 h ???????? 005 /wiki/KaiminZhang
351f7cc.0d 426608ca 002725 h ???????? 003 /favicon.ico
351f915.18 42f94046 043937 h ???????? 005 /wiki/FrancoisBry
351f95c.48 9d372730 6a88e8 s ???????? 003 /robots.txt
351f95f.d6 284da72b 6a88e8 s ???????? 021 /
351fa44.b1 42f9404a 043937 h ???????? 002 /wiki/HaewoonKwak
351fa45.3a 42f94046 043937 h ???????? 002 /wiki/YvesRaimond
351fc5e.9d 42f94048 043937 h ???????? 002 /wiki/SungKookHan
351fd24.99 42f94048 043937 h ???????? 002 /wiki/JohnGoodwin
351fd3f.39 9750277b 433e9c h ???????? 001 /robots.txt
351fdff.ac 42f94046 043937 h ???????? 002 /wiki/JongWookKim
351feeb.b6 42f9404a 043937 h ???????? 003 /wiki/AlfredoGoni
351ff78.6a 42f94046 043937 h ???????? 002 /wiki/HeikoLudwig
351ff7c.26 42f94046 043937 h ???????? 002 /wiki/TorstenSuel
