35900a9.03 42f942c6 043937 h ???????? 007 /wiki/PauloPinheiroDaSilva
3590178.54 42f942c8 043937 h ???????? 005 /wiki/MassimilianoCiaramita
359017a.5e 42f942c6 043937 h ???????? 004 /wiki/VassilisChristophides
35902ac.fc 42f942c6 043937 h ???????? 005 /wiki/MuhammadAhtishamAslam
35903dd.2d 42f942c6 043937 h ???????? 004 /wiki/JagannathanSrinivasan
35904f9.db 42f942c8 043937 h ???????? 004 /wiki/MahadevSatyanarayanan
359062e.23 42f942ca 043937 h ???????? 004 /wiki/RafaelBerlangaLlavori
3590633.9f 42f942c8 043937 h ???????? 004 /wiki/KonstantinosTarabanis
3590729.cd 42f942c8 043937 h ???????? 004 /wiki/ReCovery
3590770.75 42f942ca 043937 h ???????? 004 /wiki/AntoniaChavezGonzales
3590810.be a484a15b 433e9c h ???????? 003 /edit/31136001
3590888.c3 42f942c6 043937 h ???????? 005 /wiki/FrancoisMarieLesaffre
35909a1.b1 42f95cc7 70a047 h ???????? 003 //rss.rdf
35909a7.f7 42f942c8 043937 h ???????? 004 /wiki/CarlosHenriqueRibeiro
35909ac.50 42f942c6 043937 h ???????? 004 /wiki/RafaelLiberatoRoberto
3590ada.85 42f942ca 043937 h ???????? 005 /wiki/GrazynaPaliwodaPekosz
3590b1e.4d cf2e0d67 6a88e8 h ???????? 03b /
3590bee.8f 42f942c8 043937 h ???????? 006 /wiki/GunnarAastrandGrimnes
3590d3e.71 42f942ca 043937 h ???????? 005 /wiki/PaulaLaviniaPatranjan
3590d42.d8 42f942c6 043937 h ???????? 004 /wiki/ChaitanyaChemudugunta
3590e5b.bc 42f942c6 043937 h ???????? 004 /wiki/RenatoDominguezGarcia
3590f58.50 4ad07c41 dc1a18 h ???????? 021 /
3590f59.1a 4ad07c41 dc1a18 h ???????? 003 //https://floatingboat2013.appspot.com
3590f59.ce 4ad07c41 dc1a18 h ???????? 004 //wiki/AlanTuring
3590f5d.8f 4ad07c41 dc1a18 h ???????? 004 //wiki/GottfriedWilhelmLeibniz
3590f81.5e 42f942c6 043937 h ???????? 005 /wiki/BorisVillazonTerrazas
35910ad.62 42f942c6 043937 h ???????? 005 /wiki/ChristineDeichstetter
35910b1.75 42f942c6 043937 h ???????? 005 /wiki/MiguelEstebanGutierrez
35911c9.3a 42f942c8 043937 h ???????? 005 /wiki/AlexandraPoulovassilis
3591306.56 42f942c6 043937 h ???????? 005 /wiki/ChristianKohlschuetter
3591472.41 42f942c8 043937 h ???????? 005 /wiki/YolandaBlancoFernandez
3591473.6f 42f942c8 043937 h ???????? 005 /wiki/PhijaranaRattanathikum
3591561.1a 42f942ca 043937 h ???????? 005 /wiki/MarcosMenarguezTortosa
359167d.f3 42f942c8 043937 h ???????? 004 /wiki/JohannChristophFreytag
35917b7.d9 42f942c6 043937 h ???????? 005 /wiki/FernandoOrtizRodriguez
35917b8.b3 42f942c6 043937 h ???????? 004 /wiki/NathalieAussenacGilles
35918ec.d5 42f942ca 043937 h ???????? 005 /wiki/FilmMusik
35918fe.2e 42f942c6 043937 h ???????? 005 /wiki/StavrosChristodoulakis
3591924.e5 42660988 002725 h ???????? 003 /favicon.ico
35919f9.c1 42f942c8 043937 h ???????? 005 /wiki/DavidMaxwellChickering
3591b44.ef 42f942ca 043937 h ???????? 005 /wiki/KathleenStewartHornsby
3591b46.0e 42f942c8 043937 h ???????? 004 /wiki/FrancescoCorcoglioniti
3591c69.60 42f942c8 043937 h ???????? 005 /wiki/JavierEsplugasCuadrado
3591cb9.3a 33ff4129 433e9c h ???????? 004 /edit/29356001
3591d9f.58 42f942ca 043937 h ???????? 005 /wiki/PhilippKarger
3591ecf.4f 42f942ca 043937 h ???????? 006 /wiki/ChristosGkantsidis
3591ed1.df 42f942c8 043937 h ???????? 005 /wiki/DanielHuttenlocher
3591ffc.33 42f942c6 043937 h ???????? 005 /wiki/DhiogoCardosoSilva
359211c.21 42f942c6 043937 h ???????? 006 /wiki/GermanTorodelValle
3592244.de 42f942c6 043937 h ???????? 005 /wiki/AleksandraKorolova
3592245.db 42f94606 043937 h ???????? 005 /wiki/DimitriTheodoratos
3592378.18 42f942c6 043937 h ???????? 005 /wiki/ThomasKrennwallner
35924b0.31 42f942c8 043937 h ???????? 005 /wiki/MalgorzataSteinder
35925da.5c 42f942c8 043937 h ???????? 005 /wiki/RupertWestenthaler
3592702.94 42f942c6 043937 h ???????? 005 /wiki/AlexanderHogenboom
3592706.df 42f942c8 043937 h ???????? 005 /wiki/MasatoshiYoshikawa
359281f.c3 42f942ca 043937 h ???????? 005 /wiki/SuzetteStoutenburg
359284f.3e 33ff4107 433e9c h ???????? 020 /
35928a4.2b 8ac56f3f 65acd4 h ???????? 01f /
35928a9.31 8ac56f3f 65acd4 h ???????? 003 /alive/4
35928a9.3c 8ac56f3f 65acd4 h ???????? 003 /feel/4
3592952.73 42f942c6 043937 h ???????? 005 /wiki/ChutipornAnutariya
3592a81.fc 42f942c6 043937 h ???????? 006 /wiki/SunchaiMeenorngwar
3592a82.e5 42f942c8 043937 h ???????? 005 /wiki/LucianoTEPansanato
3592aaf.ac 42f942c6 043937 h ???????? 005 /wiki/PaulCohen
3592b8c.3f 4e2e2319 7dfab1 h ???????? 004 //rss.jsp
3592b8c.74 4e2e2319 7dfab1 h ???????? 003 //rss.jsp
3592bb6.b8 42f942c8 043937 h ???????? 005 /wiki/NikolaosTsouroulas
3592bf6.a5 42f95cc9 70a047 h ???????? 003 //rss.rdf
3592c9d.e8 2ea5c58e 028fc4 h ???????? 003 //robots.txt
3592ca1.bc 2ea5c58e 028fc4 h ???????? 021 /
3592cdb.77 42f942c6 043937 h ???????? 005 /wiki/GiovanniTummarello
3592e37.73 42f942c8 043937 h ???????? 006 /wiki/MukundSundararajan
3592e3e.f9 42f942c8 043937 h ???????? 005 /wiki/LorettaGuarinoReid
3592eb4.4a 44b4e73e aec21f s ???????? 003 /DearRay
3592f36.04 42f942c6 043937 h ???????? 006 /wiki/VickyPapavassiliou
359305c.b4 42f942c6 043937 h ???????? 005 /wiki/AlessandraMartello
3593187.17 42f942ca 043937 h ???????? 006 /wiki/RajeshBalakrishnan
359318e.2e 42f942ca 043937 h ???????? 005 /wiki/AndrewRussellGreen
35932b1.a7 42f942c8 043937 h ???????? 005 /wiki/ClaudioSchifanella
35933e3.fb 42f942ca 043937 h ???????? 005 /wiki/BonaventuraCoppola
3593545.c8 42f942c6 043937 h ???????? 005 /wiki/EvaMariaGahleitner
359355f.5a 42f942ca 043937 h ???????? 006 /wiki/IsmailHakkiToroslu
3593637.9e 42f942c8 043937 h ???????? 006 /wiki/ErnestoJimenezRuiz
3593764.48 42f942c6 043937 h ???????? 006 /wiki/HelmarGust
3593891.e3 42f942c6 043937 h ???????? 006 /wiki/LakshminarayananSubramanian
3593898.3d 42f942c6 043937 h ???????? 005 /wiki/FrankvanHarmelen
35939c9.3a 42f942c6 043937 h ???????? 005 /wiki/RobbertVanRenesse
3593aeb.66 42f942ca 043937 h ???????? 006 /wiki/CristianDanescuNiculescuMizil
3593bf5.da 42f942c6 043937 h ???????? 005 /wiki/ChristosChalkiopoulosChristos
3593c17.81 42f942c6 043937 h ???????? 005 /wiki/CarolaReddigSiekmann
3593c72.b4 42f942c6 043937 h ???????? 006 /wiki/PseudoNym
3593d41.45 42f942c8 043937 h ???????? 005 /wiki/OnTheTopicOfResistance
3593dc8.f8 cf2e0dc0 6a88e8 h ???????? 004 //robots.txt
3593e88.71 42f942ca 043937 h ???????? 005 /wiki/QNsePZj
3593ef7.c6 33ff4135 433e9c h ???????? 004 /edit/27986001
3593ffb.29 33ff4152 433e9c h ???????? 024 /edit/13546001
3594286.31 bce88fd8 b66a08 h ???????? 006 /wiki/LockConsultIndividual/
35942bc.63 b44c0f22 a04d28 h ???????? 006 /wiki/MindPost
3594933.a3 42f95ccb 70a047 h ???????? 006 //rss.rdf
3594e35.f5 42f942ca 043937 h ???????? 009 /wiki/KnausOgino
3594f06.97 c2bbaa81 ac35e0 h ???????? 002 /robots.txt
3594f0c.57 bc285186 7dfab1 h ???????? 002 //rss.jsp
3594f0c.77 bc285186 7dfab1 h ???????? 002 //rss.jsp
3594f25.e7 bc285186 7dfab1 h ???????? 001 //rss.jsp
3594f26.09 bc285186 7dfab1 h ???????? 001 //rss.jsp
3594fcd.c4 c73aa481 3d8b22 h ???????? 011 /
3595065.a9 403efca2 b5eaf4 h ???????? 002 /robots.txt
3595099.27 bc285186 7dfab1 h ???????? 003 //rss.jsp
3595099.4d bc285186 7dfab1 h ???????? 005 //rss.jsp
35950a5.0a bc285186 7dfab1 h ???????? 002 //rss.jsp
35950a5.2d bc285186 7dfab1 h ???????? 002 //rss.jsp
3595416.3b 8ac51235 6a9be8 s ???????? 012 /
3595438.22 bc286647 7dfab1 h ???????? 001 //rss.jsp
3595438.47 bc286647 7dfab1 h ???????? 002 //rss.jsp
359547a.0f c2bbaa81 ac35e0 h ???????? 008 //robots.txt
3595697.32 9d372776 6a88e8 h ???????? 003 /robots.txt
3595725.c0 9d3727ff 6a88e8 h ???????? 012 /
3595ac3.24 b44c0f09 a04d28 h ???????? 003 /wiki/DemoSkopie
3595c1d.2c cf2e0d67 6a88e8 h ???????? 01b /
3595ef4.1f 894ac96c 433e9c h ???????? 002 /edit/31206001
3595fb2.11 4a7d4c63 55c2cd h ???????? 001 //rss.rdf
3595fd5.20 cf2e0d91 6a88e8 h ???????? 002 /wiki/DeWikiPedia
3596009.a4 42f942ca 043937 h ???????? 002 /wiki/LockTeam
3596039.fd d05cdaa2 e78e5f h ???????? 016 /
359603a.54 d05cdaa2 e78e5f h ???????? 002 /favicon.ico
359660e.de 42f95cc7 70a047 h ???????? 003 //rss.rdf
3596614.23 d9b68412 433e9c h ???????? 003 /wiki/LongBetOne
3596cf6.fb 5d9e983e e4b041 h ???????? 001 /robots.txt
3596cfa.d5 5d9e983e e4b041 h ???????? 013 /
35971bc.36 42f942ca 043937 h ???????? 003 /wiki/MindCity
35975a1.77 a484a124 433e9c h ???????? 002 /edit/23236005
35978c2.a9 403efca4 b5eaf4 h ???????? 002 /robots.txt
3597bc7.19 99cdefe4 573285 h ???????? 002 /mysql/admin/
3597bc7.88 99cdefe4 573285 h ???????? 001 /mysql/admin/
3597bc8.4a 99cdefe4 573285 h ???????? 001 /mysql/dbadmin/
3597bc8.b7 99cdefe4 573285 h ???????? 007 /mysql/dbadmin/
3597bc9.7b 99cdefe4 573285 h ???????? 001 /mysql/sqlmanager/
3597bc9.e6 99cdefe4 573285 h ???????? 002 /mysql/sqlmanager/
3597bca.a6 99cdefe4 573285 h ???????? 002 /mysql/mysqlmanager/
3597bcb.19 99cdefe4 573285 h ???????? 001 /mysql/mysqlmanager/
3597bcb.d7 99cdefe4 573285 h ???????? 001 /phpmyadmin/
3597bcc.47 99cdefe4 573285 h ???????? 001 /phpmyadmin/
3597bcd.07 99cdefe4 573285 h ???????? 001 /phpMyadmin/
3597bcd.73 99cdefe4 573285 h ???????? 001 /phpMyadmin/
3597bce.3a 99cdefe4 573285 h ???????? 002 /phpMyAdmin/
3597bce.aa 99cdefe4 573285 h ???????? 002 /phpMyAdmin/
3597bcf.71 99cdefe4 573285 h ???????? 001 /phpmyAdmin/
3597bcf.e3 99cdefe4 573285 h ???????? 001 /phpmyAdmin/
3597bd0.af 99cdefe4 573285 h ???????? 001 /phpmyadmin2/
3597bd1.1d 99cdefe4 573285 h ???????? 001 /phpmyadmin2/
3597bd1.dd 99cdefe4 573285 h ???????? 001 /phpmyadmin3/
3597bd2.49 99cdefe4 573285 h ???????? 002 /phpmyadmin3/
3597bd2.fd 99cdefe4 573285 h ???????? 001 /phpmyadmin4/
3597bd3.6c 99cdefe4 573285 h ???????? 001 /phpmyadmin4/
3597bd4.2b 99cdefe4 573285 h ???????? 001 /2phpmyadmin/
3597bd4.98 99cdefe4 573285 h ???????? 001 /2phpmyadmin/
3597bd5.6a 99cdefe4 573285 h ???????? 002 /phpmy/
3597bd5.d6 99cdefe4 573285 h ???????? 001 /phpmy/
3597bd6.93 99cdefe4 573285 h ???????? 002 /phppma/
3597bd7.0d 99cdefe4 573285 h ???????? 002 /phppma/
3597bd7.c5 99cdefe4 573285 h ???????? 002 /myadmin/
3597bd8.30 99cdefe4 573285 h ???????? 002 /myadmin/
3597bd8.c6 40e9acac 002725 h ???????? 002 /favicon.ico
3597bd9.26 a4843451 eb026b s ???????? 003 /bcHead
3597bd8.ed 99cdefe4 573285 h ???????? 0e2 /shopdb/
3597bd9.ba a4843451 eb026b s ???????? 002 /bcHead
3597bd9.91 99cdefe4 573285 h ???????? 0a2 /shopdb/
3597bda.7f 99cdefe4 573285 h ???????? 004 /MyAdmin/
3597bda.f1 99cdefe4 573285 h ???????? 001 /MyAdmin/
3597bdb.b1 99cdefe4 573285 h ???????? 001 /program/
3597bdc.25 99cdefe4 573285 h ???????? 002 /program/
3597bdc.de 99cdefe4 573285 h ???????? 002 /PMA/
3597bdd.4d 99cdefe4 573285 h ???????? 001 /PMA/
3597bde.0c 99cdefe4 573285 h ???????? 001 /dbadmin/
3597bde.78 99cdefe4 573285 h ???????? 002 /dbadmin/
3597bdf.35 99cdefe4 573285 h ???????? 001 /pma/
3597bdf.9f 99cdefe4 573285 h ???????? 001 /pma/
3597be0.5c 99cdefe4 573285 h ???????? 002 /db/
3597be0.c8 99cdefe4 573285 h ???????? 001 /db/
3597be1.82 99cdefe4 573285 h ???????? 002 /admin/
3597be1.ea 99cdefe4 573285 h ???????? 002 /admin/
3597be2.ae 99cdefe4 573285 h ???????? 002 /mysql/
3597be3.1e 99cdefe4 573285 h ???????? 002 /mysql/
3597be3.d8 99cdefe4 573285 h ???????? 001 /database/
3597be4.42 99cdefe4 573285 h ???????? 002 /database/
3597be4.f8 99cdefe4 573285 h ???????? 002 /db/phpmyadmin/
3597be5.66 99cdefe4 573285 h ???????? 001 /db/phpmyadmin/
3597be6.2a 99cdefe4 573285 h ???????? 001 /db/phpMyAdmin/
3597be6.96 99cdefe4 573285 h ???????? 002 /db/phpMyAdmin/
3597be7.56 99cdefe4 573285 h ???????? 002 /sqlmanager/
3597be7.c3 99cdefe4 573285 h ???????? 002 /sqlmanager/
3597be8.7f 99cdefe4 573285 h ???????? 002 /mysqlmanager/
3597be8.ef 99cdefe4 573285 h ???????? 002 /mysqlmanager/
3597be9.a9 99cdefe4 573285 h ???????? 001 /php-myadmin/
3597bea.15 99cdefe4 573285 h ???????? 002 /php-myadmin/
3597bea.d0 99cdefe4 573285 h ???????? 002 /phpmy-admin/
3597beb.38 99cdefe4 573285 h ???????? 002 /phpmy-admin/
3597beb.ed 99cdefe4 573285 h ???????? 002 /mysqladmin/
3597bec.60 99cdefe4 573285 h ???????? 001 /mysqladmin/
3597bed.17 99cdefe4 573285 h ???????? 002 /mysql-admin/
3597bed.85 99cdefe4 573285 h ???????? 009 /mysql-admin/
3597bee.50 99cdefe4 573285 h ???????? 002 /admin/phpmyadmin/
3597bee.c1 99cdefe4 573285 h ???????? 002 /admin/phpmyadmin/
3597bef.86 99cdefe4 573285 h ???????? 002 /admin/phpMyAdmin/
3597bef.fa 99cdefe4 573285 h ???????? 008 /admin/phpMyAdmin/
3597bf0.c5 99cdefe4 573285 h ???????? 002 /admin/sysadmin/
3597bf1.34 99cdefe4 573285 h ???????? 002 /admin/sysadmin/
3597bf1.f3 99cdefe4 573285 h ???????? 002 /admin/sqladmin/
3597bf2.64 99cdefe4 573285 h ???????? 00b /admin/sqladmin/
3597bf3.26 99cdefe4 573285 h ???????? 002 /admin/db/
3597bf3.92 99cdefe4 573285 h ???????? 002 /admin/db/
3597bf4.57 99cdefe4 573285 h ???????? 002 /admin/web/
3597bf4.d0 99cdefe4 573285 h ???????? 001 /admin/web/
3597bf5.99 99cdefe4 573285 h ???????? 001 /admin/pMA/
3597bf6.1b 99cdefe4 573285 h ???????? 002 /admin/pMA/
3597bf6.eb 99cdefe4 573285 h ???????? 003 /mysql/pma/
3597bf7.5d 99cdefe4 573285 h ???????? 003 /mysql/pma/
3597bf8.20 99cdefe4 573285 h ???????? 002 /mysql/db/
3597bf8.92 99cdefe4 573285 h ???????? 002 /mysql/db/
3597bf9.52 99cdefe4 573285 h ???????? 002 /mysql/web/
3597bf9.c5 99cdefe4 573285 h ???????? 002 /mysql/web/
3597bfa.8b 99cdefe4 573285 h ???????? 002 /mysql/pMA/
3597bfb.03 99cdefe4 573285 h ???????? 002 /mysql/pMA/
3597bfb.c7 99cdefe4 573285 h ???????? 002 /sql/phpmanager/
3597bfc.3b 99cdefe4 573285 h ???????? 002 /sql/phpmanager/
3597bfc.fc 99cdefe4 573285 h ???????? 002 /sql/php-myadmin/
3597bfd.6f 99cdefe4 573285 h ???????? 002 /sql/php-myadmin/
3597bfe.44 99cdefe4 573285 h ???????? 003 /sql/phpmy-admin/
3597bfe.b2 99cdefe4 573285 h ???????? 002 /sql/phpmy-admin/
3597bff.74 99cdefe4 573285 h ???????? 002 /sql/sql/
3597bff.e4 99cdefe4 573285 h ???????? 002 /sql/sql/
3597c00.a5 99cdefe4 573285 h ???????? 001 /sql/myadmin/
3597c01.2a 99cdefe4 573285 h ???????? 002 /sql/myadmin/
3597c01.f7 99cdefe4 573285 h ???????? 003 /sql/webadmin/
3597c02.6f 99cdefe4 573285 h ???????? 004 /sql/webadmin/
3597c03.3a 99cdefe4 573285 h ???????? 002 /sql/sqlweb/
3597c03.b0 99cdefe4 573285 h ???????? 002 /sql/sqlweb/
3597c05.76 99cdefe4 573285 h ???????? 002 /sql/websql/
3597c05.e7 99cdefe4 573285 h ???????? 002 /sql/websql/
3597c06.a9 99cdefe4 573285 h ???????? 002 /sql/webdb/
3597c07.22 99cdefe4 573285 h ???????? 002 /sql/webdb/
3597c07.ea 99cdefe4 573285 h ???????? 002 /sql/sqladmin/
3597c08.63 99cdefe4 573285 h ???????? 002 /sql/sqladmin/
3597c09.2a 99cdefe4 573285 h ???????? 002 /sql/sql-admin/
3597c09.a6 99cdefe4 573285 h ???????? 002 /sql/sql-admin/
3597c0a.80 99cdefe4 573285 h ???????? 002 /sql/phpmyadmin2/
3597c0b.0a 99cdefe4 573285 h ???????? 003 /sql/phpmyadmin2/
3597c0b.d2 99cdefe4 573285 h ???????? 003 /sql/phpMyAdmin2/
3597c0c.43 99cdefe4 573285 h ???????? 002 /sql/phpMyAdmin2/
3597c0d.0d 99cdefe4 573285 h ???????? 003 /sql/phpMyAdmin/
3597c0d.84 99cdefe4 573285 h ???????? 002 /sql/phpMyAdmin/
3597c0e.4f 99cdefe4 573285 h ???????? 002 /db/myadmin/
3597c0e.c3 99cdefe4 573285 h ???????? 002 /db/myadmin/
3597c0f.88 99cdefe4 573285 h ???????? 002 /db/webadmin/
3597c0f.fd 99cdefe4 573285 h ???????? 002 /db/webadmin/
3597c10.c7 99cdefe4 573285 h ???????? 00b /db/dbweb/
3597c11.40 99cdefe4 573285 h ???????? 002 /db/dbweb/
3597c12.0e 99cdefe4 573285 h ???????? 002 /db/websql/
3597c12.86 99cdefe4 573285 h ???????? 002 /db/websql/
3597c13.4e 99cdefe4 573285 h ???????? 00a /db/webdb/
3597c13.c3 99cdefe4 573285 h ???????? 003 /db/webdb/
3597c14.88 99cdefe4 573285 h ???????? 002 /db/dbadmin/
3597c15.02 99cdefe4 573285 h ???????? 003 /db/dbadmin/
3597c15.d4 99cdefe4 573285 h ???????? 002 /db/db-admin/
3597c16.52 99cdefe4 573285 h ???????? 002 /db/db-admin/
3597c17.30 99cdefe4 573285 h ???????? 002 /db/phpmyadmin3/
3597c17.9f 99cdefe4 573285 h ???????? 003 /db/phpmyadmin3/
3597c18.6b 99cdefe4 573285 h ???????? 003 /db/phpMyAdmin3/
3597c18.e4 99cdefe4 573285 h ???????? 002 /db/phpMyAdmin3/
3597c19.ab 99cdefe4 573285 h ???????? 003 /db/phpMyAdmin-3/
3597c1a.25 99cdefe4 573285 h ???????? 003 /db/phpMyAdmin-3/
3597c1a.fa 99cdefe4 573285 h ???????? 002 /administrator/phpmyadmin/
3597c1b.74 99cdefe4 573285 h ???????? 002 /administrator/phpmyadmin/
3597c1c.41 99cdefe4 573285 h ???????? 002 /administrator/phpMyAdmin/
3597c1c.b8 99cdefe4 573285 h ???????? 002 /administrator/phpMyAdmin/
3597c1d.84 99cdefe4 573285 h ???????? 003 /administrator/db/
3597c1d.fd 99cdefe4 573285 h ???????? 006 /administrator/db/
3597c1e.c6 99cdefe4 573285 h ???????? 002 /administrator/web/
3597c1f.3e 99cdefe4 573285 h ???????? 002 /administrator/web/
3597c20.07 99cdefe4 573285 h ???????? 002 /administrator/pma/
3597c20.79 99cdefe4 573285 h ???????? 003 /administrator/pma/
3597c21.42 99cdefe4 573285 h ???????? 003 /administrator/PMA/
3597c21.c8 99cdefe4 573285 h ???????? 002 /administrator/PMA/
3597c22.91 99cdefe4 573285 h ???????? 002 /administrator/admin/
3597c23.06 99cdefe4 573285 h ???????? 002 /administrator/admin/
3597c23.ce 99cdefe4 573285 h ???????? 002 /phpMyAdmin2/
3597c24.5f 99cdefe4 573285 h ???????? 003 /phpMyAdmin2/
3597c25.2d 99cdefe4 573285 h ???????? 002 /phpMyAdmin3/
3597c25.a4 99cdefe4 573285 h ???????? 002 /phpMyAdmin3/
3597c26.6e 99cdefe4 573285 h ???????? 002 /phpMyAdmin4/
3597c26.e1 99cdefe4 573285 h ???????? 003 /phpMyAdmin4/
3597c27.ab 99cdefe4 573285 h ???????? 002 /phpMyAdmin-3/
3597c28.22 99cdefe4 573285 h ???????? 003 /phpMyAdmin-3/
3597c28.e8 99cdefe4 573285 h ???????? 002 /php-my-admin/
3597c29.64 99cdefe4 573285 h ???????? 003 /php-my-admin/
3597c2a.31 99cdefe4 573285 h ???????? 003 /PMA2011/
3597c2a.a6 99cdefe4 573285 h ???????? 002 /PMA2011/
3597c2b.6b 99cdefe4 573285 h ???????? 002 /PMA2012/
3597c2b.e1 99cdefe4 573285 h ???????? 002 /PMA2012/
3597c2c.a7 99cdefe4 573285 h ???????? 003 /PMA2013/
3597c2d.1b 99cdefe4 573285 h ???????? 003 /PMA2013/
3597c2d.e2 99cdefe4 573285 h ???????? 003 /PMA2014/
3597c2e.5d 99cdefe4 573285 h ???????? 009 /PMA2014/
3597c2f.31 99cdefe4 573285 h ???????? 002 /PMA2015/
3597c2f.ad 99cdefe4 573285 h ???????? 002 /PMA2015/
3597c30.7b 99cdefe4 573285 h ???????? 003 /PMA2016/
3597c30.fa 99cdefe4 573285 h ???????? 003 /PMA2016/
3597c31.c9 99cdefe4 573285 h ???????? 002 /PMA2017/
3597c32.41 99cdefe4 573285 h ???????? 002 /PMA2017/
3597c33.0d 99cdefe4 573285 h ???????? 003 /PMA2018/
3597c33.86 99cdefe4 573285 h ???????? 002 /PMA2018/
3597c34.4e 99cdefe4 573285 h ???????? 003 /pma2011/
3597c34.c6 99cdefe4 573285 h ???????? 003 /pma2011/
3597c35.8d 99cdefe4 573285 h ???????? 003 /pma2012/
3597c36.0b 99cdefe4 573285 h ???????? 00b /pma2012/
3597c36.d6 99cdefe4 573285 h ???????? 002 /pma2013/
3597c37.4f 99cdefe4 573285 h ???????? 003 /pma2013/
3597c38.20 99cdefe4 573285 h ???????? 002 /pma2014/
3597c38.9b 99cdefe4 573285 h ???????? 00f /pma2014/
3597c39.70 99cdefe4 573285 h ???????? 003 /pma2015/
3597c39.ea 99cdefe4 573285 h ???????? 002 /pma2015/
3597c3a.bb 99cdefe4 573285 h ???????? 003 /pma2016/
3597c3b.39 99cdefe4 573285 h ???????? 003 /pma2016/
3597c3c.07 99cdefe4 573285 h ???????? 003 /pma2017/
3597c3c.7f 99cdefe4 573285 h ???????? 003 /pma2017/
3597c3d.4d 99cdefe4 573285 h ???????? 003 /pma2018/
3597c3d.cc 99cdefe4 573285 h ???????? 003 /pma2018/
3597c3e.9c 99cdefe4 573285 h ???????? 003 /phpmyadmin2011/
3597c3f.1b 99cdefe4 573285 h ???????? 003 /phpmyadmin2011/
3597c3f.e9 99cdefe4 573285 h ???????? 004 /phpmyadmin2012/
3597c40.6b 99cdefe4 573285 h ???????? 003 /phpmyadmin2012/
3597c41.39 99cdefe4 573285 h ???????? 003 /phpmyadmin2013/
3597c41.b4 99cdefe4 573285 h ???????? 003 /phpmyadmin2013/
3597c42.7e 99cdefe4 573285 h ???????? 003 /phpmyadmin2014/
3597c42.f8 99cdefe4 573285 h ???????? 003 /phpmyadmin2014/
3597c43.c0 99cdefe4 573285 h ???????? 003 /phpmyadmin2015/
3597c44.36 99cdefe4 573285 h ???????? 003 /phpmyadmin2015/
3597c45.03 99cdefe4 573285 h ???????? 003 /phpmyadmin2016/
3597c45.ce 99cdefe4 573285 h ???????? 007 /phpmyadmin2016/
3597c46.9d 99cdefe4 573285 h ???????? 002 /phpmyadmin2017/
3597c47.15 99cdefe4 573285 h ???????? 002 /phpmyadmin2017/
3597c47.d9 99cdefe4 573285 h ???????? 002 /phpmyadmin2018/
3597c48.46 99cdefe4 573285 h ???????? 002 /phpmyadmin2018/
3597c49.12 99cdefe4 573285 h ???????? 002 /phpmanager/
3597c49.8b 99cdefe4 573285 h ???????? 002 /phpmanager/
3597cee.5a 33ff4158 433e9c h ???????? 002 /edit/28016003
3597dca.fb 33ff4129 433e9c h ???????? 003 /edit/21796002
3598263.51 42f95cc9 70a047 h ???????? 003 //rss.rdf
359837e.c2 42f942c6 043937 h ???????? 004 /wiki/BenBecker
3599404.80 a484a146 433e9c h ???????? 004 /edit/29146008
3599541.ce 42f942ca 043937 h ???????? 004 /wiki/BauKasten
35999fa.f9 b99cadf0 c71b0b h ???????? 003 /stalker_portal/server/adm/tv-channels/iptv-list-json
3599edd.0e 42f95cc9 70a047 h ???????? 003 //rss.rdf
359a1b1.eb 403efca2 b5eaf4 h ???????? 003 /robots.txt
359a478.c0 4a73d69e 3d8b22 h ???????? 022 /
359a6de.44 c0639364 554020 h ???????? 004 /rss.rdf
359a704.bf 42f942ca 043937 h ???????? 004 /wiki/GregBrown
359a8da.3e 9d372719 6a88e8 h ???????? 003 /robots.txt
359a8de.0b cf2e0d91 6a88e8 h ???????? 004 /wiki/AcceleratingFuturePeopleDatabase
359ab05.6d b44c0f9c a04d28 h ???????? 023 /love/1e
359abdf.20 5e171487 976046 h ???????? 01c /
359b5c3.80 6d6dfe8a 7454d3 h ???????? 003 //rss.rdf
359b831.48 8ba271cc 976046 s ???????? 02e /
359b8c7.e8 42f942ca 043937 h ???????? 003 /wiki/McDonalds
359ba6f.24 44b4e6f1 aec21f h ???????? 002 //robots.txt
359ba70.27 44b4e73e aec21f h ???????? 002 /robots.txt
359ba70.c6 44b4e73e aec21f h ???????? 00b /wiki/ZeugenKurzweils
359bd0b.4f 42f95ccb 70a047 h ???????? 007 //rss.rdf
359c1e1.60 8c7f7236 573285 h ???????? 004 /mysql/admin/
359c1e1.ce 8c7f7236 573285 h ???????? 003 /mysql/admin/
359c1e2.85 8c7f7236 573285 h ???????? 008 /mysql/dbadmin/
359c1e2.f6 8c7f7236 573285 h ???????? 00b /mysql/dbadmin/
359c1e3.b5 8c7f7236 573285 h ???????? 002 /mysql/sqlmanager/
359c1e4.22 8c7f7236 573285 h ???????? 002 /mysql/sqlmanager/
359c1e4.d9 8c7f7236 573285 h ???????? 002 /mysql/mysqlmanager/
359c1e5.48 8c7f7236 573285 h ???????? 002 /mysql/mysqlmanager/
359c1e6.01 8c7f7236 573285 h ???????? 004 /phpmyadmin/
359c1e6.72 8c7f7236 573285 h ???????? 002 /phpmyadmin/
359c1e7.29 8c7f7236 573285 h ???????? 003 /phpMyadmin/
359c1e7.98 8c7f7236 573285 h ???????? 002 /phpMyadmin/
359c1e8.5e 8c7f7236 573285 h ???????? 002 /phpMyAdmin/
359c1e8.ce 8c7f7236 573285 h ???????? 002 /phpMyAdmin/
359c1e9.8a 8c7f7236 573285 h ???????? 003 /phpmyAdmin/
359c1e9.fd 8c7f7236 573285 h ???????? 003 /phpmyAdmin/
359c1ea.b7 8c7f7236 573285 h ???????? 002 /phpmyadmin2/
359c1eb.27 8c7f7236 573285 h ???????? 007 /phpmyadmin2/
359c1eb.e0 8c7f7236 573285 h ???????? 002 /phpmyadmin3/
359c1ec.57 8c7f7236 573285 h ???????? 00b /phpmyadmin3/
359c1ed.12 8c7f7236 573285 h ???????? 002 /phpmyadmin4/
359c1ed.83 8c7f7236 573285 h ???????? 002 /phpmyadmin4/
359c1ee.3a 8c7f7236 573285 h ???????? 003 /2phpmyadmin/
359c1ee.a9 8c7f7236 573285 h ???????? 003 /2phpmyadmin/
359c1ef.65 8c7f7236 573285 h ???????? 003 /phpmy/
359c1ef.db 8c7f7236 573285 h ???????? 002 /phpmy/
359c1f0.95 8c7f7236 573285 h ???????? 003 /phppma/
359c1f1.05 8c7f7236 573285 h ???????? 002 /phppma/
359c1f1.cb 8c7f7236 573285 h ???????? 003 /myadmin/
359c1f2.40 8c7f7236 573285 h ???????? 004 /myadmin/
359c1f3.41 a4843451 eb026b s ???????? 006 /bcHead
359c1f3.06 8c7f7236 573285 h ???????? 0ef /shopdb/
359c1f3.dd a4843451 eb026b s ???????? 004 /bcHead
359c1f3.b1 8c7f7236 573285 h ???????? 0b2 /shopdb/
359c1f4.99 8c7f7236 573285 h ???????? 002 /MyAdmin/
359c1f5.10 8c7f7236 573285 h ???????? 003 /MyAdmin/
359c1f5.d3 8c7f7236 573285 h ???????? 003 /program/
359c1f6.4a 8c7f7236 573285 h ???????? 002 /program/
359c1f7.07 8c7f7236 573285 h ???????? 00c /PMA/
359c1f7.7d 8c7f7236 573285 h ???????? 002 /PMA/
359c1f8.39 8c7f7236 573285 h ???????? 002 /dbadmin/
359c1f8.a9 8c7f7236 573285 h ???????? 002 /dbadmin/
359c1f9.67 8c7f7236 573285 h ???????? 003 /pma/
359c1f9.d8 8c7f7236 573285 h ???????? 003 /pma/
359c1fa.96 8c7f7236 573285 h ???????? 002 /db/
359c1fb.07 8c7f7236 573285 h ???????? 002 /db/
359c1fb.c1 8c7f7236 573285 h ???????? 003 /admin/
359c1fc.33 8c7f7236 573285 h ???????? 003 /admin/
359c1fc.f2 8c7f7236 573285 h ???????? 002 /mysql/
359c1fd.6b 8c7f7236 573285 h ???????? 002 /mysql/
359c1fe.28 8c7f7236 573285 h ???????? 002 /database/
359c1fe.99 8c7f7236 573285 h ???????? 003 /database/
359c1ff.57 8c7f7236 573285 h ???????? 003 /db/phpmyadmin/
359c1ff.cb 8c7f7236 573285 h ???????? 00a /db/phpmyadmin/
359c200.8b 8c7f7236 573285 h ???????? 00c /db/phpMyAdmin/
359c201.04 8c7f7236 573285 h ???????? 004 /db/phpMyAdmin/
359c201.c3 8c7f7236 573285 h ???????? 003 /sqlmanager/
359c202.37 8c7f7236 573285 h ???????? 003 /sqlmanager/
359c202.f3 8c7f7236 573285 h ???????? 003 /mysqlmanager/
359c203.64 8c7f7236 573285 h ???????? 002 /mysqlmanager/
359c204.24 8c7f7236 573285 h ???????? 003 /php-myadmin/
359c204.97 8c7f7236 573285 h ???????? 002 /php-myadmin/
359c205.52 8c7f7236 573285 h ???????? 003 /phpmy-admin/
359c205.c5 8c7f7236 573285 h ???????? 002 /phpmy-admin/
359c206.83 8c7f7236 573285 h ???????? 003 /mysqladmin/
359c207.02 8c7f7236 573285 h ???????? 003 /mysqladmin/
359c207.bf 8c7f7236 573285 h ???????? 003 /mysql-admin/
359c207.fe 284da713 6a88e8 s ???????? 024 /
359c208.30 8c7f7236 573285 h ???????? 002 /mysql-admin/
359c208.f0 8c7f7236 573285 h ???????? 003 /admin/phpmyadmin/
359c209.63 8c7f7236 573285 h ???????? 003 /admin/phpmyadmin/
359c20a.24 8c7f7236 573285 h ???????? 004 /admin/phpMyAdmin/
359c20a.9d 8c7f7236 573285 h ???????? 005 /admin/phpMyAdmin/
359c20b.62 8c7f7236 573285 h ???????? 002 /admin/sysadmin/
359c20b.d4 8c7f7236 573285 h ???????? 003 /admin/sysadmin/
359c20c.93 8c7f7236 573285 h ???????? 002 /admin/sqladmin/
359c20d.06 8c7f7236 573285 h ???????? 003 /admin/sqladmin/
359c20d.c4 8c7f7236 573285 h ???????? 004 /admin/db/
359c20e.3b 8c7f7236 573285 h ???????? 003 /admin/db/
359c20e.fa 8c7f7236 573285 h ???????? 002 /admin/web/
359c20f.6f 8c7f7236 573285 h ???????? 002 /admin/web/
359c210.2d 8c7f7236 573285 h ???????? 003 /admin/pMA/
359c210.a3 8c7f7236 573285 h ???????? 003 /admin/pMA/
359c211.60 8c7f7236 573285 h ???????? 003 /mysql/pma/
359c211.dc 8c7f7236 573285 h ???????? 002 /mysql/pma/
359c212.9b 8c7f7236 573285 h ???????? 003 /mysql/db/
359c213.11 8c7f7236 573285 h ???????? 003 /mysql/db/
359c213.d5 8c7f7236 573285 h ???????? 002 /mysql/web/
359c214.49 8c7f7236 573285 h ???????? 002 /mysql/web/
359c215.07 8c7f7236 573285 h ???????? 003 /mysql/pMA/
359c215.7e 8c7f7236 573285 h ???????? 003 /mysql/pMA/
359c216.40 8c7f7236 573285 h ???????? 003 /sql/phpmanager/
359c216.b8 8c7f7236 573285 h ???????? 003 /sql/phpmanager/
359c217.77 8c7f7236 573285 h ???????? 003 /sql/php-myadmin/
359c217.ed 8c7f7236 573285 h ???????? 003 /sql/php-myadmin/
359c218.aa 8c7f7236 573285 h ???????? 003 /sql/phpmy-admin/
359c219.24 8c7f7236 573285 h ???????? 003 /sql/phpmy-admin/
359c219.e3 8c7f7236 573285 h ???????? 004 /sql/sql/
359c21a.59 8c7f7236 573285 h ???????? 003 /sql/sql/
359c21b.1d 8c7f7236 573285 h ???????? 004 /sql/myadmin/
359c21b.92 8c7f7236 573285 h ???????? 003 /sql/myadmin/
359c21c.57 8c7f7236 573285 h ???????? 003 /sql/webadmin/
359c21c.d2 8c7f7236 573285 h ???????? 003 /sql/webadmin/
359c21d.f4 8c7f7236 573285 h ???????? 002 /sql/sqlweb/
359c21e.5b 8c7f7236 573285 h ???????? 002 /sql/sqlweb/
359c21f.0c 8c7f7236 573285 h ???????? 001 /sql/websql/
359c21f.76 8c7f7236 573285 h ???????? 001 /sql/websql/
359c220.26 8c7f7236 573285 h ???????? 001 /sql/webdb/
359c220.8b 8c7f7236 573285 h ???????? 002 /sql/webdb/
359c221.3b 8c7f7236 573285 h ???????? 001 /sql/sqladmin/
359c221.9e 8c7f7236 573285 h ???????? 001 /sql/sqladmin/
359c222.4e 8c7f7236 573285 h ???????? 002 /sql/sql-admin/
359c222.b4 8c7f7236 573285 h ???????? 008 /sql/sql-admin/
359c223.66 8c7f7236 573285 h ???????? 002 /sql/phpmyadmin2/
359c223.cb 8c7f7236 573285 h ???????? 001 /sql/phpmyadmin2/
359c224.7b 8c7f7236 573285 h ???????? 001 /sql/phpMyAdmin2/
359c224.e3 8c7f7236 573285 h ???????? 002 /sql/phpMyAdmin2/
359c225.94 8c7f7236 573285 h ???????? 002 /sql/phpMyAdmin/
359c225.fd 8c7f7236 573285 h ???????? 001 /sql/phpMyAdmin/
359c226.bb 8c7f7236 573285 h ???????? 001 /db/myadmin/
359c227.25 8c7f7236 573285 h ???????? 002 /db/myadmin/
359c227.d5 8c7f7236 573285 h ???????? 002 /db/webadmin/
359c228.3d 8c7f7236 573285 h ???????? 002 /db/webadmin/
359c228.f5 8c7f7236 573285 h ???????? 002 /db/dbweb/
359c229.5c 8c7f7236 573285 h ???????? 001 /db/dbweb/
359c22a.14 8c7f7236 573285 h ???????? 002 /db/websql/
359c22a.7a 8c7f7236 573285 h ???????? 002 /db/websql/
359c22b.2f 8c7f7236 573285 h ???????? 002 /db/webdb/
359c22b.98 8c7f7236 573285 h ???????? 001 /db/webdb/
359c22c.4c 8c7f7236 573285 h ???????? 002 /db/dbadmin/
359c22c.b4 8c7f7236 573285 h ???????? 002 /db/dbadmin/
359c22d.67 8c7f7236 573285 h ???????? 001 /db/db-admin/
359c22d.cf 8c7f7236 573285 h ???????? 002 /db/db-admin/
359c22e.86 8c7f7236 573285 h ???????? 002 /db/phpmyadmin3/
359c22e.f0 8c7f7236 573285 h ???????? 002 /db/phpmyadmin3/
359c22f.a3 8c7f7236 573285 h ???????? 002 /db/phpMyAdmin3/
359c230.11 8c7f7236 573285 h ???????? 002 /db/phpMyAdmin3/
359c230.c9 8c7f7236 573285 h ???????? 001 /db/phpMyAdmin-3/
359c231.34 8c7f7236 573285 h ???????? 002 /db/phpMyAdmin-3/
359c231.eb 8c7f7236 573285 h ???????? 001 /administrator/phpmyadmin/
359c232.56 8c7f7236 573285 h ???????? 002 /administrator/phpmyadmin/
359c233.12 8c7f7236 573285 h ???????? 002 /administrator/phpMyAdmin/
359c233.7f 8c7f7236 573285 h ???????? 002 /administrator/phpMyAdmin/
359c234.33 8c7f7236 573285 h ???????? 002 /administrator/db/
359c234.9d 8c7f7236 573285 h ???????? 001 /administrator/db/
359c235.51 8c7f7236 573285 h ???????? 002 /administrator/web/
359c235.b9 8c7f7236 573285 h ???????? 002 /administrator/web/
359c236.6b 8c7f7236 573285 h ???????? 001 /administrator/pma/
359c236.d9 8c7f7236 573285 h ???????? 002 /administrator/pma/
359c237.8d 8c7f7236 573285 h ???????? 002 /administrator/PMA/
359c237.fa 8c7f7236 573285 h ???????? 002 /administrator/PMA/
359c238.b6 8c7f7236 573285 h ???????? 002 /administrator/admin/
359c239.21 8c7f7236 573285 h ???????? 002 /administrator/admin/
359c239.d3 8c7f7236 573285 h ???????? 002 /phpMyAdmin2/
359c23a.3b 8c7f7236 573285 h ???????? 001 /phpMyAdmin2/
359c23a.f2 8c7f7236 573285 h ???????? 002 /phpMyAdmin3/
359c23b.62 8c7f7236 573285 h ???????? 002 /phpMyAdmin3/
359c23c.18 8c7f7236 573285 h ???????? 002 /phpMyAdmin4/
359c23c.83 8c7f7236 573285 h ???????? 002 /phpMyAdmin4/
359c23d.38 8c7f7236 573285 h ???????? 002 /phpMyAdmin-3/
359c23d.a6 8c7f7236 573285 h ???????? 002 /phpMyAdmin-3/
359c23e.5c 8c7f7236 573285 h ???????? 002 /php-my-admin/
359c23e.c5 8c7f7236 573285 h ???????? 002 /php-my-admin/
359c23f.7c 8c7f7236 573285 h ???????? 002 /PMA2011/
359c23f.e6 8c7f7236 573285 h ???????? 002 /PMA2011/
359c240.9b 8c7f7236 573285 h ???????? 002 /PMA2012/
359c241.08 8c7f7236 573285 h ???????? 002 /PMA2012/
359c241.bd 8c7f7236 573285 h ???????? 002 /PMA2013/
359c242.31 8c7f7236 573285 h ???????? 002 /PMA2013/
359c242.ee 8c7f7236 573285 h ???????? 002 /PMA2014/
359c243.5a 8c7f7236 573285 h ???????? 002 /PMA2014/
359c244.11 8c7f7236 573285 h ???????? 009 /PMA2015/
359c244.7f 8c7f7236 573285 h ???????? 002 /PMA2015/
359c245.35 8c7f7236 573285 h ???????? 002 /PMA2016/
359c245.9f 8c7f7236 573285 h ???????? 002 /PMA2016/
359c246.54 8c7f7236 573285 h ???????? 002 /PMA2017/
359c246.c1 8c7f7236 573285 h ???????? 002 /PMA2017/
359c247.7b 8c7f7236 573285 h ???????? 002 /PMA2018/
359c247.e9 8c7f7236 573285 h ???????? 002 /PMA2018/
359c248.a0 8c7f7236 573285 h ???????? 002 /pma2011/
359c249.0c 8c7f7236 573285 h ???????? 002 /pma2011/
359c249.c1 8c7f7236 573285 h ???????? 001 /pma2012/
359c24a.30 8c7f7236 573285 h ???????? 002 /pma2012/
359c24a.e5 8c7f7236 573285 h ???????? 003 /pma2013/
359c24b.50 8c7f7236 573285 h ???????? 002 /pma2013/
359c24c.09 8c7f7236 573285 h ???????? 002 /pma2014/
359c24c.79 8c7f7236 573285 h ???????? 002 /pma2014/
359c24d.32 8c7f7236 573285 h ???????? 002 /pma2015/
359c24d.a4 8c7f7236 573285 h ???????? 003 /pma2015/
359c24e.5d 8c7f7236 573285 h ???????? 002 /pma2016/
359c24e.c9 8c7f7236 573285 h ???????? 002 /pma2016/
359c24f.82 8c7f7236 573285 h ???????? 003 /pma2017/
359c24f.ed 8c7f7236 573285 h ???????? 002 /pma2017/
359c250.a5 8c7f7236 573285 h ???????? 002 /pma2018/
359c251.12 8c7f7236 573285 h ???????? 002 /pma2018/
359c251.c9 8c7f7236 573285 h ???????? 002 /phpmyadmin2011/
359c252.3b 8c7f7236 573285 h ???????? 003 /phpmyadmin2011/
359c252.f3 8c7f7236 573285 h ???????? 002 /phpmyadmin2012/
359c253.62 8c7f7236 573285 h ???????? 002 /phpmyadmin2012/
359c254.1a 8c7f7236 573285 h ???????? 002 /phpmyadmin2013/
359c254.86 8c7f7236 573285 h ???????? 002 /phpmyadmin2013/
359c255.3d 8c7f7236 573285 h ???????? 002 /phpmyadmin2014/
359c255.ab 8c7f7236 573285 h ???????? 002 /phpmyadmin2014/
359c256.65 8c7f7236 573285 h ???????? 00c /phpmyadmin2015/
359c256.d4 8c7f7236 573285 h ???????? 003 /phpmyadmin2015/
359c257.90 8c7f7236 573285 h ???????? 002 /phpmyadmin2016/
359c257.fd 8c7f7236 573285 h ???????? 002 /phpmyadmin2016/
359c258.b6 8c7f7236 573285 h ???????? 002 /phpmyadmin2017/
359c259.25 8c7f7236 573285 h ???????? 002 /phpmyadmin2017/
359c259.e0 8c7f7236 573285 h ???????? 002 /phpmyadmin2018/
359c25a.4c 8c7f7236 573285 h ???????? 003 /phpmyadmin2018/
359c25b.06 8c7f7236 573285 h ???????? 002 /phpmanager/
359c25b.75 8c7f7236 573285 h ???????? 002 /phpmanager/
359c434.9e cd8b8d36 209ef4 h ???????? 002 //rss.rdf
359c436.1e cf2e0d91 6a88e8 h ???????? 004 /wiki/LongBetOne
359ca25.11 97501b74 433e9c h ???????? 002 /edit/30006002
359ca8a.c0 42f942c6 043937 h ???????? 004 /wiki/ToGether
359cd68.82 42f942d2 043937 s ???????? 003 /robots.txt
359cd69.0c 42f942d0 622963 s ???????? 005 /wiki/SourceCode
359cf5f.19 42f942d4 043937 s ???????? 002 /edit/40245001
359cf7a.d9 42f942d0 043937 s ???????? 003 /edit/38205001
359cfb1.45 42f942d2 043937 s ???????? 003 /edit/31955001
359cfba.0e 42f942d2 043937 s ???????? 002 /edit/34365001
359cfc8.24 42f942d2 043937 s ???????? 003 /edit/38535002
359d364.75 42f942c6 043937 h ???????? 005 /wiki/OwlThing
359d36b.62 42f942c6 043937 h ???????? 005 /wiki/HerKunft
359d390.57 42f942ca 043937 h ???????? 004 /wiki/ProFessor
359d3d5.13 44b4e731 aec21f s ???????? 003 /robots.txt
359d6dc.88 3cbf264d 24f5f0 h ???????? 01e /
359d808.3c cf2e0d67 6a88e8 h ???????? 02a /
359da1e.58 42f942d0 622963 s ???????? 005 /wiki/VerFassung
359da25.1e 42f95cc7 70a047 h ???????? 003 //rss.rdf
359da56.24 3ed449d3 028fc4 h ???????? 003 /robots.txt
359da57.d8 3ed449d3 028fc4 h ???????? 00e /wiki/SmaVa
359db28.84 d9b6844f 433e9c h ???????? 004 /wiki/LockSchuppenOpening
359dc4d.bb 42f942c8 043937 h ???????? 004 /wiki/PaloMar5
359dc57.b6 42f942d0 043937 s ???????? 002 /edit/42615001
359dc78.80 42f942d2 043937 s ???????? 002 /edit/35425009
359dc88.29 42f942d2 043937 s ???????? 003 /edit/36085001
359dcb8.07 42f942d0 043937 s ???????? 002 /edit/32825002
359de66.8c 44b4e73e aec21f h ???????? 005 /wiki/ImPressum
359df89.84 511e3ea0 217706 h ???????? 01f /
359df89.e5 511e3ea0 217706 h ???????? 002 /HNAP1/
359e092.3e 42f942c6 043937 h ???????? 004 /wiki/AlaunPark
359e0b4.0a 42f942ca 043937 h ???????? 004 /wiki/HerzBlatt
359e0f8.f8 42f942ca 043937 h ???????? 005 /wiki/RaWa
359e118.af 42f942c6 043937 h ???????? 005 /wiki/EntDenken
359e6f3.6f 42f942ca 622963 h ???????? 005 /wiki/AgiPioneer
359e7e6.22 42f942d2 622963 s ???????? 005 /wiki/LebensEnde
359e843.a2 42f942d0 622963 s ???????? 004 /wiki/BenGoertzel
359e855.bc 9750276e 433e9c h ???????? 004 //robots.txt
359ea9b.fe 42f942d0 043937 s ???????? 003 /edit/41195002
359eaa3.78 42f942d0 043937 s ???????? 003 /edit/48065002
359eab5.c7 42f942d2 043937 s ???????? 00d /edit/44605003
359eab9.b9 42f942d2 043937 s ???????? 004 /edit/35985014
359eac4.2e 42f942d0 043937 s ???????? 003 /edit/34435001
359eb2c.84 d9b684b1 433e9c h ???????? 003 /edit/24406004
359ee10.d8 42f942ca 043937 h ???????? 005 /wiki/MindEars
359ee42.06 42f95d28 002725 h ???????? 002 /favicon.ico
359eec2.1c 42f942ca 043937 h ???????? 005 /wiki/IaDk1d4is
359eed1.42 42f942c6 043937 h ???????? 005 /wiki/LinkeWiki
359eefb.af 42f942c6 043937 h ???????? 005 /wiki/FirstClass
359ef12.15 42f942c8 043937 h ???????? 004 /wiki/TheCurtain
359efee.7b 44b4e73e aec21f s ???????? 003 /robots.txt
359efef.78 44b4e73e aec21f s ???????? 02d /
359f479.fe 42f942c8 622963 h ???????? 006 /wiki/TaxiDriver
359f815.a0 42f942d2 043937 s ???????? 00d /edit/42645006
359f81c.e6 42f942d0 043937 s ???????? 003 /edit/44585003
359f823.2f 42f942d0 043937 s ???????? 003 /edit/47045001
359f877.5e 42f942d0 043937 s ???????? 003 /edit/38065003
359f942.9e 42f942d2 043937 s ???????? 004 /edit/38565001
359fc03.e3 42f942ca 043937 h ???????? 005 /wiki/CordIs
359fc0e.50 42f942c8 043937 h ???????? 005 /wiki/BrunnenWeg
359fc12.7c 42f942c6 043937 h ???????? 005 /wiki/SantaMaria
359fc1a.ce 42f942c6 043937 h ???????? 005 /wiki/ForSaleFor
359fc1b.52 42f95cc7 70a047 h ???????? 003 //rss.rdf
359fc3a.77 42f942c6 043937 h ???????? 006 /wiki/SmIiLe
359fc44.5c 3645316f 180050 h ???????? 022 /
359fc50.9d 42f942c6 043937 h ???????? 005 /wiki/JoergLiske
359fc55.27 42f942c8 043937 h ???????? 005 /wiki/InviteeSex
359fc6f.de 42f942c6 043937 h ???????? 005 /wiki/InspiredBy
359fc86.0e bca5c8d9 445551 h ???????? 005 /wiki/InterWiki
359ff4d.b4 284da713 6a88e8 s ???????? 021 /
359ffd3.cc 42f942ca 043937 h ???????? 01f /1
