3630089.19 42f94f2e 043937 h ???????? 004 /wiki/FaceDollar
363044e.67 bc6637f8 aa645a h ???????? 020 /
36304c6.4a 42f94f39 043937 s ???????? 003 /edit/61315007
3630578.4a 68839370 a8c6c1 h ???????? 005 //wiki/lockschuppen
36305fb.06 42f94f28 043937 h ???????? 004 /wiki/LifeDay15818
3630805.eb 42f94f2e 043937 h ???????? 005 /wiki/LifeDay15817
36308f1.36 a4845b03 24ccc1 s ???????? 027 /
3630a2f.b7 42f94f2b 043937 h ???????? 005 /wiki/YorkSure
3630aa5.ec 42f94f2b 043937 h ???????? 005 /wiki/ChLa
3630aaf.3b d9b68422 433e9c h ???????? 005 /wiki/DeFugee
3630ac7.cb 42f94f28 043937 h ???????? 004 /wiki/PostBank
3630b77.ed 42f94f2e 043937 h ???????? 005 /wiki/PostSchuppen
3630d14.12 9d3727cf 6a88e8 s ???????? 028 /
3631117.43 42f94f2e 622963 h ???????? 004 /wiki/LeapYear
363128d.45 42f94f2b 043937 h ???????? 005 /wiki/JahresEnde
363193b.b7 480ec7b0 70a047 h ???????? 003 //rss.rdf
3631a9c.e4 47069ea6 2b9388 s ???????? 028 /
3631ebb.88 42f94f28 043937 h ???????? 005 /wiki/DiRi
3631ed2.75 42f94f28 043937 h ???????? 004 /wiki/ExpertIn
3631eea.84 42f94f2e 043937 h ???????? 004 /wiki/EierNass
3631f00.59 42f94f2b 043937 h ???????? 008 /wiki/InterNet
3632302.dd 284da77c 6a88e8 h ???????? 02d /
36323c8.9b 42f94f2b 043937 h ???????? 006 /wiki/GottesHaus
36327b9.17 a484a10c 433e9c h ???????? 004 /edit/31096001
3632bc5.2c 42f94f2b 043937 h ???????? 004 /wiki/NooPolis
3632bd5.60 42f94f28 043937 h ???????? 006 /wiki/StarTrek
3632c03.fe 42f94f28 043937 h ???????? 005 /wiki/DeMo
3632c1f.8b 42f94f28 043937 h ???????? 005 /wiki/CoOrpheum
3632c36.b3 42f94f28 043937 h ???????? 005 /wiki/KnowLedge
3632f63.25 365182d3 502286 h ???????? 024 /
3632f8d.ee a484a137 433e9c h ???????? 004 /opml.php
3633472.c6 42f94f97 043937 h ???????? 004 /robots.txt
3633473.19 42f94f97 043937 h ???????? 003 /zbxarwnd.html
3633512.e6 42f94f3c 043937 s ???????? 003 /edit/59315041
3633532.83 42f94f3f 043937 s ???????? 003 /edit/75245009
3633537.85 42f94f39 043937 s ???????? 002 /wiki/LogIn
363358b.bb 42f94f2e 043937 h ???????? 002 /wiki/EytschEyEl
36339b9.59 42f94f2b 043937 h ???????? 002 /wiki/SuSc
3633a05.18 42f94f2b 043937 h ???????? 002 /wiki/DeNic
3633a5a.34 a484a118 433e9c h ???????? 001 /edit/22176001
3633ad5.4c 42f94f2e 043937 h ???????? 003 /wiki/FrankFurt
3633e6b.38 3e8a0019 6de661 h ???????? 002 /robots.txt
3633e6b.96 3e8a0019 6de661 h ???????? 010 /
3633f64.39 894acf6c 433e9c h ???????? 001 /edit/30896009
36340e9.92 b44c0f18 a04d28 h ???????? 002 /wiki/BomberGate
3634234.07 480ec7ad 70a047 h ???????? 002 //rss.rdf
3634348.29 42f94f3f 043937 s ???????? 001 /edit/53835036
363436a.d1 42f94f3c 043937 s ???????? 001 /edit/64305004
3634694.4e cf2e0d95 6a88e8 h ???????? 012 /
36346c1.51 2f5a5b56 c8cf52 h ???????? 01c /
363474e.c9 42f94f2b 043937 h ???????? 002 /wiki/DanIngalls
363478e.c7 42f94f2e 043937 h ???????? 003 /wiki/MindTag
363479d.61 42f94f28 043937 h ???????? 002 /wiki/NicTla
3634a72.32 d9b68493 433e9c h ???????? 003 /edit/25396001
3634ab4.a0 25bb3842 e3b0c4 h ???????? 001 /robots.txt
3634ab6.bb 25bb3842 9b6b51 h ???????? 011 /
3634bb5.9b 42f94f28 043937 h ???????? 001 /robots.txt
3634bf6.60 bca5ea44 e3b0c4 h ???????? 001 /robots.txt
3634bf8.87 bca5ea44 934ca0 h ???????? 014 /
3634c69.a7 42f94f2b 043937 h ???????? 001 /PageInfo.jsp
3634f27.72 42f94f39 043937 s ???????? 001 /edit/58435048
3634f46.8c 9d3727cf 6a88e8 s ???????? 011 /
3634f70.79 42f94f3c 043937 s ???????? 006 /edit/58815001
36350f6.4b 253b3780 e3b0c4 h ???????? 001 //robots.txt
36350f8.6d 253b3780 0fa94d h ???????? 012 /
363533c.8a bca5d01d e3b0c4 h ???????? 002 /robots.txt
363533e.ae bca5d01d 58771d h ???????? 012 /
3635378.95 42f94f2b 043937 h ???????? 003 /wiki/FireFox
3635397.1c 42f94f28 043937 h ???????? 002 /wiki/MindBau
36353b8.d7 42f94f2e 043937 h ???????? 003 /wiki/BarKasse
363545b.d9 b44c0f88 a04d28 h ???????? 001 /OnTime
36354cf.b4 5d9e983e e4b041 h ???????? 001 /robots.txt
36354d3.95 5d9e983e e4b041 h ???????? 013 /
3635778.53 42f94f28 622963 h ???????? 003 /wiki/AlphaTime
363585c.1d 4a73d69d 3d8b22 h ???????? 01d /
36358f7.cb bfcf0a47 ebd96b h ???????? 012 /
3635965.d9 42f94f28 622963 h ???????? 003 /wiki/OntoLogy
36359c8.26 42f94f28 043937 h ???????? 004 /wiki/PetersLaws
3635ac0.92 284da773 6a88e8 h ???????? 003 /wiki/TranslateTheConstitution
3635c90.17 c73aa48b 3d8b22 h ???????? 002 /robots.txt
3635c90.97 c73aa481 3d8b22 h ???????? 014 /
3635d06.90 42f94f3c 043937 s ???????? 001 /edit/56585034
3635e0b.b0 d05cdaa2 e78e5f h ???????? 014 /
3635e0c.10 d05cdaa2 e78e5f h ???????? 002 //favicon.ico
363610b.c7 53957e62 028fc4 h ???????? 002 /robots.txt
363610d.6e 53957e62 028fc4 h ???????? 002 /wiki/AGeeksTour
3636244.95 42f94f2e 043937 h ???????? 003 /wiki/BetaHaus
3636277.d9 42f94f28 043937 h ???????? 003 /wiki/StoweBoyd
3636297.9f 42f94f2b 043937 h ???????? 003 /wiki/LockSpace
36362a9.96 42f94f2e 043937 h ???????? 004 /wiki/JkLogFile
36362c2.39 42f94f2b 043937 h ???????? 002 /wiki/StuttGart
36362e2.ad d9b6843b 433e9c h ???????? 007 /edit/28096001
3636726.df 45c5b3aa 9c5581 h ???????? 014 /
3636727.3b 45c5b3aa 3a5a31 h ???????? 001 /wp-content/uploads/8d4ccc30b66d34b.php
3636727.77 45c5b3aa 3a5a31 h ???????? 001 /static/js/tiny_mce/plugins/tinybrowser/upload.php
3636727.af 45c5b3aa 3a5a31 h ???????? 001 /admin/lib/tiny_mce/plugins/tinybrowser/upload.php
3636727.ec 45c5b3aa 3a5a31 h ???????? 001 /tiny_mce/plugins/tinybrowser/upload.php
3636728.26 45c5b3aa 3a5a31 h ???????? 002 /editors/tinymce/jscripts/tiny_mce/plugins/tinybrowser/upload.php
3636728.7c 45c5b3aa 9c5581 h ???????? 001 /uploadify/uploadify.php
3636728.d1 45c5b3aa 3a5a31 h ???????? 002 /8d4ccc30c95220e.php
3636729.26 45c5b3aa 9c5581 h ???????? 002 /wp-admin/admin-ajax.php
3636729.7e 45c5b3aa 3a5a31 h ???????? 001 /wp-content/plugins/revslider/temp/update_extract/8d4ccc30cf91bda.php
3636729.d9 45c5b3aa 9c5581 h ???????? 002 /license.php
363672a.34 45c5b3aa 3a5a31 h ???????? 001 /8d4ccc30d6439c6.php
36367c9.9c c7a71e4d c1d740 h ???????? 002 //rss.rdf
36367e3.28 42f94f28 622963 h ???????? 008 /wiki/PerSecond
36367e3.2f 42f94f2b 043937 h ???????? 002 /robots.txt
36367f6.4b b44c0fa0 a04d28 h ???????? 003 /wiki/EwMa
36368b1.01 284da701 6a88e8 h ???????? 024 /
3636aaa.a6 42f94f2b 622963 h ???????? 004 /wiki/HomeStead
3636ab2.d4 3ed449d3 028fc4 h ???????? 002 //robots.txt
3636ab5.f4 3ed449d3 028fc4 h ???????? 002 //wiki/LockSchuppen
3636ad5.1f 42f94f2e 043937 h ???????? 002 /wiki/ATheLetter
3636b40.2c 5b794fb4 e3b0c4 h ???????? 001 /robots.txt
3636b42.5a 5b794fb4 2d2838 h ???????? 01e /
3636b65.6c 25bb384c e3b0c4 h ???????? 002 /robots.txt
3636b67.8f 25bb384c 5983bc h ???????? 015 /
3636c61.6c 480ec7ad 70a047 h ???????? 002 //rss.rdf
3636f26.84 284da77c 6a88e8 h ???????? 016 /
3636f32.f0 42f94f39 043937 s ???????? 002 /edit/57955002
3636f46.69 904cdd95 4f089e h ???????? 015 /
3636f84.79 42f94f3f 043937 s ???????? 002 /edit/63075043
3636fbc.1e 42f94f39 043937 s ???????? 002 /edit/58775008
3636fc6.13 b44c0f99 a04d28 h ???????? 003 /wiki/NettoKom
3636fc7.50 42f94f3c 043937 s ???????? 002 /edit/65125003
3637386.af 33ff415f 433e9c h ???????? 003 /wiki/MindBrokerDe
3637556.78 42f94f28 043937 h ???????? 003 /wiki/UeberLast
36375a8.55 42f94f2e 043937 h ???????? 004 /wiki/OrionsArm
3637623.c4 42f94f2e 043937 h ???????? 003 /wiki/HackSpace
3637667.fb 42f94f2e 043937 h ???????? 003 /wiki/ColoRadio
3637b84.01 42f94f2e 043937 h ???????? 004 /wiki/GrossFootprintArea
3637c98.12 42f94f3c 043937 s ???????? 00a /char
3637f62.02 4a7d4c22 55c2cd h ???????? 003 //rss.rdf
3637fa7.5e 36bbe296 0bc284 h ???????? 017 /
3638141.9f 42f94f3f 043937 s ???????? 008 /edit/63075044
3638506.74 42f94f28 043937 h ???????? 004 /wiki/VlaPu
3638539.ad 42f94f2e 043937 h ???????? 004 /wiki/JimCarrey
3638555.ce 42f94f2e 043937 h ???????? 003 /wiki/VorFreude
363857e.55 42f94f28 043937 h ???????? 003 /wiki/CodeNomic
3638744.a1 42f94f28 043937 h ???????? 003 /wiki/AchtStein
3638bb8.70 b44c0f21 a04d28 h ???????? 01b /
3638e39.9b 42f94f3c 043937 s ???????? 002 /edit/60105040
3638e5b.0d 42f94f39 043937 s ???????? 002 /AlphaNews
3638f74.a3 c0979f02 3a5a31 h ???????? 002 //wp-content/uploads/8d4ccdb0cc6dac6.php
3638f74.fc c0979f02 3a5a31 h ???????? 009 //static/js/tiny_mce/plugins/tinybrowser/upload.php
3638f75.54 c0979f02 3a5a31 h ???????? 002 //admin/lib/tiny_mce/plugins/tinybrowser/upload.php
3638f75.ad c0979f02 3a5a31 h ???????? 002 //tiny_mce/plugins/tinybrowser/upload.php
3638f76.07 c0979f02 3a5a31 h ???????? 002 //editors/tinymce/jscripts/tiny_mce/plugins/tinybrowser/upload.php
3638f76.b5 c0979f02 3a5a31 h ???????? 009 //8d4ccdb0e4a9833.php
3638f77.68 c0979f02 3a5a31 h ???????? 002 //wp-content/plugins/revslider/temp/update_extract/8d4ccdb0eb3a775.php
3638f78.14 c0979f02 3a5a31 h ???????? 002 //8d4ccdb0f1d0697.php
363925c.1f 3647d06d a09253 h ???????? 01a /
3639281.63 33ff4782 433e9c h ???????? 004 /edit/23676001
36392fc.e0 42f94f2b 043937 h ???????? 003 /wiki/TeSystems
363930f.80 42f94f28 043937 h ???????? 004 /wiki/NovaMente
3639316.4d 42f94f28 043937 h ???????? 004 /wiki/CompareOp
3639360.2b 42f94f2b 043937 h ???????? 004 /wiki/BirthDay
363936b.81 33ff4123 433e9c h ???????? 002 /edit/22436001
3639394.65 42f94f28 043937 h ???????? 003 /wiki/HajimeUchida
3639498.6f 42f94f2e 043937 h ???????? 003 /wiki/YusukeMorito
363957f.ef 480ec7b0 70a047 h ???????? 003 //rss.rdf
36395c1.b9 42f94f2b 043937 h ???????? 003 /wiki/OkitoYamashita
36395c3.72 42f94f2e 043937 h ???????? 003 /wiki/HirokiCTanabe
36396aa.cf 5d9e983e e4b041 h ???????? 002 /robots.txt
36396d4.d3 42f94f2e 043937 h ???????? 004 /wiki/YoichiMiyawaki
36397e8.ad 42f94f2b 622963 h ???????? 004 /wiki/PeerToPeer
363980d.7c 42f94f2e 043937 h ???????? 004 /wiki/NorihiroSadato
3639932.f1 42f94f28 043937 h ???????? 004 /wiki/DerKunde
3639947.96 42f94f2b 043937 h ???????? 004 /wiki/YukiyasuKamitani
36399bc.40 42f94f28 622963 h ???????? 004 /wiki/EventType
3639a69.d2 42f94f2e 043937 h ???????? 004 /wiki/DeineLiebe
3639cbf.12 42f94f28 043937 h ???????? 003 /wiki/SeidenFaden
3639dec.db 42f94f28 043937 h ???????? 003 /wiki/LifeDay15814
363a01d.e0 42f94f2b 043937 h ???????? 004 /wiki/PageIndex
363a232.9a 42f94f2b 043937 h ???????? 004 /wiki/CordIs
363a286.e9 42f94f2b 043937 h ???????? 004 /wiki/DoMain
363a2a1.1e 42f94f2b 043937 h ???????? 004 /wiki/MashUp
363a6e0.6e b44c0f07 fa643b h ???????? 006 /crush
363a6e0.6f b44c0f9c fa643b h ???????? 004 /crush
363a6e7.1d b44c0fa0 a04d28 h ???????? 002 /crush
363a6f8.ef 42f94f28 622963 h ???????? 003 /wiki/SourceCode
363a7d3.ad 42f94f2b 622963 h ???????? 004 /wiki/ConFidence
363aa7f.ef 42f94f2e 622963 h ???????? 004 /wiki/PageIndex
363ae0d.74 42f94f39 043937 s ???????? 006 /robots.txt
363ae0d.75 42f94f39 043937 s ???????? 002 /edit/68695012
363aed0.e9 a2d98573 befe45 h ???????? 002 //rss.rdf
363aee7.8b 6d6dfe8a 8e0e7d h ???????? 002 //rss.rdf
363af20.ae b44c0f1e a04d28 h ???????? 01a /
363af35.dd dca1a33a 4a3409 h ???????? 025 /
363afaa.4e 4e2e2319 7dfab1 h ???????? 002 //rss.jsp
363afaa.7e 4e2e2319 7dfab1 h ???????? 003 //rss.jsp
363aff0.4d 33ff4152 433e9c h ???????? 002 /edit/30386001
363b08a.c1 b9bccc0d ef60d6 h ???????? 002 /xmlrpc.php
363b187.d9 d9b6844a 433e9c h ???????? 003 /edit/30886006
363b1e1.24 42f94f28 043937 h ???????? 004 /wiki/UnserGrid
363b37e.76 42f94f2b 043937 h ???????? 004 /wiki/MindId
363b409.dd 42f94f28 043937 h ???????? 003 /wiki/KeyNote
363b486.63 42f94f28 043937 h ???????? 004 /wiki/ProBlem
363b605.2c cf2e0d2d 6a88e8 s ???????? 002 /robots.txt
363b60a.2f 9d3727cf 6a88e8 s ???????? 025 /
363b7c6.5e 480ec7aa 70a047 h ???????? 002 //rss.rdf
363b7cc.29 42f94f28 622963 h ???????? 003 /wiki/DateFormat
363b80d.38 266bb4a4 ef60d6 h ???????? 02e /
363b944.bd 42f94f2b 622963 h ???????? 005 /wiki/UnTil1969
363c065.f9 9750277b 433e9c h ???????? 002 /robots.txt
363c0da.d2 8ba277c5 976046 h ???????? 025 /
363c102.3e 42f94f28 043937 h ???????? 004 /wiki/DortMund
363c11b.ab 42f94f2e 043937 h ???????? 004 /wiki/EricBaum
363c12d.d1 42f94f2b 043937 h ???????? 004 /wiki/BelaNagy
363c150.f3 42f94f2e 043937 h ???????? 004 /wiki/RadeBeul
363c16b.27 42f94f28 043937 h ???????? 004 /wiki/BigTable
363c3a3.d7 42f94f2b 043937 h ???????? 005 /wiki/VolleyBall
363c62a.d1 42f94f2e 622963 h ???????? 006 /wiki/AtomicTime
363c9b1.de 42f94f2e 622963 h ???????? 004 /wiki/GegenWart
363cdfc.2a a484a136 433e9c h ???????? 00a /edit/29146004
363d274.fb 480ec7ad 70a047 h ???????? 003 /rss.rdf
363d315.f6 284da77c 6a88e8 h ???????? 01d /
363d348.d1 42f94f2b 043937 h ???????? 005 /wiki/HomeStead
363d359.86 42f94f2e 043937 h ???????? 005 /wiki/OostEinde
363d363.9a b7f9bb0a cc1f66 h ???????? 028 /
363d374.08 42f94f2b 043937 h ???????? 004 /wiki/SpeedTest
363d38f.08 42f94f28 043937 h ???????? 004 /wiki/PerlNomic
363d3a4.9f 42f94f2e 043937 h ???????? 004 /wiki/IsA
363d489.49 d9b684bc 433e9c h ???????? 003 /edit/30886004
363d545.e5 480ec7b0 70a047 h ???????? 003 //rss.rdf
363d566.ca 42f94f28 043937 h ???????? 005 /wiki/BuchStaben
363d655.77 bc285186 7dfab1 h ???????? 003 //rss.jsp
363d655.ad bc285186 7dfab1 h ???????? 002 //rss.jsp
363d680.27 bc285186 7dfab1 h ???????? 003 //rss.jsp
363d680.56 bc285186 7dfab1 h ???????? 002 //rss.jsp
363d84d.45 bc285186 7dfab1 h ???????? 003 //rss.jsp
363d84d.7a bc285186 7dfab1 h ???????? 002 //rss.jsp
363d85c.2a bc285186 7dfab1 h ???????? 003 //rss.jsp
363d85c.5d bc285186 7dfab1 h ???????? 002 //rss.jsp
363d916.9b bc286647 7dfab1 h ???????? 004 //rss.jsp
363d916.ca bc286647 7dfab1 h ???????? 002 //rss.jsp
363daa7.45 b44c0f1e a04d28 h ???????? 02a /
363dc60.30 c73aa484 3d8b22 h ???????? 01e /
363de80.99 42f94f3c 043937 s ???????? 003 /apple-app-site-association
363e175.44 42f94f2e 043937 h ???????? 005 /wiki/TableDesc
363e182.87 480ec7aa 70a047 h ???????? 003 //rss.rdf
363e1ac.2b 42f94f28 043937 h ???????? 004 /wiki/MindCount
363e1dc.97 42f94f28 043937 h ???????? 005 /wiki/FaceTrust
363e1de.cc 42f94f2b 043937 h ???????? 004 /wiki/SecondMind
363e409.fe a484a14a 433e9c h ???????? 003 /edit/23236006
363e41d.a3 42f9516a 002725 h ???????? 002 /favicon.ico
363e5c9.93 42f94f28 622963 h ???????? 006 /wiki/ProofOfTime
363e640.1a 42f94f2e 622963 h ???????? 005 /wiki/PlanetEarth
363e729.d2 42f94f2b 043937 h ???????? 006 /wiki/AcquaDiGio
363e741.35 426607d2 002725 h ???????? 002 /favicon.ico
363e820.88 42f94f28 622963 h ???????? 005 /wiki/VerGangen
363eb96.bc 42f94f3c 043937 s ???????? 003 /.well-known/apple-app-site-association
363ecc4.e2 42f94f19 043937 s ???????? 003 /robots.txt
363ecc5.a0 42f94f1b 043937 s ???????? 1b5b /age
363ef03.f6 42f94f2b 043937 h ???????? 003 /wiki/PeterLinde
363ef14.90 42f94f28 043937 h ???????? 002 /wiki/LockOffice
363ef45.88 42f94f2e 043937 h ???????? 002 /wiki/RdfsString
363ef65.d6 42f94f2b 043937 h ???????? 002 /wiki/HelmaOrosz
363f05e.2f 6c3b0850 c37fd8 h ???????? 001 //robots.txt
363f064.6d 6c3b0850 c37fd8 h ???????? 011 /
363f066.86 6c3b0850 c37fd8 h ???????? 006 /robots.txt
363f06a.72 6c3b0850 c37fd8 h ???????? 011 /
363f1b8.b2 480ec7ad 70a047 h ???????? 001 //rss.rdf
363f1c8.aa 5519d229 6de661 h ???????? 001 //robots.txt
363f1c8.d5 5519d229 6de661 h ???????? 002 //wiki/DistanzSpiel
363f349.79 36a260c4 c76db1 s ???????? 001 /robots.txt
363f349.f6 36a260c4 c76db1 s ???????? 001 /edit
363f492.fe 403efca2 b5eaf4 h ???????? 001 /robots.txt
363f917.a3 42f94f28 043937 h ???????? 002 /wiki/WonKwangSa
363fa3c.4d cf2e0d2d 6a88e8 s ???????? 002 /robots.txt
363fa3f.a2 cf2e0d21 6a88e8 s ???????? 012 /
363fbd9.e5 42f94f28 043937 h ???????? 003 /wiki/HomeOffice
363fbe6.f3 42f94f2b 043937 h ???????? 002 /wiki/WallStreet
363fc04.26 42f94f28 043937 h ???????? 003 /wiki/EarthaKitt
363fc1f.22 42f94f2e 043937 h ???????? 004 /wiki/InDividual
363fc34.e6 42f94f2b 043937 h ???????? 002 /wiki/InVol
363fcf5.b1 33ff4111 433e9c h ???????? 002 /edit/22326004
363fec9.d9 42f954eb 002725 h ???????? 001 /favicon.ico
