365035a.43 42f941ca 043937 h ???????? 005 /wiki/PowerWomen
3650410.ce a484a132 433e9c h ???????? 003 /edit/24316001
3650492.23 42f941ce 043937 h ???????? 002 //PageInfo.jsp
3650c38.b6 36ed5323 cedf5c h ???????? 01a /
36510e4.2a 42f941d0 043937 h ???????? 005 /wiki/KlausPJantke
365151c.d7 42f941d6 043937 h ???????? 004 /wiki/TorSchluss
365195d.d8 284da74d 6a88e8 s ???????? 01e /
3651aae.3d 894acf6c 433e9c h ???????? 002 /edit/28206001
3651bce.57 b44c0f94 fa643b h ???????? 003 /t/robots.txt
3651bce.5a b44c0f09 fa643b h ???????? 003 /t/robots.txt
3651c51.06 b44c0f11 a04d28 h ???????? 002 /t
3651ca9.88 4ee300ed 22aac5 h ???????? 004 //wiki/MindWiki
3651fe0.1a 9d372744 6a88e8 h ???????? 004 /robots.txt
3651ff0.57 284da773 6a88e8 h ???????? 004 /wiki/JessicaScorpio
3652094.54 42f95a93 70a047 h ???????? 003 //rss.rdf
3652192.f5 42f941d0 043937 h ???????? 004 /wiki/StimmeDerDvb
36521c7.86 4a7d4c20 55c2cd h ???????? 002 //rss.rdf
365265f.a8 d45382a4 dc1a18 h ???????? 01e /
365265f.dd d45382a4 dc1a18 h ???????? 002 //https://floatingboat2013.appspot.com
3652660.11 d45382a4 dc1a18 h ???????? 007 //wiki/AlanTuring
3652660.43 d45382a4 dc1a18 h ???????? 004 //wiki/GottfriedWilhelmLeibniz
3652660.7a d45382a4 dc1a18 h ???????? 003 //https://floatingboat2013.appspot.com/UrPic
3652660.b1 d45382a4 dc1a18 h ???????? 003 //https://floatingboat2013.appspot.com/ad
3652660.e9 d45382a4 dc1a18 h ???????? 002 //https://sl4.eu/hls
3652661.22 d45382a4 dc1a18 h ???????? 003 //https://sl4.eu/ls
3652661.61 d45382a4 dc1a18 h ???????? 003 //https://sl4.eu/sh
3652661.98 d45382a4 dc1a18 h ???????? 003 //https://www.youtube.com/watch
3652725.a6 b9a51d25 fee6c8 h ???????? 002 /wp-login.php
3652759.33 42f941d0 043937 h ???????? 004 /wiki/LoadModule
3652761.ca bc285186 7dfab1 h ???????? 003 //rss.jsp
3652762.1a bc285186 7dfab1 h ???????? 003 //rss.jsp
365279c.69 bc285186 7dfab1 h ???????? 003 //rss.jsp
365279c.96 bc285186 7dfab1 h ???????? 002 //rss.jsp
365297f.b4 bc285186 7dfab1 h ???????? 003 //rss.jsp
365297f.e2 bc285186 7dfab1 h ???????? 002 //rss.jsp
365298d.7e bc285186 7dfab1 h ???????? 003 //rss.jsp
365298d.b3 bc285186 7dfab1 h ???????? 003 //rss.jsp
36529ae.a1 bc286647 7dfab1 h ???????? 002 //rss.jsp
36529ae.d0 bc286647 7dfab1 h ???????? 002 //rss.jsp
3652a91.8b 674f8fcf ee113c h ???????? 024 /
3652a93.eb 674f8fcf ee113c h ???????? 003 //https://floatingboat2013.appspot.com
3652a95.ee 674f8fcf ee113c h ???????? 005 //wiki/AlanTuring
3652a99.3e 674f8fcf ee113c h ???????? 004 //wiki/GottfriedWilhelmLeibniz
3652a9c.31 674f8fcf ee113c h ???????? 002 //https://floatingboat2013.appspot.com/UrPic
3652a9e.82 674f8fcf ee113c h ???????? 002 //https://floatingboat2013.appspot.com/ad
3652a9f.ba 674f8fcf ee113c h ???????? 002 //https://sl4.eu/hls
3652aa1.29 674f8fcf ee113c h ???????? 003 //https://sl4.eu/ls
3652aa3.32 674f8fcf ee113c h ???????? 003 //https://sl4.eu/sh
3652aa7.9e 674f8fcf ee113c h ???????? 003 //https://www.youtube.com/watch
3652ccf.98 894acf78 433e9c h ???????? 005 /wiki/ZugWiki
3653012.8d 894acf65 433e9c h ???????? 003 /edit/29176004
3653051.27 cf2e0d31 6a88e8 h ???????? 005 /wiki/KabiNett
36530fa.ad 3ed449d3 028fc4 h ???????? 003 /robots.txt
3653103.fb 3ed449d3 028fc4 h ???????? 034 /
3653888.4f 36a993e2 590f55 h ???????? 01f /
36538a3.41 42f941d2 043937 h ???????? 005 /wiki/QuantumJvm
3653a57.40 42f941d6 043937 h ???????? 006 /wiki/PlanetHd40307g
3653d35.85 42f95a93 70a047 h ???????? 003 //rss.rdf
3653f10.be 266bb4a4 ef60d6 s ???????? 01d /
3653faf.29 42f95d19 002725 h ???????? 003 /favicon.ico
3654893.ec 33ff4128 433e9c h ???????? 006 /wiki/AiMachine
3654a66.09 42f9498a 043937 h ???????? 006 /wiki/LebensLage
3654c1a.90 284da77c 6a88e8 h ???????? 023 /
3654f8d.98 b44c0f96 a04d28 h ???????? 00f /wiki/KlippSchule
3655120.58 a484a2a0 433e9c h ???????? 004 /edit/29216002
36554c0.19 42f94988 043937 h ???????? 006 /wiki/ModelTheory
3655526.8d 44b4e73e aec21f h ???????? 003 /robots.txt
3655527.58 44b4e73e aec21f h ???????? 006 /wiki/MindBluse
36555b2.27 b4957da7 9c3aee h ???????? 026 /
3655c28.e7 42f9498a 043937 h ???????? 005 /wiki/InforMatik
3655dd8.c2 d155ee0b 70a047 h ???????? 003 //rss.rdf
3656359.a3 284da773 6a88e8 h ???????? 005 /wiki/EinfuehrungInDieAllgemeineBetriebswirtschaftslehre
3656731.66 284da74d 6a88e8 h ???????? 005 /wiki/BluePedia
3656760.c7 5d9e983e e4b041 h ???????? 004 /robots.txt
3656764.39 5d9e983e e4b041 h ???????? 021 /
3656def.4c 42f94988 043937 h ???????? 006 /wiki/CoLearning
3656eac.49 2ee5a464 2e29b5 h ???????? 003 /robots.txt
3657197.f2 42f94988 043937 h ???????? 006 /wiki/DoppelRoom
3657257.63 3e8a02f3 c37fd8 h ???????? 004 //robots.txt
365725b.1a 3e8a02f3 c37fd8 h ???????? 006 //wiki/%25s
3657266.63 3e8a02f3 c37fd8 h ???????? 003 //wiki/%3C%25=session.getAttribute(
365726b.f3 3e8a02f3 c37fd8 h ???????? 002 //wiki/AnneWillSingulari%E2%80%A6
365726c.f7 b44c0f16 a04d28 h ???????? 002 /wiki/SiView
3657271.cc 3e8a02f3 c37fd8 h ???????? 002 //wiki/DresdenWiFi%E2%80%9C
3657277.77 3e8a02f3 c37fd8 h ???????? 006 //wiki/DresdenWiFi
365727d.46 3e8a02f3 c37fd8 h ???????? 002 //wiki/LockSchuppen.%C2%A0
3657284.7e 3e8a02f3 c37fd8 h ???????? 003 //wiki/LockSchuppen.%C3%82%C2%A0
365736f.1d 44b4e73e aec21f s ???????? 002 /robots.txt
3657370.08 44b4e73e aec21f s ???????? 002 /wiki/AiTime
36573ff.e8 8ba271cc 976046 s ???????? 017 /
3657419.29 05c45716 433e9c h ???????? 001 /robots.txt
3657419.5f d9b6843c 433e9c h ???????? 002 /edit/28286004
3657431.b5 42f9498a 043937 h ???????? 002 /wiki/KunstPreis
365773d.d3 42f94988 043937 h ???????? 003 /wiki/PieschenPv
3657905.26 22f8f517 5132e1 h ???????? 016 /
36579ab.c5 42f9498a 043937 h ???????? 002 /wiki/FutureSax
3657a0d.1b d155ee0b 70a047 h ???????? 001 //rss.rdf
3657bbc.bd 602fe212 3d8b22 h ???????? 01b /
3657c95.32 33ff4130 433e9c h ???????? 002 /edit/21426001
3657fe7.46 42f9498a 043937 h ???????? 003 /wiki/BeGoettern
36584fb.46 284da701 6a88e8 h ???????? 013 /
3658635.ed a484a29e 433e9c h ???????? 002 /edit/28306006
3658ab9.57 284da77c 6a88e8 h ???????? 015 /
36591a9.c5 42f94986 043937 h ???????? 002 /wiki/InDerRegel
3659762.f9 42f9592b 70a047 h ???????? 001 //rss.rdf
365982d.e9 d9b6841b 433e9c h ???????? 003 /wiki/GcCa
3659868.8b 2ee5a466 2e29b5 h ???????? 002 /robots.txt
36599a5.5a 8ba277c5 976046 h ???????? 01f /
3659eca.8d c4342b33 cf6846 h ???????? 016 /
365a08b.66 d9b6841e 433e9c h ???????? 002 /edit/30486001
365a199.03 42f94058 043937 h ???????? 001 /robots.txt
365a199.58 42f9405a 043937 h ???????? 002 /qqegaqvobf.html
365a22a.45 cd8b8d36 209ef4 h ???????? 002 //rss.rdf
365a4dd.5e a4845b03 959bc8 h ???????? 024 /
365ad0d.3b 23bc7726 c47824 h ???????? 001 /robots.txt
365adeb.59 5896e4da 55c4a0 h ???????? 001 //rss.rdf
365ae48.13 42f94608 043937 h ???????? 003 /wiki/AtleSelberg
365b148.d2 5d9e983e e4b041 h ???????? 014 /
365b2b6.19 44b4e73e aec21f s ???????? 005 /wiki/WahrSchein
365b535.9a 42f94608 043937 h ???????? 007 /wiki/KarlFisch
365b5d5.0d a3ac0499 057297 h ???????? 01c /
365b83c.81 42f95927 70a047 h ???????? 002 //rss.rdf
365bd02.fc 5bc80c99 3a5a31 h ???????? 002 /wp-login.php
365bd03.37 5bc80c99 3a5a31 h ???????? 00c //wp-login.php
365c333.34 5d9e983e e4b041 h ???????? 027 /
365c780.d3 42f9460a 043937 h ???????? 005 /wiki/PropsHash
365cd54.c9 9e457636 fdc79c h ???????? 02a /
365cf27.92 d9b68404 433e9c h ???????? 002 /edit/24516001
365d248.20 a4845b03 96c624 s ???????? 01d /
365d278.0d 284da74d 6a88e8 s ???????? 01b /
365d27b.e9 d9b68418 433e9c h ???????? 002 /edit/28496002
365d464.ad 42f9598b 70a047 h ???????? 003 //rss.rdf
365d55e.4b 42f9404a 043937 h ???????? 004 /wiki/WettBewerb
365d565.2d 42f94046 043937 h ???????? 003 /wiki/HochSchule
365d5a9.76 42f9404a 043937 h ???????? 003 /wiki/ConFidence
365d5ac.ee 42f94046 043937 h ???????? 003 /wiki/GroundView
365d8b6.e1 42f94046 043937 h ???????? 004 /wiki/BlackList
365daa0.0b d9b68414 433e9c h ???????? 002 /edit/30296001
365df30.a4 b44c0f15 a04d28 s ???????? 131 /ls
365e2c0.52 2ee5a463 2e29b5 h ???????? 002 //robots.txt
365e3c4.40 2d3732a8 4cc1a1 h ???????? 01f /
365e3ce.9f 2d3732a8 180050 h ???????? 002 /robots.txt
365e3d1.d0 2d3732a8 f54af9 s ???????? 0e6 /hls
365e3d2.0d 2d3732a8 3f7fe2 s ???????? 0bd /ls
365e3d2.bc a4843451 eb026b s ???????? 005 /bcHead
365e3d2.20 2d3732a8 f54af9 s ???????? 26e /sh
365e3d9.3f 2d3732a8 96abfb h ???????? 003 /AtJs
365e830.9c 284da77c 6a88e8 h ???????? 024 /
365ec8d.18 25bb3851 e3b0c4 h ???????? 002 /robots.txt
365ec8f.45 25bb3851 46ab9b h ???????? 01e /
365eef1.20 42f94050 043937 s ???????? 002 /robots.txt
365eef1.6e 42f94050 043937 s ???????? 005 /edit/34425001
365f159.38 b01f7e38 e3b0c4 h ???????? 002 /robots.txt
365f15b.72 b01f7e38 37a81c h ???????? 030 /
365f499.2c 42f94046 043937 h ???????? 006 /wiki/WikiWall
365f4f4.68 42f94048 043937 h ???????? 004 /wiki/MindPlaces
365f50e.83 42f94046 043937 h ???????? 004 /wiki/KdRv
365f559.d5 42f94048 043937 h ???????? 003 /wiki/WiFi
365f57c.35 42f9404a 043937 h ???????? 004 /wiki/ToCee
365f6ba.93 42f95987 70a047 h ???????? 002 //rss.rdf
365f78c.6f 42f9404a 043937 h ???????? 005 /wiki/MiaMore
