37602db.a9 42f95cc7 70a047 h ???????? 002 //rss.rdf
3760a17.d8 42f942c8 043937 h ???????? 004 /wiki/GunterDueck
3760a9d.0b 0509300d 401d33 h ???????? 003 /robots.txt
3760d31.79 05093e82 c37fd8 h ???????? 002 /robots.txt
3760d33.25 05093e82 c37fd8 h ???????? 004 /wiki/AdolfHennecke
3760d3a.94 05093e82 c37fd8 h ???????? 003 /wiki/AdolfMerckle
3760d3f.64 05093e82 c37fd8 h ???????? 004 /wiki/AgCo
3760d43.66 05093e82 c37fd8 h ???????? 003 /wiki/AgeOfSpiritualMachines
3760d48.22 05093e82 c37fd8 h ???????? 004 /wiki/AgendaSetting
3760d4c.42 05093e82 c37fd8 h ???????? 003 /wiki/AlbertEinstein
3760d52.56 05093e82 c37fd8 h ???????? 005 /wiki/AldiTalk
3760d56.34 05093e82 c37fd8 h ???????? 005 /wiki/AlphaBet
3760d5c.b4 05093e82 c37fd8 h ???????? 005 /wiki/AltLeuteritz
3760d61.0f 05093e82 c37fd8 h ???????? 004 /wiki/AndrewJHacker
3760d66.03 05093e82 c37fd8 h ???????? 006 /wiki/AndrewNg
3760d69.ef 05093e82 c37fd8 h ???????? 004 /wiki/AndreyBoreyko
3760d6e.80 05093e82 c37fd8 h ???????? 004 /wiki/AndyOsier
3760d73.13 05093e82 c37fd8 h ???????? 005 /wiki/AndySeaborne
3760d77.61 05093e82 c37fd8 h ???????? 004 /wiki/AnitaPage
3760d7c.05 05093e82 c37fd8 h ???????? 004 /wiki/AnitaSeidler
3760d80.58 05093e82 c37fd8 h ???????? 004 /wiki/BadBoll
3760d84.51 05093e82 c37fd8 h ???????? 003 /wiki/BadKissingen
3760d8b.69 05093e82 c37fd8 h ???????? 004 /wiki/BahnhofNeustadt
3760d8f.79 05093e82 c37fd8 h ???????? 003 /wiki/BaltasarGracian
3760d93.4d 05093e82 c37fd8 h ???????? 004 /wiki/BanKiMoon
3760d97.92 05093e82 c37fd8 h ???????? 004 /wiki/BankNote
3760d9c.00 05093e82 c37fd8 h ???????? 006 /wiki/BarCamp
3760da0.bd 05093e82 c37fd8 h ???????? 003 /wiki/BarKasse
3760da4.a6 05093e82 c37fd8 h ???????? 004 /wiki/BarbaraBelGeddes
3760da9.31 05093e82 c37fd8 h ???????? 005 /wiki/BarryDiller
3760dad.51 05093e82 c37fd8 h ???????? 004 /wiki/BauHaus
3760db5.e1 05093e82 c37fd8 h ???????? 004 /wiki/BayArea
3760dba.5d 05093e82 c37fd8 h ???????? 003 /wiki/BeScheiden
3760dbe.8b 05093e82 c37fd8 h ???????? 004 /wiki/BeWeis
3760dc2.bd 05093e82 c37fd8 h ???????? 004 /wiki/BeetHoven
3760dc6.ed 05093e82 c37fd8 h ???????? 004 /wiki/BeethovensSiebte
3760dca.f3 05093e82 c37fd8 h ???????? 004 /wiki/BeiJing
3760dce.fb 05093e82 c37fd8 h ???????? 003 /wiki/BerndSkiera
3760dd3.4c 05093e82 c37fd8 h ???????? 005 /wiki/BobRichards
3760dd7.2b 05093e82 c37fd8 h ???????? 005 /wiki/BotNet
3760ddd.33 05093e82 c37fd8 h ???????? 006 /wiki/BrainCopy
3760de4.cf 05093e82 c37fd8 h ???????? 004 /wiki/BrigitteBartschSpoerl
3760de9.37 05093e82 c37fd8 h ???????? 004 /wiki/BrooksHall
3760ded.cc 05093e82 c37fd8 h ???????? 003 /wiki/BruceMacLennan
3760df2.21 05093e82 c37fd8 h ???????? 004 /wiki/BrunoGanz
3760df7.53 05093e82 c37fd8 h ???????? 003 /wiki/EnErgie
3760dfb.e3 05093e82 c37fd8 h ???????? 003 /wiki/EnneaGram
3760dff.8b 05093e82 c37fd8 h ???????? 004 /wiki/EnnoLenze
3760e04.2f 05093e82 c37fd8 h ???????? 003 /wiki/EntrepreneurNetworks
3760e07.e5 05093e82 c37fd8 h ???????? 004 /wiki/ErGriffen
3760e0c.05 05093e82 c37fd8 h ???????? 004 /wiki/ErSchliessung
3760e12.cf 05093e82 c37fd8 h ???????? 005 /wiki/ErWart
3760e17.a0 05093e82 c37fd8 h ???????? 004 /wiki/ErZieh
3760e1c.b9 05093e82 c37fd8 h ???????? 004 /wiki/ErastosFilos
3760e20.d8 05093e82 c37fd8 h ???????? 003 /wiki/EricRies
3760e28.32 05093e82 c37fd8 h ???????? 004 /wiki/EricSchoop
3760e2b.f9 05093e82 c37fd8 h ???????? 005 /wiki/EricSteinhart
3760e30.32 05093e82 c37fd8 h ???????? 004 /wiki/ErikAndreowsky
3760e35.28 05093e82 c37fd8 h ???????? 003 /wiki/ErnstHomolka
3760e39.65 05093e82 c37fd8 h ???????? 005 /wiki/ErnstWMayr
3760e40.7a 05093e82 c37fd8 h ???????? 004 /wiki/ErnstWasserfuhr
3760e46.5e 05093e82 c37fd8 h ???????? 004 /wiki/ErvingGoffman
3760e4a.9d 05093e82 c37fd8 h ???????? 003 /wiki/EselsBruecke
3760e4f.a1 05093e82 c37fd8 h ???????? 003 /wiki/EtJaynes
3760e53.f1 05093e82 c37fd8 h ???????? 006 /wiki/EternalSeptember
3760e58.8d 05093e82 c37fd8 h ???????? 004 /wiki/FriendsForSale
3760e5c.a9 05093e82 c37fd8 h ???????? 005 /wiki/GianCarloRota
3760e60.66 05093e82 c37fd8 h ???????? 004 /wiki/GlobusCassus
3760e64.8b 05093e82 c37fd8 h ???????? 004 /wiki/GoCe
3760e6d.18 05093e82 c37fd8 h ???????? 005 /wiki/GregoryBateson
3760e73.45 05093e82 c37fd8 h ???????? 004 /wiki/GruenWiki
3760e78.ce 05093e82 c37fd8 h ???????? 004 /wiki/MelaEckenfels
3760e7c.b5 05093e82 c37fd8 h ???????? 004 /wiki/MerBitz
3760e81.4e 05093e82 c37fd8 h ???????? 005 /wiki/MercedesBunz
3760e85.2c 05093e82 c37fd8 h ???????? 004 /wiki/RobertJuengel
3760e89.ee 05093e82 c37fd8 h ???????? 006 /wiki/RoboCup
3760e8d.ed 05093e82 c37fd8 h ???????? 004 /wiki/RoeschenHof
3760e91.da 05093e82 c37fd8 h ???????? 004 /wiki/RogerSperry
3760e9a.a7 05093e82 c37fd8 h ???????? 004 /wiki/RussLand
3760e9e.d9 05093e82 c37fd8 h ???????? 006 /wiki/TheorizingFromData
3760ea4.a2 05093e82 c37fd8 h ???????? 004 /wiki/ThinkGlobalActLocal
3760ea9.17 05093e82 c37fd8 h ???????? 004 /wiki/ThinkingAboutBusinessModels
3760eac.f6 05093e82 c37fd8 h ???????? 004 /wiki/ThomasAquin
3760eb0.ec 05093e82 c37fd8 h ???????? 004 /wiki/ThomasBayes
3760eb4.85 05093e82 c37fd8 h ???????? 005 /wiki/ThomasDeiss
3760eb8.7c 05093e82 c37fd8 h ???????? 004 /wiki/ThomasDumke
3760ebc.a3 05093e82 c37fd8 h ???????? 003 /wiki/ThomasGerhardt
3760ec0.a9 05093e82 c37fd8 h ???????? 005 /wiki/ThomasGriesbaum
3760ec8.57 05093e82 c37fd8 h ???????? 004 /wiki/ThomasHerrmann
3760ecd.9e 05093e82 c37fd8 h ???????? 004 /wiki/ThomasKuhn
3760ed2.32 05093e82 c37fd8 h ???????? 003 /wiki/ThomasWiedemann
3760ed7.35 05093e82 c37fd8 h ???????? 004 /wiki/TiAsia
3760edc.67 05093e82 c37fd8 h ???????? 003 /wiki/UniqueNameAssumption
3760ee0.78 05093e82 c37fd8 h ???????? 004 /wiki/UnixTime
3760ee5.88 05093e82 c37fd8 h ???????? 004 /wiki/VenSim
3760ee9.6e 05093e82 c37fd8 h ???????? 005 /wiki/VerAcht
3760eed.a2 05093e82 c37fd8 h ???????? 005 /wiki/VerenaDelius
3760ef4.f4 05093e82 c37fd8 h ???????? 005 /wiki/VickyCristinaBarcelona
3760efa.42 05093e82 c37fd8 h ???????? 005 /wiki/ViolaKlein
3760efe.06 05093e82 c37fd8 h ???????? 005 /wiki/VirginGalactic
3760f02.24 05093e82 c37fd8 h ???????? 005 /wiki/VivianeReding
3760f07.38 05093e82 c37fd8 h ???????? 005 /wiki/WeberLied
3760f0b.98 05093e82 c37fd8 h ???????? 004 /wiki/WeltSprache
3760f15.bc 05093e82 c37fd8 h ???????? 004 /wiki/WikiPage
3760f1a.35 05093e82 c37fd8 h ???????? 005 /wiki/WikiWall
3760f24.5e 05093e82 c37fd8 h ???????? 005 /wiki/WikiWall
3760f28.dd 05093e82 c37fd8 h ???????? 004 /wiki/WolfSinger
3760f2c.f3 05093e82 c37fd8 h ???????? 004 /wiki/WolfgangSchuster
3760f31.f6 05093e82 c37fd8 h ???????? 005 /wiki/WolfgangSee
3760f35.b9 05093e82 c37fd8 h ???????? 004 /wiki/WolfgangThierse
3760f39.74 05093e82 c37fd8 h ???????? 004 /wiki/WolfgangTiefensee
3760f3e.d2 05093e82 c37fd8 h ???????? 004 /wiki/WolfgangUhlmann
3760f43.5e 05093e82 c37fd8 h ???????? 004 /wiki/WoodyAllen
3760f6f.71 8ba24e87 186d9a s ???????? 026 /
37611bb.3b c1960da0 03de02 h ???????? 023 /
376154b.a3 4e2e2319 7dfab1 h ???????? 006 //rss.jsp
376154b.eb 4e2e2319 7dfab1 h ???????? 002 //rss.jsp
37615da.7c 9d372795 6a88e8 s ???????? 024 /
3761bdf.b3 42f942c6 043937 h ???????? 05a /wiki/JanaKoehler
3761bdf.db 05bdad21 c37fd8 h ???????? 003 /robots.txt
3761bed.e0 05bdad21 c37fd8 h ???????? 005 /wiki/AgiConf
3761c0d.0d 05bdad21 c37fd8 h ???????? 004 /wiki/AndreasEisele
3761c22.2a 05bdad21 c37fd8 h ???????? 005 /wiki/AndreasHeil
3761c39.73 05bdad21 c37fd8 h ???????? 005 /wiki/AndreasHeuberger
3761c51.c8 05bdad21 c37fd8 h ???????? 004 /wiki/AndresKuehn
3761c66.16 05bdad21 c37fd8 h ???????? 005 /wiki/AndrewCoward
3761c7b.ff 05bdad21 c37fd8 h ???????? 006 /wiki/AndyHornby
3761c96.5b 05bdad21 c37fd8 h ???????? 005 /wiki/BadDoberan
3761caa.d4 05bdad21 c37fd8 h ???????? 005 /wiki/BallsaalRichter
3761cc1.dc 05bdad21 c37fd8 h ???????? 005 /wiki/ViertGewalt
3761cce.c9 05bdad21 c37fd8 h ???????? 005 /wiki/WolframKoepf
376265e.08 33ff476e 433e9c h ???????? 004 /edit/5446002
3762a8b.c7 d9b6843b 433e9c h ???????? 004 /edit/23496001
3762b6e.5a a484a138 433e9c h ???????? 004 /edit/30396002
3762be4.95 9d37277a 6a88e8 h ???????? 022 /
3762c95.69 42f95cc9 70a047 h ???????? 004 //rss.rdf
3762d9e.27 42f942ca 043937 h ???????? 004 /robots.txt
3762d9e.89 42f942c6 043937 h ???????? 005 /wiki/MilindTambe
376392c.d2 25307af2 167a59 h ???????? 023 /
3763f60.d7 42f942c8 043937 h ???????? 006 /wiki/RdfProperty
37642d4.85 bc285186 7dfab1 h ???????? 004 //rss.jsp
37642d4.d6 bc285186 7dfab1 h ???????? 003 //rss.jsp
37642e6.0e bc285186 7dfab1 h ???????? 002 //rss.jsp
37642e6.49 bc285186 7dfab1 h ???????? 003 //rss.jsp
3764474.09 bc285186 7dfab1 h ???????? 005 //rss.jsp
3764474.41 bc285186 7dfab1 h ???????? 004 //rss.jsp
3764482.bd bc285186 7dfab1 h ???????? 004 //rss.jsp
3764482.f1 bc285186 7dfab1 h ???????? 003 //rss.jsp
3764b2b.79 34cc311f 85c767 h ???????? 042 /
3765116.c3 44b4e73e aec21f s ???????? 004 /robots.txt
3765117.ea 44b4e73e aec21f s ???????? 003 /box
3765123.f4 42f942c6 043937 h ???????? 005 /wiki/TuringAward
3765323.1e 2ea5c58d 028fc4 h ???????? 004 /robots.txt
3765324.d4 2ea5c58d 028fc4 h ???????? 02e /
3765550.49 b44c0f97 a04d28 h ???????? 004 /edit/771001
376556f.68 42f95cc9 70a047 h ???????? 003 //rss.rdf
3765fa0.af 33ff413f 433e9c h ???????? 003 /edit/28106001
37662ad.9b d9b68436 433e9c h ???????? 009 /wiki/ZeugenKurzweils
37662e6.f0 42f942ca 043937 h ???????? 006 /wiki/ZhengBijian
3766438.2a 6dc0e495 b991bd h ???????? 036 /
37665d8.ca a484a4b4 433e9c h ???????? 006 /wiki/IsA
37668e9.3b d9b68443 433e9c h ???????? 006 /wiki/RootHandler
37669cd.8f 284da735 6a88e8 s ???????? 096 /
3766b76.af 42f942d2 043937 s ???????? 004 /robots.txt
3766b77.14 42f942d2 043937 s ???????? 003 /.well-known/assetlinks.json
3767254.ed 9d3727cd 6a88e8 h ???????? 006 /wiki/WantedPages
37673cd.bd b44c0f07 fa643b h ???????? 004 /robots.txt
3767426.d6 b44c0f9b a04d28 h ???????? 028 /
37674a9.e6 42f942c6 043937 h ???????? 006 /wiki/HirnHaelfte
37675f0.d1 5519d2ea 6de661 h ???????? 006 //robots.txt
37675f1.21 5519d2ea 6de661 h ???????? 007 //wiki/WikiMind
37677ae.98 d06e5d34 c37fd8 h ???????? 004 //robots.txt
37677b4.06 d06e5d34 c37fd8 h ???????? 008 //wiki/ArminFalk
37677ba.aa d06e5d34 c37fd8 h ???????? 006 //wiki/ArtKleiner
37677c0.95 d06e5d34 c37fd8 h ???????? 007 //wiki/ArtKleiner
37677c6.66 d06e5d34 c37fd8 h ???????? 006 //wiki/AugustusGarten
37677cd.bc d06e5d34 c37fd8 h ???????? 034 //wiki/ChristofKoch
37677d4.79 d06e5d34 c37fd8 h ???????? 006 //wiki/JosephVonFraunhofer
37677da.b2 d06e5d34 c37fd8 h ???????? 006 //wiki/KayGroschen
37677e1.46 d06e5d34 c37fd8 h ???????? 006 //wiki/LockConsult
3767dc9.f7 42f95cc7 70a047 h ???????? 004 //rss.rdf
3767e72.d7 42f942ca 043937 h ???????? 006 /wiki/SharadGoel
37683bb.ee cf2e0d88 6a88e8 h ???????? 02b /
376840b.b1 d9b684b9 433e9c h ???????? 004 /edit/28466002
376892b.da cf2e0dc7 6a88e8 h ???????? 004 /robots.txt
3768930.92 9d37277a 6a88e8 h ???????? 02b /
3768b32.f4 a4845b03 400a19 h ???????? 02d /
3768c39.31 9750276e 433e9c h ???????? 004 //robots.txt
37690b8.91 9d37277a 6a88e8 h ???????? 009 /wiki/MindBot
37692c3.c7 2ee5a464 2e29b5 h ???????? 004 //robots.txt
37693d7.9d 674e8403 ef60d6 h ???????? 02a /
3769599.34 a3ac0499 08ef7d h ???????? 02e /
376982f.db 42f942c6 043937 h ???????? 007 /wiki/StadtKassel
3769f88.6a 44b4e73e aec21f h ???????? 004 /wiki
376a11a.e0 284da735 6a88e8 s ???????? 02c /
376a11f.a6 284da735 6a88e8 h ???????? 003 /robots.txt
376a4b7.82 4706cac4 b28cfa h ???????? 02b /
376a6d2.9a 42f95cc9 70a047 h ???????? 004 //rss.rdf
376a9f2.cd 42f942ca 043937 h ???????? 007 /wiki/SprachStufe
376af53.02 b29aab1e e4b041 h ???????? 006 /robots.txt
376b7e3.ef 2d371627 ef60d6 h ???????? 02d /
376bbb5.e3 42f942c8 043937 h ???????? 072 /wiki/MrAristotle
376bc05.18 34ddefbe ef60d6 h ???????? 031 /
376be9a.03 42f942c8 043937 h ???????? 008 /wiki/JonathanGrady
376bf91.8f 284da735 6a88e8 h ???????? 007 /wiki/TwentyThreeAndMe
376c12a.24 4d4b4ea6 6a9392 s ???????? 005 /robots.txt
376c12b.88 4d4b4ea6 6a9392 s ???????? 034 /
376c12c.ba 4d4b4ea6 6a9392 h ???????? 004 /robots.txt
376c12d.82 4d4b4ea6 6a9392 h ???????? 006 /wiki/EtAl
376c35c.0d 42f942d0 043937 s ???????? 004 /.well-known/apple-app-site-association
376c3ad.e2 d8f442e3 2e51d1 h ???????? 003 //robots.txt
376c411.45 a2d2c464 028fc4 h ???????? 004 /robots.txt
376c413.60 a2d2c464 028fc4 h ???????? 006 /wiki/AGeeksTour
376c61d.53 b44c0f18 a04d28 h ???????? 006 /wiki/DemoSkopie
376c77b.be 9d37271a 6a88e8 h ???????? 005 /robots.txt
376cbad.af 42f942c6 043937 h ???????? 007 /wiki/RsWipp
376cc97.09 b99a0e15 f7238a h ???????? 02b /
376cd78.e1 42f942c6 043937 h ???????? 006 /wiki/SilberLocke
376cd86.3e 33ff4135 433e9c h ???????? 004 /edit/29256001
376ce33.be 42f95cc7 70a047 h ???????? 004 //rss.rdf
376d168.dd b2ffd754 c51fdf h ???????? 004 /robots.txt
376d787.6d 3e9ef1c8 3fef7c s ???????? 02c /
376d788.09 3e9ef1c8 3fef7c s ???????? 004 /favicon.ico
376dac3.23 d8f442e5 2e51d1 h ???????? 005 /robots.txt
376db8f.1b bc286647 7dfab1 h ???????? 005 //rss.jsp
376db8f.78 bc286647 7dfab1 h ???????? 004 //rss.jsp
376dc06.cf 4d4b4ca4 6a9392 h ???????? 004 /robots.txt
376dc08.3a 4d4b4ca4 6a9392 h ???????? 02e /
376dd9c.77 42f94f3c 043937 s ???????? 005 /apple-app-site-association
376de45.13 8ba271cc 976046 s ???????? 0a2 /
376df3b.e5 42f94f2e 043937 h ???????? 008 /wiki/LokSchuppen
376e214.d7 cf2e0dc7 6a88e8 s ???????? 005 /robots.txt
376e21c.1c 284da735 6a88e8 s ???????? 031 /
376e589.12 d9b68441 433e9c h ???????? 005 /edit/30196001
376e5e7.1f c73a56d3 028fc4 h ???????? 005 /robots.txt
376e5ea.a3 c73a56d3 028fc4 h ???????? 007 /wiki/SmaVa
376ef77.37 42f94f2b 043937 h ???????? 007 /wiki/RsWipp
376f0ff.04 42f94f2b 043937 h ???????? 009 /wiki/JeffClavier
376f66a.d0 33ff4124 433e9c h ???????? 008 /wiki/HansJoachimFrey
376f6ff.6a 3ed298e3 c5e558 h ???????? 005 /wp-login.php
376f71d.ec 3ed298e3 0805c1 h ???????? 004 /wp-login.php
376f8b5.14 9d37277a 6a88e8 h ???????? 09d /
376fa4b.cb 480ec7aa 70a047 h ???????? 005 //rss.rdf
