37f04d5.fb 2e6964b7 e3b0c4 h ???????? 003 /robots.txt
37f04d8.24 2e6964b7 9e065f h ???????? 017 /
37f080c.d8 a484a13d 433e9c h ???????? 004 /edit/26296003
37f0922.bc a484a132 433e9c h ???????? 003 /edit/31126001
37f0ad3.fd 42f94bc6 043937 h ???????? 004 /wiki/WieWirWirken
37f0d1a.3c 44b4e475 aec21f s ???????? 003 /robots.txt
37f0d1b.65 44b4e475 aec21f s ???????? 004 /wiki/ModelFree
37f0ee1.c9 a484a14b 433e9c h ???????? 003 /edit/27326002
37f1ae8.d6 44b4e475 aec21f s ???????? 004 /wiki/NqZe
37f1b53.09 42f95bea 70a047 h ???????? 004 //rss.rdf
37f1b79.dc 33ff4126 433e9c h ???????? 003 /edit/29166004
37f1ba4.15 48360f85 573285 h ???????? 003 /mysql/admin/
37f1ba4.62 48360f85 573285 h ???????? 002 /mysql/admin/
37f1ba4.dd 48360f85 573285 h ???????? 003 /mysql/dbadmin/
37f1ba5.2a 48360f85 573285 h ???????? 002 /mysql/dbadmin/
37f1ba5.a4 48360f85 573285 h ???????? 002 /mysql/sqlmanager/
37f1ba5.f0 48360f85 573285 h ???????? 003 /mysql/sqlmanager/
37f1ba6.68 48360f85 573285 h ???????? 002 /mysql/mysqlmanager/
37f1ba6.b5 48360f85 573285 h ???????? 002 /mysql/mysqlmanager/
37f1ba7.2f 48360f85 573285 h ???????? 002 /phpmyadmin/
37f1ba7.7d 48360f85 573285 h ???????? 002 /phpmyadmin/
37f1ba7.f6 48360f85 573285 h ???????? 003 /phpMyadmin/
37f1ba8.41 48360f85 573285 h ???????? 002 /phpMyadmin/
37f1ba8.bc 48360f85 573285 h ???????? 002 /phpMyAdmin/
37f1ba9.0a 48360f85 573285 h ???????? 002 /phpMyAdmin/
37f1ba9.86 48360f85 573285 h ???????? 002 /phpmyAdmin/
37f1ba9.d5 48360f85 573285 h ???????? 002 /phpmyAdmin/
37f1baa.50 48360f85 573285 h ???????? 002 /phpmyadmin2/
37f1baa.9f 48360f85 573285 h ???????? 001 /phpmyadmin2/
37f1bab.17 48360f85 573285 h ???????? 002 /phpmyadmin3/
37f1bab.64 48360f85 573285 h ???????? 002 /phpmyadmin3/
37f1bab.df 48360f85 573285 h ???????? 002 /phpmyadmin4/
37f1bac.2e 48360f85 573285 h ???????? 002 /phpmyadmin4/
37f1bac.b5 48360f85 573285 h ???????? 002 /2phpmyadmin/
37f1bad.11 48360f85 573285 h ???????? 002 /2phpmyadmin/
37f1bad.97 48360f85 573285 h ???????? 002 /phpmy/
37f1bad.ec 48360f85 573285 h ???????? 002 /phpmy/
37f1bae.68 48360f85 573285 h ???????? 002 /phppma/
37f1bae.bd 48360f85 573285 h ???????? 002 /phppma/
37f1baf.38 48360f85 573285 h ???????? 002 /myadmin/
37f1baf.89 48360f85 573285 h ???????? 002 /myadmin/
37f1bb0.4b a4843451 eb026b s ???????? 005 /bcHead
37f1bb0.04 48360f85 573285 h ???????? 119 /shopdb/
37f1bb0.ce a4843451 eb026b s ???????? 004 /bcHead
37f1bb0.9c 48360f85 573285 h ???????? 0c8 /shopdb/
37f1bb1.4f 48360f85 573285 h ???????? 002 /MyAdmin/
37f1bb1.a0 48360f85 573285 h ???????? 00b /MyAdmin/
37f1bb2.24 48360f85 573285 h ???????? 003 /program/
37f1bb2.80 48360f85 573285 h ???????? 003 /program/
37f1bb3.09 48360f85 573285 h ???????? 002 /PMA/
37f1bb3.5d 48360f85 573285 h ???????? 003 /PMA/
37f1bb3.e3 48360f85 573285 h ???????? 003 /dbadmin/
37f1bb4.3b 48360f85 573285 h ???????? 003 /dbadmin/
37f1bb4.c0 48360f85 573285 h ???????? 002 /pma/
37f1bb5.1b 48360f85 573285 h ???????? 002 /pma/
37f1bb5.a2 48360f85 573285 h ???????? 002 /db/
37f1bb5.fb 48360f85 573285 h ???????? 002 /db/
37f1bb6.82 48360f85 573285 h ???????? 003 /admin/
37f1bb6.ec 48360f85 573285 h ???????? 002 /admin/
37f1bb7.6e 48360f85 573285 h ???????? 002 /mysql/
37f1bb7.cc 48360f85 573285 h ???????? 002 /mysql/
37f1bb8.54 48360f85 573285 h ???????? 002 /database/
37f1bb8.b1 48360f85 573285 h ???????? 003 /database/
37f1bb9.31 48360f85 573285 h ???????? 002 /db/phpmyadmin/
37f1bb9.82 48360f85 573285 h ???????? 003 /db/phpmyadmin/
37f1bba.03 48360f85 573285 h ???????? 002 /db/phpMyAdmin/
37f1bba.51 48360f85 573285 h ???????? 002 /db/phpMyAdmin/
37f1bba.cb 48360f85 573285 h ???????? 002 /sqlmanager/
37f1bbb.1d 48360f85 573285 h ???????? 003 /sqlmanager/
37f1bbb.9d 48360f85 573285 h ???????? 003 /mysqlmanager/
37f1bbb.f6 48360f85 573285 h ???????? 002 /mysqlmanager/
37f1bbc.71 48360f85 573285 h ???????? 002 /php-myadmin/
37f1bbc.c1 48360f85 573285 h ???????? 002 /php-myadmin/
37f1bbd.3c 48360f85 573285 h ???????? 002 /phpmy-admin/
37f1bbd.8f 48360f85 573285 h ???????? 002 /phpmy-admin/
37f1bbe.13 48360f85 573285 h ???????? 002 /mysqladmin/
37f1bbe.66 48360f85 573285 h ???????? 002 /mysqladmin/
37f1bbe.e4 48360f85 573285 h ???????? 002 /mysql-admin/
37f1bbf.36 48360f85 573285 h ???????? 003 /mysql-admin/
37f1bbf.ba 48360f85 573285 h ???????? 003 /admin/phpmyadmin/
37f1bc0.1a 48360f85 573285 h ???????? 002 /admin/phpmyadmin/
37f1bc0.a8 48360f85 573285 h ???????? 003 /admin/phpMyAdmin/
37f1bc1.08 48360f85 573285 h ???????? 003 /admin/phpMyAdmin/
37f1bc1.97 48360f85 573285 h ???????? 002 /admin/sysadmin/
37f1bc1.fd 48360f85 573285 h ???????? 004 /admin/sysadmin/
37f1bc2.89 48360f85 573285 h ???????? 003 /admin/sqladmin/
37f1bc2.e8 48360f85 573285 h ???????? 00d /admin/sqladmin/
37f1bc3.74 48360f85 573285 h ???????? 003 /admin/db/
37f1bc3.da 48360f85 573285 h ???????? 003 /admin/db/
37f1bc4.62 48360f85 573285 h ???????? 004 /admin/web/
37f1bc4.c3 48360f85 573285 h ???????? 003 /admin/web/
37f1bc5.4c 48360f85 573285 h ???????? 003 /admin/pMA/
37f1bc5.ad 48360f85 573285 h ???????? 003 /admin/pMA/
37f1bc6.34 48360f85 573285 h ???????? 003 /mysql/pma/
37f1bc6.9c 48360f85 573285 h ???????? 003 /mysql/pma/
37f1bc7.27 48360f85 573285 h ???????? 003 /mysql/db/
37f1bc7.8a 48360f85 573285 h ???????? 003 /mysql/db/
37f1bc8.1a 48360f85 573285 h ???????? 002 /mysql/web/
37f1bc8.7b 48360f85 573285 h ???????? 003 /mysql/web/
37f1bc9.0e 48360f85 573285 h ???????? 002 /mysql/pMA/
37f1bc9.6e 48360f85 573285 h ???????? 003 /mysql/pMA/
37f1bca.18 48360f85 573285 h ???????? 003 /sql/phpmanager/
37f1bca.77 48360f85 573285 h ???????? 003 /sql/phpmanager/
37f1bcb.05 48360f85 573285 h ???????? 003 /sql/php-myadmin/
37f1bcb.62 48360f85 573285 h ???????? 005 /sql/php-myadmin/
37f1bcb.f2 48360f85 573285 h ???????? 003 /sql/phpmy-admin/
37f1bcc.47 48360f85 573285 h ???????? 002 /sql/phpmy-admin/
37f1bcc.c7 48360f85 573285 h ???????? 003 /sql/sql/
37f1bcd.25 48360f85 573285 h ???????? 003 /sql/sql/
37f1bcd.a9 48360f85 573285 h ???????? 003 /sql/myadmin/
37f1bce.02 48360f85 573285 h ???????? 004 /sql/myadmin/
37f1bce.85 48360f85 573285 h ???????? 003 /sql/webadmin/
37f1bce.db 48360f85 573285 h ???????? 003 /sql/webadmin/
37f1bcf.5d 48360f85 573285 h ???????? 002 /sql/sqlweb/
37f1bcf.b1 48360f85 573285 h ???????? 002 /sql/sqlweb/
37f1bd0.31 48360f85 573285 h ???????? 004 /sql/websql/
37f1bd0.8b 48360f85 573285 h ???????? 003 /sql/websql/
37f1bd1.0c 48360f85 573285 h ???????? 003 /sql/webdb/
37f1bd1.62 48360f85 573285 h ???????? 002 /sql/webdb/
37f1bd1.e4 48360f85 573285 h ???????? 002 /sql/sqladmin/
37f1bd2.38 48360f85 573285 h ???????? 003 /sql/sqladmin/
37f1bd2.b9 48360f85 573285 h ???????? 002 /sql/sql-admin/
37f1bd3.10 48360f85 573285 h ???????? 003 /sql/sql-admin/
37f1bd3.96 48360f85 573285 h ???????? 003 /sql/phpmyadmin2/
37f1bd3.ea 48360f85 573285 h ???????? 003 /sql/phpmyadmin2/
37f1bd4.6c 48360f85 573285 h ???????? 002 /sql/phpMyAdmin2/
37f1bd4.c3 48360f85 573285 h ???????? 002 /sql/phpMyAdmin2/
37f1bd5.43 48360f85 573285 h ???????? 002 /sql/phpMyAdmin/
37f1bd5.9c 48360f85 573285 h ???????? 003 /sql/phpMyAdmin/
37f1bd6.21 48360f85 573285 h ???????? 003 /db/myadmin/
37f1bd6.7b 48360f85 573285 h ???????? 003 /db/myadmin/
37f1bd7.13 48360f85 573285 h ???????? 002 /db/webadmin/
37f1bd7.7e 48360f85 573285 h ???????? 003 /db/webadmin/
37f1bd8.0d 48360f85 573285 h ???????? 003 /db/dbweb/
37f1bd8.68 48360f85 573285 h ???????? 003 /db/dbweb/
37f1bd8.ee 48360f85 573285 h ???????? 003 /db/websql/
37f1bd9.50 48360f85 573285 h ???????? 004 /db/websql/
37f1bd9.dd 48360f85 573285 h ???????? 010 /db/webdb/
37f1bda.3a 48360f85 573285 h ???????? 004 /db/webdb/
37f1bda.cc 48360f85 573285 h ???????? 003 /db/dbadmin/
37f1bdb.28 48360f85 573285 h ???????? 004 /db/dbadmin/
37f1bdb.b7 48360f85 573285 h ???????? 004 /db/db-admin/
37f1bdc.1d 48360f85 573285 h ???????? 002 /db/db-admin/
37f1bdc.ab 48360f85 573285 h ???????? 004 /db/phpmyadmin3/
37f1bdd.10 48360f85 573285 h ???????? 003 /db/phpmyadmin3/
37f1bdd.9a 48360f85 573285 h ???????? 003 /db/phpMyAdmin3/
37f1bdd.fe 48360f85 573285 h ???????? 003 /db/phpMyAdmin3/
37f1bde.90 48360f85 573285 h ???????? 003 /db/phpMyAdmin-3/
37f1bde.f6 48360f85 573285 h ???????? 004 /db/phpMyAdmin-3/
37f1bdf.84 48360f85 573285 h ???????? 004 /administrator/phpmyadmin/
37f1bdf.f0 48360f85 573285 h ???????? 004 /administrator/phpmyadmin/
37f1be0.80 48360f85 573285 h ???????? 004 /administrator/phpMyAdmin/
37f1be0.e4 48360f85 573285 h ???????? 003 /administrator/phpMyAdmin/
37f1be1.74 48360f85 573285 h ???????? 004 /administrator/db/
37f1be1.e2 48360f85 573285 h ???????? 005 /administrator/db/
37f1be2.89 48360f85 573285 h ???????? 004 /administrator/web/
37f1be2.f2 48360f85 573285 h ???????? 003 /administrator/web/
37f1be3.82 48360f85 573285 h ???????? 004 /administrator/pma/
37f1be3.e5 48360f85 573285 h ???????? 004 /administrator/pma/
37f1be4.6e 48360f85 573285 h ???????? 003 /administrator/PMA/
37f1be4.c8 48360f85 573285 h ???????? 004 /administrator/PMA/
37f1be5.51 48360f85 573285 h ???????? 003 /administrator/admin/
37f1be5.b2 48360f85 573285 h ???????? 003 /administrator/admin/
37f1be6.39 48360f85 573285 h ???????? 003 /phpMyAdmin2/
37f1be6.9c 48360f85 573285 h ???????? 003 /phpMyAdmin2/
37f1be7.2d 48360f85 573285 h ???????? 004 /phpMyAdmin3/
37f1be7.8b 48360f85 573285 h ???????? 003 /phpMyAdmin3/
37f1be8.0f 48360f85 573285 h ???????? 003 /phpMyAdmin4/
37f1be8.63 48360f85 573285 h ???????? 003 /phpMyAdmin4/
37f1be8.e6 48360f85 573285 h ???????? 003 /phpMyAdmin-3/
37f1be9.3d 48360f85 573285 h ???????? 003 /phpMyAdmin-3/
37f1be9.c1 48360f85 573285 h ???????? 003 /php-my-admin/
37f1bea.1c 48360f85 573285 h ???????? 004 /php-my-admin/
37f1bea.a3 48360f85 573285 h ???????? 004 /PMA2011/
37f1beb.04 48360f85 573285 h ???????? 005 /PMA2011/
37f1beb.8c 48360f85 573285 h ???????? 003 /PMA2012/
37f1beb.e4 48360f85 573285 h ???????? 007 /PMA2012/
37f1bec.6f 48360f85 573285 h ???????? 004 /PMA2013/
37f1bec.c5 48360f85 573285 h ???????? 003 /PMA2013/
37f1bed.4d 48360f85 573285 h ???????? 003 /PMA2014/
37f1bed.ac 48360f85 573285 h ???????? 003 /PMA2014/
37f1bee.32 48360f85 573285 h ???????? 003 /PMA2015/
37f1bee.8e 48360f85 573285 h ???????? 003 /PMA2015/
37f1bef.16 48360f85 573285 h ???????? 003 /PMA2016/
37f1bef.74 48360f85 573285 h ???????? 003 /PMA2016/
37f1bef.fb 48360f85 573285 h ???????? 004 /PMA2017/
37f1bf0.56 48360f85 573285 h ???????? 003 /PMA2017/
37f1bf0.da 48360f85 573285 h ???????? 005 /PMA2018/
37f1bf1.30 48360f85 573285 h ???????? 00f /PMA2018/
37f1bf1.b7 48360f85 573285 h ???????? 003 /pma2011/
37f1bf2.12 48360f85 573285 h ???????? 003 /pma2011/
37f1bf2.9e 48360f85 573285 h ???????? 004 /pma2012/
37f1bf3.04 48360f85 573285 h ???????? 003 /pma2012/
37f1bf3.8a 48360f85 573285 h ???????? 004 /pma2013/
37f1bf3.ec 48360f85 573285 h ???????? 003 /pma2013/
37f1bf4.73 48360f85 573285 h ???????? 003 /pma2014/
37f1bf4.cc 48360f85 573285 h ???????? 003 /pma2014/
37f1bf5.53 48360f85 573285 h ???????? 003 /pma2015/
37f1bf5.ae 48360f85 573285 h ???????? 003 /pma2015/
37f1bf6.34 48360f85 573285 h ???????? 004 /pma2016/
37f1bf6.90 48360f85 573285 h ???????? 003 /pma2016/
37f1bf7.17 48360f85 573285 h ???????? 004 /pma2017/
37f1bf7.7f 48360f85 573285 h ???????? 004 /pma2017/
37f1bf8.18 48360f85 573285 h ???????? 004 /pma2018/
37f1bf8.7e 48360f85 573285 h ???????? 004 /pma2018/
37f1bf9.19 48360f85 573285 h ???????? 003 /phpmyadmin2011/
37f1bf9.7b 48360f85 573285 h ???????? 005 /phpmyadmin2011/
37f1bfa.09 48360f85 573285 h ???????? 003 /phpmyadmin2012/
37f1bfa.66 48360f85 573285 h ???????? 004 /phpmyadmin2012/
37f1bfa.e9 48360f85 573285 h ???????? 003 /phpmyadmin2013/
37f1bfb.43 48360f85 573285 h ???????? 004 /phpmyadmin2013/
37f1bfb.c9 48360f85 573285 h ???????? 004 /phpmyadmin2014/
37f1bfc.25 48360f85 573285 h ???????? 004 /phpmyadmin2014/
37f1bfc.ae 48360f85 573285 h ???????? 004 /phpmyadmin2015/
37f1bfd.0d 48360f85 573285 h ???????? 005 /phpmyadmin2015/
37f1bfd.94 48360f85 573285 h ???????? 003 /phpmyadmin2016/
37f1bfd.f9 48360f85 573285 h ???????? 004 /phpmyadmin2016/
37f1bfe.80 48360f85 573285 h ???????? 004 /phpmyadmin2017/
37f1bfe.db 48360f85 573285 h ???????? 003 /phpmyadmin2017/
37f1bff.5e 48360f85 573285 h ???????? 004 /phpmyadmin2018/
37f1bff.bd 48360f85 573285 h ???????? 004 /phpmyadmin2018/
37f1c00.4b 48360f85 573285 h ???????? 003 /phpmanager/
37f1c00.b3 48360f85 573285 h ???????? 004 /phpmanager/
37f1c96.db 42f94bc6 043937 h ???????? 006 /wiki/UsElection08
37f1d0b.a1 42f94bd4 043937 s ???????? 006 /wiki/DcBF
37f21d2.06 3cbf264d 24f5f0 h ???????? 027 /
37f2584.f0 d9b68461 433e9c h ???????? 006 /wiki/SingularAcademy
37f2739.7b 3cbf264d 24f5f0 s ???????? 029 /
37f2919.73 2d37eb72 0cf351 h ???????? 004 //robots.txt
37f2bf9.4c bb2405f7 32c7bf h ???????? 004 /cgi/common.cgi
37f2bfc.2d bb2405f7 32c7bf h ???????? 004 /stssys.htm
37f2bff.31 bb2405f7 32c7bf h ???????? 026 /
37f2c03.03 bb2405f7 32c7bf h ???????? 003 /command.php
37f2dc4.ae 284da75e 6a88e8 h ???????? 007 /wiki/KabiNett
37f2e59.ee 42f94bc8 043937 h ???????? 006 /wiki/SocialSignIn
37f304d.1f 33ff415e 433e9c h ???????? 002 /edit/22306001
37f3ecb.73 42f94bc6 043937 h ???????? 004 /wiki/WtfPl
37f401e.e5 42f94bc8 043937 h ???????? 013 /love/1e
37f4445.db 33ff4160 433e9c h ???????? 007 /edit/27086001
37f44fa.e1 42f95bea 70a047 h ???????? 002 //rss.rdf
37f459b.bb 4e2e2319 7dfab1 h ???????? 002 //rss.jsp
37f459b.e3 4e2e2319 7dfab1 h ???????? 002 //rss.jsp
37f4603.ae b529ccd2 dc1a18 h ???????? 026 /
37f4604.63 b529ccd2 dc1a18 h ???????? 001 //https://floatingboat2013.appspot.com
37f4605.08 b529ccd2 dc1a18 h ???????? 003 //wiki/AlanTuring
37f4609.52 b529ccd2 dc1a18 h ???????? 003 //wiki/GottfriedWilhelmLeibniz
37f460b.df b529ccd2 dc1a18 h ???????? 001 //https://floatingboat2013.appspot.com/UrPic
37f460c.86 b529ccd2 dc1a18 h ???????? 001 //https://floatingboat2013.appspot.com/ad
37f460d.cb b529ccd2 dc1a18 h ???????? 002 //https://sl4.eu/hls
37f460e.70 b529ccd2 dc1a18 h ???????? 001 //https://sl4.eu/ls
37f460f.13 b529ccd2 dc1a18 h ???????? 002 //https://sl4.eu/sh
37f4610.02 b529ccd2 dc1a18 h ???????? 002 //https://www.youtube.com/watch
37f46b6.06 76c11fde 7a122d s ???????? 014 /
37f51e0.32 42f94bc8 043937 h ???????? 005 /wiki/AralPieschen
37f52b3.00 5896e4da ea6e3c h ???????? 003 //rss.rdf
37f547c.46 d9b684c0 433e9c h ???????? 002 /edit/24466002
37f56a8.4d cefde04c 855c06 h ???????? 014 /
37f56a8.87 cefde04c 855c06 h ???????? 001 /edit.jsp
37f56a8.b7 cefde04c 855c06 h ???????? 001 /comment.jsp
37f56a8.e9 cefde04c 855c06 h ???????? 001 /favicon.ico
37f570c.50 cefde04a 855c06 s ???????? 001 /robots.txt
37f570c.84 cefde04a 855c06 s ???????? 013 /
37f570c.c5 cefde04a 855c06 s ???????? 066 /ls
37f570d.7d a4843451 eb026b s ???????? 003 /bcHead
37f570d.41 cefde04a 855c06 s ???????? 0f4 /sh
37f570d.b7 cefde04a 855c06 s ???????? 04e /hls
37f5957.32 6ff9d6b1 573285 h ???????? 002 /mysql/admin/
37f5957.9d 6ff9d6b1 573285 h ???????? 001 /mysql/admin/
37f5959.50 6ff9d6b1 573285 h ???????? 001 /mysql/dbadmin/
37f5959.b8 6ff9d6b1 573285 h ???????? 002 /mysql/dbadmin/
37f595a.70 6ff9d6b1 573285 h ???????? 001 /mysql/sqlmanager/
37f595a.d9 6ff9d6b1 573285 h ???????? 001 /mysql/sqlmanager/
37f595b.93 6ff9d6b1 573285 h ???????? 001 /mysql/mysqlmanager/
37f595c.00 6ff9d6b1 573285 h ???????? 002 /mysql/mysqlmanager/
37f595c.ba 6ff9d6b1 573285 h ???????? 002 /phpmyadmin/
37f595d.27 6ff9d6b1 573285 h ???????? 001 /phpmyadmin/
37f5966.e5 6ff9d6b1 573285 h ???????? 001 /phpmyadmin2/
37f5967.55 6ff9d6b1 573285 h ???????? 002 /phpmyadmin2/
37f5968.0d 6ff9d6b1 573285 h ???????? 001 /phpmyadmin3/
37f5968.77 6ff9d6b1 573285 h ???????? 001 /phpmyadmin3/
37f5969.29 6ff9d6b1 573285 h ???????? 001 /phpmyadmin4/
37f5969.93 6ff9d6b1 573285 h ???????? 002 /phpmyadmin4/
37f596a.49 6ff9d6b1 573285 h ???????? 001 /2phpmyadmin/
37f596a.b2 6ff9d6b1 573285 h ???????? 001 /2phpmyadmin/
37f596b.71 6ff9d6b1 573285 h ???????? 002 /phpmy/
37f596b.dc 6ff9d6b1 573285 h ???????? 002 /phpmy/
37f5970.94 6ff9d6b1 573285 h ???????? 002 /myadmin/
37f5970.fe 6ff9d6b1 573285 h ???????? 001 /myadmin/
37f5972.dc a4843451 eb026b s ???????? 003 /bcHead
37f5972.b1 6ff9d6b1 573285 h ???????? 0ad /shopdb/
37f5973.68 a4843451 eb026b s ???????? 002 /bcHead
37f5973.45 6ff9d6b1 573285 h ???????? 089 /shopdb/
37f5974.20 6ff9d6b1 573285 h ???????? 001 /MyAdmin/
37f5974.8b 6ff9d6b1 573285 h ???????? 002 /MyAdmin/
37f597f.47 6ff9d6b1 573285 h ???????? 002 /pma/
37f597f.ae 6ff9d6b1 573285 h ???????? 002 /pma/
37f598a.64 6ff9d6b1 573285 h ???????? 002 /database/
37f598a.cb 6ff9d6b1 573285 h ???????? 001 /database/
37f59b3.8f 6ff9d6b1 573285 h ???????? 002 /admin/web/
37f59b3.f8 6ff9d6b1 573285 h ???????? 002 /admin/web/
37f59e7.ca 6ff9d6b1 573285 h ???????? 002 /sql/phpMyAdmin2/
37f59e8.37 6ff9d6b1 573285 h ???????? 002 /sql/phpMyAdmin2/
37f59e8.f4 6ff9d6b1 573285 h ???????? 002 /sql/phpMyAdmin/
37f59e9.61 6ff9d6b1 573285 h ???????? 002 /sql/phpMyAdmin/
37f59eb.1d 6ff9d6b1 573285 h ???????? 001 /db/myadmin/
37f59eb.86 6ff9d6b1 573285 h ???????? 002 /db/myadmin/
37f59ed.3a 6ff9d6b1 573285 h ???????? 001 /db/webadmin/
37f59ed.a4 6ff9d6b1 573285 h ???????? 002 /db/webadmin/
37f59ee.58 6ff9d6b1 573285 h ???????? 002 /db/dbweb/
37f59ee.c1 6ff9d6b1 573285 h ???????? 002 /db/dbweb/
37f59ef.77 6ff9d6b1 573285 h ???????? 001 /db/websql/
37f59ef.e2 6ff9d6b1 573285 h ???????? 001 /db/websql/
37f5a00.a3 6ff9d6b1 573285 h ???????? 002 /db/phpMyAdmin-3/
37f5a01.0c 6ff9d6b1 573285 h ???????? 002 /db/phpMyAdmin-3/
37f5a05.c6 6ff9d6b1 573285 h ???????? 002 /administrator/phpMyAdmin/
37f5a06.36 6ff9d6b1 573285 h ???????? 001 /administrator/phpMyAdmin/
37f5a07.f1 6ff9d6b1 573285 h ???????? 001 /administrator/db/
37f5a08.5f 6ff9d6b1 573285 h ???????? 003 /administrator/db/
37f5a09.1b 6ff9d6b1 573285 h ???????? 002 /administrator/web/
37f5a09.8b 6ff9d6b1 573285 h ???????? 00a /administrator/web/
37f5a0b.42 6ff9d6b1 573285 h ???????? 002 /administrator/pma/
37f5a0b.ab 6ff9d6b1 573285 h ???????? 002 /administrator/pma/
37f5a1f.6a 6ff9d6b1 573285 h ???????? 002 /php-my-admin/
37f5a1f.d7 6ff9d6b1 573285 h ???????? 002 /php-my-admin/
37f5a26.9f 6ff9d6b1 573285 h ???????? 001 /PMA2013/
37f5a27.0f 6ff9d6b1 573285 h ???????? 002 /PMA2013/
37f5a27.ce 6ff9d6b1 573285 h ???????? 002 /PMA2014/
37f5a28.3f 6ff9d6b1 573285 h ???????? 002 /PMA2014/
37f5a2b.f6 6ff9d6b1 573285 h ???????? 002 /PMA2016/
37f5a2c.72 6ff9d6b1 573285 h ???????? 001 /PMA2016/
37f5a37.33 6ff9d6b1 573285 h ???????? 001 /pma2012/
37f5a37.a1 6ff9d6b1 573285 h ???????? 001 /pma2012/
37f5a60.74 6ff9d6b1 573285 h ???????? 002 /phpmyadmin2018/
37f5a60.e0 6ff9d6b1 573285 h ???????? 002 /phpmyadmin2018/
37f5a62.9c 6ff9d6b1 573285 h ???????? 00b /phpmanager/
37f5a63.0a 6ff9d6b1 573285 h ???????? 001 /phpmanager/
37f6061.57 3e8a08b5 c37fd8 h ???????? 003 /robots.txt
37f6062.fd 3e8a08b5 c37fd8 h ???????? 002 //Login.jsp
37f6064.91 3e8a08b5 c37fd8 h ???????? 004 /wiki/KlausPeterWiedmann
37f608b.7a 42f94bc6 043937 h ???????? 003 /wiki/RiPet
37f62ed.41 add4eecb c37fd8 h ???????? 002 /robots.txt
37f62f0.1d add4eecb c37fd8 h ???????? 002 /Login.jsp
37f638f.32 b44c0f9d a04d28 h ???????? 003 /wiki/EverScreen
37f63a2.b1 42f94bc6 043937 h ???????? 003 /wiki/HechtViertel
37f648f.9e bcd53136 c37fd8 h ???????? 003 //robots.txt
37f6492.f5 bcd53136 c37fd8 h ???????? 001 //Login.jsp
37f6494.02 bcd53136 c37fd8 h ???????? 001 /robots.txt
37f6498.5f bcd53136 c37fd8 h ???????? 003 /wiki/KlausPeterWiedmann
37f649d.4f bcd53136 c37fd8 h ???????? 001 /robots.txt
37f64a0.bf bcd53136 c37fd8 h ???????? 003 /wiki/TuttukiBako
37f661d.25 33ff4770 433e9c h ???????? 002 /edit/20926002
37f6907.17 42f95168 002725 h ???????? 003 /favicon.ico
37f6d7f.d9 42f95bea 70a047 h ???????? 002 //rss.rdf
37f7122.39 d9b68450 433e9c h ???????? 003 /edit/22456003
37f732f.29 b44c0f20 a04d28 h ???????? 004 /wiki/JosephStift
37f7565.ce 42f94bc8 043937 h ???????? 004 /wiki/EigenKapital
37f7754.ce b44c0f0d fa643b h ???????? 002 /robots.txt
37f7754.cd b44c0f9e fa643b h ???????? 009 /robots.txt
37f77a0.18 b44c0f98 a04d28 h ???????? 019 /
37f78dc.d2 8ac56fad 03bc36 h ???????? 01a /
37f78e1.83 8ac56fad 03bc36 h ???????? 005 /alive/4
37f78e1.9b 8ac56fad 03bc36 h ???????? 003 /feel/4
37f7a5b.df bc285186 7dfab1 h ???????? 003 //rss.jsp
37f7a5c.0d bc285186 7dfab1 h ???????? 002 //rss.jsp
37f7a6a.95 bc285186 7dfab1 h ???????? 002 //rss.jsp
37f7a6a.be bc285186 7dfab1 h ???????? 002 //rss.jsp
37f7bbc.90 bc285186 7dfab1 h ???????? 003 //rss.jsp
37f7bbc.ba bc285186 7dfab1 h ???????? 003 //rss.jsp
37f7bd4.c1 bc285186 7dfab1 h ???????? 002 //rss.jsp
37f7bd4.eb bc285186 7dfab1 h ???????? 003 //rss.jsp
37f7be4.20 33ff412f 433e9c h ???????? 004 /wiki/AlphaForce
37f7d69.84 68eec3c6 dc1a18 h ???????? 01c /
37f7d6b.2c 68eec3c6 dc1a18 h ???????? 002 //https://floatingboat2013.appspot.com
37f7d6b.d6 68eec3c6 dc1a18 h ???????? 008 //wiki/AlanTuring
37f7d6c.8d 68eec3c6 dc1a18 h ???????? 004 //wiki/GottfriedWilhelmLeibniz
37f7d6d.22 68eec3c6 dc1a18 h ???????? 002 //https://floatingboat2013.appspot.com/UrPic
37f7d6d.d9 68eec3c6 dc1a18 h ???????? 002 //https://floatingboat2013.appspot.com/ad
37f7d6e.97 68eec3c6 dc1a18 h ???????? 003 //https://sl4.eu/hls
37f7d6f.94 68eec3c6 dc1a18 h ???????? 003 //https://sl4.eu/ls
37f7d70.9b 68eec3c6 dc1a18 h ???????? 002 //https://sl4.eu/sh
37f7d71.2e 68eec3c6 dc1a18 h ???????? 002 //https://www.youtube.com/watch
37f824b.6f 42f94bca 043937 h ???????? 006 /wiki/NoBody
37f8672.f4 42f94bc6 043937 h ???????? 005 //robots.txt
37f8728.c9 42f94bc6 043937 h ???????? 004 /wiki/WernerVogels
37f8756.bd 22e63e4e 85c767 h ???????? 01a /
37f8d5a.56 42f94bc6 043937 h ???????? 005 //wiki/LockSchuppenAg%3E
37f9151.93 33ff4112 433e9c h ???????? 003 /edit/23406001
37f96c9.2b 42f95bea 70a047 h ???????? 002 //rss.rdf
37f98eb.cf 42f94bca 043937 h ???????? 004 /wiki/MindQuestOne
37f9e5d.a2 d9458546 399ff9 h ???????? 003 /robots.txt
37f9e5f.70 d94585ee 399ff9 h ???????? 003 /t
37fa086.0e 88f39812 c37fd8 h ???????? 004 //robots.txt
37fa089.49 88f39812 c37fd8 h ???????? 004 //wiki/%25s
37fa090.3b 88f39812 c37fd8 h ???????? 003 //wiki/%3C%25=session.getAttribute(
37fa096.2e 88f39812 c37fd8 h ???????? 006 //wiki/AnneWillSingulari%E2%80%A6
37fa09b.f0 88f39812 c37fd8 h ???????? 003 //wiki/DresdenWiFi%E2%80%9C
37fa0a2.c8 88f39812 c37fd8 h ???????? 004 //wiki/DresdenWiFi
37fa0a8.2c 88f39812 c37fd8 h ???????? 004 //wiki/LockSchuppen.%C2%A0
37fa0ae.65 88f39812 c37fd8 h ???????? 003 //wiki/LockSchuppen.%C3%82%C2%A0
37fa40b.6e 42f94bca 043937 h ???????? 004 /wiki/ScI
37faa9e.06 894acf6d 433e9c h ???????? 004 /edit/9046002
37faaae.d3 42f94bca 043937 h ???????? 003 /robots.txt
37faaaf.34 42f94bc6 043937 h ???????? 004 /wiki/ArTelligence
37fad31.bb d9b68432 433e9c h ???????? 005 /wiki/StundenBuch
37fad49.36 894acf9f 433e9c h ???????? 004 /wiki/TraumBetriebsWirtschaftsLehre
37fb302.0c 42f9453f 043937 h ???????? 003 /robots.txt
37fb302.4d 42f9453f 043937 h ???????? 002 /pejwhdlqvhchd.html
37fb6a8.5c 6bb614d2 cb707c h ???????? 02f /
37fb6a9.d0 6bb614d2 cb707c h ???????? 003 //https://floatingboat2013.appspot.com
37fb6b0.27 6bb614d2 cb707c h ???????? 004 //wiki/AlanTuring
37fb6b3.99 6bb614d2 cb707c h ???????? 004 //wiki/GottfriedWilhelmLeibniz
37fb6b6.35 6bb614d2 cb707c h ???????? 004 //https://floatingboat2013.appspot.com/UrPic
37fb6ba.1b 6bb614d2 cb707c h ???????? 002 //https://floatingboat2013.appspot.com/ad
37fb6c6.1c 6bb614d2 cb707c h ???????? 003 //https://sl4.eu/hls
37fb6c6.85 6bb614d2 cb707c h ???????? 003 //https://sl4.eu/ls
37fb6c8.ef 6bb614d2 cb707c h ???????? 003 //https://sl4.eu/sh
37fb6ca.33 6bb614d2 cb707c h ???????? 003 //https://www.youtube.com/watch
37fbc71.df 42f94bc8 043937 h ???????? 005 /wiki/BootStrapper
37fbd98.8b a484a120 433e9c h ???????? 003 /edit/23366001
37fc087.d4 42f95be8 70a047 h ???????? 003 //rss.rdf
37fc341.16 d9b684b1 433e9c h ???????? 003 /edit/26166001
37fc5cb.74 42f94bc8 043937 h ???????? 005 /wiki/MeMo
37fc884.81 b44c0f87 a04d28 h ???????? 03e /
37fc9c3.4a 345a31c9 4ebbdb h ???????? 003 /robots.txt
37fc9c3.c8 345a31c9 4ebbdb h ???????? 020 /
37fce34.da 42f94bc6 043937 h ???????? 005 /wiki/SternZeichen
37fd4cc.88 b44c0f9a a04d28 h ???????? 005 /wiki/SemperNote2012Q2
37fd5c9.5c a5e36859 73ab6e h ???????? 022 /
37fdc35.06 42f94bca 043937 h ???????? 005 //wiki/L...
37fdff7.e3 42f94bc6 043937 h ???????? 005 /wiki/JoergNoennig
37fe0a4.00 5896e4da 45378f h ???????? 013 //rss.rdf
37fe10b.69 d94585ec 399ff9 s ???????? 003 /robots.txt
37fe3b8.95 894acf6c 433e9c h ???????? 004 /edit/25476001
37fe41d.5b 9fcb6423 73ab6e h ???????? 027 /
37fe78b.6e 42f94bc8 043937 h ???????? 006 /wiki/SlUb
37fe866.f4 9750276e 433e9c h ???????? 003 //robots.txt
37fe9c5.24 2ee5a464 2e29b5 h ???????? 004 /robots.txt
37feaba.8e 44b4e475 aec21f s ???????? 006 /wiki/EnN8
37feada.63 42f95bea 70a047 h ???????? 003 //rss.rdf
37feb81.24 42f94bc8 043937 h ???????? 005 /wiki/BigTableNomic
37ff1ba.db 42f94bc6 043937 h ???????? 006 /wiki/ErdMondBeben
37ff341.53 a4845b03 24ccc1 s ???????? 026 /
37ff3a0.1c 92b9df72 ba5bd4 h ???????? 006 /wiki/FaceBookClj
37ff6c3.85 42f94bca 043937 h ???????? 003 /robots.txt
37ff6c9.1e 42f94bc6 043937 h ???????? 023 /feel/10
37ff939.3a 42f94bc8 043937 h ???????? 025 /
37ffa8d.9c a484a160 433e9c h ???????? 01e /
37ffd67.20 68ec163a 73ab6e h ???????? 020 /
37ffdab.29 d41aece9 10ab9f h ???????? 01d /
37fff3f.2a 9fcbff60 ef60d6 h ???????? 04e /
