3870298.06 b44c0f0a a04d28 h ???????? 01d /
38705dd.8a d9b68455 433e9c h ???????? 003 /edit/22306002
38705e9.23 b29aab1e e4b041 h ???????? 003 /robots.txt
38705ec.fb b29aab1e e4b041 h ???????? 02c /
387060b.75 42f94f2e 043937 h ???????? 010 /wiki/BeMo
38708b5.03 a484a149 433e9c h ???????? 005 /wiki/SiggiWyrd
38709e7.1e 42f94f28 043937 h ???????? 005 /wiki/LoebnerPrize
3870ec6.43 d8f442e5 2e51d1 h ???????? 003 /robots.txt
38711fb.8f d8f442e5 2e51d1 h ???????? 005 /wiki/LockPresentation
38714f8.6e 44b4e475 aec21f h ???????? 003 /robots.txt
38714f9.5c 44b4e475 aec21f h ???????? 009 /wiki/PrintOnDemand
387193c.26 b44c0f9b a04d28 h ???????? 003 /wiki
3871b72.97 4d4b4f65 6a9392 s ???????? 003 /robots.txt
3871b73.fb 4d4b4f65 6a9392 s ???????? 064 /ls
3871b75.4a 4d4b4f65 6a9392 h ???????? 003 /robots.txt
3871b75.e3 4d4b4f65 6a9392 h ???????? 004 /wiki/EtAl
3871ba9.e1 42f94f2e 043937 h ???????? 004 /wiki/MitMachSache
3871d3f.86 d9b68492 433e9c h ???????? 004 /wiki/RalfSteinmetz
3872312.b6 426608ca 70a047 h ???????? 003 //rss.rdf
3872322.83 33ff4135 433e9c h ???????? 003 /edit/28476001
3872362.cd 3cbf264d 24f5f0 h ???????? 020 /
387244b.29 33ff4782 433e9c h ???????? 003 /edit/23476001
38725ba.ba 33ff4118 433e9c h ???????? 005 /wiki/TwitterKurs
3872726.fc cf2e0dc7 6a88e8 h ???????? 003 /robots.txt
387272e.2d cf2e0d8c 6a88e8 h ???????? 01e /
3872746.7c 4e2e2319 7dfab1 h ???????? 003 //rss.jsp
3872746.aa 4e2e2319 7dfab1 h ???????? 003 //rss.jsp
38727ff.09 42f94f28 043937 h ???????? 005 /wiki/DeNa
38728dc.24 b44c0f8c a04d28 h ???????? 005 /wiki/LockOffice
3872aa8.7c cf2e0d8c 6a88e8 h ???????? 005 /wiki/TotalRecall
3872d6d.1a 42f94f2e 043937 h ???????? 005 /wiki/NewCamelCase
3872da8.53 97502765 433e9c h ???????? 003 /t/robots.txt
3873214.61 67cf24c4 dc1a18 h ???????? 020 /
3873215.93 67cf24c4 dc1a18 h ???????? 003 //https://floatingboat2013.appspot.com
3873216.ae 67cf24c4 dc1a18 h ???????? 004 //wiki/AlanTuring
3873217.c1 67cf24c4 dc1a18 h ???????? 004 //wiki/GottfriedWilhelmLeibniz
3873218.dd 67cf24c4 dc1a18 h ???????? 003 //https://floatingboat2013.appspot.com/UrPic
3873219.f7 67cf24c4 dc1a18 h ???????? 003 //https://floatingboat2013.appspot.com/ad
387321b.0f 67cf24c4 dc1a18 h ???????? 003 //https://sl4.eu/hls
387321c.31 67cf24c4 dc1a18 h ???????? 003 //https://sl4.eu/ls
387321d.67 67cf24c4 dc1a18 h ???????? 002 //https://sl4.eu/sh
387321e.8c 67cf24c4 dc1a18 h ???????? 003 //https://www.youtube.com/watch
3873956.bb a484a157 433e9c h ???????? 005 /wiki/LockSchuppen
3873a8a.be b29aab1e e4b041 h ???????? 004 /robots.txt
3873a8e.96 b29aab1e e4b041 h ???????? 03d /
3873adb.41 42f94f3c 043937 s ???????? 003 /robots.txt
3873adb.97 42f94f3c 043937 s ???????? 003 /love/99
3873adf.b3 42f94f3c 043937 s ???????? 003 /love/3b
3873c71.d9 b44c0f05 a04d28 h ???????? 020 /
3873f30.21 42f94f28 043937 h ???????? 005 /wiki/GoedelNumber
387449d.3e 4a7d4c62 55c2cd h ???????? 003 //rss.rdf
38747ea.8c 42f94f3f 043937 s ???????? 003 /edit/35795002
387480a.35 42f94f3f 043937 s ???????? 00f /edit/34865001
387498b.8c 42f94f2e 043937 h ???????? 003 /cal
3874a25.16 b29aab1e e4b041 s ???????? 003 /robots.txt
3874ba6.a1 480ec7ad 70a047 h ???????? 003 //rss.rdf
3874c6e.e0 d9b68435 433e9c h ???????? 003 /edit/23036004
3874e4b.c6 a484a158 433e9c h ???????? 004 /edit/4206001
38750f3.1b 42f94f2b 043937 h ???????? 005 /wiki/SuedVorstadt
387538a.2d 904c2cb4 aabbd7 h ???????? 022 /
387538a.93 94fbbf7b f7c196 h ???????? 020 /
38756f4.2c 904cdd95 4f089e h ???????? 021 /1
3875879.e6 b2ffd755 c51fdf h ???????? 004 /robots.txt
387587a.38 b2ffd755 c51fdf h ???????? 020 /
3875cc9.37 bc285186 7dfab1 h ???????? 003 //rss.jsp
3875cc9.6d bc285186 7dfab1 h ???????? 003 //rss.jsp
3875cd2.be bc285186 7dfab1 h ???????? 003 //rss.jsp
3875cd2.f3 bc285186 7dfab1 h ???????? 003 //rss.jsp
3875d1f.b4 d5204088 646bf4 h ???????? 003 /status
3875d1f.ee d5204088 646bf4 h ???????? 022 /
3875d20.28 d5204088 646bf4 h ???????? 003 /script
3875d20.5a d5204088 646bf4 h ???????? 003 /jenkins/script
3875d20.8f d5204088 646bf4 h ???????? 003 /login
3875d20.c0 d5204088 646bf4 h ???????? 003 /jmx-console
3875d20.f2 d5204088 646bf4 h ???????? 022 /
3875d21.2b d5204088 646bf4 h ???????? 021 /
3875d21.6e d5204088 646bf4 h ???????? 003 /manager/html
3875d21.a0 d5204088 646bf4 h ???????? 021 /
3875d21.dd d5204088 646bf4 h ???????? 020 /
3875d22.1c d5204088 646bf4 h ???????? 021 /
3875d22.5e d5204088 646bf4 h ???????? 003 //administrator
3875d22.94 d5204088 646bf4 h ???????? 003 /joomla/administrator
3875d22.c3 d5204088 646bf4 h ???????? 003 /cms/administrator
3875d22.f4 d5204088 646bf4 h ???????? 003 /Joomla/administrator
3875d23.2c d5204088 646bf4 h ???????? 003 /msd
3875d23.67 d5204088 646bf4 h ???????? 003 /mySqlDumper
3875d23.99 d5204088 646bf4 h ???????? 003 /msd1.24stable
3875d23.ce d5204088 646bf4 h ???????? 003 /msd1.24.4
3875d24.09 d5204088 646bf4 h ???????? 003 /mysqldumper
3875d24.43 d5204088 646bf4 h ???????? 003 /MySQLDumper
3875d24.79 d5204088 646bf4 h ???????? 003 /mysql
3875d24.ab d5204088 646bf4 h ???????? 003 /sql
3875d24.da d5204088 646bf4 h ???????? 003 /cgi-bin/php
3875d25.0d d5204088 646bf4 h ???????? 004 /cgi-bin/php5
3875d25.52 d5204088 646bf4 h ???????? 004 /phpmyadmin
3875d25.8e d5204088 646bf4 h ???????? 003 /phpMyAdmin
3875d25.c1 d5204088 646bf4 h ???????? 003 /mysql
3875d25.fc d5204088 646bf4 h ???????? 003 /sql
3875d26.2f d5204088 646bf4 h ???????? 003 /myadmin
3875d26.63 d5204088 646bf4 h ???????? 004 /phpMyAdmin-4.2.1-all-languages
3875d26.98 d5204088 646bf4 h ???????? 003 /phpMyAdmin-4.2.1-english
3875d26.cc d5204088 646bf4 h ???????? 010 /xampp/phpmyadmin
3875d26.fe d5204088 646bf4 h ???????? 003 /typo3/phpmyadmin
3875d27.38 d5204088 646bf4 h ???????? 003 /webadmin
3875d27.76 d5204088 646bf4 h ???????? 024 /
3875d27.b1 d5204088 646bf4 h ???????? 003 /sqlite/main.php
3875d27.e9 d5204088 646bf4 h ???????? 003 /SQLite/SQLiteManager-1.2.4/main.php
3875d28.20 d5204088 646bf4 h ???????? 003 /SQLiteManager-1.2.4/main.php
3875d28.5f d5204088 646bf4 h ???????? 003 /sqlitemanager/main.php
3875d28.99 d5204088 646bf4 h ???????? 004 /SQlite/main.php
3875d28.d6 d5204088 646bf4 h ???????? 004 /SQLiteManager/main.php
3875d29.0d d5204088 646bf4 h ???????? 004 /webdav
3875d29.46 d5204088 646bf4 h ???????? 034 /
3875d29.88 d5204088 646bf4 h ???????? 024 /
3875d29.c5 d5204088 646bf4 h ???????? 022 /
3875d2a.02 d5204088 646bf4 h ???????? 005 //wp-login.php
3875d2a.34 d5204088 646bf4 h ???????? 010 /wordpress/wp-login.php
3875d2a.6a d5204088 646bf4 h ???????? 003 /wp/wp-login.php
3875d2a.a4 d5204088 646bf4 h ???????? 004 /blog/wp-login.php
3875d2a.d9 d5204088 646bf4 h ???????? 003 /Wordpress/wp-login.php
3875d2b.0d d5204088 646bf4 h ???????? 003 /Blog/wp-login.php
3875f12.8c bc285186 7dfab1 h ???????? 004 //rss.jsp
3875f12.c7 bc285186 7dfab1 h ???????? 004 //rss.jsp
3875f2c.de bc285186 7dfab1 h ???????? 003 //rss.jsp
3875f2d.15 bc285186 7dfab1 h ???????? 00f //rss.jsp
38762b6.37 42f94f28 043937 h ???????? 006 /wiki/MindBrokerKg
38767c9.8b b44c0f9b fa643b h ???????? 003 /t/robots.txt
38767c9.89 b44c0f93 fa643b h ???????? 009 /t/robots.txt
38767e4.07 b44c0fa2 a04d28 h ???????? 004 /t
38767e4.01 0527dad6 5484ba h ???????? 03d /
387693e.c7 9d3727a8 6a88e8 s ???????? 028 /
3876950.9e 44b4e475 aec21f h ???????? 005 /wiki/WipperWupper
3876b4b.a9 42f94f28 043937 h ???????? 006 /wiki/XiNg
3876bbf.66 2ee5a463 2e29b5 h ???????? 004 //robots.txt
3877478.ef 42f94f2e 043937 h ???????? 007 /wiki/VerStaendnis
38775fc.91 6b163456 c76db1 h ???????? 004 //robots.txt
38775fd.1d 6b163456 c76db1 h ???????? 026 /
38775fe.94 426608c8 70a047 h ???????? 004 //rss.rdf
38777c6.35 44b4e475 aec21f h ???????? 007 /wiki/PholoSophie
3877966.cd b29aab1e e4b041 s ???????? 004 /robots.txt
3877ffa.ff 33ff4151 433e9c h ???????? 005 /edit/4936001
38781bd.05 42f94f2b 043937 h ???????? 007 /wiki/ExPeri
38781d0.b4 42f94f28 043937 h ???????? 007 /wiki/MarkenDisclaimer
387839b.5d 8ac54940 6c7e2d h ???????? 027 /
38783a5.46 8ac54940 3f7fe2 h ???????? 004 /robots.txt
38783ab.df 8ac54940 86687a s ???????? 0e8 /hls
38783ab.f4 8ac54940 1831ac s ???????? 0dc /ls
38783ac.5a a4843451 eb026b s ???????? 005 /bcHead
38783ab.e5 8ac54940 40b76f s ???????? 1d3 /sh
38783c1.38 8ac54940 180050 h ???????? 004 /AtJs
387863c.2a 42f94f28 043937 h ???????? 007 /wiki/KerzenSchein
38786c7.4f b44c0f07 fa643b h ???????? 004 /robots.txt
38786c8.46 b44c0f8a fa643b h ???????? 004 /robots.txt
3878775.78 b44c0f17 a04d28 h ???????? 006 /wiki/NooPolis
3878970.da 42f94f2b 043937 h ???????? 004 /edit/8113001
3878be4.8e 36da5e1c 6752e8 h ???????? 028 /
3878d0b.80 42f94f2b 043937 h ???????? 003 /wiki/MaVa
3878f90.d4 42f94f28 043937 h ???????? 003 /wiki/EtymoLogiaSource
387907f.58 cf2e0d8c 6a88e8 h ???????? 002 /wiki/PageIndex
3879195.d9 42f94f2b 043937 h ???????? 002 /hot/robots.txt
387926f.44 cf2e0d8c 6a88e8 h ???????? 013 /
3879280.d0 44b4e475 aec21f h ???????? 002 /wiki/WeltMaschine
387933e.4e b44c0f8b fa643b h ???????? 001 /robots.txt
387933e.50 b44c0f90 fa643b h ???????? 001 /robots.txt
387935d.b2 b44c0f19 a04d28 h ???????? 015 /
38797fe.fb 42f94f28 043937 h ???????? 003 /wiki/HeinzFenrich
387992f.48 9b5e5952 66e770 h ???????? 015 /
3879a4b.5d c6392ed1 7454d3 h ???????? 002 //rss.rdf
3879c01.ee 42f94f2b 043937 h ???????? 002 /edit/2673046
3879c09.10 42f94f2b 043937 h ???????? 001 /edit/2673053
3879c0e.9b 42f94f28 043937 h ???????? 012 /edit/16073008
3879c46.c1 d9b68441 433e9c h ???????? 002 /sl4
3879d7c.ee 42f94f2b 043937 h ???????? 001 /edit/22443009
3879e20.6f 42f94f2e 043937 h ???????? 014 /edit/13033001
3879fbf.8f 480ec7aa 70a047 h ???????? 001 //rss.rdf
387a477.3e 33ff415c 433e9c h ???????? 003 /wiki/WikiPage
387a66e.b3 85826f26 371ef8 h ???????? 002 //wiki/RalfLippold
387a9c1.dd 42f94f28 043937 h ???????? 003 /wiki/GlaeserneBank
387aa03.b3 b44c0fa1 a04d28 h ???????? 003 /wiki/EdSn
387aa83.1d 42f94f28 622963 h ???????? 001 /hot
387ac52.0d d9b68494 433e9c h ???????? 002 /edit/24116001
387ac6b.5b 3ed449d3 028fc4 h ???????? 001 //robots.txt
387ac79.69 3ed449d3 028fc4 h ???????? 015 /
387ac7d.3f 3ed449d3 028fc4 h ???????? 003 //wiki/LockSchuppen
387accb.22 9d37274d 6a88e8 s ???????? 014 /
387aecb.7a 42f94f2e 043937 h ???????? 003 /wiki/DbLp
387af15.f5 44b4e56f aec21f h ???????? 002 //robots.txt
387af27.78 44b4e475 aec21f h ???????? 002 /wiki/LockSchuppenDe
387b1c6.91 9d3727b9 6a88e8 h ???????? 004 /wiki/GlaesernMensch
387b8de.f0 9d3727b9 6a88e8 h ???????? 003 /wiki/RatDerWeisen
387b8e8.34 a484a12f 433e9c h ???????? 001 /edit/28516001
387b9a3.ac b44c0f99 a04d28 h ???????? 003 /wiki/GlobalWafer
387bb85.57 42f94f3f 043937 s ???????? 003 /wiki/LifeDay15909
387bd09.4b cf2e0d99 6a88e8 s ???????? 001 /robots.txt
387bd17.41 cf2e0d5f 6a88e8 s ???????? 014 /
387c174.64 b44c0f0c a04d28 s ???????? 002 /bike
387c962.b9 480ec7b0 70a047 h ???????? 001 //rss.rdf
387cc5c.d4 42f954eb 002725 h ???????? 002 /favicon.ico
387cd48.54 42f94f3f 043937 s ???????? 003 /wiki/HelferOrden
387d0d2.1a 42f94046 043937 h ???????? 002 /robots.txt
387d0d2.57 42f94046 043937 h ???????? 002 /wiki/RiHe
387d113.b5 b44c0f93 a04d28 h ???????? 004 /wiki/FriPa
387d1cc.01 a4845b03 070045 s ???????? 017 /
387d4d0.f2 d9b6849b 433e9c h ???????? 002 /edit/29146006
387d532.3f 369c55c8 2baa92 h ???????? 015 /
387d8e3.d0 b44c0f10 a04d28 h ???????? 004 /wiki/EdSn
387d984.ed d9b68453 433e9c h ???????? 001 /edit/31206001
387dbe5.b1 cf2e0d8c 6a88e8 h ???????? 016 /
387df0a.ec 42f94046 043937 h ???????? 003 /wiki/ReverseStrip
387e0fc.5b c0639364 554020 h ???????? 002 /rss.rdf
387e309.19 8ba271cc 976046 s ???????? 01e /
387e8a8.c0 a484a133 433e9c h ???????? 016 /edit/19756001
387ea5f.3a 33ff4134 433e9c h ???????? 003 /edit/23306002
387ebd2.ba 4fd97b6e 83dba6 h ???????? 003 /wiki/GayRomeo
387ee02.c1 d8f442e5 2e51d1 h ???????? 002 /robots.txt
387f0a7.32 d8f442e5 2e51d1 h ???????? 003 /wiki/ZugWiki
387f0cd.e2 42f94046 043937 h ???????? 002 /wiki/UnitedStates
387f29d.84 42f9598b 70a047 h ???????? 002 //rss.rdf
387f399.8c 42f94048 043937 h ???????? 002 /grow
387f3d1.ee bc286647 7dfab1 h ???????? 001 //rss.jsp
387f3d2.1a bc286647 7dfab1 h ???????? 001 //rss.jsp
387f66c.4c 42f94048 043937 h ???????? 003 /wiki/DeFn
387f69c.d0 42f9404a 043937 h ???????? 003 /wiki/JanaSchlegel2009
387f69d.23 42f9404a 043937 h ???????? 003 /wiki/LockFutureSax2010
387f707.41 a484a124 433e9c h ???????? 003 /wiki/KurzweilVortrag
387f77c.cf 42f94048 043937 h ???????? 003 /wiki/BoundingBoxCaptain
387f939.5f 42f94046 043937 h ???????? 003 /wiki/BdSm
387f946.05 2d370d77 ef60d6 h ???????? 016 /
387fbcc.9a 44b4e475 aec21f h ???????? 003 /wiki/RainerWasserfuhrCv
387fc0b.0b 42f94046 043937 h ???????? 003 /wiki/LaHi
387feb6.21 42f94046 043937 h ???????? 004 /wiki/ThHo
387ff0d.46 341d1881 e04f63 h ???????? 002 /robots.txt
387ff0e.71 341d1881 e04f63 h ???????? 003 /wiki/SecuPay
387ff17.34 a484a15f 433e9c h ???????? 002 /edit/30946003
