38e000b.aa 42f94046 043937 h ???????? 005 /wiki/JanaSchlegel2009
38e000c.92 42f9404a 043937 h ???????? 00e /wiki/LockFutureSax2010
38e0010.1b 42f9404a 043937 h ???????? 004 /wiki/BoundingBoxCaptain
38e0010.86 42f9404a 043937 h ???????? 01a /
38e0132.2b 42f94054 043937 s ???????? 003 /apple-app-site-association
38e0398.cd c6392f4f e83b9c h ???????? 003 //rss.rdf
38e03b4.56 b44c0f90 a04d28 s ???????? 049 /hls
38e0434.9e 5e669632 a95ea1 h ???????? 004 //rss.rdf
38e0806.53 524501fb 573285 h ???????? 003 /mysql/admin/
38e0806.a7 524501fb 573285 h ???????? 002 /mysql/admin/
38e0809.9d 524501fb 573285 h ???????? 002 /mysql/dbadmin/
38e0809.f8 524501fb 573285 h ???????? 002 /mysql/dbadmin/
38e080a.8a 524501fb 573285 h ???????? 003 /mysql/sqlmanager/
38e080a.ec 524501fb 573285 h ???????? 002 /mysql/sqlmanager/
38e080b.68 524501fb 573285 h ???????? 002 /mysql/mysqlmanager/
38e080b.bf 524501fb 573285 h ???????? 002 /mysql/mysqlmanager/
38e080c.49 524501fb 573285 h ???????? 002 /phpmyadmin/
38e080c.a5 524501fb 573285 h ???????? 003 /phpmyadmin/
38e080f.a4 524501fb 573285 h ???????? 002 /phpMyadmin/
38e0810.13 524501fb 573285 h ???????? 003 /phpMyadmin/
38e0810.a5 524501fb 573285 h ???????? 003 /phpMyAdmin/
38e0811.06 524501fb 573285 h ???????? 002 /phpMyAdmin/
38e0811.93 524501fb 573285 h ???????? 003 /phpmyAdmin/
38e0811.ec 524501fb 573285 h ???????? 002 /phpmyAdmin/
38e0817.92 524501fb 573285 h ???????? 003 /phpmyadmin2/
38e0818.6a 524501fb 573285 h ???????? 003 /phpmyadmin2/
38e081c.06 524501fb 573285 h ???????? 002 /phpmyadmin4/
38e081c.ec 524501fb 573285 h ???????? 002 /phpmyadmin4/
38e081e.96 524501fb 573285 h ???????? 003 /2phpmyadmin/
38e081e.fb 524501fb 573285 h ???????? 003 /2phpmyadmin/
38e0820.44 524501fb 573285 h ???????? 003 /phpmy/
38e0820.b1 524501fb 573285 h ???????? 002 /phpmy/
38e0821.f3 524501fb 573285 h ???????? 002 /phppma/
38e0822.61 524501fb 573285 h ???????? 003 /phppma/
38e0824.a6 524501fb 573285 h ???????? 003 /myadmin/
38e0825.13 524501fb 573285 h ???????? 003 /myadmin/
38e0827.58 a4843451 eb026b s ???????? 004 /bcHead
38e0827.14 524501fb 573285 h ???????? 10f /shopdb/
38e0827.d9 a4843451 eb026b s ???????? 004 /bcHead
38e0827.ac 524501fb 573285 h ???????? 0b7 /shopdb/
38e0829.6e 524501fb 573285 h ???????? 002 /MyAdmin/
38e0829.d3 524501fb 573285 h ???????? 003 /MyAdmin/
38e082b.60 524501fb 573285 h ???????? 002 /program/
38e082c.25 524501fb 573285 h ???????? 003 /program/
38e082c.a9 524501fb 573285 h ???????? 003 /PMA/
38e082d.71 524501fb 573285 h ???????? 003 /PMA/
38e082d.f0 524501fb 573285 h ???????? 002 /dbadmin/
38e082e.44 524501fb 573285 h ???????? 002 /dbadmin/
38e082e.bf 524501fb 573285 h ???????? 002 /pma/
38e082f.80 524501fb 573285 h ???????? 003 /pma/
38e0831.0e 524501fb 573285 h ???????? 003 /db/
38e0831.5d 524501fb 573285 h ???????? 003 /db/
38e0831.f4 524501fb 573285 h ???????? 002 /admin/
38e0832.4e 524501fb 573285 h ???????? 003 /admin/
38e0833.86 524501fb 573285 h ???????? 003 /mysql/
38e0834.64 524501fb 573285 h ???????? 003 /mysql/
38e0835.e1 524501fb 573285 h ???????? 003 /database/
38e0836.30 524501fb 573285 h ???????? 002 /database/
38e0837.27 524501fb 573285 h ???????? 003 /db/phpmyadmin/
38e0837.80 524501fb 573285 h ???????? 003 /db/phpmyadmin/
38e0838.06 524501fb 573285 h ???????? 003 /db/phpMyAdmin/
38e0838.d0 524501fb 573285 h ???????? 00e /db/phpMyAdmin/
38e0839.58 524501fb 573285 h ???????? 003 /sqlmanager/
38e083b.c5 524501fb 573285 h ???????? 003 /sqlmanager/
38e083d.22 524501fb 573285 h ???????? 003 /mysqlmanager/
38e083e.a5 524501fb 573285 h ???????? 003 /mysqlmanager/
38e083f.2c 524501fb 573285 h ???????? 003 /php-myadmin/
38e083f.8e 524501fb 573285 h ???????? 003 /php-myadmin/
38e0840.28 524501fb 573285 h ???????? 002 /phpmy-admin/
38e0840.85 524501fb 573285 h ???????? 004 /phpmy-admin/
38e0841.04 524501fb 573285 h ???????? 004 /mysqladmin/
38e0841.d1 524501fb 573285 h ???????? 003 /mysqladmin/
38e0843.4e 524501fb 573285 h ???????? 003 /mysql-admin/
38e0843.a8 524501fb 573285 h ???????? 003 /mysql-admin/
38e0844.25 524501fb 573285 h ???????? 003 /admin/phpmyadmin/
38e0844.77 524501fb 573285 h ???????? 004 /admin/phpmyadmin/
38e0844.f7 524501fb 573285 h ???????? 003 /admin/phpMyAdmin/
38e0845.cc 524501fb 573285 h ???????? 002 /admin/phpMyAdmin/
38e0846.49 524501fb 573285 h ???????? 003 /admin/sysadmin/
38e0846.9d 524501fb 573285 h ???????? 003 /admin/sysadmin/
38e0847.14 524501fb 573285 h ???????? 003 /admin/sqladmin/
38e0847.67 524501fb 573285 h ???????? 003 /admin/sqladmin/
38e0847.e0 524501fb 573285 h ???????? 003 /admin/db/
38e0848.2c 524501fb 573285 h ???????? 003 /admin/db/
38e0848.ac 524501fb 573285 h ???????? 003 /admin/web/
38e0848.fe 524501fb 573285 h ???????? 003 /admin/web/
38e084a.77 524501fb 573285 h ???????? 004 /admin/pMA/
38e084a.d7 524501fb 573285 h ???????? 003 /admin/pMA/
38e084c.69 524501fb 573285 h ???????? 003 /mysql/pma/
38e084c.b9 524501fb 573285 h ???????? 003 /mysql/pma/
38e084d.38 524501fb 573285 h ???????? 003 /mysql/db/
38e084d.8c 524501fb 573285 h ???????? 003 /mysql/db/
38e084e.16 524501fb 573285 h ???????? 005 /mysql/web/
38e084e.68 524501fb 573285 h ???????? 003 /mysql/web/
38e084e.ee 524501fb 573285 h ???????? 003 /mysql/pMA/
38e084f.46 524501fb 573285 h ???????? 003 /mysql/pMA/
38e084f.bc 524501fb 573285 h ???????? 003 /sql/phpmanager/
38e0850.13 524501fb 573285 h ???????? 003 /sql/phpmanager/
38e0850.f9 524501fb 573285 h ???????? 003 /sql/php-myadmin/
38e0851.4b 524501fb 573285 h ???????? 003 /sql/php-myadmin/
38e0851.ca 524501fb 573285 h ???????? 003 /sql/phpmy-admin/
38e0852.27 524501fb 573285 h ???????? 003 /sql/phpmy-admin/
38e0853.a3 524501fb 573285 h ???????? 003 /sql/sql/
38e0853.f5 524501fb 573285 h ???????? 003 /sql/sql/
38e0854.76 524501fb 573285 h ???????? 003 /sql/myadmin/
38e0854.ce 524501fb 573285 h ???????? 004 /sql/myadmin/
38e0855.56 524501fb 573285 h ???????? 003 /sql/webadmin/
38e0855.bb 524501fb 573285 h ???????? 004 /sql/webadmin/
38e0857.4a 524501fb 573285 h ???????? 003 /sql/sqlweb/
38e0858.ba 524501fb 573285 h ???????? 004 /sql/sqlweb/
38e0859.3f 524501fb 573285 h ???????? 003 /sql/websql/
38e085a.03 524501fb 573285 h ???????? 004 /sql/websql/
38e085a.88 524501fb 573285 h ???????? 004 /sql/webdb/
38e085a.df 524501fb 573285 h ???????? 003 /sql/webdb/
38e085c.6e 524501fb 573285 h ???????? 004 /sql/sqladmin/
38e085c.c5 524501fb 573285 h ???????? 003 /sql/sqladmin/
38e085d.51 524501fb 573285 h ???????? 004 /sql/sql-admin/
38e085d.a9 524501fb 573285 h ???????? 004 /sql/sql-admin/
38e085e.30 524501fb 573285 h ???????? 003 /sql/phpmyadmin2/
38e085e.90 524501fb 573285 h ???????? 004 /sql/phpmyadmin2/
38e085f.1c 524501fb 573285 h ???????? 004 /sql/phpMyAdmin2/
38e085f.77 524501fb 573285 h ???????? 004 /sql/phpMyAdmin2/
38e085f.f2 524501fb 573285 h ???????? 003 /sql/phpMyAdmin/
38e0860.4e 524501fb 573285 h ???????? 005 /sql/phpMyAdmin/
38e0860.f3 524501fb 573285 h ???????? 003 /db/myadmin/
38e0861.4c 524501fb 573285 h ???????? 010 /db/myadmin/
38e0861.db 524501fb 573285 h ???????? 004 /db/webadmin/
38e0862.3e 524501fb 573285 h ???????? 003 /db/webadmin/
38e0863.5a 524501fb 573285 h ???????? 003 /db/dbweb/
38e0864.35 524501fb 573285 h ???????? 004 /db/dbweb/
38e0864.b8 524501fb 573285 h ???????? 003 /db/websql/
38e0866.2e 524501fb 573285 h ???????? 003 /db/websql/
38e0866.b7 524501fb 573285 h ???????? 004 /db/webdb/
38e0867.11 524501fb 573285 h ???????? 004 /db/webdb/
38e0867.96 524501fb 573285 h ???????? 004 /db/dbadmin/
38e0867.ee 524501fb 573285 h ???????? 003 /db/dbadmin/
38e0869.71 524501fb 573285 h ???????? 003 /db/db-admin/
38e0869.d4 524501fb 573285 h ???????? 004 /db/db-admin/
38e086a.5e 524501fb 573285 h ???????? 004 /db/phpmyadmin3/
38e086b.be 524501fb 573285 h ???????? 004 /db/phpmyadmin3/
38e086d.4f 524501fb 573285 h ???????? 004 /db/phpMyAdmin3/
38e086d.a7 524501fb 573285 h ???????? 004 /db/phpMyAdmin3/
38e086e.3c 524501fb 573285 h ???????? 004 /db/phpMyAdmin-3/
38e086e.94 524501fb 573285 h ???????? 003 /db/phpMyAdmin-3/
38e086f.0e 524501fb 573285 h ???????? 004 /administrator/phpmyadmin/
38e086f.db 524501fb 573285 h ???????? 004 /administrator/phpmyadmin/
38e0870.60 524501fb 573285 h ???????? 004 /administrator/phpMyAdmin/
38e0870.b9 524501fb 573285 h ???????? 004 /administrator/phpMyAdmin/
38e0871.53 524501fb 573285 h ???????? 011 /administrator/db/
38e0871.ab 524501fb 573285 h ???????? 003 /administrator/db/
38e0872.33 524501fb 573285 h ???????? 003 /administrator/web/
38e0872.92 524501fb 573285 h ???????? 003 /administrator/web/
38e0873.18 524501fb 573285 h ???????? 004 /administrator/pma/
38e0873.69 524501fb 573285 h ???????? 004 /administrator/pma/
38e0874.81 524501fb 573285 h ???????? 004 /administrator/PMA/
38e0874.d7 524501fb 573285 h ???????? 004 /administrator/PMA/
38e0875.59 524501fb 573285 h ???????? 004 /administrator/admin/
38e0876.1d 524501fb 573285 h ???????? 013 /administrator/admin/
38e0876.b5 524501fb 573285 h ???????? 003 /phpMyAdmin2/
38e0877.11 524501fb 573285 h ???????? 004 /phpMyAdmin2/
38e0877.a0 524501fb 573285 h ???????? 004 /phpMyAdmin3/
38e0878.03 524501fb 573285 h ???????? 005 /phpMyAdmin3/
38e0878.aa 524501fb 573285 h ???????? 004 /phpMyAdmin4/
38e0879.ae 524501fb 573285 h ???????? 004 /phpMyAdmin4/
38e087b.85 524501fb 573285 h ???????? 003 /phpMyAdmin-3/
38e087c.02 524501fb 573285 h ???????? 004 /phpMyAdmin-3/
38e087c.a8 524501fb 573285 h ???????? 004 /php-my-admin/
38e087d.16 524501fb 573285 h ???????? 004 /php-my-admin/
38e087d.f8 524501fb 573285 h ???????? 003 /PMA2011/
38e087e.61 524501fb 573285 h ???????? 004 /PMA2011/
38e0880.1e 524501fb 573285 h ???????? 004 /PMA2012/
38e0880.80 524501fb 573285 h ???????? 003 /PMA2012/
38e0881.21 524501fb 573285 h ???????? 004 /PMA2013/
38e0882.16 524501fb 573285 h ???????? 003 /PMA2013/
38e0882.c3 524501fb 573285 h ???????? 004 /PMA2014/
38e0883.c7 524501fb 573285 h ???????? 004 /PMA2014/
38e0884.5e 524501fb 573285 h ???????? 004 /PMA2015/
38e0886.31 524501fb 573285 h ???????? 003 /PMA2015/
38e0886.e8 524501fb 573285 h ???????? 004 /PMA2016/
38e0887.e8 524501fb 573285 h ???????? 004 /PMA2016/
38e088a.f6 524501fb 573285 h ???????? 004 /PMA2017/
38e088b.68 524501fb 573285 h ???????? 004 /PMA2017/
38e089c.f5 524501fb 573285 h ???????? 004 /pma2015/
38e089d.48 524501fb 573285 h ???????? 003 /pma2015/
38e089d.c2 524501fb 573285 h ???????? 004 /pma2016/
38e089e.27 524501fb 573285 h ???????? 004 /pma2016/
38e089f.cd 524501fb 573285 h ???????? 004 /pma2017/
38e08a0.44 524501fb 573285 h ???????? 004 /pma2017/
38e08a1.08 524501fb 573285 h ???????? 004 /pma2018/
38e08a1.70 524501fb 573285 h ???????? 004 /pma2018/
38e08a1.f7 524501fb 573285 h ???????? 004 /phpmyadmin2011/
38e08a2.54 524501fb 573285 h ???????? 004 /phpmyadmin2011/
38e08a2.fb 524501fb 573285 h ???????? 004 /phpmyadmin2012/
38e08a3.6c 524501fb 573285 h ???????? 004 /phpmyadmin2012/
38e08a4.0c 524501fb 573285 h ???????? 004 /phpmyadmin2013/
38e08a4.71 524501fb 573285 h ???????? 004 /phpmyadmin2013/
38e08a4.f2 524501fb 573285 h ???????? 004 /phpmyadmin2014/
38e08a5.50 524501fb 573285 h ???????? 004 /phpmyadmin2014/
38e08a5.d6 524501fb 573285 h ???????? 004 /phpmyadmin2015/
38e08a6.30 524501fb 573285 h ???????? 004 /phpmyadmin2015/
38e08a6.c0 524501fb 573285 h ???????? 004 /phpmyadmin2016/
38e08a7.13 524501fb 573285 h ???????? 004 /phpmyadmin2016/
38e08a7.a3 524501fb 573285 h ???????? 004 /phpmyadmin2017/
38e08a8.0c 524501fb 573285 h ???????? 004 /phpmyadmin2017/
38e08ab.9c 524501fb 573285 h ???????? 004 /phpmanager/
38e08ac.01 524501fb 573285 h ???????? 006 /phpmanager/
38e0a20.71 5d735fd8 c2bd49 h ???????? 082 /
38e0a30.3e 5d735fd8 c2bd49 h ???????? 029 /
38e0ad1.77 a2d2c464 028fc4 h ???????? 005 /robots.txt
38e0ad4.d4 a2d2c464 028fc4 h ???????? 02c /
38e0c9e.1e 42f9404a 043937 h ???????? 00b /wiki/StadtMuenchen
38e0f89.ab 05bd9d6f c37fd8 h ???????? 005 /robots.txt
38e0f92.45 05bd9d6f c37fd8 h ???????? 008 //wiki/RainerWasserfuhrCvEn:
38e0fad.b5 05bd9d6f c37fd8 h ???????? 007 //wiki/SingularSummitEurope
38e0fbe.de 05bd9d6f c37fd8 h ???????? 004 /rss.jsp
38e0fc6.bc 05bd9d6f c37fd8 h ???????? 004 /rss.jsp
38e0fcb.36 05bd9d6f c37fd8 h ???????? 004 /rss.jsp
38e0fd9.da 05bd9d6f c37fd8 h ???????? 004 /rss.jsp
38e108f.f3 3ed26724 c37fd8 h ???????? 005 //robots.txt
38e1095.45 3ed26724 c37fd8 h ???????? 008 //wiki/RainerWasserfuhrCvEn:
38e1518.83 42f95987 70a047 h ???????? 005 //rss.rdf
38e16e5.ce 45c59384 ffd63a h ???????? 004 /wp-login.php
38e16eb.e0 45c59384 ffd63a h ???????? 005 /robots.txt
38e1a25.79 42f94048 043937 h ???????? 005 /crush
38e1e0d.c8 44b4e71a aec21f h ???????? 008 /wiki/ImPrint
38e1e61.14 42f94048 043937 h ???????? 008 /wiki/FaceBookGroup
38e1ec2.80 42f94046 043937 h ???????? 007 /wiki/KaPa
38e2756.19 42f94046 043937 h ???????? 005 /robots.txt
38e2a7c.22 2d3715d8 ef60d6 s ???????? 090 /
38e2e52.12 284da79c 6a88e8 s ???????? 02e /
38e3024.03 42f94048 043937 h ???????? 005 /MuskDreams
38e3059.3e b29aab1e e4b041 h ???????? 004 /robots.txt
38e305d.12 b29aab1e e4b041 h ???????? 02b /
38e318f.ec c73a56d1 028fc4 h ???????? 005 //robots.txt
38e3197.65 c73a56d1 028fc4 h ???????? 008 //wiki/LockSchuppen
38e3622.6e 8ba277c5 976046 h ???????? 030 /
38e3702.99 42f94048 622963 h ???????? 005 /crush
38e3ef6.e1 5da03c20 1a69b5 h ???????? 0a2 /
38e3f23.e7 42f95989 70a047 h ???????? 005 //rss.rdf
38e4082.61 42f9404a 043937 h ???????? 004 /wiki/AnSc
38e41e6.c1 42f94046 043937 h ???????? 003 /wiki/TageBuch
38e4792.0a 284da777 6a88e8 h ???????? 015 /
38e47f1.12 42f94046 622963 h ???????? 015 /
38e4adb.a8 b44c0f20 a04d28 s ???????? 003 /wiki/SemperBase
38e53a9.dc 42f94048 043937 h ???????? 003 /wiki/OpenFloorPlan
38e53b2.bc 42f94050 043937 s ???????? 002 /edit/35705003
38e5fb9.0d 02e6b2b8 bae70c h ???????? 002 /manager/html
38e5ffa.f6 cf2e0dcd 6a88e8 s ???????? 001 /robots.txt
38e5ffb.ab cf2e0dcd 6a88e8 s ???????? 002 /robots.txt
38e6004.b3 cf2e0d89 6a88e8 s ???????? 014 /
38e6242.6e 42f94046 043937 h ???????? 003 /wiki/KaGr
38e656c.f9 42f94048 043937 h ???????? 002 /wiki/WeltUntergang
38e6717.ae 36a26ff7 c76db1 h ???????? 002 /robots.txt
38e6717.ff 36a26ff7 c76db1 h ???????? 018 /
38e672d.93 36a26ff7 c76db1 s ???????? 002 /robots.txt
38e672e.10 36a26ff7 c76db1 s ???????? 042 /ls
38e673f.87 36a26ff7 c76db1 s ???????? 043 /hls
38e695a.86 42f95987 70a047 h ???????? 002 //rss.rdf
38e6ed8.a6 05a7daab a7d207 h ???????? 003 /wiki/RainerWasserfuhr'A=0
38e6ee1.af 05a7daab a7d207 h ???????? 002 /wiki/RainerWasserfuhr'A=0
38e6eeb.ae 05a7daab a7d207 h ???????? 002 /wiki/RainerWasserfuhr'A=0
38e6ef5.c9 05a7daab a7d207 h ???????? 002 /wiki/RainerWasserfuhr'A=0
38e6f00.22 05a7daab a7d207 h ???????? 002 /wiki/RainerWasserfuhr'A=0
38e6f0a.5b 05a7daab a7d207 h ???????? 002 /wiki/RainerWasserfuhr'A=0
38e71a0.b0 42f94048 043937 h ???????? 002 //robots.txt
38e7217.72 284da79c 6a88e8 s ???????? 014 /
38e72ca.e3 b29aab1e e4b041 h ???????? 002 /robots.txt
38e72ce.b9 b29aab1e e4b041 h ???????? 013 /
38e772f.d4 42f9404a 043937 h ???????? 003 /wiki/FacebookFalle
38e826a.46 42f94050 043937 s ???????? 002 /edit/87695001
38e826b.16 42f94050 043937 s ???????? 001 /edit/88575001
38e828c.c1 42f94052 043937 s ???????? 001 /edit/87695002
38e82a4.0d 42f94052 043937 s ???????? 002 /edit/88595001
38e82c1.11 42f94052 043937 s ???????? 001 /edit/85805002
38e82e5.41 42f94052 043937 s ???????? 002 /edit/85805003
38e8334.d9 42f94054 043937 s ???????? 002 /edit/87705001
38e8402.51 42f94046 043937 h ???????? 003 /wiki/OlPe
38e87aa.4f bc286647 7dfab1 h ???????? 004 //rss.jsp
38e87aa.7c bc286647 7dfab1 h ???????? 001 //rss.jsp
38e88f2.fc 42f9404c 043937 h ???????? 002 /robots.txt
38e88f3.59 42f94050 043937 h ???????? 003 /wiki/ErichHonecker
38e8b86.27 cf2e0d34 6a88e8 h ???????? 016 /
38e8ef6.1f 44b4e71a aec21f h ???????? 003 /wiki/WeltInformationsgipfel
38e915b.34 9d372738 6a88e8 h ???????? 015 /
38e9356.5d 9d372740 6a88e8 h ???????? 004 /wiki/ZiiTrend
38e93fd.7e 42f95987 70a047 h ???????? 003 //rss.rdf
38e959a.61 42f954eb 002725 h ???????? 002 /favicon.ico
38e9730.ab 42f9404a 043937 h ???????? 003 /wiki/EvaFischer
38e9736.4e 42f94048 043937 h ???????? 003 /wiki/DietmarHopp
38e973c.25 42f94046 043937 h ???????? 002 /wiki/TorstenNahm
38e9742.0e 42f94046 043937 h ???????? 003 /wiki/ElfiBuchert
38e974a.99 42f94046 043937 h ???????? 003 /wiki/DanielFehnle
38e9756.aa 42f94046 043937 h ???????? 002 /wiki/FrankHaubold
38e9762.97 42f94046 043937 h ???????? 002 /wiki/VereinsSauna
38e976e.76 42f94046 043937 h ???????? 003 /wiki/BreitenSport
38e977a.5d 42f9404a 043937 h ???????? 003 /wiki/HartmutZabel
38e9786.52 42f94046 043937 h ???????? 002 /wiki/KarinTeschner
38e9792.3b 42f94046 043937 h ???????? 002 /wiki/JohannaWegner
38e979e.2c 42f94046 043937 h ???????? 002 /wiki/PeterHerrmann
38e97aa.1a 42f94046 043937 h ???????? 003 /wiki/BauchTanzKurs
38e97b6.07 42f94048 043937 h ???????? 003 /wiki/OliverBradley
38e97c1.ff 42f94048 043937 h ???????? 003 /wiki/WalterKraemer
38e97cd.e5 42f94046 043937 h ???????? 002 /wiki/StephanZimmer
38e97d9.c9 42f94046 043937 h ???????? 002 /wiki/ThomasKutzner
38e97e5.bc 42f94046 043937 h ???????? 003 /wiki/GuenterKoppeel
38e97f1.b6 42f9404a 043937 h ???????? 003 /wiki/BenedictoKilemo
38e97fd.9e 42f94048 043937 h ???????? 003 /wiki/TarkanTevetoglu
38e9809.b2 42f94046 043937 h ???????? 002 /wiki/MichaelAchenbach
38e9815.c0 42f94046 043937 h ???????? 003 /wiki/TanzSportZentrum
38e9821.d6 42f94046 043937 h ???????? 003 /wiki/MarktDerKulturen
38e982e.00 42f9404a 043937 h ???????? 003 /wiki/WolfDieterDiebels
38e983a.34 42f94048 043937 h ???????? 003 /wiki/StefanKirschsieper
38e9847.2e 42f94046 043937 h ???????? 002 /wiki/VavatenimaRasolonjatovo
38e9855.86 42f94046 043937 h ???????? 002 /wiki/JohnEdwardRutawagaDominico
38e9ab5.c4 42f94046 043937 h ???????? 003 /wiki/ScreenSharing
38e9c8f.e6 42f94046 043937 h ???????? 003 //wiki/BrianWang
38ea5ba.69 42f94048 043937 h ???????? 004 /wiki/PieschenRaete
38ea5c2.4e 42f9404a 043937 h ???????? 003 /wiki/EonAg
38ea5fd.99 42f94046 043937 h ???????? 003 /wiki/KuchenTheater
38ea639.4d 42f9404a 043937 h ???????? 005 /wiki/PierceBrosnan
38ea675.67 42f94048 043937 h ???????? 003 /wiki/DriverManager
38ea6c0.f7 42f94046 043937 h ???????? 002 /wiki/CoWorkingWiki
38eab84.e1 9d372738 6a88e8 h ???????? 004 /wiki/MindPlace
38eae27.ef 42f9404a 043937 h ???????? 004 /wiki/ProblemLoeser
38eaf53.11 42f94046 043937 h ???????? 002 /robots.txt
38eb380.90 42f94048 043937 h ???????? 004 /wiki/GamesTrust
38eb391.1a 42f94046 043937 h ???????? 003 /wiki/HfbkWikiWall
38eb398.92 42f94048 043937 h ???????? 003 /wiki/WildKraut
38eb3a0.a8 42f94048 043937 h ???????? 003 /wiki/OekoLoewe
38eb3a9.00 42f94046 043937 h ???????? 003 /wiki/ColoRadio
38eb3b7.1f 42f94046 043937 h ???????? 003 /wiki/TeslaTandem
38eb3c7.ac 42f94046 043937 h ???????? 004 /wiki/SingulArtist
38eb3d8.24 42f9404a 043937 h ???????? 003 /wiki/DamirVanBerlin
38eb3e8.77 42f94048 043937 h ???????? 003 /wiki/AnnoDomini2029
38eb3f8.ce 42f94046 043937 h ???????? 003 /wiki/KuenstlerInnen
38eb409.3c 42f94046 043937 h ???????? 003 /wiki/EthanMorgenstern
38eb419.c2 42f94048 043937 h ???????? 003 /wiki/ElizaLilienstein
38eb42a.19 42f94048 043937 h ???????? 003 /wiki/ZwingerFestspiele
38eb43a.fb 42f94046 043937 h ???????? 003 /wiki/BenevolentDictator
38eb44b.ca 42f94046 043937 h ???????? 003 /wiki/MatthieuDeChanciliere
38eb45d.56 42f94048 043937 h ???????? 003 /wiki/ChiefTechnologyOfficer
38eb471.4e 42f94046 043937 h ???????? 003 /wiki/GebaeudeEnsembleHellerau
38ebb4a.f1 4f90c15d 573285 h ???????? 003 /mysql/admin/
38ebb4b.23 4f90c15d 573285 h ???????? 002 /mysql/admin/
38ebb4b.58 4f90c15d 573285 h ???????? 002 /mysql/dbadmin/
38ebb4b.89 4f90c15d 573285 h ???????? 002 /mysql/dbadmin/
38ebb4b.c2 4f90c15d 573285 h ???????? 002 /mysql/sqlmanager/
38ebb4b.f1 4f90c15d 573285 h ???????? 002 /mysql/sqlmanager/
38ebb4c.24 4f90c15d 573285 h ???????? 002 /mysql/mysqlmanager/
38ebb4c.4e 4f90c15d 573285 h ???????? 002 /mysql/mysqlmanager/
38ebb4c.80 4f90c15d 573285 h ???????? 002 /phpmyadmin/
38ebb4c.ab 4f90c15d 573285 h ???????? 002 /phpmyadmin/
38ebb4c.e5 4f90c15d 573285 h ???????? 002 /phpMyadmin/
38ebb4d.0f 4f90c15d 573285 h ???????? 002 /phpMyadmin/
38ebb4e.42 4f90c15d 573285 h ???????? 002 /phpMyAdmin/
38ebb4e.6e 4f90c15d 573285 h ???????? 002 /phpMyAdmin/
38ebb4e.9f 4f90c15d 573285 h ???????? 002 /phpmyAdmin/
38ebb4e.ce 4f90c15d 573285 h ???????? 002 /phpmyAdmin/
38ebb4e.ff 4f90c15d 573285 h ???????? 003 /phpmyadmin2/
38ebb4f.2c 4f90c15d 573285 h ???????? 001 /phpmyadmin2/
38ebb50.62 4f90c15d 573285 h ???????? 002 /phpmyadmin3/
38ebb50.8d 4f90c15d 573285 h ???????? 002 /phpmyadmin3/
38ebb51.bd 4f90c15d 573285 h ???????? 002 /phpmyadmin4/
38ebb51.e7 4f90c15d 573285 h ???????? 002 /phpmyadmin4/
38ebb52.1d 4f90c15d 573285 h ???????? 002 /2phpmyadmin/
38ebb52.49 4f90c15d 573285 h ???????? 002 /2phpmyadmin/
38ebb52.81 4f90c15d 573285 h ???????? 002 /phpmy/
38ebb52.aa 4f90c15d 573285 h ???????? 002 /phpmy/
38ebb52.db 4f90c15d 573285 h ???????? 002 /phppma/
38ebb53.08 4f90c15d 573285 h ???????? 002 /phppma/
38ebb53.39 4f90c15d 573285 h ???????? 002 /myadmin/
38ebb53.67 4f90c15d 573285 h ???????? 002 /myadmin/
38ebb53.d1 a4843451 eb026b s ???????? 003 /bcHead
38ebb53.99 4f90c15d 573285 h ???????? 0e0 /shopdb/
38ebb54.29 a4843451 eb026b s ???????? 003 /bcHead
38ebb54.01 4f90c15d 573285 h ???????? 0a2 /shopdb/
38ebb54.5b 4f90c15d 573285 h ???????? 003 /MyAdmin/
38ebb54.83 4f90c15d 573285 h ???????? 002 /MyAdmin/
38ebb54.b5 4f90c15d 573285 h ???????? 002 /program/
38ebb54.e7 4f90c15d 573285 h ???????? 003 /program/
38ebb56.27 4f90c15d 573285 h ???????? 002 /PMA/
38ebb56.54 4f90c15d 573285 h ???????? 002 /PMA/
38ebb56.90 4f90c15d 573285 h ???????? 002 /dbadmin/
38ebb56.bc 4f90c15d 573285 h ???????? 002 /dbadmin/
38ebb57.fc 4f90c15d 573285 h ???????? 002 /pma/
38ebb58.29 4f90c15d 573285 h ???????? 002 /pma/
38ebb58.5c 4f90c15d 573285 h ???????? 002 /db/
38ebb58.88 4f90c15d 573285 h ???????? 002 /db/
38ebb59.bb 4f90c15d 573285 h ???????? 002 /admin/
38ebb59.e8 4f90c15d 573285 h ???????? 002 /admin/
38ebb5a.24 4f90c15d 573285 h ???????? 002 /mysql/
38ebb5a.52 4f90c15d 573285 h ???????? 003 /mysql/
38ebb5b.8c 4f90c15d 573285 h ???????? 002 /database/
38ebb5b.b8 4f90c15d 573285 h ???????? 002 /database/
38ebb5b.f1 4f90c15d 573285 h ???????? 002 /db/phpmyadmin/
38ebb5c.1a 4f90c15d 573285 h ???????? 002 /db/phpmyadmin/
38ebb69.73 4f90c15d 573285 h ???????? 003 /mysqladmin/
38ebb69.ab 4f90c15d 573285 h ???????? 002 /mysqladmin/
38ebb6a.0a 4f90c15d 573285 h ???????? 002 /mysql-admin/
38ebb6a.4f 4f90c15d 573285 h ???????? 002 /mysql-admin/
38ebb6a.a0 4f90c15d 573285 h ???????? 002 /admin/phpmyadmin/
38ebb6a.cb 4f90c15d 573285 h ???????? 002 /admin/phpmyadmin/
38ebb6c.0c 4f90c15d 573285 h ???????? 003 /admin/phpMyAdmin/
38ebb6c.3e 4f90c15d 573285 h ???????? 002 /admin/phpMyAdmin/
38ebb6c.78 4f90c15d 573285 h ???????? 002 /admin/sysadmin/
38ebb6c.ab 4f90c15d 573285 h ???????? 003 /admin/sysadmin/
38ebb6c.e1 4f90c15d 573285 h ???????? 003 /admin/sqladmin/
38ebb6d.17 4f90c15d 573285 h ???????? 002 /admin/sqladmin/
38ebb70.4c 4f90c15d 573285 h ???????? 002 /admin/web/
38ebb70.7b 4f90c15d 573285 h ???????? 002 /admin/web/
38ebb71.af 4f90c15d 573285 h ???????? 003 /admin/pMA/
38ebb71.dc 4f90c15d 573285 h ???????? 003 /admin/pMA/
38ebb72.15 4f90c15d 573285 h ???????? 002 /mysql/pma/
38ebb72.42 4f90c15d 573285 h ???????? 003 /mysql/pma/
38ebb73.78 4f90c15d 573285 h ???????? 003 /mysql/db/
38ebb73.b9 4f90c15d 573285 h ???????? 002 /mysql/db/
38ebb74.1c 4f90c15d 573285 h ???????? 002 /mysql/web/
38ebb74.5f 4f90c15d 573285 h ???????? 002 /mysql/web/
38ebb74.bf 4f90c15d 573285 h ???????? 003 /mysql/pMA/
38ebb75.04 4f90c15d 573285 h ???????? 002 /mysql/pMA/
38ebb75.56 4f90c15d 573285 h ???????? 003 /sql/phpmanager/
38ebb75.86 4f90c15d 573285 h ???????? 003 /sql/phpmanager/
38ebb76.cf 4f90c15d 573285 h ???????? 003 /sql/php-myadmin/
38ebb77.06 4f90c15d 573285 h ???????? 002 /sql/php-myadmin/
38ebb78.3e 4f90c15d 573285 h ???????? 002 /sql/phpmy-admin/
38ebb78.6e 4f90c15d 573285 h ???????? 002 /sql/phpmy-admin/
38ebb7c.a8 4f90c15d 573285 h ???????? 002 /sql/myadmin/
38ebb7c.d1 4f90c15d 573285 h ???????? 003 /sql/myadmin/
38ebb7d.0a 4f90c15d 573285 h ???????? 003 /sql/webadmin/
38ebb7d.36 4f90c15d 573285 h ???????? 003 /sql/webadmin/
38ebb7d.6d 4f90c15d 573285 h ???????? 003 /sql/sqlweb/
38ebb7d.9b 4f90c15d 573285 h ???????? 002 /sql/sqlweb/
38ebb7d.d0 4f90c15d 573285 h ???????? 003 /sql/websql/
38ebb7e.07 4f90c15d 573285 h ???????? 003 /sql/websql/
38ebb7e.51 4f90c15d 573285 h ???????? 002 /sql/webdb/
38ebb7e.89 4f90c15d 573285 h ???????? 003 /sql/webdb/
38ebb7e.d4 4f90c15d 573285 h ???????? 003 /sql/sqladmin/
38ebb7f.13 4f90c15d 573285 h ???????? 002 /sql/sqladmin/
38ebb7f.66 4f90c15d 573285 h ???????? 003 /sql/sql-admin/
38ebb7f.a4 4f90c15d 573285 h ???????? 003 /sql/sql-admin/
38ebb80.04 4f90c15d 573285 h ???????? 004 /sql/phpmyadmin2/
38ebb80.3c 4f90c15d 573285 h ???????? 003 /sql/phpmyadmin2/
38ebb80.85 4f90c15d 573285 h ???????? 002 /sql/phpMyAdmin2/
38ebb80.c2 4f90c15d 573285 h ???????? 002 /sql/phpMyAdmin2/
38ebb84.04 4f90c15d 573285 h ???????? 002 /db/myadmin/
38ebb84.3b 4f90c15d 573285 h ???????? 003 /db/myadmin/
38ebb88.80 4f90c15d 573285 h ???????? 002 /db/dbweb/
38ebb88.b7 4f90c15d 573285 h ???????? 003 /db/dbweb/
38ebb88.f4 4f90c15d 573285 h ???????? 003 /db/websql/
38ebb89.2b 4f90c15d 573285 h ???????? 002 /db/websql/
38ebb89.77 4f90c15d 573285 h ???????? 002 /db/webdb/
38ebb89.b1 4f90c15d 573285 h ???????? 003 /db/webdb/
38ebb89.fe 4f90c15d 573285 h ???????? 003 /db/dbadmin/
38ebb8a.3a 4f90c15d 573285 h ???????? 002 /db/dbadmin/
38ebb8d.82 4f90c15d 573285 h ???????? 002 /db/phpmyadmin3/
38ebb8d.b8 4f90c15d 573285 h ???????? 002 /db/phpmyadmin3/
38ebb8e.00 4f90c15d 573285 h ???????? 002 /db/phpMyAdmin3/
38ebb8e.35 4f90c15d 573285 h ???????? 002 /db/phpMyAdmin3/
38ebb8e.72 4f90c15d 573285 h ???????? 002 /db/phpMyAdmin-3/
38ebb8e.a0 4f90c15d 573285 h ???????? 00e /db/phpMyAdmin-3/
38ebb92.e0 4f90c15d 573285 h ???????? 002 /administrator/phpMyAdmin/
38ebb93.13 4f90c15d 573285 h ???????? 003 /administrator/phpMyAdmin/
38ebb93.54 4f90c15d 573285 h ???????? 002 /administrator/db/
38ebb93.86 4f90c15d 573285 h ???????? 002 /administrator/db/
38ebb93.c7 4f90c15d 573285 h ???????? 002 /administrator/web/
38ebb94.05 4f90c15d 573285 h ???????? 003 /administrator/web/
38ebb94.5a 4f90c15d 573285 h ???????? 002 /administrator/pma/
38ebb94.95 4f90c15d 573285 h ???????? 003 /administrator/pma/
38ebb94.eb 4f90c15d 573285 h ???????? 002 /administrator/PMA/
38ebb95.24 4f90c15d 573285 h ???????? 003 /administrator/PMA/
38ebb95.71 4f90c15d 573285 h ???????? 003 /administrator/admin/
38ebb95.a2 4f90c15d 573285 h ???????? 003 /administrator/admin/
38ebb95.df 4f90c15d 573285 h ???????? 003 /phpMyAdmin2/
38ebb96.0e 4f90c15d 573285 h ???????? 003 /phpMyAdmin2/
38ebb97.4d 4f90c15d 573285 h ???????? 003 /phpMyAdmin3/
38ebb97.7f 4f90c15d 573285 h ???????? 002 /phpMyAdmin3/
38ebb97.bc 4f90c15d 573285 h ???????? 002 /phpMyAdmin4/
38ebb97.f0 4f90c15d 573285 h ???????? 003 /phpMyAdmin4/
38ebb98.30 4f90c15d 573285 h ???????? 002 /phpMyAdmin-3/
38ebb98.6c 4f90c15d 573285 h ???????? 003 /phpMyAdmin-3/
38ebb98.ab 4f90c15d 573285 h ???????? 003 /php-my-admin/
38ebb98.dc 4f90c15d 573285 h ???????? 003 /php-my-admin/
38ebb99.20 4f90c15d 573285 h ???????? 003 /PMA2011/
38ebb99.53 4f90c15d 573285 h ???????? 003 /PMA2011/
38ebb99.96 4f90c15d 573285 h ???????? 003 /PMA2012/
38ebb99.d6 4f90c15d 573285 h ???????? 003 /PMA2012/
38ebb9a.21 4f90c15d 573285 h ???????? 003 /PMA2013/
38ebb9a.5e 4f90c15d 573285 h ???????? 003 /PMA2013/
38ebb9a.9b 4f90c15d 573285 h ???????? 003 /PMA2014/
38ebb9a.d0 4f90c15d 573285 h ???????? 003 /PMA2014/
38ebb9b.17 4f90c15d 573285 h ???????? 003 /PMA2015/
38ebb9b.4e 4f90c15d 573285 h ???????? 003 /PMA2015/
38ebb9c.90 4f90c15d 573285 h ???????? 003 /PMA2016/
38ebb9c.d0 4f90c15d 573285 h ???????? 003 /PMA2016/
38ebb9d.1a 4f90c15d 573285 h ???????? 003 /PMA2017/
38ebb9d.54 4f90c15d 573285 h ???????? 003 /PMA2017/
38ebba1.9b 4f90c15d 573285 h ???????? 003 /pma2011/
38ebba1.d3 4f90c15d 573285 h ???????? 003 /pma2011/
38ebba2.11 4f90c15d 573285 h ???????? 003 /pma2012/
38ebba2.48 4f90c15d 573285 h ???????? 003 /pma2012/
38ebba2.96 4f90c15d 573285 h ???????? 003 /pma2013/
38ebba2.d6 4f90c15d 573285 h ???????? 003 /pma2013/
38ebba3.1c 4f90c15d 573285 h ???????? 003 /pma2014/
38ebba3.50 4f90c15d 573285 h ???????? 003 /pma2014/
38ebba4.97 4f90c15d 573285 h ???????? 003 /pma2015/
38ebba4.c7 4f90c15d 573285 h ???????? 003 /pma2015/
38ebba5.09 4f90c15d 573285 h ???????? 003 /pma2016/
38ebba5.3e 4f90c15d 573285 h ???????? 003 /pma2016/
38ebba5.81 4f90c15d 573285 h ???????? 003 /pma2017/
38ebba5.ba 4f90c15d 573285 h ???????? 003 /pma2017/
38ebba5.f8 4f90c15d 573285 h ???????? 004 /pma2018/
38ebba6.2b 4f90c15d 573285 h ???????? 003 /pma2018/
38ebba6.6e 4f90c15d 573285 h ???????? 003 /phpmyadmin2011/
38ebba6.a9 4f90c15d 573285 h ???????? 003 /phpmyadmin2011/
38ebba6.ee 4f90c15d 573285 h ???????? 004 /phpmyadmin2012/
38ebba7.2a 4f90c15d 573285 h ???????? 003 /phpmyadmin2012/
38ebba7.73 4f90c15d 573285 h ???????? 003 /phpmyadmin2013/
38ebba7.aa 4f90c15d 573285 h ???????? 004 /phpmyadmin2013/
38ebba7.f6 4f90c15d 573285 h ???????? 003 /phpmyadmin2014/
38ebba8.3b 4f90c15d 573285 h ???????? 003 /phpmyadmin2014/
38ebba8.8a 4f90c15d 573285 h ???????? 003 /phpmyadmin2015/
38ebba8.c4 4f90c15d 573285 h ???????? 003 /phpmyadmin2015/
38ebba9.10 4f90c15d 573285 h ???????? 003 /phpmyadmin2016/
38ebba9.51 4f90c15d 573285 h ???????? 003 /phpmyadmin2016/
38ebba9.99 4f90c15d 573285 h ???????? 003 /phpmyadmin2017/
38ebba9.de 4f90c15d 573285 h ???????? 004 /phpmyadmin2017/
38ebbaa.27 4f90c15d 573285 h ???????? 003 /phpmyadmin2018/
38ebbaa.5f 4f90c15d 573285 h ???????? 003 /phpmyadmin2018/
38ebbaa.a4 4f90c15d 573285 h ???????? 004 /phpmanager/
38ebbaa.e5 4f90c15d 573285 h ???????? 003 /phpmanager/
38ebc43.6c 42f9598b 70a047 h ???????? 004 //rss.rdf
38ebfea.d5 42f94046 043937 h ???????? 006 /wiki/BallSaal
38ec16a.f1 b44c0f9e a04d28 h ???????? 025 /
38ec184.60 8ba24e87 186d9a s ???????? 024 /
38ec1c9.6e cf2e0dcd 6a88e8 h ???????? 004 /robots.txt
38ec782.7c 42f94048 043937 h ???????? 006 /wiki/PlUrk
38ec7f6.e7 b44c0f12 a04d28 h ???????? 006 /wiki/LockSchuppen
38ec9a0.2c 284da79c 6a88e8 h ???????? 005 /wiki/TwentyThreeAndMe
38ecc07.1f 42f94046 043937 h ???????? 006 /wiki/InterAct
38ecc0a.1f 42f94048 043937 h ???????? 006 /wiki/CharlesStross
38ecc0a.81 42f9404a 043937 h ???????? 005 /wiki/EsaPekkaSalonen
38ecc0a.d0 42f9404a 043937 h ???????? 005 /wiki/GeorgPreller
38ecc0c.7a 42f94048 043937 h ???????? 006 /wiki/StefanZoellner
38ecc0d.1c 42f94048 043937 h ???????? 006 /wiki/BillionUserSocialNetwork
38ecc12.ba 42f94046 043937 h ???????? 005 /wiki/VirtualEconony
38ecc27.a5 42f94046 043937 h ???????? 005 /wiki/TechnologyStack
38eccef.e2 25bb3842 e3b0c4 h ???????? 004 /robots.txt
38eccf2.1e 25bb3842 9b6b51 h ???????? 028 /
38ed04c.39 42f94004 043937 s ???????? 004 /robots.txt
38ed1ad.f3 42f94046 043937 h ???????? 007 /wiki/HugenDubel
38edcd8.12 284da79c 6a88e8 s ???????? 025 /
38edfca.72 42f9404a 043937 h ???????? 007 /wiki/MustRead
38edfcd.ae 42f9404a 043937 h ???????? 005 /wiki/AccelerAndo
38ee061.26 6bb2c2d5 71f2b9 s ???????? 011 /put/
38ee1f2.5a 44b4e71a aec21f s ???????? 004 /robots.txt
38ee1f3.66 44b4e71a aec21f s ???????? 006 /wiki/IpAddress
38ee370.ce 42f94046 043937 h ???????? 007 /wiki/KasimirNummer
38ee4d8.59 b44c0f1c a04d28 h ???????? 004 /radio
38ee628.e1 42f95987 70a047 h ???????? 005 //rss.rdf
38ee942.8b 42f94048 043937 h ???????? 007 /wiki/FfHbf
38eeecc.79 8b9fea22 aaa5a7 h ???????? 005 /manager/html
38ef0af.11 42f94048 043937 h ???????? 006 /wiki/ThereIsButOneInfiniteGame
38ef363.94 4a7d4c23 55c2cd h ???????? 004 //rss.rdf
38ef366.39 5519d2ea 6de661 h ???????? 004 //robots.txt
38ef366.82 5519d2ea 6de661 h ???????? 006 //wiki/LockSchuppen
38ef533.eb 42f94048 043937 h ???????? 007 /wiki/GeoMindBroker
38ef67a.b3 72662474 53f294 h ???????? 004 //favicon.ico
38efe7d.9f 33ff8a5a 37067c h ???????? 02a /
38efe7d.dd 33ff8a5a 37067c h ???????? 003 /wp-includes/wlwmanifest.xml
38efe7e.0d 33ff8a5a 37067c h ???????? 004 /xmlrpc.php
38efe7e.44 33ff8a5a 37067c h ???????? 026 /
38efe7e.7f 33ff8a5a 37067c h ???????? 003 /blog/wp-includes/wlwmanifest.xml
38efe7e.b1 33ff8a5a 37067c h ???????? 004 /wordpress/wp-includes/wlwmanifest.xml
38efe7e.e3 33ff8a5a 37067c h ???????? 004 /wp/wp-includes/wlwmanifest.xml
38efe7f.13 33ff8a5a 37067c h ???????? 003 /site/wp-includes/wlwmanifest.xml
38efe7f.4f 33ff8a5a 37067c h ???????? 003 /cms/wp-includes/wlwmanifest.xml
38efe82.8a 42f9404a 043937 h ???????? 004 /film/robots.txt
38eff65.cd 42f94046 043937 h ???????? 007 /wiki/FiniteAndInfiniteGames
