39d0110.b1 cd8b8d36 209ef4 h ???????? 003 //rss.rdf
39d03ee.da 42f9452a 043937 h ???????? 004 /wiki/SynBio
39d0593.c2 b44c0f0d a04d28 h ???????? 003 /wiki/%3Ca%20class=%22blue%22%20href=%22/wiki/MoonOfEarth%22%3EMoonOfEarth%3C/a%3E
39d0c21.b0 42f94552 043937 s ???????? 005 /wiki/OlGa
39d15b2.19 42f941ca 043937 h ???????? 006 /wiki/RedeWendung
39d1abe.15 34d523ab 5132e1 h ???????? 01b /
39d1da4.68 8ba26c35 976046 h ???????? 01c /
39d1f87.ae 434e6a7a c00cac h ???????? 005 //wiki/SemanticVoting
39d214c.9e b44c0f22 a04d28 h ???????? 004 /wiki/StepChat
39d21de.4f a3ac0499 17b1ee h ???????? 023 /
39d2565.41 42f95a8f 70a047 h ???????? 002 //rss.rdf
39d2774.d1 42f941ce 043937 h ???????? 004 /wiki/RobertScoble
39d2de1.91 42f941cc 043937 h ???????? 007 /wiki/PeKiP
39d316b.af 33febe35 dc1a18 h ???????? 023 /
39d316c.2a 33febe35 dc1a18 h ???????? 003 //https://floatingboat2013.appspot.com
39d316c.99 33febe35 dc1a18 h ???????? 004 //wiki/AlanTuring
39d316d.a5 33febe35 dc1a18 h ???????? 004 //wiki/GottfriedWilhelmLeibniz
39d31d9.b7 42f941ce 043937 h ???????? 003 //robots.txt
39d36d5.76 8dd47a40 ef60d6 h ???????? 026 /
39d3937.e5 42f941ce 043937 h ???????? 005 /wiki/GeniusAtWork
39d3b60.63 b15137e3 32c7bf h ???????? 003 /cgi/common.cgi
39d3b63.52 b15137e3 32c7bf h ???????? 002 /stssys.htm
39d3b66.50 b15137e3 32c7bf h ???????? 025 /
39d3b6a.0d b15137e3 32c7bf h ???????? 002 /command.php
39d3bbb.34 42f941ca 043937 h ???????? 004 /wiki/RsWipp
39d3fcb.d6 9d37276f 6a88e8 s ???????? 01d /
39d440d.07 42f941ca 043937 h ???????? 005 /wiki/RainerWasserfuhr
39d459d.5c 33ff411f 433e9c h ???????? 005 /wiki/Nadia%20Zaboura
39d46ca.40 42f941ca 043937 h ???????? 004 /wiki/PhilippLenssen
39d46d8.8a 42f941ce 043937 h ???????? 003 /wiki/RwCs
39d46da.f8 42f941ca 043937 h ???????? 005 /wiki/MilindTambe
39d480f.27 42f941ca 043937 h ???????? 005 /wiki/BlogoScoped
39d4a16.73 9e457636 fdc79c h ???????? 01c /
39d4afa.db 42f941ce 043937 h ???????? 004 /wiki/PrivatSphaere
39d4c94.bc 6c3b0846 028fc4 h ???????? 004 /robots.txt
39d4c96.84 6c3b0846 028fc4 h ???????? 004 /wiki/AGeeksTour
39d4ca7.f9 6c3b0846 028fc4 h ???????? 004 /wiki/SmaVa
39d4de1.35 42f95a8d 70a047 h ???????? 003 //rss.rdf
39d4fa1.b7 42f941d2 043937 s ???????? 004 /wiki/KaPa
39d51c2.3f 25bb382f e3b0c4 h ???????? 003 /robots.txt
39d51c5.ec 25bb382f 87f8b1 h ???????? 01c /
39d5701.77 b44c0f20 a04d28 h ???????? 005 /wiki/%3Ca%20class=%22blue%22%20href=%22/wiki/PlanetErde%22%3EPlanetErde%3C/a%3E
39d5cbd.ee 42f941ca 043937 h ???????? 005 /wiki/PieschenLuder
39d5dc4.3a c05f1d74 e3b0c4 h ???????? 003 /robots.txt
39d5dc6.bb c05f1d74 4c528d h ???????? 026 /
39d5ea7.2e 5cce981d 22f618 h ???????? 00c /hot
39d60c6.a1 9d3727af 6a88e8 h ???????? 01c /
39d6372.9c 33ff4780 433e9c h ???????? 003 /edit/30126002
39d6422.bd 25bb3851 e3b0c4 h ???????? 003 /robots.txt
39d6425.ab 25bb3851 46ab9b h ???????? 029 /
39d65a7.db d9b684af 433e9c h ???????? 003 /edit/27406004
39d661d.d9 9d3727af 6a88e8 h ???????? 005 /wiki/LastWill
39d6e80.f2 42f941ce 043937 h ???????? 004 /wiki/DieRothaarige
39d6fc0.24 d17e8804 7404fb h ???????? 01e /
39d6fe9.f2 4d4b4ca6 6a9392 s ???????? 003 /robots.txt
39d6feb.05 4d4b4ca6 6a9392 s ???????? 04b /hls
39d7106.97 a484a147 433e9c h ???????? 002 /edit/26466002
39d7161.b8 42f941d4 043937 s ???????? 004 /wiki/GoLe
39d744e.c7 8ac5be11 8ce5d7 h ???????? 01d /
39d744f.03 8ac5be11 f2f0e2 h ???????? 020 /
39d7593.5d 42f95a8f 70a047 h ???????? 003 //rss.rdf
39d78d9.bc 4e2e2319 7dfab1 h ???????? 003 //rss.jsp
39d78d9.ef 4e2e2319 7dfab1 h ???????? 002 //rss.jsp
39d79b2.60 42f95a8f 70a047 h ???????? 003 //rss.rdf
39d7ddf.97 9d3727f1 6a88e8 s ???????? 01e /
39d8017.0b 5b794fb4 e3b0c4 h ???????? 003 /robots.txt
39d8019.42 5b794fb4 2d2838 h ???????? 02a /
39d8043.c7 42f941cc 043937 h ???????? 006 /wiki/IterationTwo
39d89f2.fd cf2e0db8 6a88e8 h ???????? 005 /wiki/WorldDominance
39d8ca9.c1 b29aab1e e4b041 h ???????? 004 /robots.txt
39d8cad.83 b29aab1e e4b041 h ???????? 020 /
39d8df4.2c 6d6dfe8a 7454d3 h ???????? 003 //rss.rdf
39d8e6e.5e cf2e0db8 6a88e8 s ???????? 020 /
39d8f0a.d9 a484a11d 433e9c h ???????? 004 /wiki/CoOrpheum
39d90e7.a9 a3759112 12da77 h ???????? 003 /robots.txt
39d9164.03 b9a51d8a fee6c8 h ???????? 003 /wp-login.php
39d91a0.5d a3759112 12da77 h ???????? 002 /robots.txt
39d9206.e9 42f941cc 043937 h ???????? 003 /robots.txt
39d9207.55 42f941ca 043937 h ???????? 004 /wiki/GlobalFellow
39d9321.7d 42f941cc 043937 h ???????? 005 /wiki/ByURL
39d94f3.99 cf2e0db8 6a88e8 h ???????? 005 /wiki/RainersLaw
39d97d6.b9 528617da 573285 h ???????? 003 /mysql/admin/
39d97d6.f6 528617da 573285 h ???????? 003 /mysql/admin/
39d97d7.90 528617da 573285 h ???????? 001 /mysql/dbadmin/
39d97d7.b2 528617da 573285 h ???????? 001 /mysql/dbadmin/
39d97d7.e4 528617da 573285 h ???????? 001 /mysql/sqlmanager/
39d97d8.0d 528617da 573285 h ???????? 001 /mysql/sqlmanager/
39d97d8.3c 528617da 573285 h ???????? 001 /mysql/mysqlmanager/
39d97d8.5d 528617da 573285 h ???????? 001 /mysql/mysqlmanager/
39d97d8.91 528617da 573285 h ???????? 001 /phpmyadmin/
39d97d8.b3 528617da 573285 h ???????? 001 /phpmyadmin/
39d97d8.e6 528617da 573285 h ???????? 001 /phpMyadmin/
39d97d9.09 528617da 573285 h ???????? 001 /phpMyadmin/
39d97d9.3d 528617da 573285 h ???????? 001 /phpMyAdmin/
39d97d9.60 528617da 573285 h ???????? 001 /phpMyAdmin/
39d97d9.93 528617da 573285 h ???????? 002 /phpmyAdmin/
39d97d9.bd 528617da 573285 h ???????? 001 /phpmyAdmin/
39d97d9.f0 528617da 573285 h ???????? 001 /phpmyadmin2/
39d97da.13 528617da 573285 h ???????? 001 /phpmyadmin2/
39d97da.48 528617da 573285 h ???????? 002 /phpmyadmin3/
39d97da.6e 528617da 573285 h ???????? 001 /phpmyadmin3/
39d97da.a3 528617da 573285 h ???????? 002 /phpmyadmin4/
39d97da.d1 528617da 573285 h ???????? 001 /phpmyadmin4/
39d97db.01 528617da 573285 h ???????? 008 /2phpmyadmin/
39d97db.2c 528617da 573285 h ???????? 002 /2phpmyadmin/
39d97db.62 528617da 573285 h ???????? 001 /phpmy/
39d97db.85 528617da 573285 h ???????? 001 /phpmy/
39d97db.b5 528617da 573285 h ???????? 001 /phppma/
39d97db.d9 528617da 573285 h ???????? 001 /phppma/
39d97dd.0f 528617da 573285 h ???????? 001 /myadmin/
39d97dd.33 528617da 573285 h ???????? 001 /myadmin/
39d97dd.a9 a4843451 eb026b s ???????? 002 /bcHead
39d97dd.66 528617da 573285 h ???????? 10a /shopdb/
39d97dd.ef a4843451 eb026b s ???????? 002 /bcHead
39d97dd.d4 528617da 573285 h ???????? 06d /shopdb/
39d97de.20 528617da 573285 h ???????? 001 /MyAdmin/
39d97de.42 528617da 573285 h ???????? 002 /MyAdmin/
39d97de.70 528617da 573285 h ???????? 001 /program/
39d97de.94 528617da 573285 h ???????? 001 /program/
39d97de.c3 528617da 573285 h ???????? 001 /PMA/
39d97de.e7 528617da 573285 h ???????? 001 /PMA/
39d97df.1f 528617da 573285 h ???????? 002 /dbadmin/
39d97df.43 528617da 573285 h ???????? 001 /dbadmin/
39d97df.6f 528617da 573285 h ???????? 001 /pma/
39d97df.92 528617da 573285 h ???????? 001 /pma/
39d97df.cd 528617da 573285 h ???????? 001 /db/
39d97df.fb 528617da 573285 h ???????? 002 /db/
39d97e1.30 528617da 573285 h ???????? 001 /admin/
39d97e1.57 528617da 573285 h ???????? 002 /admin/
39d97e1.89 528617da 573285 h ???????? 001 /mysql/
39d97e1.ad 528617da 573285 h ???????? 001 /mysql/
39d97e1.de 528617da 573285 h ???????? 007 /database/
39d97e2.48 528617da 573285 h ???????? 001 /database/
39d97e2.82 528617da 573285 h ???????? 001 /db/phpmyadmin/
39d97e2.b0 528617da 573285 h ???????? 001 /db/phpmyadmin/
39d97e2.ea 528617da 573285 h ???????? 002 /db/phpMyAdmin/
39d97e3.17 528617da 573285 h ???????? 002 /db/phpMyAdmin/
39d97e3.4b 528617da 573285 h ???????? 001 /sqlmanager/
39d97e3.71 528617da 573285 h ???????? 002 /sqlmanager/
39d97e3.a9 528617da 573285 h ???????? 001 /mysqlmanager/
39d97e3.d2 528617da 573285 h ???????? 002 /mysqlmanager/
39d97e4.04 528617da 573285 h ???????? 001 /php-myadmin/
39d97e4.2c 528617da 573285 h ???????? 001 /php-myadmin/
39d97e4.64 528617da 573285 h ???????? 002 /phpmy-admin/
39d97e4.8f 528617da 573285 h ???????? 002 /phpmy-admin/
39d97e4.c1 528617da 573285 h ???????? 002 /mysqladmin/
39d97e4.ee 528617da 573285 h ???????? 002 /mysqladmin/
39d97e5.24 528617da 573285 h ???????? 001 /mysql-admin/
39d97e5.54 528617da 573285 h ???????? 001 /mysql-admin/
39d97e5.89 528617da 573285 h ???????? 001 /admin/phpmyadmin/
39d97e5.b0 528617da 573285 h ???????? 002 /admin/phpmyadmin/
39d97e5.e1 528617da 573285 h ???????? 001 /admin/phpMyAdmin/
39d97e6.0b 528617da 573285 h ???????? 001 /admin/phpMyAdmin/
39d97e6.3f 528617da 573285 h ???????? 002 /admin/sysadmin/
39d97e6.69 528617da 573285 h ???????? 001 /admin/sysadmin/
39d97e7.9e 528617da 573285 h ???????? 001 /admin/sqladmin/
39d97e7.c7 528617da 573285 h ???????? 001 /admin/sqladmin/
39d97e9.00 528617da 573285 h ???????? 002 /admin/db/
39d97e9.33 528617da 573285 h ???????? 001 /admin/db/
39d97e9.67 528617da 573285 h ???????? 002 /admin/web/
39d97e9.8f 528617da 573285 h ???????? 002 /admin/web/
39d97e9.c5 528617da 573285 h ???????? 001 /admin/pMA/
39d97e9.f1 528617da 573285 h ???????? 002 /admin/pMA/
39d97ea.26 528617da 573285 h ???????? 002 /mysql/pma/
39d97ea.54 528617da 573285 h ???????? 001 /mysql/pma/
39d97ea.89 528617da 573285 h ???????? 002 /mysql/db/
39d97ea.af 528617da 573285 h ???????? 002 /mysql/db/
39d97ea.e1 528617da 573285 h ???????? 002 /mysql/web/
39d97eb.0d 528617da 573285 h ???????? 002 /mysql/web/
39d97eb.49 528617da 573285 h ???????? 001 /mysql/pMA/
39d97eb.71 528617da 573285 h ???????? 002 /mysql/pMA/
39d97eb.a3 528617da 573285 h ???????? 001 /sql/phpmanager/
39d97eb.cc 528617da 573285 h ???????? 001 /sql/phpmanager/
39d97ec.00 528617da 573285 h ???????? 002 /sql/php-myadmin/
39d97ec.2c 528617da 573285 h ???????? 002 /sql/php-myadmin/
39d97ec.5f 528617da 573285 h ???????? 002 /sql/phpmy-admin/
39d97ec.87 528617da 573285 h ???????? 002 /sql/phpmy-admin/
39d97ec.be 528617da 573285 h ???????? 002 /sql/sql/
39d97ec.eb 528617da 573285 h ???????? 001 /sql/sql/
39d97ed.23 528617da 573285 h ???????? 002 /sql/myadmin/
39d97ed.4b 528617da 573285 h ???????? 002 /sql/myadmin/
39d97ed.7e 528617da 573285 h ???????? 001 /sql/webadmin/
39d97ed.ad 528617da 573285 h ???????? 002 /sql/webadmin/
39d97ed.e2 528617da 573285 h ???????? 002 /sql/sqlweb/
39d97ee.0b 528617da 573285 h ???????? 002 /sql/sqlweb/
39d97ef.48 528617da 573285 h ???????? 002 /sql/websql/
39d97ef.74 528617da 573285 h ???????? 001 /sql/websql/
39d97ef.a8 528617da 573285 h ???????? 002 /sql/webdb/
39d97ef.d2 528617da 573285 h ???????? 001 /sql/webdb/
39d97f0.05 528617da 573285 h ???????? 002 /sql/sqladmin/
39d97f0.2d 528617da 573285 h ???????? 002 /sql/sqladmin/
39d97f3.65 528617da 573285 h ???????? 008 /sql/phpmyadmin2/
39d97f3.91 528617da 573285 h ???????? 002 /sql/phpmyadmin2/
39d97f3.c7 528617da 573285 h ???????? 002 /sql/phpMyAdmin2/
39d97f3.f2 528617da 573285 h ???????? 002 /sql/phpMyAdmin2/
39d97f4.29 528617da 573285 h ???????? 002 /sql/phpMyAdmin/
39d97f4.55 528617da 573285 h ???????? 002 /sql/phpMyAdmin/
39d97f4.89 528617da 573285 h ???????? 002 /db/myadmin/
39d97f4.b5 528617da 573285 h ???????? 003 /db/myadmin/
39d97f4.e9 528617da 573285 h ???????? 002 /db/webadmin/
39d97f5.13 528617da 573285 h ???????? 002 /db/webadmin/
39d97f5.49 528617da 573285 h ???????? 009 /db/dbweb/
39d97f5.75 528617da 573285 h ???????? 001 /db/dbweb/
39d97f5.ad 528617da 573285 h ???????? 002 /db/websql/
39d97f5.d7 528617da 573285 h ???????? 002 /db/websql/
39d97f6.10 528617da 573285 h ???????? 002 /db/webdb/
39d97f6.3a 528617da 573285 h ???????? 002 /db/webdb/
39d97f6.75 528617da 573285 h ???????? 002 /db/dbadmin/
39d97f6.a5 528617da 573285 h ???????? 002 /db/dbadmin/
39d97f6.e1 528617da 573285 h ???????? 002 /db/db-admin/
39d97f7.11 528617da 573285 h ???????? 002 /db/db-admin/
39d97f7.4e 528617da 573285 h ???????? 002 /db/phpmyadmin3/
39d97f7.80 528617da 573285 h ???????? 002 /db/phpmyadmin3/
39d97f7.b5 528617da 573285 h ???????? 002 /db/phpMyAdmin3/
39d97f7.e7 528617da 573285 h ???????? 002 /db/phpMyAdmin3/
39d97fe.27 528617da 573285 h ???????? 002 /administrator/phpMyAdmin/
39d97fe.58 528617da 573285 h ???????? 003 /administrator/phpMyAdmin/
39d97fe.93 528617da 573285 h ???????? 002 /administrator/db/
39d97fe.c1 528617da 573285 h ???????? 002 /administrator/db/
39d97fe.f8 528617da 573285 h ???????? 002 /administrator/web/
39d97ff.23 528617da 573285 h ???????? 002 /administrator/web/
39d97ff.5c 528617da 573285 h ???????? 002 /administrator/pma/
39d97ff.89 528617da 573285 h ???????? 002 /administrator/pma/
39d97ff.bf 528617da 573285 h ???????? 002 /administrator/PMA/
39d97ff.eb 528617da 573285 h ???????? 003 /administrator/PMA/
39d9800.26 528617da 573285 h ???????? 002 /administrator/admin/
39d9800.5b 528617da 573285 h ???????? 002 /administrator/admin/
39d9800.99 528617da 573285 h ???????? 002 /phpMyAdmin2/
39d9800.c9 528617da 573285 h ???????? 002 /phpMyAdmin2/
39d9801.0c 528617da 573285 h ???????? 002 /phpMyAdmin3/
39d9801.3e 528617da 573285 h ???????? 002 /phpMyAdmin3/
39d9801.79 528617da 573285 h ???????? 002 /phpMyAdmin4/
39d9801.a8 528617da 573285 h ???????? 002 /phpMyAdmin4/
39d9801.e5 528617da 573285 h ???????? 002 /phpMyAdmin-3/
39d9802.18 528617da 573285 h ???????? 003 /phpMyAdmin-3/
39d9802.5a 528617da 573285 h ???????? 002 /php-my-admin/
39d9802.90 528617da 573285 h ???????? 002 /php-my-admin/
39d9802.ca 528617da 573285 h ???????? 002 /PMA2011/
39d9802.fb 528617da 573285 h ???????? 002 /PMA2011/
39d9803.3b 528617da 573285 h ???????? 002 /PMA2012/
39d9803.70 528617da 573285 h ???????? 002 /PMA2012/
39d9803.ab 528617da 573285 h ???????? 003 /PMA2013/
39d9803.d8 528617da 573285 h ???????? 003 /PMA2013/
39d9804.10 528617da 573285 h ???????? 002 /PMA2014/
39d9804.3e 528617da 573285 h ???????? 002 /PMA2014/
39d9804.80 528617da 573285 h ???????? 002 /PMA2015/
39d9804.ac 528617da 573285 h ???????? 002 /PMA2015/
39d9804.e3 528617da 573285 h ???????? 002 /PMA2016/
39d9805.14 528617da 573285 h ???????? 002 /PMA2016/
39d9805.53 528617da 573285 h ???????? 002 /PMA2017/
39d9805.81 528617da 573285 h ???????? 002 /PMA2017/
39d9805.b9 528617da 573285 h ???????? 00b /PMA2018/
39d9805.ea 528617da 573285 h ???????? 003 /PMA2018/
39d9806.23 528617da 573285 h ???????? 002 /pma2011/
39d9806.56 528617da 573285 h ???????? 004 /pma2011/
39d9806.93 528617da 573285 h ???????? 002 /pma2012/
39d9806.c0 528617da 573285 h ???????? 002 /pma2012/
39d9807.03 528617da 573285 h ???????? 002 /pma2013/
39d9807.36 528617da 573285 h ???????? 002 /pma2013/
39d9807.71 528617da 573285 h ???????? 002 /pma2014/
39d9807.a3 528617da 573285 h ???????? 003 /pma2014/
39d9807.e6 528617da 573285 h ???????? 00c /pma2015/
39d9808.20 528617da 573285 h ???????? 003 /pma2015/
39d9808.62 528617da 573285 h ???????? 003 /pma2016/
39d9808.93 528617da 573285 h ???????? 003 /pma2016/
39d9808.d3 528617da 573285 h ???????? 002 /pma2017/
39d9809.04 528617da 573285 h ???????? 002 /pma2017/
39d9809.49 528617da 573285 h ???????? 002 /pma2018/
39d9809.7a 528617da 573285 h ???????? 002 /pma2018/
39d9809.b5 528617da 573285 h ???????? 002 /phpmyadmin2011/
39d9809.e7 528617da 573285 h ???????? 003 /phpmyadmin2011/
39d980a.22 528617da 573285 h ???????? 002 /phpmyadmin2012/
39d980a.54 528617da 573285 h ???????? 002 /phpmyadmin2012/
39d980a.90 528617da 573285 h ???????? 002 /phpmyadmin2013/
39d980a.c1 528617da 573285 h ???????? 002 /phpmyadmin2013/
39d980b.02 528617da 573285 h ???????? 002 /phpmyadmin2014/
39d980b.35 528617da 573285 h ???????? 003 /phpmyadmin2014/
39d980b.6f 528617da 573285 h ???????? 003 /phpmyadmin2015/
39d980b.a0 528617da 573285 h ???????? 002 /phpmyadmin2015/
39d980c.dd 528617da 573285 h ???????? 002 /phpmyadmin2016/
39d980d.15 528617da 573285 h ???????? 002 /phpmyadmin2016/
39d980e.5a 528617da 573285 h ???????? 003 /phpmyadmin2017/
39d980e.8f 528617da 573285 h ???????? 003 /phpmyadmin2017/
39d980e.d6 528617da 573285 h ???????? 003 /phpmyadmin2018/
39d980f.0f 528617da 573285 h ???????? 002 /phpmyadmin2018/
39d980f.54 528617da 573285 h ???????? 002 /phpmanager/
39d980f.86 528617da 573285 h ???????? 002 /phpmanager/
39d9939.d4 33ff4143 433e9c h ???????? 003 /edit/23516001
39d9ec6.86 42f95a8d 70a047 h ???????? 003 //rss.rdf
39d9f0d.9b 33ff4778 433e9c h ???????? 005 /wiki/PoolOfIdeas
39da3c9.de 42f941ca 043937 h ???????? 005 /wiki/TageBuch2008
39da72c.70 a484a14a 433e9c h ???????? 01f /edit/15736001
39da7ad.a4 284da733 6a88e8 h ???????? 02a /
39da7bb.3a 6b153e0c 479811 h ???????? 005 //wiki/LockSchuppen
39da7dd.13 d9b68411 433e9c h ???????? 005 /wiki/SchickSaal
39daa20.98 c39a9211 c37fd8 s ???????? 003 /robots.txt
39daa25.62 c39a9211 c37fd8 s ???????? 2a7b /math
39daa37.09 c39a9211 c37fd8 s ???????? 1233 /phim
39dabae.7d b44c0f0b a04d28 h ???????? 002 /live
39dacad.7c 44b4e71a aec21f h ???????? 001 /robots.txt
39dacae.5f 44b4e71a aec21f h ???????? 003 /wiki/WahrNehmung
39dacde.41 cf2e0dcb 6a88e8 h ???????? 001 //robots.txt
39dad55.19 284da725 6a88e8 h ???????? 026 /
39dae0a.e0 258b0a7b 31e34f s ???????? 001 /robots.txt
39dae0b.1e 258b0a7b 31e34f s ???????? 046 /hls
39daeb4.09 8ba27246 976046 h ???????? 019 /
39db4e1.ba 42f941cc 043937 h ???????? 003 /wiki/SameAs
39db58c.bf 42f941cc 043937 h ???????? 002 /wiki/DistanzSpiel
39db610.a9 bc285186 7dfab1 h ???????? 005 //rss.jsp
39db610.d6 bc285186 7dfab1 h ???????? 001 //rss.jsp
39db61e.be bc285186 7dfab1 h ???????? 001 //rss.jsp
39db61e.ea bc285186 7dfab1 h ???????? 001 //rss.jsp
39db788.59 bc285186 7dfab1 h ???????? 001 //rss.jsp
39db788.7e bc285186 7dfab1 h ???????? 001 //rss.jsp
39db7a5.60 bc285186 7dfab1 h ???????? 002 //rss.jsp
39db7a5.88 bc285186 7dfab1 h ???????? 001 //rss.jsp
39db9ce.5e 05c45716 433e9c h ???????? 002 /robots.txt
39db9ce.83 a484a137 433e9c h ???????? 001 /edit/28346001
39dba3a.a3 42f954eb 002725 h ???????? 002 /favicon.ico
39dbe77.57 b44c0f8c fa643b h ???????? 001 /robots.txt
39dbe77.55 b44c0f8b fa643b h ???????? 006 /robots.txt
39dbec6.c5 b44c0f95 a04d28 h ???????? 014 /
39dc18d.51 284da725 6a88e8 h ???????? 003 /wiki/HappyBirthdayQ2
39dc432.ff 284da725 6a88e8 h ???????? 003 /wiki/MetaBeer
39dc65f.ee 53957e62 028fc4 h ???????? 002 //robots.txt
39dc664.14 53957e62 028fc4 h ???????? 014 /
39dc754.5c 42f941d6 043937 h ???????? 003 /wiki/CafeTalismann
39dc77e.a3 6b153e0c 479811 h ???????? 002 /wiki/LockSchuppen
39dc805.eb 42f95a93 70a047 h ???????? 002 //rss.rdf
39dcb93.a0 3ed449d3 028fc4 h ???????? 002 /robots.txt
39dcb95.4d 3ed449d3 028fc4 h ???????? 023 /
39dcc9d.04 33ff415a 433e9c h ???????? 007 /edit/23296002
39dceb1.a2 b44c0f8d a04d28 h ???????? 003 /wiki/DsGe
39dd0cf.64 8af6fd13 b5326e s ???????? 015 /
39dd47c.8f d9b68498 433e9c h ???????? 003 /wiki/EdnaParker
39dd49e.53 284da725 6a88e8 h ???????? 003 /wiki/WebOfTrust
39dd6a1.e0 42f941d0 043937 s ???????? 002 /wiki/MaFa
39dd913.1c 42f941d6 043937 h ???????? 003 /wiki/CityOfDresdenEG
39ddb28.c2 42f95d2a 002725 h ???????? 002 /favicon.ico
39ddb4d.93 d9b68460 433e9c h ???????? 001 /edit/26406001
39de006.de c0285f22 aab2d1 h ???????? 002 //wp-login.php
39de007.69 c0285f22 aab2d1 h ???????? 002 //administrator/index.php
39de007.f1 c0285f22 aab2d1 h ???????? 001 //user/
39de008.77 c0285f22 aab2d1 h ???????? 001 //admin/index.php
39de008.fe c0285f22 aab2d1 h ???????? 002 //admin.php
39de009.8a c0285f22 aab2d1 h ???????? 001 //admin.php
39de00a.1a c0285f22 aab2d1 h ???????? 002 //manager/
39de00a.9f c0285f22 aab2d1 h ???????? 002 //admin.php
39de00b.29 c0285f22 aab2d1 h ???????? 001 //typo3/
39de00b.ae c0285f22 aab2d1 h ???????? 001 //index.php/admin
39de461.1b b29aab1e e4b041 s ???????? 002 /robots.txt
39dea01.44 d9b68405 433e9c h ???????? 001 /edit/30166002
39dead5.cb 42f941d4 043937 h ???????? 003 /wiki/JahresAbschluss
39decce.a7 54885c79 d3ee59 h ???????? 01f /
39df021.2f 5bc80c41 3a5a31 h ???????? 001 /wp-login.php
39df021.66 5bc80c41 3a5a31 h ???????? 002 //wp-login.php
39df0bc.e2 426608c8 002725 h ???????? 002 /favicon.ico
39df1db.a3 42f95a97 70a047 h ???????? 002 //rss.rdf
39df867.45 42f941d4 043937 s ???????? 003 /wiki/TiBo
39dfc99.23 42f941d4 043937 s ???????? 003 /wiki/DrMabe
