39e0503.a1 4a7d4c62 55c2cd h ???????? 002 //rss.rdf
39e0543.54 5ec79716 d7494b h ???????? 002 /robots.txt
39e0550.a5 5ec79716 d7494b h ???????? 017 /
39e0617.c4 b9a51d8a fee6c8 h ???????? 002 /wp-login.php
39e0853.bf d9b68496 433e9c h ???????? 002 /edit/26446003
39e0abb.92 b29aab1e e4b041 h ???????? 001 /robots.txt
39e0abf.69 b29aab1e e4b041 h ???????? 016 /
39e0e5b.d6 42f941ca 043937 h ???????? 003 /wiki/TageBuch2010
39e117b.53 b29aab1e e4b041 h ???????? 018 /
39e1a21.b1 42f941d0 043937 s ???????? 001 /year
39e1bdb.2b 42f95a8d 70a047 h ???????? 002 //rss.rdf
39e1ed1.67 d9b68442 433e9c h ???????? 003 /wiki/MannOhneGeheimnisse
39e1f0a.3f b44c0f8e a04d28 h ???????? 003 /wiki/%3Ca%20class=%22blue%22%20href=%22/wiki/NooMic%22%3ENooMic%3C/a%3E
39e201e.ed 42f941cc 043937 h ???????? 003 /wiki/BirthdayTwin
39e2208.f5 36f46b64 17b1ee h ???????? 002 /xmlrpc.php
39e2209.6d 36f46b64 17b1ee h ???????? 01f /
39e220a.f2 36f46b64 17b1ee h ???????? 017 /
39e220c.72 36f46b64 17b1ee h ???????? 027 /
39e26fd.72 9d372720 6a88e8 h ???????? 002 /robots.txt
39e26ff.68 284da725 6a88e8 h ???????? 017 /
39e2940.6a d9b68446 433e9c h ???????? 003 /wiki/NorbertStreitz
39e2e25.ee a4845b03 d7cc30 h ???????? 01f /
39e31e1.ce 42f941cc 043937 h ???????? 003 /wiki/PostSingular
39e33c5.38 22fb4fb9 ae842c h ???????? 008 /robots.txt
39e33c5.5c 22fb4fb9 ae842c h ???????? 016 /
39e392b.8b 365cdca8 12df02 h ???????? 002 /ads.txt
39e39ea.c9 904c5097 6e182c h ???????? 002 /robots.txt
39e3be1.6f 42f941ca 043937 h ???????? 004 /wiki/UstVa
39e3ebf.79 d9b6841f 433e9c h ???????? 003 /wiki/MindShop
39e3f41.f7 2e65f745 350bf6 h ???????? 022 /
39e3f93.eb 33ff4135 433e9c h ???????? 002 /edit/26956002
39e40d9.44 42f941d2 043937 s ???????? 002 /robots.txt
39e40d9.8c 42f941d2 622963 s ???????? 01a /
39e43a4.bc 42f941ca 043937 h ???????? 004 /wiki/SecessionsBau
39e46ac.6d 426608c8 70a047 h ???????? 002 //rss.rdf
39e4ed9.9a bc286647 7dfab1 h ???????? 003 //rss.jsp
39e4ed9.ce bc286647 7dfab1 h ???????? 001 //rss.jsp
39e51b4.4d b44c0f8b fa643b h ???????? 002 /robots.txt
39e51b5.33 b44c0f20 fa643b h ???????? 002 /robots.txt
39e51e8.84 284da77d 6a88e8 s ???????? 01b /
39e5224.b5 b44c0f0b a04d28 h ???????? 003 /wiki/%3Ca%20class=%22blue%22%20href=%22/wiki/ImPressum%22%3EImPressum%3C/a%3E
39e5567.f6 42f941ce 043937 h ???????? 003 /wiki/FutureGameThree
39e565c.a0 9750276e 433e9c h ???????? 002 //robots.txt
39e5672.81 42f941d0 043937 s ???????? 01a /
39e57b0.2a 42f941ca 043937 h ???????? 003 /wiki/LangeWeile
39e57b7.ec 42f941ca 043937 h ???????? 003 /wiki/EntityNameSystem
39e59e6.73 8ba24e87 186d9a s ???????? 018 /
39e5a8a.0f a4340784 7a122d h ???????? 01a /
39e5da1.b5 42f941d4 043937 s ???????? 002 /arb
39e63bf.cb d9b684f1 433e9c h ???????? 002 /edit/26136001
39e64bd.4d 42f941cc b9c3da h ???????? 002 //pmi2003.pdf
39e65d8.59 42f941d2 043937 s ???????? 004 /wiki/EiBiEm
39e6720.8c 42f941d0 043937 s ???????? 01a /
39e672a.b5 42f941ca 043937 h ???????? 004 /wiki/NachNeuenMeeren
39e692a.a8 d9b6844e 433e9c h ???????? 002 /edit/22266001
39e6d50.2e 42f941ca 043937 h ???????? 004 /wiki/BigCo
39e6ec6.a9 2d371c90 ef60d6 h ???????? 01a /
39e6ef3.48 a8b5ba84 e5d055 h ???????? 00e /xmlrpc.php
39e6ef3.49 a8b5ba84 e5d055 h ???????? 00b /blog/xmlrpc.php
39e70a0.de 42f95a8f 70a047 h ???????? 002 //rss.rdf
39e7282.ad 42f941ce 622963 h ???????? 004 //wiki/MatthiasBauer
39e764b.94 42f941d4 043937 s ???????? 004 /wiki/IbM
39e7772.99 42f941cc 043937 h ???????? 005 /wiki/HenryMarkram
39e78ca.fd a484a121 433e9c h ???????? 003 /edit/30876001
39e78ed.c1 42f941cc 043937 h ???????? 004 /wiki/MandySchuetze
39e7b15.27 4706cacc fee6c8 s ???????? 03f /
39e7b15.4f 42f941ca 043937 h ???????? 003 /wiki/ZukunftsForum
39e7b4e.fd 42f941cc 043937 h ???????? 004 /wiki/HirnForschung
39e7b8d.4c 42f941cc 043937 h ???????? 004 /wiki/SilvioKnezevic
39e7bd4.00 42f941ce 043937 h ???????? 005 /wiki/TransparentMan
39e7de6.67 33ff4129 433e9c h ???????? 002 /edit/28286008
39e7f1f.77 cf2e0dc5 6a88e8 s ???????? 00b /robots.txt
39e7f20.1b cf2e0dc5 6a88e8 s ???????? 002 /robots.txt
39e7f27.17 9d3727f1 6a88e8 s ???????? 01b /
39e7f61.9c 42f941d0 043937 s ???????? 003 /wiki/DeNa
39e8070.b2 284da77d 6a88e8 h ???????? 004 /wiki/SourceCode
39e81ab.b8 4266092a 002725 h ???????? 002 /favicon.ico
39e844a.3c 33ff4124 433e9c h ???????? 004 /wiki/LifeBox
39e8480.13 b44c0f9d a04d28 h ???????? 004 /wiki/AdvancedMicroDevices
39e8759.f7 d9b6844e 433e9c h ???????? 002 /edit/30456001
39e88cc.2a 42f941d4 043937 s ???????? 004 /wiki/DeskTop
39e8bd9.d4 42f941ca 043937 h ???????? 004 /wiki/VladoStankovski
39e8f17.e1 284da77d 6a88e8 s ???????? 01c /
39e8f29.d9 42f941d2 043937 s ???????? 004 /wiki/SystemClash
39e8f4c.13 42f941d4 043937 s ???????? 004 /wiki/SpielWiese
39e9178.54 a3759111 fe0202 h ???????? 027 /
39e9321.70 a484a121 433e9c h ???????? 003 /edit/27386001
39e9544.6c 284da725 6a88e8 h ???????? 004 /wiki/IndexPlugin
39e95f4.32 5e869495 aa645a h ???????? 004 /wiki/ChristianHeller
39e998f.56 34113a89 ae842c h ???????? 003 /robots.txt
39e9a28.eb 42f95a8d 70a047 h ???????? 00b //rss.rdf
39e9b51.27 42f95a8d 70a047 h ???????? 00b /rss.rdf
39e9c3e.97 42f941d2 043937 s ???????? 028 /edit/1595009
39e9c3f.80 42f941d0 043937 s ???????? 003 /edit/495007
39e9c55.10 42f941d0 043937 s ???????? 003 /edit/6445004
39e9c60.ac 42f941d2 043937 s ???????? 004 /wiki/UnitedNations
39e9c67.cf 42f941d0 043937 s ???????? 004 /wiki/MutterErde
39e9c75.4e 42f941d0 043937 s ???????? 004 /wiki/TwentyPercentTime
39e9c81.87 42f941d0 043937 s ???????? 003 /edit/4605002
39e9c8e.9b 42f941d4 043937 s ???????? 003 /edit/8605010
39e9c9a.e6 42f941d2 043937 s ???????? 003 /edit/2715008
39e9ca8.75 42f941d0 043937 s ???????? 01e /edit/1635010
39e9cb7.4d 42f941d0 043937 s ???????? 003 /edit/4585011
39e9d9c.ce 42f941ce 043937 h ???????? 004 /wiki/KinderBetreuung
39ea059.3d 9fcb6232 6c7e2d h ???????? 01d /
39ea069.31 9fcb6232 58c083 h ???????? 002 /robots.txt
39ea090.3b 9fcb6232 64f341 s ???????? 057 /ls
39ea091.11 a4843451 eb026b s ???????? 004 /bcHead
39ea090.ce 9fcb6232 40b76f s ???????? 10a /sh
39ea094.9e 9fcb6232 b80f03 s ???????? 047 /hls
39ea0d3.e2 9fcb6232 4dcc2e h ???????? 002 /AtJs
39ea122.15 42f941d2 043937 s ???????? 00b /q11379
39ea19a.11 284da725 6a88e8 h ???????? 004 /wiki/PageView
39ea509.e6 2e6964b7 e3b0c4 h ???????? 003 /robots.txt
39ea50c.1e 2e6964b7 9e065f h ???????? 01d /
39ea5cf.20 42f941d2 043937 s ???????? 004 /wiki/WorldBank
39ea5d3.bc 42f941d0 043937 s ???????? 004 /wiki/KofiAnnan
39ea5db.5d 42f941d0 043937 s ???????? 004 /wiki/TrygveLie
39ea5e2.fb 42f941d0 043937 s ???????? 004 /wiki/BanKimoon
39ea5ea.a0 42f941d0 043937 s ???????? 004 /wiki/GladwynJebb
39ea5f2.4e 42f941d2 043937 s ???????? 004 /wiki/MindCuisine
39ea5fa.04 42f941d2 043937 s ???????? 005 /wiki/SithuUThant
39ea601.be 42f941d0 043937 s ???????? 005 /wiki/SecurityCouncil
39ea609.99 42f941d0 043937 s ???????? 004 /wiki/BoutrosBoutrosGhali
39ea611.bd 42f941d0 043937 s ???????? 004 /wiki/JavierPerezDeCuellar
39ea61a.fd 42f941d0 043937 s ???????? 004 /wiki/UnitedNationsCharter
39ea659.a0 b44c0f06 a04d28 h ???????? 003 /css/layout_vertical_listnav.css
39ea8a1.59 284da735 6a88e8 h ???????? 01f /
39ea8a2.ed 42f941d4 043937 s ???????? 15e /
39eab4b.f4 284da720 6a88e8 h ???????? 003 /wiki/GauLoises
39eab74.2f cf2e0d3c 6a88e8 h ???????? 002 /wiki/PerDu
39ead73.f3 c73a56d1 028fc4 h ???????? 001 /robots.txt
39ead7d.f0 c73a56d1 028fc4 h ???????? 012 /
39eae5a.c7 284da725 6a88e8 h ???????? 016 /
39eaf5f.b8 42f941ca 043937 h ???????? 002 /wiki/SocieteGenerale
39eb0b3.07 42f941d2 043937 s ???????? 002 /wiki/KaKanien
39eb0d1.d1 42f941d0 043937 s ???????? 002 /wiki/BaLance
39eb0d3.19 42f941d4 043937 s ???????? 002 /wiki/ZweiGleiseStrategie
39eb0df.75 42f941d2 043937 s ???????? 002 /wiki/LonDon
39eb105.72 42f941d4 043937 s ???????? 002 /wiki/MindCls
39eb139.8d 42f941d2 043937 s ???????? 002 /wiki/ArcheTyp
39eb196.f6 42f941d0 043937 s ???????? 003 /wiki/BoersenGang
39eb1cb.af 76c11fde 7a122d s ???????? 012 /
39eb275.61 b44c0f15 a04d28 h ???????? 001 /edit/42001
39eb28e.69 2e6964b7 e3b0c4 h ???????? 001 /robots.txt
39eb290.8d 2e6964b7 9e065f h ???????? 019 /
39eb854.cb 2ee5a463 2e29b5 h ???????? 002 /robots.txt
39eb8aa.41 b44c0f18 fa643b h ???????? 002 /robots.txt
39eb8aa.44 b44c0fa1 fa643b h ???????? 001 /robots.txt
39eb935.47 cf2e0d3c 6a88e8 h ???????? 003 /wiki/GastroWiki
39eb96c.f4 d9b68424 433e9c h ???????? 002 /edit/25456004
39ebac9.69 42f941d4 043937 s ???????? 002 /wiki/TractatusLogicoPhilosophicus
39ebae2.b4 42f941d2 043937 s ???????? 003 /wiki/DaimlerChrysler
39ebf38.8c d9b6840f 433e9c h ???????? 003 /wiki/TeufelsPakt
39ec122.f3 42f941ce 043937 h ???????? 003 /wiki/GruschelMonster
39ec3fb.d0 42f95a8d 70a047 h ???????? 002 //rss.rdf
39ec91c.71 4e2e2319 7dfab1 h ???????? 001 //rss.jsp
39ec91c.92 4e2e2319 7dfab1 h ???????? 006 //rss.jsp
39ecd97.d7 c6cce172 c5e558 h ???????? 002 /wp-login.php
39ecd9d.64 c6cce172 0805c1 h ???????? 001 /wp-login.php
39ece6d.ac 284da77a 6a88e8 h ???????? 003 /wiki/DasNetz
39ed103.ab 42f941ce 043937 h ???????? 003 /wiki/MannOhneEigenschaften
39ed18b.9c a484a145 433e9c h ???????? 002 /edit/27306002
39ed28c.97 42f941d0 043937 s ???????? 01b /
39ed29b.cb 42f941ca 043937 h ???????? 003 /wiki/MindMove
39ed2e5.b8 42f941d2 043937 h ???????? 002 /wiki/TeleBabySitting
39ed917.51 42f941d0 043937 s ???????? 002 /edit
39eda38.82 b44c0f98 a04d28 h ???????? 014 /
39edbbd.b2 42f941d2 043937 h ???????? 003 /wiki/DaBei
39edce4.f4 42f941d6 043937 h ???????? 003 /wiki/EigenSchaft
39edce6.e1 42f941d6 043937 h ???????? 002 /wiki/ErLeb
39edd16.b7 cf2e0d3c 6a88e8 h ???????? 003 /wiki/MindTower
39edd2e.76 42f941d0 622963 s ???????? 01c /
39eddc2.5f 42f941ca 043937 h ???????? 002 /wiki/FrankfurtAirport
39edddc.f5 42f941ca 043937 h ???????? 002 /wiki/BuchMesseLeipzig
39eddf5.92 42f941ca 043937 h ???????? 004 /wiki/TenErIfe
39ede27.09 42f941cc 043937 h ???????? 003 /wiki/GeFaehrt
39ede3f.5c 5da03c20 1a69b5 h ???????? 014 /
39ede44.56 42f941ce 043937 h ???????? 002 /wiki/DresdenNeustadt
39ede68.c5 42f941d0 043937 s ???????? 003 /wiki/MaAm
39ee122.f4 42f941d4 043937 s ???????? 002 /food
39ee169.67 d9458546 399ff9 h ???????? 001 /robots.txt
39ee174.cf d94585eb 399ff9 h ???????? 003 /wiki/AtEm
39ee17e.c6 d94585f0 399ff9 h ???????? 002 /wiki/RainerWasserfuhrCvEn
39ee187.ca d94585ed 399ff9 h ???????? 003 /wiki/RobTran
39ee18e.63 d94585ea 399ff9 h ???????? 002 /feed
39ee195.db d94585ec 399ff9 h ???????? 002 /wiki/StLu
39ee19e.b4 d94585ee 399ff9 h ???????? 003 /wiki/ParDon
39ee1a5.c3 d94585ec 399ff9 h ???????? 003 /wiki/KiDh
39ee1ad.f6 d9458546 399ff9 h ???????? 002 /wiki/TuerAn
39ee1b5.ed d94585ef 399ff9 h ???????? 002 /wiki/RalfLippold
39ee3ed.e0 42f941d2 043937 h ???????? 002 /robots.txt
39ee3ed.e1 42f941d2 043937 h ???????? 003 /wiki/JeWus
39ee4a8.c6 42f941d6 043937 h ???????? 003 /wiki/KodairaKunihiko
39ee58f.f2 365deaaa 6752e8 h ???????? 018 /
39ee6b0.99 42f941ce 043937 h ???????? 009 /wiki/ShiTao
39ee747.51 b91a5c4a 04f65a h ???????? 001 /robots.txt
39ee747.84 b91a5c4a 04f65a h ???????? 016 /
39ee90a.c9 284da77d 6a88e8 h ???????? 003 /wiki/ImMortal
39eebca.e1 284da725 6a88e8 h ???????? 003 /wiki/KunstSprache
39eee07.28 42f95a8b 70a047 h ???????? 002 //rss.rdf
39ef0fc.b0 5896e4da 55c4a0 h ???????? 002 //rss.rdf
39ef3f0.6f 42f941cc 043937 h ???????? 002 /hot/robots.txt
39ef40b.a1 33ff4135 433e9c h ???????? 003 /wiki/
39ef60c.de cf2e0dcb 6a88e8 s ???????? 002 /robots.txt
39ef613.b6 9d372740 6a88e8 s ???????? 016 /
39ef66b.be 42f941ce 043937 h ???????? 003 /wiki/KaffeeMaschine
39ef751.e7 d94585ea 399ff9 h ???????? 002 /robots.txt
39ef760.62 d94585ee 399ff9 h ???????? 003 /wiki/SchachProgramm
39ef769.a6 d94585f0 399ff9 h ???????? 003 /wiki/SoBist
39ef770.66 d94585ec 399ff9 h ???????? 003 /wiki/AmTor
39ef777.24 d94585eb 399ff9 h ???????? 003 /wiki/RilkePanther
39ef77e.d6 d94585ef 399ff9 h ???????? 003 /wiki/AlWolter
39ef786.58 d94585ea 399ff9 h ???????? 003 /wiki/LifeDay
39ef78c.e1 d94585eb 399ff9 h ???????? 002 /wiki/SchutzHack
39ef795.20 d94585ef 399ff9 h ???????? 003 /wiki/ZugNach
39ef79b.d4 d94585eb 399ff9 h ???????? 003 /wiki/93001
39ef7a2.a8 d94585ec 399ff9 h ???????? 003 /wiki/LinieDrei
39ef7a8.bd d94585ef 399ff9 h ???????? 003 /wiki/EtAi
39ef7b1.36 d94585ee 399ff9 h ???????? 002 /wiki/BedBack
39ef7b7.bc d94585ea 399ff9 h ???????? 003 /wiki/LockSchuppenDe
39ef7be.30 d94585ef 399ff9 h ???????? 003 /wiki/MaxWeber
39ef7c4.f4 d94585ea 399ff9 h ???????? 003 /wiki/ToMo
39ef7cb.7a d94585f0 399ff9 h ???????? 001 /film
39ef7d2.a8 d94585f0 399ff9 h ???????? 003 /wiki/NooPolis
39ef7d9.4f d94585ea 399ff9 h ???????? 003 /wiki/FreeSlots
39ef7df.0e d94585ef 399ff9 h ???????? 003 /wiki/LiebeMachte
39ef7e5.51 d94585eb 399ff9 h ???????? 003 /wiki/ZugWiki
39ef7ed.0e d94585eb 399ff9 h ???????? 002 /hot
39ef7f2.c5 d94585ed 399ff9 h ???????? 004 /wiki/ElementFuenf
39ef7f7.64 d94585ed 399ff9 h ???????? 003 /wiki/FandWitCh
39efc3b.bf 42f941d2 043937 s ???????? 018 /
39efd35.7b 42f9499f 043937 h ???????? 003 /robots.txt
39efd35.e3 42f9499d 043937 h ???????? 002 /mciptcsdqmyqllzv.html
39efd79.a9 d06e5d34 c37fd8 h ???????? 002 //robots.txt
39efd7d.1d d06e5d34 c37fd8 h ???????? 003 //wiki/ChristineSchlinck
