3a5032e.2a 42f94052 043937 s ???????? 003 /wiki/GamalAbdelNasser
3a506e6.9c 42f95987 70a047 h ???????? 007 //rss.rdf
3a507df.4e b44c0f86 a04d28 h ???????? 01b /edit/11016002
3a508a5.9b 23c3e092 22aac5 h ???????? 017 /
3a5099a.71 a484a118 433e9c h ???????? 003 /wiki/AnFang
3a50b91.28 33ff413f 433e9c h ???????? 008 /wiki/PeterDiamandis
3a50bba.10 a5e363d1 73ab6e h ???????? 014 /
3a50e3a.5e a4845b03 a234aa h ???????? 014 /
3a50f33.bd a484a14c 433e9c h ???????? 002 /edit/30496001
3a513b9.b3 a484a10d 433e9c h ???????? 002 /edit/31156003
3a514f1.34 42f94054 043937 s ???????? 002 /wiki/AugustStrindberg
3a51905.8a 42f94054 043937 s ???????? 003 /wiki/SiSanien
3a526b3.cb 42f94046 043937 h ???????? 003 /wiki/MichaelWinterhoff
3a52a9c.0d a8018035 cf6846 h ???????? 016 /
3a52af6.3e cf2e0d5c 6a88e8 h ???????? 003 /wiki/WikiTchen
3a52e87.a2 b44c0f13 a04d28 h ???????? 015 /
3a52fef.43 33ff4770 433e9c h ???????? 003 /wiki/LockFutureSax
3a5309f.3b 42f9598b 70a047 h ???????? 001 //rss.rdf
3a531ea.a3 25bb384c e3b0c4 h ???????? 002 /robots.txt
3a531ec.c8 25bb384c 5983bc h ???????? 015 /
3a536de.0b b44c0f88 a04d28 h ???????? 003 /wiki/JosephStift
3a53876.d0 42f94046 043937 h ???????? 004 /wiki/MaggiFlaedleSuppe
3a538e3.cc 3cbf264d 24f5f0 s ???????? 016 /
3a53974.d7 95caaf03 a397c6 h ???????? 002 /cgi-bin/camera
3a53a27.cf 25bb384c e3b0c4 h ???????? 002 /robots.txt
3a53a29.ef 25bb384c 5983bc h ???????? 015 /
3a53a61.c7 8ac52859 73ab6e h ???????? 015 /
3a53ab0.8a 42f94052 043937 s ???????? 002 /grow
3a53d40.fb cf2e0dad 6a88e8 h ???????? 003 /wiki/CalculationsPerSecondPerDollar
3a54268.32 cf2e0d5a 6a88e8 h ???????? 003 /wiki/CitiZens
3a542d1.24 c3b8d007 caea23 h ???????? 009 /wiki/CastId
3a5457e.20 a4845b03 d7cc30 s ???????? 017 /
3a546a8.07 a4340784 7a122d h ???????? 01e /
3a54a3a.23 42f94048 043937 h ???????? 004 /wiki/ExtremeNormalForm
3a54f80.f2 b29aab1e e4b041 h ???????? 002 /robots.txt
3a54f84.d0 b29aab1e e4b041 h ???????? 01e /edit/12846003
3a550f6.c0 a484a102 433e9c h ???????? 002 /edit/26226002
3a559c6.ee 3e8a0019 6de661 h ???????? 002 /robots.txt
3a559c7.2a 3e8a0019 6de661 h ???????? 01f /
3a559ed.50 4e2e2319 7dfab1 h ???????? 002 //rss.jsp
3a559ed.78 4e2e2319 7dfab1 h ???????? 00d //rss.jsp
3a559f0.10 42f95989 70a047 h ???????? 002 //rss.rdf
3a55a0e.b2 894acf6c 433e9c h ???????? 003 /wiki/CockerWiese
3a55bfc.b3 42f9404a 043937 h ???????? 003 /wiki/ErkenntnisTheorie
3a55c10.9c 25bb3851 e3b0c4 h ???????? 002 /robots.txt
3a55c14.4f 25bb3851 46ab9b h ???????? 017 /
3a55c70.6b 42f94046 043937 h ???????? 003 /wiki/MindCult
3a55d23.15 cf2e0d7d 6a88e8 h ???????? 003 /wiki/MarvinMinsky
3a56137.77 54b95fcd 573285 h ???????? 002 /mysql/admin/
3a56137.f7 54b95fcd 573285 h ???????? 001 /mysql/admin/
3a56138.d0 54b95fcd 573285 h ???????? 001 /mysql/dbadmin/
3a5613b.18 54b95fcd 573285 h ???????? 002 /mysql/dbadmin/
3a5613b.f9 54b95fcd 573285 h ???????? 007 /mysql/sqlmanager/
3a5613e.13 54b95fcd 573285 h ???????? 002 /mysql/sqlmanager/
3a5613e.ea 54b95fcd 573285 h ???????? 002 /mysql/mysqlmanager/
3a5613f.6f 54b95fcd 573285 h ???????? 002 /mysql/mysqlmanager/
3a56141.98 54b95fcd 573285 h ???????? 002 /phpmyadmin/
3a5614b.2b 54b95fcd 573285 h ???????? 009 /phpmyadmin/
3a5614c.0e 54b95fcd 573285 h ???????? 002 /phpMyadmin/
3a5614c.8d 54b95fcd 573285 h ???????? 002 /phpMyadmin/
3a56150.d1 54b95fcd 573285 h ???????? 002 /phpMyAdmin/
3a56151.58 54b95fcd 573285 h ???????? 002 /phpMyAdmin/
3a56152.2f 54b95fcd 573285 h ???????? 009 /phpmyAdmin/
3a56152.aa 54b95fcd 573285 h ???????? 002 /phpmyAdmin/
3a56154.88 54b95fcd 573285 h ???????? 001 /phpmyadmin2/
3a56155.06 54b95fcd 573285 h ???????? 002 /phpmyadmin2/
3a56157.12 54b95fcd 573285 h ???????? 002 /phpmyadmin3/
3a56157.8c 54b95fcd 573285 h ???????? 009 /phpmyadmin3/
3a56159.65 54b95fcd 573285 h ???????? 002 /phpmyadmin4/
3a56159.e9 54b95fcd 573285 h ???????? 003 /phpmyadmin4/
3a5615a.cd 54b95fcd 573285 h ???????? 002 /2phpmyadmin/
3a5615c.6a 54b95fcd 573285 h ???????? 002 /2phpmyadmin/
3a5615e.48 54b95fcd 573285 h ???????? 00a /phpmy/
3a5615e.c9 54b95fcd 573285 h ???????? 002 /phpmy/
3a56162.e4 54b95fcd 573285 h ???????? 002 /phppma/
3a56164.83 54b95fcd 573285 h ???????? 002 /phppma/
3a56165.5c 54b95fcd 573285 h ???????? 003 /myadmin/
3a56165.d1 54b95fcd 573285 h ???????? 00a /myadmin/
3a56167.fd a4843451 eb026b s ???????? 003 /bcHead
3a56167.a9 54b95fcd 573285 h ???????? 14f /shopdb/
3a56169.bb a4843451 eb026b s ???????? 003 /bcHead
3a56169.96 54b95fcd 573285 h ???????? 096 /shopdb/
3a5616b.98 54b95fcd 573285 h ???????? 002 /MyAdmin/
3a5616c.18 54b95fcd 573285 h ???????? 002 /MyAdmin/
3a5616c.fd 54b95fcd 573285 h ???????? 003 /program/
3a5616e.94 54b95fcd 573285 h ???????? 002 /program/
3a56173.af 54b95fcd 573285 h ???????? 002 /PMA/
3a56174.2d 54b95fcd 573285 h ???????? 002 /PMA/
3a56175.12 54b95fcd 573285 h ???????? 002 /dbadmin/
3a56175.97 54b95fcd 573285 h ???????? 002 /dbadmin/
3a5617a.89 54b95fcd 573285 h ???????? 002 /db/
3a5617b.12 54b95fcd 573285 h ???????? 002 /db/
3a5617b.e3 54b95fcd 573285 h ???????? 002 /admin/
3a5617c.63 54b95fcd 573285 h ???????? 002 /admin/
3a5617d.44 54b95fcd 573285 h ???????? 004 /mysql/
3a5617e.d9 54b95fcd 573285 h ???????? 002 /mysql/
3a56183.cc 54b95fcd 573285 h ???????? 003 /db/phpmyadmin/
3a56184.4b 54b95fcd 573285 h ???????? 002 /db/phpmyadmin/
3a56188.2b 54b95fcd 573285 h ???????? 003 /sqlmanager/
3a56188.af 54b95fcd 573285 h ???????? 003 /sqlmanager/
3a56189.88 54b95fcd 573285 h ???????? 002 /mysqlmanager/
3a5618a.05 54b95fcd 573285 h ???????? 003 /mysqlmanager/
3a5618a.e5 54b95fcd 573285 h ???????? 003 /php-myadmin/
3a5618b.67 54b95fcd 573285 h ???????? 002 /php-myadmin/
3a5618e.78 54b95fcd 573285 h ???????? 002 /phpmy-admin/
3a5618e.f7 54b95fcd 573285 h ???????? 002 /phpmy-admin/
3a5618f.ce 54b95fcd 573285 h ???????? 002 /mysqladmin/
3a56190.55 54b95fcd 573285 h ???????? 002 /mysqladmin/
3a56191.2f 54b95fcd 573285 h ???????? 002 /mysql-admin/
3a56191.b1 54b95fcd 573285 h ???????? 003 /mysql-admin/
3a56192.92 54b95fcd 573285 h ???????? 003 /admin/phpmyadmin/
3a56194.36 54b95fcd 573285 h ???????? 002 /admin/phpmyadmin/
3a56195.0f 54b95fcd 573285 h ???????? 003 /admin/phpMyAdmin/
3a56195.95 54b95fcd 573285 h ???????? 002 /admin/phpMyAdmin/
3a56196.79 54b95fcd 573285 h ???????? 002 /admin/sysadmin/
3a56196.f9 54b95fcd 573285 h ???????? 002 /admin/sysadmin/
3a5619b.24 54b95fcd 573285 h ???????? 003 /admin/sqladmin/
3a5619c.b9 54b95fcd 573285 h ???????? 002 /admin/sqladmin/
3a561a1.fb 54b95fcd 573285 h ???????? 003 /admin/db/
3a561a2.88 54b95fcd 573285 h ???????? 002 /admin/db/
3a561a6.8f 54b95fcd 573285 h ???????? 003 /admin/web/
3a561a8.28 54b95fcd 573285 h ???????? 002 /admin/web/
3a561a9.08 54b95fcd 573285 h ???????? 003 /admin/pMA/
3a561a9.92 54b95fcd 573285 h ???????? 003 /admin/pMA/
3a561aa.71 54b95fcd 573285 h ???????? 003 /mysql/pma/
3a561ac.0b 54b95fcd 573285 h ???????? 002 /mysql/pma/
3a561ad.f2 54b95fcd 573285 h ???????? 003 /mysql/db/
3a561af.97 54b95fcd 573285 h ???????? 002 /mysql/db/
3a561b0.7d 54b95fcd 573285 h ???????? 002 /mysql/web/
3a561b1.07 54b95fcd 573285 h ???????? 003 /mysql/web/
3a561b1.ee 54b95fcd 573285 h ???????? 003 /mysql/pMA/
3a561b3.8d 54b95fcd 573285 h ???????? 002 /mysql/pMA/
3a561b4.6d 54b95fcd 573285 h ???????? 002 /sql/phpmanager/
3a561b4.f0 54b95fcd 573285 h ???????? 002 /sql/phpmanager/
3a561b5.d5 54b95fcd 573285 h ???????? 003 /sql/php-myadmin/
3a561b7.6d 54b95fcd 573285 h ???????? 002 /sql/php-myadmin/
3a561ba.76 54b95fcd 573285 h ???????? 003 /sql/phpmy-admin/
3a561be.68 54b95fcd 573285 h ???????? 003 /sql/phpmy-admin/
3a561c2.4e 54b95fcd 573285 h ???????? 003 /sql/myadmin/
3a561c2.d8 54b95fcd 573285 h ???????? 003 /sql/myadmin/
3a561c4.af 54b95fcd 573285 h ???????? 002 /sql/webadmin/
3a561c6.52 54b95fcd 573285 h ???????? 002 /sql/webadmin/
3a561c7.30 54b95fcd 573285 h ???????? 003 /sql/sqlweb/
3a561cf.6e 54b95fcd 573285 h ???????? 003 /sql/sqlweb/
3a561d1.4e 54b95fcd 573285 h ???????? 003 /sql/websql/
3a561d1.dc 54b95fcd 573285 h ???????? 003 /sql/websql/
3a561d3.dd 54b95fcd 573285 h ???????? 003 /sql/webdb/
3a561d4.6b 54b95fcd 573285 h ???????? 003 /sql/webdb/
3a561d5.51 54b95fcd 573285 h ???????? 003 /sql/sqladmin/
3a561d6.fb 54b95fcd 573285 h ???????? 002 /sql/sqladmin/
3a561d8.d8 54b95fcd 573285 h ???????? 003 /sql/sql-admin/
3a561d9.65 54b95fcd 573285 h ???????? 003 /sql/sql-admin/
3a561de.28 54b95fcd 573285 h ???????? 002 /sql/phpmyadmin2/
3a561de.a5 54b95fcd 573285 h ???????? 001 /sql/phpmyadmin2/
3a561e0.7a 54b95fcd 573285 h ???????? 001 /sql/phpMyAdmin2/
3a561e2.08 54b95fcd 573285 h ???????? 002 /sql/phpMyAdmin2/
3a561e3.dd 54b95fcd 573285 h ???????? 001 /sql/phpMyAdmin/
3a561e5.7b 54b95fcd 573285 h ???????? 002 /sql/phpMyAdmin/
3a561e6.57 54b95fcd 573285 h ???????? 002 /db/myadmin/
3a561e7.fc 54b95fcd 573285 h ???????? 002 /db/myadmin/
3a561ec.d6 54b95fcd 573285 h ???????? 003 /db/dbweb/
3a561ed.4d 54b95fcd 573285 h ???????? 001 /db/dbweb/
3a561ef.1e 54b95fcd 573285 h ???????? 001 /db/websql/
3a561ef.9d 54b95fcd 573285 h ???????? 002 /db/websql/
3a561f0.6b 54b95fcd 573285 h ???????? 005 /db/webdb/
3a561f0.ef 54b95fcd 573285 h ???????? 002 /db/webdb/
3a561f1.cb 54b95fcd 573285 h ???????? 002 /db/dbadmin/
3a561f2.43 54b95fcd 573285 h ???????? 001 /db/dbadmin/
3a561f4.19 54b95fcd 573285 h ???????? 001 /db/db-admin/
3a561f4.92 54b95fcd 573285 h ???????? 001 /db/db-admin/
3a561f8.e8 54b95fcd 573285 h ???????? 002 /db/phpmyadmin3/
3a561f9.64 54b95fcd 573285 h ???????? 002 /db/phpmyadmin3/
3a561fa.3b 54b95fcd 573285 h ???????? 001 /db/phpMyAdmin3/
3a561fa.b6 54b95fcd 573285 h ???????? 001 /db/phpMyAdmin3/
3a561fb.8e 54b95fcd 573285 h ???????? 002 /db/phpMyAdmin-3/
3a561fc.01 54b95fcd 573285 h ???????? 004 /db/phpMyAdmin-3/
3a561fe.05 54b95fcd 573285 h ???????? 002 /administrator/phpmyadmin/
3a56757.c3 cf2e0d5a 6a88e8 h ???????? 004 /wiki/MindOne
3a56dc0.09 42f942c8 043937 h ???????? 004 /wiki/FlipperUndFlopper
3a574d7.8e 5896e4da f93269 h ???????? 002 //rss.rdf
3a576f9.82 44b4e71a aec21f h ???????? 004 /wiki/MassachusettsInstituteOfTechnology
3a57e30.8b 42f942c8 043937 h ???????? 004 /wiki/JoeTsien
3a57f82.f7 42f942d4 043937 s ???????? 003 /wiki/FranzGrillparzer
3a57ff6.ac b44c0f17 a04d28 h ???????? 01d /
3a582de.e2 42f95ccb 70a047 h ???????? 003 //rss.rdf
3a5830d.d7 42f942ca 043937 h ???????? 001 /robots.txt
3a5830e.17 42f942ca 043937 h ???????? 004 /wiki/MindPet
3a5830e.7b 42f942ca 043937 h ???????? 003 /wiki/ScreenCast
3a5830f.0d 42f942c6 043937 h ???????? 003 /wiki/WowerMind
3a5830f.64 42f942c6 043937 h ???????? 003 /wiki/KarlSchroeder
3a58382.c0 b29aab1e e4b041 h ???????? 002 /robots.txt
3a58386.96 b29aab1e e4b041 h ???????? 019 /
3a583ef.59 42f942c8 043937 h ???????? 003 /wiki/MyersBriggs
3a583f0.48 42f942c6 043937 h ???????? 003 /wiki/RussianRuble
3a583f0.93 42f942c6 043937 h ???????? 004 /wiki/PresuPuesto
3a583f1.07 42f942c6 043937 h ???????? 003 /wiki/BiGo
3a583f1.82 42f942c8 043937 h ???????? 003 /wiki/BildungsSystem
3a583f1.f1 42f942c8 043937 h ???????? 003 /wiki/SesameStreet
3a583f2.65 42f942c8 043937 h ???????? 003 /wiki/StefanMagdalinski
3a583f2.f4 42f942ca 043937 h ???????? 004 /wiki/GeneMatch
3a583f3.53 42f942c6 043937 h ???????? 003 /wiki/KarlsRuheChess
3a583f3.c0 42f942c8 043937 h ???????? 003 /wiki/StockHolmChess
3a583f4.34 42f942c6 043937 h ???????? 003 /wiki/MafiaWars
3a583f4.a7 42f942c6 043937 h ???????? 004 /wiki/LucMontagnier
3a583f5.1d 42f942c8 043937 h ???????? 003 /wiki/JanaSchlegel2009
3a583f5.91 42f942c6 043937 h ???????? 003 /wiki/LockFutureSax2010
3a583f6.04 42f942c8 043937 h ???????? 003 /wiki/BoundingBoxCaptain
3a58569.a9 42f942ca 043937 h ???????? 004 /wiki/SocialObject
3a58618.01 d9b68441 433e9c h ???????? 006 /wiki/DigitalEconomy
3a5869b.6c 42f942c8 043937 h ???????? 004 /wiki/MindGroup
3a587be.99 42f942c8 043937 h ???????? 004 /wiki/SocialNetworks
3a58d12.f0 d9b684b5 433e9c h ???????? 002 /edit/20976004
3a58d78.f2 42f942c8 043937 h ???????? 003 /wiki/SebastianSooth
3a58d89.9d 42f942c8 043937 h ???????? 003 /wiki/FrithjofBergmann
3a58d8b.92 42f942c6 043937 h ???????? 004 /wiki/NewWork
3a58d8d.9c 42f942c6 043937 h ???????? 004 /wiki/DeutschlandRadioKultur
3a58e33.df 894acf72 433e9c h ???????? 002 /edit/26436001
3a58e3f.ba cf2e0d5a 6a88e8 h ???????? 003 /wiki/EinfuehrungInDieAllgemeineBetriebswirtschaftslehre
3a59145.ea 42f942ca 043937 h ???????? 004 /wiki/BoundingBox
3a591af.b9 cf2e0dad 6a88e8 h ???????? 006 /wiki/KeeleyHazell
3a592e3.4b cf2e0d5c 6a88e8 h ???????? 004 /wiki/DimitriUwarov
3a5958b.90 42f942c8 043937 h ???????? 005 /wiki/FuckExchange
3a595a5.7a cf2e0d7d 6a88e8 h ???????? 004 /wiki/ConFidence
3a595c0.ac 42f942c6 043937 h ???????? 003 /wiki/TheDresden
3a595c3.06 42f942c8 043937 h ???????? 004 /wiki/KernkraftwerkDresden
3a596c1.bd 42f942d0 043937 s ???????? 002 /robots.txt
3a596c2.3e 42f942d2 043937 s ???????? 004 /wiki/RauschenBach
3a598bb.e8 bc285186 7dfab1 h ???????? 003 //rss.jsp
3a598bc.14 bc285186 7dfab1 h ???????? 002 //rss.jsp
3a598c7.38 bc285186 7dfab1 h ???????? 002 //rss.jsp
3a598c7.6b bc285186 7dfab1 h ???????? 002 //rss.jsp
3a5992e.fd 42f942c8 043937 h ???????? 004 /wiki/RudolfHarbigStadion
3a59940.34 42f942c8 043937 h ???????? 004 /wiki/DresdenDolls
3a59969.e9 cf2e0d5a 6a88e8 h ???????? 004 /wiki/UhTopia
3a599ee.ea bc285186 7dfab1 h ???????? 003 //rss.jsp
3a599ef.18 bc285186 7dfab1 h ???????? 002 //rss.jsp
3a59a03.71 bc285186 7dfab1 h ???????? 002 //rss.jsp
3a59a03.a1 bc285186 7dfab1 h ???????? 002 //rss.jsp
3a59a5b.5c 42f942ca 043937 h ???????? 004 /wiki/GlaeserneDynamo
3a59a5c.54 42f942c8 043937 h ???????? 003 /wiki/FranzJosefRadermacher
3a59a6e.6f 42f942c6 043937 h ???????? 004 /wiki/BeckenHusserl
3a59a6e.ad 42f942c8 043937 h ???????? 003 /wiki/ManageMyLove
3a59a70.0f 42f942c8 043937 h ???????? 003 /wiki/SergeiKapitsa
3a59a72.02 42f942c8 043937 h ???????? 004 /wiki/MaehdrescherBallett
3a59b8b.c3 42f942ca 043937 h ???????? 005 /wiki/MrPlotin
3a59b8c.ac 42f942c8 043937 h ???????? 004 /wiki/LiebesBrief
3a59b9c.04 42f942c8 043937 h ???????? 003 /wiki/ArthurSchopenhauer
3a59b9c.93 42f942c6 043937 h ???????? 004 /wiki/MrHeraklit
3a59b9c.e6 42f942c6 043937 h ???????? 004 /wiki/ArchiMedes
3a59b9d.57 42f942c6 043937 h ???????? 004 /wiki/MrEpiktet
3a59b9d.d8 42f942c8 043937 h ???????? 004 /wiki/WeltVertrag
3a59b9e.3f 42f942c8 043937 h ???????? 003 /wiki/MrEpicur
3a59b9e.b8 42f942c6 043937 h ???????? 004 /wiki/PyotrKapitza
3a59b9f.2e 42f942c8 043937 h ???????? 003 /wiki/WolfgangWahlster
3a59b9f.9d 42f942c6 043937 h ???????? 003 /wiki/MontyPython
3a59ba0.10 42f942c6 043937 h ???????? 003 /wiki/PartnerWahl
3a59ccc.bc 42f942c6 043937 h ???????? 005 /wiki/FrithjofFinkbeiner
3a59cd2.73 42f942c6 043937 h ???????? 003 /wiki/BumsRick
3a59fbc.6b 904c0886 c37fd8 h ???????? 003 //robots.txt
3a59fbf.9e 904c0886 c37fd8 h ???????? 004 //wiki/TopiMierung
3a59fc3.34 904c0886 c37fd8 h ???????? 003 /robots.txt
3a59fc6.64 904c0886 c37fd8 h ???????? 002 /rss.jsp
3a59fc9.95 904c0886 c37fd8 h ???????? 003 /rss.jsp
3a59fcc.c0 904c0886 c37fd8 h ???????? 002 /rss.jsp
3a59ff0.96 42f942d0 043937 s ???????? 004 /wiki/LastWill
3a5a040.3c 42f942c8 043937 h ???????? 005 /wiki/CarTwoGo
3a5a049.f8 42f942c8 043937 h ???????? 004 /wiki/MindKodex
3a5a04c.19 42f942c6 043937 h ???????? 004 /wiki/ReverseDomain
3a5a04d.cd 42f942c8 043937 h ???????? 00e /wiki/ProjektDokumentation
3a5a04e.44 42f942c6 043937 h ???????? 003 /wiki/PureJava
3a5a04f.39 42f942c6 043937 h ???????? 003 /wiki/LockLog
3a5a1f4.ae 88f311a1 3e46c7 h ???????? 004 /wiki/SommerSchwatz
3a5a308.d9 42f942ca 043937 h ???????? 005 /wiki/MannMitWeissemTop
3a5a600.ee 05095867 c37fd8 h ???????? 003 /robots.txt
3a5a602.b0 05095867 c37fd8 h ???????? 004 //wiki/TopiMierung
3a5a607.b5 05095867 c37fd8 h ???????? 005 //wiki/UniqueNameAssumption
3a5a60b.d0 05095867 c37fd8 h ???????? 004 //wiki/UnitedNations
3a5a60f.dd 05095867 c37fd8 h ???????? 004 //wiki/UniversalCoordinatedTime
3a5a613.ac 05095867 c37fd8 h ???????? 004 //wiki/UniversumBremen
3a5a617.6c 05095867 c37fd8 h ???????? 004 //wiki/UnsereMarken
3a5a61b.ee 05095867 c37fd8 h ???????? 004 //wiki/UnsereSorge
3a5a61f.c1 05095867 c37fd8 h ???????? 004 //wiki/WikiText
3a5a623.6f 05095867 c37fd8 h ???????? 004 //wiki/WikiTree
3a5a770.53 42f942c6 043937 h ???????? 004 /wiki/SwDf
3a5a99c.25 42f942c6 043937 h ???????? 005 /wiki/TaoLi
3a5a9b3.5d 42f942c8 043937 h ???????? 00e /wiki/JieLi
3a5a9b3.a8 42f942c8 043937 h ???????? 004 /wiki/BoHu
3a5a9b5.49 42f942c8 043937 h ???????? 005 /wiki/BinHe
3a5a9b6.00 42f942c6 043937 h ???????? 004 /wiki/QiJu
3a5a9b6.2f 42f942c6 043937 h ???????? 002 /wiki/YiLi
3a5a9b6.96 42f942c8 043937 h ???????? 001 /wiki/YaXu
3a5a9b7.0c 42f942c8 043937 h ???????? 002 /wiki/NaLi
3a5a9b7.83 42f942c6 043937 h ???????? 002 /wiki/HeHu
3a5a9b7.fc 42f942c6 043937 h ???????? 006 /wiki/YueMa
3a5a9b8.6a 42f942c6 043937 h ???????? 002 /wiki/LeiJi
3a5a9c5.38 42f942c6 043937 h ???????? 002 /wiki/ZmMa
3a5a9d1.92 42f942d0 043937 s ???????? 001 /.well-known/assetlinks.json
3a5a9d8.a8 42f942c6 043937 h ???????? 002 /wiki/QiLi
3a5a9ed.8e 42f942c6 043937 h ???????? 002 /wiki/OuWu
3a5aa00.f2 42f942c6 043937 h ???????? 001 /wiki/QiSu
3a5aa14.8b 42f942c6 043937 h ???????? 001 /wiki/LiMa
3a5aa28.2d 42f942c6 043937 h ???????? 002 /wiki/YueLu
3a5aa3c.00 42f942ca 043937 h ???????? 002 /wiki/HuaLi
3a5aa4f.da 42f942c8 043937 h ???????? 002 /wiki/JinYu
3a5aa63.d8 42f942c6 043937 h ???????? 002 /wiki/ThTse
3a5aa78.cd 42f942c6 043937 h ???????? 002 /wiki/HaoWu
3a5aa90.9a 42f942c6 043937 h ???????? 002 /wiki/FeiWu
3a5aad9.42 42f942c6 043937 h ???????? 002 /wiki/LeiWu
3a5aadb.3e 42f942ca 043937 h ???????? 002 /wiki/LiGuo
3a5aadb.89 42f942ca 043937 h ???????? 002 /wiki/HeTan
3a5ab3a.29 42f942c6 043937 h ???????? 002 /wiki/RuiLi
3a5ab97.c1 42f942c6 043937 h ???????? 003 /wiki/BinXu
3a5acaf.6e 42f95cc9 70a047 h ???????? 002 //rss.rdf
3a5af6f.c5 cf2e0dc5 6a88e8 h ???????? 002 /robots.txt
3a5af6f.d4 cf2e0d7d 6a88e8 h ???????? 002 /wiki/OvercomingBias
3a5af99.b3 45c5b132 c37fd8 h ???????? 001 /robots.txt
3a5af9c.94 45c5b132 c37fd8 h ???????? 001 /rss.jsp
3a5af9f.a0 45c5b132 c37fd8 h ???????? 001 /rss.jsp
3a5afa5.73 45c5b132 c37fd8 h ???????? 001 /rss.jsp
3a5afcb.2c 42f942d4 043937 s ???????? 002 /.well-known/apple-app-site-association
3a5b193.ba cf2e0d5a 6a88e8 h ???????? 003 /wiki/LokSchuppen
3a5b4b0.aa 516f11c6 573285 h ???????? 002 /mysql/admin/
3a5b4b0.ec 516f11c6 573285 h ???????? 001 /mysql/admin/
3a5b4b1.84 516f11c6 573285 h ???????? 002 /mysql/dbadmin/
3a5b4b2.52 516f11c6 573285 h ???????? 001 /mysql/dbadmin/
3a5b4b2.99 516f11c6 573285 h ???????? 001 /mysql/sqlmanager/
3a5b4b3.19 516f11c6 573285 h ???????? 002 /mysql/sqlmanager/
3a5b4b3.4a 516f11c6 573285 h ???????? 001 /mysql/mysqlmanager/
3a5b4b3.b2 516f11c6 573285 h ???????? 002 /mysql/mysqlmanager/
3a5b4b4.3c 516f11c6 573285 h ???????? 007 /phpmyadmin/
3a5b4b5.11 516f11c6 573285 h ???????? 001 /phpmyadmin/
3a5b4b5.c5 516f11c6 573285 h ???????? 001 /phpMyadmin/
3a5b4b8.12 516f11c6 573285 h ???????? 002 /phpMyadmin/
3a5b4bb.2e 516f11c6 573285 h ???????? 002 /phpMyAdmin/
3a5b4bb.e6 516f11c6 573285 h ???????? 001 /phpMyAdmin/
3a5b4bd.6d 516f11c6 573285 h ???????? 002 /phpmyAdmin/
3a5b4be.04 516f11c6 573285 h ???????? 001 /phpmyAdmin/
3a5b4c1.fe 516f11c6 573285 h ???????? 002 /phpmyadmin2/
3a5b4c2.de 516f11c6 573285 h ???????? 001 /phpmyadmin2/
3a5b4c3.5d 516f11c6 573285 h ???????? 007 /phpmyadmin3/
3a5b4c4.13 516f11c6 573285 h ???????? 001 /phpmyadmin3/
3a5b4c4.43 516f11c6 573285 h ???????? 001 /phpmyadmin4/
3a5b4c4.ae 516f11c6 573285 h ???????? 001 /phpmyadmin4/
3a5b4c5.15 516f11c6 573285 h ???????? 002 /2phpmyadmin/
3a5b4c5.b7 516f11c6 573285 h ???????? 001 /2phpmyadmin/
3a5b4c9.4b 516f11c6 573285 h ???????? 001 /phpmy/
3a5b4cb.af 42f942ca 043937 h ???????? 002 /wiki/KopfSteinPflaster
3a5b4ce.1f 516f11c6 573285 h ???????? 002 /phpmy/
3a5b4ce.d7 516f11c6 573285 h ???????? 001 /phppma/
3a5b4cf.9e 516f11c6 573285 h ???????? 001 /phppma/
3a5b4d4.48 516f11c6 573285 h ???????? 001 /myadmin/
3a5b4db.7c 516f11c6 573285 h ???????? 001 /myadmin/
3a5b4e1.f5 a4843451 eb026b s ???????? 002 /bcHead
3a5b4e1.a9 516f11c6 573285 h ???????? 12e /shopdb/
3a5b4e2.be a4843451 eb026b s ???????? 002 /bcHead
3a5b4e2.9f 516f11c6 573285 h ???????? 07c /shopdb/
3a5b4e3.45 516f11c6 573285 h ???????? 001 /MyAdmin/
3a5b4e4.07 516f11c6 573285 h ???????? 002 /MyAdmin/
3a5b4e4.4c 516f11c6 573285 h ???????? 002 /program/
3a5b4e4.c4 516f11c6 573285 h ???????? 002 /program/
3a5b4e5.3c 516f11c6 573285 h ???????? 002 /PMA/
3a5b4e5.f0 516f11c6 573285 h ???????? 002 /PMA/
3a5b4e7.5d 516f11c6 573285 h ???????? 002 /dbadmin/
3a5b4e7.8e 516f11c6 573285 h ???????? 002 /dbadmin/
3a5b4e8.e4 516f11c6 573285 h ???????? 002 /pma/
3a5b4e9.1d 516f11c6 573285 h ???????? 001 /pma/
3a5b4e9.8d 516f11c6 573285 h ???????? 002 /db/
3a5b4ea.44 516f11c6 573285 h ???????? 001 /db/
3a5b4eb.06 516f11c6 573285 h ???????? 002 /admin/
3a5b4eb.cb 516f11c6 573285 h ???????? 002 /admin/
3a5b4ec.4f 516f11c6 573285 h ???????? 001 /mysql/
3a5b4ed.02 516f11c6 573285 h ???????? 003 /mysql/
3a5b4ed.91 516f11c6 573285 h ???????? 002 /database/
3a5b4ee.44 516f11c6 573285 h ???????? 002 /database/
3a5b4ef.0b 516f11c6 573285 h ???????? 002 /db/phpmyadmin/
3a5b4ef.db 516f11c6 573285 h ???????? 002 /db/phpmyadmin/
3a5b4f0.be 516f11c6 573285 h ???????? 001 /db/phpMyAdmin/
3a5b4f4.ef 516f11c6 573285 h ???????? 002 /db/phpMyAdmin/
3a5b4f5.88 516f11c6 573285 h ???????? 001 /sqlmanager/
3a5b4f5.c1 516f11c6 573285 h ???????? 001 /sqlmanager/
3a5b4f6.96 516f11c6 573285 h ???????? 001 /mysqlmanager/
3a5b4f7.b8 516f11c6 573285 h ???????? 001 /mysqlmanager/
3a5b4fa.99 516f11c6 573285 h ???????? 002 /php-myadmin/
3a5b503.6d 516f11c6 573285 h ???????? 002 /php-myadmin/
3a5b504.13 516f11c6 573285 h ???????? 001 /phpmy-admin/
3a5b504.f6 516f11c6 573285 h ???????? 002 /phpmy-admin/
3a5b505.5c 516f11c6 573285 h ???????? 002 /mysqladmin/
3a5b505.f7 516f11c6 573285 h ???????? 002 /mysqladmin/
3a5b506.6b 516f11c6 573285 h ???????? 002 /mysql-admin/
3a5b507.0b 516f11c6 573285 h ???????? 001 /mysql-admin/
3a5b508.53 516f11c6 573285 h ???????? 002 /admin/phpmyadmin/
3a5b508.7c 516f11c6 573285 h ???????? 002 /admin/phpmyadmin/
3a5b508.ce 516f11c6 573285 h ???????? 002 /admin/phpMyAdmin/
3a5b509.5c 516f11c6 573285 h ???????? 002 /admin/phpMyAdmin/
3a5b509.aa 516f11c6 573285 h ???????? 002 /admin/sysadmin/
3a5b50a.39 516f11c6 573285 h ???????? 002 /admin/sysadmin/
3a5b50a.76 516f11c6 573285 h ???????? 001 /admin/sqladmin/
3a5b50a.e5 516f11c6 573285 h ???????? 002 /admin/sqladmin/
3a5b50b.31 516f11c6 573285 h ???????? 001 /admin/db/
3a5b50b.b2 516f11c6 573285 h ???????? 001 /admin/db/
3a5b50c.09 516f11c6 573285 h ???????? 002 /admin/web/
3a5b50c.9d 516f11c6 573285 h ???????? 002 /admin/web/
3a5b50d.37 516f11c6 573285 h ???????? 002 /admin/pMA/
3a5b50d.f4 516f11c6 573285 h ???????? 009 /admin/pMA/
3a5b50f.5d 516f11c6 573285 h ???????? 002 /mysql/pma/
3a5b510.0a 516f11c6 573285 h ???????? 002 /mysql/pma/
3a5b513.02 516f11c6 573285 h ???????? 002 /mysql/db/
3a5b513.a1 516f11c6 573285 h ???????? 002 /mysql/db/
3a5b514.0b 516f11c6 573285 h ???????? 009 /mysql/web/
3a5b514.b0 516f11c6 573285 h ???????? 002 /mysql/web/
3a5b515.56 516f11c6 573285 h ???????? 002 /mysql/pMA/
3a5b516.22 516f11c6 573285 h ???????? 002 /mysql/pMA/
3a5b516.e9 516f11c6 573285 h ???????? 002 /sql/phpmanager/
3a5b517.8c 516f11c6 573285 h ???????? 002 /sql/phpmanager/
3a5b518.2f 516f11c6 573285 h ???????? 002 /sql/php-myadmin/
3a5b519.0c 516f11c6 573285 h ???????? 002 /sql/php-myadmin/
3a5b519.dd 516f11c6 573285 h ???????? 002 /sql/phpmy-admin/
3a5b51a.c8 516f11c6 573285 h ???????? 002 /sql/phpmy-admin/
3a5b51b.6f 516f11c6 573285 h ???????? 002 /sql/sql/
3a5b51c.3f 516f11c6 573285 h ???????? 002 /sql/sql/
3a5b51c.7c 516f11c6 573285 h ???????? 002 /sql/myadmin/
3a5b51d.1c 516f11c6 573285 h ???????? 002 /sql/myadmin/
3a5b51d.9e 516f11c6 573285 h ???????? 002 /sql/webadmin/
3a5b51d.d8 516f11c6 573285 h ???????? 002 /sql/webadmin/
3a5b51e.10 516f11c6 573285 h ???????? 002 /sql/sqlweb/
3a5b51e.81 516f11c6 573285 h ???????? 003 /sql/sqlweb/
3a5b51e.d7 516f11c6 573285 h ???????? 002 /sql/websql/
3a5b51f.70 516f11c6 573285 h ???????? 002 /sql/websql/
3a5b51f.ea 516f11c6 573285 h ???????? 003 /sql/webdb/
3a5b520.89 516f11c6 573285 h ???????? 002 /sql/webdb/
3a5b521.63 516f11c6 573285 h ???????? 002 /sql/sqladmin/
3a5b522.78 516f11c6 573285 h ???????? 002 /sql/sqladmin/
3a5b522.de 516f11c6 573285 h ???????? 002 /sql/sql-admin/
3a5b523.0e 516f11c6 573285 h ???????? 002 /sql/sql-admin/
3a5b523.4d 516f11c6 573285 h ???????? 002 /sql/phpmyadmin2/
3a5b523.78 516f11c6 573285 h ???????? 002 /sql/phpmyadmin2/
3a5b523.c7 516f11c6 573285 h ???????? 00b /sql/phpMyAdmin2/
3a5b524.4f 516f11c6 573285 h ???????? 002 /sql/phpMyAdmin2/
3a5b528.3a 516f11c6 573285 h ???????? 002 /sql/phpMyAdmin/
3a5b528.e5 516f11c6 573285 h ???????? 002 /sql/phpMyAdmin/
3a5b529.2f 516f11c6 573285 h ???????? 002 /db/myadmin/
3a5b529.a6 516f11c6 573285 h ???????? 00c /db/myadmin/
3a5b529.ff 516f11c6 573285 h ???????? 004 /db/webadmin/
3a5b52a.8b 516f11c6 573285 h ???????? 002 /db/webadmin/
3a5b52b.02 516f11c6 573285 h ???????? 003 /db/dbweb/
3a5b52b.aa 516f11c6 573285 h ???????? 002 /db/dbweb/
3a5b52c.52 516f11c6 573285 h ???????? 002 /db/websql/
3a5b52d.16 516f11c6 573285 h ???????? 002 /db/websql/
3a5b52d.be 516f11c6 573285 h ???????? 002 /db/webdb/
3a5b52e.93 516f11c6 573285 h ???????? 002 /db/webdb/
3a5b52f.06 516f11c6 573285 h ???????? 002 /db/dbadmin/
3a5b52f.aa 516f11c6 573285 h ???????? 002 /db/dbadmin/
3a5b52f.f7 516f11c6 573285 h ???????? 003 /db/db-admin/
3a5b530.81 516f11c6 573285 h ???????? 002 /db/db-admin/
3a5b530.d0 516f11c6 573285 h ???????? 002 /db/phpmyadmin3/
3a5b531.61 516f11c6 573285 h ???????? 003 /db/phpmyadmin3/
3a5b531.f4 516f11c6 573285 h ???????? 002 /db/phpMyAdmin3/
3a5b532.c0 516f11c6 573285 h ???????? 002 /db/phpMyAdmin3/
3a5b535.81 516f11c6 573285 h ???????? 003 /db/phpMyAdmin-3/
3a5b536.29 516f11c6 573285 h ???????? 002 /db/phpMyAdmin-3/
3a5b536.b1 516f11c6 573285 h ???????? 002 /administrator/phpmyadmin/
3a5b537.71 516f11c6 573285 h ???????? 003 /administrator/phpmyadmin/
3a5b538.c8 516f11c6 573285 h ???????? 003 /administrator/phpMyAdmin/
3a5b539.19 516f11c6 573285 h ???????? 003 /administrator/phpMyAdmin/
3a5b539.7c 516f11c6 573285 h ???????? 002 /administrator/db/
3a5b53a.17 516f11c6 573285 h ???????? 003 /administrator/db/
3a5b53a.9b 516f11c6 573285 h ???????? 003 /administrator/web/
3a5b53b.58 516f11c6 573285 h ???????? 002 /administrator/web/
3a5b53b.a3 516f11c6 573285 h ???????? 002 /administrator/pma/
3a5b53c.2d 516f11c6 573285 h ???????? 003 /administrator/pma/
3a5b53c.d7 516f11c6 573285 h ???????? 002 /administrator/PMA/
3a5b53d.a1 516f11c6 573285 h ???????? 003 /administrator/PMA/
3a5b53e.52 516f11c6 573285 h ???????? 003 /administrator/admin/
3a5b53f.2b 516f11c6 573285 h ???????? 003 /administrator/admin/
3a5b53f.8e 516f11c6 573285 h ???????? 003 /phpMyAdmin2/
3a5b53f.c8 516f11c6 573285 h ???????? 002 /phpMyAdmin2/
3a5b540.15 516f11c6 573285 h ???????? 003 /phpMyAdmin3/
3a5b540.9e 516f11c6 573285 h ???????? 003 /phpMyAdmin3/
3a5b541.28 516f11c6 573285 h ???????? 003 /phpMyAdmin4/
3a5b542.09 516f11c6 573285 h ???????? 003 /phpMyAdmin4/
3a5b542.af 516f11c6 573285 h ???????? 003 /phpMyAdmin-3/
3a5b543.93 516f11c6 573285 h ???????? 003 /phpMyAdmin-3/
3a5b545.1e 516f11c6 573285 h ???????? 003 /php-my-admin/
3a5b545.c4 516f11c6 573285 h ???????? 003 /php-my-admin/
3a5b546.67 516f11c6 573285 h ???????? 00b /PMA2011/
3a5b547.9a 516f11c6 573285 h ???????? 002 /PMA2011/
3a5b547.f4 516f11c6 573285 h ???????? 001 /PMA2012/
3a5b548.86 516f11c6 573285 h ???????? 002 /PMA2012/
3a5b548.b7 516f11c6 573285 h ???????? 001 /PMA2013/
3a5b549.29 516f11c6 573285 h ???????? 001 /PMA2013/
3a5b549.80 516f11c6 573285 h ???????? 002 /PMA2014/
3a5b54a.63 516f11c6 573285 h ???????? 002 /PMA2014/
3a5b54a.b4 516f11c6 573285 h ???????? 002 /PMA2015/
3a5b54b.4b 516f11c6 573285 h ???????? 002 /PMA2015/
3a5b54b.ea 516f11c6 573285 h ???????? 002 /PMA2016/
3a5b54c.bb 516f11c6 573285 h ???????? 002 /PMA2016/
3a5b54d.78 516f11c6 573285 h ???????? 002 /PMA2017/
3a5b54e.5a 516f11c6 573285 h ???????? 003 /PMA2017/
3a5b54e.b1 516f11c6 573285 h ???????? 004 /PMA2018/
3a5b54f.4a 516f11c6 573285 h ???????? 002 /PMA2018/
3a5b54f.f6 516f11c6 573285 h ???????? 002 /pma2011/
3a5b550.ca 516f11c6 573285 h ???????? 002 /pma2011/
3a5b552.3e 516f11c6 573285 h ???????? 002 /pma2012/
3a5b552.80 516f11c6 573285 h ???????? 002 /pma2012/
3a5b553.26 516f11c6 573285 h ???????? 002 /pma2013/
3a5b554.00 516f11c6 573285 h ???????? 002 /pma2013/
3a5b554.46 516f11c6 573285 h ???????? 002 /pma2014/
3a5b554.c9 516f11c6 573285 h ???????? 002 /pma2014/
3a5b555.68 516f11c6 573285 h ???????? 002 /pma2015/
3a5b556.2c 516f11c6 573285 h ???????? 002 /pma2015/
3a5b556.71 516f11c6 573285 h ???????? 002 /pma2016/
3a5b556.ee 516f11c6 573285 h ???????? 002 /pma2016/
3a5b558.86 516f11c6 573285 h ???????? 002 /pma2017/
3a5b559.5e 516f11c6 573285 h ???????? 009 /pma2017/
3a5b55a.1f 516f11c6 573285 h ???????? 002 /pma2018/
3a5b55b.0b 516f11c6 573285 h ???????? 002 /pma2018/
3a5b55b.69 516f11c6 573285 h ???????? 009 /phpmyadmin2011/
3a5b55b.f5 516f11c6 573285 h ???????? 002 /phpmyadmin2011/
3a5b55c.54 516f11c6 573285 h ???????? 002 /phpmyadmin2012/
3a5b55c.f1 516f11c6 573285 h ???????? 002 /phpmyadmin2012/
3a5b55d.8c 516f11c6 573285 h ???????? 002 /phpmyadmin2013/
3a5b55e.62 516f11c6 573285 h ???????? 002 /phpmyadmin2013/
3a5b55e.d9 516f11c6 573285 h ???????? 002 /phpmyadmin2014/
3a5b55f.5a 516f11c6 573285 h ???????? 002 /phpmyadmin2014/
3a5b55f.cc 516f11c6 573285 h ???????? 002 /phpmyadmin2015/
3a5b560.78 516f11c6 573285 h ???????? 002 /phpmyadmin2015/
3a5b561.e5 516f11c6 573285 h ???????? 002 /phpmyadmin2016/
3a5b562.9d 516f11c6 573285 h ???????? 002 /phpmyadmin2016/
3a5b563.1c 516f11c6 573285 h ???????? 002 /phpmyadmin2017/
3a5b563.54 516f11c6 573285 h ???????? 002 /phpmyadmin2017/
3a5b563.bc 516f11c6 573285 h ???????? 002 /phpmyadmin2018/
3a5b564.5d 516f11c6 573285 h ???????? 003 /phpmyadmin2018/
3a5b567.c6 516f11c6 573285 h ???????? 002 /phpmanager/
3a5b575.5e 516f11c6 573285 h ???????? 002 /phpmanager/
3a5b5f8.a5 94fb8a27 18b492 h ???????? 003 /robots.txt
3a5b5f9.23 94fb8a27 18b492 h ???????? 026 /
3a5b8fa.31 76c11fde 7a122d s ???????? 01c /
3a5ba7f.d8 42f942d2 043937 s ???????? 003 /apple-app-site-association
3a5bb6c.50 88f32452 18b492 h ???????? 002 /robots.txt
3a5bb6c.81 88f32452 18b492 h ???????? 002 /robots.txt
3a5c1c0.f6 42f942d0 043937 s ???????? 005 /wiki/JahrGang
3a5c68e.d2 42f942c6 043937 h ???????? 004 /wiki/SecondWirkZentrum
3a5c6b5.d2 cf2e0dad 6a88e8 h ???????? 004 /wiki/NooPolis
3a5cab8.27 a484a29a 433e9c h ???????? 003 /edit/28466002
3a5cdd4.7d 340d9901 5a3ed7 h ???????? 002 //robots.txt
3a5cdd4.fb 340d9901 5a3ed7 h ???????? 003 //sitemap.xml
3a5cf45.55 42f9516a 002725 h ???????? 003 /favicon.ico
3a5d285.11 42f942ca 043937 h ???????? 004 /wiki/RsWipp
3a5d63e.64 42f95cc7 70a047 h ???????? 003 //rss.rdf
3a5d6f9.65 d9b68458 433e9c h ???????? 002 /edit/22136002
3a5d851.cc 42f942c6 043937 h ???????? 006 /wiki/AbschleppSchuppen
3a5dad7.b4 42f942c6 043937 h ???????? 029 /
3a5db2a.6a d4539808 a9aabd h ???????? 020 /
3a5db2a.ab d4539808 a9aabd h ???????? 003 //https://floatingboat2013.appspot.com
3a5db2a.dc d4539808 a9aabd h ???????? 003 //wiki/AlanTuring
3a5db2b.0a d4539808 a9aabd h ???????? 004 //wiki/GottfriedWilhelmLeibniz
3a5db2b.37 d4539808 a9aabd h ???????? 003 //https://floatingboat2013.appspot.com/UrPic
3a5db2b.5e d4539808 a9aabd h ???????? 002 //https://floatingboat2013.appspot.com/ad
3a5db2b.86 d4539808 a9aabd h ???????? 002 //https://sl4.eu/hls
3a5db2b.b1 d4539808 a9aabd h ???????? 002 //https://sl4.eu/ls
3a5db2b.da d4539808 a9aabd h ???????? 002 //https://sl4.eu/sh
3a5db2c.0e d4539808 a9aabd h ???????? 002 //https://www.youtube.com/watch
3a5dfb6.68 a3acc738 cf5435 h ???????? 01c /
3a5dfb6.9c a3acc738 cf5435 h ???????? 002 //https://floatingboat2013.appspot.com
3a5dfb6.c6 a3acc738 cf5435 h ???????? 003 //wiki/AlanTuring
3a5dfb6.fc a3acc738 cf5435 h ???????? 004 //wiki/GottfriedWilhelmLeibniz
3a5dfb7.30 a3acc738 cf5435 h ???????? 002 //https://floatingboat2013.appspot.com/UrPic
3a5dfb7.63 a3acc738 cf5435 h ???????? 002 //https://floatingboat2013.appspot.com/ad
3a5dfb7.93 a3acc738 cf5435 h ???????? 002 //https://sl4.eu/hls
3a5dfb7.c3 a3acc738 cf5435 h ???????? 002 //https://sl4.eu/ls
3a5dfb7.ef a3acc738 cf5435 h ???????? 003 //https://sl4.eu/sh
3a5dfb8.1b a3acc738 cf5435 h ???????? 002 //https://www.youtube.com/watch
3a5e36a.3f 05bcd30e 5484ba h ???????? 005 /wiki/RainerWasserfuhr
3a5e370.a2 42f942d4 043937 s ???????? 003 /sleep
3a5e4d0.6a c73a56d3 028fc4 h ???????? 003 /robots.txt
3a5e4d3.35 c73a56d3 028fc4 h ???????? 02a /
3a5e700.9b bb1784fd 32c7bf h ???????? 003 /cgi/common.cgi
3a5e703.74 bb1784fd 32c7bf h ???????? 003 /stssys.htm
3a5e706.6f bb1784fd 32c7bf h ???????? 01d /
3a5e70a.34 bb1784fd 32c7bf h ???????? 003 /command.php
3a5ea14.d3 42f942ca 043937 h ???????? 006 /wiki/TJxOy0Q
3a5eba6.58 42f942c6 043937 h ???????? 004 /wiki/RsWipp
3a5ec05.98 8ba27ca7 1066b4 h ???????? 020 /
3a5ef13.9d 94fb8a27 18b492 h ???????? 004 /robots.txt
3a5ef14.42 94fb8a27 18b492 h ???????? 02b /
3a5ef23.eb 94fb8a27 18b492 h ???????? 003 /sitemap.xml
3a5ef71.d0 94fb8a27 18b492 s ???????? 06a /hls
3a5ef85.16 94fb8a27 18b492 s ???????? 05b /ls
3a5ef8a.15 a4843451 eb026b s ???????? 004 /bcHead
3a5ef89.d0 94fb8a27 18b492 s ???????? 115 /sh
3a5f180.29 42f94295 043937 s ???????? 003 /robots.txt
3a5f180.bb 42f94293 043937 s ???????? 021 /
3a5f3e9.6a 2d3715b8 ef60d6 s ???????? 02e /
3a5f472.21 88f32452 18b492 h ???????? 003 /robots.txt
3a5f472.65 88f32452 18b492 h ???????? 003 /robots.txt
3a5f472.9a 88f32452 18b492 h ???????? 003 /sitemap.xml
3a5f477.6b 88f32452 18b492 h ???????? 004 /sitemap.xml
3a5f763.93 c13f3a53 ef60d6 h ???????? 02c /
3a5f87c.3e cf2e0dad 6a88e8 h ???????? 006 /wiki/LebensErwartung
3a5fbd8.7c 42f942c6 043937 h ???????? 002 /wiki/UWFBfW1mfF
3a5fc1d.8e 3417eef2 1c589e h ???????? 002 /robots.txt
3a5fc1e.03 3417eef2 1c589e h ???????? 010 /
3a5fc3d.49 42f94210 043937 h ???????? 001 /robots.txt
3a5fc3d.7e 42f94210 043937 h ???????? 011 /
3a5fd67.60 42f95d2a 002725 h ???????? 001 /favicon.ico
3a5fde2.2e b44c0f8d a04d28 h ???????? 012 /edit/14886002
