3af00ca.c3 42f941cc 043937 h ???????? 004 /wiki/SapAg
3af05ce.9c b29aab1e e4b041 h ???????? 002 /robots.txt
3af06c7.88 ac686c6d 1066b4 h ???????? 019 /
3af0a28.e7 b44c0f99 a04d28 s ???????? 002 /edit
3af0b5d.8e 25c9f24f 2c84d7 s ???????? 003 /wiki/WurzelImperium
3af0bf4.31 a484a10a 433e9c h ???????? 003 /wiki/IpAddress
3af0e80.d9 284da7b7 6a88e8 h ???????? 004 /wiki/LandHessen
3af0f0a.65 42f95a8d 70a047 h ???????? 002 //rss.rdf
3af0f61.5d a484a139 433e9c h ???????? 003 /wiki/CarolaFee
3af1278.0e a484a29e 433e9c h ???????? 002 /edit/22486001
3af128d.c1 42f941ca 043937 h ???????? 004 /wiki/EcZwo
3af1310.e0 a484a2a0 433e9c h ???????? 003 /wiki/EtAl
3af13ae.f4 340dcc10 590f55 h ???????? 018 /
3af1604.5f c91212ad 37067c h ???????? 002 //wp-includes/wlwmanifest.xml
3af1604.ba c91212ad 37067c h ???????? 002 //xmlrpc.php
3af1605.1b c91212ad 37067c h ???????? 018 /
3af1605.82 c91212ad 37067c h ???????? 001 //blog/wp-includes/wlwmanifest.xml
3af1605.e1 c91212ad 37067c h ???????? 002 //wordpress/wp-includes/wlwmanifest.xml
3af1606.40 c91212ad 37067c h ???????? 002 //wp/wp-includes/wlwmanifest.xml
3af1606.a2 c91212ad 37067c h ???????? 002 //site/wp-includes/wlwmanifest.xml
3af1606.fb c91212ad 37067c h ???????? 002 //cms/wp-includes/wlwmanifest.xml
3af165b.99 268c9d54 c01296 h ???????? 020 /
3af18fd.9d 584c8ec4 dc1a18 h ???????? 01f /
3af18fe.54 584c8ec4 dc1a18 h ???????? 002 //https://floatingboat2013.appspot.com
3af18fe.ca 584c8ec4 dc1a18 h ???????? 003 //wiki/AlanTuring
3af18ff.37 584c8ec4 dc1a18 h ???????? 003 //wiki/GottfriedWilhelmLeibniz
3af1973.5d 42f941ce 043937 h ???????? 004 /wiki/LockContract
3af19c8.6c b44c0f21 a04d28 h ???????? 019 /
3af1d17.9d 3e8a0019 6de661 h ???????? 002 /robots.txt
3af1d17.d6 3e8a0019 6de661 h ???????? 00b //wiki/MindBrokerDe
3af1df0.9c 42f941ca 043937 h ???????? 004 /wiki/ThKu
3af235b.a2 284da73d 6a88e8 h ???????? 019 /
3af23b0.f4 33ff412f 433e9c h ???????? 002 /edit/21656001
3af2450.cd 42f941ca 043937 h ???????? 004 /wiki/UtopischerKapitalismus
3af24c5.ba 42f941cc 043937 h ???????? 003 /wiki/HolgerDemnitz
3af24c6.36 42f941cc 043937 h ???????? 003 /wiki/SiggiSchwarz
3af24de.8b 42f941ca 043937 h ???????? 003 /wiki/ChristophHinderfeld
3af24e0.c1 42f941cc 043937 h ???????? 003 /wiki/WorldFamilyTree
3af24e1.6f 42f941cc 043937 h ???????? 003 /wiki/FilmBall
3af24f2.f4 42f941cc 043937 h ???????? 004 /wiki/MaxZwo
3af2506.cf 42f941ca 043937 h ???????? 003 /wiki/MannHeim
3af2524.fb 42f941ca 043937 h ???????? 004 /wiki/TweetUpDd
3af2551.7a 42f941ca 043937 h ???????? 004 /wiki/CafeLloyds
3af257b.fb 42f941cc 043937 h ???????? 003 /wiki/BetQuarters
3af2b75.87 42f95a8d 70a047 h ???????? 002 //rss.rdf
3af2dbc.4f a484a161 433e9c h ???????? 003 /edit/30136008
3af2eda.29 33ff4156 433e9c h ???????? 002 /edit/23236003
3af330b.55 42f941ce 043937 h ???????? 004 /wiki/HubBerlin
3af3311.ad 42f941ca 043937 h ???????? 003 /wiki/PlanetEarth
3af3613.be 42f941ce 043937 h ???????? 004 /wiki/KontaminierungsGutachten
3af3a4f.32 42f941ce 043937 h ???????? 004 /wiki/StefanKeuchel
3af3a6a.f3 42f941cc 043937 h ???????? 004 /wiki/SchillerGarten
3af3a71.ad 42f941ca 043937 h ???????? 003 /wiki/BarnebyDresden
3af3a75.8f 42f941ca 043937 h ???????? 004 /wiki/MitchKapor
3af3a78.84 42f941ca 043937 h ???????? 003 /wiki/NoMic
3af3a7b.00 42f941ca 043937 h ???????? 004 /wiki/SylkeScholz
3af3a7d.62 42f941ca 043937 h ???????? 003 /wiki/StadtwikiDD
3af3a7f.eb 42f941ca 043937 h ???????? 004 /wiki/WindbergBahn
3af3a84.69 42f941ca 043937 h ???????? 004 /wiki/MandyKuester
3af3a89.5a 42f941ca 043937 h ???????? 008 /wiki/JoergStephan
3af3a8e.59 42f941ca 043937 h ???????? 004 /wiki/AnnetteSchramm
3af3a93.41 42f941ca 043937 h ???????? 003 /wiki/ComputableData
3af3a98.5e 42f941ca 043937 h ???????? 004 /wiki/NumberOfNeurons
3af3a9d.87 42f941ca 043937 h ???????? 003 /wiki/MichaelSchmelich
3af3aa3.77 42f941ca 043937 h ???????? 003 /wiki/MichaelMeinhardt
3af3c7c.b6 8ba26ab5 976046 s ???????? 01a /
3af3fb0.d2 42f942d0 043937 s ???????? 004 /wiki/RaWa
3af40ab.39 284da73d 6a88e8 h ???????? 005 /wiki/ReDo
3af416c.0d 894acf66 433e9c h ???????? 002 /edit/21636002
3af4310.23 cf2e0d88 6a88e8 s ???????? 01c /
3af4490.c2 5896e4da f93269 h ???????? 003 //rss.rdf
3af44e7.81 6d6dfe8a e83b9c h ???????? 00c //rss.rdf
3af4503.92 42f942d0 043937 s ???????? 004 /wiki/DeWikiPediaUser
3af450d.1b 42f942d2 043937 s ???????? 003 /wiki/ReLigio
3af47d6.d8 42f942ca 043937 h ???????? 004 /wiki/RainerWasserfuhrHasKissed
3af4d03.14 42f95ccb 70a047 h ???????? 003 //rss.rdf
3af4de8.a5 42f942c8 043937 h ???????? 005 /wiki/CsRb
3af4de9.ab 42f942ca 043937 h ???????? 003 /wiki/ReneEgli
3af4dff.83 42f942c8 043937 h ???????? 005 /wiki/EduardSchlinck
3af4e06.2b 42f942c6 043937 h ???????? 004 /wiki/FengShui
3af4e0a.56 42f942c6 043937 h ???????? 004 /wiki/PotUs
3af4e11.31 42f942c6 043937 h ???????? 003 /wiki/GeSell
3af4e19.6d 42f942c6 043937 h ???????? 003 /wiki/FlotUs
3af4e21.93 42f942c6 043937 h ???????? 004 /wiki/MailBox
3af4e29.bb 42f942c8 043937 h ???????? 004 /wiki/ReFrame
3af4e31.ed 42f942c8 043937 h ???????? 004 /wiki/ElbeRiver
3af4e3a.14 42f942c6 043937 h ???????? 004 /wiki/TolkeWitz
3af4e42.3c 42f942c6 043937 h ???????? 004 /wiki/VivaLaVida
3af4e4a.6c 42f942c6 043937 h ???????? 004 /wiki/TischSitte
3af4e52.9d 42f942c6 043937 h ???????? 004 /wiki/LisaGerrard
3af4e5a.d8 42f942c6 043937 h ???????? 004 /wiki/KinderWagen
3af4e63.00 42f942c6 043937 h ???????? 005 /wiki/MichaelBuble
3af4e6b.4f 42f942c8 043937 h ???????? 004 /wiki/StadtBautzen
3af4e73.a3 42f942c6 043937 h ???????? 004 /wiki/DerUntergang
3af4e7c.02 42f942c6 043937 h ???????? 004 /wiki/LifeExpectance
3af4e84.ce 42f942c6 043937 h ???????? 004 /wiki/RussenSpamStrom
3af4e8e.9f 42f942c6 043937 h ???????? 004 /wiki/KeineWerbungGesetz
3af4f1b.c5 592386ae 941911 h ???????? 027 /
3af4f66.2d 8dd47a40 ef60d6 h ???????? 01b /
3af506e.45 42f942c8 043937 h ???????? 003 //robots.txt
3af50b3.23 5f5506d6 31e34f h ???????? 003 /robots.txt
3af50b3.5c 5f5506d6 31e34f h ???????? 004 /wiki/SingularAcademy
3af51db.f4 b5d6a815 85c767 h ???????? 027 /
3af520b.fa 5f5506d6 31e34f h ???????? 020 /
3af52dd.23 9d37275f 6a88e8 s ???????? 01f /
3af5999.d9 42f942c6 043937 h ???????? 005 /wiki/PhilosophenkoenigsTheorie
3af5ac9.f4 a484a102 433e9c h ???????? 003 /edit/24716001
3af5aec.6b a4845b03 9295d9 s ???????? 01d /
3af5f6b.93 42f942c6 043937 h ???????? 005 /wiki/PublicPeople
3af5f70.50 42f942c8 043937 h ???????? 004 /wiki/SubVersion
3af5f7b.01 42f942c6 043937 h ???????? 007 /wiki/ClieSe
3af5f85.b6 42f942c8 043937 h ???????? 004 /wiki/OvoLotto
3af5f90.c7 42f942c6 043937 h ???????? 004 /wiki/MindRiver
3af5f9b.7a 42f942c6 043937 h ???????? 004 /wiki/NeoLayout
3af5fa7.17 42f942c6 043937 h ???????? 004 /wiki/NapfKuchen
3af5fb3.e5 42f942c6 043937 h ???????? 004 /wiki/DomainModel
3af5fc5.b3 42f942c6 043937 h ???????? 004 /wiki/SteveInSpace
3af5fe1.b6 42f942c6 043937 h ???????? 004 /wiki/FremdSprache
3af5ffb.18 42f942c8 043937 h ???????? 005 /wiki/FirstThingsFirst
3af601a.5e 42f942c8 043937 h ???????? 005 /wiki/GitVersionControl
3af6161.97 42f942ca 043937 h ???????? 005 //wiki/DistanzSpiel
3af6170.91 42f942d0 043937 s ???????? 003 /edit/63075040
3af650d.92 33ff413b 433e9c h ???????? 003 /edit/22566001
3af6939.19 bc286647 7dfab1 h ???????? 003 //rss.jsp
3af6939.54 bc286647 7dfab1 h ???????? 003 //rss.jsp
3af6a69.54 42f95cc7 70a047 h ???????? 003 //rss.rdf
3af6b5c.d7 42f942c6 043937 h ???????? 005 /wiki/LinkerKopfUntermRotSchild
3af6c8a.72 9d3727e1 6a88e8 h ???????? 01e /
3af6cff.80 34d2baa8 a78aba h ???????? 003 /robots.txt
3af6d4d.3b 33ff414a 433e9c h ???????? 021 /edit/19446001
3af6f6f.3a 22fa68b5 a78aba h ???????? 004 /robots.txt
3af6fdd.a5 22faf43b a78aba h ???????? 003 /robots.txt
3af705b.76 22f07145 a78aba h ???????? 003 /robots.txt
3af7086.b8 42f942ca 043937 h ???????? 004 /wiki/RdF
3af70ab.80 42f942c6 043937 h ???????? 005 /wiki/SQuirreL
3af70bd.d7 42f942c6 043937 h ???????? 004 /wiki/EiSprung
3af70d3.cf 42f942c6 043937 h ???????? 002 /wiki/GoogleDoc
3af70ef.2c 42f942ca 043937 h ???????? 002 /wiki/SpaceWalk
3af7109.08 42f942c6 043937 h ???????? 002 /wiki/MemeTracker
3af711e.b9 d8f442e5 2e51d1 h ???????? 001 /robots.txt
3af7123.33 42f942c6 043937 h ???????? 002 /wiki/ClientServer
3af713d.88 42f942c8 043937 h ???????? 002 /wiki/WaldRohrBach
3af7157.d8 42f942ca 043937 h ???????? 002 /wiki/HerbertHainer
3af7172.a5 42f942c8 043937 h ???????? 002 /wiki/SchluepferLuefter
3af718e.77 42f942c6 043937 h ???????? 002 /wiki/PieschenerRevolution
3af71ae.23 42f942c6 043937 h ???????? 002 /wiki/HibernateAnnotations
3af71b1.dc 34d28699 a78aba h ???????? 001 /robots.txt
3af722e.07 9d372706 6a88e8 h ???????? 002 /robots.txt
3af7233.8e 284da73d 6a88e8 h ???????? 018 /
3af734a.68 22f03d4d a78aba h ???????? 002 /robots.txt
3af73ed.b4 34d4642a a78aba h ???????? 002 /robots.txt
3af742b.83 d8f442e5 2e51d1 h ???????? 002 /wiki/SchachProgramm
3af760c.35 9d372744 6a88e8 h ???????? 001 /robots.txt
3af78ba.18 2ee5a464 2e29b5 h ???????? 002 /robots.txt
3af7a31.67 22fcb557 a78aba h ???????? 001 /robots.txt
3af7c67.6f c6f05403 7c2005 h ???????? 014 /
3af7d1f.f1 42f942c8 043937 h ???????? 003 /wiki/ThereIsButOneInfiniteGame
3af8002.30 36a2fcf4 2baa92 h ???????? 015 /
3af8178.d3 d9b68461 433e9c h ???????? 001 /edit/31066001
3af8210.6d 3cdbece0 186d9a h ???????? 01b /
3af8215.4b 6a5bd192 ae88d8 s ???????? 01c /
3af8330.ae 42f942d0 043937 s ???????? 001 /edit/81825001
3af85c7.28 d18d3ce5 4865cb h ???????? 014 /
3af876d.ff b44c0f1b a04d28 s ???????? 002 /edit/6935004
3af88c9.9d 42f942ca 043937 h ???????? 002 /wiki/MsOffice
3af88f4.28 42f942c6 043937 h ???????? 003 /wiki/JavaVm
3af8906.d5 42f942c8 043937 h ???????? 002 /wiki/ThomasKujawa
3af8918.44 42f942c8 043937 h ???????? 002 /wiki/PieschenRevolution
3af8b8f.dd 42f95cc7 70a047 h ???????? 002 //rss.rdf
3af8e6a.f3 df049866 aaa5a7 h ???????? 001 /manager/html
3af8eea.9a 42f942ca 043937 h ???????? 003 /wiki/VassiliHartonasGarmhausen
3af902e.71 2ee5a463 2e29b5 h ???????? 001 //robots.txt
3af906b.a8 2505f158 37a923 h ???????? 003 /wiki/LibbThims
3af934a.77 d9b6841f 433e9c h ???????? 001 /edit/30306002
3af9424.b7 42f942c6 043937 h ???????? 003 /wiki/ResourceDescriptionFramework
3af94b8.b9 4e9e0be2 5773c2 h ???????? 016 /
3af9ae0.44 d8f442e5 2e51d1 h ???????? 002 /robots.txt
3af9e04.b2 d8f442e5 2e51d1 h ???????? 003 /wiki/ZugWiki
3af9e96.b3 a4845b03 d7cc30 h ???????? 014 /
3afa0a6.2f 42f942c8 043937 h ???????? 003 /wiki/RechterKopfUntermRotSchild
3afa3a9.54 ad0fe291 573285 h ???????? 002 /mysql/admin/
3afa3a9.9c ad0fe291 573285 h ???????? 002 /mysql/admin/
3afa3aa.1a ad0fe291 573285 h ???????? 001 /mysql/dbadmin/
3afa3aa.69 ad0fe291 573285 h ???????? 001 /mysql/dbadmin/
3afa3aa.d0 ad0fe291 573285 h ???????? 002 /mysql/sqlmanager/
3afa3ab.1a ad0fe291 573285 h ???????? 007 /mysql/sqlmanager/
3afa3ab.92 ad0fe291 573285 h ???????? 001 /mysql/mysqlmanager/
3afa3ab.da ad0fe291 573285 h ???????? 001 /mysql/mysqlmanager/
3afa3ac.4d ad0fe291 573285 h ???????? 002 /phpmyadmin/
3afa3ac.9c ad0fe291 573285 h ???????? 002 /phpmyadmin/
3afa3ad.1c ad0fe291 573285 h ???????? 002 /phpMyadmin/
3afa3ad.6a ad0fe291 573285 h ???????? 002 /phpMyadmin/
3afa3ad.dd ad0fe291 573285 h ???????? 002 /phpMyAdmin/
3afa3ae.2d ad0fe291 573285 h ???????? 001 /phpMyAdmin/
3afa3ae.a1 ad0fe291 573285 h ???????? 002 /phpmyAdmin/
3afa3ae.ea ad0fe291 573285 h ???????? 002 /phpmyAdmin/
3afa3af.5d ad0fe291 573285 h ???????? 001 /phpmyadmin2/
3afa3af.a8 ad0fe291 573285 h ???????? 001 /phpmyadmin2/
3afa3b0.1f ad0fe291 573285 h ???????? 001 /phpmyadmin3/
3afa3b0.6d ad0fe291 573285 h ???????? 002 /phpmyadmin3/
3afa3b0.de ad0fe291 573285 h ???????? 001 /phpmyadmin4/
3afa3b1.26 ad0fe291 573285 h ???????? 002 /phpmyadmin4/
3afa3b1.98 ad0fe291 573285 h ???????? 002 /2phpmyadmin/
3afa3b1.e1 ad0fe291 573285 h ???????? 002 /2phpmyadmin/
3afa3b2.57 ad0fe291 573285 h ???????? 002 /phpmy/
3afa3b2.a4 ad0fe291 573285 h ???????? 002 /phpmy/
3afa3b3.16 ad0fe291 573285 h ???????? 002 /phppma/
3afa3b3.63 ad0fe291 573285 h ???????? 002 /phppma/
3afa3b3.da ad0fe291 573285 h ???????? 007 /myadmin/
3afa3b4.26 ad0fe291 573285 h ???????? 002 /myadmin/
3afa3b4.d6 a4843451 eb026b s ???????? 002 /bcHead
3afa3b4.a1 ad0fe291 573285 h ???????? 0d0 /shopdb/
3afa3b5.42 a4843451 eb026b s ???????? 002 /bcHead
3afa3b5.20 ad0fe291 573285 h ???????? 089 /shopdb/
3afa3b5.b9 ad0fe291 573285 h ???????? 001 /MyAdmin/
3afa3b6.00 ad0fe291 573285 h ???????? 00a /MyAdmin/
3afa3b7.41 ad0fe291 573285 h ???????? 001 /program/
3afa3b7.8d ad0fe291 573285 h ???????? 001 /program/
3afa3b8.00 ad0fe291 573285 h ???????? 001 /PMA/
3afa3b8.4c ad0fe291 573285 h ???????? 002 /PMA/
3afa3b8.c7 ad0fe291 573285 h ???????? 001 /dbadmin/
3afa3b9.17 ad0fe291 573285 h ???????? 002 /dbadmin/
3afa3ba.5b ad0fe291 573285 h ???????? 002 /pma/
3afa3ba.a8 ad0fe291 573285 h ???????? 002 /pma/
3afa3bb.20 ad0fe291 573285 h ???????? 002 /db/
3afa3bb.6f ad0fe291 573285 h ???????? 002 /db/
3afa3bb.ed ad0fe291 573285 h ???????? 002 /admin/
3afa3bc.3b ad0fe291 573285 h ???????? 002 /admin/
3afa3bc.b7 ad0fe291 573285 h ???????? 002 /mysql/
3afa3bd.05 ad0fe291 573285 h ???????? 002 /mysql/
3afa3bd.77 ad0fe291 573285 h ???????? 002 /database/
3afa3bd.c9 ad0fe291 573285 h ???????? 002 /database/
3afa3be.3a ad0fe291 573285 h ???????? 002 /db/phpmyadmin/
3afa3be.87 ad0fe291 573285 h ???????? 002 /db/phpmyadmin/
3afa3be.f4 ad0fe291 573285 h ???????? 002 /db/phpMyAdmin/
3afa3bf.3f ad0fe291 573285 h ???????? 002 /db/phpMyAdmin/
3afa3bf.ba ad0fe291 573285 h ???????? 002 /sqlmanager/
3afa3c0.0b ad0fe291 573285 h ???????? 002 /sqlmanager/
3afa3c0.7a ad0fe291 573285 h ???????? 002 /mysqlmanager/
3afa3c0.c5 ad0fe291 573285 h ???????? 002 /mysqlmanager/
3afa3c1.38 ad0fe291 573285 h ???????? 001 /php-myadmin/
3afa3c1.e6 ad0fe291 573285 h ???????? 002 /php-myadmin/
3afa3c2.5f ad0fe291 573285 h ???????? 002 /phpmy-admin/
3afa3c3.79 ad0fe291 573285 h ???????? 002 /phpmy-admin/
3afa3c3.ef ad0fe291 573285 h ???????? 001 /mysqladmin/
3afa3c4.3a ad0fe291 573285 h ???????? 002 /mysqladmin/
3afa3c4.b3 ad0fe291 573285 h ???????? 001 /mysql-admin/
3afa3c4.fe ad0fe291 573285 h ???????? 002 /mysql-admin/
3afa3c6.22 ad0fe291 573285 h ???????? 002 /admin/phpmyadmin/
3afa3c8.89 ad0fe291 573285 h ???????? 002 /admin/phpmyadmin/
3afa3d1.18 ad0fe291 573285 h ???????? 002 /admin/sysadmin/
3afa3d1.6d ad0fe291 573285 h ???????? 002 /admin/sysadmin/
3afa3d1.ed ad0fe291 573285 h ???????? 002 /admin/sqladmin/
3afa3d2.47 ad0fe291 573285 h ???????? 002 /admin/sqladmin/
3afa3d5.eb ad0fe291 573285 h ???????? 002 /admin/web/
3afa3d6.3e ad0fe291 573285 h ???????? 003 /admin/web/
3afa3d6.ba ad0fe291 573285 h ???????? 002 /admin/pMA/
3afa3d7.10 ad0fe291 573285 h ???????? 002 /admin/pMA/
3afa3d7.8c ad0fe291 573285 h ???????? 002 /mysql/pma/
3afa3d7.e4 ad0fe291 573285 h ???????? 002 /mysql/pma/
3afa3d8.5d ad0fe291 573285 h ???????? 002 /mysql/db/
3afa3d8.b2 ad0fe291 573285 h ???????? 00a /mysql/db/
3afa3d9.31 ad0fe291 573285 h ???????? 003 /mysql/web/
3afa3d9.84 ad0fe291 573285 h ???????? 002 /mysql/web/
3afa3d9.fe ad0fe291 573285 h ???????? 002 /mysql/pMA/
3afa3da.52 ad0fe291 573285 h ???????? 002 /mysql/pMA/
3afa3da.cf ad0fe291 573285 h ???????? 002 /sql/phpmanager/
3afa3db.26 ad0fe291 573285 h ???????? 002 /sql/phpmanager/
3afa3dc.18 ad0fe291 573285 h ???????? 002 /sql/php-myadmin/
3afa3dc.70 ad0fe291 573285 h ???????? 002 /sql/php-myadmin/
3afa3dc.ed ad0fe291 573285 h ???????? 002 /sql/phpmy-admin/
3afa3dd.40 ad0fe291 573285 h ???????? 002 /sql/phpmy-admin/
3afa3e0.58 ad0fe291 573285 h ???????? 002 /sql/sql/
3afa3e0.a7 ad0fe291 573285 h ???????? 002 /sql/sql/
3afa3e1.23 ad0fe291 573285 h ???????? 002 /sql/myadmin/
3afa3e1.72 ad0fe291 573285 h ???????? 002 /sql/myadmin/
3afa3e1.ed ad0fe291 573285 h ???????? 002 /sql/webadmin/
3afa3e2.35 ad0fe291 573285 h ???????? 002 /sql/webadmin/
3afa3e2.b4 ad0fe291 573285 h ???????? 002 /sql/sqlweb/
3afa3e3.05 ad0fe291 573285 h ???????? 002 /sql/sqlweb/
3afa3e3.86 ad0fe291 573285 h ???????? 002 /sql/websql/
3afa3e3.da ad0fe291 573285 h ???????? 004 /sql/websql/
3afa3e4.56 ad0fe291 573285 h ???????? 002 /sql/webdb/
3afa3e4.aa ad0fe291 573285 h ???????? 002 /sql/webdb/
3afa3e5.27 ad0fe291 573285 h ???????? 003 /sql/sqladmin/
3afa3e5.76 ad0fe291 573285 h ???????? 002 /sql/sqladmin/
3afa3e9.58 ad0fe291 573285 h ???????? 002 /sql/phpmyadmin2/
3afa3e9.b2 ad0fe291 573285 h ???????? 002 /sql/phpmyadmin2/
3afa3ec.42 ad0fe291 573285 h ???????? 002 /sql/phpMyAdmin2/
3afa3ec.98 ad0fe291 573285 h ???????? 002 /sql/phpMyAdmin2/
3afa3ed.0f ad0fe291 573285 h ???????? 002 /sql/phpMyAdmin/
3afa3ed.63 ad0fe291 573285 h ???????? 003 /sql/phpMyAdmin/
3afa3f0.cc ad0fe291 573285 h ???????? 002 /db/myadmin/
3afa3f1.23 ad0fe291 573285 h ???????? 002 /db/myadmin/
3afa3f1.99 ad0fe291 573285 h ???????? 002 /db/webadmin/
3afa3f1.e3 ad0fe291 573285 h ???????? 002 /db/webadmin/
3afa3f2.61 ad0fe291 573285 h ???????? 003 /db/dbweb/
3afa3f5.40 ad0fe291 573285 h ???????? 003 /db/dbweb/
3afa3f5.c2 ad0fe291 573285 h ???????? 002 /db/websql/
3afa3f6.13 ad0fe291 573285 h ???????? 002 /db/websql/
3afa3f6.9a ad0fe291 573285 h ???????? 003 /db/webdb/
3afa3f6.e7 ad0fe291 573285 h ???????? 00b /db/webdb/
3afa3f7.5f ad0fe291 573285 h ???????? 002 /db/dbadmin/
3afa3f7.b8 ad0fe291 573285 h ???????? 002 /db/dbadmin/
3afa3f8.38 ad0fe291 573285 h ???????? 003 /db/db-admin/
3afa3f8.94 ad0fe291 573285 h ???????? 002 /db/db-admin/
3afa3f9.0d ad0fe291 573285 h ???????? 003 /db/phpmyadmin3/
3afa3fb.6f ad0fe291 573285 h ???????? 002 /db/phpmyadmin3/
3afa3fb.e9 ad0fe291 573285 h ???????? 003 /db/phpMyAdmin3/
3afa3fc.3e ad0fe291 573285 h ???????? 003 /db/phpMyAdmin3/
3afa3fc.bb ad0fe291 573285 h ???????? 002 /db/phpMyAdmin-3/
3afa3fd.12 ad0fe291 573285 h ???????? 003 /db/phpMyAdmin-3/
3afa3fd.96 ad0fe291 573285 h ???????? 002 /administrator/phpmyadmin/
3afa3fd.f5 ad0fe291 573285 h ???????? 003 /administrator/phpmyadmin/
3afa3fe.75 ad0fe291 573285 h ???????? 003 /administrator/phpMyAdmin/
3afa3fe.cd ad0fe291 573285 h ???????? 003 /administrator/phpMyAdmin/
3afa402.f6 ad0fe291 573285 h ???????? 002 /administrator/web/
3afa403.3f ad0fe291 573285 h ???????? 002 /administrator/web/
3afa403.bc ad0fe291 573285 h ???????? 002 /administrator/pma/
3afa404.0b ad0fe291 573285 h ???????? 003 /administrator/pma/
3afa404.8d ad0fe291 573285 h ???????? 002 /administrator/PMA/
3afa404.e2 ad0fe291 573285 h ???????? 002 /administrator/PMA/
3afa405.eb ad0fe291 573285 h ???????? 002 /administrator/admin/
3afa406.48 ad0fe291 573285 h ???????? 003 /administrator/admin/
3afa406.bd ad0fe291 573285 h ???????? 003 /phpMyAdmin2/
3afa407.0c ad0fe291 573285 h ???????? 002 /phpMyAdmin2/
3afa407.8a ad0fe291 573285 h ???????? 003 /phpMyAdmin3/
3afa407.e4 ad0fe291 573285 h ???????? 003 /phpMyAdmin3/
3afa40a.64 ad0fe291 573285 h ???????? 003 /phpMyAdmin4/
3afa40a.b8 ad0fe291 573285 h ???????? 003 /phpMyAdmin4/
3afa414.07 ad0fe291 573285 h ???????? 003 /php-my-admin/
3afa414.5e ad0fe291 573285 h ???????? 002 /php-my-admin/
3afa414.d9 ad0fe291 573285 h ???????? 003 /PMA2011/
3afa418.da ad0fe291 573285 h ???????? 003 /PMA2011/
3afa419.5e ad0fe291 573285 h ???????? 003 /PMA2012/
3afa419.b4 ad0fe291 573285 h ???????? 002 /PMA2012/
3afa41a.38 ad0fe291 573285 h ???????? 003 /PMA2013/
3afa41a.8d ad0fe291 573285 h ???????? 002 /PMA2013/
3afa424.67 ad0fe291 573285 h ???????? 00d /PMA2015/
3afa42a.fe ad0fe291 573285 h ???????? 003 /PMA2015/
3afa42b.cd ad0fe291 573285 h ???????? 002 /PMA2016/
3afa42c.1b ad0fe291 573285 h ???????? 002 /PMA2016/
3afa42c.8e ad0fe291 573285 h ???????? 002 /PMA2017/
3afa42c.dc ad0fe291 573285 h ???????? 002 /PMA2017/
3afa432.5e ad0fe291 573285 h ???????? 002 /PMA2018/
3afa432.a0 ad0fe291 573285 h ???????? 002 /PMA2018/
3afa433.14 ad0fe291 573285 h ???????? 002 /pma2011/
3afa438.14 ad0fe291 573285 h ???????? 001 /pma2011/
3afa438.92 ad0fe291 573285 h ???????? 001 /pma2012/
3afa438.e4 ad0fe291 573285 h ???????? 002 /pma2012/
3afa439.5a ad0fe291 573285 h ???????? 002 /pma2013/
3afa439.a7 ad0fe291 573285 h ???????? 001 /pma2013/
3afa43a.10 ad0fe291 573285 h ???????? 002 /pma2014/
3afa43a.63 ad0fe291 573285 h ???????? 002 /pma2014/
3afa43b.da ad0fe291 573285 h ???????? 002 /pma2015/
3afa43c.2d ad0fe291 573285 h ???????? 002 /pma2015/
3afa43c.9a ad0fe291 573285 h ???????? 002 /pma2016/
3afa43c.ea ad0fe291 573285 h ???????? 002 /pma2016/
3afa444.82 ad0fe291 573285 h ???????? 002 /pma2018/
3afa444.d4 ad0fe291 573285 h ???????? 002 /pma2018/
3afa445.47 ad0fe291 573285 h ???????? 002 /phpmyadmin2011/
3afa445.9c ad0fe291 573285 h ???????? 002 /phpmyadmin2011/
3afa446.15 ad0fe291 573285 h ???????? 001 /phpmyadmin2012/
3afa446.5f ad0fe291 573285 h ???????? 002 /phpmyadmin2012/
3afa446.d6 ad0fe291 573285 h ???????? 002 /phpmyadmin2013/
3afa447.27 ad0fe291 573285 h ???????? 002 /phpmyadmin2013/
3afa44b.25 ad0fe291 573285 h ???????? 002 /phpmyadmin2014/
3afa44b.6d ad0fe291 573285 h ???????? 002 /phpmyadmin2014/
3afa44f.29 ad0fe291 573285 h ???????? 002 /phpmyadmin2015/
3afa44f.73 ad0fe291 573285 h ???????? 002 /phpmyadmin2015/
3afa44f.e1 ad0fe291 573285 h ???????? 002 /phpmyadmin2016/
3afa450.34 ad0fe291 573285 h ???????? 002 /phpmyadmin2016/
3afa450.a6 ad0fe291 573285 h ???????? 002 /phpmyadmin2017/
3afa450.f5 ad0fe291 573285 h ???????? 002 /phpmyadmin2017/
3afa451.69 ad0fe291 573285 h ???????? 002 /phpmyadmin2018/
3afa451.b8 ad0fe291 573285 h ???????? 00a /phpmyadmin2018/
3afa452.2e ad0fe291 573285 h ???????? 002 /phpmanager/
3afa452.79 ad0fe291 573285 h ???????? 002 /phpmanager/
3afa5bf.2c a484a133 433e9c h ???????? 003 /edit/26246001
3afa89f.47 74fcbdbd 9c6fd6 h ???????? 01a /
3afa8a2.13 710058b4 5c1137 s ???????? 018 /
3afa8a7.09 42f95cc9 70a047 h ???????? 003 //rss.rdf
3afa8d1.fc a484a10d 433e9c h ???????? 002 /edit/31126001
3afadf8.dc 33ff477d 433e9c h ???????? 003 /edit/24566001
3afb14b.46 268c9d54 c01296 h ???????? 01b /
3afb24b.e9 42f942c8 043937 h ???????? 004 /wiki/SchenkOekonomie
3afb25b.f3 42f942c6 043937 h ???????? 003 /wiki/EigenTum
3afb268.9d 42f942c6 043937 h ???????? 004 /wiki/UnserLebenInDerZukunft2057
3afb26d.e0 42f942c6 043937 h ???????? 003 /wiki/JavaLang
3afb281.95 42f942c8 043937 h ???????? 004 /wiki/RePutatio
3afb297.38 42f942c6 043937 h ???????? 003 /wiki/VerSicher
3afb2af.8b 42f942c6 043937 h ???????? 004 /wiki/ImMobilie
3afb2cc.a8 42f942c6 043937 h ???????? 004 /wiki/McDonalds
3afb309.d1 42f942ca 043937 h ???????? 007 /wiki/LandtagSachsen
3afb33b.8b 42f942c8 043937 h ???????? 004 /wiki/KlubDerIntelligenz
3afb4dd.cb 33ff4127 433e9c h ???????? 003 /edit/26196001
3afb646.09 ada3cb6d 573285 h ???????? 003 
3afb646.55 ada3cb6d 573285 h ???????? 002 
3afb7b1.46 9d37275f 6a88e8 s ???????? 01a /
3afb892.b1 9d37275f 6a88e8 h ???????? 004 /wiki/BuergerInnen
3afb91d.51 7ac81672 573285 h ???????? 003 /mysql/admin/
3afb91d.9c 7ac81672 573285 h ???????? 003 /mysql/admin/
3afb91e.08 7ac81672 573285 h ???????? 002 /mysql/dbadmin/
3afb91e.bb 7ac81672 573285 h ???????? 002 /mysql/dbadmin/
3afb91f.2b 7ac81672 573285 h ???????? 002 /mysql/sqlmanager/
3afb91f.79 7ac81672 573285 h ???????? 002 /mysql/sqlmanager/
3afb91f.e5 7ac81672 573285 h ???????? 002 /mysql/mysqlmanager/
3afb920.31 7ac81672 573285 h ???????? 002 /mysql/mysqlmanager/
3afb920.a2 7ac81672 573285 h ???????? 002 /phpmyadmin/
3afb920.ee 7ac81672 573285 h ???????? 002 /phpmyadmin/
3afb921.62 7ac81672 573285 h ???????? 003 /phpMyadmin/
3afb921.aa 7ac81672 573285 h ???????? 002 /phpMyadmin/
3afb922.19 7ac81672 573285 h ???????? 003 /phpMyAdmin/
3afb922.6d 7ac81672 573285 h ???????? 002 /phpMyAdmin/
3afb922.dc 7ac81672 573285 h ???????? 002 /phpmyAdmin/
3afb923.28 7ac81672 573285 h ???????? 003 /phpmyAdmin/
3afb923.98 7ac81672 573285 h ???????? 002 /phpmyadmin2/
3afb923.e7 7ac81672 573285 h ???????? 002 /phpmyadmin2/
3afb924.56 7ac81672 573285 h ???????? 002 /phpmyadmin3/
3afb924.a6 7ac81672 573285 h ???????? 004 /phpmyadmin3/
3afb925.0e 7ac81672 573285 h ???????? 002 /phpmyadmin4/
3afb925.59 7ac81672 573285 h ???????? 002 /phpmyadmin4/
3afb925.c9 7ac81672 573285 h ???????? 003 /2phpmyadmin/
3afb926.10 7ac81672 573285 h ???????? 002 /2phpmyadmin/
3afb927.7a 7ac81672 573285 h ???????? 002 /phpmy/
3afb928.8b 7ac81672 573285 h ???????? 003 /phpmy/
3afb928.fa 7ac81672 573285 h ???????? 002 /phppma/
3afb929.45 7ac81672 573285 h ???????? 002 /phppma/
3afb929.b6 7ac81672 573285 h ???????? 003 /myadmin/
3afb92a.08 7ac81672 573285 h ???????? 002 /myadmin/
3afb92a.b8 a4843451 eb026b s ???????? 004 /bcHead
3afb92a.76 7ac81672 573285 h ???????? 109 /shopdb/
3afb92b.2e a4843451 eb026b s ???????? 004 /bcHead
3afb92b.02 7ac81672 573285 h ???????? 0b1 /shopdb/
3afb92c.9e 7ac81672 573285 h ???????? 002 /MyAdmin/
3afb92c.ed 7ac81672 573285 h ???????? 002 /MyAdmin/
3afb92d.5a 7ac81672 573285 h ???????? 003 /program/
3afb92d.a6 7ac81672 573285 h ???????? 002 /program/
3afb92e.84 7ac81672 573285 h ???????? 003 /PMA/
3afb92e.d6 7ac81672 573285 h ???????? 003 /PMA/
3afb92f.47 7ac81672 573285 h ???????? 002 /dbadmin/
3afb92f.96 7ac81672 573285 h ???????? 003 /dbadmin/
3afb92f.ff 7ac81672 573285 h ???????? 003 /pma/
3afb930.4b 7ac81672 573285 h ???????? 00e /pma/
3afb930.bc 7ac81672 573285 h ???????? 002 /db/
3afb931.0c 7ac81672 573285 h ???????? 002 /db/
3afb931.75 7ac81672 573285 h ???????? 003 /admin/
3afb931.bc 7ac81672 573285 h ???????? 002 /admin/
3afb932.2c 7ac81672 573285 h ???????? 003 /mysql/
3afb932.79 7ac81672 573285 h ???????? 003 /mysql/
3afb932.e3 7ac81672 573285 h ???????? 003 /database/
3afb933.2f 7ac81672 573285 h ???????? 003 /database/
3afb934.a9 7ac81672 573285 h ???????? 003 /db/phpmyadmin/
3afb934.f3 7ac81672 573285 h ???????? 002 /db/phpmyadmin/
3afb935.62 7ac81672 573285 h ???????? 003 /db/phpMyAdmin/
3afb935.ac 7ac81672 573285 h ???????? 003 /db/phpMyAdmin/
3afb936.19 7ac81672 573285 h ???????? 002 /sqlmanager/
3afb936.6a 7ac81672 573285 h ???????? 003 /sqlmanager/
3afb936.d9 7ac81672 573285 h ???????? 003 /mysqlmanager/
3afb937.22 7ac81672 573285 h ???????? 003 /mysqlmanager/
3afb938.b6 7ac81672 573285 h ???????? 002 /php-myadmin/
3afb939.03 7ac81672 573285 h ???????? 003 /php-myadmin/
3afb939.70 7ac81672 573285 h ???????? 002 /phpmy-admin/
3afb939.c0 7ac81672 573285 h ???????? 00c /phpmy-admin/
3afb93a.32 7ac81672 573285 h ???????? 002 /mysqladmin/
3afb93a.83 7ac81672 573285 h ???????? 003 /mysqladmin/
3afb93a.f3 7ac81672 573285 h ???????? 003 /mysql-admin/
3afb93b.3e 7ac81672 573285 h ???????? 002 /mysql-admin/
3afb93b.af 7ac81672 573285 h ???????? 002 /admin/phpmyadmin/
3afb93c.04 7ac81672 573285 h ???????? 003 /admin/phpmyadmin/
3afb93d.72 7ac81672 573285 h ???????? 003 /admin/phpMyAdmin/
3afb93e.21 7ac81672 573285 h ???????? 002 /admin/phpMyAdmin/
3afb93e.e4 7ac81672 573285 h ???????? 002 /admin/sysadmin/
3afb93f.28 7ac81672 573285 h ???????? 002 /admin/sysadmin/
3afb93f.8d 7ac81672 573285 h ???????? 001 /admin/sqladmin/
3afb93f.d3 7ac81672 573285 h ???????? 002 /admin/sqladmin/
3afb940.36 7ac81672 573285 h ???????? 001 /admin/db/
3afb940.76 7ac81672 573285 h ???????? 001 /admin/db/
3afb941.da 7ac81672 573285 h ???????? 001 /admin/web/
3afb942.1f 7ac81672 573285 h ???????? 001 /admin/web/
3afb943.83 7ac81672 573285 h ???????? 002 /admin/pMA/
3afb943.cc 7ac81672 573285 h ???????? 001 /admin/pMA/
3afb944.2c 7ac81672 573285 h ???????? 001 /mysql/pma/
3afb944.6b 7ac81672 573285 h ???????? 001 /mysql/pma/
3afb944.cc 7ac81672 573285 h ???????? 001 /mysql/db/
3afb945.0e 7ac81672 573285 h ???????? 001 /mysql/db/
3afb945.d6 7ac81672 573285 h ???????? 007 /mysql/web/
3afb946.13 7ac81672 573285 h ???????? 001 /mysql/web/
3afb946.72 7ac81672 573285 h ???????? 002 /mysql/pMA/
3afb946.af 7ac81672 573285 h ???????? 002 /mysql/pMA/
3afb947.15 7ac81672 573285 h ???????? 002 /sql/phpmanager/
3afb947.52 7ac81672 573285 h ???????? 001 /sql/phpmanager/
3afb947.b0 7ac81672 573285 h ???????? 001 /sql/php-myadmin/
3afb948.5c 7ac81672 573285 h ???????? 002 /sql/php-myadmin/
3afb948.cb 7ac81672 573285 h ???????? 001 /sql/phpmy-admin/
3afb949.0d 7ac81672 573285 h ???????? 002 /sql/phpmy-admin/
3afb94a.73 7ac81672 573285 h ???????? 001 /sql/sql/
3afb94a.b3 7ac81672 573285 h ???????? 002 /sql/sql/
3afb94b.1c 7ac81672 573285 h ???????? 001 /sql/myadmin/
3afb94b.5a 7ac81672 573285 h ???????? 002 /sql/myadmin/
3afb94b.ba 7ac81672 573285 h ???????? 001 /sql/webadmin/
3afb94b.fa 7ac81672 573285 h ???????? 001 /sql/webadmin/
3afb94c.5b 7ac81672 573285 h ???????? 001 /sql/sqlweb/
3afb94c.9a 7ac81672 573285 h ???????? 002 /sql/sqlweb/
3afb94c.fd 7ac81672 573285 h ???????? 002 /sql/websql/
3afb94d.3d 7ac81672 573285 h ???????? 001 /sql/websql/
3afb94d.98 7ac81672 573285 h ???????? 002 /sql/webdb/
3afb94d.de 7ac81672 573285 h ???????? 001 /sql/webdb/
3afb94e.41 7ac81672 573285 h ???????? 001 /sql/sqladmin/
3afb94e.81 7ac81672 573285 h ???????? 001 /sql/sqladmin/
3afb94e.e6 7ac81672 573285 h ???????? 001 /sql/sql-admin/
3afb94f.25 7ac81672 573285 h ???????? 001 /sql/sql-admin/
3afb94f.95 7ac81672 573285 h ???????? 002 /sql/phpmyadmin2/
3afb94f.dc 7ac81672 573285 h ???????? 002 /sql/phpmyadmin2/
3afb950.43 7ac81672 573285 h ???????? 001 /sql/phpMyAdmin2/
3afb950.ec 7ac81672 573285 h ???????? 002 /sql/phpMyAdmin2/
3afb951.f8 7ac81672 573285 h ???????? 002 /sql/phpMyAdmin/
3afb952.41 7ac81672 573285 h ???????? 002 /sql/phpMyAdmin/
3afb953.a7 7ac81672 573285 h ???????? 002 /db/myadmin/
3afb953.ec 7ac81672 573285 h ???????? 002 /db/myadmin/
3afb954.54 7ac81672 573285 h ???????? 002 /db/webadmin/
3afb954.9c 7ac81672 573285 h ???????? 002 /db/webadmin/
3afb954.fe 7ac81672 573285 h ???????? 002 /db/dbweb/
3afb955.48 7ac81672 573285 h ???????? 002 /db/dbweb/
3afb955.b2 7ac81672 573285 h ???????? 002 /db/websql/
3afb955.f6 7ac81672 573285 h ???????? 002 /db/websql/
3afb956.61 7ac81672 573285 h ???????? 002 /db/webdb/
3afb956.ac 7ac81672 573285 h ???????? 002 /db/webdb/
3afb957.14 7ac81672 573285 h ???????? 002 /db/dbadmin/
3afb957.59 7ac81672 573285 h ???????? 002 /db/dbadmin/
3afb957.c6 7ac81672 573285 h ???????? 002 /db/db-admin/
3afb958.6f 7ac81672 573285 h ???????? 002 /db/db-admin/
3afb959.d7 7ac81672 573285 h ???????? 002 /db/phpmyadmin3/
3afb95a.1f 7ac81672 573285 h ???????? 002 /db/phpmyadmin3/
3afb95a.88 7ac81672 573285 h ???????? 002 /db/phpMyAdmin3/
3afb95a.cd 7ac81672 573285 h ???????? 002 /db/phpMyAdmin3/
3afb95c.37 7ac81672 573285 h ???????? 002 /db/phpMyAdmin-3/
3afb95c.80 7ac81672 573285 h ???????? 002 /db/phpMyAdmin-3/
3afb95c.ee 7ac81672 573285 h ???????? 002 /administrator/phpmyadmin/
3afb95d.99 7ac81672 573285 h ???????? 001 /administrator/phpmyadmin/
3afb95e.01 7ac81672 573285 h ???????? 003 /administrator/phpMyAdmin/
3afb95e.4d 7ac81672 573285 h ???????? 001 /administrator/phpMyAdmin/
3afb95e.b7 7ac81672 573285 h ???????? 002 /administrator/db/
3afb95e.fe 7ac81672 573285 h ???????? 001 /administrator/db/
3afb95f.66 7ac81672 573285 h ???????? 002 /administrator/web/
3afb960.10 7ac81672 573285 h ???????? 002 /administrator/web/
3afb960.7b 7ac81672 573285 h ???????? 002 /administrator/pma/
3afb960.c5 7ac81672 573285 h ???????? 002 /administrator/pma/
3afb961.2e 7ac81672 573285 h ???????? 003 /administrator/PMA/
3afb961.7d 7ac81672 573285 h ???????? 002 /administrator/PMA/
3afb961.ec 7ac81672 573285 h ???????? 002 /administrator/admin/
3afb962.36 7ac81672 573285 h ???????? 002 /administrator/admin/
3afb962.9f 7ac81672 573285 h ???????? 002 /phpMyAdmin2/
3afb962.e1 7ac81672 573285 h ???????? 001 /phpMyAdmin2/
3afb963.4d 7ac81672 573285 h ???????? 002 /phpMyAdmin3/
3afb963.98 7ac81672 573285 h ???????? 002 /phpMyAdmin3/
3afb963.fe 7ac81672 573285 h ???????? 002 /phpMyAdmin4/
3afb964.41 7ac81672 573285 h ???????? 002 /phpMyAdmin4/
3afb965.54 7ac81672 573285 h ???????? 002 /phpMyAdmin-3/
3afb965.98 7ac81672 573285 h ???????? 002 /phpMyAdmin-3/
3afb965.fb 7ac81672 573285 h ???????? 002 /php-my-admin/
3afb966.43 7ac81672 573285 h ???????? 002 /php-my-admin/
3afb967.ac 7ac81672 573285 h ???????? 002 /PMA2011/
3afb967.f2 7ac81672 573285 h ???????? 002 /PMA2011/
3afb968.5e 7ac81672 573285 h ???????? 002 /PMA2012/
3afb968.a7 7ac81672 573285 h ???????? 002 /PMA2012/
3afb969.10 7ac81672 573285 h ???????? 002 /PMA2013/
3afb969.5c 7ac81672 573285 h ???????? 002 /PMA2013/
3afb969.c6 7ac81672 573285 h ???????? 002 /PMA2014/
3afb96a.0e 7ac81672 573285 h ???????? 002 /PMA2014/
3afb96a.82 7ac81672 573285 h ???????? 002 /PMA2015/
3afb96b.9e 7ac81672 573285 h ???????? 002 /PMA2015/
3afb96c.04 7ac81672 573285 h ???????? 002 /PMA2016/
3afb96c.4a 7ac81672 573285 h ???????? 002 /PMA2016/
3afb96c.ad 7ac81672 573285 h ???????? 002 /PMA2017/
3afb96e.8b 7ac81672 573285 h ???????? 00a /PMA2017/
3afb96f.60 7ac81672 573285 h ???????? 002 /PMA2018/
3afb96f.a8 7ac81672 573285 h ???????? 002 /PMA2018/
3afb970.0d 7ac81672 573285 h ???????? 002 /pma2011/
3afb970.50 7ac81672 573285 h ???????? 002 /pma2011/
3afb970.b6 7ac81672 573285 h ???????? 002 /pma2012/
3afb970.fc 7ac81672 573285 h ???????? 002 /pma2012/
3afb971.63 7ac81672 573285 h ???????? 002 /pma2013/
3afb972.0a 7ac81672 573285 h ???????? 002 /pma2013/
3afb972.71 7ac81672 573285 h ???????? 002 /pma2014/
3afb972.b6 7ac81672 573285 h ???????? 003 /pma2014/
3afb974.1d 7ac81672 573285 h ???????? 002 /pma2015/
3afb974.63 7ac81672 573285 h ???????? 002 /pma2015/
3afb974.cc 7ac81672 573285 h ???????? 002 /pma2016/
3afb975.0f 7ac81672 573285 h ???????? 003 /pma2016/
3afb976.78 7ac81672 573285 h ???????? 002 /pma2017/
3afb976.be 7ac81672 573285 h ???????? 002 /pma2017/
3afb97a.31 7ac81672 573285 h ???????? 002 /pma2018/
3afb97a.7d 7ac81672 573285 h ???????? 002 /pma2018/
3afb97a.e5 7ac81672 573285 h ???????? 003 /phpmyadmin2011/
3afb97b.2a 7ac81672 573285 h ???????? 002 /phpmyadmin2011/
3afb97b.90 7ac81672 573285 h ???????? 002 /phpmyadmin2012/
3afb97b.d6 7ac81672 573285 h ???????? 002 /phpmyadmin2012/
3afb97c.3b 7ac81672 573285 h ???????? 00b /phpmyadmin2013/
3afb97c.84 7ac81672 573285 h ???????? 002 /phpmyadmin2013/
3afb97c.eb 7ac81672 573285 h ???????? 003 /phpmyadmin2014/
3afb97d.34 7ac81672 573285 h ???????? 003 /phpmyadmin2014/
3afb97d.9b 7ac81672 573285 h ???????? 002 /phpmyadmin2015/
3afb97d.e1 7ac81672 573285 h ???????? 002 /phpmyadmin2015/
3afb97e.b6 7ac81672 573285 h ???????? 002 /phpmyadmin2016/
3afb97e.f9 7ac81672 573285 h ???????? 002 /phpmyadmin2016/
3afb97f.5e 7ac81672 573285 h ???????? 002 /phpmyadmin2017/
3afb97f.a7 7ac81672 573285 h ???????? 003 /phpmyadmin2017/
3afb980.0d 7ac81672 573285 h ???????? 002 /phpmyadmin2018/
3afb980.54 7ac81672 573285 h ???????? 003 /phpmyadmin2018/
3afb980.c0 7ac81672 573285 h ???????? 002 /phpmanager/
3afb981.05 7ac81672 573285 h ???????? 002 /phpmanager/
3afb9f5.ec b29aab1e e4b041 h ???????? 003 /robots.txt
3afb9f9.bc b29aab1e e4b041 h ???????? 01e /
3afbd5a.bb 68ec8d9c 4865cb h ???????? 01e /
3afbe25.f7 b01f7e38 e3b0c4 h ???????? 002 /robots.txt
3afbe28.29 b01f7e38 37a81c h ???????? 029 /
3afc0fd.ef 9e457636 fdc79c h ???????? 01d /
3afc21c.73 b44c0f16 a04d28 h ???????? 01f /
3afc42c.2b 42f942c8 043937 h ???????? 004 /wiki/KigaliInternationalAirport
3afc534.00 5b794fb4 e3b0c4 h ???????? 006 /robots.txt
3afc536.30 5b794fb4 2d2838 h ???????? 01e /
3afc56e.f6 42f95cc7 70a047 h ???????? 003 //rss.rdf
3afc995.7a 25bb384c e3b0c4 h ???????? 003 /robots.txt
3afc997.b4 25bb384c 5983bc h ???????? 020 /
3afcd6c.be 284da73d 6a88e8 h ???????? 01e /
3afd5ef.0f 42f942ca 043937 h ???????? 005 /wiki/IslandsOfHumanIntelligence
3afd745.08 33ff4779 433e9c h ???????? 005 /wiki/StundenBuch
3afd7f6.a4 4e2e2319 7dfab1 h ???????? 003 //rss.jsp
3afd7f6.d4 4e2e2319 7dfab1 h ???????? 002 //rss.jsp
3afd7f9.9a 88f343ea c33482 h ???????? 01e /
3afdc51.95 42f942c8 043937 h ???????? 005 /wiki/KinderElternAkademie
3afdc54.14 42f942ca 043937 h ???????? 006 /wiki/TouchPad
3afdc55.e9 42f942c6 043937 h ???????? 004 /wiki/TelePort
3afdc57.f5 42f942c8 043937 h ???????? 002 /wiki/StuttGart
3afdc59.2a 42f942c8 043937 h ???????? 002 /wiki/KlarTraum
3afdc5b.2f 42f942c6 043937 h ???????? 002 /wiki/UmSatz
3afdc5d.20 42f942c6 043937 h ???????? 002 /wiki/HalloWelt
3afdd3e.5a b44c0f9e fa643b h ???????? 001 /robots.txt
3afdd3e.5a b44c0f93 fa643b h ???????? 005 /robots.txt
3afdd86.75 42f942c8 043937 h ???????? 002 /wiki/GermanWings
3afe004.0c 9d37275f 6a88e8 h ???????? 003 /wiki/ZigaTurk
3afe27e.4c 5e171ba6 e3b0c4 h ???????? 002 /robots.txt
3afe280.f2 5e171ba6 4556ce h ???????? 013 /
3afe37d.27 a484a13f 433e9c h ???????? 001 /edit/27536001
3afe508.2e cf2e0d88 6a88e8 s ???????? 019 /
3afe5cc.74 42f95ccb 70a047 h ???????? 002 //rss.rdf
3afe5dd.6e 42f942c8 043937 h ???????? 002 /wiki/LongBets
3afe5fd.bd 42f942c6 043937 h ???????? 002 /wiki/SchneeVersicherung
3afe606.ac 42f942c6 043937 h ???????? 002 /wiki/ErichIltgen
3afe607.ba 42f942ca 043937 h ???????? 003 /wiki/LebensVersicherung
3afe7b1.ba 42f942ca 043937 h ???????? 003 /wiki/JuSo
3afe861.6c b44c0f11 a04d28 h ???????? 002 /wiki/LockCoupon
3afeb58.66 d94585eb 399ff9 h ???????? 001 /robots.txt
3afeb5f.98 d94585ec 399ff9 h ???????? 001 /now
3afee8f.f8 d3fae986 573285 h ???????? 002 
3afee90.94 d3fae986 573285 h ???????? 001 
3aff13d.c3 3cbf264d 24f5f0 s ???????? 014 /
3aff5c1.eb 9d372706 6a88e8 s ???????? 002 /robots.txt
3aff5c5.31 9d37275f 6a88e8 s ???????? 014 /
3aff801.52 b44c0f88 a04d28 h ???????? 003 /wiki/SobTla
3aff974.bc 42f942c6 043937 h ???????? 003 /wiki/PersoenlichkeitsDiagnostik
3affe0a.ed 284da73e 6a88e8 h ???????? 002 /wiki/KevinKelly
