3c900a7.a2 42f942ca 043937 h ???????? 003 /wiki/EliteUni
3c900b3.6d 42f95cc9 70a047 h ???????? 001 //rss.rdf
3c90196.ef 33ff415b 433e9c h ???????? 003 /wiki/EdnaParker
3c901c8.84 42f942c8 043937 h ???????? 003 /wiki/HulaHula
3c90411.24 42f942ca 043937 h ???????? 003 /wiki/ComPress
3c9079a.39 42f942c6 043937 h ???????? 003 /wiki/RatsKeller
3c907b1.c1 42f942c8 043937 h ???????? 002 /wiki/GuteNacht
3c90886.96 4d4b4eab 6a9392 s ???????? 001 /robots.txt
3c9088a.02 4d4b4eab 6a9392 s ???????? 004 /wiki/EtAl
3c908d8.a7 42f942c6 043937 h ???????? 003 /wiki/WuerzBurg
3c909c7.99 42f942ca 043937 h ???????? 004 /wiki/OptimisticThoughtExperiment
3c90a08.c7 42f942ca 043937 h ???????? 003 /wiki/LuxorChess
3c90d77.68 0585b70e 7454d3 h ???????? 002 //rss.rdf
3c90d9b.7c 42f942c6 043937 h ???????? 003 /wiki/AlteMeister
3c90db6.70 42f942c8 043937 h ???????? 002 /wiki/MarktHalle
3c90f5d.b1 add4ee86 c37fd8 h ???????? 002 //robots.txt
3c90f64.e4 add4ee86 c37fd8 h ???????? 004 //wiki/%25s
3c90f7f.10 add4ee86 c37fd8 h ???????? 003 //wiki/%3C%25=session.getAttribute(
3c90f8a.6d add4ee86 c37fd8 h ???????? 003 //wiki/AnneWillSingulari%E2%80%A6
3c90f99.f9 add4ee86 c37fd8 h ???????? 002 //wiki/DresdenWiFi%E2%80%9C
3c90fa9.08 add4ee86 c37fd8 h ???????? 003 //wiki/DresdenWiFi
3c90fb1.dd add4ee86 c37fd8 h ???????? 003 //wiki/LockSchuppen.%C2%A0
3c90fbf.f4 add4ee86 c37fd8 h ???????? 003 //wiki/LockSchuppen.%C3%82%C2%A0
3c90fe3.e9 42f942ca 043937 h ???????? 003 /wiki/GelegenHeit
3c91110.1b 42f942ca 043937 h ???????? 004 /wiki/DrittMittel
3c911d9.52 42f942ca 043937 h ???????? 003 /robots.txt
3c91217.7c 42f942ca 043937 h ???????? 002 /t/robots.txt
3c9123a.f7 4e2e2319 7dfab1 h ???????? 002 //rss.jsp
3c9123b.1d 4e2e2319 7dfab1 h ???????? 001 //rss.jsp
3c91241.91 42f942c6 043937 h ???????? 003 /wiki/NiederSchwarzen
3c912cd.e3 42f942c6 043937 h ???????? 002 /Edit.jsp
3c912d3.24 9d372766 6a88e8 h ???????? 004 /wiki/TotalRecall
3c91418.30 9d372766 6a88e8 h ???????? 01e /
3c914b8.e5 b44c0f0a a04d28 h ???????? 003 /wiki/JasonCalacanis
3c9164a.3a bc285186 7dfab1 h ???????? 002 //rss.jsp
3c9164a.61 bc285186 7dfab1 h ???????? 001 //rss.jsp
3c91661.db bc285186 7dfab1 h ???????? 002 //rss.jsp
3c91662.07 bc285186 7dfab1 h ???????? 002 //rss.jsp
3c916f1.34 42f942c6 043937 h ???????? 004 /wiki/JohannTheodorWasserfuhr
3c9183a.ba bc285186 7dfab1 h ???????? 002 //rss.jsp
3c9183a.e6 bc285186 7dfab1 h ???????? 002 //rss.jsp
3c9184a.cf bc285186 7dfab1 h ???????? 003 //rss.jsp
3c9184a.f9 bc285186 7dfab1 h ???????? 002 //rss.jsp
3c918da.f0 b29aab1e e4b041 h ???????? 002 /robots.txt
3c918df.cc b29aab1e e4b041 h ???????? 01a /
3c91957.33 42f942c8 043937 h ???????? 003 /wiki/GooseBumbs
3c91a6f.99 42f942ca 043937 h ???????? 004 /wiki/BarneyPell
3c91a96.46 42f942c6 043937 h ???????? 003 /wiki/TafelBlick
3c91d72.f8 284da778 6a88e8 h ???????? 01a /
3c91df9.6c 42f942ca 043937 h ???????? 003 /wiki/ShadowAt79
3c91e0c.38 42f942c8 043937 h ???????? 003 /wiki/UniPotsdam
3c91e27.46 42f95cc7 70a047 h ???????? 009 //rss.rdf
3c9217f.18 42f942d0 043937 h ???????? 003 /wiki/FrostNixon
3c92192.6c 42f942ca 043937 h ???????? 003 /wiki/GeorgZoche
3c921b9.c6 9d3727f4 6a88e8 h ???????? 004 /wiki/TurkNumber
3c923d7.f1 42f942c8 043937 h ???????? 004 /wiki/FirstTweet
3c9245f.9e cf2e0da8 6a88e8 h ???????? 004 /wiki/ChristophDroesser
3c9246d.0b d94585e4 399ff9 h ???????? 002 /robots.txt
3c9246e.6c d94585e8 399ff9 h ???????? 019 /
3c92520.5d d94585e8 399ff9 h ???????? 01c /wiki/137001
3c9265a.8d 42f942d0 043937 h ???????? 004 /wiki/RobertLange
3c926ec.1c 4d4b4ca8 6a9392 s ???????? 002 /robots.txt
3c926ee.0e 4d4b4ca8 6a9392 s ???????? 002 /edit
3c9276d.c3 42f942ca 043937 h ???????? 004 /wiki/SchubertBau
3c928ab.f3 42f942ca 043937 h ???????? 004 /wiki/ThomasKlemm
3c92952.e0 d9b68436 433e9c h ???????? 003 /edit/30456001
3c92b14.95 42f942c6 043937 h ???????? 004 /wiki/MosheYVardi
3c92bee.9b 42f942ca 043937 h ???????? 004 /wiki/XingMessage
3c92d0f.8b 42f942c8 043937 h ???????? 004 /wiki/DdWiki
3c92d1a.ed 42f942c8 043937 h ???????? 002 /t
3c92d3b.6e 42f942c6 043937 h ???????? 004 /wiki/CraigMundie
3c930a5.d8 42f942c8 043937 h ???????? 004 /wiki/KilimaNjaro
3c93195.fc 42f942d2 043937 s ???????? 003 /blobs
3c93196.db 42f942d2 043937 s ???????? 002 /soccer
3c931c7.4b 42f942c8 043937 h ???????? 008 /wiki/NikkiFaktur
3c9329d.ef d9b6845b 433e9c h ???????? 003 /edit/25356002
3c93417.c8 42f942c8 043937 h ???????? 004 /wiki/BirgitFrech
3c93427.55 42f942c6 043937 h ???????? 004 /wiki/PonyAdapter
3c9348b.6b b97d2012 fee6c8 h ???????? 069 /index.php
3c9372b.a0 975027b4 433e9c h ???????? 003 /robots.txt
3c937c8.de 26633e5d 46461f h ???????? 026 /
3c938ae.c2 a484a110 433e9c h ???????? 003 /love/3b
3c938ce.3c 42f942c6 043937 h ???????? 004 /wiki/WeissHirsch
3c939ee.12 42f942ca 043937 h ???????? 004 /wiki/CambridgeMa
3c93a8c.b6 b29aab1e e4b041 h ???????? 026 /edit/18846001
3c93c6f.c8 42f942c6 043937 h ???????? 004 /wiki/UnTil2009Q3
3c93c70.b4 42f95cc7 70a047 h ???????? 003 //rss.rdf
3c93cb9.a1 9d372734 6a88e8 s ???????? 003 /robots.txt
3c93eb1.13 42f942c6 043937 h ???????? 005 /wiki/GraceHopper
3c93f62.31 cf2e0da8 6a88e8 s ???????? 026 /
3c94075.28 33ff4133 433e9c h ???????? 002 /edit/22266001
3c94230.d3 42f942c8 043937 h ???????? 005 /wiki/RalfTreinen
3c943fe.e1 bb6b62b7 5484ba h ???????? 005 /wiki/RainerWasserfuhr
3c944ab.63 42f942c6 043937 h ???????? 005 /wiki/CafeMueller
3c945e8.d5 42f942c6 043937 h ???????? 004 /wiki/GeorgUnland
3c94710.fd 44b4e71a aec21f s ???????? 003 /robots.txt
3c94712.08 44b4e71a aec21f s ???????? 004 /wiki/WirkLich
3c9480b.1b 42f942c8 043937 h ???????? 005 /wiki/CashFlow101
3c94885.59 d9b68434 433e9c h ???????? 002 /edit/29146010
3c949a6.45 42f942c8 043937 h ???????? 004 /wiki/KomPosition
3c94af7.19 d9b6841c 433e9c h ???????? 004 /wiki/MindShop
3c94bba.44 42f942c8 043937 h ???????? 004 /wiki/LegalForm
3c94bbb.3a 42f942c6 043937 h ???????? 004 /wiki/MittRomney
3c94bbb.84 42f942c6 043937 h ???????? 004 /wiki/BerndRadig
3c94bbc.71 42f942c8 043937 h ???????? 004 /wiki/RalfHeese
3c94bbc.e7 42f942c6 043937 h ???????? 004 /wiki/PlaceBoard
3c94bbd.b4 42f942c8 043937 h ???????? 004 /wiki/ThomasFink
3c94bc5.57 42f942c6 043937 h ???????? 004 /wiki/TwImpact
3c94bcf.92 42f942c6 043937 h ???????? 004 /wiki/ArminRoth
3c94bdf.ec 42f942c6 043937 h ???????? 004 /wiki/UnLimited
3c94bef.9e 42f942c8 043937 h ???????? 004 /wiki/AdamSmith
3c94bff.73 42f942c6 043937 h ???????? 004 /wiki/ChrisDodd
3c94c0f.4c 42f942c8 043937 h ???????? 004 /wiki/EricEvans
3c94c1f.24 42f942c8 043937 h ???????? 004 /wiki/AlanKeyes
3c94c2f.20 42f942c6 043937 h ???????? 004 /wiki/StateOwned
3c94c3f.2e 42f942c6 043937 h ???????? 004 /wiki/MScottPeck
3c94c4f.9e 42f942ca 043937 h ???????? 004 /wiki/TwiDDernAg
3c94c60.53 42f942c8 043937 h ???????? 003 /wiki/WikiNomics
3c94c73.b2 42f942c6 043937 h ???????? 005 /wiki/LearnToUse
3c94d69.53 42f942c8 043937 h ???????? 004 /wiki/JohnMcCain
3c94e53.fb 42f942d2 043937 s ???????? 005 /wiki/RwCs
3c94e7f.a2 42f942c6 043937 h ???????? 004 /wiki/EmBodiment
3c94f68.a7 42f942c6 043937 h ???????? 005 /wiki/HolgerHelas
3c94f69.e8 b44c0f1d a04d28 h ???????? 02a /
3c95186.8c 42f942ca 043937 h ???????? 005 /wiki/JohnHolland
3c951b8.07 42f942ca 043937 h ???????? 003 //robots.txt
3c951db.c7 42f942c8 043937 h ???????? 005 //wiki/AnneWillSingularity
3c9550e.03 be5e9068 ebd96b h ???????? 01f /
3c95516.ed 42f942c6 043937 h ???????? 004 /wiki/TomTancredo
3c9552f.3c 42f942c6 043937 h ???????? 005 /wiki/RaWa
3c95763.49 42f942c6 043937 h ???????? 005 /wiki/NettConsult
3c9587c.d3 9d3727cc 6a88e8 h ???????? 005 /wiki/GlaxoSmithKline
3c958e5.07 42f95ccb 70a047 h ???????? 003 //rss.rdf
3c95acc.77 97502778 433e9c h ???????? 006 /robots.txt
3c95acc.79 97502769 433e9c h ???????? 00c //robots.txt
3c95ae6.2d 42f942c6 043937 h ???????? 005 /wiki/IntelliHaus
3c95b89.ee 8ba24e87 186d9a s ???????? 01e /
3c95c18.39 42f942c8 043937 h ???????? 006 /wiki/BauchTanzAg
3c95d48.24 42f942c8 043937 h ???????? 006 /wiki/WalterPitts
3c95f0b.8a 33ff4129 433e9c h ???????? 005 /wiki/Nadia%20Zaboura
3c95f92.a8 42f942c6 043937 h ???????? 005 /wiki/DonTapscott
3c960c1.72 42f942c8 043937 h ???????? 005 /wiki/RapidRabbit
3c962f8.51 42f942c8 043937 h ???????? 005 /wiki/GeSund
3c96313.2c 33ff4108 433e9c h ???????? 005 /wiki/PageNumber
3c96325.03 42f942ca 043937 h ???????? 006 /wiki/VolkerHelas
3c963de.79 4d4b4cab 6a9392 s ???????? 003 /robots.txt
3c963e5.f8 4d4b4cab 6a9392 s ???????? 06b /ls
3c96696.c1 d9b6840f 433e9c h ???????? 003 /edit/23376002
3c96697.85 42f942ca 043937 h ???????? 005 /wiki/GudrunPeltz
3c96723.c4 44b4e71a aec21f s ???????? 003 /year
3c967ca.29 42f942c8 043937 h ???????? 005 /wiki/MatevzDolenc
3c967dd.38 b44c0f08 a04d28 h ???????? 020 /edit/1956001
3c96804.3c 50d1fc56 fee6c8 h ???????? 003 //index.php
3c9691b.fd 42f942ca 043937 h ???????? 005 /wiki/FelixNaumann
3c969ca.78 c7f9df2b cc9bbb h ???????? 023 /
3c96a1f.78 42f942c8 043937 h ???????? 005 /wiki/GuidoStepken
3c96c76.24 42f942c6 043937 h ???????? 006 /wiki/JulianJaynes
3c96da6.87 b44c0f89 a04d28 h ???????? 022 /
3c96ecf.02 42f942c6 043937 h ???????? 005 /wiki/DiplomArbeit
3c97007.3f 42f942c8 043937 h ???????? 006 /wiki/AlgenDresden
3c97134.81 42f942c8 043937 h ???????? 006 /wiki/LogoTherapie
3c9725b.9a 42f942c6 043937 h ???????? 006 /wiki/GerhardBarth
3c9750f.90 42f95ccb 70a047 h ???????? 003 //rss.rdf
3c975e0.9e 42f942c6 043937 h ???????? 006 /wiki/NarrenSchyff
3c9773c.2a 42f942c8 043937 h ???????? 005 /wiki/GottfriedWilhelmLeibniz
3c97965.fe 42f942c8 043937 h ???????? 006 /wiki/SystemModell
3c97c9d.62 42f942d2 043937 s ???????? 005 /wiki/ExtremeNormalForm
3c97cd7.38 42f942c8 043937 h ???????? 006 /wiki/JuergenKaack
3c97e09.bb 42f942c6 043937 h ???????? 005 /wiki/LotharSpaeth
3c97f40.e5 42f942ca 043937 h ???????? 005 /wiki/SamBrownback
3c98053.dd 42f942c6 043937 h ???????? 006 /wiki/SvenHerschel
3c98190.30 42f942c8 043937 h ???????? 006 /wiki/RachelCarson
3c98199.38 cf2e0d73 6a88e8 s ???????? 021 /
3c9843b.d0 42f942ca 043937 h ???????? 006 /wiki/BerndNeumann
3c9850d.26 42f942c6 043937 h ???????? 005 /wiki/MichaelMaier
3c98583.21 8ba26ab5 976046 s ???????? 021 /
3c989d9.30 42f942ca 043937 h ???????? 005 /wiki/MikeHuckabee
3c98b42.07 b44c0f87 a04d28 s ???????? 061 /hls
3c98b6f.5a 6bb7f802 ea6e3c h ???????? 004 //rss.rdf
3c98b72.b4 d5abdc98 a95ea1 h ???????? 004 //rss.rdf
3c98f83.7c 42f942ca 043937 h ???????? 006 /wiki/FredThompson
3c99154.2c a2d2c482 028fc4 h ???????? 003 /robots.txt
3c99156.03 a2d2c482 028fc4 h ???????? 02b /
3c99316.9a 3de62f60 573285 h ???????? 004 /mysql/admin/
3c99317.13 3de62f60 573285 h ???????? 003 /mysql/admin/
3c99317.e0 3de62f60 573285 h ???????? 003 /mysql/dbadmin/
3c99318.56 3de62f60 573285 h ???????? 004 /mysql/dbadmin/
3c99319.22 3de62f60 573285 h ???????? 003 /mysql/sqlmanager/
3c99319.a1 3de62f60 573285 h ???????? 004 /mysql/sqlmanager/
3c9931a.66 3de62f60 573285 h ???????? 004 /mysql/mysqlmanager/
3c9931a.dd 3de62f60 573285 h ???????? 003 /mysql/mysqlmanager/
3c9931b.a8 3de62f60 573285 h ???????? 003 /phpmyadmin/
3c9931c.29 3de62f60 573285 h ???????? 004 /phpmyadmin/
3c9931c.f6 3de62f60 573285 h ???????? 003 /phpMyadmin/
3c9931d.75 3de62f60 573285 h ???????? 003 /phpMyadmin/
3c9931e.42 3de62f60 573285 h ???????? 004 /phpMyAdmin/
3c9931e.bf 3de62f60 573285 h ???????? 003 /phpMyAdmin/
3c9931f.8b 3de62f60 573285 h ???????? 004 /phpmyAdmin/
3c99320.09 3de62f60 573285 h ???????? 003 /phpmyAdmin/
3c99320.d5 3de62f60 573285 h ???????? 003 /phpmyadmin2/
3c99321.4f 3de62f60 573285 h ???????? 007 /phpmyadmin2/
3c99322.1a 3de62f60 573285 h ???????? 004 /phpmyadmin3/
3c99322.9b 3de62f60 573285 h ???????? 004 /phpmyadmin3/
3c99323.61 3de62f60 573285 h ???????? 003 /phpmyadmin4/
3c99323.e2 3de62f60 573285 h ???????? 003 /phpmyadmin4/
3c99324.3a 42f942c6 043937 h ???????? 005 /wiki/NorbertKaiser
3c99324.b2 3de62f60 573285 h ???????? 003 /2phpmyadmin/
3c99325.34 3de62f60 573285 h ???????? 007 /2phpmyadmin/
3c99325.fc 3de62f60 573285 h ???????? 003 /phpmy/
3c99326.7b 3de62f60 573285 h ???????? 005 /phpmy/
3c99327.43 3de62f60 573285 h ???????? 003 /phppma/
3c99327.c4 3de62f60 573285 h ???????? 003 /phppma/
3c99328.92 3de62f60 573285 h ???????? 003 /myadmin/
3c99329.5b 3de62f60 573285 h ???????? 001 /myadmin/
3c9932a.59 a4843451 eb026b s ???????? 002 /bcHead
3c9932a.17 3de62f60 573285 h ???????? 105 /shopdb/
3c9932a.e5 a4843451 eb026b s ???????? 002 /bcHead
3c9932a.c8 3de62f60 573285 h ???????? 073 /shopdb/
3c9932b.9e 3de62f60 573285 h ???????? 001 /MyAdmin/
3c9932c.04 3de62f60 573285 h ???????? 001 /MyAdmin/
3c9932c.bd 3de62f60 573285 h ???????? 001 /program/
3c9932d.25 3de62f60 573285 h ???????? 002 /program/
3c9932d.db 3de62f60 573285 h ???????? 001 /PMA/
3c9932e.48 3de62f60 573285 h ???????? 001 /PMA/
3c9932f.03 3de62f60 573285 h ???????? 001 /dbadmin/
3c9932f.67 3de62f60 573285 h ???????? 002 /dbadmin/
3c99330.1b 3de62f60 573285 h ???????? 001 /pma/
3c99330.86 3de62f60 573285 h ???????? 001 /pma/
3c99331.39 3de62f60 573285 h ???????? 001 /db/
3c99331.a8 3de62f60 573285 h ???????? 001 /db/
3c99332.61 3de62f60 573285 h ???????? 007 /admin/
3c99332.c7 3de62f60 573285 h ???????? 001 /admin/
3c99333.83 3de62f60 573285 h ???????? 002 /mysql/
3c99333.f4 3de62f60 573285 h ???????? 002 /mysql/
3c99334.a5 3de62f60 573285 h ???????? 002 /database/
3c99335.0c 3de62f60 573285 h ???????? 001 /database/
3c99335.c3 3de62f60 573285 h ???????? 001 /db/phpmyadmin/
3c99336.33 3de62f60 573285 h ???????? 001 /db/phpmyadmin/
3c99336.e5 3de62f60 573285 h ???????? 001 /db/phpMyAdmin/
3c99337.55 3de62f60 573285 h ???????? 001 /db/phpMyAdmin/
3c99338.07 3de62f60 573285 h ???????? 002 /sqlmanager/
3c99338.6e 3de62f60 573285 h ???????? 002 /sqlmanager/
3c99339.2d 3de62f60 573285 h ???????? 001 /mysqlmanager/
3c99339.98 3de62f60 573285 h ???????? 001 /mysqlmanager/
3c9933a.59 3de62f60 573285 h ???????? 001 /php-myadmin/
3c9933a.cb 3de62f60 573285 h ???????? 001 /php-myadmin/
3c9933b.80 3de62f60 573285 h ???????? 001 /phpmy-admin/
3c9933b.e6 3de62f60 573285 h ???????? 001 /phpmy-admin/
3c9933c.a2 3de62f60 573285 h ???????? 001 /mysqladmin/
3c9933d.0d 3de62f60 573285 h ???????? 005 /mysqladmin/
3c9933d.cc 3de62f60 573285 h ???????? 001 /mysql-admin/
3c9933e.36 3de62f60 573285 h ???????? 001 /mysql-admin/
3c9933e.ef 3de62f60 573285 h ???????? 007 /admin/phpmyadmin/
3c9933f.64 3de62f60 573285 h ???????? 002 /admin/phpmyadmin/
3c99340.22 3de62f60 573285 h ???????? 001 /admin/phpMyAdmin/
3c99340.8f 3de62f60 573285 h ???????? 001 /admin/phpMyAdmin/
3c99341.41 3de62f60 573285 h ???????? 001 /admin/sysadmin/
3c99341.a9 3de62f60 573285 h ???????? 002 /admin/sysadmin/
3c99342.64 3de62f60 573285 h ???????? 001 /admin/sqladmin/
3c99342.cf 3de62f60 573285 h ???????? 001 /admin/sqladmin/
3c99343.8d 3de62f60 573285 h ???????? 002 /admin/db/
3c99343.f8 3de62f60 573285 h ???????? 002 /admin/db/
3c99344.b3 3de62f60 573285 h ???????? 002 /admin/web/
3c99345.1a 3de62f60 573285 h ???????? 001 /admin/web/
3c99345.db 3de62f60 573285 h ???????? 001 /admin/pMA/
3c99346.4c 3de62f60 573285 h ???????? 007 /admin/pMA/
3c99347.01 3de62f60 573285 h ???????? 004 /mysql/pma/
3c99347.6c 3de62f60 573285 h ???????? 002 /mysql/pma/
3c99348.2b 3de62f60 573285 h ???????? 002 /mysql/db/
3c99348.9f 3de62f60 573285 h ???????? 002 /mysql/db/
3c99349.58 3de62f60 573285 h ???????? 002 /mysql/web/
3c99349.c8 3de62f60 573285 h ???????? 001 /mysql/web/
3c9934a.83 3de62f60 573285 h ???????? 002 /mysql/pMA/
3c9934a.ec 3de62f60 573285 h ???????? 001 /mysql/pMA/
3c9934b.ad 3de62f60 573285 h ???????? 001 /sql/phpmanager/
3c9934c.18 3de62f60 573285 h ???????? 001 /sql/phpmanager/
3c9934c.d0 3de62f60 573285 h ???????? 001 /sql/php-myadmin/
3c9934d.3b 3de62f60 573285 h ???????? 002 /sql/php-myadmin/
3c9934d.f5 3de62f60 573285 h ???????? 002 /sql/phpmy-admin/
3c9934e.67 3de62f60 573285 h ???????? 002 /sql/phpmy-admin/
3c9934f.1d 3de62f60 573285 h ???????? 001 /sql/sql/
3c9934f.8f 3de62f60 573285 h ???????? 002 /sql/sql/
3c99350.4c 3de62f60 573285 h ???????? 002 /sql/myadmin/
3c99350.be 3de62f60 573285 h ???????? 002 /sql/myadmin/
3c99351.78 3de62f60 573285 h ???????? 002 /sql/webadmin/
3c99351.e3 3de62f60 573285 h ???????? 002 /sql/webadmin/
3c99352.9d 3de62f60 573285 h ???????? 002 /sql/sqlweb/
3c99353.08 3de62f60 573285 h ???????? 002 /sql/sqlweb/
3c99353.bc 3de62f60 573285 h ???????? 001 /sql/websql/
3c99354.24 3de62f60 573285 h ???????? 001 /sql/websql/
3c99354.e1 3de62f60 573285 h ???????? 002 /sql/webdb/
3c99355.4d 3de62f60 573285 h ???????? 002 /sql/webdb/
3c99356.05 3de62f60 573285 h ???????? 002 /sql/sqladmin/
3c99356.7b 3de62f60 573285 h ???????? 006 /sql/sqladmin/
3c99357.32 3de62f60 573285 h ???????? 002 /sql/sql-admin/
3c99357.a2 3de62f60 573285 h ???????? 002 /sql/sql-admin/
3c99358.5c 3de62f60 573285 h ???????? 002 /sql/phpmyadmin2/
3c99358.cf 3de62f60 573285 h ???????? 001 /sql/phpmyadmin2/
3c99359.86 3de62f60 573285 h ???????? 002 /sql/phpMyAdmin2/
3c99359.f4 3de62f60 573285 h ???????? 002 /sql/phpMyAdmin2/
3c9935a.ab 3de62f60 573285 h ???????? 002 /sql/phpMyAdmin/
3c9935b.19 3de62f60 573285 h ???????? 002 /sql/phpMyAdmin/
3c9935b.d6 3de62f60 573285 h ???????? 002 /db/myadmin/
3c9935c.45 3de62f60 573285 h ???????? 002 /db/myadmin/
3c9935c.fd 3de62f60 573285 h ???????? 001 /db/webadmin/
3c9935d.77 3de62f60 573285 h ???????? 001 /db/webadmin/
3c9935e.37 3de62f60 573285 h ???????? 002 /db/dbweb/
3c9935e.a5 3de62f60 573285 h ???????? 002 /db/dbweb/
3c9935f.5f 3de62f60 573285 h ???????? 002 /db/websql/
3c9935f.da 3de62f60 573285 h ???????? 004 /db/websql/
3c99360.9b 3de62f60 573285 h ???????? 002 /db/webdb/
3c99361.15 3de62f60 573285 h ???????? 002 /db/webdb/
3c99361.d4 3de62f60 573285 h ???????? 003 /db/dbadmin/
3c99362.46 3de62f60 573285 h ???????? 002 /db/dbadmin/
3c99362.ff 3de62f60 573285 h ???????? 002 /db/db-admin/
3c99363.6f 3de62f60 573285 h ???????? 002 /db/db-admin/
3c99364.2e 3de62f60 573285 h ???????? 002 /db/phpmyadmin3/
3c99364.9e 3de62f60 573285 h ???????? 002 /db/phpmyadmin3/
3c99365.56 3de62f60 573285 h ???????? 002 /db/phpMyAdmin3/
3c99365.cb 3de62f60 573285 h ???????? 001 /db/phpMyAdmin3/
3c99366.93 3de62f60 573285 h ???????? 002 /db/phpMyAdmin-3/
3c99367.03 3de62f60 573285 h ???????? 002 /db/phpMyAdmin-3/
3c99367.c6 3de62f60 573285 h ???????? 002 /administrator/phpmyadmin/
3c99368.35 3de62f60 573285 h ???????? 002 /administrator/phpmyadmin/
3c99368.f0 3de62f60 573285 h ???????? 002 /administrator/phpMyAdmin/
3c99369.66 3de62f60 573285 h ???????? 003 /administrator/phpMyAdmin/
3c9936a.28 3de62f60 573285 h ???????? 002 /administrator/db/
3c9936a.9c 3de62f60 573285 h ???????? 003 /administrator/db/
3c9936b.63 3de62f60 573285 h ???????? 002 /administrator/web/
3c9936b.d9 3de62f60 573285 h ???????? 002 /administrator/web/
3c9936c.a0 3de62f60 573285 h ???????? 002 /administrator/pma/
3c9936d.1d 3de62f60 573285 h ???????? 002 /administrator/pma/
3c9936d.d6 3de62f60 573285 h ???????? 002 /administrator/PMA/
3c9936e.47 3de62f60 573285 h ???????? 002 /administrator/PMA/
3c9936f.0e 3de62f60 573285 h ???????? 003 /administrator/admin/
3c9936f.81 3de62f60 573285 h ???????? 002 /administrator/admin/
3c99370.4a 3de62f60 573285 h ???????? 002 /phpMyAdmin2/
3c99370.bc 3de62f60 573285 h ???????? 002 /phpMyAdmin2/
3c99371.87 3de62f60 573285 h ???????? 002 /phpMyAdmin3/
3c99371.f9 3de62f60 573285 h ???????? 00b /phpMyAdmin3/
3c99372.b4 3de62f60 573285 h ???????? 002 /phpMyAdmin4/
3c99373.29 3de62f60 573285 h ???????? 002 /phpMyAdmin4/
3c99373.ec 3de62f60 573285 h ???????? 003 /phpMyAdmin-3/
3c99374.62 3de62f60 573285 h ???????? 002 /phpMyAdmin-3/
3c99375.2d 3de62f60 573285 h ???????? 002 /php-my-admin/
3c99375.a8 3de62f60 573285 h ???????? 002 /php-my-admin/
3c99376.6a 3de62f60 573285 h ???????? 002 /PMA2011/
3c99376.e2 3de62f60 573285 h ???????? 002 /PMA2011/
3c99377.ab 3de62f60 573285 h ???????? 002 /PMA2012/
3c99378.1f 3de62f60 573285 h ???????? 002 /PMA2012/
3c99378.de 3de62f60 573285 h ???????? 002 /PMA2013/
3c99379.58 3de62f60 573285 h ???????? 003 /PMA2013/
3c9937a.23 3de62f60 573285 h ???????? 00b /PMA2014/
3c9937a.9e 3de62f60 573285 h ???????? 002 /PMA2014/
3c9937b.5a 3de62f60 573285 h ???????? 002 /PMA2015/
3c9937b.cb 3de62f60 573285 h ???????? 003 /PMA2015/
3c9937c.8b 3de62f60 573285 h ???????? 003 /PMA2016/
3c9937d.05 3de62f60 573285 h ???????? 002 /PMA2016/
3c9937d.cd 3de62f60 573285 h ???????? 002 /PMA2017/
3c9937e.46 3de62f60 573285 h ???????? 003 /PMA2017/
3c9937f.0b 3de62f60 573285 h ???????? 002 /PMA2018/
3c9937f.80 3de62f60 573285 h ???????? 002 /PMA2018/
3c99380.42 3de62f60 573285 h ???????? 002 /pma2011/
3c99380.b8 3de62f60 573285 h ???????? 002 /pma2011/
3c99381.78 3de62f60 573285 h ???????? 003 /pma2012/
3c99381.f0 3de62f60 573285 h ???????? 00b /pma2012/
3c99382.b9 3de62f60 573285 h ???????? 002 /pma2013/
3c99383.30 3de62f60 573285 h ???????? 002 /pma2013/
3c99383.f1 3de62f60 573285 h ???????? 003 /pma2014/
3c99384.69 3de62f60 573285 h ???????? 002 /pma2014/
3c99385.2d 3de62f60 573285 h ???????? 002 /pma2015/
3c99385.a6 3de62f60 573285 h ???????? 002 /pma2015/
3c99386.6e 3de62f60 573285 h ???????? 003 /pma2016/
3c99386.e7 3de62f60 573285 h ???????? 002 /pma2016/
3c99387.b2 3de62f60 573285 h ???????? 003 /pma2017/
3c99388.2d 3de62f60 573285 h ???????? 002 /pma2017/
3c99388.f0 3de62f60 573285 h ???????? 006 /pma2018/
3c99389.6c 3de62f60 573285 h ???????? 003 /pma2018/
3c9938a.36 3de62f60 573285 h ???????? 00c /phpmyadmin2011/
3c9938a.b3 3de62f60 573285 h ???????? 003 /phpmyadmin2011/
3c9938b.78 3de62f60 573285 h ???????? 002 /phpmyadmin2012/
3c9938b.f2 3de62f60 573285 h ???????? 002 /phpmyadmin2012/
3c9938c.be 3de62f60 573285 h ???????? 002 /phpmyadmin2013/
3c9938d.3b 3de62f60 573285 h ???????? 002 /phpmyadmin2013/
3c9938d.fd 3de62f60 573285 h ???????? 002 /phpmyadmin2014/
3c9938e.75 3de62f60 573285 h ???????? 002 /phpmyadmin2014/
3c9938f.38 3de62f60 573285 h ???????? 002 /phpmyadmin2015/
3c9938f.b6 3de62f60 573285 h ???????? 002 /phpmyadmin2015/
3c99390.71 3de62f60 573285 h ???????? 003 /phpmyadmin2016/
3c99390.e3 3de62f60 573285 h ???????? 003 /phpmyadmin2016/
3c99391.a5 3de62f60 573285 h ???????? 002 /phpmyadmin2017/
3c99392.17 3de62f60 573285 h ???????? 003 /phpmyadmin2017/
3c99392.dd 3de62f60 573285 h ???????? 002 /phpmyadmin2018/
3c99393.52 3de62f60 573285 h ???????? 002 /phpmyadmin2018/
3c99394.0f 3de62f60 573285 h ???????? 002 /phpmanager/
3c99394.89 3de62f60 573285 h ???????? 002 /phpmanager/
3c99551.a9 42f95ccb 70a047 h ???????? 003 //rss.rdf
3c996a8.1c 42f942ca 043937 h ???????? 005 /wiki/StuartRussell
3c99738.16 284da780 6a88e8 h ???????? 01e /
3c99a35.ec 42f942c8 043937 h ???????? 005 /wiki/PeterStrawson
3c99b7a.43 44b4e71a aec21f s ???????? 005 /wiki/MaNa
3c99c68.eb 42f942c8 043937 h ???????? 005 /wiki/MarcoDziallas
3c99ed8.c7 42f942ca 043937 h ???????? 005 /wiki/JensNebendahl
3c9a375.c7 cd8b8d36 209ef4 h ???????? 003 //rss.rdf
3c9a388.c3 42f942c8 043937 h ???????? 004 /wiki/DennisMeadows
3c9a467.be 6b96273b ffd63a h ???????? 004 //wp-login.php
3c9a4a7.ae 6b96273b ffd63a h ???????? 003 //robots.txt
3c9a4c3.e9 42f942c6 043937 h ???????? 005 /wiki/RolandBarthes
3c9a5e8.3a 42f942c8 043937 h ???????? 005 /wiki/JoergLonthoff
3c9a838.9c 44b4e56f aec21f h ???????? 003 //robots.txt
3c9a839.ac 44b4e71a aec21f h ???????? 002 /robots.txt
3c9a83a.2e 44b4e71a aec21f h ???????? 004 /wiki/MindPost
3c9a94c.db 42f942c6 043937 h ???????? 006 /wiki/LaaLaa
3c9a96e.b3 42f942c6 043937 h ???????? 005 /wiki/MichelFoucault
3c9aed6.74 4113a782 fee6c8 h ???????? 07c /index.php
3c9aee0.d3 284da71c 6a88e8 s ???????? 01e /
3c9af54.67 d9458545 399ff9 h ???????? 003 /robots.txt
3c9af5b.3f d9458545 399ff9 h ???????? 01e /wiki/118001
3c9b056.7b 42f942c8 043937 h ???????? 005 /wiki/BillRichardson
3c9b184.bd 42f95cc7 70a047 h ???????? 003 //rss.rdf
3c9b19e.20 42f942ca 043937 h ???????? 005 /wiki/FormerMindOnes
3c9b402.9b 42f942c6 043937 h ???????? 005 /wiki/HillaryClinton
3c9b4f0.79 44b4e71a aec21f h ???????? 005 /wiki/IsA
3c9b51a.d8 42f942c6 043937 h ???????? 008 /wiki/DennisKucinich
3c9b77b.c7 42f942ca 043937 h ???????? 005 /wiki/SebastianBrant
3c9b814.63 44b4e71a aec21f h ???????? 003 /AlphaCat
3c9b891.0c 44b4e536 aec21f h ???????? 003 /t/robots.txt
3c9b897.fc 44b4e71a aec21f h ???????? 003 /t
3c9b8d8.5a b96e84ef 323110 h ???????? 027 /
3c9b9f5.9f 42f942c6 043937 h ???????? 005 /wiki/ThomasLandauer
3c9bb00.4e 42f942c8 043937 h ???????? 005 /wiki/MarkusHofmann2
3c9bb2b.55 42f942ca 043937 h ???????? 004 /wiki/WebApp
3c9bc0e.ed a484a29e 433e9c h ???????? 004 /edit/23746002
3c9bd6d.c1 42f942c8 043937 h ???????? 005 /wiki/RobertKowalski
3c9bec1.4e 42f942c8 043937 h ???????? 002 /wiki/OnIntelligence
3c9bed1.99 cf2e0d73 6a88e8 s ???????? 012 /
3c9bfad.00 42f942c6 043937 h ???????? 003 /wiki/RechnenderRaum
3c9c201.90 42f942c8 043937 h ???????? 002 /wiki/VladislavCapek
3c9c593.ac 42f942c8 043937 h ???????? 003 /wiki/DanielPSheehan
3c9c593.af 42f942c6 043937 h ???????? 001 /robots.txt
3c9c6ae.f2 42f942c8 043937 h ???????? 002 /wiki/DonellaMeadows
3c9c6c1.17 42f942c8 043937 h ???????? 002 /wiki/BerndCzorny
3c9c7e1.f4 42f942c8 043937 h ???????? 003 /wiki/SandraBlakeslee
3c9c90c.21 42f942c8 043937 h ???????? 003 /wiki/FrancisFukuyama
3c9c921.55 b29aab1e e4b041 h ???????? 002 /robots.txt
3c9c925.2c b29aab1e e4b041 h ???????? 012 /
3c9c928.2c 42f942c6 043937 h ???????? 001 /wiki/UnTil2009Q4
3c9c9a1.08 b29aab1e e4b041 h ???????? 016 /
3c9ca07.de d9b68404 433e9c h ???????? 001 /earth
3c9ca36.ab 42f942c6 043937 h ???????? 003 /wiki/UnTil2010Q1
3c9cc6e.21 42f942ca 043937 h ???????? 002 /wiki/RiceStadium
3c9cc7f.c8 42f942c6 043937 h ???????? 003 /wiki/UnTil2007Q2
3c9cd46.2c a4845b03 4eff47 h ???????? 013 /
3c9cd58.cc 42f942d0 043937 s ???????? 04b /ls
3c9ceb0.85 42f942d4 043937 s ???????? 002 /wiki/ArTelligence
3c9cfd4.b5 42f942d4 043937 s ???????? 002 /wiki/GoogleAi
3c9d015.6d 42f942c6 043937 h ???????? 002 /wiki/DepecheMode
3c9d0ff.59 42f942d0 043937 s ???????? 003 /wiki/GeorgeDyson
3c9d101.08 42f942d2 043937 s ???????? 002 /wiki/BlogoScoped
3c9d154.32 5b42f3d0 9583ed h ???????? 012 /
3c9d22d.ed 42f942d2 043937 s ???????? 002 /wiki/FreemanDyson
3c9d25a.09 42f942ca 043937 h ???????? 003 /wiki/CafeCentral
3c9d2b7.ad 42f95ccb 70a047 h ???????? 006 //rss.rdf
3c9d350.e6 42f942d2 043937 s ???????? 003 /wiki/MindTags
3c9d36f.99 42f942c6 043937 h ???????? 013 /
3c9d394.b9 42f942c6 043937 h ???????? 002 /wiki/GleisZwoelf
3c9d485.65 42f942d0 043937 s ???????? 003 /wiki/EdelMind
3c9d487.12 42f942d0 043937 s ???????? 002 /wiki/KunstWort
3c9d487.da 42f942d2 043937 s ???????? 002 /wiki/AdJektiv
3c9d48a.3f 42f942d0 043937 s ???????? 003 /wiki/WhiteSpace
3c9d48a.ad 42f942d2 043937 s ???????? 003 /wiki/MindRace
3c9d48d.26 42f942d0 043937 s ???????? 003 /wiki/MindShip
3c9d490.a3 42f942d0 043937 s ???????? 003 /wiki/RegierungsSprecher
3c9d5a7.70 42f942d2 043937 s ???????? 003 /wiki/BauStein
3c9d5ac.13 42f942d0 043937 s ???????? 002 /wiki/NewsLetterDe
3c9d5ae.23 42f942d2 043937 s ???????? 002 /wiki/MindReigen
3c9d5ae.a1 42f942d2 043937 s ???????? 002 /wiki/EdelBild
3c9d5de.f2 9b5e583a 66e770 h ???????? 019 /
3c9d639.52 c3167fe3 a397c6 h ???????? 002 /wiki/nettokom
3c9d6cf.7c 42f942d4 043937 s ???????? 002 /wiki/SprechStunde
3c9d71d.36 42f942d4 043937 s ???????? 003 /wiki/DisClaimer
3c9d734.2b 42f942c8 043937 h ???????? 002 /wiki/StadtMuseum
3c9d85f.7d cf2e0d73 6a88e8 h ???????? 003 /wiki/VerFassung
3c9d869.b3 b44c0f96 a04d28 h ???????? 002 /wiki/%3Ca%20class=%22blue%22%20href=%22/wiki/NooMic%22%3ENooMic%3C/a%3E
3c9d86a.a2 b44c0f8a fa643b h ???????? 001 /robots.txt
3c9d876.d9 9d3727df 6a88e8 h ???????? 015 /
3c9d96e.55 42f942c6 043937 h ???????? 003 /wiki/UnsereSorge
3c9d9a1.1c 42f942c8 043937 h ???????? 002 /robots.txt
3c9dbd5.68 42f942ca 043937 h ???????? 003 /wiki/MichaelFunk
3c9dbda.a3 42f942c8 043937 h ???????? 002 /wiki/IHaveADream
3c9dc2e.6e 42f942c6 043937 h ???????? 003 /wiki/JoinNow
3c9dd0e.10 42f942c6 043937 h ???????? 003 /wiki/KalkScheune
3c9de3e.5e 284da780 6a88e8 h ???????? 015 /
3c9ded1.5a 284da780 6a88e8 h ???????? 003 /wiki/PenguiCon
3c9df33.1f 42f942c8 043937 h ???????? 003 /wiki/NeuJahr
3c9e1ad.19 b44c0f20 a04d28 h ???????? 002 /AlphaLabs
3c9e2d0.fd 42f942ca 043937 h ???????? 003 /wiki/LingerAllee
3c9e2d7.1b 42f942c6 043937 h ???????? 003 /wiki/HughLoebner
3c9e551.ea b96b51e9 cc9bbb h ???????? 015 /
3c9e63e.cd 42f942ca 043937 h ???????? 003 /wiki/GeldAutomat
3c9e642.3c 42f942c6 043937 h ???????? 002 /wiki/UnTil2010Q2
3c9e6a0.fc 42f94290 043937 h ???????? 002 /robots.txt
3c9e6a1.4a 42f94294 043937 h ???????? 002 /rpcrkfoaavibnnh.html
3c9e6bc.39 3417eef2 1c589e h ???????? 007 /robots.txt
3c9e6bc.ae 3417eef2 1c589e h ???????? 015 /
3c9e7e4.95 44b4e71a aec21f s ???????? 002 /robots.txt
3c9e7e5.af 44b4e71a aec21f s ???????? 003 /wiki/VorStell
3c9e9eb.4c a4845b03 070045 s ???????? 016 /
3c9eaa2.32 4113a783 fee6c8 h ???????? 002 //index.php
3c9ecf7.07 a2d2c461 028fc4 h ???????? 001 //robots.txt
3c9ecfb.70 a2d2c461 028fc4 h ???????? 016 /
3c9efa8.8f a484a14f 433e9c h ???????? 002 /edit/29186006
3c9f0c5.5c 42f942c8 043937 h ???????? 003 /wiki/InVent
3c9f444.05 42f942c6 043937 h ???????? 003 /wiki/FussMassage
3c9f459.a4 a484a147 433e9c h ???????? 002 /edit/24936001
3c9f5fe.fd a484a133 433e9c h ???????? 002 /edit/29986005
3c9f672.bf 42f95cc9 70a047 h ???????? 002 //rss.rdf
3c9fe00.40 44b4e71a aec21f s ???????? 003 /wiki/TiBr
