3c20079.81 33ff412d 433e9c h ???????? 002 /edit/22176001
3c2055a.ae 42f94052 043937 s ???????? 002 /robots.txt
3c2055a.e6 42f94052 043937 s ???????? 001 /edit
3c20733.59 42f9404a 043937 h ???????? 004 /wiki/SmForSounders
3c20829.44 59ea9dfe fee6c8 h ???????? 044 /index.php
3c20879.79 42f94046 043937 h ???????? 002 /wiki/LiquidFeedback
3c20a51.64 42f9404a 043937 h ???????? 003 /wiki/CafeDuesenberg
3c20cde.2e 9d372790 6a88e8 s ???????? 002 /robots.txt
3c20cde.fc 9d372790 6a88e8 s ???????? 002 /robots.txt
3c20ebd.cc 284da787 6a88e8 h ???????? 004 /wiki/MooresLaw
3c20f14.92 42f9404a 043937 h ???????? 003 /wiki/DesignThinking
3c20f8d.f9 42f94046 043937 h ???????? 002 /wiki/FourSquare
3c20faa.82 42f94046 043937 h ???????? 002 /wiki/KartoffelSuppe
3c211d8.b7 42f95987 70a047 h ???????? 003 //rss.rdf
3c2125c.9f 42f94046 043937 h ???????? 003 /wiki/OpenEnterprise
3c21366.aa 42f9404a 043937 h ???????? 002 /see/e99fd24c01b16a724cf3e42268e84ff2
3c21380.2c 284da787 6a88e8 h ???????? 003 /wiki/StudiVz
3c2148c.55 cf2e0d7d 6a88e8 h ???????? 01e /
3c21565.76 b44c0f88 a04d28 s ???????? 003 /wiki/GoogleWave
3c21658.84 d9b68454 433e9c h ???????? 017 /edit/1996001
3c2189f.b0 42f9404a 043937 h ???????? 003 /wiki/SecondInterest
3c219d8.bd b96e84ef 323110 h ???????? 018 /
3c21a83.c4 42f9404a 043937 h ???????? 003 /wiki/MatthiasRietman
3c21ad2.bd 9d3727e1 6a88e8 h ???????? 005 /wiki/WikiMind
3c21cb1.9a 42f94048 043937 h ???????? 003 /wiki/GlaesernUnternehmen
3c22883.d0 5e821711 11a3de h ???????? 004 /wiki/RainerWasserfuhr
3c22b57.58 cf2e0d69 6a88e8 h ???????? 004 /wiki/InterWiki
3c22d81.cc 42f94046 043937 h ???????? 004 /wiki/LiquidDemocracy
3c22ea9.15 42f94048 043937 h ???????? 004 /wiki/LockPresentation
3c22f14.c2 42f95987 70a047 h ???????? 008 //rss.rdf
3c22f2a.03 42f94048 043937 h ???????? 003 /wiki/ExistenzGruender
3c22fc8.2c 42f9404a 043937 h ???????? 003 /wiki/WikiWallTagCloud
3c2315a.17 42f94046 043937 h ???????? 003 /wiki/TooMuchIsTooMuch
3c2316b.50 42f94046 043937 h ???????? 003 /wiki/ThomasVonDerElbe
3c23220.65 42f94048 043937 h ???????? 004 /wiki/DigitalEquipment
3c232b1.96 592106c6 c1d740 h ???????? 002 //rss.rdf
3c232b8.36 42f9404a 043937 h ???????? 003 /wiki/RobertWartenberg
3c23347.65 42f94046 043937 h ???????? 004 /wiki/ErichVonDaeniken
3c233ca.4b 42f9404a 043937 h ???????? 003 /wiki/FriedemannHoeller
3c233d7.49 42f94048 043937 h ???????? 003 /wiki/DresdnerPolitiker
3c2341e.b0 33ff476e 433e9c h ???????? 002 /edit/21596001
3c23459.bb 42f94048 043937 h ???????? 004 /wiki/RelevanzKriterien
3c23555.05 42f94048 043937 h ???????? 004 /wiki/LongTermEvolution
3c23616.f8 42f94046 043937 h ???????? 003 /wiki/NieMals
3c23623.e8 42f94046 043937 h ???????? 003 /wiki/InternetParlament
3c2363d.40 42f94048 043937 h ???????? 004 /wiki/GemeinsamArbeiten
3c236ab.99 42f94046 043937 h ???????? 004 /wiki/InnovationWorkshop
3c2372a.b8 42f9404a 043937 h ???????? 003 /wiki/CordulaSchoellhorn
3c23782.74 42f94046 043937 h ???????? 003 /wiki/ChristianWeilmeier
3c237a8.b3 42f9404a 043937 h ???????? 003 /wiki/BueroFetscherplatz
3c23c2c.00 2e6964b7 e3b0c4 h ???????? 002 /robots.txt
3c23c2e.36 2e6964b7 9e065f h ???????? 01a /
3c23ca7.76 8e04d774 e3b0c4 h ???????? 002 /robots.txt
3c23ca9.fb 8e04d774 d9ec50 h ???????? 025 /
3c23e92.d8 b44c0f9b a04d28 s ???????? 018 /edit/12685001
3c23ebb.48 9e457636 fdc79c h ???????? 018 /
3c2450a.ba 9d372716 6a88e8 h ???????? 009 /robots.txt
3c24662.5a b44c0f1c a04d28 h ???????? 022 /
3c24903.e9 25bb81a6 fee6c8 h ???????? 003 //index.php
3c24917.6e 9d372739 6a88e8 h ???????? 002 //robots.txt
3c24c35.47 42f95989 70a047 h ???????? 003 //rss.rdf
3c2540d.04 5e821711 66f1da h ???????? 00b /wiki/RainerWasserfuhr
3c2540d.3e 5e821711 66f1da h ???????? 019 /
3c2540d.73 5e821711 66f1da h ???????? 004 /wiki/
3c254ac.cf bad8ce9d 2ad4f9 h ???????? 01a /
3c25a35.23 d9b68415 433e9c h ???????? 003 /edit/25316001
3c25c15.9d c05f1d74 e3b0c4 h ???????? 009 /robots.txt
3c25c18.1f c05f1d74 4c528d h ???????? 019 /
3c25c51.76 d9b68436 433e9c h ???????? 003 /edit/27146001
3c26459.b9 42f94619 043937 s ???????? 003 /robots.txt
3c2668b.a8 42f94052 043937 s ???????? 004 /wiki/...
3c2689b.6b 42f95987 70a047 h ???????? 003 //rss.rdf
