3e6018c.cd bc285186 7dfab1 h ???????? 003 //rss.jsp
3e6018d.09 bc285186 7dfab1 h ???????? 003 //rss.jsp
3e601a2.a0 bc285186 7dfab1 h ???????? 003 //rss.jsp
3e601a2.e1 bc285186 7dfab1 h ???????? 003 //rss.jsp
3e601a8.7c 42f95c17 70a047 h ???????? 003 //rss.rdf
3e601b8.d4 42f94217 043937 h ???????? 006 /wiki/ZauberKiste
3e601ff.9a 42f94218 043937 h ???????? 011 /
3e603da.60 bc285186 7dfab1 h ???????? 002 //rss.jsp
3e603da.85 bc285186 7dfab1 h ???????? 002 //rss.jsp
3e603ea.5c bc285186 7dfab1 h ???????? 001 //rss.jsp
3e603ea.7f bc285186 7dfab1 h ???????? 001 //rss.jsp
3e60535.ed 42f94218 043937 h ???????? 003 /wiki/TeamMastery
3e60550.b1 d9b68452 433e9c h ???????? 01c /edit/19706001
3e60601.d2 b44c0f18 fa643b h ???????? 001 /robots.txt
3e60601.d4 b44c0f05 fa643b h ???????? 003 /robots.txt
3e60601.d4 b44c0f22 fa643b h ???????? 001 /robots.txt
3e60807.b4 9d3727aa 6a88e8 s ???????? 013 /
3e608aa.50 42f94217 043937 h ???????? 002 /wiki/BingoBurgen
3e608c8.c4 3ed6bf41 a829a5 s ???????? 012 /
3e609fb.53 33ff4144 433e9c h ???????? 001 /edit/24286002
3e60dcf.28 33ff414f 433e9c h ???????? 002 /edit/30856001
3e60ebc.fe 42f94218 043937 h ???????? 003 /wiki/HolgerWache
3e61204.07 b44c0f07 a04d28 h ???????? 002 /wiki/LockCoupon
3e6122c.46 42f94218 043937 h ???????? 002 /wiki/VoiceInterConnect
3e6130f.52 42f94217 043937 h ???????? 002 /wiki/MarioSixtus
3e61445.a3 42f94216 043937 h ???????? 003 /wiki/GedankenSpiel
3e61762.3f 894aa760 cc9bbb h ???????? 015 /
3e619fc.91 284da781 6a88e8 h ???????? 002 /wiki/LandHessen
3e61ae7.16 b44c0f9b a04d28 h ???????? 001 /edit/3506001
3e61cd0.e9 d9b6843c 433e9c h ???????? 001 /edit/21796002
3e61e8e.d8 d9b6844c 433e9c h ???????? 002 /wiki/GustavMahler
3e62027.7a 284da751 6a88e8 h ???????? 015 /
3e6207d.42 42f95c18 70a047 h ???????? 001 //rss.rdf
3e621de.6f 68839370 a8c6c1 h ???????? 014 /
3e626b0.dd 340658d8 e2dc7f h ???????? 001 //rss.rdf
3e6270e.a3 42f94216 043937 h ???????? 00a /wiki/NoraBalling
3e6271f.4a 42f94217 043937 h ???????? 002 //robots.txt
3e6274f.24 bc286647 7dfab1 h ???????? 002 //rss.jsp
3e6274f.48 bc286647 7dfab1 h ???????? 002 //rss.jsp
3e62da6.5e 8ba26c35 976046 h ???????? 019 /
3e631a8.3e 42f94216 043937 h ???????? 002 /wiki/PhoneNumber
3e631ec.b7 b44c0f9c a04d28 h ???????? 013 /
3e632cf.16 b44c0f16 a04d28 h ???????? 01a /
3e633fb.d3 42f94216 043937 h ???????? 003 /wiki/ViralMarket
3e6375e.81 42f94217 043937 h ???????? 003 /wiki/MgmGrandOrion
3e63925.eb 51111e11 dc1a18 h ???????? 015 /
3e63926.72 51111e11 dc1a18 h ???????? 001 //https://floatingboat2013.appspot.com
3e63926.ba 51111e11 dc1a18 h ???????? 002 //wiki/AlanTuring
3e63927.47 51111e11 dc1a18 h ???????? 002 //wiki/GottfriedWilhelmLeibniz
3e63927.ba 51111e11 dc1a18 h ???????? 001 //https://floatingboat2013.appspot.com/UrPic
3e63927.f7 51111e11 dc1a18 h ???????? 002 //https://floatingboat2013.appspot.com/ad
3e63928.44 51111e11 dc1a18 h ???????? 002 //https://sl4.eu/hls
3e63928.85 51111e11 dc1a18 h ???????? 001 //https://sl4.eu/ls
3e63928.bd 51111e11 dc1a18 h ???????? 001 //https://sl4.eu/sh
3e63929.45 51111e11 dc1a18 h ???????? 001 //https://www.youtube.com/watch
3e63c2a.0e 42f94216 043937 h ???????? 003 /wiki/LifeDay16191
3e63c39.40 284da751 6a88e8 h ???????? 003 /wiki/IsA
3e63c9e.60 9d3727aa 6a88e8 h ???????? 002 /wiki/LockSchuppen
3e63d16.b1 b44c0f06 a04d28 h ???????? 002 /radio
3e63d61.d3 9d372722 6a88e8 s ???????? 015 /
3e63ede.05 2d370206 ef60d6 h ???????? 016 /
3e64007.6c 42f94217 043937 h ???????? 003 /wiki/LifeDay16192
3e64049.57 b44c0f16 a04d28 h ???????? 015 /
3e64097.36 44b4e56f aec21f h ???????? 001 //robots.txt
3e6409f.36 44b4e71a aec21f h ???????? 001 /robots.txt
3e6409f.f9 44b4e71a aec21f h ???????? 002 /wiki/FutureLab2056
3e64179.bd 42f9421c 043937 s ???????? 003 /wiki/SemperBase
3e64280.4a 44b4e71a aec21f h ???????? 002 /wiki/FutureLab2056
3e64305.fd 42f95c16 70a047 h ???????? 002 //rss.rdf
3e64334.eb 42f94217 043937 h ???????? 003 /wiki/ThomasBayes
3e64405.15 44b4e71a aec21f h ???????? 003 /wiki/CreateYourself
3e64479.5b 33ff4109 433e9c h ???????? 003 /wiki/BeDeut
3e646c3.c5 42f94218 043937 h ???????? 003 /wiki/LifeDay16188
3e646c6.e3 42f94217 043937 h ???????? 003 /wiki/LifeDay16186
3e647f0.09 42f94217 043937 h ???????? 003 /wiki/SaSinien
3e648d3.e4 118e9fb9 4d4314 h ???????? 002 //robots.txt
3e648d4.51 118e9fb9 4d4314 h ???????? 002 /robots.txt
3e648d4.9a 118e9fb9 4d4314 h ???????? 002 //wiki/LockSchuppen
3e64996.45 5d48b61f 220352 h ???????? 017 /
3e64a39.e2 42f94217 043937 h ???????? 003 /wiki/PreSingular
3e64cb3.32 42f94218 043937 h ???????? 004 /wiki/AlphaQuappe
3e64cc3.a3 6a26f169 09810e h ???????? 001 /robots.txt
3e6508c.92 42f94217 043937 h ???????? 003 /wiki/OlivalOurem
3e65126.3e 6a26f169 09810e h ???????? 01d /
3e6529c.33 42f94216 043937 h ???????? 004 /wiki/InterLegere
3e652da.1e d9b68451 433e9c h ???????? 002 /edit/31056004
3e653a7.7c 42f94217 043937 h ???????? 003 /wiki/JaBo
3e653aa.d1 42f94217 043937 h ???????? 003 /wiki/SteffenPeschel
3e65436.02 284da730 6a88e8 h ???????? 004 /wiki/PeerToPeer
3e6552e.5b 9d372702 6a88e8 s ???????? 002 /robots.txt
3e65537.72 9d3727aa 6a88e8 s ???????? 018 /
3e6569a.82 d9b68457 433e9c h ???????? 002 /edit/29376002
3e656bc.77 44b4e71a aec21f h ???????? 003 /wiki/HelmaWave
3e65967.8b 42f94216 043937 h ???????? 003 /wiki/SpaceTravel
3e65c56.10 284da781 6a88e8 h ???????? 004 /wiki/ImmoWiki
3e65fe3.be 42f95c17 70a047 h ???????? 002 //rss.rdf
3e6618e.d5 42f94218 043937 h ???????? 003 /wiki/OliverRiebl
3e66191.42 44b4e71a aec21f h ???????? 003 /wiki/OkCupid
3e66211.80 c6146382 a397c6 h ???????? 017 /
3e6621f.57 c6146382 45a6bf h ???????? 002 /favicon.ico
3e66545.0c 42f94216 043937 h ???????? 003 /wiki/LifeDay16143
3e66592.34 d9b6841e 433e9c h ???????? 002 /edit/9466001
3e66658.d5 42f94217 043937 h ???????? 004 /wiki/LifeDay15777
3e666fd.00 a484a11a 433e9c h ???????? 002 /edit/27376008
3e669c9.aa 42f94217 043937 h ???????? 003 /wiki/AnnaSchmidt
3e66b0d.cf 42f94218 043937 h ???????? 004 /wiki/UserProfile
3e66c11.f1 42f94218 043937 h ???????? 004 /wiki/AcceleratingChange
3e66c35.bd 42f94217 043937 h ???????? 003 /wiki/LifeDay16194
3e66fa4.25 42f94216 043937 h ???????? 003 /wiki/LifeDay16187
3e6709e.f4 b44c0f21 a04d28 h ???????? 017 /
3e670fd.0c 42f94216 043937 h ???????? 003 /wiki/LifeDay
3e673a7.f3 42f94217 043937 h ???????? 004 /wiki/LifeDay16189
3e676d3.8c 42f94216 043937 h ???????? 003 /wiki/WettinerPlatz
3e6777e.65 36c6c6f3 2baa92 h ???????? 01a /
3e677c8.85 5d48b61f 3465d9 h ???????? 003 /wiki/LockConsultIndividual/
3e678b4.d3 284da781 6a88e8 h ???????? 005 /wiki/WantedPages
3e678bc.c7 68da3f4a cc9bbb h ???????? 01a /
3e67920.db 42f94218 043937 h ???????? 003 /wiki/ExInSpeNoSex
3e6796c.70 5f6cb561 e4b041 h ???????? 002 /robots.txt
3e67970.4f 5f6cb561 e4b041 h ???????? 019 /
3e67a61.15 42f94217 043937 h ???????? 004 /wiki/ELLFgmD2zo4
3e67ac3.9b b44c0f9c a04d28 s ???????? 002 /lance
3e67b71.90 284da718 6a88e8 h ???????? 022 /
3e67df8.26 42f94217 043937 h ???????? 004 /wiki/VolkerKefer
3e67e4f.35 4df7b5a2 fee6c8 h ???????? 002 //id_rsa
3e67e4f.c3 4df7b5a2 fee6c8 h ???????? 002 //.ssh/id_rsa
3e67e50.52 4df7b5a2 fee6c8 h ???????? 002 //root/.ssh/id_rsa
3e67e50.ed 4df7b5a2 fee6c8 h ???????? 002 //id_dsa
3e67e51.6f 4df7b5a2 fee6c8 h ???????? 003 //.ssh/id_dsa
3e67e52.12 4df7b5a2 fee6c8 h ???????? 004 //root/.ssh/id_dsa
3e67f19.e2 42f94218 043937 h ???????? 002 /crush
3e67f56.cd 42f94218 622963 h ???????? 002 /crush
3e68074.70 42f94217 043937 h ???????? 004 /wiki/FrankBecker
3e680d3.ee 57fae0d5 e4b041 h ???????? 003 /robots.txt
3e680d7.5b 57fae0d5 e4b041 h ???????? 024 /
3e68150.ce 42f94217 043937 h ???????? 004 /wiki/TrueMan
3e68196.08 42f95c18 70a047 h ???????? 002 //rss.rdf
3e68321.92 a484a161 433e9c h ???????? 003 /love/99
3e6836d.8f 0585b70e a2996e h ???????? 003 //rss.rdf
3e683f8.e3 d9b68410 433e9c h ???????? 003 /edit/27376002
3e684d6.5c 42f94217 043937 h ???????? 003 /wiki/HarrisonFord
3e6889a.26 9d372702 6a88e8 h ???????? 003 /robots.txt
3e688ab.04 284da751 6a88e8 h ???????? 023 /
3e6899c.36 44b4e71a aec21f h ???????? 004 /wiki/ThKu
3e68aae.ab 42f94217 043937 h ???????? 00c /wiki/MadeiraQuiz
3e68ab5.d0 284da730 6a88e8 h ???????? 004 /wiki/JanBoehme
3e68bd7.c2 42f94218 043937 h ???????? 004 /wiki/WorldHunger
3e68f4f.af d9b6844d 433e9c h ???????? 004 /wiki/TwitterKurs
3e68f5f.bd 42f94217 043937 h ???????? 004 /wiki/JaronLanier
3e6917b.38 44b4e56f aec21f h ???????? 00b //robots.txt
3e69184.fb 44b4e71a aec21f h ???????? 003 /wiki/SingularAcademy
3e69250.1d 42f94218 043937 h ???????? 004 /wiki/SupplyChain
3e69414.9c 42f94218 043937 h ???????? 004 /wiki/LifeDay16193
3e6946d.de 42f94216 622963 h ???????? 01d /
3e6965e.5a d9b68438 433e9c h ???????? 002 /edit/28016004
3e6978f.39 42f94216 043937 h ???????? 005 /wiki/KatjaBigalke
3e69830.b8 284da781 6a88e8 h ???????? 005 /wiki/IntraBroker
3e69aa6.bc 36bc6819 590f55 h ???????? 01d /
3e69b29.f6 42f94218 043937 h ???????? 004 /wiki/HeinerThomas
3e69de9.5a a3ac4717 8c75e3 h ???????? 004 /robots.txt
3e69de9.8b a3ac4717 8c75e3 h ???????? 004 /wiki/LockSchuppen
3e69e28.e8 b44c0f21 a04d28 h ???????? 005 /wiki/LockOfficeAnfahrt
3e69e41.c5 a484a12f 433e9c h ???????? 025 /edit/12606001
3e69fb0.02 42f94216 043937 h ???????? 004 /wiki/IchDenke
3e6a04f.3c 44b4e71a aec21f h ???????? 006 /wiki/WhiteRoom
3e6a454.92 42f95c17 70a047 h ???????? 003 //rss.rdf
3e6a682.ef 42f94292 043937 h ???????? 003 /robots.txt
3e6a6e4.cf 42f94290 043937 h ???????? 005 /wiki/AliceSalomon
3e6a928.65 42f94292 043937 h ???????? 004 /wiki/TageBuch2008
3e6aa44.5e 42f94294 043937 h ???????? 004 /wiki/DenkStein
3e6ab9d.1c 284da781 6a88e8 h ???????? 005 /wiki/ConFidence
3e6adbf.07 05c45716 433e9c h ???????? 003 /robots.txt
3e6adbf.6e 33ff412f 433e9c h ???????? 002 /edit/30286001
3e6b4ad.eb c845f7dd 99d427 s ???????? 003 /phpmyadmin/scripts/setup.php
3e6b4af.71 c845f7dd 99d427 s ???????? 003 /phpMyAdmin/scripts/setup.php
3e6b4b0.b8 c845f7dd 99d427 s ???????? 00b /mysql/scripts/setup.php
3e6b4b2.51 c845f7dd 99d427 s ???????? 003 /pma/scripts/setup.php
3e6b4b3.a3 c845f7dd 99d427 s ???????? 003 /MyAdmin/scripts/setup.php
3e6b4b5.31 c845f7dd 99d427 s ???????? 002 /xampp/phpmyadmin/scripts/setup.php
3e6b4b6.5d c845f7dd 99d427 s ???????? 003 /scripts/setup.php
3e6b4b7.de c845f7dd 99d427 s ???????? 003 /PMA/scripts/setup.php
3e6b4b9.26 c845f7dd 99d427 s ???????? 003 /sql/scripts/setup.php
3e6b4ba.7c c845f7dd 99d427 s ???????? 003 /mysqladmin/scripts/setup.php
3e6b4bb.b4 c845f7dd 99d427 s ???????? 002 /phpmyadmin2/scripts/setup.php
3e6b4bc.e9 c845f7dd 99d427 s ???????? 003 /phpMyAdmin2/scripts/setup.php
3e6b4be.64 c845f7dd 99d427 s ???????? 002 /myadmin/scripts/setup.php
3e6b4bf.9c c845f7dd 99d427 s ???????? 003 /db/scripts/setup.php
3e6b557.17 a8018023 cf6846 h ???????? 022 /
3e6b6ba.f7 284da781 6a88e8 h ???????? 005 /wiki/OtherLanguages
3e6b7ef.b2 b44c0f9a a04d28 h ???????? 003 /edit/8356001
3e6b848.ce 42f94290 043937 h ???????? 005 /wiki/WikiTchenZwo
3e6b84f.c1 42f94292 043937 h ???????? 004 /wiki/GodTheFather
3e6b8bb.9b 4ad06256 646bf4 h ???????? 020 /
3e6b8be.42 4ad06256 646bf4 h ???????? 003 /script
3e6b8c1.d9 4ad06256 646bf4 h ???????? 003 /jenkins/script
3e6b8c4.ad 4ad06256 646bf4 h ???????? 002 /login
3e6b8c8.1f 4ad06256 646bf4 h ???????? 003 /jmx-console
3e6b8cc.e7 4ad06256 646bf4 h ???????? 01f /
3e6b8d1.a8 4ad06256 646bf4 h ???????? 01d /
3e6b8d6.ce 4ad06256 646bf4 h ???????? 004 /manager/html
3e6b8d9.a2 4ad06256 646bf4 h ???????? 01f /
3e6b8de.42 4ad06256 646bf4 h ???????? 01c /
3e6b8e3.ec 4ad06256 646bf4 h ???????? 001 /msd
3e6b8e7.6e 4ad06256 646bf4 h ???????? 001 /mySqlDumper
3e6b8e9.ec 4ad06256 646bf4 h ???????? 001 /msd1.24stable
3e6b8f3.e0 4ad06256 646bf4 h ???????? 001 /msd1.24.4
3e6b8f6.0d 4ad06256 646bf4 h ???????? 002 /mysqldumper
3e6b8f8.9f 4ad06256 646bf4 h ???????? 001 /MySQLDumper
3e6b8fe.6a 4ad06256 646bf4 h ???????? 001 /mysql
3e6b902.20 4ad06256 646bf4 h ???????? 002 /sql
3e6b905.51 4ad06256 646bf4 h ???????? 001 /phpmyadmin
3e6b908.82 4ad06256 646bf4 h ???????? 001 /phpMyAdmin
3e6b90f.23 4ad06256 646bf4 h ???????? 002 /mysql
3e6b911.5d 4ad06256 646bf4 h ???????? 001 /sql
3e6b914.b5 4ad06256 646bf4 h ???????? 002 /myadmin
3e6b919.9d 4ad06256 646bf4 h ???????? 002 /phpMyAdmin-4.2.1-all-languages
3e6b91c.cc 4ad06256 646bf4 h ???????? 001 /phpMyAdmin-4.2.1-english
3e6b91f.b4 4ad06256 646bf4 h ???????? 015 /
3e6b923.71 4ad06256 646bf4 h ???????? 001 /sqlite/main.php
3e6b92c.a8 4ad06256 646bf4 h ???????? 001 /SQLite/SQLiteManager-1.2.4/main.php
3e6b930.bc 4ad06256 646bf4 h ???????? 001 /SQLiteManager-1.2.4/main.php
3e6b933.f9 4ad06256 646bf4 h ???????? 001 /sqlitemanager/main.php
3e6b939.a6 4ad06256 646bf4 h ???????? 002 /SQlite/main.php
3e6b940.2e 4ad06256 646bf4 h ???????? 001 /SQLiteManager/main.php
3e6baca.9a 42f94290 043937 h ???????? 002 /wiki/PrimeMinister
3e6bbb0.97 42f94290 043937 s ???????? 001 /robots.txt
3e6bbb1.1d 42f9428e 043937 s ???????? 003 /wiki/ZeGg
3e6bbfd.8e 42f9428e 043937 s ???????? 003 /wiki/DeathCity
3e6bc5d.f8 42f9428e 043937 s ???????? 002 /wiki/AlphaLabs
3e6bc86.73 42f94290 043937 h ???????? 002 /wiki/JobsInDresden
3e6bd50.de 44b4e71a aec21f h ???????? 003 /wiki/EmotivEpoc
3e6bdad.f8 76bd91e2 3eedd1 h ???????? 002 /manager/html
3e6be3c.50 42f94290 043937 h ???????? 002 /wiki/MichaelWesch
3e6bed1.a5 284da751 6a88e8 h ???????? 002 /wiki/NachNeuenMeeren
3e6bf53.0c 42f94294 043937 h ???????? 003 /wiki/SusanaChacon
3e6bf7d.7a 894acf74 433e9c h ???????? 002 /wiki/ChristineSchlinck
3e6bfbf.6c b44c0f10 a04d28 h ???????? 002 /edit/8106001
3e6c0e7.3b d9b684f1 433e9c h ???????? 002 /edit/29356001
3e6c10e.0b 42f95c51 70a047 h ???????? 002 //rss.rdf
3e6c2e9.8d 42f94294 043937 h ???????? 003 /wiki/LifeDay16127
3e6c2eb.b0 42f94292 043937 h ???????? 002 /wiki/DavidKushner
3e6c2f4.6f 23bb8411 71f2b9 s ???????? 02a /bcHead
3e6c2f4.47 88f311a1 80f795 s ???????? 432 /memo
3e6c2f3.c0 88f311a1 c264d1 s ???????? 179c /age
3e6c8f8.a3 a4845b03 c62ed2 s ???????? 016 /
3e6ca05.e5 284da751 6a88e8 h ???????? 003 /wiki/ShareHolder
3e6cb40.8d 42f94294 043937 h ???????? 004 /wiki/WiederAufbau
3e6cb4e.c8 b44c0f96 a04d28 h ???????? 003 /wiki/LockSchuppen
3e6cc52.06 5f6cb561 e4b041 h ???????? 002 /robots.txt
3e6cc52.57 8d088e6f e4b041 s ???????? 002 /robots.txt
3e6cc54.03 42f94294 043937 h ???????? 003 /wiki/HelmutRubein
3e6cc55.e7 5f6cb561 e4b041 h ???????? 016 /
3e6cc56.22 8d088e6f e4b041 s ???????? 020 /
3e6ccc4.87 42f9428e 043937 s ???????? 01d /
3e6cced.20 44b4e71a aec21f h ???????? 002 /wiki/MindGalactic
3e6cd02.1d 71627c72 99d427 s ???????? 002 /ApacheTomcatJBoss
3e6cd72.e7 42f94290 043937 s ???????? 003 /wiki/GottfriedWilhelmLeibniz
3e6cd9a.c7 42f94292 043937 h ???????? 003 /wiki/KnisterFee
3e6ce9f.a0 3f8dec62 ffd63a h ???????? 002 /wp-login.php
3e6cecf.19 3f8dec62 ffd63a h ???????? 001 /robots.txt
3e6cfa3.9b 67fd7c76 99d427 s ???????? 002 /cgi-bin/test-cgi
3e6cfaa.52 67fd7c76 99d427 s ???????? 002 /cgi-bin/test
3e6cfaf.d2 67fd7c76 99d427 s ???????? 002 /cgi-bin/test.cgi
3e6cfc0.87 67fd7c76 99d427 s ???????? 002 /cgi-bin/test/test.cgi
3e6cfc4.e0 67fd7c76 99d427 s ???????? 002 /cgi-bin/test-cgi.pl
3e6cfca.0b 67fd7c76 99d427 s ???????? 002 /cgi-bin-sdb/printenv
3e6cfd0.1d 67fd7c76 99d427 s ???????? 002 /cgi-sys/entropysearch.cgi
3e6cfde.31 67fd7c76 99d427 s ???????? 002 /cgi-sys/suspendedpage.cgi
3e6cfe3.32 67fd7c76 99d427 s ???????? 001 /cgi-sys/test-cgi
3e6d0fd.a6 42f94292 043937 h ???????? 004 /wiki/NewYorkTimes
3e6d369.6c b44c0f20 a04d28 h ???????? 016 /edit/11036001
3e6d3ac.90 42f94292 043937 h ???????? 003 /wiki/RaLi
3e6d46d.38 42f94292 043937 h ???????? 003 /wiki/ChangeIsCheap
3e6d5c4.33 42f94290 043937 h ???????? 003 /wiki/WahrerMensch
3e6d9e2.8e b57b0995 99d427 s ???????? 002 /ApacheTomcatJBoss
3e6da0c.63 42f94292 043937 h ???????? 002 /wiki/PeBu
3e6da68.06 42f94292 043937 h ???????? 003 /wiki/BarkhausenBau
3e6dbda.aa b44c0f1a fa643b h ???????? 002 /robots.txt
3e6dbdb.9f b44c0f93 fa643b h ???????? 002 /robots.txt
3e6ddba.a4 7407e006 99d427 s ???????? 002 /ApacheTomcatJBoss
3e6df11.45 42f94290 043937 h ???????? 004 /wiki/WahrSchein
3e6df24.22 42f94290 043937 h ???????? 003 /wiki/StamenTassev
3e6df31.11 a2d2c481 028fc4 h ???????? 003 //robots.txt
3e6df36.a7 a2d2c481 028fc4 h ???????? 017 /
3e6e053.a8 42f94290 043937 h ???????? 003 /wiki/SophieChotek
3e6e149.cc 94fb8a27 18b492 h ???????? 002 /robots.txt
3e6e149.fc 94fb8a27 18b492 h ???????? 002 /feed
3e6e152.f4 94fb8a27 18b492 h ???????? 017 /love/1e
3e6e15a.d5 94fb8a27 18b492 h ???????? 003 /wiki/SingularityUniversity
3e6e16a.99 94fb8a27 18b492 h ???????? 017 /
3e6e171.ed 94fb8a27 18b492 h ???????? 002 /sitemap.xml
3e6e180.27 94fb8a27 18b492 h ???????? 003 /wiki/LockFutureSax
3e6e18f.46 94fb8a27 18b492 h ???????? 009 /wiki/ZugWiki
3e6e194.fc 94fb8a27 18b492 h ???????? 004 /wiki/MindPost
3e6e1bb.70 42f95c55 70a047 h ???????? 002 //rss.rdf
3e6e2d9.0e 9750276e 433e9c h ???????? 009 //robots.txt
3e6e3a9.b4 b44c0f89 a04d28 h ???????? 463 /memo
3e6e3df.5a 42f94290 043937 h ???????? 003 /wiki/RaucherLunge
3e6e3e7.c0 42f94292 043937 h ???????? 004 /wiki/TraumPartner
3e6e797.5f b44c0f17 fa643b h ???????? 009 /radio/robots.txt
3e6e797.62 b44c0f1f fa643b h ???????? 003 /radio/robots.txt
3e6e86f.16 42f94294 043937 h ???????? 003 /wiki/StanislawLem
3e6eacb.97 42f94290 043937 h ???????? 004 /wiki/StefanDecker
3e6eb31.be 9d3727aa 6a88e8 s ???????? 019 /
3e6ec3b.f6 42f94292 043937 h ???????? 004 /wiki/SusanneRisch
3e6eecd.11 50524d21 a397c6 h ???????? 022 /
3e6eece.16 50524d21 ca0366 h ???????? 001 /favicon.ico
3e6ef74.83 42f94290 043937 h ???????? 004 /wiki/RegionalGeld
3e6efe8.3f 42f94290 043937 h ???????? 004 /wiki/DbLp
3e6f06e.e6 42f94292 043937 s ???????? 004 /wiki/PeterThiel
3e6f53b.77 67d8cd33 99d427 s ???????? 002 /cgi-bin/test-cgi
3e6f53e.70 67d8cd33 99d427 s ???????? 002 /cgi-bin/test
3e6f53f.81 67d8cd33 99d427 s ???????? 002 /cgi-bin/test.cgi
3e6f540.87 67d8cd33 99d427 s ???????? 002 /cgi-bin/test.sh
3e6f542.53 67d8cd33 99d427 s ???????? 002 /cgi-bin/test/test.cgi
3e6f545.55 67d8cd33 99d427 s ???????? 002 /cgi-bin/test-cgi.pl
3e6f547.f1 67d8cd33 99d427 s ???????? 002 /cgi-bin-sdb/printenv
3e6f549.43 67d8cd33 99d427 s ???????? 002 /cgi-sys/entropysearch.cgi
3e6f54b.8b 67d8cd33 99d427 s ???????? 002 /cgi-sys/redirect.cgi
3e6f54c.8c 67d8cd33 99d427 s ???????? 002 /cgi-sys/suspendedpage.cgi
3e6f54d.98 67d8cd33 99d427 s ???????? 002 /cgi-sys/test-cgi
3e6f7b8.1f 42f94292 043937 h ???????? 004 /wiki/LifeDay16125
3e6f7ec.61 b44c0f12 a04d28 h ???????? 4aa /memo
3e6f83e.0e de678869 99d427 s ???????? 003 /ApacheTomcatJBoss
3e6fa0d.ae 42f94290 043937 h ???????? 004 /wiki/MorganCounty
3e6fa2e.d4 42f94292 043937 h ???????? 003 /wiki/TimBruysten
3e6fda8.c5 42f94292 043937 h ???????? 004 /wiki/GeoTrinkGeld
3e6fe06.44 42f95c53 70a047 h ???????? 003 //rss.rdf
3e6fe57.eb 4a7d4c20 55c2cd h ???????? 002 //rss.rdf
3e6fed3.72 dadbd2d3 99d427 s ???????? 002 /cgi-bin/test.sh
