3ec0330.f5 42f945ca 043937 h ???????? 003 /wiki/HoehenBlz
3ec0446.14 42f945c8 043937 h ???????? 003 /wiki/WikiSeite
3ec0547.54 44b4e71a aec21f h ???????? 003 /wiki/WwWebLern
3ec0560.ba b44c0f93 a04d28 h ???????? 013 /
3ec0a47.92 42f945ca 043937 h ???????? 002 /wiki/JLVDPidY
3ec0b47.13 42f945c6 043937 h ???????? 003 /wiki/OpenBook
3ec0bd6.dc 8e36bb32 ffd63a h ???????? 001 //wp-login.php
3ec0be8.19 8e36bb32 ffd63a h ???????? 001 //robots.txt
3ec0c75.8c cf2e0d8f 6a88e8 h ???????? 002 /wiki/MindEvent
3ec0c8a.fb 42f945ca 043937 h ???????? 002 /wiki/EinFluss
3ec0d30.ab b44c0f13 a04d28 h ???????? 002 /wiki/NooPolis
3ec0eca.eb 42f945c8 043937 h ???????? 003 /wiki/KinderOase
3ec0ecc.e4 42f945c6 043937 h ???????? 002 /wiki/SeeKabel
3ec0ed0.fb 42f945c8 043937 h ???????? 002 /wiki/DanBarry
3ec105d.ac 05c45716 433e9c h ???????? 001 /robots.txt
3ec105e.03 33ff4776 433e9c h ???????? 002 /edit/25356008
3ec1244.7f 3ed6bf41 1f51e8 s ???????? 01a /
3ec1248.da 3ed6bf41 1f51e8 s ???????? 001 /feel/4
3ec1250.8f 42f945ca 043937 h ???????? 002 /wiki/DbIce1657
3ec1360.68 42f945c6 043937 h ???????? 003 /wiki/IntraNet
3ec1425.60 4e6d3b25 e7016b h ???????? 015 /
3ec15ea.4f 42f945ca 043937 h ???????? 003 /wiki/KarlEble
3ec171c.9c 42f945ca 043937 h ???????? 002 /wiki/MindVote
3ec181e.eb cf2e0d11 6a88e8 s ???????? 015 /
3ec182d.d2 42f95b67 70a047 h ???????? 002 //rss.rdf
3ec184a.30 42f945c6 043937 h ???????? 002 /wiki/LlaToEcef
3ec184b.20 44b4e71a aec21f h ???????? 002 /wiki/ImPressum
3ec196b.8d 42f945ca 043937 h ???????? 003 /wiki/DeBurgos
3ec1bd6.87 cf2e0d11 6a88e8 h ???????? 003 /wiki/NetzWerk
3ec1cfb.db 42f945c6 043937 h ???????? 003 /wiki/DayTrade
3ec1d01.00 42f945c6 043937 h ???????? 004 /wiki/CqZZG05x
3ec1e08.f8 42f945c8 043937 h ???????? 003 /wiki/LuftGlas
3ec205d.6b 42f945c8 043937 h ???????? 002 /wiki/RouteCard
3ec2088.30 42f945c6 043937 h ???????? 003 /wiki/LoebiHem
3ec20bd.bc a4845b03 16d80e h ???????? 016 /
3ec2200.6b cf2e0d8f 6a88e8 h ???????? 003 /wiki/JspWiki
3ec222e.d2 d9b68421 433e9c h ???????? 001 /edit/30396001
3ec22d2.90 118e9fb9 4d4314 h ???????? 01b /
3ec231e.d0 b44cb0b7 99d427 s ???????? 002 /ApacheTomcatJBoss
3ec247d.8e d9b68433 433e9c h ???????? 002 /edit/29136002
3ec24b9.e2 5f6cb561 e4b041 s ???????? 008 /robots.txt
3ec24b9.ff 8d088e6f e4b041 h ???????? 002 /robots.txt
3ec24bd.b6 5f6cb561 e4b041 s ???????? 016 /
3ec24bd.f4 8d088e6f e4b041 h ???????? 015 /
3ec2515.59 42f945c8 043937 h ???????? 003 /wiki/WeinHeim
3ec2647.ce 42f945c8 043937 h ???????? 003 /wiki/XHjHPUZl
3ec2894.eb 42f945c6 043937 h ???????? 003 /wiki/EdYourdon
3ec2c3f.0f 42f945c6 043937 h ???????? 003 /wiki/CopyRight
3ec2c40.30 b44c0f89 a04d28 h ???????? 004 /wiki/BaseHash
3ec2e06.b2 cf2e0d7a 6a88e8 h ???????? 017 /
3ec2fae.dc 42f945c6 043937 h ???????? 003 /wiki/WorldMap
3ec2fbc.8f 42f945c6 043937 h ???????? 003 /wiki/StratoAg
3ec3035.85 b44c0f0e a04d28 h ???????? 003 /wiki/LockOffice
3ec3163.d7 cf2e0d11 6a88e8 h ???????? 004 /wiki/EstherDyson
3ec31e4.3a 42f945c8 043937 h ???????? 003 /wiki/DougGrose
3ec3211.64 42f945c8 043937 h ???????? 003 /wiki/GalaxyZoo
3ec32d4.15 33ff476f 433e9c h ???????? 003 /wiki/HansJoachimFrey
3ec330b.96 d9b68414 433e9c h ???????? 002 /edit/27866004
3ec356b.33 9d37272b 6a88e8 h ???????? 003 /wiki/IntegritasPerfectioConsonantiaCommensuratioConvenientiaClaritas
3ec36b1.71 42f945c8 043937 h ???????? 004 /wiki/MeckPomm
3ec3808.99 42f945ca 043937 h ???????? 003 /wiki/BahnBank
3ec3a93.93 42f945c8 043937 h ???????? 004 /wiki/TatKraft
3ec3c11.34 42f945c6 043937 h ???????? 003 /wiki/DbIce1558
3ec3c9f.da 9750276e 433e9c h ???????? 002 //robots.txt
3ec3d42.de 5f6cb561 e4b041 h ???????? 002 /cal
3ec3e99.74 42f945ca 043937 h ???????? 003 /wiki/FranzFerdinand
3ec4025.a3 42f945ca 043937 h ???????? 003 /wiki/DemoCrat
3ec40b2.eb 42f95b6b 70a047 h ???????? 002 //rss.rdf
3ec4133.21 42f945ca 043937 h ???????? 003 /wiki/FireExit
3ec413d.d6 42f945c6 043937 h ???????? 003 /wiki/EheJubil
3ec4194.6f 5f6cb561 e4b041 s ???????? 03c /
3ec4194.82 5f6cb561 e4b041 h ???????? 017 /
3ec429b.f7 42f945c8 043937 h ???????? 003 /wiki/BestNote
3ec4382.ae 42f945c6 043937 h ???????? 003 /wiki/DiaLectic
3ec43c9.89 d9fd4ee1 fde74e s ???????? 01e /
3ec43cd.da d9fd4ee1 fde74e s ???????? 009 /feel/4
3ec43d1.ea d9fd4ee1 fde74e s ???????? 009 /alive/8
3ec43d1.f3 d9fd4ee1 fde74e s ???????? 002 /feel/8
3ec44cd.a1 42f945ca 043937 h ???????? 003 /wiki/HetznerAg
3ec454e.9d b44c0f9f a04d28 h ???????? 018 /love/1e
3ec4582.c9 adeaeac8 3d8b22 h ???????? 018 /
3ec47ed.0e a4845b03 4eff47 s ???????? 018 /
3ec4820.32 42f94216 043937 h ???????? 004 /wiki/WorldUnit
3ec4946.58 42f94217 043937 h ???????? 003 /wiki/MNuUjap47
3ec4aad.9f 42f94216 043937 h ???????? 004 /wiki/PolarRose
3ec4bd6.c6 8ba26ab5 976046 s ???????? 023 /
3ec4f4d.3c 42f94217 043937 h ???????? 004 /wiki/PoyryGroup
3ec50b3.1e 42f94218 043937 h ???????? 003 /wiki/JensSpahn
3ec518b.33 118e9fb9 4d4314 h ???????? 002 /robots.txt
3ec518b.83 118e9fb9 4d4314 h ???????? 018 /1
3ec52cb.10 42f94218 043937 h ???????? 003 /wiki/SomeThing
3ec534f.20 5f6cb561 e4b041 h ???????? 002 /robots.txt
3ec5353.0a 5f6cb561 e4b041 h ???????? 019 /
3ec54d2.ad 92b9df5e 270e8b h ???????? 019 /
3ec5512.32 42f94216 043937 h ???????? 004 /wiki/RonRivest
3ec577c.49 42f94218 043937 h ???????? 004 /wiki/DieKamera
3ec57e3.66 365066b7 2baa92 h ???????? 018 /
3ec5b37.4e 42f94217 043937 h ???????? 004 /wiki/JakobFlohe
3ec5c2c.ab 42f94218 043937 h ???????? 003 /wiki/PostHuman
3ec5c95.37 7530c848 99d427 s ???????? 002 /ApacheTomcatJBoss
3ec5cbc.d2 9d37270d 6a88e8 s ???????? 00a /robots.txt
3ec5cc2.09 cf2e0d11 6a88e8 s ???????? 021 /
3ec5cc2.c3 42f9500a 002725 h ???????? 002 /favicon.ico
3ec5e0e.cc c6ccfd6a e93a4d h ???????? 01a /
3ec6339.83 42f94217 043937 h ???????? 003 /wiki/HansWeber
3ec63f8.53 42f94216 043937 h ???????? 004 /wiki/KlausZumWinkel
3ec6461.6c 25bb382f e3b0c4 h ???????? 003 /robots.txt
3ec6469.19 25bb382f 87f8b1 h ???????? 023 /
3ec65a2.22 42f94218 043937 h ???????? 004 /wiki/UckerMark
3ec65b4.bd 42f94216 043937 h ???????? 004 /wiki/SchulFrei
3ec6739.76 5e172817 e3b0c4 h ???????? 002 /robots.txt
3ec673b.ac 5e172817 fd196b h ???????? 01a /
3ec680c.f9 c4342b40 c5c81c h ???????? 01b /
3ec69df.8c 42f95c18 70a047 h ???????? 002 //rss.rdf
3ec6b72.8a 42f94217 043937 h ???????? 003 /wiki/BioBertel
3ec6d61.61 25bb384c e3b0c4 h ???????? 003 /robots.txt
3ec6d63.8b 25bb384c 5983bc h ???????? 01a /
3ec6dc9.9c 42f94217 043937 h ???????? 003 /wiki/NadelOehr
3ec6ed7.f5 42f94217 043937 h ???????? 002 /wiki/SmokeStop
3ec705d.1a 5e172817 e3b0c4 h ???????? 001 /robots.txt
3ec705f.3e 5e172817 fd196b h ???????? 012 /
3ec714b.0c 42f94216 043937 h ???????? 003 /wiki/WaWWvPxwA
3ec7450.67 33ff4781 433e9c h ???????? 001 /edit/31156004
3ec7525.3e a484a144 433e9c h ???????? 001 /edit/23586001
3ec756a.7c 5cf7b508 0f83be h ???????? 001 //rss.rdf
3ec75ba.ad 42f94218 043937 h ???????? 002 /wiki/LuftGlas
3ec75fe.63 9d37270c 6a88e8 h ???????? 001 /robots.txt
3ec7602.0f 284da795 6a88e8 h ???????? 012 /
3ec774d.94 d9b68410 433e9c h ???????? 001 /edit/22196001
3ec77ed.6c 403efca3 b5eaf4 h ???????? 001 /robots.txt
3ec7977.92 b44c0f1a a04d28 h ???????? 013 /
3ec7e26.87 42f94218 043937 h ???????? 003 /wiki/IsExternal
3ec7e92.e0 9d37270d 6a88e8 h ???????? 001 /robots.txt
3ec7e98.76 cf2e0d7a 6a88e8 h ???????? 016 /
3ec7f32.c3 42f94218 043937 h ???????? 002 /wiki/RudolfJuli
3ec7fc4.52 d94585da 399ff9 h ???????? 001 /robots.txt
3ec7fce.71 d94585d9 399ff9 h ???????? 001 /tv
3ec7fd5.0b d94585db 399ff9 h ???????? 002 /wiki/SuperTramp
3ec7fdb.7b d94585d9 399ff9 h ???????? 001 /love/4d
3ec7fe2.41 d9458554 399ff9 h ???????? 002 /wiki/WebChat
3ec7fea.40 d94585d7 399ff9 h ???????? 001 /StarTime
3ec7ff2.45 d94585d9 399ff9 h ???????? 001 /t
3ec7ffa.94 d94585d7 399ff9 h ???????? 002 /wiki/MarNie
3ec8004.ef d94585da 399ff9 h ???????? 002 /wiki/AltTraktor
3ec800f.c6 d94585d9 399ff9 h ???????? 002 /wiki/WebSite
3ec801c.07 d9458555 399ff9 h ???????? 002 /wiki/RetTla
3ec8025.63 d9458555 399ff9 h ???????? 003 /wiki/ChenLen
3ec802e.c8 d94585db 399ff9 h ???????? 006 /wiki/ThreeMai
3ec8038.48 d9458543 399ff9 h ???????? 002 /wiki/MindFlow
3ec8041.98 d94585db 399ff9 h ???????? 002 /wiki/ImPressum
3ec804b.d1 d9458543 399ff9 h ???????? 002 /wiki/KennDi
3ec8055.72 d9458554 399ff9 h ???????? 002 /wiki/SeaNation
3ec80cc.70 44b4e71a aec21f h ???????? 013 /1
3ec81a7.1c 42f94217 043937 h ???????? 003 /wiki/FireRating
3ec8225.23 cf2e0d8f 6a88e8 h ???????? 004 /wiki/IntelligenceExplosion
3ec8311.d7 5e8247ed ea8cd4 h ???????? 001 /rss.jsp
3ec8311.f4 5e8247ed ea8cd4 h ???????? 001 /rss.jsp
3ec8312.10 5e8247ed ea8cd4 h ???????? 001 /rss.jsp
3ec8312.32 5e8247ed ea8cd4 h ???????? 001 /rss.jsp
3ec8312.4f 5e8247ed ea8cd4 h ???????? 001 /rss.jsp
3ec8312.70 5e8247ed ea8cd4 h ???????? 001 /rss.jsp
3ec8360.19 42f94217 043937 h ???????? 003 /wiki/BIjGLBke9u
3ec849b.b9 33ff4152 433e9c h ???????? 001 /edit/21666001
3ec859d.b0 42f94216 043937 h ???????? 003 /wiki/TheoMueller
3ec8631.69 b44c0f18 a04d28 h ???????? 003 /wiki/LockOffice
3ec8635.96 1fcbb763 ebd96b h ???????? 015 /
3ec8636.13 1fcbb763 ebd96b h ???????? 013 /
3ec8636.89 1fcbb763 ebd96b h ???????? 012 /
3ec8641.76 1fcbb763 ebd96b h ???????? 013 /
3ec8647.41 1fcbb763 ebd96b h ???????? 013 /
3ec8648.fa 8ac5cac5 b0202e h ???????? 001 /manager/html
3ec8657.b0 42f94216 043937 h ???????? 002 /wiki/FrauZufall
3ec8661.60 42f94217 043937 h ???????? 003 /wiki/ScottNewell
3ec877d.be 42f94216 043937 h ???????? 003 /wiki/LoveFirst
3ec89e3.ad 42f94218 043937 h ???????? 002 /wiki/DarthVader
3ec8c47.52 42f94216 043937 h ???????? 003 /wiki/MitGruender
3ec8d64.78 42f94216 043937 h ???????? 003 /wiki/DvbTram2612
3ec8e8f.0a 42f94218 043937 h ???????? 003 /wiki/ThomasLipp
3ec8f42.61 b44c0fa1 a04d28 h ???????? 015 /
3ec90bd.bc 42f95c16 70a047 h ???????? 002 //rss.rdf
3ec9211.21 42f94216 043937 h ???????? 003 /wiki/SubOptimal
3ec92ab.8b b44c0f14 a04d28 h ???????? 002 /radio
3ec9462.d9 42f94218 043937 h ???????? 003 /wiki/KunstGeld
3ec957d.20 d9458543 399ff9 h ???????? 002 /robots.txt
3ec9585.d8 d94585d8 399ff9 h ???????? 003 /wiki/HagenStanek
3ec958d.d2 d9458554 399ff9 h ???????? 003 /wiki/DogBagBarbie
3ec9594.55 d94585db 399ff9 h ???????? 002 /wiki/SemperGo
3ec959b.68 d94585d9 399ff9 h ???????? 003 /wiki/EdnaParker
3ec95a3.57 d94585d7 399ff9 h ???????? 003 /wiki/DigitalTwin
3ec95ac.32 d9458554 399ff9 h ???????? 002 /wiki/RealFilm
3ec95b7.60 d94585da 399ff9 h ???????? 002 /wiki
3ec95c2.fd d94585d9 399ff9 h ???????? 003 /wiki/DiNe
3ec95cc.aa d94585db 399ff9 h ???????? 002 /NoOs
3ec95d7.52 d9458555 399ff9 h ???????? 003 /wiki/EtTag
3ec95e2.51 d9458543 399ff9 h ???????? 003 /wiki/HaSt
3ec95eb.a5 d94585d9 399ff9 h ???????? 003 /wiki/GoogleWatch
3ec95f6.33 d9458555 399ff9 h ???????? 003 /wiki/AmTor
3ec96ca.69 42f94217 043937 h ???????? 003 /wiki/SchauSpiel
3ec96db.8a 33ff4784 433e9c h ???????? 003 /wiki/OpenEnterprise
3ec97e7.18 a484a14d 433e9c h ???????? 003 /wiki/KarinaMatthes
3ec9835.4b 4e2e2319 7dfab1 h ???????? 002 //rss.jsp
3ec9835.77 4e2e2319 7dfab1 h ???????? 002 //rss.jsp
3ec9859.e2 42f94217 043937 h ???????? 004 /wiki/ZensUrsula
3ec992e.79 42f94217 043937 h ???????? 003 /wiki/PeterHines
3ec9940.b2 42f94216 043937 h ???????? 002 /wiki/GrussWort
3ec9a6a.67 42f94216 043937 h ???????? 004 /wiki/FirstClass
3ec9b89.be b44c0f0e a04d28 h ???????? 004 /wiki/RainerWasserfuhrCvEn
3ec9ca7.53 42f94218 043937 h ???????? 008 /wiki/PostStraase
3ec9ca7.56 42f94217 043937 h ???????? 002 /robots.txt
3ec9e04.b9 42f94217 043937 h ???????? 003 /wiki/HackingDay
3ec9e3d.a9 4a7d4c23 55c2cd h ???????? 002 //rss.rdf
3eca0f1.90 bc285186 7dfab1 h ???????? 003 //rss.jsp
3eca0f1.c0 bc285186 7dfab1 h ???????? 002 //rss.jsp
3eca145.bd 42f94217 043937 h ???????? 003 /wiki/CointFlirt
3eca1af.c5 bc285186 7dfab1 h ???????? 002 //rss.jsp
3eca1af.f1 bc285186 7dfab1 h ???????? 001 //rss.jsp
3eca486.8d 42f94217 043937 h ???????? 003 /wiki/DvbTram2808
3eca4ce.93 bc285186 7dfab1 h ???????? 002 //rss.jsp
3eca4ce.bc bc285186 7dfab1 h ???????? 002 //rss.jsp
3eca4fe.a3 bc285186 7dfab1 h ???????? 002 //rss.jsp
3eca4fe.cd bc285186 7dfab1 h ???????? 001 //rss.jsp
3eca5cf.a5 0585b70e 161c85 h ???????? 003 //rss.rdf
3eca608.4c 42f94217 043937 h ???????? 004 /wiki/ThomasJung
3eca6ec.2e 33ff413c 433e9c h ???????? 002 /edit/31196001
3eca85f.ef 42f94216 043937 h ???????? 004 /wiki/BlancPussy
3eca958.f1 cf2e0d8f 6a88e8 h ???????? 004 /wiki/WiTricity
3ecab03.e7 42f94218 043937 h ???????? 004 /wiki/LandKarte
3ecab4d.79 d9458555 399ff9 h ???????? 002 /robots.txt
3ecab57.a0 d94585d7 399ff9 h ???????? 003 /wiki/FreeLove
3ecab60.e0 d94585d8 399ff9 h ???????? 003 /wiki/PayPass
3ecab6a.46 d94585db 399ff9 h ???????? 002 /sitemap.xml
3ecab73.57 d94585d7 399ff9 h ???????? 003 /wiki/EtAl
3ecab7d.12 d94585da 399ff9 h ???????? 003 /wiki/RainerTest
3ecab87.5f d94585da 399ff9 h ???????? 004 /wiki/IdeaPad
3ecae63.e9 42f94217 043937 h ???????? 004 /wiki/GegenUeber
3ecaebe.20 d9b68441 433e9c h ???????? 002 /edit/31156001
3ecaf71.66 42f94217 043937 h ???????? 004 /wiki/SolarPanel
3ecaf72.33 42f94217 043937 h ???????? 003 /wiki/ThomasHoyer
3ecb2ed.d7 42f94217 043937 h ???????? 004 /wiki/NooSphereR1
3ecb334.63 4a73d685 3d8b22 h ???????? 018 /
3ecb664.0e 42f94217 043937 h ???????? 004 /wiki/TeslaTango
3ecb671.8b 42f94216 043937 h ???????? 004 /wiki/DvbTram2517
3ecb7ec.4a 42f94218 043937 h ???????? 004 /wiki/WallCommon
3ecb8a3.57 42f95c18 70a047 h ???????? 002 //rss.rdf
3ecba3c.76 42f94217 043937 h ???????? 004 /wiki/FloraStrasse
3ecbb19.73 42f94216 043937 h ???????? 003 /wiki/CommonSense
3ecbcc6.d7 42f94218 043937 h ???????? 004 /wiki/StudentIn
3ecbd7d.2c 42f94218 043937 h ???????? 004 /wiki/DrachenKind
3ecbebf.fb 42f94216 043937 h ???????? 004 /wiki/DimitrovCup
3ecbee5.59 d9b68495 433e9c h ???????? 002 /edit/26296004
3ecc0fb.29 42f94216 043937 h ???????? 004 /wiki/SchlagZeile
3ecc117.ae d94585d8 399ff9 h ???????? 002 /robots.txt
3ecc120.c8 d94585d7 399ff9 h ???????? 003 /wiki/ZugWiki
3ecc129.b0 d94585d8 399ff9 h ???????? 003 /wiki/93001
3ecc131.9b d9458554 399ff9 h ???????? 003 /wiki/OpenCoffeeClubDresden
3ecc13a.df d94585db 399ff9 h ???????? 003 /wiki/FutureLab2056
3ecc144.cc d9458554 399ff9 h ???????? 003 /wiki/MindMark
3ecc14f.86 d9458555 399ff9 h ???????? 002 /cast/696001
3ecc15a.dd d94585da 399ff9 h ???????? 003 /wiki/BleField
3ecc166.0d d94585d9 399ff9 h ???????? 004 /wiki/MuskBusQuest
3ecc171.b2 d94585db 399ff9 h ???????? 003 /wiki/CbYs
3ecc17d.c8 d94585da 399ff9 h ???????? 004 /wiki/LifeDay
3ecc18a.e5 d94585d8 399ff9 h ???????? 004 /wiki/WbeTla
3ecc197.33 d9458554 399ff9 h ???????? 004 /wiki/MaxWeber
3ecc323.5b cf2e0d11 6a88e8 s ???????? 023 /
3ecc347.7b 42f94216 043937 h ???????? 004 /wiki/UnIversitaet
3ecc4dc.4f 42f94217 043937 h ???????? 004 /wiki/LifeDay15822
3ecc4dd.db 42f94216 043937 h ???????? 003 /wiki/WernerSobek
3ecc5df.c4 add0a9fc ffd63a h ???????? 003 /t/wp-login.php
3ecc5e5.2f add0a9fc ffd63a h ???????? 002 /t/robots.txt
3ecc834.7e 42f94217 043937 h ???????? 004 /wiki/LifeDay15825
3ecc838.3b 42f94216 043937 h ???????? 003 /wiki/TedxDresden
3ecc913.f7 bc286647 7dfab1 h ???????? 002 //rss.jsp
3ecc914.2c bc286647 7dfab1 h ???????? 002 //rss.jsp
3ecc935.d2 42f94216 043937 h ???????? 004 /wiki/RamonaNagel
3eccb7f.46 42f94216 043937 h ???????? 004 /wiki/LifeDay16185
3eccdd8.37 42f94216 043937 h ???????? 002 /wiki/GuFiaU5HC4w
3ecce89.ae 42f94217 043937 h ???????? 003 /wiki/KamiNetto
3ecce8a.a2 42f94218 043937 h ???????? 001 /wiki/LifeDay16160
3ecd041.24 42f94217 043937 h ???????? 003 /wiki/LifeDay15830
3ecd08e.da 33ff4117 433e9c h ???????? 004 /edit/22316004
3ecd3ec.1f 42f94216 043937 h ???????? 002 /wiki/MarcusRoemer
3ecd586.32 42f94216 043937 h ???????? 002 /wiki/ErichOrtner
3ecd71c.28 d9458543 399ff9 h ???????? 002 /robots.txt
3ecd725.9c d9458543 399ff9 h ???????? 002 /wiki/ZugNach
3ecd72f.c8 d9458554 399ff9 h ???????? 002 /wiki/AnnBa
3ecd738.a4 d94585d7 399ff9 h ???????? 002 /wiki/FaustFrage
3ecd740.26 d94585da 399ff9 h ???????? 002 /wiki/ChVal
3ecd748.16 d94585d9 399ff9 h ???????? 002 /wiki/DaHo
3ecd750.a7 d9458543 399ff9 h ???????? 002 /wiki/SchutzHack
3ecd75a.d7 d94585d8 399ff9 h ???????? 002 /wiki/MindPrize
3ecd764.f8 d94585da 399ff9 h ???????? 008 /wiki/526001
3ecd76f.e3 d9458555 399ff9 h ???????? 002 /wiki/EndMontage
3ecd77c.2c d9458554 399ff9 h ???????? 002 /wiki/CitiZen
3ecd783.13 42f94218 043937 h ???????? 002 /wiki/LifeDay16077
3ecd786.34 d9458555 399ff9 h ???????? 001 /wiki/BootUp
3ecd8f6.9c 42f94216 043937 h ???????? 003 /wiki/KarlKrueger
3ecd911.39 a484a137 433e9c h ???????? 019 /edit/13546001
3ecdab8.44 42f94218 043937 h ???????? 003 /wiki/PeterWeiner
3ecdad9.d9 42f94217 043937 h ???????? 002 /wiki/GrossVolume
3ecdb04.b6 050990c3 c37fd8 h ???????? 001 /robots.txt
3ecdb07.d0 050990c3 c37fd8 h ???????? 001 /rss.jsp
3ecdb0a.d8 050990c3 c37fd8 h ???????? 005 /rss.jsp
3ecdb0d.b6 050990c3 c37fd8 h ???????? 002 /rss.jsp
3ecdb10.a5 050990c3 c37fd8 h ???????? 001 /rss.jsp
3ecdb13.a9 050990c3 c37fd8 h ???????? 001 /rss.jsp
3ecdb16.af 050990c3 c37fd8 h ???????? 004 /rss.jsp
3ecdb19.c0 050990c3 c37fd8 h ???????? 005 /rss.jsp
3ecdb1c.97 050990c3 c37fd8 h ???????? 001 /rss.jsp
3ecdb1f.a9 050990c3 c37fd8 h ???????? 001 /rss.jsp
3ecdb22.8b 050990c3 c37fd8 h ???????? 002 /rss.jsp
3ecdb25.71 050990c3 c37fd8 h ???????? 005 /rss.jsp
3ecdb28.50 050990c3 c37fd8 h ???????? 002 /rss.jsp
3ecdb2b.5a 050990c3 c37fd8 h ???????? 002 /rss.jsp
3ecdb2e.36 050990c3 c37fd8 h ???????? 001 /rss.jsp
3ecdb31.41 050990c3 c37fd8 h ???????? 001 /rss.jsp
3ecdb34.49 050990c3 c37fd8 h ???????? 001 /rss.jsp
3ecdb37.52 050990c3 c37fd8 h ???????? 001 /rss.jsp
3ecdb3a.5b 050990c3 c37fd8 h ???????? 001 /rss.jsp
3ecdb3d.3b 050990c3 c37fd8 h ???????? 002 /rss.jsp
3ecdb40.44 050990c3 c37fd8 h ???????? 001 /rss.jsp
3ecdb43.4f 050990c3 c37fd8 h ???????? 001 /rss.jsp
3ecdb46.5a 050990c3 c37fd8 h ???????? 001 /rss.jsp
3ecdb49.60 050990c3 c37fd8 h ???????? 006 /rss.jsp
3ecdb4c.3c 050990c3 c37fd8 h ???????? 001 /rss.jsp
3ecdb4f.46 050990c3 c37fd8 h ???????? 002 /rss.jsp
3ecdb52.51 050990c3 c37fd8 h ???????? 002 /rss.jsp
3ecdb55.5b 050990c3 c37fd8 h ???????? 001 /rss.jsp
3ecdb58.63 050990c3 c37fd8 h ???????? 001 /rss.jsp
3ecdb5b.63 050990c3 c37fd8 h ???????? 002 /rss.jsp
3ecdb5e.73 050990c3 c37fd8 h ???????? 001 /rss.jsp
3ecdb61.7a 050990c3 c37fd8 h ???????? 001 /rss.jsp
3ecdb64.81 050990c3 c37fd8 h ???????? 002 /rss.jsp
3ecdb67.88 050990c3 c37fd8 h ???????? 002 /rss.jsp
3ecdb6a.8d 050990c3 c37fd8 h ???????? 001 /rss.jsp
3ecdb6d.9d 050990c3 c37fd8 h ???????? 001 /rss.jsp
3ecdb70.7d 050990c3 c37fd8 h ???????? 001 /rss.jsp
3ecdb73.83 050990c3 c37fd8 h ???????? 001 /rss.jsp
3ecdb76.6c 050990c3 c37fd8 h ???????? 002 /rss.jsp
3ecdb79.94 050990c3 c37fd8 h ???????? 002 /rss.jsp
3ecdb7c.95 050990c3 c37fd8 h ???????? 002 /rss.jsp
3ecdb7f.a9 050990c3 c37fd8 h ???????? 002 /rss.jsp
3ecdb82.db 050990c3 c37fd8 h ???????? 002 /rss.jsp
3ecdb85.f9 050990c3 c37fd8 h ???????? 006 /rss.jsp
3ecdb89.0f 050990c3 c37fd8 h ???????? 001 /rss.jsp
3ecdb8c.41 050990c3 c37fd8 h ???????? 001 /rss.jsp
3ecdb8d.49 050990c3 c37fd8 h ???????? 002 /robots.txt
3ecdb90.50 050990c3 c37fd8 h ???????? 003 /wiki/AbielGuerra
3ecdb95.ed 050990c3 c37fd8 h ???????? 002 /wiki/AiVirus
3ecdb9a.ee 050990c3 c37fd8 h ???????? 002 /wiki/AlexanderKluge
3ecdba0.0f 050990c3 c37fd8 h ???????? 002 /wiki/AlgenDresden
3ecdba4.e8 050990c3 c37fd8 h ???????? 002 /wiki/AliaSabur
3ecdba9.ec 050990c3 c37fd8 h ???????? 002 /wiki/AllianzSe
3ecdbae.a0 050990c3 c37fd8 h ???????? 002 /wiki/BuzzwordBingo
3ecdbb3.56 050990c3 c37fd8 h ???????? 002 /wiki/CafeOle
3ecdbb8.29 050990c3 c37fd8 h ???????? 002 /wiki/GeBiss
3ecdbbd.09 050990c3 c37fd8 h ???????? 003 /wiki/GeorgeHWBush
3ecdbc1.e3 050990c3 c37fd8 h ???????? 003 /wiki/GerhardAmann
3ecdbc6.c5 050990c3 c37fd8 h ???????? 003 /wiki/GerhardFettweis
3ecdbcb.c3 050990c3 c37fd8 h ???????? 003 /wiki/GitteHaenning
3ecdbd0.c7 050990c3 c37fd8 h ???????? 003 /wiki/GlaesernesUnternehmen
3ecdbd5.cb 050990c3 c37fd8 h ???????? 003 /wiki/GlasKugel
3ecdbda.ef 050990c3 c37fd8 h ???????? 003 /wiki/GlasPerlenSpiel
3ecdbdf.cb 050990c3 c37fd8 h ???????? 002 /wiki/GleisSieben
3ecdbe2.55 a3ac44ee c37fd8 h ???????? 002 /robots.txt
3ecdbe4.d0 050990c3 c37fd8 h ???????? 003 /wiki/GlobalGeld
3ecdbe5.67 a3ac44ee c37fd8 h ???????? 003 /wiki/SocialSingularity
3ecdbea.16 050990c3 c37fd8 h ???????? 002 /wiki/GlobalIntellectuals
3ecdbea.fd a3ac44ee c37fd8 h ???????? 003 /wiki/TraumZwei
3ecdbed.fa a3ac44ee c37fd8 h ???????? 002 /robots.txt
3ecdbef.68 050990c3 c37fd8 h ???????? 003 /wiki/GoSeigen
3ecdbf1.53 a3ac44ee c37fd8 h ???????? 003 /wiki/EichsFeld
3ecdbf4.66 050990c3 c37fd8 h ???????? 003 /wiki/GoedelNumber
3ecdbf6.5e a3ac44ee c37fd8 h ???????? 003 /wiki/ErnemannTurm
3ecdbf9.66 050990c3 c37fd8 h ???????? 003 /wiki/GojkoMitic
3ecdbfd.21 a3ac44ee c37fd8 h ???????? 003 /wiki/IngridaPlunksnyte
3ecdbfe.3c 050990c3 c37fd8 h ???????? 003 /wiki/GoldenGateBridge
3ecdc02.39 a3ac44ee c37fd8 h ???????? 003 /wiki/LouisBecker
3ecdc03.17 050990c3 c37fd8 h ???????? 003 /wiki/GoodByeLenin
3ecdc07.ea 050990c3 c37fd8 h ???????? 012 /wiki/GoogleBomb
3ecdc07.ef a3ac44ee c37fd8 h ???????? 003 /wiki/MarikaRoekk
3ecdc0c.fb 050990c3 c37fd8 h ???????? 008 /wiki/GoogleBuzz
3ecdc0d.12 a3ac44ee c37fd8 h ???????? 003 /wiki/MarissaMayer
3ecdc12.20 050990c3 c37fd8 h ???????? 003 /wiki/GoogleEarth
3ecdc12.62 a3ac44ee c37fd8 h ???????? 003 /wiki/MichelFoucault
3ecdc17.46 050990c3 c37fd8 h ???????? 009 /wiki/GoogleGears
3ecdc17.66 a3ac44ee c37fd8 h ???????? 003 /wiki/MortenLund
3ecdc1c.2a 050990c3 c37fd8 h ???????? 003 /wiki/GoogleMail
3ecdc1c.79 a3ac44ee c37fd8 h ???????? 003 /wiki/MuenzSalon
3ecdc21.2a 050990c3 c37fd8 h ???????? 003 /wiki/GoogleMind
3ecdc22.96 a3ac44ee c37fd8 h ???????? 004 /wiki/MultipleChoice
3ecdc26.13 050990c3 c37fd8 h ???????? 003 /wiki/GoogleSpaceTower
3ecdc28.77 a3ac44ee c37fd8 h ???????? 003 /wiki/MutterPass
3ecdc2a.ea 050990c3 c37fd8 h ???????? 003 /wiki/GordonBrown
3ecdc2d.67 a3ac44ee c37fd8 h ???????? 003 /wiki/NanoCity
3ecdc2f.c5 050990c3 c37fd8 h ???????? 002 /wiki/GottfriedBenn
3ecdc33.ae a3ac44ee c37fd8 h ???????? 003 /wiki/NightHawks
3ecdc34.5f 050990c3 c37fd8 h ???????? 003 /wiki/HoerZu
3ecdc38.91 a3ac44ee c37fd8 h ???????? 003 /wiki/NooMicJsp
3ecdc39.17 050990c3 c37fd8 h ???????? 004 /wiki/JirkaSchaefer
3ecdc3e.94 050990c3 c37fd8 h ???????? 004 /wiki/MarianneEhrmann
3ecdc3f.21 a3ac44ee c37fd8 h ???????? 003 /wiki/NowHere
3ecdc43.92 050990c3 c37fd8 h ???????? 004 /wiki/MarieThereseRodetGeoffrin
3ecdc44.1e a3ac44ee c37fd8 h ???????? 003 /wiki/ObDach
3ecdc48.5f 050990c3 c37fd8 h ???????? 003 /wiki/MartineRothblatt
3ecdc49.1d a3ac44ee c37fd8 h ???????? 003 /wiki/OezNemrut
3ecdc4e.74 050990c3 c37fd8 h ???????? 003 /wiki/RomanWasserfuhr
3ecdc4f.87 a3ac44ee c37fd8 h ???????? 003 /wiki/OleNydahl
3ecdc53.59 050990c3 c37fd8 h ???????? 004 /wiki/RomySchneider
3ecdc55.0d a3ac44ee c37fd8 h ???????? 003 /wiki/OliverBerger
3ecdc58.5c 050990c3 c37fd8 h ???????? 003 /wiki/RonConway
3ecdc5a.02 a3ac44ee c37fd8 h ???????? 004 /wiki/OliverGuenther
3ecdc5d.6b 050990c3 c37fd8 h ???????? 009 /wiki/RonaldCoase
3ecdc5f.a8 a3ac44ee c37fd8 h ???????? 003 /wiki/OliverKrueger
3ecdc62.6d 050990c3 c37fd8 h ???????? 003 /wiki/RonaldPerelman
3ecdc65.76 a3ac44ee c37fd8 h ???????? 004 /wiki/OliverThylmann
3ecdc67.75 050990c3 c37fd8 h ???????? 004 /wiki/RudolfHarbigStadion
3ecdc6a.a6 a3ac44ee c37fd8 h ???????? 003 /wiki/OlivierAuber
3ecdc6c.9b 050990c3 c37fd8 h ???????? 004 /wiki/RudyGiuliani
3ecdc6f.b1 a3ac44ee c37fd8 h ???????? 003 /wiki/OmniMetrie
3ecdc71.73 050990c3 c37fd8 h ???????? 003 /wiki/RuedigerGrube
3ecdc74.a8 a3ac44ee c37fd8 h ???????? 003 /wiki/OneWattOneYearOneDollar
3ecdc76.77 050990c3 c37fd8 h ???????? 003 /wiki/SandyLeatonGray
3ecdc7a.bf a3ac44ee c37fd8 h ???????? 003 /wiki/OostEinde
3ecdc7b.93 050990c3 c37fd8 h ???????? 003 /wiki/SantiagoRamonYCajal
3ecdc80.8f 050990c3 c37fd8 h ???????? 004 /wiki/SieMens
3ecdc81.55 a3ac44ee c37fd8 h ???????? 003 /wiki/OpenAerialMap
3ecdc85.8a 050990c3 c37fd8 h ???????? 004 /wiki/SingularCamp
3ecdc86.62 a3ac44ee c37fd8 h ???????? 004 /wiki/OpenBts
3ecdc8a.b1 050990c3 c37fd8 h ???????? 003 /wiki/SingularityIsNearFilm
3ecdc8c.77 a3ac44ee c37fd8 h ???????? 003 /wiki/OpenEducation
3ecdc8f.ed 050990c3 c37fd8 h ???????? 003 /wiki/SingularityOs
3ecdc91.52 a3ac44ee c37fd8 h ???????? 003 /wiki/OrganSpende
3ecdc94.ab 050990c3 c37fd8 h ???????? 003 /wiki/SingularityRoom
3ecdc97.69 a3ac44ee c37fd8 h ???????? 002 /wiki/OrganizationalSingularity
3ecdc99.ae 050990c3 c37fd8 h ???????? 002 /wiki/SingularitySummit
3ecdc9d.78 a3ac44ee c37fd8 h ???????? 003 /wiki/OsCar
3ecdc9e.fd 050990c3 c37fd8 h ???????? 003 /wiki/SingularityUniversity
3ecdca2.57 a3ac44ee c37fd8 h ???????? 003 /wiki/OstPol
3ecdca4.4b 050990c3 c37fd8 h ???????? 003 /wiki/SintflutPrinzip
3ecdca7.8e a3ac44ee c37fd8 h ???????? 002 /wiki/OttoDix
3ecdca9.41 050990c3 c37fd8 h ???????? 002 /wiki/SippenHaft
3ecdcac.bb a3ac44ee c37fd8 h ???????? 003 /wiki/OvercomingBias
3ecdcad.fc 050990c3 c37fd8 h ???????? 003 /wiki/SissaIbnDahir
3ecdcb2.6d a3ac44ee c37fd8 h ???????? 003 /wiki/PanoMeter
3ecdcb2.f9 050990c3 c37fd8 h ???????? 003 /wiki/SketchUp
3ecdcb7.ce a3ac44ee c37fd8 h ???????? 007 /wiki/ParaDies
3ecdcb7.da 050990c3 c37fd8 h ???????? 009 /wiki/SklavenMoral
3ecdcbd.19 a3ac44ee c37fd8 h ???????? 003 /wiki/ParseTree
3ecdcbd.3e 050990c3 c37fd8 h ???????? 003 /wiki/SklavenZentrale
3ecdcc2.41 050990c3 c37fd8 h ???????? 004 /wiki/StewartBrand
3ecdcc3.1e a3ac44ee c37fd8 h ???????? 003 /wiki/PatHayes
3ecdcc7.1a 050990c3 c37fd8 h ???????? 003 /wiki/StockSplit
3ecdcc7.f9 a3ac44ee c37fd8 h ???????? 003 /wiki/PaulRackwitzBar
3ecdccb.d3 050990c3 c37fd8 h ???????? 003 /wiki/SvenHartmann
3ecdccc.ec a3ac44ee c37fd8 h ???????? 002 /wiki/PeiWang
3ecdcd0.d4 050990c3 c37fd8 h ???????? 003 /wiki/SybilleKraemer
3ecdcd1.d9 a3ac44ee c37fd8 h ???????? 003 /wiki/PenguiCon
3ecdcd5.c7 050990c3 c37fd8 h ???????? 003 /wiki/SylterRunde
3ecdcd7.22 a3ac44ee c37fd8 h ???????? 003 /wiki/PennerGame
3ecdcda.7c 050990c3 c37fd8 h ???????? 003 /wiki/SynAxon
3ecdcdc.f0 a3ac44ee c37fd8 h ???????? 003 /wiki/PentaCon
3ecdcdf.51 050990c3 c37fd8 h ???????? 003 /wiki/TerrySejnowski
3ecdce1.ea a3ac44ee c37fd8 h ???????? 003 /wiki/PerSona
3ecdce4.0c 050990c3 c37fd8 h ???????? 003 /wiki/TerryWinograd
3ecdce6.da a3ac44ee c37fd8 h ???????? 003 /wiki/PeterNeumann
3ecdce9.07 050990c3 c37fd8 h ???????? 003 /wiki/UnitedNations
3ecdceb.a6 a3ac44ee c37fd8 h ???????? 003 /wiki/PeterTuri
3ecdced.e5 050990c3 c37fd8 h ???????? 003 /wiki/UniversumBremen
3ecdcf1.12 a3ac44ee c37fd8 h ???????? 003 /wiki/PeterVoss
3ecdcf3.06 050990c3 c37fd8 h ???????? 003 /wiki/UnserAdVocat
3ecdcf6.f7 a3ac44ee c37fd8 h ???????? 003 /wiki/PeterWegner
3ecdcf8.06 050990c3 c37fd8 h ???????? 002 /wiki/UnserNotar
3ecdcfb.e9 a3ac44ee c37fd8 h ???????? 003 /wiki/PhilipGlass
3ecdcfd.03 050990c3 c37fd8 h ???????? 003 /wiki/UrsulaViljoen
3ecdd00.f3 a3ac44ee c37fd8 h ???????? 003 /wiki/PierreOmidyar
3ecdd02.07 050990c3 c37fd8 h ???????? 003 /wiki/UrsulaVonDerLeyen
3ecdd05.fd a3ac44ee c37fd8 h ???????? 003 /wiki/PkOst
3ecdd06.c2 050990c3 c37fd8 h ???????? 003 /wiki/UsElection08
3ecdd0c.0d 050990c3 c37fd8 h ???????? 003 /wiki/UsState
3ecdd0c.89 a3ac44ee c37fd8 h ???????? 003 /wiki/PlUrk
3ecdd11.1a 050990c3 c37fd8 h ???????? 003 /wiki/UstId
3ecdd11.76 a3ac44ee c37fd8 h ???????? 003 /wiki/PlanWirtschaft
3ecdd16.40 050990c3 c37fd8 h ???????? 003 /wiki/UtcConspiracy
3ecdd18.31 a3ac44ee c37fd8 h ???????? 00b /wiki/PlasticLogic
3ecdd1b.13 050990c3 c37fd8 h ???????? 003 /wiki/UweKellermann
3ecdd1d.4c a3ac44ee c37fd8 h ???????? 004 /wiki/PolyOmino
3ecdd1f.d4 050990c3 c37fd8 h ???????? 004 /wiki/UweLeck
3ecdd21.c4 42f94218 043937 h ???????? 004 /wiki/SystemPunkt
3ecdd23.3a a3ac44ee c37fd8 h ???????? 003 /wiki/PowerLawOfParticipation
3ecdd24.c5 050990c3 c37fd8 h ???????? 003 /wiki/UweTellkamp
3ecdd28.49 a3ac44ee c37fd8 h ???????? 004 /wiki/PowerSet
3ecdd29.c3 050990c3 c37fd8 h ???????? 003 /wiki/UweWerner
3ecdd2d.6d a3ac44ee c37fd8 h ???????? 003 /wiki/PradoEarth
3ecdd2e.7b 050990c3 c37fd8 h ???????? 003 /wiki/VaclavHavel
3ecdd33.98 050990c3 c37fd8 h ???????? 008 /wiki/VanCouver
3ecdd33.9f a3ac44ee c37fd8 h ???????? 004 /wiki/PraestabilierteHarmonie
3ecdd38.c5 050990c3 c37fd8 h ???????? 004 /wiki/VentureCapital
3ecdd38.ec a3ac44ee c37fd8 h ???????? 003 /wiki/PreSingularityAbundanceMilestones
3ecdd3d.e9 a3ac44ee c37fd8 h ???????? 002 /robots.txt
3ecdd3d.e8 050990c3 c37fd8 h ???????? 008 /wiki/VolkerGraubaum
3ecdd41.18 a3ac44ee c37fd8 h ???????? 003 /wiki/ArapahoeHighSchool
3ecdd42.d0 050990c3 c37fd8 h ???????? 003 /wiki/VolkmarPipek
3ecdd46.40 a3ac44ee c37fd8 h ???????? 004 /wiki/ArapahoeHighSchool
3ecdd48.12 050990c3 c37fd8 h ???????? 004 /wiki/VorderMuehle
3ecdd4b.4f a3ac44ee c37fd8 h ???????? 004 /wiki/ArchiCad
3ecdd4d.1f 050990c3 c37fd8 h ???????? 004 /wiki/VsrCi
3ecdd50.84 a3ac44ee c37fd8 h ???????? 003 /wiki/ArchiTekt
3ecdd52.39 050990c3 c37fd8 h ???????? 003 /wiki/VwPhaeton
3ecdd55.95 a3ac44ee c37fd8 h ???????? 004 /wiki/AristidLindenmayer
3ecdd58.a0 050990c3 c37fd8 h ???????? 004 /wiki/WaMu
3ecdd5a.84 a3ac44ee c37fd8 h ???????? 003 /wiki/ArmLimited
3ecdd5d.9b 050990c3 c37fd8 h ???????? 003 /wiki/WackenmuehlStrasse
3ecdd60.2d a3ac44ee c37fd8 h ???????? 004 /wiki/ArmLimited
3ecdd62.ac 050990c3 c37fd8 h ???????? 003 /wiki/WahrSchein
3ecdd64.dc a3ac44ee c37fd8 h ???????? 004 /wiki/ArminGrunwald
3ecdd67.c9 050990c3 c37fd8 h ???????? 004 /wiki/WahrerMensch
3ecdd69.ca a3ac44ee c37fd8 h ???????? 003 /wiki/ArminGrunwald
3ecdd6c.a2 050990c3 c37fd8 h ???????? 003 /wiki/WaldemarCierpinski
3ecdd6e.84 a3ac44ee c37fd8 h ???????? 003 /wiki/AvaLanche
3ecdd71.a6 050990c3 c37fd8 h ???????? 003 /wiki/WalkedOnTheMoon
3ecdd73.c4 a3ac44ee c37fd8 h ???????? 003 /wiki/AvaTar
3ecdd76.a4 050990c3 c37fd8 h ???????? 004 /wiki/WalterBischofberger
3ecdd78.f7 a3ac44ee c37fd8 h ???????? 004 /wiki/AxelKlarmann
3ecdd7b.ce 050990c3 c37fd8 h ???????? 004 /wiki/WalterFTichy
3ecdd80.3c a3ac44ee c37fd8 h ???????? 004 /wiki/BautznerStrasse82
3ecdd80.a9 050990c3 c37fd8 h ???????? 005 /wiki/WalterReinholdUhlig
3ecdd85.19 a3ac44ee c37fd8 h ???????? 003 /wiki/BeckenHusserl
3ecdd85.a0 050990c3 c37fd8 h ???????? 004 /wiki/WaltherRathenau
3ecdd8a.1a a3ac44ee c37fd8 h ???????? 004 /wiki/BeeGroup
3ecdd8a.a5 050990c3 c37fd8 h ???????? 004 /wiki/WardCunningham
3ecdd8f.ae a3ac44ee c37fd8 h ???????? 007 /wiki/BeeGroup
3ecdd8f.bc 050990c3 c37fd8 h ???????? 003 /wiki/WilhelmWagenfeldHaus
3ecdd94.75 050990c3 c37fd8 h ???????? 003 /wiki/WilliSchroll
3ecdd95.c9 a3ac44ee c37fd8 h ???????? 00a /wiki/BeerWare
3ecdd99.7a 050990c3 c37fd8 h ???????? 004 /wiki/WilliamGibson
3ecdd9a.97 a3ac44ee c37fd8 h ???????? 004 /wiki/GerhardWeikum
3ecdd9e.75 050990c3 c37fd8 h ???????? 004 /wiki/WilliamJames
3ecdd9f.b9 a3ac44ee c37fd8 h ???????? 004 /wiki/GlasHuette
3ecdda3.73 050990c3 c37fd8 h ???????? 003 /wiki/WilliamZauscher
3ecdda4.af a3ac44ee c37fd8 h ???????? 004 /wiki/HavelBluete
3ecdda8.7b 050990c3 c37fd8 h ???????? 003 /wiki/WillmsBuhse
3ecddaa.08 a3ac44ee c37fd8 h ???????? 004 /wiki/HechtFest
3ecddad.7a 050990c3 c37fd8 h ???????? 004 /wiki/WillyBrandt
3ecddaf.36 a3ac44ee c37fd8 h ???????? 003 /wiki/HerzBlatt
3ecddb2.75 050990c3 c37fd8 h ???????? 003 /wiki/WinfriedLachnit
3ecddb4.41 a3ac44ee c37fd8 h ???????? 003 /wiki/HetjensMuseum
3ecddb7.53 050990c3 c37fd8 h ???????? 00b /wiki/WinfriedLueg
3ecddb9.04 a3ac44ee c37fd8 h ???????? 004 /wiki/HeyJoePrinzip
3ecddba.53 050990c3 c37fd8 h ???????? 002 /robots.txt
3ecddbd.65 050990c3 c37fd8 h ???????? 004 /wiki/ApacheFop
3ecddbe.03 a3ac44ee c37fd8 h ???????? 003 /wiki/HighTechGruenderfonds
3ecddc2.68 050990c3 c37fd8 h ???????? 003 /wiki/ArminFalk
3ecddc3.91 a3ac44ee c37fd8 h ???????? 003 /wiki/HitlerSpeaks
3ecddc7.6c 050990c3 c37fd8 h ???????? 004 /wiki/ArneKlempert
3ecddc8.9a a3ac44ee c37fd8 h ???????? 003 /wiki/HochschulRektorenKonferenz
3ecddcc.66 050990c3 c37fd8 h ???????? 004 /wiki/ArthurLesk
3ecddcd.db a3ac44ee c37fd8 h ???????? 004 /wiki/HolgerWache
3ecddd1.65 050990c3 c37fd8 h ???????? 003 /wiki/AshtonKutcher
3ecddd2.ba a3ac44ee c37fd8 h ???????? 003 /wiki/HollywoodPrinciple
3ecddd6.90 050990c3 c37fd8 h ???????? 003 /wiki/AutoBahn4
3ecddd7.b7 a3ac44ee c37fd8 h ???????? 004 /wiki/HonoraryProfessor
3ecdddb.bc 050990c3 c37fd8 h ???????? 004 /wiki/AxelOckenfels
3ecdddc.f4 a3ac44ee c37fd8 h ???????? 004 /wiki/HorstNickels
3ecdde0.e4 050990c3 c37fd8 h ???????? 004 /wiki/CamelCase
3ecdde1.e3 a3ac44ee c37fd8 h ???????? 003 /wiki/HorstNowacki
3ecdde6.86 050990c3 c37fd8 h ???????? 003 /wiki/CamillePaglia
3ecdde6.e9 a3ac44ee c37fd8 h ???????? 004 /wiki/HorstWHamacher
3ecddeb.81 050990c3 c37fd8 h ???????? 004 /wiki/CarbonCopy
3ecddec.f7 a3ac44ee c37fd8 h ???????? 004 /wiki/HowardCarpendale
3ecddf0.88 050990c3 c37fd8 h ???????? 004 /wiki/CargoCult
3ecddf1.f3 a3ac44ee c37fd8 h ???????? 003 /wiki/HpGarage
3ecddf5.cd 050990c3 c37fd8 h ???????? 004 /wiki/CarlWoese
3ecddf6.b2 a3ac44ee c37fd8 h ???????? 004 /wiki/HugoDeGaris
3ecddfa.d2 050990c3 c37fd8 h ???????? 004 /wiki/ComputerGo
3ecddfc.76 a3ac44ee c37fd8 h ???????? 004 /wiki/JanaSchlegel
3ecddff.fa 050990c3 c37fd8 h ???????? 003 /wiki/ConDuct
3ecde01.b0 a3ac44ee c37fd8 h ???????? 004 /wiki/JanetteKothe
3ecde04.d4 050990c3 c37fd8 h ???????? 004 /wiki/ConFidence
3ecde06.88 a3ac44ee c37fd8 h ???????? 004 /wiki/JapanPrize
3ecde09.db 050990c3 c37fd8 h ???????? 004 /wiki/ConFlict
3ecde0b.d6 a3ac44ee c37fd8 h ???????? 004 /wiki/JaronLanier
3ecde0e.d8 050990c3 c37fd8 h ???????? 00e /wiki/ConPlan
3ecde10.ff a3ac44ee c37fd8 h ???????? 004 /wiki/JavaHouse
3ecde14.34 050990c3 c37fd8 h ???????? 004 /wiki/ConScious
3ecde15.da a3ac44ee c37fd8 h ???????? 003 /wiki/JeanJacquesLauble
3ecde19.62 050990c3 c37fd8 h ???????? 005 /wiki/DanielDennett
3ecde1a.dd a3ac44ee c37fd8 h ???????? 005 /wiki/MahmoudAlMabhouh
3ecde1e.61 050990c3 c37fd8 h ???????? 004 /wiki/DanielPoodratchi
3ecde21.c9 a3ac44ee c37fd8 h ???????? 005 /wiki/MahnOrt16
3ecde23.a1 050990c3 c37fd8 h ???????? 004 /wiki/DanielWeld
3ecde27.03 a3ac44ee c37fd8 h ???????? 004 /wiki/MalcolmGladwell
3ecde28.7a 050990c3 c37fd8 h ???????? 004 /wiki/DasMan
3ecde2c.2e a3ac44ee c37fd8 h ???????? 004 /wiki/ManiFest
3ecde2d.82 050990c3 c37fd8 h ???????? 004 /wiki/DavidBrin
3ecde31.6d a3ac44ee c37fd8 h ???????? 003 /wiki/ManuelaSchwesig
3ecde32.b1 050990c3 c37fd8 h ???????? 004 /wiki/DavidKushner
3ecde36.b0 a3ac44ee c37fd8 h ???????? 004 /wiki/MarcelBeyer
3ecde37.bc 050990c3 c37fd8 h ???????? 004 /wiki/DebattierBar
3ecde3b.82 a3ac44ee c37fd8 h ???????? 004 /wiki/MarcheDresden
3ecde3c.9b 050990c3 c37fd8 h ???????? 004 /wiki/DeeHock
3ecde40.71 a3ac44ee c37fd8 h ???????? 008 /wiki/MarcoWildner
3ecde41.9a 050990c3 c37fd8 h ???????? 005 /wiki/DeutschLand
3ecde45.72 a3ac44ee c37fd8 h ???????? 005 /wiki/MarcusAnhaeuser
3ecde46.ad 050990c3 c37fd8 h ???????? 004 /wiki/DeutscheWerkstaettenHellerau
3ecde4b.19 a3ac44ee c37fd8 h ???????? 004 /wiki/MarcusBuckingham
3ecde4b.88 050990c3 c37fd8 h ???????? 004 /wiki/DevelopmentAgency
3ecde50.82 050990c3 c37fd8 h ???????? 004 /wiki/DieBoofe
3ecde52.09 a3ac44ee c37fd8 h ???????? 004 /wiki/MarekMeyer
3ecde55.a8 050990c3 c37fd8 h ???????? 004 /wiki/DirkHillbrecht
3ecde56.ec a3ac44ee c37fd8 h ???????? 004 /wiki/MariaSharapova
3ecde5a.b3 050990c3 c37fd8 h ???????? 004 /wiki/DisSertation
3ecde5d.22 a3ac44ee c37fd8 h ???????? 005 /wiki/MariemeJamme
3ecde5f.b1 050990c3 c37fd8 h ???????? 004 /wiki/VillaMarie
3ecde62.25 a3ac44ee c37fd8 h ???????? 004 /wiki/MarioBarth
3ecde64.b0 050990c3 c37fd8 h ???????? 004 /wiki/VirtuellesUnternehmen
3ecde67.51 a3ac44ee c37fd8 h ???????? 004 /wiki/MarioJeckle
3ecde69.ad 050990c3 c37fd8 h ???????? 004 /wiki/VolkerGraubaum
3ecde6c.48 a3ac44ee c37fd8 h ???????? 004 /wiki/MarioNeugebauer
3ecde6e.ae 050990c3 c37fd8 h ???????? 004 /wiki/WettBewerber
3ecde71.29 a3ac44ee c37fd8 h ???????? 004 /wiki/MarkGraban
3ecde73.b3 050990c3 c37fd8 h ???????? 004 /wiki/WikiFeed
3ecde76.15 a3ac44ee c37fd8 h ???????? 004 /wiki/MarkPesce
3ecde78.a6 050990c3 c37fd8 h ???????? 005 /wiki/WilhelmRaabe
3ecde7b.09 a3ac44ee c37fd8 h ???????? 005 /wiki/MarkPincus
3ecde7d.b0 050990c3 c37fd8 h ???????? 004 /wiki/ZeBu
3ecde80.77 a3ac44ee c37fd8 h ???????? 004 /wiki/MarkTrappmann
3ecde82.8f 050990c3 c37fd8 h ???????? 004 /wiki/ZugWiki
3ecde85.7c a3ac44ee c37fd8 h ???????? 005 /wiki/MarkZuckerberg
3ecde87.9a 050990c3 c37fd8 h ???????? 005 /wiki/ZwoVierCcc
3ecde8a.e3 a3ac44ee c37fd8 h ???????? 004 /wiki/MarktHalle
3ecde8c.9b 050990c3 c37fd8 h ???????? 004 /wiki/ZyKlus
3ecde8f.f9 a3ac44ee c37fd8 h ???????? 004 /wiki/MarktJagd
3ecde91.81 050990c3 c37fd8 h ???????? 004 /wiki/ZzyZx
3ecde94.67 050990c3 c37fd8 h ???????? 004 /robots.txt
3ecde94.de a3ac44ee c37fd8 h ???????? 004 /wiki/MarktLeipzig
3ecde97.9a 050990c3 c37fd8 h ???????? 005 /wiki/ASmallWorld
3ecde9a.0a a3ac44ee c37fd8 h ???????? 004 /wiki/MarkusFix
3ecde9c.55 050990c3 c37fd8 h ???????? 004 /wiki/AaaiFellow
3ecde9f.af a3ac44ee c37fd8 h ???????? 005 /wiki/MarkusWacker
3ecdea2.7c 050990c3 c37fd8 h ???????? 005 /wiki/AaronSloman
3ecdea4.8c a3ac44ee c37fd8 h ???????? 005 /wiki/MarkwartFaussner
3ecdea7.6b 050990c3 c37fd8 h ???????? 004 /wiki/AbdulayeBalde
3ecdeaa.3f a3ac44ee c37fd8 h ???????? 004 /wiki/MarshallBrain
3ecdeac.77 050990c3 c37fd8 h ???????? 004 /wiki/AboutUs
3ecdeaf.31 a3ac44ee c37fd8 h ???????? 004 /wiki/MartinBredl
3ecdeb1.71 050990c3 c37fd8 h ???????? 005 /wiki/AbsTra
3ecdeb4.5a a3ac44ee c37fd8 h ???????? 004 /wiki/MartinDoermann
3ecdeb6.7a 050990c3 c37fd8 h ???????? 005 /wiki/AccelerAndo
3ecdeb9.84 a3ac44ee c37fd8 h ???????? 005 /wiki/MartinFischer
3ecdebb.7b 050990c3 c37fd8 h ???????? 005 /wiki/AcceleratingFuturePeopleDatabase
3ecdebf.7a a3ac44ee c37fd8 h ???????? 006 /wiki/MartinGrothe
3ecdec1.0d 050990c3 c37fd8 h ???????? 004 /wiki/AchimBachem
3ecdec4.b9 a3ac44ee c37fd8 h ???????? 005 /wiki/MartinKoser
3ecdec6.0e 050990c3 c37fd8 h ???????? 005 /wiki/ActuarialEscapeVelocity
3ecdec9.a7 a3ac44ee c37fd8 h ???????? 005 /wiki/MartinRoell
3ecdecb.06 050990c3 c37fd8 h ???????? 005 /wiki/AdJective
3ecdecf.c6 a3ac44ee c37fd8 h ???????? 005 /wiki/MaryCatherineBateson
3ecded0.32 050990c3 c37fd8 h ???????? 005 /wiki/AdVent
3ecded5.2f a3ac44ee c37fd8 h ???????? 009 /wiki/MichaelWilson
3ecded5.40 050990c3 c37fd8 h ???????? 005 /wiki/AdaptiveAi
3ecdeda.69 a3ac44ee c37fd8 h ???????? 00a /wiki/MichaelWinkler
3ecdeda.74 050990c3 c37fd8 h ???????? 005 /wiki/ChristophMariaHerbst
3ecdedd.6e a3ac44ee c37fd8 h ???????? 002 /robots.txt
3ecdedf.97 050990c3 c37fd8 h ???????? 005 /wiki/ChronologieKritik
3ecdee1.05 a3ac44ee c37fd8 h ???????? 005 /wiki/SchoolOfEverything
3ecdee4.05 a3ac44ee c37fd8 h ???????? 003 /robots.txt
3ecdee4.9c 050990c3 c37fd8 h ???????? 006 /wiki/ChuckYeager
3ecdee7.36 a3ac44ee c37fd8 h ???????? 005 /wiki/VoyagerGoldenRecord
3ecdee9.a8 050990c3 c37fd8 h ???????? 005 /wiki/ClareWGraves
3ecdeec.51 a3ac44ee c37fd8 h ???????? 006 /wiki/WikiSd
3ecdeee.99 050990c3 c37fd8 h ???????? 005 /wiki/ClassicoItaliano
3ecdeef.2c a3ac44ee c37fd8 h ???????? 003 /robots.txt
3ecdef2.44 a3ac44ee c37fd8 h ???????? 005 /wiki/FilippoTommasoMarinetti
3ecdef3.98 050990c3 c37fd8 h ???????? 005 /wiki/ClaudeShannon
3ecdef7.6c a3ac44ee c37fd8 h ???????? 007 /wiki/FlorianMatthes
3ecdef8.68 050990c3 c37fd8 h ???????? 003 /wiki/ClaudioAbbado
3ecdefb.9d 42f94217 043937 h ???????? 003 /wiki/LifeDay16166
3ecdefc.42 a3ac44ee c37fd8 h ???????? 003 /wiki/FlorianVogelmaier
3ecdefd.6c 050990c3 c37fd8 h ???????? 004 /wiki/ClausJacob
3ecdf01.ad a3ac44ee c37fd8 h ???????? 003 /wiki/FosterSchucker
3ecdf02.35 050990c3 c37fd8 h ???????? 003 /wiki/LoewenJagd
3ecdf07.91 050990c3 c37fd8 h ???????? 004 /wiki/LongBetOne
3ecdf0a.1f a3ac44ee c37fd8 h ???????? 003 /wiki/FosterSchucker
3ecdf0c.67 050990c3 c37fd8 h ???????? 003 /wiki/LotteInWeimarFilm
3ecdf12.53 a3ac44ee c37fd8 h ???????? 003 /wiki/FrancoisBry
3ecdf12.ce 050990c3 c37fd8 h ???????? 003 /wiki/LudwigWittgenstein
3ecdf17.37 a3ac44ee c37fd8 h ???????? 003 /wiki/FritzWysotzki
3ecdf17.98 050990c3 c37fd8 h ???????? 003 /wiki/MichaelHorton
3ecdf1c.47 a3ac44ee c37fd8 h ???????? 004 /wiki/GlasHuette
3ecdf1c.bd 050990c3 c37fd8 h ???????? 003 /wiki/MichaelKoch
3ecdf21.29 a3ac44ee c37fd8 h ???????? 003 /wiki/GunterHellmann
3ecdf21.d6 050990c3 c37fd8 h ???????? 004 /wiki/MindBomb2
3ecdf26.07 a3ac44ee c37fd8 h ???????? 003 /wiki/JosephVonFraunhofer
3ecdf26.90 050990c3 c37fd8 h ???????? 003 /wiki/MultipleChoice
3ecdf2a.ed a3ac44ee c37fd8 h ???????? 003 /wiki/JozsefMindszenty
3ecdf2b.8c 050990c3 c37fd8 h ???????? 003 /wiki/NanoCity
3ecdf30.a1 050990c3 c37fd8 h ???????? 008 /wiki/NicoHagenburger
3ecdf30.b1 a3ac44ee c37fd8 h ???????? 00b /wiki/JuliaBonk
3ecdf35.8a 050990c3 c37fd8 h ???????? 003 /wiki/NomicWorld
3ecdf37.81 a3ac44ee c37fd8 h ???????? 003 /wiki/JuniorenFirma
3ecdf3a.5f 050990c3 c37fd8 h ???????? 003 /wiki/NooMnesia
3ecdf3c.49 a3ac44ee c37fd8 h ???????? 003 /wiki/JyvasKyla
3ecdf3f.5f 050990c3 c37fd8 h ???????? 003 /wiki/ObWahlDresden08
3ecdf41.1d a3ac44ee c37fd8 h ???????? 003 /wiki/KarlBeucke
3ecdf44.c8 050990c3 c37fd8 h ???????? 003 /wiki/OberHolz
3ecdf46.42 a3ac44ee c37fd8 h ???????? 003 /wiki/KarlFisch
3ecdf49.90 050990c3 c37fd8 h ???????? 003 /wiki/OdenThal
3ecdf4b.3c a3ac44ee c37fd8 h ???????? 004 /wiki/KatharinenStrasse1
3ecdf4e.6d 050990c3 c37fd8 h ???????? 004 /wiki/OliverGuenther
3ecdf50.31 a3ac44ee c37fd8 h ???????? 003 /wiki/KaufLand4180
3ecdf53.48 050990c3 c37fd8 h ???????? 003 /wiki/OliverThylmann
3ecdf54.e7 a3ac44ee c37fd8 h ???????? 003 /wiki/KellerFamily
3ecdf58.72 050990c3 c37fd8 h ???????? 003 /wiki/OmniMetrie
3ecdf59.72 a3ac44ee c37fd8 h ???????? 003 /wiki/KennethEBoulding
3ecdf5d.91 050990c3 c37fd8 h ???????? 003 /wiki/OostEinde
3ecdf60.00 a3ac44ee c37fd8 h ???????? 006 /wiki/KlausDaessler
3ecdf62.94 050990c3 c37fd8 h ???????? 003 /wiki/OpenBts
3ecdf64.f1 a3ac44ee c37fd8 h ???????? 003 /wiki/KronenBaeckerei
3ecdf68.a6 050990c3 c37fd8 h ???????? 003 /wiki/OsCar
3ecdf6a.97 a3ac44ee c37fd8 h ???????? 004 /wiki/LangNachtDerWissenschaften
3ecdf6d.83 050990c3 c37fd8 h ???????? 004 /wiki/PhilipGlass
3ecdf6f.83 a3ac44ee c37fd8 h ???????? 003 /wiki/LeanBrainManagement
3ecdf72.7f 050990c3 c37fd8 h ???????? 003 /wiki/PierreBourdieu
3ecdf74.7d a3ac44ee c37fd8 h ???????? 003 /wiki/ReinforcementLearning
3ecdf77.8b 050990c3 c37fd8 h ???????? 003 /wiki/PierreOmidyar
3ecdf79.b8 a3ac44ee c37fd8 h ???????? 003 /wiki/ReinhardKeilSlawik
3ecdf7c.87 050990c3 c37fd8 h ???????? 004 /wiki/PieschenTv
3ecdf7e.cd a3ac44ee c37fd8 h ???????? 004 /wiki/ReinoDeEspana
3ecdf81.f0 050990c3 c37fd8 h ???????? 004 /wiki/PippiLangstrumpf
3ecdf83.e4 a3ac44ee c37fd8 h ???????? 004 /wiki/ResourceDescriptionFramework
3ecdf87.38 050990c3 c37fd8 h ???????? 003 /wiki/PizzaMario
3ecdf88.ed a3ac44ee c37fd8 h ???????? 004 /wiki/RichardCyganiak
3ecdf8b.f3 050990c3 c37fd8 h ???????? 003 /wiki/PkOst
3ecdf8e.66 a3ac44ee c37fd8 h ???????? 003 /wiki/RichardStrauss
3ecdf91.16 050990c3 c37fd8 h ???????? 003 /wiki/PostPrivacy
3ecdf93.11 a3ac44ee c37fd8 h ???????? 004 /wiki/RichardWasserfuhr
3ecdf95.ed 050990c3 c37fd8 h ???????? 003 /wiki/QueenslandOne
3ecdf98.d0 a3ac44ee c37fd8 h ???????? 004 /wiki/RichardWasserfuhr
3ecdf9a.c3 9e45fcb0 c37fd8 h ???????? 002 //robots.txt
3ecdf9a.d4 050990c3 c37fd8 h ???????? 004 /wiki/RabIf
3ecdf9e.00 a3ac44ee c37fd8 h ???????? 004 /wiki/RitaRodin
3ecdf9f.78 050990c3 c37fd8 h ???????? 004 /wiki/RachidaDati
3ecdfa0.44 9e45fcb0 c37fd8 h ???????? 003 //rss.jsp
3ecdfa3.c1 a3ac44ee c37fd8 h ???????? 003 /wiki/RitchiePettauer
3ecdfa4.74 050990c3 c37fd8 h ???????? 004 /wiki/RadeBerg
3ecdfa4.bb 9e45fcb0 c37fd8 h ???????? 00c //rss.jsp
3ecdfa8.f3 9e45fcb0 c37fd8 h ???????? 007 //rss.jsp
3ecdfa9.09 a3ac44ee c37fd8 h ???????? 004 /wiki/RobertEndreTarjan
3ecdfa9.6b 050990c3 c37fd8 h ???????? 004 /wiki/RainerMaria
3ecdfad.64 9e45fcb0 c37fd8 h ???????? 002 //rss.jsp
3ecdfae.0b a3ac44ee c37fd8 h ???????? 004 /wiki/RobertHechtNielsen
3ecdfae.98 050990c3 c37fd8 h ???????? 004 /wiki/RainerNiess
3ecdfb1.81 9e45fcb0 c37fd8 h ???????? 002 //rss.jsp
3ecdfb3.27 a3ac44ee c37fd8 h ???????? 004 /wiki/RobertWeichert
3ecdfb3.90 050990c3 c37fd8 h ???????? 004 /wiki/RainierTower
3ecdfb7.c5 9e45fcb0 c37fd8 h ???????? 003 //rss.jsp
3ecdfb8.4a a3ac44ee c37fd8 h ???????? 004 /wiki/RobinMilner
3ecdfb8.96 050990c3 c37fd8 h ???????? 003 /wiki/RalfLippold
3ecdfbc.d7 9e45fcb0 c37fd8 h ???????? 003 //rss.jsp
3ecdfbd.5d a3ac44ee c37fd8 h ???????? 003 /wiki/RokoMijic
3ecdfbe.32 050990c3 c37fd8 h ???????? 004 /wiki/RamonaKurzweil
3ecdfc1.76 9e45fcb0 c37fd8 h ???????? 003 //rss.jsp
3ecdfc3.5a 050990c3 c37fd8 h ???????? 004 /wiki/RasKolNiKoff
3ecdfc3.91 a3ac44ee c37fd8 h ???????? 007 /wiki/RomySchneider
3ecdfc6.13 9e45fcb0 c37fd8 h ???????? 00c //rss.jsp
3ecdfc8.f3 a3ac44ee c37fd8 h ???????? 007 /wiki/RonEckhardt
3ecdfc9.07 050990c3 c37fd8 h ???????? 004 /wiki/RauMobil
3ecdfca.c8 9e45fcb0 c37fd8 h ???????? 002 //rss.jsp
3ecdfce.18 a3ac44ee c37fd8 h ???????? 009 /wiki/RonEckhardt
3ecdfce.31 050990c3 c37fd8 h ???????? 004 /wiki/RauschenBach
3ecdfd0.72 9e45fcb0 c37fd8 h ???????? 003 //rss.jsp
3ecdfd2.f9 a3ac44ee c37fd8 h ???????? 004 /wiki/RonSun
3ecdfd3.8c 050990c3 c37fd8 h ???????? 003 /wiki/RayBradbury
3ecdfd5.f8 9e45fcb0 c37fd8 h ???????? 002 //rss.jsp
3ecdfd8.26 a3ac44ee c37fd8 h ???????? 004 /wiki/RubenBohnet
3ecdfd8.88 050990c3 c37fd8 h ???????? 005 /wiki/ReNaissance
3ecdfdc.43 9e45fcb0 c37fd8 h ???????? 003 //rss.jsp
3ecdfdd.69 050990c3 c37fd8 h ???????? 004 /wiki/RePl
3ecdfdd.c1 a3ac44ee c37fd8 h ???????? 004 /wiki/RubenBohnet
3ecdfe0.e8 9e45fcb0 c37fd8 h ???????? 002 //rss.jsp
3ecdfe3.48 a3ac44ee c37fd8 h ???????? 00e /wiki/SamPa
3ecdfe3.60 050990c3 c37fd8 h ???????? 004 /wiki/RedUnda
3ecdfe5.8d 9e45fcb0 c37fd8 h ???????? 003 //rss.jsp
3ecdfe8.a2 050990c3 c37fd8 h ???????? 00a /wiki/RedeWendung
3ecdfe8.a9 a3ac44ee c37fd8 h ???????? 004 /wiki/SandraBlakeslee
3ecdfe9.94 9e45fcb0 c37fd8 h ???????? 003 //rss.jsp
3ecdfed.d2 9e45fcb0 c37fd8 h ???????? 003 //rss.jsp
3ecdfee.42 050990c3 c37fd8 h ???????? 00a /wiki/RegEx
3ecdfee.43 a3ac44ee c37fd8 h ???????? 009 /wiki/SarSa
3ecdff3.73 9e45fcb0 c37fd8 h ???????? 003 //rss.jsp
3ecdff3.83 a3ac44ee c37fd8 h ???????? 005 /wiki/SchloesserNacht
3ecdff3.bd 050990c3 c37fd8 h ???????? 004 /wiki/ReidsPalace
3ecdff7.be 9e45fcb0 c37fd8 h ???????? 002 //rss.jsp
3ecdff8.58 a3ac44ee c37fd8 h ???????? 010 /wiki/SchlossNickern
3ecdff8.bb 050990c3 c37fd8 h ???????? 004 /wiki/ReinerAnderl
3ecdffd.0d 9e45fcb0 c37fd8 h ???????? 003 //rss.jsp
3ecdffd.6c a3ac44ee c37fd8 h ???????? 004 /wiki/SchwarzMarkt
3ecdffd.e9 050990c3 c37fd8 h ???????? 004 /wiki/ReinerWeiss
3ece001.c5 9e45fcb0 c37fd8 h ???????? 003 //rss.jsp
3ece002.87 a3ac44ee c37fd8 h ???????? 005 /wiki/SchwarzMarkt
3ece003.16 050990c3 c37fd8 h ???????? 004 /wiki/RiesterRente
3ece007.1c 9e45fcb0 c37fd8 h ???????? 003 //rss.jsp
3ece008.10 050990c3 c37fd8 h ???????? 005 /wiki/RobertAmor
3ece009.8f a3ac44ee c37fd8 h ???????? 005 /wiki/SchwarzMarkt
3ece00c.5a 9e45fcb0 c37fd8 h ???????? 003 //rss.jsp
3ece00d.10 050990c3 c37fd8 h ???????? 005 /wiki/RobertBigelow
3ece00e.b6 a3ac44ee c37fd8 h ???????? 005 /wiki/ScottMonty
3ece011.a9 9e45fcb0 c37fd8 h ???????? 003 //rss.jsp
3ece012.0d 050990c3 c37fd8 h ???????? 005 /wiki/RobertEttinger
3ece013.a8 a3ac44ee c37fd8 h ???????? 005 /wiki/ScottMonty
3ece016.09 9e45fcb0 c37fd8 h ???????? 004 //rss.jsp
3ece017.0e 050990c3 c37fd8 h ???????? 005 /wiki/RobertFreitas
3ece018.cd a3ac44ee c37fd8 h ???????? 005 /wiki/SebastianGruenwaldt
3ece01a.ab 9e45fcb0 c37fd8 h ???????? 00a //rss.jsp
3ece01f.e7 9e45fcb0 c37fd8 h ???????? 003 //rss.jsp
3ece025.8a 9e45fcb0 c37fd8 h ???????? 003 //rss.jsp
3ece027.f2 050990c3 c37fd8 h ???????? 005 /wiki/RobertReich
3ece02b.b8 9e45fcb0 c37fd8 h ???????? 003 //rss.jsp
3ece02d.5e 050990c3 c37fd8 h ???????? 004 /wiki/RobertSchumann
3ece030.f2 9e45fcb0 c37fd8 h ???????? 003 //rss.jsp
3ece032.69 050990c3 c37fd8 h ???????? 005 /wiki/RocketScience
3ece034.b5 9e45fcb0 c37fd8 h ???????? 003 //rss.jsp
3ece037.8d 050990c3 c37fd8 h ???????? 005 /wiki/RoisinMurphy
3ece039.57 9e45fcb0 c37fd8 h ???????? 003 //rss.jsp
3ece03c.b0 050990c3 c37fd8 h ???????? 005 /wiki/RolandEmmerich
3ece03e.cd 9e45fcb0 c37fd8 h ???????? 003 //rss.jsp
3ece041.86 050990c3 c37fd8 h ???????? 005 /wiki/RomanWasserfuhr
3ece043.51 9e45fcb0 c37fd8 h ???????? 003 //rss.jsp
3ece046.ad 050990c3 c37fd8 h ???????? 005 /wiki/RonConway
3ece04a.0c 9e45fcb0 c37fd8 h ???????? 004 //rss.jsp
3ece04b.cc 050990c3 c37fd8 h ???????? 011 /wiki/RonaldPerelman
3ece04c.c2 42f94216 043937 h ???????? 005 /wiki/KraftVoll
3ece050.3e 9e45fcb0 c37fd8 h ???????? 005 //rss.jsp
3ece050.59 a3ac44ee c37fd8 h ???????? 003 /robots.txt
3ece050.a9 050990c3 c37fd8 h ???????? 005 /wiki/RoswithaHunold
3ece053.63 a3ac44ee c37fd8 h ???????? 005 /wiki/FriederikeLanzsch
3ece054.6f 9e45fcb0 c37fd8 h ???????? 003 //rss.jsp
3ece055.cd 050990c3 c37fd8 h ???????? 005 /wiki/RoyAmara
3ece056.a5 a3ac44ee c37fd8 h ???????? 003 /robots.txt
3ece059.52 9e45fcb0 c37fd8 h ???????? 003 //rss.jsp
3ece05a.24 a4843451 eb026b s ???????? 005 /bcHead
3ece059.e2 a3ac44ee c37fd8 h ???????? 108 /showfile.svn
3ece05a.f1 050990c3 c37fd8 h ???????? 005 /wiki/RubeGoldberg
3ece05b.48 a3ac44ee c37fd8 h ???????? 003 /robots.txt
3ece05d.8e 9e45fcb0 c37fd8 h ???????? 003 //rss.jsp
3ece05e.ab a3ac44ee c37fd8 h ???????? 005 /wiki/AiWinter
3ece05f.d7 050990c3 c37fd8 h ???????? 006 /wiki/RubensMuse
3ece061.cf 9e45fcb0 c37fd8 h ???????? 003 //rss.jsp
3ece065.58 050990c3 c37fd8 h ???????? 005 /wiki/RudyRucker
3ece068.d7 9e45fcb0 c37fd8 h ???????? 005 //rss.jsp
3ece06a.6d 050990c3 c37fd8 h ???????? 004 /wiki/RuettenScheid
3ece06e.b0 9e45fcb0 c37fd8 h ???????? 002 //rss.jsp
3ece06f.c3 050990c3 c37fd8 h ???????? 004 /wiki/SBahnDresden
3ece072.d6 9e45fcb0 c37fd8 h ???????? 003 //rss.jsp
3ece074.eb 050990c3 c37fd8 h ???????? 004 /wiki/SaLoppe
3ece077.81 9e45fcb0 c37fd8 h ???????? 003 //rss.jsp
3ece079.f9 050990c3 c37fd8 h ???????? 005 /wiki/SingularitaetsKekse
3ece07e.ba 9e45fcb0 c37fd8 h ???????? 003 //rss.jsp
3ece07f.31 050990c3 c37fd8 h ???????? 005 /wiki/SingularityInside
3ece082.d9 9e45fcb0 c37fd8 h ???????? 003 //rss.jsp
3ece084.6d 050990c3 c37fd8 h ???????? 004 /wiki/SingularityIsNearFilm
3ece087.4c 9e45fcb0 c37fd8 h ???????? 003 //rss.jsp
3ece089.a0 050990c3 c37fd8 h ???????? 004 /wiki/SingularityUniversity
3ece08b.4f 9e45fcb0 c37fd8 h ???????? 004 //rss.jsp
3ece08e.d0 050990c3 c37fd8 h ???????? 005 /wiki/SintFlut
3ece08e.fa 9e45fcb0 c37fd8 h ???????? 004 //rss.jsp
3ece093.07 9e45fcb0 c37fd8 h ???????? 003 //rss.jsp
3ece093.f4 050990c3 c37fd8 h ???????? 004 /wiki/SkyNet
3ece098.57 9e45fcb0 c37fd8 h ???????? 003 //rss.jsp
3ece098.f2 050990c3 c37fd8 h ???????? 004 /wiki/SmokeyBear
3ece09c.a0 9e45fcb0 c37fd8 h ???????? 003 //rss.jsp
3ece09e.29 050990c3 c37fd8 h ???????? 005 /wiki/SmsDresdenZwo
3ece0a2.65 9e45fcb0 c37fd8 h ???????? 003 //rss.jsp
3ece0a3.4a 050990c3 c37fd8 h ???????? 005 /wiki/SnipSnap
3ece0a5.f2 9e45fcb0 c37fd8 h ???????? 003 //rss.jsp
3ece0a9.96 9e45fcb0 c37fd8 h ???????? 003 //rss.jsp
3ece0ad.95 9e45fcb0 c37fd8 h ???????? 003 //rss.jsp
3ece0b1.9a 9e45fcb0 c37fd8 h ???????? 003 //rss.jsp
3ece0b5.b8 9e45fcb0 c37fd8 h ???????? 004 //rss.jsp
3ece0b9.de 9e45fcb0 c37fd8 h ???????? 003 //rss.jsp
3ece0be.e5 9e45fcb0 c37fd8 h ???????? 003 //rss.jsp
3ece0c2.87 9e45fcb0 c37fd8 h ???????? 003 //rss.jsp
3ece0c7.d9 9e45fcb0 c37fd8 h ???????? 003 //rss.jsp
3ece0cc.b2 9e45fcb0 c37fd8 h ???????? 003 //rss.jsp
3ece0d0.e6 9e45fcb0 c37fd8 h ???????? 003 //rss.jsp
3ece0d5.14 9e45fcb0 c37fd8 h ???????? 003 //rss.jsp
3ece0da.8d 9e45fcb0 c37fd8 h ???????? 003 //rss.jsp
3ece0e0.67 9e45fcb0 c37fd8 h ???????? 004 //rss.jsp
3ece0e5.0b 9e45fcb0 c37fd8 h ???????? 003 //rss.jsp
3ece0ea.03 9e45fcb0 c37fd8 h ???????? 004 //rss.jsp
3ece0ef.34 9e45fcb0 c37fd8 h ???????? 003 //rss.jsp
3ece0f4.06 9e45fcb0 c37fd8 h ???????? 003 //rss.jsp
3ece0fc.74 9e45fcb0 c37fd8 h ???????? 003 //rss.jsp
3ece101.61 9e45fcb0 c37fd8 h ???????? 003 //rss.jsp
3ece106.3b 9e45fcb0 c37fd8 h ???????? 004 //rss.jsp
3ece10c.b1 9e45fcb0 c37fd8 h ???????? 003 //rss.jsp
3ece111.e6 9e45fcb0 c37fd8 h ???????? 004 //rss.jsp
3ece116.d0 9e45fcb0 c37fd8 h ???????? 003 //rss.jsp
3ece117.97 d9b68420 433e9c h ???????? 003 /edit/28556001
3ece11b.70 9e45fcb0 c37fd8 h ???????? 004 //rss.jsp
3ece121.0c 9e45fcb0 c37fd8 h ???????? 003 //rss.jsp
3ece126.59 9e45fcb0 c37fd8 h ???????? 003 //rss.jsp
3ece12b.e9 9e45fcb0 c37fd8 h ???????? 003 //rss.jsp
3ece130.03 9e45fcb0 c37fd8 h ???????? 003 //rss.jsp
3ece134.91 9e45fcb0 c37fd8 h ???????? 003 //rss.jsp
3ece139.da 9e45fcb0 c37fd8 h ???????? 003 //rss.jsp
3ece13e.9b 9e45fcb0 c37fd8 h ???????? 003 //rss.jsp
3ece143.92 9e45fcb0 c37fd8 h ???????? 003 //rss.jsp
3ece148.3f 9e45fcb0 c37fd8 h ???????? 003 //rss.jsp
3ece151.87 9e45fcb0 c37fd8 h ???????? 021 //rss.jsp
3ece157.06 9e45fcb0 c37fd8 h ???????? 006 //wiki/AgenturFuerArbeit
3ece1e5.51 42f95c17 70a047 h ???????? 004 //rss.rdf
3ece23f.31 42f94218 043937 h ???????? 006 /wiki/StuttGart21
3ece2f6.62 0585b70e b908ee h ???????? 005 //rss.rdf
3ece420.8f 42f94217 043937 h ???????? 006 /wiki/XrT6lMf1icw
3ece66f.da 42f94216 043937 h ???????? 005 /wiki/DvbTram2639
3ece72b.6f 44b4e570 aec21f h ???????? 004 /robots.txt
3ece72c.08 44b4e570 aec21f h ???????? 025 /
3ece81e.5d 42f94217 043937 h ???????? 006 /wiki/LifeDay15821
3ece8df.e8 42f94217 043937 h ???????? 006 /wiki/RechenSchaft
3ece8ee.f9 33ff4114 433e9c h ???????? 004 /edit/9826001
3ece93c.85 97502765 433e9c h ???????? 005 /t/robots.txt
3eceb2b.19 cf2e0d7a 6a88e8 h ???????? 006 /wiki/MattisManzel
3ecec42.db 42f94216 043937 h ???????? 006 /wiki/LoadBearing
3ecec52.2e 42f94218 043937 h ???????? 005 /wiki/LifeDay15827
3ececf0.56 d94585d8 399ff9 h ???????? 00b /robots.txt
3ececf9.61 d9458543 399ff9 h ???????? 005 /wiki/OurFuture
3eced01.69 d9458543 399ff9 h ???????? 005 /wiki/MindPost
3eced09.26 d94585d7 399ff9 h ???????? 005 /wiki/GrillStuebel
3eced10.ad d94585db 399ff9 h ???????? 005 /wiki/AtEm
3eced18.be d94585db 399ff9 h ???????? 003 /arb
3eced20.a3 d9458543 399ff9 h ???????? 005 /wiki/KurzweilVortrag
3eced28.60 d94585d7 399ff9 h ???????? 005 /wiki/AntiPotemkin
3eced30.68 d94585da 399ff9 h ???????? 005 /wiki/GenerationYt
3eced38.72 d94585d8 399ff9 h ???????? 006 /wiki/BetOrBett
3eced40.83 d9458555 399ff9 h ???????? 006 /wiki/68002
3eced4a.28 d9458543 399ff9 h ???????? 005 /wiki/DalvikVm
3eced86.1e 42f94217 043937 h ???????? 005 /wiki/WaschMeister
3eceda6.4e b44c0f1d a04d28 h ???????? 005 /wiki/SingularityUniversity
3eceda6.ae b44c0f8a fa643b h ???????? 003 /robots.txt
3ecf102.4e 42f94216 043937 h ???????? 006 /wiki/MichaelDoerr
3ecf15e.7c cf2e0d11 6a88e8 s ???????? 028 /
3ecf20b.c3 c6ccf45a c37fd8 h ???????? 005 /robots.txt
3ecf20e.46 c6ccf45a c37fd8 h ???????? 004 //rss.jsp
3ecf20f.bc 42f94217 043937 h ???????? 005 /wiki/TinkyWinky
3ecf214.d8 c6ccf45a c37fd8 h ???????? 003 //rss.jsp
3ecf217.c3 c6ccf45a c37fd8 h ???????? 003 //rss.jsp
3ecf21f.c0 c6ccf45a c37fd8 h ???????? 003 //rss.jsp
3ecf221.ae c6ccf45a c37fd8 h ???????? 004 //rss.jsp
3ecf224.82 c6ccf45a c37fd8 h ???????? 004 //rss.jsp
3ecf22b.96 c6ccf45a c37fd8 h ???????? 003 //rss.jsp
3ecf231.d6 c6ccf45a c37fd8 h ???????? 003 //rss.jsp
3ecf268.90 c6ccf45a c37fd8 h ???????? 003 //rss.jsp
3ecf26c.e8 c6ccf45a c37fd8 h ???????? 004 //rss.jsp
3ecf26f.1d c6ccf45a c37fd8 h ???????? 004 //rss.jsp
3ecf273.5f 44b4e71a aec21f h ???????? 003 /robots.txt
3ecf274.3a 44b4e71a aec21f h ???????? 003 /love/4d
3ecf275.ce c6ccf45a c37fd8 h ???????? 004 //rss.jsp
3ecf27c.c0 c6ccf45a c37fd8 h ???????? 004 //rss.jsp
3ecf281.8a c6ccf45a c37fd8 h ???????? 004 //rss.jsp
3ecf283.c6 c6ccf45a c37fd8 h ???????? 003 //rss.jsp
3ecf289.e4 c6ccf45a c37fd8 h ???????? 004 //rss.jsp
3ecf28d.9c c6ccf45a c37fd8 h ???????? 004 //rss.jsp
3ecf297.b1 c6ccf45a c37fd8 h ???????? 004 //rss.jsp
3ecf29a.47 c6ccf45a c37fd8 h ???????? 004 //rss.jsp
3ecf2a1.54 c6ccf45a c37fd8 h ???????? 004 //rss.jsp
3ecf2a6.72 c6ccf45a c37fd8 h ???????? 004 //rss.jsp
3ecf2c9.3c c6ccf45a c37fd8 h ???????? 004 //rss.jsp
3ecf2cc.30 c6ccf45a c37fd8 h ???????? 004 //rss.jsp
3ecf2d8.3c c6ccf45a c37fd8 h ???????? 004 //rss.jsp
3ecf2de.2a c6ccf45a c37fd8 h ???????? 007 //rss.jsp
3ecf2e5.67 c6ccf45a c37fd8 h ???????? 004 //rss.jsp
3ecf2eb.4a c6ccf45a c37fd8 h ???????? 004 //rss.jsp
3ecf2f0.86 c6ccf45a c37fd8 h ???????? 004 //rss.jsp
3ecf2f6.ca c6ccf45a c37fd8 h ???????? 004 //rss.jsp
3ecf2fc.26 c6ccf45a c37fd8 h ???????? 004 //rss.jsp
3ecf2fe.d7 c6ccf45a c37fd8 h ???????? 004 //rss.jsp
3ecf301.af c6ccf45a c37fd8 h ???????? 003 //rss.jsp
3ecf30d.d4 c6ccf45a c37fd8 h ???????? 004 //rss.jsp
3ecf312.17 c6ccf45a c37fd8 h ???????? 005 //rss.jsp
3ecf316.f6 c6ccf45a c37fd8 h ???????? 003 //rss.jsp
3ecf31a.df c6ccf45a c37fd8 h ???????? 004 //rss.jsp
3ecf31c.d4 c6ccf45a c37fd8 h ???????? 003 //rss.jsp
3ecf320.b9 c6ccf45a c37fd8 h ???????? 005 //rss.jsp
3ecf324.4a c6ccf45a c37fd8 h ???????? 004 //rss.jsp
3ecf329.1a c6ccf45a c37fd8 h ???????? 004 //rss.jsp
3ecf369.c8 c6ccf45a c37fd8 h ???????? 005 //rss.jsp
3ecf36b.e9 c6ccf45a c37fd8 h ???????? 004 //rss.jsp
3ecf36e.eb c6ccf45a c37fd8 h ???????? 004 //rss.jsp
3ecf373.83 c6ccf45a c37fd8 h ???????? 003 //rss.jsp
3ecf37d.41 c6ccf45a c37fd8 h ???????? 004 //rss.jsp
3ecf38b.4b c6ccf45a c37fd8 h ???????? 004 //rss.jsp
3ecf38e.3c c6ccf45a c37fd8 h ???????? 003 //rss.jsp
3ecf398.28 c6ccf45a c37fd8 h ???????? 004 //rss.jsp
3ecf3a0.57 c6ccf45a c37fd8 h ???????? 004 //rss.jsp
3ecf3a3.10 c6ccf45a c37fd8 h ???????? 004 //rss.jsp
3ecf3ab.d8 c6ccf45a c37fd8 h ???????? 004 //rss.jsp
3ecf3b7.2a c6ccf45a c37fd8 h ???????? 005 //rss.jsp
3ecf3be.e4 c6ccf45a c37fd8 h ???????? 004 //rss.jsp
3ecf3c1.9e c6ccf45a c37fd8 h ???????? 004 //rss.jsp
3ecf3c8.da c6ccf45a c37fd8 h ???????? 004 //rss.jsp
3ecf3cb.08 c6ccf45a c37fd8 h ???????? 004 //rss.jsp
3ecf3d0.62 c6ccf45a c37fd8 h ???????? 004 //rss.jsp
3ecf3d6.a6 c6ccf45a c37fd8 h ???????? 004 //rss.jsp
3ecf3df.3c c6ccf45a c37fd8 h ???????? 005 //rss.jsp
3ecf3e1.db c6ccf45a c37fd8 h ???????? 004 //rss.jsp
3ecf3e3.c4 c6ccf45a c37fd8 h ???????? 005 //rss.jsp
3ecf3e9.c7 c6ccf45a c37fd8 h ???????? 004 //rss.jsp
3ecf404.b3 c6ccf45a c37fd8 h ???????? 004 //rss.jsp
3ecf406.96 c6ccf45a c37fd8 h ???????? 004 //rss.jsp
3ecf412.2f c6ccf45a c37fd8 h ???????? 005 //rss.jsp
3ecf415.d0 c6ccf45a c37fd8 h ???????? 004 //rss.jsp
3ecf41b.e7 c6ccf45a c37fd8 h ???????? 004 //rss.jsp
3ecf420.d9 c6ccf45a c37fd8 h ???????? 004 //rss.jsp
3ecf423.85 c6ccf45a c37fd8 h ???????? 005 //rss.jsp
3ecf427.d9 c6ccf45a c37fd8 h ???????? 004 //rss.jsp
3ecf42d.51 c6ccf45a c37fd8 h ???????? 005 //rss.jsp
3ecf438.ce c6ccf45a c37fd8 h ???????? 004 //rss.jsp
3ecf441.f7 c6ccf45a c37fd8 h ???????? 005 //rss.jsp
3ecf447.f9 c6ccf45a c37fd8 h ???????? 003 //rss.jsp
3ecf453.54 c6ccf45a c37fd8 h ???????? 005 //rss.jsp
3ecf456.33 c6ccf45a c37fd8 h ???????? 004 //rss.jsp
3ecf45a.22 c6ccf45a c37fd8 h ???????? 004 //rss.jsp
3ecf45f.47 c6ccf45a c37fd8 h ???????? 004 //rss.jsp
3ecf466.cc c6ccf45a c37fd8 h ???????? 004 //rss.jsp
3ecf46f.b2 c6ccf45a c37fd8 h ???????? 004 //rss.jsp
3ecf47b.7b c6ccf45a c37fd8 h ???????? 012 //rss.jsp
3ecf482.de c6ccf45a c37fd8 h ???????? 004 //rss.jsp
3ecf485.d7 c6ccf45a c37fd8 h ???????? 004 //rss.jsp
3ecf4a3.5a 42f94217 043937 h ???????? 007 /wiki/SchoeneFeld
3ecf4ae.f0 c6ccf45a c37fd8 h ???????? 005 //rss.jsp
3ecf4b1.77 c6ccf45a c37fd8 h ???????? 004 //rss.jsp
3ecf4b4.bb c6ccf45a c37fd8 h ???????? 004 //rss.jsp
3ecf4b7.bf c6ccf45a c37fd8 h ???????? 004 //rss.jsp
3ecf4be.00 c6ccf45a c37fd8 h ???????? 004 //rss.jsp
3ecf4c6.c3 c6ccf45a c37fd8 h ???????? 007 //wiki/AgenturFuerArbeit
3ecf4d2.a9 c6ccf45a c37fd8 h ???????? 005 /rss.jsp
3ecf4d8.05 c6ccf45a c37fd8 h ???????? 004 /rss.jsp
3ecf4dc.16 c6ccf45a c37fd8 h ???????? 004 /rss.jsp
3ecf4e4.2b c6ccf45a c37fd8 h ???????? 004 /rss.jsp
3ecf4e9.50 c6ccf45a c37fd8 h ???????? 004 /rss.jsp
3ecf4eb.b8 c6ccf45a c37fd8 h ???????? 005 /rss.jsp
3ecf4f6.e5 c6ccf45a c37fd8 h ???????? 005 /rss.jsp
3ecf4fc.f3 c6ccf45a c37fd8 h ???????? 004 /rss.jsp
3ecf506.1e c6ccf45a c37fd8 h ???????? 005 /rss.jsp
3ecf50d.e3 c6ccf45a c37fd8 h ???????? 005 /rss.jsp
3ecf513.43 c6ccf45a c37fd8 h ???????? 007 /rss.jsp
3ecf540.7b c6ccf45a c37fd8 h ???????? 006 /rss.jsp
3ecf551.23 c6ccf45a c37fd8 h ???????? 005 /rss.jsp
3ecf554.82 c6ccf45a c37fd8 h ???????? 005 /rss.jsp
3ecf557.a3 c6ccf45a c37fd8 h ???????? 005 /rss.jsp
3ecf55b.49 c6ccf45a c37fd8 h ???????? 002 /rss.jsp
3ecf562.e9 c6ccf45a c37fd8 h ???????? 007 /rss.jsp
3ecf56b.16 c6ccf45a c37fd8 h ???????? 001 /rss.jsp
3ecf578.dd c6ccf45a c37fd8 h ???????? 002 /rss.jsp
3ecf582.0a c6ccf45a c37fd8 h ???????? 004 /rss.jsp
3ecf585.13 c6ccf45a c37fd8 h ???????? 001 /rss.jsp
3ecf58b.22 c6ccf45a c37fd8 h ???????? 002 /rss.jsp
3ecf58d.c3 c6ccf45a c37fd8 h ???????? 001 /rss.jsp
3ecf591.42 c6ccf45a c37fd8 h ???????? 002 /rss.jsp
3ecf597.bd c6ccf45a c37fd8 h ???????? 001 /rss.jsp
3ecf5a4.87 c6ccf45a c37fd8 h ???????? 001 /rss.jsp
3ecf5a9.a2 c6ccf45a c37fd8 h ???????? 001 /rss.jsp
3ecf5b5.14 42f94218 043937 h ???????? 004 /wiki/SolarAnlage
3ecf5b9.60 c6ccf45a c37fd8 h ???????? 001 /rss.jsp
3ecf5bd.28 c6ccf45a c37fd8 h ???????? 001 /rss.jsp
3ecf5bf.23 c6ccf45a c37fd8 h ???????? 001 /rss.jsp
3ecf5f5.b2 c6ccf45a c37fd8 h ???????? 001 /rss.jsp
3ecf5f7.6a c6ccf45a c37fd8 h ???????? 001 /rss.jsp
3ecf5fa.5e c6ccf45a c37fd8 h ???????? 002 /rss.jsp
3ecf5fd.98 c6ccf45a c37fd8 h ???????? 001 /rss.jsp
3ecf606.7c c6ccf45a c37fd8 h ???????? 002 /rss.jsp
3ecf60e.ee c6ccf45a c37fd8 h ???????? 002 /rss.jsp
3ecf617.25 c6ccf45a c37fd8 h ???????? 00e /rss.jsp
3ecf61a.86 c6ccf45a c37fd8 h ???????? 001 /rss.jsp
3ecf61e.f7 c6ccf45a c37fd8 h ???????? 002 /rss.jsp
3ecf621.ce c6ccf45a c37fd8 h ???????? 002 /rss.jsp
3ecf625.95 c6ccf45a c37fd8 h ???????? 001 /rss.jsp
3ecf627.c5 c6ccf45a c37fd8 h ???????? 008 /rss.jsp
3ecf62b.a1 c6ccf45a c37fd8 h ???????? 002 /rss.jsp
3ecf62e.c4 c6ccf45a c37fd8 h ???????? 001 /rss.jsp
3ecf637.ea a4843451 eb026b s ???????? 002 /bcHead
3ecf637.ac c6ccf45a c37fd8 h ???????? 0f7 /showfile.svn
3ecf642.f7 c6ccf45a c37fd8 h ???????? 003 /wiki/AaaiFellow
3ecf64d.75 c6ccf45a c37fd8 h ???????? 004 /wiki/AaronSloman
3ecf659.80 c6ccf45a c37fd8 h ???????? 003 /wiki/AbdulayeBalde
3ecf662.d8 c6ccf45a c37fd8 h ???????? 003 /wiki/AbielGuerra
3ecf6b0.eb c6ccf45a c37fd8 h ???????? 003 /wiki/AccelerAndo
3ecf6bd.d3 c6ccf45a c37fd8 h ???????? 003 /wiki/AcceleratingFuturePeopleDatabase
3ecf6d1.0c c6ccf45a c37fd8 h ???????? 002 /wiki/ActuarialEscapeVelocity
3ecf6d5.9c 42f94216 043937 h ???????? 003 /wiki/FaehrGarten
3ecf6dd.12 c6ccf45a c37fd8 h ???????? 003 /wiki/AdVent
3ecf6ec.1a c6ccf45a c37fd8 h ???????? 002 /wiki/AdaptiveAi
3ecf6f1.03 c6ccf45a c37fd8 h ???????? 002 /wiki/AiVirus
3ecf702.93 c6ccf45a c37fd8 h ???????? 002 /wiki/AiWinter
3ecf715.0b c6ccf45a c37fd8 h ???????? 003 /wiki/AlexanderKluge
3ecf751.10 c6ccf45a c37fd8 h ???????? 003 /wiki/AlgenDresden
3ecf75a.7d c6ccf45a c37fd8 h ???????? 003 /wiki/AliaSabur
3ecf763.53 c6ccf45a c37fd8 h ???????? 002 /wiki/AllianzSe
3ecf774.4e c6ccf45a c37fd8 h ???????? 002 /wiki/ArapahoeHighSchool
3ecf782.37 c6ccf45a c37fd8 h ???????? 003 /wiki/ArapahoeHighSchool
3ecf78c.6e c6ccf45a c37fd8 h ???????? 003 /wiki/ArchiCad
3ecf793.31 c6ccf45a c37fd8 h ???????? 003 /wiki/AristidLindenmayer
3ecf79f.6e c6ccf45a c37fd8 h ???????? 003 /wiki/ArmLimited
3ecf7b6.22 c6ccf45a c37fd8 h ???????? 003 /wiki/ArmLimited
3ecf7fc.34 c6ccf45a c37fd8 h ???????? 004 /wiki/ArminGrunwald
3ecf817.b6 c6ccf45a c37fd8 h ???????? 003 /wiki/ArneKlempert
3ecf824.72 c6ccf45a c37fd8 h ???????? 003 /wiki/ArthurLesk
3ecf833.6a c6ccf45a c37fd8 h ???????? 003 /wiki/AvaLanche
3ecf843.b3 c6ccf45a c37fd8 h ???????? 003 /wiki/BautznerStrasse82
3ecf84c.77 c6ccf45a c37fd8 h ???????? 003 /wiki/BeeGroup
3ecf852.21 c6ccf45a c37fd8 h ???????? 00c /wiki/BeeGroup
3ecf857.db c6ccf45a c37fd8 h ???????? 003 /wiki/BeerWare
3ecf863.dc c6ccf45a c37fd8 h ???????? 002 /wiki/BuzzwordBingo
3ecf8ad.f5 c6ccf45a c37fd8 h ???????? 004 /wiki/CafeOle
3ecf8be.97 c6ccf45a c37fd8 h ???????? 002 /wiki/CargoCult
3ecf8cd.fa c6ccf45a c37fd8 h ???????? 003 /wiki/ClassicoItaliano
3ecf8df.63 c6ccf45a c37fd8 h ???????? 003 /wiki/ClausJacob
3ecf8ee.07 c6ccf45a c37fd8 h ???????? 005 /wiki/ComputerGo
3ecf8f7.50 c6ccf45a c37fd8 h ???????? 003 /wiki/DanielDennett
3ecf8fd.f6 c6ccf45a c37fd8 h ???????? 003 /wiki/DavidBrin
3ecf90e.88 c6ccf45a c37fd8 h ???????? 003 /wiki/DavidKushner
3ecf921.59 c6ccf45a c37fd8 h ???????? 003 /wiki/DebattierBar
3ecf92c.f1 c6ccf45a c37fd8 h ???????? 003 /wiki/DeeHock
3ecf930.d5 c6ccf45a c37fd8 h ???????? 004 /wiki/DevelopmentAgency
3ecf968.93 57efdec5 78459b h ???????? 019 /
3ecf991.94 c6ccf45a c37fd8 h ???????? 003 /wiki/DirkHillbrecht
3ecf9a7.99 c6ccf45a c37fd8 h ???????? 003 /wiki/DisSertation
3ecf9b3.92 c6ccf45a c37fd8 h ???????? 00b /wiki/EichsFeld
3ecf9ba.81 c6ccf45a c37fd8 h ???????? 003 /wiki/FilippoTommasoMarinetti
3ecf9c4.4a a484a13d 433e9c h ???????? 002 /edit/22456003
3ecf9ca.bb c6ccf45a c37fd8 h ???????? 003 /wiki/FlorianMatthes
3ecf9d4.41 c6ccf45a c37fd8 h ???????? 003 /wiki/FlorianVogelmaier
3ecf9e2.5f c6ccf45a c37fd8 h ???????? 017 /wiki/FosterSchucker
3ecf9f2.00 c6ccf45a c37fd8 h ???????? 005 /wiki/FosterSchucker
3ecf9fe.ce c6ccf45a c37fd8 h ???????? 004 /wiki/FriederikeLanzsch
3ecfa6d.e3 c6ccf45a c37fd8 h ???????? 004 /wiki/FritzWysotzki
3ecfa78.5a c6ccf45a c37fd8 h ???????? 003 /wiki/GeBiss
3ecfa82.1b c6ccf45a c37fd8 h ???????? 003 /wiki/GeorgeHWBush
3ecfa96.46 c6ccf45a c37fd8 h ???????? 004 /wiki/GerhardAmann
3ecfaa5.46 c6ccf45a c37fd8 h ???????? 003 /wiki/GerhardFettweis
3ecfaae.8a c6ccf45a c37fd8 h ???????? 003 /wiki/GerhardWeikum
3ecfab7.6d c6ccf45a c37fd8 h ???????? 003 /wiki/GitteHaenning
3ecfac5.dc c6ccf45a c37fd8 h ???????? 003 /wiki/GiulioPrisco
3ecfad2.0d c6ccf45a c37fd8 h ???????? 003 /wiki/GlaesernesUnternehmen
3ecfae1.5e c6ccf45a c37fd8 h ???????? 003 /wiki/GlasHuette
3ecfaeb.23 c6ccf45a c37fd8 h ???????? 003 /wiki/GlasKugel
3ecfb26.50 c6ccf45a c37fd8 h ???????? 003 /wiki/GlasPerlenSpiel
3ecfb2d.99 c6ccf45a c37fd8 h ???????? 004 /wiki/GleisSieben
3ecfb45.65 c6ccf45a c37fd8 h ???????? 003 /wiki/GlobalGeld
3ecfb4d.ad c6ccf45a c37fd8 h ???????? 003 /wiki/GlobalIntellectuals
3ecfb58.49 c6ccf45a c37fd8 h ???????? 003 /wiki/GoSeigen
3ecfb61.b6 c6ccf45a c37fd8 h ???????? 003 /wiki/GoedelNumber
3ecfb6a.f0 c6ccf45a c37fd8 h ???????? 003 /wiki/GojkoMitic
3ecfb7c.54 c6ccf45a c37fd8 h ???????? 006 /wiki/GoldenGateBridge
3ecfb91.ad c6ccf45a c37fd8 h ???????? 003 /wiki/GoogleBomb
3ecfb96.4b 42f94216 043937 h ???????? 003 /wiki/LifeDay16162
3ecfb9d.ef 42f94217 043937 h ???????? 004 /wiki/LifeDay16140
3ecfbce.c4 c6ccf45a c37fd8 h ???????? 004 /wiki/GoogleEarth
3ecfbdb.92 c6ccf45a c37fd8 h ???????? 004 /wiki/GoogleGears
3ecfbe5.d3 c6ccf45a c37fd8 h ???????? 004 /wiki/GoogleMail
3ecfbec.f8 c6ccf45a c37fd8 h ???????? 004 /wiki/GoogleMind
3ecfc06.38 c6ccf45a c37fd8 h ???????? 004 /wiki/GoogleSpaceTower
3ecfc13.d3 c6ccf45a c37fd8 h ???????? 004 /wiki/GordonBrown
3ecfc22.5d c6ccf45a c37fd8 h ???????? 003 /wiki/GottfriedBenn
3ecfc30.75 c6ccf45a c37fd8 h ???????? 003 /wiki/GunterHellmann
3ecfc3a.96 c6ccf45a c37fd8 h ???????? 004 /wiki/HavelBluete
3ecfc5e.23 c6ccf45a c37fd8 h ???????? 003 /wiki/HerzBlatt
3ecfc66.8c c6ccf45a c37fd8 h ???????? 003 /wiki/HetjensMuseum
3ecfc80.83 c6ccf45a c37fd8 h ???????? 003 /wiki/HeyJoePrinzip
3ecfc92.11 4a73d68b 3d8b22 h ???????? 002 /robots.txt
3ecfc92.8d 4a73d69b 3d8b22 h ???????? 01b /
3ecfc94.ba c6ccf45a c37fd8 h ???????? 003 /wiki/HighTechGruenderfonds
3ecfc9f.c9 c6ccf45a c37fd8 h ???????? 004 /wiki/HitlerSpeaks
3ecfcb1.67 c6ccf45a c37fd8 h ???????? 004 /wiki/HochschulRektorenKonferenz
3ecfcd9.3f 42f94218 043937 h ???????? 004 /wiki/FreudenBerg
3ecfce2.6e c6ccf45a c37fd8 h ???????? 004 /wiki/HoerZu
3ecfcec.ba c6ccf45a c37fd8 h ???????? 004 /wiki/HolgerWache
3ecfcfb.0f c6ccf45a c37fd8 h ???????? 003 /wiki/HollywoodPrinciple
3ecfd23.df c6ccf45a c37fd8 h ???????? 005 /wiki/HorstNickels
3ecfd2d.e3 c6ccf45a c37fd8 h ???????? 003 /wiki/HorstNowacki
3ecfd38.05 c6ccf45a c37fd8 h ???????? 007 /wiki/HorstWHamacher
3ecfd3e.c0 c6ccf45a c37fd8 h ???????? 003 /wiki/HpGarage
3ecfd7d.5e c6ccf45a c37fd8 h ???????? 004 /wiki/JirkaSchaefer
3ecfd86.b4 c6ccf45a c37fd8 h ???????? 004 /wiki/JuliaBonk
3ecfd8e.63 c6ccf45a c37fd8 h ???????? 004 /wiki/JuniorenFirma
3ecfda2.98 c6ccf45a c37fd8 h ???????? 004 /wiki/JyvasKyla
3ecfdb5.02 c6ccf45a c37fd8 h ???????? 004 /wiki/KarlBeucke
3ecfdc0.b2 c6ccf45a c37fd8 h ???????? 004 /wiki/KatharinenStrasse1
3ecfde7.a0 c6ccf45a c37fd8 h ???????? 004 /wiki/KaufLand4180
3ecfdee.7d c6ccf45a c37fd8 h ???????? 004 /wiki/KellerFamily
3ecfdf5.dc c6ccf45a c37fd8 h ???????? 004 /wiki/KlausDaessler
3ecfdfc.0e c6ccf45a c37fd8 h ???????? 004 /wiki/LeanBrainManagement
3ecfe06.bc c6ccf45a c37fd8 h ???????? 005 /wiki/LoewenJagd
3ecfe0c.b7 c6ccf45a c37fd8 h ???????? 004 /wiki/LotteInWeimarFilm
3ecfe22.22 c6ccf45a c37fd8 h ???????? 004 /wiki/LouisBecker
3ecfe31.f9 c6ccf45a c37fd8 h ???????? 004 /wiki/MahnOrt16
3ecfe3a.1c c6ccf45a c37fd8 h ???????? 004 /wiki/MalcolmGladwell
3ecfe52.22 c6ccf45a c37fd8 h ???????? 004 /wiki/ManiFest
3ecfe59.d3 c6ccf45a c37fd8 h ???????? 004 /wiki/MarcelBeyer
3ecfe88.97 c6ccf45a c37fd8 h ???????? 004 /wiki/MarcheDresden
3ecfe8e.f6 c6ccf45a c37fd8 h ???????? 003 /wiki/MarcoWildner
3ecfe96.13 c6ccf45a c37fd8 h ???????? 005 /wiki/MarcusAnhaeuser
3ecfe9e.40 c6ccf45a c37fd8 h ???????? 004 /wiki/MarcusBuckingham
3ecfeb6.02 c6ccf45a c37fd8 h ???????? 003 /wiki/MarekMeyer
3ecfec2.c3 c6ccf45a c37fd8 h ???????? 004 /wiki/MariaSharapova
3ecfec5.78 d9b6843c 433e9c h ???????? 01d /edit/12586001
3ecfed1.a0 c6ccf45a c37fd8 h ???????? 004 /wiki/MarianneEhrmann
3ecfee0.17 c6ccf45a c37fd8 h ???????? 004 /wiki/MarieThereseRodetGeoffrin
3ecfef6.51 c6ccf45a c37fd8 h ???????? 004 /wiki/MariemeJamme
3ecff00.e1 c6ccf45a c37fd8 h ???????? 004 /wiki/MarikaRoekk
3ecff0c.a4 42f94217 043937 h ???????? 004 /wiki/LifeDay15778
3ecff20.a8 c6ccf45a c37fd8 h ???????? 004 /wiki/MarioBarth
3ecff37.e6 c6ccf45a c37fd8 h ???????? 004 /wiki/MarioJeckle
3ecff40.dc c6ccf45a c37fd8 h ???????? 004 /wiki/MarioNeugebauer
3ecff59.54 c6ccf45a c37fd8 h ???????? 005 /wiki/MarissaMayer
3ecff64.12 c6ccf45a c37fd8 h ???????? 004 /wiki/MarkGraban
3ecff6e.8e c6ccf45a c37fd8 h ???????? 004 /wiki/MarkPesce
3ecff78.c4 c6ccf45a c37fd8 h ???????? 004 /wiki/MarkPincus
3ecff7d.50 c6ccf45a c37fd8 h ???????? 004 /wiki/MarkTrappmann
3ecff89.75 c6ccf45a c37fd8 h ???????? 004 /wiki/MarkZuckerberg
3ecff9e.ea c6ccf45a c37fd8 h ???????? 004 /wiki/MarktHalle
3ecffd1.ec c6ccf45a c37fd8 h ???????? 004 /wiki/MarktJagd
3ecffe5.04 c6ccf45a c37fd8 h ???????? 005 /wiki/MarktLeipzig
3ecfff3.0b c6ccf45a c37fd8 h ???????? 004 /wiki/MarkusFix
3ecfffc.2d c6ccf45a c37fd8 h ???????? 005 /wiki/MarkusWacker
