3f20001.af 33ff4105 433e9c h ???????? 003 /edit/24356002
3f200c7.cf 5f6cb561 e4b041 h ???????? 026 /
3f200c8.0f 8d088e6f e4b041 s ???????? 018 /
3f2023d.30 42f94292 043937 h ???????? 004 /wiki/SichtBetong
3f20244.00 42f94290 043937 h ???????? 005 /wiki/StuetzPunkt
3f20365.fb 42f94292 043937 h ???????? 004 /wiki/KatrinMacht
3f2037f.3c 403efca3 b5eaf4 h ???????? 003 /robots.txt
3f204a6.3b 42f94290 043937 h ???????? 005 /wiki/ZehnTausend
3f205e5.4c 42f94292 043937 h ???????? 004 /wiki/LifeDay17000
3f205fe.33 5f6cb561 e4b041 h ???????? 01c /
3f205fe.75 8d088e6f e4b041 s ???????? 024 /
3f2070d.e2 42f94290 043937 h ???????? 004 /wiki/LifeDay16045
3f20949.47 a484a161 433e9c h ???????? 003 /edit/29066001
3f209d3.02 44b4e71a aec21f h ???????? 004 /wiki/RainerTest
3f20a5c.c0 42f94290 043937 h ???????? 004 /wiki/MobLogs
3f20aa7.97 284da70d 6a88e8 h ???????? 004 /wiki/ConStitucion
3f20b50.1b 42f94294 043937 h ???????? 00d /wiki/InfiniteTram
3f20c28.86 bc286647 7dfab1 h ???????? 003 //rss.jsp
3f20c28.be bc286647 7dfab1 h ???????? 002 //rss.jsp
3f20c44.78 42f94290 043937 h ???????? 004 /wiki/JoyceLesung
3f20d35.40 42f94290 043937 h ???????? 005 /wiki/ReitzenDorf
3f20dad.b7 42f94292 043937 h ???????? 004 /wiki/LebensKunst
3f20e20.0b 42f94290 043937 h ???????? 004 /wiki/GoogleGroups
3f2119b.45 42f94292 043937 h ???????? 004 /wiki/MagnusHecht
3f212b2.20 42f94294 043937 h ???????? 005 /wiki/LifeDay15798
3f216c4.37 42f95c53 70a047 h ???????? 003 //rss.rdf
3f2189f.6c 42f94294 043937 h ???????? 005 /wiki/LearningLab
3f218a5.df 42f94290 043937 h ???????? 004 /wiki/ProjectWiki
3f219b8.9d 42f94292 043937 h ???????? 005 /wiki/RalphSiegel
3f219f3.e6 05c45716 433e9c s ???????? 003 /robots.txt
3f219f4.b0 a484a108 433e9c s ???????? 01e /
3f21a6e.09 330fca95 e4b041 h ???????? 004 /wiki/LockSchuppen
3f21b9e.0b 44b4e71a aec21f h ???????? 01f /
3f21c70.30 42f94294 043937 h ???????? 005 /wiki/BeamerDating
3f21ce8.28 42f94294 043937 h ???????? 003 /crush
3f21d79.2d 42f94290 043937 h ???????? 005 /wiki/ThomasGottschalk
3f21f70.d3 42f94290 043937 h ???????? 005 /wiki/GoetterFunk
3f21f9e.f4 42f94292 043937 h ???????? 004 /wiki/ChristianeHirmer
3f2217c.6f 8d088e6f e4b041 h ???????? 004 /robots.txt
3f2217c.6e 5f6cb561 e4b041 s ???????? 008 /robots.txt
3f22180.48 5f6cb561 e4b041 s ???????? 022 /
3f22180.4d 8d088e6f e4b041 h ???????? 019 /
3f22320.32 42f94292 043937 h ???????? 003 /wiki/MartinWinterkorn
3f2232c.51 42f94290 043937 h ???????? 002 /wiki/ChristineWachtel
3f22449.b2 42f94292 043937 h ???????? 002 /wiki/GoogleDresdenLabs
3f2262e.a2 d94585d9 399ff9 h ???????? 002 /robots.txt
3f22631.1f d94585d7 399ff9 h ???????? 002 /wiki/ProPeh
3f227db.d5 42f94290 043937 h ???????? 003 /wiki/SemperStarFriseur
3f228f0.9a 42f94290 043937 h ???????? 002 /wiki/TwoSingularSquare
3f22a23.54 42f94292 043937 h ???????? 003 /wiki/LinguWerk
3f22cd0.dc d945869a 399ff9 h ???????? 001 /robots.txt
3f22cd1.de d94586a0 399ff9 h ???????? 002 /wiki/TuerAn
3f22d9d.b0 42f94292 043937 h ???????? 002 /wiki/RainerLauterbach
3f2300e.26 42f94292 043937 h ???????? 003 /wiki/IngridBiedenkopf
3f23042.c1 9750277b 433e9c h ???????? 002 /robots.txt
3f2307d.f0 17140c6f 2baa92 h ???????? 017 /
3f23118.34 403efca3 b5eaf4 h ???????? 001 /robots.txt
3f23133.ab 42f94290 043937 h ???????? 002 /wiki/AndreasPilz
3f2325d.80 42f94294 043937 h ???????? 003 /wiki/OccupySemperOper
3f232bb.34 284da70d 6a88e8 s ???????? 013 /
3f234b1.ec 42f94294 043937 h ???????? 002 /wiki/WernerJPatzelt
3f23509.ac 3cbf264e 24f5f0 s ???????? 013 /
3f2357c.8b 9b5e583a 66e770 h ???????? 018 /
3f238d3.04 42f95c53 70a047 h ???????? 001 //rss.rdf
3f23991.3c 42f94294 043937 h ???????? 002 /wiki/MarianneRosenberg
3f239d4.2c 5f6cb561 e4b041 s ???????? 02f /
3f239d4.4a 8d088e6f e4b041 h ???????? 013 /
3f23bcd.93 42f94294 043937 h ???????? 003 /wiki/BahnLiegenschaften
3f23d3c.cf 42f94292 043937 h ???????? 003 /wiki/EberswalderStrasse
3f23d4c.e5 b9aa2a12 fee6c8 h ???????? 001 //utility/convert/index.php
3f23e3e.39 d9b68452 433e9c h ???????? 003 /wiki/DeFugee
3f2401b.81 b44c0f18 a04d28 h ???????? 008 /wiki/CommunityWiki
3f2424b.87 33ff4138 433e9c h ???????? 001 /edit/8696001
3f24271.61 c42fad15 60d991 h ???????? 01a /
3f242f6.b8 42f94292 043937 h ???????? 002 /wiki/StadtBerlin
3f242fd.80 d9b6849d 433e9c h ???????? 002 /wiki/LockPresentation
3f24367.cf 176adbe7 e10030 h ???????? 002 /wiki/DataLiberation
3f24371.1d 42f94290 043937 h ???????? 003 /wiki/CarstenMaschmeyer
3f24475.3b 42f94290 043937 h ???????? 003 /wiki/JoshDamonWilliams
3f2453b.78 403efca3 b5eaf4 h ???????? 001 /robots.txt
3f24565.bd 42f94294 043937 h ???????? 004 /wiki/SchlossSchoenfeld
3f2458c.23 4a7d4c23 55c2cd h ???????? 002 //rss.rdf
3f24702.16 c0d28d0d f93269 h ???????? 002 //rss.rdf
3f24702.c3 d5abdc98 a95ea1 h ???????? 001 //rss.rdf
3f24769.d3 42f94290 043937 h ???????? 003 /wiki/ReinholdEichacker
3f24916.5d 44b4e71a aec21f h ???????? 002 /robots.txt
3f24916.fd 44b4e71a aec21f h ???????? 002 /wiki/SeminarWissen
3f249e3.51 42f94292 043937 h ???????? 002 /wiki/TourDeTriebischTal
3f24b20.9b 284da70d 6a88e8 h ???????? 003 /wiki/UnusedPages
3f25021.3a 42f94292 043937 h ???????? 003 /wiki/ElisabethVonPlotho
3f2502c.1e 42f94292 043937 h ???????? 002 /wiki/LuzandraStrassburg
3f2520d.20 42f94294 043937 h ???????? 003 /wiki/SiegfriedSchneider
3f2528a.02 33ff410a 433e9c h ???????? 001 /edit/30486001
3f25315.4d 42f94290 043937 h ???????? 003 /wiki/CollectiveLearning
3f25324.dd 42f94292 043937 h ???????? 002 /wiki/SteffenHoelldobler
3f254b9.ba 42f94294 043937 h ???????? 003 /wiki/MindCuisine
3f256b2.6f 42f94292 043937 h ???????? 003 /wiki/WirNanntenEsArbeit
3f256b7.49 42f94290 043937 h ???????? 002 /wiki/BikeTwentyFourStore
3f25a9e.43 a484a11c 433e9c h ???????? 003 /wiki/KeineWerbungGesetz
3f25af4.4c 42f95c53 70a047 h ???????? 002 //rss.rdf
3f25baf.49 42f94294 043937 h ???????? 003 /wiki/GlaesernManufaktur
3f25c82.06 8ba28fb1 99d427 h ???????? 002 /admin/phpmyadmin/scripts/setup.php
3f25c82.24 8ba28fb1 99d427 h ???????? 001 /admin/phpMyAdmin/scripts/setup.php
3f25c82.44 8ba28fb1 99d427 h ???????? 001 /admin/scripts/setup.php
3f25c82.62 8ba28fb1 99d427 h ???????? 002 /apache-default/phpmyadmin/scripts/setup.php
3f25c85.ab 8ba28fb1 99d427 h ???????? 002 /cpanelphpmyadmin/scripts/setup.php
3f25c98.70 42f94294 043937 h ???????? 003 /wiki/MaerkischesViertel
3f25da1.28 42f94294 043937 h ???????? 004 /wiki/AllesVergaengliche
3f25eca.af 42f94294 043937 h ???????? 003 /wiki/FreeMountainAvenue
3f26385.27 8ba28fb1 99d427 h ???????? 002 /admindb/scripts/setup.php
3f26385.27 8ba28fb1 99d427 h ???????? 005 /admindb/scripts/setup.php
3f26385.47 8ba28fb1 99d427 h ???????? 002 /admin/phpmyadmin/scripts/setup.php
3f2638f.87 8ba28fb1 99d427 h ???????? 002 /admin/scripts/setup.php
3f2638f.a8 8ba28fb1 99d427 h ???????? 002 /apache-default/phpmyadmin/scripts/setup.php
3f26396.cb 8ba28fb1 99d427 h ???????? 007 /cpphpmyadmin/scripts/setup.php
3f26396.eb 8ba28fb1 99d427 h ???????? 001 /dbadmin/scripts/setup.php
3f26397.0d 8ba28fb1 99d427 h ???????? 002 /db/scripts/setup.php
3f26397.2c 8ba28fb1 99d427 h ???????? 002 /forum/phpmyadmin/scripts/setup.php
3f264a5.9c 65ec24ad 37cdb0 h ???????? 01e /
3f264b4.13 42f94290 043937 h ???????? 003 /wiki/RasseGefluegelZucht
3f2663d.37 284da731 6a88e8 h ???????? 004 /wiki/TantekWiki
3f2667c.ae 42f94290 043937 h ???????? 003 /wiki/CoarseGrain
3f2676f.61 42f94292 043937 h ???????? 004 /wiki/KulturHausLoschwitz
3f26940.88 42f94294 043937 h ???????? 003 /wiki/ThereseMathiasBremer
3f26a8d.c8 42f94294 043937 h ???????? 003 /wiki/ValentinSteinhaeuser
3f26e16.a8 42f94290 043937 h ???????? 004 /wiki/JohnHendrikWeitzmann
3f26f6a.8e 284da70d 6a88e8 s ???????? 017 /
3f270b4.f1 42f94292 043937 h ???????? 004 /wiki/MaSp
3f270b7.b9 42f94292 043937 h ???????? 002 /wiki/JfwTla
3f271ae.31 42f94290 043937 h ???????? 003 /wiki/NeuroCode
3f27770.c7 42f94292 043937 h ???????? 003 /wiki/HunsRueck
3f277c0.63 42f95c53 70a047 h ???????? 002 //rss.rdf
3f2783f.b4 42f94294 043937 h ???????? 004 /wiki/HermannScheer
3f27899.76 42f94292 043937 h ???????? 003 /wiki/HiddenSee
3f27b96.1b 42f94292 043937 h ???????? 003 /wiki/BanneWitz
3f27cf8.4d 33ff4160 433e9c h ???????? 002 /edit/25206002
3f27d91.86 42f94290 043937 h ???????? 003 /wiki/GerhartHauptmann
3f27e7b.38 33ff41e0 433e9c h ???????? 004 /wiki/AiMachine
3f27f66.aa 284da70d 6a88e8 h ???????? 003 /wiki/EricGiler
3f28062.f9 44b4e71a aec21f s ???????? 002 /robots.txt
3f28064.3f 44b4e71a aec21f s ???????? 001 /love
3f280d2.ba 42f94290 043937 h ???????? 003 /wiki/SuperStruct
3f281fd.34 42f94294 043937 h ???????? 004 /wiki/SternenZelt
3f28205.9e 42f94290 043937 h ???????? 003 /wiki/StaatsQuote
3f28231.b3 c2446010 043937 h ???????? 003 /wiki/LionKimbro
3f28330.64 42f94294 043937 h ???????? 003 /wiki/ThomasGasse
3f28402.0d 2ee5a464 2e29b5 h ???????? 002 /robots.txt
3f28458.a4 42f94292 043937 h ???????? 003 /wiki/AdornosHobby
3f286b1.60 42f94290 043937 h ???????? 003 /wiki/LifeDay15820
3f2883d.8b 42f94294 043937 h ???????? 004 /wiki/LifeDay15800
3f28a02.db 42f94294 043937 h ???????? 004 /wiki/KohlenHydrate
3f28aa2.d2 b44c0f15 a04d28 h ???????? 005 /wiki/SingularityUniversity
3f28cd7.bb 5cde58bd 99d427 h ???????? 002 /admindb/scripts/setup.php
3f28cd7.e3 5cde58bd 99d427 h ???????? 002 /admin/phpmyadmin/scripts/setup.php
3f28cd8.23 5cde58bd 99d427 h ???????? 002 /admin/phpMyAdmin/scripts/setup.php
3f28cd8.6d 5cde58bd 99d427 h ???????? 002 /admin/scripts/setup.php
3f28cd8.a1 5cde58bd 99d427 h ???????? 002 /apache-default/phpmyadmin/scripts/setup.php
3f28cd8.ca 5cde58bd 99d427 h ???????? 002 /cpanelphpmyadmin/scripts/setup.php
3f28cd9.05 5cde58bd 99d427 h ???????? 002 /cpphpmyadmin/scripts/setup.php
3f28cd9.2b 5cde58bd 99d427 h ???????? 002 /dbadmin/scripts/setup.php
3f28cd9.6c 5cde58bd 99d427 h ???????? 002 /db/scripts/setup.php
3f28cd9.b0 5cde58bd 99d427 h ???????? 009 /forum/phpmyadmin/scripts/setup.php
3f28cd9.e7 5cde58bd 99d427 h ???????? 002 /myadmin/scripts/setup.php
3f28cda.12 5cde58bd 99d427 h ???????? 002 /MyAdmin/scripts/setup.php
3f28cda.3b 5cde58bd 99d427 h ???????? 002 /mysqladmin/scripts/setup.php
3f28cda.70 5cde58bd 99d427 h ???????? 002 /mysql/scripts/setup.php
3f28cda.b3 5cde58bd 99d427 h ???????? 002 /phpmyadmin2/scripts/setup.php
3f28cdb.a3 5cde58bd 99d427 h ???????? 002 /phpMyAdmin2/scripts/setup.php
3f28cdb.cf 5cde58bd 99d427 h ???????? 002 /phpmyadmin/scripts/setup0.php
3f28cdc.1b 5cde58bd 99d427 h ???????? 002 /phpMyAdmin/scripts/setup0.php
3f28cdc.4e 5cde58bd 99d427 h ???????? 003 /phpmyadmin/scripts/setup1.php
3f28cdc.b6 5cde58bd 99d427 h ???????? 002 /phpMyAdmin/scripts/setup1.php
3f28cdc.f7 5cde58bd 99d427 h ???????? 002 /_phpmyadmin/scripts/setup.php
3f28cdd.25 5cde58bd 99d427 h ???????? 002 /php-my-admin/scripts/setup.php
3f28cdd.59 5cde58bd 99d427 h ???????? 002 /phpmyadmin_/scripts/setup.php
3f28cdd.82 5cde58bd 99d427 h ???????? 002 /phpmyadmin/scripts/_setup.php
3f28cdd.ac 5cde58bd 99d427 h ???????? 002 /phpmyadmin/scripts/setup.php
3f28cdd.f7 5cde58bd 99d427 h ???????? 003 /phpmyadmin/scripts/Setup.php
3f28cde.3d 5cde58bd 99d427 h ???????? 002 /_phpMyAdmin/scripts/setup.php
3f28cde.9f 5cde58bd 99d427 h ???????? 002 /phpMyAdmin_/scripts/setup.php
3f28cde.cf 5cde58bd 99d427 h ???????? 002 /phpMyAdmin/scripts/_setup.php
3f28cdf.08 5cde58bd 99d427 h ???????? 003 /phpMyAdmin/scripts/setup.php
3f28cdf.71 5cde58bd 99d427 h ???????? 003 /phpMyAdmin/scripts/Setup.php
3f28cdf.a8 5cde58bd 99d427 h ???????? 002 /PhpMyAdmin/scripts/setup.php
3f28cdf.de 5cde58bd 99d427 h ???????? 002 /PHPMYADMIN/scripts/setup.php
3f28ce0.0c 5cde58bd 99d427 h ???????? 003 /pma/scripts/setup.php
3f28ce0.34 5cde58bd 99d427 h ???????? 002 /PMA/scripts/setup.php
3f28ce0.9f 5cde58bd 99d427 h ???????? 002 /scripts/setup.php
3f28ce0.c9 5cde58bd 99d427 h ???????? 002 /sql/scripts/setup.php
3f28ce1.14 5cde58bd 99d427 h ???????? 002 /xampp/phpmyadmin/scripts/setup.php
3f28da2.e1 284da731 6a88e8 h ???????? 004 /wiki/CemBasman
3f28e07.1b 51a9e6cd bab20a h ???????? 004 /wiki/RainerWasserfuhr&amp;sa=U&amp;ved=0ahUKEwi08tCyh6DXAhUFLlAKHfPNCio4kAMQFgjBATAk&amp;usg=AOvVaw3AVq7rAabT6OkVKRbevtBX/
3f28ed0.ce 42f94294 043937 h ???????? 004 /wiki/AndreasRavn
3f28ede.e5 42f94290 043937 h ???????? 003 /wiki/AileenZanke
3f28ef6.1c 42f94290 043937 h ???????? 004 /wiki/LifeDay16145
3f28f49.f0 51a9e6cd bab20a h ???????? 01c /
3f28f56.2f 51a9e6cd bab20a h ???????? 06a /index.php
3f28f56.79 51a9e6cd bab20a h ???????? 003 /components/com_creativecontactform/fileupload/index.php
3f28f56.ab 51a9e6cd bab20a h ???????? 060 /index.php
3f28f56.f2 51a9e6cd bab20a h ???????? 002 /components/com_sexycontactform/fileupload/index.php
3f28f57.22 51a9e6cd bab20a h ???????? 060 /index.php
3f28f57.9e 51a9e6cd bab20a h ???????? 005 /administrator/components/com_bt_portfolio/helpers/uploadify/uploadify.php
3f28f58.03 51a9e6cd bab20a h ???????? 007 /administrator/components/com_jnewsletter/includes/openflashchart/php-ofc-library/ofc_upload_image.php
3f28f58.61 51a9e6cd bab20a h ???????? 002 /components/com_jnewsletter/includes/openflashchart/php-ofc-library/ofc_upload_image.php
3f28f58.99 51a9e6cd bab20a h ???????? 002 /administrator/components/com_jnews/includes/openflashchart/php-ofc-library/ofc_upload_image.php
3f28f58.d1 51a9e6cd bab20a h ???????? 002 /components/com_jnews/includes/openflashchart/php-ofc-library/ofc_upload_image.php
3f28f59.08 51a9e6cd bab20a h ???????? 002 /administrator/components/com_jinc/classes/graphics/php-ofc-library/ofc_upload_image.php
3f28f59.43 51a9e6cd bab20a h ???????? 002 /components/com_jinc/classes/graphics/php-ofc-library/ofc_upload_image.php
3f28f59.78 51a9e6cd bab20a h ???????? 003 /administrator/components/com_maian15/charts/php-ofc-library/ofc_upload_image.php
3f28f59.af 51a9e6cd bab20a h ???????? 003 /components/com_maian15/charts/php-ofc-library/ofc_upload_image.php
3f28f59.e5 51a9e6cd bab20a h ???????? 00b /administrator/components/com_civicrm/civicrm/packages/OpenFlashChart/php-ofc-library/ofc_upload_image.php
3f28f5a.18 51a9e6cd bab20a h ???????? 003 /components/com_acymailing/inc/openflash/php-ofc-library/ofc_upload_image.php
3f28f5a.8a 51a9e6cd bab20a h ???????? 001 /components/com_civicrm/civicrm/packages/OpenFlashChart/php-ofc-library/ofc_upload_image.php
3f28f5a.b5 51a9e6cd bab20a h ???????? 001 /administrator/components/com_jnewsletter/includes/openflashchart/tmp-upload-images/test.php
3f28f5a.d9 51a9e6cd bab20a h ???????? 001 /images/jdownloads/screenshots/test.php.j
3f28f5a.fb 51a9e6cd bab20a h ???????? 001 /components/com_creativecontactform/fileupload/files/test.php
3f28f5b.1f 51a9e6cd bab20a h ???????? 0c0 /test.php.gif
3f28f5c.33 51a9e6cd bab20a h ???????? 004 /components/com_sexycontactform/fileupload/files/test.php
3f28f5c.57 51a9e6cd bab20a h ???????? 001 /images/com_adsmanager/ads/uploaded/test.php
3f28f5c.7b 51a9e6cd bab20a h ???????? 002 /administrator/components/com_jnewsletter/includes/openflashchart/tmp-upload-images/test.php
3f28f5c.a4 51a9e6cd bab20a h ???????? 002 /components/com_jnewsletter/includes/openflashchart/tmp-upload-images/test.php
3f28f5c.cd 51a9e6cd bab20a h ???????? 002 /administrator/components/com_jnews/includes/openflashchart/tmp-upload-images/test.php
3f28f5c.f4 51a9e6cd bab20a h ???????? 001 /components/com_jnews/includes/openflashchart/tmp-upload-images/test.php
3f28f5d.20 51a9e6cd bab20a h ???????? 001 /administrator/components/com_jinc/classes/graphics/tmp-upload-images/test.php
3f28f5d.4d 51a9e6cd bab20a h ???????? 002 /components/com_jinc/classes/graphics/tmp-upload-images/test.php
3f28f5d.71 51a9e6cd bab20a h ???????? 002 /administrator/components/com_maian15/charts/tmp-upload-images/test.php
3f28f5d.9c 51a9e6cd bab20a h ???????? 001 /components/com_maian15/charts/tmp-upload-images/test.php
3f28f5d.c9 51a9e6cd bab20a h ???????? 001 /administrator/components/com_civicrm/civicrm/packages/OpenFlashChart/tmp-upload-images/test.php
3f28f5d.f4 51a9e6cd bab20a h ???????? 001 /components/com_civicrm/civicrm/packages/OpenFlashChart/tmp-upload-images/test.php
3f28f5e.18 51a9e6cd bab20a h ???????? 001 /administrator/components/com_acymailing/inc/openflash/php-ofc-library/ofc_upload_image.php
3f28f5e.3d 51a9e6cd bab20a h ???????? 001 /components/com_acymailing/inc/openflash/tmp-upload-images/test.php
3f28f5e.61 51a9e6cd bab20a h ???????? 001 /tmp/plupload/test.php
3f28f5e.8e 51a9e6cd bab20a h ???????? 002 /images/jdownloads/screenshots/gelo.php.j
3f28f5e.b4 51a9e6cd bab20a h ???????? 002 /images/stories/food.php
3f28f5e.d9 51a9e6cd bab20a h ???????? 001 /images/jdownloads/screenshots/komo.php.j
3f28f5f.00 51a9e6cd bab20a h ???????? 001 /images/jdownloads/screenshots/apache.php.j
3f28f5f.2f 51a9e6cd bab20a h ???????? 001 /images/jdownloads/screenshots/agger.php.j
3f28f5f.53 51a9e6cd bab20a h ???????? 001 /images/jdownloads/screenshots/komo.php.j
3f28f5f.7f 51a9e6cd bab20a h ???????? 001 /images/jdownloads/screenshots/.libs.up.php.j
3f28f5f.a4 51a9e6cd bab20a h ???????? 001 /images/stories/explore.php
3f28f5f.ce 51a9e6cd bab20a h ???????? 002 /administrator/components/com_bt_portfolio/test.php
3f28f5f.f4 51a9e6cd bab20a h ???????? 005 /components/index.inc.php
3f28f60.1a 51a9e6cd bab20a h ???????? 002 /media/system/js/index.inc.php
3f28f60.3f 51a9e6cd bab20a h ???????? 001 /media/system/js/index.php
3f28f60.68 51a9e6cd bab20a h ???????? 001 /logs/.config.php
3f28f60.8f 51a9e6cd bab20a h ???????? 001 /plugins/editors/index.php
3f28f7b.4e 51a9e6cd bab20a h ???????? 003 /wiki/
3f28f7c.4c 51a9e6cd bab20a h ???????? 003 /wiki/index.php
3f28f7c.78 51a9e6cd bab20a h ???????? 002 /wiki/components/com_creativecontactform/fileupload/index.php
3f28f7c.a8 51a9e6cd bab20a h ???????? 002 /wiki/index.php
3f28f7c.d8 51a9e6cd bab20a h ???????? 002 /wiki/components/com_sexycontactform/fileupload/index.php
3f28f7d.00 51a9e6cd bab20a h ???????? 003 /wiki/index.php
3f28f7d.29 51a9e6cd bab20a h ???????? 002 /wiki/administrator/components/com_bt_portfolio/helpers/uploadify/uploadify.php
3f28f7d.51 51a9e6cd bab20a h ???????? 003 /wiki/administrator/components/com_jnewsletter/includes/openflashchart/php-ofc-library/ofc_upload_image.php
3f28f7d.8d 51a9e6cd bab20a h ???????? 003 /wiki/components/com_jnewsletter/includes/openflashchart/php-ofc-library/ofc_upload_image.php
3f28f7d.ba 51a9e6cd bab20a h ???????? 003 /wiki/administrator/components/com_jnews/includes/openflashchart/php-ofc-library/ofc_upload_image.php
3f28f7d.df 51a9e6cd bab20a h ???????? 003 /wiki/components/com_jnews/includes/openflashchart/php-ofc-library/ofc_upload_image.php
3f28f7e.06 51a9e6cd bab20a h ???????? 002 /wiki/administrator/components/com_jinc/classes/graphics/php-ofc-library/ofc_upload_image.php
3f28f7e.35 51a9e6cd bab20a h ???????? 002 /wiki/components/com_jinc/classes/graphics/php-ofc-library/ofc_upload_image.php
3f28f7e.5a 51a9e6cd bab20a h ???????? 002 /wiki/administrator/components/com_maian15/charts/php-ofc-library/ofc_upload_image.php
3f28f7e.8a 51a9e6cd bab20a h ???????? 003 /wiki/components/com_maian15/charts/php-ofc-library/ofc_upload_image.php
3f28f7e.b9 51a9e6cd bab20a h ???????? 002 /wiki/administrator/components/com_civicrm/civicrm/packages/OpenFlashChart/php-ofc-library/ofc_upload_image.php
3f28f7e.e3 51a9e6cd bab20a h ???????? 002 /wiki/components/com_acymailing/inc/openflash/php-ofc-library/ofc_upload_image.php
3f28f7f.0a 51a9e6cd bab20a h ???????? 002 /wiki/components/com_civicrm/civicrm/packages/OpenFlashChart/php-ofc-library/ofc_upload_image.php
3f28f7f.39 51a9e6cd bab20a h ???????? 002 /wiki/administrator/components/com_jnewsletter/includes/openflashchart/tmp-upload-images/test.php
3f28f7f.66 51a9e6cd bab20a h ???????? 003 /wiki/images/jdownloads/screenshots/test.php.j
3f28f80.13 51a9e6cd bab20a h ???????? 003 /wiki/components/com_creativecontactform/fileupload/files/test.php
3f28f80.cb 51a9e6cd bab20a h ???????? 003 /wiki/test.php.gif
3f28f81.79 51a9e6cd bab20a h ???????? 002 /wiki/components/com_sexycontactform/fileupload/files/test.php
3f28f82.23 51a9e6cd bab20a h ???????? 003 /wiki/images/com_adsmanager/ads/uploaded/test.php
3f28f82.cf 51a9e6cd bab20a h ???????? 003 /wiki/administrator/components/com_jnewsletter/includes/openflashchart/tmp-upload-images/test.php
3f28f83.8e 51a9e6cd bab20a h ???????? 003 /wiki/components/com_jnewsletter/includes/openflashchart/tmp-upload-images/test.php
3f28f84.1e 51a9e6cd bab20a h ???????? 003 /wiki/administrator/components/com_jnews/includes/openflashchart/tmp-upload-images/test.php
3f28f85.08 51a9e6cd bab20a h ???????? 003 /wiki/components/com_jnews/includes/openflashchart/tmp-upload-images/test.php
3f28f85.a2 51a9e6cd bab20a h ???????? 002 /wiki/administrator/components/com_jinc/classes/graphics/tmp-upload-images/test.php
3f28f86.5b 51a9e6cd bab20a h ???????? 009 /wiki/components/com_jinc/classes/graphics/tmp-upload-images/test.php
3f28f86.ef 51a9e6cd bab20a h ???????? 003 /wiki/administrator/components/com_maian15/charts/tmp-upload-images/test.php
3f28f87.b4 51a9e6cd bab20a h ???????? 003 /wiki/components/com_maian15/charts/tmp-upload-images/test.php
3f28f88.3c 51a9e6cd bab20a h ???????? 003 /wiki/administrator/components/com_civicrm/civicrm/packages/OpenFlashChart/tmp-upload-images/test.php
3f28f88.e6 51a9e6cd bab20a h ???????? 003 /wiki/components/com_civicrm/civicrm/packages/OpenFlashChart/tmp-upload-images/test.php
3f28f89.7c 51a9e6cd bab20a h ???????? 003 /wiki/administrator/components/com_acymailing/inc/openflash/php-ofc-library/ofc_upload_image.php
3f28f8a.17 51a9e6cd bab20a h ???????? 003 /wiki/components/com_acymailing/inc/openflash/tmp-upload-images/test.php
3f28f8a.cc 51a9e6cd bab20a h ???????? 002 /wiki/tmp/plupload/test.php
3f28f8b.7c 51a9e6cd bab20a h ???????? 003 /wiki/images/jdownloads/screenshots/gelo.php.j
3f28f8c.25 51a9e6cd bab20a h ???????? 003 /wiki/images/stories/food.php
3f28f8c.c3 51a9e6cd bab20a h ???????? 003 /wiki/images/jdownloads/screenshots/komo.php.j
3f28f8d.ac 51a9e6cd bab20a h ???????? 003 /wiki/images/jdownloads/screenshots/apache.php.j
3f28f8e.47 51a9e6cd bab20a h ???????? 003 /wiki/images/jdownloads/screenshots/agger.php.j
3f28f8e.e7 51a9e6cd bab20a h ???????? 003 /wiki/images/jdownloads/screenshots/komo.php.j
3f28f8f.96 51a9e6cd bab20a h ???????? 003 /wiki/images/jdownloads/screenshots/.libs.up.php.j
3f28f90.28 51a9e6cd bab20a h ???????? 003 /wiki/images/stories/explore.php
3f28f90.d7 51a9e6cd bab20a h ???????? 004 /wiki/administrator/components/com_bt_portfolio/test.php
3f28f91.8e 51a9e6cd bab20a h ???????? 002 /wiki/components/index.inc.php
3f28f92.45 51a9e6cd bab20a h ???????? 003 /wiki/media/system/js/index.inc.php
3f28f92.df 51a9e6cd bab20a h ???????? 003 /wiki/media/system/js/index.php
3f28f93.86 51a9e6cd bab20a h ???????? 003 /wiki/logs/.config.php
3f28f94.46 51a9e6cd bab20a h ???????? 003 /wiki/plugins/editors/index.php
3f29074.af 7a605db5 53f294 h ???????? 002 //favicon.ico
3f291d6.ad 284da731 6a88e8 h ???????? 01c /
3f29262.66 42f94294 043937 h ???????? 004 /wiki/AgenturLaura
3f293be.45 284da731 6a88e8 h ???????? 003 /wiki/DerAugenblick
3f29463.f6 42f94292 043937 h ???????? 003 /wiki/WirkLich
3f29523.e6 42f94290 043937 h ???????? 003 /wiki/BirgitBauer
3f295dc.44 42f94290 043937 h ???????? 003 /wiki/LifeDay16437
3f295dc.be c0632e59 c40cd6 h ???????? 018 /
3f295dd.45 c0632e59 e8f7bd h ???????? 017 /
3f297dd.92 5f6cb561 e4b041 h ???????? 002 /robots.txt
3f297e1.7b 5f6cb561 e4b041 h ???????? 019 /
3f2998b.b3 42f94294 043937 h ???????? 003 /wiki/TanteKlinger
3f2998e.60 42f95c53 70a047 h ???????? 002 //rss.rdf
3f29ab2.0f 365bf0b0 12df02 h ???????? 003 /ads.txt
3f29ada.fe 42f94294 043937 h ???????? 004 /wiki/DianaKoerner
3f29bc5.f0 42f94292 043937 s ???????? 002 /robots.txt
3f29bc6.75 42f94290 043937 s ???????? 004 /wiki/ExtremeNormalForm
3f29c21.19 42f94292 043937 h ???????? 003 /wiki/SingularGate
3f29dda.87 2ee5a466 2e29b5 h ???????? 002 /robots.txt
3f29e1d.70 42f94290 043937 h ???????? 004 /wiki/LifeDay16129
3f29f3d.28 42f94292 043937 h ???????? 003 /wiki/PetraGehring
3f2a079.e2 42f94294 043937 h ???????? 004 /wiki/OttoHartmann
3f2a19d.bf 42f94292 043937 h ???????? 004 /wiki/JulianAssange
3f2a224.51 2d3a8662 99d427 h ???????? 002 /admindb/scripts/setup.php
3f2a224.8e 2d3a8662 99d427 h ???????? 002 /admin/phpmyadmin/scripts/setup.php
3f2a224.c3 2d3a8662 99d427 h ???????? 002 /admin/phpMyAdmin/scripts/setup.php
3f2a225.01 2d3a8662 99d427 h ???????? 004 /admin/scripts/setup.php
3f2a225.40 2d3a8662 99d427 h ???????? 003 /apache-default/phpmyadmin/scripts/setup.php
3f2a225.80 2d3a8662 99d427 h ???????? 002 /cpanelphpmyadmin/scripts/setup.php
3f2a225.bc 2d3a8662 99d427 h ???????? 003 /cpphpmyadmin/scripts/setup.php
3f2a225.fb 2d3a8662 99d427 h ???????? 002 /dbadmin/scripts/setup.php
3f2a226.3c 2d3a8662 99d427 h ???????? 011 /db/scripts/setup.php
3f2a226.7c 2d3a8662 99d427 h ???????? 002 /forum/phpmyadmin/scripts/setup.php
3f2a226.bb 2d3a8662 99d427 h ???????? 002 /myadmin/scripts/setup.php
3f2a226.f6 2d3a8662 99d427 h ???????? 002 /MyAdmin/scripts/setup.php
3f2a227.2e 2d3a8662 99d427 h ???????? 002 /mysqladmin/scripts/setup.php
3f2a227.68 2d3a8662 99d427 h ???????? 002 /mysql/scripts/setup.php
3f2a227.a7 2d3a8662 99d427 h ???????? 002 /phpmyadmin2/scripts/setup.php
3f2a227.e5 2d3a8662 99d427 h ???????? 002 /phpMyAdmin2/scripts/setup.php
3f2a228.25 2d3a8662 99d427 h ???????? 003 /phpmyadmin/scripts/setup0.php
3f2a228.5f 2d3a8662 99d427 h ???????? 002 /phpMyAdmin/scripts/setup0.php
3f2a228.9f 2d3a8662 99d427 h ???????? 003 /phpmyadmin/scripts/setup1.php
3f2a228.e3 2d3a8662 99d427 h ???????? 002 /phpMyAdmin/scripts/setup1.php
3f2a229.25 2d3a8662 99d427 h ???????? 002 /_phpmyadmin/scripts/setup.php
3f2a229.5f 2d3a8662 99d427 h ???????? 00f /php-my-admin/scripts/setup.php
3f2a229.9f 2d3a8662 99d427 h ???????? 002 /phpmyadmin_/scripts/setup.php
3f2a229.df 2d3a8662 99d427 h ???????? 002 /phpmyadmin/scripts/_setup.php
3f2a22a.1a 2d3a8662 99d427 h ???????? 002 /phpmyadmin/scripts/setup.php
3f2a22a.59 2d3a8662 99d427 h ???????? 003 /phpmyadmin/scripts/Setup.php
3f2a22a.97 2d3a8662 99d427 h ???????? 002 /_phpMyAdmin/scripts/setup.php
3f2a22a.d7 2d3a8662 99d427 h ???????? 002 /phpMyAdmin_/scripts/setup.php
3f2a22b.14 2d3a8662 99d427 h ???????? 002 /phpMyAdmin/scripts/_setup.php
3f2a22b.59 2d3a8662 99d427 h ???????? 002 /phpMyAdmin/scripts/setup.php
3f2a22b.9d 2d3a8662 99d427 h ???????? 002 /phpMyAdmin/scripts/Setup.php
3f2a22b.e0 2d3a8662 99d427 h ???????? 003 /PhpMyAdmin/scripts/setup.php
3f2a22c.23 2d3a8662 99d427 h ???????? 003 /PHPMYADMIN/scripts/setup.php
3f2a22c.5d 2d3a8662 99d427 h ???????? 002 /pma/scripts/setup.php
3f2a22c.a2 2d3a8662 99d427 h ???????? 002 /PMA/scripts/setup.php
3f2a22c.dc 2d3a8662 99d427 h ???????? 002 /scripts/setup.php
3f2a22d.1d 2d3a8662 99d427 h ???????? 003 /sql/scripts/setup.php
3f2a22d.60 2d3a8662 99d427 h ???????? 003 /xampp/phpmyadmin/scripts/setup.php
3f2a2cb.b6 42f94292 043937 h ???????? 004 /wiki/RosenStrasse
3f2a427.65 b44c0f0d fa643b h ???????? 003 /robots.txt
3f2a428.41 b44c0f9d fa643b h ???????? 002 /robots.txt
3f2a444.6d b44c0f07 a04d28 h ???????? 004 /wiki/WwWebLern
3f2a4cc.f7 4706cac6 aadf09 h ???????? 002 /ccvv
3f2a50d.4b 42f94292 043937 h ???????? 00c /wiki/LifeDay15888
3f2a632.87 42f94290 043937 h ???????? 004 /wiki/KulturTweetup
3f2a8f6.16 c3f2505c b7ac1e h ???????? 003 //
3f2aabb.da cf2e0d13 6a88e8 s ???????? 01c /
3f2ab32.89 8ac56fc3 7da0fa h ???????? 026 /
3f2ab41.bb 8ac56fc3 65acd4 h ???????? 003 /robots.txt
3f2ac28.3a 42f94294 043937 h ???????? 004 /wiki/JanaLettrari
3f2acf0.66 5f6cb561 e4b041 s ???????? 003 /robots.txt
3f2acf4.25 5f6cb561 e4b041 s ???????? 1c78 /age
3f2ad52.d2 b96457cf fee6c8 h ???????? 001 /utility/convert/index.php
3f2ad88.af 42f94294 043937 h ???????? 001 /wiki/NiccoloMachiavelli
3f2ae86.23 42f94290 043937 h ???????? 003 /wiki/LucaMearelli
3f2b00b.e1 33ff4138 433e9c h ???????? 002 /edit/30396002
3f2b099.7b 44b4e56f aec21f h ???????? 002 //robots.txt
3f2b09a.e9 44b4e71a aec21f h ???????? 002 /wiki/SeaNation
3f2b15f.c6 33ff412c 433e9c h ???????? 002 /im
3f2b20c.5a 42f94294 043937 h ???????? 002 /wiki/LifeDay16094
3f2b4bd.29 33ff4777 433e9c h ???????? 001 /edit/28216001
3f2b587.f1 42f94292 043937 h ???????? 003 /wiki/BradyForrest
3f2b6b6.63 42f94292 043937 h ???????? 002 /wiki/FriedensFahrt
3f2b7aa.14 8ac989d4 4f089e h ???????? 013 /1
3f2b7fe.a1 5cde58bd 99d427 h ???????? 002 /admindb/scripts/setup.php
3f2b7fe.a2 5cde58bd 99d427 h ???????? 001 /admindb/scripts/setup.php
3f2b7fe.da 5cde58bd 99d427 h ???????? 001 /admin/phpmyadmin/scripts/setup.php
3f2b7fe.e1 5cde58bd 99d427 h ???????? 001 /admin/phpmyadmin/scripts/setup.php
3f2b7ff.19 5cde58bd 99d427 h ???????? 001 /admin/phpMyAdmin/scripts/setup.php
3f2b7ff.21 5cde58bd 99d427 h ???????? 001 /admin/phpMyAdmin/scripts/setup.php
3f2b7ff.4c 5cde58bd 99d427 h ???????? 001 /admin/scripts/setup.php
3f2b7ff.53 5cde58bd 99d427 h ???????? 005 /admin/scripts/setup.php
3f2b7ff.6f 5cde58bd 99d427 h ???????? 001 /apache-default/phpmyadmin/scripts/setup.php
3f2b7ff.84 5cde58bd 99d427 h ???????? 002 /apache-default/phpmyadmin/scripts/setup.php
3f2b7ff.ad 5cde58bd 99d427 h ???????? 001 /cpanelphpmyadmin/scripts/setup.php
3f2b7ff.c3 5cde58bd 99d427 h ???????? 006 /cpanelphpmyadmin/scripts/setup.php
3f2b7ff.d4 5cde58bd 99d427 h ???????? 001 /cpphpmyadmin/scripts/setup.php
3f2b800.01 5cde58bd 99d427 h ???????? 007 /dbadmin/scripts/setup.php
3f2b800.0d 5cde58bd 99d427 h ???????? 001 /cpphpmyadmin/scripts/setup.php
3f2b800.37 5cde58bd 99d427 h ???????? 001 /dbadmin/scripts/setup.php
3f2b800.45 5cde58bd 99d427 h ???????? 002 /db/scripts/setup.php
3f2b800.9d 5cde58bd 99d427 h ???????? 002 /forum/phpmyadmin/scripts/setup.php
3f2b800.be 5cde58bd 99d427 h ???????? 002 /myadmin/scripts/setup.php
3f2b800.e5 5cde58bd 99d427 h ???????? 001 /MyAdmin/scripts/setup.php
3f2b801.0d 5cde58bd 99d427 h ???????? 002 /mysqladmin/scripts/setup.php
3f2b801.34 5cde58bd 99d427 h ???????? 001 /mysql/scripts/setup.php
3f2b801.73 5cde58bd 99d427 h ???????? 002 /phpmyadmin2/scripts/setup.php
3f2b801.97 5cde58bd 99d427 h ???????? 001 /phpMyAdmin2/scripts/setup.php
3f2b801.cb 5cde58bd 99d427 h ???????? 008 /phpmyadmin/scripts/setup0.php
3f2b803.5c 5cde58bd 99d427 h ???????? 002 /db/scripts/setup.php
3f2b803.86 5cde58bd 99d427 h ???????? 002 /forum/phpmyadmin/scripts/setup.php
3f2b803.d8 5cde58bd 99d427 h ???????? 002 /myadmin/scripts/setup.php
3f2b804.01 5cde58bd 99d427 h ???????? 002 /MyAdmin/scripts/setup.php
3f2b804.52 5cde58bd 99d427 h ???????? 001 /mysqladmin/scripts/setup.php
3f2b804.a7 5cde58bd 99d427 h ???????? 001 /mysql/scripts/setup.php
3f2b804.ee 5cde58bd 99d427 h ???????? 002 /phpmyadmin2/scripts/setup.php
3f2b804.fb 5cde58bd 99d427 h ???????? 001 /phpMyAdmin/scripts/setup0.php
3f2b805.52 5cde58bd 99d427 h ???????? 002 /phpMyAdmin2/scripts/setup.php
3f2b805.74 5cde58bd 99d427 h ???????? 001 /phpmyadmin/scripts/setup0.php
3f2b805.96 5cde58bd 99d427 h ???????? 00b /phpMyAdmin/scripts/setup0.php
3f2b805.de 5cde58bd 99d427 h ???????? 001 /phpmyadmin/scripts/setup1.php
3f2b806.19 5cde58bd 99d427 h ???????? 001 /phpMyAdmin/scripts/setup1.php
3f2b806.54 5cde58bd 99d427 h ???????? 001 /_phpmyadmin/scripts/setup.php
3f2b806.91 5cde58bd 99d427 h ???????? 002 /php-my-admin/scripts/setup.php
3f2b806.b7 5cde58bd 99d427 h ???????? 001 /phpmyadmin_/scripts/setup.php
3f2b806.eb 5cde58bd 99d427 h ???????? 002 /phpmyadmin/scripts/_setup.php
3f2b807.0d 5cde58bd 99d427 h ???????? 001 /phpmyadmin/scripts/setup.php
3f2b807.76 5cde58bd 99d427 h ???????? 002 /phpmyadmin/scripts/Setup.php
3f2b807.7d 5cde58bd 99d427 h ???????? 002 /phpmyadmin/scripts/setup1.php
3f2b807.ac 5cde58bd 99d427 h ???????? 002 /_phpMyAdmin/scripts/setup.php
3f2b807.c8 5cde58bd 99d427 h ???????? 002 /phpMyAdmin/scripts/setup1.php
3f2b807.fe 5cde58bd 99d427 h ???????? 001 /_phpmyadmin/scripts/setup.php
3f2b808.07 5cde58bd 99d427 h ???????? 002 /phpMyAdmin_/scripts/setup.php
3f2b808.4d 5cde58bd 99d427 h ???????? 006 /php-my-admin/scripts/setup.php
3f2b808.4e 5cde58bd 99d427 h ???????? 001 /phpMyAdmin/scripts/_setup.php
3f2b808.83 5cde58bd 99d427 h ???????? 002 /phpMyAdmin/scripts/setup.php
3f2b808.91 5cde58bd 99d427 h ???????? 002 /phpmyadmin_/scripts/setup.php
3f2b808.c0 5cde58bd 99d427 h ???????? 002 /phpMyAdmin/scripts/Setup.php
3f2b808.f9 5cde58bd 99d427 h ???????? 007 /phpmyadmin/scripts/_setup.php
3f2b809.1e 5cde58bd 99d427 h ???????? 002 /PhpMyAdmin/scripts/setup.php
3f2b809.47 5cde58bd 99d427 h ???????? 009 /phpmyadmin/scripts/setup.php
3f2b809.53 5cde58bd 99d427 h ???????? 001 /PHPMYADMIN/scripts/setup.php
3f2b809.c0 5cde58bd 99d427 h ???????? 002 /phpmyadmin/scripts/Setup.php
3f2b809.c0 5cde58bd 99d427 h ???????? 006 /pma/scripts/setup.php
3f2b80a.00 5cde58bd 99d427 h ???????? 004 /PMA/scripts/setup.php
3f2b80a.01 5cde58bd 99d427 h ???????? 002 /_phpMyAdmin/scripts/setup.php
3f2b80a.39 5cde58bd 99d427 h ???????? 001 /scripts/setup.php
3f2b80a.41 5cde58bd 99d427 h ???????? 001 /phpMyAdmin_/scripts/setup.php
3f2b80a.91 5cde58bd 99d427 h ???????? 003 /phpMyAdmin/scripts/_setup.php
3f2b80a.94 5cde58bd 99d427 h ???????? 001 /sql/scripts/setup.php
3f2b80a.b7 5cde58bd 99d427 h ???????? 002 /xampp/phpmyadmin/scripts/setup.php
3f2b80a.ef 5cde58bd 99d427 h ???????? 002 /phpMyAdmin/scripts/setup.php
3f2b80b.1a 5cde58bd 99d427 h ???????? 002 /phpMyAdmin/scripts/Setup.php
3f2b80b.62 5cde58bd 99d427 h ???????? 001 /PhpMyAdmin/scripts/setup.php
3f2b80b.85 5cde58bd 99d427 h ???????? 001 /PHPMYADMIN/scripts/setup.php
3f2b80b.ad 5cde58bd 99d427 h ???????? 002 /pma/scripts/setup.php
3f2b80b.d1 5cde58bd 99d427 h ???????? 002 /PMA/scripts/setup.php
3f2b80c.0b 5cde58bd 99d427 h ???????? 002 /scripts/setup.php
3f2b80c.2e 5cde58bd 99d427 h ???????? 002 /sql/scripts/setup.php
3f2b80c.59 5cde58bd 99d427 h ???????? 001 /xampp/phpmyadmin/scripts/setup.php
3f2bb73.93 42f94292 043937 h ???????? 003 /wiki/WattenScheid
3f2bbb9.68 23b90053 e5a3aa h ???????? 002 //robots.txt
3f2bc17.2e 23b90053 e5a3aa h ???????? 003 /robots.txt
3f2bc24.cd 42f95c51 70a047 h ???????? 003 //rss.rdf
3f2bc95.7a 42f94294 043937 h ???????? 004 /wiki/JpRangaswami
3f2bca9.dd 9d372733 6a88e8 s ???????? 002 /robots.txt
3f2bcad.b7 284da70d 6a88e8 s ???????? 018 /
3f2bddc.46 42f94292 043937 h ???????? 003 /wiki/LifeDay15819
3f2bee0.fd 42f94290 043937 h ???????? 003 /wiki/LifeDay16252
3f2bf4b.c6 42f94292 043937 h ???????? 003 /wiki/CorneliusVanderbilt
3f2c088.a0 42f94294 043937 h ???????? 003 /wiki/IchLiebteDich
3f2c312.a6 a484a104 433e9c h ???????? 003 /edit/21786001
3f2c35f.23 8af6fd13 b5326e s ???????? 031 /
3f2c399.8d 42f94292 043937 h ???????? 004 /wiki/MindCalendar
3f2c3aa.4d 33ff4138 433e9c h ???????? 002 /edit/21376003
3f2c4c3.c1 42f94292 043937 h ???????? 003 /wiki/KommuneCables
3f2c68a.fd 5f6cb561 e4b041 h ???????? 002 /robots.txt
3f2c68e.e5 5f6cb561 e4b041 h ???????? 002 /cal
3f2c6a9.f6 cf2e0d8f 6a88e8 h ???????? 004 /wiki/KabiNett
3f2c714.bc 42f94290 043937 h ???????? 003 /wiki/LifeDay15876
3f2ca2c.6b b44c0f0c a04d28 h ???????? 019 /
3f2ca4e.42 2ee5a466 2e29b5 h ???????? 002 //robots.txt
3f2cb0b.cb 42f94292 043937 h ???????? 003 /wiki/LifeDay15898
3f2cbc7.42 42f94294 043937 h ???????? 004 /wiki/JanErikSolem
3f2ccf9.07 42f94292 043937 h ???????? 003 /wiki/MittelSchule
3f2cf56.c8 42f94292 043937 h ???????? 004 /wiki/UlrikeUllrich
3f2cf61.44 42f94290 043937 h ???????? 003 /wiki/LifeDay16223
3f2d04d.23 b44c0fa1 a04d28 s ???????? 004 /wiki/SemperBase
3f2d10e.b9 42f94290 043937 h ???????? 004 /wiki/WebContainerAuthorizer
3f2d238.2b 23a6916b a3ec84 h ???????? 01a /
3f2d3ea.fe 42f94294 043937 h ???????? 004 /wiki/LifeDay15850
3f2d516.a1 42f94290 043937 h ???????? 004 /wiki/DuaneNickull
3f2d661.77 42f94294 043937 h ???????? 004 /wiki/ErnstHomolka
3f2d85b.94 42f95c53 70a047 h ???????? 002 //rss.rdf
3f2d8a8.e0 42f94294 043937 h ???????? 004 /wiki/HeikeAhrendt
3f2da2f.cb 42f94294 043937 h ???????? 004 /wiki/AnnenStrasse
3f2db14.00 42f94294 043937 h ???????? 007 /wiki/NadjaMichael
3f2dd5a.1e 42f94290 043937 h ???????? 003 /wiki/BeautyAndMind
3f2dd69.b1 284da70f 6a88e8 h ???????? 01a /
3f2e12e.6d 42f94292 043937 h ???????? 004 /wiki/HeikeBertuch
3f2e1ec.4f cf2e0d8f 6a88e8 h ???????? 004 /wiki/PallMall
3f2e206.04 42f94290 043937 h ???????? 004 /wiki/GrundStrasse
3f2e2dc.06 42f94290 043937 h ???????? 004 /wiki/VereinFuerSocialpolitik
3f2e333.8a 42f94290 043937 h ???????? 003 /wiki/ClsQuadrille
3f2e34e.e0 9d372733 6a88e8 h ???????? 002 /robots.txt
3f2e351.31 9d372772 6a88e8 h ???????? 01b /
3f2e4cc.85 42f94290 043937 h ???????? 004 /wiki/SourceCode
3f2e595.fd 42f94294 043937 h ???????? 004 /wiki/LifeDay16065
3f2e85b.f5 8ac560fb 6c7e2d h ???????? 01d /
3f2e860.a6 8ac560fb 6c7e2d h ???????? 002 /alive/4
3f2e860.b8 8ac560fb 6c7e2d h ???????? 003 /feel/4
3f2ea46.1e 42f94292 043937 h ???????? 004 /wiki/RalfBendrath
3f2eb35.72 42f94290 043937 h ???????? 004 /wiki/FickPuschen
3f2ed4b.f0 33ff4110 433e9c h ???????? 002 /edit/23706001
3f2edc3.96 42f94290 043937 h ???????? 004 /wiki/LadyPriegnitz
3f2f25c.5a 42f94294 043937 h ???????? 004 /wiki/DennisHopper
3f2f39a.1d 42f94290 043937 h ???????? 004 /wiki/LifeDay16173
3f2f495.33 42f94292 043937 h ???????? 004 /wiki/NetWorking
3f2f4a9.74 42f95c53 70a047 h ???????? 002 //rss.rdf
3f2f4c7.ab 42f94290 043937 h ???????? 005 /wiki/LifeDay16183
3f2f8ae.70 a8b5a41e be33ef h ???????? 003 /wp-login.php
3f2f8ae.dc a8b5a41e be33ef h ???????? 025 /
3f2f8c5.44 d9b684f0 433e9c h ???????? 003 /edit/23496009
3f2f9cf.49 b44c0f8a a04d28 s ???????? 057 /hls
3f2faa4.37 42f94292 043937 h ???????? 004 /wiki/ArthurAbraham
3f2fbcf.47 42f94292 043937 h ???????? 004 /wiki/TanjaRuemmler
3f2fc38.20 a484a12b 433e9c h ???????? 003 /edit/29386001
3f2fcc9.ce 42f94292 043937 h ???????? 003 //robots.txt
3f2fced.d0 42f94290 043937 h ???????? 005 /wiki/MonikaMendorff
3f2fd07.c7 d94585d8 399ff9 h ???????? 003 /robots.txt
3f2fd09.b3 d9458543 399ff9 h ???????? 003 /base
3f2fd5e.39 42f94290 043937 h ???????? 002 //FloatingBoats
3f2fe19.50 42f94292 043937 h ???????? 004 /wiki/GustavMartner
3f2fe2c.cf 42f94292 043937 h ???????? 004 /wiki/ZuckerStreuer
