3f1012d.11 5f6cb561 e4b041 h ???????? 002 /robots.txt
3f10130.eb 5f6cb561 e4b041 h ???????? 01a /
3f1040d.3b ab19c114 cc9bbb h ???????? 01a /
3f10436.2e 284da70d 6a88e8 s ???????? 021 /
3f10504.f4 42f94290 043937 h ???????? 004 /wiki/ThomasKuhn
3f10580.ce 42f94292 043937 h ???????? 004 /wiki/PiCoGo
3f105ec.4e 42f9428e 043937 s ???????? 002 /ad
3f1073d.81 2d37139c ef60d6 h ???????? 019 /
3f10972.0c d9b68497 433e9c h ???????? 003 /edit/22326004
3f1099c.c7 6dec507f fb64a7 h ???????? 01a /
3f10a82.43 6dec507f fb64a7 s ???????? 019 /
3f10c71.fe 42f95c51 70a047 h ???????? 003 //rss.rdf
3f11150.6e d94586b1 399ff9 h ???????? 002 /robots.txt
3f11151.66 d94586a0 399ff9 h ???????? 01a /
3f111e1.06 b44c0f19 a04d28 s ???????? 055 /ls
3f112f9.ff 8ba24e87 186d9a s ???????? 029 /
3f1144e.46 b2d12a54 fee6c8 h ???????? 002 /utility/convert/index.php
3f114a7.53 42f94292 043937 h ???????? 004 /wiki/ElMo
3f115b7.27 403efca3 b5eaf4 h ???????? 003 /robots.txt
3f11627.6e 33ff4776 433e9c h ???????? 003 /edit/22326008
3f116c7.c7 42f94294 043937 h ???????? 004 /wiki/StateBugdet
3f11a47.35 d9b6849c 433e9c h ???????? 002 /edit/26436001
3f1218a.a6 d1638872 7c2005 h ???????? 024 /
3f1245b.96 d9b68450 433e9c h ???????? 003 /edit/27316001
3f126e7.95 36517ae2 590f55 h ???????? 01a /
3f1273e.3c 42f9428e 043937 s ???????? 004 /wiki/LeakLeague
3f12863.b0 42f94292 043937 h ???????? 004 /wiki/SingularityUniversity
3f1288a.a0 42f94292 043937 h ???????? 00c /wiki/MichioKaku
3f12f49.53 b44c0f98 a04d28 h ???????? 004 /wiki/OpeningLecture
3f131a8.cd cd8b8d36 209ef4 h ???????? 003 //rss.rdf
3f131d8.83 42f94292 043937 h ???????? 004 /wiki/AdminOcracy
3f13643.a9 42f95c51 70a047 h ???????? 002 //rss.rdf
3f13680.43 44b4e56f aec21f h ???????? 003 //robots.txt
3f13685.65 44b4e71a aec21f h ???????? 002 /robots.txt
3f13686.05 44b4e71a aec21f h ???????? 004 /wiki/PieschenTv
3f1377d.b9 9d372714 6a88e8 h ???????? 002 //robots.txt
3f13a29.cd 42f9428e 622963 s ???????? 005 /wiki/RedeWendung
3f13a4d.b1 42f94292 043937 h ???????? 004 /wiki/RechtsRaum
3f13ba5.ab 9d37273e 6a88e8 h ???????? 027 /
3f13e8e.24 9d37271c 6a88e8 h ???????? 003 /robots.txt
3f13e99.f4 9d37273e 6a88e8 h ???????? 026 /
3f13ee9.57 b44c0f8a a04d28 h ???????? 004 /wiki/JaneMcGonigal
3f140c2.ab add0a9fc ffd63a h ???????? 003 /wp-login.php
3f140da.3d add0a9fc ffd63a h ???????? 003 /robots.txt
3f14284.7e 84934212 ee3f84 h ???????? 01c /
3f143db.3a 4706cac6 ef60d6 s ???????? 003 /xxbb
3f144e8.13 42f94294 043937 h ???????? 02d /
3f144f3.95 8d140648 c22ebc h ???????? 024 /
3f144f3.f3 8d140648 c22ebc h ???????? 002 /favicon.ico
3f144f4.2c 8d140648 c22ebc h ???????? 003 /favicon.ico
3f144f7.eb 8d140648 c22ebc h ???????? 002 /feel/4
3f144fb.e7 8d140648 c22ebc h ???????? 002 /feel/8
