41c0001.27 42f942c6 043937 h ???????? 003 /wiki/LoebiSpaeti
41c020f.3f 8e04d774 e3b0c4 h ???????? 002 /robots.txt
41c0216.c6 8e04d774 d9ec50 h ???????? 017 /
41c037e.73 42f942ca 043937 h ???????? 003 /wiki/LinguFleece
41c03b1.98 5896e4da 55c4a0 h ???????? 002 //rss.rdf
41c048a.e2 9d37271b 6a88e8 h ???????? 002 //robots.txt
41c04a6.f0 42f942c6 043937 h ???????? 003 /wiki/SpringRatte
41c05b9.6c 42f942c6 043937 h ???????? 003 /wiki/RollenSpiel
41c05bb.81 42f942c8 043937 h ???????? 002 /wiki/ViktorFrankl
41c078c.9c 12f80255 2b5077 h ???????? 014 /
41c078d.9a 12f80255 2b5077 h ???????? 01a /
41c078e.9c 12f80255 2b5077 h ???????? 001 /wp-login.php
41c078f.cb 12f80255 2b5077 h ???????? 01d /
41c0790.d4 12f80255 2b5077 h ???????? 046 /index.php
41c0792.1d b211ae0a 2b5077 h ???????? 015 /
41c0792.e8 b211ae0a 2b5077 h ???????? 001 /user/register
41c0819.2c 42f942ca 043937 h ???????? 003 /wiki/PokeParadox
41c0846.dd 42f95cc7 70a047 h ???????? 002 //rss.rdf
41c093b.25 42f942c6 043937 h ???????? 003 /wiki/SendeStress
41c093f.e7 42f942c8 043937 h ???????? 003 /wiki/ReinhardHeil
41c0be0.69 25bb384c e3b0c4 h ???????? 002 /robots.txt
41c0be8.19 25bb384c 5983bc h ???????? 016 /
41c10a9.d0 403efca3 b5eaf4 h ???????? 002 /robots.txt
41c1132.98 3e8a0019 6de661 h ???????? 001 //robots.txt
41c127e.70 d9b6840f 433e9c h ???????? 002 /edit/9826001
41c13c4.ef 42f942c6 043937 h ???????? 003 /wiki/RainerHunold
41c13ec.ab d9b68418 433e9c h ???????? 002 /edit/5936002
41c14fc.82 42f942c6 043937 h ???????? 003 /wiki/LifeDay16228
41c1632.a7 d9b6849c 433e9c h ???????? 002 /edit/30286001
41c173f.32 42f942c6 043937 h ???????? 003 /wiki/UnterWaesche
41c182d.7f a484a107 433e9c h ???????? 002 /edit/29416002
41c184e.34 5f6cb561 e4b041 s ???????? 001 /robots.txt
41c1851.f2 5f6cb561 e4b041 s ???????? 018 /edit/1001
41c19a5.5c 42f942c6 043937 h ???????? 003 /wiki/StephanJansen
41c1bfd.7c 42f942ca 043937 h ???????? 003 /wiki/LifeDay15914
41c1c0a.98 42f942c6 043937 h ???????? 003 /wiki/SchillerTafel
41c1cbb.87 a484a13e 433e9c h ???????? 004 /wiki/ChristineSchlinck
41c1d34.44 42f942c6 043937 h ???????? 003 /wiki/SingleBoerse
41c1e72.de 42f942ca 043937 h ???????? 003 /wiki/MarkFi
41c1f79.f1 42f942c8 043937 h ???????? 004 /wiki/LifeDay15986
41c1f87.f6 42f942c6 043937 h ???????? 003 /wiki/AnythingGoes
41c20b7.7d 42f942c6 043937 h ???????? 003 /wiki/LifeDay16265
41c2217.47 bc286647 7dfab1 h ???????? 002 //rss.jsp
41c2217.6e bc286647 7dfab1 h ???????? 002 //rss.jsp
41c2308.ef 42f942c6 043937 h ???????? 004 /wiki/LifeDay16012
41c2423.a0 42f942c6 043937 h ???????? 003 /wiki/LifeDay15864
41c2559.8d 42f942ca 043937 h ???????? 004 /wiki/LifeDay16027
41c2566.b3 b96e84e8 323110 h ???????? 018 /
41c26a3.92 42f942c8 043937 h ???????? 003 /wiki/LifeDay16117
41c26a8.15 42f942c6 043937 h ???????? 003 /wiki/LifeDay15916
41c28e2.52 42f942ca 043937 h ???????? 003 /wiki/WerNichtsHat
41c28ec.4d 44b4e59c aec21f h ???????? 002 /robots.txt
41c28ed.32 44b4e59c aec21f h ???????? 003 /wiki/MindPost
41c2902.34 33ff414c 433e9c h ???????? 002 /edit/31206001
41c2902.9c 7966c58d 573285 h ???????? 002 /mysql/admin/
41c2902.fd 7966c58d 573285 h ???????? 002 /mysql/admin/
41c2903.a9 7966c58d 573285 h ???????? 002 /mysql/dbadmin/
41c2904.16 7966c58d 573285 h ???????? 001 /mysql/dbadmin/
41c2904.bc 7966c58d 573285 h ???????? 002 /mysql/sqlmanager/
41c2905.26 7966c58d 573285 h ???????? 002 /mysql/sqlmanager/
41c2905.cd 7966c58d 573285 h ???????? 002 /mysql/mysqlmanager/
41c2906.30 7966c58d 573285 h ???????? 002 /mysql/mysqlmanager/
41c2906.da 7966c58d 573285 h ???????? 002 /phpmyadmin/
41c2907.3d 7966c58d 573285 h ???????? 002 /phpmyadmin/
41c2907.e1 7966c58d 573285 h ???????? 002 /phpMyadmin/
41c2908.47 7966c58d 573285 h ???????? 009 /phpMyadmin/
41c2908.ee 7966c58d 573285 h ???????? 002 /phpMyAdmin/
41c2909.57 7966c58d 573285 h ???????? 002 /phpMyAdmin/
41c290a.0b 7966c58d 573285 h ???????? 002 /phpmyAdmin/
41c290a.6d 7966c58d 573285 h ???????? 002 /phpmyAdmin/
41c290b.17 7966c58d 573285 h ???????? 00d /phpmyadmin2/
41c290b.7c 7966c58d 573285 h ???????? 002 /phpmyadmin2/
41c290c.22 7966c58d 573285 h ???????? 002 /phpmyadmin3/
41c290c.87 7966c58d 573285 h ???????? 003 /phpmyadmin3/
41c290d.2f 7966c58d 573285 h ???????? 002 /phpmyadmin4/
41c290d.91 7966c58d 573285 h ???????? 00a /phpmyadmin4/
41c290e.40 7966c58d 573285 h ???????? 002 /2phpmyadmin/
41c290e.a2 7966c58d 573285 h ???????? 002 /2phpmyadmin/
41c290f.51 7966c58d 573285 h ???????? 003 /phpmy/
41c290f.bb 7966c58d 573285 h ???????? 003 /phpmy/
41c2910.68 7966c58d 573285 h ???????? 002 /phppma/
41c2910.cd 7966c58d 573285 h ???????? 002 /phppma/
41c2911.74 7966c58d 573285 h ???????? 002 /myadmin/
41c2911.e0 7966c58d 573285 h ???????? 002 /myadmin/
41c2912.d0 a4843451 eb026b s ???????? 003 /bcHead
41c2912.87 7966c58d 573285 h ???????? 125 /shopdb/
41c2913.5e a4843451 eb026b s ???????? 003 /bcHead
41c2913.34 7966c58d 573285 h ???????? 0ab /shopdb/
41c2914.0a 7966c58d 573285 h ???????? 002 /MyAdmin/
41c2914.71 7966c58d 573285 h ???????? 003 /MyAdmin/
41c2915.1a 7966c58d 573285 h ???????? 003 /program/
41c2915.81 7966c58d 573285 h ???????? 002 /program/
41c2916.2b 7966c58d 573285 h ???????? 003 /PMA/
41c2916.8f 7966c58d 573285 h ???????? 002 /PMA/
41c2917.3a 7966c58d 573285 h ???????? 002 /dbadmin/
41c2917.9e 7966c58d 573285 h ???????? 002 /dbadmin/
41c2918.49 7966c58d 573285 h ???????? 002 /pma/
41c2918.b4 7966c58d 573285 h ???????? 002 /pma/
41c2919.5f 7966c58d 573285 h ???????? 002 /db/
41c2919.c5 7966c58d 573285 h ???????? 002 /db/
41c291a.6e 7966c58d 573285 h ???????? 003 /admin/
41c291a.db 7966c58d 573285 h ???????? 002 /admin/
41c291b.87 7966c58d 573285 h ???????? 002 /mysql/
41c291b.ea 7966c58d 573285 h ???????? 002 /mysql/
41c291c.93 7966c58d 573285 h ???????? 002 /database/
41c291c.fc 7966c58d 573285 h ???????? 002 /database/
41c291d.a5 7966c58d 573285 h ???????? 002 /db/phpmyadmin/
41c291e.11 7966c58d 573285 h ???????? 002 /db/phpmyadmin/
41c291e.c1 7966c58d 573285 h ???????? 002 /db/phpMyAdmin/
41c291f.2b 7966c58d 573285 h ???????? 003 /db/phpMyAdmin/
41c291f.d2 7966c58d 573285 h ???????? 002 /sqlmanager/
41c2920.6e 7966c58d 573285 h ???????? 001 /sqlmanager/
41c2921.0f 7966c58d 573285 h ???????? 001 /mysqlmanager/
41c2921.6a 7966c58d 573285 h ???????? 002 /mysqlmanager/
41c2922.12 7966c58d 573285 h ???????? 001 /php-myadmin/
41c2922.6b 7966c58d 573285 h ???????? 001 /php-myadmin/
41c2923.08 7966c58d 573285 h ???????? 001 /phpmy-admin/
41c2923.67 7966c58d 573285 h ???????? 001 /phpmy-admin/
41c2924.03 7966c58d 573285 h ???????? 001 /mysqladmin/
41c2924.64 7966c58d 573285 h ???????? 001 /mysqladmin/
41c2925.09 7966c58d 573285 h ???????? 001 /mysql-admin/
41c2925.67 7966c58d 573285 h ???????? 001 /mysql-admin/
41c2926.0a 7966c58d 573285 h ???????? 001 /admin/phpmyadmin/
41c2926.67 7966c58d 573285 h ???????? 001 /admin/phpmyadmin/
41c2927.05 7966c58d 573285 h ???????? 001 /admin/phpMyAdmin/
41c2927.63 7966c58d 573285 h ???????? 001 /admin/phpMyAdmin/
41c2928.08 7966c58d 573285 h ???????? 001 /admin/sysadmin/
41c2928.65 7966c58d 573285 h ???????? 001 /admin/sysadmin/
41c2929.04 7966c58d 573285 h ???????? 002 /admin/sqladmin/
41c2929.60 7966c58d 573285 h ???????? 002 /admin/sqladmin/
41c292a.03 7966c58d 573285 h ???????? 002 /admin/db/
41c292a.60 7966c58d 573285 h ???????? 001 /admin/db/
41c292a.fd 7966c58d 573285 h ???????? 001 /admin/web/
41c292b.62 7966c58d 573285 h ???????? 001 /admin/web/
41c292c.09 7966c58d 573285 h ???????? 001 /admin/pMA/
41c292c.64 7966c58d 573285 h ???????? 001 /admin/pMA/
41c292d.0d 7966c58d 573285 h ???????? 002 /mysql/pma/
41c292d.6c 7966c58d 573285 h ???????? 002 /mysql/pma/
41c292e.0e 7966c58d 573285 h ???????? 002 /mysql/db/
41c292e.6c 7966c58d 573285 h ???????? 002 /mysql/db/
41c292f.0a 7966c58d 573285 h ???????? 001 /mysql/web/
41c292f.6b 7966c58d 573285 h ???????? 001 /mysql/web/
41c2930.0e 7966c58d 573285 h ???????? 002 /mysql/pMA/
41c2930.69 7966c58d 573285 h ???????? 002 /mysql/pMA/
41c2931.0a 7966c58d 573285 h ???????? 001 /sql/phpmanager/
41c2931.66 7966c58d 573285 h ???????? 002 /sql/phpmanager/
41c2932.0f 7966c58d 573285 h ???????? 001 /sql/php-myadmin/
41c2932.77 7966c58d 573285 h ???????? 002 /sql/php-myadmin/
41c2933.15 7966c58d 573285 h ???????? 002 /sql/phpmy-admin/
41c2933.75 7966c58d 573285 h ???????? 002 /sql/phpmy-admin/
41c2934.15 7966c58d 573285 h ???????? 001 /sql/sql/
41c2934.73 7966c58d 573285 h ???????? 001 /sql/sql/
41c2935.19 7966c58d 573285 h ???????? 002 /sql/myadmin/
41c2935.79 7966c58d 573285 h ???????? 001 /sql/myadmin/
41c2936.21 7966c58d 573285 h ???????? 002 /sql/webadmin/
41c2936.82 7966c58d 573285 h ???????? 001 /sql/webadmin/
41c2937.27 7966c58d 573285 h ???????? 001 /sql/sqlweb/
41c2937.88 7966c58d 573285 h ???????? 002 /sql/sqlweb/
41c2938.28 7966c58d 573285 h ???????? 001 /sql/websql/
41c2938.86 7966c58d 573285 h ???????? 001 /sql/websql/
41c2939.2c 7966c58d 573285 h ???????? 002 /sql/webdb/
41c2939.89 7966c58d 573285 h ???????? 001 /sql/webdb/
41c293a.2d 7966c58d 573285 h ???????? 001 /sql/sqladmin/
41c293a.88 7966c58d 573285 h ???????? 002 /sql/sqladmin/
41c293b.29 7966c58d 573285 h ???????? 002 /sql/sql-admin/
41c293b.86 7966c58d 573285 h ???????? 002 /sql/sql-admin/
41c293c.26 7966c58d 573285 h ???????? 002 /sql/phpmyadmin2/
41c293c.84 7966c58d 573285 h ???????? 001 /sql/phpmyadmin2/
41c293d.2d 7966c58d 573285 h ???????? 002 /sql/phpMyAdmin2/
41c293d.8c 7966c58d 573285 h ???????? 001 /sql/phpMyAdmin2/
41c293e.2c 7966c58d 573285 h ???????? 001 /sql/phpMyAdmin/
41c293e.8e 7966c58d 573285 h ???????? 001 /sql/phpMyAdmin/
41c293f.35 7966c58d 573285 h ???????? 002 /db/myadmin/
41c293f.97 7966c58d 573285 h ???????? 002 /db/myadmin/
41c2940.3a 7966c58d 573285 h ???????? 001 /db/webadmin/
41c2940.97 7966c58d 573285 h ???????? 002 /db/webadmin/
41c2941.38 7966c58d 573285 h ???????? 002 /db/dbweb/
41c2941.98 7966c58d 573285 h ???????? 002 /db/dbweb/
41c2942.41 7966c58d 573285 h ???????? 001 /db/websql/
41c2942.a1 7966c58d 573285 h ???????? 002 /db/websql/
41c2943.44 7966c58d 573285 h ???????? 002 /db/webdb/
41c2943.a5 7966c58d 573285 h ???????? 001 /db/webdb/
41c2944.46 7966c58d 573285 h ???????? 002 /db/dbadmin/
41c2944.a6 7966c58d 573285 h ???????? 002 /db/dbadmin/
41c2945.48 7966c58d 573285 h ???????? 002 /db/db-admin/
41c2945.a5 7966c58d 573285 h ???????? 002 /db/db-admin/
41c2946.47 7966c58d 573285 h ???????? 002 /db/phpmyadmin3/
41c2946.ab 7966c58d 573285 h ???????? 002 /db/phpmyadmin3/
41c2947.4c 7966c58d 573285 h ???????? 001 /db/phpMyAdmin3/
41c2947.b0 7966c58d 573285 h ???????? 002 /db/phpMyAdmin3/
41c2948.52 7966c58d 573285 h ???????? 001 /db/phpMyAdmin-3/
41c2948.b4 7966c58d 573285 h ???????? 002 /db/phpMyAdmin-3/
41c2949.55 7966c58d 573285 h ???????? 002 /administrator/phpmyadmin/
41c2949.b8 7966c58d 573285 h ???????? 002 /administrator/phpmyadmin/
41c294a.5b 7966c58d 573285 h ???????? 001 /administrator/phpMyAdmin/
41c294a.b9 7966c58d 573285 h ???????? 002 /administrator/phpMyAdmin/
41c294b.5a 7966c58d 573285 h ???????? 002 /administrator/db/
41c294b.b7 7966c58d 573285 h ???????? 002 /administrator/db/
41c294c.57 7966c58d 573285 h ???????? 001 /administrator/web/
41c294c.b7 7966c58d 573285 h ???????? 002 /administrator/web/
41c294d.59 7966c58d 573285 h ???????? 002 /administrator/pma/
41c294d.c0 7966c58d 573285 h ???????? 002 /administrator/pma/
41c294e.62 7966c58d 573285 h ???????? 002 /administrator/PMA/
41c294e.c1 7966c58d 573285 h ???????? 001 /administrator/PMA/
41c294f.63 7966c58d 573285 h ???????? 002 /administrator/admin/
41c294f.c1 7966c58d 573285 h ???????? 002 /administrator/admin/
41c2950.64 7966c58d 573285 h ???????? 002 /phpMyAdmin2/
41c2950.c5 7966c58d 573285 h ???????? 002 /phpMyAdmin2/
41c2951.65 7966c58d 573285 h ???????? 001 /phpMyAdmin3/
41c2951.c5 7966c58d 573285 h ???????? 002 /phpMyAdmin3/
41c2952.68 7966c58d 573285 h ???????? 002 /phpMyAdmin4/
41c2952.cc 7966c58d 573285 h ???????? 002 /phpMyAdmin4/
41c2953.72 7966c58d 573285 h ???????? 001 /phpMyAdmin-3/
41c2953.d6 7966c58d 573285 h ???????? 002 /phpMyAdmin-3/
41c2954.7b 7966c58d 573285 h ???????? 001 /php-my-admin/
41c2954.df 7966c58d 573285 h ???????? 002 /php-my-admin/
41c2955.83 7966c58d 573285 h ???????? 002 /PMA2011/
41c2955.e1 7966c58d 573285 h ???????? 002 /PMA2011/
41c2956.85 7966c58d 573285 h ???????? 002 /PMA2012/
41c2956.eb 7966c58d 573285 h ???????? 001 /PMA2012/
41c2957.8d 7966c58d 573285 h ???????? 002 /PMA2013/
41c2957.f7 7966c58d 573285 h ???????? 002 /PMA2013/
41c2958.99 7966c58d 573285 h ???????? 002 /PMA2014/
41c2958.f9 7966c58d 573285 h ???????? 002 /PMA2014/
41c2959.9d 7966c58d 573285 h ???????? 002 /PMA2015/
41c2959.fd 7966c58d 573285 h ???????? 002 /PMA2015/
41c295a.a2 7966c58d 573285 h ???????? 002 /PMA2016/
41c295b.07 7966c58d 573285 h ???????? 002 /PMA2016/
41c295b.a8 7966c58d 573285 h ???????? 002 /PMA2017/
41c295c.0a 7966c58d 573285 h ???????? 002 /PMA2017/
41c295c.ad 7966c58d 573285 h ???????? 002 /PMA2018/
41c295d.1f 7966c58d 573285 h ???????? 002 /PMA2018/
41c295d.c3 7966c58d 573285 h ???????? 002 /pma2011/
41c295e.2b 7966c58d 573285 h ???????? 002 /pma2011/
41c295e.d2 7966c58d 573285 h ???????? 002 /pma2012/
41c295f.39 7966c58d 573285 h ???????? 002 /pma2012/
41c295f.df 7966c58d 573285 h ???????? 002 /pma2013/
41c2960.45 7966c58d 573285 h ???????? 002 /pma2013/
41c2960.f1 7966c58d 573285 h ???????? 009 /pma2014/
41c2961.57 7966c58d 573285 h ???????? 002 /pma2014/
41c2962.02 7966c58d 573285 h ???????? 002 /pma2015/
41c2962.67 7966c58d 573285 h ???????? 002 /pma2015/
41c2963.0c 7966c58d 573285 h ???????? 002 /pma2016/
41c2963.6d 7966c58d 573285 h ???????? 00b /pma2016/
41c2964.18 7966c58d 573285 h ???????? 002 /pma2017/
41c2964.7d 7966c58d 573285 h ???????? 002 /pma2017/
41c2965.24 7966c58d 573285 h ???????? 003 /pma2018/
41c2965.89 7966c58d 573285 h ???????? 003 /pma2018/
41c2966.31 7966c58d 573285 h ???????? 00b /phpmyadmin2011/
41c2966.96 7966c58d 573285 h ???????? 002 /phpmyadmin2011/
41c2967.3b 7966c58d 573285 h ???????? 002 /phpmyadmin2012/
41c2967.a7 7966c58d 573285 h ???????? 002 /phpmyadmin2012/
41c2968.52 7966c58d 573285 h ???????? 002 /phpmyadmin2013/
41c2968.b9 7966c58d 573285 h ???????? 00c /phpmyadmin2013/
41c2969.61 7966c58d 573285 h ???????? 002 /phpmyadmin2014/
41c2969.c4 7966c58d 573285 h ???????? 002 /phpmyadmin2014/
41c296a.72 7966c58d 573285 h ???????? 002 /phpmyadmin2015/
41c296a.d4 7966c58d 573285 h ???????? 002 /phpmyadmin2015/
41c296b.88 7966c58d 573285 h ???????? 002 /phpmyadmin2016/
41c296b.f1 7966c58d 573285 h ???????? 002 /phpmyadmin2016/
41c296c.9b 7966c58d 573285 h ???????? 002 /phpmyadmin2017/
41c296d.06 7966c58d 573285 h ???????? 003 /phpmyadmin2017/
41c296d.ad 7966c58d 573285 h ???????? 003 /phpmyadmin2018/
41c296e.13 7966c58d 573285 h ???????? 00b /phpmyadmin2018/
41c296e.c1 7966c58d 573285 h ???????? 002 /phpmanager/
41c296f.26 7966c58d 573285 h ???????? 002 /phpmanager/
41c2a1a.98 42f942c8 043937 h ???????? 004 /wiki/TonyWoodcock
41c2c61.33 42f942ca 043937 h ???????? 003 /wiki/DeutscheWelle
41c2cb9.7c d9b684c0 433e9c h ???????? 004 /wiki/EtAi
41c2d54.f3 42f942d2 043937 s ???????? 003 /wiki/DrHipp
41c2d58.0a 42f942d4 043937 s ???????? 006 /wiki/KindsVater
41c2d58.db 42f942d2 043937 s ???????? 004 /wiki/AlienQueen
41c2d9f.ef 42f942d4 043937 s ???????? 004 /wiki/SchwarzRotGold
41c2e42.d7 42f942d4 043937 s ???????? 004 /wiki/PowerWomenMitCoach
41c2e7c.e1 42f942d2 043937 s ???????? 004 /wiki/CalendarWeek
41c2e7d.6f 42f942d0 043937 s ???????? 004 /wiki/EightThousander
41c2e7d.b5 42f942d2 043937 s ???????? 004 /wiki/ChallengerDeep
41c2e80.0f 42f942d2 043937 s ???????? 004 /wiki/IsoGame
41c3100.12 42f942c6 043937 h ???????? 006 /wiki/ErFolg
41c3382.87 42f95ccb 70a047 h ???????? 003 //rss.rdf
41c3478.46 b44c0f22 a04d28 h ???????? 00a /crush
41c36f7.79 42f942ca 043937 h ???????? 004 /wiki/LifeDay15835
41c373c.6d 88f3438b 19eaf2 h ???????? 01c /
41c373d.26 88f3438b dfbb6c h ???????? 011 /
41c3827.76 42f942ca 043937 h ???????? 001 /wiki/LifeDay15955
41c3dfd.95 42f942c6 043937 h ???????? 002 /wiki/MarkusFuhrmann
41c3f07.d0 b44c0f9e a04d28 h ???????? 002 /wiki/WwWebLern
41c3f37.90 42f942ca 043937 h ???????? 002 /wiki/HueblersLounge
41c40e2.e7 42f942c6 043937 h ???????? 002 /wiki/BertelsSchloss
41c4199.25 284da77f 6a88e8 h ???????? 002 /wiki/GriebenSchmalz
41c41de.bf 42f942ca 043937 h ???????? 001 /wiki/FlanierKarte1
41c43bd.65 42f942c8 043937 h ???????? 002 /wiki/WilliamGibson
41c43c4.57 cf2e0d0d 6a88e8 s ???????? 012 /
41c43de.d5 42f942ca 043937 h ???????? 002 /wiki/WestinBellevue
41c4674.af 42f942c8 043937 h ???????? 003 /wiki/GuentherSchiwy
41c487b.ac 52c40613 31e34f h ???????? 002 /robots.txt
41c487b.d3 52c40613 31e34f h ???????? 002 /wiki/CoOrpheum
41c48ee.7a 52c40613 31e34f s ???????? 001 /robots.txt
41c48ee.bb 52c40613 31e34f s ???????? 056 /hls
41c48f4.94 52c40613 31e34f s ???????? 05c /ls
41c496f.5b 52c40613 31e34f h ???????? 012 /
41c4974.70 52c40613 31e34f h ???????? 002 /wiki/OttoScharmer
41c4a58.30 42f942c6 043937 h ???????? 002 /wiki/HenrykGorecki
41c4b3d.11 42f942c8 043937 h ???????? 002 /wiki/JoachimBublath
41c4e79.f3 42f942c6 043937 h ???????? 003 /wiki/BusinessDesign
41c4fa8.7e d9b684aa 433e9c h ???????? 001 /radio/MuskDreams
41c4faa.48 cf2e0d0d 6a88e8 h ???????? 002 /wiki/MindQuote
41c504b.29 4fc240e0 febd6d h ???????? 002 /wiki/GuidoStepken
41c51cf.64 a484a4b4 433e9c h ???????? 001 /edit/24316002
41c51ea.1c 42f942c8 043937 h ???????? 002 /wiki/StadtWuppertal
41c51eb.36 42f942ca 043937 h ???????? 002 /wiki/SchillerPassage
41c531b.86 42f942c6 043937 h ???????? 002 /wiki/StadtDarmstadt
41c53bb.f0 42f942c8 043937 h ???????? 007 /wiki/AdiDas
41c5872.94 cbc0ea65 be33ef h ???????? 002 /wp-login.php
41c5872.d5 cbc0ea65 be33ef h ???????? 012 /
41c58f1.8e 42f942ca 043937 h ???????? 002 /wiki/ElisaAusBergamo
41c58f2.84 42f942c8 043937 h ???????? 002 /wiki/CreativeCities
41c5a2c.56 42f942c6 043937 h ???????? 002 /wiki/GlobalTopicCode
41c5c76.3d a484a4b4 433e9c h ???????? 019 /edit/17626002
41c5c83.53 42f942c6 043937 h ???????? 002 /wiki/VeoliaStiftung
41c5cf5.0b 42f95cc7 70a047 h ???????? 001 //rss.rdf
41c5de6.7d 42f942ca 043937 h ???????? 002 /wiki/ActionWikiWall
41c5e9d.b7 36a6fe1b 2baa92 h ???????? 019 /
41c5ff3.f1 42f942c8 043937 h ???????? 002 /wiki/InfiniteLoopOne
41c61a8.a6 d9b6845a 433e9c h ???????? 001 /edit/22586001
41c6321.08 a484a159 433e9c h ???????? 012 /edit/13546001
41c64bc.e7 b44c0f0e a04d28 h ???????? 002 /wiki/LockOffice
41c666c.40 42f942c8 043937 h ???????? 002 /wiki/IkarusUndAirBus
41c6829.64 42f942ca 043937 h ???????? 002 /wiki/SpielwarenMesse
41c682d.2e d9b6843d 433e9c h ???????? 002 /wiki/PieschenBank
41c682f.40 42f942c8 043937 h ???????? 002 /wiki/CafeErdgeschoss
41c6b0b.06 57fae0d5 e4b041 h ???????? 002 /robots.txt
41c6b0e.e3 57fae0d5 e4b041 h ???????? 001 /cal
41c6bab.4c 42f942c8 043937 h ???????? 002 /wiki/DivideAndConquer
41c6ce5.cd 42f942ca 043937 h ???????? 002 /wiki/SystemicParanoia
41c6f34.a4 42f942c8 043937 h ???????? 003 /wiki/PublishSubscribe
41c6f35.c3 42f942c6 043937 h ???????? 002 /wiki/StadtEntwicklung
41c7009.8c 4a7d4c21 55c2cd h ???????? 002 //rss.rdf
41c71b7.c7 42f942ca 043937 h ???????? 002 /wiki/CoworkingCologne
41c734d.cb 7b33bec2 702dd8 h ???????? 014 /
41c73c4.30 a484a13e 433e9c h ???????? 002 /edit/21096001
41c7517.9d 42f942ca 043937 h ???????? 002 /wiki/GettingThingsDone
41c75cc.d4 9d3727e6 6a88e8 s ???????? 014 /
41c7732.7f 403efca3 b5eaf4 h ???????? 002 /robots.txt
41c7777.48 a2f74807 cc9bbb h ???????? 013 /
41c777d.e6 330f49b6 cc9bbb h ???????? 014 /
41c79d3.d1 42f942ca 043937 h ???????? 002 /wiki/MichaelMuszumansk
41c7a1d.cb 284da711 6a88e8 h ???????? 002 /wiki/HansMoravec
41c7c28.72 42f942ca 043937 h ???????? 003 /wiki/OksanaLerntArduino
41c7d49.3e 42f942c8 043937 h ???????? 002 /wiki/LastCallForTakeOff
41c7e75.47 42f942c6 043937 h ???????? 003 /wiki/JamesJesusAngleton
41c7e78.06 42f942ca 043937 h ???????? 003 /wiki/CreativeLeadership
41c812b.21 42f942ca 043937 h ???????? 003 /wiki/NikolausHarnoncourt
41c8229.fe 42f942c6 043937 h ???????? 002 /wiki/AntiquitaetenEtKunst
41c8233.61 8ba277c5 976046 h ???????? 014 /
41c836f.59 44b4e59c aec21f s ???????? 001 /robots.txt
41c8370.9c 44b4e59c aec21f s ???????? 002 /wiki/LoDr
41c857f.c0 42f942c6 043937 h ???????? 003 /wiki/TeamEntrepreneurship
41c8632.e9 d9b68461 433e9c h ???????? 003 /wiki/ThorstenPrante
41c8636.31 42f95cc7 70a047 h ???????? 001 //rss.rdf
41c8728.3a 33ff413d 433e9c h ???????? 016 /edit/18446001
41c8738.e3 9d372741 6a88e8 s ???????? 01d /
41c8904.bc 42f942c8 043937 h ???????? 003 /wiki/GenRob
41c8a29.17 42f942c6 043937 h ???????? 002 /wiki/AufmerksamkeitsProblem
41c8a48.6e 68eca429 ef60d6 h ???????? 014 /
41c8cc2.f4 42f942c6 043937 h ???????? 003 /wiki/PieschenTechnologyGroup
41c902c.bd 42f942ca 043937 h ???????? 002 /wiki/PieschenSchoolOfEconomics
41c9174.b9 42f942c8 043937 h ???????? 003 /wiki/MariusMuellerWesternhagen
41c929a.5f 42f942ca 043937 h ???????? 002 /wiki/GeheimhaltungsVereinbarung
41c9397.99 42f942c8 043937 h ???????? 003 /wiki/DresdenInternationalUniversity
41c968b.62 42f9526c 002725 h ???????? 001 /favicon.ico
41c96a1.21 25cc3289 3e2c30 h ???????? 016 /
41c983b.51 42f942c8 043937 h ???????? 003 /wiki/IsoMetric
41c9ddb.9a 4706cac6 aadf09 h ???????? 002 /ccvv
41ca443.94 42f942c8 043937 h ???????? 002 /bqaoayhhlipwhw.html
41ca494.1e 05c45716 433e9c h ???????? 002 /robots.txt
41ca495.52 33ff41e0 433e9c h ???????? 01d /edit/12606001
41ca49b.2d 34e8f8d0 aaa5a7 h ???????? 001 /manager/html
41ca57c.f1 47068783 2b9388 s ???????? 015 /
41ca6f3.6f 284da74f 6a88e8 h ???????? 01c /
41ca6ff.c1 a8c4d5fe be33ef h ???????? 002 /wp-login.php
41ca700.23 a8c4d5fe be33ef h ???????? 01a /
41ca8ad.50 42f942ca 043937 h ???????? 004 /wiki/ChFi2
41ca9dc.3e 42f942ca 043937 h ???????? 003 /wiki/SmVhs
41caa02.90 42f942c8 043937 h ???????? 003 /wiki/WebOs
41cab05.05 42f942c6 043937 h ???????? 003 /wiki/AnSch
41cab1e.7e b63069d2 c02a03 s ???????? 017 /
41cac8a.c4 42f942c6 043937 h ???????? 003 /wiki/ReView
41cacef.ba 42f95ccb 70a047 h ???????? 002 //rss.rdf
41cad15.53 42f942d4 043937 s ???????? 002 /robots.txt
41cad15.d5 42f942d0 043937 s ???????? 003 /wiki/AlGoresDigitalEarth
41cad18.6e 42f942d0 043937 s ???????? 003 /wiki/FarmVilly
41cad1b.42 42f942d2 043937 s ???????? 003 /wiki/ComputerGame
41cae22.6c 42f942d2 043937 s ???????? 004 /wiki/SocialGame
41cae23.14 42f942d2 043937 s ???????? 003 /wiki/SmflWiki
41cae3a.be 42f942d2 043937 s ???????? 004 /wiki/VlSi
41cae3b.6c 42f942d4 043937 s ???????? 003 /wiki/MeadConway
41cae3b.ab 42f942d4 043937 s ???????? 003 /wiki/CuBit
41cae3c.19 42f942d4 043937 s ???????? 003 /wiki/TextBook
41cae3c.8f 42f942d4 043937 s ???????? 003 /wiki/VirtualGood
41cae3d.07 42f942d2 043937 s ???????? 003 /wiki/SemaTech
41cae89.88 42f942c6 043937 h ???????? 003 /wiki/OnlineBanking
41cb267.cb cd8b8d36 209ef4 h ???????? 002 //rss.rdf
41cb28f.c8 a2d2c482 028fc4 h ???????? 009 /robots.txt
41cb293.cb a2d2c482 028fc4 h ???????? 015 /
41cb3ec.58 67db146e a2996e h ???????? 002 //rss.rdf
41cb3f2.e4 c047f553 f93269 h ???????? 003 //rss.rdf
41cb50c.dc 7a605db5 53f294 h ???????? 002 //favicon.ico
41cb5cb.87 42f954d2 002725 h ???????? 002 /favicon.ico
41cb744.9e 33ff4773 433e9c h ???????? 003 /edit/29136002
41cb7f6.b4 6bb2c2f4 71f2b9 s ???????? 003 /bcHead
41cb945.79 44b4e59c aec21f h ???????? 004 /wiki/VideoChat
41cba42.07 284da713 6a88e8 h ???????? 003 /wiki/GlaxoSmithKline
41cbb97.e7 42f94216 043937 h ???????? 002 //robots.txt
41cbbb5.34 42f942c6 043937 h ???????? 003 //wiki/MindSkill
41cbedf.a3 42f94218 043937 h ???????? 004 /wiki/BackUp
41cbf61.10 a484a12f 433e9c h ???????? 002 /edit/21806001
41cc19e.9e 17fa2cef 57819b h ???????? 003 //wiki/AbdaCom
41cc1d2.b2 284da711 6a88e8 h ???????? 003 /wiki/MitWirkende
41cc29c.1a 80487914 57819b h ???????? 020 /
41cc2a3.12 80487914 57819b h ???????? 002 /alive/4
41cc2a3.3d 80487914 57819b h ???????? 00a /feel/4
41cc2a7.2d 80487914 57819b h ???????? 002 /alive/8
41cc2a7.67 80487914 57819b h ???????? 002 /feel/8
41cc38d.3e 42f942ca 043937 h ???????? 003 /wiki/BeEb
41cc39b.31 42f942c8 043937 h ???????? 004 /wiki/JaJa
41cc3ff.f5 d9b6840e 433e9c h ???????? 003 /edit/27226001
41cc4cb.13 42f942c6 043937 h ???????? 004 /wiki/JaBb
41cc629.01 33ff4112 433e9c h ???????? 002 /edit/22436001
41cc6f7.3e 2d37a4cf 0cf351 h ???????? 002 /robots.txt
41cc77d.53 42f94216 043937 h ???????? 004 /wiki/JoBu
41cc866.80 42f942ca 043937 h ???????? 004 /wiki/ReiSt
41cc895.da b0c1bef2 3e2c30 h ???????? 019 /
41cc972.8e 42f942c8 043937 h ???????? 003 /wiki/JaFri
41ccaa2.79 42f942c8 043937 h ???????? 004 /wiki/EdUZg
41cd010.2c 42f94217 043937 h ???????? 003 /wiki/BotNet
41cd111.a4 a484a13d 433e9c h ???????? 004 /wiki/TwitterKurs
41cd19e.4f 42f942c6 043937 h ???????? 003 /wiki/SunSet
41cd1a5.28 42f942c6 043937 h ???????? 003 /wiki/RampUp
41cd421.b8 34cf2b06 4ebbdb h ???????? 002 //robots.txt
41cd422.32 34cf2b06 4ebbdb h ???????? 020 /
41cd526.fc 42f942c8 043937 h ???????? 004 /wiki/InJect
41cd528.70 42f942c8 043937 h ???????? 004 /wiki/CibWiki
41cd637.7a 42f942c8 043937 h ???????? 003 /wiki/GfRay1
41cd6b2.7e 8ac52be7 73ab6e h ???????? 01b /
41cd74a.e4 426608c8 70a047 h ???????? 002 //rss.rdf
41cd78e.6c 42f942c8 043937 h ???????? 004 /wiki/LyrIch
41cd7f8.dc 44b4e59c aec21f h ???????? 01b /love/1e
41cd8ba.fd 42f942ca 043937 h ???????? 004 /wiki/HerVor
41cd9b6.36 42f942ca 043937 h ???????? 003 /wiki/JoinNow
41cdec9.5c 05c45716 433e9c s ???????? 002 /robots.txt
41cdec9.fb 33ff4152 433e9c s ???????? 025 /
41ce0ec.5e 42f942ca 043937 h ???????? 005 /wiki/ZuKnuft
41ce157.7e 284da748 6a88e8 h ???????? 004 /wiki/MindPeople
41ce1d5.ed 42f942c6 043937 h ???????? 004 /wiki/GeHeim
41ce2f1.e6 904ca2ce bb2c45 s ???????? 004 /wiki/UnTil2007Q4
41ce33f.19 42f942c8 043937 h ???????? 003 /wiki/WiLiN25
41ce367.25 42f942c8 043937 h ???????? 003 //wiki/MindSkill
41ce41f.8b 42f942ca 043937 h ???????? 004 /wiki/MindSkill
41ce472.13 42f942ca 043937 h ???????? 004 /wiki/BlaGuss
41ce6d8.36 42f942c6 043937 h ???????? 004 /wiki/AnProbe
41ce7fe.39 42f942ca 043937 h ???????? 004 /wiki/IchHabs
41ce811.2c 42f942c8 043937 h ???????? 003 /wiki/LisaRosa
41ce9d9.ed 8ac5721e 73ab6e h ???????? 01b /
41cea53.3e 42f94f94 043937 h ???????? 004 /wiki/FidoNet
41cea54.d4 5f6cb561 e4b041 h ???????? 002 /robots.txt
41cea58.c9 5f6cb561 e4b041 h ???????? 003 /cal
41ceb7e.3b cf2e0d4e 6a88e8 h ???????? 004 /wiki/DaveWiner
41ceb8a.21 42f94f90 043937 h ???????? 005 /wiki/ThSarra
41cee14.dc 42f94f92 043937 h ???????? 004 /wiki/OhrRing
41cef0d.73 42f94f90 043937 h ???????? 004 /wiki/BeSteck
41cef0e.6e 42f94f92 043937 h ???????? 003 /wiki/FgDd660
41cefab.5b 80470d22 f262fc h ???????? 01c /
41cf019.bc 42f94f92 043937 h ???????? 004 /wiki/AtemZug
41cf167.e0 42f94f92 043937 h ???????? 004 /wiki/GfGlass
41cf2e0.3f 42f94f90 043937 h ???????? 004 /wiki/PassAuf
41cf397.19 42f94f90 043937 h ???????? 004 /wiki/RePeat
41cf3c7.1a d9b68433 433e9c h ???????? 004 /wiki/KayGroschen
41cf4db.f2 42f94f90 043937 h ???????? 004 /wiki/VerFueg
41cf4dd.9e b6fbf224 cf2cd6 h ???????? 004 /wiki/SobTla
41cf616.44 42f94f94 043937 h ???????? 004 /wiki/BigTale
41cf623.ce 42f94f92 043937 h ???????? 004 /wiki/VorSatz
41cf680.ed 44b4e59c aec21f h ???????? 005 /wiki/AvaTar
41cfa00.5b cf2e0d4e 6a88e8 h ???????? 005 /wiki/ChristineSchlinck
41cff36.4d 33ff414c 433e9c h ???????? 005 /wiki/MitGift
41cffc1.f4 5f6cb561 e4b041 h ???????? 01d /
