419001c.85 b63069d2 c02a03 s ???????? 01c /
419011a.32 33ff4153 433e9c h ???????? 004 /wiki/AlphaForce
41908e4.a1 d9b6843b 433e9c h ???????? 003 /edit/27986001
4190974.b1 42f942c8 622963 h ???????? 002 /hot
41909b6.28 42f942ca 043937 h ???????? 004 /wiki/MeinRuhIsInterRupted
4190e0f.bb 42f954ee 002725 h ???????? 002 /favicon.ico
4190e5d.c8 33ff4142 433e9c h ???????? 002 /css
41910a0.b8 44b4e59c aec21f h ???????? 003 /robots.txt
41910a1.68 44b4e59c aec21f h ???????? 003 /wiki/UndDasSpannendeIst
41912bf.51 d94585d8 399ff9 h ???????? 003 /robots.txt
41912c7.07 d94585d8 399ff9 h ???????? 004 /wiki/BootUp
41912cb.81 d94585d8 399ff9 h ???????? 003 /wiki/SdVw
41912cf.d7 d94585d8 399ff9 h ???????? 004 /wiki/PresencingStatus
41912d3.7c d9458555 399ff9 h ???????? 004 /wiki/IdeaPad
41912d7.95 d94585d7 399ff9 h ???????? 004 /wiki/MartinOne
41912f6.a1 369f7e15 2baa92 h ???????? 01a /
41912f8.ef 365066b7 2baa92 h ???????? 01b /
41918fd.0e b44c0f22 a04d28 h ???????? 004 /wiki/LockSchuppen
4191aec.c2 42f95cc7 70a047 h ???????? 003 //rss.rdf
4191b45.e6 42f942ca 043937 h ???????? 002 //robots.txt
4191b78.ba 42f942c8 043937 h ???????? 005 /wiki/NumberFormatException
4191c39.58 a4845b03 207a03 s ???????? 01c /
419203e.6f 42f942c8 043937 h ???????? 007 /wiki/MaschSee
41920cd.14 b44c0f15 a04d28 h ???????? 026 /
4192253.dd 42f942c8 043937 h ???????? 004 /wiki/EarlyAdopters
4192377.1b 42f942ca 043937 h ???????? 004 /wiki/LeanStartUp
41924cf.8d 42f942c6 043937 h ???????? 004 /wiki/RavensBurger
4192551.74 4d9ac10b 573285 h ???????? 003 /mysql/admin/
4192551.a7 4d9ac10b 573285 h ???????? 002 /mysql/admin/
4192551.e2 4d9ac10b 573285 h ???????? 002 /mysql/dbadmin/
4192552.17 4d9ac10b 573285 h ???????? 002 /mysql/dbadmin/
4192552.52 4d9ac10b 573285 h ???????? 00c /mysql/sqlmanager/
4192552.86 4d9ac10b 573285 h ???????? 003 /mysql/sqlmanager/
4192552.c3 4d9ac10b 573285 h ???????? 002 /mysql/mysqlmanager/
4192552.f5 4d9ac10b 573285 h ???????? 003 /mysql/mysqlmanager/
4192553.42 4d9ac10b 573285 h ???????? 002 /phpmyadmin/
4192553.73 4d9ac10b 573285 h ???????? 003 /phpmyadmin/
4192553.b0 4d9ac10b 573285 h ???????? 003 /phpMyadmin/
4192554.20 4d9ac10b 573285 h ???????? 001 /phpMyadmin/
4192554.51 4d9ac10b 573285 h ???????? 001 /phpMyAdmin/
4192554.76 4d9ac10b 573285 h ???????? 001 /phpMyAdmin/
4192554.a9 4d9ac10b 573285 h ???????? 001 /phpmyAdmin/
4192554.d0 4d9ac10b 573285 h ???????? 001 /phpmyAdmin/
4192555.04 4d9ac10b 573285 h ???????? 001 /phpmyadmin2/
4192555.27 4d9ac10b 573285 h ???????? 001 /phpmyadmin2/
4192555.84 4d9ac10b 573285 h ???????? 001 /phpmyadmin3/
4192555.af 4d9ac10b 573285 h ???????? 001 /phpmyadmin3/
4192555.e5 4d9ac10b 573285 h ???????? 001 /phpmyadmin4/
4192556.16 4d9ac10b 573285 h ???????? 001 /phpmyadmin4/
4192556.47 4d9ac10b 573285 h ???????? 006 /2phpmyadmin/
4192556.b3 4d9ac10b 573285 h ???????? 002 /2phpmyadmin/
4192556.e5 4d9ac10b 573285 h ???????? 001 /phpmy/
4192557.08 4d9ac10b 573285 h ???????? 002 /phpmy/
4192557.3f 4d9ac10b 573285 h ???????? 001 /phppma/
4192557.64 4d9ac10b 573285 h ???????? 002 /phppma/
4192557.95 4d9ac10b 573285 h ???????? 001 /myadmin/
4192557.ba 4d9ac10b 573285 h ???????? 001 /myadmin/
4192558.29 a4843451 eb026b s ???????? 002 /bcHead
4192557.f1 4d9ac10b 573285 h ???????? 0dc /shopdb/
4192558.70 a4843451 eb026b s ???????? 001 /bcHead
4192558.51 4d9ac10b 573285 h ???????? 07a /shopdb/
4192558.a2 4d9ac10b 573285 h ???????? 001 /MyAdmin/
4192558.c6 4d9ac10b 573285 h ???????? 001 /MyAdmin/
4192559.f6 4d9ac10b 573285 h ???????? 001 /program/
419255a.22 4d9ac10b 573285 h ???????? 001 /program/
419255a.54 4d9ac10b 573285 h ???????? 001 /PMA/
419255a.83 4d9ac10b 573285 h ???????? 002 /PMA/
419255a.b7 4d9ac10b 573285 h ???????? 002 /dbadmin/
419255a.da 4d9ac10b 573285 h ???????? 001 /dbadmin/
419255b.13 4d9ac10b 573285 h ???????? 002 /pma/
419255b.3c 4d9ac10b 573285 h ???????? 001 /pma/
419255b.72 4d9ac10b 573285 h ???????? 002 /db/
419255b.9c 4d9ac10b 573285 h ???????? 001 /db/
419255b.d8 4d9ac10b 573285 h ???????? 001 /admin/
419255c.05 4d9ac10b 573285 h ???????? 001 /admin/
419255d.62 4d9ac10b 573285 h ???????? 001 /mysql/
419255d.89 4d9ac10b 573285 h ???????? 008 /mysql/
4192560.e6 4d9ac10b 573285 h ???????? 001 /db/phpmyadmin/
4192561.15 4d9ac10b 573285 h ???????? 001 /db/phpmyadmin/
4192562.45 4d9ac10b 573285 h ???????? 001 /db/phpMyAdmin/
4192562.6a 4d9ac10b 573285 h ???????? 002 /db/phpMyAdmin/
4192562.9b 4d9ac10b 573285 h ???????? 001 /sqlmanager/
4192562.c1 4d9ac10b 573285 h ???????? 001 /sqlmanager/
4192562.ef 4d9ac10b 573285 h ???????? 001 /mysqlmanager/
4192563.1e 4d9ac10b 573285 h ???????? 001 /mysqlmanager/
4192563.52 4d9ac10b 573285 h ???????? 001 /php-myadmin/
4192563.76 4d9ac10b 573285 h ???????? 001 /php-myadmin/
4192563.aa 4d9ac10b 573285 h ???????? 001 /phpmy-admin/
4192563.cf 4d9ac10b 573285 h ???????? 001 /phpmy-admin/
4192564.0a 4d9ac10b 573285 h ???????? 001 /mysqladmin/
4192564.32 4d9ac10b 573285 h ???????? 001 /mysqladmin/
4192564.69 4d9ac10b 573285 h ???????? 001 /mysql-admin/
4192564.8d 4d9ac10b 573285 h ???????? 001 /mysql-admin/
4192564.c3 4d9ac10b 573285 h ???????? 002 /admin/phpmyadmin/
4192564.ee 4d9ac10b 573285 h ???????? 001 /admin/phpmyadmin/
4192565.1e 4d9ac10b 573285 h ???????? 001 /admin/phpMyAdmin/
4192565.45 4d9ac10b 573285 h ???????? 002 /admin/phpMyAdmin/
4192565.77 4d9ac10b 573285 h ???????? 002 /admin/sysadmin/
4192565.9f 4d9ac10b 573285 h ???????? 001 /admin/sysadmin/
4192565.cd 4d9ac10b 573285 h ???????? 002 /admin/sqladmin/
4192565.f3 4d9ac10b 573285 h ???????? 002 /admin/sqladmin/
4192567.2c 4d9ac10b 573285 h ???????? 002 /admin/db/
4192567.50 4d9ac10b 573285 h ???????? 001 /admin/db/
4192567.83 4d9ac10b 573285 h ???????? 002 /admin/web/
4192567.ab 4d9ac10b 573285 h ???????? 001 /admin/web/
4192567.e7 4d9ac10b 573285 h ???????? 001 /admin/pMA/
4192568.17 4d9ac10b 573285 h ???????? 001 /admin/pMA/
4192568.5a 4d9ac10b 573285 h ???????? 001 /mysql/pma/
4192568.87 4d9ac10b 573285 h ???????? 001 /mysql/pma/
4192568.bf 4d9ac10b 573285 h ???????? 002 /mysql/db/
4192568.e5 4d9ac10b 573285 h ???????? 002 /mysql/db/
4192569.17 4d9ac10b 573285 h ???????? 001 /mysql/web/
4192569.3d 4d9ac10b 573285 h ???????? 008 /mysql/web/
4192569.76 4d9ac10b 573285 h ???????? 001 /mysql/pMA/
4192569.9c 4d9ac10b 573285 h ???????? 001 /mysql/pMA/
4192569.d7 4d9ac10b 573285 h ???????? 002 /sql/phpmanager/
419256a.05 4d9ac10b 573285 h ???????? 001 /sql/phpmanager/
419256a.36 4d9ac10b 573285 h ???????? 002 /sql/php-myadmin/
419256a.5d 4d9ac10b 573285 h ???????? 002 /sql/php-myadmin/
419256a.91 4d9ac10b 573285 h ???????? 001 /sql/phpmy-admin/
419256a.f9 4d9ac10b 573285 h ???????? 001 /sql/phpmy-admin/
419256b.2e 4d9ac10b 573285 h ???????? 002 /sql/sql/
419256b.54 4d9ac10b 573285 h ???????? 001 /sql/sql/
419256b.89 4d9ac10b 573285 h ???????? 002 /sql/myadmin/
419256b.ae 4d9ac10b 573285 h ???????? 002 /sql/myadmin/
419256b.e2 4d9ac10b 573285 h ???????? 001 /sql/webadmin/
419256c.09 4d9ac10b 573285 h ???????? 001 /sql/webadmin/
419256c.44 4d9ac10b 573285 h ???????? 001 /sql/sqlweb/
419256c.75 4d9ac10b 573285 h ???????? 002 /sql/sqlweb/
419256c.a8 4d9ac10b 573285 h ???????? 002 /sql/websql/
419256c.d1 4d9ac10b 573285 h ???????? 002 /sql/websql/
419256d.06 4d9ac10b 573285 h ???????? 001 /sql/webdb/
419256d.2d 4d9ac10b 573285 h ???????? 002 /sql/webdb/
419256e.63 4d9ac10b 573285 h ???????? 002 /sql/sqladmin/
419256e.8c 4d9ac10b 573285 h ???????? 002 /sql/sqladmin/
419256e.e5 4d9ac10b 573285 h ???????? 002 /sql/sql-admin/
419256f.0d 4d9ac10b 573285 h ???????? 001 /sql/sql-admin/
419256f.42 4d9ac10b 573285 h ???????? 001 /sql/phpmyadmin2/
419256f.6c 4d9ac10b 573285 h ???????? 002 /sql/phpmyadmin2/
419256f.9f 4d9ac10b 573285 h ???????? 002 /sql/phpMyAdmin2/
419256f.c8 4d9ac10b 573285 h ???????? 002 /sql/phpMyAdmin2/
4192571.0a 4d9ac10b 573285 h ???????? 001 /sql/phpMyAdmin/
4192571.38 4d9ac10b 573285 h ???????? 002 /sql/phpMyAdmin/
4192571.78 4d9ac10b 573285 h ???????? 002 /db/myadmin/
4192571.a7 4d9ac10b 573285 h ???????? 002 /db/myadmin/
4192571.e4 4d9ac10b 573285 h ???????? 002 /db/webadmin/
4192572.19 4d9ac10b 573285 h ???????? 001 /db/webadmin/
4192575.51 4d9ac10b 573285 h ???????? 002 /db/websql/
4192575.79 4d9ac10b 573285 h ???????? 002 /db/websql/
4192575.ae 4d9ac10b 573285 h ???????? 002 /db/webdb/
4192575.d4 4d9ac10b 573285 h ???????? 002 /db/webdb/
4192576.0f 4d9ac10b 573285 h ???????? 002 /db/dbadmin/
4192576.3c 4d9ac10b 573285 h ???????? 002 /db/dbadmin/
4192576.6f 4d9ac10b 573285 h ???????? 001 /db/db-admin/
4192576.9b 4d9ac10b 573285 h ???????? 002 /db/db-admin/
4192576.f8 4d9ac10b 573285 h ???????? 002 /db/phpmyadmin3/
4192577.26 4d9ac10b 573285 h ???????? 002 /db/phpmyadmin3/
4192577.60 4d9ac10b 573285 h ???????? 002 /db/phpMyAdmin3/
4192577.8a 4d9ac10b 573285 h ???????? 002 /db/phpMyAdmin3/
4192578.c6 4d9ac10b 573285 h ???????? 009 /db/phpMyAdmin-3/
4192578.f1 4d9ac10b 573285 h ???????? 001 /db/phpMyAdmin-3/
419257a.2f 4d9ac10b 573285 h ???????? 002 /administrator/phpmyadmin/
419257a.5a 4d9ac10b 573285 h ???????? 002 /administrator/phpmyadmin/
419257a.91 4d9ac10b 573285 h ???????? 002 /administrator/phpMyAdmin/
419257a.bc 4d9ac10b 573285 h ???????? 002 /administrator/phpMyAdmin/
419257a.fb 4d9ac10b 573285 h ???????? 002 /administrator/db/
419257b.28 4d9ac10b 573285 h ???????? 002 /administrator/db/
419257b.69 4d9ac10b 573285 h ???????? 001 /administrator/web/
419257b.94 4d9ac10b 573285 h ???????? 001 /administrator/web/
419257c.cf 4d9ac10b 573285 h ???????? 002 /administrator/pma/
419257c.f9 4d9ac10b 573285 h ???????? 002 /administrator/pma/
419257d.36 4d9ac10b 573285 h ???????? 002 /administrator/PMA/
419257d.61 4d9ac10b 573285 h ???????? 002 /administrator/PMA/
419257d.c7 4d9ac10b 573285 h ???????? 002 /administrator/admin/
419257d.f5 4d9ac10b 573285 h ???????? 002 /administrator/admin/
419257e.2c 4d9ac10b 573285 h ???????? 002 /phpMyAdmin2/
419257e.5d 4d9ac10b 573285 h ???????? 002 /phpMyAdmin2/
419257e.9d 4d9ac10b 573285 h ???????? 00a /phpMyAdmin3/
419257e.cd 4d9ac10b 573285 h ???????? 002 /phpMyAdmin3/
419257f.03 4d9ac10b 573285 h ???????? 002 /phpMyAdmin4/
419257f.34 4d9ac10b 573285 h ???????? 002 /phpMyAdmin4/
419257f.83 4d9ac10b 573285 h ???????? 002 /phpMyAdmin-3/
419257f.b4 4d9ac10b 573285 h ???????? 002 /phpMyAdmin-3/
419257f.f4 4d9ac10b 573285 h ???????? 003 /php-my-admin/
4192580.28 4d9ac10b 573285 h ???????? 002 /php-my-admin/
4192580.68 4d9ac10b 573285 h ???????? 002 /PMA2011/
4192580.9f 4d9ac10b 573285 h ???????? 002 /PMA2011/
4192580.e0 4d9ac10b 573285 h ???????? 002 /PMA2012/
4192581.13 4d9ac10b 573285 h ???????? 002 /PMA2012/
4192581.49 4d9ac10b 573285 h ???????? 002 /PMA2013/
4192581.7a 4d9ac10b 573285 h ???????? 002 /PMA2013/
4192581.b7 4d9ac10b 573285 h ???????? 002 /PMA2014/
4192581.e7 4d9ac10b 573285 h ???????? 002 /PMA2014/
4192582.37 4d9ac10b 573285 h ???????? 002 /PMA2015/
4192582.6c 4d9ac10b 573285 h ???????? 002 /PMA2015/
4192582.ac 4d9ac10b 573285 h ???????? 003 /PMA2016/
4192582.dc 4d9ac10b 573285 h ???????? 002 /PMA2016/
4192584.18 4d9ac10b 573285 h ???????? 002 /PMA2017/
4192584.44 4d9ac10b 573285 h ???????? 002 /PMA2017/
4192584.7f 4d9ac10b 573285 h ???????? 002 /PMA2018/
4192584.ad 4d9ac10b 573285 h ???????? 003 /PMA2018/
4192584.ea 4d9ac10b 573285 h ???????? 002 /pma2011/
4192585.17 4d9ac10b 573285 h ???????? 002 /pma2011/
4192585.65 4d9ac10b 573285 h ???????? 003 /pma2012/
4192585.92 4d9ac10b 573285 h ???????? 002 /pma2012/
4192586.d6 4d9ac10b 573285 h ???????? 002 /pma2013/
4192587.0d 4d9ac10b 573285 h ???????? 002 /pma2013/
4192587.a2 4d9ac10b 573285 h ???????? 002 /pma2014/
4192587.d7 4d9ac10b 573285 h ???????? 002 /pma2014/
4192588.18 4d9ac10b 573285 h ???????? 002 /pma2015/
4192588.47 4d9ac10b 573285 h ???????? 002 /pma2015/
4192588.de 4d9ac10b 573285 h ???????? 002 /pma2016/
4192589.0b 4d9ac10b 573285 h ???????? 002 /pma2016/
4192589.4a 4d9ac10b 573285 h ???????? 003 /pma2017/
4192589.c5 4d9ac10b 573285 h ???????? 003 /pma2017/
419258a.ed 4d9ac10b 573285 h ???????? 002 /pma2018/
419258b.1c 4d9ac10b 573285 h ???????? 002 /pma2018/
419258b.6c 4d9ac10b 573285 h ???????? 002 /phpmyadmin2011/
419258b.dc 4d9ac10b 573285 h ???????? 002 /phpmyadmin2011/
419258c.1f 4d9ac10b 573285 h ???????? 002 /phpmyadmin2012/
419258c.51 4d9ac10b 573285 h ???????? 002 /phpmyadmin2012/
419258c.8e 4d9ac10b 573285 h ???????? 002 /phpmyadmin2013/
419258c.bd 4d9ac10b 573285 h ???????? 002 /phpmyadmin2013/
419258d.f7 4d9ac10b 573285 h ???????? 002 /phpmyadmin2014/
419258e.27 4d9ac10b 573285 h ???????? 002 /phpmyadmin2014/
419258e.69 4d9ac10b 573285 h ???????? 003 /phpmyadmin2015/
419258e.98 4d9ac10b 573285 h ???????? 002 /phpmyadmin2015/
419258e.d0 4d9ac10b 573285 h ???????? 002 /phpmyadmin2016/
419258f.05 4d9ac10b 573285 h ???????? 003 /phpmyadmin2016/
419258f.48 4d9ac10b 573285 h ???????? 002 /phpmyadmin2017/
419258f.76 4d9ac10b 573285 h ???????? 003 /phpmyadmin2017/
419258f.cd 4d9ac10b 573285 h ???????? 002 /phpmyadmin2018/
4192590.07 4d9ac10b 573285 h ???????? 002 /phpmyadmin2018/
4192590.4e 4d9ac10b 573285 h ???????? 002 /phpmanager/
4192590.84 4d9ac10b 573285 h ???????? 003 /phpmanager/
4192631.26 42f942c8 043937 h ???????? 004 /wiki/BossOfTheDay
41927df.63 45555408 e83b9c h ???????? 002 //rss.rdf
41927e6.4e c0d28d0d f93269 h ???????? 003 //rss.rdf
41928c3.bd 42f942c8 043937 h ???????? 004 /wiki/InterWikiLink
41929a3.95 42f942c6 043937 h ???????? 004 /wiki/LeanManagement
41929a5.43 8d14db2e 955e0a s ???????? 02f /
4192b3b.22 4e2e2319 7dfab1 h ???????? 003 //rss.jsp
4192b3b.4e 4e2e2319 7dfab1 h ???????? 002 //rss.jsp
4192d3b.cb 42f942c8 043937 h ???????? 004 /wiki/CoolSiliconArtAward
4192d62.73 b01fe70a 433e9c h ???????? 003 /edit/21656001
4192e78.0b 4ba21e09 e5c941 s ???????? 01d /
4192ef0.d3 4ba21e09 e5c941 s ???????? 01d /
4192f69.93 4ba21e09 e5c941 s ???????? 01d /
4192fe2.53 4ba21e09 e5c941 s ???????? 027 /
419305a.fd 4ba21e09 e5c941 s ???????? 01f /
41930d3.b1 4ba21e09 e5c941 s ???????? 020 /
419314c.6e 4ba21e09 e5c941 s ???????? 01d /
41931c5.1a 4ba21e09 e5c941 s ???????? 01d /
419323d.d3 4ba21e09 e5c941 s ???????? 01d /
41932b6.89 4ba21e09 e5c941 s ???????? 027 /
41932c1.97 42f942c6 043937 h ???????? 004 /wiki/SocialObjects
419332f.4a 4ba21e09 e5c941 s ???????? 01d /
4193372.44 a2d2c461 028fc4 h ???????? 003 /robots.txt
4193376.cd a2d2c461 028fc4 h ???????? 129 /
41933a7.e9 4ba21e09 e5c941 s ???????? 010 /
4193421.41 4ba21e09 e5c941 s ???????? 018 /
419345b.f3 5b79537f 646bf4 h ???????? 001 /status
419345d.17 5b79537f 646bf4 h ???????? 001 /script
419345e.41 5b79537f 646bf4 h ???????? 001 /jenkins/script
419345e.5f 5b79537f 646bf4 h ???????? 001 /jenkins/console
419345e.7a 5b79537f 646bf4 h ???????? 010 /
419345e.99 5b79537f 646bf4 h ???????? 001 /sqlite/main.php
419345e.bf 5b79537f 646bf4 h ???????? 001 /SQLite/SQLiteManager-1.2.4/main.php
419345e.e1 5b79537f 646bf4 h ???????? 001 /SQLiteManager-1.2.4/main.php
419345e.fc 5b79537f 646bf4 h ???????? 001 /sqlitemanager/main.php
4193460.20 5b79537f 646bf4 h ???????? 001 /SQlite/main.php
4193467.46 5b79537f 646bf4 h ???????? 001 /SQLiteManager/main.php
4193467.69 5b79537f 646bf4 h ???????? 002 /webdav
4193467.88 5b79537f 646bf4 h ???????? 01a /
4193467.ab 5b79537f 646bf4 h ???????? 010 /
4193499.d7 4ba21e09 e5c941 s ???????? 011 /
4193512.7c 4ba21e09 e5c941 s ???????? 017 /
419358b.25 4ba21e09 e5c941 s ???????? 011 /
4193604.3f 4ba21e09 e5c941 s ???????? 010 /
419364d.88 cf2e0db3 6a88e8 s ???????? 011 /
419367e.1d 4ba21e09 e5c941 s ???????? 017 /
41936f6.e5 4ba21e09 e5c941 s ???????? 012 /
419376f.84 4ba21e09 e5c941 s ???????? 012 /
41937e8.1b 4ba21e09 e5c941 s ???????? 011 /
4193860.cf 4ba21e09 e5c941 s ???????? 011 /
41938d9.6c 4ba21e09 e5c941 s ???????? 011 /
4193952.04 4ba21e09 e5c941 s ???????? 012 /
41939ca.ac 4ba21e09 e5c941 s ???????? 017 /
4193a43.51 4ba21e09 e5c941 s ???????? 012 /
4193abb.f4 4ba21e09 e5c941 s ???????? 01d /
4193b34.a0 4ba21e09 e5c941 s ???????? 012 /
4193bad.42 4ba21e09 e5c941 s ???????? 012 /
4193c22.20 42f942ca 043937 h ???????? 002 //wiki/LockSchuppenBusinessPlan
4193c25.d6 4ba21e09 e5c941 s ???????? 015 /
4193c9e.7e 4ba21e09 e5c941 s ???????? 023 /
4193efe.b9 42f942c8 043937 h ???????? 003 /wiki/PersonenGedaechtnis
4193f9b.77 d94585d9 399ff9 h ???????? 002 /robots.txt
4193fa1.ea d94585da 399ff9 h ???????? 002 /wiki/SchutzHack
4193fa7.19 d9458554 399ff9 h ???????? 002 /wiki/ConStitution
4193fab.a6 d94585d7 399ff9 h ???????? 019 /wiki/118001
4194146.24 42f942c6 622963 h ???????? 003 /wiki/StepChat
4194195.bc bc285186 7dfab1 h ???????? 002 //rss.jsp
4194195.e0 bc285186 7dfab1 h ???????? 002 //rss.jsp
4194244.a3 42f95cc7 70a047 h ???????? 001 //rss.rdf
41944b8.66 5b794fb4 e3b0c4 h ???????? 001 /robots.txt
41944ba.96 5b794fb4 2d2838 h ???????? 01a /
41945e0.3b bc285186 7dfab1 h ???????? 001 //rss.jsp
41945e0.5e bc285186 7dfab1 h ???????? 001 //rss.jsp
41946a3.da b44c0f0b a04d28 h ???????? 003 /wiki/NooMic
4194a32.6e 9d3727a4 6a88e8 s ???????? 05a /hls
4194ae7.31 d5db98e3 573285 h ???????? 002 /mysql/admin/
4194ae7.6b d5db98e3 573285 h ???????? 001 /mysql/admin/
4194ae7.b6 d5db98e3 573285 h ???????? 002 /mysql/dbadmin/
4194ae7.e0 d5db98e3 573285 h ???????? 002 /mysql/dbadmin/
4194ae8.26 d5db98e3 573285 h ???????? 002 /mysql/sqlmanager/
4194ae8.60 d5db98e3 573285 h ???????? 002 /mysql/sqlmanager/
4194ae8.a0 d5db98e3 573285 h ???????? 001 /mysql/mysqlmanager/
4194ae8.d2 d5db98e3 573285 h ???????? 002 /mysql/mysqlmanager/
4194aef.11 d5db98e3 573285 h ???????? 001 /phpMyAdmin/
4194aef.3e d5db98e3 573285 h ???????? 002 /phpMyAdmin/
4194aef.74 d5db98e3 573285 h ???????? 002 /phpmyAdmin/
4194aef.9a d5db98e3 573285 h ???????? 001 /phpmyAdmin/
4194aef.d2 d5db98e3 573285 h ???????? 002 /phpmyadmin2/
4194aef.f6 d5db98e3 573285 h ???????? 001 /phpmyadmin2/
4194af0.2b d5db98e3 573285 h ???????? 001 /phpmyadmin3/
4194af0.58 d5db98e3 573285 h ???????? 002 /phpmyadmin3/
4194af0.86 d5db98e3 573285 h ???????? 002 /phpmyadmin4/
4194af0.af d5db98e3 573285 h ???????? 001 /phpmyadmin4/
4194af0.e3 d5db98e3 573285 h ???????? 001 /2phpmyadmin/
4194af1.12 d5db98e3 573285 h ???????? 002 /2phpmyadmin/
4194af1.45 d5db98e3 573285 h ???????? 001 /phpmy/
4194af1.6b d5db98e3 573285 h ???????? 002 /phpmy/
4194af7.e7 a4843451 eb026b s ???????? 002 /bcHead
4194af7.a4 d5db98e3 573285 h ???????? 10b /shopdb/
4194af8.33 a4843451 eb026b s ???????? 002 /bcHead
4194af8.11 d5db98e3 573285 h ???????? 088 /shopdb/
4194b22.69 d5db98e3 573285 h ???????? 002 /phpmy-admin/
4194b22.90 d5db98e3 573285 h ???????? 001 /phpmy-admin/
4194b5b.d8 d5db98e3 573285 h ???????? 002 /sql/sqlweb/
4194b5b.fd d5db98e3 573285 h ???????? 002 /sql/sqlweb/
4194b5c.2e d5db98e3 573285 h ???????? 002 /sql/websql/
4194b5c.56 d5db98e3 573285 h ???????? 001 /sql/websql/
4194b5c.85 d5db98e3 573285 h ???????? 001 /sql/webdb/
4194b5c.b8 d5db98e3 573285 h ???????? 002 /sql/webdb/
4194b5c.e8 d5db98e3 573285 h ???????? 001 /sql/sqladmin/
4194b5d.0e d5db98e3 573285 h ???????? 001 /sql/sqladmin/
4194b5d.3e d5db98e3 573285 h ???????? 002 /sql/sql-admin/
4194b5d.68 d5db98e3 573285 h ???????? 002 /sql/sql-admin/
4194b5d.97 d5db98e3 573285 h ???????? 002 /sql/phpmyadmin2/
4194b5d.bc d5db98e3 573285 h ???????? 002 /sql/phpmyadmin2/
4194b5d.ed d5db98e3 573285 h ???????? 001 /sql/phpMyAdmin2/
4194b5e.13 d5db98e3 573285 h ???????? 002 /sql/phpMyAdmin2/
4194b5e.43 d5db98e3 573285 h ???????? 002 /sql/phpMyAdmin/
4194b5e.6c d5db98e3 573285 h ???????? 002 /sql/phpMyAdmin/
4194b5e.a3 d5db98e3 573285 h ???????? 002 /db/myadmin/
4194b5e.cd d5db98e3 573285 h ???????? 001 /db/myadmin/
4194b5f.06 d5db98e3 573285 h ???????? 002 /db/webadmin/
4194b5f.34 d5db98e3 573285 h ???????? 001 /db/webadmin/
4194b60.dc d5db98e3 573285 h ???????? 001 /db/dbweb/
4194b61.0e d5db98e3 573285 h ???????? 002 /db/dbweb/
4194b61.46 d5db98e3 573285 h ???????? 002 /db/websql/
4194b61.70 d5db98e3 573285 h ???????? 002 /db/websql/
4194b61.af d5db98e3 573285 h ???????? 002 /db/webdb/
4194b61.d7 d5db98e3 573285 h ???????? 008 /db/webdb/
4194b62.15 d5db98e3 573285 h ???????? 002 /db/dbadmin/
4194b62.3d d5db98e3 573285 h ???????? 002 /db/dbadmin/
4194b62.6e d5db98e3 573285 h ???????? 002 /db/db-admin/
4194b62.97 d5db98e3 573285 h ???????? 002 /db/db-admin/
4194b62.d1 d5db98e3 573285 h ???????? 001 /db/phpmyadmin3/
4194b63.02 d5db98e3 573285 h ???????? 002 /db/phpmyadmin3/
4194b66.3e d5db98e3 573285 h ???????? 002 /db/phpMyAdmin-3/
4194b66.6b d5db98e3 573285 h ???????? 002 /db/phpMyAdmin-3/
4194b66.a5 d5db98e3 573285 h ???????? 001 /administrator/phpmyadmin/
4194b66.d6 d5db98e3 573285 h ???????? 002 /administrator/phpmyadmin/
4194b67.11 d5db98e3 573285 h ???????? 002 /administrator/phpMyAdmin/
4194b67.41 d5db98e3 573285 h ???????? 002 /administrator/phpMyAdmin/
4194b67.76 d5db98e3 573285 h ???????? 002 /administrator/db/
4194b67.a0 d5db98e3 573285 h ???????? 002 /administrator/db/
4194b67.d2 d5db98e3 573285 h ???????? 002 /administrator/web/
4194b67.fc d5db98e3 573285 h ???????? 002 /administrator/web/
4194b68.37 d5db98e3 573285 h ???????? 002 /administrator/pma/
4194b68.5f d5db98e3 573285 h ???????? 001 /administrator/pma/
4194b6e.96 d5db98e3 573285 h ???????? 002 /phpMyAdmin2/
4194b6e.c6 d5db98e3 573285 h ???????? 002 /phpMyAdmin2/
4194b74.fe d5db98e3 573285 h ???????? 002 /phpMyAdmin-3/
4194b75.2e d5db98e3 573285 h ???????? 001 /phpMyAdmin-3/
4194b78.65 d5db98e3 573285 h ???????? 002 /PMA2011/
4194b78.8f d5db98e3 573285 h ???????? 002 /PMA2011/
4194b78.c9 d5db98e3 573285 h ???????? 001 /PMA2012/
4194b78.f1 d5db98e3 573285 h ???????? 002 /PMA2012/
4194b79.28 d5db98e3 573285 h ???????? 002 /PMA2013/
4194b79.59 d5db98e3 573285 h ???????? 001 /PMA2013/
4194b79.8c d5db98e3 573285 h ???????? 002 /PMA2014/
4194b79.b4 d5db98e3 573285 h ???????? 002 /PMA2014/
4194b7f.f7 d5db98e3 573285 h ???????? 002 /PMA2017/
4194b80.24 d5db98e3 573285 h ???????? 002 /PMA2017/
4194b80.5e d5db98e3 573285 h ???????? 002 /PMA2018/
4194b80.8f d5db98e3 573285 h ???????? 003 /PMA2018/
4194b80.c6 d5db98e3 573285 h ???????? 002 /pma2011/
4194b80.ef d5db98e3 573285 h ???????? 002 /pma2011/
4194b84.27 d5db98e3 573285 h ???????? 002 /pma2013/
4194b84.60 d5db98e3 573285 h ???????? 002 /pma2013/
4194b87.93 d5db98e3 573285 h ???????? 002 /pma2015/
4194b87.c2 d5db98e3 573285 h ???????? 002 /pma2015/
4194cfc.66 bc285186 7dfab1 h ???????? 002 //rss.jsp
4194cfc.98 bc285186 7dfab1 h ???????? 002 //rss.jsp
4194d16.70 bc285186 7dfab1 h ???????? 003 //rss.jsp
4194d16.9c bc285186 7dfab1 h ???????? 002 //rss.jsp
4194d91.d1 253b3780 e3b0c4 h ???????? 002 /robots.txt
4194d94.04 253b3780 0fa94d h ???????? 022 /
4194e6b.e7 9d372796 6a88e8 h ???????? 002 /robots.txt
4194eb4.9d cf2e0d94 6a88e8 h ???????? 019 /
41950c1.ed 42f942c8 043937 h ???????? 002 /robots.txt
41950c1.ec 42f942ca 043937 h ???????? 009 /wiki/VomTellerwaescherZumMillionaer
41950da.72 b28912ed 7501bd h ???????? 002 /user/
41951c5.78 bca5ea34 e3b0c4 h ???????? 002 /robots.txt
41955d8.ff 5b79537f 646bf4 h ???????? 003 /wp-login.php
41955dc.33 5b79537f 646bf4 h ???????? 002 /wordpress/wp-login.php
41955dc.5b 5b79537f 646bf4 h ???????? 00b /wp/wp-login.php
41955e3.96 5b79537f 646bf4 h ???????? 002 /blog/wp-login.php
41955e3.c5 5b79537f 646bf4 h ???????? 003 /manager/html
41955e3.ec 5b79537f 646bf4 h ???????? 002 /administrator/index.php
41955e4.1b 5b79537f 646bf4 h ???????? 002 /joomla/administrator/index.php
41955e4.42 5b79537f 646bf4 h ???????? 002 /cms/administrator/index.php
41955e4.7a 5b79537f 646bf4 h ???????? 002 /Joomla/administrator/index.php
41955ff.36 d94585db 399ff9 h ???????? 002 /robots.txt
4195602.68 d94585d8 399ff9 h ???????? 004 /wiki/SemperGo
4195605.b0 d9458554 399ff9 h ???????? 004 /wiki/EvThomas
4195cf2.3b 33ff4113 433e9c h ???????? 003 /edit/26376001
4196006.6d b44c0f8c a04d28 s ???????? 003 /BlockTime
41960f5.28 d9b6844d 433e9c h ???????? 004 /wiki/LongBetOne
4196284.ee 42f942c8 043937 h ???????? 002 /see/97b900490bd6b3c6366842dd7e0cd9c0
4196412.c5 44b4e59c aec21f h ???????? 002 /robots.txt
4196413.6c 44b4e59c aec21f h ???????? 004 /wiki/YvSc
41964c8.08 b999c6eb 1ee12d h ???????? 01b /
41964c8.96 b999c6eb 1ee12d h ???????? 01c /
41964d3.74 a484a11a 433e9c h ???????? 002 /edit/30336002
419659c.9c 5e8247ed ea8cd4 h ???????? 003 /rss.jsp
419659c.c6 5e8247ed ea8cd4 h ???????? 002 /rss.jsp
419659c.f2 5e8247ed ea8cd4 h ???????? 002 /rss.jsp
419659d.1c 5e8247ed ea8cd4 h ???????? 003 /rss.jsp
419659d.4c 5e8247ed ea8cd4 h ???????? 003 /rss.jsp
419659d.78 5e8247ed ea8cd4 h ???????? 003 /rss.jsp
419668b.50 284da780 6a88e8 s ???????? 027 /
41966c1.ae a484a156 433e9c h ???????? 003 /edit/22316004
41967c0.80 8ba27246 976046 h ???????? 01c /
4196c86.65 d94585d9 399ff9 h ???????? 003 /robots.txt
4196c8e.75 d94585d8 399ff9 h ???????? 004 /wiki/BleField
4196d26.fc 42f942ca 043937 h ???????? 004 /wiki/StayHungryStayFoolish
4196d5c.c5 42f942c6 043937 h ???????? 004 /wiki/GlobalPositioningSystem
4196d9f.db 42f942c8 043937 h ???????? 004 /wiki/PortlandPatternRepository
4196ddd.25 42f942ca 043937 h ???????? 004 /wiki/ThereIsButOneInfiniteGame
4196eea.81 42f942c8 043937 h ???????? 003 /see/52f1f02a0a62ccfc6104bffae6fa41cb
4196f72.97 426608c8 70a047 h ???????? 003 //rss.rdf
419711c.39 9d37271b 6a88e8 h ???????? 003 //robots.txt
4197418.80 42f942c8 043937 h ???????? 002 /see/756dd445c83285926544d9bc3445d121
4197797.eb 42f942d4 043937 s ???????? 002 /robots.txt
4197798.30 42f942d4 043937 s ???????? 002 /edit
4197a66.82 4ba21e09 e5c941 s ???????? 01c /
4197adf.4d 4ba21e09 e5c941 s ???????? 01c /
4197b58.20 4ba21e09 e5c941 s ???????? 01c /
4197bd0.d8 4ba21e09 e5c941 s ???????? 01c /
4197c49.8f 4ba21e09 e5c941 s ???????? 02a /
4197cc2.4c 4ba21e09 e5c941 s ???????? 027 /
4197cf2.72 d9b684c0 433e9c h ???????? 004 /wiki/TerryWinograd
4197d3b.08 4ba21e09 e5c941 s ???????? 027 /
4197db3.bd 4ba21e09 e5c941 s ???????? 01c /
4197e2c.76 4ba21e09 e5c941 s ???????? 01e /
4197ea5.24 4ba21e09 e5c941 s ???????? 01e /
4197f1e.9a 4ba21e09 e5c941 s ???????? 011 /
4197f97.48 4ba21e09 e5c941 s ???????? 011 /
419800f.e5 4ba21e09 e5c941 s ???????? 010 /
4198088.79 4ba21e09 e5c941 s ???????? 011 /
4198101.2e 4ba21e09 e5c941 s ???????? 011 /
4198107.bc 894acf6c 433e9c h ???????? 003 /wiki/BusinessModel
419813c.29 bc286647 7dfab1 h ???????? 001 //rss.jsp
419813c.51 bc286647 7dfab1 h ???????? 001 //rss.jsp
4198179.c7 4ba21e09 e5c941 s ???????? 011 /
41981b8.1f 33ff4154 433e9c h ???????? 001 /edit/27536001
41981f2.61 4ba21e09 e5c941 s ???????? 010 /
419826b.02 4ba21e09 e5c941 s ???????? 016 /
419828e.ef 33ff4116 433e9c h ???????? 003 /wiki/WikiPage
41982ab.d2 d9458543 399ff9 h ???????? 001 /robots.txt
41982af.a7 d94585db 399ff9 h ???????? 002 /wiki/526001
41982e3.9c 4ba21e09 e5c941 s ???????? 011 /
41982fc.61 d9b6844a 433e9c h ???????? 001 /edit/8986001
419835c.37 4ba21e09 e5c941 s ???????? 022 /
41983d4.da 4ba21e09 e5c941 s ???????? 017 /
41983f3.31 33ff410c 433e9c h ???????? 001 /edit/31136001
419844d.76 4ba21e09 e5c941 s ???????? 012 /
41984c6.cb 4ba21e09 e5c941 s ???????? 012 /
419853f.6f 4ba21e09 e5c941 s ???????? 011 /
41985b8.25 4ba21e09 e5c941 s ???????? 013 /
41985da.e1 42f942c6 043937 h ???????? 001 /see/4395292e0bf9d82404af7696cd725656
4198630.cd 4ba21e09 e5c941 s ???????? 011 /
41986a9.7e 4ba21e09 e5c941 s ???????? 015 /
4198722.45 4ba21e09 e5c941 s ???????? 012 /
4198741.a0 44b4e56f aec21f h ???????? 002 //robots.txt
4198749.7c 44b4e59c aec21f h ???????? 002 /wiki/ChristianHeller
419879b.1c 4ba21e09 e5c941 s ???????? 013 /
4198813.c9 4ba21e09 e5c941 s ???????? 012 /
419888c.65 4ba21e09 e5c941 s ???????? 012 /
4198904.fd 4ba21e09 e5c941 s ???????? 017 /
419897d.b2 4ba21e09 e5c941 s ???????? 012 /
41989f6.51 4ba21e09 e5c941 s ???????? 018 /
4198a6e.f5 4ba21e09 e5c941 s ???????? 018 /
4198ae7.93 4ba21e09 e5c941 s ???????? 018 /
4198b0b.6d 3ed6bf41 955e0a s ???????? 019 /
4198b60.30 4ba21e09 e5c941 s ???????? 016 /
4198bd8.cf 4ba21e09 e5c941 s ???????? 019 /
4198c51.6f 4ba21e09 e5c941 s ???????? 01a /
4198cca.19 4ba21e09 e5c941 s ???????? 018 /
4198d43.46 4ba21e09 e5c941 s ???????? 013 /
4198dbb.e7 4ba21e09 e5c941 s ???????? 013 /
4198e34.81 4ba21e09 e5c941 s ???????? 012 /
4198ead.2c 4ba21e09 e5c941 s ???????? 013 /
4198f25.d2 4ba21e09 e5c941 s ???????? 013 /
4198f59.71 42f942c8 043937 h ???????? 002 /base/robots.txt
4198f9e.03 42f942c6 622963 h ???????? 002 /base
4198f9e.69 4ba21e09 e5c941 s ???????? 014 /
4199017.0e 4ba21e09 e5c941 s ???????? 012 /
419908f.ae 4ba21e09 e5c941 s ???????? 015 /
41990db.ee 9d3727c0 6a88e8 h ???????? 013 /
4199108.4c 4ba21e09 e5c941 s ???????? 014 /
4199180.e8 4ba21e09 e5c941 s ???????? 014 /
41991c7.4c 3ed6bf41 955e0a s ???????? 012 /
41991cb.b3 3ed6bf41 955e0a s ???????? 001 /feel/4
41991f9.87 4ba21e09 e5c941 s ???????? 01a /
4199272.34 4ba21e09 e5c941 s ???????? 01a /
41992ea.dc 4ba21e09 e5c941 s ???????? 01a /
4199363.7d 4ba21e09 e5c941 s ???????? 01b /
41993dc.20 4ba21e09 e5c941 s ???????? 015 /
4199454.c8 4ba21e09 e5c941 s ???????? 014 /
41994cd.6c 4ba21e09 e5c941 s ???????? 014 /
4199546.1b 4ba21e09 e5c941 s ???????? 015 /
41995be.c1 4ba21e09 e5c941 s ???????? 013 /
41995c2.84 a4843451 eb026b s ???????? 003 /bcHead
41995c2.42 284da729 6a88e8 s ???????? 105 /sh
4199637.64 4ba21e09 e5c941 s ???????? 01c /
41996b0.10 4ba21e09 e5c941 s ???????? 01c /
41996c8.10 9d37279a 6a88e8 h ???????? 014 /
41996d0.6e d9b68443 433e9c h ???????? 003 /wiki/GruenesWunder
4199728.af 4ba21e09 e5c941 s ???????? 014 /
419979d.d5 42f942c6 043937 h ???????? 002 /see/06341cf41c2cac4ea19dae0fbfd521ed
41997a1.44 4ba21e09 e5c941 s ???????? 014 /
4199819.e6 4ba21e09 e5c941 s ???????? 01d /
4199879.e8 8ba27485 976046 s ???????? 01d /
4199892.98 4ba21e09 e5c941 s ???????? 014 /
419990b.3a 4ba21e09 e5c941 s ???????? 015 /
4199933.e6 d9458543 399ff9 h ???????? 002 /robots.txt
4199939.08 d94585d7 399ff9 h ???????? 002 /wiki/KiDh
419993d.2d d9458554 399ff9 h ???????? 003 /wiki/SignIn
4199942.38 d9458555 399ff9 h ???????? 002 /wiki/FreeLove
4199984.56 4ba21e09 e5c941 s ???????? 015 /
419998d.1e 42f95ccb 70a047 h ???????? 001 //rss.rdf
41999fd.04 4ba21e09 e5c941 s ???????? 015 /
4199a75.b0 4ba21e09 e5c941 s ???????? 016 /
4199aee.50 4ba21e09 e5c941 s ???????? 015 /
4199b42.25 33ff4158 433e9c h ???????? 015 /edit/19796002
4199b66.eb 4ba21e09 e5c941 s ???????? 016 /
4199bdf.8f 4ba21e09 e5c941 s ???????? 016 /
4199c58.2e 4ba21e09 e5c941 s ???????? 015 /
4199cd0.da 4ba21e09 e5c941 s ???????? 017 /
4199d49.8d 4ba21e09 e5c941 s ???????? 016 /
4199dc2.30 4ba21e09 e5c941 s ???????? 014 /
4199e3a.cc 4ba21e09 e5c941 s ???????? 016 /
4199eb3.77 4ba21e09 e5c941 s ???????? 017 /
4199f2c.21 4ba21e09 e5c941 s ???????? 017 /
4199fa4.d7 4ba21e09 e5c941 s ???????? 01f /
419a01d.82 4ba21e09 e5c941 s ???????? 01d /
419a096.22 4ba21e09 e5c941 s ???????? 01d /
419a10e.ce 4ba21e09 e5c941 s ???????? 017 /
419a187.6f 4ba21e09 e5c941 s ???????? 016 /
419a200.24 4ba21e09 e5c941 s ???????? 017 /
419a278.d7 4ba21e09 e5c941 s ???????? 015 /
419a2f1.7a 4ba21e09 e5c941 s ???????? 016 /
419a36a.2a 4ba21e09 e5c941 s ???????? 017 /
419a384.f7 50524d8b 2b9388 s ???????? 016 /
419a3e2.c5 4ba21e09 e5c941 s ???????? 017 /
419a45b.68 4ba21e09 e5c941 s ???????? 016 /
419a4d4.12 4ba21e09 e5c941 s ???????? 017 /
419a54c.c5 4ba21e09 e5c941 s ???????? 017 /
419a5c5.79 4ba21e09 e5c941 s ???????? 018 /
419a63e.25 4ba21e09 e5c941 s ???????? 019 /
419a6b6.c1 4ba21e09 e5c941 s ???????? 018 /
419a6c1.a2 42f942c6 043937 h ???????? 003 /wiki/ViralMarketing
419a72f.64 4ba21e09 e5c941 s ???????? 018 /
419a7a8.23 4ba21e09 e5c941 s ???????? 017 /
419a820.e1 4ba21e09 e5c941 s ???????? 018 /
419a899.89 4ba21e09 e5c941 s ???????? 017 /
419a8cf.31 42f942d2 043937 s ???????? 003 /wiki/AnLass
419a912.2f 4ba21e09 e5c941 s ???????? 01f /
419a960.b5 42f942ca 043937 h ???????? 002 /hear/6909e96d211571bb2bbf94473888234d
419a98a.d4 4ba21e09 e5c941 s ???????? 017 /
419aa03.7b 4ba21e09 e5c941 s ???????? 017 /
419aa7c.1b 4ba21e09 e5c941 s ???????? 018 /
419aaf4.c4 4ba21e09 e5c941 s ???????? 018 /
419ab6d.6d 4ba21e09 e5c941 s ???????? 021 /
419afd6.d3 3e8a0019 6de661 h ???????? 002 //robots.txt
419afd7.92 42f942d2 043937 s ???????? 004 /wiki/OverLoad
419b112.3e 42f942c6 043937 h ???????? 004 /wiki/ArthurKoestler
419b352.f8 42f942d4 043937 s ???????? 004 /wiki/ChristianBey
419b357.61 42f942d0 043937 s ???????? 003 /wiki/SvenHartmann
419b486.0d 42f942d4 043937 s ???????? 004 /wiki/SteckenPferd
419b6e6.9e 42f942d0 043937 s ???????? 004 /wiki/SebastianLink
419b71a.48 42f942d4 043937 s ???????? 002 /apple-app-site-association
419b948.d6 68eea93e 17b1ee h ???????? 004 /wiki/InterWiki
419b996.5c 4a7d4c60 55c2cd h ???????? 002 //rss.rdf
419ba5e.09 42f942d2 043937 s ???????? 003 /wiki/LockSchuppneOpening
419ba5e.c4 42f942d2 043937 s ???????? 004 /wiki/KlausDieterSchewe
419ba9d.76 42f942d4 043937 s ???????? 003 /.well-known/apple-app-site-association
419bb23.ba 42f942ca 043937 h ???????? 003 /wiki/PhaseIv
419bdcc.4e 42f95d28 002725 h ???????? 002 /favicon.ico
419bdcd.5c 42f942d4 043937 s ???????? 003 /wiki/ProJectOmega
419bf53.7f 42f942c6 043937 h ???????? 003 /wiki/TheNationState
419c09f.85 44b4e59c aec21f s ???????? 002 /robots.txt
419c0a0.8b 44b4e59c aec21f s ???????? 005 /wiki/DaPo
419c293.fc 44b4e59c aec21f s ???????? 004 /wiki/HoJo
419c38c.e2 b44c0f12 fa643b h ???????? 002 /robots.txt
419c3f2.b7 42f95cc9 70a047 h ???????? 002 //rss.rdf
419c55a.f1 5896e4da 1c75e1 h ???????? 003 //rss.rdf
419c565.84 6bbf604a ea6e3c h ???????? 002 //rss.rdf
419c5de.96 d94585d9 399ff9 h ???????? 002 /robots.txt
419c5e1.88 d94585db 399ff9 h ???????? 023 /1
419c604.64 44b4e62d aec21f s ???????? 002 /robots.txt
419c645.67 44b4e59c aec21f s ???????? 004 /wiki/GoLe
419c66b.cc 42f942c8 043937 h ???????? 004 /wiki/LifeDay16086
419c6e6.80 44b4e59c aec21f s ???????? 004 /wiki/ElMo
419c786.20 42f942c8 043937 h ???????? 004 /wiki/BunkerPanik
419c81a.93 44b4e59c aec21f s ???????? 004 /wiki/AnWa
419cce6.cf 42f942ca 043937 h ???????? 004 /wiki/LegalForm
419cd30.81 44b4e59c aec21f s ???????? 004 /wiki/UtMo
419cddf.d0 a484a29c 433e9c h ???????? 003 /feed
419d170.fc d9b68461 433e9c h ???????? 003 /edit/25346003
419d732.63 8d1406c8 354247 h ???????? 01a /
419d733.00 8d1406c8 354247 h ???????? 002 /favicon.ico
419d733.da 8d1406c8 354247 h ???????? 002 /favicon.ico
419d737.42 8d1406c8 354247 h ???????? 00a /alive/4
419d737.47 8d1406c8 354247 h ???????? 000 /feel/4
419d73a.f7 8d1406c8 354247 h ???????? 003 /alive/8
419d73a.f9 8d1406c8 354247 h ???????? 001 /feel/8
419d742.fc 8d1406c8 354247 h ???????? 020 /alive/10
419d743.00 8d1406c8 354247 h ???????? 01e /feel/10
419d924.bd 42f942c6 043937 h ???????? 002 /wiki/GoogleX
419dbcc.4d 8d1406c8 354247 h ???????? 010 /
419dbcc.98 8d1406c8 354247 h ???????? 002 /favicon.ico
419dbcc.b7 8d1406c8 354247 h ???????? 001 /favicon.ico
419dbd0.96 8d1406c8 354247 h ???????? 001 /alive/4
419dbd0.9e 8d1406c8 354247 h ???????? 001 /feel/4
419dbd4.a1 8d1406c8 354247 h ???????? 001 /alive/8
419dbd4.a4 8d1406c8 354247 h ???????? 001 /feel/8
419dbdc.a4 8d1406c8 354247 h ???????? 022 /alive/10
419dbdc.a6 8d1406c8 354247 h ???????? 01f /feel/10
419dc04.38 d94585d9 399ff9 h ???????? 001 /robots.txt
419dc08.34 d94585d9 399ff9 h ???????? 002 /wiki/NooPolis
419dc0b.e1 d94585d8 399ff9 h ???????? 017 /edit/1001
419de6f.35 42f942d4 043937 s ???????? 001 /.well-known/assetlinks.json
419dea9.a3 42f942c6 043937 h ???????? 001 /hear/0967efe9d38ebfc1b37bd8506fab83ee
419dfa6.06 42f942ca 043937 h ???????? 002 /wiki/CarTwoGo
419e1a1.00 42f942c8 043937 h ???????? 003 /wiki/UsElection2004
419e1ef.78 284da729 6a88e8 s ???????? 016 /
419e1f2.7b a484a110 433e9c h ???????? 001 /edit/25886001
419e270.14 44b4e59c aec21f s ???????? 002 /wiki/YvSc
419e490.cd 9d37279a 6a88e8 h ???????? 003 /wiki/YvonneSchubert
419e66d.50 a4340783 7a122d s ???????? 012 /
419e7e3.f4 b29f250b 57819b h ???????? 001 //Comment.jsp
419e81a.72 44b4e59c aec21f h ???????? 003 /wiki/CreateYourself
419eb23.bd 05093fa2 c37fd8 h ???????? 002 /robots.txt
419eb25.58 05093fa2 c37fd8 h ???????? 002 //wiki/DistanzSpiel
419eb2a.a4 05093fa2 c37fd8 h ???????? 007 //wiki/RecentChanges
419ec4a.e5 44b4e59c aec21f s ???????? 003 /wiki/BaOb
419ecb6.ab 42f942c8 d1bc37 h ???????? 002 /favicon.ico
419ee43.4d 426608c8 70a047 h ???????? 001 //rss.rdf
419ef71.47 42f94212 043937 h ???????? 001 /robots.txt
419f016.f9 8d14db2e 955e0a h ???????? 013 /
419f018.ae 8d14db2e 955e0a h ???????? 005 /favicon.ico
419f01c.4e 8d14db2e 955e0a h ???????? 001 /feel/4
419f01d.01 42f94212 043937 h ???????? 012 /
419f020.55 8d14db2e 955e0a h ???????? 001 /feel/8
419f06c.b5 42f942ca 043937 h ???????? 002 /wiki/[https://en.wikipedia.org/wiki/Watson_(computer)]
419f286.e3 d9458543 399ff9 h ???????? 001 /robots.txt
419f28b.18 d94585d9 399ff9 h ???????? 012 /wiki/137001
419f28e.f6 d94585d9 399ff9 h ???????? 002 /wiki/MuskBed
419f4b8.63 2ea10912 5484ba h ???????? 002 /wiki/InterWiki
419f4d8.6c 8d14db2e 955e0a s ???????? 01a /
419f52b.fe 42f942ca 043937 h ???????? 002 /wiki/EnisRat
419f54b.f7 44b4e59c aec21f h ???????? 002 /wiki/LockSchuppenDe
419f703.fd 5f6cb561 e4b041 h ???????? 001 /robots.txt
419f707.d7 5f6cb561 e4b041 h ???????? 019 /
419f887.55 330f8ddc cc9bbb h ???????? 014 /
419f904.cd 42f942c6 043937 h ???????? 002 /wiki/DigitalDivide
419f9f4.0d 05c45716 433e9c h ???????? 008 /robots.txt
419f9f4.38 d9b684b3 433e9c h ???????? 001 /edit/21796002
419fd9c.46 42f9429c 043937 h ???????? 001 /robots.txt
419fd9c.92 42f9429d 043937 h ???????? 013 /
