41200b2.b1 284da722 6a88e8 h ???????? 003 /wiki/LogIn
4120113.7f 5f6cb561 e4b041 h ???????? 002 /robots.txt
4120117.62 5f6cb561 e4b041 h ???????? 01c /
4120356.c7 42f94046 043937 h ???????? 003 /wiki/ReLy
41204dd.d5 cf2e0d05 6a88e8 h ???????? 016 /
41204e6.a7 8ba26ab5 976046 s ???????? 020 /
4120642.4d b44c0f0e a04d28 h ???????? 015 /
41206ab.dc a484a12b 433e9c h ???????? 003 /wiki/IpAddress
4121391.26 42f94054 d1bc37 s ???????? 002 /favicon.ico
412143e.81 4e6d1701 c2bd49 h ???????? 016 /
412143e.b9 4e6d1701 c2bd49 h ???????? 016 /
412147f.e7 42f95987 70a047 h ???????? 002 //rss.rdf
4121519.b4 42f94046 043937 h ???????? 003 /wiki/MyRuh
412169e.f3 b9c311f3 93041b s ???????? 3f4 /memo
4121701.2c b07efc0c c2bd49 h ???????? 016 /
4121703.3a b07efc0c c2bd49 h ???????? 01f /
4121745.a8 44b4e59c aec21f h ???????? 002 /robots.txt
4121746.81 44b4e59c aec21f h ???????? 002 /tv/VtZm
4121aff.ab 33ff4107 433e9c h ???????? 002 /edit/26276001
4121bb1.7b 42f94046 043937 h ???????? 002 //robots.txt
4121bb1.f5 42f94048 d1bc37 h ???????? 017 /
4121bb2.d4 42f94048 d1bc37 h ???????? 002 /favicon.ico
4121bf1.52 5dae5d47 c2bd49 h ???????? 01f /
4121dde.7a 33ff4124 433e9c h ???????? 002 /edit/22566001
4121ea0.26 22ee2739 17b1ee h ???????? 002 /xmlrpc.php
4121ea0.7f 22ee2739 17b1ee h ???????? 017 /
4121ea1.e4 22ee2739 17b1ee h ???????? 016 /
4121ea5.58 22ee2739 17b1ee h ???????? 024 /
41221e4.64 d5cae6b1 6885c6 h ???????? 002 /.git/HEAD
41223a8.32 9d372759 6a88e8 h ???????? 004 /wiki/ZeugenKurzweils
412249e.c1 b8498b89 8d6066 h ???????? 016 /
41226dc.d5 42f9404a 043937 h ???????? 003 /wiki/GriBi
4122deb.e8 69eb84bc d93f63 h ???????? 004 /wiki/TerraDrive
4122fb5.78 42f94046 043937 h ???????? 017 /
4123307.cd 05c45716 433e9c s ???????? 002 /robots.txt
4123308.6c 33ff4782 433e9c s ???????? 017 /
41233e4.80 6bb2c383 71f2b9 s ???????? 003 /bcHead
41233e5.dc 6bb2c385 71f2b9 s ???????? 007 /put/3d436f72707573436872697374690a3a303534343d37310a3a303534383d373120546f70694d696572204775447520437269735072204b6957754c612050726f6253776f7264204f6e6553686f74393237363135313031333233303533360a31323831343836393236333335333830
4123418.e5 42f94046 d1bc37 h ???????? 002 /favicon.ico
412389f.e7 42f9404a 043937 h ???????? 004 /wiki/PlaTin
4123bc8.f1 cf2e0d05 6a88e8 h ???????? 019 /
4123d34.69 42f9598b 70a047 h ???????? 002 //rss.rdf
4123fcd.26 42f9461c 043937 h ???????? 003 /robots.txt
4123fcd.60 42f9461c 043937 h ???????? 002 /tqepsstsayzke.html
4124157.81 42f94048 043937 h ???????? 004 /wiki/MindQuote
4124221.03 42f9404a 043937 h ???????? 003 /wiki/BitTorrent
412451e.48 9b5e583a 66e770 h ???????? 020 /
4124567.34 42f94050 043937 s ???????? 003 /wiki/HarryWasserfuhr
412457b.9a 42f94050 043937 s ???????? 00c /wiki/GuidoForsting
412457c.6a 42f94052 043937 s ???????? 003 /wiki/RheinLand
412457c.a2 42f94050 043937 s ???????? 003 /wiki/EuRo
412457d.19 42f94052 043937 s ???????? 004 /wiki/WilhelmRaabe
412457d.a2 42f94052 043937 s ???????? 004 /wiki/InFluence
412457e.10 42f94052 043937 s ???????? 005 /wiki/GoogleApocalypse
412457e.87 42f94050 043937 s ???????? 004 /wiki/WipperFuerth
41245cd.b0 42f9404a 043937 h ???????? 004 /wiki/MemCache
412468c.5c a936e975 c5c81c h ???????? 021 /
41247b7.2f 42f94052 043937 s ???????? 003 /wiki/MindTed
41248e5.a7 42f94052 043937 s ???????? 004 /wiki/VorHaben
412490c.fd 44b4e56f aec21f h ???????? 002 //robots.txt
412491a.60 44b4e59c aec21f h ???????? 002 /robots.txt
412491b.0c 44b4e59c aec21f h ???????? 003 /wiki/PieschenTv
4124933.06 42f94046 043937 h ???????? 004 /wiki/FlashRam
4124a0e.40 42f94052 043937 s ???????? 003 /wiki/JeffBezos
4124a62.b8 42f94046 043937 h ???????? 004 /wiki/UnUnFriend
4124ac7.19 97501b74 433e9c h ???????? 004 /wiki/BigTableNomic
4124c19.33 3cbf264e 24f5f0 s ???????? 018 /
4124d96.cd 42f94054 043937 s ???????? 004 /wiki/VisitDresden
4124ff0.18 42f94050 043937 s ???????? 004 /wiki/DouglasCarlston
4124ffd.d0 33ff413b 433e9c h ???????? 002 /edit/27076003
4125121.78 42f94054 043937 s ???????? 004 /wiki/StaffordMatthews
