42a009b.e2 9d3727aa 6a88e8 h ???????? 003 /wiki/RainerWasserfuhr
42a00d1.16 44b4e59c aec21f h ???????? 004 /wiki/WahrNehmung
42a022d.b6 9d372797 6a88e8 s ???????? 028 /
42a03be.fe 44b4e59c aec21f h ???????? 004 /wiki/MaAm
42a0405.c7 d8f442e3 2e51d1 h ???????? 003 //robots.txt
42a0d83.b2 42f94046 043937 h ???????? 005 /wiki/OstBhf
42a0d94.c6 42f94048 043937 h ???????? 004 /wiki/SunSims
42a0da6.44 42f94046 043937 h ???????? 004 /wiki/SackReis
42a0dc1.7d 42f94048 043937 h ???????? 004 /wiki/ImmoTtip
42a0de5.bb 42f94048 043937 h ???????? 004 /wiki/ZeblKWWxhtY
42a0e08.2f 42f94046 043937 h ???????? 004 /wiki/NoTrumpZone
42a0e2c.a9 42f94048 043937 h ???????? 004 /wiki/OstiHellweg
42a0e55.c9 42f94048 043937 h ???????? 004 /wiki/CvZpMiZZ1l66PtKXJU
42a0fff.18 42f95989 70a047 h ???????? 002 //rss.rdf
42a10cb.e4 44b4e56f aec21f h ???????? 002 //robots.txt
42a10cd.6e 44b4e59c aec21f h ???????? 004 /wiki/ImPressum
42a1779.d3 42f94046 043937 h ???????? 004 /wiki/SklavenZentrale
42a1fc0.12 d8f442e3 2e51d1 h ???????? 003 //robots.txt
42a2047.c1 c18adbe9 24f16f s ???????? 01b /
42a2079.39 3cbf264d 24f5f0 s ???????? 022 /
42a2372.8f 33ff4777 433e9c h ???????? 01b /edit/17596002
42a283b.c8 c063938e c40cd6 h ???????? 01d /
42a283c.54 c063938e e8f7bd h ???????? 023 /
42a2900.89 36514b97 4ab1a6 h ???????? 027 /
42a2cad.b7 42f95989 70a047 h ???????? 003 //rss.rdf
42a2cf9.c2 42f94054 043937 s ???????? 003 /robots.txt
42a2cf9.ff 42f94054 043937 s ???????? 003 /apple-app-site-association
42a30c1.dc 0585b70e e1a3af h ???????? 002 //rss.rdf
42a30d2.88 d4539626 eaf401 s ???????? 00b /a2billing/common/javascript/misc.js
42a34c1.a4 d9b684b6 433e9c h ???????? 003 /edit/31156001
42a367c.04 4e2e2319 7dfab1 h ???????? 003 //rss.jsp
42a367c.39 4e2e2319 7dfab1 h ???????? 003 //rss.jsp
42a3a50.a7 2ea10e0d 0b88a9 h ???????? 01c /
42a409a.28 284da797 6a88e8 s ???????? 025 /
42a41e8.ab d9b684c0 433e9c h ???????? 003 /edit/29216002
42a4363.8c d9458f45 f2efaf h ???????? 003 /robots.txt
42a4364.db d9458f40 f2efaf h ???????? 01d /
42a44f3.54 d8f442c6 2e51d1 h ???????? 002 //robots.txt
42a4ab6.be 5edfc931 086830 h ???????? 005 /wiki/SachsenWeb
42a4ccf.3d 5847758c febd6d h ???????? 005 /wiki/ThorstenKogge
42a4e0d.25 42f9598b 70a047 h ???????? 003 //rss.rdf
42a56df.f5 bc285186 7dfab1 h ???????? 005 //rss.jsp
42a56e0.19 bc285186 7dfab1 h ???????? 001 //rss.jsp
42a592e.f0 bc285186 7dfab1 h ???????? 003 //rss.jsp
42a592f.10 bc285186 7dfab1 h ???????? 002 //rss.jsp
42a5a8d.11 403efca3 b5eaf4 h ???????? 001 /robots.txt
42a5a8d.96 403efca3 b5eaf4 h ???????? 011 /1
42a5a96.71 d8f442e3 2e51d1 h ???????? 001 //robots.txt
42a5ad3.15 05c45716 433e9c h ???????? 001 /robots.txt
42a5ad3.59 d9b68498 433e9c h ???????? 002 /wiki/LifeBox
42a5c98.af 6a0b9ebc 80aeb5 h ???????? 014 /
42a5ea0.90 88f30b12 c33482 h ???????? 01a /
42a610c.f5 bc285186 7dfab1 h ???????? 006 //rss.jsp
42a610d.1c bc285186 7dfab1 h ???????? 001 //rss.jsp
42a6113.c7 bc285186 7dfab1 h ???????? 004 //rss.jsp
42a6113.e7 bc285186 7dfab1 h ???????? 003 //rss.jsp
42a61b3.c4 c39a8593 57819b h ???????? 001 /license.php
42a6490.1d 05099b25 c37fd8 s ???????? 001 /robots.txt
42a6491.ae 05099b25 c37fd8 s ???????? 064 /ls
42a690e.ba 25dc23ca cc9bbb h ???????? 011 /
42a6b4c.e0 42f95989 70a047 h ???????? 001 //rss.rdf
42a6bbd.8d 33ff411f 433e9c h ???????? 002 /edit/26446005
42a6f63.b6 5f6cb561 e4b041 s ???????? 001 /robots.txt
42a6f63.c9 8d088e6f e4b041 h ???????? 006 /robots.txt
42a6f67.7c 5f6cb561 e4b041 s ???????? 012 /
42a6f67.b3 8d088e6f e4b041 h ???????? 011 /
42a6ff2.96 cf2e0d66 e39fc8 h ???????? 002 //wiki/LockSchuppen
42a7011.27 d9b6849c 433e9c h ???????? 002 /edit/24606001
42a71d5.a6 d8f442c7 2e51d1 h ???????? 001 /robots.txt
42a7207.85 284da7c0 6a88e8 h ???????? 002 /wiki/FrankFurt
42a7241.5d 403efca3 b5eaf4 h ???????? 002 /robots.txt
42a72b5.17 9d372797 6a88e8 s ???????? 012 /
42a748f.8a bca5e9e4 e3b0c4 h ???????? 001 /robots.txt
42a7491.ac bca5e9e4 36ad42 h ???????? 012 /
42a7860.18 a4843451 eb026b s ???????? 002 /bcHead
42a785f.d8 d8f442c7 2e51d1 h ???????? 0fb /sh
42a7c41.29 9fcb5ef5 c8c944 s ???????? 013 /
42a7de7.95 cd8b8d36 209ef4 h ???????? 002 //rss.rdf
42a7fc9.89 25bb3851 e3b0c4 h ???????? 001 /robots.txt
42a7fcb.ac 25bb3851 46ab9b h ???????? 012 /
42a813e.e0 d5abdc98 a95ea1 h ???????? 002 //rss.rdf
42a8206.73 95ca8128 deed9c s ???????? 37e /memo
42a828f.dc 97502792 433e9c h ???????? 002 /2dons
42a83f8.81 b01f7e38 e3b0c4 h ???????? 002 /robots.txt
42a83fa.a5 b01f7e38 37a81c h ???????? 012 /
42a8470.89 25bb384c e3b0c4 h ???????? 002 /robots.txt
42a8472.ad 25bb384c 5983bc h ???????? 013 /
42a8591.3f 3652385f c76db1 s ???????? 007 /robots.txt
42a859d.40 3652385f c76db1 s ???????? 001 /edit/57685027
42a8613.5b 3652385f c76db1 h ???????? 002 /robots.txt
42a8613.aa 3652385f c76db1 h ???????? 012 /
42a8662.7c 12c3cb30 bd1bd9 h ???????? 002 /robots.txt
42a8662.9c 12c3cb30 bd1bd9 h ???????? 017 /
42a8790.78 9d372772 6a88e8 s ???????? 012 /
42a87a8.fb a484a29f 433e9c h ???????? 002 /edit/26446001
42a87ef.36 42f95989 70a047 h ???????? 002 //rss.rdf
42a9696.b4 bc286647 7dfab1 h ???????? 001 //rss.jsp
42a9696.d7 bc286647 7dfab1 h ???????? 002 //rss.jsp
42a96b2.36 d8f442e5 2e51d1 h ???????? 002 /robots.txt
42a994a.93 b8a9a707 038706 h ???????? 014 /
42a994b.b6 b8a9a707 038706 h ???????? 019 /
42a9954.e3 36995fef 0095cf h ???????? 005 //robots.txt
42a9954.e3 36995fef e046cd h ???????? 014 /
42a9956.3c 36995fef 0095cf h ???????? 019 /
42a9a4c.16 b44c0f91 a04d28 h ???????? 003 /wiki/FutureLab2056
42a9a8a.e8 55d811fb f262fc h ???????? 014 /
42a9aad.f1 d8f442e5 2e51d1 h ???????? 002 /edit/771001
42a9ec8.bc 42f94619 043937 s ???????? 002 /robots.txt
42aa0ac.bd 42f94052 043937 s ???????? 002 /.well-known/apple-app-site-association
42aa0b9.0e 9d372734 6a88e8 h ???????? 001 /robots.txt
42aa120.bf 33ff4158 433e9c h ???????? 002 /edit/31156004
42aa3bf.01 a484a11c 433e9c h ???????? 007 /edit/27296001
42aa502.94 42f9598b 70a047 h ???????? 002 //rss.rdf
42aa659.ee 9d3727ca 6a88e8 h ???????? 015 /
42aa6af.c0 42f94054 043937 s ???????? 002 /.well-known/assetlinks.json
42aab9a.e9 72376f3b 6885c6 h ???????? 002 /sftp-config.json
42aabcb.c0 7717d004 6885c6 h ???????? 002 /sftp-config.json
42aad3d.ac b2ffd755 c51fdf h ???????? 002 /robots.txt
42aad3d.d2 b2ffd755 c51fdf h ???????? 015 /
42ab4cc.d8 05bc5707 1066b4 h ???????? 01c /
42ab755.32 42f940db 043937 h ???????? 002 /robots.txt
42ab755.82 42f940df 043937 h ???????? 015 /
42ab7c1.67 42f940db 043937 h ???????? 001 /feel/4
42ab7c1.d7 42f940dd 043937 h ???????? 002 /feel/8
42abe20.8c 586313f2 028fc4 h ???????? 003 //robots.txt
42abe35.e9 586313f2 028fc4 h ???????? 001 //rss.jsp
42abf26.54 d8f442e3 2e51d1 h ???????? 002 //robots.txt
42ac273.d3 42f95989 70a047 h ???????? 002 //rss.rdf
42ac3c6.8d 05095085 c37fd8 h ???????? 002 /robots.txt
42ac3c8.1b 05095085 c37fd8 h ???????? 002 //rss.jsp
42ac3c9.9f 05095085 c37fd8 h ???????? 002 //rss.jsp
42ac3cb.20 05095085 c37fd8 h ???????? 004 //wiki/RainerWasserfuhr
42ac5d3.c0 d8f442e3 2e51d1 h ???????? 002 //robots.txt
42acc6b.62 b96e84e8 323110 h ???????? 017 /
42ae0ee.69 42f94618 043937 h ???????? 002 /robots.txt
42ae0ee.c2 42f9461a 043937 h ???????? 01c /
42ae3da.03 42f94046 043937 h ???????? 002 /see/ea63c5bf789dcf4a44d8266ccfd659df
42ae3da.dc 42f94046 043937 h ???????? 002 /hear/a3b0f24aa50ed8aae0eb4e48b59718e3
42ae3db.47 42f94046 043937 h ???????? 002 /hear/3a42b2dd1ca7011126a841ed029f6b72
42ae3db.d3 42f94048 043937 h ???????? 016 /see/1374c95a5990eb5fb26d3eccdce054e1
42ae3dc.32 42f94048 043937 h ???????? 002 /hear/e89d8967ced17f007d86355876824f57
42ae3dc.a3 42f94048 043937 h ???????? 002 /hear/e6f7c4c6e41edc40895f365bf1d87ca2
42ae3ec.0a 8ba27485 976046 s ???????? 016 /
42ae3f1.c5 42f94048 043937 h ???????? 003 /hear/5e58ed5135a24cebd123a50cecc08687
42ae3f5.88 42f94046 043937 h ???????? 002 /see/b632b19e9adf4074c8b7c4916e036686
42ae3f9.44 42f94046 043937 h ???????? 01d /see/1a6d0f2419087f846ca261dd1d5ead39
42ae3fc.f9 42f94046 043937 h ???????? 002 /see/2e78da8d09c089cff25ac18f13630506
42ae400.a9 42f94046 043937 h ???????? 008 /see/4fb04391def7a448f22fad8d714af471
42ae404.57 42f94046 043937 h ???????? 002 /see/eb7c1c82e09ac728091522ca671b069d
42ae408.19 42f94046 043937 h ???????? 002 /see/adcf13f9a90559c36f3252579c72db30
42ae40b.b7 42f94046 043937 h ???????? 002 /see/2c8706dba95d7cc779fc38da4ee63d95
42ae40f.6d 42f94046 043937 h ???????? 002 /see/9a6a8ea514b50e032d1cde3e40cde2e5
42ae413.2d 42f94046 043937 h ???????? 001 /see/46e9509840edb66cd332462b84242141
42ae416.cd 42f94046 043937 h ???????? 002 /see/a605d9c65e3f2c606128204e9921532b
42ae41a.77 42f94046 043937 h ???????? 002 /see/8e219278140d84869afd873e853fe5f3
42ae41e.2b 42f94046 043937 h ???????? 002 /see/64c3ad568cd5ddfd524f5ad4444a5148
42ae421.d9 42f94046 043937 h ???????? 002 /see/e5aefe8c18c9de55e62d34f9c13278c8
42ae425.85 42f94046 043937 h ???????? 002 /see/a9379c1258426c4fcd90441606620f99
42ae429.3a 42f94046 043937 h ???????? 002 /see/3d91ae0e358b91be5cf08eebdb0192ff
42ae42c.f0 42f94046 043937 h ???????? 002 /see/968d0520f1d7426bedf38884f4625abc
42ae430.99 42f94046 043937 h ???????? 001 /see/cfe9a87cb7f3ea8b85278f9643b0ebfb
42ae434.6c 42f9404a 043937 h ???????? 002 /see/0abe38a1490b7bf6b09c9618393ce597
42ae437.f7 42f94048 043937 h ???????? 002 /hear/4fd60d30bde71692075141a6d2a6dc03
42ae43b.ae 42f94046 043937 h ???????? 002 /hear/cbe0ccd86bfefb51a8f6791b96d98018
42ae43f.60 42f94048 043937 h ???????? 002 /hear/4d4e20d2f1db62e9bec05100a234bbf6
42ae443.15 42f94046 043937 h ???????? 002 /hear/3d44c2ab98e0372331f808627c688483
42ae446.bc 42f94046 043937 h ???????? 002 /hear/eb295828afed5f8970732585f1d14b4b
42ae44a.70 42f94046 043937 h ???????? 001 /hear/d7c06084704cd69da2d19ad06784bcba
42ae44e.24 42f94046 043937 h ???????? 002 /hear/c9cca7e78c81bb0f1cf356cf6a00d0c6
42ae451.d3 42f94046 043937 h ???????? 002 /hear/ef82c37b36b5e5ac78301d16c087b18c
42ae455.7c 42f94046 043937 h ???????? 002 /hear/2b032c93af875a154af6528211e632ba
42ae459.36 42f94046 043937 h ???????? 003 /hear/4da3d7c31d60846e08424c1532ca8df5
42ae45c.db 42f94046 043937 h ???????? 002 /hear/e56ab773c9c3c6c06460d9c39965e3cb
42ae460.88 42f94046 043937 h ???????? 002 /hear/9458d4da490b4d70d888e174f066a2af
42ae464.40 42f94046 043937 h ???????? 002 /hear/72e2089eb0f7333fad9932bbdc50a076
42ae468.04 42f94046 043937 h ???????? 002 /hear/a5405a7543a5619be116ece901145187
42ae46b.a2 42f94046 043937 h ???????? 002 /hear/a03c124996b36d400d77502f6682eb48
42ae46f.4d 42f94046 043937 h ???????? 005 /hear/c1153e7bd7eef66d8fedd3f91ac38c78
42ae473.01 42f9404a 043937 h ???????? 00b /hear/7b3432555496173f6e89797f61084126
42ae476.b0 42f94046 043937 h ???????? 002 /hear/ccfa5671ae269f613583b9a5db7a56ae
42ae47a.67 42f94046 043937 h ???????? 002 /hear/72f85f17320445d15146a3e8b3eb415e
42ae47e.1c 42f94046 043937 h ???????? 002 /hear/80b1b14117f342776433adc425daff72
42ae481.c2 42f94046 043937 h ???????? 002 /hear/21c875d2724bd5804fa35c94303b3fac
42ae485.79 42f94046 043937 h ???????? 002 /hear/af866003e42b9859cfdf9de8ba85c9e0
42ae489.27 42f94046 043937 h ???????? 003 /hear/aff21ed71367550a1f9283ec7587add7
42ae48c.d6 42f94046 043937 h ???????? 002 /hear/2db922a75da1e1f50bbc14c87dd2f956
42ae490.85 42f94046 043937 h ???????? 002 /hear/30e9794173a175e2c86fb1a24a19fcff
42ae494.38 42f94046 043937 h ???????? 003 /hear/9f1bf9d0a2d03e0f3fbe97560f18dda6
42ae497.eb 42f94046 043937 h ???????? 002 /hear/5d5c37a6647843f85be06626be8dfb46
42ae49b.99 42f94046 043937 h ???????? 002 /hear/0860b90c882a90ddb13ddcd0c0e2d798
42ae49f.4b 42f94046 043937 h ???????? 002 /hear/8b4cb1d8d5b13e559160688878f45857
42ae4a3.06 42f94046 043937 h ???????? 002 /hear/088ef811b767d5d3cd4bacb41a79370d
42ae4a6.af 42f94046 043937 h ???????? 002 /hear/754ae7b5d41facf1b0faec1ab199bc06
42ae4aa.67 42f9404a 043937 h ???????? 002 /hear/e04aeb017b173b5b42b3d06b5e6fae80
42ae4ae.17 42f94048 043937 h ???????? 002 /hear/bfdd18e5ecaae472538ed250a5f68391
42ae4b1.c7 42f94048 043937 h ???????? 020 /hear/1a280d42ec4e98990cf74e0618feea9d
42ae4b5.7f 42f94048 043937 h ???????? 002 /hear/cfc024b02169b66ccd7d26093e75bcf0
42ae4b9.2f 42f94046 043937 h ???????? 002 /hear/d39bf1580852038b44bba8c1a0c662df
42ae4bc.eb 42f94046 043937 h ???????? 002 /hear/27059f59c5bf325459bf55f0bb8b09b6
42ae4c0.9b 42f94046 043937 h ???????? 002 /hear/378aee2ba330fab650d695b26f1aedf7
42ae4c4.5c 42f94046 043937 h ???????? 002 /hear/96df937075cf717920887ff1d57d0777
42ae4c5.98 42f95987 70a047 h ???????? 002 //rss.rdf
42ae4c8.17 42f94046 043937 h ???????? 002 /hear/08c6d9b41478372154b3e9130aaf9f18
42ae4cb.d8 42f94046 043937 h ???????? 002 /hear/d2f8dd086a7cbdcd9f439b52b08f5355
42ae4cf.a6 42f94046 043937 h ???????? 002 /hear/a20664ead951d7cc6b4ea22c9e5042c8
42ae4d3.a1 42f94046 043937 h ???????? 01a /hear/1965363e332fd06544e9a06885b2a5db
42ae4d8.0d 42f94046 043937 h ???????? 002 /hear/8e8b9af4b8322afab79740233dda5d81
42aea29.8c 42f94046 043937 h ???????? 002 //robots.txt
42aea63.87 26915c8b 85c767 h ???????? 01a /
42af07e.7f 0d38e541 c8c944 h ???????? 01a /
42af1e3.9d c0bb65a2 c5e558 h ???????? 00a /wp-login.php
42af1e4.0c c0bb65a2 0805c1 h ???????? 002 /wp-login.php
42af46f.e1 d94586b7 399ff9 h ???????? 002 /robots.txt
42af473.f0 d94586b1 399ff9 h ???????? 004 /wiki/TuerAn
42af700.3e 9d37270c 6a88e8 h ???????? 003 /robots.txt
42af71a.ee 9d372746 6a88e8 h ???????? 004 /wiki/PayPalMafia
42afb9b.a8 44b4e56f aec21f h ???????? 002 //robots.txt
42afb9d.26 44b4e59c aec21f h ???????? 003 /robots.txt
42afb9d.cb 44b4e59c aec21f h ???????? 004 /wiki/MindSkill
