42f001a.d8 d9b6844f 433e9c h ???????? 008 /wiki/CitiZen
42f1082.3f 9d37277a 6a88e8 h ???????? 037 /
42f1150.59 284da76a 6a88e8 h ???????? 008 /wiki/ImMortal
42f1440.61 403efca2 b5eaf4 h ???????? 001 /robots.txt
42f1457.cb 403efca2 b5eaf4 h ???????? 004 /feed
42f1466.de 403efca2 b5eaf4 h ???????? 01b /love/1e
42f171a.0d 42f9572b 70a047 h ???????? 009 //rss.rdf
42f17d6.7e 42f9456a 043937 h ???????? 004 /feed
42f1b27.6c 7a605db5 53f294 h ???????? 002 //favicon.ico
42f1b92.5e 59a391b8 6885c6 h ???????? 007 //.ftpconfig
42f1c5a.af d9b6844d 433e9c h ???????? 002 /edit/27406004
42f1c8f.86 7dd1ebac 90c2bc h ???????? 002 /robots.txt
42f20dd.35 44b4e59c aec21f h ???????? 033 /
42f28fc.52 44b4e59c aec21f h ???????? 008 /wiki/LastWill
42f2ad6.1b a4340783 7a122d s ???????? 034 /
42f2b86.be 8d14d9de 5ec1d2 s ???????? 036 /
42f2d4a.ae d4e3dd2a 2fc5d0 h ???????? 002 /wp-admin/setup-config.php
42f2d4a.f8 d4e3dd2a 2fc5d0 h ???????? 006 /wordpress/wp-admin/setup-config.php
42f2e41.a1 d9458503 399ff9 h ???????? 002 /robots.txt
42f2e4a.5e d94585cb 399ff9 h ???????? 002 /wiki/LiebeDas
42f2e54.8b d94585cb 399ff9 h ???????? 008 /wiki/HiPo
42f2e5e.6d d94586b9 399ff9 h ???????? 002 /wiki/EyeDotz
42f2e6b.22 d94586b0 399ff9 h ???????? 005 /cast/706001
42f2e77.74 d94586dc 399ff9 h ???????? 009 /wiki/HerzTorte
42f2e84.5e d94586bc 399ff9 h ???????? 003 /wiki/ThinkIn
42f2e90.f4 d94586af 399ff9 h ???????? 007 /wiki/CoraHobby
42f2e9e.67 d94586b6 399ff9 h ???????? 002 /wiki/KreuzKirche
42f2eac.99 d94586b1 399ff9 h ???????? 003 /wiki/LinieDrei
42f2ebb.9e d94586a0 399ff9 h ???????? 003 /wiki/536001
42f2ecd.0e d94586a0 399ff9 h ???????? 002 /wiki/OasIs
42f2ede.8c d9458503 399ff9 h ???????? 009 /edit/8536001
42f2ef0.9d d9458505 399ff9 h ???????? 003 /wiki/DeHa
42f2f05.06 d945869a 399ff9 h ???????? 005 /wiki/WikiPage
42f2f1b.65 d94586ae 399ff9 h ???????? 003 /wiki/DoIt
42f2f32.44 d94586e3 399ff9 h ???????? 002 /wiki/KayGroschen
42f2f4b.e9 d94585c2 399ff9 h ???????? 005 /wiki/RilkePanther
42f2f67.86 d94586bc 399ff9 h ???????? 002 /wiki/KhBi
42f2f88.6b d9458504 399ff9 h ???????? 003 /wiki/RaumPlan
42f2faf.1d d94586af 399ff9 h ???????? 006 /wiki/ChristianHeller
42f2fd7.7b d94585cb 399ff9 h ???????? 004 /AlphaDay
42f2ffa.bd d94586b7 399ff9 h ???????? 009 /wiki/SiSanien
42f300d.80 9d37277a 6a88e8 h ???????? 3bc /memo
42f3016.b5 d94586b0 399ff9 h ???????? 005 /wiki/WegenDir
42f302b.0e d94586a0 399ff9 h ???????? 005 /wiki/ZuJung
42f303d.1d d9458503 399ff9 h ???????? 003 /wiki/AnEi
42f304b.be d9458505 399ff9 h ???????? 008 /wiki/LuSch
42f305a.40 d94586bc 399ff9 h ???????? 007 /wiki/VerFassung
42f3064.9d d94586e3 399ff9 h ???????? 001 /film
42f328f.2e b8690306 e55868 h ???????? 035 /1
42f37f3.af 42f95727 70a047 h ???????? 003 //rss.rdf
42f3866.11 5b511d62 682a71 h ???????? 045 /
42f3866.ca 5b511d62 682a71 s ???????? 01e /
42f3c12.9a 7c42b961 4e0870 h ???????? 01e /
42f3c15.69 7c42b961 4e0870 h ???????? 020 /
42f41d6.ee cd8b8d36 209ef4 h ???????? 002 //rss.rdf
42f4288.8e 33ff413b 433e9c h ???????? 009 /edit/30946004
42f451a.05 c39a8593 57819b h ???????? 005 /up.php
42f4627.d0 462a83aa bcf9bf h ???????? 002 /manager/html
42f468b.4d 426607ae 002725 h ???????? 001 /favicon.ico
42f46cb.22 42f951a6 002725 h ???????? 003 /favicon.ico
42f475e.d7 b01f656f c37fd8 h ???????? 002 //robots.txt
42f4767.f6 b01f656f c37fd8 h ???????? 004 //wiki/%25s
42f477b.e6 b01f656f c37fd8 h ???????? 004 //wiki/%3C%25=session.getAttribute(
42f4787.30 b01f656f c37fd8 h ???????? 008 //wiki/AnneWillSingulari%E2%80%A6
42f4791.78 b01f656f c37fd8 h ???????? 002 //wiki/DresdenWiFi%E2%80%9C
42f479d.e8 b01f656f c37fd8 h ???????? 004 //wiki/DresdenWiFi
42f47aa.32 b01f656f c37fd8 h ???????? 005 //wiki/LockSchuppen.%C2%A0
42f47b7.10 b01f656f c37fd8 h ???????? 003 //wiki/LockSchuppen.%C3%82%C2%A0
42f4873.bf 4a7d4c22 55c2cd h ???????? 002 //rss.rdf
42f4a31.ce 8d14d9de 5ec1d2 s ???????? 003 /wiki/VaPianoDd1
42f4af9.e5 a484a132 433e9c h ???????? 004 /wiki/ImPrint
42f4c18.7d c11c5009 057297 h ???????? 003 /wiki/WindelWelt
42f4dad.4f dc814495 2da35a h ???????? 028 /
42f4dad.d2 dc814495 99d427 h ???????? 04d /index.action
42f4e2d.eb 59a391b8 6885c6 h ???????? 003 /.ftpconfig
42f5a8d.68 42f95729 70a047 h ???????? 002 //rss.rdf
42f6224.d1 cf2e0d3e 6a88e8 h ???????? 004 /wiki/TurkNumber
42f63fd.e6 42f94566 043937 h ???????? 005 /wiki/ThomasKuhn
42f6405.67 42f9456a 043937 h ???????? 002 /wiki/OttoHahn
42f649e.b1 42f94566 043937 h ???????? 002 /wiki/FransDeVaal
42f6889.90 9d3727ef 6a88e8 s ???????? 02a /
42f68b1.69 d94586b1 399ff9 h ???????? 001 /robots.txt
42f68b3.91 d94586e3 399ff9 h ???????? 006 /RecentChanges
42f6a36.5e d94586b9 399ff9 h ???????? 002 /robots.txt
42f6a44.07 d94585cb 399ff9 h ???????? 004 /wiki/HaTa
42f6a52.b4 d94586a0 399ff9 h ???????? 005 /wiki/LaufHaus
42f6d9f.4c 403efca2 b5eaf4 h ???????? 002 /robots.txt
42f6e9f.43 33ff412c 433e9c h ???????? 003 /edit/30886006
42f73ec.6d d94586dc 399ff9 h ???????? 004 /robots.txt
42f73f6.29 d94586c8 399ff9 h ???????? 003 /hot
42f7527.e5 4e2e2319 7dfab1 h ???????? 003 //rss.jsp
42f7528.16 4e2e2319 7dfab1 h ???????? 003 //rss.jsp
42f7757.7e 42f95727 70a047 h ???????? 007 //rss.rdf
42f79db.14 0585b70e e1a3af h ???????? 002 //rss.rdf
42f7a87.4a d8f442c7 2e51d1 h ???????? 002 /robots.txt
42f7d28.7f 403efca3 b5eaf4 h ???????? 001 /robots.txt
42f7d2d.54 97501b74 433e9c h ???????? 003 /wiki/AnnoDomino2012
42f7d93.0c 5f6cb561 e4b041 h ???????? 001 /robots.txt
42f7d96.f8 5f6cb561 e4b041 h ???????? 002 /cal
42f80a3.9b 33ff476e 433e9c h ???????? 005 /edit/29176004
42f80e1.28 9d3727ef 6a88e8 h ???????? 002 /wiki/ImMortal
42f8280.c2 42f94566 043937 h ???????? 002 /wiki/ExtremeNormalForm
42f839b.0d 42f94568 043937 h ???????? 004 /wiki/ScreenR
42f845e.2b 42f94566 043937 h ???????? 003 /wiki/LwRc
42f84c2.85 42f94566 043937 h ???????? 003 /wiki/SoundCloud
42f84cb.57 42f94566 043937 h ???????? 002 /wiki/TheFuture
42f8940.bd a484a15f 433e9c h ???????? 003 /wiki/LockTeam
42f899e.6b 42f9453d 043937 s ???????? 001 /robots.txt
42f8e1a.e7 d94586b0 399ff9 h ???????? 002 /robots.txt
42f8e34.f2 d94586b7 399ff9 h ???????? 01a /
42f8f35.3a c15a0c73 cc9bbb h ???????? 015 /
42f90e3.9b 9d37276f 6a88e8 h ???????? 01e /
42f92d4.de d8f442c7 2e51d1 h ???????? 002 /robots.txt
42f93db.c4 42f95729 70a047 h ???????? 002 //rss.rdf
42f9484.cb d94586a0 399ff9 h ???????? 004 /robots.txt
42f9488.82 d9458503 399ff9 h ???????? 008 /wiki/ShookHands
42f948e.df d9458503 399ff9 h ???????? 004 /wiki/LifeDay16184
42f9495.0c d94586b1 399ff9 h ???????? 003 /wiki/DistanzSpiel
42f9596.bb ce29b1c2 7c2005 h ???????? 027 /
42f96b5.4e bc285186 7dfab1 h ???????? 002 //rss.jsp
42f96b5.78 bc285186 7dfab1 h ???????? 001 //rss.jsp
42f9938.90 bc285186 7dfab1 h ???????? 002 //rss.jsp
42f9938.b6 bc285186 7dfab1 h ???????? 001 //rss.jsp
42f9b41.a0 c317fcb3 febd6d h ???????? 01a /1
42f9b42.0c c317fcb3 febd6d h ???????? 002 /favicon.ico
42f9b42.37 c317fcb3 febd6d h ???????? 001 /favicon.ico
42f9b46.27 c317fcb3 febd6d h ???????? 001 /feel/4
42f9b4a.1c c317fcb3 febd6d h ???????? 005 /feel/8
42f9b52.38 c317fcb3 febd6d h ???????? 053 /feel/10
42f9b62.4f c317fcb3 febd6d h ???????? 002 /feel/20
42f9b72.4f c317fcb3 febd6d h ???????? 002 /feel/30
42f9b82.5a c317fcb3 febd6d h ???????? 002 /feel/40
42f9b92.5d c317fcb3 febd6d h ???????? 002 /feel/50/
42f9ba2.6c c317fcb3 febd6d h ???????? 005 /feel/60/
42f9bb2.8c c317fcb3 febd6d h ???????? 00c /feel/70/
42f9bc2.85 c317fcb3 febd6d h ???????? 001 /feel/80/
42f9bd2.8e c317fcb3 febd6d h ???????? 001 /feel/90/
42f9be2.8b c317fcb3 febd6d h ???????? 002 /feel/a0/
42f9bf2.96 c317fcb3 febd6d h ???????? 001 /feel/b0/
42f9c02.94 c317fcb3 febd6d h ???????? 001 /feel/c0/
42f9c12.b2 c317fcb3 febd6d h ???????? 002 /feel/d0/
42f9c22.af c317fcb3 febd6d h ???????? 002 /feel/e0/
42f9c32.c1 c317fcb3 febd6d h ???????? 008 /feel/f0/
42f9c42.c9 c317fcb3 febd6d h ???????? 023 /feel/100/
42f9c52.e5 c317fcb3 febd6d h ???????? 025 /feel/110/
42f9c62.cd c317fcb3 febd6d h ???????? 015 /feel/120/
42f9c72.ee c317fcb3 febd6d h ???????? 015 /feel/130/
42f9c82.f9 c317fcb3 febd6d h ???????? 02d /feel/140/
42f9c92.ea c317fcb3 febd6d h ???????? 013 /feel/150/
42f9ca3.10 c317fcb3 febd6d h ???????? 015 /feel/160/
42f9cb2.05 c317fcb3 febd6d h ???????? 012 /feel/170/
42f9cc2.0e c317fcb3 febd6d h ???????? 017 /feel/180/
42f9cd2.1a c317fcb3 febd6d h ???????? 022 /feel/190/
42f9ce2.24 c317fcb3 febd6d h ???????? 02e /feel/1a0/
42f9cf2.31 c317fcb3 febd6d h ???????? 025 /feel/1b0/
42f9d02.33 c317fcb3 febd6d h ???????? 024 /feel/1c0/
42f9d12.34 c317fcb3 febd6d h ???????? 013 /feel/1d0/
42f9d22.45 c317fcb3 febd6d h ???????? 012 /feel/1e0/
42f9d32.4e c317fcb3 febd6d h ???????? 029 /feel/1f0/
42f9d42.48 c317fcb3 febd6d h ???????? 001 /feel/200/
42f9d52.53 c317fcb3 febd6d h ???????? 001 /feel/210/
42f9d62.5c c317fcb3 febd6d h ???????? 002 /feel/220/
42f9d72.6c c317fcb3 febd6d h ???????? 003 /feel/230/
42f9d82.68 c317fcb3 febd6d h ???????? 002 /feel/240/
42f9d92.78 c317fcb3 febd6d h ???????? 001 /feel/250/
42f9da2.72 c317fcb3 febd6d h ???????? 005 /feel/260/
42f9db2.79 c317fcb3 febd6d h ???????? 001 /feel/270/
42f9dc2.87 c317fcb3 febd6d h ???????? 002 /feel/280/
42f9dd2.93 c317fcb3 febd6d h ???????? 001 /feel/290/
42f9de2.93 c317fcb3 febd6d h ???????? 001 /feel/2a0/
42f9df2.a9 c317fcb3 febd6d h ???????? 001 /feel/2b0/
42f9e02.9d c317fcb3 febd6d h ???????? 001 /feel/2c0/
42f9e12.a6 c317fcb3 febd6d h ???????? 001 /feel/2d0/
42f9e22.a5 c317fcb3 febd6d h ???????? 002 /feel/2e0/
42f9e32.9f c317fcb3 febd6d h ???????? 002 /feel/2f0/
42f9f2e.02 284da740 e39fc8 h ???????? 003 //wiki/LockSchuppen
42f9f76.99 23bb8415 71f2b9 s ???????? 002 /bcHead
42f9f77.68 23bb8415 71f2b9 s ???????? 01f /put/3d596f75724361726463333137666362330a48616c6c6f2c2064696573206973742065696e205a657474656c4b617374656e2e204f62656e206b616e6e73742044752064656e204e616d656e20646573205a657474656c732065696e676562656e2e0a0a4d69742065696e6572207370657a69656c6c656e204d61676965206e616d656e7320c2bb43616d656c43617365c2ab20656e7473746568656e204c696e6b732061756620616e64657265205a657474656c2e2050726f62696572206573206175733a20536368726569622065696e20576f72742c2064617320696d20576f7274696e6e6572656e206d696e64657374656e732065696e656e20776569746572656e2047726f73736275636873746162656e206861742c20646572206162657220766f6e204b6c65696e6275636873746162656e2062656e61636862617274206973743a20
42f9f99.a8 23bb8413 71f2b9 s ???????? 003 /bcHead
42f9f9a.d0 23bb8413 71f2b9 s ???????? 01d /put/3d596f75724361726463333137666362330a48616c6c6f2c2064696573206973742065696e205a657474656c4b617374656e2e204f62656e206b616e6e73742044752064656e204e616d656e20646573205a657474656c732065696e676562656e2e0a0a4d69742065696e6572207370657a69656c6c656e204d61676965206e616d656e7320c2bb43616d656c43617365c2ab20656e7473746568656e204c696e6b732061756620616e64657265205a657474656c2e2050726f62696572206573206175733a20536368726569622065696e20576f72742c2064617320696d20576f7274696e6e6572656e206d696e64657374656e732065696e656e20776569746572656e2047726f73736275636873746162656e206861742c20646572206162657220766f6e204b6c65696e6275636873746162656e2062656e61636862617274206973743a20
42fa09a.19 33ff4139 433e9c h ???????? 006 /edit/21766002
42fa0fc.8c 33ff4146 433e9c h ???????? 002 /t
42fa216.c2 a484a13a 433e9c h ???????? 008 /edit/24406003
42fa278.25 bc285186 7dfab1 h ???????? 002 //rss.jsp
42fa278.4a bc285186 7dfab1 h ???????? 002 //rss.jsp
42fa284.69 bc285186 7dfab1 h ???????? 005 //rss.jsp
42fa284.90 bc285186 7dfab1 h ???????? 002 //rss.jsp
42fa5b6.e9 9d37277a 6a88e8 h ???????? 016 /
42fa612.43 894acf6d 433e9c h ???????? 001 /edit/25886005
42fa82c.20 cf2e0d20 6a88e8 s ???????? 015 /
42fad4d.83 5e171ba6 e3b0c4 h ???????? 006 /robots.txt
42fad4f.ab 5e171ba6 4556ce h ???????? 027 /
42fb481.3c 42f9572b 70a047 h ???????? 004 //rss.rdf
42fb8ab.bb bca5e9e4 e3b0c4 h ???????? 003 /robots.txt
42fb8ad.e5 bca5e9e4 36ad42 h ???????? 015 /
42fba20.16 3e8a0019 6de661 h ???????? 001 /robots.txt
42fba29.da 3e8a0019 6de661 h ???????? 027 /
42fba9c.0e b96e84e8 323110 h ???????? 014 /
42fbcd1.6d bca5e9e4 e3b0c4 h ???????? 001 /robots.txt
42fbcd3.8f bca5e9e4 36ad42 h ???????? 010 /
42fbe09.97 5519ca12 81615f h ???????? 014 /
42fc38e.30 d8f442c7 2e51d1 h ???????? 002 /robots.txt
42fc3df.7d cf2e0d46 6a88e8 h ???????? 002 /robots.txt
42fc3e6.ac cf2e0d3e 6a88e8 h ???????? 002 /wiki/GeDaechtnis
42fc3ff.e8 25bb3851 e3b0c4 h ???????? 001 /robots.txt
42fc402.17 25bb3851 46ab9b h ???????? 02a /
42fd06f.9a bca5d01d e3b0c4 h ???????? 001 /robots.txt
42fd071.c1 bca5d01d 58771d h ???????? 016 /
42fd0fc.1e 44b4e56f aec21f h ???????? 003 //robots.txt
42fd109.07 44b4e59c aec21f h ???????? 001 /robots.txt
42fd109.9d 44b4e59c aec21f h ???????? 002 /wiki/RainerTest
42fd12a.6f 44b4e59c aec21f h ???????? 002 /wiki/SeaNation
42fd226.e4 5b794fb4 e3b0c4 h ???????? 002 /robots.txt
42fd229.1e 5b794fb4 2d2838 h ???????? 013 /
42fd324.46 9d37277a 6a88e8 h ???????? 017 /
42fd6eb.15 42f9572b 70a047 h ???????? 002 //rss.rdf
42fd755.68 3ed2b48e 57819b h ???????? 006 //up.php
42fd774.a9 bc286647 7dfab1 h ???????? 001 //rss.jsp
42fd774.cc bc286647 7dfab1 h ???????? 004 //rss.jsp
42fd7cd.5e 05275551 e3b0c4 h ???????? 002 /robots.txt
42fd7cf.88 05275551 f22684 h ???????? 01c /
42fd922.58 42f94566 043937 h ???????? 002 /robots.txt
42fd922.af 42f94566 043937 h ???????? 003 /wiki/PatHayes
42fd9be.4c 9d37270e 6a88e8 h ???????? 002 /robots.txt
42fd9c5.19 9d37276f 6a88e8 h ???????? 018 /
42fdcb4.cb b01f7e38 e3b0c4 h ???????? 001 /robots.txt
42fdcb6.ef b01f7e38 37a81c h ???????? 014 /
42fde13.03 05c45716 433e9c h ???????? 002 /robots.txt
42fde13.a3 d9b68492 433e9c h ???????? 001 /edit/22176001
42fe157.be 6b16349b 2baa92 h ???????? 026 /
42fe157.e0 369f7e15 2baa92 h ???????? 014 /
42fe37c.93 d8f442e3 2e51d1 h ???????? 002 //robots.txt
42fe538.4e 5f6cb561 e4b041 h ???????? 002 /robots.txt
42fe53c.35 5f6cb561 e4b041 h ???????? 0c9 /ls
42fe640.52 d94586b6 399ff9 h ???????? 002 /robots.txt
42fe644.23 d9458504 399ff9 h ???????? 002 /wiki/MindPost
42feaa6.82 d94586ae 399ff9 h ???????? 002 /robots.txt
42feaa7.de d94586b7 399ff9 h ???????? 004 /wiki/RaumPlan
42fed06.1d 369ee61f 0bc284 s ???????? 018 /
42feea2.25 a484a118 433e9c h ???????? 005 /edit/28316001
42ff4cb.2f 6a78a144 e59e1c h ???????? 028 /
42ff672.98 4706cac6 aadf09 h ???????? 002 /ccvv
42ff98a.50 42f95729 70a047 h ???????? 002 //rss.rdf
42ff9ae.80 65c76c77 5fd7d7 h ???????? 024 /
42ffac6.ed 9750277b 433e9c h ???????? 002 /robots.txt
42ffc00.ce d5abdc98 a95ea1 h ???????? 002 //rss.rdf
42ffdb1.32 d17e8807 7404fb s ???????? 01d /
42fff4d.fb d9b68451 433e9c h ???????? 001 /edit/27946004
