43c0036.80 451ee2ea 028fc4 h ???????? 003 //wiki/WaldSchloesschen
43c0054.f5 44b4e59c aec21f h ???????? 003 /wiki/ThKu
43c0060.61 451ee2ea 028fc4 h ???????? 002 /robots.txt
43c008d.0b 451ee2ea 028fc4 h ???????? 003 /wiki/AlWaleed
43c00b4.36 451ee2ea 028fc4 h ???????? 002 /robots.txt
43c00d9.4f 451ee2ea 028fc4 h ???????? 002 /wiki
43c00f5.ed 451ece0a 7f0d2b h ???????? 001 /robots.txt
43c0180.f2 3624949e 433e9c h ???????? 002 /edit/21786003
43c0287.73 42f94f39 043937 s ???????? 003 /wiki/TheNecessaryRevolution
43c044d.82 d8f442c7 2e51d1 h ???????? 024 /1
43c0d2f.97 3624944b 433e9c h ???????? 003 /wiki/PagePath
43c0fdf.62 3e8a0019 6de661 h ???????? 002 /robots.txt
43c0fdf.93 3e8a0019 6de661 h ???????? 003 //wiki/MindPost
43c132e.f3 480ec7ad 70a047 h ???????? 002 //rss.rdf
43c1555.5a 9d372782 6a88e8 h ???????? 019 /
43c18e1.d9 2ee90046 cc9bbb h ???????? 019 /
43c2028.18 d8f442c7 2e51d1 h ???????? 013 /1
43c24fa.da 23bb8411 71f2b9 s ???????? 003 /bcHead
43c24fe.84 23bb8415 71f2b9 s ???????? 002 /bcHead
43c258a.04 c063938e c40cd6 h ???????? 01a /
43c258a.82 c063938e e8f7bd h ???????? 017 /
43c2712.70 3691fc9c 12df02 h ???????? 001 /robots.txt
43c2720.61 3691fc9c 0ae858 h ???????? 006 /robots.txt
43c272b.2d 3691fc9c b8fef7 h ???????? 002 /wiki/FutureLab2056
43c28c1.9c 3624951b 433e9c h ???????? 002 /wiki/GeorgeClooney
43c2a28.99 d8f442e5 2e51d1 h ???????? 002 /robots.txt
43c3578.28 3624952f 433e9c h ???????? 015 /edit/16236008
43c3645.ff 44b4e56f aec21f h ???????? 002 //robots.txt
43c3647.2c 44b4e59c aec21f h ???????? 002 /robots.txt
43c3647.f3 44b4e59c aec21f h ???????? 002 /wiki/LockSchuppenDe
43c36d3.81 d8f442fa 2e51d1 h ???????? 001 //robots.txt
43c3bb7.20 480ec7ad 70a047 h ???????? 001 //rss.rdf
43c3bd4.70 b9233f28 cc7e44 h ???????? 011 /
43c3cc8.7a 3e8a0019 6de661 h ???????? 001 //robots.txt
43c3f68.3f b2437921 aab2d1 h ???????? 001 /wp-login.php
43c3f6e.25 b2437921 aab2d1 h ???????? 001 /administrator/index.php
43c3f74.05 b2437921 aab2d1 h ???????? 001 /admin.php
43c41ab.d8 362494c2 433e9c h ???????? 001 /NooSphere
43c427f.88 48f9aac0 12b4f8 h ???????? 003 /wiki/InterWiki
43c4447.a7 3624948f 433e9c h ???????? 003 /wiki/MaxWeber
43c4643.f5 42f95818 3e1e22 h ???????? 027 /
43c4644.00 42f95818 3e1e22 h ???????? 01a /
43c4644.43 42f95818 3e1e22 h ???????? 001 /favicon.ico
43c4644.54 42f9581c 3e1e22 h ???????? 001 /favicon.ico
43c46f5.33 a2d2c461 028fc4 h ???????? 001 /robots.txt
43c46f7.0f a2d2c461 028fc4 h ???????? 011 /
43c4800.94 42f94f28 043937 h ???????? 001 /robots.txt
43c4800.d9 42f94f28 043937 h ???????? 003 /wiki/BuRiLeo
43c4862.d1 4a7d4c20 55c2cd h ???????? 002 //rss.rdf
43c4bba.6c 05bcd30d 5484ba h ???????? 002 //wiki/RecentChanges
43c509e.14 44b4e56f aec21f h ???????? 001 //robots.txt
43c50b3.af 44b4e59c aec21f h ???????? 003 /wiki/WwWebLern
43c52f4.64 44b4e59c aec21f h ???????? 005 /wiki/ProFessor
43c537c.45 b44c0f9e fa643b h ???????? 001 /robots.txt
43c537c.4b b44c0f91 fa643b h ???????? 002 /robots.txt
43c53ee.ae b44c0f98 a04d28 h ???????? 016 /
43c62b2.96 3cbf264e 24f5f0 h ???????? 016 /
43c62d6.a5 480ec7ad 70a047 h ???????? 001 //rss.rdf
43c63e1.90 3624943c 433e9c h ???????? 002 /opml.php
43c6460.1c 9d372712 6a88e8 s ???????? 005 /robots.txt
43c646f.51 284da77a 6a88e8 s ???????? 016 /
43c6c26.95 42f954e8 002725 h ???????? 001 /favicon.ico
43c6fbc.56 5f6cb561 e4b041 h ???????? 002 /robots.txt
43c6fc0.39 5f6cb561 e4b041 h ???????? 016 /
43c6fda.33 5f6cb561 e4b041 h ???????? 017 /
43c6fda.79 8d088e6f e4b041 s ???????? 002 /robots.txt
43c6fde.71 5f6cb561 e4b041 s ???????? 012 /
43c7187.6e 36249544 433e9c h ???????? 001 /edit/27226004
43c732f.6e 05bcd323 5484ba h ???????? 001 /t
43c7529.b3 ac686c6d 1066b4 h ???????? 018 /
43c78db.c1 97d9b225 98a902 s ???????? 017 /
43c7ad7.4c 5f6cb561 e4b041 h ???????? 017 /
43c7d66.11 118e9fb9 4d4314 h ???????? 002 /robots.txt
43c7d66.57 118e9fb9 4d4314 h ???????? 018 /1
43c7eea.0b 2e66980f 24f16f s ???????? 014 /
43c7ffb.63 52cfb152 597e29 h ???????? 019 /
43c7ffb.b9 52cfb152 597e29 h ???????? 002 /favicon.ico
43c7fff.a1 52cfb152 597e29 h ???????? 002 /feel/4
43c8003.af 52cfb152 597e29 h ???????? 002 /feel/8
43c800b.a5 52cfb152 597e29 h ???????? 013 /feel/10
43c801c.3f 52cfb152 597e29 h ???????? 002 /feel/20
43c802b.c6 52cfb152 597e29 h ???????? 002 /alive/30/
43c802b.d0 52cfb152 597e29 h ???????? 002 /feel/30
43c803b.cf 52cfb152 597e29 h ???????? 002 /alive/40/
43c803b.db 52cfb152 597e29 h ???????? 002 /feel/40
43c804b.bc 52cfb152 597e29 h ???????? 006 /feel/50/
43c84c5.b4 42f94f3c 043937 s ???????? 003 /wiki/PermaLinks
43c8533.b8 44b4e59c aec21f h ???????? 002 /wiki/ImPressum
43c86a6.f0 36249487 433e9c h ???????? 003 /wiki/ProJect
43c89c0.da 480ec7ad 70a047 h ???????? 002 //rss.rdf
43c91fe.36 4e2e2319 7dfab1 h ???????? 002 //rss.jsp
43c91fe.5a 4e2e2319 7dfab1 h ???????? 002 //rss.jsp
43c9229.0e 0585b70e bbc470 h ???????? 002 //rss.rdf
43c9893.97 525ee7a9 646bf4 h ???????? 001 /status
43c9893.bc 525ee7a9 646bf4 h ???????? 018 /
43c9893.ee 525ee7a9 646bf4 h ???????? 002 /script
43c9894.15 525ee7a9 646bf4 h ???????? 002 /jenkins/script
43c9895.41 525ee7a9 646bf4 h ???????? 006 /login
43c9895.6c 525ee7a9 646bf4 h ???????? 002 /jmx-console
43c9895.94 525ee7a9 646bf4 h ???????? 015 /
43c9895.c7 525ee7a9 646bf4 h ???????? 019 /
43c9896.05 525ee7a9 646bf4 h ???????? 002 /manager/html
43c9896.33 525ee7a9 646bf4 h ???????? 014 /
43c9896.63 525ee7a9 646bf4 h ???????? 014 /
43c9896.97 525ee7a9 646bf4 h ???????? 015 /
43c9896.e4 525ee7a9 646bf4 h ???????? 001 //administrator
43c9897.05 525ee7a9 646bf4 h ???????? 001 /joomla/administrator
43c9897.27 525ee7a9 646bf4 h ???????? 001 /cms/administrator
43c9897.4f 525ee7a9 646bf4 h ???????? 001 /Joomla/administrator
43c9897.72 525ee7a9 646bf4 h ???????? 001 /msd
43c9897.9a 525ee7a9 646bf4 h ???????? 001 /mySqlDumper
43c9897.c4 525ee7a9 646bf4 h ???????? 001 /msd1.24stable
43c9897.e5 525ee7a9 646bf4 h ???????? 001 /msd1.24.4
43c9898.11 525ee7a9 646bf4 h ???????? 001 /mysqldumper
43c9898.3b 525ee7a9 646bf4 h ???????? 001 /MySQLDumper
43c9898.64 525ee7a9 646bf4 h ???????? 001 /mysql
43c9898.85 525ee7a9 646bf4 h ???????? 004 /sql
43c9898.ae 525ee7a9 646bf4 h ???????? 001 /dumper
43c9898.d1 525ee7a9 646bf4 h ???????? 004 /MySQL
43c9898.f8 525ee7a9 646bf4 h ???????? 001 /mysqldump
43c9899.21 525ee7a9 646bf4 h ???????? 001 /dump
43c989a.56 525ee7a9 646bf4 h ???????? 002 /Dumper
43c989a.7a 525ee7a9 646bf4 h ???????? 001 /msd1.21
43c989a.9b 525ee7a9 646bf4 h ???????? 001 /msddump
43c989a.c1 525ee7a9 646bf4 h ???????? 001 /msddumper
43c989a.ee 525ee7a9 646bf4 h ???????? 001 /msdump
43c989b.13 525ee7a9 646bf4 h ???????? 001 /phpmyadmin
43c989b.37 525ee7a9 646bf4 h ???????? 001 /phpMyAdmin
43c989b.5e 525ee7a9 646bf4 h ???????? 002 /mysql
43c989b.82 525ee7a9 646bf4 h ???????? 001 /sql
43c989b.ac 525ee7a9 646bf4 h ???????? 001 /myadmin
43c989b.cf 525ee7a9 646bf4 h ???????? 001 /phpMyAdmin-4.2.1-all-languages
43c989b.f7 525ee7a9 646bf4 h ???????? 002 /phpMyAdmin-4.2.1-english
43c989c.1e 525ee7a9 646bf4 h ???????? 001 /xampp/phpmyadmin
43c989c.43 525ee7a9 646bf4 h ???????? 001 /typo3/phpmyadmin
43c989c.6e 525ee7a9 646bf4 h ???????? 001 /webadmin
43c989c.93 525ee7a9 646bf4 h ???????? 002 /Phpmyadmin
43c989d.b8 525ee7a9 646bf4 h ???????? 001 /PhPmyadmin
43c989d.dd 525ee7a9 646bf4 h ???????? 012 /
43c989e.05 525ee7a9 646bf4 h ???????? 001 /sqlite/main.php
43c989e.2d 525ee7a9 646bf4 h ???????? 001 /SQLite/SQLiteManager-1.2.4/main.php
43c989e.51 525ee7a9 646bf4 h ???????? 001 /SQLiteManager-1.2.4/main.php
43c989e.74 525ee7a9 646bf4 h ???????? 001 /sqlitemanager/main.php
43c989e.9a 525ee7a9 646bf4 h ???????? 002 /SQlite/main.php
43c989e.be 525ee7a9 646bf4 h ???????? 005 /SQLiteManager/main.php
43c989e.ea 525ee7a9 646bf4 h ???????? 002 /webdav
43c989f.18 525ee7a9 646bf4 h ???????? 015 /
43c989f.40 525ee7a9 646bf4 h ???????? 020 /
43c98a0.6e 525ee7a9 646bf4 h ???????? 016 /
43c98a0.96 525ee7a9 646bf4 h ???????? 002 //wp-login.php
43c98a0.c1 525ee7a9 646bf4 h ???????? 002 /wordpress/wp-login.php
43c98a1.e5 525ee7a9 646bf4 h ???????? 001 /wp/wp-login.php
43c98a2.11 525ee7a9 646bf4 h ???????? 001 /blog/wp-login.php
43c98a2.37 525ee7a9 646bf4 h ???????? 001 /Wordpress/wp-login.php
43c98a2.61 525ee7a9 646bf4 h ???????? 002 /Blog/wp-login.php
43c9924.f1 d4154206 cc9bbb h ???????? 017 /
43c9997.da 362494ad 433e9c h ???????? 002 /edit/23496001
43c9c15.4f 42f94f3f 043937 s ???????? 003 /wiki/GoogleBase
43c9d67.c8 cf2e0d20 6a88e8 s ???????? 01c /
43ca201.25 36249563 433e9c h ???????? 003 /wiki/BeatriceBaranov
43ca34c.9d 36249418 433e9c h ???????? 006 /wiki/TineMisu
43ca6b0.40 42f94f39 043937 s ???????? 003 /wiki/QuantPuter
43cad28.29 5f6cb561 e4b041 h ???????? 002 /robots.txt
43cad2c.14 5f6cb561 e4b041 h ???????? 013 /
43caf0a.ac 42f94f1c 043937 h ???????? 002 /robots.txt
43caf0b.11 42f94f1a 043937 h ???????? 019 /
43cb1ba.7f 480ec7aa 70a047 h ???????? 001 //rss.rdf
43cb234.3a 36249548 433e9c h ???????? 002 /edit/22326003
43cb286.a2 9d37271b 6a88e8 h ???????? 002 /robots.txt
43cb3b1.63 9d37273d 6a88e8 h ???????? 006 /wiki/MetaBeer
43cb4fa.40 42f94f2e 043937 h ???????? 003 /wiki/ThoughtStorms
43cb7a0.fe bc285186 7dfab1 h ???????? 002 //rss.jsp
43cb7a1.29 bc285186 7dfab1 h ???????? 001 //rss.jsp
43cb9dc.43 36249556 433e9c h ???????? 002 /edit/26676001
43cbc8c.6b bc285186 7dfab1 h ???????? 002 //rss.jsp
43cbc8c.90 bc285186 7dfab1 h ???????? 002 //rss.jsp
43cc157.a7 bc285186 7dfab1 h ???????? 002 //rss.jsp
43cc157.ce bc285186 7dfab1 h ???????? 002 //rss.jsp
43cc162.6d bc285186 7dfab1 h ???????? 002 //rss.jsp
43cc162.97 bc285186 7dfab1 h ???????? 002 //rss.jsp
43cc289.52 36249679 433e9c h ???????? 002 //robots.txt
43cc58b.13 68839370 a8c6c1 h ???????? 015 /
43cc8b9.23 36249521 433e9c h ???????? 002 /edit/22336007
43cd195.58 3624953d 433e9c h ???????? 002 /edit/22486001
43cd7d4.30 42f94f39 043937 s ???????? 003 /wiki/ArtAndBread
43cd84d.f7 3ed2b157 57819b h ???????? 002 //up.php
43cd97e.b1 480ec7aa 70a047 h ???????? 002 //rss.rdf
43cdc6a.09 3624951e 433e9c h ???????? 002 /edit/29146007
43cde66.44 9d372782 6a88e8 h ???????? 011 /
43ce02c.94 bca5e9e4 e3b0c4 h ???????? 002 /robots.txt
43ce02e.b9 bca5e9e4 36ad42 h ???????? 014 /
43ce03c.be 362494ac 433e9c h ???????? 001 /edit/26406001
43ce111.6e bca5c419 e3b0c4 h ???????? 002 /robots.txt
43ce113.95 bca5c419 76fdb3 h ???????? 015 /
43ce1d2.86 5e171ba6 e3b0c4 h ???????? 001 /robots.txt
43ce1d4.ae 5e171ba6 4556ce h ???????? 012 /
43ce3f6.3d 3624950f 433e9c h ???????? 001 /edit/26926003
43ce411.82 9d372712 6a88e8 h ???????? 002 /robots.txt
43ce414.da cf2e0d3e 6a88e8 h ???????? 018 /
43ce567.f8 362494f5 433e9c h ???????? 001 /edit/24416002
43ce5b3.7c 3624954e 433e9c h ???????? 004 /edit/28276002
43cec32.ec 5f6cb561 e4b041 h ???????? 001 /robots.txt
43cec36.d1 5f6cb561 e4b041 h ???????? 01a /
43cedea.0d 253b3780 e3b0c4 h ???????? 003 /robots.txt
43cedec.38 253b3780 0fa94d h ???????? 019 /
43cee16.f1 42f94f1b 043937 s ???????? 001 /robots.txt
43cee17.9d 42f94f1d 622963 s ???????? 012 /
43cee40.23 d8f442e5 2e51d1 h ???????? 001 /robots.txt
43cf154.7a d8f442e5 2e51d1 h ???????? 003 /wiki/LockPresentation
43cf1ae.ef 42f94f95 043937 h ???????? 001 /robots.txt
43cf1af.56 42f94f97 043937 h ???????? 015 /
43cf1c1.a3 42f94f93 043937 h ???????? 015 /feel/10
43cf636.e0 50440ea1 e401be h ???????? 002 /feed
43cfb72.8b bc286647 7dfab1 h ???????? 001 //rss.jsp
43cfb72.ad bc286647 7dfab1 h ???????? 001 //rss.jsp
43cfd8d.81 42f94f2e 043937 h ???????? 003 /wiki/WaldHilsBach
