43601eb.e5 42f941ce 043937 h ???????? 002 /wiki/FurchtloseTausend
43601fd.3a d8f442c6 2e51d1 h ???????? 001 //robots.txt
4360223.e3 42f941ca 043937 h ???????? 002 /wiki/SchwarmIntelligenz
4360254.15 42f941ce 043937 h ???????? 003 /wiki/LuisVonAhn
4360254.f3 42f941ca 043937 h ???????? 002 /wiki/MosesMoses
4360266.d3 42f941ca 043937 h ???????? 002 /wiki/StartupAccelerator
4360272.a3 42f941ce 043937 h ???????? 002 /wiki/RanCanetti
436028d.7e 42f941ca 043937 h ???????? 002 /wiki/SingularLeuchtTurm
43602c2.96 42f941ca 043937 h ???????? 002 /wiki/SchweineMedaillons
43603aa.6a 42f941ca 043937 h ???????? 003 /wiki/[http://www.cs.cmu.edu/~biglou/]
43603b1.7a 42f941ca 043937 h ???????? 002 /wiki/CaptCha
43603b9.4b 42f941ca 043937 h ???????? 005 /wiki/ClickRausch
4360446.f6 4e2e2319 7dfab1 h ???????? 002 //rss.jsp
4360447.20 4e2e2319 7dfab1 h ???????? 002 //rss.jsp
43604c8.18 b29f250b 57819b h ???????? 002 //Edit.jsp
43604d7.a8 42f941ce 043937 h ???????? 003 /wiki/CosOrNot
43604d9.95 42f941ce 043937 h ???????? 002 /wiki/OneTag
43605c3.4f 42f941d0 043937 s ???????? 006 /wiki/ProfDrWasserfuhr
436079c.8c 42f941ce 043937 h ???????? 003 /wiki/HaTa
4360869.df 42f941ce 043937 h ???????? 003 /wiki/DrWasserfuhr
43608e5.10 5774be01 be33ef h ???????? 002 /wp-login.php
43608e5.36 5774be01 be33ef h ???????? 014 /
436093e.3a d945851d 399ff9 h ???????? 002 /robots.txt
4360942.b9 d945851c 399ff9 h ???????? 003 /wiki/BleField
436097b.f1 42f941ce 043937 h ???????? 004 /wiki/DisSertation
4360983.b7 42f941cc 043937 h ???????? 003 /wiki/ErZeug
4360b27.bb 3624948f 433e9c h ???????? 002 /edit/30166002
4360bae.84 42f942d4 043937 s ???????? 003 /wiki/PaulaSternKissinger
4360d03.61 8ac56feb 487ce2 h ???????? 015 /
4360d18.07 8ac56feb 03bc36 h ???????? 002 /robots.txt
4360d1f.a2 8ac56feb 487ce2 s ???????? 0fa /hls
4360d1f.98 8ac56feb 487ce2 s ???????? 144 /ls
4360d20.17 a4843451 eb026b s ???????? 003 /bcHead
4360d1f.9e 8ac56feb 487ce2 s ???????? 1dd /sh
4360d25.e3 8ac56feb 487ce2 s ???????? 002 /AtJs
4360e78.1a 8d088ed6 e4b041 h ???????? 001 /robots.txt
4360e7c.06 8d088ed6 e4b041 h ???????? 001 /robots.txt
43614f8.e6 42f942d2 043937 s ???????? 003 /wiki/NooMic
436151b.27 36c6c6f3 2baa92 h ???????? 015 /
43615a0.9a 42f942c8 043937 h ???????? 003 //wiki/%3Ca%20class=%22blue%22%20href=%22/wiki/NooMic%22%3ENooMic%3C/a%3E
4361859.a5 a4845b03 9295d9 h ???????? 011 /
43618be.ec 42f942ca 043937 h ???????? 002 /wiki/YaMl
43618c4.ce 42f942c8 043937 h ???????? 005 /wiki/EnterPrises
43618c9.5e 42f942c6 043937 h ???????? 001 /wiki/%3Ca%20class=%22blue%22%20href=%22/wiki/TheSingularity%22%3ETheSingularity%3C/a%3E
43618cb.7e 42f942c6 043937 h ???????? 005 /wiki/%3Ca%20class=%22blue%22%20href=%22/wiki/NooPolis%22%3ENooPolis%3C/a%3E
43618cf.d6 42f942c6 043937 h ???????? 002 /wiki/StartUpSimulation
43618dd.e5 42f942c6 043937 h ???????? 001 /wiki/UpperCase
43618ed.be 42f942c6 043937 h ???????? 002 /wiki/FutureNews
43618ff.26 42f942c6 043937 h ???????? 002 /wiki/LifeExtension
4361912.c0 42f942c8 043937 h ???????? 003 /wiki/StringBuilder
4361934.c7 42f942ca 043937 h ???????? 002 /wiki/BufferedReader
436195d.19 42f942c8 043937 h ???????? 002 /wiki/SpaceExploration
436195f.92 42f942c6 043937 h ???????? 002 /wiki/EuLa
4361987.d6 42f942ca 043937 h ???????? 002 /wiki/InputStreamReader
4361ad1.71 b9aa2a12 cc9bbb h ???????? 012 /
4361fca.8d d945851f 399ff9 h ???????? 002 /robots.txt
4361fcc.6e d945851e 399ff9 h ???????? 003 /wiki/ConStitution
4362026.2f 68ecba28 ef60d6 h ???????? 012 /
43620a0.47 0d38e541 c8c944 h ???????? 01d /
43620b0.41 42f942d4 043937 s ???????? 001 /robots.txt
43620b0.71 42f942d4 043937 s ???????? 002 /wiki/MindBau
4362120.e7 36249561 433e9c h ???????? 002 /edit/22306002
43621f6.06 cf2e0d8e 6a88e8 h ???????? 003 /wiki/BluePedia
4362547.74 42f942d0 043937 s ???????? 002 /wiki/UsState
43625a3.b3 bc285186 7dfab1 h ???????? 002 //rss.jsp
43625a3.d8 bc285186 7dfab1 h ???????? 001 //rss.jsp
43625d3.42 2ee5aac5 84603b h ???????? 020 /
43628b1.6f 33ff4771 433e9c h ???????? 007 /wiki/LockSchuppenDe
4362971.40 42f95ccb 70a047 h ???????? 002 //rss.rdf
4362982.ef bc285186 7dfab1 h ???????? 001 //rss.jsp
4362983.21 bc285186 7dfab1 h ???????? 002 //rss.jsp
4362b22.a4 42f942ca 043937 h ???????? 003 /wiki/NaDa
4362dc5.ec 42f942ca 043937 h ???????? 003 /wiki/KigaliInternationalAirport
4362e21.e5 d8f442e3 2e51d1 h ???????? 002 //robots.txt
436307b.ee bc285186 7dfab1 h ???????? 001 //rss.jsp
436307c.10 bc285186 7dfab1 h ???????? 005 //rss.jsp
43630a4.40 bc285186 7dfab1 h ???????? 001 //rss.jsp
43630a4.63 bc285186 7dfab1 h ???????? 002 //rss.jsp
436337b.c2 42f942d0 043937 s ???????? 003 /wiki/WyrdMind
436343c.84 3cbf264d 24f5f0 h ???????? 018 /
43636c0.98 d94585c0 399ff9 h ???????? 002 /robots.txt
43636c8.d8 d945853c 399ff9 h ???????? 003 /wiki/HaSe
436394c.9e 42f942d2 043937 s ???????? 003 /wiki/UnTil2100
4363bc4.ea 42f942ca 043937 h ???????? 002 /wiki/ForEver
4363ce5.af 42f942c6 043937 h ???????? 003 /wiki/FbId
4363f88.c1 36249561 433e9c h ???????? 002 /edit/27356001
4364078.32 d8f442fa 2e51d1 h ???????? 002 /robots.txt
4364078.6c d8f442fa 2e51d1 h ???????? 001 //robots.txt
436422b.af cf2e0dc8 6a88e8 h ???????? 002 //robots.txt
43642c2.76 d906e5e6 5ec1d2 h ???????? 014 /
43642c2.f6 d906e5e6 5ec1d2 h ???????? 002 /favicon.ico
4364489.34 36249414 433e9c h ???????? 01a /edit/18796001
43645e8.fb cf2e0d20 6a88e8 s ???????? 014 /
4364691.79 c61b5090 e3b0c4 h ???????? 00b /robots.txt
4364693.f2 c61b5090 f7800e h ???????? 014 /
4364716.40 b9dc651d 77f49e h ???????? 014 /
4364718.e1 362494ef 433e9c h ???????? 008 /wiki/JfSchlinck
43648ba.fc bca5e922 e3b0c4 h ???????? 002 /robots.txt
43648bd.29 bca5e922 1200b3 h ???????? 019 /
4364956.d5 44b4e59c aec21f h ???????? 007 /wiki/AtemZuege
43649a4.71 42f942d4 043937 s ???????? 003 /wiki/SemanticMind
43649bf.65 5e171ba6 e3b0c4 h ???????? 002 /robots.txt
43649c1.8c 5e171ba6 4556ce h ???????? 01b /
4364aab.bb 284da784 6a88e8 h ???????? 003 /wiki/FutureMap
4364c09.dc 5e6631c1 a397c6 h ???????? 023 /
4364c24.97 5e6631c1 45a6bf h ???????? 002 /favicon.ico
4364ea8.b4 42f942ca 043937 h ???????? 003 /wiki/MuRi
4364f83.49 d8f442c7 2e51d1 h ???????? 002 /robots.txt
43651b9.6e d8f442c6 2e51d1 h ???????? 001 //robots.txt
4365276.44 42f95cc9 70a047 h ???????? 002 //rss.rdf
4365668.7c 9d372730 6a88e8 s ???????? 007 /robots.txt
436566c.89 cf2e0d8e 6a88e8 s ???????? 01f /
4365673.c8 253b3780 e3b0c4 h ???????? 002 /robots.txt
4365675.f2 253b3780 0fa94d h ???????? 015 /
4365831.0f 5cf7b508 0f83be h ???????? 002 //rss.rdf
4365db2.32 d8f442c7 2e51d1 h ???????? 007 /robots.txt
436606b.e9 42f942ca 043937 h ???????? 004 /wiki/FurchtloseMillion
4366294.71 42f942c8 043937 h ???????? 002 /wiki/TrueMan
4366417.e4 3e8a0019 6de661 h ???????? 005 //robots.txt
4366626.20 b44c0f1e a04d28 h ???????? 003 /BollekeFarm
4366929.62 d8f442c7 2e51d1 h ???????? 008 /wiki/LockSchuppenBusinessPlan
436695a.0b 42f942d2 043937 s ???????? 002 /wiki/ChemicalAbstractMachine
4366a2f.bb 3e8a0019 6de661 h ???????? 003 //robots.txt
4366a31.27 3e8a0019 6de661 h ???????? 002 //wiki/LockSchuppen
4366a68.71 bc286647 7dfab1 h ???????? 001 //rss.jsp
4366a68.8f bc286647 7dfab1 h ???????? 004 //rss.jsp
4366bb3.3a b44c0fa2 a04d28 h ???????? 002 /wiki/PieschenTv
4366d2b.33 42f942ca 043937 h ???????? 003 /wiki/GerardBoudol
4366fdd.2a cf2e0d4c 6a88e8 h ???????? 001 /robots.txt
4366fe7.c4 9d37277a 6a88e8 h ???????? 025 /
436722e.bc 42f942c8 043937 h ???????? 007 /wiki/MiniaturWunderland
43672c2.48 42f942d2 043937 s ???????? 003 /wiki/AnalSex
43673e5.c7 42f942d4 043937 s ???????? 002 /wiki/NeuMarkt
4367401.2e 42f942c6 043937 h ???????? 002 /wiki/DasNetz
43679ad.9a 42f95cc7 70a047 h ???????? 002 //rss.rdf
4367b15.ef 36249496 433e9c h ???????? 003 /edit/23596002
4367e7e.2e 42f942d0 043937 s ???????? 003 /wiki/GameOver
4367f68.c7 9d372760 6a88e8 h ???????? 004 /wiki/KabiNett
4367fa2.8f 42f942d4 043937 s ???????? 006 /wiki/OkkamOrg
43682c1.f2 b44c0f0d a04d28 h ???????? 012 /
43683f1.cd 42f942c8 043937 h ???????? 002 /wiki/HaraldMeyerAufmHofe
4368450.1c 42f942d0 043937 s ???????? 002 /wiki/RoMa
4368588.46 42f942d2 043937 s ???????? 003 /wiki/CitiZens
43686e8.d0 42f942ca 043937 h ???????? 003 /wiki/AnLicht
43687c1.6b 42f942d2 043937 s ???????? 003 /wiki/NieWieder
436893a.36 42f942c6 043937 h ???????? 003 /wiki/NieWieder
436911a.21 42f942d0 043937 s ???????? 002 /wiki/NooMicClj
4369167.19 42f942c6 043937 h ???????? 002 /wiki/SiSanien
436950d.b5 42f942ca 043937 h ???????? 002 /wiki/AnnoDomini1995
43695ba.4e 42f942c6 043937 h ???????? 003 /wiki/FriedrichHoelderlin
436987d.20 42f942c8 043937 h ???????? 002 /wiki/SchweineMedaillons
43699f6.84 42f942ca 043937 h ???????? 003 //wiki/%3Ca%20class=%22blue%22%20href=%22/wiki/StartUpSaxony%22%3EStartUpSaxony%3C/a%3E
4369cd8.36 42f942d0 043937 s ???????? 003 /wiki/BlueBrain
4369e5e.66 42f942d4 043937 s ???????? 003 /wiki/FutureGames
436a008.28 3f8de19c 6c4865 h ???????? 012 /
436a0ad.17 42f942c8 043937 h ???????? 004 /StarTime
436a4a2.7d 42f95cc7 70a047 h ???????? 002 //rss.rdf
436a778.1c 42f942ca 043937 h ???????? 001 /robots.txt
436a778.67 42f942c8 043937 h ???????? 003 /wiki/LockSchuppenBausteln
436a7b3.16 42f942d2 043937 s ???????? 002 /wiki/MindScholar
436a805.e5 42f942ca 043937 h ???????? 002 /up
436a85f.e8 b9813e3f cc9bbb h ???????? 016 /
436a87e.6d 4a7d4c21 55c2cd h ???????? 002 //rss.rdf
436a8fd.42 b44c0fa1 fa643b h ???????? 002 /crush
436a8fd.42 b44c0f16 fa643b h ???????? 004 /crush
436a943.18 b44c0fa1 a04d28 h ???????? 001 /crush
436af31.ae 0d38e541 c8c944 h ???????? 018 /
436afa8.d0 42f942d2 043937 s ???????? 002 /wiki/%22%20wikiName%20%22
436b21d.f6 42f942c6 043937 h ???????? 002 /wiki/LastWill
436b6a2.0a cf2e0d83 6a88e8 h ???????? 003 /wiki/DaveWiner
436b742.e5 8ac56f35 487ce2 h ???????? 01a /
436b93b.10 42f942d4 043937 s ???????? 005 /AlphaWeek
436b943.24 3624947c 433e9c h ???????? 002 /wiki/TeufelsPakt
436bb68.46 42f942d0 043937 s ???????? 003 /wiki/PieschenMediaGroup
436bdb7.22 42f942d0 043937 s ???????? 002 /wiki/AndreasStuhlmueller
436c0a3.e8 42f942ca 043937 h ???????? 003 //wiki/MindSkill
436c1ad.23 b44c0f11 a04d28 h ???????? 003 /wiki/UniCode
436c330.a1 cf2e0d8e 6a88e8 s ???????? 018 /
436c477.01 403efca3 b5eaf4 h ???????? 003 /robots.txt
436c4dd.c7 42f942d0 043937 s ???????? 002 /wiki/DuBai
436c97d.3b b44c0f1d a04d28 h ???????? 01a /
436cafd.c3 42f942c6 043937 h ???????? 003 /wiki/HeinerMuellerMerbach
436ce75.e0 42f95ccb 70a047 h ???????? 002 //rss.rdf
436d008.d6 8b9fea22 aaa5a7 h ???????? 002 /manager/html
436d403.d3 42f942d4 043937 s ???????? 006 /wiki/MrPlato
436d408.b9 36d31567 12df02 h ???????? 005 /robots.txt
436d417.f3 36d31567 0ae858 h ???????? 001 /robots.txt
436d80d.eb 36a1fd6a 12df02 h ???????? 002 /robots.txt
436d829.8b 36a1fd6a 0ae858 h ???????? 001 /robots.txt
436da19.87 284da7b4 6a88e8 h ???????? 014 /
436dc08.ed 3624954e 433e9c h ???????? 002 /edit/25146003
436dc35.16 42f942d2 043937 s ???????? 003 /wiki/MindPath
436dc77.79 d5abdc98 a95ea1 h ???????? 001 //rss.rdf
436dc79.22 32034879 8e0e7d h ???????? 002 //rss.rdf
436dc7e.f5 3624941b 433e9c h ???????? 006 /edit/27956001
436dcc0.ab 42f942c6 043937 h ???????? 003 /wiki/FurchtloseZehntausend
436dd6a.c3 42f942d0 043937 s ???????? 004 /wiki/PentaCon
436ec96.82 42f942d4 043937 s ???????? 003 /wiki/ProPortio
436ed19.6a 3624952c 433e9c h ???????? 002 /edit/5016001
436ed2d.5a 5f6cb561 e4b041 h ???????? 003 /robots.txt
436ed31.40 5f6cb561 e4b041 h ???????? 024 /
436ee6e.cb 3cbf264d 24f5f0 s ???????? 015 /
436ee83.ab 42f942c8 043937 h ???????? 003 /wiki/WikiDrivenDevelopment
436ef3a.2c 42f95d2a 3e1e22 h ???????? 016 /
436ef3a.8c 42f95d28 3e1e22 h ???????? 001 /favicon.ico
436f078.16 42f9581c 002725 h ???????? 004 /favicon.ico
436f152.80 362494c8 433e9c h ???????? 001 /love/3b
436f193.c9 cf2e0d20 6a88e8 s ???????? 011 /
436f2e6.0c d8f442c7 2e51d1 h ???????? 001 /robots.txt
436f6dc.1b 42f95ccb 70a047 h ???????? 001 //rss.rdf
436f80e.4e a4843451 eb026b s ???????? 001 /bcHead
436f80e.1a d8f442c7 2e51d1 h ???????? 0cc /sh
436f854.d5 42f942d4 043937 s ???????? 002 /wiki/SibelAdali
436f907.27 284da7b4 6a88e8 h ???????? 003 /wiki/HappyBirthdayQ2
436fbbd.e6 42f942d2 043937 s ???????? 005 /wiki/FirstMover
436fbf6.86 d18d2b2a cc9bbb h ???????? 011 /
436fc07.5e 894a72a3 deed9c h ???????? 00f /
