4390270.9a ac686c6d 1066b4 h ???????? 011 /
4390340.9d 2e6964b7 e3b0c4 h ???????? 002 /robots.txt
4390342.be 2e6964b7 9e065f h ???????? 016 /
4390556.8c 36249564 433e9c h ???????? 001 /edit/28436001
43909ba.bb cf2e0dc8 6a88e8 h ???????? 001 //robots.txt
4390acd.2d bc286647 7dfab1 h ???????? 002 //rss.jsp
4390acd.4f bc286647 7dfab1 h ???????? 002 //rss.jsp
4390c5c.bf 42f94570 043937 s ???????? 002 /wiki/HBaseAdmin
4390d8e.ae bca5c419 e3b0c4 h ???????? 001 /robots.txt
4390d90.d1 bca5c419 76fdb3 h ???????? 015 /
4390e7b.11 426608c8 70a047 h ???????? 005 //rss.rdf
4391248.2a d9458554 399ff9 h ???????? 002 /robots.txt
439124e.ae d9458543 399ff9 h ???????? 003 /wiki/ApmTla
4391253.50 d94585d8 399ff9 h ???????? 009 /wiki/FzKh
4391259.8b d94585da 399ff9 h ???????? 003 /wiki/DaHo
439125f.a2 d9458543 399ff9 h ???????? 001 /base
4391265.9d d94585d9 399ff9 h ???????? 002 /wiki/LockSchuppenDe
439126b.cc d94585d9 399ff9 h ???????? 002 /wiki/BleibMir
4391271.57 d94585d7 399ff9 h ???????? 002 /wiki/WelCome
43914b5.e2 42f94566 043937 h ???????? 003 /wiki/HvW
43916f1.fb 9d372771 6a88e8 h ???????? 002 /wiki/EvanEhrenberg
439170b.05 6baac652 ef60d6 h ???????? 016 /
4391819.c3 42f94574 043937 s ???????? 002 /wiki/RobertScoble
439195f.38 42f9456a 622963 h ???????? 002 /film
4391987.87 44b4e59c aec21f s ???????? 001 /robots.txt
4391988.7d 44b4e59c aec21f s ???????? 002 /up
4391c35.ae 42f94566 043937 h ???????? 001 /robots.txt
4391cb7.31 44b4e59c aec21f h ???????? 018 /
4391cca.28 42f94566 622963 h ???????? 005 /earth
4391d55.36 42f9456a 043937 h ???????? 014 /
439211b.08 36249415 433e9c h ???????? 002 /edit/7446001
4392542.3b 42f9456a 043937 h ???????? 003 /wiki/IsWc
4392630.47 42f94574 043937 s ???????? 002 /wiki/SpaceLift
43927c6.76 d94585da 399ff9 h ???????? 002 /robots.txt
43927d3.41 d9458543 399ff9 h ???????? 002 /wiki/LiebeEin
43927d8.da d94585d7 399ff9 h ???????? 003 /wiki/InVent
43927de.4b d94585db 399ff9 h ???????? 003 /wiki/PartOf
43927e4.51 d9458543 399ff9 h ???????? 002 /wiki/SaiXai
43927e9.ff d9458555 399ff9 h ???????? 003 /wiki/AnSa
43927ef.ad d94585d9 399ff9 h ???????? 003 /wiki/RootHandler
43927f4.ed d9458554 399ff9 h ???????? 002 /wiki/AntiPotemkin
43927fa.30 d9458554 399ff9 h ???????? 003 /wiki/TeTe
4392b96.5b 362494a7 433e9c h ???????? 003 /wiki/VerTrag
4392c01.72 42f94570 043937 s ???????? 002 /wiki/WackenmuehlStrasse
4392c43.90 44b4e59c aec21f s ???????? 003 /wiki/AlleAugenLeben
4392ca1.40 42f94566 043937 h ???????? 002 /ydjrzuxkdk.html
4392d05.28 403efca3 b5eaf4 h ???????? 001 /robots.txt
4392d05.72 403efca3 b5eaf4 h ???????? 003 /feed
4392d0f.d9 403efca3 b5eaf4 h ???????? 019 /love/1e
4392d32.b8 42f94572 043937 s ???????? 003 /wiki/HerrMuehlchen
4392ea5.f6 cf2e0d8e 6a88e8 h ???????? 002 /robots.txt
4393086.58 57fae0d5 e4b041 s ???????? 002 /robots.txt
439308a.16 57fae0d5 e4b041 s ???????? 014 /
4393769.32 9d372730 6a88e8 s ???????? 002 /robots.txt
439376d.66 cf2e0d8e 6a88e8 s ???????? 01c /
43937ec.6e 42f94568 043937 h ???????? 003 /wiki/YvSc
43938f2.64 42f9572b 70a047 h ???????? 002 //rss.rdf
4393a17.d4 c2bbaa7d ac35e0 h ???????? 003 /robots.txt
4393cd5.3e 36249520 433e9c h ???????? 002 /edit/23706002
4393cdb.16 362494b0 433e9c h ???????? 002 /edit/30896008
4393d62.df d94585d9 399ff9 h ???????? 002 /robots.txt
4393d6d.f9 d94585d8 399ff9 h ???????? 009 /wiki/RoHaZoo
4393d72.ef d94585d7 399ff9 h ???????? 003 /wiki/285001
4393d78.91 d94585d7 399ff9 h ???????? 003 /wiki/WikiWall
4393d7d.fb d94585d9 399ff9 h ???????? 006 /wiki/AltTraktor
4393d83.62 d94585d9 399ff9 h ???????? 003 /wiki/OurFuture
4393d88.80 d94585db 399ff9 h ???????? 001 /wiki/JanNis
4393d8d.58 d94585d8 399ff9 h ???????? 001 /wiki/HaBaKi
4393d92.6f d9458543 399ff9 h ???????? 002 /wiki/WebChat
4393d96.e7 d9458554 399ff9 h ???????? 001 /wiki/FandWitCh
4394081.e0 42f94566 622963 h ???????? 001 /base
439448e.ab 5f2dfc06 4babed h ???????? 00f /
43944a1.73 5f2dfc06 4babed s ???????? 073 /ls
43944b8.e3 a4843451 eb026b s ???????? 002 /bcHead
43944b8.b2 5f2dfc06 4babed s ???????? 0c4 /sh
43944c2.93 5f2dfc06 4babed h ???????? 002 /wiki/GottfriedWilhelmLeibniz
43944d0.b8 5f2dfc06 4babed s ???????? 053 /hls
43944e4.43 5f2dfc06 4babed h ???????? 002 /wiki/AlanTuring
4394533.b2 42f9456a 622963 h ???????? 002 /go
43945a7.af 36249470 433e9c h ???????? 001 /edit/22266003
4394646.0e 42f9456a 043937 h ???????? 004 //robots.txt
4394661.9a 42f94566 043937 h ???????? 015 /
43948c8.5f 42f94566 043937 h ???????? 002 /wiki/AiIp
4394933.94 58c600a3 c37fd8 h ???????? 001 /robots.txt
4394936.a9 58c600a3 c37fd8 h ???????? 015 /
4394937.96 58c600a3 c37fd8 h ???????? 001 /robots.txt
439493a.79 58c600a3 c37fd8 h ???????? 019 /
439493b.65 58c600a3 c37fd8 h ???????? 001 /robots.txt
439493e.6e 58c600a3 c37fd8 h ???????? 023 /
4395164.3a b44c0f88 fa643b h ???????? 009 /robots.txt
4395164.3d b44c0f98 fa643b h ???????? 001 /robots.txt
43951c7.e0 9d37271b 6a88e8 h ???????? 002 /robots.txt
43951e1.48 b44c0f18 a04d28 h ???????? 002 /wiki/LockSchuppen
4395290.f9 42f94566 043937 h ???????? 001 /system/robots.txt
4395291.a3 42f94568 043937 h ???????? 001 /robots.txt
43952e9.53 d94585d8 399ff9 h ???????? 001 /robots.txt
43952ee.18 d9458543 399ff9 h ???????? 003 /wiki/FreeSlots
43952f2.b4 d94585d7 399ff9 h ???????? 002 /wiki/HaTo
43952f8.29 d94585db 399ff9 h ???????? 002 /crush
43952fe.80 d94585db 399ff9 h ???????? 003 /wiki/FzMk
4395305.07 d94585d9 399ff9 h ???????? 002 /wiki/LiebeMachte
439530b.58 d9458543 399ff9 h ???????? 002 /wiki/FaustFrage
4395311.80 d94585d7 399ff9 h ???????? 002 /wiki/MaxWeber
4395318.49 d94585d7 399ff9 h ???????? 002 /wiki/LifeDay16181
4395404.29 44b4e59c aec21f s ???????? 002 /robots.txt
4395405.16 44b4e59c aec21f s ???????? 002 /wiki/InnBankSe
43954b9.7c cf2e0d68 6a88e8 h ???????? 021 /
4395779.b4 42f94568 622963 h ???????? 001 /t
4395966.a7 68ec6653 487ce2 h ???????? 017 /
4395978.4c 68ec6653 3f7fe2 h ???????? 006 /robots.txt
439598e.8d 68ec6653 487ce2 s ???????? 091 /hls
439598e.f1 a4843451 eb026b s ???????? 002 /bcHead
439598e.a1 68ec6653 487ce2 s ???????? 13e /sh
4395990.2f 68ec6653 487ce2 s ???????? 001 /AtJs
4395a8b.75 42f94568 043937 h ???????? 003 /wiki/FiRa
4395ea8.53 23bb8415 71f2b9 s ???????? 003 /bcHead
4395eab.ff 23bb8413 71f2b9 s ???????? 011 /put/3d596f75724361726435346339383535320a48616c6c6f2c2064696573206973742065696e205a657474656c4b617374656e2e204f62656e206b616e6e73742044752064656e204e616d656e20646573205a657474656c732065696e676562656e2e0a0a4d69742065696e6572207370657a69656c6c656e204d61676965206e616d656e7320c2bb43616d656c43617365c2ab20656e7473746568656e204c696e6b732061756620616e64657265205a657474656c2e2050726f62696572206573206175733a20536368726569622065696e20576f72742c2064617320696d20576f7274696e6e6572656e206d696e64657374656e732065696e656e20776569746572656e2047726f73736275636873746162656e206861742c20646572206162657220766f6e204b6c65696e6275636873746162656e2062656e61636862617274206973743a20
43961f2.81 42f9572b 70a047 h ???????? 002 //rss.rdf
4396310.53 36c6874d 590f55 h ???????? 017 /
439655b.b7 42f94566 043937 h ???????? 019 /
43966e4.f1 4a7d4c23 55c2cd h ???????? 001 //rss.rdf
439685b.b7 d9458554 399ff9 h ???????? 001 /robots.txt
4396862.db d94585d7 399ff9 h ???????? 003 /wiki/TouchOs
4396867.0a d9458554 399ff9 h ???????? 002 /wiki/DiNe
439686c.4d d94585d7 399ff9 h ???????? 002 /wiki/LifeDay
4396875.a7 d9458543 399ff9 h ???????? 002 /wiki/GlasBier
4396879.c7 58c617b3 c37fd8 h ???????? 002 //robots.txt
439687b.da d94585da 399ff9 h ???????? 002 /wiki/BoNyx
439687c.d7 58c617b3 c37fd8 h ???????? 002 //wiki/MindPost
4396881.7b d94585d7 399ff9 h ???????? 002 /wiki/AmTor
4396886.cd d9458555 399ff9 h ???????? 003 /wiki/EndMontage
439688d.0d d9458554 399ff9 h ???????? 001 /NoOs
4396892.56 d9458555 399ff9 h ???????? 002 /wiki/RetTla
4396897.3d d9458554 399ff9 h ???????? 002 /wiki/CitiZen
439689b.f5 d94585d9 399ff9 h ???????? 003 /wiki/FutureLab2056
43968a0.ab d94585d9 399ff9 h ???????? 002 /wiki/CommunityWiki
43968a5.42 d9458554 399ff9 h ???????? 003 /wiki/NeuMarkt
43968a9.50 d9458554 399ff9 h ???????? 003 /wiki/GeFab
43968cc.d6 0585b70e 161c85 h ???????? 002 //rss.rdf
4396c79.49 cf2e0d20 6a88e8 s ???????? 014 /
439723f.76 42f94568 043937 h ???????? 002 /system
43972df.85 42f9456a 043937 h ???????? 003 /wiki/OneToThree
43973b2.e7 42f9456a 043937 h ???????? 002 /base/robots.txt
4397413.d5 42f94572 043937 s ???????? 003 /wiki/SluBuehne
439742b.3c 42f94572 043937 s ???????? 002 /wiki/NovaMente
439742e.36 42f94574 043937 s ???????? 002 /wiki/ActivDreaming
4397438.2f 42f94570 043937 s ???????? 003 /wiki/WehMut
4397443.98 42f94570 043937 s ???????? 003 /wiki/PodCatcher
439744a.76 42f94570 043937 s ???????? 003 /wiki/InTro
4397454.cb 42f94570 043937 s ???????? 003 /wiki/EsQuire
4397463.11 42f94570 043937 s ???????? 003 /wiki/OvalOffice
439746b.ee 42f9456a 043937 h ???????? 002 /wiki/ShaThree
4397478.30 42f94572 043937 s ???????? 003 /wiki/BeinUndZeit
4397483.0f 42f94570 043937 s ???????? 003 /wiki/PodcastReader
4397490.b7 42f94570 043937 s ???????? 002 /wiki/FreudeSchoenerGoetterfunken
4397537.0d 42f94572 043937 s ???????? 002 /wiki/ContentType
4397538.7d 42f94572 043937 s ???????? 002 /wiki/OnlineAccount
439753a.26 42f94574 043937 s ???????? 001 /wiki/GeorgeWBush
439753c.09 42f94572 043937 s ???????? 001 /wiki/BaFoeg
439753c.7a 42f94572 043937 s ???????? 002 /wiki/KomMunikation
439753f.0a 42f94570 043937 s ???????? 002 /wiki/JournalIsmus
439756f.71 42f94572 043937 s ???????? 002 /wiki/FantasticMan
4397579.a5 42f94568 043937 h ???????? 002 /wiki/GuidoBertoni
4397585.dd 42f94566 043937 h ???????? 002 /wiki/BouncyCastle
439759b.23 42f9456a 043937 h ???????? 002 /wiki/MichaelPeeters
43975b8.5c 42f94566 043937 h ???????? 002 /wiki/GillesVanAssche
43975c7.b6 7a605db5 53f294 h ???????? 001 //favicon.ico
43975e1.03 05093d6f c37fd8 h ???????? 001 /robots.txt
43975e2.a4 05093d6f c37fd8 h ???????? 006 //wiki/MindPost
43975e7.82 05093d6f c37fd8 h ???????? 002 /wiki/WaldSchloesschen
439762d.11 42f94574 043937 s ???????? 002 /wiki/ProMille
43977c1.9a 42f94574 043937 s ???????? 002 /wiki/MacBookUnibody
4397919.76 42f94572 043937 s ???????? 003 /wiki/DesignVorschlag
4397b32.05 42f94568 622963 h ???????? 014 /
4397c95.e6 9d372730 6a88e8 s ???????? 001 /robots.txt
4397c97.ca 9d3727b3 6a88e8 s ???????? 016 /
4397d40.3d 42f94570 043937 s ???????? 005 /wiki/RainerWasserfuhr2029
4397d55.5f 284da7c3 6a88e8 h ???????? 009 /wiki/MindBroker
4397de9.98 d94585d8 399ff9 h ???????? 006 /robots.txt
4397df4.aa d94585d7 399ff9 h ???????? 002 /now
4397dfb.4d d9458555 399ff9 h ???????? 002 /wiki/AdHen
4397e03.00 d9458543 399ff9 h ???????? 003 /wiki/HechtRunde
4397e09.9a d9458554 399ff9 h ???????? 002 /wiki/SeaNation
4397e10.04 d94585d8 399ff9 h ???????? 002 /wiki/FzKh
4397e12.59 42f94568 043937 h ???????? 002 /wiki/LockTeam
4397e15.d9 d94585da 399ff9 h ???????? 002 /wiki/SingularityUniversity
4397e1b.e0 d9458543 399ff9 h ???????? 002 /wiki/GrillStuebel
4397e21.be d94585da 399ff9 h ???????? 002 /wiki/InVent
4397e38.80 42f94572 043937 s ???????? 002 /wiki/RainerWasserfuhrWuenschtSich
4397f22.1b 42f94572 043937 s ???????? 002 /wiki/FamWis02
4398078.54 42f94574 043937 s ???????? 003 /wiki/AnBieter
439821d.59 42f94574 043937 s ???????? 002 /wiki/JahresEnde
4398220.ef 42f94574 043937 s ???????? 002 /wiki/RevisionsSicher
439824d.53 36249549 433e9c h ???????? 001 /edit/30946002
4398307.ac 42f94570 043937 s ???????? 005 /wiki/WikiBoysZwo
43983e6.91 42f94570 043937 s ???????? 002 /wiki/NorbertRost
43983e7.87 42f94572 043937 s ???????? 002 /wiki/LockSchuppenTalk
43984af.5a 3e8a0019 6de661 h ???????? 003 //robots.txt
4398511.c8 42f94572 043937 s ???????? 006 /wiki/RomAn
4398514.94 42f94572 043937 s ???????? 002 /wiki/ViJa
439863c.34 42f94570 043937 s ???????? 003 /wiki/CoE
4398679.1d 42f9456a 622963 h ???????? 002 /wiki/GitCoin
4398768.b4 42f94570 043937 s ???????? 002 /wiki/AoP
4398895.af 42f94570 043937 s ???????? 003 /wiki/HaXe
43988a0.d6 42f94570 043937 s ???????? 002 /wiki/IoB
4398915.a1 42f95727 70a047 h ???????? 002 //rss.rdf
43989c8.43 42f94572 043937 s ???????? 003 /wiki/ReST
4398aee.9a 42f94574 043937 s ???????? 003 /wiki/OfLaw
4398c15.4c 42f94574 043937 s ???????? 002 /wiki/SeSAm
4398c16.44 42f94572 043937 s ???????? 002 /wiki/DiyIt
4398d4c.0e 42f94572 043937 s ???????? 002 /wiki/OnWar
4398e6d.80 42f94574 043937 s ???????? 007 /wiki/NoSQL
4398f9d.81 42f94572 043937 s ???????? 002 /wiki/MoMus
4398fd5.4e 42f9456a 043937 h ???????? 003 /wiki/MindRoom
4399099.58 42f94566 622963 h ???????? 002 /film
4399115.c1 42f94572 043937 s ???????? 002 /wiki/OnLaw
43991f4.23 42f94572 043937 s ???????? 003 /wiki/OnSun
4399322.3a 42f94572 043937 s ???????? 003 /wiki/ArxTa
439934d.d7 d94585db 399ff9 h ???????? 002 /robots.txt
4399358.4a d9458554 399ff9 h ???????? 003 /wiki/StFr
439935d.1d d94585d9 399ff9 h ???????? 002 /wiki/LockSchuppenDe
4399360.18 059f035f 55f5b7 s ???????? 013 /
4399362.4b d94585d7 399ff9 h ???????? 001 /NoOs
4399368.25 d94585d9 399ff9 h ???????? 002 /wiki/MaxWeber
439936e.7f d94585d7 399ff9 h ???????? 001 /cast/
4399374.3c d94585d8 399ff9 h ???????? 003 /wiki/BestHash
4399379.fd d9458554 399ff9 h ???????? 002 /wiki/HaSt
4399380.45 d9458543 399ff9 h ???????? 003 /wiki/MindMark
4399385.e7 d9458554 399ff9 h ???????? 001 /wiki
439938b.40 d94585db 399ff9 h ???????? 003 /wiki/RetTla
439957e.70 42f94572 043937 s ???????? 004 /wiki/TheHub
43995fd.53 cf2e0d4c 6a88e8 h ???????? 001 /robots.txt
4399600.0d 9d37275b 6a88e8 h ???????? 018 /
4399693.b5 9d3727b3 6a88e8 h ???????? 002 /wiki/ConnyGrotsch
43996a8.7b 42f94570 043937 s ???????? 002 /wiki/OnRace
43996eb.1e 3e8a0019 6de661 h ???????? 001 //robots.txt
43996ef.c6 3e8a0019 6de661 h ???????? 013 /
4399a8f.24 a2d8e39d 4ac579 h ???????? 002 //rss.rdf
4399abd.e0 42f9456a 043937 h ???????? 001 /OnTime
4399ad6.88 42f94566 043937 h ???????? 001 /base
4399c15.81 9d37278d 6a88e8 h ???????? 016 /
4399db1.a6 42f94570 043937 s ???????? 002 /wiki/OnFood
4399ed1.fc 42f94572 043937 s ???????? 002 /wiki/OnSpam
439a197.39 42f94568 043937 h ???????? 002 /wiki/NicoZorn
439a260.1b 42f94572 043937 s ???????? 002 /wiki/OnEBay
439a269.42 42f94570 043937 s ???????? 003 /wiki/NoLogo
439a283.4c 57fae0d6 e4b041 h ???????? 001 /robots.txt
439a287.16 57fae0d6 e4b041 h ???????? 015 /
439a40a.1c 7a605db5 53f294 h ???????? 002 //favicon.ico
439a5db.68 42f9456a 043937 h ???????? 002 /film
439a5dc.9d 42f94570 043937 s ???????? 002 /wiki/SynWeb
439a897.c5 57fae0d5 e4b041 h ???????? 002 /robots.txt
439a89b.a3 57fae0d5 e4b041 h ???????? 019 /
439a8db.ac d9458554 399ff9 h ???????? 001 /robots.txt
439a8e4.1e d94585d8 399ff9 h ???????? 002 /wiki/ReDo
439a8e8.cf d94585d9 399ff9 h ???????? 002 /wiki/AtemLos
439a8ed.d3 d94585db 399ff9 h ???????? 002 /wiki/GeFab
439a8f4.d4 d94585d8 399ff9 h ???????? 001 /SamenLotto
439a8fb.3b d9458555 399ff9 h ???????? 002 /wiki/SoBist
439a902.31 d9458555 399ff9 h ???????? 001 /crush
439a907.43 d94585d7 399ff9 h ???????? 002 /wiki/DampfWalzer
439a90c.67 d94585d8 399ff9 h ???????? 002 /wiki/EtAl
439a96c.7d 42f94574 043937 s ???????? 003 /wiki/OnCoal
439b00e.90 42f95727 70a047 h ???????? 001 //rss.rdf
439b04e.f8 42f94570 043937 s ???????? 003 /wiki/OnRisk
439b070.3f 42f94572 043937 s ???????? 002 /wiki/TxtKit
439b179.90 42f94570 043937 s ???????? 006 /wiki/GoJoMo
439b30e.e6 42f94572 043937 s ???????? 003 /wiki/WhatWG
439b35b.23 42f94568 043937 h ???????? 003 /wiki/BankRaub
439b3e1.9c 42f94568 043937 h ???????? 013 /
439b775.4d 42f94574 043937 s ???????? 002 /wiki/ReadIt
439b939.a0 8dd47a20 ef60d6 h ???????? 013 /
439bc39.fb 42f94566 043937 h ???????? 003 /wiki/AtemZuege
439be17.f5 42f95168 002725 h ???????? 001 /favicon.ico
439be57.8d d94585da 399ff9 h ???????? 005 /robots.txt
439be61.3a d94585db 399ff9 h ???????? 002 /wiki/PartOf
439be66.87 d94585d8 399ff9 h ???????? 002 /wiki/ChenLen
439be6b.f7 d94585db 399ff9 h ???????? 002 /wiki/RalfLippold
439be71.8b d9458543 399ff9 h ???????? 003 /wiki/JanNis
439be77.18 d94585d8 399ff9 h ???????? 002 /wiki/MindPrize
439be7c.9a d94585d7 399ff9 h ???????? 002 /wiki/DigitalTwin
439be82.72 d94585db 399ff9 h ???????? 002 /wiki/516001
439be87.e4 d94585d7 399ff9 h ???????? 002 /wiki/EndMontage
439be8d.d4 d94585db 399ff9 h ???????? 003 /wiki/GooWiki
439be93.d6 d94585d9 399ff9 h ???????? 002 /edit
439be99.62 d9458554 399ff9 h ???????? 002 /wiki/AltTraktor
439be9f.7e d9458555 399ff9 h ???????? 001 /tv
439bea4.5f d94585db 399ff9 h ???????? 002 /wiki/FutureLab2056
439bea8.77 d94585d7 399ff9 h ???????? 003 /wiki/ThreeMai
439beac.fb d94585db 399ff9 h ???????? 002 /wiki/HaUndEm
439bf6e.74 d8f442e3 2e51d1 h ???????? 002 //robots.txt
439bfeb.a9 42f94568 043937 h ???????? 002 /wiki/ProtoCol
439c369.ae 42f94566 043937 h ???????? 003 /wiki/PechaKucha
439c51d.85 42f94568 043937 h ???????? 003 /wiki/IsKo
439c928.7d 42f94568 043937 h ???????? 002 /hot/robots.txt
439ca38.69 42f94574 043937 s ???????? 003 /wiki/UbiComp
439ce6f.5f 42f9456a 043937 h ???????? 003 /robots.txt
439d141.3d 42f94566 622963 h ???????? 001 /go
439d14a.3c 4428f254 be10e4 h ???????? 018 /
439d14b.1f 4428f254 be10e4 h ???????? 001 /favicon.ico
439d22f.3a 2d37031b ef60d6 h ???????? 013 /
439d394.e6 5f6cb561 e4b041 h ???????? 002 /robots.txt
439d395.47 8d088e6f e4b041 s ???????? 002 /robots.txt
439d398.da 5f6cb561 e4b041 h ???????? 01d /
439d399.13 8d088e6f e4b041 s ???????? 01a /
439d3d6.ec 5f6cb561 e4b041 h ???????? 014 /
439d3de.91 d94585db 399ff9 h ???????? 002 /robots.txt
439d3e9.de d94585d9 399ff9 h ???????? 002 /StarTime
439d3ef.7b d94585db 399ff9 h ???????? 004 /wiki/RootHandler
439d3f6.46 d94585d7 399ff9 h ???????? 003 /wiki/WikiWall
439d3fe.58 d94585d9 399ff9 h ???????? 003 /wiki/68002
439d752.35 42f94566 043937 h ???????? 003 /wiki/IsA
439d76f.d8 42f94566 043937 h ???????? 003 /wiki/SwDf
439d7dd.0c 42f95727 70a047 h ???????? 002 //rss.rdf
439d878.59 44b4e56f aec21f h ???????? 002 //robots.txt
439d87a.19 44b4e59c aec21f h ???????? 001 /robots.txt
439d87a.ae 44b4e59c aec21f h ???????? 002 /wiki/MindSkill
439dc02.dd 42f94566 622963 h ???????? 002 /base
439ddba.80 3624943e 433e9c h ???????? 002 /edit/30846002
439df16.46 cf2e0d88 6a88e8 s ???????? 017 /
439e89b.a3 42f942c8 043937 h ???????? 001 /hot
439e92a.84 d94585d9 399ff9 h ???????? 004 /robots.txt
439e92f.26 d94585da 399ff9 h ???????? 002 /wiki/HaBaKi
439e935.6e d9458554 399ff9 h ???????? 002 /wiki/ScAu
439e93b.cf d94585d8 399ff9 h ???????? 002 /wiki/FreeSlots
439e942.1e d94585d9 399ff9 h ???????? 002 /wiki/RoHaZoo
439e948.fe d94585db 399ff9 h ???????? 002 /wiki/ZugNach
439e951.06 d94585d9 399ff9 h ???????? 002 /wiki/JfSchlinck
439e957.b9 d9458554 399ff9 h ???????? 002 /wiki/AtEm
439e95d.fc d94585da 399ff9 h ???????? 002 /wiki/DalvikVm
439e963.61 d94585d9 399ff9 h ???????? 002 /wiki/FzKj
439e968.67 d9458555 399ff9 h ???????? 002 /wiki/WebSite
439e96c.ed d9458555 399ff9 h ???????? 002 /wiki/BoNyx
439e971.da d94585db 399ff9 h ???????? 003 /wiki/JeKer
439f096.71 d8f442c7 2e51d1 h ???????? 004 /robots.txt
439f32a.6b 4e2e2319 7dfab1 h ???????? 001 //rss.jsp
439f32a.8f 4e2e2319 7dfab1 h ???????? 001 //rss.jsp
439f6b4.aa 42f942c8 043937 h ???????? 016 /
439f749.42 36249442 433e9c h ???????? 001 /edit/24236002
439f9d1.d5 36249457 433e9c h ???????? 001 /edit/26576001
439fa5c.2f 42f942d0 043937 s ???????? 003 /wiki/VzVirus
439fa63.0d 42f942d2 043937 s ???????? 002 /wiki/MucWiki
439fa66.ee 42f942c6 043937 h ???????? 001 /wiki/WaMu
439fa6b.51 42f942d0 043937 s ???????? 002 /wiki/SgiAltix
439fb53.a2 42f942d0 043937 s ???????? 003 /wiki/TeraFlop
439fc93.60 42f942d0 043937 s ???????? 003 /wiki/UnTil2049
439fdc6.f8 42f942d0 043937 s ???????? 002 /wiki/SpiderBoy
439fe31.97 d8f442c7 2e51d1 h ???????? 002 /robots.txt
439feb4.3b d94585db 399ff9 h ???????? 002 /robots.txt
439febe.20 d94585d9 399ff9 h ???????? 002 /wiki/MindBroker
439fec3.c3 d94585d8 399ff9 h ???????? 002 /wiki/KaNu
439feca.14 d94585d7 399ff9 h ???????? 002 /wiki/DaHo
439fed0.b2 d94585d8 399ff9 h ???????? 003 /wiki/ApmTla
439fed7.d9 d9458554 399ff9 h ???????? 002 /wiki/FzMk
439fedf.ad d94585d9 399ff9 h ???????? 002 /wiki/HauptHenkel
439fee9.60 d9458543 399ff9 h ???????? 003 /wiki/MindWiki
439fef1.45 d94585d8 399ff9 h ???????? 002 /wiki/PirnaPlatz
439fef8.37 d9458543 399ff9 h ???????? 002 /wiki/WhyWeNap
439fefe.a4 d94585db 399ff9 h ???????? 002 /wiki/CbYs
439ff04.91 d94585d9 399ff9 h ???????? 002 /wiki/SaSiSu
439ff0a.23 d94585d9 399ff9 h ???????? 001 /radio
439ff0f.3d d94585d9 399ff9 h ???????? 001 /feed
439ff14.0f d94585da 399ff9 h ???????? 003 /wiki/SuHe
