4320111.78 42f942d2 043937 s ???????? 001 /robots.txt
4320113.20 42f942c8 043937 h ???????? 002 /wiki/SmallestFederatedWiki
4320119.ff 42f942c6 043937 h ???????? 003 /wiki/UndefinedPagesPlugin
43201ba.cf 42f942c6 043937 h ???????? 006 /wiki/SingularitaetsZentrale
432020f.70 42f942d4 043937 s ???????? 15cc /age
43202e1.94 42f942ca 043937 h ???????? 003 /wiki/ChSc
43202f5.4d 42f942ca 043937 h ???????? 002 /wiki/RfG
43202f6.aa 42f942c6 043937 h ???????? 003 /wiki/JoKo
4320300.20 42f942c6 043937 h ???????? 003 /wiki/LeGo
43207e8.a7 deba32bb 2da35a h ???????? 013 /
43207e9.07 deba32bb 99d427 h ???????? 03d /index.action
4320fab.9b 42f942ca 043937 h ???????? 006 /wiki/PrintOnDemand
432116a.0f cf2e0d83 6a88e8 h ???????? 006 /wiki/WikiWall
432117b.d9 0585b70e b908ee h ???????? 001 //rss.rdf
432152d.14 3e8a0019 6de661 h ???????? 002 //robots.txt
4321531.6d 3e8a0019 6de661 h ???????? 007 //wiki/AnneWillSingularity
4321531.f0 4e2e2319 7dfab1 h ???????? 001 //rss.jsp
4321532.1b 4e2e2319 7dfab1 h ???????? 002 //rss.jsp
432166e.fb d8f442c7 2e51d1 h ???????? 002 /robots.txt
4321705.dc 9d372764 e39fc8 h ???????? 009 //wiki/LockSchuppen
4321d2c.a8 44b4e59c aec21f s ???????? 001 /PeterWill
4321ed7.c6 8af6fd13 b5326e s ???????? 013 /
4322188.5d 42f942ca 043937 h ???????? 003 /wiki/TaunusStrasse
43224f1.5d 42f95ccb 70a047 h ???????? 002 //rss.rdf
4322520.8a 9d37277a 6a88e8 h ???????? 014 /
43225d3.0b 8d14d9de 5ec1d2 s ???????? 01b /
432270b.18 5519d2ea 6de661 h ???????? 002 //robots.txt
4322995.80 33ff4785 433e9c h ???????? 003 /wiki/RedeWendung
4322ffa.3f d8f442c7 2e51d1 h ???????? 001 /robots.txt
4323332.1e 42f942ca 043937 h ???????? 003 /wiki/PieschenRaete
43236d5.33 403efca2 b5eaf4 h ???????? 002 /robots.txt
43236d5.74 403efca2 b5eaf4 h ???????? 015 /1
43236e7.2d bc285186 7dfab1 h ???????? 001 //rss.jsp
43236e7.4d bc285186 7dfab1 h ???????? 001 //rss.jsp
432398c.69 bc285186 7dfab1 h ???????? 002 //rss.jsp
432398c.8c bc285186 7dfab1 h ???????? 001 //rss.jsp
4323f02.1f 88f32452 18b492 h ???????? 002 /robots.txt
4323f0c.39 88f32452 18b492 h ???????? 001 /robots.txt
4323f0c.5c 88f32452 18b492 h ???????? 001 /sitemap.xml
4323f17.4c 88f32452 18b492 h ???????? 004 /sitemap.xml
432418a.a0 bc285186 7dfab1 h ???????? 002 //rss.jsp
432418a.c5 bc285186 7dfab1 h ???????? 002 //rss.jsp
432419b.60 bc285186 7dfab1 h ???????? 001 //rss.jsp
432419b.89 bc285186 7dfab1 h ???????? 002 //rss.jsp
43244f4.b7 42f942c6 043937 h ???????? 003 /wiki/AndreasDengel
4324d23.c1 b44c0f1f a04d28 h ???????? 003 /wiki/RePl
4324d3c.74 42f95cc9 70a047 h ???????? 002 //rss.rdf
43251cd.12 cf2e0d83 6a88e8 h ???????? 007 /wiki/ProFessor
4325204.e5 42f942ca 043937 h ???????? 002 /wiki/KarlStoss
4325335.3f 42f942c8 043937 h ???????? 002 /wiki/ReneBenko
4325447.2f 42f942c8 043937 h ???????? 003 /wiki/ArminWolf
43254a6.1f 42f942ca 622963 h ???????? 02c /
4325570.06 42f942ca 043937 h ???????? 003 /wiki/NikiLauda
43256b7.ae 42f942c8 043937 h ???????? 003 /wiki/LearnSingular
43256c6.a9 42f942c6 043937 h ???????? 002 /wiki/JohannGraf
43257cf.3b 42f942ca 043937 h ???????? 003 /wiki/UweScheuch
4325894.c5 42f942c8 043937 h ???????? 002 /system/robots.txt
43258fc.34 42f942ca 043937 h ???????? 003 /wiki/DavidAlaba
4325902.c1 42f942c8 043937 h ???????? 002 /wiki/HansNiessl
432595b.37 4a7d4c24 55c2cd h ???????? 002 //rss.rdf
4325a1f.cf 42f942c8 043937 h ???????? 003 /wiki/RonnyPecik
4325b0a.57 33ff4117 433e9c h ???????? 002 /edit/22606002
4325b4f.7b 42f942ca 043937 h ???????? 003 /wiki/LauraRudas
4325c7a.c6 42f942c6 043937 h ???????? 003 /wiki/ElisabethG
4325dad.ee 42f942c6 043937 h ???????? 006 /wiki/IvicaVastic
4325ed3.ce 42f942c6 043937 h ???????? 003 /wiki/MariaFekter
4326002.53 42f942c8 043937 h ???????? 007 /wiki/LeoWindtner
432604b.67 5f6cb561 e4b041 h ???????? 002 /robots.txt
432604f.4d 5f6cb561 e4b041 h ???????? 001 /cal
4326119.2a 44b4e59c aec21f s ???????? 001 /robots.txt
432611a.3e 44b4e59c aec21f s ???????? 005 /wiki/RaWa
432613f.7a 42f942c6 043937 h ???????? 003 /wiki/NikoPelinka
4326163.a2 42f942ca 043937 h ???????? 003 /wiki/KatrinLampe
4326188.ed bca5e9e4 e3b0c4 h ???????? 001 /robots.txt
432618b.1c bca5e9e4 36ad42 h ???????? 015 /
4326235.ab 8ac93b22 0852cc h ???????? 002 /robots.txt
4326237.56 8ac93b22 0852cc h ???????? 01e /
4326284.dc 42f942c8 043937 h ???????? 005 /wiki/MarkusRogan
4326364.6b 42f942c6 043937 h ???????? 003 /wiki/KlausKroell
4326384.bc 42f942ca 043937 h ???????? 003 /wiki/JosefProell
4326412.bc ae8a2a78 7404fb h ???????? 01a /
4326538.45 42f942c8 043937 h ???????? 003 /wiki/ErwinProell
43265ee.a8 42f942c6 043937 h ???????? 003 /wiki/EwaldNowotny
4326603.6b 2d37fc1e 487ce2 h ???????? 01a /
432661d.03 2d37fc1e 1175a4 h ???????? 001 /robots.txt
4326652.0d 2d37fc1e 487ce2 s ???????? 0b0 /ls
4326652.56 a4843451 eb026b s ???????? 002 /bcHead
4326652.0f 2d37fc1e 487ce2 s ???????? 119 /sh
432665a.a2 2d37fc1e 487ce2 s ???????? 083 /hls
432665a.d9 2d37fc1e 487ce2 s ???????? 001 /AtJs
4326705.2a 42f942c6 043937 h ???????? 003 /wiki/AlexPointner
4326813.88 42f942c6 043937 h ???????? 003 /wiki/AlfonsHaider
4326836.f3 42f942ca 043937 h ???????? 003 /wiki/WolfgangEder
432687a.92 42f942c6 043937 h ???????? 009 /wiki/PierreBourdieu
43269d0.3c 33ff4779 433e9c h ???????? 005 /edit/21686001
4326a69.9e 33ff412d 433e9c h ???????? 002 /edit/30926001
4326a90.cc 42f942c6 043937 h ???????? 002 /wiki/GerhardRoiss
4326c0d.ed 42f942ca 043937 h ???????? 003 /wiki/GerhardDrexel
4326c14.30 42f942c6 043937 h ???????? 002 /wiki/KarlWlaschek
4326c3c.76 c4342b41 c5c81c h ???????? 016 /
4326d07.44 42f942c6 043937 h ???????? 003 /wiki/DominicHeinzl
4326e14.71 42f942ca 043937 h ???????? 003 /wiki/KarlMarkovics
4326f1a.9b 42f942ca 043937 h ???????? 003 /wiki/WolfgangRosam
4326f49.d7 42f942ca 043937 h ???????? 002 /wiki/ArminAssinger
4326f7a.7a d9b68443 433e9c h ???????? 002 /edit/23976006
4327061.e3 42f942c8 043937 h ???????? 002 /wiki/HerbertStepic
43272b7.90 05bd8e88 12bd58 h ???????? 001 /.git/config
43274dd.af d8f442e3 2e51d1 h ???????? 002 //robots.txt
43275ef.bf 9d3727bc 6a88e8 s ???????? 012 /
4327813.55 bc286647 7dfab1 h ???????? 001 //rss.jsp
4327813.78 bc286647 7dfab1 h ???????? 001 //rss.jsp
43278fc.df 42f95c16 70a047 h ???????? 002 //rss.rdf
4327a3d.af 42f94216 043937 h ???????? 003 /wiki/LeistungsKonto
4327aa3.a9 d9b684ba 433e9c h ???????? 002 /wiki/GcCa
4327aee.3d 42f94216 622963 h ???????? 005 /system
4327dd6.65 32368c91 afb7d1 s ???????? 023 /
4327e4f.3a 32368c91 afb7d1 s ???????? 01a /
4327e88.d7 c15a0c75 cc9bbb h ???????? 023 /
4327ec7.f8 32368c91 afb7d1 s ???????? 017 /
4327f40.ac 32368c91 afb7d1 s ???????? 012 /
4327fb9.61 32368c91 afb7d1 s ???????? 016 /
4328025.7e 42f9421b 043937 s ???????? 011 /
4328032.1a 32368c91 afb7d1 s ???????? 012 /
43280aa.d0 32368c91 afb7d1 s ???????? 016 /
432822f.5c 05c45716 433e9c h ???????? 005 /robots.txt
432822f.8b 894acfaa 433e9c h ???????? 002 /wiki/RalfLippold
43283bc.03 a5e3c27a 7404fb h ???????? 017 /
432862c.d8 3ed6bf41 5ec1d2 s ???????? 015 /
43289df.79 44b4e59c aec21f h ???????? 002 /robots.txt
43289e0.1c 44b4e59c aec21f h ???????? 005 /wiki
4328fe0.92 33ff4146 433e9c h ???????? 002 /edit/26456002
4329019.b4 b2ffd754 c51fdf h ???????? 002 /robots.txt
4329020.17 b2ffd755 c51fdf h ???????? 002 /robots.txt
4329020.44 b2ffd755 c51fdf h ???????? 014 /
432904c.8b d9b6844d 433e9c h ???????? 003 /wiki/LockOfficeAnfahrt
4329164.8d 42f94217 043937 h ???????? 002 /robots.txt
4329164.f3 42f94216 043937 h ???????? 007 /wiki/AttilaDogudan
4329190.27 42f94217 043937 h ???????? 003 /wiki/FrankStronach
4329195.3c 42f94216 043937 h ???????? 003 /wiki/WernerFaymann
43291a3.80 42f94216 043937 h ???????? 002 /wiki/JuergenMelzer
43291a8.2d 42f94216 043937 h ???????? 002 /wiki/AndreasHerzog
4329687.7b 42f942d4 043937 s ???????? 003 /wiki/TenzinGyatso
4329694.85 42f942d0 043937 s ???????? 002 /wiki/VladimirPutin
43296a3.11 42f942d0 043937 s ???????? 002 /wiki/DramaCharacter
43296b0.82 42f942d2 043937 s ???????? 002 /wiki/VeronicaFerres
43296c0.2d 42f942d0 043937 s ???????? 002 /wiki/RichardEarlOfCornwall
4329891.a7 a484a105 433e9c h ???????? 004 /wiki/SigmundFreud
432996e.15 44b4e62d aec21f s ???????? 001 /robots.txt
432996f.0e 44b4e62d aec21f s ???????? 3ba /memo
4329c5b.e7 462a83aa bcf9bf h ???????? 001 /manager/html
4329dc0.df 42f942c6 043937 h ???????? 004 /wiki/AndreasKofler
4329f7e.6c d9b68455 433e9c h ???????? 012 /edit/14306003
432a069.89 44b4e59c aec21f s ???????? 002 /robots.txt
432a06a.a0 44b4e59c aec21f s ???????? 004 /edit
432a139.e8 9d3727bc 6a88e8 s ???????? 014 /
432a2a3.6e 33ff4124 433e9c h ???????? 001 /edit/30956006
432a36b.6d 42f95ccb 70a047 h ???????? 004 //rss.rdf
432a3ec.5c 42f942c8 043937 h ???????? 002 /wiki/SebastianKurz
432a40c.2b 42f942c6 043937 h ???????? 003 /wiki/KathrinZechner
432a40c.c9 42f942c8 043937 h ???????? 002 /wiki/ConchitaWurst
432a413.dd 42f942c6 043937 h ???????? 002 /wiki/MichaelHaeupl
432a418.12 42f942c6 043937 h ???????? 002 /wiki/ClaudiaSchmied
432a418.b2 42f942c6 043937 h ???????? 002 /wiki/MartinaHoermer
432a419.da 42f942c6 043937 h ???????? 002 /wiki/MarliesSchild
432a421.54 42f942c6 043937 h ???????? 002 /wiki/AnnaFenninger
432a4a4.1b 44b4e62d aec21f s ???????? 017 /
432a4a4.d4 44b4e62d aec21f h ???????? 002 /robots.txt
432a9bf.cd b44c0f90 a04d28 h ???????? 002 /wiki/PowerWomenCoach
432aab4.c9 42f942ca 043937 h ???????? 003 /wiki/EvaGlawischnig
432aacb.d9 42f942c8 043937 h ???????? 002 /wiki/HannesAndrosch
432aadc.e8 42f942c8 043937 h ???????? 002 /wiki/BarbaraPrammer
432aaf3.a5 42f942c6 043937 h ???????? 003 /wiki/JohannMarihart
432af89.54 42f942ca 043937 h ???????? 003 /wiki/MirjamWeichselbraun
432b01a.1e 42f942ca 043937 h ???????? 003 /wiki/DidiMateschitz
432b01b.7b 42f942ca 043937 h ???????? 002 /wiki/WolfgangHesoun
432b1a7.20 118e9fb9 4d4314 h ???????? 001 /robots.txt
432b1a7.6d 118e9fb9 4d4314 h ???????? 01a /1
432b1f6.74 42f942ca 043937 h ???????? 003 /wiki/MarcelHirscher
432b205.49 42f942c6 043937 h ???????? 003 /wiki/PeterHochegger
432b44c.59 42f942c6 043937 h ???????? 003 /wiki/IngridThurnher
432b56b.78 42f942c6 043937 h ???????? 003 /wiki/FionaSwarovski
432b604.08 42f942d2 043937 s ???????? 003 /wiki/WikiPedia
432b60d.4e 42f942d0 043937 s ???????? 002 /wiki/WikiEngine
432b630.10 42f942c6 043937 h ???????? 003 /wiki/FerdinandPiech
432b649.8d 42f942c8 043937 h ???????? 002 /wiki/AndreasTreichl
432b73c.ed 42f942ca 043937 h ???????? 003 /wiki/PeterSchoettel
432b78b.25 b9a3010b cc9bbb h ???????? 014 /
432b7ca.92 9d37271b 6a88e8 h ???????? 003 /robots.txt
432b7d2.16 284da766 6a88e8 h ???????? 021 /
432b7de.17 42f942c8 043937 h ???????? 003 /wiki/JosefOstermayer
432b844.78 42f942ca 043937 h ???????? 003 /wiki/WorldIntraNet
432b856.7e 42f942c8 043937 h ???????? 003 /wiki/BlockExplorer
432b859.42 42f942ca 043937 h ???????? 003 /wiki/KasimirNummer
432b88b.6f 42f942c8 043937 h ???????? 002 /wiki/TreichlStuergkh
432b8b0.bf 42f942c8 043937 h ???????? 005 /wiki/WillibaldCernko
432b99c.84 42f942ca 043937 h ???????? 003 /wiki/GerhardDoerfler
432ba7d.6f 42f942c8 043937 h ???????? 003 /wiki/JosefPuehringer
432bb72.bf 42f942c8 043937 h ???????? 003 /wiki/AndreasGabalier
432bb7e.83 42f942c8 043937 h ???????? 002 /wiki/ChristianKonrad
432bc52.47 42f942c8 043937 h ???????? 002 /wiki/ZlatkoJunuzovic
432bd1c.36 42f942ca 043937 h ???????? 006 /wiki/FritzNeugebauer
432bdf1.e3 42f942c8 043937 h ???????? 002 /wiki/MarkoArnautovic
432bdf6.71 42f942ca 043937 h ???????? 003 /wiki/MariaVassilakou
432bee2.07 42f942ca 043937 h ???????? 002 /wiki/AlexanderPereira
432bf01.fd 42f942c6 043937 h ???????? 002 /wiki/RudolfBuchbinder
432bf06.0e 42f942c8 043937 h ???????? 002 /wiki/HelgaRablStadler
432bf07.c1 42f942c8 043937 h ???????? 005 /wiki/AlexanderWrabetz
432bf25.1f 42f942c6 043937 h ???????? 002 /wiki/KarlHeinzStrauss
432bf5f.c4 d8f442c7 2e51d1 h ???????? 001 /robots.txt
432c2ec.b8 42f942c6 043937 h ???????? 002 /wiki/HeinrichSchaller
432c387.f5 42f942c8 043937 h ???????? 002 /wiki/FranzWelserMoest
432c4a1.06 42f942c6 043937 h ???????? 003 /wiki/HubertVonGoisern
432c4c2.cd 42f942c8 043937 h ???????? 002 /wiki/RudolfHundstorfer
432c4c6.9d 42f942c8 043937 h ???????? 006 /wiki/ElisabethGuertler
432c4d1.f6 42f942c6 043937 h ???????? 002 /wiki/HannesAmetsreiter
432c54f.7a a4843451 eb026b s ???????? 001 /bcHead
432c54f.4d d8f442c7 2e51d1 h ???????? 0b5 /sh
432c7de.cd 42f942c8 043937 h ???????? 002 /wiki/NikolausBerlakovich
432c872.25 42f942c8 043937 h ???????? 003 /wiki/MichaelSpindelegger
432c954.a1 42f942c6 043937 h ???????? 003 /wiki/WalterRothensteiner
432ca0a.82 42f942ca 043937 h ???????? 002 /wiki/WolfgangAnzengruber
432cab8.03 17143698 2baa92 h ???????? 015 /
432cabb.86 17143698 2baa92 h ???????? 014 /
432cadd.ad 42f942ca 043937 h ???????? 003 /wiki/ItalienischDoerfchen
432cb03.89 42f942c8 043937 h ???????? 002 /wiki/EvelynSteinbergerKern
432cb04.8f 42f942c6 043937 h ???????? 002 /wiki/GerlindeKaltenbrunner
432cb19.ef 42f942c6 043937 h ???????? 003 /wiki/GregorSchlierenzauer
432cbf0.7b 42f95cc7 70a047 h ???????? 001 //rss.rdf
432ccd1.c9 9d3727bc 6a88e8 h ???????? 003 /wiki/GoPublic
432cf6d.ab 42f942d0 043937 s ???????? 003 /wiki/PageActions
432cf6e.5f 42f942d0 043937 s ???????? 002 /wiki/XingId
432cf6f.2d 42f942d2 043937 s ???????? 002 /wiki/UserDatabaseFile
432cf76.bf 42f942d2 043937 s ???????? 002 /wiki/PowerWomen
432d25f.c6 626636cc fcab86 h ???????? 011 /
432d260.46 626636cc ca6332 h ???????? 001 /webdav
432d30d.c5 42f942ca 043937 h ???????? 003 /wiki/KnutHinkelmann
432d448.bf cf2e0d20 6a88e8 s ???????? 023 /
432d6e4.8d 403efca2 b5eaf4 h ???????? 001 /robots.txt
432d774.d3 4d4b4ca4 6a9392 h ???????? 002 /robots.txt
432d775.7f 4d4b4ca4 6a9392 h ???????? 002 //wiki/LockSchuppen
432deb8.58 ab19c1eb cc9bbb h ???????? 017 /
432e111.26 42f942c6 043937 h ???????? 002 /wiki/SvenBiehle
432e2ee.17 42f942d0 043937 s ???????? 007 /wiki/MessageDigest
432e3d7.72 369fdd67 12df02 h ???????? 001 /robots.txt
432e3e3.37 369fdd67 0ae858 h ???????? 001 /robots.txt
432e3f1.70 369fdd67 b8fef7 h ???????? 003 /wiki/FutureLab2056
432e459.17 9d3727bc 6a88e8 s ???????? 017 /
432e4d0.ae 42f942c8 043937 h ???????? 003 /wiki/EpisodicMemory
432e799.7a 8ac56f66 487ce2 h ???????? 012 /
432e79e.86 8ac56f66 487ce2 h ???????? 001 /alive/4
432e79e.a3 8ac56f66 487ce2 h ???????? 001 /feel/4
432e7a3.46 8ac56f66 487ce2 h ???????? 001 /alive/8
432e7a3.53 8ac56f66 487ce2 h ???????? 001 /feel/8
432e9b2.bd d8f442e3 2e51d1 h ???????? 002 //robots.txt
432f09b.c5 42f942d0 043937 s ???????? 006 /wiki/MindCar
432f2d2.ba 33ff410f 433e9c h ???????? 003 /wiki/DeserTec
432f5c4.3e 42f95cc9 70a047 h ???????? 002 //rss.rdf
432f693.b0 42f942c8 043937 h ???????? 003 /wiki/FrozenDresden
432f812.c1 682d8f5c 9615ff h ???????? 012 /1
432f8bd.f5 d453aa61 2dd585 h ???????? 011 /
432fa7e.6a 44b4e56f aec21f h ???????? 001 //robots.txt
432fa7f.82 44b4e59c aec21f h ???????? 001 /robots.txt
432fa80.3f 44b4e59c aec21f h ???????? 002 /wiki/LockSchuppenDe
432fabf.aa 42f942d0 043937 s ???????? 004 /wiki/WahrSchein
432fc9c.53 5896e4da ea6e3c h ???????? 002 //rss.rdf
432fd8f.98 9d37277a 6a88e8 h ???????? 010 /
432fecb.e9 c39a8593 57819b h ???????? 001 /up.php
