4370046.b7 42f942c6 043937 h ???????? 002 /wiki/BobPisani
4370167.03 cf2e0d8e 6a88e8 s ???????? 011 /
43703f2.f7 284da7b4 6a88e8 h ???????? 006 /wiki/LionKimbro
437092e.fd 44b4e59c aec21f h ???????? 001 /robots.txt
437092f.ac 44b4e59c aec21f h ???????? 002 /wiki/FixBugsFirst
4370f0a.ce cf2e0d83 6a88e8 h ???????? 002 /wiki/KevinKelly
43710d0.d1 3624943b 433e9c h ???????? 002 /edit/27376007
4371209.b1 42f942c6 043937 h ???????? 003 /wiki/GlaesernesUnternehmen
437140f.b1 42f942c6 043937 h ???????? 002 //robots.txt
4371509.44 42f942c6 043937 h ???????? 001 //wasserfuhr.com/foaf.rdf
43717e2.7c 362494ad 433e9c h ???????? 005 /edit/27126001
43717fb.7f 36249679 433e9c h ???????? 002 //robots.txt
4371a35.7a d5abdc98 a95ea1 h ???????? 001 //rss.rdf
4371a3b.d1 97ec152d 8e0e7d h ???????? 001 //rss.rdf
4371a56.c4 175e0e64 1c75e1 h ???????? 001 //rss.rdf
4371ab1.6c cf2e0d7f 6a88e8 h ???????? 018 /
4371ddc.81 42f942d2 043937 s ???????? 004 /wiki/BuntRepublik
437201f.c8 42f95cc9 70a047 h ???????? 002 //rss.rdf
4372098.77 67fedffb 646bf4 h ???????? 018 /
437209c.e8 67fedffb 646bf4 h ???????? 001 /script
437209e.96 67fedffb 646bf4 h ???????? 001 /jenkins/script
43720a2.77 67fedffb 646bf4 h ???????? 002 /hudson/script
43720ad.e9 67fedffb 646bf4 h ???????? 001 /login
43720b8.04 67fedffb 646bf4 h ???????? 001 /jenkins/login
43720c3.1e 67fedffb 646bf4 h ???????? 001 /hudson/login
43720d3.04 67fedffb 646bf4 h ???????? 002 /jmx-console
43720db.3e 67fedffb 646bf4 h ???????? 017 /
43720e2.1c 67fedffb 646bf4 h ???????? 018 /
43720ed.ac 67fedffb 646bf4 h ???????? 002 /manager/html
43720fd.85 67fedffb 646bf4 h ???????? 013 /
4372109.b4 67fedffb 646bf4 h ???????? 011 /
4372115.b4 67fedffb 646bf4 h ???????? 002 /msd
4372122.eb 67fedffb 646bf4 h ???????? 001 /mySqlDumper
4372124.eb 67fedffb 646bf4 h ???????? 002 /msd1.24stable
4372129.56 67fedffb 646bf4 h ???????? 002 /msd1.24.4
4372137.17 67fedffb 646bf4 h ???????? 002 /mysqldumper
4372142.86 67fedffb 646bf4 h ???????? 005 /MySQLDumper
437214d.c0 67fedffb 646bf4 h ???????? 001 /mysql
4372155.a3 67fedffb 646bf4 h ???????? 004 /sql
4372161.47 67fedffb 646bf4 h ???????? 001 /phpmyadmin
4372166.54 67fedffb 646bf4 h ???????? 002 /phpMyAdmin
4372170.73 67fedffb 646bf4 h ???????? 002 /mysql
4372176.06 5f6e9ed1 217706 h ???????? 014 /
437217a.0d 67fedffb 646bf4 h ???????? 001 /sql
4372189.80 67fedffb 646bf4 h ???????? 002 /myadmin
4372196.ae 67fedffb 646bf4 h ???????? 001 /phpMyAdmin-4.2.1-all-languages
43721a1.65 67fedffb 646bf4 h ???????? 001 /phpMyAdmin-4.2.1-english
43721ad.0b 67fedffb 646bf4 h ???????? 018 /
43721ba.69 67fedffb 646bf4 h ???????? 001 /sqlite/main.php
43721c4.45 67fedffb 646bf4 h ???????? 002 /SQLite/SQLiteManager-1.2.4/main.php
43721ca.73 67fedffb 646bf4 h ???????? 002 /SQLiteManager-1.2.4/main.php
43721d2.89 67fedffb 646bf4 h ???????? 001 /sqlitemanager/main.php
43721d7.7e 67fedffb 646bf4 h ???????? 002 /SQlite/main.php
43721e1.cb 67fedffb 646bf4 h ???????? 001 /SQLiteManager/main.php
43723cc.be 42f942ca 043937 h ???????? 003 /wiki/HeinrichVonWeizsaecker
4372660.cb 36249447 433e9c h ???????? 001 /edit/27396002
4372823.41 5f6cb561 e4b041 h ???????? 002 /robots.txt
4372823.a5 8d088e6f e4b041 s ???????? 002 /robots.txt
4372827.30 5f6cb561 e4b041 h ???????? 015 /
4372827.6c 8d088e6f e4b041 s ???????? 015 /
437284b.4c 5f6cb561 e4b041 h ???????? 015 /
437298a.93 42f942d2 043937 s ???????? 003 /wiki/%3Ca%20class=%22blue%22%20href=%22/wiki/HowTo%22%3EHowTo%3C/a%3E
4372ac7.8c c4342b3e c5c81c h ???????? 019 /
4372ace.fe 42f942d0 043937 s ???????? 003 /wiki/%3Ca%20class=%22blue%22%20href=%22/wiki/RicardaDHerbrand%22%3ERicardaDHerbrand%3C/a%3E
4372af1.7e cd8b8d36 209ef4 h ???????? 001 //rss.rdf
4372d14.4c 42f942d4 043937 s ???????? 003 /wiki/%3Ca%20class=%22blue%22%20href=%22/wiki/DanielPoodratchi%22%3EDanielPoodratchi%3C/a%3E
4372f71.f4 42f942d2 043937 s ???????? 004 /wiki/%3Ca%20class=%22blue%22%20href=%22/wiki/YvonneSchubert%22%3EYvonneSchubert%3C/a%3E
4373095.7e 42f942d2 043937 s ???????? 008 /wiki/%3Ca%20class=%22blue%22%20href=%22/wiki/ConTact%22%3EConTact%3C/a%3E
437309e.70 c73a56d3 028fc4 h ???????? 002 //robots.txt
43730a2.38 c73a56d3 028fc4 h ???????? 00f /
4373219.34 42f942d2 043937 s ???????? 002 /wiki/%3Ca%20class=%22blue%22%20href=%22/wiki/ImPrint%22%3EImPrint%3C/a%3E
4373303.44 36249558 433e9c h ???????? 001 /edit/29166002
4373310.67 42f942d2 043937 s ???????? 002 /wiki/TriBy
4373422.79 42f942d4 043937 s ???????? 002 /wiki/%3Ca%20class=%22blue%22%20href=%22/wiki/ChristineSchlinck%22%3EChristineSchlinck%3C/a%3E
437358f.b2 42f942c6 043937 h ???????? 002 /wiki/MassnahmenRettungsPlan
4373780.e1 c2bbaa71 ac35e0 h ???????? 001 //robots.txt
437379c.9f 42f942d4 043937 s ???????? 002 /wiki/AbStra
4373829.c2 deba32bb 2da35a h ???????? 013 /
437382a.16 deba32bb 99d427 h ???????? 036 /index.action
43738e5.02 42f942d2 043937 s ???????? 002 /wiki/%3Ca%20class=%22blue%22%20href=%22/wiki/SimonKoeppl%22%3ESimonKoeppl%3C/a%3E
43739f3.ba 42f942d0 043937 s ???????? 002 /wiki/%3Ca%20class=%22red%22%20href=%22/wiki/ForgottenPassword%22%3EForgottenPassword%3C/a%3E
4373d84.50 42f942d2 043937 s ???????? 003 /wiki/ConCen
4374752.b5 42f942c6 043937 h ???????? 003 /wiki/FiniteAndInfiniteGames
43749a7.90 42f95cc7 70a047 h ???????? 002 //rss.rdf
4374c30.d2 9d372771 6a88e8 h ???????? 003 /wiki/StartUp
4374d7c.80 b44c0fa0 a04d28 h ???????? 003 /wiki/RePl
4374e7f.2e d8f442fa 2e51d1 h ???????? 002 //robots.txt
437528d.67 42f942d2 043937 s ???????? 002 /wiki/SieveBench
437541c.21 4e2e2319 7dfab1 h ???????? 001 //rss.jsp
437541c.49 4e2e2319 7dfab1 h ???????? 001 //rss.jsp
43754d5.5c d8f442e3 2e51d1 h ???????? 002 //robots.txt
43758ce.cb 57fae0d5 e4b041 h ???????? 001 /robots.txt
43758d2.aa 57fae0d5 e4b041 h ???????? 011 /edit/1946001
43758d8.4d 8d088ed6 e4b041 h ???????? 001 /robots.txt
43758dc.36 8d088ed6 e4b041 h ???????? 001 /robots.txt
4375915.b1 42f942c8 043937 h ???????? 003 /wiki/LinguWiki
4375a65.9a cf2e0d83 6a88e8 h ???????? 003 /wiki/SingularSummitEurope
4375abf.d1 42f942d2 043937 s ???????? 003 /wiki/JeffHeflin
43761c0.1c 44b4e56f aec21f h ???????? 001 //robots.txt
43761d4.1f 44b4e59c aec21f h ???????? 003 /wiki/GcCa
43764ed.96 42f942ca 043937 h ???????? 001 /t/robots.txt
43765de.b4 42f942c6 622963 h ???????? 001 /t
4376aba.e9 42f95cc7 70a047 h ???????? 002 //rss.rdf
4376bca.8b 42f942c6 043937 h ???????? 002 /go
4376c56.0d 42f942d0 043937 s ???????? 003 /wiki/JensLehmann
4376c79.fd 44b4e59c aec21f s ???????? 001 /robots.txt
4376c7a.d3 44b4e59c aec21f s ???????? 002 /wiki/SiSanien
4376cdc.0b 22e35aa5 0cb675 h ???????? 017 /
4376ce8.3d 42f942c6 622963 h ???????? 001 /go
4376d44.2a 42f94212 043937 h ???????? 001 /robots.txt
4376d55.30 42f94210 043937 h ???????? 014 /
4376d7f.91 42f942d2 043937 s ???????? 002 /wiki/IanHorrocks
43771ca.d9 d06e5d34 028fc4 h ???????? 002 //robots.txt
43771ce.e4 d06e5d34 028fc4 h ???????? 003 //wiki/%25s
43771d6.e1 d06e5d34 028fc4 h ???????? 003 //wiki/%3C%25=session.getAttribute(
43771de.f2 d06e5d34 028fc4 h ???????? 002 //wiki/AnneWillSingulari%E2%80%A6
43771ed.af d06e5d34 028fc4 h ???????? 003 //wiki/DresdenWiFi%E2%80%9C
43771f4.0c d06e5d34 028fc4 h ???????? 002 //wiki/DresdenWiFi
43771fa.5f d06e5d34 028fc4 h ???????? 002 //wiki/LockSchuppen.%C2%A0
43771ff.fb d06e5d34 028fc4 h ???????? 002 //wiki/LockSchuppen.%C3%82%C2%A0
4377328.e9 42f95cc9 70a047 h ???????? 001 //rss.rdf
4377580.da bc285186 7dfab1 h ???????? 001 //rss.jsp
4377581.00 bc285186 7dfab1 h ???????? 002 //rss.jsp
437758a.96 36249424 433e9c h ???????? 002 /wiki/DrexelInfo630
4377946.5a bc285186 7dfab1 h ???????? 002 //rss.jsp
4377946.80 bc285186 7dfab1 h ???????? 002 //rss.jsp
4378022.10 bc285186 7dfab1 h ???????? 002 //rss.jsp
4378022.3c bc285186 7dfab1 h ???????? 001 //rss.jsp
437807f.d7 bc285186 7dfab1 h ???????? 001 //rss.jsp
437807f.fb bc285186 7dfab1 h ???????? 002 //rss.jsp
43780be.98 d8f442c7 2e51d1 h ???????? 001 /robots.txt
437827e.1c cf2e0d8e 6a88e8 s ???????? 014 /
43787c5.c5 44b4e59c aec21f h ???????? 005 /wiki/RainerWasserfuhrCv
4378c46.2a 9d372771 6a88e8 h ???????? 003 /wiki/LockPresention
43790ab.2b 42f942d2 043937 s ???????? 002 /robots.txt
43790ab.5e 42f942d2 043937 s ???????? 003 /wiki/AurelienEyoum
4379129.01 c0639364 554020 h ???????? 002 /rss.rdf
437944b.36 42f942d0 043937 s ???????? 003 /wiki/MichaelBieber
4379595.a0 36249548 433e9c h ???????? 002 /edit/22446001
4379c2c.72 42f942d4 043937 s ???????? 003 /wiki/VaPianoDd1
4379c7b.91 42f95ccb 70a047 h ???????? 002 //rss.rdf
4379d44.74 bca5d01d e3b0c4 h ???????? 002 /robots.txt
4379d46.9a bca5d01d 58771d h ???????? 015 /
4379dff.19 284da75d 6a88e8 h ???????? 016 /
4379f33.c5 44b4e59c aec21f h ???????? 017 /
4379fcc.c6 403efca3 b5eaf4 h ???????? 00e /robots.txt
437a040.04 5f6cb561 e4b041 h ???????? 002 /robots.txt
437a043.dd 5f6cb561 e4b041 h ???????? 015 /
437a23a.32 42f942d4 043937 s ???????? 003 /wiki/NeuroScanner
437a355.81 42f942d0 043937 s ???????? 003 /wiki/MindMachines
437a482.46 42f942d4 043937 s ???????? 003 /wiki/SpielerInnen
437a78a.fd 8ba26c35 976046 h ???????? 01f /
437a92d.f8 42f942ca 043937 h ???????? 003 /wiki/SpitzAhorn
437a9f4.1c 284da75d 6a88e8 h ???????? 003 /wiki/EasternStandardTime
437aa6e.e1 42f942d2 043937 s ???????? 002 /edit/29275001
437ab99.91 42f942d2 043937 s ???????? 01a /edit/123375011
437ab9a.85 42f942d4 043937 s ???????? 006 /edit/27795004
437aeb7.24 362496b1 433e9c h ???????? 002 /robots.txt
437af33.1a 42f942c6 043937 h ???????? 003 /wiki/ErdMaschine
437b092.d7 42f942ca 043937 h ???????? 002 /wiki/NicolaManitou
437b160.8f 42f942d4 043937 s ???????? 003 /wiki/FutureGameOne
437b425.d4 36249410 433e9c h ???????? 002 /wiki/EdnaParker
437b595.a0 42f942ca 043937 h ???????? 001 /earth/robots.txt
437b63b.82 5da03c20 1a69b5 h ???????? 010 /
437b6a8.1a d8f442e3 2e51d1 h ???????? 006 //robots.txt
437b6bc.98 42f942c8 622963 h ???????? 001 /earth
437ba5c.ab bc286647 7dfab1 h ???????? 002 //rss.jsp
437ba5c.ce bc286647 7dfab1 h ???????? 001 //rss.jsp
437bc29.cd 42f942c8 043937 h ???????? 002 /wiki/WhiteRoom
437c3d6.82 403efca3 b5eaf4 h ???????? 005 /robots.txt
437c3e1.e8 cf2e0d8e 6a88e8 s ???????? 01a /
437c49b.2c d5abdc98 a95ea1 h ???????? 001 //rss.rdf
437c631.08 42f95cc9 70a047 h ???????? 001 //rss.rdf
437c6d9.c8 42f942c8 043937 h ???????? 006 /wiki/OneHash
437c93b.43 42f942c6 043937 h ???????? 006 /wiki/ZeroHash
437ca5d.08 42f942ca 043937 h ???????? 00c /wiki/StephanDauberschmidt
437cb30.ca 42f942c6 043937 h ???????? 003 /wiki/ViAf
437cb34.f6 42f942c6 043937 h ???????? 002 /wiki/TimBl
437cb73.73 42f942ca 043937 h ???????? 003 /wiki/XKiH
437cb7e.53 42f942ca 043937 h ???????? 007 /wiki/ConvergenceOfMindAndMachine
437cc13.53 362494b5 433e9c h ???????? 001 /edit/23506001
437cc74.77 42f942d2 043937 s ???????? 002 /wiki/SunsetQuestion
437cca7.56 8ba24e87 186d9a s ???????? 012 /
437ccb4.07 42f942c6 043937 h ???????? 003 /wiki/ShaOne
437cef6.3a 42f942c8 043937 h ???????? 003 /wiki/ProofOfWork
437cef7.3a 42f942ca 043937 h ???????? 002 /wiki/WikiMagie
437d5c5.e2 3624953d 433e9c h ???????? 001 /edit/30906001
437d6fa.01 42f942d2 043937 s ???????? 003 /wiki/AnnoDomini1910
437d909.c4 36249453 433e9c h ???????? 002 /radio
437d99e.89 284da75d 6a88e8 h ???????? 016 /
437dae9.34 36249653 433e9c h ???????? 001 /robots.txt
437dae9.f7 36249566 433e9c h ???????? 002 /edit/26556002
437df31.68 42f942d2 043937 s ???????? 002 /wiki/HiBox
437e1de.e4 d8f442c6 2e51d1 h ???????? 002 /robots.txt
437e54a.51 42f942ca 043937 h ???????? 003 /wiki/FileLess
437e54b.2f 42f942ca 043937 h ???????? 002 /wiki/ZenGarden
437e565.25 42f942c6 043937 h ???????? 002 /wiki/StartUpSim
437e657.4b 3cbf264d 24f5f0 h ???????? 012 /
437e782.21 42f942c6 043937 h ???????? 003 /wiki/NooSpam
437e88f.3d 58634162 4f089e h ???????? 002 /noopolis
437e897.76 42f942d2 043937 s ???????? 002 /wiki/ClaudiaNiederee
437ed4b.a7 42f942d2 043937 s ???????? 003 /wiki/JuergenNievergelt
437eef7.73 42f95cc9 70a047 h ???????? 001 //rss.rdf
437ef98.5e 42f942d4 043937 s ???????? 002 /wiki/TheIntelExperiment
437ef9e.eb 42f942d0 043937 s ???????? 002 /wiki/TheGoogleExperiment
437f0c2.63 42f942d2 043937 s ???????? 002 /wiki/TheBlueBrainExperiment
437f0ee.f8 9d372785 6a88e8 s ???????? 002 /robots.txt
437f0ef.8f 9d372785 6a88e8 s ???????? 001 /robots.txt
437f0f1.e3 cf2e0d20 6a88e8 s ???????? 014 /
437f1ed.2f 42f942d4 043937 s ???????? 003 /wiki/LocalPositioningSystem
437f386.5f c2bbaa76 ac35e0 h ???????? 002 //robots.txt
437f45b.99 42f942d2 043937 s ???????? 002 /wiki/BaiY
437f547.aa cf2e0d83 6a88e8 h ???????? 002 /wiki/LogIn
437f576.35 42f942d4 043937 s ???????? 002 /wiki/VrMl
437f7ca.05 42f942d0 043937 s ???????? 003 /wiki/ExZen
437f7cf.50 c2bbaa6c ac35e0 s ???????? 002 /robots.txt
437f7cf.8d c2bbaa6c ac35e0 s ???????? 38d /memo
437f931.49 55c244e2 5672f1 h ???????? 003 //wiki/WikiWall
437fa20.53 42f942d0 043937 s ???????? 003 /wiki/BanJo
437fb83.a4 36249568 433e9c h ???????? 001 /edit/27516001
437fca1.96 42f942ca 043937 h ???????? 001 /robots.txt
437fca1.ea 42f942c6 043937 h ???????? 003 /wiki/FrauenKunst
437fffe.db 42f942d2 043937 s ???????? 003 /wiki/SlHtM4
