4440003.68 05099c4a 028fc4 h ???????? 005 /wiki/DreamStream
4440006.a6 05099c4a 028fc4 h ???????? 005 /wiki/DreiKoenigsKirche
444000a.38 05099c4a 028fc4 h ???????? 006 /wiki/DresdenDolls
444000d.d6 05099c4a 028fc4 h ???????? 005 /wiki/DresdenExists
4440011.72 05099c4a 028fc4 h ???????? 005 /wiki/DublinHub
4440015.10 05099c4a 028fc4 h ???????? 005 /wiki/DueDiligence
4440019.04 05099c4a 028fc4 h ???????? 005 /wiki/DysTopia
444001c.b6 05099c4a 028fc4 h ???????? 005 /wiki/EaDs
4440020.68 05099c4a 028fc4 h ???????? 006 /wiki/EcTs
4440023.ff 05099c4a 028fc4 h ???????? 007 /wiki/EchoChamber
4440027.7b 05099c4a 028fc4 h ???????? 005 /wiki/EclipseHorse
444002b.04 05099c4a 028fc4 h ???????? 005 /wiki/EdRegis
444002e.76 05099c4a 028fc4 h ???????? 005 /wiki/EdYourdon
4440032.59 05099c4a 028fc4 h ???????? 005 /wiki/EdelgardBulmahn
4440036.15 05099c4a 028fc4 h ???????? 005 /wiki/EdgarAllanPoe
4440039.a2 05099c4a 028fc4 h ???????? 006 /wiki/EdmundMClarke
444003d.23 05099c4a 028fc4 h ???????? 005 /wiki/EdnaParker
4440040.99 05099c4a 028fc4 h ???????? 006 /wiki/EdwardDeBono
4440044.08 05099c4a 028fc4 h ???????? 005 /wiki/EdwardFeigenbaum
4440047.ba 05099c4a 028fc4 h ???????? 005 /wiki/EfFect
444004b.23 05099c4a 028fc4 h ???????? 006 /wiki/EfFic
444004e.c8 05099c4a 028fc4 h ???????? 005 /wiki/EhochIx
4440052.8d 05099c4a 028fc4 h ???????? 005 /wiki/EhrenSpielfuehrer
4440056.3a 05099c4a 028fc4 h ???????? 005 /wiki/EiPhone
4440059.de 05099c4a 028fc4 h ???????? 005 /wiki/EiSprung
444005d.62 05099c4a 028fc4 h ???????? 005 /wiki/EierSchecke
4440060.f4 05099c4a 028fc4 h ???????? 006 /wiki/EiscafeVenezia
4440062.90 9d372714 6a88e8 h ???????? 010 /robots.txt
4440064.71 05099c4a 028fc4 h ???????? 005 /wiki/EklipseGlobal
4440068.25 05099c4a 028fc4 h ???????? 005 /wiki/ElbSegler
444006b.04 9d37272c 6a88e8 h ???????? 026 /
444006b.c0 05099c4a 028fc4 h ???????? 005 /wiki/ElbTaler
444006f.5d 05099c4a 028fc4 h ???????? 005 /wiki/ElbeRiver
4440072.cd 05099c4a 028fc4 h ???????? 005 /wiki/ElisabethNoelleNeumann
4440076.a3 05099c4a 028fc4 h ???????? 006 /wiki/ElisabethTraugott
444007a.61 05099c4a 028fc4 h ???????? 005 /wiki/ElizabethIi
444007d.f9 05099c4a 028fc4 h ???????? 005 /wiki/EllenFeiss
4440081.60 05099c4a 028fc4 h ???????? 005 /wiki/ElliEisbein
4440084.fb 05099c4a 028fc4 h ???????? 006 /wiki/ElonMusk
4440088.8d 05099c4a 028fc4 h ???????? 005 /wiki/ElwynBerlekamp
444008c.25 05099c4a 028fc4 h ???????? 005 /wiki/EmPloy
444008f.9f 05099c4a 028fc4 h ???????? 006 /wiki/EmergentDemocracy
4440093.43 05099c4a 028fc4 h ???????? 006 /wiki/EnDe
4440096.db 05099c4a 028fc4 h ???????? 005 /wiki/EnSchede
444009a.91 05099c4a 028fc4 h ???????? 006 /wiki/FabioBacigalupo
444009e.33 05099c4a 028fc4 h ???????? 006 /wiki/FerdinandDeSaussure
44400a1.d2 05099c4a 028fc4 h ???????? 006 /wiki/FrankGehry
44400a5.9f 05099c4a 028fc4 h ???????? 005 /wiki/FrankSchaetzing
44400a9.13 05099c4a 028fc4 h ???????? 006 /wiki/FrankWeberskirch
44400ac.7d 05099c4a 028fc4 h ???????? 006 /wiki/FrankfurterTreppe
44400ad.06 42f94046 622963 h ???????? 025 /
44400b0.4e 05099c4a 028fc4 h ???????? 006 /wiki/FriedrichAni
44400b3.fe 05099c4a 028fc4 h ???????? 007 /wiki/FriedrichSchiller
44400b7.83 05099c4a 028fc4 h ???????? 006 /wiki/FriedrichWilhelmJunge
44400bb.4d 05099c4a 028fc4 h ???????? 006 /wiki/FriendFeed
44400be.93 05099c4a 028fc4 h ???????? 006 /wiki/FriseurGehestr
44400c2.15 05099c4a 028fc4 h ???????? 005 /wiki/FritzRiemann
44400c5.90 05099c4a 028fc4 h ???????? 006 /wiki/FritzSchaumann
44400c9.33 05099c4a 028fc4 h ???????? 006 /wiki/FritzWalter
44400cc.b6 05099c4a 028fc4 h ???????? 006 /wiki/FritzWalterStation
44400d0.78 05099c4a 028fc4 h ???????? 006 /wiki/FruchtBlase
44400d4.2d 05099c4a 028fc4 h ???????? 006 /wiki/FuerstenZug
44400d7.d0 05099c4a 028fc4 h ???????? 006 /wiki/FuerstentumGermania
44400db.46 05099c4a 028fc4 h ???????? 007 /wiki/FuerstentumGermania
44400de.de 05099c4a 028fc4 h ???????? 006 /wiki/FutArchy
44400e2.cd 05099c4a 028fc4 h ???????? 006 /wiki/FutureLab2056
44400e6.5b 05099c4a 028fc4 h ???????? 007 /wiki/FyodorDostoevsky
44400eb.23 05099c4a 028fc4 h ???????? 006 /wiki/GaOp
44400ee.e8 05099c4a 028fc4 h ???????? 007 /wiki/GagfAh
44400f2.5a 05099c4a 028fc4 h ???????? 006 /wiki/GaryHamel
44400f6.13 05099c4a 028fc4 h ???????? 007 /wiki/GcCa
44400f9.8b 05099c4a 028fc4 h ???????? 006 /wiki/GeFuehl
44400fd.56 05099c4a 028fc4 h ???????? 006 /wiki/GeNeMe
4440100.cc 05099c4a 028fc4 h ???????? 006 /wiki/GeheStrasse
4440104.86 05099c4a 028fc4 h ???????? 006 /wiki/GeheStrasse21
4440108.2c 05099c4a 028fc4 h ???????? 007 /wiki/GeierSturzflug
444010a.52 42f94054 622963 s ???????? 035 /
444010b.a7 05099c4a 028fc4 h ???????? 006 /wiki/GeldMenge
444010f.69 05099c4a 028fc4 h ???????? 006 /wiki/GenderSymbol
4440112.db 05099c4a 028fc4 h ???????? 006 /wiki/GenickBruch
4440116.a6 05099c4a 028fc4 h ???????? 006 /wiki/GenickBruch
444011a.40 05099c4a 028fc4 h ???????? 006 /wiki/GenickBruch
444011d.9a 05099c4a 028fc4 h ???????? 006 /wiki/GeoNames
4440121.38 05099c4a 028fc4 h ???????? 006 /wiki/GeoNames
4440124.b4 05099c4a 028fc4 h ???????? 006 /wiki/GeorgBaselitz
4440128.7e 05099c4a 028fc4 h ???????? 006 /wiki/GeorgMilbradt
444012c.0a 05099c4a 028fc4 h ???????? 006 /wiki/GeorgNemetschek
444012f.af 05099c4a 028fc4 h ???????? 007 /wiki/GeorgSimmel
4440133.0b 05099c4a 028fc4 h ???????? 006 /wiki/GeorgSimmel
4440136.84 05099c4a 028fc4 h ???????? 006 /wiki/GeorgeDantzig
4440139.fe 05099c4a 028fc4 h ???????? 008 /wiki/GeorgeGilder
444013d.a7 05099c4a 028fc4 h ???????? 007 /wiki/GeorgeMiller
4440141.1b 05099c4a 028fc4 h ???????? 006 /wiki/GeorgeWestinghouse
4440144.a5 05099c4a 028fc4 h ???????? 007 /wiki/GerhardSchroeder
4440148.40 05099c4a 028fc4 h ???????? 006 /wiki/GermanysBestWebFounder
444014b.dd 05099c4a 028fc4 h ???????? 007 /wiki/GertPostel
444014f.48 05099c4a 028fc4 h ???????? 007 /wiki/GertSmolka
4440152.da 05099c4a 028fc4 h ???????? 007 /wiki/GertrudeBaines
4440156.69 05099c4a 028fc4 h ???????? 006 /wiki/GeschaeftsiDe
444015a.1b 05099c4a 028fc4 h ???????? 007 /wiki/GesellschaftBuergerlichenRechts
44401d2.41 36a36ab8 12df02 h ???????? 004 /robots.txt
44401dd.cf 36a36ab8 0ae858 h ???????? 005 /robots.txt
44401e8.be 36a36ab8 b8fef7 h ???????? 007 /wiki/FutureLab2056
4440235.24 42f9404a 043937 h ???????? 02d /
4440403.81 36249472 433e9c h ???????? 033 /edit/19486001
4440812.f6 42f9461b 043937 s ???????? 06c /
4440a7c.97 3624947e 433e9c h ???????? 005 /edit/30306001
4440b9e.68 362494e9 433e9c h ???????? 005 /edit/22196001
4440bc0.5d 2ee5a465 2e29b5 h ???????? 004 /robots.txt
4440cd4.f5 42f94619 622963 s ???????? 072 /
4440dd8.24 36249447 433e9c h ???????? 007 /wiki/UnusedPages
4440f2c.58 42f94618 043937 h ???????? 02e /
4441059.5b 42f9404a 622963 h ???????? 02d /
44410ce.93 904c06e6 028fc4 h ???????? 005 /robots.txt
44410d1.d8 904c06e6 028fc4 h ???????? 007 /wiki/FerdinandDeSaussure
44410d7.7c 904c06e6 028fc4 h ???????? 007 /wiki/FriedrichOtto
44410dc.c7 904c06e6 028fc4 h ???????? 006 /wiki/FutureLab2056
44410e1.fc 904c06e6 028fc4 h ???????? 007 /wiki/GaryHamel
44410e7.4b 904c06e6 028fc4 h ???????? 006 /wiki/GeorgNemetschek
44410ec.4d 904c06e6 028fc4 h ???????? 006 /wiki/GildasSorin
44410f1.b9 904c06e6 028fc4 h ???????? 007 /wiki/GonzalesBar
44410f6.b3 904c06e6 028fc4 h ???????? 007 /wiki/GregorRothfuss
44410fc.06 904c06e6 028fc4 h ???????? 007 /wiki/GriechenLand
4441101.08 904c06e6 028fc4 h ???????? 007 /wiki/HanneMargretBirckenbach
4441105.d7 904c06e6 028fc4 h ???????? 007 /wiki/HansKleinpoppen
444110a.e5 904c06e6 028fc4 h ???????? 007 /wiki/HaraldAmelung
4441110.63 904c06e6 028fc4 h ???????? 002 /wiki/HaraldWelte
4441115.26 904c06e6 028fc4 h ???????? 002 /wiki/HeinrichVonWeizsaecker
4441118.cc d8f442fa 2e51d1 h ???????? 001 /robots.txt
444111a.5d 904c06e6 028fc4 h ???????? 002 /wiki/HeinzRuehmann
444111f.60 904c06e6 028fc4 h ???????? 002 /wiki/HenryMarcSparacello
4441124.51 904c06e6 028fc4 h ???????? 002 /wiki/HiperScan
4441129.2e 904c06e6 028fc4 h ???????? 002 /wiki/HorstBosetzky
444112e.34 904c06e6 028fc4 h ???????? 003 /wiki/HowardCarpendale
4441133.3e 904c06e6 028fc4 h ???????? 002 /wiki/IbrahimAjami
4441138.44 904c06e6 028fc4 h ???????? 002 /wiki/IlonaBuergel
444113d.16 904c06e6 028fc4 h ???????? 001 /wiki/InfoLab
4441141.dd 904c06e6 028fc4 h ???????? 002 /wiki/IsKo
4441146.88 904c06e6 028fc4 h ???????? 002 /wiki/ItSoftdialog
444114b.a5 904c06e6 028fc4 h ???????? 003 /wiki/IvanHerman
4441150.77 904c06e6 028fc4 h ???????? 002 /wiki/JohnSterman
4441155.74 904c06e6 028fc4 h ???????? 003 /wiki/JohnnyCash
444115a.89 904c06e6 028fc4 h ???????? 002 /wiki/JoseLuisCordeiro
444115f.1b 904c06e6 028fc4 h ???????? 003 /wiki/JuergenChrist
4441164.1e 904c06e6 028fc4 h ???????? 002 /wiki/JuliaKarnahl
4441169.24 904c06e6 028fc4 h ???????? 002 /wiki/JuliusEndert
444116e.24 904c06e6 028fc4 h ???????? 002 /wiki/KarenWeinert
4441173.6c 904c06e6 028fc4 h ???????? 002 /wiki/KarinKnorrCetina
4441178.29 904c06e6 028fc4 h ???????? 002 /wiki/KathMandu
444117d.05 904c06e6 028fc4 h ???????? 002 /wiki/KatjaErfurth
4441182.05 904c06e6 028fc4 h ???????? 002 /wiki/KatysGarage
4441186.ee 904c06e6 028fc4 h ???????? 003 /wiki/KitaNordstrasse
444118b.e0 904c06e6 028fc4 h ???????? 002 /wiki/KulturAktiv
4441530.b1 42f94054 622963 s ???????? 017 /
4441abb.e3 7b7d43a2 7bc0a6 h ???????? 001 /robots.txt
4441ac5.e3 5f6cb561 e4b041 h ???????? 001 /robots.txt
4441ac9.d6 5f6cb561 e4b041 h ???????? 015 /
4441b2a.eb 42f94046 043937 h ???????? 014 /
4441b90.52 42f95987 70a047 h ???????? 002 //rss.rdf
4441eda.d0 362494b1 433e9c h ???????? 015 /edit/19706001
4442254.a0 3624948b 433e9c h ???????? 001 /edit/22976001
44424c3.0a 42f94619 043937 s ???????? 016 /
44424cc.74 44b4e56f aec21f h ???????? 002 //robots.txt
44424cd.7c 44b4e59c aec21f h ???????? 001 /robots.txt
44424ce.43 44b4e59c aec21f h ???????? 003 /wiki/MindSkill
44424df.8a 3624953f 433e9c h ???????? 002 /edit/28306002
44425bd.76 36bc797d 12df02 h ???????? 002 /ads.txt
44425c5.f2 5f6cb561 e4b041 h ???????? 002 /cal
4442719.29 42f94619 622963 s ???????? 016 /
4442a7b.1d 05bc5707 1066b4 h ???????? 016 /
4442b00.54 42f94050 043937 s ???????? 003 /wiki/KlausBonhoeffer
4442bfc.c8 42f94054 043937 s ???????? 003 /wiki/AlbrechtDanielThaer
4442c57.2e 5f6cb561 d875cd h ???????? 1228 /age
4442d0f.1b 42f9461a 043937 h ???????? 017 /
4442d2c.b0 42f94050 043937 s ???????? 003 /wiki/AcId
4442e3b.13 42f94048 622963 h ???????? 015 /
4442f72.37 42f94052 622963 s ???????? 017 /
4443434.99 42f94046 043937 h ???????? 015 /
44436a1.14 42f9461b 043937 s ???????? 016 /
4443b4f.03 284da76d 6a88e8 h ???????? 003 /wiki/MrBien
4443c00.7e 05bcd316 5484ba h ???????? 002 /hot
4443c9f.9e d8f442c6 2e51d1 h ???????? 003 //robots.txt
4443dc9.49 42f9461d 622963 s ???????? 015 /
4444294.db 42f9461c 043937 h ???????? 017 /
4444352.e7 42f95989 70a047 h ???????? 002 //rss.rdf
4444386.3f 284da76d 6a88e8 s ???????? 017 /
44443c0.3d 42f94048 622963 h ???????? 015 /
4444585.1c 42f954e8 002725 h ???????? 002 /favicon.ico
4444758.50 8d14d9de 5ec1d2 s ???????? 017 /
