45a020d.0c 9d372799 6a88e8 h ???????? 002 /wiki/BoundingBox
45a05e8.36 42f94150 043937 s ???????? 001 /robots.txt
45a05e8.c8 42f94154 043937 s ???????? 002 /wiki/EvbGymnasium
45a08c6.bd 42f9414a 043937 h ???????? 003 /wiki/ManfredLaube
45a08c7.bb 42f9414e 043937 h ???????? 002 /wiki/JosephMausbach
45a0966.1f 9d372798 6a88e8 h ???????? 011 /
45a09f3.9e 42f9414a 043937 h ???????? 003 /wiki/LebensEnde
45a09f4.75 42f9414a 043937 h ???????? 002 /wiki/OswaldVonNellBreuning
45a0eed.d6 42f95a6d 70a047 h ???????? 001 //rss.rdf
45a1174.98 bca5d447 646bf4 h ???????? 002 /wp-login.php
45a1174.c8 bca5d447 646bf4 h ???????? 002 /wordpress/wp-login.php
45a1174.ea bca5d447 646bf4 h ???????? 001 /wp/wp-login.php
45a1175.09 bca5d447 646bf4 h ???????? 002 /blog/wp-login.php
45a1175.32 bca5d447 646bf4 h ???????? 001 /manager/html
45a1175.54 bca5d447 646bf4 h ???????? 007 /administrator/index.php
45a1175.76 bca5d447 646bf4 h ???????? 002 /joomla/administrator/index.php
45a1175.9d bca5d447 646bf4 h ???????? 002 /cms/administrator/index.php
45a1175.cc bca5d447 646bf4 h ???????? 001 /Joomla/administrator/index.php
45a2029.f8 c3167d8d cc9bbb h ???????? 012 /
45a2174.54 9d372776 6a88e8 s ???????? 002 /robots.txt
45a2175.0e 9d372776 6a88e8 s ???????? 001 /robots.txt
45a217a.14 cf2e0dbc 6a88e8 s ???????? 013 /
45a25cf.e0 3624945c 433e9c h ???????? 001 /hot
45a2667.36 36249418 433e9c h ???????? 002 /edit/23486001
45a2823.6c b91a5c4a 04f65a h ???????? 002 //robots.txt
45a2823.9f b91a5c4a 04f65a h ???????? 003 //wiki/LockFutureSax
45a2983.bd d4ed0e5f 1066b4 h ???????? 013 /
45a2a68.30 0585b70e befe45 h ???????? 001 //rss.rdf
45a2b02.04 5896e4da e28161 h ???????? 002 //rss.rdf
45a2b04.63 d5abdc98 a95ea1 h ???????? 001 //rss.rdf
45a2d59.bd 42f9414c 043937 h ???????? 003 /wiki/LockFutureSax2010
45a2fcc.d8 3e8a0019 6de661 h ???????? 002 //robots.txt
45a2fcd.30 3e8a0019 6de661 h ???????? 004 //wiki/PieschenBank
45a3040.88 782326ac 2820d1 h ???????? 014 /
45a317c.32 cf2e0dc6 6a88e8 s ???????? 002 /robots.txt
45a318a.20 9d3727aa 6a88e8 s ???????? 01e /
45a318c.32 42f95a6f 70a047 h ???????? 002 //rss.rdf
45a3254.d2 d8f442c6 2e51d1 h ???????? 002 //robots.txt
45a3535.57 362494a6 433e9c h ???????? 004 /wiki/NooPolis
45a3b6b.e1 d48127b9 eaf401 s ???????? 002 /a2billing/common/javascript/misc.js
45a3cb2.ee 9d3727ac 6a88e8 h ???????? 003 /wiki/NuttenFruehstueck
45a3d89.cc 44b4e59c aec21f s ???????? 002 /robots.txt
45a3d8a.ce 44b4e59c aec21f s ???????? 003 /wiki/RaWa
45a41d0.73 0d38e541 c8c944 h ???????? 016 /
45a4486.42 5f6cb561 e4b041 h ???????? 002 /robots.txt
45a448a.26 5f6cb561 e4b041 h ???????? 001 /listen
45a448e.1a 5f6cb561 e4b041 h ???????? 002 /learn
45a454b.ab 5f6cb561 e4b041 h ???????? 003 /wiki/LockSchuppenBusinessPlan
45a45ad.77 b29aab43 e4b041 h ???????? 003 /wiki/TeufelsPakt
45a49e9.1b 3624953c 433e9c h ???????? 002 /edit/22316004
45a4ac9.70 9d37270f 6a88e8 h ???????? 001 /robots.txt
45a4ae6.73 cf2e0daf 6a88e8 h ???????? 015 /
45a507d.dc cf2e0dc6 6a88e8 h ???????? 002 /robots.txt
45a5080.cd 9d3727ac 6a88e8 h ???????? 017 /
45a52fb.e4 3624953b 433e9c h ???????? 001 /edit/24576001
45a54cc.d2 362494c7 433e9c h ???????? 003 /wiki/KarinaMatthes
45a560b.47 42f9414a 043937 h ???????? 004 /wiki/ReSearch
45a5710.1c 33ff4782 433e9c h ???????? 007 /edit/27386007
45a5729.10 68833a5d 0cf351 h ???????? 002 //robots.txt
45a572a.a2 44b4e59c aec21f h ???????? 002 /robots.txt
45a572b.46 44b4e59c aec21f h ???????? 003 /wiki/TiBo
45a575a.0c bca5d447 646bf4 h ???????? 002 /phpmyadmin/import.php
45a575a.2e bca5d447 646bf4 h ???????? 001 /phpMyAdmin/import.php
45a575a.50 bca5d447 646bf4 h ???????? 008 /pma/import.php
45a575a.76 bca5d447 646bf4 h ???????? 002 /mysql/import.php
45a575a.9a bca5d447 646bf4 h ???????? 002 /sqlmanager/import.php
45a575a.bc bca5d447 646bf4 h ???????? 002 /msd/main.php
45a575a.e9 bca5d447 646bf4 h ???????? 002 /msd1.24.4/main.php
45a575b.0d bca5d447 646bf4 h ???????? 002 /mysqldumper/main.php
45a575b.3b bca5d447 646bf4 h ???????? 002 /mysql/main.php
45a575b.68 bca5d447 646bf4 h ???????? 002 /dumper/main.php
45a5b8c.3b 42f95a6f 70a047 h ???????? 008 //rss.rdf
45a61b3.32 d8f442c6 2e51d1 h ???????? 002 //robots.txt
45a7061.a0 42f9414e 043937 h ???????? 003 /wiki/MartinsWiki
45a719b.96 36a2b5b3 2baa92 h ???????? 016 /
45a71a5.4b 36c6c6f3 2baa92 h ???????? 027 /
45a776b.7e cd8b8d36 209ef4 h ???????? 002 //rss.rdf
45a78d3.7c 4a7d4c22 55c2cd h ???????? 002 //rss.rdf
45a841f.8d 36249489 433e9c h ???????? 003 /edit/30876001
45a8432.81 36254ee9 3bf644 h ???????? 01f /
45a8474.c6 42f95a6f 70a047 h ???????? 002 //rss.rdf
45a8741.38 36249679 433e9c h ???????? 002 //robots.txt
45a89f2.01 5f6cb561 e4b041 h ???????? 007 /robots.txt
45a89f5.e3 5f6cb561 e4b041 h ???????? 01f /
45a8c7f.75 bca5d447 646bf4 h ???????? 002 /status
45a8c7f.a0 bca5d447 646bf4 h ???????? 002 /script
45a8c7f.ca bca5d447 646bf4 h ???????? 002 /jenkins/script
45a8c80.03 bca5d447 646bf4 h ???????? 002 /jenkins/console
45a8c80.2c bca5d447 646bf4 h ???????? 017 /
45a8c80.62 bca5d447 646bf4 h ???????? 002 /sqlite/main.php
45a8c80.9a bca5d447 646bf4 h ???????? 002 /SQLite/SQLiteManager-1.2.4/main.php
45a8c80.c0 bca5d447 646bf4 h ???????? 002 /SQLiteManager-1.2.4/main.php
45a8c80.e8 bca5d447 646bf4 h ???????? 002 /sqlitemanager/main.php
45a8c81.21 bca5d447 646bf4 h ???????? 003 /SQlite/main.php
45a8c81.63 bca5d447 646bf4 h ???????? 002 /SQLiteManager/main.php
45a8c81.90 bca5d447 646bf4 h ???????? 003 /webdav
45a8c81.bb bca5d447 646bf4 h ???????? 021 /
45a8c81.ee bca5d447 646bf4 h ???????? 019 /
45a8d25.39 42f94152 043937 s ???????? 002 /food
45a9256.4e 2ea10939 d76915 h ???????? 02b /
45a92dc.92 42f95166 002725 h ???????? 002 /favicon.ico
45a998d.79 9d372789 6a88e8 h ???????? 004 /wiki/WikiBasiert
45a9d6d.08 cf2e0dc6 6a88e8 s ???????? 002 /robots.txt
45a9d75.e0 9d3727aa 6a88e8 s ???????? 021 /
45aa222.56 44b4e59c aec21f h ???????? 003 /grow
45aad91.31 42f95a6b 70a047 h ???????? 003 //rss.rdf
45aaf82.5e 5f6cb561 e4b041 h ???????? 002 /come
45ab042.50 5f6cb561 e4b041 h ???????? 003 /wiki/RealFilm
45ab172.f5 5f47213c 5aa285 h ???????? 002 //wp-admin/
45ab344.ab 9d3727ac 6a88e8 h ???????? 018 /
45ab80a.2d 68ecbd81 ef60d6 s ???????? 018 /
45ab8b9.97 4e2e2319 7dfab1 h ???????? 003 //rss.jsp
45ab8b9.c0 4e2e2319 7dfab1 h ???????? 002 //rss.jsp
45abb53.3b cf2e0daf 6a88e8 h ???????? 425 /memo
45abcf5.ac 5b99f69e 502070 h ???????? 004 /wiki/KpMg
45ac283.11 cd8b8d36 209ef4 h ???????? 003 //rss.rdf
45ac3d0.12 4d787d17 e27be9 h ???????? 005 /wiki/rainerwasserfuhr/
45aca43.20 26633e5d 99cc80 h ???????? 024 /
45acabc.5e cf2e0dbc 6a88e8 s ???????? 01b /
45ad693.f7 42f95a6b 70a047 h ???????? 002 //rss.rdf
45ad8a6.b4 23bb8411 71f2b9 s ???????? 003 /bcHead
45ad90b.4a a3aca996 5672f1 h ???????? 01a /
45ad99e.85 36249653 433e9c h ???????? 002 /robots.txt
45ad99f.0f 3624948a 433e9c h ???????? 004 /wiki/SignIn
45adab7.99 9d3727aa 6a88e8 s ???????? 019 /
45adcc6.c9 362494fb 433e9c h ???????? 002 /edit/27486001
45ae112.cd 9d372789 6a88e8 h ???????? 004 /wiki/MuesliHaus
45ae4d2.c4 36249435 433e9c h ???????? 006 /wiki/SourceCode
45aebb7.21 52dd6906 a397c6 h ???????? 01a /
45aebbe.51 52dd6906 45a6bf h ???????? 002 /favicon.ico
45af06b.20 d8f442fa 2e51d1 h ???????? 003 //robots.txt
45af183.ed bc285186 7dfab1 h ???????? 003 //rss.jsp
45af184.25 bc285186 7dfab1 h ???????? 002 //rss.jsp
45af2b5.30 a4845b03 c78c03 h ???????? 021 /
45af698.db bc285186 7dfab1 h ???????? 002 //rss.jsp
45af699.13 bc285186 7dfab1 h ???????? 002 //rss.jsp
45af76f.4b 42f9414e 043937 h ???????? 004 /wiki/MegRyan
45af785.f7 42f9414e 043937 h ???????? 004 /wiki/JuliaMigenes
45af7a8.04 42f9414a 043937 h ???????? 004 /wiki/HappyBirthday
45af7d7.9b 42f9414c 043937 h ???????? 004 /wiki/EvaMariaStange
45af8b7.79 42f95a6b 70a047 h ???????? 003 //rss.rdf
45af8c0.12 42f9414c 043937 h ???????? 004 /wiki/OleNydahl
45af8d9.4f 42f9414a 043937 h ???????? 004 /wiki/JohnUpdike
45af8e1.de 42f9414e 043937 h ???????? 004 /wiki/BruceWillis
45af8ee.9c 42f9414a 043937 h ???????? 004 /wiki/AdolfMerckle
45af8f9.fd 42f9414a 043937 h ???????? 004 /wiki/EricWeisstein
45af908.64 42f9414a 043937 h ???????? 004 /wiki/WolfgangMayrhuber
45af9aa.ad 42f9414a 043937 h ???????? 004 /wiki/JohannSebastianBach
45af9c0.12 42f9414a 043937 h ???????? 004 /wiki/MindBanner
45af9c5.fe 42f9414a 043937 h ???????? 004 /wiki/LangDe
45afa7c.63 42f9414a 043937 h ???????? 004 /wiki/JohannAmbrosiusBach
45afa82.8f 42f9414c 043937 h ???????? 004 /wiki/ElisabethBach
45afa8c.3e 42f9414c 043937 h ???????? 004 /wiki/RatioPharm
45afb9e.4d d453a09f d5ac75 h ???????? 01c /
45afbb8.e3 605bcc7a f8f348 h ???????? 003 //
45afbb9.41 605bcc7a f8f348 h ???????? 003 //cgi-sys/realsignup.cgi
45afbb9.a0 605bcc7a f8f348 h ???????? 003 //cgi-bin/test-cgi
45afbba.03 605bcc7a f8f348 h ???????? 003 //cgi-mod/index.cgi
45afbba.63 605bcc7a f8f348 h ???????? 002 //phppath/cgi_wrapper
45afc85.9d 42f9414a 043937 h ???????? 005 /wiki/SemperNote2012Q1
45afc88.22 42f9414c 043937 h ???????? 004 /wiki/EinSam
45afcf8.61 9d372789 6a88e8 h ???????? 004 /wiki/KarlSchaum
45afd41.23 cf2e0daf 6a88e8 h ???????? 01c /
45afd4a.11 bc285186 7dfab1 h ???????? 002 //rss.jsp
45afd4a.43 bc285186 7dfab1 h ???????? 002 //rss.jsp
45afd4e.9b bc285186 7dfab1 h ???????? 002 //rss.jsp
45afd4e.ce bc285186 7dfab1 h ???????? 002 //rss.jsp
