45d02d7.f9 9d37270d 6a88e8 s ???????? 002 /robots.txt
45d02d8.ae 9d37270d 6a88e8 s ???????? 001 /robots.txt
45d02df.8e cf2e0dbc 6a88e8 s ???????? 012 /
45d06d1.3e 97501f96 433e9c h ???????? 002 /robots.txt
45d081a.63 34010ba0 05a031 s ???????? 069 /hls
45d0941.35 480ec753 70a047 h ???????? 001 //rss.rdf
45d11ff.8a 904c2cb4 aabbd7 h ???????? 011 /
45d1204.5d d8f442c6 2e51d1 h ???????? 001 //robots.txt
45d121e.5a 42f94f92 043937 h ???????? 002 /wiki/BaHi
45d12b1.f9 9d372785 6a88e8 s ???????? 001 /robots.txt
45d12b8.78 9d372737 6a88e8 s ???????? 012 /
45d153e.72 af2b70f5 c46276 h ???????? 003 //wiki/AbdaCom
45d1593.4d 0ed7b005 0672c9 h ???????? 002 //wiki/AbdaCom
45d18e5.ee 26633e5d 99cc80 h ???????? 001 /ads.txt
45d21b8.0e 42f94f94 043937 h ???????? 003 /wiki/OmniMetrie
45d2479.ae 42f94f92 043937 h ???????? 002 /wiki/DueckWiki
45d25a4.c4 42f94f90 043937 h ???????? 003 /wiki/DummHeit
45d26ca.81 42f94f94 043937 h ???????? 002 /wiki/PsychoPhilosophie
45d26cd.97 42f94f92 043937 h ???????? 002 /wiki/PsychologischeGrundlagen
45d28ce.1d 3624953d 433e9c h ???????? 001 /edit/22416001
45d290f.c1 42f94f92 043937 h ???????? 002 /wiki/CarlGustavJung
45d2aeb.d8 42f94f94 043937 h ???????? 003 /wiki/ExistenzAnalyse
45d2b39.59 42f94f1b 043937 s ???????? 001 /robots.txt
45d2b39.b1 42f94f1b 043937 s ???????? 018 /
45d2b63.39 b078de93 0e5f40 h ???????? 001 /NTVHD/index.m3u8
45d2c7c.b4 36249466 433e9c h ???????? 002 /edit/27356002
45d2cc2.d6 42f94f92 043937 h ???????? 002 /wiki/KlientenzentrierteGespraechstherapie
45d2d26.1a 9d37272f 6a88e8 h ???????? 002 /robots.txt
45d2d28.85 cf2e0d98 6a88e8 h ???????? 012 /
45d2f19.b3 b078de93 099137 h ???????? 002 /status
45d2f19.df b078de93 099137 h ???????? 002 /stat
45d2f1a.0c b078de93 099137 h ???????? 001 /pid/4869ae2050a9f2486e467c2aae92f27703368bce/stream.mp4
45d300b.b9 b44c0f88 fa643b h ???????? 001 /robots.txt
45d307e.c3 b078de93 12e2fb h ???????? 001 /pid/4869ae2050a9f2486e467c2aae92f27703368bce/stream.mp4
45d307f.3d b078de93 12e2fb h ???????? 001 /pid/4869ae2050a9f2486e467c2aae92f27703368bce/stream.mp4
45d307f.ab b078de93 12e2fb h ???????? 001 /pid/4869ae2050a9f2486e467c2aae92f27703368bce/stream.mp4
45d3080.16 b078de93 12e2fb h ???????? 001 /pid/4869ae2050a9f2486e467c2aae92f27703368bce/stream.mp4
45d3080.84 b078de93 12e2fb h ???????? 001 /pid/4869ae2050a9f2486e467c2aae92f27703368bce/stream.mp4
45d31f5.f9 9d372785 6a88e8 h ???????? 002 /robots.txt
45d31fb.de cf2e0d2c 6a88e8 h ???????? 018 /
45d3367.74 b078de93 0e5f40 h ???????? 014 /1/index.m3u8
45d33c3.f0 480ec751 70a047 h ???????? 002 //rss.rdf
45d372b.6d 42f94f92 043937 h ???????? 001 /feed
45d390e.40 36249679 433e9c h ???????? 001 //robots.txt
45d3937.03 5f6cb561 e4b041 h ???????? 002 /robots.txt
45d393a.f0 5f6cb561 e4b041 h ???????? 018 /
45d3c60.6b 4a7d4c22 55c2cd h ???????? 002 //rss.rdf
45d482a.0d d8f442fa 2e51d1 h ???????? 002 /robots.txt
45d4991.9c 7dd1eba9 90c2bc h ???????? 002 /robots.txt
45d4b5d.6e 42f94f50 043937 s ???????? 001 /robots.txt
45d4b5e.2b 42f94f54 043937 s ???????? 001 /apple-app-site-association
45d4dbb.d2 7dd1eba7 90c2bc h ???????? 002 /robots.txt
45d4dbf.98 7dd1eba9 90c2bc h ???????? 017 /
45d585d.1c 4e2e2319 7dfab1 h ???????? 002 //rss.jsp
45d585d.43 4e2e2319 7dfab1 h ???????? 002 //rss.jsp
45d5baa.74 0585b70e a2996e h ???????? 002 //rss.rdf
45d5be7.14 480ec753 70a047 h ???????? 002 //rss.rdf
45d5c45.95 0585b70e bbc470 h ???????? 002 //rss.rdf
45d6985.b8 44b4e59c aec21f h ???????? 003 /robots.txt
45d6986.75 44b4e59c aec21f h ???????? 003 /wiki/WindelWelt
45d6c09.2b 36923c41 2baa92 h ???????? 014 /
45d6d5b.db 2f5846d7 f36652 h ???????? 01f /
45d7407.4b 42f94f5b 043937 h ???????? 002 /robots.txt
45d7407.b8 42f94f5d 043937 h ???????? 016 /
45d7616.1c 9d372737 6a88e8 s ???????? 017 /
45d779e.f1 42f94f92 043937 s ???????? 003 /wiki/KaosPilot
45d7b0b.09 a4845b03 c16b8b s ???????? 014 /
45d7f26.3a 480ec755 70a047 h ???????? 002 //rss.rdf
45d8154.ff 42f94f92 043937 h ???????? 004 /wiki/MeinRuhIsInterRupted
45d8155.f2 42f94f94 043937 h ???????? 003 /wiki/SuNo1100
45d8156.3d 42f94f94 043937 h ???????? 003 /wiki/FriendLess
45d8156.a5 42f94f92 043937 h ???????? 003 /wiki/MyRuh
45d8170.16 42f94f92 043937 h ???????? 003 /wiki/SuNo1099
45d8170.ad 42f94f90 043937 h ???????? 003 /wiki/SuNo1044
45d81d1.af 42f94f94 043937 h ???????? 00a /wiki/ReLy
45d8215.b1 42f94f90 043937 h ???????? 003 /wiki/StateLess
45d84dd.4a 480ec751 70a047 h ???????? 003 //rss.rdf
45d862c.94 d945851c 399ff9 h ???????? 002 /robots.txt
45d8634.91 d945851d 399ff9 h ???????? 017 /edit/1001
45d8857.3a 42f94f94 043937 h ???????? 003 /wiki/MicroConsulting
45d8b15.27 05bc561e cc9bbb h ???????? 016 /
45d8df7.13 42f94f94 043937 h ???????? 003 /wiki/WohlStand
45d8dfa.1d 42f94f94 043937 h ???????? 003 /wiki/IdeoLogie
45d8dfd.ac 42f94f92 043937 h ???????? 003 /wiki/SleepLess
45d8e02.f4 42f94f90 043937 h ???????? 003 /wiki/EnlargeMe
45d8e09.a6 42f94f92 043937 h ???????? 003 /wiki/SpaceCast
45d8e10.88 42f94f90 043937 h ???????? 00b /wiki/SamenKorn
45d8e17.50 42f94f90 043937 h ???????? 004 /wiki/GoogleMaps
45d8e1e.23 42f94f90 043937 h ???????? 004 /wiki/PeterKruse
45d8e24.f8 42f94f90 043937 h ???????? 003 /wiki/ShareOrder
45d8e2b.da 42f94f90 043937 h ???????? 004 /wiki/AbbeNormal
45d8e32.9d 42f94f90 043937 h ???????? 003 /wiki/MvnRepoZip
45d8e39.74 42f94f90 043937 h ???????? 003 /wiki/VolleyBall
45d8e40.43 42f94f90 043937 h ???????? 003 /wiki/UlrikeNedo
45d8e47.14 42f94f94 043937 h ???????? 003 /wiki/LangMarsch
45d8e4d.f6 42f94f90 043937 h ???????? 003 /wiki/FaceDollar
45d8e50.61 36249653 433e9c s ???????? 002 /robots.txt
45d8e50.ac 3624954c 433e9c s ???????? 021 /
45d8e54.c4 42f94f90 043937 h ???????? 003 /wiki/TuChemnitz
45d8e5b.8d 42f94f90 043937 h ???????? 003 /wiki/DatePicker
45d8e62.69 42f94f90 043937 h ???????? 004 /wiki/TheoHarder
45d8e69.37 42f94f90 043937 h ???????? 003 /wiki/YuccaThree
45d8e70.0b 42f94f90 043937 h ???????? 003 /wiki/NordWesten
45d8e76.d6 42f94f90 043937 h ???????? 004 /wiki/MindDesign
45d8e7d.b4 42f94f90 043937 h ???????? 003 /wiki/LinieSechs
45d8e84.81 42f94f92 043937 h ???????? 003 /wiki/RechtsForm
45d8e8b.5c 42f94f90 043937 h ???????? 003 /wiki/PrinzLuigi
45d8e92.27 42f94f90 043937 h ???????? 003 /wiki/NewHolland
45d8e98.fe 42f94f90 043937 h ???????? 003 /wiki/WikiWeiber
45d8e9f.db 42f94f90 043937 h ???????? 003 /wiki/GeoCaching
45d8ea6.ad 42f94f90 043937 h ???????? 003 /wiki/ConceptNet
45d8ead.81 42f94f90 043937 h ???????? 004 /wiki/CadHackDay
45d8eb4.5b 42f94f90 043937 h ???????? 004 /wiki/AcquaDiGio
45d8ebb.28 42f94f90 043937 h ???????? 004 /wiki/SozioLogie
45d8ec1.f8 42f94f90 043937 h ???????? 004 /wiki/DomLoeffel
45d8ec8.cf 42f94f92 043937 h ???????? 004 /wiki/OldEconomy
45d8ecf.ac 42f94f90 043937 h ???????? 003 /wiki/FaceToFace
45d8ed6.84 42f94f90 043937 h ???????? 003 /wiki/BauProzess
45d8edd.62 42f94f90 043937 h ???????? 004 /wiki/MonotheIsm
45d8ee4.37 42f94f90 043937 h ???????? 004 /wiki/JohnMSmart
45d8eeb.0f 42f94f90 043937 h ???????? 004 /wiki/UweAssmann
45d8ef1.f7 42f94f90 043937 h ???????? 003 /wiki/FlieWaTuet
45d8ef8.d9 42f94f90 043937 h ???????? 004 /wiki/HtwDresden
45d8eff.ce 42f94f92 043937 h ???????? 003 /wiki/MeinPlaton
45d8f06.ba 42f94f90 043937 h ???????? 003 /wiki/TransHuman
45d8f0d.d6 42f94f90 043937 h ???????? 004 /wiki/SunAccessManager
45d8f14.f6 42f94f90 043937 h ???????? 003 /wiki/BuildingMaterial
45d8f1d.88 42f94f90 043937 h ???????? 003 /wiki/RussianFireplace
45d923e.c0 bc285186 7dfab1 h ???????? 003 //rss.jsp
45d923e.ed bc285186 7dfab1 h ???????? 002 //rss.jsp
45d9896.b0 42f94f90 043937 h ???????? 004 /wiki/FahrenHeit
45d989a.84 bc285186 7dfab1 h ???????? 003 //rss.jsp
45d989a.bd bc285186 7dfab1 h ???????? 002 //rss.jsp
45d98c6.f4 42f94f92 043937 h ???????? 004 /wiki/MindPeople
45d98f0.a9 42f94f94 043937 h ???????? 004 /wiki/MindSquare
45d991b.de 42f94f92 043937 h ???????? 003 /wiki/HalbLeiter
45d9924.6f 42f94f8e 043937 s ???????? 003 /.well-known/apple-app-site-association
45d9947.a5 42f94f90 043937 h ???????? 004 /wiki/SubOptimal
45d9951.bf 5f6cb561 e4b041 h ???????? 003 /robots.txt
45d9955.af 5f6cb561 e4b041 h ???????? 003 /wiki/MindSkill
45d9974.ac 42f94f94 043937 h ???????? 004 /wiki/EiferSucht
45d99a8.95 42f94f94 043937 h ???????? 004 /wiki/JkLogLevel
45d9ad9.e2 42f94f90 043937 h ???????? 005 /wiki/TimeServer
45d9c53.9a 36249653 433e9c h ???????? 003 /robots.txt
45d9c54.57 36249553 433e9c h ???????? 01b /
45d9d22.7f bc285186 7dfab1 h ???????? 003 //rss.jsp
45d9d22.b2 bc285186 7dfab1 h ???????? 002 //rss.jsp
45d9d23.83 bc285186 7dfab1 h ???????? 003 //rss.jsp
45d9d23.b5 bc285186 7dfab1 h ???????? 003 //rss.jsp
45d9e91.1d d8f442c6 2e51d1 h ???????? 002 /robots.txt
45da518.2b 42f94f92 043937 h ???????? 00e /wiki/HolaCracy
45da524.81 3ff681a6 1066b4 h ???????? 002 /phpMyAdmin/scripts/setup.php
45dabad.a0 42f94f92 043937 h ???????? 004 /wiki/RobletChat
45dabf2.fc 4e2e9ca9 037cf3 h ???????? 004 /wiki/SommerSchwatz
45dac01.30 88f311a1 f33b0d h ???????? 004 /wiki/SommerSchwatz
45dac10.08 58c62bcf 0fc4d5 h ???????? 006 /wiki/SommerSchwatz
45dae33.e7 480ec751 70a047 h ???????? 002 //rss.rdf
45dafe0.f7 42f94f90 043937 s ???????? 005 /wiki/BodenReform
45db04a.05 36249530 433e9c h ???????? 003 /edit/26256002
45db0b2.9e 9d372737 6a88e8 h ???????? 005 /wiki/RainerWasserfuhrCv
45db454.f5 d94585c0 399ff9 h ???????? 003 /robots.txt
45db45c.6d d945853b 399ff9 h ???????? 01e /wiki/118001
45db5e1.82 42f94f8e 043937 s ???????? 003 /.well-known/assetlinks.json
45db5fd.39 26633e5d 99cc80 h ???????? 01c /
45db62d.99 5e9c4d86 cc9bbb h ???????? 022 /
45db657.6d 9d372737 6a88e8 s ???????? 023 /
45db943.4d c73a56d3 028fc4 h ???????? 003 /robots.txt
45db945.51 c73a56d3 028fc4 h ???????? 004 /wiki/AGeeksTour
45db94f.60 c73a56d3 028fc4 h ???????? 004 /wiki/SmaVa
45dbab0.82 4d4b4ca7 6a9392 h ???????? 003 /robots.txt
45dbab1.b9 4d4b4ca7 6a9392 h ???????? 005 //wiki/FutureLab2056
45dbd70.12 42f94f90 043937 h ???????? 005 /wiki/LongBetOne
45dbde9.69 54dbbd45 fcab86 h ???????? 021 /
45dbde9.c3 54dbbd45 ca6332 h ???????? 002 /webdav
45dbdea.51 54dbbd45 9cb3a1 h ???????? 029 /
45dbdea.a0 54dbbd45 9cb3a1 h ???????? 01e /
45dc335.4b 42f94f94 043937 h ???????? 004 /wiki/HalleBerry
45dc59a.85 5f6cb561 e4b041 h ???????? 003 /robots.txt
45dc59e.5f 5f6cb561 e4b041 h ???????? 025 /
45dc67d.b7 d8f442fa 2e51d1 h ???????? 002 //robots.txt
45dc89a.d1 3ed6bf41 5ec1d2 s ???????? 028 /
45dc89b.90 3ed6bf41 5ec1d2 s ???????? 003 /favicon.ico
45dc89f.5e 3ed6bf41 5ec1d2 s ???????? 002 /feel/4
45dca70.40 42f0d55c b28cfa h ???????? 024 /
45dcbf8.6b d945851c 399ff9 h ???????? 003 /robots.txt
45dcbff.9a d945851d 399ff9 h ???????? 01d /1
45dd0a0.40 42f94f92 043937 h ???????? 005 /wiki/LoadModule
45dd190.85 bca5e922 e3b0c4 h ???????? 003 /robots.txt
45dd192.be bca5e922 1200b3 h ???????? 01d /
45dd58b.28 d8f442e5 2e51d1 h ???????? 002 /robots.txt
45dd61d.9c bc286647 7dfab1 h ???????? 004 //rss.jsp
45dd61d.d6 bc286647 7dfab1 h ???????? 003 //rss.jsp
45dd644.5d 480ec751 70a047 h ???????? 003 //rss.rdf
45dd977.fd d8f442e5 2e51d1 h ???????? 005 /wiki/LockTeam
45dddfc.55 bca5e922 e3b0c4 h ???????? 003 /robots.txt
45dddfe.8d bca5e922 1200b3 h ???????? 01e /
45ddf0f.0e 25bb3851 e3b0c4 h ???????? 003 /robots.txt
45ddf11.59 25bb3851 46ab9b h ???????? 01e /
45de055.2b 44b4e59c aec21f h ???????? 003 /robots.txt
45de055.d6 44b4e59c aec21f h ???????? 002 /AlphaCat
45de25e.89 42f94f90 043937 h ???????? 005 /wiki/HippoFlipp
45de6c7.b4 a4845b03 400a19 h ???????? 01e /
45de8b1.d9 44b4e56f aec21f h ???????? 003 //robots.txt
45de8c4.c2 44b4e59c aec21f h ???????? 006 /wiki/FutureLab2056
45dec0e.21 4d4b4f24 6a9392 h ???????? 003 /robots.txt
45dec0f.f4 4d4b4f24 6a9392 h ???????? 01f /1
45dec89.32 42f94048 043937 h ???????? 01d /
45df078.f7 42f94046 043937 h ???????? 005 /wiki/KinderGeld
45df0a4.db 4fe6c1b5 fcab86 h ???????? 01f /
45df0a5.29 4fe6c1b5 ca6332 h ???????? 003 /webdav
45df0bc.7d 4fe6c1b5 9cb3a1 h ???????? 021 /
45df0bc.c4 4fe6c1b5 9cb3a1 h ???????? 01e /
45df169.f8 42f9404a 043937 h ???????? 005 /wiki/HolgerJohn
45df420.ab 42f9404a 043937 h ???????? 006 /wiki/DingAnSich
45df9a5.2d d94585c0 399ff9 h ???????? 003 /robots.txt
45df9af.2a d945851f 399ff9 h ???????? 02e /wiki/137001
45dfbe8.c8 cf2e0dbc 6a88e8 s ???????? 01f /
45dfe6f.8e 42f94046 043937 h ???????? 006 /wiki/LsLp
45dff1d.12 32fd46fc ef32ab h ???????? 005 //phpinfo.php
