46d005d.8d d8f442c7 2e51d1 h ???????? 003 /robots.txt
46d0146.d8 42f94f28 043937 h ???????? 004 /wiki/JoghurtBecher
46d0230.dd 33ff4781 433e9c h ???????? 003 /edit/28286005
46d0538.f7 cf2e0d1c 6a88e8 s ???????? 019 /
46d066c.7c 480ec7aa 70a047 h ???????? 002 //rss.rdf
46d0a67.70 451ecdda 028fc4 h ???????? 003 /robots.txt
46d0a82.e2 451ecdda 028fc4 h ???????? 003 /wiki/BlumenMaennel
46d0af5.b9 451ecdda 028fc4 h ???????? 004 /wiki/BoChristerBjoerk
46d0b0f.9b 451ecdda 028fc4 h ???????? 004 /wiki/BobBemer
46d0d71.77 42f94f97 043937 h ???????? 003 /robots.txt
46d0d71.e4 42f94f93 043937 h ???????? 002 /alikpoeatf.html
46d0dde.f3 cf2e0db5 6a88e8 h ???????? 003 /wiki/LokSchuppen
46d0f5c.18 33ff4780 433e9c h ???????? 004 /wiki/AnnoDomino2012
46d1182.be 4e2e2319 7dfab1 h ???????? 003 //rss.jsp
46d1182.e7 4e2e2319 7dfab1 h ???????? 002 //rss.jsp
46d130a.07 42f94f28 043937 h ???????? 002 /robots.txt
46d130a.74 42f94f2e 043937 h ???????? 004 /wiki/VladimirPutin
46d14ca.5d 362494f9 433e9c h ???????? 003 /edit/26466002
46d1531.5e 9d3727bd 6a88e8 s ???????? 022 /
46d1934.d7 d8f442f6 2e51d1 h ???????? 003 /robots.txt
46d198d.a7 3ff68163 1066b4 h ???????? 003 /phpmyadmin/scripts/setup.php
46d1e22.b6 5f6cb561 e4b041 h ???????? 019 /
46d1e70.f3 5f6cb561 e4b041 h ???????? 018 /
46d1e71.3c 5f6cb561 e4b041 s ???????? 002 /robots.txt
46d1e75.19 5f6cb561 e4b041 s ???????? 019 /
46d24cd.8f 42f94f2b 043937 h ???????? 004 /wiki/NooPolisFaqDe
46d25c6.5c 5f6cb561 e4b041 h ???????? 002 /robots.txt
46d25ca.40 5f6cb561 e4b041 h ???????? 019 /
46d25d0.b9 5f6cb561 e4b041 s ???????? 019 /
46d25d1.1d b29aab43 e4b041 h ???????? 010 /
46d25d5.1a 5f6cb561 e4b041 h ???????? 00f /
46d25df.d1 33ff410e 433e9c h ???????? 001 /edit/26426005
46d25e7.a0 5f6cb561 e4b041 h ???????? 010 /
46d25e8.68 5f6cb561 e4b041 s ???????? 011 /
46d2617.da 8d14d9eb 5ec1d2 s ???????? 011 /
46d2769.00 68837f5f 6a9be8 h ???????? 013 /
46d27ab.d0 5f6cb561 e4b041 h ???????? 011 /
46d2945.1c 36249503 433e9c h ???????? 001 /edit/22456004
46d2c03.de d8f442c6 2e51d1 h ???????? 002 //robots.txt
46d2d2c.1e 480ec7ad 70a047 h ???????? 001 //rss.rdf
46d2e9c.f2 9d372723 6a88e8 h ???????? 011 /
46d2fc9.90 3624943b 433e9c h ???????? 002 /wiki/BeatriceBaranov
46d3284.49 36249561 433e9c h ???????? 001 /edit/30886006
46d3487.f8 9d372799 6a88e8 h ???????? 012 /
46d3690.ed 42f94f28 043937 h ???????? 002 /wiki/SpatialMemory
46d36ce.c4 b14bc6eb fcab86 h ???????? 011 /
46d36cf.af b14bc6eb ca6332 h ???????? 002 /webdav
46d36d4.d9 b14bc6eb 9cb3a1 h ???????? 015 /
46d36d5.8b b14bc6eb 9cb3a1 h ???????? 011 /
46d3715.d3 403efca3 b5eaf4 h ???????? 001 /robots.txt
46d3716.15 403efca3 b5eaf4 h ???????? 011 /1
46d3788.74 362494f4 433e9c h ???????? 002 /wiki/ZeugenKurzweils
46d3a8c.5e 42f94f1d 043937 s ???????? 001 /robots.txt
46d3bbb.af 5f6cb561 e4b041 h ???????? 012 /
46d3db3.e4 592106c6 4ac579 h ???????? 001 //rss.rdf
46d3e45.7c d5abdc98 a95ea1 h ???????? 001 //rss.rdf
46d3fa8.6f 26633e5d 99cc80 h ???????? 012 /
46d3fdc.c7 5f6cb561 e4b041 h ???????? 001 /robots.txt
46d3fe0.ad 5f6cb561 e4b041 h ???????? 012 /
46d4103.4c d8f442c7 2e51d1 h ???????? 002 /robots.txt
46d4193.3b 34ea8772 028fc4 h ???????? 002 //robots.txt
46d4196.91 34ea8772 028fc4 h ???????? 001 //wiki/%25s
46d419c.e1 34ea8772 028fc4 h ???????? 002 //wiki/%3C%25=session.getAttribute(
46d41a1.fe 34ea8772 028fc4 h ???????? 003 //wiki/AnneWillSingulari%E2%80%A6
46d41a9.4b 34ea8772 028fc4 h ???????? 002 //wiki/DresdenWiFi%E2%80%9C
46d41ae.70 34ea8772 028fc4 h ???????? 003 //wiki/DresdenWiFi
46d41b4.bd 34ea8772 028fc4 h ???????? 002 //wiki/LockSchuppen.%C2%A0
46d41ba.77 34ea8772 028fc4 h ???????? 003 //wiki/LockSchuppen.%C3%82%C2%A0
46d42ca.1e 3cbf264e 24f5f0 h ???????? 013 /
46d4854.4d 42f94f28 043937 h ???????? 002 /wiki/BraunBrothers
46d4d36.e2 a4845b03 458c06 s ???????? 013 /
46d50c8.9e 4a73d689 3d8b22 h ???????? 013 /
46d5473.0d 480ec7ad 70a047 h ???????? 002 //rss.rdf
46d56a2.d3 2eae72d1 e3a7d8 h ???????? 013 /
46d56a3.26 2eae72d1 e3a7d8 h ???????? 002 //blog/
46d56a3.79 2eae72d1 e3a7d8 h ???????? 001 //shop/
46d56a3.c7 2eae72d1 e3a7d8 h ???????? 001 //store/
46d56ad.12 2eae72d1 e3a7d8 h ???????? 001 //wp/
46d56af.ba 2eae72d1 e3a7d8 h ???????? 001 /blog
46d57e4.c5 d8f442c7 2e51d1 h ???????? 002 /robots.txt
46d5a17.7a 42f94f2e 043937 h ???????? 003 /wiki/MarkusFiedler
46d5a97.59 33ff4136 433e9c h ???????? 002 /wiki/BigTableNomic
46d5ba3.47 d8f442fa 2e51d1 h ???????? 002 //robots.txt
46d5bb1.5a bc285186 7dfab1 h ???????? 002 //rss.jsp
46d5bb1.81 bc285186 7dfab1 h ???????? 006 //rss.jsp
46d5c38.73 cf2e0d9f 6a88e8 h ???????? 003 /wiki/GriebenSchmalz
46d5dbe.c6 bc285186 7dfab1 h ???????? 002 //rss.jsp
46d5dbe.f4 bc285186 7dfab1 h ???????? 001 //rss.jsp
46d5e1e.2c b038e073 76010e h ???????? 01b /
46d5fef.64 3ff68163 1066b4 h ???????? 002 /phpmyadmin/scripts/setup.php
46d619e.7c bc285186 7dfab1 h ???????? 002 //rss.jsp
46d619e.a1 bc285186 7dfab1 h ???????? 002 //rss.jsp
46d61e7.85 bc285186 7dfab1 h ???????? 002 //rss.jsp
46d61e7.b5 bc285186 7dfab1 h ???????? 001 //rss.jsp
46d624b.33 403efca3 b5eaf4 h ???????? 002 /robots.txt
46d6433.89 8d088ed6 e4b041 h ???????? 002 /robots.txt
46d6437.c8 8d088ed6 e4b041 h ???????? 002 /robots.txt
46d6439.9e 57fae0d5 e4b041 h ???????? 001 /robots.txt
46d643d.7a 57fae0d5 e4b041 h ???????? 003 /wiki/LockFutureSax
46d663d.3e 8d08b7d6 e4b041 h ???????? 002 /robots.txt
46d6640.35 8d08b7d6 e4b041 h ???????? 001 /robots.txt
46d6644.5f 57fae0d5 e4b041 h ???????? 001 /robots.txt
46d668c.c2 d8f442c7 2e51d1 h ???????? 01c /1
46d6791.19 8d088ed6 e4b041 h ???????? 002 /robots.txt
46d6794.ab 8d088ed6 e4b041 h ???????? 007 /robots.txt
46d67a0.27 57fae0d5 e4b041 h ???????? 002 /robots.txt
46d6843.55 253b2f0d 4e9599 h ???????? 015 /
46d6969.8b 8d088ed6 e4b041 h ???????? 001 /robots.txt
46d696d.20 8d088ed6 e4b041 h ???????? 001 /robots.txt
46d696e.36 57fae0d5 e4b041 h ???????? 002 /robots.txt
46d6bda.ee 42f94f2e 043937 h ???????? 003 /wiki/RolandStenzel
46d6c12.a4 8d088ed6 e4b041 h ???????? 001 /robots.txt
46d6c15.89 8d088ed6 e4b041 h ???????? 002 /robots.txt
46d6c5f.34 8d088ed6 e4b041 h ???????? 002 /robots.txt
46d6c64.38 57fae0d5 e4b041 h ???????? 001 /robots.txt
46d6d86.ce 8d088ed6 e4b041 h ???????? 002 /robots.txt
46d6d8a.91 8d088ed6 e4b041 h ???????? 002 /robots.txt
46d6d8e.66 57fae0d5 e4b041 h ???????? 002 /robots.txt
46d6fc9.a6 33ff4783 433e9c h ???????? 003 /wiki/PiratenPrognose
46d7449.4d 57fae0d6 e4b041 h ???????? 002 /robots.txt
46d744c.c8 57fae0d6 e4b041 h ???????? 002 /wiki/LockFutureSax
46d753b.da 42f94f3f 043937 s ???????? 002 /robots.txt
46d75d6.ac 57fae0d5 e4b041 h ???????? 002 /robots.txt
46d75da.43 57fae0d5 e4b041 h ???????? 003 /wiki/LockFutureSax
46d7624.c1 42f94f3c 043937 s ???????? 40f /memo
46d772a.a7 8d08b7d6 e4b041 h ???????? 002 /robots.txt
46d772c.fe 8d08b7d6 e4b041 h ???????? 008 /robots.txt
46d7731.86 57fae0d5 e4b041 h ???????? 002 /robots.txt
46d7771.44 8d088ed6 e4b041 h ???????? 002 /robots.txt
46d7774.c2 8d088ed6 e4b041 h ???????? 002 /robots.txt
46d7865.fc 57fae0d5 e4b041 h ???????? 002 /robots.txt
46d78a5.4b 8d088ed6 e4b041 h ???????? 002 /robots.txt
46d78a9.3f 8d088ed6 e4b041 h ???????? 001 /robots.txt
46d7947.64 9d3727bd 6a88e8 s ???????? 01f /
46d795c.2b 33ff41e0 433e9c h ???????? 002 /edit/23666002
46d7aca.22 8d088ed6 e4b041 h ???????? 003 /robots.txt
46d7acd.69 8d088ed6 e4b041 h ???????? 002 /robots.txt
46d7ace.79 57fae0d5 e4b041 h ???????? 002 /robots.txt
46d7ad2.73 57fae0d5 e4b041 h ???????? 003 /wiki/LockFutureSax
46d7b7b.e0 67d6a98d 2da35a h ???????? 017 /
46d7b7c.a4 67d6a98d 99d427 h ???????? 058 /index.action
46d7be9.df 4706cacc fee6c8 s ???????? 01a /
46d7c47.7a 8d088ed6 e4b041 h ???????? 002 /robots.txt
46d7c4a.b8 8d088ed6 e4b041 h ???????? 002 /robots.txt
46d7cad.06 8d08b7d6 e4b041 h ???????? 002 /robots.txt
46d7cb0.70 8d08b7d6 e4b041 h ???????? 002 /robots.txt
46d7cba.78 57fae0d6 e4b041 h ???????? 002 /robots.txt
46d7cbf.78 57fae0d6 e4b041 h ???????? 003 /wiki/LockFutureSax
46d7d4d.85 8d088ed6 e4b041 h ???????? 002 /robots.txt
46d7d50.c9 8d088ed6 e4b041 h ???????? 002 /robots.txt
46d7d9e.30 42f94f2b 043937 h ???????? 004 /wiki/DynamoDresden
46d7e11.03 b44c0f9a a04d28 h ???????? 003 /wiki/LockSchuppen
46d7e11.a3 b44c0f0f fa643b h ???????? 002 /robots.txt
46d7e24.ca 57fae0d5 e4b041 h ???????? 002 /robots.txt
46d7e28.18 57fae0d5 e4b041 h ???????? 003 /wiki/LockFutureSax
46d7e52.84 480ec7ad 70a047 h ???????? 002 //rss.rdf
46d7f17.3f 8d088ed6 e4b041 h ???????? 009 /robots.txt
46d7f1b.1a 8d088ed6 e4b041 h ???????? 002 /robots.txt
46d7f5e.aa 57fae0d5 e4b041 h ???????? 002 /robots.txt
46d8e8e.1d 2e26fe95 d0756d h ???????? 021 /
46d8e8e.50 2e26fe95 64afed h ???????? 018 /
46d8f60.32 362494fa 433e9c h ???????? 004 /wiki/LockOfficeAnfahrt
46d8f61.c9 42f94f2e 043937 h ???????? 003 /wiki/PeterZimolong
46d904a.eb 9d372799 6a88e8 h ???????? 004 /wiki/EasternStandardTime
46d9096.ce 5f6cb561 e4b041 s ???????? 002 /robots.txt
46d909a.a0 5f6cb561 e4b041 s ???????? 467 /memo
46d9407.6b 4a7d4c20 55c2cd h ???????? 003 //rss.rdf
46d9b6a.0b bc286647 7dfab1 h ???????? 002 //rss.jsp
46d9b6a.3b bc286647 7dfab1 h ???????? 002 //rss.jsp
46d9c32.9d 36b92d2b 4e9599 h ???????? 021 /
46da12a.2f 42f94f2b 043937 h ???????? 003 /wiki/DanielMueller
46da185.0c 42768ea5 1066b4 h ???????? 002 /scripts/setup.php
46da265.f2 9d372799 6a88e8 h ???????? 01a /
46da33b.8f 3624955a 433e9c h ???????? 019 /edit/16236008
46da740.87 36249672 433e9c h ???????? 003 /t/robots.txt
46da805.3b 480ec7aa 70a047 h ???????? 002 //rss.rdf
46da8d2.e7 25bb3842 e3b0c4 h ???????? 003 /robots.txt
46da8d5.0e 25bb3842 9b6b51 h ???????? 01a /
46da92f.27 25bb382f e3b0c4 h ???????? 002 /robots.txt
46da931.52 25bb382f 87f8b1 h ???????? 018 /
46dae33.57 cf2e0db5 6a88e8 h ???????? 003 /edit/28146002
46daecc.24 a484a128 433e9c h ???????? 00a /edit/29346001
46db13d.bb 44b4e62d aec21f s ???????? 002 /robots.txt
46db2e8.6b 42f94f2e 043937 h ???????? 005 /wiki/TinaPickhardt
46db3a7.9c 25bb382f e3b0c4 h ???????? 002 /robots.txt
46db3a9.c1 25bb382f 87f8b1 h ???????? 023 /
46dbf8f.46 cf2e0db5 6a88e8 h ???????? 002 /wiki/WikiWall
46dc2a3.6b 8d088ed6 e4b041 h ???????? 001 /robots.txt
46dc2a6.48 8d088ed6 e4b041 h ???????? 001 /robots.txt
46dc2aa.ee 57fae0d6 e4b041 h ???????? 001 /robots.txt
46dc2ad.e9 57fae0d6 e4b041 h ???????? 014 /
46dc4ab.a7 42f94f2b 043937 h ???????? 002 /wiki/DetailAnsicht
46dc55c.81 8d088ed6 e4b041 h ???????? 006 /robots.txt
46dc55f.af 8d088ed6 e4b041 h ???????? 001 /robots.txt
46dc560.f5 57fae0d5 e4b041 h ???????? 001 /robots.txt
46dc564.7f 57fae0d5 e4b041 h ???????? 014 /
46dc7bb.76 8d088ed6 e4b041 h ???????? 002 /robots.txt
46dc7bf.51 8d088ed6 e4b041 h ???????? 001 /robots.txt
46dc7c2.5d 57fae0d5 e4b041 h ???????? 001 /robots.txt
46dc7cb.c7 33ff477f 433e9c h ???????? 002 /wiki/OttoScharmer
46dc7f1.89 253b3780 e3b0c4 h ???????? 002 /robots.txt
46dc7f3.bd 253b3780 0fa94d h ???????? 015 /
46dc906.24 8d088ed6 e4b041 h ???????? 002 /robots.txt
46dc909.e4 8d088ed6 e4b041 h ???????? 001 /robots.txt
46dc90c.19 57fae0d5 e4b041 h ???????? 001 /robots.txt
46dc92a.32 a4845b03 c16b8b h ???????? 011 /
46dc9d0.08 cf2e0d1c 6a88e8 s ???????? 011 /
46dca30.25 44b4e59c aec21f h ???????? 002 /robots.txt
46dca30.e7 44b4e59c aec21f h ???????? 002 /wiki/FalkLueke
46dcadd.6b 8d088ed6 e4b041 h ???????? 001 /robots.txt
46dcae0.32 8d088ed6 e4b041 h ???????? 001 /robots.txt
46dcae7.2f 57fae0d5 e4b041 h ???????? 001 /robots.txt
46dcbb3.45 33ff4780 433e9c h ???????? 002 /edit/26526001
46dcc22.3f 44b4e59c aec21f s ???????? 001 /robots.txt
46dcc23.18 44b4e59c aec21f s ???????? 001 /edit
46dccf1.37 8d088ed6 e4b041 h ???????? 001 /robots.txt
46dccf3.f1 8d088ed6 e4b041 h ???????? 001 /robots.txt
46dccfa.c4 57fae0d6 e4b041 h ???????? 001 /robots.txt
46dccfe.81 57fae0d6 e4b041 h ???????? 016 /
46dce27.3b 8d088ed6 e4b041 h ???????? 002 /robots.txt
46dce2a.ed 8d088ed6 e4b041 h ???????? 001 /robots.txt
46dce2f.4c 57fae0d5 e4b041 h ???????? 001 /robots.txt
46dce33.5c 57fae0d5 e4b041 h ???????? 011 /
46dceab.bb 8d08b7d6 e4b041 h ???????? 001 /robots.txt
46dceaf.0f 8d08b7d6 e4b041 h ???????? 002 /robots.txt
46dceb9.1a 8d08b7d6 e4b041 h ???????? 001 /robots.txt
46dcef6.65 9d3727bd 6a88e8 h ???????? 002 /robots.txt
46dcf71.19 8d088ed6 e4b041 h ???????? 001 /robots.txt
46dcf74.4a 8d088ed6 e4b041 h ???????? 001 /robots.txt
46dcf83.d8 57fae0d5 e4b041 h ???????? 002 /robots.txt
46dd15b.fd 555d5b54 22a824 h ???????? 001 //robots.txt
46dd160.de 8d088ed6 e4b041 h ???????? 001 /robots.txt
46dd166.7e 8d088ed6 e4b041 h ???????? 001 /robots.txt
46dd16d.2c 57fae0d5 e4b041 h ???????? 002 /robots.txt
46dd179.c1 480ec7ad 70a047 h ???????? 001 //rss.rdf
46dd448.7e 8d088ed6 e4b041 h ???????? 001 /robots.txt
46dd44b.07 8d088ed6 e4b041 h ???????? 002 /robots.txt
46dd459.bb 8d088ed6 e4b041 h ???????? 001 /robots.txt
46dd45e.ae 57fae0d5 e4b041 h ???????? 001 /robots.txt
46dd461.e2 57fae0d5 e4b041 h ???????? 013 /
46dd4d6.cc 8d08b7d6 e4b041 h ???????? 002 /robots.txt
46dd4d9.a9 8d08b7d6 e4b041 h ???????? 001 /robots.txt
46dd4ef.a8 3ed6bf41 5ec1d2 s ???????? 019 /
46dd5da.7a 8d088ed6 e4b041 h ???????? 002 /robots.txt
46dd5dc.f6 8d088ed6 e4b041 h ???????? 002 /robots.txt
46dd5ec.27 57fae0d5 e4b041 h ???????? 001 /robots.txt
46dd66f.0c 42f94f28 043937 h ???????? 002 /wiki/FrankWestphal
46dd7f8.92 8d088ed6 e4b041 h ???????? 007 /robots.txt
46dd7fc.3c 8d088ed6 e4b041 h ???????? 001 /robots.txt
46dd7fe.33 57fae0d5 e4b041 h ???????? 001 /robots.txt
46dd927.f1 8d088ed6 e4b041 h ???????? 002 /robots.txt
46dd92b.ac 8d088ed6 e4b041 h ???????? 001 /robots.txt
46dd92c.f9 57fae0d5 e4b041 h ???????? 001 /robots.txt
46dd9a5.1b 8d08b7d6 e4b041 h ???????? 001 /robots.txt
46dd9a7.a6 8d08b7d6 e4b041 h ???????? 002 /robots.txt
46dda32.d5 33ff411f 433e9c h ???????? 003 /wiki/SeminarWissen
46ddae6.8c 9d3727bd 6a88e8 s ???????? 015 /
46ddb55.87 cf2e0db5 6a88e8 h ???????? 002 /wiki/LongBetOne
46ddc81.52 8d088ed6 e4b041 h ???????? 002 /robots.txt
46ddc84.6f 8d088ed6 e4b041 h ???????? 001 /robots.txt
46ddc8f.9b 57fae0d6 e4b041 h ???????? 001 /robots.txt
46ddc96.a1 57fae0d6 e4b041 h ???????? 014 /
46ddd6c.4d 33ff4149 433e9c h ???????? 003 /wiki/TheSingularity
46dddc9.b1 68e9494d 49d999 h ???????? 002 /w00tw00t.at.blackhats.romanian.anti-sec:)
46dddca.63 68e9494d 49d999 h ???????? 002 /MyAdmin/scripts/setup.php
46dddcc.94 68e9494d 49d999 h ???????? 001 /myAdmin/scripts/setup.php
46dddcd.71 68e9494d 49d999 h ???????? 001 /myadmin/scripts/setup.php
46dddcd.f4 68e9494d 49d999 h ???????? 001 /phpMyAdmin/scripts/setup.php
46dddce.61 68e9494d 49d999 h ???????? 001 /phpmyadmin/scripts/setup.php
46dddce.c4 68e9494d 49d999 h ???????? 001 /pma/scripts/setup.php
46dddcf.1d 68e9494d 49d999 h ???????? 001 /sqladm/scripts/setup.php
46ddde7.2b d9b68493 433e9c h ???????? 008 /edit/28236001
46dddf6.37 8d088ed6 e4b041 h ???????? 001 /robots.txt
46dddfa.5a 8d088ed6 e4b041 h ???????? 001 /robots.txt
46dde00.66 57fae0d5 e4b041 h ???????? 002 /robots.txt
46dde04.60 57fae0d5 e4b041 h ???????? 015 /
46de064.45 8d088ed6 e4b041 h ???????? 002 /robots.txt
46de068.0d 8d088ed6 e4b041 h ???????? 002 /robots.txt
46de071.1b 57fae0d5 e4b041 h ???????? 001 /robots.txt
46de1a6.2a 42f94f28 043937 h ???????? 002 /robots.txt
46de1d2.97 d9b6845d 433e9c h ???????? 003 /wiki/LockTeam
46de28d.7c d8f442c7 2e51d1 h ???????? 002 /robots.txt
46de2a1.75 42f954eb 002725 h ???????? 002 /favicon.ico
46de2b4.20 42f94f2b 043937 h ???????? 015 /
46de35e.d6 8d088ed6 e4b041 h ???????? 002 /robots.txt
46de363.07 8d088ed6 e4b041 h ???????? 001 /robots.txt
46de366.ad 8d088ed6 e4b041 h ???????? 001 /robots.txt
46de368.ae 57fae0d5 e4b041 h ???????? 002 /robots.txt
46de4cc.e4 8d08b7d6 e4b041 h ???????? 002 /robots.txt
46de4cf.c6 8d08b7d6 e4b041 h ???????? 002 /robots.txt
46de4d2.ec 57fae0d5 e4b041 h ???????? 002 /robots.txt
46de514.3a 5f6cb561 e4b041 s ???????? 002 /robots.txt
46de517.f2 5f6cb561 e4b041 s ???????? 017 /edit/1001
46de529.10 a484a127 433e9c h ???????? 002 /edit/25416001
46de6ff.7f 8d088ed6 e4b041 h ???????? 009 /robots.txt
46de702.40 8d088ed6 e4b041 h ???????? 002 /robots.txt
46de704.89 57fae0d5 e4b041 h ???????? 002 /robots.txt
46de809.db d8f442fa 2e51d1 h ???????? 002 //robots.txt
46de832.5c 42f94f2b 043937 h ???????? 003 /wiki/FutureLab2065
46de8d0.f3 8d088ed6 e4b041 h ???????? 009 /robots.txt
46de8d4.9b 8d088ed6 e4b041 h ???????? 002 /robots.txt
46de8dd.12 57fae0d5 e4b041 h ???????? 003 /robots.txt
46de9c7.e1 d8f442f6 2e51d1 h ???????? 002 /robots.txt
46deb0a.69 8d088ed6 e4b041 h ???????? 002 /robots.txt
46deb0e.55 8d088ed6 e4b041 h ???????? 002 /robots.txt
46deb18.08 57fae0d5 e4b041 h ???????? 002 /robots.txt
46df1b7.04 6baae947 ef60d6 s ???????? 017 /
46df1c7.d1 44b4e59c aec21f h ???????? 003 /wiki/MindPhone
46df4b0.6c 8d08b7d4 e4b041 h ???????? 002 /robots.txt
46df4b7.6c 8d08b7d4 e4b041 h ???????? 017 /
46df66d.79 c9066b7e 31dfd2 s ???????? 002 /admin/config.php
46df6bc.8e 47068e55 ef60d6 h ???????? 017 /
46df8fd.73 33ff4137 433e9c h ???????? 017 /edit/19446001
46df9f5.da 42f94f2e 043937 h ???????? 003 /wiki/KerstinDoelle
46dfa55.f2 9d372799 6a88e8 h ???????? 021 /
46dfac2.dd 480ec7b0 70a047 h ???????? 009 //rss.rdf
46dfb20.f7 9d3727bd 6a88e8 h ???????? 004 /wiki/RedBlueGame
46dfc71.8f 3cbf264d 24f5f0 s ???????? 019 /
46dfdc0.3d 55f8e3a5 cc9bbb h ???????? 015 /
46dfdfd.ea 3a60ccf9 f54af9 h ???????? 017 /
