461006d.17 42f94619 043937 s ???????? 002 /robots.txt
46100d8.bb cf2e0d27 6a88e8 h ???????? 018 /
4610193.41 42f9461d 043937 s ???????? 398 /memo
46102bb.81 42f94048 043937 h ???????? 003 /wiki/RaWa
4610354.f3 42f95989 70a047 h ???????? 002 //rss.rdf
4610aea.da 284da788 6a88e8 h ???????? 003 /wiki/DusselStein
4610cf5.e2 b44c0f9f a04d28 h ???????? 017 /
4611178.1c d94585d7 399ff9 h ???????? 002 /robots.txt
461117e.b4 d9458555 399ff9 h ???????? 003 /wiki/RoHaZoo
4611185.49 d94585d7 399ff9 h ???????? 003 /wiki/EtAi
461118a.e4 d94585d8 399ff9 h ???????? 003 /wiki/GooWiki
4611190.8a d94585d8 399ff9 h ???????? 003 /wiki/OlafSchubert
4611197.47 d9458543 399ff9 h ???????? 002 /im
461119e.53 d9458555 399ff9 h ???????? 003 /wiki/FutureLab2056
46111a6.3d d9458543 399ff9 h ???????? 003 /wiki/SaLa
46111ad.b7 d94585db 399ff9 h ???????? 003 /wiki/HaTo
46111b6.4a d94585d9 399ff9 h ???????? 003 /wiki/HaBaKi
46111be.0d d94585d9 399ff9 h ???????? 004 /wiki/FzKh
46111c6.3e d94585db 399ff9 h ???????? 003 /wiki/MuskBed
46111ce.86 d9458555 399ff9 h ???????? 003 /wiki/InVent
46111d6.15 d9458555 399ff9 h ???????? 003 /wiki/GoogleWatch
46111de.13 d9458555 399ff9 h ???????? 003 /wiki/SwGa
46111e6.62 d94585d7 399ff9 h ???????? 003 /wiki/ElementFuenf
46111ed.a0 d94585d8 399ff9 h ???????? 003 /wiki/93001
46111f4.a3 d94585da 399ff9 h ???????? 002 /base
46111fb.59 d9458543 399ff9 h ???????? 004 /wiki/PayPass
4611201.81 d9458555 399ff9 h ???????? 003 /wiki/PresencingStatus
46114c5.d8 b44c0f95 a04d28 h ???????? 003 /BollekeFarm
461154f.11 5f6cb561 e4b041 h ???????? 002 /robots.txt
4611552.e4 5f6cb561 e4b041 h ???????? 003 /wiki/MindSkill
461173c.62 4266060a 002725 h ???????? 003 /favicon.ico
461178d.6b 0585b70e bbc470 h ???????? 002 //rss.rdf
4611829.63 c62ec387 a26671 h ???????? 002 //rss.rdf
4611aed.f0 2e045b6d 028fc4 h ???????? 003 //robots.txt
4611af1.2e 2e045b6d 028fc4 h ???????? 003 //wiki/%25s
4611af7.5b 2e045b6d 028fc4 h ???????? 003 //wiki/%3C%25=session.getAttribute(
4611afc.45 2e045b6d 028fc4 h ???????? 004 //wiki/AnneWillSingulari%E2%80%A6
4611b01.90 2e045b6d 028fc4 h ???????? 003 //wiki/DresdenWiFi%E2%80%9C
4611b06.ae 2e045b6d 028fc4 h ???????? 004 //wiki/DresdenWiFi
4611b0b.e1 2e045b6d 028fc4 h ???????? 003 //wiki/LockSchuppen.%C2%A0
4611b10.d9 2e045b6d 028fc4 h ???????? 003 //wiki/LockSchuppen.%C3%82%C2%A0
4611e97.41 7a605db5 53f294 h ???????? 002 //favicon.ico
461247b.86 42f9404a 043937 h ???????? 004 /wiki/EtAl
46126c0.00 44b4e56f aec21f h ???????? 00d //robots.txt
46126ce.eb 44b4e59c aec21f h ???????? 002 /robots.txt
46126cf.87 44b4e59c aec21f h ???????? 003 /wiki/LockSchuppenDe
461278c.e9 d94585d9 399ff9 h ???????? 003 /robots.txt
4612794.4c d9458554 399ff9 h ???????? 004 /wiki/LockSchuppenDe
461279c.57 d94585d9 399ff9 h ???????? 004 /wiki/YvKl
46127a2.d6 d94585da 399ff9 h ???????? 004 /wiki/PirnaPlatz
46127a9.e2 d9458554 399ff9 h ???????? 003 /wiki/KarlMarx
46127b0.72 d94585db 399ff9 h ???????? 005 /wiki/GlasBier
46127b7.ed d94585db 399ff9 h ???????? 004 /wiki/SaZi
46127c0.67 d9458554 399ff9 h ???????? 003 /wiki/ChVal
46127c8.69 d9458554 399ff9 h ???????? 003 /edit
46127d1.0e d9458555 399ff9 h ???????? 003 /wiki/PeterThiel
4612ca7.0f 42f95989 70a047 h ???????? 003 //rss.rdf
4613124.c9 369d16eb e3b0c4 h ???????? 002 /robots.txt
4613125.04 369d16eb e3b0c4 h ???????? 00b /ads.txt
461324e.c5 42f94050 043937 s ???????? 003 /robots.txt
461324f.52 42f94054 d1bc37 s ???????? 018 /
4613250.31 42f94050 d1bc37 s ???????? 003 /favicon.ico
4613a29.3f 42f94054 043937 s ???????? 002 /AlphaSphere
4613a60.7b 42f94046 043937 h ???????? 004 /wiki/RobertBasic
4613a86.73 42f94048 043937 h ???????? 003 /wiki/LearningLab
4613ab8.cf 42f94048 043937 h ???????? 004 /wiki/BeatePaland
4613ae8.84 42f94048 043937 h ???????? 004 /wiki/SchornStein
4613d81.36 d94585d8 399ff9 h ???????? 003 /robots.txt
4613d86.f1 d94585d8 399ff9 h ???????? 004 /wiki/285001
4613d8d.45 d94585db 399ff9 h ???????? 004 /wiki/EtTag
4613d93.70 d9458555 399ff9 h ???????? 003 /wiki/MindBroker
4613d99.a7 d9458554 399ff9 h ???????? 002 /SamenLotto
4613da0.8f d9458555 399ff9 h ???????? 004 /wiki/DaHo
4613da8.bf d94585db 399ff9 h ???????? 007 /wiki/MindMark
4613db1.2b d94585d7 399ff9 h ???????? 004 /wiki/HauptHenkel
461442c.32 9d3727ba 6a88e8 s ???????? 026 /
46144af.44 d453a5ca 606c70 h ???????? 003 /plugins/community/uploadify/uploadify.css
46144af.94 44b4e59c aec21f h ???????? 003 /wiki/WwWebLern
461463b.76 42f94048 043937 h ???????? 00e /wiki/RaKu
4614682.94 4e2e2319 7dfab1 h ???????? 002 //rss.jsp
4614682.c0 4e2e2319 7dfab1 h ???????? 002 //rss.jsp
46147ff.34 cf2e0d27 6a88e8 h ???????? 005 /wiki/HappyBirthdayQ2
461497e.f9 42f94058 d1bc37 s ???????? 00e /favicon.ico
4614ad0.30 d8f442fa 2e51d1 h ???????? 003 /robots.txt
4615080.90 5f6cb561 e4b041 h ???????? 002 /robots.txt
4615084.70 5f6cb561 e4b041 h ???????? 027 /
4615362.bb 2ee5a462 2e29b5 h ???????? 00b /robots.txt
4615374.78 d94585d9 399ff9 h ???????? 002 /robots.txt
4615379.c8 d94585d8 399ff9 h ???????? 004 /wiki/SaSiSu
461537f.72 d94585db 399ff9 h ???????? 002 /wiki
4615384.a0 d94585d9 399ff9 h ???????? 002 /t
461538a.4a d94585d8 399ff9 h ???????? 004 /wiki/ImPressum
4615390.2d d94585d9 399ff9 h ???????? 005 /wiki/JamesSimons
4615395.ed d94585db 399ff9 h ???????? 003 /cast/
461539c.6b d94585d8 399ff9 h ???????? 004 /wiki/BetOrBett
46153a3.68 d9458543 399ff9 h ???????? 005 /wiki/FaustFrage
46153ab.54 d94585db 399ff9 h ???????? 005 /wiki/AtEm
46153b3.53 d94585d9 399ff9 h ???????? 005 /wiki/ParDon
46153b9.f1 d9458555 399ff9 h ???????? 004 /wiki/AmTor
46153c1.1b d9458555 399ff9 h ???????? 003 /now
46153c7.b9 d9458555 399ff9 h ???????? 005 /wiki/ReFriend
46153cf.21 d9458543 399ff9 h ???????? 005 /wiki/HaSt
46153d6.31 d9458543 399ff9 h ???????? 005 /wiki/MartinOne
4615518.87 2f5bd7f6 eaf401 h ???????? 01d /
461564d.a6 42f95987 70a047 h ???????? 003 //rss.rdf
4615ae2.23 cf2e0d27 6a88e8 h ???????? 01d /
4615e84.75 8d14d959 5ec1d2 s ???????? 01f /
4615ece.93 58cf1039 1bc7ab h ???????? 020 /
4615ece.e2 d8f442fa 2e51d1 h ???????? 004 //robots.txt
461618c.4a 6d3fbd8f 2a54bd h ???????? 01e /
461625e.21 a3acc079 eaf401 s ???????? 003 /a2billing/common/javascript/misc.js
46163d1.7b 3ed29d5f c37fd8 h ???????? 003 //robots.txt
46163d4.c0 3ed29d5f c37fd8 h ???????? 004 //wiki/RainerWasserfuhrCvEn:
461677d.e8 26633e5d 99cc80 h ???????? 022 /
46167fb.8d 42f94046 043937 h ???????? 005 /wiki/MaAm
4616988.f0 d94585da 399ff9 h ???????? 003 /robots.txt
461698f.6b d94585d7 399ff9 h ???????? 002 /wiki/NooPolis
4616994.af d9458543 399ff9 h ???????? 002 /wiki/DalvikVm
461699a.3b d94585d9 399ff9 h ???????? 001 /tv
461699f.21 d9458555 399ff9 h ???????? 002 /wiki/DogBagBarbie
46169a4.af d9458543 399ff9 h ???????? 002 /wiki/FzMk
46169ab.91 d453a5ca 606c70 h ???????? 001 //plugins/community/uploadify/uploadify.css
46170c8.60 8d14d959 5ec1d2 s ???????? 013 /
4617be6.77 42f9598b 70a047 h ???????? 001 //rss.rdf
4617f64.59 d9458543 399ff9 h ???????? 001 /robots.txt
4617f6c.7e d94585d8 399ff9 h ???????? 001 /cal
4617f73.fc d9458555 399ff9 h ???????? 002 /wiki/BedBack
4617f7a.78 d94585d7 399ff9 h ???????? 002 /wiki/MarNie
4617f80.fc d94585d7 399ff9 h ???????? 002 /wiki/EndMontage
4617f88.0d d94585d7 399ff9 h ???????? 003 /wiki/LifeDay16181
4617f8f.d1 d94585d9 399ff9 h ???????? 002 /wiki/FandWitCh
4617f97.c6 d9458543 399ff9 h ???????? 002 /wiki/BleField
4617fa0.97 d94585da 399ff9 h ???????? 002 /wiki/SingularityUniversity
4617fab.1c d94585d9 399ff9 h ???????? 002 /wiki/ChenLen
4617fb4.93 d94585da 399ff9 h ???????? 002 /wiki/RalfLippold
46183dd.13 9d3727ba 6a88e8 s ???????? 018 /
461855f.95 bc285186 7dfab1 h ???????? 001 //rss.jsp
461855f.b6 bc285186 7dfab1 h ???????? 001 //rss.jsp
461886e.dc bc285186 7dfab1 h ???????? 003 //rss.jsp
461886e.fe bc285186 7dfab1 h ???????? 001 //rss.jsp
46189ad.83 a77267b5 c40cd6 h ???????? 01a /
46189ae.04 a77267b5 e8f7bd h ???????? 015 /
46189bb.57 42f94046 043937 h ???????? 002 /wiki/FutureGame
4618e37.8d bc285186 7dfab1 h ???????? 001 //rss.jsp
4618e37.b2 bc285186 7dfab1 h ???????? 001 //rss.jsp
4618e3a.92 bc285186 7dfab1 h ???????? 001 //rss.jsp
4618e3a.b3 bc285186 7dfab1 h ???????? 001 //rss.jsp
46193ec.50 42660986 002725 h ???????? 002 /favicon.ico
4619559.d9 d9458554 399ff9 h ???????? 002 /robots.txt
461955f.79 d94585d8 399ff9 h ???????? 001 /arb
4619565.93 d9458543 399ff9 h ???????? 002 /wiki/WelCome
461956b.0a d94585db 399ff9 h ???????? 001 /NoOs
4619570.6e d94585d8 399ff9 h ???????? 002 /wiki/WikiWall
4619577.b2 d94585d9 399ff9 h ???????? 002 /wiki/ToMo
461957e.bc d94585d8 399ff9 h ???????? 002 /wiki/ThreeMai
4619584.dc d9458554 399ff9 h ???????? 002 /wiki/516001
461958b.5a d94585d9 399ff9 h ???????? 001 /StarTime
4619594.10 d94585d7 399ff9 h ???????? 003 /wiki/LifeDay16319
461959c.66 d94585db 399ff9 h ???????? 002 /wiki/BleibMir
46195a4.27 d94585db 399ff9 h ???????? 002 /wiki/DanScho
46195ac.3d d9458555 399ff9 h ???????? 003 /wiki/TouchOs
46195b4.09 d94585d9 399ff9 h ???????? 003 /wiki/ProPeh
46195bc.dc d94585d9 399ff9 h ???????? 002 /FloatingBoats
46195c5.2c d9458543 399ff9 h ???????? 001 /system
46195cc.e0 d9458554 399ff9 h ???????? 003 /wiki/CitiZen
4619bb3.43 42f95987 70a047 h ???????? 002 //rss.rdf
461a07f.54 9d372708 6a88e8 h ???????? 002 //robots.txt
461ab4b.6f d94585da 399ff9 h ???????? 001 /robots.txt
461ab51.57 d94585d9 399ff9 h ???????? 003 /wiki/ImPrint
461ab55.78 d9458555 399ff9 h ???????? 003 /wiki/EdnaParker
461ab5a.66 d94585d8 399ff9 h ???????? 009 /wiki/HagenStanek
461ab5f.a0 d9458543 399ff9 h ???????? 002 /wiki/MargittaKorn
461ab65.1b d94585d7 399ff9 h ???????? 003 /wiki/LifeDay
461ab6a.fb d9458543 399ff9 h ???????? 003 /wiki/PartOf
461ab71.3c d94585d9 399ff9 h ???????? 003 /wiki/EtAl
461ab78.79 d94585d9 399ff9 h ???????? 003 /wiki/SuHe
461ab7b.ea a4843451 eb026b s ???????? 002 /bcHead
461ab7b.97 42f94050 043937 s ???????? 148 /sh
461ab80.3b d94585d8 399ff9 h ???????? 002 /wiki/SoBist
461ac44.8d cf2e0d39 6a88e8 h ???????? 016 /
