470012d.6e 42f942da 043937 h ???????? 002 /crush
4700205.cc bc285186 7dfab1 h ???????? 002 //rss.jsp
4700205.f1 bc285186 7dfab1 h ???????? 001 //rss.jsp
4700295.ba bc285186 7dfab1 h ???????? 002 //rss.jsp
4700295.e6 bc285186 7dfab1 h ???????? 002 //rss.jsp
4700458.ce 42f942d8 622963 h ???????? 002 /crush
470050f.71 b529cc8a dc1a18 h ???????? 01b /
4700510.39 b529cc8a dc1a18 h ???????? 001 //https://floatingboat2013.appspot.com
4700510.f0 b529cc8a dc1a18 h ???????? 002 //wiki/AlanTuring
4700512.34 b529cc8a dc1a18 h ???????? 002 //wiki/GottfriedWilhelmLeibniz
4700513.16 b529cc8a dc1a18 h ???????? 002 //https://floatingboat2013.appspot.com/UrPic
4700514.80 b529cc8a dc1a18 h ???????? 001 //https://floatingboat2013.appspot.com/ad
4700517.51 b529cc8a dc1a18 h ???????? 001 //https://sl4.eu/hls
4700517.fe b529cc8a dc1a18 h ???????? 002 //https://sl4.eu/ls
4700518.a5 b529cc8a dc1a18 h ???????? 002 //https://sl4.eu/sh
4700519.7d b529cc8a dc1a18 h ???????? 001 //https://www.youtube.com/watch
47008a2.45 cf2e0d7b 6a88e8 h ???????? 002 /wiki/RecentChanges
4700a8e.ad 362494c6 433e9c h ???????? 003 /wiki/StundenBuch
4700bbe.ed 8ac5680a 487ce2 h ???????? 01c /
4700be1.51 8ac5680a 58c083 h ???????? 001 /robots.txt
4700be9.45 8ac5680a 487ce2 s ???????? 142 /ls
4700be9.4d 8ac5680a 487ce2 s ???????? 12d /hls
4700be9.bf a4843451 eb026b s ???????? 002 /bcHead
4700be9.4a 8ac5680a 487ce2 s ???????? 1cc /sh
4700beb.6c 8ac5680a 487ce2 s ???????? 001 /AtJs
4700e17.58 42f942dc 043937 h ???????? 003 /wiki/StrukTuren
4700eda.a3 42f942dc 043937 h ???????? 003 /wiki/SteveJurvetson
47013a5.9c 1fdc2af7 161c85 h ???????? 002 //rss.rdf
47013aa.a1 5896e4da ea6e3c h ???????? 001 //rss.rdf
4701439.78 05024b0a 55c4a0 h ???????? 002 //rss.rdf
470153f.c3 42f95cdd 70a047 h ???????? 002 //rss.rdf
4701651.de a484a11a 433e9c h ???????? 002 /edit/25386001
4701f64.4b b44c0f9e fa643b h ???????? 007 /robots.txt
4701f65.49 b44c0f06 fa643b h ???????? 001 /robots.txt
4701f78.3a b44c0f19 a04d28 h ???????? 016 /
470209e.12 42f942c8 043937 h ???????? 003 /wiki/AndreasWeigend
4702200.43 a4845b03 9c68c9 s ???????? 016 /
4702419.9f 3ff68163 1066b4 h ???????? 002 /phpmyadmin/scripts/setup.php
4702598.f0 42f942c6 622963 h ???????? 002 /go
47026b3.bc 33ff4784 433e9c h ???????? 002 /edit/22346001
4702a07.92 d9b68499 433e9c h ???????? 002 /edit/30866001
4702ad8.80 9d37270a 6a88e8 h ???????? 017 /
4702e4d.74 0d38e541 c8c944 h ???????? 01d /
4702e7c.b0 33ff4770 433e9c h ???????? 002 /edit/31036001
4702eb1.ae 44b4e59c aec21f s ???????? 002 /robots.txt
4702eb2.d9 44b4e59c aec21f s ???????? 001 /ad
470317e.f4 36241840 ee113c h ???????? 017 /
470317f.33 36241840 ee113c h ???????? 002 //https://floatingboat2013.appspot.com
470317f.68 36241840 ee113c h ???????? 003 //wiki/AlanTuring
4703181.14 36241840 ee113c h ???????? 003 //wiki/GottfriedWilhelmLeibniz
4703181.4a 36241840 ee113c h ???????? 002 //https://floatingboat2013.appspot.com/UrPic
4703181.85 36241840 ee113c h ???????? 002 //https://floatingboat2013.appspot.com/ad
4703181.be 36241840 ee113c h ???????? 002 //https://sl4.eu/hls
4703181.e2 36241840 ee113c h ???????? 001 //https://sl4.eu/ls
4703182.0b 36241840 ee113c h ???????? 002 //https://sl4.eu/sh
4703182.36 36241840 ee113c h ???????? 008 //https://www.youtube.com/watch
4703261.aa 42f942c8 043937 h ???????? 004 /wiki/MacBookUnibody
470340c.40 c4d2f7de 8703f6 h ???????? 002 /administrator/index.php
4703c53.a3 bc286647 7dfab1 h ???????? 002 //rss.jsp
4703c53.cb bc286647 7dfab1 h ???????? 002 //rss.jsp
4703ee1.33 42f95cc7 70a047 h ???????? 002 //rss.rdf
4703fb5.30 42f942c8 043937 h ???????? 004 /wiki/ReView
470400f.4f a484a136 433e9c h ???????? 003 /wiki/SiggiWyrd
4704247.a2 8d088ed6 e4b041 h ???????? 002 /robots.txt
470424b.65 8d088ed6 e4b041 h ???????? 002 /robots.txt
47043a5.eb d8f442e5 2e51d1 h ???????? 002 /robots.txt
4704424.eb 42f942c8 043937 h ???????? 003 /wiki/HypnoticPoison
47044ad.f2 42f942c8 043937 h ???????? 004 /wiki/PippiLangstrumpf
47044c7.e6 42f942c8 043937 h ???????? 003 /wiki/AlbertEinstein
47047d2.8a d8f442e5 2e51d1 h ???????? 090 /hls
4704835.b0 bca5ea34 e3b0c4 h ???????? 003 /robots.txt
4704837.e1 bca5ea34 147e59 h ???????? 019 /
47049a2.64 42f942c6 043937 h ???????? 003 /wiki/TuDresden
4704a7a.8b bca5ea44 e3b0c4 h ???????? 002 /robots.txt
4704a7c.bf bca5ea44 934ca0 h ???????? 018 /
4704db5.74 44b4e56f aec21f h ???????? 003 //robots.txt
4704dc5.91 44b4e59c aec21f h ???????? 002 /robots.txt
4704dc6.2f 44b4e59c aec21f h ???????? 004 /wiki/RainerWasserfuhrCv
470511c.20 42f942c8 043937 h ???????? 003 /wiki/TransactionAnalyst
470511d.38 42f942ca 043937 h ???????? 004 /wiki/VillaVillekulla
470511f.a7 42f942ca 043937 h ???????? 004 /wiki/AstridLindgren
47052ab.6b d9b68406 433e9c h ???????? 002 /edit/30456002
4705390.59 42f942ca 043937 h ???????? 002 /wiki/SpectatorSports
47055e8.5d 42f942d0 043937 s ???????? 002 /wiki/HeldenPlatz
4705631.59 cf2e0dc0 6a88e8 s ???????? 001 /robots.txt
4705632.21 cf2e0dc0 6a88e8 s ???????? 001 /robots.txt
4705638.7a cf2e0d14 6a88e8 s ???????? 011 /
470582c.52 44b4e59c aec21f h ???????? 002 /wiki/UtMo
47058de.b3 42f942c8 043937 h ???????? 002 /wiki/ElbSpaziergang
470591a.63 056506aa 971257 h ???????? 011 /
4705a11.e4 42f942ca 043937 h ???????? 002 //robots.txt
4705b9a.b1 6baafd2c ef60d6 h ???????? 010 /
4705d1f.fb 17fd5292 ef32ab h ???????? 019 /
4706075.9c 42f942c6 043937 h ???????? 002 /wiki/ScientIst
47060a8.27 42f942c8 043937 h ???????? 006 /wiki/MonotheIsm
4706121.e7 b8ae3867 85c767 h ???????? 011 /
4706546.db 8e04d774 e3b0c4 h ???????? 002 /robots.txt
4706549.55 8e04d774 d9ec50 h ???????? 012 /
470667c.4b 42f95ccb 70a047 h ???????? 001 //rss.rdf
4706700.0f 42f942c8 043937 h ???????? 002 //wiki/RainerWasserfuhrCv
47067ab.7d 42f942c8 043937 h ???????? 003 /wiki/AnnoDomini2019
4706a38.cc b44c0f16 a04d28 h ???????? 016 /
4706ca0.3a 904c5097 cecd3a h ???????? 016 /
4706e47.ed 3624942a 433e9c h ???????? 001 /edit/25496002
4706e9d.21 364d6fd9 a0c9bf h ???????? 002 /robots.txt
4706e9e.18 364d6fd9 a0c9bf h ???????? 016 /1
4707055.76 9d372739 6a88e8 s ???????? 001 /robots.txt
4707058.05 36af86ec b5eaf4 h ???????? 002 /robots.txt
470705b.0f 9d372783 6a88e8 s ???????? 011 /
47070be.5e 2e6964b7 e3b0c4 h ???????? 002 /robots.txt
47070c6.0b 2e6964b7 9e065f h ???????? 018 /
4707147.17 05bc5707 1066b4 h ???????? 011 /
4707180.fc 36af86ec b5eaf4 h ???????? 002 /wiki/MindPost
4707758.bb 8d088ed6 e4b041 h ???????? 002 /robots.txt
470775c.8d 8d088ed6 e4b041 h ???????? 001 /robots.txt
470775e.78 57fae0d5 e4b041 h ???????? 001 /robots.txt
4707761.b5 57fae0d5 e4b041 h ???????? 002 /wiki/LockFutureSax
470796e.f0 42f942c6 043937 h ???????? 003 /wiki/DanielDrechsel
4708044.99 d9b68493 433e9c h ???????? 006 /edit/29186005
47080a7.8d d9b684ac 433e9c h ???????? 006 /edit/30136001
47084b9.4c a484a10d 433e9c h ???????? 002 /wiki/EdnaParker
47085be.a4 6baae0a6 ef60d6 h ???????? 012 /
4708611.90 42f95ccb 70a047 h ???????? 001 //rss.rdf
4708733.7d 42f942c6 043937 h ???????? 002 /t/robots.txt
47088b4.d7 33ff410f 433e9c h ???????? 002 /edit/25146003
4708a5b.ef 426606e5 002725 h ???????? 001 /favicon.ico
4708b32.3e 42f942c6 043937 h ???????? 002 /wiki/NealStephenson
4708fc3.62 42f95cc7 70a047 h ???????? 002 //rss.rdf
4709147.04 42f942c8 043937 h ???????? 002 /wiki/BookMark
4709267.a6 42f942ca 043937 h ???????? 003 /wiki/MindBrokerKg
47094b7.80 8d14d999 5ec1d2 s ???????? 019 /
47094b7.ff 8d14d999 5ec1d2 s ???????? 001 /favicon.ico
4709520.07 4a7d4c21 55c2cd h ???????? 002 //rss.rdf
470956c.09 42f942c8 043937 h ???????? 001 /t
4709af0.e5 d8f442c7 2e51d1 h ???????? 002 /robots.txt
4709cf5.b1 42f942c6 043937 h ???????? 002 /wiki/ChristianeKarg
470a002.57 42f942c6 043937 h ???????? 002 /wiki/TJxOy0Q
470a03c.ad 9d372739 6a88e8 s ???????? 002 /robots.txt
470a040.6e 9d372783 6a88e8 s ???????? 01a /
470a09a.59 5ba3ef13 c71b0b h ???????? 001 /stalker_portal/server/adm/users/users-list-json
470a09a.5a 5ba3ef13 c71b0b h ???????? 001 /stalker_portal/server/adm/tv-channels/iptv-list-json
470a169.61 da6c27d2 8703f6 h ???????? 002 /admin.php
470a16f.e8 a484a15a 433e9c h ???????? 001 /edit/26156002
470a206.fb 42f942c6 043937 h ???????? 002 /wiki/TcoAg
470a207.ef 42f942c8 043937 h ???????? 003 /wiki/GateInformatic
470a208.44 42f942c6 043937 h ???????? 002 /wiki/MueVa
470a21c.8b 42f942c6 043937 h ???????? 003 /wiki/DpIts
470a21c.fc 42f942c6 043937 h ???????? 002 /wiki/ItSoftdialog
470a225.67 42f942c6 043937 h ???????? 002 /wiki/TeCom
470a493.19 92b99040 1d5a65 h ???????? 014 /
470a70b.66 36249557 433e9c h ???????? 002 /wiki
470a7fc.28 9d372784 6a88e8 h ???????? 003 /wiki/CabiNet
470a8e9.a1 a5e3d062 6a9be8 s ???????? 01c /
470a90a.81 d8f442c7 2e51d1 h ???????? 001 /robots.txt
470ae81.b8 33ff4123 433e9c h ???????? 001 /edit/27166001
470aeb9.23 42f942c8 043937 h ???????? 003 /wiki/YvonneSchubert
470af87.9a b44c0f0a a04d28 h ???????? 002 /BollekeFarm
470b195.09 3ff68163 1066b4 h ???????? 002 /phpmyadmin/scripts/setup.php
470b6b5.96 4706cacc fee6c8 s ???????? 014 /
470b6f3.9c 9d372775 6a88e8 h ???????? 014 /
470b790.23 94fb362c c264d1 h ???????? 003 /wiki/SommerSchwatz
470b85d.4b 42f942c6 043937 h ???????? 002 /robots.txt
470ba4e.48 42f95cc9 70a047 h ???????? 002 //rss.rdf
470bdbf.3b 42f942ca 043937 h ???????? 003 /wiki/AndreasKersten
470be55.a5 42f942ca 043937 h ???????? 003 /wiki/BerndTiessen
470bee3.3a 33ff413e 433e9c h ???????? 015 /edit/19726001
470c051.a1 42f942ca 043937 h ???????? 002 /crush
470c07c.68 42f942ca 043937 h ???????? 003 /wiki/SchwarzRotGold
470c2dc.a9 36249554 433e9c h ???????? 002 /edit/30906004
470c2ef.82 a434188c 7a122d h ???????? 016 /
470c7e6.17 d8f442c7 2e51d1 h ???????? 003 /wiki/SingularAcademy
470cb38.3f b7a631ca 8703f6 h ???????? 002 /user/login
470cb53.76 a484a13f 433e9c h ???????? 001 /edit/30896001
470cb95.0b 3624953b 433e9c h ???????? 002 /edit/29426002
470cda9.c8 d9b684b0 433e9c h ???????? 002 /edit/29276001
470d23f.e2 42f942ca 043937 h ???????? 003 /wiki/WolfgangLehner
470d3ce.27 b038e073 76010e h ???????? 016 /
470d6d6.f5 cf2e0d14 6a88e8 s ???????? 016 /
470dff3.67 33ff415e 433e9c h ???????? 002 /edit/27396002
470e185.4f 3624947f 433e9c h ???????? 002 /edit/28316001
470e234.65 56389103 fcab86 h ???????? 016 /
470e234.ad 56389103 ca6332 h ???????? 002 /webdav
470e235.18 56389103 9cb3a1 h ???????? 01b /
470e235.51 56389103 9cb3a1 h ???????? 016 /
470e2ae.79 a484a137 433e9c h ???????? 003 /edit/29176004
470e403.25 42f942c6 043937 h ???????? 003 /wiki/MadlenWenerski
470e408.e1 36241840 ee113c h ???????? 01e /
470e409.36 36241840 ee113c h ???????? 002 //https://floatingboat2013.appspot.com
470e409.83 36241840 ee113c h ???????? 003 //wiki/AlanTuring
470e409.bd 36241840 ee113c h ???????? 003 //wiki/GottfriedWilhelmLeibniz
470e409.f6 36241840 ee113c h ???????? 001 //https://floatingboat2013.appspot.com/UrPic
470e40a.2c 36241840 ee113c h ???????? 001 //https://floatingboat2013.appspot.com/ad
470e40a.5b 36241840 ee113c h ???????? 001 //https://sl4.eu/hls
470e40a.89 36241840 ee113c h ???????? 008 //https://sl4.eu/ls
470e40a.b9 36241840 ee113c h ???????? 002 //https://sl4.eu/sh
470e40a.e2 36241840 ee113c h ???????? 002 //https://www.youtube.com/watch
470e49b.59 42f95cc7 70a047 h ???????? 002 //rss.rdf
470e4ce.79 36249508 433e9c h ???????? 002 /edit/21486001
470e4ed.96 a484a160 433e9c h ???????? 003 /wiki/LockMission
470e50f.0d c3167e93 cc9bbb h ???????? 017 /
470e6e3.af d8f442fa 2e51d1 h ???????? 002 //robots.txt
470e73b.43 9d372783 6a88e8 s ???????? 017 /
470e806.f8 9d372784 6a88e8 h ???????? 004 /wiki/MindSkill
470ea58.76 403efca3 b5eaf4 h ???????? 002 /robots.txt
470ea93.69 42f942ca 043937 h ???????? 002 /system/robots.txt
470f00a.11 4f8fb7a0 81ed02 h ???????? 003 //wiki/LockSchuppenBusinessPlan
470f161.1c d8f442c7 2e51d1 h ???????? 002 /robots.txt
470f47b.93 4f8fb7a0 81ed02 h ???????? 004 //wiki/LockSchuppenBusinessPlan
470f5c6.b6 42f942ca 043937 h ???????? 004 /wiki/ShookHandsWith
470f609.18 d8f442c7 2e51d1 h ???????? 01e /1
470fedd.78 abeea576 8703f6 h ???????? 003 /admin/index.php
