4770058.6e 4e1e030b ee113c h ???????? 017 /
4770059.40 4e1e030b ee113c h ???????? 003 //https://floatingboat2013.appspot.com
4770059.be 4e1e030b ee113c h ???????? 003 //wiki/AlanTuring
477005a.b2 4e1e030b ee113c h ???????? 004 //wiki/GottfriedWilhelmLeibniz
477005b.30 4e1e030b ee113c h ???????? 002 //https://floatingboat2013.appspot.com/UrPic
477005c.8e 4e1e030b ee113c h ???????? 002 //https://floatingboat2013.appspot.com/ad
477005c.f4 4e1e030b ee113c h ???????? 002 //https://sl4.eu/hls
477005d.d0 4e1e030b ee113c h ???????? 002 //https://sl4.eu/ls
4770060.19 4e1e030b ee113c h ???????? 002 //https://sl4.eu/sh
4770060.a0 4e1e030b ee113c h ???????? 002 //https://www.youtube.com/watch
4770465.e6 9d372759 6a88e8 h ???????? 004 /wiki/SecondHalfOfTheChessboard
47705dc.b2 42f942c8 043937 h ???????? 004 /wiki/ParFum
4770cff.26 36b038b0 409cdb h ???????? 002 /SemperGoettin
4770cff.27 36b038b0 ada233 h ???????? 002 /SuperCoderChallenge
4770eb7.81 5f6cb561 e4b041 h ???????? 001 /robots.txt
4770ebb.21 5f6cb561 e4b041 h ???????? 003 /wiki/RainerWasserfuhr
47711e2.28 9d37272d 6a88e8 s ???????? 011 /
47711fd.69 42f95ccb 70a047 h ???????? 001 //rss.rdf
4771451.3c 5896e4da 55c4a0 h ???????? 002 //rss.rdf
47714d9.d1 d5abdc98 a95ea1 h ???????? 001 //rss.rdf
47714df.96 57fae04d e4b041 h ???????? 001 /robots.txt
47714ea.0d d5abdca7 1669ae h ???????? 001 //rss.rdf
4771586.25 42f942ca 043937 h ???????? 002 /wiki/MuenchnerMesse
4771588.53 42f942c6 043937 h ???????? 002 /wiki/ReinerAnderl
4771589.d4 42f942c6 043937 h ???????? 002 /wiki/WildeOrgien
477158c.5e 42f942c8 043937 h ???????? 003 /wiki/ErastosFilos
477179f.b0 42f942c8 043937 h ???????? 002 /wiki/ProPhet
47717c0.c4 c7b476d1 dc1a18 h ???????? 016 /
47717c1.60 c7b476d1 dc1a18 h ???????? 001 //https://floatingboat2013.appspot.com
47717c2.29 c7b476d1 dc1a18 h ???????? 002 //wiki/AlanTuring
47717c2.e3 c7b476d1 dc1a18 h ???????? 003 //wiki/GottfriedWilhelmLeibniz
477182b.fe d8f442c7 2e51d1 h ???????? 001 /robots.txt
4771a52.24 17ed041a c1686e h ???????? 011 /
4771a54.88 17ed041a c1686e h ???????? 06b /hls
4771a57.3e 17ed041a c1686e h ???????? 062 /ls
4771a5a.1d a4843451 eb026b s ???????? 002 /bcHead
4771a59.f3 17ed041a c1686e h ???????? 0a6 /sh
4771a5c.83 17ed041a c1686e h ???????? 002 /wiki/GottfriedWilhelmLeibniz
4771a5e.e5 17ed041a c1686e h ???????? 002 /wiki/AlanTuring
4771a61.45 17ed041a c1686e h ???????? 001 /edit
4771ec1.04 a4843451 eb026b s ???????? 001 /bcHead
4771ec0.e1 d8f442c7 2e51d1 h ???????? 08e /sh
477201d.e2 b44c0f1e a04d28 h ???????? 003 /wiki/JspWiki
47721d8.6e cf2e0d3a 6a88e8 s ???????? 012 /
47723ff.fc 42f942c8 043937 h ???????? 003 /wiki/HerbertVonKarajan
4772401.02 42f942ca 043937 h ???????? 003 /wiki/LeibSeeleProblem
4772410.80 8d088e6f e4b041 h ???????? 003 /wiki/LockSchuppen
4772412.d2 42f942c8 043937 h ???????? 002 /wiki/BernhardStrasse
4772414.41 42f942c8 043937 h ???????? 002 /wiki/BeethovensSiebte
4772426.2b 42f942c6 043937 h ???????? 003 /wiki/ImPort
477243a.ed 42f942c6 043937 h ???????? 002 /wiki/BrinPath
4772453.3f 42f942c6 043937 h ???????? 002 /wiki/PlomWiki
4772471.a4 42f942ca 043937 h ???????? 003 /wiki/AndreiTarkovsky
47724b8.a6 42f942c8 043937 h ???????? 002 /wiki/PieschenArtMuseum
47724c2.a6 42f942c8 043937 h ???????? 002 /wiki/DanielsWikiCoding
47724cd.34 42f942c6 043937 h ???????? 002 /wiki/ChristopherSimpson
47724dc.fc 42f942c6 043937 h ???????? 006 /wiki/FbPage
47724f5.23 42f942c6 043937 h ???????? 002 /wiki/MindApi
4772500.98 cf2e0d3a 6a88e8 h ???????? 002 /wiki/EnterPrise
477250c.59 42f942c6 043937 h ???????? 002 /wiki/WikiWiki
4772523.a8 42f942c8 043937 h ???????? 007 /wiki/DanielBr
477253b.04 42f942c6 043937 h ???????? 002 /wiki/TypoThree
4772552.64 42f942c6 043937 h ???????? 003 /wiki/VolxBibel
4772569.d8 42f942c6 043937 h ???????? 003 /wiki/KippLader
4772581.73 42f942c6 043937 h ???????? 002 /wiki/BlauFabrik
4772599.19 42f942c8 043937 h ???????? 002 /wiki/ApacheWicket
47725b1.34 42f942c6 043937 h ???????? 002 /wiki/KonzeptKunst
47725ca.1c 42f942c6 043937 h ???????? 002 /wiki/GospelKirchenTag
47725df.45 42f942c6 043937 h ???????? 002 /wiki/ProSa
47725e9.0e 42f942c6 043937 h ???????? 003 /wiki/DoppelteStaatsbuergerschaft
4772963.34 42f942ca 043937 h ???????? 002 /wiki/ZukunftsForscher
4772c70.c1 5535545a 040ad3 h ???????? 013 /
4772c72.4a 5535545a 040ad3 h ???????? 002 //https://floatingboat2013.appspot.com
4772c73.b3 5535545a 040ad3 h ???????? 003 //wiki/AlanTuring
4772c74.f8 5535545a 040ad3 h ???????? 003 //wiki/GottfriedWilhelmLeibniz
4772c76.52 5535545a 040ad3 h ???????? 001 //https://floatingboat2013.appspot.com/UrPic
4772c77.d1 5535545a 040ad3 h ???????? 002 //https://floatingboat2013.appspot.com/ad
4772c79.42 5535545a 040ad3 h ???????? 001 //https://sl4.eu/hls
4772c7a.b8 5535545a 040ad3 h ???????? 001 //https://sl4.eu/ls
4772c7c.13 5535545a 040ad3 h ???????? 002 //https://sl4.eu/sh
4772c7d.a2 5535545a 040ad3 h ???????? 001 //https://www.youtube.com/watch
4772ca2.6b 6d666f56 dc1a18 h ???????? 014 /
4772ca2.b8 6d666f56 dc1a18 h ???????? 006 //https://floatingboat2013.appspot.com
4772ca3.01 6d666f56 dc1a18 h ???????? 003 //wiki/AlanTuring
4772ca3.4e 6d666f56 dc1a18 h ???????? 003 //wiki/GottfriedWilhelmLeibniz
4772ca3.9c 6d666f56 dc1a18 h ???????? 002 //https://floatingboat2013.appspot.com/UrPic
4772ca3.ea 6d666f56 dc1a18 h ???????? 002 //https://floatingboat2013.appspot.com/ad
4772ca4.39 6d666f56 dc1a18 h ???????? 002 //https://sl4.eu/hls
4772ca4.89 6d666f56 dc1a18 h ???????? 002 //https://sl4.eu/ls
4772ca4.d2 6d666f56 dc1a18 h ???????? 002 //https://sl4.eu/sh
4772ca5.1e 6d666f56 dc1a18 h ???????? 001 //https://www.youtube.com/watch
4773324.2b 42f942c6 043937 h ???????? 003 /wiki/DeSterrennacht
4773823.92 42f942ca 043937 h ???????? 002 /wiki/CoordinationView
4773827.f0 42f942c8 043937 h ???????? 003 /wiki/IsBn
4773b26.7a 42f942c8 043937 h ???????? 008 /wiki/MedienRevolution
4773b9e.3e cf2e0d10 6a88e8 h ???????? 015 /
4773bf5.db 42f95cc7 70a047 h ???????? 002 //rss.rdf
4773ea4.a6 9d372783 6a88e8 h ???????? 003 /wiki/StOlafEdu
4774169.45 9d372735 6a88e8 h ???????? 002 /robots.txt
477416e.07 284da718 6a88e8 h ???????? 01b /
4774309.2a 44b4e59c aec21f s ???????? 002 /robots.txt
477430a.1a 44b4e59c aec21f s ???????? 003 /wiki/JaBoe
4774ce9.e5 42f942c8 043937 h ???????? 002 /wiki/NachVereinBarung
4775ead.3e 42f942c8 043937 h ???????? 004 /wiki/ManagingDirector
4776465.9c 42f95cc7 70a047 h ???????? 002 //rss.rdf
477646f.cd 68839370 a8c6c1 h ???????? 003 //wiki/lockschuppen
4776d17.50 b44c0f17 fa643b h ???????? 008 /crush
4776d17.52 b44c0f89 fa643b h ???????? 001 /crush
4777070.bf 42f942c8 043937 h ???????? 003 /wiki/MutungsIntervall
4777523.c2 b44c0f92 a04d28 h ???????? 003 /wiki/LockOfficeAnfahrt
4777817.c7 47068e55 ef60d6 h ???????? 01c /
4777ab7.88 b44c0f0b a04d28 h ???????? 002 /crush
4778234.17 42f942c6 043937 h ???????? 003 /wiki/TwoLetterAcronym
477875d.fb 5eb52da6 c97400 h ???????? 017 /
47787a0.08 c6f0664e 7c2005 h ???????? 014 /
4778b99.cc 4246dae9 12bd58 h ???????? 002 /vendor/phpunit/phpunit/src/Util/Filter.php
4778baa.6d 5794b3fe 35290f h ???????? 003 /wiki/AlexanderPannhorst
4778d0a.22 9d372735 6a88e8 s ???????? 002 /robots.txt
4778d0e.f0 cf2e0d3a 6a88e8 s ???????? 01c /
4778d4e.10 b96457f5 011120 s ???????? 016 /
4778d4e.9a 42f95ccb 70a047 h ???????? 002 //rss.rdf
4778dbc.1b 4e2e2319 7dfab1 h ???????? 002 //rss.jsp
4778dbc.49 4e2e2319 7dfab1 h ???????? 002 //rss.jsp
4778f4e.f8 36523711 12df02 h ???????? 002 /ads.txt
4778fb6.09 54268644 ee113c h ???????? 015 /
4778fb7.3c 54268644 ee113c h ???????? 002 //https://floatingboat2013.appspot.com
4778fb8.ba 54268644 ee113c h ???????? 003 //wiki/AlanTuring
4778fb9.0f 54268644 ee113c h ???????? 003 //wiki/GottfriedWilhelmLeibniz
4778fb9.6b 54268644 ee113c h ???????? 001 //https://floatingboat2013.appspot.com/UrPic
4778fba.00 54268644 ee113c h ???????? 002 //https://floatingboat2013.appspot.com/ad
4778fba.57 54268644 ee113c h ???????? 002 //https://sl4.eu/hls
4778fbd.27 54268644 ee113c h ???????? 002 //https://sl4.eu/ls
4778fbd.7d 54268644 ee113c h ???????? 002 //https://sl4.eu/sh
4778fc1.49 54268644 ee113c h ???????? 002 //https://www.youtube.com/watch
47793f7.9d 42f942ca 043937 h ???????? 003 /wiki/DiskussionsForum
477949a.db 8d088ed6 e4b041 h ???????? 002 /robots.txt
477949e.cd 8d088ed6 e4b041 h ???????? 002 /robots.txt
47794f4.d0 8d088ed6 e4b041 h ???????? 002 /robots.txt
47798ef.a8 5f6cb561 e4b041 h ???????? 003 /robots.txt
47798f3.87 5f6cb561 e4b041 h ???????? 017 /
4779ffe.0d 57fae04d e4b041 h ???????? 003 /robots.txt
477a001.e2 57fae04d e4b041 h ???????? 002 /robots.txt
477a3ca.61 284da736 6a88e8 h ???????? 017 /
477a5ba.c7 42f942c6 043937 h ???????? 003 /wiki/KleinZschachwitz
477a625.a2 57fae04d e4b041 h ???????? 003 /robots.txt
477a71d.49 5f6cb561 e4b041 h ???????? 002 /feed
477b005.94 c047f553 c1d740 h ???????? 009 //rss.rdf
477b4b5.fb c73a56d1 028fc4 h ???????? 002 /robots.txt
477b4b7.98 c73a56d1 028fc4 h ???????? 018 /
477b670.da 42f95cc9 70a047 h ???????? 002 //rss.rdf
477b77e.11 42f942ca 043937 h ???????? 004 /wiki/SaechsischZeitung
477ba2c.25 44b4e59c aec21f h ???????? 002 /robots.txt
477ba2c.d7 44b4e59c aec21f h ???????? 003 /wiki/CockerWiese
477ba43.cd 68ed5694 6c64a2 h ???????? 018 /
477bac3.08 118e9fb9 4d4314 h ???????? 002 /robots.txt
477bac3.53 118e9fb9 4d4314 h ???????? 018 /1
477bb71.d1 284da74e 6a88e8 s ???????? 018 /
477bea9.3b a434188c 7a122d h ???????? 018 /
477c612.e0 2ee5a465 2e29b5 h ???????? 001 /robots.txt
477c754.4d d8f442c7 2e51d1 h ???????? 001 /robots.txt
477c941.6f 42f942c6 043937 h ???????? 002 /wiki/WeinheimerTriaden
477c9f2.84 44b4e59c aec21f s ???????? 002 /wiki/AnSc
477cb84.54 cf2e0d3a 6a88e8 s ???????? 010 /
477cbe6.98 2ee5a843 2e29b5 h ???????? 002 /wiki/NullenUndEinsen
477cbfe.f7 2ee5a850 2e29b5 h ???????? 002 /wiki/DashBoard
477cc0b.c8 2ee5a84c 2e29b5 h ???????? 002 /wiki/SiggiBecker
477cc1f.ce 2ee5a850 2e29b5 h ???????? 002 /wiki/CaughtInTheShell
477cc32.bc 2ee5a847 2e29b5 h ???????? 002 /wiki/UrbuPedia
477cc43.3b b44c0f89 a04d28 h ???????? 011 /
477cc46.0f 2ee5a84d 2e29b5 h ???????? 002 /wiki/SemperComputing101
477cc5a.03 2ee5a845 2e29b5 s ???????? 010 /
477cc6f.73 2ee5a846 2e29b5 h ???????? 001 /wiki/UnterNehmen
477cc7d.a3 2ee5a842 2e29b5 h ???????? 002 /wiki/WhoCares
477cc8d.5c 2ee5a84e 2e29b5 h ???????? 002 /wiki/JavaNio
477cca1.58 2ee5a84b 2e29b5 s ???????? 002 /wiki/RainerWasserfuhr
477ccae.ba 2ee5a847 2e29b5 h ???????? 002 /wiki/FbNot
477ccbf.bb 2ee5a848 2e29b5 h ???????? 002 /wiki/AriEs
477ccd6.f3 2ee5a849 2e29b5 h ???????? 002 /wiki/AboutBlank
477cce8.c7 2ee5a847 2e29b5 h ???????? 002 /wiki/SoFar
477ccf9.9f 2ee5a84c 2e29b5 h ???????? 003 /wiki/NepTun
477cd08.a3 2ee5a84f 2e29b5 h ???????? 002 /wiki/UcJH
477cd24.8f 2ee5a84a 2e29b5 h ???????? 006 /wiki/GitScm
477cd31.b4 2ee5a846 2e29b5 h ???????? 003 /wiki/SiBe
477cd40.1d 2ee5a84e 2e29b5 h ???????? 002 /wiki/DrFloyd
477cd54.eb 2ee5a84b 2e29b5 h ???????? 002 /wiki/SqLite
477cd65.3b 2ee5a84c 2e29b5 h ???????? 002 /wiki/WohnSitz
477cd7b.43 2ee5a846 2e29b5 h ???????? 002 /wiki/ShaleGas
477cd8e.50 2ee5a844 2e29b5 h ???????? 002 /wiki/AtomFeed
477cda2.ba 2ee5a841 2e29b5 h ???????? 002 /wiki/ChristianGuenzl
477cdb3.53 2ee5a84d 2e29b5 h ???????? 016 /
477cdc1.93 2ee5a84c 2e29b5 h ???????? 002 /wiki/BaumGaertel
477cdd4.10 2ee5a844 2e29b5 h ???????? 002 /wiki/SpaceFile
477cde8.63 2ee5a844 2e29b5 h ???????? 002 /wiki/BlueScreen
477cdf5.39 2ee5a842 2e29b5 h ???????? 002 /wiki/LinieSechs
477ce0b.c3 2ee5a844 2e29b5 h ???????? 002 /wiki/HcStroebele
477ce22.65 2ee5a84b 2e29b5 h ???????? 002 /wiki/HhJH
477ce31.18 2ee5a84e 2e29b5 h ???????? 002 /wiki/DosBox
477ce3e.9a 2ee5a84d 2e29b5 h ???????? 012 /1
477ce51.df 2ee5a845 2e29b5 h ???????? 002 /wiki/IccId
477ce65.31 2ee5a84c 2e29b5 h ???????? 002 /wiki/ThomasHenzinger
477ce78.c9 2ee5a84e 2e29b5 h ???????? 002 /wiki/EdSn
477ce89.ae 2ee5a850 2e29b5 h ???????? 002 /wiki/GoogleTime
477ce9d.30 2ee5a84a 2e29b5 h ???????? 012 /
477ceaf.c3 2ee5a850 2e29b5 h ???????? 002 /wiki/RevNum
477cec0.89 2ee5a84e 2e29b5 h ???????? 002 /wiki/MindOne
477ced1.ad 2ee5a842 2e29b5 h ???????? 002 /wiki/LifeDay16209
477cee5.8e 2ee5a843 2e29b5 h ???????? 002 /wiki/FaCa
477cefa.ed 2ee5a84d 2e29b5 h ???????? 002 /wiki/AngelaGott
477cf08.c2 2ee5a844 2e29b5 h ???????? 002 /wiki/DataConscious
477cf19.c6 2ee5a850 2e29b5 h ???????? 003 /wiki/RsWipp
477cf2d.a0 2ee5a84c 2e29b5 h ???????? 002 /wiki/RayBlue
477cf47.fb 2ee5a84a 2e29b5 h ???????? 002 /wiki/QvH
477cf4f.94 2ee5a84a 2e29b5 h ???????? 003 /wiki/QvH
477cf54.53 2ee5a84c 2e29b5 h ???????? 002 /wiki/FilterInputStream
477cf64.6b 2ee5a84d 2e29b5 h ???????? 002 /wiki/RePost
477cf76.e6 2ee5a84b 2e29b5 h ???????? 003 /wiki/DvbTram2506
477cf92.b5 2ee5a846 2e29b5 h ???????? 003 /wiki/FireFox
477cfa9.87 2ee5a84e 2e29b5 h ???????? 003 /wiki/OpeningLecture
477cfb4.c2 2ee5a847 2e29b5 h ???????? 002 /wiki/FuffiApp
477cfc7.37 2ee5a848 2e29b5 h ???????? 002 /wiki/TomHenzinger
477cfd2.6a 2ee5a841 2e29b5 h ???????? 003 /wiki/TerraDrive
477cfe8.1e 2ee5a849 2e29b5 h ???????? 002 /wiki/AacTla
477d000.d2 2ee5a84e 2e29b5 h ???????? 002 /wiki/RainerTest
477d00e.09 2ee5a844 2e29b5 h ???????? 002 /wiki/CastHash
477d025.f6 2ee5a847 2e29b5 h ???????? 002 /wiki/SklavenZentrale
477d031.98 2ee5a843 2e29b5 h ???????? 002 /wiki/IrSco
477d03f.f1 2ee5a841 2e29b5 h ???????? 013 /
477d050.32 2ee5a84b 2e29b5 h ???????? 003 /wiki/HappyBirthday
477d067.fb 2ee5a842 2e29b5 h ???????? 003 /wiki/MindMark
477d082.34 2ee5a847 2e29b5 h ???????? 002 /wiki/KurzweilVortrag
477d093.db 2ee5a842 2e29b5 h ???????? 002 /wiki/IsA
477d0a7.68 2ee5a84d 2e29b5 h ???????? 003 /wiki/JavaBug
477d206.78 a4845b03 c62ed2 h ???????? 014 /
477d580.10 26633e5d 99cc80 h ???????? 014 /
477dab3.13 118e9fb9 4d4314 h ???????? 014 /
477dab5.f7 d9b6c850 98a902 s ???????? 013 /
477dada.10 d9b6c850 98a902 s ???????? 0db /ls
477dada.12 d9b6c850 98a902 s ???????? 0f2 /hls
477db04.d7 42f942c8 043937 h ???????? 002 /wiki/PulsnitzerStrasse
477df68.34 bc285186 7dfab1 h ???????? 002 //rss.jsp
477df68.60 bc285186 7dfab1 h ???????? 001 //rss.jsp
477e00e.19 b44c0f10 a04d28 h ???????? 003 /wiki/LockOffice
477e026.53 42f95cc9 70a047 h ???????? 002 //rss.rdf
477e078.6a bc285186 7dfab1 h ???????? 002 //rss.jsp
477e078.98 bc285186 7dfab1 h ???????? 002 //rss.jsp
477e10e.4f 44b4e56f aec21f h ???????? 002 //robots.txt
477e10f.84 44b4e59c aec21f h ???????? 003 /wiki/EdgarSchein
477e1db.b6 bc285186 7dfab1 h ???????? 002 //rss.jsp
477e1db.e5 bc285186 7dfab1 h ???????? 002 //rss.jsp
477e1e3.35 bc285186 7dfab1 h ???????? 002 //rss.jsp
477e1e3.5a bc285186 7dfab1 h ???????? 002 //rss.jsp
477e4e2.13 284da736 6a88e8 h ???????? 01c /
477e536.13 d8f442c7 2e51d1 h ???????? 003 /wiki/LockOfficeAnfahrt
477e722.e1 050393c2 d0aa1e h ???????? 015 /
477e727.97 050393c2 d0aa1e h ???????? 001 /feel/4
477e727.ab 050393c2 d0aa1e h ???????? 002 /alive/4
477e72b.d0 050393c2 d0aa1e h ???????? 002 /feel/8
477e72b.d2 050393c2 d0aa1e h ???????? 002 /alive/8
477eab4.5e 284da736 6a88e8 h ???????? 01d /
477ecc8.5d 42f942c6 043937 h ???????? 002 /robots.txt
477ecc8.9c 42f942c6 043937 h ???????? 003 /wiki/FranzMuentefering
477ecdd.e1 b0352b31 b73187 h ???????? 01e /
477f370.0f c39a2e41 dc1a18 h ???????? 016 /
477f370.37 c39a2e41 dc1a18 h ???????? 002 //https://floatingboat2013.appspot.com
477f370.58 c39a2e41 dc1a18 h ???????? 003 //wiki/AlanTuring
477f370.7c c39a2e41 dc1a18 h ???????? 003 //wiki/GottfriedWilhelmLeibniz
477f370.9e c39a2e41 dc1a18 h ???????? 002 //https://floatingboat2013.appspot.com/UrPic
477f370.bf c39a2e41 dc1a18 h ???????? 002 //https://floatingboat2013.appspot.com/ad
477f370.e0 c39a2e41 dc1a18 h ???????? 002 //https://sl4.eu/hls
477f371.03 c39a2e41 dc1a18 h ???????? 002 //https://sl4.eu/ls
477f371.2e c39a2e41 dc1a18 h ???????? 001 //https://sl4.eu/sh
477f371.50 c39a2e41 dc1a18 h ???????? 002 //https://www.youtube.com/watch
477fe8b.d3 42f942d0 043937 s ???????? 002 /robots.txt
477fe8c.5b 42f942d4 043937 s ???????? 003 /wiki/DbLp
