47a01ac.0e 42f94b82 043937 s ???????? 003 /wiki/HorstKoehler
47a03f5.ca d5abdc98 a95ea1 h ???????? 002 //rss.rdf
47a03f9.35 c047f553 161c85 h ???????? 003 //rss.rdf
47a0480.20 5896e4da 6314aa h ???????? 002 //rss.rdf
47a0c1a.49 d9458543 399ff9 h ???????? 002 /robots.txt
47a0c22.f4 d94585db 399ff9 h ???????? 011 /wiki/119001
47a136f.17 42f94b84 043937 s ???????? 002 /wiki/WissenSchafft
47a143e.8d d8f442fa 2e51d1 h ???????? 001 //robots.txt
47a1d11.02 8ba27246 976046 h ???????? 013 /
47a1d11.3d 36249653 433e9c h ???????? 001 /robots.txt
47a2207.89 42f95bcd 70a047 h ???????? 001 //rss.rdf
47a237a.9c 9d3727ee 6a88e8 h ???????? 013 /
47a23af.44 50524d21 a397c6 h ???????? 010 /
47a23b2.20 50524d21 ca0366 h ???????? 001 /favicon.ico
47a2531.ae 42f94b8c 043937 h ???????? 002 /wiki/MichelHouellebecq
47a288f.98 5f6cb561 e4b041 h ???????? 002 /robots.txt
47a2893.7b 5f6cb561 e4b041 h ???????? 002 /wiki/TonyBates
47a2a90.a2 c0223ee7 646bf4 h ???????? 016 /
47a2a90.ef c0223ee7 646bf4 h ???????? 001 /script
47a2a91.6b c0223ee7 646bf4 h ???????? 001 /jenkins/script
47a2a91.d1 c0223ee7 646bf4 h ???????? 001 /hudson/script
47a2a92.21 c0223ee7 646bf4 h ???????? 001 /login
47a2a92.85 c0223ee7 646bf4 h ???????? 001 /jenkins/login
47a2a92.e9 c0223ee7 646bf4 h ???????? 002 /hudson/login
47a2a93.49 c0223ee7 646bf4 h ???????? 001 /jmx-console
47a2a93.ec c0223ee7 646bf4 h ???????? 015 /
47a2a94.5c c0223ee7 646bf4 h ???????? 016 /
47a2a94.b9 c0223ee7 646bf4 h ???????? 006 /manager/html
47a2a95.17 c0223ee7 646bf4 h ???????? 012 /
47a2a95.6e c0223ee7 646bf4 h ???????? 011 /
47a2a95.c1 c0223ee7 646bf4 h ???????? 002 /msd
47a2a96.19 c0223ee7 646bf4 h ???????? 002 /mySqlDumper
47a2a96.69 c0223ee7 646bf4 h ???????? 001 /msd1.24stable
47a2a96.c0 c0223ee7 646bf4 h ???????? 002 /msd1.24.4
47a2a97.53 c0223ee7 646bf4 h ???????? 001 /mysqldumper
47a2a97.b6 c0223ee7 646bf4 h ???????? 002 /MySQLDumper
47a2a98.20 c0223ee7 646bf4 h ???????? 002 /mysql
47a2a98.7a c0223ee7 646bf4 h ???????? 001 /sql
47a2a98.c5 c0223ee7 646bf4 h ???????? 001 /phpmyadmin
47a2a99.16 c0223ee7 646bf4 h ???????? 002 /phpMyAdmin
47a2a99.63 c0223ee7 646bf4 h ???????? 002 /mysql
47a2a99.b2 c0223ee7 646bf4 h ???????? 002 /sql
47a2a9a.1b c0223ee7 646bf4 h ???????? 001 /myadmin
47a2a9a.7d c0223ee7 646bf4 h ???????? 002 /phpMyAdmin-4.2.1-all-languages
47a2a9a.cc c0223ee7 646bf4 h ???????? 002 /phpMyAdmin-4.2.1-english
47a2a9b.1f c0223ee7 646bf4 h ???????? 015 /
47a2a9b.75 c0223ee7 646bf4 h ???????? 002 /sqlite/main.php
47a2a9b.d5 c0223ee7 646bf4 h ???????? 002 /SQLite/SQLiteManager-1.2.4/main.php
47a2a9c.22 c0223ee7 646bf4 h ???????? 006 /SQLiteManager-1.2.4/main.php
47a2a9c.71 c0223ee7 646bf4 h ???????? 002 /sqlitemanager/main.php
47a2a9c.c3 c0223ee7 646bf4 h ???????? 001 /SQlite/main.php
47a2a9d.40 c0223ee7 646bf4 h ???????? 002 /SQLiteManager/main.php
47a2d49.fd 4e2e2319 7dfab1 h ???????? 002 //rss.jsp
47a2d4a.24 4e2e2319 7dfab1 h ???????? 001 //rss.jsp
47a2f7b.32 aafbc8a6 4d66c0 h ???????? 003 //wiki/RainerWasserfuhrCvEn
47a32da.23 aafbc8a6 4d66c0 h ???????? 003 //wiki/RainerWasserfuhrCvEn
47a36f4.c0 42f94b88 043937 h ???????? 003 /wiki/WolfgangSchaeuble
47a3b31.52 05bcd31a 5484ba h ???????? 003 /wiki/RainerWasserfuhr
47a3b36.95 4706cac6 aadf09 h ???????? 001 /ccvv
47a479a.ca b44c0f22 a04d28 h ???????? 003 /wiki/FutureLab2056
47a48b7.da 42f945e9 043937 h ???????? 003 /wiki/FluegelwegBruecke
47a4ad0.c1 42f9576f 70a047 h ???????? 002 //rss.rdf
47a4c59.9b 284da7bc 6a88e8 s ???????? 014 /
47a4cf0.b5 c4342b76 c5c81c h ???????? 01a /
47a500b.b6 8494110b 646bf4 h ???????? 01e /
47a50dc.a8 44b4e56f aec21f h ???????? 001 //robots.txt
47a50dd.c6 44b4e59c aec21f h ???????? 002 /robots.txt
47a50de.a5 44b4e59c aec21f h ???????? 003 /wiki/CreateYourself
47a58ff.3c 904c61b1 0ad18e h ???????? 014 /
47a5a7a.d8 42f945ed 043937 h ???????? 003 /wiki/FiveLetterAcronym
47a5fdd.30 ac686c6d 1066b4 h ???????? 01e /
47a619e.14 88f3494c 028fc4 h ???????? 002 //robots.txt
47a61a1.2c 88f3494c 028fc4 h ???????? 003 //wiki/%25s
47a61a8.11 88f3494c 028fc4 h ???????? 003 //wiki/%3C%25=session.getAttribute(
47a61ad.32 88f3494c 028fc4 h ???????? 003 //wiki/AnneWillSingulari%E2%80%A6
47a61b2.36 88f3494c 028fc4 h ???????? 003 //wiki/DresdenWiFi%E2%80%9C
47a61b7.2e 88f3494c 028fc4 h ???????? 002 //wiki/DresdenWiFi
47a61bc.5a 88f3494c 028fc4 h ???????? 003 //wiki/LockSchuppen.%C2%A0
47a61c1.5d 88f3494c 028fc4 h ???????? 003 //wiki/LockSchuppen.%C3%82%C2%A0
47a63d1.53 403efca4 b5eaf4 h ???????? 001 /robots.txt
47a670b.70 284da727 6a88e8 h ???????? 015 /
47a675e.83 cd8b8d36 209ef4 h ???????? 001 //rss.rdf
47a6c3d.c5 42f945eb 043937 h ???????? 003 /wiki/VirtuelleOekonomie
47a6d40.b8 9d372735 6a88e8 h ???????? 002 /robots.txt
47a6d42.e7 9d3727ee 6a88e8 h ???????? 015 /
47a6ef1.b1 5f6cb561 e4b041 h ???????? 002 /robots.txt
47a6ef5.98 5f6cb561 e4b041 h ???????? 002 /cal
47a7190.9c 42f9576f 70a047 h ???????? 002 //rss.rdf
47a7431.8a 36eb14dd c76db1 h ???????? 002 /robots.txt
47a7431.db 36eb14dd c76db1 h ???????? 016 /
47a782c.bb 26633e5d 99cc80 h ???????? 01d /
47a7d1a.8c 5896e4da ea6e3c h ???????? 002 //rss.rdf
47a7d55.37 a4843451 eb026b s ???????? 003 /bcHead
47a7d54.ff b44c0f94 a04d28 s ???????? 0de /sh
47a7da4.0d 5896e4da 55c4a0 h ???????? 002 //rss.rdf
47a7e01.14 42f945eb 043937 h ???????? 004 /wiki/SevenLetterAcronym
47a7edc.19 bc285186 7dfab1 h ???????? 002 //rss.jsp
47a7edc.42 bc285186 7dfab1 h ???????? 002 //rss.jsp
47a7f84.49 5631bc86 670234 h ???????? 002 //wp-includes/wlwmanifest.xml
47a7f84.7a 5631bc86 670234 h ???????? 002 //xmlrpc.php
47a7f84.a7 5631bc86 670234 h ???????? 01b /
47a7f84.dd 5631bc86 670234 h ???????? 002 //blog/wp-includes/wlwmanifest.xml
47a7f85.05 5631bc86 670234 h ???????? 002 //wordpress/wp-includes/wlwmanifest.xml
47a7f85.2c 5631bc86 670234 h ???????? 002 //wp/wp-includes/wlwmanifest.xml
47a7f85.52 5631bc86 670234 h ???????? 001 //site/wp-includes/wlwmanifest.xml
47a7f85.83 5631bc86 670234 h ???????? 002 //cms/wp-includes/wlwmanifest.xml
47a81b6.df bc285186 7dfab1 h ???????? 002 //rss.jsp
47a81b7.10 bc285186 7dfab1 h ???????? 002 //rss.jsp
47a8348.e8 bc285186 7dfab1 h ???????? 003 //rss.jsp
47a8349.11 bc285186 7dfab1 h ???????? 002 //rss.jsp
47a834d.76 bc285186 7dfab1 h ???????? 002 //rss.jsp
47a834d.a5 bc285186 7dfab1 h ???????? 002 //rss.jsp
47a8474.ae c16a1e63 b14930 h ???????? 002 /xmlrpz.php
47a8872.07 b96456b6 03cabc s ???????? 002 /api/v1/status.json
47a8c04.0b 55d81033 f262fc h ???????? 020 /
47a8fc3.d2 42f945e9 043937 h ???????? 004 /wiki/TheorizingFromData
47a907f.42 6baaed50 ef60d6 s ???????? 018 /
47a97e0.b9 3e040ece 2bfdb4 s ???????? 017 /
47a9b73.2f a4845b03 9c68c9 h ???????? 01a /
47a9cec.37 42660826 70a047 h ???????? 002 //rss.rdf
47a9e9e.e0 c15a0c74 cc9bbb h ???????? 01f /
47aa187.0f 42f945f5 043937 s ???????? 003 /wiki/EtymoLogiaSource
47aa786.d9 365204fe c76db1 h ???????? 002 //robots.txt
47aa787.7f 365204fe c76db1 h ???????? 01b /
47aa9f4.ae d17e8807 7404fb s ???????? 017 /
47aaf2c.53 b44c0f22 fa643b h ???????? 002 /robots.txt
47aafaa.88 b44c0f16 a04d28 h ???????? 020 /
47ab1fb.5d 9d372735 6a88e8 s ???????? 002 /robots.txt
47ab213.14 284da7bc 6a88e8 s ???????? 01e /
47ab34a.4c 42f945f3 043937 s ???????? 003 /wiki/WernerWasserfuhr
47aba72.d9 54268120 ee113c h ???????? 021 /
47aba73.19 54268120 ee113c h ???????? 002 //https://floatingboat2013.appspot.com
47aba73.4a 54268120 ee113c h ???????? 003 //wiki/AlanTuring
47aba73.7a 54268120 ee113c h ???????? 003 //wiki/GottfriedWilhelmLeibniz
47aba73.bf 54268120 ee113c h ???????? 002 //https://floatingboat2013.appspot.com/UrPic
47aba73.ef 54268120 ee113c h ???????? 002 //https://floatingboat2013.appspot.com/ad
47aba74.50 54268120 ee113c h ???????? 002 //https://sl4.eu/hls
47aba74.84 54268120 ee113c h ???????? 002 //https://sl4.eu/ls
47aba74.de 54268120 ee113c h ???????? 002 //https://sl4.eu/sh
47aba75.1f 54268120 ee113c h ???????? 002 //https://www.youtube.com/watch
47abd2f.31 bc286647 7dfab1 h ???????? 002 //rss.jsp
47abd2f.5f bc286647 7dfab1 h ???????? 002 //rss.jsp
47ac00f.66 3cbf264d 24f5f0 s ???????? 019 /
47ac1fb.4b 6b145e06 c76db1 s ???????? 002 /robots.txt
47ac1fc.5e a4843451 eb026b s ???????? 003 /bcHead
47ac1fc.23 6b145e06 c76db1 s ???????? 0ec /sh
47ac50c.e7 42f945ed 043937 h ???????? 002 /robots.txt
47ac50d.46 42f945eb 043937 h ???????? 003 /wiki/DontRepeatYourself
47ac704.c5 42f9576d 70a047 h ???????? 003 //rss.rdf
47acab7.2d 6b145e06 c76db1 s ???????? 08b /hls
47acad0.fb d8f442c7 2e51d1 h ???????? 002 /robots.txt
47acf6a.f4 42f945ed 043937 h ???????? 004 /wiki/RistoRistoGligorov
47acfab.45 42f945e9 043937 h ???????? 002 /wiki/AllegroPictureGirl
47acfe9.b5 42f945eb 043937 h ???????? 002 /wiki/PieschenRevolution
47ad028.07 42f945eb 043937 h ???????? 002 /wiki/PensionMorgenstern
47ad058.c0 42f945ed 043937 h ???????? 002 /wiki/ThreeLetterAcronym
47ad3bc.06 bca5ea34 e3b0c4 h ???????? 001 /robots.txt
47ad3be.37 bca5ea34 147e59 h ???????? 014 /
47ad531.20 1b4e591e fcab86 h ???????? 01a /
47ad532.5f 1b4e591e ca6332 h ???????? 001 /webdav
47ad535.0e 1b4e591e 9cb3a1 h ???????? 014 /
47ad535.e6 1b4e591e 9cb3a1 h ???????? 015 /
47ad6f7.28 6b145e06 c76db1 s ???????? 070 /ls
47ad7a3.41 42f945e9 043937 h ???????? 002 /wiki/GregorHackenbroich
47ad7e8.90 c61b5090 e3b0c4 h ???????? 002 /robots.txt
47ad7eb.09 c61b5090 f7800e h ???????? 017 /
47add61.76 5e172817 e3b0c4 h ???????? 002 /robots.txt
47add63.a2 5e172817 fd196b h ???????? 01b /
47adefa.a4 9d3727ee 6a88e8 h ???????? 012 /
47ae484.b7 5da03c20 1a69b5 h ???????? 012 /
47ae5db.5b 597b25c3 17e44e h ???????? 016 /
47ae5db.d7 597b25c3 17e44e h ???????? 001 //https://floatingboat2013.appspot.com
47ae5dc.51 597b25c3 17e44e h ???????? 002 //wiki/AlanTuring
47ae5dc.cb 597b25c3 17e44e h ???????? 002 //wiki/GottfriedWilhelmLeibniz
47ae5dd.3c 597b25c3 17e44e h ???????? 002 //https://floatingboat2013.appspot.com/UrPic
47ae5dd.b1 597b25c3 17e44e h ???????? 001 //https://floatingboat2013.appspot.com/ad
47ae5de.44 597b25c3 17e44e h ???????? 002 //https://sl4.eu/hls
47ae5de.a9 597b25c3 17e44e h ???????? 001 //https://sl4.eu/ls
47ae5df.03 597b25c3 17e44e h ???????? 001 //https://sl4.eu/sh
47ae5df.62 597b25c3 17e44e h ???????? 001 //https://www.youtube.com/watch
47ae7e8.ce 5f6cb561 e4b041 h ???????? 002 /robots.txt
47ae7ec.b4 5f6cb561 e4b041 h ???????? 014 /
47ae87a.3f d8f442c7 2e51d1 h ???????? 003 /wiki/LockSchuppenBusinessPlan
47ae965.c5 42f94b8a 043937 h ???????? 002 /wiki/LudwigWittgenstein
47aeb34.24 17814065 cc9bbb h ???????? 012 /
47aeb71.0d 9d3727ee 6a88e8 h ???????? 002 /wiki/ThinkBig
47af0f4.7d 42f95bcb 70a047 h ???????? 001 //rss.rdf
47af141.dd 1f2ffc32 e6e855 h ???????? 002 /cgi-bin/php
47af142.29 1f2ffc32 e6e855 h ???????? 001 /cgi-bin/php5
47af142.6d 1f2ffc32 e6e855 h ???????? 002 /cgi-bin/php-cgi
47af142.b2 1f2ffc32 e6e855 h ???????? 001 /cgi-bin/php.cgi
47af143.00 1f2ffc32 e6e855 h ???????? 002 /cgi-bin/php4
47af143.48 1f2ffc32 e6e855 h ???????? 007 /cgi-bin/php5-cli
47af143.96 1f2ffc32 e6e855 h ???????? 001 /cgi-bin/test.cgi
47af143.de 1f2ffc32 e6e855 h ???????? 001 /cgi-sys/php5
47af9d7.a4 8ba24e87 186d9a s ???????? 017 /
47afb28.cd 42f94b8a 043937 h ???????? 003 /wiki/LeanStartupMachine
47afe2f.d4 9d372733 6a88e8 h ???????? 002 //robots.txt
