483006c.3a 42f94052 043937 s ???????? 004 /wiki/HeidiKatzi
4830087.75 362494ea 433e9c h ???????? 003 /edit/21666001
48301a9.6a 9b04f084 f54af9 h ???????? 019 /
483026a.87 42f94054 043937 s ???????? 004 /wiki/MindSchool
483029b.6c 9d3727ee 6a88e8 h ???????? 01a /
483037e.c5 42f94054 043937 s ???????? 004 /wiki/MindWaffel
4830677.6f b9dc651a cc9bbb h ???????? 022 /
4830839.dc 42f94048 043937 h ???????? 004 /wiki/FreiGesellschaft
483083f.5a 42f94050 043937 s ???????? 003 /wiki/MindHealth
483095b.87 42f94054 043937 s ???????? 002 /wiki/MikeGravel
48309b6.f0 3624945c 433e9c h ???????? 002 /wiki/SchickSaal
4830af9.65 42f9404a 043937 h ???????? 002 /wiki/StUq
4830b76.ad 3624944c 433e9c h ???????? 002 /wiki/DeFugee
4830e07.ef 42f94050 043937 s ???????? 00f /wiki/MittelMass
4830e07.f4 42f94050 043937 s ???????? 001 /robots.txt
4830e15.d5 36a1b138 966592 h ???????? 011 /
4830f37.10 47069282 a397c6 h ???????? 016 /
4830f4c.56 47069282 ac551e h ???????? 007 /favicon.ico
4830f7e.fc 42f94052 043937 s ???????? 002 /wiki/FutureBlog
4831052.c5 42f94046 043937 h ???????? 002 /wiki/ScheuneDresden
4831139.a9 42f94048 043937 h ???????? 002 /wiki/ConNect
48312a8.63 42f94046 043937 h ???????? 002 /wiki/SwingerSchloss
48312c1.ff 42f94054 043937 s ???????? 003 /wiki/BirthPlace
48314d0.09 42f94054 043937 s ???????? 002 /wiki/MindGarage
483151d.aa 42f94046 043937 h ???????? 002 /wiki/MarioPeschel
