49d0104.a8 36d0a152 1de6a3 h ???????? 003 /wiki/PriVat
49d0145.26 36d0a152 1de6a3 h ???????? 002 /wiki/DatenSchutz
49d0276.40 36d0a152 1de6a3 h ???????? 003 /wiki/DiffusionOfInnovations
49d0397.37 36d0a152 1de6a3 h ???????? 003 /wiki/SteveMann
49d048a.c1 36d0a152 1de6a3 h ???????? 003 /wiki/StevenWolfram
49d048b.a3 d8f442e5 2e51d1 h ???????? 002 /robots.txt
49d04e1.25 362494ff 433e9c h ???????? 002 /edit/27216004
49d0576.1e d8f442e5 2e51d1 h ???????? 004 /wiki/LockOffice
49d0592.1a 36d0a152 1de6a3 h ???????? 002 /wiki/DebRoy
49d0598.c1 d8f442e5 2e51d1 h ???????? 003 /wiki/YaCy
49d0612.5b 22cf9ad2 1de6a3 h ???????? 004 /wiki/SantiagoRamonYCajal
49d06b9.1d 36d0a152 1de6a3 h ???????? 003 /wiki/WebCam
49d07a7.40 36d0a152 1de6a3 h ???????? 003 /wiki/PeterSchaar
49d08a9.ef 36d0a152 1de6a3 h ???????? 003 /wiki/EarlyAdopter
49d0981.37 cf2e0d91 6a88e8 h ???????? 004 /wiki/RedBlueGame
49d09c8.39 d8f442c6 2e51d1 h ???????? 002 /robots.txt
49d0a5b.85 36d0a152 1de6a3 h ???????? 004 /wiki/QuantifiedSelf
49d0aa2.a9 5f6cb561 e4b041 h ???????? 002 /robots.txt
49d0aa6.76 5f6cb561 e4b041 h ???????? 016 /
49d0b81.77 36d0a152 1de6a3 h ???????? 002 /robots.txt
49d0ca8.5c 36d0a152 1de6a3 h ???????? 003 /wiki/EarlyMayority
49d0e0b.51 36d0a152 1de6a3 h ???????? 003 /wiki/RealRoman
49d0ece.f8 36d0a152 1de6a3 h ???????? 003 /wiki/RunTastic
49d1012.27 36d0a152 1de6a3 h ???????? 003 /wiki/BlutDruck
49d1061.dc d210bbf0 cc1f66 h ???????? 017 /
49d10dd.dd 42f941ce 043937 h ???????? 003 /wiki/SzOnline
49d1135.42 36d0a152 1de6a3 h ???????? 00a /wiki/ConFlict
49d1258.c6 36d0a152 1de6a3 h ???????? 003 /wiki/ThiloWeichert
49d137f.ad 36d0a152 1de6a3 h ???????? 003 /wiki/KartoGraph
49d13cb.b6 9d37270c 6a88e8 h ???????? 002 /robots.txt
49d13d3.59 cf2e0d80 6a88e8 h ???????? 018 /
49d1430.d3 cf2e0d80 6a88e8 h ???????? 01d /
49d146c.03 36d0a152 1de6a3 h ???????? 004 /wiki/EachPeter
49d1499.f9 cf2e0d80 6a88e8 h ???????? 020 /
49d156c.77 36d0a152 1de6a3 h ???????? 004 /wiki/EachPetra
49d15bf.bc d8f442fa 2e51d1 h ???????? 002 /robots.txt
49d15bf.bb d8f442fa 2e51d1 h ???????? 005 //robots.txt
49d15e2.19 36d0a152 1de6a3 h ???????? 002 /robots.txt
49d1608.8d 36d0a152 1de6a3 h ???????? 004 /wiki/MindPattern
49d1686.d1 36d0a152 1de6a3 h ???????? 004 /wiki/VorName
49d16f3.be 36249454 433e9c h ???????? 003 /edit/22176003
49d1713.ac 36d0a152 1de6a3 h ???????? 003 /wiki/GeDaechtnis
49d1784.64 36d0a152 1de6a3 h ???????? 004 /wiki/BeispielsWeise
49d17b3.56 d8f442fa 2e51d1 h ???????? 002 //robots.txt
49d17ee.ba 36d0a152 1de6a3 h ???????? 003 /wiki/IsA
49d1849.c8 36d0a152 1de6a3 h ???????? 004 /wiki/JournalIst
49d192a.17 36d0a152 1de6a3 h ???????? 004 /wiki/TimeStamp
49d1a47.d8 36d0a152 1de6a3 h ???????? 002 /wiki/KennZahl
49d1c18.90 58631bac c00dab h ???????? 003 //wiki/CorneliaHeinz
49d1c67.21 36d0a152 1de6a3 h ???????? 002 /wiki/ThoughtsPerSecond
49d1efe.0a 362494c6 433e9c h ???????? 001 /edit/23496009
49d1f52.03 36d0a152 1de6a3 h ???????? 002 /wiki/VerDoppel
49d211d.b6 36d0a152 1de6a3 h ???????? 003 /wiki/AnnoDomino2029
49d2154.85 cf2e0d91 6a88e8 s ???????? 011 /
49d21b4.22 42f95a8d 70a047 h ???????? 005 //rss.rdf
49d229f.4e c61b5090 e3b0c4 h ???????? 001 /robots.txt
49d22a0.aa 42f941cc 043937 h ???????? 002 /wiki/LockYear
49d22a1.c7 c61b5090 f7800e h ???????? 010 /
49d2377.dc 5b794fb4 e3b0c4 h ???????? 001 /robots.txt
49d237a.03 5b794fb4 2d2838 h ???????? 015 /
49d23b8.a3 b44c0f9d fa643b h ???????? 002 /robots.txt
49d2430.9f 36d0a152 1de6a3 h ???????? 002 /wiki/RoMa
49d249e.3e 362494ec 433e9c h ???????? 002 /wiki/MindPost
49d26aa.ed 36d0a152 1de6a3 h ???????? 002 /wiki/WholeBrainEmulation
49d27ea.ef 25bb384c e3b0c4 h ???????? 001 /robots.txt
49d27ed.12 25bb384c 5983bc h ???????? 011 /
49d29c5.5e b01f7e38 e3b0c4 h ???????? 002 //robots.txt
49d29c7.98 b01f7e38 37a81c h ???????? 017 /
49d2a11.bc 36d0a152 1de6a3 h ???????? 002 /wiki/ArtificialGeneralIntelligence
49d2de5.e9 36d0a152 1de6a3 h ???????? 001 /SamenLotto
49d2fb0.e5 22cf9ad2 1de6a3 h ???????? 001 /robots.txt
49d3070.56 36a5f756 1de6a3 h ???????? 001 /robots.txt
49d30a8.c3 9f418796 f38332 h ???????? 001 /zx425/defaultf/login
49d30b9.7c 36d0a152 1de6a3 h ???????? 002 /wiki/MetaPhor
49d30c0.db d8f442c7 2e51d1 h ???????? 001 /robots.txt
49d3290.80 36249459 433e9c h ???????? 003 /wiki/MindShop
49d3463.d3 42f941cc 043937 h ???????? 002 /wiki/NanoCity
49d34b3.ec 8e04d774 e3b0c4 h ???????? 001 /robots.txt
49d34b6.6c 8e04d774 d9ec50 h ???????? 013 /
49d34c5.cb 9750278f 433e9c h ???????? 001 //robots.txt
49d35ef.d9 d8f442c7 2e51d1 h ???????? 002 /wiki/RainerWasserfuhr
49d3651.76 5e172817 e3b0c4 h ???????? 002 /robots.txt
49d3653.af 5e172817 fd196b h ???????? 012 /
49d39ab.db 9d3727e7 6a88e8 h ???????? 012 /
49d4003.79 d9b6c171 042261 h ???????? 001 /robots.txt
49d44c3.40 b44c0f90 a04d28 h ???????? 002 /wiki/GlobalWafer
49d4626.cb 42f941cc 043937 h ???????? 002 /wiki/RossMann
49d46eb.4d 4a7d4c22 55c2cd h ???????? 001 //rss.rdf
49d4839.74 c0639364 554020 h ???????? 001 /rss.rdf
49d48d0.5b d9b6c171 042261 h ???????? 001 /robots.txt
49d4aa6.e1 42f95a8d 70a047 h ???????? 001 //rss.rdf
49d51d8.de 904c06e6 028fc4 h ???????? 001 /robots.txt
49d51db.eb 904c06e6 028fc4 h ???????? 019 /
49d5580.16 d8f442c7 2e51d1 h ???????? 001 /robots.txt
49d57e9.cc 42f941ce 043937 h ???????? 002 /wiki/DithPran
49d5b35.91 c7579aff cc9bbb h ???????? 019 /
49d5c35.ab d8f442e5 2e51d1 h ???????? 001 /robots.txt
49d5d29.d3 d8f442e5 2e51d1 h ???????? 002 /OpeningLecture
49d5d2d.e5 d8f442e5 2e51d1 h ???????? 003 /wiki/TwittEr
49d6074.2c d8f442c7 2e51d1 h ???????? 002 /wiki/MindPost
49d60fa.2a cf2e0d91 6a88e8 s ???????? 013 /
49d63b0.74 12901b72 0bc284 h ???????? 013 /
49d69ad.02 42f941cc 043937 h ???????? 003 /wiki/MindFlow
49d6ecc.26 d8f442e5 2e51d1 h ???????? 006 /robots.txt
49d6fb0.7d d8f442e5 2e51d1 h ???????? 001 /ad
49d7041.86 d8f442e5 2e51d1 h ???????? 003 /wiki/Nadia%20Zaboura
49d728d.09 42f95a8d 70a047 h ???????? 001 //rss.rdf
49d741e.1a d9b6c171 042261 h ???????? 002 /robots.txt
49d7615.6b d8f442e3 2e51d1 h ???????? 001 /robots.txt
49d7b02.e4 9d37270a 6a88e8 h ???????? 013 /
49d7b33.5f bc286647 7dfab1 h ???????? 002 //rss.jsp
49d7b33.89 bc286647 7dfab1 h ???????? 002 //rss.jsp
49d7b6f.db 8ba24e87 186d9a s ???????? 021 /
49d7b6f.eb 42f941ca 043937 h ???????? 003 /wiki/TramLoop
49d7bec.a9 9f418796 f38332 h ???????? 002 /zx425/defaultf/login
49d7c93.55 c73a56d3 028fc4 h ???????? 002 //robots.txt
49d7c9e.2e c73a56d3 028fc4 h ???????? 014 /
49d80af.b6 74e21b8b cc1f66 h ???????? 014 /
49d80b0.1a 74e21b8b cc1f66 h ???????? 01b /
49d82bc.ad 36a2af18 2baa92 h ???????? 014 /
49d82d7.30 36a7ffd9 2baa92 h ???????? 01a /
49d8656.f5 9d3727e7 6a88e8 h ???????? 015 /
49d895b.04 d8f442e3 2e51d1 h ???????? 001 //robots.txt
49d8a26.ec 36a5f756 1de6a3 h ???????? 002 /robots.txt
49d8c54.6e 5f6cb561 e4b041 h ???????? 002 /robots.txt
49d8c58.3a 5f6cb561 e4b041 h ???????? 001 /cal
49d8ce1.b1 36d0a152 1de6a3 h ???????? 003 /wiki/MindTag
49d8d32.d3 42f9404a 043937 h ???????? 002 /wiki/WikiProf
49d8d4c.73 d8f442c6 2e51d1 h ???????? 007 //robots.txt
49d8e14.72 d8f442e5 2e51d1 h ???????? 002 /robots.txt
49d8f00.e6 d8f442e5 2e51d1 h ???????? 002 /wiki/BeautiFul
49d8f21.95 d8f442e5 2e51d1 h ???????? 003 /wiki/VerFassung
49d901b.52 a2d2c462 028fc4 h ???????? 002 /robots.txt
49d901d.41 a2d2c462 028fc4 h ???????? 018 /
49d911a.7e 4e2e2319 7dfab1 h ???????? 002 //rss.jsp
49d911a.af 4e2e2319 7dfab1 h ???????? 002 //rss.jsp
49d918a.95 284da7b1 6a88e8 h ???????? 016 /
49d9284.65 b44c0f19 a04d28 h ???????? 003 /wiki/WwWebLern
49d973c.6d 36d0a152 1de6a3 h ???????? 003 /wiki/RainerWasserfuhrCv
49d9a55.0a b44c0f90 a04d28 h ???????? 003 /wiki/RainerWasserfuhrCvEn
49d9ad6.9d 3403f743 1de6a3 h ???????? 002 /robots.txt
49d9cab.23 42f95989 70a047 h ???????? 002 //rss.rdf
49d9e0d.4a b44c0f11 a04d28 h ???????? 016 /
49d9ef5.b8 42f94048 043937 h ???????? 004 /wiki/FreeMind
49da015.2d 36d0a152 1de6a3 h ???????? 003 /wiki/WieWirWirken
49da475.96 9d3727fe 6a88e8 h ???????? 003 /wiki/JanBoehme
49da8c4.28 36d0a152 1de6a3 h ???????? 004 /wiki/VerNetz
49dae0f.c3 36d0a152 1de6a3 h ???????? 003 /wiki/MindPlace
49db0b8.d6 42f9404a 043937 h ???????? 002 /robots.txt
49db0b9.0d 42f9404a 043937 h ???????? 003 /wiki/BobHooda
49db81d.07 8af6fd13 b5326e s ???????? 017 /
49db92a.9c 858231a6 371ef8 h ???????? 01d /1
49dba9a.f1 d8f442c6 2e51d1 h ???????? 002 //robots.txt
49dbb9d.f7 0585b70e 161c85 h ???????? 009 //rss.rdf
49dbba9.1a d5abdc98 a95ea1 h ???????? 002 //rss.rdf
49dbbb8.44 ade8e30f a26671 h ???????? 002 //rss.rdf
49dbc4c.0f 0585b70e 8e0e7d h ???????? 002 //rss.rdf
49dbc4e.73 c7a71d64 b908ee h ???????? 001 //rss.rdf
49dbc55.a6 d5abdc98 a95ea1 h ???????? 002 //rss.rdf
49dbc62.d3 175e0e64 ea6e3c h ???????? 002 //rss.rdf
49dbf64.66 2eeb9ec4 057297 h ???????? 004 /wiki/SommerSchwatz
49dbf64.67 1f0c3b51 057297 h ???????? 003 /wiki/SommerSchwatz
49dbf66.4d 1f0c3b51 142cd8 h ???????? 004 /wiki/SommerSchwatz
49dc201.83 94fbe9e9 072c14 h ???????? 002 /robots.txt
49dc202.87 94fbe9e9 072c14 h ???????? 001 /jobs
49dc207.88 94fbe9e9 072c14 h ???????? 004 /wiki/AnnoDomino2012
49dc208.44 94fbe9e9 36576e h ???????? 002 /css
49dc20c.87 94fbe9e9 072c14 h ???????? 003 /wiki/WebSite
49dc20d.29 94fbe9e9 36576e h ???????? 002 /css
49dc211.92 94fbe9e9 072c14 h ???????? 004 /wiki/ImPrint
49dc212.30 94fbe9e9 36576e h ???????? 002 /css
49dc216.8d 94fbe9e9 072c14 h ???????? 004 /wiki/BigTableNomic
49dc21c.fe 94fbe9e9 36576e h ???????? 002 /css
49dc21d.aa 94fbe9e9 072c14 h ???????? 026 /edit/19396001
49dc222.a6 94fbe9e9 072c14 h ???????? 005 /wiki/PartOf
49dc223.56 94fbe9e9 36576e h ???????? 001 /css
49dc227.ad 94fbe9e9 072c14 h ???????? 003 /wiki/SingularWiki
49dc228.5c 94fbe9e9 36576e h ???????? 002 /css
49dc22c.9c 94fbe9e9 072c14 h ???????? 003 /wiki/rainerwasserfuhr
49dc22d.3d 94fbe9e9 36576e h ???????? 002 /css
49dc27b.da 42f9404a 043937 h ???????? 004 /wiki/WikiBoys
49dc5e7.03 42f95987 70a047 h ???????? 002 //rss.rdf
49dc6a1.1b d8f453d2 66e770 h ???????? 01a /
49dc877.94 b44c0f15 a04d28 h ???????? 003 /wiki/JoinNow
49dceee.70 22cf9ad2 1de6a3 h ???????? 001 /robots.txt
49dd28d.a6 22cf9ad2 1de6a3 h ???????? 001 /robots.txt
49dd43e.c1 42f94048 043937 h ???????? 002 /wiki/EinTritt
49dd470.c9 2ee5a462 2e29b5 h ???????? 002 /robots.txt
49dd58c.e7 42f951e7 002725 h ???????? 001 /favicon.ico
49dd714.e2 d8f442c6 2e51d1 h ???????? 002 //robots.txt
49dd715.77 22cf9ad2 1de6a3 h ???????? 003 /wiki/VerBind
49dd85a.0f d8f442c7 2e51d1 h ???????? 002 /robots.txt
49dd917.e9 d8f442c7 2e51d1 h ???????? 002 /robots.txt
49dda41.40 a2f38f13 ef60d6 s ???????? 012 /
49ddba2.10 22cf9ad2 1de6a3 h ???????? 003 /wiki/LockPresentation
49ddfd6.51 22cf9ad2 1de6a3 h ???????? 001 /edit/34015001
49ddff8.b5 cf2e0dc9 6a88e8 s ???????? 002 /robots.txt
49ddffe.1c cf2e0d91 6a88e8 s ???????? 015 /
49de388.1c a4843451 eb026b s ???????? 001 /bcHead
49de387.c3 d8f442c7 2e51d1 h ???????? 161 /sh
49de4ff.03 330fd133 12bd58 h ???????? 011 /
49de559.d7 c3c95e87 a397c6 h ???????? 016 /
49de55e.83 c3c95e87 a397c6 h ???????? 001 /alive/4
49de55e.83 c3c95e87 a397c6 h ???????? 003 /feel/4
49de562.77 c3c95e87 a397c6 h ???????? 001 /feel/8
49de562.79 c3c95e87 a397c6 h ???????? 001 /alive/8
49de56a.85 c3c95e87 a397c6 h ???????? 021 /feel/10
49de56a.84 c3c95e87 a397c6 h ???????? 026 /alive/10
49de601.e5 42f94048 043937 h ???????? 002 /wiki/SamAdams
49de6f1.9d 17674027 6a88e8 h ???????? 002 /wiki/MindFee
49de701.b8 d9b6c171 042261 h ???????? 001 /robots.txt
49de7ca.f6 a3acb2a6 12bd58 h ???????? 017 /
49de7ff.41 c3c921ff a397c6 h ???????? 010 /
49de803.f6 c3c921ff a397c6 h ???????? 002 /alive/4
49de803.f7 c3c921ff a397c6 h ???????? 001 /feel/4
49de807.e9 c3c921ff a397c6 h ???????? 001 /feel/8
49de807.eb c3c921ff a397c6 h ???????? 001 /alive/8
49de80f.f5 c3c921ff a397c6 h ???????? 02b /alive/10
49de80f.f6 c3c921ff a397c6 h ???????? 027 /feel/10
49defd7.cd 42f95987 70a047 h ???????? 002 //rss.rdf
49df1f3.22 22cf9ad2 1de6a3 h ???????? 002 /AlphaSphere
49df30c.1e d8f442fa 2e51d1 h ???????? 002 //robots.txt
49df6e7.84 9d3727e7 6a88e8 h ???????? 018 /
49df799.17 22cf9ad2 1de6a3 h ???????? 002 /AlphaWeek
49df7c5.20 42f94054 043937 s ???????? 002 /robots.txt
49df7c5.ab 42f94052 043937 s ???????? 003 /wiki/VerLies
49dfab4.92 5f6cb561 e4b041 h ???????? 001 /robots.txt
49dfab8.64 5f6cb561 e4b041 h ???????? 014 /
49dfc87.11 22cf9ad2 1de6a3 h ???????? 003 /wiki/UrLaub
49dfe57.2d c7109db6 45fe92 h ???????? 002 /robots.txt
49dfe57.63 c7109db6 45fe92 h ???????? 012 /1
49dff8b.67 bc285186 7dfab1 h ???????? 002 //rss.jsp
49dff8b.90 bc285186 7dfab1 h ???????? 002 //rss.jsp
49dff90.c3 0de596b6 ae4642 h ???????? 001 /components/com_sexycontactform/assets/js/index.html
49dffa9.df cd8b8d36 209ef4 h ???????? 002 //rss.rdf
