49f000b.b3 d8f442e3 2e51d1 h ???????? 002 //robots.txt
49f0021.b5 d8f442e5 2e51d1 h ???????? 002 /wiki/MindSkill
49f0026.7a d8f442e5 2e51d1 h ???????? 001 /FloatingBoats
49f0133.36 5e172143 57819b h ???????? 002 //license.php
49f0231.b7 42f9404a 043937 h ???????? 003 /wiki/BioPolis
49f023a.ea 9f418796 f38332 h ???????? 002 /SiteViews/Simplified/Index/Images/Home/f2.png
49f048a.51 42f9404a 043937 h ???????? 002 /wiki/WirNanntenEsArbeit
49f048a.53 42f94046 043937 h ???????? 001 /robots.txt
49f05bc.ab 42f94052 043937 s ???????? 020 /
49f094a.63 42f94052 043937 s ???????? 001 /live
49f0bb4.b6 42f94046 043937 h ???????? 002 /wiki/GottfriedWilhelmLeibniz
49f0c4b.9a 42f95987 70a047 h ???????? 001 //rss.rdf
49f0ce1.c8 42f94046 622963 h ???????? 013 /
49f0d39.78 d8f442c7 2e51d1 h ???????? 001 /robots.txt
49f0e1f.77 42f9404a 043937 h ???????? 003 /wiki/XinLingJiaoHuan
49f0f45.50 0dfa6033 9fb0bb h ???????? 002 /components/com_adsmanager/js/fullnoconflict.js
49f1028.4b 0dfa6033 f54d4e h ???????? 001 /components/com_foxcontact/js/jtext.js
49f10f0.f5 0dfa6033 0d02e3 h ???????? 002 /components/com_sexycontactform/assets/js/index.html
49f119c.d0 42f94008 622963 s ???????? 012 /
49f11d4.f0 0dfa6033 0fda06 h ???????? 001 /wp-content/plugins/website-contact-form-with-file-upload/js/nm-global.js
49f12a1.67 0dfa6033 1a57fd h ???????? 002 /wp-content/plugins/cherry-plugin/admin/js/cherry-admin-plugin.js
49f13bc.5b 0dfa6033 2ad68a h ???????? 002 /wp-content/plugins/mailpress/mp-includes/js/mp_thickbox.js
49f13f4.c2 42f9404a 043937 h ???????? 002 /wiki/BetaHaus
49f14b3.1e 0dfa6033 84f7e3 h ???????? 002 /wp-content/plugins/formidable/css/frm_fonts.css
49f1565.ae d8f442c7 2e51d1 h ???????? 017 /1
49f15a8.47 9d372744 6a88e8 h ???????? 001 /robots.txt
49f15ae.4d 9d3727c5 6a88e8 h ???????? 015 /
49f15c9.a2 0dfa6033 980805 h ???????? 002 /wp-content/plugins/woocommerce-catalog-enquiry/assets/frontend/css/frontend.css
49f1656.36 42f9461f 043937 h ???????? 002 /robots.txt
49f1656.6b 42f9461f 043937 h ???????? 013 /
49f16d9.3c 0dfa6033 6ddd26 h ???????? 002 /wp-admin/admin-ajax.php
49f178c.33 42f94048 043937 h ???????? 002 /wiki/SommerSchwatz
49f182a.ec 0dfa6033 1ea188 h ???????? 001 /wp-content/plugins/dzs-videogallery/admin/admin_global.js
49f18c2.76 42f94054 043937 s ???????? 002 /edit/34965001
49f194c.55 0dfa6033 74bf8c h ???????? 002 /wp-content/plugins/php-event-calendar/js/file-uploader/app.js
49f1959.73 2bf0422e e6e855 h ???????? 002 /cgi-bin/php
49f195a.4f 2bf0422e e6e855 h ???????? 002 /cgi-bin/php5
49f195b.1d 2bf0422e e6e855 h ???????? 002 /cgi-bin/php-cgi
49f195b.ee 2bf0422e e6e855 h ???????? 001 /cgi-bin/php.cgi
49f195c.c4 2bf0422e e6e855 h ???????? 001 /cgi-bin/php4
49f195d.a4 2bf0422e e6e855 h ???????? 002 /cgi-bin/php5-cli
49f195e.84 2bf0422e e6e855 h ???????? 002 /cgi-bin/test.cgi
49f195f.62 2bf0422e e6e855 h ???????? 002 /cgi-sys/php5
49f19f6.d0 42f94046 043937 h ???????? 01b /
49f1a9c.7c 0dfa6033 e80649 h ???????? 002 /wp-content/plugins/font-uploader/fontFunctions/fu_script.js
49f1b5d.b3 9d372715 6a88e8 h ???????? 002 /robots.txt
49f1b61.be 9d37279e 6a88e8 h ???????? 013 /
49f1ba8.27 0dfa6033 0a5255 h ???????? 002 /wp-content/plugins/accesspress-anonymous-post-pro/js/admin-extra.js
49f1bfc.40 9d37279d 6a88e8 h ???????? 003 /wiki/AcceleratingFuturePeopleDatabase
49f1c9d.0c 0dfa6033 8fb0ab h ???????? 002 /wp-content/plugins/advanced-ajax-page-loader/reload_code.js
49f1da7.f1 0dfa6033 ae470b h ???????? 002 /wp-content/plugins/woocommerce-product-addon/js/nm-global.js
49f1ebc.63 0dfa6033 59d554 h ???????? 002 /wp-content/plugins/showbiz/css/post_settings.css
49f1fc0.45 0dfa6033 86302b h ???????? 002 /wp-content/plugins/real3d-flipbook/js/share.min.js
49f20c5.eb 0dfa6033 932a5e h ???????? 002 /wp-content/plugins/wp-support-plus-responsive-ticket-system/asset/js/admin.js
49f21cf.78 0dfa6033 79185f h ???????? 008 /wp-admin/admin-ajax.php
49f230b.fb 0dfa6033 939dc2 h ???????? 002 /wp-content/plugins/cardoza-facebook-like-box/admin_cardozafacebook.css
49f2380.0f 42f94048 043937 h ???????? 004 /wiki/RsWipp
49f23d5.3b 9d37279d 6a88e8 h ???????? 003 /wiki/SingularSummitEurope
49f2426.a3 0dfa6033 5b10ce h ???????? 002 /modules/pk_flexmenu/config.xml
49f24b5.6a 42f9404a 043937 h ???????? 003 /wiki/PatrickPietsch
49f24b9.62 42f94004 043937 s ???????? 01b /
49f24b9.f6 42f94006 043937 s ???????? 015 /
49f254c.6c 0dfa6033 bc2a78 h ???????? 003 /modules/columnadverts/config.xml
49f25b7.d8 42f9404a 043937 h ???????? 003 /wiki/MindShop
49f264c.f0 0dfa6033 333f0f h ???????? 002 /modules/pk_vertflexmenu/config.xml
49f2750.b6 0dfa6033 eb4616 h ???????? 002 /modules/homepageadvertise2/config.xml
49f2862.40 0dfa6033 c6b458 h ???????? 002 /modules/homepageadvertise/config.xml
49f2972.08 0dfa6033 bec497 h ???????? 002 /modules/attributewizardpro/config.xml
49f2a3f.cf b44c0f20 a04d28 h ???????? 003 /wiki/SingularAcademy
49f2a70.f3 0dfa6033 6c4e1a h ???????? 003 /modules/fieldvmegamenu/config.xml
49f2aa5.f6 42f94013 043937 h ???????? 016 /
49f2d08.4d 42f94054 043937 s ???????? 017 /edit/109895006
49f2dba.5e 9f41f935 0cf351 h ???????? 002 //robots.txt
49f2e4f.b2 b44c0f1e a04d28 h ???????? 003 /wiki/SingularityUniversity
49f3362.77 42f95989 70a047 h ???????? 002 //rss.rdf
49f3365.80 9fcb5e5b 487ce2 h ???????? 016 /
49f3373.b7 9fcb5e5b b343ab h ???????? 002 /robots.txt
49f338e.12 9fcb5e5b 487ce2 s ???????? 122 /hls
49f338e.79 9fcb5e5b 487ce2 s ???????? 09b /ls
49f338e.df a4843451 eb026b s ???????? 003 /bcHead
49f338e.7a 9fcb5e5b 487ce2 s ???????? 18f /sh
49f338f.e0 9fcb5e5b 487ce2 s ???????? 001 /AtJs
49f355a.5d 42f94052 622963 s ???????? 01b /
49f361f.b0 b44c0f1f a04d28 h ???????? 003 /wiki/%3Ca%20class=%22blue%22%20href=%22/wiki/ViewSource%22%3EViewSource%3C/a%3E
49f369a.eb 7a605db5 53f294 h ???????? 002 //favicon.ico
49f377a.bc 42f9404a 043937 h ???????? 003 /wiki/UnixTime
49f3917.19 ac686c6d 1066b4 h ???????? 017 /
49f3b64.11 42f94050 043937 s ???????? 018 /
49f4188.e6 b208428e 5ec1d2 s ???????? 018 /
49f418d.bc 42f9404a 622963 h ???????? 01f /
49f44ad.bd 42f9461b 043937 h ???????? 017 /
49f469c.12 5f6cb561 e4b041 h ???????? 003 /robots.txt
49f469f.d0 5f6cb561 e4b041 h ???????? 018 /
49f4725.c4 42f951e7 002725 h ???????? 003 /favicon.ico
49f47ce.1f 42f94006 622963 s ???????? 018 /
49f485f.5f 426608ca 002725 h ???????? 003 /favicon.ico
49f493e.2d 42f94050 043937 s ???????? 008 /wiki/GeSicht
49f4aed.b5 42f94048 043937 h ???????? 003 /wiki/PtcAldi
49f4e0e.05 42f94050 043937 s ???????? 002 /robots.txt
49f4e0e.94 42f94054 043937 s ???????? 004 /wiki/ReCur
49f4f1f.a2 bc285186 7dfab1 h ???????? 002 //rss.jsp
49f4f1f.d3 bc285186 7dfab1 h ???????? 002 //rss.jsp
49f512d.ce 42f94048 043937 h ???????? 010 /
49f544d.f0 42f94050 043937 s ???????? 002 /wiki/GoodByeKurzweil
49f55ed.d8 bc285186 7dfab1 h ???????? 001 //rss.jsp
49f55ed.fe bc285186 7dfab1 h ???????? 005 //rss.jsp
49f5632.ec d9458502 399ff9 h ???????? 001 /robots.txt
49f5638.51 d94586b7 399ff9 h ???????? 018 /wiki/127001
49f5742.23 42f9404a 043937 h ???????? 002 /t/robots.txt
49f576e.16 42f94004 043937 s ???????? 016 /
49f57bf.d2 330f4027 cc9bbb h ???????? 01a /
49f58d4.18 bc285186 7dfab1 h ???????? 002 //rss.jsp
49f58d4.3e bc285186 7dfab1 h ???????? 001 //rss.jsp
49f58d6.cd bc285186 7dfab1 h ???????? 00c //rss.jsp
49f58d6.f0 bc285186 7dfab1 h ???????? 006 //rss.jsp
49f5a00.b0 c63a73fe 24f16f s ???????? 01b /
49f5a8f.d4 42f9404c 622963 h ???????? 001 /t
49f5ac3.e9 42f95987 70a047 h ???????? 001 //rss.rdf
49f5b00.b0 42f94046 043937 h ???????? 002 /wiki/PostReal
49f5b45.8b d9458505 399ff9 h ???????? 001 /robots.txt
49f5b91.f6 d9458509 399ff9 h ???????? 011 /love/1e
49f5dad.c5 42f94013 043937 h ???????? 011 /
49f5dba.2d 9d372711 6a88e8 s ???????? 018 /
49f5f44.18 42f94052 043937 s ???????? 002 /wiki/MindEdding
49f60cd.ad 42f94046 043937 h ???????? 002 /wiki/GeekHierarchy
49f63ed.b6 42f94046 043937 h ???????? 002 /wiki/IchLiebeDich
49f670d.ee 42f94052 622963 s ???????? 011 /
49f69d0.86 d8f442c6 2e51d1 h ???????? 001 /robots.txt
49f6a2d.f7 42f94054 043937 s ???????? 012 /
49f6a8b.9e b2af8f9a dc1a18 h ???????? 015 /
49f6a8e.66 b2af8f9a dc1a18 h ???????? 001 /https://floatingboat2013.appspot.com
49f6a91.81 b2af8f9a dc1a18 h ???????? 002 /wiki/AlanTuring
49f6a94.37 b2af8f9a dc1a18 h ???????? 003 /wiki/GottfriedWilhelmLeibniz
49f6a96.c3 b2af8f9a dc1a18 h ???????? 001 /https://floatingboat2013.appspot.com/UrPic
49f6a99.58 b2af8f9a dc1a18 h ???????? 001 /https://floatingboat2013.appspot.com/ad
49f6a9c.72 b2af8f9a dc1a18 h ???????? 001 /https://sl4.eu/hls
49f6a9f.4b b2af8f9a dc1a18 h ???????? 001 /https://sl4.eu/ls
49f6aa2.3c b2af8f9a dc1a18 h ???????? 001 /https://sl4.eu/sh
49f6aa5.52 b2af8f9a dc1a18 h ???????? 002 /https://www.youtube.com/watch
49f6b49.59 42f94050 043937 s ???????? 003 /wiki/GottfriedWilhelmLeibniz
49f6cc3.be 42f94048 043937 h ???????? 002 /edit/49043001
49f6d3e.d8 42f9404a 043937 h ???????? 002 /wiki/ErWach
49f7029.2e 42f94048 622963 h ???????? 016 /
49f7097.3f 42f94050 043937 s ???????? 01d /
49f7120.7f d8f442e5 2e51d1 h ???????? 002 /robots.txt
49f7123.42 b208428e 5ec1d2 s ???????? 013 /
49f7127.a3 b208428e 5ec1d2 s ???????? 001 /feel/4
49f71f3.18 d8f442e5 2e51d1 h ???????? 005 /wiki/InBox
49f7217.eb d8f442e5 2e51d1 h ???????? 003 /wiki/MarketCap
49f721a.36 d8f442e5 2e51d1 h ???????? 003 /wiki/MindBroker
49f721c.7d d8f442e5 2e51d1 h ???????? 002 /wiki/EtherPad
49f72ea.3c 42f9461b 043937 h ???????? 013 /
49f73e0.be 3457de24 1de6a3 h ???????? 002 /robots.txt
49f73fa.15 cf2e0dc8 6a88e8 h ???????? 009 //robots.txt
49f73ff.26 3457de24 1de6a3 h ???????? 01c /
49f7464.71 42f941ca 043937 h ???????? 002 /wiki/GoogleEarth
49f75d3.bf 9d37271b 6a88e8 h ???????? 002 /robots.txt
49f7643.8f 7b7d43dd 7bc0a6 h ???????? 002 /robots.txt
49f76ef.34 42f9490e 622963 s ???????? 01a /
49f7a63.da 22e548dc 1de6a3 h ???????? 006 /robots.txt
49f7af3.70 42f941ce 043937 h ???????? 003 /wiki/LifeDay15789
49f7b07.ae 9d37279e 6a88e8 h ???????? 014 /
49f7b6c.2a 345626c2 1de6a3 h ???????? 002 /robots.txt
49f7d19.93 3457de24 1de6a3 h ???????? 002 /robots.txt
49f7d6e.70 3457de24 1de6a3 h ???????? 1b34 /age
49f7d75.e4 36a7c9d9 1de6a3 h ???????? 001 /robots.txt
49f7d95.d6 3457de24 1de6a3 h ???????? 017 /
49f7db4.e1 3457de24 1de6a3 h ???????? 003 /wiki/MindPost
49f7deb.a8 36a7c9d9 1de6a3 h ???????? 014 /
49f7df6.af 3457de24 1de6a3 h ???????? 004 /wiki/LockSchuppen
49f7e1b.30 3457de24 1de6a3 h ???????? 002 /AlphaCat
49f7e7a.07 34cf34da 1de6a3 h ???????? 002 /robots.txt
49f7e86.ce 42f941ca 043937 h ???????? 003 /wiki/LongTail
49f7ef7.eb 42f941cc 043937 h ???????? 004 /wiki/FailFast
49f7f37.16 3457de24 1de6a3 h ???????? 00a /wiki/RainerWasserfuhr
49f7fb4.f1 d8f453d2 66e770 h ???????? 014 /
49f8188.f3 42f95a97 70a047 h ???????? 002 //rss.rdf
49f82fc.f1 42f941d2 043937 s ???????? 019 /
49f836a.df d8f442c7 2e51d1 h ???????? 002 /robots.txt
49f83a2.7d 36543d4d 1de6a3 h ???????? 002 /robots.txt
49f87af.ab 36a29759 c76db1 h ???????? 002 /robots.txt
49f87b0.6a 36a29759 c76db1 h ???????? 018 /
49f87df.f1 36a7c9d9 1de6a3 h ???????? 001 /robots.txt
49f8869.8b 36a7c9d9 1de6a3 h ???????? 003 /wiki/ChristianHeller
49f88c2.61 36a7c9d9 1de6a3 h ???????? 003 /wiki/LockSchuppen
49f89e3.82 36a7c9d9 1de6a3 h ???????? 003 /wiki/KurzweilVortrag
49f8b63.7e 9d37272f 6a88e8 s ???????? 002 /robots.txt
49f8b64.26 9d37272f 6a88e8 s ???????? 002 /robots.txt
49f8b68.4c 9d3727f2 6a88e8 s ???????? 015 /
49f8bf9.74 42f941ce 043937 h ???????? 003 /wiki/LifeDay16078
49f9049.cc 42f941ca 043937 h ???????? 003 /wiki/AsciiArt
49f91c2.a3 42f941ce 043937 h ???????? 003 /wiki/PowerSet
49f91f5.4e 42f941ca 043937 h ???????? 003 /wiki/TramLine
49f9242.af 42f941ce 043937 h ???????? 003 /wiki/KohlHaas
49f9270.2e 42f941d4 043937 s ???????? 004 /wiki/EhochIx
49f92c3.c3 42f941d0 043937 s ???????? 004 /wiki/AutoCad
49f93d9.2c 42f941ce 043937 h ???????? 004 /wiki/HerKunft
49f95d5.8a 2ea1376a eaf401 s ???????? 002 /a2billing/
49f9749.6c dcbdf961 aaa5a7 h ???????? 002 /manager/html
49f9798.b9 2f34aff2 eaf401 h ???????? 016 /
49f9863.99 36a7c9d9 1de6a3 h ???????? 002 /robots.txt
49f989a.21 36a7c9d9 1de6a3 h ???????? 016 /
49f9b97.dc 9d372711 6a88e8 s ???????? 022 /
49f9d9a.e3 36543d4d 1de6a3 h ???????? 002 /robots.txt
49f9da4.74 3650d950 c76db1 h ???????? 002 //robots.txt
49f9da5.27 3650d950 c76db1 h ???????? 018 /
49f9e03.df 34cf34da 1de6a3 h ???????? 002 /robots.txt
49fa0e3.62 42f941cc 043937 h ???????? 017 /
49fa20b.d8 42f941d2 043937 s ???????? 003 /wiki/MetaBaer
49fa231.a0 36a7c9d9 1de6a3 h ???????? 002 /edit
49fa403.c6 42f941ce 043937 h ???????? 002 /crush
49fa413.6f d94585d9 399ff9 h ???????? 003 /robots.txt
49fa41d.6b d9458555 399ff9 h ???????? 018 /wiki/118001
49fa4a8.18 36a7c9d9 1de6a3 h ???????? 002 /robots.txt
49fa4ca.cf 36a7c9d9 1de6a3 h ???????? 004 /wiki/SeaNation
49fa4fa.85 42f941ca 622963 h ???????? 002 /crush
49fa563.20 42f941cc 043937 h ???????? 003 /wiki/EinBruch
49fa60c.79 36a7c9d9 1de6a3 h ???????? 003 /wiki/RainerTest
49fa806.24 42f941ca 043937 h ???????? 005 /wiki/HansRosling
49fa843.f2 36a7c9d9 1de6a3 h ???????? 13f4 /age
49fa922.48 36a7c9d9 1de6a3 h ???????? 001 /AlphaCat
49fa93a.4c 42f95a8f 70a047 h ???????? 001 //rss.rdf
49fa9a2.e6 36a7c9d9 1de6a3 h ???????? 002 /AlphaLabs
49faa03.4c 36a7c9d9 1de6a3 h ???????? 016 /
49faa89.4e 36a7c9d9 1de6a3 h ???????? 4f3 /memo
49faab8.b6 42f941ce 043937 h ???????? 001 /go
49faaf1.6a 42f941cc 622963 h ???????? 001 /go
49fac3a.b8 36a7c9d9 1de6a3 h ???????? 003 /wiki/AnFang
49fac64.b4 36a7c9d9 1de6a3 h ???????? 003 /wiki/PieschenTv
49fad25.59 36a7c9d9 1de6a3 h ???????? 002 /wiki/AnLicht
49fae84.e9 d9b6c171 042261 h ???????? 002 /robots.txt
49faf2b.d9 42f9490e 043937 s ???????? 019 /
49faf2c.e1 42f94910 043937 s ???????? 011 /
49fb00f.ce 42f941ce 043937 h ???????? 006 /wiki/DvbTram2616
49fb0d3.6c b90cb362 eaf401 s ???????? 001 //a2billing/customer/templates/default/footer.tpl
49fb0f3.22 36a7c9d9 1de6a3 h ???????? 002 /arb
49fb118.27 d8f442c7 2e51d1 h ???????? 001 /robots.txt
49fb226.25 36a7c9d9 1de6a3 h ???????? 003 /wiki/LockSchuppenDe
49fb2be.29 36a7c9d9 1de6a3 h ???????? 002 /wiki/AriadneFaden
49fb726.c5 42f94b1e 043937 h ???????? 002 /wiki/MindTram
49fb79b.d8 42f941ca 043937 h ???????? 002 /wiki/GrossHaus
49fb908.1f 9d3727c5 6a88e8 h ???????? 012 /
49fbcd6.bc 36a7c9d9 1de6a3 h ???????? 002 /wiki/AtemZuege
49fbd0d.bc 36a7c9d9 1de6a3 h ???????? 001 /edit
49fbe1e.09 bca5ea34 e3b0c4 h ???????? 002 /robots.txt
49fbe25.b6 bca5ea34 147e59 h ???????? 019 /
49fbecd.5a c4342b73 c5c81c h ???????? 013 /
49fbf2c.8b 36593260 1de6a3 h ???????? 002 /robots.txt
49fbf4a.dc 36593260 1de6a3 h ???????? 012 /
49fbf68.78 5f981654 eb3393 h ???????? 019 /
49fc1f7.33 3456fe26 1de6a3 h ???????? 001 /robots.txt
49fc26b.b0 42f941ca 043937 h ???????? 002 /wiki/ReferringPagesPlugin
49fc302.a5 b01f7e38 e3b0c4 h ???????? 002 /robots.txt
49fc304.cc b01f7e38 37a81c h ???????? 012 /
49fc3db.21 284da797 6a88e8 h ???????? 012 /
49fc412.66 36d00c99 1de6a3 h ???????? 001 /robots.txt
49fc43f.1e 36593260 1de6a3 h ???????? 001 /edit
49fc492.ab 36593260 1de6a3 h ???????? 169b /age
49fc55d.02 36593260 1de6a3 h ???????? 001 /AlphaCat
49fc567.0b 36d00c99 1de6a3 h ???????? 002 /wiki/LockSchuppen
49fc584.04 36593260 1de6a3 h ???????? 002 /AlphaLabs
49fc5a2.52 36593260 1de6a3 h ???????? 377 /memo
49fc5c1.84 36593260 1de6a3 h ???????? 002 /wiki/AnFang
49fc691.bc 36d00c99 1de6a3 h ???????? 003 /wiki/ChristianHeller
49fc724.9c 36a7c9d9 1de6a3 h ???????? 002 /robots.txt
49fc75e.6a 36a7c9d9 1de6a3 h ???????? 003 /wiki/RaWa
49fc78d.c2 36a7c9d9 1de6a3 h ???????? 001 /bike
49fc7c2.e9 36a7c9d9 1de6a3 h ???????? 003 /wiki/DistanzSpiel
49fc7f0.70 36a7c9d9 1de6a3 h ???????? 002 /blobs
49fc81d.c7 36a7c9d9 1de6a3 h ???????? 003 /wiki/ChristianHeller
49fc848.1b 36a7c9d9 1de6a3 h ???????? 003 /wiki/MindPost
49fc8ec.1b 42f941ce 043937 h ???????? 002 /wiki/ReCovery
49fcb4f.9f 36a171aa c76db1 s ???????? 002 /robots.txt
49fcb50.ed a4843451 eb026b s ???????? 002 /bcHead
49fcb50.a7 36a171aa c76db1 s ???????? 114 /sh
49fcbcd.35 36a7c9d9 1de6a3 h ???????? 002 /BlockTime
49fcd83.e3 36593260 1de6a3 h ???????? 002 /wiki/AnLicht
49fcdd0.a8 36d00c99 1de6a3 h ???????? 002 /wiki/WikiNode
49fce52.8f 36d00c99 1de6a3 h ???????? 002 /robots.txt
49fce7f.38 36543d4d 1de6a3 h ???????? 001 /robots.txt
49fcf8d.a7 42f941cc 043937 h ???????? 003 /wiki/GeorgHenrikVonWright
49fd06b.94 284da735 6a88e8 h ???????? 003 /wiki/SingularityIsNear
49fd0ee.8e d94585d7 399ff9 h ???????? 002 /robots.txt
49fd0f7.6b d94585d7 399ff9 h ???????? 015 /
49fd160.8b bca5fb2e 57819b h ???????? 002 /license.php
49fd222.80 36d00c99 1de6a3 h ???????? 002 /rss.rdf
49fd283.f0 36d00c99 1de6a3 h ???????? 003 /wiki/SeaNation
49fd2ad.9a bcff163d 458e86 h ???????? 022 /
49fd2d7.2c 36a7c9d9 1de6a3 h ???????? 001 /robots.txt
49fd368.89 42f95a8d 70a047 h ???????? 002 //rss.rdf
49fd39b.8a 36d00c99 1de6a3 h ???????? 01b /
49fd3c5.c0 36a7c9d9 1de6a3 h ???????? 002 /box
49fd4a1.e7 36a7c9d9 1de6a3 h ???????? 003 /wiki/IpAddress
49fd4dc.26 17674027 6a88e8 h ???????? 003 /wiki/MindFee
49fd4ec.21 36a171aa c76db1 s ???????? 077 /hls
49fd56d.19 36a7c9d9 1de6a3 h ???????? 003 /wiki/AnLicht
49fd58b.ea 25bb3842 e3b0c4 h ???????? 008 /robots.txt
49fd58f.92 25bb3842 9b6b51 h ???????? 01c /
49fd5b2.34 42f941d4 043937 s ???????? 002 /edit
49fd5db.70 36d00c99 1de6a3 h ???????? 002 /edit
49fd5ea.17 d8f442e3 2e51d1 h ???????? 00a //robots.txt
49fd627.98 36a7c9d9 1de6a3 h ???????? 009 /wiki/SourceCode
49fd6cc.ce 36a7c9d9 1de6a3 h ???????? 003 /wiki/LogIn
49fd762.e0 36a7c9d9 1de6a3 h ???????? 003 /wiki/EtAl
49fd7fb.38 36d00c99 1de6a3 h ???????? 003 /wiki/LockSchuppenDe
49fdaad.83 42f941d2 043937 s ???????? 003 /wiki/WikiNode
49fdc84.b7 d8f442e3 2e51d1 h ???????? 002 //robots.txt
49fdccb.d5 c3c91ecf 26097a h ???????? 016 /
49fdd34.0b d17e8804 7404fb h ???????? 022 /
49fdddb.36 42f941ca 043937 h ???????? 003 /wiki/MiZI3k5KZ4XCAjit1N7
49fdf24.be 25bb3842 e3b0c4 h ???????? 002 /robots.txt
49fdf26.e6 25bb3842 9b6b51 h ???????? 016 /
49fdff8.85 36d00c99 1de6a3 h ???????? 003 /wiki/IsA
49fe0ce.fc d8f442e5 2e51d1 h ???????? 002 /robots.txt
49fe154.e5 36d00c99 1de6a3 h ???????? 003 /wiki/PieschenTv
49fe190.a5 36d00c99 1de6a3 h ???????? 003 /wiki/WwWebLern
49fe1db.48 d8f442e5 2e51d1 h ???????? 003 /wiki/MoonOfEarth
49fe218.a2 36d00c99 1de6a3 h ???????? 003 /wiki/RainerWasserfuhr
49fe283.be 36d00c99 1de6a3 h ???????? 004 /wiki/DistanzSpiel
49fe340.39 36d00c99 1de6a3 h ???????? 003 /wiki/ProJect
49fe378.fc 36a171aa c76db1 s ???????? 0bf /ls
49fe3f3.69 36d00c99 1de6a3 h ???????? 003 /wiki/RainerWasserfuhrCv
49fe40f.83 5ca99208 028fc4 h ???????? 002 //robots.txt
49fe421.26 5ca99208 028fc4 h ???????? 01e /
49fe4f1.b4 42f941d0 043937 s ???????? 003 /wiki/WirkenStattArbeiten
49fe509.b8 42f941cc 043937 h ???????? 003 /wiki/SerjTankian
49fe72a.1e 4706cac6 aadf09 h ???????? 003 /ccvv
49fe8a8.f2 36a7c9d9 1de6a3 h ???????? 002 /bsLog
49fe8f3.e7 d9458554 399ff9 h ???????? 002 /robots.txt
49fe8f6.e7 d9458555 399ff9 h ???????? 004 /wiki/AltTraktor
49fec17.30 36e3c358 1de6a3 h ???????? 002 /robots.txt
49fec70.ad 42f941cc 043937 h ???????? 003 /wiki/JoeBiden
49fed36.e8 36e3c358 1de6a3 h ???????? 3dd /memo
49fedda.c0 d8f442e5 2e51d1 h ???????? 009 /robots.txt
49fee12.3f 36a7c9d9 1de6a3 h ???????? 003 /wiki/AriadneFaden
49fee7e.55 42f941d2 043937 s ???????? 003 /wiki/AmDe
49feeb2.2c 36593260 1de6a3 h ???????? 003 /robots.txt
49feed6.e8 36593260 1de6a3 h ???????? 002 /wiki/AriadneFaden
49feee8.68 36a7c9d9 1de6a3 h ???????? 002 /cal
49fef87.d9 d8f442e5 2e51d1 h ???????? 011 /edit/11246001
49fef8b.e1 d8f442e5 2e51d1 h ???????? 002 /wiki/FloatingBoats
49fef98.5d 36a7c9d9 1de6a3 h ???????? 001 /AlphaCat
49ff033.7d 36a7c9d9 1de6a3 h ???????? 001 /cam
49ff0ba.f3 36a7c9d9 1de6a3 h ???????? 006 /wiki/AnFang
49ff0cc.32 36d00c99 1de6a3 h ???????? 001 /robots.txt
49ff14a.5e 36d00c99 1de6a3 h ???????? 003 /wiki/RoundHouse
49ff34c.44 42f941cc 043937 h ???????? 002 /wiki/SingularBooster
49ff57f.c3 36d00c99 1de6a3 h ???????? 002 /wiki/HomePage
49ff945.f0 42f941ca 043937 h ???????? 003 /wiki/KunstSprache
49ff946.ec 42f941ce 043937 h ???????? 002 /wiki/KunstSprache
49ffa0f.57 36d00c99 1de6a3 h ???????? 003 /wiki/SloGan
49ffa56.4e 36d00c99 1de6a3 h ???????? 001 /AlphaLabs
49ffaff.13 42f95a8d 70a047 h ???????? 001 //rss.rdf
49ffc2c.cb 36afd884 4ebbdb h ???????? 001 /robots.txt
49ffc2d.40 36afd884 4ebbdb h ???????? 012 /
49ffc5f.ca 36d00c99 1de6a3 h ???????? 002 /wiki/OpenInnovationLab
49ffcd0.25 36273b73 cc9bbb h ???????? 017 /
49ffe33.f6 42f941cc 043937 h ???????? 002 /wiki/SoftWare
49ffe7f.e8 36a7c9d9 1de6a3 h ???????? 002 /wiki/WwWebLern
49ffed3.c3 42f941ca 043937 h ???????? 002 /wiki/StTi
49fffa0.13 36a7c9d9 1de6a3 h ???????? 001 /robots.txt
