4970088.d6 36ec38a4 1de6a3 h ???????? 001 /robots.txt
497021c.c2 36ec38a4 1de6a3 h ???????? 1789 /age
4970239.5c 2ea1376b eaf401 s ???????? 002 /webfig/master-078380d0e221.css
4970272.bd 36ec38a4 1de6a3 h ???????? 002 /wiki/MitWirkende
4970488.43 4e2e2319 7dfab1 h ???????? 001 //rss.jsp
4970488.65 4e2e2319 7dfab1 h ???????? 001 //rss.jsp
49704b7.61 a2d2c482 028fc4 h ???????? 001 //robots.txt
49704ea.33 a2d2c482 028fc4 h ???????? 019 /
49706e8.40 3624955d 433e9c h ???????? 001 /edit/25886005
4970896.7d 36249421 433e9c h ???????? 003 /wiki/
4970b32.f2 42f9424e 043937 s ???????? 008 /wiki/PartOf
4970b91.1f d94588cd 399ff9 h ???????? 002 /robots.txt
4970b99.f5 d94588cd 399ff9 h ???????? 019 /1
4970bdb.fb 500b9188 fcab86 h ???????? 014 /
4970bdc.3d 500b9188 ca6332 h ???????? 001 /webdav
4970bdc.9a 500b9188 9cb3a1 h ???????? 013 /
4970bdc.cc 500b9188 9cb3a1 h ???????? 013 /
49711c2.a8 2ee5a466 2e29b5 h ???????? 002 /robots.txt
49712a2.7d 42f95c81 70a047 h ???????? 001 //rss.rdf
4971894.68 345b7eda 1de6a3 h ???????? 002 /robots.txt
49718da.30 345b7eda 1de6a3 h ???????? 002 /wiki/WorldEconomy
497193a.1e 8d088e6f e4b041 s ???????? 002 /robots.txt
497193d.c1 8d088e6f e4b041 s ???????? 19b4 /phim
4971a3d.1d d17e8804 7404fb h ???????? 015 /
4971b6a.34 4da48650 ee113c h ???????? 014 /
4971b6a.84 4da48650 ee113c h ???????? 002 //https://floatingboat2013.appspot.com
4971b6a.c8 4da48650 ee113c h ???????? 003 //wiki/AlanTuring
4971b6b.5d 4da48650 ee113c h ???????? 003 //wiki/GottfriedWilhelmLeibniz
4971b6b.a1 4da48650 ee113c h ???????? 007 //https://floatingboat2013.appspot.com/UrPic
4971b6c.0b 4da48650 ee113c h ???????? 002 //https://floatingboat2013.appspot.com/ad
4971b6c.7c 4da48650 ee113c h ???????? 002 //https://sl4.eu/hls
4971b6d.4c 4da48650 ee113c h ???????? 001 //https://sl4.eu/ls
4971b6d.9c 4da48650 ee113c h ???????? 001 //https://sl4.eu/sh
4971b6d.e6 4da48650 ee113c h ???????? 002 //https://www.youtube.com/watch
4971cf6.04 42f9424e 043937 s ???????? 003 /wiki/DbNetz
4971e33.89 d8f442c7 2e51d1 h ???????? 002 /robots.txt
4972017.3b 22eac97c 1de6a3 h ???????? 002 /robots.txt
497203a.56 22eac97c 1de6a3 h ???????? 45f /memo
49725c7.1d 4d4b4d0b 6a9392 h ???????? 002 /robots.txt
49725c8.02 4d4b4d0b 6a9392 h ???????? 003 //wiki/PieschenTv
49726dd.6e 36ec38a4 1de6a3 h ???????? 002 /bike
4972741.f1 9d372786 6a88e8 s ???????? 01c /
49727f3.58 cf2e0dc7 6a88e8 h ???????? 002 /robots.txt
4972827.9e 284da76d 6a88e8 h ???????? 002 /wiki/CalculationsPerSecondPerDollar
4972a81.83 d8f442c7 2e51d1 h ???????? 016 /1
4972eb0.8c 345b7eda 1de6a3 h ???????? 002 /robots.txt
4972eb9.a3 42f94290 043937 h ???????? 003 /wiki/MindRole
4972fac.dd 345b7eda 1de6a3 h ???????? 002 /blobs
4972fd7.e6 36249522 433e9c h ???????? 017 /
4972ff2.09 2399e775 1de6a3 h ???????? 002 /robots.txt
49730a2.dc 345b7eda 1de6a3 h ???????? 009 /BlockTime
49733e2.89 3624950f 433e9c h ???????? 003 /wiki/SingularAcademy
4973611.46 36249416 433e9c h ???????? 008 /edit/5016001
4973661.b1 d8f442f6 2e51d1 h ???????? 002 /robots.txt
49739ce.f2 a2d2c481 028fc4 h ???????? 002 /robots.txt
49739d0.9d a2d2c481 028fc4 h ???????? 016 /
4973a1f.93 284da76d 6a88e8 h ???????? 003 /wiki/MindHotel
4973a5d.b7 345b7eda 1de6a3 h ???????? 002 /wiki/ArTelligence
4973ab1.f9 345b7eda 1de6a3 h ???????? 001 /box
4973b0a.ff 345b7eda 1de6a3 h ???????? 002 /wiki/TakeOff
4973b43.81 345b7eda 1de6a3 h ???????? 001 /bsLog
4973b6c.15 42f95c81 70a047 h ???????? 002 //rss.rdf
4973b7c.43 345b7eda 1de6a3 h ???????? 002 /wiki/IntelligenceExplosion
4973bcb.4d 345b7eda 1de6a3 h ???????? 002 /wiki/TuiLuna
4973c02.9e 345b7eda 1de6a3 h ???????? 002 /AlphaLabs
4973c55.c1 345b7eda 1de6a3 h ???????? 001 /wiki/MgmGrandOrion
4973c88.ab 345b7eda 1de6a3 h ???????? 002 /wiki/ComPlex
4973cad.a5 345b7eda 1de6a3 h ???????? 001 /blobs
4973ccc.38 345b7eda 1de6a3 h ???????? 001 /BlockTime
4973da1.2c b44c0f88 a04d28 h ???????? 002 /wiki/LockSchuppen
4973db2.8c 284da76d 6a88e8 h ???????? 010 /
4973e75.e6 3624945f 433e9c h ???????? 002 /wiki/ProJect
497407b.f2 42f942d2 043937 s ???????? 002 /wiki/AiGame
497408a.fd 284da7bf 6a88e8 h ???????? 002 /wiki/AudiVision
497409c.a3 22c93d82 1de6a3 h ???????? 001 /crush
497428f.77 36249556 433e9c h ???????? 001 /edit/27406003
497437b.ec 80c74c97 7a8d82 h ???????? 010 /
497437d.8f 80c74c97 7a8d82 s ???????? 06e /hls
4974382.53 80c74c97 7a8d82 s ???????? 066 /ls
49747c2.04 97502791 433e9c h ???????? 001 /robots.txt
4974983.19 345b7eda 1de6a3 h ???????? 001 /robots.txt
49749eb.f3 345b7eda 1de6a3 h ???????? 002 /box
4974a4a.b3 36249456 433e9c h ???????? 002 /wiki/EricSchmidt
4974ace.91 345b7eda 1de6a3 h ???????? 002 /wiki/GeBurt
4974b32.5f 284da7bf 6a88e8 h ???????? 002 /wiki/RecentChanges
4974b32.c4 284da7bf 6a88e8 h ???????? 002 /wiki/SingularSummitEurope
4974b6f.16 b44c0f8c a04d28 h ???????? 001 /LifeDay
4974b85.e1 345b7eda 1de6a3 h ???????? 002 /wiki/MindTags
4974bf5.2f 345b7eda 1de6a3 h ???????? 001 /cal
4974c61.56 345b7eda 1de6a3 h ???????? 001 /cam
4974c66.38 cab519ca 2da35a h ???????? 012 /
4974c66.94 cab519ca 99d427 h ???????? 03c /index.action
4974cca.ff 345b7eda 1de6a3 h ???????? 002 /cal
4974e2b.50 345b7eda 1de6a3 h ???????? 001 /SingularChess
4974ebf.33 d8f442f6 2e51d1 h ???????? 002 /wiki/TwitterKurs
4975011.35 42f951e9 002725 h ???????? 002 /favicon.ico
49751be.a9 5f6cb561 e4b041 h ???????? 001 /robots.txt
49751c2.71 5f6cb561 e4b041 h ???????? 012 /
497523f.11 42f9424e 043937 s ???????? 003 /wiki/RaiNer
497537a.00 8d14d95e 5ec1d2 s ???????? 01b /
4975381.88 8d14d95e 5ec1d2 s ???????? 002 /feel/4
4975385.66 8d14d95e 5ec1d2 s ???????? 001 /feel/8
497538d.cb 8d14d95e 5ec1d2 s ???????? 018 /feel/10
49753f3.5d 2e937000 458e86 h ???????? 012 /
4975458.da 284da710 6a88e8 s ???????? 018 /
49754c2.c5 8d14d95e 5ec1d2 s ???????? 012 /
49754ee.33 8d14d95e 5ec1d2 s ???????? 012 /
49754f3.fc 8d14d95e 5ec1d2 s ???????? 001 /feel/4
49754f6.f5 8d14d95e 5ec1d2 s ???????? 001 /feel/8
49754ff.02 8d14d95e 5ec1d2 s ???????? 012 /feel/10
497550e.f6 8d14d95e 5ec1d2 s ???????? 001 /feel/20
497551f.16 8d14d95e 5ec1d2 s ???????? 002 /feel/30
497552f.20 8d14d95e 5ec1d2 s ???????? 001 /feel/40
497553f.0c 8d14d95e 5ec1d2 s ???????? 002 /feel/50/
497554e.f6 8d14d95e 5ec1d2 s ???????? 006 /feel/60/
497555e.f6 8d14d95e 5ec1d2 s ???????? 001 /feel/70/
497556e.f8 8d14d95e 5ec1d2 s ???????? 001 /feel/80/
497557e.f9 8d14d95e 5ec1d2 s ???????? 001 /feel/90/
497558e.fc 8d14d95e 5ec1d2 s ???????? 001 /feel/a0/
497559e.fc 8d14d95e 5ec1d2 s ???????? 001 /feel/b0/
49755af.04 8d14d95e 5ec1d2 s ???????? 002 /feel/c0/
49755be.a6 8d14d95e 5ec1d2 s ???????? 001 /feel/d0/
4975695.23 451ed5ca 028fc4 s ???????? 001 /robots.txt
49756a6.03 451ed5ca 028fc4 s ???????? 014 /
49756b8.89 811aa063 72448a h ???????? 002 /wiki/RainerWasserfuhr
49758ef.54 8d14d95e 5ec1d2 s ???????? 014 /
49759f4.2c 8d14d95e 5ec1d2 s ???????? 020 /
49759f8.cd 8d14d95e 5ec1d2 s ???????? 002 /feel/4
4975bc8.0d 8d14d95e 5ec1d2 s ???????? 002 /feel/4
4975bcc.06 8d14d95e 5ec1d2 s ???????? 001 /feel/8
4975bd4.08 8d14d95e 5ec1d2 s ???????? 014 /feel/10
4975be4.17 8d14d95e 5ec1d2 s ???????? 001 /feel/20
4975c2c.e8 345b7eda 1de6a3 h ???????? 003 /wiki/AtemZuege
4975c5f.81 8d14d95e 5ec1d2 s ???????? 002 /feel/4
4975c60.05 345b7eda 1de6a3 h ???????? 001 /robots.txt
4975c63.69 8d14d95e 5ec1d2 s ???????? 002 /feel/8
4975c90.47 345b7eda 1de6a3 h ???????? 002 /wiki/DasIchErinnertSich
4975cf3.e0 345b7eda 1de6a3 h ???????? 001 /cam
4975d32.04 5d735fcd cc9bbb h ???????? 014 /
4975d5b.19 345b7eda 1de6a3 h ???????? 003 /wiki/DasNetz
4976214.e4 8d14d95e 5ec1d2 s ???????? 014 /
4976219.5c 8d14d95e 5ec1d2 s ???????? 001 /feel/4
497628e.e1 42f95c53 70a047 h ???????? 002 //rss.rdf
4976401.f1 42f9424e 043937 s ???????? 003 /wiki/TauSch
4976441.b3 8d14d95e 5ec1d2 s ???????? 01c /
49765e4.8c cf2e0d49 6a88e8 s ???????? 002 /robots.txt
49765ea.82 9d372786 6a88e8 s ???????? 015 /
4976681.68 42f942d0 043937 s ???????? 003 /wiki/WoZu
49766ba.f4 42f94242 043937 h ???????? 002 /hot/robots.txt
49767a2.21 42f94242 622963 h ???????? 002 /hot
4976832.6c 42f94292 043937 s ???????? 004 /wiki/WochenPredigt
4976849.49 42f9428e 043937 s ???????? 003 /wiki/[http://www.zeno.org/Literatur/M/Keller,+Gottfried/Gedichte/Gesammelte+Gedichte/Sonnwende+und+Entsagen/Wochenpredigt]
4976970.5f 42f9425f 043937 h ???????? 003 /wiki/TransHuman
4976cec.05 ac68a48f 12bd58 h ???????? 002 /.git/index
4976d2e.8f 9d37279e 6a88e8 h ???????? 002 /wiki/HorstUdoHain
4976d43.05 bc285186 7dfab1 h ???????? 002 //rss.jsp
4976d43.32 bc285186 7dfab1 h ???????? 002 //rss.jsp
4976de9.a6 8d14d95e 5ec1d2 s ???????? 01c /
4976dee.2c 8d14d95e 5ec1d2 s ???????? 002 /feel/4
4976e8a.a4 d86ce830 dc1a18 h ???????? 016 /
4976e8b.60 d86ce830 dc1a18 h ???????? 002 //https://floatingboat2013.appspot.com
4976e8b.f9 d86ce830 dc1a18 h ???????? 003 //wiki/AlanTuring
4976e8c.95 d86ce830 dc1a18 h ???????? 003 //wiki/GottfriedWilhelmLeibniz
4976e8d.33 d86ce830 dc1a18 h ???????? 002 //https://floatingboat2013.appspot.com/UrPic
4976e8d.d4 d86ce830 dc1a18 h ???????? 002 //https://floatingboat2013.appspot.com/ad
4976e8e.72 d86ce830 dc1a18 h ???????? 001 //https://sl4.eu/hls
4976e8f.10 d86ce830 dc1a18 h ???????? 002 //https://sl4.eu/ls
4976e8f.c5 d86ce830 dc1a18 h ???????? 008 //https://sl4.eu/sh
4976e90.66 d86ce830 dc1a18 h ???????? 002 //https://www.youtube.com/watch
4976fbc.c4 36249548 433e9c h ???????? 003 /wiki/VerTrag
4977072.3b 8d14d95e 5ec1d2 s ???????? 015 /
4977076.a4 8d14d95e 5ec1d2 s ???????? 002 /feel/4
4977238.44 bc285186 7dfab1 h ???????? 002 //rss.jsp
4977238.70 bc285186 7dfab1 h ???????? 001 //rss.jsp
497726a.ef 8d14d95e 5ec1d2 s ???????? 017 /
497726f.69 8d14d95e 5ec1d2 s ???????? 002 /feel/4
4977273.6f 8d14d95e 5ec1d2 s ???????? 002 /feel/8
49772e8.40 8d14d95e 5ec1d2 s ???????? 01b /
49773fc.c5 8d14d95e 5ec1d2 s ???????? 017 /
4977401.bc 8d14d95e 5ec1d2 s ???????? 002 /feel/4
4977405.be 8d14d95e 5ec1d2 s ???????? 002 /feel/8
497740d.b2 8d14d95e 5ec1d2 s ???????? 01e /feel/10
497741f.68 8d14d95e 5ec1d2 s ???????? 002 /feel/20
497742d.b8 8d14d95e 5ec1d2 s ???????? 002 /feel/30
497743d.ba 8d14d95e 5ec1d2 s ???????? 002 /feel/40
497744d.cd 8d14d95e 5ec1d2 s ???????? 002 /feel/50/
497745d.e2 8d14d95e 5ec1d2 s ???????? 001 /feel/60/
497746d.b2 8d14d95e 5ec1d2 s ???????? 001 /feel/70/
497747d.b2 8d14d95e 5ec1d2 s ???????? 001 /feel/80/
497748d.ae 8d14d95e 5ec1d2 s ???????? 001 /feel/90/
497749d.b1 8d14d95e 5ec1d2 s ???????? 004 /feel/a0/
49774ad.b1 8d14d95e 5ec1d2 s ???????? 001 /feel/b0/
49774bd.4d bc285186 7dfab1 h ???????? 001 //rss.jsp
49774bd.6d bc285186 7dfab1 h ???????? 001 //rss.jsp
49774bd.b4 8d14d95e 5ec1d2 s ???????? 001 /feel/c0/
49774bf.e8 bc285186 7dfab1 h ???????? 001 //rss.jsp
49774c0.0a bc285186 7dfab1 h ???????? 001 //rss.jsp
49774cd.f9 8d14d95e 5ec1d2 s ???????? 001 /feel/d0/
49774dd.6b 8d14d95e 5ec1d2 s ???????? 002 /wiki/AlanTuring
49774dd.cc 8d14d95e 5ec1d2 s ???????? 001 /feel/e0/
49774ed.b8 8d14d95e 5ec1d2 s ???????? 002 /feel/f0/
49774ef.90 8d14d95e 5ec1d2 s ???????? 002 /wiki/GottfriedWilhelmLeibniz
49774fd.b9 8d14d95e 5ec1d2 s ???????? 01d /alive/100/
49774fd.d1 8d14d95e 5ec1d2 s ???????? 010 /feel/100/
497750e.1f 8d14d95e 5ec1d2 s ???????? 010 /
49775c4.db 42f94294 043937 h ???????? 002 /wiki/HoerBuch
49776a4.64 4706cac6 aadf09 h ???????? 001 /ccvv
49777b7.77 5e172143 57819b h ???????? 002 //wp-content/plugins/cherry-plugin/admin/css/cherry-admin-plugin.css
4977981.1f c0f33533 2e29b5 h ???????? 001 /robots.txt
49779b5.65 c0f33533 ead292 h ???????? 002 /wiki/CarTwoGo
4977adf.90 a4845b03 71c997 h ???????? 016 /
4977d1f.42 26633e5d 99cc80 h ???????? 016 /
4977dde.01 42f94294 043937 h ???????? 003 /system
4977e0c.e0 b44c0f8f a04d28 h ???????? 011 /
49780ca.d3 9d3727a4 6a88e8 h ???????? 01d /
4978161.ee 6baafa2a ef60d6 s ???????? 013 /
497839d.d4 3e609a4a 5ec1d2 s ???????? 017 /
49783a6.c0 3e609a4a 5ec1d2 s ???????? 001 /feel/4
49783aa.5a 3e609a4a 5ec1d2 s ???????? 001 /alive/8
49783c1.9d 42f94290 043937 h ???????? 001 /film
49783e4.3e 3e609a4a 5ec1d2 s ???????? 022 /
497868d.1c 284da76d 6a88e8 h ???????? 002 /wiki/MindFee
497868d.19 3e609a4a 5ec1d2 s ???????? 01b /
4978690.73 284da76d 6a88e8 h ???????? 012 /
4978787.de 42f942c8 043937 h ???????? 003 /wiki/ManchMal
49787a4.12 3e609a4a 5ec1d2 s ???????? 012 /
49787a8.90 3e609a4a 5ec1d2 s ???????? 001 /feel/4
49787ac.8e 3e609a4a 5ec1d2 s ???????? 002 /feel/8
4978aec.30 3e609a4a 5ec1d2 s ???????? 014 /
4978af3.74 3e609a4a 5ec1d2 s ???????? 014 /
4978b21.1b 42f95c9f 70a047 h ???????? 002 //rss.rdf
4978c8d.6a 3e609a4a 5ec1d2 s ???????? 01b /
4978ca8.c5 345b7eda 1de6a3 h ???????? 002 /robots.txt
4978d34.cf 345b7eda 1de6a3 h ???????? 002 /wiki/EinSchlag
4978f72.ae 42f94292 622963 h ???????? 002 /system
497920f.f7 b44c0f87 a04d28 s ???????? 013 /edit/136385001
4979366.b4 8af6fd13 b5326e s ???????? 016 /
497960e.cf 42f94242 043937 h ???????? 002 /earth/robots.txt
4979679.1d 42f94290 043937 h ???????? 002 /earth
4979740.10 9750278f 433e9c h ???????? 002 //robots.txt
49797b1.04 42f94290 043937 h ???????? 002 /hot
497994a.ee 42f9428e 043937 s ???????? 008 /wiki/EiBiEm
4979bb2.e4 42f942c6 043937 h ???????? 002 /go
4979c59.78 42f942c8 043937 h ???????? 002 /go
4979f8a.1f d8f442e3 2e51d1 h ???????? 001 //robots.txt
497a2f4.7d d8f442c7 2e51d1 h ???????? 001 /robots.txt
497a399.1c 42f94240 043937 h ???????? 001 /base/robots.txt
497a4cb.ec 42f942c8 043937 h ???????? 002 /base
497a78b.c5 4a7d4c20 55c2cd h ???????? 002 //rss.rdf
497a848.bd 3651b0af 2baa92 h ???????? 014 /
497a8f7.23 42f94240 043937 h ???????? 001 /robots.txt
497a92c.f6 d8f442c7 2e51d1 h ???????? 003 /wiki/WikiNode
497a93a.7a 42f94242 622963 h ???????? 014 /
497aa68.cc b44c0f11 a04d28 h ???????? 003 /wiki/MindZip
497aa72.0c 42f942c8 622963 h ???????? 002 /film
497aa78.e4 42f94292 043937 h ???????? 002 /crush
497ab0d.f4 42f9424d 043937 s ???????? 003 /wiki/GeSell
497abfb.9e 42f94242 043937 h ???????? 002 /crush
497ac93.9a a4845b03 b09e01 s ???????? 015 /
497af24.53 94fbe9e9 072c14 h ???????? 016 /
497af28.4b 94fbe9e9 072c14 h ???????? 001 /edit
497af32.2e 94fbe9e9 072c14 h ???????? 002 /edit
497af37.7e 94fbe9e9 072c14 h ???????? 002 /edit/20586001
497af3c.32 94fbe9e9 072c14 h ???????? 002 /edit/20606001
497af41.54 94fbe9e9 072c14 h ???????? 015 /edit/17476007
497af46.1b 94fbe9e9 072c14 h ???????? 014 /edit/16486001
497af4b.06 94fbe9e9 072c14 h ???????? 003 /wiki/etal
497af4b.cc 94fbe9e9 36576e h ???????? 002 /css
497af53.b5 94fbe9e9 072c14 h ???????? 016 /edit/14656003
497b238.c8 b44c0f0f a04d28 h ???????? 003 /wiki/NooMic
497b289.82 42f95c9f 70a047 h ???????? 002 //rss.rdf
497b4f1.de 42f94242 043937 h ???????? 002 /go
497b52a.71 42f951e7 3af65e h ???????? 015 /
497b5dc.8e 4db32010 fa6e7d h ???????? 016 /
497b5e1.02 4db32010 fa6e7d h ???????? 002 /feel/4
497b5e1.03 4db32010 fa6e7d h ???????? 001 /alive/4
497b5ec.b7 4db32010 fa6e7d h ???????? 014 /
497b5ec.f8 4db32010 fa6e7d h ???????? 002 /favicon.ico
497b5f1.1f 4db32010 fa6e7d h ???????? 002 /alive/4
497b5f1.20 4db32010 fa6e7d h ???????? 002 /feel/4
497b6b3.1e d8f442fa 2e51d1 h ???????? 002 //robots.txt
497b7a1.d5 2ea1376c eaf401 s ???????? 002 /a2billing/common/javascript/misc.js
497bcd1.13 42f94290 043937 s ???????? 004 /wiki/SaxSys
497c0cb.87 42f94240 043937 h ???????? 002 /crush
497c662.6c 5896e4da a26671 h ???????? 002 //rss.rdf
497c664.60 d5abdc98 a95ea1 h ???????? 002 //rss.rdf
497c682.57 d87ee0e3 1c75e1 h ???????? 003 //rss.rdf
497c71f.f7 0585b70e e83b9c h ???????? 002 //rss.rdf
497c9a2.5e b29f250b 57819b h ???????? 002 /PageInfo.jsp
497cb3e.63 cf2e0d49 6a88e8 s ???????? 002 /robots.txt
497cb41.90 9d372786 6a88e8 s ???????? 017 /
497cd8d.6b 42f94290 043937 h ???????? 002 /base
497ce93.d9 42f94294 043937 h ???????? 004 /wiki/EinNahme
497cfe6.0c 42f9425f 043937 h ???????? 002 /go
497d0f3.e7 36ec38a4 1de6a3 h ???????? 008 /robots.txt
497d21e.1d 36ec38a4 1de6a3 h ???????? 002 /blobs
497d394.09 36ec38a4 1de6a3 h ???????? 002 /BlockTime
497d64c.42 25bb382f e3b0c4 h ???????? 009 /robots.txt
497d64e.70 25bb382f 87f8b1 h ???????? 027 /
497da7d.ef 42f95b9d 70a047 h ???????? 002 //rss.rdf
497db52.d0 d8f442e3 2e51d1 h ???????? 002 //robots.txt
497db73.ab b44c0fa3 fa643b h ???????? 003 /robots.txt
497dba1.2b 42f94b1c 043937 h ???????? 002 /crush
497dcec.d4 345b7eda 1de6a3 h ???????? 002 /robots.txt
497dd88.ca 345b7eda 1de6a3 h ???????? 007 /char
497ddb1.15 b44c0f8f a04d28 h ???????? 002 /wiki
497dfbc.75 345b7eda 1de6a3 h ???????? 002 /ClashOfCars
497e056.d6 42f94b1e 043937 h ???????? 003 /wiki/AltMarkt
497e076.59 47069282 a397c6 h ???????? 01f /
497e07f.dd 47069282 ac551e h ???????? 003 /favicon.ico
497e15b.da b44c0f9b a04d28 s ???????? 019 /edit/136485007
497e1ea.82 362494c5 433e9c h ???????? 002 /edit/22526001
497e73c.5d 5e172817 e3b0c4 h ???????? 003 /robots.txt
497e73e.8c 5e172817 fd196b h ???????? 020 /
497e8a7.3b 42f94b1e 043937 h ???????? 003 /base
497e904.ca d8f442c6 2e51d1 h ???????? 001 //robots.txt
497ea06.f7 5e172817 e3b0c4 h ???????? 001 /robots.txt
497ea09.18 5e172817 fd196b h ???????? 014 /
497ec07.52 42f94b1e 043937 h ???????? 001 /go
497ef34.b8 bca5d01d e3b0c4 h ???????? 001 /robots.txt
497ef36.dd bca5d01d 58771d h ???????? 014 /
497ef44.62 c05f1d74 e3b0c4 h ???????? 002 /robots.txt
497ef46.d9 c05f1d74 4c528d h ???????? 014 /
497f219.f6 42f94b03 043937 s ???????? 002 /wiki/MeNow
497f289.09 5b794fb4 e3b0c4 h ???????? 001 /robots.txt
497f28b.37 5b794fb4 2d2838 h ???????? 012 /
497fdc0.96 42f94b1e 043937 h ???????? 001 /crush
497ff40.6b 42f94b1c 043937 h ???????? 002 /wiki/TedxDresden
