4a80074.3c 42f9425f 043937 h ???????? 00b /wiki/ReLy
4a802b1.a6 bc286647 7dfab1 h ???????? 007 //rss.jsp
4a802b2.19 bc286647 7dfab1 h ???????? 007 //rss.jsp
4a803a4.32 42f94242 043937 h ???????? 03c /
4a80442.b7 7dd1ebae 90c2bc h ???????? 008 /robots.txt
4a80446.5e 7dd1ebba 90c2bc h ???????? 040 /
4a804b1.89 362494f0 433e9c h ???????? 007 /edit/25266001
4a804dd.11 362494ed 433e9c h ???????? 007 /edit/30926001
4a805b4.a2 362494b0 433e9c h ???????? 007 /edit/27166001
4a806e5.19 42a08602 3388af h ???????? 03f /
4a80834.66 3624947e 433e9c h ???????? 007 /edit/23236003
4a80a27.e2 0d7ecfeb 670234 h ???????? 008 /phpmyadmin/
4a80c06.6a 4e2e2319 7dfab1 h ???????? 007 //rss.jsp
4a80c06.df 4e2e2319 7dfab1 h ???????? 008 //rss.jsp
4a81235.60 42f94242 043937 h ???????? 00a /wiki/RsTv
4a81728.21 36249552 433e9c h ???????? 007 /edit/25496002
4a8187b.3d 42f95c81 70a047 h ???????? 008 //rss.rdf
4a81c13.0c d94585cb 399ff9 h ???????? 007 /robots.txt
4a81c14.c5 d94585cb 399ff9 h ???????? 00b /wiki/KreuzKirche
4a81c17.e2 d94586af 399ff9 h ???????? 00b /wiki/KayGroschen
4a81c1b.7b d94586e3 399ff9 h ???????? 00a /wiki/AnEi
4a81c1f.05 d9458503 399ff9 h ???????? 00a /wiki/OasIs
4a81c23.98 d94586dc 399ff9 h ???????? 00a /wiki/DistanzSpiel
4a81c27.e3 d9458509 399ff9 h ???????? 00a /wiki/EyeDotz
4a81c2c.30 d94586af 399ff9 h ???????? 00b /wiki/VerFassung
4a81c30.15 d9458504 399ff9 h ???????? 00b /wiki/WikiPage
4a81c33.c8 d94586c8 399ff9 h ???????? 00b /wiki/WegenDir
4a81c37.1b d945869b 399ff9 h ???????? 00a /wiki/SiSanien
4a81f02.cc d94586af 399ff9 h ???????? 008 /robots.txt
4a81f04.52 d9458506 399ff9 h ???????? 00a /wiki/TuerAn
4a81f07.ee d94586b2 399ff9 h ???????? 00a /wiki/LuSch
4a81f0c.08 d94585cb 399ff9 h ???????? 012 /wiki/ThinkIn
4a81f0e.b2 d94585c2 399ff9 h ???????? 00b /wiki/HerzTorte
4a81f0f.d1 c1b6bdf7 043937 h ???????? 00a /wiki/FrankSchoenefeld
4a81f11.30 d9458503 399ff9 h ???????? 00b /wiki/RaumPlan
4a81f36.42 42f9424d 622963 s ???????? 03f /
4a81f4b.21 d94586b0 399ff9 h ???????? 008 /robots.txt
4a81f4c.ae d94585c2 399ff9 h ???????? 00a /wiki/DoIt
4a81f50.3e d94585cb 399ff9 h ???????? 00b /wiki/CoraHobby
4a81f63.95 d94586b9 399ff9 h ???????? 00a /wiki/DeHa
4a81f67.3a d945869b 399ff9 h ???????? 00a /wiki/LinieDrei
4a81f74.2c d9458502 399ff9 h ???????? 00a /wiki/ChristianHeller
4a81f7a.af d94586af 399ff9 h ???????? 00b /wiki/HaTa
4a81f7e.32 d945869b 399ff9 h ???????? 00b /wiki/LaufHaus
4a823f8.b4 42f94242 043937 h ???????? 00b /wiki/GriBi
4a82948.4b d94586b9 399ff9 h ???????? 008 /robots.txt
4a8294b.95 d945869b 399ff9 h ???????? 00a /wiki/LiebeDas
4a82952.09 d9458503 399ff9 h ???????? 00a /wiki/HiPo
4a82955.a7 d94585cb 399ff9 h ???????? 00b /wiki/LifeDay16184
4a82959.fc d945869b 399ff9 h ???????? 00b /wiki/KhBi
4a8295d.80 d94586b1 399ff9 h ???????? 00b /wiki/ZuJung
4a82961.f7 d9458504 399ff9 h ???????? 00a /wiki/536001
4a829c7.21 36249415 433e9c h ???????? 008 /edit/25146003
4a82dfb.e7 36249534 433e9c h ???????? 00b /wiki/FamWis02
4a82fce.42 cf2e0d80 6a88e8 s ???????? 03e /
4a83217.c5 d8f442fa 2e51d1 h ???????? 007 //robots.txt
4a8359a.73 b44c0f1b a04d28 h ???????? 007 /edit/62293005
4a835bc.24 42f9425f 043937 h ???????? 00b /wiki/EnN8
4a835da.ec d8f442fa 2e51d1 h ???????? 007 //robots.txt
4a835dc.4b d8f442fa 2e51d1 h ???????? 007 /robots.txt
4a83ae7.e0 42f94240 622963 h ???????? 040 /
4a83d17.43 b44c0f0a a04d28 h ???????? 00b /wiki/NooPolis
4a8409b.a5 8ac56fee 487ce2 h ???????? 041 /
4a840ae.01 8ac56fee 96abfb h ???????? 009 /robots.txt
4a84161.7e 42f95c9f 70a047 h ???????? 008 //rss.rdf
4a843b1.75 9d372700 6a88e8 s ???????? 008 /robots.txt
4a843b2.d0 9d372700 6a88e8 s ???????? 007 /robots.txt
4a843bf.47 cf2e0d3a 6a88e8 s ???????? 03f /
4a8477f.c3 42f94240 043937 h ???????? 00b /wiki/KeuTa
4a847b0.3d 36249500 433e9c h ???????? 042 /edit/12366001
4a84dad.d4 d94586dc 399ff9 h ???????? 008 /robots.txt
4a84db0.01 d9458502 399ff9 h ???????? 00d /wiki/RealFilm
4a84dc8.0d 36249539 433e9c h ???????? 00b /wiki/AlexanderJobst
4a85074.84 d94586ae 399ff9 h ???????? 007 /robots.txt
4a85075.b7 d94586b7 399ff9 h ???????? 00b /wiki/ShookHands
4a853b2.f2 d9458504 399ff9 h ???????? 00b /robots.txt
4a853b5.51 d94586b2 399ff9 h ???????? 00b /wiki/RilkePanther
4a85417.e7 d8f442c7 2e51d1 h ???????? 008 /robots.txt
4a8542d.34 d94586b2 399ff9 h ???????? 008 /robots.txt
4a85432.a6 d945869a 399ff9 h ???????? 00d /wiki/RaumPlan
4a85438.78 d94586b1 399ff9 h ???????? 00b /wiki/MindPost
4a85508.96 9d3727ba 6a88e8 h ???????? 00c /wiki/CalculationsPerSecondPerDollar
4a85942.fb 42f9425f 043937 h ???????? 00b /wiki/MyRuh
4a85a33.1e 42f951e9 002725 h ???????? 008 /favicon.ico
4a85a71.8f 5f6cb561 e4b041 h ???????? 007 /robots.txt
4a85a75.3d 5f6cb561 e4b041 h ???????? 042 /
4a85da9.ed cf2e0d10 6a88e8 h ???????? 045 /
4a85ea6.0b 36249564 433e9c h ???????? 008 /edit/24286001
4a85ef0.7e 42f94240 043937 h ???????? 00b /wiki/IceTouch
4a85f11.96 42f94240 043937 h ???????? 00c /wiki/OelDollar
4a85f14.ec 42f9425f 043937 h ???????? 00c /wiki/JackKerouac
4a85f15.b2 42f9425f 043937 h ???????? 00b /wiki/AtkinsDiet
4a85f23.c2 42f9425f 043937 h ???????? 00b /wiki/LifeDay15995
4a85f44.4b 42f94242 043937 h ???????? 00c /wiki/LifeDay16357
4a85f5a.ed 42f94240 043937 h ???????? 00b /wiki/VogelPerspektive
4a85f61.07 42f9425f 043937 h ???????? 00b /wiki/SemperGymnasium
4a85f65.64 42f94240 043937 h ???????? 00b /wiki/CrowdLecture
4a85f69.ad 42f94240 043937 h ???????? 00c /wiki/TorstenHerbst
4a85f70.8a 42f9425f 043937 h ???????? 00b /wiki/MatthieuCarriere
4a85f79.26 42f9425f 043937 h ???????? 00d /wiki/RcAtkins
4a85f7c.70 42f9425f 043937 h ???????? 00b /wiki/SingleMenWhoLikeGolfAndLiveInDresdenGermany
4a85fa1.02 42f9425f 043937 h ???????? 00c /wiki/AnGe
4a85fa7.81 42f9425f 043937 h ???????? 00c /wiki/EcbTla
4a85faa.99 42f9425f 043937 h ???????? 00b /wiki/DsgTla
4a85fb0.43 42f9425f 043937 h ???????? 00b /wiki/ArnholdBad
4a85fb1.67 42f9425f 043937 h ???????? 00b /wiki/ThinShells
4a85fbb.6a 42f9425f 043937 h ???????? 00b /wiki/LaDolceVita
4a85fc1.9a 42f9425f 043937 h ???????? 00b /wiki/LifeDay15992
4a85fd1.1b 42f9425f 043937 h ???????? 00c /wiki/LichtHerbert
4a85fd2.c3 42f9425f 043937 h ???????? 00b /wiki/AntonStrasse
4a85fe6.d7 42f94240 043937 h ???????? 00c /wiki/SchlesischPlatz
4a85fed.21 42f9425f 043937 h ???????? 00b /wiki/GeorgArnholdBad
4a86083.04 42f9425f 043937 h ???????? 00b /wiki/UsBhk8mZIhw
4a86087.15 42f94240 043937 h ???????? 00b /wiki/BlueNet
4a8608a.28 42f94240 043937 h ???????? 00b /wiki/GlGr
4a8608d.56 42f94240 043937 h ???????? 00b /wiki/RedTwo
4a86090.66 42f9425f 043937 h ???????? 00c /wiki/DeApp
4a86096.47 42f94240 043937 h ???????? 00b /wiki/HackMe
4a8609b.d3 42f94240 043937 h ???????? 00b /wiki/ReRoBa
4a860a0.ee 42f9425f 043937 h ???????? 00b /wiki/BlauDe
4a860a5.f5 42f9425f 043937 h ???????? 00b /wiki/SvenRot
4a860ab.0f 42f9425f 043937 h ???????? 00c /wiki/BurnOut
4a860af.7d 42f9425f 043937 h ???????? 00c /wiki/AllCh
4a860b3.f6 42f9425f 043937 h ???????? 00c /wiki/AoWiki
4a860b8.7d 42f9425f 043937 h ???????? 00c /wiki/AoElfe
4a860bc.ce 42f9425f 043937 h ???????? 00b /wiki/FengSusi
4a860c1.2e 42f9425f 043937 h ???????? 00c /wiki/StuRa
4a860c5.41 42f9425f 043937 h ???????? 00c /wiki/HeMartin
4a860c9.4c 42f9425f 043937 h ???????? 00c /wiki/HandBall
4a860cc.ed 42f9425f 043937 h ???????? 00c /wiki/AoMemory
4a860d0.7a 42f94240 043937 h ???????? 00c /wiki/AboFalle
4a860d4.1c 42f94240 043937 h ???????? 00b /wiki/TurnerWeg
4a860d7.8b 42f9425f 043937 h ???????? 00c /wiki/ManInSuit
4a860da.ff 42f9425f 043937 h ???????? 00f /wiki/FalseFlag
4a860de.70 42f9425f 043937 h ???????? 00c /wiki/BtnSource
4a860e1.ec 42f9425f 043937 h ???????? 00c /wiki/AlphaWeib
4a860e5.5c 42f9425f 043937 h ???????? 00c /wiki/MaxFrisch
4a860e8.be 42f9425f 043937 h ???????? 00c /wiki/MalokaBag
4a860ec.06 42f9425f 043937 h ???????? 00b /wiki/AlJarreau
4a860ef.53 42f9425f 043937 h ???????? 00e /wiki/SchauLust
4a860f2.a2 42f9425f 043937 h ???????? 00c /wiki/UllersDorf
4a860f5.f0 42f9425f 043937 h ???????? 00c /wiki/RobertHare
4a860f9.31 42f9425f 043937 h ???????? 00c /wiki/MutzelHaus
4a860fc.6a 42f9425f 043937 h ???????? 00c /wiki/KjSchommer
4a860ff.9b 42f9425f 043937 h ???????? 00b /wiki/ArzneiBuch
4a86102.e4 42f9425f 043937 h ???????? 00c /wiki/NetworksPr
4a86106.0e 42f9425f 043937 h ???????? 00c /wiki/SchwertWeg
4a86109.18 42f9425f 043937 h ???????? 00c /wiki/DvbLinie86
4a8610d.1e 42f9425f 043937 h ???????? 002 /wiki/GraphSearch
4a8610e.fe 42f9425f 043937 h ???????? 002 /wiki/MorgenKanon
4a86112.15 42f9425f 043937 h ???????? 002 /wiki/KinetisKl02
4a86115.1c 42f9425f 043937 h ???????? 002 /wiki/SemperNetto
4a86118.22 42f9425f 043937 h ???????? 002 /wiki/OpenReactor
4a8611b.31 42f9425f 043937 h ???????? 002 /wiki/AcademiaEdu
4a8611e.30 42f9425f 043937 h ???????? 003 /wiki/TerraCookie
4a86121.3d 42f9425f 043937 h ???????? 002 /wiki/LifeDay16339
4a86124.4e 42f9425f 043937 h ???????? 002 /wiki/LifeDay15996
4a86127.4f 42f9425f 043937 h ???????? 002 /wiki/LifeDay16328
4a8612a.5a 42f9425f 043937 h ???????? 002 /wiki/LifeDay16361
4a8612d.16 42f9425f 043937 h ???????? 002 /wiki/SlUb173
4a8612f.f4 42f9425f 043937 h ???????? 003 /wiki/SchnorrAldi
4a86132.87 42f9425f 043937 h ???????? 002 /wiki/ChElSi
4a86135.24 42f9425f 043937 h ???????? 002 /wiki/DeanParisot
4a86137.a4 42f9425f 043937 h ???????? 002 /wiki/LifeDay15965
4a86138.df 36249435 433e9c h ???????? 001 /edit/26076002
4a8613a.26 42f9425f 043937 h ???????? 002 /wiki/LifeDay15993
4a8613c.82 42f9425f 043937 h ???????? 003 /wiki/LadyMiller
4a8613e.f9 42f9425f 043937 h ???????? 002 /wiki/LifeDay16326
4a86141.57 42f9425f 043937 h ???????? 002 /wiki/LifeDay16327
4a86143.c4 42f9425f 043937 h ???????? 003 /wiki/LifeDay16356
4a86146.2d 42f9425f 043937 h ???????? 002 /wiki/LifeDay16330
4a86148.94 42f9425f 043937 h ???????? 003 /wiki/LifeDay15991
4a8614a.fd 42f9425f 043937 h ???????? 003 /wiki/LifeDay15964
4a8614d.68 42f9425f 043937 h ???????? 003 /wiki/LifeDay16340
4a8614f.c9 42f9425f 043937 h ???????? 002 /wiki/FaVogelmaier
4a86152.39 42f9425f 043937 h ???????? 002 /wiki/FelixLippmann
4a86154.9e 42f9425f 043937 h ???????? 002 /wiki/SingularCodex
4a86157.05 42f9425f 043937 h ???????? 003 /wiki/PeriodicTable
4a86159.74 42f9425f 043937 h ???????? 002 /wiki/OperationGladio
4a8615b.db 42f9425f 043937 h ???????? 002 /wiki/PowerWomenPille
4a8615e.42 42f9425f 043937 h ???????? 003 /wiki/FedericoFellini
4a86160.ac 42f9425f 043937 h ???????? 003 /wiki/BfNiedersedlitz
4a86163.15 42f9425f 043937 h ???????? 002 /wiki/AntoineLavoisier
4a86165.86 42f9425f 043937 h ???????? 003 /wiki/KathleenFlechsig
4a86167.f2 42f9425f 043937 h ???????? 003 /wiki/ErnaBergerStrasse
4a8616a.5f 42f9425f 043937 h ???????? 003 /wiki/GrandBudapestHotel
4a8616c.d0 42f9425f 043937 h ???????? 004 /wiki/ErnstTollerStrasse
4a8616f.60 42f9425f 043937 h ???????? 002 /wiki/ResponsiveWebDesign
4a86171.cc 42f9425f 043937 h ???????? 002 /wiki/JensMittelstenscheid
4a86174.d8 42f9425f 043937 h ???????? 003 /wiki/BlueIsTheWarmestColour
4a8617c.51 42f9425f 043937 h ???????? 003 /wiki/TobiasGoecke
4a861a0.84 42f9425f 043937 h ???????? 003 /wiki/TobiasG
4a861a6.8d 42f94240 043937 h ???????? 002 /wiki/HjCrede
4a861ba.03 42f9425f 043937 h ???????? 004 /wiki/IgFarben
4a861be.86 42f94242 043937 h ???????? 002 /wiki/SvSp
4a861c1.ca 42f9425f 043937 h ???????? 003 /wiki/CoNu
4a861c5.28 42f94240 043937 h ???????? 002 /wiki/ChElH
4a861c8.ac 42f9425f 043937 h ???????? 003 /wiki/AoJob
4a861cb.d4 42f9425f 043937 h ???????? 003 /wiki/FraBa
4a861cf.17 42f9425f 043937 h ???????? 004 /wiki/GskTla
4a861d2.6d 42f9425f 043937 h ???????? 003 /wiki/LeRoBa
4a861d5.c5 42f9425f 043937 h ???????? 003 /wiki/AltiDm
4a861dc.37 42f9425f 043937 h ???????? 002 /wiki/FabLab
4a861e2.d3 42f9425f 043937 h ???????? 003 /wiki/ChElRu
4a861e9.7d 42f9425f 043937 h ???????? 002 /wiki/PreCog
4a861f0.20 42f9425f 043937 h ???????? 002 /wiki/RoHaZoo
4a861f6.c3 42f9425f 043937 h ???????? 003 /wiki/ComPound
4a861fd.63 42f9425f 043937 h ???????? 003 /wiki/SmartDust
4a86204.1d 42f9425f 043937 h ???????? 003 /wiki/HanaMezei
4a8620a.b1 42f9425f 043937 h ???????? 003 /wiki/AndreVital
4a86211.50 42f9425f 043937 h ???????? 002 /wiki/DvbTram2582
4a86217.f8 42f9425f 043937 h ???????? 003 /wiki/NanoRaceCar
4a8621e.9b 42f9425f 043937 h ???????? 003 /wiki/WesAnderson
4a86225.45 42f9425f 043937 h ???????? 003 /wiki/LifeDay15963
4a8622b.e5 42f9425f 043937 h ???????? 003 /wiki/LifeDay15966
4a86232.95 42f9425f 043937 h ???????? 002 /wiki/AkteNooPolis
4a86239.39 42f9425f 043937 h ???????? 003 /wiki/LifeDay15997
4a8623f.d7 42f9425f 043937 h ???????? 003 /wiki/HeikosMutter
4a86246.89 42f9425f 043937 h ???????? 002 /wiki/LifeDay16298
4a8624d.25 42f9425f 043937 h ???????? 003 /wiki/StraussTotal
4a86253.cf 42f9425f 043937 h ???????? 003 /wiki/LifeDay16310
4a8625a.78 42f9425f 043937 h ???????? 003 /wiki/JosefMengele
4a86261.1e 42f9425f 043937 h ???????? 004 /wiki/LifeDay15935
4a86267.ce 42f9425f 043937 h ???????? 002 /wiki/SchnorrNetto
4a8626e.b6 42f9425f 043937 h ???????? 004 /wiki/LifeDay15665
4a86275.25 42f9425f 043937 h ???????? 003 /wiki/AdornoPortrait
4a8627b.fd 42f94240 043937 h ???????? 003 /wiki/FiratKebapHaus
4a86282.94 42f9425f 043937 h ???????? 003 /wiki/HowOurMiNdWorks
4a86289.73 42f9425f 043937 h ???????? 003 /wiki/LinguBaerenTanz
4a86290.40 42f9425f 043937 h ???????? 003 /wiki/UnderMyUmbrella
4a86297.65 42f9425f 043937 h ???????? 003 /wiki/FlorianAndreasVogelmaier
4a8629f.74 42f9425f 043937 h ???????? 003 /wiki/ChinesischFuerVierjaehrige
4a86359.bb 9d372700 6a88e8 h ???????? 002 /robots.txt
4a8635f.b8 9d3727ba 6a88e8 h ???????? 017 /
4a865b3.92 bd3aa80e 35290f h ???????? 018 /
4a868ad.f6 42f95c81 70a047 h ???????? 002 //rss.rdf
4a86b06.29 42f94242 043937 h ???????? 007 /wiki/UniKl
4a86b06.2c 42f9425f 043937 h ???????? 002 /robots.txt
4a86e0e.e2 4706cac6 aadf09 h ???????? 003 /ccvv
4a87447.42 3624945e 433e9c h ???????? 003 /edit/26016001
4a876db.ec 9750278f 433e9c h ???????? 002 //robots.txt
4a87cc9.70 42f94240 043937 h ???????? 004 /wiki/UmWeg
4a8827a.4f bc285186 7dfab1 h ???????? 002 //rss.jsp
4a8827a.78 bc285186 7dfab1 h ???????? 002 //rss.jsp
4a88444.dc 3624950a 433e9c h ???????? 004 /wiki/HassoPlattner
4a88994.a9 bc285186 7dfab1 h ???????? 004 //rss.jsp
4a88994.ec bc285186 7dfab1 h ???????? 002 //rss.jsp
4a88aee.28 5519d2ea afa0df h ???????? 003 //robots.txt
4a88c45.7f bc285186 7dfab1 h ???????? 002 //rss.jsp
4a88c45.b3 bc285186 7dfab1 h ???????? 003 //rss.jsp
4a88c46.46 bc285186 7dfab1 h ???????? 002 //rss.jsp
4a88c46.70 bc285186 7dfab1 h ???????? 003 //rss.jsp
4a88d08.d5 362494ab 433e9c h ???????? 003 /edit/30876002
4a88e8c.d3 42f9425f 043937 h ???????? 003 /wiki/NqZe
4a88edc.b8 c4342b3f c5c81c h ???????? 019 /
4a89362.e7 42f95c81 70a047 h ???????? 002 //rss.rdf
4a897ff.41 36249440 433e9c h ???????? 004 /wiki/ComPlex
4a89df2.6f 6d5a2b84 fcab86 h ???????? 018 /
4a89df2.f4 6d5a2b84 ca6332 h ???????? 003 /webdav
4a89e9f.29 36249417 433e9c h ???????? 002 /edit/30456001
4a8a009.23 3624949d 433e9c h ???????? 003 /edit/24406001
4a8a062.3e 42f9425f 043937 h ???????? 004 /wiki/LapTop
4a8a082.b4 42f94240 043937 h ???????? 004 /wiki/SignIn
4a8a0bb.e3 42f94242 043937 h ???????? 003 /wiki/GeBurt
4a8a0ed.90 42f94240 043937 h ???????? 003 /wiki/AnSatz
4a8a133.28 42f9424e 043937 s ???????? 061 /edit/131145005
4a8a3f9.ed 42f9424c 043937 s ???????? 058 /edit/125975004
4a8a5b5.0f 0585b70e a2996e h ???????? 002 //rss.rdf
4a8a5ba.0d d5abdc98 a95ea1 h ???????? 002 //rss.rdf
4a8a5cd.33 c62e8af6 c1d740 h ???????? 003 //rss.rdf
4a8a6c4.ba 42f942d8 043937 h ???????? 002 /robots.txt
4a8a6c5.13 42f942da 043937 h ???????? 002 /lxktmbhdwnfratfg.html
4a8a6d9.8e cf2e0d3a 6a88e8 s ???????? 01d /
4a8a761.36 42f94242 043937 h ???????? 01a /
4a8ab0c.54 36249478 433e9c h ???????? 003 /edit/21486001
4a8ab68.26 36249484 433e9c h ???????? 003 /edit/29186005
4a8abf6.9a 362494a8 433e9c h ???????? 004 /wiki/ImPrint
4a8ac66.05 5f6cb561 e4b041 h ???????? 003 /robots.txt
4a8ac69.de 5f6cb561 e4b041 h ???????? 01c /
4a8ad19.62 26633e5d 99cc80 h ???????? 055 /
4a8aeae.86 36249468 433e9c h ???????? 006 /wiki/LockTeam
4a8afb4.c8 c0799d4c 043937 h ???????? 004 /wiki/FrankSchoenefeld
4a8b0e7.7a 36249507 433e9c h ???????? 003 /edit/30906004
4a8b10a.22 23cd253f ef60d6 h ???????? 01e /
4a8b542.e3 42f9424e 043937 s ???????? 01d /edit/127845007
4a8b5fd.06 362494da 433e9c h ???????? 004 /wiki/EndMontage
4a8b831.98 3624947c 433e9c h ???????? 003 /edit/24366001
4a8bbc1.34 42f95c81 70a047 h ???????? 003 //rss.rdf
4a8bd1c.8a d8f442fa 2e51d1 h ???????? 003 //robots.txt
4a8be3b.dc 9d3727ba 6a88e8 h ???????? 02b /
4a8bf8a.bb 8ba277c5 976046 h ???????? 01e /
4a8c55c.b6 3624951d 433e9c h ???????? 004 /wiki/EdnaParker
4a8c55e.22 8ac51aff ef32ab h ???????? 01c /
4a8c5c8.e6 4a7d4c21 55c2cd h ???????? 003 //rss.rdf
4a8c6cd.00 3624955c 433e9c h ???????? 005 /wiki/OttoScharmer
4a8c706.6d 42f94b07 043937 s ???????? 002 /robots.txt
4a8c707.0a 42f94b03 043937 s ???????? 004 /wiki/MafiaWars
4a8c743.f4 b44c0f0f a04d28 s ???????? 01e /edit/130805008
4a8c8cb.cf 8af6fd13 b5326e s ???????? 08d /
