4bd01cd.34 42f95426 002725 h ???????? 003 /favicon.ico
4bd0351.54 3624950e 433e9c h ???????? 01e /edit/18796001
4bd03b9.30 3624953a 433e9c h ???????? 006 /edit/25646001
4bd0499.db 5f6cb561 e4b041 h ???????? 002 /robots.txt
4bd049d.a8 5f6cb561 e4b041 h ???????? 01f /
4bd07b1.d3 42f94048 043937 h ???????? 003 /wiki/LiveChat
4bd099c.5f 5f6cb561 d875cd h ???????? 1b57 /age
4bd0a2e.c1 42f95989 70a047 h ???????? 002 //rss.rdf
4bd0a89.8d 3624941f 433e9c h ???????? 003 /edit/24356002
4bd0a9f.d3 362494f7 433e9c h ???????? 002 /edit/25576003
4bd1109.a5 b44c0f20 a04d28 h ???????? 009 /LifeDay
4bd12ec.0b cf2e0d03 6a88e8 s ???????? 019 /
4bd13e3.34 36249439 433e9c h ???????? 017 /edit/19726001
4bd16a2.77 36249501 433e9c h ???????? 003 /wiki/NooPolis
4bd1924.4e 3624945e 433e9c h ???????? 006 /wiki/CitiZen
4bd1974.c6 42f94046 043937 h ???????? 002 /wiki/VerStand
4bd1c4d.4f bc676edd ea3c0a h ???????? 011 /
4bd1c51.a4 bc676edd ea3c0a h ???????? 002 /alive/4
4bd1c51.a8 bc676edd ea3c0a h ???????? 005 /feel/4
4bd1c55.9d bc676edd ea3c0a h ???????? 005 /alive/8
4bd1c55.a7 bc676edd ea3c0a h ???????? 001 /feel/8
4bd1c5d.9a bc676edd ea3c0a h ???????? 020 /alive/10
4bd1c5d.ab bc676edd ea3c0a h ???????? 011 /feel/10
4bd1c6d.af bc676edd ea3c0a h ???????? 001 /alive/20
4bd1c6d.b5 bc676edd ea3c0a h ???????? 002 /feel/20
4bd1c7d.98 bc676edd ea3c0a h ???????? 001 /alive/30/
4bd1c7d.e8 bc676edd ea3c0a h ???????? 006 /feel/30
4bd1e9b.f7 3624944c 433e9c h ???????? 002 /edit/30426001
4bd205b.9c ccecdfd7 95df39 h ???????? 005 /robots.txt
4bd22a4.c1 3624951a 433e9c h ???????? 003 /wiki/PlanetEarth
4bd22bd.50 36901637 95df39 h ???????? 002 /robots.txt
4bd250e.90 36901637 95df39 h ???????? 004 /wiki/LockFutureSax
4bd25ea.5d b44c0f12 a04d28 h ???????? 002 /BollekeFarm
4bd26a4.c9 42f9598b 70a047 h ???????? 001 //rss.rdf
4bd2a0e.e6 d94586b7 399ff9 h ???????? 001 /robots.txt
4bd2a0f.ab d9458502 399ff9 h ???????? 008 /wiki/KayGroschen
4bd2a64.b8 97502791 433e9c h ???????? 002 /robots.txt
4bd2b38.35 42f94052 043937 s ???????? 003 /wiki/AnalSex
4bd3665.f5 3624949c 433e9c h ???????? 002 /edit/24576001
4bd3851.ac c5001937 be33ef h ???????? 002 /wp-login.php
4bd3852.a3 c5001937 be33ef h ???????? 018 /
4bd3cb4.de 5b86fda6 646bf4 h ???????? 002 /phpmyadmin/import.php
4bd3cb5.0c 5b86fda6 646bf4 h ???????? 001 /phpMyAdmin/import.php
4bd3cb5.32 5b86fda6 646bf4 h ???????? 002 /pma/import.php
4bd3cb5.52 5b86fda6 646bf4 h ???????? 001 /mysql/import.php
4bd3cb5.72 5b86fda6 646bf4 h ???????? 001 /sqlmanager/import.php
4bd3cb5.98 5b86fda6 646bf4 h ???????? 007 /msd/main.php
4bd3cb5.c5 5b86fda6 646bf4 h ???????? 002 /msd1.24.4/main.php
4bd3cb5.e6 5b86fda6 646bf4 h ???????? 001 /mysqldumper/main.php
4bd3cb6.0b 5b86fda6 646bf4 h ???????? 002 /mysql/main.php
4bd3cb6.37 5b86fda6 646bf4 h ???????? 002 /dumper/main.php
4bd3cfa.c4 42f9404a 043937 h ???????? 003 /wiki/DsCf0030
4bd3fa4.11 36249418 433e9c h ???????? 001 /edit/29176004
4bd407d.16 5fd5825a eaf401 s ???????? 002 /_asterisk/
4bd446b.3c 4e9bf01a f262fc h ???????? 01e /
4bd46cc.25 42f95989 70a047 h ???????? 002 //rss.rdf
4bd4785.56 b44c0f13 fa643b h ???????? 001 /robots.txt
4bd4785.54 b44c0f91 fa643b h ???????? 009 /robots.txt
4bd4991.05 b44c0f9f a04d28 h ???????? 014 /
4bd4b13.c8 a2d2c464 028fc4 h ???????? 002 /robots.txt
4bd4b15.a6 a2d2c464 028fc4 h ???????? 014 /
4bd4de9.88 0585b70e bbc470 h ???????? 002 //rss.rdf
4bd4df3.34 36a6ab92 2baa92 h ???????? 014 /
4bd4e99.ad 0585b70e 4ac579 h ???????? 001 //rss.rdf
4bd4ea3.47 6bbf604a c1d740 h ???????? 001 //rss.rdf
4bd4ebd.d6 42f94048 043937 h ???????? 003 /wiki/MonoLith
4bd52aa.e4 36249522 433e9c h ???????? 003 /wiki/AiThink
4bd52ed.2b 42f9404a 622963 h ???????? 004 /wiki/AntiPattern
4bd52ee.17 42f94046 622963 h ???????? 002 /wiki/AntiPattern
4bd52f7.48 36249476 433e9c h ???????? 002 /edit/30896009
4bd53a8.db 6baac167 ef60d6 h ???????? 014 /
4bd547c.8f 05bc570e 1066b4 h ???????? 015 /
4bd5712.2d 369f4163 6dca4a h ???????? 014 /
4bd58a7.78 3624951d 433e9c h ???????? 002 /edit/22606002
4bd58dd.0d 42f9404a 622963 h ???????? 003 /wiki/NossenerBruecke
4bd5c88.8d 4d4b4f20 6a9392 h ???????? 002 /robots.txt
4bd5c89.cd 4d4b4f20 6a9392 h ???????? 020 /
4bd5ce3.60 284da7ce 6a88e8 h ???????? 017 /
4bd5e87.e4 5f6cb561 e4b041 h ???????? 002 /robots.txt
4bd5e8b.a5 5f6cb561 e4b041 h ???????? 002 /cal
4bd6080.da 42f94048 043937 h ???????? 004 /wiki/FixPunkt
4bd62f9.96 362494dc 433e9c h ???????? 002 /edit/28466002
4bd632c.37 42f95987 70a047 h ???????? 002 //rss.rdf
4bd63b1.7e cf2e0dad 6a88e8 h ???????? 005 /wiki/EmptyFridgeSyndrome
4bd66fa.89 362494e6 433e9c h ???????? 002 /edit/22336007
4bd6705.0b cf2e0d2d 6a88e8 h ???????? 002 /robots.txt
4bd6708.db cf2e0d92 6a88e8 h ???????? 015 /
4bd67a0.52 b0098be5 de262e h ???????? 015 /
4bd67a1.80 b0098be5 de262e h ???????? 001 /robots.txt
4bd67a2.52 b0098be5 de262e h ???????? 07f /hls
4bd67a3.e5 b0098be5 de262e h ???????? 0ba /ls
4bd67a5.ce a4843451 eb026b s ???????? 002 /bcHead
4bd67a5.64 b0098be5 de262e h ???????? 1aa /sh
4bd67a6.c6 b0098be5 de262e h ???????? 001 /edit
4bd67db.17 9750278f 433e9c h ???????? 002 //robots.txt
4bd6972.7b 4d4b4f3e 6a9392 h ???????? 003 /robots.txt
4bd697a.50 4d4b4f3e 6a9392 h ???????? 005 //wiki/FutureLab2056
4bd6f34.56 3624941f 433e9c h ???????? 002 /edit/25346003
4bd7243.ee 42f94048 043937 h ???????? 005 /wiki/PlusWiki
4bd77c4.a0 d94586b0 399ff9 h ???????? 002 /robots.txt
4bd77c5.16 d9458509 399ff9 h ???????? 003 /wiki/MindPost
4bd79d9.36 362494c3 433e9c h ???????? 002 /edit/25356002
4bd7bb1.5e 362494e0 433e9c h ???????? 002 /edit/26376001
4bd7fde.f6 d8f442fa 2e51d1 h ???????? 002 //robots.txt
4bd7fe0.d7 d8f442fa 2e51d1 h ???????? 002 /robots.txt
4bd8406.e8 42f94046 043937 h ???????? 004 /wiki/ChatCode
4bd848d.53 42f9598b 70a047 h ???????? 003 //rss.rdf
4bd874b.45 36249546 433e9c h ???????? 002 /edit/28376001
4bd8843.0b 5fdd8cbf 86473f h ???????? 017 /
4bd9196.13 a434188c 7a122d h ???????? 018 /
4bd94ef.d9 b23e54e4 078797 h ???????? 004 /wiki/RainerWasserfuhr
4bd94f0.4b b23e54e4 a01fee h ???????? 005 /wiki/RainerWasserfuhr
4bd9503.bb 36249484 433e9c h ???????? 002 /edit/27356002
4bd95ca.2b 42f94052 043937 s ???????? 003 /robots.txt
4bd95ca.64 42f94052 043937 s ???????? 003 /wiki/PbWorks
4bd9ac6.48 b44c0f9c a04d28 h ???????? 004 /wiki/MindZip
4bd9c4a.31 a4340696 7a122d s ???????? 018 /
4bd9dee.d6 50524d8b a397c6 h ???????? 01e /
4bd9df0.49 50524d8b ca0366 h ???????? 001 /favicon.ico
4bda071.50 42f94046 622963 h ???????? 008 /wiki/LifeDay15809
4bda1ed.e2 36249555 433e9c h ???????? 002 /edit/31116001
4bda1fa.cd 42f95989 70a047 h ???????? 002 //rss.rdf
4bda313.c6 cd8b8d36 209ef4 h ???????? 003 //rss.rdf
4bda679.19 36249458 433e9c h ???????? 007 /wiki/LuigiColani
4bda78d.01 42f94052 043937 s ???????? 004 /wiki/DreSden
4bda7c9.2e 5c4eb6ec ea3c0a h ???????? 018 /
4bda7cd.c0 5c4eb6ec ea3c0a h ???????? 002 /alive/4
4bda7cd.c6 5c4eb6ec ea3c0a h ???????? 002 /feel/4
4bda7d1.b4 5c4eb6ec ea3c0a h ???????? 006 /alive/8
4bda7d1.c2 5c4eb6ec ea3c0a h ???????? 002 /feel/8
4bda7d9.c7 5c4eb6ec ea3c0a h ???????? 03d /alive/10
4bda7d9.dc 5c4eb6ec ea3c0a h ???????? 019 /feel/10
4bda7dc.88 c39aa608 f92876 h ???????? 002 /license.txt
4bda7e9.e0 5c4eb6ec ea3c0a h ???????? 003 /feel/20
4bda7f9.f1 5c4eb6ec ea3c0a h ???????? 003 /alive/30/
4bda7f9.fd 5c4eb6ec ea3c0a h ???????? 002 /feel/30
4bda809.c1 5c4eb6ec ea3c0a h ???????? 003 /alive/40/
4bda809.d9 5c4eb6ec ea3c0a h ???????? 002 /feel/40
4bda819.dd 5c4eb6ec ea3c0a h ???????? 003 /feel/50/
4bda82a.17 5c4eb6ec ea3c0a h ???????? 006 /alive/60/
4bda82a.19 5c4eb6ec ea3c0a h ???????? 001 /feel/60/
4bda839.f7 5c4eb6ec ea3c0a h ???????? 001 /alive/70/
4bda839.fc 5c4eb6ec ea3c0a h ???????? 001 /feel/70/
4bda849.d6 5c4eb6ec ea3c0a h ???????? 002 /alive/80/
4bda849.e3 5c4eb6ec ea3c0a h ???????? 001 /feel/80/
4bda851.16 36901637 95df39 h ???????? 002 /robots.txt
4bda859.fe 5c4eb6ec ea3c0a h ???????? 001 /alive/90/
4bda85a.09 5c4eb6ec ea3c0a h ???????? 001 /feel/90/
4bda869.d5 5c4eb6ec ea3c0a h ???????? 002 /alive/a0/
4bda869.df 5c4eb6ec ea3c0a h ???????? 001 /feel/a0/
4bda879.e8 5c4eb6ec ea3c0a h ???????? 001 /alive/b0/
4bda879.f2 5c4eb6ec ea3c0a h ???????? 001 /feel/b0/
4bda889.e4 5c4eb6ec ea3c0a h ???????? 001 /alive/c0/
4bda889.ed 5c4eb6ec ea3c0a h ???????? 004 /feel/c0/
4bdaa66.4e b44c0f1e a04d28 h ???????? 003 /wiki/DiffusionOfInnovations
4bdaa91.a3 8af6fd13 b5326e s ???????? 01b /
4bdaae2.0d cf2e0dad 6a88e8 h ???????? 003 /wiki/SingularSummitEurope
4bdad25.d7 5f6cb561 e4b041 h ???????? 002 /robots.txt
4bdad29.92 5f6cb561 e4b041 h ???????? 017 /
4bdaed8.9b 36901637 95df39 h ???????? 002 /edit
4bdaf99.27 cf2e0dbd 6a88e8 s ???????? 01b /
4bdb07d.8a 5f6cb561 e4b041 h ???????? 014 /
4bdb0f7.4a b23e54e4 b3428d h ???????? 003 /wiki/RainerWasserfuhr
4bdb0f7.ef b23e54e4 a01fee h ???????? 002 /wiki/RainerWasserfuhr
4bdb565.15 ccecdfd7 95df39 h ???????? 001 /robots.txt
4bdb5e0.3c 2e2552b0 ee113c h ???????? 014 /
4bdb5e0.8d 2e2552b0 ee113c h ???????? 002 //https://floatingboat2013.appspot.com
4bdb5e0.d6 2e2552b0 ee113c h ???????? 002 //wiki/AlanTuring
4bdb5e1.24 2e2552b0 ee113c h ???????? 002 //wiki/GottfriedWilhelmLeibniz
4bdb5e1.6b 2e2552b0 ee113c h ???????? 002 //https://floatingboat2013.appspot.com/UrPic
4bdb5e1.b0 2e2552b0 ee113c h ???????? 001 //https://floatingboat2013.appspot.com/ad
4bdb5e1.fc 2e2552b0 ee113c h ???????? 002 //https://sl4.eu/hls
4bdb5e2.48 2e2552b0 ee113c h ???????? 00b //https://sl4.eu/ls
4bdb5e2.90 2e2552b0 ee113c h ???????? 001 //https://sl4.eu/sh
4bdb5e2.e1 2e2552b0 ee113c h ???????? 002 //https://www.youtube.com/watch
4bdb941.dc 36901637 95df39 h ???????? 002 /robots.txt
4bdb94f.ff 42f9424e 043937 s ???????? 004 /wiki/DresDen
4bdb9c9.75 36249497 433e9c h ???????? 002 /edit/25536001
4bdbaa5.ed 362494c7 433e9c h ???????? 002 /edit/25876002
4bdbbcb.76 3624946c 433e9c h ???????? 005 /wiki/BigTableNomic
4bdbd29.b9 cf2e0dad 6a88e8 h ???????? 004 /wiki/MarianneEhrmann
4bdbf4c.a5 42f95c83 70a047 h ???????? 002 //rss.rdf
4bdc008.42 36901637 95df39 h ???????? 003 /wiki/MindWiki
4bdc28b.fc 36249497 433e9c h ???????? 002 /edit/5001
4bdc5da.c7 cf2e0d92 6a88e8 h ???????? 013 /
4bdc679.b8 26633e5d 99cc80 h ???????? 014 /
4bdcb13.a9 42f94240 043937 h ???????? 003 /wiki/MindPlus
4bdd19b.85 36249453 433e9c h ???????? 002 /edit/23596002
4bdd600.25 36249448 433e9c h ???????? 001 /edit/27956001
4bddcd5.ee 42f94242 043937 h ???????? 004 /wiki/AiCanvas
4bddd39.2c cf2e0d03 6a88e8 s ???????? 015 /
4bdde50.4e 42f95c9f 70a047 h ???????? 002 //rss.rdf
4bde013.98 3655ac84 95df39 h ???????? 002 /robots.txt
4bde053.cb 36d27a51 95df39 h ???????? 008 /robots.txt
4bde054.08 36d27a51 95df39 h ???????? 01d /
4bde0dd.85 36249443 433e9c h ???????? 002 /edit/31106001
4bde0fe.fd 3655ac84 95df39 h ???????? 002 /robots.txt
4bde186.5b 36d27a51 95df39 h ???????? 003 /wiki/WikiNode
4bde1d0.4b 36d27a51 95df39 h ???????? 002 /rss.rdf
4bde2fb.b6 36d27a51 95df39 h ???????? 022 /1
4bde49c.57 36d27a51 95df39 h ???????? 003 /wiki/RainerWasserfuhr
4bde50d.ea b44c0fa3 a04d28 h ???????? 003 /wiki/LockSchuppen
4bde53e.c7 36d27a51 95df39 h ???????? 002 /wiki/KurzweilVortrag
4bde6a6.88 36d27a51 95df39 h ???????? 003 /wiki/LockSchuppen
4bde7e8.00 36d27a51 95df39 h ???????? 002 /robots.txt
4bde7e8.36 36d27a51 95df39 h ???????? 003 /wiki/PieschenTv
4bde7ef.39 42f94242 043937 h ???????? 002 //robots.txt
4bde83e.a3 42f94240 043937 h ???????? 018 /
4bde84c.06 42f9425f 043937 h ???????? 020 /feel/10
4bde911.44 3655ac84 95df39 h ???????? 002 /robots.txt
4bde9bc.c2 36d27a51 95df39 h ???????? 003 /wiki/ChristianHeller
4bdec06.2d 36d27a51 95df39 h ???????? 004 /wiki/LockSchuppenDe
4bdecdd.e9 b44c0f92 a04d28 h ???????? 004 /wiki/PieschenTv
4bdee8d.c6 3655ac84 95df39 h ???????? 002 /robots.txt
4bdee99.a0 42f9425f 043937 h ???????? 004 /wiki/NetzWerk
4bdeeb1.9e 36d27a51 95df39 h ???????? 002 /robots.txt
4bdeeb1.d3 36d27a51 95df39 h ???????? 003 /wiki/RainerWasserfuhrCv
4bdef2b.14 68c48e84 e5a3aa h ???????? 002 /robots.txt
4bdef2b.72 68c48e84 e5a3aa h ???????? 016 /
4bdf4c0.71 cf2e0dbd 6a88e8 h ???????? 003 /wiki/WikiMind
4bdf4e8.39 6bacd2d2 dd31fa h ???????? 002 /.git/config
4bdf635.bf 97502791 433e9c h ???????? 002 /t/robots.txt
4bdf8b6.fc 36249561 433e9c h ???????? 003 /wiki/PlanetErde
4bdf9f4.7e 5cdda5b5 028fc4 h ???????? 002 //robots.txt
4bdf9f7.d5 5cdda5b5 028fc4 h ???????? 004 //wiki/%25s
4bdf9fe.f7 5cdda5b5 028fc4 h ???????? 003 //wiki/%3C%25=session.getAttribute(
4bdfa09.06 5cdda5b5 028fc4 h ???????? 003 //wiki/AnneWillSingulari%E2%80%A6
4bdfa0f.29 5cdda5b5 028fc4 h ???????? 003 //wiki/DresdenWiFi%E2%80%9C
4bdfa15.b5 5cdda5b5 028fc4 h ???????? 002 //wiki/DresdenWiFi
4bdfa1b.8e 5cdda5b5 028fc4 h ???????? 005 //wiki/LockSchuppen.%C2%A0
4bdfa1e.71 9f411816 1d5a65 h ???????? 032 /
4bdfa21.3e 5cdda5b5 028fc4 h ???????? 003 //wiki/LockSchuppen.%C3%82%C2%A0
4bdfe63.27 3655ac84 95df39 h ???????? 002 /robots.txt
4bdfe6b.2e 36d27a51 95df39 h ???????? 002 /robots.txt
4bdfe6b.70 36d27a51 95df39 h ???????? 005 /wiki/SeaNation
4bdfe89.d2 36d27a51 95df39 h ???????? 004 /wiki/RainerTest
4bdff65.c2 42f95c81 70a047 h ???????? 003 //rss.rdf
