4be0022.28 42f95c83 70a047 h ???????? 003 //rss.rdf
4be005b.f5 42f9424c 043937 s ???????? 004 /wiki/BarCamp
4be0168.26 5e171ba6 e3b0c4 h ???????? 002 /robots.txt
4be016f.db 5e171ba6 4556ce h ???????? 019 /
4be01b9.27 57fae0d5 e4b041 h ???????? 002 /robots.txt
4be01bc.ee 57fae0d5 e4b041 h ???????? 018 /
4be03f2.e1 25bb382f e3b0c4 h ???????? 002 /robots.txt
4be03fa.8d 25bb382f 87f8b1 h ???????? 017 /
4be0651.75 b01f7e38 e3b0c4 h ???????? 002 /robots.txt
4be0653.aa b01f7e38 37a81c h ???????? 01f /
4be080d.37 34484c17 95df39 h ???????? 002 /robots.txt
4be080d.76 34484c17 95df39 h ???????? 018 /1
4be0915.ac 17ed041a c1686e h ???????? 018 /
4be0918.23 17ed041a c1686e h ???????? 08b /hls
4be091a.ee 17ed041a c1686e h ???????? 0b1 /ls
4be091c.a7 22e05f8a 95df39 h ???????? 003 /robots.txt
4be091e.08 a4843451 eb026b s ???????? 003 /bcHead
4be091d.c5 17ed041a c1686e h ???????? 10a /sh
4be0920.79 17ed041a c1686e h ???????? 003 /wiki/GottfriedWilhelmLeibniz
4be0922.dd 17ed041a c1686e h ???????? 004 /wiki/AlanTuring
4be0925.4c 17ed041a c1686e h ???????? 002 /edit
4be0987.f8 22e05f8a 95df39 h ???????? 007 /robots.txt
4be098c.e5 34484c17 95df39 h ???????? 00a /wiki/WikiNode
4be0d3d.b6 cf2e0d92 6a88e8 h ???????? 020 /
4be0f19.b3 22e05f8a 95df39 h ???????? 002 /robots.txt
4be0f20.73 34484c17 95df39 h ???????? 002 /robots.txt
4be0f20.e9 34484c17 95df39 h ???????? 003 /wiki/MindPost
4be0f6e.0a 3655ac84 95df39 h ???????? 001 /robots.txt
4be0f78.f9 36d27a51 95df39 h ???????? 001 /robots.txt
4be0f79.28 36d27a51 95df39 h ???????? 002 /wiki/SingularAcademy
4be0fa5.70 34484c17 95df39 h ???????? 012 /1
4be0fd0.5f 362494a1 433e9c h ???????? 001 /edit/22346001
4be0fe1.a7 34484c17 95df39 h ???????? 002 /wiki/WikiNode
4be0fe1.d6 34484c17 95df39 h ???????? 001 /rss.rdf
4be0ffa.24 22e05f8a 95df39 h ???????? 001 /robots.txt
4be1060.aa 34484c17 95df39 h ???????? 021 /
4be121e.fc 42f9424c 043937 s ???????? 008 /wiki/MonArch
4be138d.b5 bc285186 7dfab1 h ???????? 001 //rss.jsp
4be138d.e1 bc285186 7dfab1 h ???????? 001 //rss.jsp
4be1404.63 cf2e0dc4 6a88e8 h ???????? 002 //robots.txt
4be15c0.38 36d27a51 95df39 h ???????? 003 /wiki/DistanzSpiel
4be15e8.83 bc285186 7dfab1 h ???????? 001 //rss.jsp
4be15e8.a7 bc285186 7dfab1 h ???????? 001 //rss.jsp
4be1898.e0 22e05f8a 95df39 h ???????? 002 /robots.txt
4be189d.0f 34484c17 95df39 h ???????? 001 /robots.txt
4be189d.3c 34484c17 95df39 h ???????? 002 /wiki/LockSchuppenDe
4be1a97.13 22e05f8a 95df39 h ???????? 001 /robots.txt
4be1a9c.2d 34484c17 95df39 h ???????? 001 /robots.txt
4be1a9c.62 34484c17 95df39 h ???????? 002 /wiki/RainerWasserfuhr
4be1ab5.be 22e05f8a 95df39 h ???????? 001 /robots.txt
4be1aba.f1 34484c17 95df39 h ???????? 009 /wiki/KurzweilVortrag
4be1cf5.2d bc285186 7dfab1 h ???????? 006 //rss.jsp
4be1cf5.55 bc285186 7dfab1 h ???????? 001 //rss.jsp
4be1cfb.48 bc285186 7dfab1 h ???????? 003 //rss.jsp
4be1cfb.70 bc285186 7dfab1 h ???????? 001 //rss.jsp
4be1d05.b2 34484c17 95df39 h ???????? 003 /wiki/ChristianHeller
4be208d.99 42f95c81 70a047 h ???????? 002 //rss.rdf
4be2289.2c 22e05f8a 95df39 h ???????? 001 /robots.txt
4be228a.3c 34484c17 95df39 h ???????? 001 /robots.txt
4be228a.72 34484c17 95df39 h ???????? 003 /wiki/SeaNation
4be22a9.49 34484c17 95df39 h ???????? 003 /wiki/RainerTest
4be23e1.be 42f94240 043937 h ???????? 004 /wiki/MindFilm
4be29aa.70 22e05f8a 95df39 h ???????? 002 /robots.txt
4be2b32.d3 5f6cb561 e4b041 h ???????? 002 /robots.txt
4be2b36.9b 5f6cb561 d875cd h ???????? 192b /age
4be2d0f.64 3655ac84 95df39 h ???????? 002 /robots.txt
4be2d17.df 36d27a51 95df39 h ???????? 005 /robots.txt
4be2d18.14 36d27a51 95df39 h ???????? 003 /wiki/ZugWiki
4be2e7c.26 4e2e2319 7dfab1 h ???????? 002 //rss.jsp
4be2e7c.51 4e2e2319 7dfab1 h ???????? 002 //rss.jsp
4be3151.ef cf2e0dad 6a88e8 h ???????? 004 /wiki/RecentChanges
4be31e4.6c 5b794fb4 e3b0c4 h ???????? 001 /robots.txt
4be31e6.a4 5b794fb4 2d2838 h ???????? 014 /
4be326e.99 22e05f8a 95df39 h ???????? 001 /robots.txt
4be3322.ff 34484c17 95df39 h ???????? 003 /robots.txt
4be3323.30 34484c17 95df39 h ???????? 003 /wiki/LockSchuppen
4be35a4.d9 42f94242 043937 h ???????? 003 /wiki/InterTel
4be37eb.f1 4a7d4c20 55c2cd h ???????? 001 //rss.rdf
4be389d.06 42f9424e 043937 s ???????? 002 /edit/73485003
4be39e7.aa 3655ac84 95df39 h ???????? 004 /robots.txt
4be39ee.71 36d27a51 95df39 h ???????? 002 /robots.txt
4be39ee.bb 36d27a51 95df39 h ???????? 003 /wiki/LockSchuppenBusinessPlan
4be40b4.1e 22cae924 95df39 h ???????? 001 /robots.txt
4be41f5.69 42f95c81 70a047 h ???????? 002 //rss.rdf
4be4338.19 9d372744 6a88e8 s ???????? 002 /robots.txt
4be4338.f2 9d372744 6a88e8 s ???????? 002 /robots.txt
4be433c.da cf2e0d03 6a88e8 s ???????? 014 /
4be4342.b5 cf2e0d03 6a88e8 h ???????? 001 /robots.txt
4be4383.26 4706cac6 aadf09 h ???????? 002 /ccvv
4be44f3.04 bc286647 7dfab1 h ???????? 001 //rss.jsp
4be44f3.36 bc286647 7dfab1 h ???????? 002 //rss.jsp
4be4626.61 d8f442fa 2e51d1 h ???????? 002 //robots.txt
4be4662.ad 362494c5 433e9c h ???????? 001 /edit/23586001
4be4768.35 42f9424d 043937 s ???????? 003 /wiki/MindTag
4be494f.0f 3655ac84 95df39 h ???????? 002 /robots.txt
4be49f4.1c 36d27a51 95df39 h ???????? 003 /robots.txt
4be49f4.5a 36d27a51 95df39 h ???????? 003 /wiki/PerspectiveNumerique
4be4c1a.b5 36249434 433e9c h ???????? 003 /wiki/SeminarWissen
4be4c3c.c0 22e05f8a 95df39 h ???????? 002 /robots.txt
4be4c5f.6b 34484c17 95df39 h ???????? 001 /robots.txt
4be4c5f.a5 34484c17 95df39 h ???????? 003 /wiki/RainerWasserfuhrCv
4be4ccf.d0 5fd3a327 eaf401 s ???????? 022 /
4be4dac.82 36d27a51 95df39 h ???????? 003 /wiki/ZeugenKurzweils
4be4dca.d5 36d27a51 95df39 h ???????? 003 /wiki/PiratenPrognose
4be535a.e0 9d372757 6a88e8 s ???????? 01c /
4be5709.04 362494b8 433e9c h ???????? 002 /edit/28226003
4be57c7.ef 362494bd 433e9c h ???????? 002 /edit/29426002
4be5854.a6 b9813e3f cc9bbb h ???????? 01a /
4be592a.ef 42f9425f 043937 h ???????? 001 /robots.txt
4be592b.4b 42f94240 043937 h ???????? 004 /wiki/InterNet
4be5d18.c8 42f9424e 043937 s ???????? 003 /wiki/ErLeben
4be5d2a.a2 42f9424c 043937 s ???????? 004 /wiki/KennZahl
4be5d68.83 42f9424e 043937 s ???????? 003 /wiki/AnnoDomino2029
4be5d68.f2 42f9424e 043937 s ???????? 004 /wiki/RechenZentrum
4be5d9a.27 42f9424e 043937 s ???????? 003 /wiki/InterviewAnfrage
4be5ea5.b1 42f95c83 70a047 h ???????? 002 //rss.rdf
4be6032.29 42f9424e 043937 s ???????? 436 /memo
4be625b.cd 22e05f8a 95df39 h ???????? 002 /robots.txt
4be63c6.38 42f951e5 002725 h ???????? 002 /favicon.ico
4be65f7.eb 5e172143 57819b h ???????? 002 //components/com_b2jcontact/css/b2jcontact.css
4be6645.2c 34484c17 95df39 h ???????? 002 /robots.txt
4be6645.63 34484c17 95df39 h ???????? 003 /wiki/RecentChanges
4be66d8.82 34484c17 95df39 h ???????? 005 /wiki/DistanzSpiel
4be6a9d.41 9d3727b6 6a88e8 h ???????? 003 /wiki/GruenWiki
4be6aed.de 42f94242 043937 h ???????? 005 /wiki/WikiPate
4be6b24.42 b9dc652d cc9bbb h ???????? 018 /
4be6d36.d4 284da77a 6a88e8 h ???????? 003 /wiki/MindFee
4be6d53.7e 36249496 433e9c h ???????? 002 /edit/28546001
4be6d72.64 894a72a3 deed9c s ???????? 016 /
4be72b0.7a 36249522 433e9c h ???????? 003 /wiki/ZugWiki
4be72c5.66 5f6cb561 e4b041 h ???????? 002 /robots.txt
4be72c9.3a 5f6cb561 e4b041 h ???????? 021 /
4be7349.c1 b44c0f12 a04d28 h ???????? 003 /edit
4be737e.28 0585b70e 4ac579 h ???????? 002 //rss.rdf
4be743a.be 68245466 e28161 h ???????? 002 //rss.rdf
4be76b0.1e 36d27a51 95df39 h ???????? 002 /robots.txt
4be7745.87 3655ac84 95df39 h ???????? 003 /robots.txt
4be7895.f9 36d27a51 95df39 h ???????? 018 /
4be7baf.2f 42f9425f 043937 h ???????? 004 /wiki/DreWag
4be7bc4.66 42f95c9f 70a047 h ???????? 002 //rss.rdf
4be7cb0.ed 42f9424e 043937 s ???????? 003 /wiki/AdWords
4be7eff.20 3624949e 433e9c h ???????? 003 /wiki/MarsName
4be7f2b.6b 36d27a51 95df39 h ???????? 002 /robots.txt
4be8082.34 362494a6 433e9c h ???????? 003 /NooSphere
4be81ba.24 36d27a51 95df39 h ???????? 004 /wiki/WikiWall
4be8236.72 d8f442fa 2e51d1 h ???????? 002 //robots.txt
4be84c0.9c b44c0f86 a04d28 s ???????? 007 /BlockTime
4be8521.41 3655ac84 95df39 h ???????? 002 /robots.txt
4be8779.af 36249420 433e9c h ???????? 003 /edit/29346001
4be877f.c7 36a55acb 013564 h ???????? 002 /robots.txt
4be8780.1e 36a55acb 013564 h ???????? 003 /wiki/JspWiki
4be885b.af 36d27a51 95df39 h ???????? 002 /wiki/SingularityUniversity
4be89df.35 42f9424e 043937 s ???????? 011 /
4be8a3d.32 b44c0f93 a04d28 h ???????? 002 /wiki/RainerWasserfuhrCvEn
4be8df8.6b b2086f31 5ec1d2 s ???????? 016 /
4be8df9.04 b2086f31 5ec1d2 s ???????? 001 /favicon.ico
4be8dfc.cc b2086f31 5ec1d2 s ???????? 001 /feel/4
4be8dfd.4e 284da73a 6a88e8 s ???????? 01a /
4be8e00.d6 b2086f31 5ec1d2 s ???????? 002 /feel/8
4be8e08.de b2086f31 5ec1d2 s ???????? 016 /feel/10
4be8e18.d4 b2086f31 5ec1d2 s ???????? 005 /feel/20
4be8e28.d2 b2086f31 5ec1d2 s ???????? 001 /feel/30
4be8e38.d5 b2086f31 5ec1d2 s ???????? 001 /feel/40
4be8e68.d6 b2086f31 5ec1d2 s ???????? 001 /feel/70/
4be8e73.b2 42f94240 043937 h ???????? 003 /wiki/GeFlecht
4be8e78.d2 b2086f31 5ec1d2 s ???????? 001 /feel/80/
4be8e88.d5 b2086f31 5ec1d2 s ???????? 001 /feel/90/
4be8e98.d8 b2086f31 5ec1d2 s ???????? 001 /feel/a0/
4be8ea8.d2 b2086f31 5ec1d2 s ???????? 006 /feel/b0/
4be8eb9.69 b2086f31 5ec1d2 s ???????? 001 /feel/c0/
4be8ec8.d9 b2086f31 5ec1d2 s ???????? 001 /feel/d0/
4be8ed8.d6 b2086f31 5ec1d2 s ???????? 001 /feel/e0/
4be8ee8.de b2086f31 5ec1d2 s ???????? 002 /feel/f0/
4be8f08.d1 b2086f31 5ec1d2 s ???????? 015 /feel/110/
4be8f18.d5 b2086f31 5ec1d2 s ???????? 01a /feel/120/
4be9017.d3 8ba26ab5 976046 s ???????? 018 /
4be9615.4f 36249460 433e9c h ???????? 002 /edit/30136008
4be9688.82 36249494 433e9c h ???????? 003 /wiki/InterNet
4be9886.a5 36249499 433e9c h ???????? 002 /edit/30456002
4be9949.1e 42f95c81 70a047 h ???????? 002 //rss.rdf
4be99a8.ea 22e05f8a 95df39 h ???????? 001 /robots.txt
4be9b7e.37 9d3727b6 6a88e8 h ???????? 002 /wiki/DaveWiner
4be9e68.21 9d372703 6a88e8 s ???????? 001 /robots.txt
4be9e87.12 284da778 6a88e8 s ???????? 013 /
4bea0f4.b1 b2086f31 5ec1d2 s ???????? 019 /
4bea4b1.90 284da779 6a88e8 h ???????? 002 /wiki/ConStitution
4bea5a6.8e 3624945f 433e9c h ???????? 003 /wiki/StudiVz
4bea5f3.3b 5bed299d 57819b h ???????? 002 //wiki/RainerWasserfuhr
4beab4d.49 8c6d5226 670234 h ???????? 002 /phpmyadmin/
4beab4d.b0 8c6d5226 670234 h ???????? 002 /phpmyadmin/
4beab4e.5d 8c6d5226 670234 h ???????? 002 /PMA/
4beab4e.c7 8c6d5226 670234 h ???????? 001 /PMA/
4beab4f.75 8c6d5226 670234 h ???????? 003 /dbadmin/
4beab4f.e1 8c6d5226 670234 h ???????? 005 /dbadmin/
4beab50.92 8c6d5226 670234 h ???????? 002 /pma/
4beab51.02 8c6d5226 670234 h ???????? 001 /pma/
4beab51.b2 8c6d5226 670234 h ???????? 002 /db/
4beab52.20 8c6d5226 670234 h ???????? 002 /db/
4beafd1.57 362494cc 433e9c h ???????? 003 /wiki/RaWa
4beb005.f5 7c0b8136 670234 h ???????? 002 /phpmyadmin/
4beb006.6a 7c0b8136 670234 h ???????? 002 /phpmyadmin/
4beb007.3c 7c0b8136 670234 h ???????? 001 /PMA/
4beb007.b7 7c0b8136 670234 h ???????? 007 /PMA/
4beb008.90 7c0b8136 670234 h ???????? 002 /dbadmin/
4beb009.05 7c0b8136 670234 h ???????? 001 /dbadmin/
4beb009.e8 7c0b8136 670234 h ???????? 002 /pma/
4beb00a.5c 7c0b8136 670234 h ???????? 001 /pma/
4beb00b.32 7c0b8136 670234 h ???????? 002 /db/
4beb00b.b5 7c0b8136 670234 h ???????? 004 /db/
4beb0ac.ec d90de4b0 670234 h ???????? 002 /phpmyadmin/
4beb0ad.0f d90de4b0 670234 h ???????? 002 /phpmyadmin/
4beb0ad.44 d90de4b0 670234 h ???????? 002 /PMA/
4beb0ad.6d d90de4b0 670234 h ???????? 002 /PMA/
4beb0ad.9d d90de4b0 670234 h ???????? 002 /dbadmin/
4beb0ad.c3 d90de4b0 670234 h ???????? 001 /dbadmin/
4beb0ad.ee d90de4b0 670234 h ???????? 007 /pma/
4beb0ae.17 d90de4b0 670234 h ???????? 002 /pma/
4beb0ae.46 d90de4b0 670234 h ???????? 001 /db/
4beb0ae.69 d90de4b0 670234 h ???????? 002 /db/
4beb1f9.d9 42f94240 043937 h ???????? 003 /wiki/MetaPhor
4beb3e5.6d 7273d908 42637e h ???????? 001 /wls-wsat/CoordinatorPortType
4beb4d0.93 3624955e 433e9c h ???????? 002 /edit/25526001
4beb536.13 22e05f8a 95df39 h ???????? 001 /robots.txt
4beb609.2f 42f95c81 70a047 h ???????? 002 //rss.rdf
4beb679.23 284da778 6a88e8 h ???????? 003 /wiki/SingularityMind
4beb7bc.79 512af7b0 670234 h ???????? 002 /phpmyadmin/
4beb7bc.a0 512af7b0 670234 h ???????? 002 /phpmyadmin/
4beb7bc.d6 512af7b0 670234 h ???????? 001 /PMA/
4beb7bc.fc 512af7b0 670234 h ???????? 003 /PMA/
4beb7bd.2f 512af7b0 670234 h ???????? 003 /dbadmin/
4beb7bd.54 512af7b0 670234 h ???????? 001 /dbadmin/
4beb7bd.8b 512af7b0 670234 h ???????? 001 /pma/
4beb7bd.b5 512af7b0 670234 h ???????? 002 /pma/
4beb7bd.ea 512af7b0 670234 h ???????? 002 /db/
4beb7be.12 512af7b0 670234 h ???????? 002 /db/
4beb88d.75 36249523 433e9c h ???????? 008 /edit/28306006
4bebc88.6a 0122c070 42637e h ???????? 001 /wls-wsat/CoordinatorPortType
4bebc9b.35 9d372706 6a88e8 h ???????? 002 /robots.txt
4bebca9.b6 284da7cd 6a88e8 h ???????? 016 /
4bec005.10 426608c8 002725 h ???????? 002 /favicon.ico
4bec226.fc ac686c6d 1066b4 h ???????? 020 /
4bec262.9d 33fed030 deed9c h ???????? 017 /
4bec382.f0 284da779 6a88e8 h ???????? 016 /
4bec3bc.c5 42f94240 043937 h ???????? 003 /wiki/MahlZeit
4bec4e9.e2 3655ac84 95df39 h ???????? 002 /robots.txt
4bec8a7.27 36d27a51 95df39 h ???????? 002 /robots.txt
4becbbd.87 9750278f 433e9c h ???????? 002 //robots.txt
4becd42.76 36d27a51 95df39 h ???????? 002 /opml.php
4becfb7.af d94586e3 399ff9 h ???????? 002 /robots.txt
4becfb9.08 d9458505 399ff9 h ???????? 003 /wiki/MindPost
4bed3cf.e5 36249538 433e9c h ???????? 004 /wiki/SiggiWyrd
4bed57f.c9 42f94240 043937 h ???????? 003 /wiki/RotFaden
4bed792.32 3624943b 433e9c h ???????? 026 /edit/19756001
4bed7df.f7 68839370 a8c6c1 h ???????? 015 /
4bed826.13 42f95c9f 70a047 h ???????? 002 //rss.rdf
4bed846.e6 a4843451 eb026b s ???????? 003 /bcHead
4bed846.8a 68839370 a8c6c1 s ???????? 16b /sh
4bedc94.db 8ac989d4 4f089e h ???????? 016 /
4bedd97.59 c73a56d1 028fc4 h ???????? 002 /robots.txt
4bedd99.25 c73a56d1 028fc4 h ???????? 017 /
4bede24.51 362494f6 433e9c h ???????? 002 /edit/21806001
4bedf8e.fc 3624955a 433e9c h ???????? 002 /edit/23466002
4bee3f3.0f 2ee5a464 2e29b5 h ???????? 002 /robots.txt
4bee546.23 36249504 433e9c h ???????? 008 /edit/23356002
4bee743.1a 42f9424d 043937 s ???????? 004 /wiki/TakeOff
4beeb0d.6b d8f442fa 2e51d1 h ???????? 002 //robots.txt
4beeb62.a3 2ee5a464 2e29b5 h ???????? 002 /robots.txt
4beed77.c7 36249540 433e9c h ???????? 002 /edit/28016004
4beee3f.b0 284da7cd 6a88e8 h ???????? 017 /
4beeee8.cd 362494af 433e9c h ???????? 002 /edit/31026001
4beef62.61 362494e4 433e9c h ???????? 002 /edit/28916002
4bef27b.5a 36249557 433e9c h ???????? 003 /edit/30946003
4bef597.8b 42f95a8b 70a047 h ???????? 002 //rss.rdf
4bef59c.a7 42f95a8b 70a047 h ???????? 002 /rss.rdf
4bef754.c4 2ee5a462 2e29b5 h ???????? 002 /robots.txt
4bef86e.94 b90a44e3 24f16f s ???????? 018 /
4bef905.d7 42f941cc 043937 h ???????? 003 /wiki/SehrGeil
4bef929.60 36249508 433e9c h ???????? 002 /edit/25386001
4befb1d.3e 36249537 433e9c h ???????? 002 /edit/27866003
4befb36.1b 362494ac 433e9c h ???????? 002 /edit/30496001
4befce9.b2 580844bf 670234 h ???????? 002 /phpmyadmin/
4befce9.df 580844bf 670234 h ???????? 002 /phpmyadmin/
4befcea.11 580844bf 670234 h ???????? 002 /PMA/
4befcea.3b 580844bf 670234 h ???????? 003 /PMA/
4befcea.79 580844bf 670234 h ???????? 002 /dbadmin/
4befcea.a5 580844bf 670234 h ???????? 002 /dbadmin/
4befcea.dd 580844bf 670234 h ???????? 002 /pma/
4befceb.11 580844bf 670234 h ???????? 002 /pma/
4befceb.46 580844bf 670234 h ???????? 002 /db/
4befceb.74 580844bf 670234 h ???????? 00b /db/
