4ba02ea.6a 36249442 433e9c h ???????? 004 /edit/23286001
4ba03ee.90 42f9425f 043937 h ???????? 002 /wiki/LockSchuppenDe
4ba0483.e3 05094f97 028fc4 h ???????? 002 //robots.txt
4ba0487.a3 05094f97 028fc4 h ???????? 002 //wiki/%25s
4ba048e.28 05094f97 028fc4 h ???????? 008 //wiki/%3C%25=session.getAttribute(
4ba0493.57 05094f97 028fc4 h ???????? 002 //wiki/AnneWillSingulari%E2%80%A6
4ba049a.9d 05094f97 028fc4 h ???????? 008 //wiki/DresdenWiFi%E2%80%9C
4ba04a0.4e 05094f97 028fc4 h ???????? 002 //wiki/DresdenWiFi
4ba04a5.d4 05094f97 028fc4 h ???????? 006 //wiki/LockSchuppen.%C2%A0
4ba04ab.0f 05094f97 028fc4 h ???????? 002 //wiki/LockSchuppen.%C3%82%C2%A0
4ba08b1.50 3624944b 433e9c h ???????? 002 /edit/6926001
4ba08b2.55 42f94242 622963 h ???????? 019 /
4ba08bf.03 42f94240 043937 h ???????? 016 /feel/10
4ba0d93.c5 25bb384c e3b0c4 h ???????? 001 /robots.txt
4ba0d95.e2 25bb384c 5983bc h ???????? 017 /
4ba0ed9.34 42f9425f 043937 h ???????? 003 /wiki/EinFach
4ba112c.4c bca5e9e4 e3b0c4 h ???????? 002 /robots.txt
4ba112e.7b bca5e9e4 36ad42 h ???????? 018 /
4ba1224.21 36249544 433e9c h ???????? 002 /edit/29426001
4ba1227.9c 42f94242 043937 h ???????? 006 /wiki/SportPortal
4ba1361.27 dd0eb0a9 b28cfa h ???????? 012 /
4ba1628.77 42f95c83 70a047 h ???????? 002 //rss.rdf
4ba1a11.fd b01f48bf 0d0a34 s ???????? 518 /memo
4ba1a6d.a1 42f9425f 043937 h ???????? 003 /wiki/AbschleppSchuppen
4ba1a98.09 bca5e922 e3b0c4 h ???????? 003 /robots.txt
4ba1a9a.32 bca5e922 1200b3 h ???????? 017 /
4ba1e0a.80 42f94242 043937 h ???????? 003 /wiki/IntraBroker
4ba1ebd.8c a4845b03 a397c6 s ???????? 018 /
4ba1f74.c9 36249524 433e9c h ???????? 003 /wiki/RainerTest
4ba209b.ef 42f9424c 043937 s ???????? 004 /wiki/UpLoad
4ba2290.92 5f6cb561 e4b041 h ???????? 002 /robots.txt
4ba2294.5d 5f6cb561 e4b041 h ???????? 003 /wiki/SeaNation
4ba22c1.35 9d372758 6a88e8 s ???????? 013 /
4ba22d1.a7 bc285186 7dfab1 h ???????? 001 //rss.jsp
4ba22d1.d0 bc285186 7dfab1 h ???????? 001 //rss.jsp
4ba2511.15 bc285186 7dfab1 h ???????? 002 //rss.jsp
4ba2511.45 bc285186 7dfab1 h ???????? 001 //rss.jsp
4ba27a9.ef 3624945e 433e9c h ???????? 003 /wiki/CockerWiese
4ba2b13.d8 36249453 433e9c h ???????? 002 /edit/25946001
4ba2b16.63 8d088e98 e4b041 h ???????? 01f /1
4ba2b26.ef bca5e922 e3b0c4 h ???????? 008 /robots.txt
4ba2b29.1b bca5e922 1200b3 h ???????? 01b /
4ba2b42.e2 42f9424d 043937 s ???????? 001 /.well-known/apple-app-site-association
4ba2c1a.90 bc285186 7dfab1 h ???????? 003 //rss.jsp
4ba2c1a.b6 bc285186 7dfab1 h ???????? 002 //rss.jsp
4ba2c23.83 bc285186 7dfab1 h ???????? 002 //rss.jsp
4ba2c23.ac bc285186 7dfab1 h ???????? 003 //rss.jsp
4ba2c70.3c 42f94240 043937 h ???????? 002 /robots.txt
4ba2c70.8e 42f94242 043937 h ???????? 002 /wiki/CduWiki
4ba325e.bd 42f94240 043937 h ???????? 004 /wiki/MrPlato
4ba3598.ae 42f95c9f 70a047 h ???????? 002 //rss.rdf
4ba3ec2.d4 42f9424d 043937 s ???????? 003 /wiki/WikiFy
4ba3ffd.7c 4e2e2319 7dfab1 h ???????? 004 //rss.jsp
4ba3ffd.9f 4e2e2319 7dfab1 h ???????? 001 //rss.jsp
4ba4142.e0 cf2e0da5 6a88e8 h ???????? 368 /memo
4ba4421.f6 42f94046 043937 h ???????? 004 /wiki/DataMap
4ba4bf9.4f 42f94052 043937 s ???????? 001 /.well-known/assetlinks.json
4ba4c5a.47 b9dc64fd cc9bbb h ???????? 016 /
4ba4cfa.ad 42f94048 043937 h ???????? 003 /wiki/CarpeCoin
4ba4e91.c2 cf2e0da5 6a88e8 h ???????? 015 /
4ba52b2.78 42f9598b 70a047 h ???????? 001 //rss.rdf
4ba53cb.2a 9d372717 6a88e8 h ???????? 001 /robots.txt
4ba54ae.89 cf2e0d24 6a88e8 h ???????? 011 /
4ba5539.57 bc286647 7dfab1 h ???????? 009 //rss.jsp
4ba5539.84 bc286647 7dfab1 h ???????? 001 //rss.jsp
4ba5566.67 42f94048 043937 h ???????? 006 /go
4ba55e4.f5 42f94050 043937 s ???????? 003 /wiki/InVite
4ba560b.57 42f94048 043937 h ???????? 001 /crush
4ba5635.28 42f94048 622963 h ???????? 002 /go
4ba5a1d.4e 6a0b9ec7 80aeb5 h ???????? 014 /
4ba5aa6.e4 5da03c16 48d7fa h ???????? 003 //wiki/TwitterKurs
4ba5d86.69 b44c0f0d a04d28 h ???????? 004 /wiki/MindSkill
4ba5ee5.31 42f94048 622963 h ???????? 002 /crush
4ba67a7.b3 42f94046 043937 h ???????? 003 /wiki/TollMat
4ba6845.29 42f94046 622963 h ???????? 002 /t
4ba6a1f.29 a7634644 f38332 h ???????? 005 /resources/style/images/login/btn.png
4ba6a58.14 42f94054 043937 s ???????? 002 /robots.txt
4ba6a58.9b 42f94052 043937 s ???????? 003 /wiki/DoTank
4ba6a80.4f 42f9404a 043937 h ???????? 002 /wiki/HolonQl
4ba6ab6.05 42f94046 043937 h ???????? 008 /wiki/DenkBar
4ba6ae9.66 42f94050 043937 s ???????? 002 /wiki/ArBeit
4ba6b1c.84 42f94052 043937 s ???????? 002 /wiki/GeWinn
4ba6b52.63 97502791 433e9c h ???????? 002 /robots.txt
4ba6e60.4f 5fb5b3dd 8a4f9a h ???????? 01b /
4ba6eeb.13 42f95987 70a047 h ???????? 007 //rss.rdf
4ba706d.c7 8ba27485 976046 s ???????? 022 /
4ba71a5.39 42f94046 043937 h ???????? 002 /wiki/MindFutures
4ba7710.88 6a0b9dce 80aeb5 h ???????? 017 /
4ba777a.aa 8ac544db 670234 h ???????? 012 /
4ba777a.cf 9f41bfe0 670234 h ???????? 016 /
4ba777b.0c 327410ab 670234 h ???????? 016 /
4ba777b.f4 ae8a300f 670234 h ???????? 016 /
4ba777d.e8 b23e57ec 670234 h ???????? 027 /
4ba777d.fd 12dd7c5f 670234 h ???????? 015 /
4ba7780.4a 53f76509 670234 h ???????? 01b /
4ba7783.17 88350555 670234 h ???????? 02f /
4ba7783.35 743ec2e7 670234 h ???????? 019 /
4ba7783.d3 348ac3d9 670234 h ???????? 016 /
4ba7791.48 3424be2b 670234 h ???????? 01d /
4ba77d8.53 5f6cb561 e4b041 h ???????? 002 /robots.txt
4ba77dc.1c 5f6cb561 e4b041 h ???????? 001 /cal
4ba794f.d8 42f94054 043937 s ???????? 003 /wiki/HistVv
4ba7978.78 d94586c8 399ff9 h ???????? 002 /robots.txt
4ba797a.25 d945869b 399ff9 h ???????? 002 /wiki/TuerAn
4ba798b.9f d9458503 399ff9 h ???????? 002 /robots.txt
4ba798d.84 d94586e3 399ff9 h ???????? 003 /wiki/ZuJung
4ba7992.fd d94586b2 399ff9 h ???????? 002 /wiki/DoIt
4ba7995.da d94586bc 399ff9 h ???????? 002 /wiki/ChristianHeller
4ba79ad.50 d94586e3 399ff9 h ???????? 001 /robots.txt
4ba79b1.31 d945869a 399ff9 h ???????? 003 /wiki/LaufHaus
4ba79b4.78 d94586b0 399ff9 h ???????? 002 /wiki/KreuzKirche
4ba79b8.2c d94585cb 399ff9 h ???????? 002 /wiki/WikiPage
4ba79bc.ed d94585c2 399ff9 h ???????? 002 /wiki/AnEi
4ba79c0.4d d94586c8 399ff9 h ???????? 002 /wiki/RaumPlan
4ba79c8.f7 d94586b1 399ff9 h ???????? 002 /wiki/DistanzSpiel
4ba79cc.26 d9458509 399ff9 h ???????? 002 /wiki/ThinkIn
4ba79ed.f5 d94586c8 399ff9 h ???????? 001 /robots.txt
4ba79f0.d9 d9458505 399ff9 h ???????? 005 /wiki/EyeDotz
4ba79f5.6b d94586c8 399ff9 h ???????? 002 /wiki/536001
4ba79fd.71 d94586bc 399ff9 h ???????? 002 /wiki/KayGroschen
4ba7b05.5c 42f94050 043937 s ???????? 005 /apple-app-site-association
4ba7e45.1b d94585cb 399ff9 h ???????? 002 /robots.txt
4ba7e46.ea d94586b1 399ff9 h ???????? 003 /wiki/LuSch
4ba7e4a.6f d94586e3 399ff9 h ???????? 002 /wiki/OasIs
4ba7ec6.0b a9ef8175 24f16f s ???????? 016 /
4ba8109.26 8dd47a30 ef60d6 h ???????? 018 /
4ba8191.06 d9458503 399ff9 h ???????? 002 /robots.txt
4ba8193.38 d94586dc 399ff9 h ???????? 002 /wiki/ShookHands
4ba8196.b3 d94586b9 399ff9 h ???????? 002 /wiki/HaTa
4ba819b.c2 d94586a0 399ff9 h ???????? 002 /wiki/LinieDrei
4ba8316.a2 b7835358 3eedd1 h ???????? 001 /manager/html
4ba8465.36 42f94048 043937 h ???????? 003 /wiki/VolksNetz
4ba84ff.cf d94585c2 399ff9 h ???????? 005 /robots.txt
4ba8502.06 d945869a 399ff9 h ???????? 003 /wiki/RilkePanther
4ba8505.0d d945869b 399ff9 h ???????? 003 /wiki/HerzTorte
4ba8508.a9 d94586a0 399ff9 h ???????? 002 /wiki/VerFassung
4ba850d.4f d945869b 399ff9 h ???????? 003 /wiki/DeHa
4ba8b12.e3 42f94048 043937 h ???????? 003 /wiki/VorLage
4ba8bee.c8 42f95989 70a047 h ???????? 006 //rss.rdf
4ba8dc5.32 42f9404a 043937 h ???????? 004 /wiki/ArtOtel
4ba903d.23 d94586c8 399ff9 h ???????? 002 /robots.txt
4ba9041.5d d94586dc 399ff9 h ???????? 002 /wiki/RaumPlan
4ba9045.d2 d945869a 399ff9 h ???????? 002 /wiki/RealFilm
4ba9049.51 d94586b0 399ff9 h ???????? 003 /wiki/CoraHobby
4ba904c.3e d94586a0 399ff9 h ???????? 002 /wiki/KhBi
4ba904f.4c d94586af 399ff9 h ???????? 003 /wiki/HiPo
4ba9052.28 d94586c8 399ff9 h ???????? 003 /wiki/LiebeDas
4ba9057.1f d9458503 399ff9 h ???????? 002 /wiki/LifeDay16184
4ba9330.9a 42f94048 043937 h ???????? 002 //robots.txt
4ba9725.6e 42f94054 622963 s ???????? 020 /
4ba9a3c.7b d94586e3 399ff9 h ???????? 002 /robots.txt
4ba9a3d.8f d94586a1 399ff9 h ???????? 002 /wiki/SiSanien
4ba9a3f.d5 d94586c8 399ff9 h ???????? 003 /wiki/WegenDir
4ba9cd5.c2 42f94048 043937 h ???????? 003 /wiki/HandOne
4ba9dec.90 362494e7 433e9c h ???????? 003 /wiki/UweTellkamp
4ba9fe4.17 5f6cb561 e4b041 h ???????? 001 /robots.txt
4ba9fe7.da 5f6cb561 e4b041 h ???????? 018 /
4baa085.48 42f94046 043937 h ???????? 019 /
4baa123.2d 36249567 433e9c h ???????? 001 /edit/27106002
4baa40f.ab 36249543 433e9c h ???????? 002 /edit/5936002
4baa5de.03 36249420 433e9c h ???????? 002 /love/99
4baa640.8a 42f94048 043937 h ???????? 005 /wiki/AmViertelacker
4baa65e.bd 42f94048 043937 h ???????? 003 /wiki/MathiasRoellig
4baa664.f2 42f94046 043937 h ???????? 003 /wiki/DresdenErleben
4baa926.26 42f95989 70a047 h ???????? 002 //rss.rdf
4baa9e5.36 42f94046 622963 h ???????? 001 /feed
4baab17.05 36249489 433e9c h ???????? 002 /edit/30966001
4baae99.16 42f94052 043937 s ???????? 00a /wiki/RePeat
4bab1c1.66 9750278f 433e9c h ???????? 002 //robots.txt
4bab1c1.67 9750278f 433e9c h ???????? 001 //robots.txt
4bab1cb.1d 5896e4da 55c4a0 h ???????? 001 //rss.rdf
4bab24e.35 362494f8 433e9c h ???????? 001 /edit/28286008
4bab271.9b 5896e4da 55c4a0 h ???????? 004 //rss.rdf
4bab345.39 42f94048 043937 h ???????? 003 /wiki/CashGroup
4bab3ef.91 9d3727f5 6a88e8 s ???????? 015 /
4bab5b7.91 b44c0f95 a04d28 h ???????? 003 /wiki/RainerWasserfuhrCvEn
4bab618.88 3624948d 433e9c h ???????? 004 /edit/22236004
4bab67d.95 d8f442c6 2e51d1 h ???????? 002 /robots.txt
4bab81e.3d 362494e5 433e9c h ???????? 003 /wiki/LockPresentation
4babca5.38 42f9404a 043937 h ???????? 003 /wiki/HamBurg
4babe74.c5 42f94046 043937 h ???????? 003 /wiki/FosterSchucker
4babf54.97 42f94046 043937 h ???????? 003 /wiki/TripsIn2006
4babf6a.41 42f94046 043937 h ???????? 002 /wiki/RubyLanguage
4babf79.5e 42f94046 043937 h ???????? 003 /wiki/DrexelInfo630
4babf7e.92 42f94046 043937 h ???????? 002 /wiki/TripsIn2009
4babf9c.96 42f94048 043937 h ???????? 002 /wiki/DrexelInfo540
4babfaa.76 42f94046 043937 h ???????? 004 /wiki/LittleLanguage
4babfbb.aa 42f94046 043937 h ???????? 002 /wiki/PyrrhicVictory
4babfcc.e8 42f94046 043937 h ???????? 002 /wiki/MilfordProm2003
4bac05b.fc 42f94054 043937 s ???????? 003 /wiki/WenGao
4bac3f4.e3 36249556 433e9c h ???????? 005 /edit/27126001
4bac57f.38 36249525 433e9c h ???????? 001 /edit/24216003
4bac5bf.7e 42f9598b 70a047 h ???????? 001 //rss.rdf
4bac6ac.94 68832d41 73ab6e h ???????? 017 /
4bac6d0.d4 42f94046 043937 h ???????? 003 /wiki/MindAbiAchtAcht
4bac7e5.96 36249540 433e9c h ???????? 002 /edit/23176001
4bac934.e0 362494b0 433e9c h ???????? 003 /edit/26956002
4bac946.7d 36249557 433e9c h ???????? 001 /edit/22626001
4bac9bf.2d c73a56d1 028fc4 h ???????? 002 /robots.txt
4bac9c0.c2 c73a56d1 028fc4 h ???????? 01c /
4bacc54.17 d94586c8 399ff9 h ???????? 001 /robots.txt
4bacc58.0d d94586b6 399ff9 h ???????? 003 /wiki/MindPost
4bace7c.ab 68ec051c 73ab6e h ???????? 01b /
4bacf7e.52 d8f442fa 2e51d1 h ???????? 002 //robots.txt
4bacfab.aa 284da7ad 6a88e8 h ???????? 002 /wiki/PeterHankins
4bad21f.19 42f94050 043937 s ???????? 003 /wiki/PlaTin
4bad340.65 33fed030 deed9c h ???????? 01c /
4bad51d.32 42f94046 043937 h ???????? 004 /wiki/LesleyMilroy
4bad788.6e 42f94046 043937 h ???????? 003 /wiki/DreWag
4bad930.a7 284da7ad 6a88e8 h ???????? 018 /
4badc60.95 42f94048 622963 h ???????? 018 /
4bae3e1.e0 42f94048 043937 h ???????? 003 /wiki/YouPorn
4bae5bb.c1 42f95987 70a047 h ???????? 002 //rss.rdf
4bae61d.53 42f94048 043937 h ???????? 003 /wiki/SmartAction
4bae734.a0 42f9404a 043937 h ???????? 004 /wiki/MindFarm
4bae832.29 42f94048 043937 h ???????? 003 /wiki/LinPack
4bae84f.69 42f94048 043937 h ???????? 003 /wiki/WorldThree
4bae8c8.68 42f94046 043937 h ???????? 003 /wiki/AttoZepto
4bae8fb.98 42f9404a 043937 h ???????? 003 /wiki/BildungsKanon
4bae990.b2 36249547 433e9c h ???????? 002 /edit/3396001
4bae996.0e 42f94046 043937 h ???????? 003 /wiki/NockSoc
4baeb97.cd b44c0f11 a04d28 h ???????? 018 /
4baebde.1f bca5fb2e 57819b h ???????? 005 /components/com_b2jcontact/css/b2jcontact.css
4baed2c.3f 42f94048 043937 h ???????? 003 /wiki/FahrradPietzsch
4baef45.08 36249548 433e9c h ???????? 002 /edit/27946004
4baf039.da 9750278f 433e9c h ???????? 002 /robots.txt
4baf0ba.ce 42f94050 043937 s ???????? 003 /wiki/RainerWasserfuhrHasKissed
4baf0bd.75 3e617452 bae70c h ???????? 002 /manager/html
4baf0d3.bb cf2e0d6e 6a88e8 s ???????? 019 /
4baf5a5.23 42f94050 043937 s ???????? 004 /wiki/MingLi
4bafb82.d7 42f9461a 043937 h ???????? 002 /robots.txt
4bafb83.27 42f9461a 043937 h ???????? 013 /
4bafce4.67 bc6a3bd2 ea3c0a s ???????? 48b /memo
4bafde9.b7 bc6a3bd2 ea3c0a s ???????? 1402 /age
4bafdf9.9d 42f9461b 622963 s ???????? 027 /
4bafdf9.b6 42f9461b 043937 s ???????? 001 /robots.txt
