4b4b293.70 b205b4a8 5ec1d2 s ???????? 0b3 /
4b4b294.77 b205b4a8 5ec1d2 s ???????? 008 /favicon.ico
4b4b298.3d b205b4a8 5ec1d2 s ???????? 003 /feel/4
4b4b29c.35 b205b4a8 5ec1d2 s ???????? 00a /feel/8
4b4b2a4.23 b205b4a8 5ec1d2 s ???????? 059 /feel/10
4b4b2b4.38 b205b4a8 5ec1d2 s ???????? 009 /feel/20
4b4b2c4.2f b205b4a8 5ec1d2 s ???????? 009 /feel/30
4b4b2d4.32 b205b4a8 5ec1d2 s ???????? 00b /feel/40
4b4b2e4.2c b205b4a8 5ec1d2 s ???????? 00b /feel/50/
4b4b2e8.c1 42f9425f 043937 h ???????? 003 /robots.txt
4b4b2f4.2c b205b4a8 5ec1d2 s ???????? 002 /feel/60/
4b4b304.29 b205b4a8 5ec1d2 s ???????? 00f /feel/70/
4b4b314.22 b205b4a8 5ec1d2 s ???????? 006 /feel/80/
4b4b324.33 b205b4a8 5ec1d2 s ???????? 002 /feel/90/
4b4b334.25 b205b4a8 5ec1d2 s ???????? 005 /feel/a0/
4b4b344.20 b205b4a8 5ec1d2 s ???????? 006 /feel/b0/
4b4b354.1f b205b4a8 5ec1d2 s ???????? 006 /feel/c0/
4b4b364.25 b205b4a8 5ec1d2 s ???????? 001 /feel/d0/
4b4b374.1e b205b4a8 5ec1d2 s ???????? 006 /feel/e0/
4b4b384.2f b205b4a8 5ec1d2 s ???????? 002 /feel/f0/
4b4b394.1b b205b4a8 5ec1d2 s ???????? 046 /feel/100/
4b4b3a4.20 b205b4a8 5ec1d2 s ???????? 038 /feel/110/
4b4b3b4.19 b205b4a8 5ec1d2 s ???????? 034 /feel/120/
4b4b3b4.69 42f9425f 043937 h ???????? 007 /wiki/MilosForman
4b4b3c4.15 b205b4a8 5ec1d2 s ???????? 030 /feel/130/
4b4b3d4.24 b205b4a8 5ec1d2 s ???????? 040 /feel/140/
4b4b3e4.21 b205b4a8 5ec1d2 s ???????? 033 /feel/150/
4b4b3f4.18 b205b4a8 5ec1d2 s ???????? 02e /feel/160/
4b4b404.18 b205b4a8 5ec1d2 s ???????? 02e /feel/170/
4b4b414.08 b205b4a8 5ec1d2 s ???????? 03c /feel/180/
4b4b424.17 b205b4a8 5ec1d2 s ???????? 022 /feel/190/
4b4b434.16 b205b4a8 5ec1d2 s ???????? 030 /feel/1a0/
4b4b444.22 b205b4a8 5ec1d2 s ???????? 017 /feel/1b0/
4b4b454.10 b205b4a8 5ec1d2 s ???????? 031 /feel/1c0/
4b4b464.06 b205b4a8 5ec1d2 s ???????? 045 /feel/1d0/
4b4b466.65 9e45fc97 5321f0 h ???????? 002 /robots.txt
4b4b472.ed 9e45fc97 5321f0 h ???????? 030 /
4b4b474.23 b205b4a8 5ec1d2 s ???????? 031 /feel/1e0/
4b4b480.4a 42f9425f 043937 h ???????? 004 /wiki/ChristophWilke
4b4b484.1e b205b4a8 5ec1d2 s ???????? 034 /feel/1f0/
4b4b494.08 b205b4a8 5ec1d2 s ???????? 002 /feel/200/
4b4b4a4.0a b205b4a8 5ec1d2 s ???????? 003 /feel/210/
4b4b4b4.12 b205b4a8 5ec1d2 s ???????? 008 /feel/220/
4b4b4c4.13 b205b4a8 5ec1d2 s ???????? 002 /feel/230/
4b4b4d4.14 b205b4a8 5ec1d2 s ???????? 002 /feel/240/
4b4b4e4.14 b205b4a8 5ec1d2 s ???????? 002 /feel/250/
4b4b4f4.0e b205b4a8 5ec1d2 s ???????? 002 /feel/260/
4b4b504.0c b205b4a8 5ec1d2 s ???????? 007 /feel/270/
4b4b514.10 b205b4a8 5ec1d2 s ???????? 005 /feel/280/
4b4b516.e5 42f95c81 70a047 h ???????? 005 //rss.rdf
4b4b522.f2 284da72e 6a88e8 h ???????? 026 /
4b4b524.24 b205b4a8 5ec1d2 s ???????? 002 /feel/290/
4b4b534.0e b205b4a8 5ec1d2 s ???????? 002 /feel/2a0/
4b4b544.04 b205b4a8 5ec1d2 s ???????? 002 /feel/2b0/
4b4b54b.e9 42f94242 043937 h ???????? 003 /wiki/FreeScale
4b4b554.05 b205b4a8 5ec1d2 s ???????? 002 /feel/2c0/
4b4b564.0d b205b4a8 5ec1d2 s ???????? 002 /feel/2d0/
4b4b574.06 b205b4a8 5ec1d2 s ???????? 001 /feel/2e0/
4b4b584.24 b205b4a8 5ec1d2 s ???????? 002 /feel/2f0/
4b4b594.1c b205b4a8 5ec1d2 s ???????? 002 /feel/300/
4b4b5a4.0f b205b4a8 5ec1d2 s ???????? 002 /feel/310/
4b4b5b4.13 b205b4a8 5ec1d2 s ???????? 003 /feel/320/
4b4b5c4.14 b205b4a8 5ec1d2 s ???????? 006 /feel/330/
4b4b5d4.1a b205b4a8 5ec1d2 s ???????? 009 /feel/340/
4b4b5e4.07 b205b4a8 5ec1d2 s ???????? 002 /feel/350/
4b4b5f3.fd b205b4a8 5ec1d2 s ???????? 001 /feel/360/
4b4b604.0e b205b4a8 5ec1d2 s ???????? 002 /feel/370/
4b4b614.0e b205b4a8 5ec1d2 s ???????? 001 /feel/380/
4b4b617.b1 42f9425f 043937 h ???????? 002 /wiki/BayAve
4b4b624.0c b205b4a8 5ec1d2 s ???????? 002 /feel/390/
4b4b634.09 b205b4a8 5ec1d2 s ???????? 002 /feel/3a0/
4b4b644.1c b205b4a8 5ec1d2 s ???????? 001 /feel/3b0/
4b4b654.08 b205b4a8 5ec1d2 s ???????? 005 /feel/3c0/
4b4b664.17 b205b4a8 5ec1d2 s ???????? 00a /feel/3d0/
4b4b673.ff b205b4a8 5ec1d2 s ???????? 003 /feel/3e0/
4b4b684.16 b205b4a8 5ec1d2 s ???????? 007 /feel/3f0/
4b4b693.ff b205b4a8 5ec1d2 s ???????? 003 /feel/400/
4b4b6a4.0d b205b4a8 5ec1d2 s ???????? 006 /feel/410/
4b4b6b4.08 b205b4a8 5ec1d2 s ???????? 002 /feel/420/
4b4b6c4.0b b205b4a8 5ec1d2 s ???????? 006 /feel/430/
4b4b6d4.13 b205b4a8 5ec1d2 s ???????? 002 /feel/440/
4b4b6e3.a0 42f94240 043937 h ???????? 00b /wiki/LifeDay15782
4b4b6e4.05 b205b4a8 5ec1d2 s ???????? 002 /feel/450/
4b4b6f4.0d b205b4a8 5ec1d2 s ???????? 002 /feel/460/
4b4b704.16 b205b4a8 5ec1d2 s ???????? 003 /feel/470/
4b4b714.0c b205b4a8 5ec1d2 s ???????? 002 /feel/480/
4b4b724.05 b205b4a8 5ec1d2 s ???????? 001 /feel/490/
4b4b733.fd b205b4a8 5ec1d2 s ???????? 001 /feel/4a0/
4b4b744.0d b205b4a8 5ec1d2 s ???????? 003 /feel/4b0/
4b4b754.0d b205b4a8 5ec1d2 s ???????? 002 /feel/4c0/
4b4b764.0e b205b4a8 5ec1d2 s ???????? 002 /feel/4d0/
4b4b774.0d b205b4a8 5ec1d2 s ???????? 003 /feel/4e0/
4b4b784.07 b205b4a8 5ec1d2 s ???????? 002 /feel/4f0/
4b4b793.fe b205b4a8 5ec1d2 s ???????? 002 /feel/500/
4b4b7a4.01 b205b4a8 5ec1d2 s ???????? 001 /feel/510/
4b4b7af.43 42f9425f 043937 h ???????? 004 /wiki/ThoTr
4b4b7b3.fe b205b4a8 5ec1d2 s ???????? 003 /feel/520/
4b4b7c4.0d b205b4a8 5ec1d2 s ???????? 002 /feel/530/
4b4b7d4.08 b205b4a8 5ec1d2 s ???????? 005 /feel/540/
4b4b7e4.13 b205b4a8 5ec1d2 s ???????? 008 /feel/550/
4b4b7f4.00 b205b4a8 5ec1d2 s ???????? 002 /feel/560/
4b4b804.08 b205b4a8 5ec1d2 s ???????? 005 /feel/570/
4b4b814.09 b205b4a8 5ec1d2 s ???????? 002 /feel/580/
4b4b824.10 b205b4a8 5ec1d2 s ???????? 003 /feel/590/
4b4b834.07 b205b4a8 5ec1d2 s ???????? 006 /feel/5a0/
4b4b844.0b b205b4a8 5ec1d2 s ???????? 001 /feel/5b0/
4b4b854.28 b205b4a8 5ec1d2 s ???????? 002 /feel/5c0/
4b4b863.fe b205b4a8 5ec1d2 s ???????? 004 /feel/5d0/
4b4b874.01 b205b4a8 5ec1d2 s ???????? 002 /feel/5e0/
4b4b87b.06 42f9425f 043937 h ???????? 003 /wiki/ChristianBizer
4b4b883.fc b205b4a8 5ec1d2 s ???????? 002 /feel/5f0/
4b4b894.09 b205b4a8 5ec1d2 s ???????? 005 /feel/600/
4b4b8a4.06 b205b4a8 5ec1d2 s ???????? 001 /feel/610/
4b4b8b4.04 b205b4a8 5ec1d2 s ???????? 001 /feel/620/
4b4b8c4.04 b205b4a8 5ec1d2 s ???????? 003 /feel/630/
4b4b8d4.05 b205b4a8 5ec1d2 s ???????? 005 /feel/640/
4b4b8e4.0a b205b4a8 5ec1d2 s ???????? 003 /feel/650/
4b4b8f4.1b b205b4a8 5ec1d2 s ???????? 006 /feel/660/
4b4b904.15 b205b4a8 5ec1d2 s ???????? 008 /feel/670/
4b4b913.fc b205b4a8 5ec1d2 s ???????? 001 /feel/680/
4b4b924.0a b205b4a8 5ec1d2 s ???????? 003 /feel/690/
4b4b934.10 b205b4a8 5ec1d2 s ???????? 002 /feel/6a0/
4b4b944.1d b205b4a8 5ec1d2 s ???????? 007 /feel/6b0/
4b4b946.dc 42f94242 043937 h ???????? 002 /wiki/SilviaTeschner
4b4b954.02 b205b4a8 5ec1d2 s ???????? 006 /feel/6c0/
4b4b964.0f b205b4a8 5ec1d2 s ???????? 001 /feel/6d0/
4b4b974.1a b205b4a8 5ec1d2 s ???????? 003 /feel/6e0/
4b4b984.04 b205b4a8 5ec1d2 s ???????? 001 /feel/6f0/
4b4b994.0d b205b4a8 5ec1d2 s ???????? 002 /feel/700/
4b4ba12.97 42f9425f 043937 h ???????? 003 /wiki/StephanHermann
4b4baa5.f6 b205b4a8 5ec1d2 s ???????? 00b /feel/810/
4b4bade.57 42f9425f 043937 h ???????? 003 /wiki/KarlHeinzTeuber
4b4bbaa.3d 42f94240 043937 h ???????? 00b /wiki/ChristianJunius
4b4bc64.c5 b205b4a8 5ec1d2 s ???????? 002 /feel/9d0/
4b4bc75.dd 42f9425f 043937 h ???????? 005 /wiki/DasDummeAmLeben
4b4bd41.ce 42f94bdb 043937 h ???????? 003 /robots.txt
4b4bd42.28 42f94297 043937 h ???????? 01d /
4b4bd50.d8 42f94295 043937 h ???????? 003 /wiki/AlanTuring
4b4bd5a.7a 42f94295 043937 h ???????? 006 /feel/
4b4bd66.7e 42f94295 043937 h ???????? 002 /alive/
4b4bd83.7f 42f94293 043937 h ???????? 00a /wiki/GottfriedWilhelmLeibniz
4b4be04.7f b205b4a8 5ec1d2 s ???????? 001 /feel/b70/
4b4be0d.a8 42f9424d 043937 s ???????? 005 /robots.txt
4b4be0e.39 42f9424e 043937 s ???????? 01e /
4b4be24.80 b205b4a8 5ec1d2 s ???????? 002 /feel/b90/
4b4be5d.77 42f94242 043937 h ???????? 002 /feel/4
4b4be5d.dd 42f94242 043937 h ???????? 002 /feel/8
4b4bed9.6e 42f9424c 622963 s ???????? 015 /
4b4bf54.60 b205b4a8 5ec1d2 s ???????? 002 /feel/cc0/
4b4bfa5.00 42f94240 043937 h ???????? 004 /wiki/MichaelFlossbach
4b4c070.d8 42f94240 043937 h ???????? 006 /wiki/InesSchwabKeller
4b4c07c.ea 6baac5db ef60d6 h ???????? 01f /
4b4c094.96 42f95c9f 70a047 h ???????? 002 //rss.rdf
4b4c109.4a 42f94242 043937 h ???????? 003 /wiki/HyperLink
4b4c114.3f b205b4a8 5ec1d2 s ???????? 002 /feel/e80/
4b4c13c.8b 42f94240 043937 h ???????? 003 /wiki/ChristophMatschie
4b4c144.19 b205b4a8 5ec1d2 s ???????? 002 /feel/eb0/
4b4c164.6d b205b4a8 5ec1d2 s ???????? 002 /feel/ed0/
4b4c208.56 42f94240 043937 h ???????? 003 /wiki/HolgerAssenmacher
4b4c2d4.27 42f9425f 043937 h ???????? 004 /wiki/WalterMatthiasKunze
4b4c39f.f0 42f9425f 043937 h ???????? 003 /wiki/SebastianGruenwaldt
4b4c3e0.95 b205b4a8 5ec1d2 s ???????? 01f /feel/1140/
4b4c46b.a9 42f9425f 043937 h ???????? 003 /wiki/RainerWasserfuhr2008
4b4c4a0.20 b205b4a8 5ec1d2 s ???????? 01f /feel/1200/
4b4c537.76 42f9425f 043937 h ???????? 007 /wiki/HbDc
4b4c545.1d b205b4a8 5ec1d2 s ???????? 055 /alive/12b0/
4b4c545.46 b205b4a8 5ec1d2 s ???????? 013 /feel/12b0/
4b4c5f4.9b b205b4a8 5ec1d2 s ???????? 017 /feel/1360/
4b4c603.28 42f9425f 622963 h ???????? 01d /
4b4c606.50 42f9425f 043937 h ???????? 001 /feel/4
4b4c606.c8 42f94242 043937 h ???????? 001 /feel/8
4b4c694.61 b205b4a8 5ec1d2 s ???????? 02f /alive/1400/
4b4c694.6d b205b4a8 5ec1d2 s ???????? 021 /feel/1400/
4b4c6ce.ed 42f9425f 043937 h ???????? 003 /wiki/ThorstenSchaeferGuembel
4b4c6f7.d3 330f46b1 cc9bbb h ???????? 018 /
4b4c70c.3a c0632e59 c40cd6 h ???????? 023 /
4b4c70c.bd c0632e59 e8f7bd h ???????? 01c /
4b4c72f.68 42f9425f 043937 h ???????? 004 /wiki/StateLess
4b4c761.4f 42f9425f 043937 h ???????? 00b /wiki/WardsWiki
4b4c795.99 42f94240 043937 h ???????? 003 /wiki/BlutDruck
4b4c79a.97 42f94240 043937 h ???????? 003 /wiki/LeapYear
4b4c7f4.a7 b205b4a8 5ec1d2 s ???????? 01d /feel/1560/
4b4c866.a3 42f9425f 043937 h ???????? 008 /wiki/JpRangaswami
4b4c928.58 6a0b9dcf 80aeb5 h ???????? 02c /
4b4c932.4b 42f94242 043937 h ???????? 002 /wiki/JoaquimFalgueras
4b4c9fe.18 42f94242 043937 h ???????? 006 /wiki/JasonSilva
4b4ca4f.fe 42f94242 043937 h ???????? 003 /wiki/LessonOne
4b4cac9.ba 42f94242 043937 h ???????? 009 /wiki/LifeDay15783
4b4cb95.a4 42f94242 043937 h ???????? 00d /wiki/LeLoft
4b4cc03.8c 42f94240 043937 h ???????? 002 /wiki/BootStrap
4b4cc61.6c 42f9425f 043937 h ???????? 003 /wiki/FamilienAufstellung
4b4cd2d.38 42f94240 043937 h ???????? 030 /
4b4cd66.12 284da7a8 6a88e8 s ???????? 01c /
4b4cdf9.94 42f942db 043937 s ???????? 003 /robots.txt
4b4cdf9.d0 42f942db 622963 s ???????? 033 /
4b4ced7.13 d84a6614 85c767 h ???????? 024 /
4b4cf90.95 42f94240 043937 h ???????? 02e /love/1e
4b4d05c.31 42f94240 043937 h ???????? 003 /wiki/GeldAutomat
4b4d0db.fe 36433b83 c8c944 h ???????? 038 /
4b4d116.1b 88f3599d 0852cc h ???????? 002 /robots.txt
4b4d117.7d 88f3599d 0852cc h ???????? 02c /
4b4d128.09 42f94240 043937 h ???????? 004 /wiki/AdIa
4b4d1f3.d6 42f9425f 043937 h ???????? 003 /wiki/TwoPhaseCommit
4b4d2bf.8f 42f94242 043937 h ???????? 003 /wiki/BirthdayTwin
4b4d38b.5c 42f94242 043937 h ???????? 007 /wiki/TheodorFontane
4b4d457.1a 42f9425f 043937 h ???????? 004 /wiki/HelmutMuench
4b4d522.e3 42f94240 043937 h ???????? 006 /wiki/BlenderSoftware
4b4d5ee.f7 42f9424e 622963 s ???????? 030 /
4b4d6ba.80 42f942dc 043937 h ???????? 002 /robots.txt
4b4d6ba.d5 42f942d8 043937 h ???????? 024 /
4b4d852.03 42f9425f 622963 h ???????? 01b /love/1e
4b4d8e2.86 2ee5a463 2e29b5 h ???????? 002 /robots.txt
4b4d91d.c6 42f94242 043937 h ???????? 008 /wiki/AllLiebePark
4b4d992.af b44c0f1c fa643b h ???????? 001 /robots.txt
4b4d993.a5 b44c0f8a fa643b h ???????? 002 /robots.txt
4b4d9c7.a5 b44c0f93 a04d28 h ???????? 002 /blobs
4b4d9e9.82 42f94242 043937 h ???????? 003 /wiki/HandbuchDesCavaliers
4b4da1c.1f 42f94242 043937 h ???????? 006 /robots.txt
4b4da35.65 42f9425f 043937 h ???????? 002 //robots.txt
4b4dab5.8a 42f94242 043937 h ???????? 004 /wiki/WeltGeschichte
4b4dac1.9a 42f94240 043937 h ???????? 003 /wiki/WorldModel
4b4db81.1e 42f9425f 043937 h ???????? 004 /wiki/BarryInDresden
4b4dc4c.d8 42f94240 622963 h ???????? 029 /
4b4dd18.e8 42f9424e 043937 s ???????? 008 /wiki/AssociateProfessor
4b4dd8d.49 5da03c16 48d7fa h ???????? 003 //wiki/TwitterKurs
4b4dde4.a4 42f9424c 043937 s ???????? 003 /wiki/BigBrotherhood
4b4de34.cb cf2e0d0d 6a88e8 s ???????? 020 /
4b4deb0.22 42f94242 043937 h ???????? 002 /wiki/EntrepreneurNetworks
4b4def7.9c 42f95c9f 70a047 h ???????? 002 //rss.rdf
4b4df17.9d 6baac231 ef60d6 h ???????? 014 /
4b4df7b.f7 42f94240 043937 h ???????? 003 /wiki/LydiaGv
4b4e331.93 42f9425f 043937 h ???????? 005 /wiki/UnitedSemanticNations
4b4e33e.68 bc285186 7dfab1 h ???????? 001 //rss.jsp
4b4e33e.93 bc285186 7dfab1 h ???????? 001 //rss.jsp
4b4e5ba.18 bc285186 7dfab1 h ???????? 002 //rss.jsp
4b4e5ba.47 bc285186 7dfab1 h ???????? 001 //rss.jsp
4b4e6b4.e5 42f94240 043937 h ???????? 002 /wiki/ChristophWilke
4b4e7f5.26 3650ad25 6dca4a h ???????? 017 /
4b4ea4a.57 42f9425f 043937 h ???????? 003 /wiki/MilosForman
4b4ec84.f0 42f9425f 043937 h ???????? 004 /wiki/MainStream
4b4ecaa.db bc285186 7dfab1 h ???????? 002 //rss.jsp
4b4ecab.01 bc285186 7dfab1 h ???????? 002 //rss.jsp
4b4ecbd.a2 bc285186 7dfab1 h ???????? 001 //rss.jsp
4b4ecbd.ce bc285186 7dfab1 h ???????? 001 //rss.jsp
4b4edef.8c 42f9424e 043937 s ???????? 01c /
4b4ee98.05 904c2628 028fc4 h ???????? 001 /robots.txt
4b4ee9b.2e 904c2628 028fc4 h ???????? 016 /
4b4eefa.78 17ed041a c1686e h ???????? 01f /
4b4eefc.e4 17ed041a c1686e h ???????? 0c8 /hls
4b4eeff.d3 17ed041a c1686e h ???????? 0b3 /ls
4b4ef03.41 a4843451 eb026b s ???????? 002 /bcHead
4b4ef02.b1 17ed041a c1686e h ???????? 23c /sh
4b4ef05.b9 17ed041a c1686e h ???????? 008 /wiki/GottfriedWilhelmLeibniz
4b4ef08.21 17ed041a c1686e h ???????? 008 /wiki/AlanTuring
4b4ef0a.86 17ed041a c1686e h ???????? 002 /edit
4b4ef5b.b3 42f9424d 043937 s ???????? 007 /AtJs
4b4f1cd.58 42f94240 043937 h ???????? 004 /earth/robots.txt
4b4f1d6.ac 42f94242 043937 h ???????? 002 /base/robots.txt
4b4f497.5b 42f94240 043937 h ???????? 005 /wiki/[https://en.wikipedia.org/wiki/Blender_(software)]
4b4f498.56 42f94242 043937 h ???????? 003 /wiki/SeinZumTode
4b4f783.e1 42f9424c 043937 s ???????? 009 /wiki/ReinhardBuetikofer
4b4f79e.eb 42a0863d 3388af h ???????? 028 /
4b4f911.56 3657f039 95df39 h ???????? 003 /robots.txt
4b4fa23.13 5e6631c1 a397c6 h ???????? 02f /
4b4fa5d.a6 369eccdb 95df39 h ???????? 00a /robots.txt
4b4fa7d.99 369eccdb 95df39 h ???????? 003 /wiki/WikiNode
4b4fa95.83 42f94242 043937 h ???????? 009 /wiki/BruceSterling
4b4fc6d.ed 25307af2 167a59 h ???????? 028 /
4b4fd74.8d 05275551 e3b0c4 h ???????? 003 /robots.txt
4b4fd76.c2 05275551 f22684 h ???????? 014 /
4b4fdcf.2f 42f9425f 043937 h ???????? 004 /wiki/KarlHeinzTeuber
4b4fe48.51 42f94242 043937 h ???????? 006 /wiki/HochBegabt
4b4ff2b.9c 3657f039 95df39 h ???????? 002 /robots.txt
4b4ffb9.1f 42f95c81 70a047 h ???????? 002 //rss.rdf
