4c603eb.db 25bb384c e3b0c4 h ???????? 006 /robots.txt
4c603ee.2a 25bb384c 5983bc h ???????? 047 /
4c60401.a6 36249532 433e9c h ???????? 009 /wiki/InterWiki
4c60451.53 42f945d0 043937 s ???????? 009 /wiki/FranzMarc
4c60462.e3 42f945c6 043937 h ???????? 066 /wiki/OpenOffice
4c60475.c8 42f945d2 043937 s ???????? 009 /wiki/GeSpielin
4c60487.b9 42f945d0 043937 s ???????? 00a /wiki/InterGame
4c6049a.39 42f945d0 043937 s ???????? 009 /wiki/PeterPlan
4c604ac.a2 42f945d0 043937 s ???????? 009 /wiki/MindKodex
4c604bf.2e 42f945d0 043937 s ???????? 00a /wiki/NextGuest
4c604d1.8d 42f945d0 043937 s ???????? 00e /wiki/CoreMedia
4c604e4.0c 42f945d0 043937 s ???????? 00a /wiki/HackSpace
4c604f7.07 42f945d4 043937 s ???????? 009 /wiki/FeuerBach
4c60509.92 42f945d2 043937 s ???????? 009 /wiki/MindFaves
4c6051c.10 42f945d0 043937 s ???????? 009 /wiki/RealRoman
4c6052f.38 42f945c8 043937 h ???????? 009 /wiki/NetzSpinne
4c6053a.30 2ea1376c eaf401 s ???????? 005 /_asterisk/
4c60543.78 42f945d2 043937 s ???????? 00a /wiki/FutureSax
4c6066b.e6 d8f442e5 2e51d1 h ???????? 006 /robots.txt
4c60675.3b 42f945ca 043937 h ???????? 009 /wiki/MuesliHaus
4c60726.34 d8f442e5 2e51d1 h ???????? 00c /wiki/OverBurden
4c6072b.50 d8f442e5 2e51d1 h ???????? 006 /coPlatte_4845.jpg
4c60731.87 d8f442e5 2e51d1 h ???????? 009 /wiki/TineMisu
4c609ef.a1 4e2e2319 7dfab1 h ???????? 006 //rss.jsp
4c609f0.0c 4e2e2319 7dfab1 h ???????? 007 //rss.jsp
4c60d68.3e 42f94050 043937 s ???????? 009 /wiki/KaosPilot
4c60e40.df 42f95987 70a047 h ???????? 006 //rss.rdf
4c61088.51 3624942d 433e9c h ???????? 007 /edit/29186006
4c61c1f.05 a4b1aa41 7f0b60 h ???????? 00a //wiki/RainerWasserfuhr
4c61d9b.66 36249447 433e9c h ???????? 040 /edit/17596002
4c61f2d.4d 42f94052 043937 s ???????? 00a /wiki/StadtJena
4c62180.e3 36249434 433e9c h ???????? 006 /edit/26166001
4c623f3.99 d8f442e5 2e51d1 h ???????? 007 /robots.txt
4c62459.53 d8f442fa 2e51d1 h ???????? 007 //robots.txt
4c624b9.e3 d8f442e5 2e51d1 h ???????? 009 /wiki/NorbertRost
4c624bd.2c d8f442e5 2e51d1 h ???????? 00a /wiki/OrderBuch
4c625aa.52 d8f442e5 2e51d1 h ???????? 00a /wiki/EmotionalIntelligence
4c62877.6f d8f442e5 2e51d1 h ???????? 009 /wiki/NorbertRost
4c6287a.c5 d8f442e5 2e51d1 h ???????? 00a /wiki/OrderBuch
4c628d9.81 5e172143 57819b h ???????? 007 ///wp-content/themes/u-design/style.css
4c62939.3f d8f442e5 2e51d1 h ???????? 00a /wiki/EmotionalIntelligence
4c6295a.c5 36249464 433e9c h ???????? 007 /edit/24316002
4c62981.e2 bc286647 7dfab1 h ???????? 007 //rss.jsp
4c62982.51 bc286647 7dfab1 h ???????? 006 //rss.jsp
4c62c70.bf 42f95987 70a047 h ???????? 007 //rss.rdf
4c62d08.da 362494e2 433e9c h ???????? 007 /edit/20976004
4c62e6f.db 362494cb 433e9c h ???????? 006 /edit/27306002
4c62e72.4f a7634643 f38332 h ???????? 007 /templates/new/client/logo.png
4c62ef9.d4 d8f442e5 2e51d1 h ???????? 008 /robots.txt
4c630ee.73 42f94054 043937 s ???????? 00a /wiki/InnBankSe
4c634d5.e3 3624946e 433e9c h ???????? 007 /edit/31156001
4c63521.19 36c426f2 2baa92 h ???????? 056 /
4c63603.16 3651ef0a 2baa92 h ???????? 03b /
4c63717.7c 362494ef 433e9c h ???????? 007 /edit/27486001
4c638f5.8e 345b7498 95df39 h ???????? 007 /robots.txt
4c63971.53 ce981b5e 42637e h ???????? 007 /wls-wsat/CoordinatorPortType
4c639d3.dc ac686c6d 1066b4 h ???????? 039 /
4c63a77.e7 36c62dce 95df39 h ???????? 006 /robots.txt
4c63a78.71 36c62dce 95df39 h ???????? 00b /wiki/MindBrokerDe
4c63b8c.0f 36249546 433e9c h ???????? 007 /edit/31096001
4c63b8f.2d 362494f2 433e9c h ???????? 006 /edit/22306001
4c63d5a.c4 3624954d 433e9c h ???????? 007 /edit/26536002
4c63e4b.95 3624943c 433e9c h ???????? 007 /edit/27376008
4c64040.1e c73a56ce 028fc4 h ???????? 007 //robots.txt
4c64044.39 c73a56ce 028fc4 h ???????? 03a /
4c64046.30 c73a56ce 028fc4 h ???????? 007 /robots.txt
4c6404a.ae c73a56ce 028fc4 h ???????? 039 /
4c64152.68 b44c0f1d a04d28 h ???????? 00b /wiki/SingularityUniversity
4c642b1.3d 42f94046 043937 h ???????? 00b /wiki/VerFassung
4c649b0.f7 5762a31e 1066b4 h ???????? 0e5 /index.php
4c649b3.84 5762a31e 1066b4 h ???????? 0f4 /index.php
4c649b4.23 5762a31e 1066b4 h ???????? 007 /phpmyadmin/index.php
4c649b6.7c 5762a31e 1066b4 h ???????? 009 /phpmyadmin/index.php
4c649b6.d2 5762a31e 1066b4 h ???????? 006 /phpMyAdmin/index.php
4c649b9.20 5762a31e 1066b4 h ???????? 007 /phpMyAdmin/index.php
4c649b9.70 5762a31e 1066b4 h ???????? 006 /pmd/index.php
4c649bb.d3 5762a31e 1066b4 h ???????? 006 /pmd/index.php
4c649bc.1d 5762a31e 1066b4 h ???????? 007 /pma/index.php
4c649be.76 5762a31e 1066b4 h ???????? 007 /pma/index.php
4c649be.c9 5762a31e 1066b4 h ???????? 008 /PMA/index.php
4c649c1.1d 5762a31e 1066b4 h ???????? 007 /PMA/index.php
4c649c1.7a 5762a31e 1066b4 h ???????? 007 /PMA2/index.php
4c649c3.d1 5762a31e 1066b4 h ???????? 006 /PMA2/index.php
4c649c4.31 5762a31e 1066b4 h ???????? 006 /pmamy/index.php
4c649c6.84 5762a31e 1066b4 h ???????? 006 /pmamy/index.php
4c649c6.ce 5762a31e 1066b4 h ???????? 007 /pmamy2/index.php
4c649c9.36 5762a31e 1066b4 h ???????? 007 /pmamy2/index.php
4c649c9.8b 5762a31e 1066b4 h ???????? 006 /mysql/index.php
4c649cb.e5 5762a31e 1066b4 h ???????? 007 /mysql/index.php
4c649cc.3a 5762a31e 1066b4 h ???????? 006 /admin/index.php
4c649ce.8c 5762a31e 1066b4 h ???????? 007 /admin/index.php
4c649ce.ea 5762a31e 1066b4 h ???????? 007 /db/index.php
4c649d1.3a 5762a31e 1066b4 h ???????? 007 /db/index.php
4c649d1.88 5762a31e 1066b4 h ???????? 006 /dbadmin/index.php
4c649d3.dc 5762a31e 1066b4 h ???????? 006 /dbadmin/index.php
4c649d4.32 5762a31e 1066b4 h ???????? 007 /web/phpMyAdmin/index.php
4c649d6.81 5762a31e 1066b4 h ???????? 007 /web/phpMyAdmin/index.php
4c649d6.cc 5762a31e 1066b4 h ???????? 007 /admin/pma/index.php
4c649d9.2b 5762a31e 1066b4 h ???????? 008 /admin/pma/index.php
4c649d9.74 5762a31e 1066b4 h ???????? 006 /admin/PMA/index.php
4c649db.d1 5762a31e 1066b4 h ???????? 00a /admin/PMA/index.php
4c649dc.30 5762a31e 1066b4 h ???????? 00a /admin/mysql/index.php
4c649de.89 5762a31e 1066b4 h ???????? 006 /admin/mysql/index.php
4c649de.ec 5762a31e 1066b4 h ???????? 00a /admin/mysql2/index.php
4c649e1.4b 5762a31e 1066b4 h ???????? 00c /admin/mysql2/index.php
4c649e1.a6 5762a31e 1066b4 h ???????? 006 /admin/phpmyadmin/index.php
4c649e3.fe 5762a31e 1066b4 h ???????? 008 /admin/phpmyadmin/index.php
4c649e4.54 5762a31e 1066b4 h ???????? 007 /admin/phpMyAdmin/index.php
4c649e6.f2 5762a31e 1066b4 h ???????? 008 /admin/phpMyAdmin/index.php
4c649e7.4f 5762a31e 1066b4 h ???????? 009 /admin/phpmyadmin2/index.php
4c649e9.a5 5762a31e 1066b4 h ???????? 00a /admin/phpmyadmin2/index.php
4c649ea.00 5762a31e 1066b4 h ???????? 009 /mysqladmin/index.php
4c649ec.54 5762a31e 1066b4 h ???????? 007 /mysqladmin/index.php
4c649ed.c7 5762a31e 1066b4 h ???????? 008 /mysql-admin/index.php
4c649f0.17 5762a31e 1066b4 h ???????? 007 /mysql-admin/index.php
4c649f0.70 5762a31e 1066b4 h ???????? 006 /phpadmin/index.php
4c649f2.c9 5762a31e 1066b4 h ???????? 008 /phpadmin/index.php
4c649f3.1a 5762a31e 1066b4 h ???????? 007 /phpmyadmin0/index.php
4c649f5.72 5762a31e 1066b4 h ???????? 007 /phpmyadmin0/index.php
4c649f5.cc 5762a31e 1066b4 h ???????? 007 /phpmyadmin1/index.php
4c649f8.29 5762a31e 1066b4 h ???????? 007 /phpmyadmin1/index.php
4c649f8.74 5762a31e 1066b4 h ???????? 006 /phpmyadmin2/index.php
4c649fa.cf 5762a31e 1066b4 h ???????? 007 /phpmyadmin2/index.php
4c649fb.1a 5762a31e 1066b4 h ???????? 007 /myadmin/index.php
4c649fd.6d 5762a31e 1066b4 h ???????? 007 /myadmin/index.php
4c649fd.bf 5762a31e 1066b4 h ???????? 007 /myadmin2/index.php
4c64a00.15 5762a31e 1066b4 h ???????? 007 /myadmin2/index.php
4c64a00.72 5762a31e 1066b4 h ???????? 006 /xampp/phpmyadmin/index.php
4c64a02.c7 5762a31e 1066b4 h ???????? 006 /xampp/phpmyadmin/index.php
4c64a03.18 5762a31e 1066b4 h ???????? 008 /phpMyadmin_bak/index.php
4c64a05.77 5762a31e 1066b4 h ???????? 007 /phpMyadmin_bak/index.php
4c64a05.c2 5762a31e 1066b4 h ???????? 007 /www/phpMyAdmin/index.php
4c64a08.22 5762a31e 1066b4 h ???????? 007 /www/phpMyAdmin/index.php
4c64a08.6c 5762a31e 1066b4 h ???????? 007 /tools/phpMyAdmin/index.php
4c64a0a.c5 5762a31e 1066b4 h ???????? 007 /tools/phpMyAdmin/index.php
4c64a0b.33 5762a31e 1066b4 h ???????? 007 /phpmyadmin-old/index.php
4c64a0d.89 5762a31e 1066b4 h ???????? 007 /phpmyadmin-old/index.php
4c64a0d.dc 5762a31e 1066b4 h ???????? 00b /pma-old/index.php
4c64a10.32 5762a31e 1066b4 h ???????? 007 /pma-old/index.php
4c64a10.8d 5762a31e 1066b4 h ???????? 007 /claroline/phpMyAdmin/index.php
4c64a12.f7 5762a31e 1066b4 h ???????? 007 /claroline/phpMyAdmin/index.php
4c64a13.54 5762a31e 1066b4 h ???????? 008 /typo3/phpmyadmin/index.php
4c64a15.c2 5762a31e 1066b4 h ???????? 009 /typo3/phpmyadmin/index.php
4c64a16.1a 5762a31e 1066b4 h ???????? 007 /phpma/index.php
4c64a18.77 5762a31e 1066b4 h ???????? 007 /phpma/index.php
4c64a18.cf 5762a31e 1066b4 h ???????? 008 /phpmyadmin/phpmyadmin/index.php
4c64a1b.1b 5762a31e 1066b4 h ???????? 007 /phpmyadmin/phpmyadmin/index.php
4c64a1b.74 5762a31e 1066b4 h ???????? 007 /phpMyAdmin/phpMyAdmin/index.php
4c64a1d.ce 5762a31e 1066b4 h ???????? 007 /phpMyAdmin/phpMyAdmin/index.php
4c64e52.fb 42f9598b 70a047 h ???????? 008 //rss.rdf
4c6520e.2e 3624945b 433e9c h ???????? 009 /edit/21716001
4c653fb.35 36249523 433e9c h ???????? 00b /wiki/HiPo
4c65474.4d 42f94052 043937 s ???????? 00b /wiki/ErWachsen
4c654b1.74 36249462 433e9c h ???????? 008 /edit/29996001
4c65565.7d 3624942d 433e9c h ???????? 008 /edit/29356001
4c65610.87 8ba271cc 976046 s ???????? 042 /
4c657a9.17 d8f442c6 2e51d1 h ???????? 008 /robots.txt
4c658c2.bf d8f442e5 2e51d1 h ???????? 007 /robots.txt
4c65982.ba d8f442e5 2e51d1 h ???????? 00c /wiki/SingularSummitEurope
4c65989.e3 d8f442e5 2e51d1 h ???????? 00b /wiki/DarmStadt
4c659ca.a5 d8f442e5 2e51d1 h ???????? 040 /edit/11186001
4c65af2.ad 362494ae 433e9c h ???????? 008 /edit/23366001
4c65c61.eb cf2e0d9e 6a88e8 s ???????? 0b3 /
4c65dbf.34 36249517 433e9c h ???????? 008 /edit/28316001
4c66075.36 345b7498 95df39 h ???????? 008 /robots.txt
4c660cb.60 3624954e 433e9c h ???????? 007 /edit/9826001
4c6623f.23 36c62dce 95df39 h ???????? 007 /robots.txt
4c6623f.b1 36c62dce 95df39 h ???????? 00b /wiki/LockPresention
4c66267.b1 d3179a8a ef60d6 h ???????? 040 /
4c66638.f7 42f94046 043937 h ???????? 00c /wiki/SchoenFeld
4c66a4a.ab 25bb5e56 cc9bbb h ???????? 0c2 /
4c66a9a.80 3624956a 433e9c h ???????? 008 /edit/25966001
4c66b58.4b 5896e4da 1669ae h ???????? 008 //rss.rdf
4c66b63.7e d5abdc98 a95ea1 h ???????? 007 //rss.rdf
4c66c10.79 0585b70e 7454d3 h ???????? 008 //rss.rdf
4c6700b.5a 42f95989 70a047 h ???????? 008 //rss.rdf
4c6702e.64 d8f442e5 2e51d1 h ???????? 008 /robots.txt
4c670e6.0c d8f442e5 2e51d1 h ???????? 00b /wiki/FutureLab2056
4c677fa.33 42f94050 043937 s ???????? 010 /wiki/BetaSeele
4c67b5b.e4 9d3727f7 6a88e8 h ???????? 044 /
4c67bb6.82 c7109db5 45fe92 h ???????? 007 /robots.txt
4c67bb6.fb c7109db5 45fe92 h ???????? 044 /1
4c67c9b.69 2ea1376a eaf401 s ???????? 009 /_asterisk/
4c67d70.34 284da786 6a88e8 h ???????? 046 /
4c68329.19 362494c1 433e9c h ???????? 00f /wiki/
4c683d8.ea cf2e0da2 6a88e8 h ???????? 008 /edit/27086003
4c6864e.d1 b9dc6504 cc9bbb h ???????? 04b /
4c689bd.1e 42f9404a 043937 h ???????? 00b /wiki/PaulaBerta
4c68c30.b0 a2d2c462 028fc4 h ???????? 008 /robots.txt
4c68c34.39 a2d2c462 028fc4 h ???????? 05c /
4c69269.6f 42f9598b 70a047 h ???????? 00d //rss.rdf
4c693e6.a1 cf2e0d4e 6a88e8 s ???????? 012 /
4c699de.cf d8f442e5 2e51d1 h ???????? 002 /robots.txt
4c69a9f.ae d8f442e5 2e51d1 h ???????? 003 /wiki/BeatriceBaranov
4c69aaa.03 d8f442e5 2e51d1 h ???????? 002 /wiki/GruenesWunder
4c69aac.8f d8f442e5 2e51d1 h ???????? 002 /wiki/TheSingularity
