4c301f7.f5 cf2e0dcb 6a88e8 h ???????? 002 /robots.txt
4c301fe.ea 9d37271f 6a88e8 h ???????? 017 /
4c307a5.c8 36e0ad91 2baa92 h ???????? 018 /
4c307c4.42 42f94f39 043937 s ???????? 004 /wiki/OpenStats
4c30806.cf 362494ab 433e9c h ???????? 003 /wiki/AlexanderJobst
4c30912.5b 42f94f2b 043937 h ???????? 003 /robots.txt
4c30947.34 480ec7b0 70a047 h ???????? 002 //rss.rdf
4c309ee.c0 42f94f2b 043937 h ???????? 006 /wiki/ChristianeFloyd
4c30b22.c8 36249497 433e9c h ???????? 002 /edit/21636002
4c3135f.aa 36249447 433e9c h ???????? 002 /edit/26256002
4c317cf.c3 36249456 433e9c h ???????? 006 /edit/29146007
4c318be.f4 5f6cb561 e4b041 h ???????? 001 /robots.txt
4c318bf.55 8d088e98 e4b041 s ???????? 001 /robots.txt
4c318c2.c1 5f6cb561 e4b041 h ???????? 013 /
4c318c3.01 8d088e98 e4b041 s ???????? 014 /
4c31986.da 42f94f2b 043937 h ???????? 003 /wiki/ScreenCast
4c31a99.93 36249488 433e9c h ???????? 002 /wiki/AnnoDomino2012
4c31ec7.9e d3179a8a ef60d6 h ???????? 015 /
4c31f2f.f5 3624940b 433e9c h ???????? 011 /
4c324c1.83 b44c0f18 a04d28 h ???????? 003 /wiki/MindZip
4c32667.73 b90a44e3 24f16f s ???????? 012 /
4c329d4.9b 480ec7aa 70a047 h ???????? 001 //rss.rdf
4c32a51.29 b44c0f06 a04d28 h ???????? 002 /wiki/LockSchuppen
4c32b26.da 26633e5d 99cc80 h ???????? 012 /
4c32b4a.06 42f94f3f 043937 s ???????? 002 /wiki/RenameMe
4c32cb1.47 3624943f 433e9c h ???????? 008 /edit/25586001
4c32d73.5b 9d372791 6a88e8 h ???????? 003 /wiki/AudiVision
4c33211.cb 36249464 433e9c h ???????? 003 /wiki/DiscussionForum
4c33221.0f b44c0f0f a04d28 h ???????? 003 /wiki/PieschenTv
4c3357f.e2 36249533 433e9c h ???????? 003 /wiki/LockSchuppenDe
4c33b8a.44 8ac93b22 0852cc h ???????? 001 /robots.txt
4c33b8b.a6 8ac93b22 0852cc h ???????? 016 /
4c33d0c.eb 42f9456a 043937 h ???????? 003 /wiki/PseudoNym
4c3417d.8d 7a721ad5 83b0ef h ???????? 012 /
4c341b9.b1 362494b6 433e9c h ???????? 003 /wiki/StadtDresden2056
4c34235.de b44c0f9e a04d28 h ???????? 013 /
4c34466.61 36249439 433e9c h ???????? 002 /edit/25346008
4c348bd.29 42f95729 70a047 h ???????? 001 //rss.rdf
4c34996.dc 3624953f 433e9c h ???????? 002 /edit/27076005
4c34afe.2a bca5ea34 e3b0c4 h ???????? 001 /robots.txt
4c34b00.55 bca5ea34 147e59 h ???????? 017 /
4c34cd2.33 25bb3851 e3b0c4 h ???????? 002 /robots.txt
4c34cd4.58 25bb3851 46ab9b h ???????? 017 /
4c34e3d.67 c61b5090 e3b0c4 h ???????? 002 /robots.txt
4c34e3f.e9 c61b5090 f7800e h ???????? 013 /
4c34ecf.bb 42f9456a 043937 h ???????? 003 /wiki/TrueWoman
4c34f14.21 36249487 433e9c h ???????? 001 /edit/28146003
4c35045.ee 25bb3851 e3b0c4 h ???????? 006 /robots.txt
4c35048.10 25bb3851 46ab9b h ???????? 027 /
4c35057.57 345b7498 95df39 h ???????? 001 /robots.txt
4c35075.e9 345b7498 95df39 h ???????? 002 /robots.txt
4c3507c.09 36c62dce 95df39 h ???????? 002 /robots.txt
4c3507c.3b 36c62dce 95df39 h ???????? 01b /
4c35087.77 bca5d01d e3b0c4 h ???????? 001 /robots.txt
4c35089.a3 bca5d01d 58771d h ???????? 019 /
4c3509a.94 36c62dce 95df39 h ???????? 004 /wiki/RainerWasserfuhrCv
4c351ad.33 bc285186 7dfab1 h ???????? 002 //rss.jsp
4c351ad.58 bc285186 7dfab1 h ???????? 001 //rss.jsp
4c35305.c0 36c62dce 95df39 h ???????? 002 /wiki/LockSchuppen
4c353f3.66 bc285186 7dfab1 h ???????? 002 //rss.jsp
4c353f3.8c bc285186 7dfab1 h ???????? 001 //rss.jsp
4c35437.9e 36c62dce 95df39 h ???????? 003 /wiki/PieschenTv
4c35460.93 36c62dce 95df39 h ???????? 004 /wiki/MindPost
4c3549c.0e c05f1d74 e3b0c4 h ???????? 001 /robots.txt
4c3549e.98 c05f1d74 4c528d h ???????? 014 /
4c354f3.37 2e6962a6 e3b0c4 h ???????? 001 /robots.txt
4c354fa.e1 2e6962a6 aa5504 h ???????? 027 /
4c3554b.aa 36c62dce 95df39 h ???????? 003 /wiki/ChristianHeller
4c355b2.1d 36c62dce 95df39 h ???????? 003 /wiki/RainerWasserfuhr
4c355d0.d5 36c62dce 95df39 h ???????? 003 /wiki/KurzweilVortrag
4c355d1.12 36c62dce 95df39 h ???????? 003 /wiki/LockSchuppenDe
4c3566a.b7 36c62dce 95df39 h ???????? 003 /wiki/WikiNode
4c3566a.f5 36c62dce 95df39 h ???????? 002 /rss.rdf
4c35703.dc 36249506 433e9c h ???????? 01c /edit/12606001
4c359d5.44 345b7498 95df39 h ???????? 001 /robots.txt
4c359df.4e 36c62dce 95df39 h ???????? 002 /robots.txt
4c359df.f2 36c62dce 95df39 h ???????? 003 /wiki/SeaNation
4c359fe.4a 36c62dce 95df39 h ???????? 003 /wiki/RainerTest
4c35ad3.bb bc285186 7dfab1 h ???????? 002 //rss.jsp
4c35ad3.e7 bc285186 7dfab1 h ???????? 002 //rss.jsp
4c35b06.27 bc285186 7dfab1 h ???????? 002 //rss.jsp
4c35b06.54 bc285186 7dfab1 h ???????? 002 //rss.jsp
4c35b17.5a 42a0863e 3388af h ???????? 015 /
4c35e50.64 345b7498 95df39 h ???????? 002 /robots.txt
4c35e5a.8b 36c62dce 95df39 h ???????? 002 /robots.txt
4c35e5b.45 36c62dce 95df39 h ???????? 003 /wiki/PsychischeGesundheit
4c35eb8.0e 36c62dce 95df39 h ???????? 018 /1
4c35f85.2e 05275551 e3b0c4 h ???????? 002 /robots.txt
4c35f87.62 05275551 f22684 h ???????? 017 /
4c36093.26 42f9457a 043937 s ???????? 003 /wiki/KindLich
4c363e3.f0 9d37271f 6a88e8 h ???????? 01e /
4c36642.54 36249429 433e9c h ???????? 002 /edit/25576002
4c36846.53 345b7498 95df39 h ???????? 002 /robots.txt
4c36848.6d 36c62dce 95df39 h ???????? 001 /robots.txt
4c36848.aa 36c62dce 95df39 h ???????? 003 /wiki/LockSchuppenBusinessPlan
4c36852.82 52400540 c71b0b h ???????? 002 /stalker_portal/server/adm/users/users-list-json
4c36853.4f 52400540 c71b0b h ???????? 003 /stalker_portal/server/adm/tv-channels/iptv-list-json
4c3688f.08 345b7498 95df39 h ???????? 002 /robots.txt
4c36892.2b 36c62dce 95df39 h ???????? 003 /wiki/DistanzSpiel
4c36948.20 36249464 433e9c h ???????? 004 /wiki/RainerWasserfuhr
4c369ed.39 42f9572b 70a047 h ???????? 003 //rss.rdf
4c36b68.84 4e2e2319 7dfab1 h ???????? 003 //rss.jsp
4c36b68.b0 4e2e2319 7dfab1 h ???????? 002 //rss.jsp
4c37256.08 42f94570 043937 s ???????? 004 /wiki/MindWays
4c3731c.b9 345b7498 95df39 h ???????? 002 /robots.txt
4c37323.f8 36c62dce 95df39 h ???????? 003 /robots.txt
4c37324.37 36c62dce 95df39 h ???????? 004 /wiki/ZugWiki
4c373f6.01 42f94568 043937 h ???????? 003 //robots.txt
4c375f7.63 d4ed3adb a6744e h ???????? 002 /CGI/Execute
4c37654.b0 36249512 433e9c h ???????? 002 /edit/26196001
4c377e2.75 36249512 433e9c h ???????? 003 /edit/30906001
4c37c2f.94 c05f1f37 02b94d h ???????? 003 /.git/config
4c38140.f8 345b7498 95df39 h ???????? 002 /robots.txt
4c38158.5e 36cde01b 0bc284 s ???????? 018 /
4c38418.c9 42f9456a 043937 h ???????? 004 /wiki/JohnSmart
4c38587.b3 cf2e0dbc 6a88e8 s ???????? 01e /
4c3894b.64 bc286647 7dfab1 h ???????? 002 //rss.jsp
4c3894b.97 bc286647 7dfab1 h ???????? 002 //rss.jsp
4c389ab.ec 345b7498 95df39 h ???????? 002 /robots.txt
4c389b0.eb 36c62dce 95df39 h ???????? 002 /robots.txt
4c389b1.2e 36c62dce 95df39 h ???????? 004 /wiki/RecentChanges
4c38c27.eb 42f9572b 70a047 h ???????? 003 //rss.rdf
4c39128.e1 36c62dce 95df39 h ???????? 002 /robots.txt
4c39129.57 36c62dce 95df39 h ???????? 01f /
4c393cf.42 345b7498 95df39 h ???????? 002 /robots.txt
4c393dc.56 36c62dce 95df39 h ???????? 007 /robots.txt
4c393dc.98 36c62dce 95df39 h ???????? 004 /wiki/MindShop
4c395db.e3 42f94566 043937 h ???????? 004 /wiki/DazStudio
4c39654.a3 3449bae7 4776f8 h ???????? 002 /robots.txt
4c39654.a2 3449bae7 4776f8 h ???????? 00c /wiki/NetzClub
4c397e4.ff 345b7498 95df39 h ???????? 002 /robots.txt
4c397e8.51 36c62dce 95df39 h ???????? 002 /robots.txt
4c397e8.93 36c62dce 95df39 h ???????? 003 /wiki/SchachProgramm
4c399cf.43 5f6cb561 e4b041 h ???????? 002 /robots.txt
4c399d3.0e 5f6cb561 e4b041 h ???????? 002 /cal
4c39a21.49 36c62dce 95df39 h ???????? 004 /wiki/SeminarWissen
4c39ac1.1a 36249424 433e9c h ???????? 003 /wiki/GeorgeClooney
4c39c0d.1e 36249435 433e9c h ???????? 003 /edit/23476001
4c39c39.27 0566ad47 720b4a h ???????? 002 /robots.txt
4c39c39.55 0566ad47 720b4a h ???????? 004 /wiki/WwWebLern
4c39c79.dd 36c62dce 95df39 h ???????? 002 /wiki/NooPolis
4c39e86.d8 cf2e0d30 6a88e8 s ???????? 015 /
4c3a11f.91 97502791 433e9c h ???????? 001 /robots.txt
4c3a15c.00 36249440 433e9c h ???????? 002 /edit/26366002
4c3a36c.dc a4843451 eb026b s ???????? 002 /bcHead
4c3a36c.ac b44c0f8c a04d28 s ???????? 0be /sh
4c3a79e.e0 42f94566 043937 h ???????? 005 /wiki/BreakEven
4c3a8b3.aa bca5fb2e 57819b h ???????? 001 //wp-content/themes/u-design/style.css
4c3adf3.03 42f9572b 70a047 h ???????? 001 //rss.rdf
4c3aede.6d b9dc650d cc9bbb h ???????? 020 /
4c3b087.cf 36249559 433e9c h ???????? 002 /edit/30126002
4c3b962.2d 42f94572 043937 s ???????? 002 /robots.txt
4c3b962.c2 42f94574 043937 s ???????? 002 /wiki/DiviDend
4c3ba27.e6 b44c0f90 a04d28 h ???????? 012 /
4c3ba64.29 3624940e 433e9c h ???????? 003 /wiki/WahrSchein
4c3bcf4.d7 36249520 433e9c h ???????? 002 /edit/22416001
4c3bd54.2a 345b7498 95df39 h ???????? 002 /robots.txt
4c3bd99.b0 d17e8807 7404fb s ???????? 011 /
4c3bdbd.b1 36c62dce 95df39 h ???????? 001 /robots.txt
4c3bdbe.8c 36c62dce 95df39 h ???????? 002 /wiki/FutureLab2056
4c3bece.3c b44c0f1b fa643b h ???????? 001 /robots.txt
4c3c0a4.28 345b7498 95df39 h ???????? 002 /robots.txt
4c3c0a8.02 36c62dce 95df39 h ???????? 006 /robots.txt
4c3c0a8.33 36c62dce 95df39 h ???????? 002 /wiki/RealFilm
4c3c0d7.5b 6baae71f ef60d6 h ???????? 018 /
4c3c14c.a1 b44c0f0d a04d28 h ???????? 014 /
4c3c317.52 36c62dce 95df39 h ???????? 003 /wiki/WikiWall
4c3c4f3.12 36c62dce 95df39 h ???????? 002 /wiki/ZeugenKurzweils
4c3c559.06 36c62dce 95df39 h ???????? 003 /wiki/PiratenPrognose
4c3ca8a.26 42f95727 70a047 h ???????? 002 //rss.rdf
4c3ca9d.bc 36249533 433e9c h ???????? 002 /wiki/LockFutureSax
4c3cb24.bf 42f9456a 043937 h ???????? 002 /wiki/EndOfLife
4c3cc2d.d7 345b7498 95df39 h ???????? 002 /robots.txt
4c3cc7f.9d 36c62dce 95df39 h ???????? 002 /robots.txt
4c3cc7f.d8 36c62dce 95df39 h ???????? 002 /wiki/AnneWillSingularity
4c3cd9e.df cf2e0daf 6a88e8 h ???????? 014 /
4c3cea1.0d 362494bc 433e9c h ???????? 002 /edit/28166001
4c3cfa9.d7 345b7498 95df39 h ???????? 001 /robots.txt
4c3d02e.a7 b9dc651a cc9bbb h ???????? 014 /
4c3d031.24 36c62dce 95df39 h ???????? 001 /robots.txt
4c3d04f.71 36c62dce 95df39 h ???????? 003 /wiki/SingularityUniversity
4c3d1ba.66 8048bec3 de47bd h ???????? 013 /
4c3d1bf.87 8048bec3 de47bd h ???????? 001 /feel/4
4c3d1c3.bb 8048bec3 de47bd h ???????? 001 /feel/8
4c3d1c3.f2 8048bec3 de47bd h ???????? 002 /alive/8
4c3d37c.9e 9d37275e 6a88e8 h ???????? 013 /
4c3d38d.af b44c0f8e a04d28 h ???????? 015 /
4c3d444.0d 36c62dce 95df39 h ???????? 003 /wiki/TeufelsPakt
4c3d46b.67 36c62dce 95df39 h ???????? 002 /wiki/SingularSummitEurope
4c3d4bf.c9 36c62dce 95df39 h ???????? 003 /wiki/LockPresentation
4c3d555.9c 36c62dce 95df39 h ???????? 002 /wiki/WikiMind
4c3d573.ed 36c62dce 95df39 h ???????? 003 /wiki/SocialBackup
4c3d8ba.74 a2d2c461 028fc4 h ???????? 001 //robots.txt
4c3d8bd.ea a2d2c461 028fc4 h ???????? 014 /
4c3d8c1.3d a2d2c461 028fc4 h ???????? 001 /robots.txt
4c3d8c4.a3 a2d2c461 028fc4 h ???????? 015 /
4c3dce7.dd 42f94568 043937 h ???????? 003 /wiki/KloPapier
4c3dd42.d6 34bb7f71 42637e h ???????? 002 /wls-wsat/CoordinatorPortType
4c3e32d.ad b44c0fa3 a04d28 h ???????? 006 /BollekeFarm
4c3e64b.c2 cf2e0dc4 6a88e8 h ???????? 002 //robots.txt
4c3e7f0.23 5e170159 57819b h ???????? 002 //wp-content/themes/u-design/style.css
4c3e90f.29 4260d63a 94b52a h ???????? 002 /feed
4c3ea9b.0a 4e2e17c6 c33482 h ???????? 023 /
4c3eb20.eb 341f8aaf 1d48a6 h ???????? 015 /
4c3eb76.6e 42f95729 70a047 h ???????? 008 //rss.rdf
4c3eeaa.f0 42f94574 043937 s ???????? 003 /wiki/EigenRisk
4c3f2a5.dd 403efca3 b5eaf4 h ???????? 002 /robots.txt
4c3fa61.c0 345b7498 95df39 h ???????? 002 /robots.txt
4c3fafc.5b 36c62dce 95df39 h ???????? 006 /robots.txt
4c3fafc.99 36c62dce 95df39 h ???????? 003 /wiki/LockOfficeAnfahrt
4c3fb1a.ed 36c62dce 95df39 h ???????? 003 /wiki/LockTeam
