4d0001c.d3 d8f442c6 2e51d1 h ???????? 002 /robots.txt
4d001e3.06 b44c0f93 a04d28 h ???????? 003 /wiki/DiffusionOfInnovations
4d00541.46 5f6cb561 e4b041 h ???????? 001 /robots.txt
4d00545.0b 5f6cb561 e4b041 h ???????? 07d /ls
4d00572.22 d9458543 399ff9 h ???????? 002 /robots.txt
4d00576.5d d94585d9 399ff9 h ???????? 002 /wiki/SaSiSu
4d0057b.a1 d9458554 399ff9 h ???????? 002 /wiki/SignIn
4d0057f.77 d9458555 399ff9 h ???????? 002 /wiki/BedBack
4d00583.19 d9458543 399ff9 h ???????? 003 /wiki/PresencingStatus
4d00924.f5 b44c0f19 a04d28 h ???????? 003 /wiki/LockTeam
4d0095b.69 d94585d9 399ff9 h ???????? 001 /system
4d00960.4d d94585d7 399ff9 h ???????? 003 /love/4d
4d009b3.e5 a4843451 eb026b s ???????? 002 /bcHead
4d009b3.af b44c0f0b a04d28 s ???????? 0d8 /sh
4d00af0.21 42f94994 043937 s ???????? 003 /wiki/MediaDaten
4d00cd1.c4 5f6cb561 e4b041 h ???????? 005 /feed
4d00d18.d6 5f6cb561 e4b041 h ???????? 018 /
4d00d23.85 5f6cb561 e4b041 h ???????? 011 /
4d00d23.e0 8d088e98 e4b041 s ???????? 002 /robots.txt
4d00d27.c0 5f6cb561 e4b041 s ???????? 01c /
4d00e78.f0 b90a44e3 24f16f s ???????? 013 /
4d00f78.73 5f6cb561 e4b041 h ???????? 01b /
4d0130b.28 284da72e 6a88e8 h ???????? 002 /wiki/SingularSummitEurope
4d01461.87 b14bcd48 670234 h ???????? 011 /
4d01462.5b b14bcd48 3fa874 h ???????? 001 /wls-wsat/CoordinatorPortType
4d01463.17 b14bcd48 3fa874 h ???????? 002 /user/register
4d01464.14 b14bcd48 670234 h ???????? 012 /
4d01464.d4 b14bcd48 670234 h ???????? 011 /
4d01465.b9 b14bcd48 670234 h ???????? 001 /rss.php
4d0158d.10 5bb795e6 670234 h ???????? 013 /
4d0158d.37 5bb795e6 3fa874 h ???????? 001 /wls-wsat/CoordinatorPortType
4d0158d.58 5bb795e6 3fa874 h ???????? 001 /user/register
4d0158d.82 5bb795e6 670234 h ???????? 013 /
4d0158d.a7 5bb795e6 670234 h ???????? 017 /
4d0158d.ce 5bb795e6 670234 h ???????? 001 /rss.php
4d0158d.f5 5bb795e6 670234 h ???????? 002 /wp-login.php
4d015fa.aa be7be921 670234 h ???????? 018 /
4d015fb.4e be7be921 3fa874 h ???????? 001 /wls-wsat/CoordinatorPortType
4d015fb.e8 be7be921 3fa874 h ???????? 001 /user/register
4d015fc.7b be7be921 670234 h ???????? 012 /
4d015fd.1d be7be921 670234 h ???????? 015 /
4d015fd.b4 be7be921 670234 h ???????? 002 /rss.php
4d015fe.4c be7be921 670234 h ???????? 001 /wp-login.php
4d01600.d4 5f6cb561 e4b041 h ???????? 01a /
4d0181e.34 a7634643 f38332 h ???????? 007 /Img/login-down.png
4d018b4.34 b5a67acd 740935 h ???????? 002 /administrator/manifests/files/joomla.xml
4d01bef.eb d94585db 399ff9 h ???????? 001 /robots.txt
4d01bf5.1e d9458543 399ff9 h ???????? 003 /wiki/PirnaPlatz
4d01bfa.06 d94585d7 399ff9 h ???????? 002 /wiki/HaUndEm
4d01cb2.da 42f9498a 043937 h ???????? 003 /wiki/JanaDiesner
4d01d13.fe d155ee0b 70a047 h ???????? 002 //rss.rdf
4d01d91.8e a5e363c0 670234 h ???????? 019 /
4d01d91.de a5e363c0 3fa874 h ???????? 001 /wls-wsat/CoordinatorPortType
4d01d92.2d a5e363c0 3fa874 h ???????? 007 /user/register
4d01d92.7d a5e363c0 670234 h ???????? 016 /
4d01d92.cb a5e363c0 670234 h ???????? 013 /
4d01d93.18 a5e363c0 670234 h ???????? 002 /rss.php
4d01e7f.c9 5f6cb561 e4b041 h ???????? 002 /FloatingBoats
4d01fc0.9a d9458543 399ff9 h ???????? 002 /SamenLotto
4d028a3.93 b44c0f09 a04d28 h ???????? 003 /wiki/SingularAcademy
4d02a60.b9 904cdd95 4f089e h ???????? 001 /noopolis
4d02e75.d7 42f94986 043937 h ???????? 002 /wiki/TheoHaerder
4d03136.68 284da72e 6a88e8 h ???????? 003 /wiki/MartinNowak
4d0314b.5e 97502791 433e9c h ???????? 001 /robots.txt
4d0315c.c1 5519d2ea afa0df h ???????? 005 //robots.txt
4d0326f.f5 d94585d9 399ff9 h ???????? 002 /robots.txt
4d03274.dc d94585db 399ff9 h ???????? 003 /wiki/ParDon
4d03476.ab d8c24a48 cb4677 h ???????? 016 /
4d0361f.ed d9458543 399ff9 h ???????? 002 /arb
4d036c8.2d 4d4b4ca6 6a9392 h ???????? 002 /robots.txt
4d036c9.22 4d4b4ca6 6a9392 h ???????? 003 /wiki/WikiNode
4d036c9.a6 4d4b4ca6 6a9392 h ???????? 018 /
4d03a43.06 d155ee09 70a047 h ???????? 002 //rss.rdf
4d04039.0d 42f94992 043937 s ???????? 003 /wiki/SinnChemie
4d04078.5b 0d4c2494 670234 h ???????? 015 /
4d04078.d4 0d4c2494 3fa874 h ???????? 001 /wls-wsat/CoordinatorPortType
4d04079.45 0d4c2494 3fa874 h ???????? 002 /user/register
4d04079.bd 0d4c2494 670234 h ???????? 014 /
4d0407a.2f 0d4c2494 670234 h ???????? 019 /
4d0407a.a8 0d4c2494 670234 h ???????? 002 /rss.php
4d0407b.20 0d4c2494 670234 h ???????? 001 /wp-login.php
4d04336.9d 26633e5d 99cc80 h ???????? 015 /
4d0476d.73 78731009 670234 h ???????? 016 /
4d0476e.38 78731009 3fa874 h ???????? 001 /wls-wsat/CoordinatorPortType
4d0476e.f3 78731009 3fa874 h ???????? 001 /user/register
4d0476f.b2 78731009 670234 h ???????? 015 /
4d04770.76 78731009 670234 h ???????? 01c /
4d04771.38 78731009 670234 h ???????? 002 /rss.php
4d04771.f6 78731009 670234 h ???????? 001 /wp-login.php
4d048eb.62 d9458543 399ff9 h ???????? 002 /robots.txt
4d048f0.05 d94585d9 399ff9 h ???????? 003 /wiki/ToMo
4d04aa4.75 284da7d0 6a88e8 h ???????? 003 /wiki/VerFassung
4d04cad.ae d94585da 399ff9 h ???????? 002 /NoOs
4d04cb2.b0 d9458554 399ff9 h ???????? 002 /wiki
4d04e7c.4e 36a6ab92 2baa92 h ???????? 018 /
4d04efa.b4 4266098a 002725 h ???????? 003 /favicon.ico
4d05133.e5 5bc80c23 3a5a31 h ???????? 002 /wp-login.php
4d05134.26 5bc80c23 3a5a31 h ???????? 002 //wp-login.php
4d05281.de 7b7d43a4 7bc0a6 h ???????? 002 /robots.txt
4d05294.ca 7b7d43a5 7bc0a6 h ???????? 01d /
4d0533a.a4 7b7d43a6 7bc0a6 h ???????? 01d /
4d0585c.fd 4e9bf01a f262fc h ???????? 019 /
4d0598a.ea 284da7c2 6a88e8 h ???????? 017 /
4d059ec.d3 d155ee0b 70a047 h ???????? 002 //rss.rdf
4d05aa6.e2 bc442a94 d0756d h ???????? 03d /
4d05aa6.e3 bc442a94 d0756d h ???????? 03b /
4d05aa7.51 bc442a94 64afed h ???????? 02a /
4d05aa7.52 bc442a94 64afed h ???????? 02a /
4d05e8c.65 d94585d7 399ff9 h ???????? 002 /robots.txt
4d05e93.ac d94585d8 399ff9 h ???????? 003 /wiki/GrillStuebel
4d05e9a.7b d94585d7 399ff9 h ???????? 003 /wiki/RainerWasserfuhrCvEn
4d05e9f.ec d9458554 399ff9 h ???????? 004 /wiki/HechtRunde
4d05ea4.99 d9458555 399ff9 h ???????? 003 /wiki/OurFuture
4d06237.01 d94585d9 399ff9 h ???????? 003 /edit
4d0623b.ae d9458543 399ff9 h ???????? 002 /tv
4d0644c.ea 966d27b4 d22d36 h ???????? 002 /wls-wsat/CoordinatorPortType
4d06ca7.d8 6baaef29 ef60d6 s ???????? 018 /
4d06e3f.eb d949d095 bbc046 h ???????? 002 //robots.txt
4d070a3.de 4a7d4c20 55c2cd h ???????? 003 //rss.rdf
4d0711d.b3 b44c0f8d a04d28 h ???????? 004 /wiki/RainerWasserfuhrCvEn
4d07195.77 bc285186 7dfab1 h ???????? 009 //rss.jsp
4d07195.a2 bc285186 7dfab1 h ???????? 002 //rss.jsp
4d071c8.24 bc285186 7dfab1 h ???????? 002 //rss.jsp
4d071c8.52 bc285186 7dfab1 h ???????? 002 //rss.jsp
4d0723a.e0 34cfee83 7c1e3d h ???????? 018 /
4d07561.e1 d94585da 399ff9 h ???????? 002 /robots.txt
4d07566.61 d9458543 399ff9 h ???????? 003 /wiki/MindPrize
4d076bd.23 42f95c83 70a047 h ???????? 002 //rss.rdf
4d07894.ab bc285186 7dfab1 h ???????? 006 //rss.jsp
4d07894.b8 bc285186 7dfab1 h ???????? 006 //rss.jsp
4d07894.d7 bc285186 7dfab1 h ???????? 002 //rss.jsp
4d07915.8b d94585db 399ff9 h ???????? 002 /StarTime
4d07de9.4d bb6a14f7 32c7bf h ???????? 005 /cgi/common.cgi
4d07dec.35 bb6a14f7 32c7bf h ???????? 002 /stssys.htm
4d07def.36 bb6a14f7 32c7bf h ???????? 019 /
4d07df2.fd bb6a14f7 32c7bf h ???????? 002 /command.php
4d08422.7b 2e6962a6 e3b0c4 h ???????? 003 /robots.txt
4d08424.a6 2e6962a6 aa5504 h ???????? 017 /
4d08490.e1 4e2e2319 7dfab1 h ???????? 00a //rss.jsp
4d08491.10 4e2e2319 7dfab1 h ???????? 002 //rss.jsp
4d08702.db 284da72e 6a88e8 h ???????? 004 /wiki/RecentChanges
4d08723.ef 25bb384c e3b0c4 h ???????? 002 /robots.txt
4d08728.a3 25bb384c 5983bc h ???????? 01b /
4d08927.90 052d4b06 b5326e h ???????? 01a /
4d08af7.2b d94585d7 399ff9 h ???????? 002 /robots.txt
4d08afd.7c d94585da 399ff9 h ???????? 004 /wiki/SeaNation
4d08b04.b5 d9458555 399ff9 h ???????? 004 /wiki/NeuMarkt
4d08b09.55 d9458554 399ff9 h ???????? 003 /wiki/ChVal
4d08b4a.e8 8ba27485 976046 s ???????? 028 /
4d08ebc.97 d94585d7 399ff9 h ???????? 002 /crush
4d096bb.de 42f95c81 70a047 h ???????? 003 //rss.rdf
4d09b14.93 45abe0fa a397c6 h ???????? 003 /PieschenQuartett
4d09b15.07 45abe0fa a397c6 h ???????? 002 /favicon.ico
4d09ca6.d2 36249569 433e9c h ???????? 004 /wiki/SingularAcademy
4d09d24.f6 b9dc6522 cc9bbb h ???????? 023 /
4d09f57.58 2e6962a6 e3b0c4 h ???????? 003 /robots.txt
4d09f59.92 2e6962a6 aa5504 h ???????? 024 /
4d0a073.36 d94585da 399ff9 h ???????? 003 /robots.txt
4d0a079.0a d94585db 399ff9 h ???????? 004 /wiki/BoNyx
4d0a07e.87 d9458555 399ff9 h ???????? 003 /wiki/KurzweilVortrag
4d0a083.2f d94585d8 399ff9 h ???????? 004 /wiki/FzMk
4d0a0c1.c2 cf2e0d68 6a88e8 h ???????? 023 /
4d0a1c8.ce 284da72e 6a88e8 h ???????? 004 /wiki/ZiiTrend
4d0a242.fd d8f442fa 2e51d1 h ???????? 002 //robots.txt
4d0a351.a0 cd8b8d36 209ef4 h ???????? 002 //rss.rdf
4d0a423.02 d9458543 399ff9 h ???????? 004 /cast/
4d0a605.6e 42f94240 043937 h ???????? 003 /robots.txt
4d0a79e.a6 42f94242 622963 h ???????? 003 /system
4d0a908.b2 3624950b 433e9c h ???????? 003 /wiki/AubreyDeGrey
4d0aa49.5b c4342b63 c5c81c h ???????? 01b /
4d0ad37.15 42f94242 622963 h ???????? 002 /film
4d0ae4a.24 bc286647 7dfab1 h ???????? 003 //rss.jsp
4d0ae4a.59 bc286647 7dfab1 h ???????? 003 //rss.jsp
4d0b1d9.ab b00c8685 670234 h ???????? 01b /
4d0b1da.5d b00c8685 3fa874 h ???????? 001 /wls-wsat/CoordinatorPortType
4d0b1dc.b6 b00c8685 3fa874 h ???????? 001 /user/register
4d0b1e2.0d b00c8685 670234 h ???????? 010 /
4d0b33c.05 42f95c83 70a047 h ???????? 001 //rss.rdf
4d0b644.42 d94585db 399ff9 h ???????? 001 /robots.txt
4d0b64a.17 d94585d9 399ff9 h ???????? 002 /wiki/SaZi
4d0b64f.14 d94585d9 399ff9 h ???????? 002 /wiki/RetTla
4d0b9fa.25 d9458555 399ff9 h ???????? 001 /base
4d0ba41.60 451ec6b2 028fc4 h ???????? 005 //robots.txt
4d0ba5c.d3 451ec6b2 028fc4 h ???????? 002 //wiki/LockSchuppen
4d0bcc4.22 3ed2671f c37fd8 h ???????? 001 /robots.txt
4d0bcc8.76 3ed2671f c37fd8 h ???????? 002 /wiki/MikeWooldridge
4d0c18b.5e 5c6ad96c 670234 h ???????? 016 /
4d0c18b.91 5c6ad96c 3fa874 h ???????? 001 /wls-wsat/CoordinatorPortType
4d0c18b.c5 5c6ad96c 3fa874 h ???????? 001 /user/register
4d0c18b.f1 5c6ad96c 670234 h ???????? 010 /
4d0c18c.23 5c6ad96c 670234 h ???????? 010 /
4d0c18c.55 5c6ad96c 670234 h ???????? 001 /rss.php
4d0c18c.96 5c6ad96c 670234 h ???????? 001 /wp-login.php
4d0c813.b6 a7634643 f38332 h ???????? 001 /Img/login-down.png
4d0c9df.b7 d5abdc98 a95ea1 h ???????? 002 //rss.rdf
4d0c9e2.21 a2fdb0de a2996e h ???????? 001 //rss.rdf
4d0ca74.84 5896e4da ea6e3c h ???????? 005 //rss.rdf
4d0ca74.91 0585b70e 8e0e7d h ???????? 001 //rss.rdf
4d0cb9d.c0 d9458543 399ff9 h ???????? 001 /robots.txt
4d0cba2.bb d9458555 399ff9 h ???????? 002 /wiki/HauptHenkel
4d0cba8.de d94585da 399ff9 h ???????? 002 /wiki/AnSa
4d0cbae.5f d94585d9 399ff9 h ???????? 002 /wiki/AtemLos
4d0cbb4.2e d94585da 399ff9 h ???????? 002 /wiki/RoHaZoo
4d0cbb8.77 d94585d9 399ff9 h ???????? 003 /wiki/AntiPotemkin
4d0cbbc.aa d94585d8 399ff9 h ???????? 002 /wiki/93001
4d0d04b.9d 42f95c81 70a047 h ???????? 002 //rss.rdf
4d0d38d.9a cf2e0d68 6a88e8 h ???????? 002 /wiki/HappyBirthdayQ2
4d0d763.db 362494fa 433e9c h ???????? 003 /wiki/FamWis02
4d0db06.37 59f8ae8d ef60d6 s ???????? 017 /
4d0dc6a.b3 47069ea6 a397c6 h ???????? 012 /
4d0dc6e.7f 47069ea6 45a6bf h ???????? 001 /favicon.ico
4d0e234.49 d9458543 399ff9 h ???????? 001 /robots.txt
4d0e23a.2f d94585d7 399ff9 h ???????? 002 /wiki/MaxWeber
4d0e240.70 d9458555 399ff9 h ???????? 002 /wiki/SemperGo
4d0e245.ac d94585d9 399ff9 h ???????? 003 /wiki/WebChat
4d0e521.ca 58c63631 028fc4 h ???????? 001 /robots.txt
4d0e523.80 58c63631 028fc4 h ???????? 003 /wiki/ASynChron
4d0e527.f6 58c63631 028fc4 h ???????? 002 /wiki/BlueOcean
4d0e52b.69 58c63631 028fc4 h ???????? 003 /wiki/CodeCheck
4d0e52e.cc 58c63631 028fc4 h ???????? 004 /wiki/DoYouWannaHookUp
4d0e532.5b 58c63631 028fc4 h ???????? 003 /wiki/DorisLessing
4d0e535.cd 58c63631 028fc4 h ???????? 003 /wiki/DoritAharonov
4d0e539.3e 58c63631 028fc4 h ???????? 003 /wiki/DresdenChess
4d0e53c.d1 58c63631 028fc4 h ???????? 003 /wiki/EdFredkin
4d0e540.48 58c63631 028fc4 h ???????? 003 /wiki/EheVertrag
4d0e543.b3 58c63631 028fc4 h ???????? 003 /wiki/EkStase
4d0e547.0c 58c63631 028fc4 h ???????? 006 /wiki/ElaineRich
4d0e54a.df 58c63631 028fc4 h ???????? 002 /wiki/ElinaGaranca
4d0e54e.27 58c63631 028fc4 h ???????? 003 /wiki/EmbracingPostPrivacy
4d0e551.f4 58c63631 028fc4 h ???????? 003 /wiki/EmmanuelLevinas
4d0e555.0d 58c63631 028fc4 h ???????? 003 /wiki/EnErgy
4d0e558.5d 58c63631 028fc4 h ???????? 003 /wiki/EnIac
4d0e55b.7e 58c63631 028fc4 h ???????? 003 /wiki/EnterPrise
4d0e55f.1b 58c63631 028fc4 h ???????? 002 /wiki/EpisodicMemory
4d0e562.a7 58c63631 028fc4 h ???????? 002 /wiki/ErdosNumber
4d0e565.ef 58c63631 028fc4 h ???????? 002 /wiki/EricDrexler
4d0e569.57 58c63631 028fc4 h ???????? 005 /wiki/EricWeisstein
4d0e56c.af 58c63631 028fc4 h ???????? 003 /wiki/ErivanHaub
4d0e570.49 58c63631 028fc4 h ???????? 003 /wiki/ErnstWilhelmNay
4d0e573.64 58c63631 028fc4 h ???????? 003 /wiki/EttaScollo
4d0e577.3d 58c63631 028fc4 h ???????? 002 /wiki/FamilienFreundKg
4d0e57c.6a 58c63631 028fc4 h ???????? 003 /wiki/FazNet
4d0e57f.ab 58c63631 028fc4 h ???????? 003 /wiki/FriedrichNietzsche
4d0e582.f4 58c63631 028fc4 h ???????? 005 /wiki/FurBy
4d0e586.84 58c63631 028fc4 h ???????? 003 /wiki/GaenseMarkt
4d0e589.e6 58c63631 028fc4 h ???????? 003 /wiki/GeniusAtWork
4d0e58d.12 58c63631 028fc4 h ???????? 002 /wiki/MikeWooldridge
4d0e590.59 58c63631 028fc4 h ???????? 003 /wiki/MindAbiAchtAcht
4d0e593.d5 58c63631 028fc4 h ???????? 002 /wiki/MindApi
4d0e597.8f 58c63631 028fc4 h ???????? 003 /wiki/RainerElschen
4d0e59a.ce 58c63631 028fc4 h ???????? 003 /wiki/RaySolomonoff
4d0e59e.3b 58c63631 028fc4 h ???????? 002 /wiki/ReinerCalmund
4d0e5a1.e4 58c63631 028fc4 h ???????? 003 /wiki/TalkTheFuture
4d0e5a5.3b 58c63631 028fc4 h ???????? 003 /wiki/TantekCelik
4d0e5a9.1d 58c63631 028fc4 h ???????? 003 /wiki/WissenSchaft
4d0e5ac.9f 58c63631 028fc4 h ???????? 002 /wiki/WittenHerdecke
4d0e5b0.0e 58c63631 028fc4 h ???????? 003 /wiki/WolfgangClement
4d0e5ec.d9 d94585da 399ff9 h ???????? 002 /cal
4d0e602.0d 42f94240 043937 h ???????? 002 /hot/robots.txt
4d0e659.e7 42f94242 043937 h ???????? 002 /hot
4d0ea18.af 5e172817 e3b0c4 h ???????? 002 /robots.txt
4d0ea1a.ea 5e172817 fd196b h ???????? 031 /
4d0ee31.69 42f95c9f 70a047 h ???????? 002 //rss.rdf
4d0ef03.98 5f6cb561 e4b041 s ???????? 002 /robots.txt
4d0ef07.44 5f6cb561 e4b041 s ???????? 3b6 /memo
4d0ef23.f4 426f29fd 8fbe53 h ???????? 01f /
4d0f255.9b a2d2c461 028fc4 h ???????? 009 /robots.txt
4d0f257.66 a2d2c461 028fc4 h ???????? 015 /
4d0f8a5.8c d94585d9 399ff9 h ???????? 004 /robots.txt
4d0f8ab.f4 d9458555 399ff9 h ???????? 003 /wiki/HaGr
4d0f8b1.71 d94585d8 399ff9 h ???????? 003 /wiki/StFr
4d0fa35.20 284da735 6a88e8 h ???????? 003 /wiki/EmptyFridgeSyndrome
