4df0347.9c 36249567 433e9c h ???????? 002 /edit/21486001
4df03f1.0c b00a6284 0cbaf6 h ???????? 020 /
4df0475.74 25bb382f e3b0c4 h ???????? 002 /robots.txt
4df0477.aa 25bb382f 87f8b1 h ???????? 01d /
4df05dc.3b 7348b31c 670234 h ???????? 019 /
4df05dd.18 7348b31c 670234 h ???????? 01c /
4df05dd.bc 7348b31c 670234 h ???????? 018 /
4df05de.74 7348b31c 670234 h ???????? 026 /
4df08c3.9b 894ae66a 646bf4 h ???????? 003 /status
4df08c3.c6 894ae66a 646bf4 h ???????? 019 /
4df08c5.01 894ae66a 646bf4 h ???????? 002 /script
4df08c5.33 894ae66a 646bf4 h ???????? 002 /jenkins/script
4df08c5.5d 894ae66a 646bf4 h ???????? 002 /login
4df08c5.8d 894ae66a 646bf4 h ???????? 002 /jmx-console
4df08c5.bf 894ae66a 646bf4 h ???????? 01a /
4df08c5.ee 894ae66a 646bf4 h ???????? 019 /
4df08c6.1d 894ae66a 646bf4 h ???????? 002 /manager/html
4df08c6.4f 894ae66a 646bf4 h ???????? 019 /
4df08c6.88 894ae66a 646bf4 h ???????? 019 /
4df08c7.c0 894ae66a 646bf4 h ???????? 01b /
4df08d1.fc 894ae66a 646bf4 h ???????? 004 /joomla/administrator
4df08d2.2f 894ae66a 646bf4 h ???????? 002 /cms/administrator
4df08d2.57 894ae66a 646bf4 h ???????? 002 /Joomla/administrator
4df08d2.8a 894ae66a 646bf4 h ???????? 002 /msd
4df08d2.be 894ae66a 646bf4 h ???????? 003 /mySqlDumper
4df08dc.f0 894ae66a 646bf4 h ???????? 002 /cgi-bin/php
4df08de.21 894ae66a 646bf4 h ???????? 002 /cgi-bin/php5
4df08de.8a 894ae66a 646bf4 h ???????? 001 /phpmyadmin
4df08de.af 894ae66a 646bf4 h ???????? 001 /phpMyAdmin
4df08de.d2 894ae66a 646bf4 h ???????? 001 /mysql
4df08de.f2 894ae66a 646bf4 h ???????? 001 /sql
4df08df.19 894ae66a 646bf4 h ???????? 001 /myadmin
4df08df.3f 894ae66a 646bf4 h ???????? 001 /phpMyAdmin-4.2.1-all-languages
4df08df.65 894ae66a 646bf4 h ???????? 007 /phpMyAdmin-4.2.1-english
4df08df.86 894ae66a 646bf4 h ???????? 001 /xampp/phpmyadmin
4df08df.a4 894ae66a 646bf4 h ???????? 001 /typo3/phpmyadmin
4df08df.cb 894ae66a 646bf4 h ???????? 001 /webadmin
4df08df.f3 894ae66a 646bf4 h ???????? 011 /
4df08e0.16 894ae66a 646bf4 h ???????? 005 /sqlite/main.php
4df08e0.36 894ae66a 646bf4 h ???????? 001 /SQLite/SQLiteManager-1.2.4/main.php
4df08e0.5e 894ae66a 646bf4 h ???????? 001 /SQLiteManager-1.2.4/main.php
4df08e0.85 894ae66a 646bf4 h ???????? 001 /sqlitemanager/main.php
4df08e0.a9 894ae66a 646bf4 h ???????? 002 /SQlite/main.php
4df08e0.c8 894ae66a 646bf4 h ???????? 001 /SQLiteManager/main.php
4df08e0.e6 894ae66a 646bf4 h ???????? 002 /webdav
4df08e1.0d 894ae66a 646bf4 h ???????? 018 /
4df08e1.32 894ae66a 646bf4 h ???????? 011 /
4df08e2.58 894ae66a 646bf4 h ???????? 011 /
4df08e3.7d 894ae66a 646bf4 h ???????? 001 //wp-login.php
4df08e4.a6 894ae66a 646bf4 h ???????? 001 /wordpress/wp-login.php
4df08e4.d0 894ae66a 646bf4 h ???????? 001 /wp/wp-login.php
4df08e4.ef 894ae66a 646bf4 h ???????? 002 /blog/wp-login.php
4df08e5.17 894ae66a 646bf4 h ???????? 001 /Wordpress/wp-login.php
4df08e5.3d 894ae66a 646bf4 h ???????? 006 /Blog/wp-login.php
4df0900.28 42f95a8d 70a047 h ???????? 001 //rss.rdf
4df0a35.ce 42f941d0 043937 s ???????? 003 /wiki/PortFolio
4df0a6e.bd 42f941d2 043937 s ???????? 003 /wiki/BillGates
4df0aa2.f6 42f941d0 043937 s ???????? 002 /wiki/LeibSeele
4df0ae0.19 42f941d2 043937 s ???????? 002 /wiki/AbGehoben
4df0aea.8b 42f941d0 043937 s ???????? 002 /wiki/UnTil2019
4df0b93.7e b01f7e38 e3b0c4 h ???????? 002 /robots.txt
4df0b95.af b01f7e38 37a81c h ???????? 01a /
4df0bbd.a2 42f941d0 043937 s ???????? 003 /wiki/LaubeGast
4df0c21.5d 42f941d2 043937 s ???????? 002 /wiki/KeimZelle
4df0de7.00 8ba24e87 186d9a s ???????? 01c /
4df0eca.f1 d17e8807 7404fb s ???????? 016 /
4df1087.ba abe892ea 670234 h ???????? 013 /
4df1088.b3 abe892ea 670234 h ???????? 019 /
4df1089.53 abe892ea 670234 h ???????? 013 /
4df1089.fc abe892ea 670234 h ???????? 024 /
4df108a.c4 abe892ea 670234 h ???????? 002 /Diagnostics.asp
4df1107.1e 8a7507e5 670234 h ???????? 014 /
4df1107.c7 8a7507e5 670234 h ???????? 019 /
4df1108.49 8a7507e5 670234 h ???????? 014 /
4df1108.be 8a7507e5 670234 h ???????? 028 /
4df144a.67 2f6a75b3 cfdd7c h ???????? 01a /
4df175c.6d bf7c1ad9 670234 h ???????? 014 /
4df1895.cf 42f941d0 043937 s ???????? 003 /wiki/WikiPedia
4df18ca.88 42f941d0 043937 s ???????? 003 /wiki/MindWings
4df18fd.32 42f941d0 043937 s ???????? 003 /wiki/LupusAter
4df1923.a3 42f941cc 043937 h ???????? 002 /wiki/MatheMatik
4df193f.0b 42f941d2 043937 s ???????? 007 /wiki/RotterDam
4df1948.c5 42f941ca 043937 h ???????? 004 /wiki/MindFile
4df1ad5.5c 42f941d4 043937 s ???????? 004 /wiki/MindQuest
4df1b4b.c7 c05f1d74 e3b0c4 h ???????? 003 /robots.txt
4df1b4e.44 c05f1d74 4c528d h ???????? 015 /
4df1bb8.c4 b01f7e38 e3b0c4 h ???????? 001 /robots.txt
4df1bba.ee b01f7e38 37a81c h ???????? 02a /
4df1c16.9d 88f3511b 0ad18e h ???????? 005 //wiki/ZugWiki
4df1c16.ac 88f3511b 0ad18e h ???????? 003 //wiki/ZugWiki
4df2100.3e bc286647 7dfab1 h ???????? 002 //rss.jsp
4df2100.62 bc286647 7dfab1 h ???????? 002 //rss.jsp
4df2310.aa c4342b80 c5c81c h ???????? 01d /
4df2496.5a 9d3727fd 6a88e8 s ???????? 01d /
4df2641.32 23a3be7a 0bc284 h ???????? 01c /
4df2808.16 25ef6046 670234 h ???????? 01a /
4df2808.8c 25ef6046 670234 h ???????? 01e /
4df2808.ec 25ef6046 670234 h ???????? 014 /
4df2809.48 25ef6046 670234 h ???????? 020 /
4df2909.89 42f95a8b 70a047 h ???????? 002 //rss.rdf
4df2951.b8 67595b79 ee113c h ???????? 017 /
4df2952.7b 67595b79 ee113c h ???????? 00b //https://floatingboat2013.appspot.com
4df2955.72 67595b79 ee113c h ???????? 003 //wiki/AlanTuring
4df2956.32 67595b79 ee113c h ???????? 003 //wiki/GottfriedWilhelmLeibniz
4df2956.f9 67595b79 ee113c h ???????? 001 //https://floatingboat2013.appspot.com/UrPic
4df2957.de 67595b79 ee113c h ???????? 002 //https://floatingboat2013.appspot.com/ad
4df2959.1c 67595b79 ee113c h ???????? 003 //https://sl4.eu/hls
4df295a.09 67595b79 ee113c h ???????? 002 //https://sl4.eu/ls
4df295a.ea 67595b79 ee113c h ???????? 002 //https://sl4.eu/sh
4df295b.f4 67595b79 ee113c h ???????? 002 //https://www.youtube.com/watch
4df2bce.3f 42f941d4 043937 s ???????? 003 /wiki/TarnFirma
4df3378.08 6baaef61 ef60d6 h ???????? 021 /
4df33a4.3c 79909a8c 670234 h ???????? 016 /
4df33a5.44 79909a8c 3fa874 h ???????? 002 /wls-wsat/CoordinatorPortType
4df33a6.00 79909a8c 3fa874 h ???????? 002 /user/register
4df33a7.01 79909a8c 670234 h ???????? 018 /
4df33a9.44 79909a8c 670234 h ???????? 001 /jmx-console/HtmlAdaptor
4df3d91.d3 42f941d2 043937 s ???????? 004 /wiki/BlauPause
4df433f.76 7717f2b3 42637e h ???????? 001 /wls-wsat/CoordinatorPortType
4df4340.ba 7717f2b3 1066b4 h ???????? 052 /index.php
4df4343.20 7717f2b3 1066b4 h ???????? 055 /index.php
4df4343.86 7717f2b3 1066b4 h ???????? 001 /phpmyadmin/index.php
4df4345.de 7717f2b3 1066b4 h ???????? 002 /phpmyadmin/index.php
4df4346.42 7717f2b3 1066b4 h ???????? 002 /phpMyAdmin/index.php
4df4348.a3 7717f2b3 1066b4 h ???????? 001 /phpMyAdmin/index.php
4df4348.f5 7717f2b3 1066b4 h ???????? 002 /pmd/index.php
4df434b.47 7717f2b3 1066b4 h ???????? 002 /pmd/index.php
4df434b.9a 7717f2b3 1066b4 h ???????? 002 /pma/index.php
4df4350.9e 7717f2b3 1066b4 h ???????? 002 /pma/index.php
4df4350.f1 7717f2b3 1066b4 h ???????? 001 /PMA/index.php
4df4353.4a 7717f2b3 1066b4 h ???????? 002 /PMA/index.php
4df4353.c1 7717f2b3 1066b4 h ???????? 002 /PMA2/index.php
4df4357.05 7717f2b3 1066b4 h ???????? 002 /PMA2/index.php
4df4357.d6 7717f2b3 1066b4 h ???????? 001 /pmamy/index.php
4df435a.5b 7717f2b3 1066b4 h ???????? 001 /pmamy/index.php
4df435a.b2 7717f2b3 1066b4 h ???????? 002 /pmamy2/index.php
4df435d.0f 7717f2b3 1066b4 h ???????? 002 /pmamy2/index.php
4df435d.69 7717f2b3 1066b4 h ???????? 002 /mysql/index.php
4df435f.c4 7717f2b3 1066b4 h ???????? 002 /mysql/index.php
4df4360.1f 7717f2b3 1066b4 h ???????? 002 /admin/index.php
4df4362.97 7717f2b3 1066b4 h ???????? 001 /admin/index.php
4df4362.e8 7717f2b3 1066b4 h ???????? 002 /db/index.php
4df4366.b0 7717f2b3 1066b4 h ???????? 002 /db/index.php
4df4367.38 7717f2b3 1066b4 h ???????? 002 /dbadmin/index.php
4df436c.9f 7717f2b3 1066b4 h ???????? 002 /dbadmin/index.php
4df436c.f6 7717f2b3 1066b4 h ???????? 002 /web/phpMyAdmin/index.php
4df4370.9a 7717f2b3 1066b4 h ???????? 002 /web/phpMyAdmin/index.php
4df4371.5f 7717f2b3 1066b4 h ???????? 002 /admin/pma/index.php
4df4374.ad 7717f2b3 1066b4 h ???????? 002 /admin/pma/index.php
4df4375.06 7717f2b3 1066b4 h ???????? 002 /admin/PMA/index.php
4df4378.8f 7717f2b3 1066b4 h ???????? 002 /admin/PMA/index.php
4df4378.e5 7717f2b3 1066b4 h ???????? 002 /admin/mysql/index.php
4df437b.37 7717f2b3 1066b4 h ???????? 002 /admin/mysql/index.php
4df437c.b4 7717f2b3 1066b4 h ???????? 002 /admin/mysql2/index.php
4df437f.0e 7717f2b3 1066b4 h ???????? 002 /admin/mysql2/index.php
4df4380.8d 7717f2b3 1066b4 h ???????? 002 /admin/phpmyadmin/index.php
4df4382.e7 7717f2b3 1066b4 h ???????? 002 /admin/phpmyadmin/index.php
4df4383.41 7717f2b3 1066b4 h ???????? 002 /admin/phpMyAdmin/index.php
4df4385.98 7717f2b3 1066b4 h ???????? 002 /admin/phpMyAdmin/index.php
4df4385.f5 7717f2b3 1066b4 h ???????? 002 /admin/phpmyadmin2/index.php
4df4388.50 7717f2b3 1066b4 h ???????? 002 /admin/phpmyadmin2/index.php
4df4388.ba 7717f2b3 1066b4 h ???????? 002 /mysqladmin/index.php
4df438b.98 7717f2b3 1066b4 h ???????? 002 /mysqladmin/index.php
4df438c.9b 7717f2b3 1066b4 h ???????? 002 /mysql-admin/index.php
4df438f.7b 7717f2b3 1066b4 h ???????? 002 /mysql-admin/index.php
4df438f.d2 7717f2b3 1066b4 h ???????? 002 /phpadmin/index.php
4df4392.2d 7717f2b3 1066b4 h ???????? 002 /phpadmin/index.php
4df4394.a1 7717f2b3 1066b4 h ???????? 002 /phpmyadmin0/index.php
4df4396.f9 7717f2b3 1066b4 h ???????? 002 /phpmyadmin0/index.php
4df4397.97 7717f2b3 1066b4 h ???????? 002 /phpmyadmin1/index.php
4df439a.9c 7717f2b3 1066b4 h ???????? 002 /phpmyadmin1/index.php
4df439a.fc 7717f2b3 1066b4 h ???????? 002 /phpmyadmin2/index.php
4df439d.5a 7717f2b3 1066b4 h ???????? 002 /phpmyadmin2/index.php
4df439d.b4 7717f2b3 1066b4 h ???????? 002 /myadmin/index.php
4df43a0.13 7717f2b3 1066b4 h ???????? 002 /myadmin/index.php
4df43a0.6a 7717f2b3 1066b4 h ???????? 002 /myadmin2/index.php
4df43a4.af 7717f2b3 1066b4 h ???????? 002 /myadmin2/index.php
4df43a5.06 7717f2b3 1066b4 h ???????? 002 /xampp/phpmyadmin/index.php
4df43a8.af 7717f2b3 1066b4 h ???????? 002 /xampp/phpmyadmin/index.php
4df43a9.05 7717f2b3 1066b4 h ???????? 002 /phpMyadmin_bak/index.php
4df43ac.a6 7717f2b3 1066b4 h ???????? 002 /phpMyadmin_bak/index.php
4df43ad.03 7717f2b3 1066b4 h ???????? 002 /www/phpMyAdmin/index.php
4df43af.63 7717f2b3 1066b4 h ???????? 002 /www/phpMyAdmin/index.php
4df43af.ca 7717f2b3 1066b4 h ???????? 00a /tools/phpMyAdmin/index.php
4df43b2.34 7717f2b3 1066b4 h ???????? 003 /tools/phpMyAdmin/index.php
4df43b2.94 7717f2b3 1066b4 h ???????? 002 /phpmyadmin-old/index.php
4df43b4.f8 7717f2b3 1066b4 h ???????? 002 /phpmyadmin-old/index.php
4df43b5.58 7717f2b3 1066b4 h ???????? 002 /phpMyAdminold/index.php
4df43b8.9b 7717f2b3 1066b4 h ???????? 002 /phpMyAdminold/index.php
4df43b8.f6 7717f2b3 1066b4 h ???????? 003 /pma-old/index.php
4df43bb.53 7717f2b3 1066b4 h ???????? 004 /pma-old/index.php
4df43bb.b9 7717f2b3 1066b4 h ???????? 003 /claroline/phpMyAdmin/index.php
4df43be.4e 7717f2b3 1066b4 h ???????? 006 /claroline/phpMyAdmin/index.php
4df43be.a3 7717f2b3 1066b4 h ???????? 001 /typo3/phpmyadmin/index.php
4df43c0.f6 7717f2b3 1066b4 h ???????? 001 /typo3/phpmyadmin/index.php
4df43c2.56 7717f2b3 1066b4 h ???????? 001 /phpma/index.php
4df43c8.9d 7717f2b3 1066b4 h ???????? 002 /phpma/index.php
4df43c8.ef 7717f2b3 1066b4 h ???????? 002 /phpmyadmin/phpmyadmin/index.php
4df43cc.a2 7717f2b3 1066b4 h ???????? 001 /phpmyadmin/phpmyadmin/index.php
4df43cc.f0 7717f2b3 1066b4 h ???????? 001 /phpMyAdmin/phpMyAdmin/index.php
4df43d0.90 7717f2b3 1066b4 h ???????? 002 /phpMyAdmin/phpMyAdmin/index.php
4df4460.1b 23bb8411 71f2b9 s ???????? 010 /put/3d596f75724361726434326639346637300a48616c6c6f2c2064696573206973742065696e205a657474656c4b617374656e2e204f62656e206b616e6e73742044752064656e204e616d656e20646573205a657474656c732065696e676562656e2e0a0a4d69742065696e6572207370657a69656c6c656e204d61676965206e616d656e7320c2bb43616d656c43617365c2ab20656e7473746568656e204c696e6b732061756620616e64657265205a657474656c2e2050726f62696572206573206175733a20536368726569622065696e20576f72742c2064617320696d20576f7274696e6e6572656e206d696e64657374656e732065696e656e20776569746572656e2047726f73736275636873746162656e206861742c20646572206162657220766f6e204b6c65696e6275636873746162656e2062656e61636862617274206973743a20
4df45be.be 42f95a8f 70a047 h ???????? 002 //rss.rdf
4df4696.73 b36d9e93 670234 h ???????? 02d /
4df4697.90 b36d9e93 670234 h ???????? 01a /
4df4698.3d b36d9e93 670234 h ???????? 01c /
4df4699.1f b36d9e93 670234 h ???????? 015 /
4df46f7.0b 05099184 f6be50 h ???????? 004 /wiki/SommerSchwatz
4df4763.40 cf2e0d64 6a88e8 h ???????? 015 /
4df4b21.ac 5f6cb561 e4b041 h ???????? 001 /robots.txt
4df4b25.71 5f6cb561 e4b041 h ???????? 01b /edit/1
4df4f54.d7 42f941cc 043937 h ???????? 004 /wiki/ElbUfer
4df5418.37 c73a56d1 028fc4 h ???????? 002 /robots.txt
4df541a.30 c73a56d1 028fc4 h ???????? 01d /
4df571c.97 3b392508 f11de5 h ???????? 019 /
4df5e10.7c b44c0f0e a04d28 h ???????? 003 /wiki/%3Ca%20class=%22blue%22%20href=%22/wiki/ImPressum%22%3EImPressum%3C/a%3E
4df6118.84 42f941d2 043937 s ???????? 004 /wiki/PerryPedia
4df6243.81 42f95a8b 70a047 h ???????? 002 //rss.rdf
4df72db.d2 42f941d2 043937 s ???????? 003 /wiki/PieschenTv
4df74b3.25 d5abdc98 a95ea1 h ???????? 002 //rss.rdf
4df74c8.e9 688c691d 55c4a0 h ???????? 001 //rss.rdf
4df7507.99 d5abdc98 a95ea1 h ???????? 002 //rss.rdf
4df7517.87 4b7f0a98 1669ae h ???????? 001 //rss.rdf
4df76f7.1b bc285186 7dfab1 h ???????? 002 //rss.jsp
4df76f7.47 bc285186 7dfab1 h ???????? 001 //rss.jsp
4df7728.24 bc285186 7dfab1 h ???????? 002 //rss.jsp
4df7728.52 bc285186 7dfab1 h ???????? 001 //rss.jsp
4df77b0.a9 bc285186 7dfab1 h ???????? 002 //rss.jsp
4df77b0.d7 bc285186 7dfab1 h ???????? 002 //rss.jsp
4df77b1.7a bc285186 7dfab1 h ???????? 001 //rss.jsp
4df77b1.a6 bc285186 7dfab1 h ???????? 002 //rss.jsp
4df7a71.0c 42f9544a 002725 h ???????? 002 /favicon.ico
4df808d.0b 42f95a8d 70a047 h ???????? 002 //rss.rdf
4df80c7.1e c0241b07 cc9bbb h ???????? 014 /
4df8192.d8 a3acc581 606c70 h ???????? 002 /vendor/phpunit/phpunit/src/Util/PHP/eval-stdin.php
4df849f.42 42f941d0 043937 s ???????? 003 /wiki/GeSchlecht
4df88c5.29 4d4b4f11 6a9392 h ???????? 002 /robots.txt
4df88c5.f0 4d4b4f11 6a9392 h ???????? 004 /wiki/WikiNode
4df88c6.90 4d4b4f11 6a9392 h ???????? 022 /
4df8b64.1b 97502791 433e9c h ???????? 002 /robots.txt
4df8c06.d8 cc0cd00a 028fc4 h ???????? 002 //robots.txt
4df8c0d.18 cc0cd00a 028fc4 h ???????? 004 //wiki/ChristineSchlinck
4df8c63.3a 8adbc83d 670234 h ???????? 019 /
4df8c64.03 8adbc83d 670234 h ???????? 018 /
4df8c64.a2 8adbc83d 670234 h ???????? 017 /
4df8c65.43 8adbc83d 670234 h ???????? 02b /
4df8c65.dc 8adbc83d 670234 h ???????? 002 /Diagnostics.asp
4df8f1d.76 97ec3adb e83b9c h ???????? 002 //misc/ajax.js
4df900b.d3 abfa41e0 670234 h ???????? 017 /
4df900c.b4 abfa41e0 670234 h ???????? 01d /
4df900d.6a abfa41e0 670234 h ???????? 020 /
4df900e.3b abfa41e0 670234 h ???????? 023 /
4df900f.06 abfa41e0 670234 h ???????? 003 /Diagnostics.asp
4df92de.15 6cb23d3a ce42d0 s ???????? 018 /
4df9662.8e 42f941d4 043937 s ???????? 003 /wiki/TaxiDriver
4df974b.37 340658d8 e2dc7f h ???????? 002 //rss.rdf
4df976c.e2 330f3186 cc9bbb h ???????? 017 /
4df9a63.2f b44c0f1f a04d28 h ???????? 017 /
4df9cad.81 6baac095 ef60d6 h ???????? 01b /
4dfa0d6.6f 05a5fce3 3e2c30 h ???????? 023 /
4dfa107.23 c92130ed 670234 h ???????? 018 /
4dfa107.ed c92130ed 670234 h ???????? 018 /
4dfa108.80 c92130ed 670234 h ???????? 026 /
4dfa109.21 c92130ed 670234 h ???????? 01c /
4dfa263.ae 42f95a8f 70a047 h ???????? 002 //rss.rdf
4dfa377.49 a3acc581 606c70 h ???????? 002 //vendor/phpunit/phpunit/src/Util/PHP/eval-stdin.php
4dfa67e.a7 284da76c 6a88e8 h ???????? 003 /wiki/VerFassung
4dfa8ee.a4 b44c0fa2 a04d28 h ???????? 018 /
4dfb3f8.a0 9d372706 6a88e8 s ???????? 002 /robots.txt
4dfb405.28 284da76c 6a88e8 s ???????? 018 /
4dfb49a.85 5f6cb561 e4b041 h ???????? 002 /robots.txt
4dfb49e.52 5f6cb561 e4b041 h ???????? 01d /
4dfb5b4.bb 8ba24e87 186d9a s ???????? 024 /
4dfb6af.55 aafed029 670234 h ???????? 01a /
4dfb6b0.37 aafed029 670234 h ???????? 020 /
4dfb6b0.e2 aafed029 670234 h ???????? 018 /
4dfb6b1.7f aafed029 670234 h ???????? 023 /
4dfb6b2.24 aafed029 670234 h ???????? 002 /Diagnostics.asp
4dfb735.7e 68ec0525 1066b4 h ???????? 017 /
4dfb947.ec abfadb6d 670234 h ???????? 020 /
4dfb948.cb abfadb6d 670234 h ???????? 018 /
4dfb949.72 abfadb6d 670234 h ???????? 017 /
4dfb94a.0d abfadb6d 670234 h ???????? 018 /
4dfb94a.c2 abfadb6d 670234 h ???????? 002 /Diagnostics.asp
4dfbe12.96 b44c0f1a a04d28 h ???????? 003 /wiki/LockSchuppen
4dfc2ff.ff 23c3c079 ef60d6 h ???????? 003 /admin.php
4dfc42f.c9 42f95a8f 70a047 h ???????? 003 //rss.rdf
4dfc690.5d b208fcba ea3c0a h ???????? 025 /
4dfc691.3e b208fcba 6c4fa8 h ???????? 002 /apple-touch-icon-152x152-precomposed.png
4dfc691.77 b208fcba 6c4fa8 h ???????? 002 /apple-touch-icon-152x152.png
4dfc691.a6 b208fcba 6c4fa8 h ???????? 002 /apple-touch-icon.png
4dfc691.e2 b208fcba 6c4fa8 h ???????? 002 /apple-touch-icon.png
4dfc692.10 b208fcba 6c4fa8 h ???????? 002 /apple-touch-icon-precomposed.png
4dfc692.44 b208fcba 6c4fa8 h ???????? 003 /favicon.ico
4dfc694.f8 b208fcba ea3c0a h ???????? 002 /alive/4
4dfc695.06 b208fcba ea3c0a h ???????? 003 /feel/4
4dfc8bb.8c a2d2c481 028fc4 h ???????? 002 //robots.txt
4dfc8bf.4e a2d2c481 028fc4 h ???????? 019 /
4dfcadc.5a 9d37270d 6a88e8 h ???????? 002 /robots.txt
4dfcae1.ef cf2e0d6d 6a88e8 h ???????? 026 /
4dfcd3d.9d 88f344e2 028fc4 h ???????? 003 //robots.txt
4dfcd40.d9 88f344e2 028fc4 h ???????? 004 //wiki/SingularSummitEurope
4dfcdb2.96 b44c0f19 a04d28 h ???????? 026 /
4dfce15.76 ddef1bfc 42637e h ???????? 003 /wls-wsat/CoordinatorPortType
4dfce16.11 ddef1bfc 1066b4 h ???????? 06a /index.php
4dfce18.8c ddef1bfc 1066b4 h ???????? 068 /index.php
4dfce19.10 ddef1bfc 1066b4 h ???????? 002 /phpmyadmin/index.php
4dfce1b.83 ddef1bfc 1066b4 h ???????? 002 /phpmyadmin/index.php
4dfce1c.25 ddef1bfc 1066b4 h ???????? 002 /phpMyAdmin/index.php
4dfce1e.84 ddef1bfc 1066b4 h ???????? 001 /phpMyAdmin/index.php
4dfce1e.d7 ddef1bfc 1066b4 h ???????? 001 /pmd/index.php
4dfce21.32 ddef1bfc 1066b4 h ???????? 001 /pmd/index.php
4dfce21.87 ddef1bfc 1066b4 h ???????? 001 /pma/index.php
4dfce23.e3 ddef1bfc 1066b4 h ???????? 001 /pma/index.php
4dfce24.39 ddef1bfc 1066b4 h ???????? 001 /PMA/index.php
4dfce26.9d ddef1bfc 1066b4 h ???????? 001 /PMA/index.php
4dfce26.f1 ddef1bfc 1066b4 h ???????? 001 /PMA2/index.php
4dfce29.4d ddef1bfc 1066b4 h ???????? 002 /PMA2/index.php
4dfce29.af ddef1bfc 1066b4 h ???????? 002 /pmamy/index.php
4dfce2c.08 ddef1bfc 1066b4 h ???????? 001 /pmamy/index.php
4dfce2c.5f ddef1bfc 1066b4 h ???????? 001 /pmamy2/index.php
4dfce2e.bc ddef1bfc 1066b4 h ???????? 001 /pmamy2/index.php
4dfce2f.19 ddef1bfc 1066b4 h ???????? 001 /mysql/index.php
4dfce31.74 ddef1bfc 1066b4 h ???????? 001 /mysql/index.php
4dfce31.cf ddef1bfc 1066b4 h ???????? 006 /admin/index.php
4dfce34.2a ddef1bfc 1066b4 h ???????? 001 /admin/index.php
4dfce34.87 ddef1bfc 1066b4 h ???????? 002 /db/index.php
4dfce36.e3 ddef1bfc 1066b4 h ???????? 001 /db/index.php
4dfce37.41 ddef1bfc 1066b4 h ???????? 001 /dbadmin/index.php
4dfce39.a1 ddef1bfc 1066b4 h ???????? 005 /dbadmin/index.php
4dfce39.ff ddef1bfc 1066b4 h ???????? 002 /web/phpMyAdmin/index.php
4dfce3c.5d ddef1bfc 1066b4 h ???????? 002 /web/phpMyAdmin/index.php
4dfce3c.b2 ddef1bfc 1066b4 h ???????? 001 /admin/pma/index.php
4dfce3f.0a ddef1bfc 1066b4 h ???????? 002 /admin/pma/index.php
4dfce3f.63 ddef1bfc 1066b4 h ???????? 002 /admin/PMA/index.php
4dfce41.c5 ddef1bfc 1066b4 h ???????? 001 /admin/PMA/index.php
4dfce42.19 ddef1bfc 1066b4 h ???????? 002 /admin/mysql/index.php
4dfce44.79 ddef1bfc 1066b4 h ???????? 003 /admin/mysql/index.php
4dfce44.d3 ddef1bfc 1066b4 h ???????? 001 /admin/mysql2/index.php
4dfce47.34 ddef1bfc 1066b4 h ???????? 002 /admin/mysql2/index.php
4dfce47.8b ddef1bfc 1066b4 h ???????? 001 /admin/phpmyadmin/index.php
4dfce49.ed ddef1bfc 1066b4 h ???????? 002 /admin/phpmyadmin/index.php
4dfce4a.47 ddef1bfc 1066b4 h ???????? 001 /admin/phpMyAdmin/index.php
4dfce4c.a6 ddef1bfc 1066b4 h ???????? 001 /admin/phpMyAdmin/index.php
4dfce4d.02 ddef1bfc 1066b4 h ???????? 002 /admin/phpmyadmin2/index.php
4dfce4f.60 ddef1bfc 1066b4 h ???????? 002 /admin/phpmyadmin2/index.php
4dfce4f.bf ddef1bfc 1066b4 h ???????? 001 /mysqladmin/index.php
4dfce52.1f ddef1bfc 1066b4 h ???????? 001 /mysqladmin/index.php
4dfce52.77 ddef1bfc 1066b4 h ???????? 002 /mysql-admin/index.php
4dfce53.e8 25ed7228 670234 h ???????? 01a /
4dfce54.4c 25ed7228 670234 h ???????? 018 /
4dfce54.b4 25ed7228 670234 h ???????? 027 /
4dfce54.d4 ddef1bfc 1066b4 h ???????? 002 /mysql-admin/index.php
4dfce55.49 ddef1bfc 1066b4 h ???????? 008 /phpadmin/index.php
4dfce55.4c 25ed7228 670234 h ???????? 002 /Diagnostics.asp
4dfce57.a9 ddef1bfc 1066b4 h ???????? 001 /phpadmin/index.php
4dfce58.07 ddef1bfc 1066b4 h ???????? 002 /phpmyadmin0/index.php
4dfce5a.64 ddef1bfc 1066b4 h ???????? 002 /phpmyadmin0/index.php
4dfce5a.c5 ddef1bfc 1066b4 h ???????? 001 /phpmyadmin1/index.php
4dfce5d.1d ddef1bfc 1066b4 h ???????? 003 /phpmyadmin1/index.php
4dfce5d.7d ddef1bfc 1066b4 h ???????? 001 /phpmyadmin2/index.php
4dfce5f.e1 ddef1bfc 1066b4 h ???????? 002 /phpmyadmin2/index.php
4dfce60.3e ddef1bfc 1066b4 h ???????? 002 /myadmin/index.php
4dfce62.a5 ddef1bfc 1066b4 h ???????? 002 /myadmin/index.php
4dfce63.02 ddef1bfc 1066b4 h ???????? 002 /myadmin2/index.php
4dfce65.62 ddef1bfc 1066b4 h ???????? 001 /myadmin2/index.php
4dfce65.bc ddef1bfc 1066b4 h ???????? 001 /xampp/phpmyadmin/index.php
4dfce68.1c ddef1bfc 1066b4 h ???????? 002 /xampp/phpmyadmin/index.php
4dfce68.77 ddef1bfc 1066b4 h ???????? 001 /phpMyadmin_bak/index.php
4dfce6a.d2 ddef1bfc 1066b4 h ???????? 002 /phpMyadmin_bak/index.php
4dfce6b.31 ddef1bfc 1066b4 h ???????? 002 /www/phpMyAdmin/index.php
4dfce6d.91 ddef1bfc 1066b4 h ???????? 001 /www/phpMyAdmin/index.php
4dfce6d.ec ddef1bfc 1066b4 h ???????? 002 /tools/phpMyAdmin/index.php
4dfce70.4c ddef1bfc 1066b4 h ???????? 002 /tools/phpMyAdmin/index.php
4dfce70.a9 ddef1bfc 1066b4 h ???????? 002 /phpmyadmin-old/index.php
4dfce73.0d ddef1bfc 1066b4 h ???????? 001 /phpmyadmin-old/index.php
4dfce73.67 ddef1bfc 1066b4 h ???????? 002 /phpMyAdminold/index.php
4dfce75.c9 ddef1bfc 1066b4 h ???????? 002 /phpMyAdminold/index.php
4dfce76.2b ddef1bfc 1066b4 h ???????? 001 /pma-old/index.php
4dfce78.95 ddef1bfc 1066b4 h ???????? 002 /pma-old/index.php
4dfce78.f5 ddef1bfc 1066b4 h ???????? 002 /claroline/phpMyAdmin/index.php
4dfce7b.59 ddef1bfc 1066b4 h ???????? 002 /claroline/phpMyAdmin/index.php
4dfce7b.b9 ddef1bfc 1066b4 h ???????? 001 /typo3/phpmyadmin/index.php
4dfce7e.16 ddef1bfc 1066b4 h ???????? 002 /typo3/phpmyadmin/index.php
4dfce7e.7e ddef1bfc 1066b4 h ???????? 002 /phpma/index.php
4dfce80.e2 ddef1bfc 1066b4 h ???????? 003 /phpma/index.php
4dfce81.42 ddef1bfc 1066b4 h ???????? 001 /phpmyadmin/phpmyadmin/index.php
4dfce83.a2 ddef1bfc 1066b4 h ???????? 002 /phpmyadmin/phpmyadmin/index.php
4dfce84.05 ddef1bfc 1066b4 h ???????? 00a /phpMyAdmin/phpMyAdmin/index.php
4dfce86.6b ddef1bfc 1066b4 h ???????? 002 /phpMyAdmin/phpMyAdmin/index.php
4dfd1bc.87 42f94912 043937 s ???????? 002 /robots.txt
4dfd1d1.2d 42f94910 043937 s ???????? 835 /memo
4dfd2b7.13 54885180 bb8ff8 h ???????? 017 /
4dfd4ec.7c 7b7d43e1 7bc0a6 h ???????? 016 /
4dfd50c.da d8f442c6 2e51d1 h ???????? 002 //robots.txt
4dfd724.8d 7b7d439e cabc0b h ???????? 016 /
4dfd75a.d1 7a605db5 53f294 h ???????? 002 //favicon.ico
4dfd822.21 34188816 c4caf5 h ???????? 003 //wiki/RainerWasserfuhr
4dfd82d.f0 23a05913 b25bee h ???????? 003 /wiki/LibbThims
4dfe0af.0a 42f95a8b 70a047 h ???????? 003 //rss.rdf
4dfe1ec.cc 2ee5a852 2e29b5 h ???????? 002 /robots.txt
4dfe373.09 b90a44e3 24f16f s ???????? 01e /
4dfe4ed.c6 734a71fe 670234 h ???????? 020 /
4dfe4ee.ae 734a71fe 670234 h ???????? 017 /
4dfe4ef.5c 734a71fe 670234 h ???????? 016 /
4dfe4f0.14 734a71fe 670234 h ???????? 017 /
4dfe4f0.cd 734a71fe 670234 h ???????? 002 /Diagnostics.asp
4dfecd0.db 0585b70e 161c85 h ???????? 002 //rss.rdf
4dfecd6.0b 5896e4da e28161 h ???????? 002 //rss.rdf
4dfed69.20 d5abdc98 a95ea1 h ???????? 003 //rss.rdf
4dfed70.39 0585b70e 8e0e7d h ???????? 002 //rss.rdf
4dfed86.77 4b7f0a98 e28161 h ???????? 003 //rss.rdf
4dfee2b.94 80eeb628 f736ad h ???????? 003 /wiki/LibbThims
4dfee87.13 42f941ca 043937 h ???????? 002 //robots.txt
4dff052.74 42f941ca d1bc37 h ???????? 002 //coPlatte_4845.jpg
4dff4c3.3a 42f941d4 043937 s ???????? 002 /robots.txt
4dff4c3.7d 42f941d4 043937 s ???????? 005 /wiki/DatingWiki
4dff50b.20 1b4e4c9e 670234 h ???????? 024 /
4dff50c.11 1b4e4c9e 670234 h ???????? 018 /
4dff50c.c4 1b4e4c9e 670234 h ???????? 019 /
4dff50d.79 1b4e4c9e 670234 h ???????? 01e /
4dff50e.30 1b4e4c9e 670234 h ???????? 002 /Diagnostics.asp
4dff57e.52 52cac83b eaf401 s ???????? 002 /_asterisk/
4dffc41.a0 1fb8c19a 94b52a h ???????? 01b /
