4db001d.d8 d8f442fa 2e51d1 h ???????? 002 //robots.txt
4db04f5.7e 42f95989 70a047 h ???????? 002 //rss.rdf
4db05ed.a2 b44c0f0b a04d28 h ???????? 003 /wiki/DiffusionOfInnovations
4db075b.5b 52f01ee7 deed9c h ???????? 016 /
4db077b.7c 25bb384c e3b0c4 h ???????? 001 /robots.txt
4db077d.a9 25bb384c 5983bc h ???????? 015 /
4db0b7b.45 42f94048 043937 h ???????? 003 //robots.txt
4db0def.f7 42f94054 043937 s ???????? 003 /wiki/MapChart
4db0f92.69 5f6cb561 e4b041 h ???????? 002 /robots.txt
4db0f96.2f 5f6cb561 e4b041 h ???????? 1939 /age
4db1123.98 42f94048 043937 h ???????? 00b /wiki/LockAction
4db1c28.8e c2bbaa69 ac35e0 h ???????? 003 //robots.txt
4db1fb3.08 42f94050 043937 s ???????? 003 /wiki/NachName
4db23e6.46 9e2ea357 85c767 h ???????? 01d /
4db2560.e6 42f94046 043937 h ???????? 004 /wiki/LockAction
4db268b.10 42f9598b 70a047 h ???????? 002 //rss.rdf
4db2a20.dc 284da727 6a88e8 h ???????? 003 /wiki/WillsteQuatschen
4db2bc1.87 d8f442c6 2e51d1 h ???????? 002 //robots.txt
4db2f36.19 36a3d7ee 78393d h ???????? 016 /
4db3175.ea 42f9404a 043937 h ???????? 003 /wiki/ZwingeRasimo
4db3192.1b bc286647 7dfab1 h ???????? 002 //rss.jsp
4db3192.48 bc286647 7dfab1 h ???????? 002 //rss.jsp
4db3362.91 426608c6 002725 h ???????? 002 /favicon.ico
4db364e.55 5f6cb561 e4b041 h ???????? 017 /
4db3922.01 3e8a0019 afa0df h ???????? 002 //robots.txt
4db3923.09 3e8a0019 afa0df h ???????? 005 //wiki/RainerWasserfuhr
4db3b0f.9e 4706cac6 aadf09 h ???????? 002 /ccvv
4db3ec5.a1 9d3727ad 6a88e8 s ???????? 017 /
4db40c2.8b 42f94046 043937 h ???????? 004 /wiki/LockAction
4db418b.92 c2bbaa69 ac35e0 h ???????? 002 /robots.txt
4db4339.21 42f94054 043937 s ???????? 002 /robots.txt
4db4339.b3 42f94050 043937 s ???????? 002 /box
4db4405.45 42f95987 70a047 h ???????? 002 //rss.rdf
4db47e6.13 5519d2ea afa0df h ???????? 002 //robots.txt
4db47e6.6d 5519d2ea afa0df h ???????? 004 //wiki/LockSchuppenBusinessPlan
4db4965.9b 42f95989 70a047 h ???????? 003 /rss.rdf
4db4b00.8a 5da03c16 48d7fa h ???????? 003 //wiki/TwitterKurs
4db54fb.ec 42f9404a 043937 h ???????? 004 /wiki/NaDa
4db5634.8e 53de37f5 670234 h ???????? 01d /
4db5634.d8 53de37f5 3fa874 h ???????? 002 /wls-wsat/CoordinatorPortType
4db5635.13 53de37f5 3fa874 h ???????? 002 /user/register
4db5635.50 53de37f5 670234 h ???????? 017 /
4db5635.c1 53de37f5 670234 h ???????? 002 /jmx-console/HtmlAdaptor
4db5853.aa 25bb3842 e3b0c4 h ???????? 002 /robots.txt
4db5853.d0 25bb3842 9b6b51 h ???????? 019 /
4db5856.10 25bb3842 9b6b51 s ???????? 08c /hls
4db5858.60 25bb3842 9b6b51 s ???????? 08f /ls
4db585b.18 a4843451 eb026b s ???????? 003 /bcHead
4db585a.b8 25bb3842 9b6b51 s ???????? 182 /sh
4db585d.42 25bb3842 9b6b51 h ???????? 004 /wiki/GottfriedWilhelmLeibniz
4db585f.6b 25bb3842 9b6b51 h ???????? 003 /wiki/AlanTuring
4db5861.95 25bb3842 9b6b51 s ???????? 023 /
4db5863.ca 25bb3842 9b6b51 s ???????? 003 /edit
4db586b.73 25bb3842 9b6b51 s ???????? 004 /wiki/GottfriedWilhelmLeibniz
4db586d.96 25bb3842 9b6b51 s ???????? 003 /wiki/AlanTuring
4db5915.ec 4706cacd 94095f s ???????? 018 /
4db5c26.d7 17ed041a c1686e h ???????? 01b /
4db5c29.47 17ed041a c1686e h ???????? 08c /hls
4db5c2c.0e 17ed041a c1686e h ???????? 099 /ls
4db5c2f.16 a4843451 eb026b s ???????? 003 /bcHead
4db5c2e.e5 17ed041a c1686e h ???????? 0c4 /sh
4db5c31.81 17ed041a c1686e h ???????? 004 /wiki/GottfriedWilhelmLeibniz
4db5c33.f6 17ed041a c1686e h ???????? 004 /wiki/AlanTuring
4db5c36.5d 17ed041a c1686e h ???????? 002 /edit
4db6078.80 42f9598b 70a047 h ???????? 003 //rss.rdf
4db6402.5e 1f0d71c4 de47bd h ???????? 021 /
4db6402.c2 1f0d71c4 de47bd h ???????? 002 /favicon.ico
4db6407.31 1f0d71c4 de47bd h ???????? 003 /feel/4
4db640b.37 1f0d71c4 de47bd h ???????? 002 /feel/8
4db6412.b5 1f0d71c4 de47bd h ???????? 01a /feel/10
4db66be.e0 42f94048 043937 h ???????? 002 /wiki/DiFer
4db67b8.64 9d3727a2 6a88e8 s ???????? 001 /robots.txt
4db67b9.1f 9d3727a2 6a88e8 s ???????? 001 /robots.txt
4db67be.fd cf2e0da5 6a88e8 s ???????? 01a /
4db67c4.45 cf2e0da5 6a88e8 h ???????? 002 /robots.txt
4db68ce.9d 42f951e9 002725 h ???????? 002 /favicon.ico
4db6b12.23 33fed030 deed9c s ???????? 014 /
4db6c4f.a2 3624947f 433e9c h ???????? 003 /wiki/OttoScharmer
4db6e09.30 d8f442c6 2e51d1 h ???????? 008 //robots.txt
4db7030.a2 cf2e0d3d 6a88e8 h ???????? 012 /
4db715f.5d b93850f2 cc9bbb h ???????? 012 /
4db758b.a2 5f6cb561 e4b041 h ???????? 002 /robots.txt
4db758f.62 5f6cb561 e4b041 h ???????? 002 /cal
4db7606.2e 8ba271cc 12bd58 s ???????? 016 /
4db7882.07 42f9404a 043937 h ???????? 002 /wiki/NeuDe
4db7d35.c5 05091176 6120ef h ???????? 002 /wiki/SommerSchwatz
4db7d71.f9 42f9598b 70a047 h ???????? 001 //rss.rdf
4db859e.9d bc285186 7dfab1 h ???????? 002 //rss.jsp
4db859e.c8 bc285186 7dfab1 h ???????? 002 //rss.jsp
4db85c1.04 bc285186 7dfab1 h ???????? 002 //rss.jsp
4db85c1.30 bc285186 7dfab1 h ???????? 001 //rss.jsp
4db862c.96 bc285186 7dfab1 h ???????? 002 //rss.jsp
4db862c.b8 bc285186 7dfab1 h ???????? 002 //rss.jsp
4db8631.ed bc285186 7dfab1 h ???????? 001 //rss.jsp
4db8632.1a bc285186 7dfab1 h ???????? 002 //rss.jsp
4db8a44.dd 42f94046 043937 h ???????? 002 /wiki/BeiMo
4db8c65.d1 a3acaba3 cc9bbb h ???????? 013 /
4db9a23.6e 42f9598b 70a047 h ???????? 001 //rss.rdf
4db9c07.b9 42f9404a 043937 h ???????? 004 /wiki/YCbCr
4db9d42.26 9d3727b0 6a88e8 h ???????? 003 /wiki/MarianneEhrmann
4dba1c7.43 b44c0f1a a04d28 h ???????? 003 /wiki/RainerWasserfuhrCvEn
4dba1ee.28 b00988b9 028fc4 h ???????? 002 //robots.txt
4dba1f1.ad b00988b9 028fc4 h ???????? 002 //wiki/ChristineSchlinck
4dba29d.b6 42f9404a 043937 h ???????? 003 /wiki/LockAction
4dba7b2.06 c73a56ce 028fc4 h ???????? 002 /robots.txt
4dba7b3.f9 c73a56ce 028fc4 h ???????? 014 /
4dba997.46 b44c0f8a a04d28 h ???????? 003 /wiki/PieschenTv
4dbac5d.bd 42f9404a 043937 h ???????? 003 /wiki/SkyPe
4dbb113.ae b89a4a42 ce42d0 s ???????? 01a /
4dbb4d0.59 1fb8c19a 94b52a h ???????? 01e /
4dbb71e.f4 42f95987 70a047 h ???????? 002 //rss.rdf
4dbbe21.46 42f94048 043937 h ???????? 002 /wiki/TimBl
4dbbe97.85 36249660 433e9c h ???????? 002 /edit/24456002
4dbc08b.dc cf2e0db2 6a88e8 h ???????? 003 /wiki/PuffCafe
4dbc48a.a8 cf2e0d3d 6a88e8 h ???????? 003 /wiki/LionKimbro
4dbcf02.8c 9d372714 6a88e8 s ???????? 002 /robots.txt
4dbcf08.34 9d3727ad 6a88e8 s ???????? 01a /
4dbcfe4.8f 42f9404a 043937 h ???????? 004 /wiki/FinYa
4dbd645.c1 3624960e 433e9c h ???????? 002 /wiki/RainerWasserfuhrHasKissed
4dbd694.fb 42f95989 70a047 h ???????? 002 //rss.rdf
4dbd849.cc 42f94048 043937 h ???????? 002 /wiki/LockAction
4dbda6c.ae 4dadb982 ee113c h ???????? 01a /
4dbda6c.f3 4dadb982 ee113c h ???????? 001 //https://floatingboat2013.appspot.com
4dbda6d.35 4dadb982 ee113c h ???????? 003 //wiki/AlanTuring
4dbda6d.6b 4dadb982 ee113c h ???????? 002 //wiki/GottfriedWilhelmLeibniz
4dbda6d.a0 4dadb982 ee113c h ???????? 001 //https://floatingboat2013.appspot.com/UrPic
4dbda6d.d0 4dadb982 ee113c h ???????? 003 //https://floatingboat2013.appspot.com/ad
4dbda6e.06 4dadb982 ee113c h ???????? 001 //https://sl4.eu/hls
4dbda6e.40 4dadb982 ee113c h ???????? 002 //https://sl4.eu/ls
4dbda6e.78 4dadb982 ee113c h ???????? 001 //https://sl4.eu/sh
4dbda6e.a4 4dadb982 ee113c h ???????? 009 //https://www.youtube.com/watch
4dbdad2.ea a2d2c464 028fc4 h ???????? 002 //robots.txt
4dbdad8.b1 a2d2c464 028fc4 h ???????? 014 /
4dbdae1.85 a2d2c464 028fc4 h ???????? 002 /robots.txt
4dbdafa.ef a2d2c464 028fc4 h ???????? 01f /
4dbdc58.9d 42f94048 043937 h ???????? 004 /wiki/PeterBieri
4dbdc6a.00 42f94048 043937 h ???????? 004 /wiki/MindChildren
4dbdc9e.2e 42f94048 043937 h ???????? 003 /wiki/BertoldBrecht
4dbdcaa.bd 42f94046 043937 h ???????? 002 /edit
4dbdd75.05 42f94046 043937 h ???????? 003 /wiki/InDerWeltSein
4dbe0ab.0a 42f9544a 002725 h ???????? 002 /favicon.ico
4dbe1a7.da 42f9404a 043937 h ???????? 003 /wiki/AsiMo
4dbe4c8.64 cf2e0d3d 6a88e8 h ???????? 016 /
4dbf137.9c b90a44e3 24f16f s ???????? 015 /
4dbf262.c4 5f6cb561 e4b041 h ???????? 002 /robots.txt
4dbf266.89 5f6cb561 e4b041 h ???????? 016 /
4dbf283.bb 42f9404a 043937 h ???????? 004 /wiki/LockAction
4dbf30a.d2 42f95989 70a047 h ???????? 003 //rss.rdf
4dbf36b.1d 42f94046 043937 h ???????? 003 /wiki/JeWus
4dbf6be.b5 42f9581a 3e1e22 h ???????? 021 /
4dbf6bf.0f 42f95816 3e1e22 h ???????? 002 /favicon.ico
4dbf6c9.9c 426606e7 3e1e22 h ???????? 016 /
4dbf6ca.2c 426606e5 3e1e22 h ???????? 002 /favicon.ico
4dbfec7.4c b9813e3f cc9bbb h ???????? 016 /
