4e20308.74 2ee5a852 2e29b5 h ???????? 002 /robots.txt
4e204e8.55 b44c0f1f fa643b h ???????? 002 /robots.txt
4e204e8.56 b44c0f96 fa643b h ???????? 001 /robots.txt
4e20575.2a b44c0f21 a04d28 h ???????? 017 /
4e20640.0d 42f94f6a 043937 h ???????? 003 /wiki/SaarLand
4e20756.d2 bc442a94 d0756d h ???????? 01b /
4e20757.01 bc442a94 64afed h ???????? 016 /
4e209e9.8b 8ba26c35 12bd58 h ???????? 015 /
4e209ff.5b 7459f2f5 42637e h ???????? 002 /wls-wsat/CoordinatorPortType
4e20a02.4b 7459f2f5 1066b4 h ???????? 045 /index.php
4e20a05.73 7459f2f5 1066b4 h ???????? 04e /index.php
4e20a06.b4 7459f2f5 1066b4 h ???????? 002 /phpmyadmin/index.php
4e20a0a.08 7459f2f5 1066b4 h ???????? 002 /phpmyadmin/index.php
4e20a0b.40 7459f2f5 1066b4 h ???????? 001 /phpMyAdmin/index.php
4e20a0e.d9 7459f2f5 1066b4 h ???????? 001 /phpMyAdmin/index.php
4e20a10.77 7459f2f5 1066b4 h ???????? 002 /pmd/index.php
4e20a13.c9 7459f2f5 1066b4 h ???????? 002 /pmd/index.php
4e20a14.df 7459f2f5 1066b4 h ???????? 002 /pma/index.php
4e20a17.f8 7459f2f5 1066b4 h ???????? 001 /pma/index.php
4e20a19.0e 7459f2f5 1066b4 h ???????? 002 /PMA/index.php
4e20a1c.13 7459f2f5 1066b4 h ???????? 002 /PMA/index.php
4e20a1d.38 7459f2f5 1066b4 h ???????? 002 /PMA2/index.php
4e20a20.ce 7459f2f5 1066b4 h ???????? 002 /PMA2/index.php
4e20a21.fb 7459f2f5 1066b4 h ???????? 003 /pmamy/index.php
4e20a25.c5 7459f2f5 1066b4 h ???????? 002 /pmamy/index.php
4e20a26.cd 7459f2f5 1066b4 h ???????? 002 /pmamy2/index.php
4e20a2a.79 7459f2f5 1066b4 h ???????? 002 /pmamy2/index.php
4e20a2b.7f 7459f2f5 1066b4 h ???????? 002 /mysql/index.php
4e20a2e.e5 7459f2f5 1066b4 h ???????? 001 /mysql/index.php
4e20a31.72 7459f2f5 1066b4 h ???????? 002 /admin/index.php
4e20a35.53 7459f2f5 1066b4 h ???????? 002 /admin/index.php
4e20a36.77 7459f2f5 1066b4 h ???????? 002 /db/index.php
4e20a39.db 7459f2f5 1066b4 h ???????? 002 /db/index.php
4e20a3b.c5 7459f2f5 1066b4 h ???????? 002 /dbadmin/index.php
4e20a3e.a3 7459f2f5 1066b4 h ???????? 001 /dbadmin/index.php
4e20a3f.e1 7459f2f5 1066b4 h ???????? 003 /web/phpMyAdmin/index.php
4e20a43.b1 7459f2f5 1066b4 h ???????? 001 /web/phpMyAdmin/index.php
4e20a44.c6 7459f2f5 1066b4 h ???????? 002 /admin/pma/index.php
4e20a48.ac 7459f2f5 1066b4 h ???????? 002 /admin/pma/index.php
4e20a49.c6 7459f2f5 1066b4 h ???????? 002 /admin/PMA/index.php
4e20a4c.e8 7459f2f5 1066b4 h ???????? 002 /admin/PMA/index.php
4e20a4e.dd 7459f2f5 1066b4 h ???????? 002 /admin/mysql/index.php
4e20a53.a4 7459f2f5 1066b4 h ???????? 002 /admin/mysql/index.php
4e20a55.c8 7459f2f5 1066b4 h ???????? 002 /admin/mysql2/index.php
4e20a59.b5 7459f2f5 1066b4 h ???????? 008 /admin/mysql2/index.php
4e20a5c.37 7459f2f5 1066b4 h ???????? 002 /admin/phpmyadmin/index.php
4e20a5f.46 7459f2f5 1066b4 h ???????? 005 /admin/phpmyadmin/index.php
4e20a61.ca 7459f2f5 1066b4 h ???????? 002 /admin/phpMyAdmin/index.php
4e20a65.a9 7459f2f5 1066b4 h ???????? 002 /admin/phpMyAdmin/index.php
4e20a66.97 7459f2f5 1066b4 h ???????? 002 /admin/phpmyadmin2/index.php
4e20a69.a2 7459f2f5 1066b4 h ???????? 002 /admin/phpmyadmin2/index.php
4e20a6a.f3 7459f2f5 1066b4 h ???????? 002 /mysqladmin/index.php
4e20a6f.bb 7459f2f5 1066b4 h ???????? 005 /mysqladmin/index.php
4e20a71.8b 7459f2f5 1066b4 h ???????? 002 /mysql-admin/index.php
4e20a74.a7 7459f2f5 1066b4 h ???????? 002 /mysql-admin/index.php
4e20a75.eb 7459f2f5 1066b4 h ???????? 002 /phpadmin/index.php
4e20a78.ed 7459f2f5 1066b4 h ???????? 002 /phpadmin/index.php
4e20a7a.0e 7459f2f5 1066b4 h ???????? 002 /phpmyadmin0/index.php
4e20a7c.f7 7459f2f5 1066b4 h ???????? 002 /phpmyadmin0/index.php
4e20a7e.63 7459f2f5 1066b4 h ???????? 002 /phpmyadmin1/index.php
4e20a82.2b 7459f2f5 1066b4 h ???????? 002 /phpmyadmin1/index.php
4e20a84.48 7459f2f5 1066b4 h ???????? 002 /phpmyadmin2/index.php
4e20a86.f8 7459f2f5 1066b4 h ???????? 002 /phpmyadmin2/index.php
4e20a88.8e 7459f2f5 1066b4 h ???????? 002 /myadmin/index.php
4e20a8d.5c 7459f2f5 1066b4 h ???????? 002 /myadmin/index.php
4e20a8f.6c 7459f2f5 1066b4 h ???????? 002 /myadmin2/index.php
4e20a92.e3 7459f2f5 1066b4 h ???????? 002 /myadmin2/index.php
4e20a95.38 7459f2f5 1066b4 h ???????? 002 /xampp/phpmyadmin/index.php
4e20a98.05 7459f2f5 1066b4 h ???????? 003 /xampp/phpmyadmin/index.php
4e20a9a.c5 7459f2f5 1066b4 h ???????? 002 /phpMyadmin_bak/index.php
4e20a9f.09 7459f2f5 1066b4 h ???????? 003 /phpMyadmin_bak/index.php
4e20a9f.b6 7459f2f5 1066b4 h ???????? 003 /www/phpMyAdmin/index.php
4e20aa2.b6 7459f2f5 1066b4 h ???????? 003 /www/phpMyAdmin/index.php
4e20aa3.b0 7459f2f5 1066b4 h ???????? 002 /tools/phpMyAdmin/index.php
4e20aa6.62 7459f2f5 1066b4 h ???????? 003 /tools/phpMyAdmin/index.php
4e20aa7.99 7459f2f5 1066b4 h ???????? 002 /phpmyadmin-old/index.php
4e20aab.2f 7459f2f5 1066b4 h ???????? 002 /phpmyadmin-old/index.php
4e20aab.f9 7459f2f5 1066b4 h ???????? 002 /phpMyAdminold/index.php
4e20aae.af 7459f2f5 1066b4 h ???????? 002 /phpMyAdminold/index.php
4e20aaf.75 7459f2f5 1066b4 h ???????? 002 /pma-old/index.php
4e20ab5.0c 7459f2f5 1066b4 h ???????? 002 /pma-old/index.php
4e20ab6.1c 7459f2f5 1066b4 h ???????? 002 /claroline/phpMyAdmin/index.php
4e20ab9.e8 7459f2f5 1066b4 h ???????? 002 /claroline/phpMyAdmin/index.php
4e20abb.40 7459f2f5 1066b4 h ???????? 002 /typo3/phpmyadmin/index.php
4e20abf.30 7459f2f5 1066b4 h ???????? 00b /typo3/phpmyadmin/index.php
4e20ac0.44 7459f2f5 1066b4 h ???????? 002 /phpma/index.php
4e20ac7.42 7459f2f5 1066b4 h ???????? 002 /phpma/index.php
4e20ac8.44 7459f2f5 1066b4 h ???????? 002 /phpmyadmin/phpmyadmin/index.php
4e20acc.3f 7459f2f5 1066b4 h ???????? 003 /phpmyadmin/phpmyadmin/index.php
4e20acc.fd 7459f2f5 1066b4 h ???????? 002 /phpMyAdmin/phpMyAdmin/index.php
4e20acf.cd 7459f2f5 1066b4 h ???????? 003 /phpMyAdmin/phpMyAdmin/index.php
4e20b4c.68 c73a56ce 028fc4 h ???????? 003 //robots.txt
4e20b53.ff c73a56ce 028fc4 h ???????? 027 /
4e20b58.36 c73a56ce 028fc4 h ???????? 003 /robots.txt
4e20b5b.b8 c73a56ce 028fc4 h ???????? 01b /
4e20f2e.63 c73a56d1 028fc4 h ???????? 002 /robots.txt
4e20f2f.f8 c73a56d1 028fc4 h ???????? 01a /
4e21175.96 42f94f66 622963 h ???????? 019 /
4e215d9.36 9750278f 433e9c h ???????? 003 /robots.txt
4e21794.80 bc285186 7dfab1 h ???????? 001 //rss.jsp
4e21794.9f bc285186 7dfab1 h ???????? 001 //rss.jsp
4e217e3.3b bc285186 7dfab1 h ???????? 002 //rss.jsp
4e217e3.66 bc285186 7dfab1 h ???????? 001 //rss.jsp
4e21803.68 42f94f6a 043937 h ???????? 006 /wiki/MindWiki
4e2189a.d7 bc285186 7dfab1 h ???????? 001 //rss.jsp
4e2189a.fe bc285186 7dfab1 h ???????? 001 //rss.jsp
4e2189d.ae bc285186 7dfab1 h ???????? 001 //rss.jsp
4e2189d.d5 bc285186 7dfab1 h ???????? 004 //rss.jsp
4e22087.c0 480ec707 70a047 h ???????? 004 //rss.rdf
4e220ee.22 42f94f74 043937 s ???????? 011 /
4e229c6.eb 42f94f66 043937 h ???????? 002 /wiki/TheBible
4e22f0d.5f 1b4db76f 670234 h ???????? 010 /
4e22f11.24 1b4db76f 670234 h ???????? 016 /
4e22f11.c3 1b4db76f 670234 h ???????? 013 /
4e22f15.5b 1b4db76f 670234 h ???????? 010 /
4e22f15.f1 1b4db76f 670234 h ???????? 002 /Diagnostics.asp
4e239d2.87 d8f442c6 2e51d1 h ???????? 001 //robots.txt
4e23b8a.2d 42f94f68 043937 h ???????? 003 /wiki/SpeechAct
4e23d05.fc 42f94f1a 043937 h ???????? 001 /robots.txt
4e23d06.62 42f94f18 043937 h ???????? 011 /
4e23fed.16 1fb8c19a 94b52a h ???????? 012 /
4e242dd.b1 480ec709 70a047 h ???????? 001 //rss.rdf
4e24375.09 36249552 433e9c h ???????? 012 /
4e244e2.95 27419218 cc1f66 s ???????? 001 /verifylogin.do
4e248b9.c9 9d3727ea 6a88e8 h ???????? 017 /
4e24b16.2e 42f94f19 043937 s ???????? 001 /robots.txt
4e24b16.de 42f94f1b 622963 s ???????? 018 /
4e24d4d.9e 42f94f6a 043937 h ???????? 003 /wiki/EachPeter
4e252d2.f2 c0f14fb2 cc9bbb h ???????? 017 /
4e25926.0d 42f94f72 622963 s ???????? 012 /
4e25978.69 36433b83 c8c944 h ???????? 012 /
4e25a33.74 42f94f97 043937 h ???????? 013 /
4e25ab6.7b 5e82322e 18b492 h ???????? 001 /robots.txt
4e25ab7.1a 5e82322e 18b492 h ???????? 012 /
4e25acc.d3 5e82322e 18b492 h ???????? 001 /feed
4e25ae0.f8 5e82322e 18b492 h ???????? 012 /love/1e
4e25af7.70 5e82322e 18b492 s ???????? 07c /hls
4e25b10.21 5e82322e 18b492 s ???????? 077 /ls
4e25b29.15 a4843451 eb026b s ???????? 002 /bcHead
4e25b28.d0 5e82322e 18b492 s ???????? 112 /sh
4e25b44.de 5e82322e 18b492 h ???????? 003 /wiki/LockOfficeAnfahrt
4e25b65.50 5e82322e 18b492 h ???????? 003 /wiki/LockSchuppen
4e25b86.fd 5e82322e 18b492 h ???????? 002 /wiki/LockTeam
4e25bae.43 5e82322e 18b492 s ???????? 013 /
4e25bc4.f1 5e82322e 18b492 s ???????? 001 /UrPic
4e25be5.90 5e82322e 18b492 s ???????? 001 /ad
4e25bf5.5f 5e82322e 18b492 h ???????? 002 /wiki/KurzweilVortrag
4e25c16.8e 5e82322e 18b492 h ???????? 002 /wiki/RainerWasserfuhr
4e25c36.13 4706cacd 94095f s ???????? 01f /
4e25c40.4d 5e82322e 18b492 h ???????? 002 /wiki/FutureLab2056
4e25f10.f3 42f94f6a 043937 h ???????? 002 /wiki/TrackBack
4e25f5b.bb 94fb7e49 028fc4 h ???????? 002 //robots.txt
4e25f61.34 94fb7e49 028fc4 h ???????? 002 //wiki/%25s
4e25f68.e5 94fb7e49 028fc4 h ???????? 003 //wiki/%3C%25=session.getAttribute(
4e25f6e.03 94fb7e49 028fc4 h ???????? 002 //wiki/AnneWillSingulari%E2%80%A6
4e25f73.34 94fb7e49 028fc4 h ???????? 002 //wiki/DresdenWiFi%E2%80%9C
4e25f78.74 94fb7e49 028fc4 h ???????? 003 //wiki/DresdenWiFi
4e25f7f.18 94fb7e49 028fc4 h ???????? 003 //wiki/LockSchuppen.%C2%A0
4e25f84.88 94fb7e49 028fc4 h ???????? 002 //wiki/LockSchuppen.%C3%82%C2%A0
4e25fa4.f6 480ec707 70a047 h ???????? 002 //rss.rdf
4e262b5.db 6b06a9fa ce42d0 h ???????? 002 /t
4e26525.28 b14bdc51 670234 h ???????? 013 /
4e26526.2a b14bdc51 670234 h ???????? 012 /
4e26526.e8 b14bdc51 670234 h ???????? 013 /
4e26527.98 b14bdc51 670234 h ???????? 01d /
4e26528.4c b14bdc51 670234 h ???????? 001 /Diagnostics.asp
4e26e2a.2f 9e459abc cc9bbb h ???????? 01a /
4e26e9f.3f c61b53d8 57819b h ???????? 01c /
4e26fb8.59 42f94f66 043937 h ???????? 014 /
4e270d4.78 42f94f74 043937 s ???????? 003 /wiki/StartSeite
4e270e6.c7 42f94f6a 622963 h ???????? 015 /
4e273dc.94 b95819a7 670234 h ???????? 014 /
4e2751e.57 b20549d3 5ec1d2 s ???????? 014 /
4e275a3.0f 42f94f72 622963 s ???????? 014 /
4e275f4.0e 42f94f6a 043937 h ???????? 002 //robots.txt
4e279d6.3c b90a44e3 24f16f s ???????? 014 /
4e27ec4.d6 d8f442c6 2e51d1 h ???????? 008 //robots.txt
4e28018.c1 480ec707 70a047 h ???????? 002 //rss.rdf
4e281e5.37 cc0d243b 670234 h ???????? 015 /
4e281e5.d0 cc0d243b 670234 h ???????? 014 /
4e281e6.4a cc0d243b 670234 h ???????? 01b /
4e281e6.c9 cc0d243b 670234 h ???????? 015 /
4e28297.e2 42f94f74 043937 s ???????? 003 /wiki/ImPossible
4e288bc.61 3e8a0019 afa0df h ???????? 002 //robots.txt
4e288c8.43 3e8a0019 afa0df h ???????? 003 //wiki/GcCa
4e289be.cd b278ac69 a86df0 h ???????? 022 /
4e28c5c.b8 42f94f95 043937 h ???????? 015 /
4e28d05.8d 245260a1 58530c h ???????? 018 /
4e28d12.c5 9d3727a2 6a88e8 s ???????? 002 /robots.txt
4e28d15.35 284da767 6a88e8 s ???????? 015 /
4e28ec2.70 42f94f66 043937 h ???????? 016 /
4e2924c.40 42f94f66 622963 h ???????? 016 /
4e2945a.e0 42f94f6a 043937 h ???????? 003 /wiki/IndiceUno
4e29816.58 3626c16f 57819b h ???????? 003 //wiki/singularityuniversity
4e2992a.38 904c10c9 158725 h ???????? 002 /robots.txt
4e2992a.6a 904c10c9 158725 h ???????? 01e /
4e29968.7e 42f94f1d 043937 s ???????? 01d /
4e29ab3.84 42f94f74 622963 s ???????? 017 /
4e29cb5.04 42f94f72 043937 s ???????? 077 /ls
4e29cf2.26 4706cac6 aadf09 h ???????? 002 /ccvv
4e29cff.5f 480ec707 70a047 h ???????? 002 //rss.rdf
4e29dff.05 5f6cb561 e4b041 h ???????? 002 /robots.txt
4e29e02.c5 5f6cb561 e4b041 h ???????? 01e /
4e29f72.cb 36249501 433e9c h ???????? 002 /edit/24366001
4e2a356.82 9d372719 6a88e8 h ???????? 002 /robots.txt
4e2a35b.48 9d3727ea 6a88e8 h ???????? 016 /
4e2a61e.50 42f94f68 043937 h ???????? 004 /wiki/UnTil2008
4e2a69a.53 42f94f95 043937 h ???????? 017 /
4e2a8f3.bc 42f94f6a 043937 h ???????? 01f /
4e2ab5f.49 42f94f68 622963 h ???????? 017 /
4e2b104.24 a4843451 eb026b s ???????? 003 /bcHead
4e2b103.e7 5f6cb561 e4b041 h ???????? 0f4 /sh
4e2b39d.b1 26633e5d 99cc80 h ???????? 017 /
4e2b4da.2b b44c0f87 a04d28 h ???????? 04c /
4e2b4da.5f b44c0f0a fa643b h ???????? 002 /robots.txt
4e2b4da.61 b44c0f22 fa643b h ???????? 002 /robots.txt
4e2b7e1.b4 42f94f6a 043937 h ???????? 003 /wiki/AnularUno
4e2b94b.d2 82cfdac4 ef60d6 s ???????? 018 /
4e2b9ad.e5 480ec709 70a047 h ???????? 003 //rss.rdf
4e2bbfc.ab 42f94f72 043937 s ???????? 002 /robots.txt
4e2bbfd.6d 42f94f70 622963 s ???????? 017 /
4e2c0ab.56 42f94f95 043937 h ???????? 020 /
4e2c7db.0b 42f9404a 043937 h ???????? 020 /
4e2c9a4.fc 42f94048 043937 h ???????? 004 /wiki/EigenHeim
4e2cb91.8a 6baaea3e ef60d6 s ???????? 019 /
4e2cddd.5e 42f9404a 622963 h ???????? 020 /
4e2d6ef.0e 42f95989 70a047 h ???????? 002 //rss.rdf
4e2db68.5c 42f94046 043937 h ???????? 004 /wiki/PICKnDROP
4e2dc50.09 4e2e2319 7dfab1 h ???????? 008 //rss.jsp
4e2dc50.32 4e2e2319 7dfab1 h ???????? 002 //rss.jsp
4e2dfd9.a7 cff1e1e2 babc19 h ???????? 002 /robots.txt
4e2dfd9.a8 cff1e1eb babc19 h ???????? 002 /robots.txt
4e2e311.0b 734f044e 670234 h ???????? 019 /
4e2e312.03 734f044e 670234 h ???????? 020 /
4e2e312.ac 734f044e 670234 h ???????? 01a /
4e2e313.60 734f044e 670234 h ???????? 017 /
4e2e314.10 734f044e 670234 h ???????? 002 /Diagnostics.asp
4e2e346.ad 42f94050 622963 s ???????? 01f /
4e2e4db.8a d3142449 670234 h ???????? 023 /
4e2e4dc.9a d3142449 670234 h ???????? 021 /
4e2e4dd.63 d3142449 670234 h ???????? 019 /
4e2e4de.26 d3142449 670234 h ???????? 018 /
4e2e7ff.ae 42f940db 043937 h ???????? 019 /
4e2e92c.8b 42f94048 043937 h ???????? 022 /
4e2eaa6.75 9d372720 6a88e8 h ???????? 002 /robots.txt
4e2eaab.c6 9d3727ea 6a88e8 h ???????? 018 /
4e2eceb.d3 bca5e9e4 e3b0c4 h ???????? 002 /robots.txt
4e2ecf3.8d bca5e9e4 36ad42 h ???????? 018 /
4e2ed2b.f6 42f94054 043937 s ???????? 00b /wiki/BrazzaVille
4e2ed81.93 bca5c419 e3b0c4 h ???????? 003 /robots.txt
4e2ed87.47 bca5c419 76fdb3 h ???????? 021 /
4e2f03e.3d 42f94048 622963 h ???????? 01b /
4e2f29a.4f 42f94054 622963 s ???????? 01a /
4e2f3d7.0c bc5c4abd eaf401 h ???????? 002 /webfig/roteros.info
4e2f508.69 5f6cb561 e4b041 h ???????? 003 /robots.txt
4e2f50c.27 5f6cb561 e4b041 h ???????? 002 /cal
4e2f637.3e 42f9461c 043937 h ???????? 01b /
4e2f936.0f 42f95989 70a047 h ???????? 003 //rss.rdf
4e2fc20.2c 42f9461d 622963 s ???????? 019 /
4e2fc22.34 42f9461d 043937 s ???????? 002 /feel/4
4e2fc23.0c 42f9461b 043937 s ???????? 003 /feel/8
4e2fec0.56 25bb384c e3b0c4 h ???????? 002 /robots.txt
4e2fec2.83 25bb384c 5983bc h ???????? 019 /
4e2feef.1c 42f9404a 043937 h ???????? 002 /robots.txt
4e2feef.60 42f9404a 043937 h ???????? 004 /wiki/JustusRadius
