52f007c.19 42f94b8a 622963 h ???????? 017 /
52f01ad.cc 42f95bcd 70a047 h ???????? 002 //rss.rdf
52f0359.f0 17ed041a c1686e h ???????? 018 /
52f035c.67 17ed041a c1686e h ???????? 0b7 /hls
52f035f.43 17ed041a c1686e h ???????? 08c /ls
52f0364.e4 17ed041a c1686e h ???????? 002 /wiki/GottfriedWilhelmLeibniz
52f0367.53 17ed041a c1686e h ???????? 002 /wiki/AlanTuring
52f0606.76 36249474 433e9c h ???????? 003 /wiki/SingularSummitEurope
52f06d0.45 42f94b8c 043937 h ???????? 002 /wiki/VisibleWorkings
52f0d34.fc 5fa3ff27 399ff9 h ???????? 001 /robots.txt
52f0d3b.42 5fa3ff20 399ff9 h ???????? 002 /wiki/AnSa
52f0d3f.28 5fa3ff23 399ff9 h ???????? 002 /wiki/HaTa
52f0f79.ab 3624953e 433e9c h ???????? 002 /edit/22306001
52f1020.c6 36249537 433e9c h ???????? 001 /edit/22316001
52f107f.47 4d2a4e1b cedf5c h ???????? 019 /
52f1178.d2 4d4b4d0b 6a9392 h ???????? 002 /robots.txt
52f1179.ab 4d4b4d0b 6a9392 h ???????? 013 /1
52f1509.e8 bf25809f 19c6c4 h ???????? 014 /
52f15fa.bc d8f442f3 2e51d1 h ???????? 002 /robots.txt
52f16d6.ca d8f442f3 2e51d1 h ???????? 003 /wiki/BigGrep
52f170d.98 d8f442f3 2e51d1 h ???????? 002 /im
52f1718.76 d8f442f3 2e51d1 h ???????? 003 /wiki/HelmutKohl
52f1719.53 36249520 433e9c h ???????? 001 /edit/22266003
52f1725.02 d8f442f3 2e51d1 h ???????? 002 /wiki/AussenPattern
52f1727.0a d8f442f3 2e51d1 h ???????? 002 /wiki/SourceCode
52f17bd.4c 36249427 433e9c h ???????? 005 /wiki/TiGoMa
52f1859.fb 42f94b82 622963 s ???????? 016 /
52f1893.7a 42f94b88 043937 h ???????? 003 /wiki/LockOfficeDubai
52f18fc.fc 42f94b88 043937 h ???????? 002 //robots.txt
52f1dfb.0f 12b933e2 e04f63 h ???????? 001 /robots.txt
52f1dfe.9d 12b933e2 e04f63 h ???????? 002 /wiki/ImmobilienHai
52f1e57.94 42f94b8a 622963 h ???????? 01a /
52f20fc.a5 9eb51129 19c6c4 h ???????? 01c /
52f21a5.49 362494e3 433e9c h ???????? 003 /wiki/PeterThiel
52f2369.98 5fa3ff23 399ff9 h ???????? 002 /robots.txt
52f2370.dc 5fa3ff20 399ff9 h ???????? 003 /wiki/EtAl
52f2373.ad 5fa3ff23 399ff9 h ???????? 003 /wiki/DeHa
52f2566.db 9d372732 6a88e8 s ???????? 002 /robots.txt
52f2568.31 9d372732 6a88e8 s ???????? 002 /robots.txt
52f256c.a2 9d372746 6a88e8 s ???????? 015 /
52f291e.82 0e983be2 86687a h ???????? 003 //wiki/MindPost
52f2980.ae 3624944e 433e9c h ???????? 002 /edit/27216004
52f2a56.fe 42f94b8a 043937 h ???????? 003 /wiki/MaschinenMensch
52f2ab7.c5 42f95bc9 70a047 h ???????? 002 //rss.rdf
52f2b24.5c 2ee5a183 12bd58 h ???????? 003 //wiki/ChristianHeller
52f2ce8.fc 36249437 433e9c h ???????? 017 /edit/19706001
52f2f01.ed 42f94b84 622963 s ???????? 01b /
52f302e.73 42f94b88 043937 h ???????? 002 /robots.txt
52f302e.b2 42f94b88 622963 h ???????? 015 /
52f3188.69 1fb8c26d 94b52a h ???????? 01c /
52f319d.26 025f341b 7bf8d7 h ???????? 003 /wiki/
52f33f9.dc 505dbb91 8c051b h ???????? 01b /
52f39bc.19 5fa3ff21 399ff9 h ???????? 002 /robots.txt
52f39c1.13 5fa3ff24 399ff9 h ???????? 003 /wiki/DoIt
52f3abb.1a 2ea1091f 2a995a h ???????? 002 /echo.php
52f3c1a.be 42f94b82 043937 s ???????? 003 /wiki/SqLite
52f3d6b.17 9fe00919 be37cc h ???????? 01c /
52f3eba.19 36249504 433e9c h ???????? 003 /wiki/LifeCell
52f40a7.25 3624954d 433e9c h ???????? 003 /wiki/MitGift
52f40be.ad 42f94b86 622963 s ???????? 016 /
52f4150.bc bc286b25 18b492 h ???????? 002 /robots.txt
52f4150.eb bc286b25 18b492 h ???????? 002 /robots.txt
52f4151.20 bc286b25 18b492 h ???????? 004 /wiki/SingularityUniversity
52f4157.a3 bc286b25 18b492 h ???????? 003 /wiki/MindPost
52f425c.46 b6a14291 fc2a9e h ???????? 01c /
52f42ea.be 36249481 433e9c h ???????? 002 /edit/27546001
52f438e.ad 2ee5a183 12bd58 h ???????? 003 //wiki/ChristianHeller
52f448f.38 42f94b8a 043937 h ???????? 004 //wiki/LockCap
52f44d5.81 36249471 433e9c h ???????? 01d /edit/19746003
52f45d0.75 9d372749 6a88e8 h ???????? 017 /
52f462d.3c 3624950f 433e9c h ???????? 002 /edit/28316001
52f4719.f0 02b3d65e cedf5c h ???????? 01e /
52f4ddd.a7 42f94b88 043937 h ???????? 002 /wiki/AlanCKay
52f4f85.84 b90a44ea 5e739d h ???????? 010 /
52f4ff8.85 5fa3ff24 399ff9 h ???????? 001 /robots.txt
52f4ffd.1d 5fa3ff27 399ff9 h ???????? 002 /wiki/KhBi
52f5000.a6 5fa3ff21 399ff9 h ???????? 001 /wiki/MindPost
52f5209.c2 42f94b8c 622963 h ???????? 003 //wiki/ChristianHeller
52f52d7.1e 42f95bcd 70a047 h ???????? 001 //rss.rdf
52f5576.15 36249422 433e9c h ???????? 002 /wiki/LockSchuppen
52f55e4.80 36249562 433e9c h ???????? 002 /edit/29066001
52f5ba5.bf b44c0fa3 a04d28 h ???????? 002 /wiki/LockSchuppen
52f5c81.07 904c66f3 f9654f h ???????? 016 /
52f5ca1.c6 bff1333e cdfc4d h ???????? 010 /
52f5cf7.3d bc5d38d8 2a1d88 h ???????? 011 /
52f5cf7.7f bc5d38d8 2a1d88 h ???????? 001 /favicon.ico
52f5cf7.fb bc5d38d8 2a1d88 h ???????? 001 /favicon.png
52f5e4c.bd 5bce9226 b91966 s ???????? 013 /
52f5fa1.1a 42f94b8c 043937 h ???????? 002 /wiki/LaG2iXFk
52f5fc2.bb 3624948d 433e9c h ???????? 012 /edit/13546001
52f6019.bb 42f94b8a 043937 h ???????? 003 /wiki/RainerWasserfuhr
52f605c.5e 36249497 433e9c h ???????? 001 /edit/30286001
52f6371.71 5fa3ff26 399ff9 h ???????? 002 /robots.txt
52f6374.bb 5fa3ff25 399ff9 h ???????? 002 /base
52f6375.c3 b44c0f16 a04d28 h ???????? 003 /wiki/WwWebLern
52f6622.82 5fa3ff20 399ff9 h ???????? 002 /wiki/LaufHaus
52f6625.bf 5fa3ff23 399ff9 h ???????? 002 /wiki/ImPrint
52f671d.e8 3624952f 433e9c h ???????? 004 /wiki/IpAddress
52f6c2f.4d 25bb3851 e3b0c4 h ???????? 001 /robots.txt
52f6c31.75 25bb3851 46ab9b h ???????? 012 /
52f6dfd.5f 3d07b8ef be37cc h ???????? 013 /
52f6e29.cf 42f94b8c 622963 h ???????? 017 /
52f6ef8.f3 b962d82f be37cc h ???????? 011 /
52f6fbc.2f cf2e0dc0 6a88e8 h ???????? 002 //robots.txt
52f7164.99 42f94b86 043937 s ???????? 003 /wiki/WyrdMind
52f744c.62 36249540 433e9c h ???????? 001 /edit/25596001
52f7495.cd 2ee5a853 c89f4f h ???????? 002 /robots.txt
52f7496.32 2ee5a843 c89f4f h ???????? 012 /1
52f75b6.3e 5f8f810e cedf5c h ???????? 019 /
52f7c39.dc 42f94b8c 622963 h ???????? 002 //wiki/
52f7c58.ea 42f95bc9 70a047 h ???????? 001 //rss.rdf
52f7c7d.05 3624954e 433e9c h ???????? 001 /edit/30966002
52f7e55.09 3624966a 433e9c h ???????? 002 //robots.txt
52f8217.a7 2ee5a183 12bd58 h ???????? 003 //wiki/ChristianHeller
52f8327.fd 42f94b84 043937 s ???????? 002 /wiki/HomePage
52f8599.f7 42f94b84 043937 s ???????? 012 /
52f867f.b6 b44c0f11 a04d28 h ???????? 013 /
52f86eb.a7 36bb2988 0bc284 h ???????? 013 /
52f883c.b1 42f94b8c 043937 h ???????? 018 /
52f8a8e.e2 36249505 433e9c h ???????? 003 /wiki/EinSchlag
52f8b77.d1 362494b5 433e9c h ???????? 001 /edit/29376002
52f8b98.e1 bca5e9e4 e3b0c4 h ???????? 002 /robots.txt
52f8b9c.92 bca5e9e4 36ad42 h ???????? 018 /
52f8c33.d8 42f945df 043937 h ???????? 019 /
52f8ecb.20 42f94b8a 043937 h ???????? 003 /wiki/GruenderGarten
52f9022.bc 42f94b8a 043937 h ???????? 003 /wiki/CargoLifter
52f9047.c7 6c127603 3c87af h ???????? 003 //wiki/PlomBot
52f90f4.b9 42f94b86 622963 s ???????? 019 /
52f9229.df 42f94b8c 622963 h ???????? 013 /
52f94eb.4a 42f94b86 043937 s ???????? 002 /wiki/AuditTrail
52f9907.f5 05099184 e17a70 h ???????? 019 /
52f99e3.a9 42f94b8a 043937 h ???????? 002 /wiki/TurkNumber
52f9c0a.4b cf2e0d94 6a88e8 s ???????? 014 /
52f9cf2.79 42f94b8a 043937 h ???????? 003 /wiki/LockSession
52f9f68.cf 42f94b86 ab3bd9 s ???????? 002 /AtJs
52fa08a.73 42f94b8c 043937 h ???????? 003 /wiki/PolyTreu
52fa26b.30 36249532 433e9c h ???????? 001 /edit/21716001
52fa2b1.1d b91a22b7 19c6c4 h ???????? 01e /
52fa42c.ed 42f94b8a 043937 h ???????? 003 /wiki/SklavenZentrale
52fa61d.24 42f94b8a 043937 h ???????? 003 /wiki/VegaBound
52fa621.24 42f94b8a 043937 h ???????? 003 /wiki/UserGovernment
52fa67f.79 42f94b8c 043937 h ???????? 003 /wiki/CastId
52fa6af.7b 42f94b88 043937 h ???????? 003 /wiki/AgnesWasserfuhr
52fa7d8.48 42f95d2a 70a047 h ???????? 002 //rss.rdf
52fab08.f0 b07efc0b cc9bbb h ???????? 01a /
52fab58.ed 5dae5d95 49d999 h ???????? 002 /w00tw00t.at.blackhats.romanian.anti-sec:)
52fab59.22 5dae5d95 49d999 h ???????? 001 /phpMyAdmin/scripts/setup.php
52fab59.48 5dae5d95 49d999 h ???????? 002 /phpmyadmin/scripts/setup.php
52fab59.77 5dae5d95 49d999 h ???????? 002 /pma/scripts/setup.php
52fab59.a7 5dae5d95 49d999 h ???????? 002 /myadmin/scripts/setup.php
52fab59.dd 5dae5d95 49d999 h ???????? 006 /MyAdmin/scripts/setup.php
52fab5a.19 5dae5d95 49d999 h ???????? 001 /_PHPMYADMIN/scripts/setup.php
52fab5a.56 5dae5d95 49d999 h ???????? 002 /PHPMYADMIN/scripts/setup.php
52fab5a.a8 5dae5d95 49d999 h ???????? 002 /_pHpMyAdMiN/scripts/setup.php
52fab5a.da 5dae5d95 49d999 h ???????? 002 /_phpMyAdmin/scripts/setup.php
52fab5b.22 5dae5d95 49d999 h ???????? 002 /_phpmyadmin/scripts/setup.php
52fab5b.57 5dae5d95 49d999 h ???????? 002 /mysql/scripts/setup.php
52fab5b.8d 5dae5d95 49d999 h ???????? 002 /phpMyAdmin/scripts/db_setup.init.php
52fab5b.cf 5dae5d95 49d999 h ???????? 002 /phpmyadmin/scripts/db_setup.init.php
52fab5c.04 5dae5d95 49d999 h ???????? 001 /admindb/scripts/setup.php
52fab5c.43 5dae5d95 49d999 h ???????? 002 /admin/phpmyadmin/scripts/setup.php
52fab5c.76 5dae5d95 49d999 h ???????? 002 /admin/phpMyAdmin/scripts/setup.php
52fab5c.a8 5dae5d95 49d999 h ???????? 002 /admin/scripts/setup.php
52fab5c.de 5dae5d95 49d999 h ???????? 002 /apache-default/phpmyadmin/scripts/setup.php
52fab5d.12 5dae5d95 49d999 h ???????? 001 /cpanelphpmyadmin/scripts/setup.php
52fab5d.4a 5dae5d95 49d999 h ???????? 002 /cpphpmyadmin/scripts/setup.php
52fab5d.7a 5dae5d95 49d999 h ???????? 002 /dbadmin/scripts/setup.php
52fab5d.b4 5dae5d95 49d999 h ???????? 002 /db/scripts/setup.php
52fab5d.e3 5dae5d95 49d999 h ???????? 001 /forum/phpmyadmin/scripts/setup.php
52fab5e.0b 5dae5d95 49d999 h ???????? 001 /mysqladmin/scripts/setup.php
52fab5e.4b 5dae5d95 49d999 h ???????? 001 /phpmyadmin2/scripts/setup.php
52fab5e.8e 5dae5d95 49d999 h ???????? 002 /phpMyAdmin2/scripts/setup.php
52fab5e.c2 5dae5d95 49d999 h ???????? 002 /phpmyadmin/scripts/setup0.php
52fab5e.f1 5dae5d95 49d999 h ???????? 002 /phpMyAdmin/scripts/setup0.php
52fab5f.23 5dae5d95 49d999 h ???????? 002 /phpmyadmin/scripts/setup1.php
52fab5f.58 5dae5d95 49d999 h ???????? 002 /phpMyAdmin/scripts/setup1.php
52fab5f.a5 5dae5d95 49d999 h ???????? 0a1 /php-my-admin/scripts/setup.php
52fab60.0f 5dae5d95 49d999 h ???????? 002 /phpmyadmin_/scripts/setup.php
52fab60.39 5dae5d95 49d999 h ???????? 001 /phpmyadmin/scripts/_setup.php
52fab60.6c 5dae5d95 49d999 h ???????? 001 /phpmyadmin/scripts/Setup.php
52fab60.b0 5dae5d95 49d999 h ???????? 001 /phpMyAdmin_/scripts/setup.php
52fab60.dc 5dae5d95 49d999 h ???????? 001 /phpMyAdmin/scripts/_setup.php
52fab61.00 5dae5d95 49d999 h ???????? 001 /phpMyAdmin/scripts/Setup.php
52fab61.2f 5dae5d95 49d999 h ???????? 001 /PhpMyAdmin/scripts/setup.php
52fab61.5c 5dae5d95 49d999 h ???????? 001 /PMA/scripts/setup.php
52fab61.8e 5dae5d95 49d999 h ???????? 002 /scripts/setup.php
52fab61.bd 5dae5d95 49d999 h ???????? 002 /sql/scripts/setup.php
52fab61.f7 5dae5d95 49d999 h ???????? 001 /xampp/phpmyadmin/scripts/setup.php
52fb1ec.32 cf2e0dc5 6a88e8 h ???????? 002 /robots.txt
52fb387.66 42f94b8c 043937 h ???????? 003 /wiki/AusserboerslicherHandel
52fb3e4.b5 36249497 433e9c h ???????? 001 /edit/21696002
52fb4c9.04 3624954f 433e9c h ???????? 003 /wiki/RecentChanges
52fb688.5e c95f4ea6 be37cc h ???????? 018 /
52fb737.b1 42f94b88 043937 h ???????? 006 /wiki/LinguWiki
52fb849.7e 42f94b8a 043937 h ???????? 003 /wiki/MenschMaschinenMensch
52fb86c.9e b2086d35 ea3c0a h ???????? 012 /
52fb871.c4 42f94b88 043937 h ???????? 002 /wiki/KunstOderFicken
52fb954.5e 9d372749 6a88e8 h ???????? 012 /
52fba82.79 3624951e 433e9c h ???????? 001 /edit/30836001
52fbdaa.fe 3624940a 433e9c h ???????? 001 /edit/20976004
52fbe8f.ba 5bd32557 702dd8 h ???????? 013 /
52fbee7.85 a2d2c482 028fc4 h ???????? 006 /robots.txt
52fbee9.37 a2d2c482 028fc4 h ???????? 013 /
52fbf32.67 36249566 433e9c h ???????? 001 /edit/25316001
52fc3ca.d9 67595b79 ee113c h ???????? 014 /
52fc3cb.d8 67595b79 ee113c h ???????? 001 //https://floatingboat2013.appspot.com
52fc3e3.99 67595b79 ee113c h ???????? 002 //wiki/AlanTuring
52fc3ef.e9 67595b79 ee113c h ???????? 002 //wiki/GottfriedWilhelmLeibniz
52fc3f0.d0 67595b79 ee113c h ???????? 006 //https://floatingboat2013.appspot.com/UrPic
52fc3f6.11 67595b79 ee113c h ???????? 004 //https://floatingboat2013.appspot.com/ad
52fc3f6.f5 67595b79 ee113c h ???????? 002 //https://sl4.eu/hls
52fc400.17 67595b79 ee113c h ???????? 002 //https://sl4.eu/ls
52fc400.f8 67595b79 ee113c h ???????? 002 //https://sl4.eu/sh
52fc403.7c 67595b79 ee113c h ???????? 001 //https://www.youtube.com/watch
52fc42c.e8 3cf85ef1 cedf5c h ???????? 019 /
52fc56b.47 42f94b84 622963 s ???????? 028 /
52fc694.a4 42f94b8c 622963 h ???????? 019 /
52fc7cd.a2 b2086d35 ea3c0a h ???????? 014 /
52fc7ce.a9 b2086d35 6c4fa8 h ???????? 007 /apple-touch-icon-152x152-precomposed.png
52fc7ce.e2 b2086d35 6c4fa8 h ???????? 002 /apple-touch-icon-152x152.png
52fc7cf.13 b2086d35 6c4fa8 h ???????? 001 /apple-touch-icon.png
52fc7cf.41 b2086d35 6c4fa8 h ???????? 002 /apple-touch-icon.png
52fc7cf.72 b2086d35 6c4fa8 h ???????? 002 /apple-touch-icon-precomposed.png
52fc7cf.a6 b2086d35 6c4fa8 h ???????? 001 /favicon.ico
52fc896.e0 36249508 433e9c h ???????? 002 /edit/26556004
52fc8eb.be aaf77f0a 19c6c4 h ???????? 014 /
52fca35.33 42f94b8a 043937 h ???????? 003 /wiki/EmmaZeitschrift
52fce51.7d 36249469 433e9c h ???????? 003 /wiki/TerryWinograd
52fd285.77 42f95bc9 70a047 h ???????? 002 //rss.rdf
52fd358.c0 36249544 433e9c h ???????? 002 /edit/27916001
52fd3e1.47 538e7eaf 19c6c4 h ???????? 021 /
52fd519.07 42f94b84 043937 s ???????? 002 /robots.txt
52fd519.47 42f94b84 043937 s ???????? 003 /wiki/BirthDay
52fd54b.13 b0098be5 de262e h ???????? 01a /
52fd551.78 b0098be5 de262e h ???????? 002 /robots.txt
52fd552.79 b0098be5 de262e h ???????? 07d /hls
52fd557.1b b0098be5 de262e h ???????? 09d /ls
52fd74e.20 42f94b8a 043937 h ???????? 003 /wiki/AusserboerslicherHandel
52fd971.ed 42f94b88 043937 h ???????? 003 /wiki/ThomasKujawa
52fd9d7.e1 50524676 b28cfa h ???????? 015 /
52fdadd.06 42f94b82 622963 s ???????? 01a /
52fdbf8.8f 42f94b8a 043937 h ???????? 003 /wiki/PharmaIndustrie
52fdc08.8e 42f94b8a 043937 h ???????? 003 /wiki/RoundHouse
52fdd33.34 42f94b8a 043937 h ???????? 003 /wiki/StadtDresden
52fde16.9b 3624940c 433e9c h ???????? 002 /edit/28526001
52fde9a.2c 42f94b88 043937 h ???????? 008 /wiki/MsAccess
52fdfa2.35 42f94b8c 043937 h ???????? 003 /wiki/GottfriedWilhelmLeibniz
52fe162.9e 362494b3 433e9c h ???????? 002 /edit/30106002
52fe1b7.6f 362494cb 433e9c h ???????? 003 /wiki/MindBrokerDe
52fe342.f5 42f94b8a 043937 h ???????? 003 /wiki/BobRichards
52fe478.07 42f94b8c 043937 h ???????? 003 /wiki/PsychoPhilosophie
52fe6dd.ac 42f94b8c 043937 h ???????? 004 /wiki/FridemarPache
52fe7ff.e9 36249519 433e9c h ???????? 004 /wiki/
52fe80a.de 42f94b8c 043937 h ???????? 003 /wiki/SommerSchwatz
52fe905.71 239c33ce e04f63 h ???????? 002 /robots.txt
52fe906.93 239c33ce e04f63 h ???????? 003 /wiki/RealisierungsFahrplan
52fe918.94 b9233f71 43b2fb s ???????? 01c /
52fea6b.47 42f94b84 043937 s ???????? 003 /wiki/WorldPopulation
52fec40.4a 42f94b88 043937 h ???????? 004 /wiki/RashmiSinha
52fedbb.ee 42f94b8a 043937 h ???????? 004 /wiki/DresdenNeustadt
52ff04a.91 3624966d 433e9c h ???????? 002 /robots.txt
52ff04b.39 362494e4 433e9c h ???????? 002 /edit/31126001
52ff0ea.45 3435c94e c8c944 h ???????? 017 /
52ff1bb.c0 362494eb 433e9c h ???????? 002 /edit/23456003
52ff273.75 362494d9 433e9c h ???????? 017 /edit/19486001
52ff52c.9e 42f94b8a 622963 h ???????? 015 /
52ff8c6.04 36249454 433e9c h ???????? 002 /edit/24316002
52ff931.ce 42f94513 043937 h ???????? 002 /robots.txt
52ff932.50 42f94511 043937 h ???????? 001 /feel/
52ff97b.7e 42f94513 043937 h ???????? 004 /alive/
52ff9be.48 42f95bcb 70a047 h ???????? 001 //rss.rdf
52ff9c4.fd 42f9450f 043937 h ???????? 002 /wiki/AlanTuring
52ff9eb.c4 42f94b8c 043937 h ???????? 002 /wiki/GuidoStepken
52ffa1a.56 42f94513 043937 h ???????? 002 /wiki/GottfriedWilhelmLeibniz
52ffac6.02 7a661976 cdfc4d h ???????? 011 /
52ffe14.af 362494ef 433e9c h ???????? 002 /wiki/BeatriceBaranov
52fff7f.43 42f94b8c 043937 h ???????? 002 /wiki/BodySensosphere
