530001a.b0 42f954ee 002725 h ???????? 001 /favicon.ico
5300140.17 3624940c 433e9c h ???????? 001 /edit/29166002
5300485.b6 3624953b 433e9c h ???????? 002 /wiki/Nadia%20Zaboura
53005e2.27 b2086d35 ea3c0a h ???????? 015 /
53005e6.77 b2086d35 ea3c0a h ???????? 005 /alive/4
53005e6.8c b2086d35 ea3c0a h ???????? 001 /feel/4
5300807.b1 42f94b8c 622963 h ???????? 002 /wiki/BigGrep
5300a67.3a 42f94b88 043937 h ???????? 006 /wiki/TerraDrive
5300b3b.36 6baae255 ef60d6 h ???????? 015 /
5300f9b.71 42f94b84 043937 s ???????? 002 /wiki/EnErgie
5301142.a2 42f94b88 043937 h ???????? 003 /wiki/DesSturmesWucht
5301184.8f 42f94b84 043937 s ???????? 012 /
53011f8.38 b90a44ea 24f16f s ???????? 012 /
5301310.1a 36249477 433e9c h ???????? 001 /edit/23236001
5301507.13 42f94b88 043937 h ???????? 005 /wiki/VergangenheitsVergessen
5301569.c4 239c33ce e04f63 h ???????? 001 /robots.txt
530156a.e4 239c33ce e04f63 h ???????? 002 /wiki/BrandZwei
530168f.a1 9d372732 6a88e8 h ???????? 001 /robots.txt
5301692.1c 284da729 6a88e8 h ???????? 018 /
5301692.8c 42f94b88 043937 h ???????? 002 /wiki/ChristianWeisgerber
5301702.aa b2086d35 ea3c0a h ???????? 012 /
5301741.a5 5896e4da 1669ae h ???????? 001 //rss.rdf
5301743.20 0585b70e a2996e h ???????? 002 //rss.rdf
530179c.9a 2f4b9644 646bf4 h ???????? 017 /
53017d3.b7 d5abdc98 a95ea1 h ???????? 001 //rss.rdf
53017d7.09 0585b70e e1a3af h ???????? 002 //rss.rdf
5301961.13 b2086d35 ea3c0a h ???????? 011 /
5301962.24 b2086d35 6c4fa8 h ???????? 002 /apple-touch-icon-152x152-precomposed.png
5301963.29 b2086d35 6c4fa8 h ???????? 001 /apple-touch-icon-152x152.png
5301963.76 b2086d35 6c4fa8 h ???????? 001 /apple-touch-icon.png
5301963.a4 b2086d35 6c4fa8 h ???????? 001 /apple-touch-icon.png
5301963.de b2086d35 6c4fa8 h ???????? 002 /apple-touch-icon-precomposed.png
5301964.0a b2086d35 6c4fa8 h ???????? 001 /favicon.ico
5301965.7d b2086d35 ea3c0a h ???????? 001 /alive/4
5301965.89 b2086d35 ea3c0a h ???????? 001 /feel/4
53019df.56 42f94b8c 043937 h ???????? 013 /
53019fa.18 25ebdd6f 702dd8 h ???????? 014 /
5301ace.9e 42f94b8a 043937 h ???????? 003 /wiki/KennethIverson
5301b0b.2a 42f94b86 622963 s ???????? 019 /
5301b0e.c3 42f94b86 622963 s ???????? 002 /feel/8
5301c43.0c 42f94b88 622963 h ???????? 013 /
530223a.3b b44c0f21 a04d28 h ???????? 014 /
5302306.25 42f94b8c 043937 h ???????? 003 /wiki/OnIndividualism
5302338.52 42f94b88 043937 h ???????? 002 /wiki/UnterWelt
5302409.96 42f95bcb 70a047 h ???????? 001 //rss.rdf
5302654.f1 c9969569 cedf5c h ???????? 014 /
530297d.52 42f94b8a 043937 h ???????? 003 /wiki/BigGrep
53029e4.3b 1fb8c26d 94b52a h ???????? 014 /
5302ca1.63 b12fcfae 702dd8 h ???????? 014 /
5303260.e0 42f94b88 043937 h ???????? 003 /wiki/MindId
53034c9.a2 42f94b82 043937 s ???????? 003 /wiki/ScienceFiction
5303696.bf 42f94b8a 622963 h ???????? 013 /
5303a36.cf 42f94b86 622963 s ???????? 015 /
5303a3a.46 42f94b82 622963 s ???????? 019 /feel/10
5303b58.26 42f94b8a 043937 h ???????? 003 /wiki/WtcDd
5303c8a.29 42f94b8a 043937 h ???????? 003 /wiki/AgenturFuerArbeit
5303ee8.8e 42f94b88 043937 h ???????? 003 /wiki/SiggiWyrd
5303ff1.ee 42f94b88 043937 h ???????? 003 /wiki/ChuckThacker
5304012.b3 42f94b82 043937 s ???????? 002 /wiki/ReinhardSelent
5304048.fc bd2e0679 be37cc h ???????? 017 /
530436a.2d c3b8d0c2 5c4e46 s ???????? 003 /wiki/DzWk
53043ad.5e b2086d35 ea3c0a h ???????? 015 /
53043b1.b2 b2086d35 ea3c0a h ???????? 002 /feel/4
53043b6.a0 b2086d35 ea3c0a h ???????? 001 /alive/8
53043b6.ab b2086d35 ea3c0a h ???????? 002 /feel/8
5304553.e9 42f94b88 043937 h ???????? 002 /wiki/StefanHess
530468c.be 42f94b8a 043937 h ???????? 003 /wiki/OnSpecification
530473a.73 42f94b88 043937 h ???????? 003 /wiki/NettoKom
530486f.e4 42f94b8a 043937 h ???????? 003 /wiki/FriedrichBoltz
5304c64.57 42f95bcb 70a047 h ???????? 001 //rss.rdf
53051da.04 42f94b88 622963 h ???????? 019 /
53051ee.12 25396b5c cdfc4d h ???????? 014 /
5305480.11 5b40558d c65dfc h ???????? 016 /
5305484.7f 5b40558d c65dfc h ???????? 001 /feel/4
530554a.1a 3624945c 433e9c h ???????? 002 /edit/22266001
53055fb.d4 3624946f 433e9c h ???????? 002 /edit/25456004
5305850.6e 42f94b82 043937 s ???????? 003 /wiki/WunschWyrdWahr
5305914.2b 5f6cb561 e4b041 s ???????? 002 /robots.txt
5305917.ce 5f6cb561 e4b041 s ???????? 28da /math
53059f6.8c 36249435 433e9c h ???????? 003 /wiki/LifeBox
5305c87.d8 9d372718 6a88e8 s ???????? 002 /robots.txt
5305c98.22 9d372791 6a88e8 s ???????? 01d /
5305daf.47 42f94b82 622963 s ???????? 016 /
530609e.72 362494df 433e9c h ???????? 002 /im
530614f.89 42f94b88 043937 h ???????? 003 /wiki/AralPieschen
530630d.04 737f1662 702dd8 h ???????? 01b /
5306310.32 c23f8dee 09fcf9 h ???????? 014 /
53064f5.50 42f94b8c 622963 h ???????? 015 /
530663a.96 42f94b8a 043937 h ???????? 009 /wiki/ExaZetta
5306771.59 5f6cb561 e4b041 h ???????? 002 /robots.txt
5306775.22 5f6cb561 e4b041 h ???????? 001 /SingularVille
5306a13.b0 42f94b82 043937 s ???????? 002 /wiki/SystemDynamics
5306d3e.db 42f94b88 043937 h ???????? 002 /wiki/JyvasKyla
5306e7a.7d 42f94b86 043937 s ???????? 002 /wiki/StFr
5306e85.ba 5f6cb561 e4b041 h ???????? 001 /feed
5306fa6.98 42f94b8a 043937 h ???????? 002 /wiki/ReinhardZimmermann
5307077.36 4e6c6998 cedf5c h ???????? 015 /
53073af.5e 67d3694d cedf5c h ???????? 011 /
5307474.40 42f94b8a 043937 h ???????? 002 /wiki/JoachimMilberg
53074ba.99 42f95bcd 70a047 h ???????? 001 //rss.rdf
53074d2.68 29be5e40 702dd8 h ???????? 015 /
53075a0.a0 42f94b88 043937 h ???????? 003 /wiki/GeorgeMichaelSheldrick
5307623.37 42f94b8a 043937 h ???????? 002 /wiki/MindEyes
5307802.a8 42f94b8a 043937 h ???????? 002 /wiki/KarlLenhardRudolph
5307830.30 26633e5d 99cc80 h ???????? 014 /
53078ac.a9 4f7e4f5d be37cc h ???????? 015 /
5307937.c0 42f94b88 622963 h ???????? 012 /
53079d7.73 ca393642 be37cc h ???????? 011 /
5307a2d.4c 2ee5a183 12bd58 h ???????? 002 //wiki/ChristianHeller
5307bd7.0f 42f94b82 043937 s ???????? 002 /wiki/EiscafeVenezia
5307df0.45 2ee5a183 12bd58 h ???????? 002 //wiki/ChristianHeller
5307ecc.5e 42f94b88 043937 h ???????? 002 /wiki/MidGard
5307f91.f0 b4f18747 cedf5c h ???????? 016 /
53080c8.f8 b9dc6519 cc9bbb h ???????? 011 /
5308280.a6 33260c17 a397c6 h ???????? 011 /
530831f.5b 5f6cb561 e4b041 h ???????? 001 /rss.rdf
53086ec.69 42f94b8c 043937 h ???????? 002 /robots.txt
53086ec.c3 42f94b8a 043937 h ???????? 002 /wiki/WendelinWiedeking
53088a6.c2 42f94b8c 622963 h ???????? 015 /
5308961.20 42f94b8a 043937 h ???????? 001 //robots.txt
5308a52.d5 42f94b8a 043937 h ???????? 002 /wiki/WilliamKahan
5308a55.c1 42f94b88 043937 h ???????? 002 //wiki/LockCap
5308d9a.43 42f94b8c 043937 h ???????? 002 /wiki/HyperTextIsDead
5308f13.6d 42f94b88 043937 h ???????? 003 /wiki/TonyHoare
5308f69.ba 42f94b88 043937 h ???????? 002 /wiki/JuergNievergelt
5309142.63 1fb8c26d 94b52a h ???????? 013 /
5309236.b3 52400540 c71b0b h ???????? 002 /stalker_portal/server/adm/users/users-list-json
530923a.62 52400540 c71b0b h ???????? 001 /stalker_portal/server/adm/tv-channels/iptv-list-json
53096f5.b4 42f94b86 043937 s ???????? 002 /wiki/WahrNehmung
53098e1.d5 5f6cb561 e4b041 h ???????? 001 /robots.txt
53098e5.a2 5f6cb561 e4b041 h ???????? 002 /FloatingBoats
53099f1.0c 42f94b88 043937 h ???????? 002 /wiki/RsWipp
5309b21.77 42f94b82 622963 s ???????? 012 /
5309c5d.35 42f94b8c 622963 h ???????? 013 /
5309c8e.9c 42f94b88 043937 h ???????? 003 /wiki/StadtDresden2020
5309d89.6b 42f94b8a 043937 h ???????? 003 /wiki/MenschMaschinenMensch
5309f3c.49 42f95bcd 70a047 h ???????? 002 //rss.rdf
5309f5d.90 42f94b88 043937 h ???????? 002 /wiki/MediaValueChain
530a5e8.29 42f94b8c 043937 h ???????? 003 /wiki/RainerWasserfuhr
530a652.e2 42f94b8a 043937 h ???????? 003 /wiki/KaetheKollwitzUfer74
530a7b5.4b 42f94b8c 043937 h ???????? 003 /wiki/SystemDynamics
530a86d.78 42f94b8a 043937 h ???????? 003 /wiki/PhilippLenssen
530a86e.37 c36e23f2 be7255 h ???????? 019 /
530a86e.5b c36e23f2 be7255 h ???????? 002 /api
530a957.d7 42f94b8c 043937 h ???????? 003 /wiki/WiraAldo
530aad3.62 1fb8c26d 94b52a h ???????? 019 /
530abd6.e7 42f9450f 043937 h ???????? 014 /
530abd9.a6 42f9450f ab3bd9 h ???????? 002 /feel/4
530ae6c.f2 42f94b84 043937 s ???????? 003 /wiki/DresdenLabs
530aed7.c5 42f94b8a 043937 h ???????? 003 /wiki/MindCuisine
530af63.f7 42f94b8a 622963 h ???????? 014 /
530b120.f1 42f94b88 043937 h ???????? 002 /wiki/AntiSpamNetwork
530b1d8.ef 17ee2304 eaf401 h ???????? 005 /cfg/
530b1d8.f2 17ee2304 eaf401 h ???????? 001 /spa/
530b1d9.7e 17ee2304 eaf401 h ???????? 001 /xms/
530b1d9.91 17ee2304 eaf401 h ???????? 002 /prov/
530b1da.bd 17ee2304 eaf401 h ???????? 002 /cisco/
530b1db.f5 17ee2304 eaf401 h ???????? 001 /53i/
530b1dc.13 17ee2304 eaf401 h ???????? 001 /grandstream/
530b1dc.7b 17ee2304 eaf401 h ???????? 04e /tftpboot/
530b1dc.de 17ee2304 eaf401 h ???????? 005 /sipura/
530b1dc.df 17ee2304 eaf401 h ???????? 003 /communication/
530b1dc.c5 17ee2304 eaf401 h ???????? 054 /cisco.cfg/
530b1dc.db 17ee2304 eaf401 h ???????? 016 /device/
530b1dc.e8 17ee2304 eaf401 h ???????? 001 /FreeBSD/
530b1dc.b8 17ee2304 eaf401 h ???????? 079 /xsd/
530b1dc.f4 17ee2304 eaf401 h ???????? 001 /aastra.cfg/
530b1dd.0e 17ee2304 eaf401 h ???????? 001 /digium/
530b1dd.0f 17ee2304 eaf401 h ???????? 001 /FreePBX/
530b1dd.0f 17ee2304 eaf401 h ???????? 001 /zyxel/
530b1dd.10 17ee2304 eaf401 h ???????? 055 /gateway/
530b1dd.37 17ee2304 eaf401 h ???????? 02a /SIPCfg/
530b1dd.43 17ee2304 eaf401 h ???????? 001 /telefon/
530b1dd.33 17ee2304 eaf401 h ???????? 01b /telekom/
530b1dd.34 17ee2304 eaf401 h ???????? 042 /txt.cfg/
530b1dd.3f 17ee2304 eaf401 h ???????? 023 /yeastar/
530b1dc.56 17ee2304 eaf401 h ???????? 3c3 /influencesport/
530b1dd.63 17ee2304 eaf401 h ???????? 001 /tftproot/
530b1dd.56 17ee2304 eaf401 h ???????? 03b /57iCT/
530b1dd.60 17ee2304 eaf401 h ???????? 01e /AT810/
530b1dd.69 17ee2304 eaf401 h ???????? 014 /phones/
530b1dd.70 17ee2304 eaf401 h ???????? 001 /elastix/
530b1dd.7e 17ee2304 eaf401 h ???????? 001 /Axiata/
530b1dd.7d 17ee2304 eaf401 h ???????? 00a /Databas/
530b1dd.86 17ee2304 eaf401 h ???????? 001 /aastra_custom.cfg/
530b1dd.87 17ee2304 eaf401 h ???????? 001 /telstra/
530b1dd.85 17ee2304 eaf401 h ???????? 001 /menu1/
530b1dd.89 17ee2304 eaf401 h ???????? 001 /htaccess/
530b275.22 42f94b8c 043937 h ???????? 002 /wiki/JosephSifakis
530b29a.96 42f95bcb 70a047 h ???????? 001 //rss.rdf
530b332.d3 42f94b8a 043937 h ???????? 002 /wiki/RichardStearns
530b43c.29 42f94b8a 622963 h ???????? 002 /wiki/GottfriedWilhelmLeibniz
530b43d.22 42f94b8c 622963 h ???????? 002 /wiki/GottfriedWilhelmLeibniz
530b478.d6 05275551 e3b0c4 h ???????? 001 /robots.txt
530b47b.03 05275551 f22684 h ???????? 017 /
530b50e.2a 362494b5 433e9c h ???????? 001 /edit/23466002
530b51b.0a c61b5090 e3b0c4 h ???????? 001 //robots.txt
530b51d.86 c61b5090 f7800e h ???????? 017 /
530b569.47 42f945dd 043937 h ???????? 002 /robots.txt
530b569.a3 42f945df 043937 h ???????? 018 /
530b56f.3c 42f945dd ab3bd9 h ???????? 012 /feel/10
530b69f.05 42f94b8a 622963 h ???????? 002 /wiki/RsWipp
530b69f.f7 42f94b8c 622963 h ???????? 003 /wiki/RsWipp
530b729.9b 05099184 cb4677 h ???????? 002 //wiki/LockSchuppenBusinessPlan
530b729.ab 58c62bcf 2ffb56 h ???????? 002 //wiki/LockFutureSax
530b729.ac 904ca86f f6be50 h ???????? 002 /wiki/CorneliaHeinz
530ba5e.04 42f94b8a 043937 h ???????? 002 /wiki/EiscafeVenezia
530be79.46 42f94b8c 043937 h ???????? 002 /wiki/SylviaMerx
530bf05.cf 42f94b82 622963 s ???????? 012 /
530bfdf.58 b109b591 702dd8 h ???????? 010 /
530c0d5.eb 25bb3842 e3b0c4 h ???????? 001 /robots.txt
530c0d8.05 25bb3842 9b6b51 h ???????? 013 /
530c136.01 94fbedf6 20ca2e h ???????? 002 //wiki/PageIndex
530c15f.e2 b01f7e38 e3b0c4 h ???????? 001 /robots.txt
530c162.19 b01f7e38 37a81c h ???????? 015 /
530c166.4d 42f94b88 622963 h ???????? 012 /
530c2e4.90 42f94b86 043937 s ???????? 002 /wiki/SteveJurvetson
530c31d.c3 5f6cb561 e4b041 h ???????? 001 /robots.txt
530c321.8b 5f6cb561 e4b041 h ???????? 011 /
530c4fd.f3 42f94b88 043937 h ???????? 003 /wiki/WikiLender
530c648.54 33260c17 a397c6 s ???????? 012 /
530c765.80 42f94b88 622963 h ???????? 003 /wiki/LockSession
530c91c.10 42f95bcb 70a047 h ???????? 001 //rss.rdf
530c929.61 42f94b8a 043937 h ???????? 002 /wiki/KennethLaneThompson
530c9ec.46 bca5c419 e3b0c4 h ???????? 001 /robots.txt
530c9ee.75 bca5c419 76fdb3 h ???????? 011 /
530ca70.0c 42f94b8a 043937 h ???????? 002 /wiki/PeterNaur
530cafe.b9 42f94b88 043937 h ???????? 007 /wiki/DevelopmentLab
530cbbd.1f 42f94b8c 043937 h ???????? 002 /wiki/StartUp
530cc2e.00 42f94b88 043937 h ???????? 007 /wiki/FaceBook
530cd5e.88 42f94511 043937 h ???????? 012 /
530cd62.7d 42f94513 ab3bd9 h ???????? 002 /feel/8
530cfbc.98 42f94b88 622963 h ???????? 012 /
530d063.96 3624966a 433e9c h ???????? 002 //robots.txt
530d08e.19 42f94b8a 043937 h ???????? 002 /wiki/BundestagsWahl09
530d17a.28 bca5e922 e3b0c4 h ???????? 001 /robots.txt
530d17c.53 bca5e922 1200b3 h ???????? 013 /
530d1fb.ba 42f94b8a 043937 h ???????? 003 /wiki/EinNahme
530d227.5e 42f94b8a 043937 h ???????? 003 /wiki/LarsKleinbeckes
530d252.40 42f94b84 043937 s ???????? 003 /wiki/SemperBase
530d35d.19 42f94b8c 043937 h ???????? 003 /wiki/NooMent
530d450.d2 1fb8c26d 94b52a h ???????? 019 /
530d4a7.b6 42f94b88 043937 h ???????? 002 /wiki/LockMittel
530d67a.d4 42f94b8c 043937 h ???????? 002 /wiki/BueroEroeffnungLouise61
530d6ef.15 42f94b8a 043937 h ???????? 007 /wiki/MindBau
530d818.ab 42f94b88 043937 h ???????? 003 /wiki/ExInSpeSex
530dbbc.3d 42f94b84 622963 s ???????? 017 /
530dbcc.0c 42f94b88 043937 h ???????? 002 /wiki/EwDijkstra
530dc41.91 cb736712 cedf5c h ???????? 018 /
530dd18.4a 42f94b8a 043937 h ???????? 002 /wiki/CitOyens
530de17.e5 42f94b8a 622963 h ???????? 017 /
530e003.b0 2e2b65eb cedf5c h ???????? 012 /
530e0c3.38 42f94b8c 043937 h ???????? 002 /edit/6223001
530e66b.09 42f94b8a 043937 h ???????? 002 /wiki/HandelsRegister
530e7cc.af 42f94b8a 043937 h ???????? 001 /edit/2673046
530eb35.73 42f94b84 622963 s ???????? 017 /
530ebd9.d6 42f94b8c 043937 h ???????? 002 /wiki/RichardHamming
530ec5d.15 42f94b88 622963 h ???????? 013 /
530ecbd.e2 2d73ac64 cedf5c h ???????? 013 /
530ee6d.c9 42f94b8c 043937 h ???????? 003 /wiki/MichaelAchenbach
530ee7d.49 c92a7490 cedf5c h ???????? 014 /
530f267.9a 42f94b8c 043937 h ???????? 002 /wiki/ZwingerClub
530f477.89 42f95bcb 70a047 h ???????? 002 //rss.rdf
530f72c.76 6e4dec88 702dd8 h ???????? 016 /
530f82e.73 42f94b8a 043937 h ???????? 003 /wiki/FrauMitRotemTop
530f9e9.22 5da03c20 1a69b5 h ???????? 013 /
530fcc9.7b 42f94b8c 043937 h ???????? 003 /wiki/NeilArmstrong
530fd1a.bd 42f94b88 622963 h ???????? 01a /
530fd1d.f6 42f94b88 622963 h ???????? 002 /feel/8
530fea5.23 7536e752 702dd8 h ???????? 01a /
530ff10.7d 8ba271cc 12bd58 s ???????? 019 /
