584001d.c5 9d372715 6a88e8 h ???????? 002 /robots.txt
5840089.fc 42f942c8 043937 h ???????? 002 /wiki/InsertHere
5840111.ef 9d3727e4 6a88e8 h ???????? 003 /wiki/CamelCase
58401b8.e5 d8f442f3 2e51d1 h ???????? 002 /robots.txt
5840267.29 d8f442f3 2e51d1 h ???????? 002 /radio
5840433.41 42f942ca 043937 h ???????? 004 /wiki/ObDach
584067f.97 5f6cb561 e4b041 h ???????? 002 /robots.txt
5840683.5e 5f6cb561 e4b041 h ???????? 017 /
5840ae2.06 42f942c8 043937 h ???????? 003 /wiki/WikiWallHowTo
5840c99.77 4ea5c174 be37cc h ???????? 017 /
5840d14.2c 42f942d4 043937 s ???????? 003 /wiki/AnBu
5840e72.9d 42f942ca 043937 h ???????? 003 /wiki/SchwarzTasche
5840eee.f2 42f942c8 043937 h ???????? 003 /wiki/JoelKaczmarek
5840ff8.72 9d3727bb 6a88e8 h ???????? 002 /edit
584101d.91 2ee5a183 d05934 h ???????? 003 //wiki/ChristianHeller
584101f.63 9d3727eb 6a88e8 h ???????? 008 /robots.txt
5841072.eb 42f942d2 622963 s ???????? 016 /
5841120.12 42f95cc9 70a047 h ???????? 002 //rss.rdf
5841232.0b cf2e0d6a 6a88e8 h ???????? 004 /wiki/FetLife
5841524.29 9d372798 6a88e8 h ???????? 017 /
5841536.1e 42f942c8 043937 h ???????? 003 /wiki/LutherDenkmal
58415f5.37 42f942d0 043937 s ???????? 003 /wiki/KuhVz
584177a.1d 42f942c8 043937 h ???????? 003 /robots.txt
58419c9.cc 5f6cb561 e4b041 h ???????? 002 /robots.txt
58419cd.90 5f6cb561 e4b041 h ???????? 017 /
58419d3.4a 42f942c8 622963 h ???????? 017 /
5841a63.d4 42f951e9 002725 h ???????? 003 /favicon.ico
5841ef0.a8 42f942c8 043937 h ???????? 003 /wiki/MindZip
58420b5.75 42f942ca 043937 h ???????? 003 /wiki/NacktSichtBrille
5842131.cb 42f942c6 043937 h ???????? 003 /wiki/DeSa
58424b6.33 42f942c8 043937 h ???????? 004 /wiki/FaCa
5842566.b6 294dc24c 19c6c4 h ???????? 01a /
584256b.89 42f942c6 043937 h ???????? 003 /wiki/BoTn
58425bb.2b 2ee5a841 c89f4f h ???????? 002 /robots.txt
58427cb.9c 42f942d4 043937 s ???????? 004 /wiki/WebLin
584282f.41 42f942ca 043937 h ???????? 002 /robots.txt
5842835.18 42f942c6 043937 h ???????? 004 /wiki/UdpTla
58428ee.7d 42f942ca 043937 h ???????? 006 /wiki/HhJH
584293e.10 b2084007 ea3c0a h ???????? 01b /
584293e.e0 b2084007 6c4fa8 h ???????? 009 /apple-touch-icon-152x152-precomposed.png
584293f.12 b2084007 6c4fa8 h ???????? 002 /apple-touch-icon-152x152.png
584293f.3c b2084007 6c4fa8 h ???????? 002 /apple-touch-icon.png
584293f.6b b2084007 6c4fa8 h ???????? 002 /apple-touch-icon.png
584293f.9a b2084007 6c4fa8 h ???????? 002 /apple-touch-icon-precomposed.png
584293f.c4 b2084007 6c4fa8 h ???????? 002 /favicon.ico
5842942.94 b2084007 ea3c0a h ???????? 002 /alive/4
5842942.9b b2084007 ea3c0a h ???????? 002 /feel/4
5842946.91 b2084007 ea3c0a h ???????? 010 /alive/8
5842946.9d b2084007 ea3c0a h ???????? 002 /feel/8
5842a46.4c 42f942c8 043937 h ???????? 004 /wiki/XaXeXt
5842e48.7c 42f942c8 043937 h ???????? 004 /wiki/MPvH
58430a3.d5 42f942c6 043937 h ???????? 004 /wiki/BeWusst
5843214.b7 5fd829a2 028fc4 h ???????? 002 /robots.txt
584321c.8e 5fd829a2 028fc4 h ???????? 003 /wiki/SwOt
584326e.bd 42f942c6 043937 h ???????? 004 /wiki/KaSx
5843275.ab 42f942c8 043937 h ???????? 004 /wiki/HasTalked
58432ae.ad 42f95cc9 70a047 h ???????? 002 //rss.rdf
584339d.05 cf2e0d6a 6a88e8 h ???????? 004 /wiki/DusselStein
5843600.cc c73a56d1 028fc4 h ???????? 002 //robots.txt
5843606.b6 c73a56d1 028fc4 h ???????? 019 /
584362c.fc a2d2c464 028fc4 h ???????? 003 /robots.txt
584362f.27 a2d2c464 028fc4 h ???????? 01a /
584363c.43 42f942c6 043937 h ???????? 003 /wiki/EinSchlag
58436c6.39 01a56938 2da35a h ???????? 019 /
58436c6.b3 01a56938 99d427 h ???????? 06f /index.action
584379f.48 aaefbace be37cc h ???????? 025 /
58438e7.9a 8ac93b22 4f7224 h ???????? 003 /robots.txt
58438e9.22 8ac93b22 4f7224 h ???????? 019 /
584398d.b8 42f942d0 043937 s ???????? 004 /wiki/PengAg
5843a90.2e 50524676 b28cfa h ???????? 01d /
5843cad.2b 42f942c8 043937 h ???????? 004 /wiki/ObSess
5843e8e.3c 42f942c8 043937 h ???????? 003 /wiki/AriEs
584425d.b8 42f942c8 043937 h ???????? 004 /wiki/AchtSam
5844386.bc 42f94239 043937 s ???????? 003 /robots.txt
5844395.e1 b9ead9c0 3a5a31 h ???????? 002 /wp-login.php
5844396.18 b9ead9c0 3a5a31 h ???????? 002 //wp-login.php
5844439.20 42f942ca 043937 h ???????? 004 /wiki/RichardMorgan
5844470.79 42f942ca 043937 h ???????? 003 /wiki/GoPlay
5844564.4b 674e8404 ef60d6 h ???????? 01d /
58448be.4d 42f942ca 043937 h ???????? 004 /wiki/AacTla
584497e.18 22d12eec 617ca7 h ???????? 01b /
5844b3e.c7 42f942c6 043937 h ???????? 004 /wiki/OuTopia
5844b45.e5 42f942c8 043937 h ???????? 004 /wiki/FutureNumber10
5844b79.2d 42f942c6 043937 h ???????? 004 /wiki/FpsTla
5844dc7.cf b36a626a be37cc h ???????? 022 /
5844e96.6b 9d372703 6a88e8 s ???????? 004 /robots.txt
5844e97.b3 9d372703 6a88e8 s ???????? 003 /robots.txt
5844e9d.e8 9d3727eb 6a88e8 s ???????? 033 /
5844eb6.f1 a2f38ce2 ef60d6 s ???????? 01c /
5844ee4.78 42f942c6 043937 h ???????? 004 /wiki/SiRiBr
5844f9a.b6 42f942c8 043937 h ???????? 004 /wiki/DoorSix
5844fb9.3b 42f95cc7 70a047 h ???????? 00a //rss.rdf
58450bd.41 42f942ca 043937 h ???????? 005 /wiki/AustinTx
584516c.74 42f942ca 043937 h ???????? 003 /hot/robots.txt
5845181.33 42f942c8 043937 h ???????? 004 /wiki/JavaBug
5845323.d0 42f942c6 043937 h ???????? 005 /wiki/FfAngel
5845329.df 42f942c6 622963 h ???????? 003 /hot
5845357.5f b2084007 5ec1d2 s ???????? 03a /
5845420.4f 42f942d0 043937 s ???????? 004 /wiki/OuTopia
58454ab.8b cf2e0d6a 6a88e8 h ???????? 004 /wiki/SingularityUniversity
58454f9.49 b2084007 5ec1d2 s ???????? 01c /
58455fc.8f 42f942ca 043937 h ???????? 006 /wiki/MartinWirsing
58456e4.04 a3ac0499 4a9f3b h ???????? 02f /
584575f.cf b2084007 5ec1d2 s ???????? 034 /
5845836.52 42f942c8 043937 h ???????? 004 /wiki/GetJava
5845a1c.43 8ac56301 6a9be8 h ???????? 01d /
5845a1e.ab 42f942c8 043937 h ???????? 004 /wiki/PopeHat
5845b10.bb 8ba271cc 12bd58 s ???????? 01d /
5845b95.ba 2ee5a855 c89f4f h ???????? 003 /robots.txt
5845bd5.97 42f942ca 043937 h ???????? 004 /wiki/RayBlue
5845cab.99 42f942ca 043937 h ???????? 004 /wiki/SpreadLy
5845d14.87 42f942c6 043937 h ???????? 005 /wiki/BitPoint
5845e17.30 5236b8b7 cdfc4d h ???????? 02b /
5845e3b.c3 42f942c8 043937 h ???????? 005 /wiki/WikiTuev
5845f3d.b3 42f942c8 043937 h ???????? 005 /wiki/JavaNio
5846047.ec bb6639e2 cedf5c h ???????? 01f /
584620c.19 673afa73 be37cc h ???????? 028 /
5846273.68 cf2e0d6a 6a88e8 h ???????? 004 /wiki/RealFilm
5846390.94 42f942c6 043937 h ???????? 006 /wiki/FuffiApp
58463e6.fd 42f942c6 043937 h ???????? 005 /wiki/JaneFonda
58465e2.e8 42f942d4 043937 s ???????? 005 /wiki/MindZip
5846617.e1 42f942ca 043937 h ???????? 004 /wiki/WieNomic
58467bf.dd 42f942ca 043937 h ???????? 005 /wiki/OctaviaButler
58468b9.7b 42f942c6 043937 h ???????? 004 /wiki/CastBase
5846b23.c6 42f942c8 043937 h ???????? 004 /wiki/DasNetz
5846c36.1d 42f95cc9 70a047 h ???????? 003 //rss.rdf
5846c3b.d8 a5e37c29 6a9be8 h ???????? 01d /
5846dd3.cb b1b8b89b cedf5c h ???????? 01f /
5846ddd.64 42f942c8 043937 h ???????? 004 /wiki/StratoAg
5846ec4.6c 42f942d4 043937 s ???????? 007 /wiki/ConText
5846f91.1f 42f942c8 043937 h ???????? 005 /wiki/FaBecher
5847120.14 42f942ca 043937 h ???????? 005 /wiki/HetznerAg
58472a2.f6 3435c94e c8c944 h ???????? 021 /
58472ee.8f 3ff6811e 1066b4 h ???????? 003 /phpMyAdmin/scripts/setup.php
5847459.83 3624966d 433e9c h ???????? 004 /robots.txt
584745a.a3 3624940f 433e9c h ???????? 00f /love/1e
58474e7.0f 8e04d971 554020 h ???????? 001 /rss.rdf
5847673.a9 42f942ca 043937 h ???????? 002 /wiki/MaxPlanck
58477a4.f9 42f942c6 043937 h ???????? 003 /wiki/WahrNehm
5847906.c5 42f942c8 043937 h ???????? 002 /wiki/LinguBox
5847906.c5 42f942c8 043937 h ???????? 005 /robots.txt
5847978.de 42f942c8 043937 h ???????? 003 /wiki/AriadneFaden
584797c.e1 42f942c8 043937 h ???????? 001 /wiki/IchDenke
5847983.2f 42f942c6 043937 h ???????? 002 /wiki/SchwarmIntelligenz
58479a1.be 42f942c6 043937 h ???????? 002 /wiki/KdRv
58479ef.12 42f942c6 043937 h ???????? 002 /wiki/VorStell
5847ed5.8b 42f942c8 043937 h ???????? 001 /t/robots.txt
5847edc.9c 42f942c8 043937 h ???????? 001 /wiki/ChriSchu
5847f75.31 b2084007 9d059b s ???????? 016 /
5847f79.64 b2084007 9d059b s ???????? 001 /feel/4
5847f84.69 b2084007 9d059b s ???????? 012 /
5847f88.b8 b2084007 9d059b s ???????? 001 /feel/4
5847f8e.93 b2084007 9d059b s ???????? 011 /
5847f92.c1 b2084007 9d059b s ???????? 001 /feel/4
5847fb2.50 42f942ca 043937 h ???????? 001 /t
5848085.fb 42f942c6 043937 h ???????? 007 /wiki/OldWorld
584824f.44 42f942ca 043937 h ???????? 003 /wiki/AiSoccer
5848353.e6 42f942ca 043937 h ???????? 002 /wiki/IrrenHaus
5848438.d2 2ee5a841 c89f4f h ???????? 002 /robots.txt
584844d.a6 42f942c6 043937 h ???????? 003 /wiki/JugSaxony
58485ee.9d 42f942c8 043937 h ???????? 002 /wiki/LockCloud
584861b.94 5f6cb561 e4b041 h ???????? 001 /robots.txt
584861f.5e 5f6cb561 e4b041 h ???????? 012 /
5848694.77 42f942ca 043937 h ???????? 002 /wiki/SwissBox1
5848779.47 42f942c6 043937 h ???????? 004 /wiki/KlarMobil
584884f.9e 0dd1041c 8142fa h ???????? 014 /
5848917.a7 42f95ccb 70a047 h ???????? 002 //rss.rdf
5848958.7d 42f942c6 043937 h ???????? 003 /wiki/VwPhaeton
5848967.29 42f942d0 043937 s ???????? 002 /wiki/BeWusst
58489d4.06 42f942c8 043937 h ???????? 013 /
5848a39.bd 42f942c6 043937 h ???????? 003 /wiki/MeasureIt
5848ae5.5a 42f942ca 043937 h ???????? 002 /wiki/MichioKaku
5848b46.6c 42f942ca 043937 h ???????? 003 /wiki/SebnitzerStrasse11
5848c3c.d3 3ad74bd2 2da35a h ???????? 001 /manager/html
5848ce7.3d 42f942ca 043937 h ???????? 003 /wiki/OrgaDesign
5848e6e.d3 42f942ca 043937 h ???????? 002 /wiki/OrgDesign
58490e2.6b 42f942ca 043937 h ???????? 002 /wiki/RaumFahrt
5849204.b3 42f942c6 043937 h ???????? 003 /wiki/PieschenPv
5849248.2b 42f942d2 043937 s ???????? 003 /wiki/SynAxon
58492c7.fd 42f942c8 043937 h ???????? 002 /wiki/SeonKwang
5849494.e3 42f942c6 043937 h ???????? 008 /wiki/WolterVille
58494c0.9d 5fa3ff69 399ff9 h ???????? 001 /robots.txt
58494c1.ae 5fa3ff73 399ff9 h ???????? 002 /wiki/RaumPlan
584961f.d0 42f942c8 043937 h ???????? 003 /wiki/VerGleich
584966f.49 42f942c8 043937 h ???????? 002 /wiki/SystemPunkt
584981b.ed 42f94212 043937 h ???????? 001 /robots.txt
584981c.57 42f94212 043937 h ???????? 001 /pagtwquyatcxd.html
584984c.c7 42f942c6 043937 h ???????? 006 /wiki/MiniPolis
58499c0.84 42f942c8 043937 h ???????? 002 /wiki/FelinChen
5849ad5.78 26633e5d 99cc80 h ???????? 002 /ads.txt
5849b31.38 42f942c6 043937 h ???????? 002 /wiki/BlackHole
5849c49.35 42f942c6 043937 h ???????? 002 /wiki/FrankMartin
5849cf1.04 25710cb9 19c6c4 h ???????? 01b /
5849cfc.02 42f942c6 043937 h ???????? 002 /wiki/GuenterGaus
5849d09.ed 42f942c8 043937 h ???????? 003 /wiki/DeSterrennacht
5849dcd.68 42f942ca 043937 h ???????? 002 /wiki/WaveTrauma
5849f86.34 42f942c8 043937 h ???????? 003 /wiki/DvbTram2506
584a08e.3a 42f942c6 043937 h ???????? 003 /wiki/WikiHandler
584a18d.a9 42f942c6 043937 h ???????? 003 /wiki/ZapHosting
584a206.1d 42f942ca 043937 h ???????? 002 /wiki/PlattLeite
584a3af.8c 42f942c8 043937 h ???????? 01a /
584a40a.a4 42f942c6 043937 h ???????? 003 /wiki/StadtJena
584a475.bd 42f942c8 043937 h ???????? 002 /base/robots.txt
584a4ac.24 42f942c6 043937 h ???????? 001 /system/robots.txt
584a4b7.12 42f942c8 043937 h ???????? 002 /wiki/LifeDay15828
584a532.74 42f942ca 622963 h ???????? 002 /base
584a587.ac 42f95ccb 70a047 h ???????? 001 //rss.rdf
584a66c.b3 42f942c8 043937 h ???????? 003 /wiki/GeBenedeit
584a751.c7 42f942ca 043937 h ???????? 003 /wiki/LifeDay15758
584a820.8b 42f942c6 043937 h ???????? 003 /wiki/HyperConnect
584a91c.e3 42f942c8 043937 h ???????? 003 /wiki/DonauInsel
584a9bb.93 42f942ca 043937 h ???????? 003 /earth/robots.txt
584aad6.8c 42f942c8 043937 h ???????? 004 /wiki/PieschenNetto
584abb9.2a 42f942c8 043937 h ???????? 003 /wiki/SchwedtBox1
584acec.2c 42f942d0 043937 s ???????? 003 /wiki/BitPoint
584aecd.44 42f942c8 043937 h ???????? 003 /wiki/StephenGilmore
584afa4.44 42f942c6 043937 h ???????? 001 /go
584b0c5.c5 42f942c8 622963 h ???????? 002 /system
584b2bb.cf 5fa3ff77 399ff9 h ???????? 003 /robots.txt
584b2bd.4b 5fa3ff68 399ff9 h ???????? 016 /love/1e
584b2c0.fe 5fa3ff73 399ff9 h ???????? 020 /wiki/127001
584b38e.63 12b9b1c4 3cd235 h ???????? 017 /
584b5a7.cf 2ee5a850 c89f4f h ???????? 002 /robots.txt
584b5cd.d9 42f942d0 043937 s ???????? 003 /wiki/OldWorld
584b782.4b 5f6cb561 e4b041 h ???????? 002 /robots.txt
584b786.0d 5f6cb561 e4b041 h ???????? 018 /
584b800.91 804854ed 2b96f8 h ???????? 017 /
584b85a.ea 5f6cb561 e4b041 h ???????? 016 /
584b97d.93 42f942c6 043937 h ???????? 004 /wiki/FullCast
584baa9.fb 42f942c6 622963 h ???????? 002 /earth
584bae2.fe 42f942c6 043937 h ???????? 002 /film/robots.txt
584bb0e.6a 42f942c8 043937 h ???????? 003 /wiki/AviPrimor
584bc06.57 42f942c6 043937 h ???????? 003 /wiki/EskoKalimo
584bc44.79 d111610a 14defb s ???????? 01e /
584bca5.90 05bc8897 be34ee h ???????? 002 //wp-login.php
584bcaa.10 05bc8897 be34ee h ???????? 002 //xmlrpc.php
584bd75.25 9d3727c2 6a88e8 h ???????? 003 /wiki/SchenkOekonomie
584beae.a7 42f942c6 043937 h ???????? 003 /wiki/DennisUlm
584bf8a.cb 42f942c8 622963 h ???????? 002 /t
584c090.a2 42f942ca 043937 h ???????? 004 /wiki/MuDnr1Ahv28oR6ZVpr
584c2de.00 42f942c6 043937 h ???????? 007 /wiki/GunterPauli
584c425.0c 42f942c6 043937 h ???????? 002 /go
584c755.99 42f95ccb 70a047 h ???????? 002 //rss.rdf
584c78f.f7 42f942c6 043937 h ???????? 003 /wiki/HasTalked
584c905.d7 42f942c8 043937 h ???????? 003 /base
584c9cb.85 9d372703 6a88e8 s ???????? 002 /robots.txt
584c9cc.b2 9d372703 6a88e8 s ???????? 003 /robots.txt
584c9fa.01 9d3727e4 6a88e8 s ???????? 01a /
584cc35.5e 42f942c6 043937 h ???????? 004 /wiki/JeromeBinde
584cc3c.aa 59cbdc62 cedf5c h ???????? 022 /
584cd21.63 3624966a 433e9c h ???????? 002 //robots.txt
584cd35.56 42f942c8 043937 h ???????? 004 /wiki/AoaTla
584cd9f.c8 33260c17 a397c6 h ???????? 019 /
584ce1a.7c 42f942d0 622963 s ???????? 019 /
584ce1e.0c 42f942d2 622963 s ???????? 002 /feel/4
584cea3.31 dc85622d cedf5c h ???????? 01c /
584d071.22 42f942c8 043937 h ???????? 004 /wiki/PitchBull
584d254.1b 42f942ca 043937 h ???????? 004 /wiki/AloysiusMikwauschk
584d2cf.7e 42f942ca 043937 h ???????? 003 /hot
584d2d0.89 8b636391 661b67 h ???????? 017 /
584d2d1.03 8b636391 661b67 h ???????? 002 /drupal/
584d2d1.74 8b636391 661b67 h ???????? 002 /cms/
584d2d1.e4 8b636391 661b67 h ???????? 002 /status
584d2d2.54 8b636391 661b67 h ???????? 019 /
584d2d2.c8 8b636391 661b67 h ???????? 002 /script
584d2d3.39 8b636391 661b67 h ???????? 002 /jenkins/script
584d2d3.ab 8b636391 661b67 h ???????? 002 /login
584d2d4.1f 8b636391 661b67 h ???????? 002 /jmx-console
584d2d4.95 8b636391 661b67 h ???????? 021 /
584d2d5.0d 8b636391 661b67 h ???????? 019 /
584d2d5.87 8b636391 661b67 h ???????? 002 /manager/html
584d2d5.f8 8b636391 661b67 h ???????? 021 /
584d2d7.6f 8b636391 661b67 h ???????? 019 /
584d2d7.e7 8b636391 661b67 h ???????? 002 /tomcat-cms/cmd.jsp
584d2d9.58 8b636391 661b67 h ???????? 019 /
584d2d9.fe 8b636391 661b67 h ???????? 01d /
584d2da.85 8b636391 661b67 h ???????? 002 /dfn/nman.jsp
584d2da.fd 8b636391 661b67 h ???????? 01d /
584d2db.82 8b636391 661b67 h ???????? 01a /
584d2dc.19 8b636391 661b67 h ???????? 002 /dfn/df.jsp
584d2dc.96 8b636391 661b67 h ???????? 018 /
584d2de.10 8b636391 661b67 h ???????? 018 /
584d2de.8a 8b636391 661b67 h ???????? 002 /Catalina/df.jsp
584d2de.fe 8b636391 661b67 h ???????? 01e /
584d2df.7a 8b636391 661b67 h ???????? 01c /
584d2e1.0d 8b636391 661b67 h ???????? 002 /host/cmd.jsp
584d2e1.18 8b636391 661b67 s ???????? 002 /cms/
584d2e1.84 8b636391 661b67 h ???????? 023 /
584d2e2.17 8b636391 661b67 s ???????? 003 /status
584d2e2.20 8b636391 661b67 h ???????? 01b /
584d2e2.99 8b636391 661b67 h ???????? 024 /
584d2e2.e4 8b636391 661b67 s ???????? 019 /
584d2e3.1b 8b636391 661b67 h ???????? 002 //administrator
584d2e3.8e 8b636391 661b67 h ???????? 002 /joomla/administrator
584d2e3.c2 8b636391 661b67 s ???????? 003 /script
584d2e4.92 8b636391 661b67 s ???????? 002 /jenkins/script
584d2e5.06 8b636391 661b67 h ???????? 002 /cms/administrator
584d2e5.83 8b636391 661b67 h ???????? 002 /Joomla/administrator
584d2e5.f7 8b636391 661b67 h ???????? 002 /msd
584d2e6.69 8b636391 661b67 h ???????? 002 /mySqlDumper
584d2e6.dd 8b636391 661b67 h ???????? 002 /msd1.24stable
584d2e7.58 8b636391 661b67 h ???????? 003 /msd1.24.4
584d2e8.cc 8b636391 661b67 h ???????? 002 /mysqldumper
584d2e9.3d 8b636391 661b67 h ???????? 002 /MySQLDumper
584d2e9.b8 8b636391 661b67 h ???????? 002 /mysql
584d2ec.66 8b636391 661b67 s ???????? 002 /jmx-console
584d2ed.2f 8b636391 661b67 h ???????? 003 /sql
584d2ed.a6 8b636391 661b67 h ???????? 002 /cgi-bin/php
584d2ee.66 8b636391 661b67 h ???????? 001 /cgi-bin/php5
584d2ee.d2 8b636391 661b67 h ???????? 001 /phpmyadmin
584d2f0.56 8b636391 661b67 s ???????? 019 /
584d2f0.5d 8b636391 661b67 h ???????? 001 /phpMyAdmin
584d2f4.1a 8b636391 661b67 s ???????? 012 /
584d2f4.e3 8b636391 661b67 s ???????? 005 /manager/html
584d2f5.a2 8b636391 661b67 s ???????? 011 /
584d2f6.6a 8b636391 661b67 s ???????? 011 /
584d2f7.31 8b636391 661b67 s ???????? 001 /tomcat-cms/cmd.jsp
584d2f7.cd 8b636391 661b67 h ???????? 013 /
584d2f7.f0 8b636391 661b67 s ???????? 014 /
584d2f8.3d 8b636391 661b67 h ???????? 001 /sqlite/main.php
584d2f8.c1 8b636391 661b67 s ???????? 012 /
584d2f9.86 8b636391 661b67 s ???????? 001 /dfn/nman.jsp
584d2f9.a5 8b636391 661b67 h ???????? 001 /SQLite/SQLiteManager-1.2.4/main.php
584d2fd.11 8b636391 661b67 h ???????? 001 /SQLiteManager-1.2.4/main.php
584d2fd.48 8b636391 661b67 s ???????? 019 /
584d2fd.7b 8b636391 661b67 h ???????? 001 /sqlitemanager/main.php
584d2fd.e6 8b636391 661b67 h ???????? 002 /SQlite/main.php
584d2fe.23 8b636391 661b67 s ???????? 013 /
584d301.5a 8b636391 661b67 h ???????? 002 /SQLiteManager/main.php
584d301.ee 8b636391 661b67 s ???????? 001 /dfn/df.jsp
584d302.c3 8b636391 661b67 h ???????? 001 /webdav
584d303.2a 8b636391 661b67 h ???????? 013 /
584d303.99 8b636391 661b67 h ???????? 012 /
584d305.08 8b636391 661b67 h ???????? 013 /
584d305.bf 8b636391 661b67 s ???????? 01f /
584d306.79 8b636391 661b67 h ???????? 001 //wp-login.php
584d307.96 8b636391 661b67 s ???????? 012 /
584d307.e3 8b636391 661b67 h ???????? 001 /wordpress/wp-login.php
584d308.4e 8b636391 661b67 h ???????? 002 /wp/wp-login.php
584d308.6a 8b636391 661b67 s ???????? 001 /Catalina/df.jsp
584d308.b7 8b636391 661b67 h ???????? 001 /blog/wp-login.php
584d309.1e 8b636391 661b67 h ???????? 002 /Wordpress/wp-login.php
584d309.8b 8b636391 661b67 h ???????? 002 /Blog/wp-login.php
584d30c.35 8b636391 661b67 s ???????? 01a /
584d30e.04 8b636391 661b67 s ???????? 014 /
584d30e.d8 8b636391 661b67 s ???????? 002 /host/cmd.jsp
584d30f.a6 8b636391 661b67 s ???????? 01b /
584d313.7f 8b636391 661b67 s ???????? 014 /
584d314.5b 8b636391 661b67 s ???????? 015 /
584d315.38 8b636391 661b67 s ???????? 002 //administrator
584d315.fe 8b636391 661b67 s ???????? 002 /joomla/administrator
584d316.dc 8b636391 661b67 s ???????? 002 /cms/administrator
584d31a.ba 8b636391 661b67 s ???????? 002 /Joomla/administrator
584d31b.81 8b636391 661b67 s ???????? 002 /msd
584d31c.4a 8b636391 661b67 s ???????? 001 /mySqlDumper
584d324.2f 8b636391 661b67 s ???????? 001 /cgi-bin/php
584d324.f9 8b636391 661b67 s ???????? 002 /cgi-bin/php5
584d325.bd 8b636391 661b67 s ???????? 001 /phpmyadmin
584d326.a0 8b636391 661b67 s ???????? 002 /phpMyAdmin
584d327.77 8b636391 661b67 s ???????? 002 /mysql
584d329.59 8b636391 661b67 s ???????? 002 /sql
584d32b.3d 8b636391 661b67 s ???????? 001 /myadmin
584d32c.13 8b636391 661b67 s ???????? 008 /phpMyAdmin-4.2.1-all-languages
584d335.1a 8b636391 661b67 s ???????? 015 /
584d335.ee 8b636391 661b67 s ???????? 002 /sqlite/main.php
584d336.bc 8b636391 661b67 s ???????? 001 /SQLite/SQLiteManager-1.2.4/main.php
584d337.a1 8b636391 661b67 s ???????? 002 /SQLiteManager-1.2.4/main.php
584d338.8f 8b636391 661b67 s ???????? 002 /sqlitemanager/main.php
584d339.59 8b636391 661b67 s ???????? 002 /SQlite/main.php
584d33a.29 8b636391 661b67 s ???????? 002 /SQLiteManager/main.php
584d33a.f6 8b636391 661b67 s ???????? 001 /webdav
584d33b.d5 8b636391 661b67 s ???????? 01d /
584d33d.b7 8b636391 661b67 s ???????? 01d /
584d33f.91 8b636391 661b67 s ???????? 018 /
584d340.6b 8b636391 661b67 s ???????? 001 //wp-login.php
584d341.44 8b636391 661b67 s ???????? 002 /wordpress/wp-login.php
584d342.23 8b636391 661b67 s ???????? 002 /wp/wp-login.php
584d343.ea 8b636391 661b67 s ???????? 002 /blog/wp-login.php
584d345.c6 8b636391 661b67 s ???????? 002 /Wordpress/wp-login.php
584d346.96 8b636391 661b67 s ???????? 002 /Blog/wp-login.php
584d3b4.56 4d4b4d0b 6a9392 h ???????? 002 /robots.txt
584d3b5.6c 4d4b4d0b 6a9392 h ???????? 001 /feed
584d430.1d 5e824263 18b492 h ???????? 002 /robots.txt
584d431.03 5e824263 18b492 h ???????? 001 /sitemap.xml
584d451.9e 5e824263 18b492 h ???????? 00a /wiki/WwWebLern
584d473.50 5e824263 18b492 h ???????? 003 /wiki/SingularityUniversity
584d47d.b3 5e824263 18b492 h ???????? 002 /feed
584d48c.37 5e824263 18b492 h ???????? 016 /love/1e
584d493.2f 5e824263 18b492 h ???????? 003 /wiki/OttoScharmer
584d50e.14 42f942c8 043937 h ???????? 003 /wiki/IvoSlaus
584d535.fd 12d4c23a d970e1 h ???????? 024 /
584d761.e2 42f942c8 043937 h ???????? 004 /wiki/JesusMoneo
584d78d.43 42f942c6 622963 h ???????? 002 /film
584d93a.3a 42f942c6 043937 h ???????? 004 /wiki/KeithDSuter
584d952.02 42f942c6 043937 h ???????? 005 /wiki/IstGleich
584dbbb.92 42f942c8 043937 h ???????? 004 /wiki/MugurIsarescu
584dc76.1e 42f942ca 043937 h ???????? 004 /film
584dd9d.76 33260c17 a397c6 s ???????? 01a /
584df7c.5c 9d372745 6a88e8 h ???????? 004 /wiki/LebensErwartung
584dfc4.03 9d372745 6a88e8 h ???????? 01a /
584e032.ca 42f942ca 043937 h ???????? 004 /wiki/LaszloKapolyi
584e105.3d 42f942c6 043937 h ???????? 003 /wiki/AndersWijkman
584e133.3f 42f942c8 043937 h ???????? 002 /system
584e173.c3 cbdb5db9 3eedd1 h ???????? 002 /search
584e233.13 42f942c8 043937 h ???????? 004 /wiki/TerraMind
584e331.d8 d1116122 14defb h ???????? 019 /
584e399.3b 42f942c6 043937 h ???????? 003 /wiki/HeleneFischer
584e426.d1 42f942c6 043937 h ???????? 003 /wiki/SteveReed
584e443.e0 ca053864 702dd8 h ???????? 022 /
584e52d.61 42f942c6 043937 h ???????? 004 /wiki/ChampDeMars
584e652.81 42f942ca 622963 h ???????? 003 /go
584e6b2.72 b009046a 18b492 h ???????? 002 /robots.txt
584e6b2.a0 b009046a 18b492 h ???????? 002 /robots.txt
584e6b2.e3 b009046a 18b492 h ???????? 003 /wiki/PerspectiveNumerique
584e6e0.05 42f942c8 043937 h ???????? 004 /wiki/RaoulWeiler
584e7b5.f6 d1116062 14defb s ???????? 026 /
584e8e2.5c 42f942c8 043937 h ???????? 004 /wiki/BraveNewWorld
584e9a4.a6 42f95cc9 70a047 h ???????? 003 //rss.rdf
584ea3d.46 42f942ca 043937 h ???????? 005 /wiki/MervatTallawy
584eb14.11 42f942c8 043937 h ???????? 003 /wiki/MarketGap
584eb69.c3 42f942c6 622963 h ???????? 002 /crush
584ebfb.c8 42f942ca 043937 h ???????? 004 /wiki/ZumFaehrgarten
584ece1.9e 42f942c6 043937 h ???????? 004 /wiki/ArtFestival
584ee39.4d 5f6cb561 e4b041 s ???????? 003 /robots.txt
584ee3c.e0 5f6cb561 e4b041 s ???????? 112 /ls
584ee94.e8 42f942ca 043937 h ???????? 004 /wiki/TapioOKanninen
584ef82.10 113a676c 4d4314 h ???????? 002 //robots.txt
584ef82.85 113a676c 4d4314 h ???????? 002 /robots.txt
584ef82.d3 113a676c 4d4314 h ???????? 002 //edit/445002
584f0cb.9d 42f942ca 043937 h ???????? 003 /earth
584f156.62 42f942c8 043937 h ???????? 004 /wiki/AnitraThorhaug
584f207.99 42f942c6 043937 h ???????? 004 /wiki/SaschaKuehn
584f2d4.6f 6baad304 ef60d6 s ???????? 01c /
584f3b3.ce b2084007 5ec1d2 s ???????? 028 /
584f3b8.46 b2084007 5ec1d2 s ???????? 003 /feel/4
584f3f7.32 42f942d2 043937 s ???????? 004 /wiki/TrueLife
584f4a4.e2 42f942c8 043937 h ???????? 004 /wiki/KunikoInoguchi
584f5da.d7 42f942ca 043937 h ???????? 004 /wiki/GoogleDocs
584f652.e5 42f942c6 043937 h ???????? 004 /wiki/JerusalemGasse
584f784.60 42f942c8 043937 h ???????? 004 /wiki/KlausSteilmann
584f8f8.40 42f942c6 043937 h ???????? 004 /wiki/WattenScheid
584fac7.41 42f942c6 043937 h ???????? 004 /wiki/MajidTehranian
584fb1f.01 4d4b4caa 6a9392 h ???????? 004 /robots.txt
584fb1f.dd 4d4b4caa 6a9392 h ???????? 004 //wiki/NooPolis
584fb20.80 4d4b4caa 6a9392 h ???????? 01a /love/1e
584fb80.6e 2e16d096 6314aa h ???????? 002 //rss.rdf
584fc5a.84 42f942c6 043937 h ???????? 004 /wiki/WouterVanDieren
584fc5b.11 c7a71e68 a95ea1 h ???????? 002 //rss.rdf
584fcd6.f2 42f942d2 043937 s ???????? 005 /wiki/InZe
584fd45.9d 42f942c8 043937 h ???????? 004 /wiki/HeldenPlatz
584fd70.ca 1f1f611a 19c6c4 h ???????? 02a /
584fe72.1a 42f942c6 622963 h ???????? 01c /
584ffcf.ee 42f942c6 043937 h ???????? 005 /wiki/CoLearningSpace
