59a017a.23 42f94534 622963 s ???????? 003 /wiki/DeBate
59a017a.d7 42f9452a 043937 h ???????? 004 /wiki/BellaManoim
59a024e.e4 42f94526 043937 h ???????? 004 /wiki/StephanGrimm
59a028d.9d 42f94532 043937 s ???????? 004 /wiki/GoogleTalk
59a032e.de 42f94526 043937 h ???????? 003 /wiki/ArlenGriffey
59a045a.0c 42f94526 043937 h ???????? 004 /wiki/RePort
59a04fb.4e 42f9452a 043937 h ???????? 004 /wiki/GoogleTalk
59a065f.4b 1f2f67b5 be37cc h ???????? 01a /
59a06c1.f3 42f94526 043937 h ???????? 003 /wiki/DaliaVaranka
59a06e0.ac cf2e0d60 6a88e8 h ???????? 017 /edit/15316001
59a06f0.a9 42f94528 043937 h ???????? 003 /wiki/JayChen
59a076b.e5 42f9452a 043937 h ???????? 004 /wiki/YoguRette
59a077d.87 42f94526 043937 h ???????? 004 /wiki/VanesaLopez
59a0947.b1 42f94528 043937 h ???????? 004 /wiki/MaximGrinev
59a0a5b.56 42f94530 622963 s ???????? 004 /wiki/MindId
59a0b08.c2 42f9452a 043937 h ???????? 004 /wiki/SayandeepSen
59a0ba7.50 55615071 cedf5c h ???????? 01c /
59a0d0a.b1 42f94528 043937 h ???????? 004 /wiki/GeHirn
59a0db5.6f 9d372742 6a88e8 h ???????? 004 /wiki/DieVioletten
59a0def.c0 42f94526 043937 h ???????? 004 /wiki/PuOJ8d
59a0f74.bc 3cbf264d 24f5f0 s ???????? 024 /
59a1397.79 42f94532 622963 s ???????? 004 /wiki/DasMan
59a1456.ad 42f94532 043937 s ???????? 004 /wiki/MiPo
59a152e.45 33260c17 a397c6 h ???????? 01b /
59a15ec.27 42f945e7 043937 h ???????? 004 /wiki/JspWiki
59a15f0.2d 284da7da 6a88e8 h ???????? 004 /wiki/HeikeRibke
59a1635.77 c39aaac2 580248 h ???????? 003 /wiki/CommunityWiki
59a1641.55 b97e2928 be37cc h ???????? 01c /
59a16bb.41 42f95769 70a047 h ???????? 003 //rss.rdf
59a17b9.7a 42f945ef 043937 s ???????? 004 /wiki/NachNeuenMeeren
59a17c3.4c 42f945e5 043937 h ???????? 004 /wiki/MiPo
59a18b3.c4 42f945e5 043937 h ???????? 004 /wiki/RaKu
59a1ba4.cf cf2e0d60 6a88e8 h ???????? 005 /wiki/InternetManifest
59a1c1d.f0 42f945f1 622963 s ???????? 003 /wiki/OpenId
59a1c73.9d 6772683b dc1a18 h ???????? 01a /
59a1c75.9d 6772683b dc1a18 h ???????? 002 //https://floatingboat2013.appspot.com
59a1c77.98 6772683b dc1a18 h ???????? 003 //wiki/AlanTuring
59a1c79.cb 6772683b dc1a18 h ???????? 003 //wiki/GottfriedWilhelmLeibniz
59a1c7b.9d 6772683b dc1a18 h ???????? 003 //https://floatingboat2013.appspot.com/UrPic
59a1c7d.2e 6772683b dc1a18 h ???????? 003 //https://floatingboat2013.appspot.com/ad
59a1c7f.27 6772683b dc1a18 h ???????? 002 //https://sl4.eu/hls
59a1c81.7d 6772683b dc1a18 h ???????? 002 //https://sl4.eu/ls
59a1c83.89 6772683b dc1a18 h ???????? 002 //https://sl4.eu/sh
59a1c85.14 6772683b dc1a18 h ???????? 002 //https://www.youtube.com/watch
59a1d86.9b 9d372789 6a88e8 h ???????? 004 /wiki/FreistaatSachsen
59a1ea6.3c 42f945e7 043937 h ???????? 004 /wiki/PieschenMole
59a1ecd.40 42f945ef 043937 s ???????? 004 /wiki/JustDoIt
59a1f77.62 9d372789 6a88e8 h ???????? 01c /
59a2157.ca 836c34c2 cdfc4d h ???????? 01b /
59a21ae.b2 42f945e7 043937 h ???????? 002 //robots.txt
59a2287.88 42f945e9 043937 h ???????? 004 //wiki/RainerWasserfuhr
59a239e.1b b44c0fa2 a04d28 h ???????? 01c /
59a24c4.ec 42f945e9 043937 h ???????? 005 /wiki/ErlemannTurm
59a251c.1d 42f945f1 622963 s ???????? 004 /wiki/WebApp
59a27ae.59 42f945ef 043937 s ???????? 004 /wiki/MarketGap
59a2a76.cf 42f945e9 043937 h ???????? 005 /wiki/DbLp
59a2b16.10 6baac933 ef60d6 h ???????? 01c /
59a2c11.34 bca5e9e4 e3b0c4 h ???????? 003 /robots.txt
59a2c13.69 bca5e9e4 36ad42 h ???????? 020 /
59a2de1.05 42f945f3 622963 s ???????? 004 /wiki/SloGan
59a2f26.07 42f945e7 043937 h ???????? 005 /wiki/MiloradTosic
59a3019.87 5f6cb561 e4b041 h ???????? 003 /robots.txt
59a301d.35 5f6cb561 e4b041 h ???????? 01d /
59a30d2.90 42f945ef 043937 s ???????? 006 /wiki/JohnSmart
59a30ef.19 a4d7d8af 19c6c4 h ???????? 01d /
59a3275.dc 42f945e7 043937 h ???????? 005 /wiki/BNbxC5
59a3345.2a 9d372742 6a88e8 h ???????? 01c /edit/103666010
59a341f.40 284da7da 6a88e8 h ???????? 005 /wiki/AaaiFellow
59a35f5.5c 42f9576b 70a047 h ???????? 003 //rss.rdf
59a36de.f1 42f945f3 622963 s ???????? 004 /wiki/AnFang
59a3734.7c 9d372742 6a88e8 h ???????? 002 /edit/39866001
59a3791.2e 42f945e7 043937 h ???????? 004 /wiki/HRxL2L2A
59a37b8.a2 25bb382f e3b0c4 h ???????? 003 /robots.txt
59a37ba.d3 25bb382f 87f8b1 h ???????? 01d /
59a3971.06 42f945f1 043937 s ???????? 004 /wiki/PianoFred
59a3ad3.dc 5c18e19e cdfc4d h ???????? 02b /
59a3c3a.1c 42f945e9 043937 h ???????? 005 /wiki/SiBe
59a3da5.c8 42f945e5 043937 h ???????? 005 /wiki/DavideGuidi
59a3fa4.0b 42f945f1 622963 s ???????? 004 /wiki/MindMe
59a424d.cc 42f945e9 043937 h ???????? 005 /wiki/ApoPhaenie
59a425b.18 42f945ef 043937 s ???????? 004 /wiki/LangDe
59a42e4.98 9d77e275 702dd8 h ???????? 01f /
59a4480.fe 42f945e9 043937 h ???????? 005 /wiki/HeikoSpallek
59a44a0.4c 42f945e5 043937 h ???????? 005 /wiki/RonaldVrkic
59a46dd.0d 7e79bcef cedf5c h ???????? 021 /
59a4735.dc 284da7da 6a88e8 s ???????? 02c /
59a4885.56 42f945f1 622963 s ???????? 005 /wiki/CabiNet
59a48c5.83 42f945e7 043937 h ???????? 004 /wiki/SandraJanoff
59a4b25.bf 42f945db 043937 h ???????? 003 /robots.txt
59a4b34.43 42f945f3 043937 s ???????? 005 /wiki/WebApp
59a4b6b.9d 42f945dd 043937 h ???????? 029 /
59a4b7a.87 42f945e7 043937 h ???????? 005 /wiki/ExterneAndereArtikel
59a4d82.90 2e6962a6 e3b0c4 h ???????? 004 /robots.txt
59a4d84.c1 2e6962a6 aa5504 h ???????? 028 /
59a4dfc.11 42f945e5 043937 h ???????? 005 /wiki/DanielDoegl
59a4dff.e1 42f945e7 043937 h ???????? 004 /wiki/SuNo1044
59a4ef6.d0 253b3780 e3b0c4 h ???????? 003 /robots.txt
59a4ef9.1c 253b3780 0fa94d h ???????? 020 /
59a5074.23 42f945e9 622963 h ???????? 01f /
59a519d.29 42f945f3 622963 s ???????? 005 /wiki/StartUp
59a5398.44 33447ef8 2f8861 h ???????? 003 /phpMyAdmin/
59a53fc.dd 42f94566 043937 h ???????? 005 /wiki/MartinHaase
59a5415.49 42f94570 043937 s ???????? 005 /wiki/LangEn
59a5491.6d 3cbf264d 24f5f0 h ???????? 020 /
59a577f.92 42f94566 043937 h ???????? 005 /wiki/MindBooster
59a57a3.73 c7a71e68 a95ea1 h ???????? 016 //rss.rdf
59a57e1.bc 42f94568 622963 h ???????? 005 //wiki/RainerWasserfuhr
59a57f7.6f 42f95727 70a047 h ???????? 002 //rss.rdf
59a5845.0a 4b7f041c f93269 h ???????? 003 //rss.rdf
59a5849.0f 68a02066 a95ea1 h ???????? 003 //rss.rdf
59a5948.6e 42f9456a 043937 h ???????? 005 /wiki/MyungHwanKoo
59a5a2c.ce 9d372789 6a88e8 h ???????? 005 /wiki/FutureMap
59a5a47.f3 42f94574 622963 s ???????? 005 /wiki/MindShop
59a5c31.1d da4be608 a338e2 h ???????? 003 /user/register/
59a5d58.c9 42f94574 043937 s ???????? 005 /wiki/VerLust
59a5e41.4e 42f94566 043937 h ???????? 005 /wiki/SandyPayette
59a5f70.a5 8af6fd05 b5326e s ???????? 021 /
59a5fbf.c3 42f9456a 043937 h ???????? 004 /wiki/SuNo1169
59a600c.83 42f94568 043937 h ???????? 005 /wiki/ShlomoBenAmi
59a60f7.b2 42f94566 043937 h ???????? 006 /wiki/GeorgeSoros
59a61ca.1d 42f945e9 043937 h ???????? 005 /wiki/TrevorMartin
59a632c.c4 42f945f1 622963 s ???????? 005 /wiki/LastWill
59a634c.d1 42f945e7 043937 h ???????? 006 /wiki/JerusalemGasse
59a636c.dd 42f945e7 043937 h ???????? 005 /wiki/DavidShotton
59a6533.78 42f945e9 043937 h ???????? 007 /wiki/SaskiaSassen
59a6577.84 42f945f3 043937 s ???????? 005 /wiki/NeuroSemantic
59a65d8.00 42f945f1 043937 s ???????? 008 /wiki/MindSql
59a67d5.6a 42f945e9 043937 h ???????? 005 /wiki/NeuroSemantic
59a6980.e3 42f945e9 043937 h ???????? 005 /wiki/JanineBenyus
59a6a69.68 42f945e9 043937 h ???????? 005 /wiki/DresdenZwinger
59a6b4f.41 42f945e7 043937 h ???????? 006 /wiki/ThomasHerrmann
59a6c0b.0e 42f945f3 622963 s ???????? 005 /wiki/LifeWiki
59a6cdd.45 42f945e9 043937 h ???????? 007 /wiki/CharlieAbela
59a6dbe.c2 42f945e9 043937 h ???????? 005 /wiki/NinaKruschwitz
59a6ef2.9f 42f945f3 043937 s ???????? 006 /wiki/MindProps
59a6f19.51 42f945e9 622963 h ???????? 024 /
59a6f73.d1 42f945e5 043937 h ???????? 004 /wiki/MarvinWeisbord
59a7056.87 42f945e9 043937 h ???????? 005 /wiki/TimBonnemann
59a7072.fb 2ee5a183 d05934 h ???????? 005 //wiki/WwWebLern
59a7182.dd 42f945e9 043937 h ???????? 005 /wiki/SaikatGuha
59a71cc.7c 42f945e5 043937 h ???????? 006 /wiki/SchlossBruecke
59a72db.0e 42f945e9 043937 h ???????? 017 /wiki/CottaerStrasse
59a7464.df 42f95769 70a047 h ???????? 004 //rss.rdf
59a74c8.19 42f945e7 043937 h ???????? 005 /wiki/HartigStrasse
59a7504.03 42f945e5 622963 h ???????? 006 /wiki/MainStream
59a7666.92 42f945e9 043937 h ???????? 005 /wiki/LukaszGadowski
59a7771.73 05a62428 be37cc h ???????? 02c /
59a779b.0d 42f945f1 043937 s ???????? 006 /wiki/PatenLand
59a7807.de 42f945e5 043937 h ???????? 006 /wiki/SigridESchubert
59a79ca.cb 42f945e9 043937 h ???????? 005 /wiki/LeanManagement
59a7a52.06 c99695ba cdfc4d h ???????? 027 /
59a7b7a.22 42f945e9 043937 h ???????? 01a /wiki/KevinSiembieda
59a7c5e.2b 42f945e5 043937 h ???????? 006 /wiki/PanuPihlasvaara
59a7e29.a4 42f945ef 622963 s ???????? 005 /wiki/MindShare
59a7e33.61 42f945e5 043937 h ???????? 005 /wiki/WolfgangKoenig
59a7f74.51 12df6b9f 966592 h ???????? 024 /
59a7f74.d3 12df6b9f 502286 h ???????? 02d /
59a7fab.76 42f945e9 043937 h ???????? 006 /wiki/CameronAusterity
59a8080.d8 42f945f1 043937 s ???????? 005 /wiki/NightLife
59a8160.9a 42f945e9 043937 h ???????? 007 /wiki/FirstThingsFirst
59a826f.ec 42f945e5 043937 h ???????? 006 /wiki/AndrewSTanenbaum
59a8345.db 42f945e7 043937 h ???????? 006 /wiki/GaryHallmark
59a841a.3f 42f945e9 043937 h ???????? 007 /wiki/WalterUlbricht
59a847f.91 5569c9e2 cdfc4d h ???????? 024 /
59a84ec.0a 3644f034 55a602 h ???????? 025 /
59a84f1.8c 3644f034 55a602 h ???????? 022 /
59a84f6.af 3644f034 55a602 h ???????? 003 /feel/4
59a84f6.ae 3644f034 55a602 h ???????? 008 /alive/4
59a84fa.53 3644f034 55a602 h ???????? 003 /alive/8
59a84fa.6b 3644f034 55a602 h ???????? 003 /feel/8
59a8502.87 3644f034 55a602 h ???????? 055 /alive/10
59a8502.8a 3644f034 55a602 h ???????? 04d /feel/10
59a85dc.2a 42f945e9 043937 h ???????? 005 /wiki/FredericChopin
59a861c.e3 33447ef8 2f8861 h ???????? 02e /
59a86af.ba 42f945f1 622963 s ???????? 006 /wiki/WikiBased
59a8785.99 42f945e5 043937 h ???????? 005 /wiki/ChideGroenouwe
59a88e5.4f b144cdcc 702dd8 h ???????? 033 /
59a8912.4f 8ba24e87 186d9a s ???????? 024 /
59a8943.6a 42f945e9 043937 h ???????? 007 /wiki/EgmontVonArdenne
59a895d.f5 42f945f1 043937 s ???????? 006 /wiki/UnterHalt
59a8966.67 42f945ef 043937 s ???????? 008 /wiki/ArminFalk
59a89d0.c3 cf2e0d60 6a88e8 h ???????? 007 /wiki/BalticDryIndex
59a8a1d.d3 42f945e9 043937 h ???????? 006 /wiki/ArminFalk
59a8b1f.14 42f945e7 043937 h ???????? 006 /wiki/RobertBaumgartner
59a8c54.12 23add93d 2baa92 h ???????? 02a /
59a8cb8.05 36d32b01 2baa92 h ???????? 029 /
59a8cc3.31 42f945e5 043937 h ???????? 006 /wiki/PieschenerStrasse
59a8e7b.b0 42f945e7 043937 h ???????? 007 /wiki/InnovationsRausch
59a8fc2.3a 42f945ef 622963 s ???????? 006 /wiki/MindFloor
59a9046.47 42f945e5 043937 h ???????? 005 /abitur
59a90c3.ec 42f95769 70a047 h ???????? 006 //rss.rdf
59a90e7.d1 b44c0f97 a04d28 h ???????? 006 /wiki/PieschenTv
59a9101.ee 42f945e7 043937 h ???????? 006 /wiki/AltersVersorgung
59a91dd.a4 29d75662 19c6c4 h ???????? 025 /
59a923f.61 42f945f3 043937 s ???????? 007 /wiki/BiLingual
59a92ae.54 42f945e7 043937 h ???????? 006 /wiki/SebastianBoehm2
59a93a6.57 42f945e5 043937 h ???????? 006 /wiki/ZentralBankerin
59a94b0.39 22dc2565 63e404 h ???????? 027 /
59a94b5.47 22dc2565 63e404 h ???????? 030 /
59a94be.ee 22dc2565 63e404 h ???????? 001 /feel/8
59a94be.ef 22dc2565 63e404 h ???????? 001 /alive/8
59a94c6.49 22dc2565 63e404 h ???????? 021 /alive/10
59a94c6.4c 22dc2565 63e404 h ???????? 01b /feel/10
59a9508.a7 42f945e7 043937 h ???????? 002 /wiki/DeliaRusu
59a9637.68 42f945e7 043937 h ???????? 002 /wiki/MatthewPianalto
59a96fd.b3 42f945e9 043937 h ???????? 002 /wiki/FriedrichSchiller
59a97ec.69 42f945e7 043937 h ???????? 002 /wiki/FetscherStrasse
59a9872.ab 42f945e5 622963 h ???????? 002 /wiki/AvantGarde
59a991a.a0 c73a56d1 028fc4 h ???????? 002 /robots.txt
59a991c.58 c73a56d1 028fc4 h ???????? 014 /
59a9a03.50 b9ead93f c5e558 h ???????? 002 /wp-login.php
59a9a03.7f b9ead93f 0805c1 h ???????? 001 /wp-login.php
59a9b70.80 42f945f3 043937 s ???????? 003 /wiki/OrderBook
59a9d31.c3 59f8a8ab 49d999 h ???????? 001 /MySQLAdmin/scripts/setup.php
59a9d31.e7 59f8a8ab 49d999 h ???????? 002 /PHPMYADMIN/scripts/setup.php
59a9d32.08 59f8a8ab 49d999 h ???????? 001 /PMA/scripts/setup.php
59a9d32.28 59f8a8ab 49d999 h ???????? 002 /PMA2011/
59a9d32.49 59f8a8ab 49d999 h ???????? 001 /PMA2011/scripts/setup.php
59a9d38.6b 59f8a8ab 49d999 h ???????? 001 /SQL/scripts/setup.php
59a9dce.bc 59f8a8ab 49d999 h ???????? 002 /mysqladmin/scripts/setup.php
59a9dce.dd 59f8a8ab 49d999 h ???????? 001 /mysqladminconfig/scripts/setup.php
59a9dce.ff 59f8a8ab 49d999 h ???????? 001 /mysqlmanager/scripts/setup.php
59a9df0.2f 59f8a8ab 49d999 h ???????? 001 /phpMyAdmin-2.5.5/index.php
59a9df4.29 42f945e7 043937 h ???????? 002 /wiki/TalDerAhnungslosen
59a9df9.5b 59f8a8ab 49d999 h ???????? 002 /phpMyAdmin-3/setup/index.php
59a9dfd.84 59f8a8ab 49d999 h ???????? 001 /phpMyAdmin/scripts/setup.php
59a9e0c.a9 59f8a8ab 49d999 h ???????? 001 /phpmy-admin/scripts/setup.php
59a9e18.ce 59f8a8ab 49d999 h ???????? 001 /phpmyadmin3/scripts/setup.php
59a9e18.f3 59f8a8ab 49d999 h ???????? 002 /phpmyadmin4/scripts/setup.php
59a9e22.1b 59f8a8ab 49d999 h ???????? 001 /pma/scripts/setup.php
59a9e28.40 59f8a8ab 49d999 h ???????? 002 /pma2008/scripts/setup.php
59a9e31.67 59f8a8ab 49d999 h ???????? 001 /pma2017/scripts/setup.php
59a9e31.8b 59f8a8ab 49d999 h ???????? 002 /pmadmin/scripts/setup.php
59a9e31.af 59f8a8ab 49d999 h ???????? 002 /program/scripts/setup.php
59a9e31.da 59f8a8ab 49d999 h ???????? 002 /roundcube/scripts/setup.php
59a9e3f.07 59f8a8ab 49d999 h ???????? 001 /sql/myadmin/scripts/setup.php
59a9e42.29 59f8a8ab 49d999 h ???????? 001 /sql/phpMyAdmin/scripts/setup.php
59a9e42.4e 59f8a8ab 49d999 h ???????? 002 /sql/phpMyAdmin2/scripts/setup.php
59a9e42.77 59f8a8ab 49d999 h ???????? 001 /sql/phpmanager/scripts/setup.php
59a9e5a.ae 59f8a8ab 49d999 h ???????? 002 /sql/websql/scripts/setup.php
59aa124.06 284da7da 6a88e8 h ???????? 002 /wiki/GruenesWunder
59aa154.3f 42f945f1 622963 s ???????? 002 /wiki/ForeSight
59aa386.51 b2ab4130 85c767 h ???????? 026 /
59aa401.e8 42f945ef 043937 s ???????? 002 /wiki/SixDegrees
59aa5e8.a9 42f945e9 043937 h ???????? 002 /wiki/DianaMaynard
59aaa35.44 42f945f1 622963 s ???????? 003 /wiki/StateMent
59aaa62.e2 6baacc39 ef60d6 s ???????? 015 /
59aab3f.33 42f945e5 043937 h ???????? 002 /robots.txt
59aac93.18 42f945e5 043937 h ???????? 002 /Edit.jsp
59aad03.33 42f945f3 043937 s ???????? 006 /wiki/AcCelerate
59aad6d.63 42f945e9 043937 h ???????? 002 /Edit.jsp
59aade4.f5 42f9576b 70a047 h ???????? 001 //rss.rdf
59ab1d5.e1 42f945e7 043937 h ???????? 003 /wiki/NewHollandCr9090
59ab2ac.bc 42f945f1 043937 s ???????? 003 /wiki/StHe
59ab315.ee 42f945f1 622963 s ???????? 003 /wiki/BankKonto
59ab54d.bb 2680420a b21e02 h ???????? 01c /
59ab5c4.ee 42f945f3 043937 s ???????? 002 /wiki/JohnMSmart
59ab5f2.e7 42f945e7 043937 h ???????? 002 /wiki/StHe
59ab6df.d9 42f945e9 043937 h ???????? 003 /wiki/MaehdrescherBallett
59ab7ac.19 42f945e9 043937 h ???????? 003 /wiki/ContRol
59ab7c7.52 42f945e7 043937 h ???????? 002 /wiki/StuetzenOderStuerzen
59ab7cb.45 8ac56814 d1bfbb h ???????? 014 /
59aba86.01 b00ec1a5 fd24b5 h ???????? 024 /
59aba86.7a b00ec1a5 fd24b5 h ???????? 002 /favicon.ico
59aba8a.64 b00ec1a5 fd24b5 h ???????? 002 /feel/4
59aba8e.62 b00ec1a5 fd24b5 h ???????? 001 /feel/8
59aba9a.db b00ec1a5 fd24b5 h ???????? 013 /
59abab5.dd 42f945e7 043937 h ???????? 002 /wiki/StephenSchantzis
59abb0a.8e 42f945e9 043937 h ???????? 004 /wiki/GesellschaftsOrdnung
59abc17.0e 42f945e9 043937 h ???????? 003 /wiki/MissionImpossible
59abc46.46 42f945f1 622963 s ???????? 003 /wiki/FutureMap
59abea7.bd 42f945f1 043937 s ???????? 003 /wiki/FirstDegree
59abecd.24 9d372789 6a88e8 h ???????? 002 /edit/39236007
59abecd.6d 9d372789 6a88e8 h ???????? 001 /edit/37886002
59abecd.b1 9d372789 6a88e8 h ???????? 003 /wiki/AriadneFaden
59abecd.f5 9d372789 6a88e8 h ???????? 002 /wiki/BelaAnda
59abece.38 9d372789 6a88e8 h ???????? 002 /wiki/BenazirBhutto
59abece.81 9d372789 6a88e8 h ???????? 003 /wiki/BodyOne
59abece.c5 9d372789 6a88e8 h ???????? 002 /wiki/BruceWillis
59abecf.0b 9d372789 6a88e8 h ???????? 002 /wiki/BrunoGanz
59abecf.53 9d372789 6a88e8 h ???????? 003 /wiki/CamelWueste
59abecf.97 9d372789 6a88e8 h ???????? 003 /wiki/CemBasman
59abecf.db 9d372789 6a88e8 h ???????? 003 /wiki/CharlesStross
59abed0.1f 9d372789 6a88e8 h ???????? 002 /edit/47126020
59abed8.a3 cf2e0d60 6a88e8 h ???????? 002 /edit/36826001
59abed8.eb cf2e0d60 6a88e8 h ???????? 003 /wiki/BlackSwan
59abed9.30 cf2e0d60 6a88e8 h ???????? 002 /wiki/CamBridge
59abed9.7b cf2e0d60 6a88e8 h ???????? 002 /edit/39856001
59abed9.c7 cf2e0d60 6a88e8 h ???????? 002 /StarTime
59abedd.6d 284da7da 6a88e8 h ???????? 002 /edit/38936001
59abedd.a6 284da7da 6a88e8 h ???????? 01a /edit/12376001
59abedd.e9 284da7da 6a88e8 h ???????? 001 /bsLog
59abede.1f 284da7da 6a88e8 h ???????? 003 /wiki/AaaiFellow
59abede.54 284da7da 6a88e8 h ???????? 003 /wiki/BaconNumber
59abede.8e 284da7da 6a88e8 h ???????? 004 /wiki/BindungsProblem
59abede.c4 284da7da 6a88e8 h ???????? 003 /wiki/BioMind
59abede.fb 284da7da 6a88e8 h ???????? 004 /wiki/BootStrap
59abedf.31 284da7da 6a88e8 h ???????? 004 /wiki/CelesteHolm
59abedf.66 284da7da 6a88e8 h ???????? 003 /wiki/HappyBirthdayQ3
59abedf.9e 284da7da 6a88e8 h ???????? 002 /edit/42546011
59abedf.d9 284da7da 6a88e8 h ???????? 001 /MuskDreams
59abee0.16 284da7da 6a88e8 h ???????? 002 /OnTime
59abeeb.59 9d372742 6a88e8 h ???????? 002 /edit/39866001
59abf63.22 42f945e7 043937 h ???????? 004 /wiki/SchnackJobController
59ac092.90 8a765617 cedf5c h ???????? 01a /
59ac11d.b6 42f945e7 043937 h ???????? 004 /wiki/GerhartHauptmann
59ac31a.6e 42f945e7 043937 h ???????? 003 /wiki/SchlossCharlottenburg
59ac3d7.1e 42f941aa 043937 h ???????? 004 /wiki/ValueProposition
59ac4d8.fc 42f941b2 622963 s ???????? 004 /wiki/VerTrauen
59ac647.78 42f941a8 043937 h ???????? 005 /wiki/SbSp
59ac66c.76 af6491e6 cedf5c h ???????? 017 /
59ac787.4d 42f941b4 043937 s ???????? 004 /wiki/StartUpYear
59ac800.5b 42f941a8 043937 h ???????? 005 /wiki/SiMa
59ac8e6.f8 42f941a6 043937 h ???????? 004 /wiki/FritzFoersterPlatz
59ac96f.68 42f941aa 043937 h ???????? 003 /wiki/SuNo1099
59aca6e.2d 94fb78c9 028fc4 h ???????? 002 //robots.txt
59aca73.73 94fb78c9 028fc4 h ???????? 004 //wiki/%25s
59aca7c.88 94fb78c9 028fc4 h ???????? 004 //wiki/%3C%25=session.getAttribute(
59aca83.40 94fb78c9 028fc4 h ???????? 003 //wiki/AnneWillSingulari%E2%80%A6
59aca8b.27 94fb78c9 028fc4 h ???????? 003 //wiki/DresdenWiFi%E2%80%9C
59aca93.63 94fb78c9 028fc4 h ???????? 003 //wiki/DresdenWiFi
59aca9d.0d 94fb78c9 028fc4 h ???????? 005 //wiki/LockSchuppen.%C2%A0
59acaa5.33 94fb78c9 028fc4 h ???????? 003 //wiki/LockSchuppen.%C3%82%C2%A0
59acabb.67 113a676c 4d4314 h ???????? 002 //robots.txt
59acabb.da 113a676c 4d4314 h ???????? 002 /robots.txt
59acabc.23 113a676c 4d4314 h ???????? 002 //edit/798002
59acb60.4f d155ee4b 70a047 h ???????? 003 //rss.rdf
59acb71.44 42f941a8 043937 h ???????? 003 /wiki/KiWa
59acc7e.b9 42f941a6 043937 h ???????? 003 /wiki/KlausDieterSchewe
59acdc8.7d 42f941b2 622963 s ???????? 003 /wiki/ZielGruppe
59acdff.86 42f941aa 043937 h ???????? 004 /wiki/EdwardAFeigenbaum
59ace27.fb 05bdae97 516383 h ???????? 002 /robots.txt
59ace28.23 05bdae97 516383 h ???????? 023 /
59acea3.51 8ba27485 12bd58 s ???????? 01b /
59aceda.56 42f941a6 043937 h ???????? 004 /wiki/SingularityInside
59ad068.59 42f941b4 043937 s ???????? 004 /wiki/WandelDruck
59ad08c.40 42f941aa 043937 h ???????? 004 /wiki/KlZu
59ad106.d4 c61467b5 ce42d0 h ???????? 01b /
59ad14d.3c 3624966a 433e9c h ???????? 003 //robots.txt
59ad19a.84 42f941aa 043937 h ???????? 004 /wiki/ZahlenDatenFakten
59ad329.4d 42f941aa 043937 h ???????? 004 /wiki/ProBab
59ad403.58 42f941a8 043937 h ???????? 004 /wiki/BeCome
59ad498.fd a2d2c462 028fc4 h ???????? 003 //robots.txt
59ad49e.2f a2d2c462 028fc4 h ???????? 01b /
59ad4ad.bc a2d2c462 028fc4 h ???????? 003 /robots.txt
59ad4b2.cf a2d2c462 028fc4 h ???????? 027 /
59ad69b.fd 42f941b0 622963 s ???????? 004 /wiki/NooPolisDe
59ad6b0.c2 42f941a8 043937 h ???????? 004 /wiki/CibWiki
59ad785.9d 42f941a6 043937 h ???????? 004 /wiki/PhilippineLippold
59ad87f.53 42f941aa 043937 h ???????? 005 /wiki/SingularLightHouse
59ad97f.1d 42f941b4 043937 s ???????? 003 /wiki/ThirdDegree
59ada0d.5b 42f941a8 043937 h ???????? 003 /wiki/BauPortal
59adb05.b1 42f941b2 043937 s ???????? 004 /wiki/BorisPahor
59adb05.b0 42f941b0 043937 s ???????? 007 /robots.txt
59adb32.c2 42f941a6 043937 h ???????? 004 /wiki/ChongWang
59adbbe.df 42f941aa 043937 h ???????? 004 /wiki/GruenderInitiative
59add73.d4 42f941a8 043937 h ???????? 004 /wiki/LisaRosa
59ade67.08 42f941a6 043937 h ???????? 005 /wiki/BorisPahor
59ade95.55 b44c0f12 a04d28 h ???????? 003 /wiki/WwWebLern
59adf7d.5d 42f941b4 622963 s ???????? 004 /wiki/MindBroker
59ae016.5e 42f941a6 043937 h ???????? 004 /wiki/NichtRaucherBalkon
59ae0fb.29 42f941a6 043937 h ???????? 004 /wiki/BirgitMatuschewski
59ae22b.41 42f941b4 043937 s ???????? 004 /wiki/FutureTrick
59ae28e.e5 42f941a6 043937 h ???????? 004 /wiki/ChenLi2
59ae484.96 cf2e0d60 6a88e8 h ???????? 004 /wiki/EvanEhrenberg
59ae550.1e 42f94f2b 043937 h ???????? 004 /wiki/DiffFun
59ae6f7.c0 42f94f2e 043937 h ???????? 005 /wiki/ChickAufMittePartyWc
59ae78b.dd 480ec7b0 70a047 h ???????? 003 //rss.rdf
59ae830.c0 9d372706 6a88e8 h ???????? 002 /robots.txt
59ae836.28 9d372789 6a88e8 h ???????? 004 /wiki/PageView
59ae85e.77 42f94f39 622963 s ???????? 005 /wiki/PlanetEarth
59ae8d2.7d 42f94f2e 043937 h ???????? 005 /wiki/MaxScholz
59ae9ae.7b 42f94f28 043937 h ???????? 004 /wiki/TranslateRaysTedTalk
59aeb0c.82 42f94f3f 043937 s ???????? 004 /wiki/LateAdopter
59aeb49.26 42f94f2e 043937 h ???????? 005 /wiki/SingularitySummit2008
59aeba2.b2 12ea49a8 2baa92 h ???????? 01e /
59aec12.a4 42f94f2e 043937 h ???????? 005 /wiki/ComponentBusinessModel
59aecc8.00 23c2d3da ef60d6 h ???????? 025 /
59aecf6.34 42f94f28 043937 h ???????? 004 /wiki/ThanhTran
59aed3d.f4 9d372789 6a88e8 h ???????? 01e /
59aedc5.34 42f94f2e 043937 h ???????? 004 /wiki/ZimbAbwe
59aef7f.a2 42f94f28 043937 h ???????? 005 /wiki/IchBringDichGanzGrossRaus
59af13f.89 42f94f3f 622963 s ???????? 005 /wiki/MarketPlace
59af144.51 42f94f2b 043937 h ???????? 005 /wiki/IndustrieUndHandelskammer
59af314.1d 42f94f2b 043937 h ???????? 007 /wiki/AaAa
59af3d1.9e 42f94f28 043937 h ???????? 006 /wiki/ReFriend
59af3ed.75 42f94f3c 043937 s ???????? 004 /wiki/GlaesernBank
59af4bb.3e 42f94f2e 043937 h ???????? 006 /wiki/BrunoHaid
59af5a5.c0 42f94f28 043937 h ???????? 004 /wiki/JuKu
59af7d3.7d 68809083 79af88 h ???????? 022 /
59af7d7.08 68809083 79af88 h ???????? 002 /redirect.php
59af8ed.56 42f94f28 043937 h ???????? 005 /wiki/ReMix
59af97c.b2 25edea30 19c6c4 h ???????? 026 /
59afa3e.72 42f94f39 622963 s ???????? 004 /wiki/DealFutures
59afb80.25 42f94f2e 043937 h ???????? 005 /wiki/KiriBati
59afb9b.68 bf173a0d 702dd8 h ???????? 01c /
59afc72.8c 42f94f20 043937 s ???????? 005 /wiki/PiKe
59afcce.75 42f94f3c 043937 s ???????? 009 /wiki/TestDeTuring
59afd46.80 42f94f22 043937 h ???????? 005 /wiki/ChTo
59afd89.f0 2ee5a183 d05934 h ???????? 004 //wiki/ChristianHeller
59afe46.7b 42f94f26 043937 h ???????? 005 /wiki/IpoTla
59afeb9.a0 42f94f2e 043937 h ???????? 005 /wiki/SupportNr0100
59aff25.28 42f94f2e 043937 h ???????? 005 /wiki/GeniCom
