5a000a3.7b 904c06e6 028fc4 h ???????? 001 /robots.txt
5a000a6.76 904c06e6 028fc4 h ???????? 011 /
5a00386.38 42f94f28 043937 h ???????? 003 /wiki/KarstenAlbrecht
5a00415.8c 42f94f3f 622963 s ???????? 002 /wiki/WindelWelt
5a00453.fd 42f94f2b 043937 h ???????? 002 /wiki/SpuelKraft
5a00550.53 362494c5 433e9c h ???????? 001 /edit/31136001
5a006a1.cd 3e951d30 799c8e h ???????? 003 /wiki/rainerwasserfuhr/
5a00734.cf d8f442f3 2e51d1 h ???????? 002 //robots.txt
5a00757.0b 42f94f39 043937 s ???????? 002 /wiki/HauptExp
5a008b9.cb 3624954a 433e9c h ???????? 002 /wiki/SocialBackup
5a00a27.00 73400d7d be37cc h ???????? 014 /
5a00aa4.8b d8e405fd 702dd8 h ???????? 013 /
5a00b0b.d3 42f94f2b 043937 h ???????? 002 /wiki/SyStem
5a00b24.62 3624940c 433e9c h ???????? 001 /edit/24426003
5a00bb7.b9 3624953e 433e9c h ???????? 001 /edit/24016005
5a00bde.3b 42f94f2e 043937 h ???????? 002 /wiki/LimitsOfGrowth
5a00c7e.73 d4401268 2f8861 s ???????? 002 /phpmyadmin/
5a00c7f.6d d4401268 2f8861 s ???????? 012 /
5a00c80.62 d4401268 2f8861 s ???????? 001 /console
5a00cbe.ac 42f94f2b 043937 h ???????? 002 /wiki/KuddelDaddelDu
5a00cf6.5a 42f94f3f 622963 s ???????? 002 /wiki/MindPoster
5a00d91.fc 42f94f28 043937 h ???????? 002 /wiki/ReneHobusch
5a00d95.cc 36249429 433e9c h ???????? 002 /edit/26426005
5a00fd0.51 480ec7aa 70a047 h ???????? 008 //rss.rdf
5a01038.ee 42f94f3f 043937 s ???????? 003 /wiki/KeyBoard
5a01055.07 a51025bb be37cc h ???????? 018 /
5a0105e.80 42f94f2b 043937 h ???????? 002 /wiki/AvestaReal
5a013ea.fb 674a6f3c cdfc4d h ???????? 015 /
5a0147c.a7 42f94f2b 043937 h ???????? 002 /wiki/JohnBarrow
5a01532.45 36249561 433e9c h ???????? 002 /edit/31126001
5a01588.7b 42f94f2e 043937 h ???????? 003 /wiki/MargittaHollick
5a01610.6d 42f94f39 622963 s ???????? 002 /wiki/MutterErde
5a0166a.ad 3624945e 433e9c h ???????? 002 /edit/30006002
5a016b5.a9 d42a63ca be37cc h ???????? 019 /
5a0191a.16 42f94f3f 043937 s ???????? 003 /wiki/MindFilm
5a019c0.6e b44c0f1a a04d28 h ???????? 01c /
5a019d4.b6 42f94f28 043937 h ???????? 002 /wiki/TextAreaFelder
5a01b0e.80 d8f442f3 2e51d1 h ???????? 001 //robots.txt
5a01b35.59 362494e4 433e9c h ???????? 002 /edit/29186009
5a01b60.6f 42f94f3f 043937 s ???????? 002 /wiki/SwDf
5a01b99.74 cf2e0d92 6a88e8 h ???????? 009 /edit/29596002
5a01c62.f0 42f94f2e 043937 h ???????? 003 /wiki/MarcoGoetze
5a01ccf.25 42f94f28 043937 h ???????? 003 /wiki/LadyLohse
5a01eb8.d3 42f94f28 622963 h ???????? 003 /wiki/ExPo
5a01fef.aa 42f94f2b 043937 h ???????? 002 /wiki/WolframLeuze
5a020a2.a6 cf2e0dc9 6a88e8 s ???????? 001 /robots.txt
5a020a3.ce cf2e0dc9 6a88e8 s ???????? 001 /robots.txt
5a020ab.3c cf2e0d92 6a88e8 s ???????? 021 /
5a02166.8b 42f94f28 043937 h ???????? 003 /wiki/NormanVolger
5a0218c.66 362494b6 433e9c h ???????? 001 /edit/25396002
5a021fb.60 42f94f3f 043937 s ???????? 003 /wiki/StandOrt
5a02225.fb 3624945d 433e9c h ???????? 001 /edit/24396001
5a02356.ad 42f94f28 043937 h ???????? 003 /wiki/SwDf
5a02396.d3 42f94f2e 043937 h ???????? 003 /wiki/JunZhao
5a023a2.ae 42f94f2e 043937 h ???????? 002 /wiki/JiangBian
5a023a9.c5 42f94f28 043937 h ???????? 002 /wiki/CMariaKeet
5a023cd.1d 42f94f28 043937 h ???????? 003 /wiki/JunfengWang
5a023e7.35 42f94f2e 043937 h ???????? 003 /wiki/JussiKurki
5a023ff.b7 42f94f2b 043937 h ???????? 003 /wiki/TakuyaImai
5a02404.3f 42f94f28 043937 h ???????? 003 /wiki/HaroldBoley
5a02405.89 42f94f28 043937 h ???????? 003 /wiki/JiangDejun
5a02446.0b 42f94f28 043937 h ???????? 003 /wiki/OliverGreen
5a02454.e0 42f94f2e 043937 h ???????? 003 /wiki/RaymondWong
5a0245c.09 42f94f28 043937 h ???????? 003 /wiki/DenilsonSell
5a02463.a3 42f94f28 043937 h ???????? 003 /wiki/YasushiKato
5a0247e.21 42f94f28 043937 h ???????? 002 /wiki/DipsyKappor
5a02497.10 42f94f28 043937 h ???????? 003 /wiki/KwangSeunChoi
5a02498.af 42f94f2e 043937 h ???????? 003 /wiki/PauloQuaresma
5a024a3.1b 42f94f28 043937 h ???????? 002 /wiki/JouniTuominen
5a024b7.e3 42f94f28 043937 h ???????? 003 /wiki/MohammadMannan
5a024b9.1f 42f94f28 043937 h ???????? 003 /wiki/WlodekDrabent
5a024d4.ed 42f94f28 043937 h ???????? 003 /wiki/HaroldRSolbrig
5a024de.14 362494bd 433e9c h ???????? 003 /wiki/CoOrpheum
5a024f1.3a 42f94f28 043937 h ???????? 003 /wiki/StefanoValtolina
5a024f5.2c 42f94f2b 043937 h ???????? 003 /wiki/KirillNikolaev
5a024f8.06 42f94f28 043937 h ???????? 003 /wiki/HermanterHorst
5a024fb.13 d8f442f3 2e51d1 h ???????? 002 //robots.txt
5a02517.7e 42f94f28 043937 h ???????? 003 /wiki/PhilippeLamarre
5a0252b.45 42f94f2b 043937 h ???????? 004 /wiki/MarioReyesDelosMozos
5a02530.b5 42f94f28 043937 h ???????? 003 /wiki/TobiasHenrikNaeth
5a025af.a4 42f94f2e 043937 h ???????? 004 /wiki/LuisSanchezFernandez
5a025c1.40 42f94f2e 043937 h ???????? 003 /wiki/KonradRiedel
5a02767.ff cf2e0d41 6a88e8 h ???????? 003 /edit/47126020
5a027a2.a7 42f94f3c 622963 s ???????? 003 /wiki/RoMa
5a02865.27 42f94f28 043937 h ???????? 004 /wiki/WikiOnTheRocks
5a0286b.8d b208867a 5ec1d2 s ???????? 017 /
5a0286c.00 b208867a 5ec1d2 s ???????? 003 /favicon.ico
5a0286f.e8 b208867a 5ec1d2 s ???????? 002 /feel/4
5a02a0f.5d 42f94f28 043937 h ???????? 004 /wiki/PeggyZiegner
5a02adc.7e 42f94f3c 043937 s ???????? 002 /robots.txt
5a02add.37 42f94f3f 043937 s ???????? 003 /wiki/WaveCash
5a02bd8.00 42f94f2e 043937 h ???????? 00c /wiki/ReinerEngelmann
5a02e69.11 362494d1 433e9c h ???????? 002 /edit/23696002
5a02ec7.40 cf2e0d92 6a88e8 h ???????? 004 /wiki/CarTwoGo
5a02eec.ab d8f442f3 2e51d1 h ???????? 001 //robots.txt
5a02f31.69 42f94f2b 043937 h ???????? 00a /wiki/RolfHemmerling
5a0307c.26 42f94f3f 622963 s ???????? 004 /wiki/EcZwo
5a03109.3c 42f94f2b 043937 h ???????? 003 /wiki/GlobalFoundries
5a032ae.f2 36249502 433e9c h ???????? 002 /edit/27306002
5a032ba.68 42f94f2e 043937 h ???????? 003 /wiki/JulianeNagel
5a0337d.24 36249459 433e9c h ???????? 003 /wiki/AcCelerate
5a033bd.64 42f94f3f 043937 s ???????? 003 /wiki/DonGreer
5a0340c.01 36249452 433e9c h ???????? 004 /wiki/AiMachine
5a034b5.6c 8e04d971 554020 h ???????? 009 /rss.rdf
5a0355f.c8 42f94f28 043937 h ???????? 005 /wiki/MalteReupert
5a035b8.82 5b6b0214 be37cc h ???????? 018 /
5a035ff.03 42f94f2b 043937 h ???????? 004 /wiki/ArnoldWinter
5a0395d.a1 42f94f39 622963 s ???????? 004 /wiki/UpLoad
5a03a5c.1a 42f94f28 043937 h ???????? 004 /wiki/AlexanderTalmon
5a03a93.a9 cf2e0d92 6a88e8 h ???????? 004 /wiki/BuergerInnen
5a03ba9.51 36249560 433e9c h ???????? 002 /edit/25966001
5a03ca5.2f 480ec7ad 70a047 h ???????? 003 //rss.rdf
5a03cbc.11 42f94f3c 043937 s ???????? 004 /wiki/BeSucher
5a03ce7.d2 3624943d 433e9c h ???????? 002 /edit/25566001
5a03cf1.d4 42f94f28 043937 h ???????? 004 /wiki/FriedrichIlgner
5a03db1.e1 42f94f3c 043937 s ???????? 019 /
5a03ddc.e3 42f94f28 043937 h ???????? 003 /wiki/StefanBillig
5a03f10.01 42f94f3c ab3bd9 s ???????? 002 /AtJs
5a03fd8.f7 42f94f28 043937 h ???????? 004 /wiki/WolfDietrichRost
5a04055.f3 42f94f28 043937 h ???????? 004 /wiki/UpDa
5a0421b.aa 42f94f2e 043937 h ???????? 004 /wiki/JensHerrmann
5a0423e.6d 42f94f39 622963 s ???????? 004 /wiki/UmSatz
5a0425f.0f cbbd87d6 cdfc4d h ???????? 019 /
5a042c5.85 3624943f 433e9c h ???????? 002 /edit/21376003
5a04308.a0 42f94f28 043937 h ???????? 003 /wiki/AnkeKaestner
5a04371.1f 362494f4 433e9c h ???????? 01b /edit/13546001
5a04564.d2 36249451 433e9c h ???????? 00c /wiki/InterNet
5a04580.28 42f94f3f 043937 s ???????? 003 /wiki/JimCarrey
5a0462a.ca 42f94f28 043937 h ???????? 003 /wiki/FreeSilicon
5a0475d.03 42f94f2b 043937 h ???????? 007 /wiki/JensLehmann3
5a04787.f1 7a605db5 b1d763 h ???????? 002 //favicon.ico
5a0499b.04 42f94f3c 043937 s ???????? 004 /wiki/IsbHq
5a049b6.1b d8f442f3 2e51d1 h ???????? 003 //robots.txt
5a04a4a.b0 36249443 433e9c h ???????? 004 /wiki/LockFutureSax
5a04ab6.91 5fd8acb3 dfc9b1 h ???????? 024 /
5a04ab6.ce 5fd8acb3 dfc9b1 h ???????? 003 /robots.txt
5a04ab6.fd 5fd8acb3 dfc9b1 h ???????? 021 /
5a04af9.d4 bc487e4d bb3f92 h ???????? 004 //wiki/AbdaCom/
5a04afb.89 bc487e4d bb3f92 h ???????? 01a /
5a04b1f.6d 42f94f3c 622963 s ???????? 003 /wiki/UmWelt
5a04c70.11 42f94f2b 043937 h ???????? 00c /wiki/MathiasWeber
5a04c70.14 42f94f28 043937 h ???????? 003 /robots.txt
5a04c8e.22 42f951e9 002725 h ???????? 002 /favicon.ico
5a04db8.c9 3cbf264d 24f5f0 s ???????? 01d /
5a04e61.80 42f94f3f 043937 s ???????? 005 /wiki/UnTil2010
5a04e78.26 362494f5 433e9c h ???????? 002 /edit/24656003
5a04eef.72 42f94f2b 043937 h ???????? 004 /wiki/BegriffsSchrift
5a04fd6.d1 42f94f3c 043937 s ???????? 004 /wiki/CmuEdu
5a04fe3.d2 42f94f28 043937 h ???????? 004 /wiki/GiselaKallenbach
5a05193.41 2f623741 f4159e h ???????? 026 /
5a05219.5d 42f94f28 043937 h ???????? 005 /wiki/InVol
5a052a7.90 42f94f2b 043937 h ???????? 004 /wiki/UteKoehlerSiegel
5a052c5.f4 42f94f2b 043937 h ???????? 004 /wiki/DigitalUniverse
5a053af.7e d8f442f3 2e51d1 h ???????? 002 //robots.txt
5a053dc.9c 42f94f28 043937 h ???????? 005 /wiki/RinatSaifoulline
5a053e2.63 362494bb 433e9c h ???????? 003 /edit/29976001
5a0541d.a2 42f94f3c 622963 s ???????? 004 /wiki/SegWay
5a055c7.a8 42f94f2b 043937 h ???????? 004 /wiki/ChristianFischer2
5a05693.ed ade692e5 5672f1 h ???????? 01e /
5a056d8.7a 42f94f2b 043937 h ???????? 004 /wiki/DrMichaelBurgkhardt
5a05742.70 42f94f3c 043937 s ???????? 004 /wiki/FutureLab
5a057c7.56 42f94f2b 043937 h ???????? 005 /wiki/FrankMuellerEberstein
5a057c7.c9 42f94f28 043937 h ???????? 004 /wiki/MeaCulpa
5a05887.5e 42f94f28 043937 h ???????? 005 /wiki/CmuEdu
5a05ac3.ad 2ee5a183 d05934 h ???????? 005 //wiki/ChristianHeller
5a05b00.62 42f94f2b 043937 h ???????? 005 /wiki/RdhHh
5a05ce2.25 42f94f39 622963 s ???????? 004 /wiki/PoKern
5a05d83.52 cf2e0d41 6a88e8 h ???????? 004 /wiki/LionKimbro
5a05e75.36 42f94f28 043937 h ???????? 005 /wiki/RaBr
5a05e92.54 42f94f39 043937 s ???????? 004 /wiki/BetiSphere
5a05fd9.d6 36249453 433e9c h ???????? 004 /edit/25206002
5a06023.73 42f94f3c 043937 s ???????? 005 /wiki/PeterWeir
5a06039.d8 42f94f28 043937 h ???????? 014 /wiki/LifeDay16350
5a060f0.ae 42f94f28 043937 h ???????? 005 /wiki/NaomiPiaWitte
5a062b9.ce 42f94f2e 043937 h ???????? 004 /wiki/LifeDay15911
5a063a1.53 480ec7ad 70a047 h ???????? 00b //rss.rdf
5a063dc.a4 42f94f2e 043937 h ???????? 005 /wiki/CubeOs
5a0653e.d6 3624966a 433e9c h ???????? 003 //robots.txt
5a06573.9e 42f94f2b 043937 h ???????? 004 /wiki/BinChen
5a065c3.71 42f94f3c 622963 s ???????? 005 /wiki/BauIgel
5a06619.3e 42f94f28 043937 h ???????? 004 /wiki/MetaBeer
5a06718.1e 3624945e 433e9c h ???????? 002 /edit/23506001
5a068b2.2b 42f94f2e 043937 h ???????? 006 /wiki/GunterMueller
5a06938.02 42f94f3f 043937 s ???????? 006 /wiki/PaulFLevy
5a06995.93 42f94f39 043937 s ???????? 005 /wiki/SQuirreL
5a069d4.fb 36249527 433e9c h ???????? 005 /wiki/PlanetErde
5a06ab3.20 68a89f0a 70d063 h ???????? 003 /static/home/css/common.css
5a06b42.d0 42f94f2b 043937 h ???????? 005 /wiki/SQuirreL
5a06c54.78 42f94f2b 043937 h ???????? 005 /wiki/WernerSobek
5a06cbb.fc 362494d0 433e9c h ???????? 002 /edit/27486001
5a06cd4.f9 42f94f2e 043937 h ???????? 005 /wiki/QuantenLehrer
5a06cd7.ad 42f94f28 622963 h ???????? 02a /
5a06d16.56 42f94f2b 043937 h ???????? 005 /wiki/SoerenPellmann
5a06deb.fe 42f94f28 043937 h ???????? 005 /wiki/SteffenWehmann
5a06ea4.33 42f94f2e 622963 h ???????? 005 /wiki/SeeLe
5a06f74.f8 cf632ece 5ec167 h ???????? 031 /
5a06fa1.66 36249556 433e9c h ???????? 003 /edit/30426001
5a070db.7e 36249559 433e9c h ???????? 003 /edit/27466001
5a070f1.61 42f94f3f 043937 s ???????? 005 /wiki/PayMent
5a07101.bd 42f94f28 043937 h ???????? 004 /wiki/RayWasserfuhr
5a0713d.4c 42f94f28 043937 h ???????? 004 /wiki/LoboMat
5a071e6.2d 42f94f39 043937 s ???????? 005 /wiki/MarktJagd
5a07314.ef 42f94f2b 043937 h ???????? 005 /wiki/PayMent
5a073f4.3e 42f94f2b 043937 h ???????? 002 /wiki/HerrLich
5a07549.41 36249536 433e9c h ???????? 016 /edit/16236008
5a07579.94 362494b5 433e9c h ???????? 001 /edit/29986007
5a07589.88 5f6cb561 e4b041 h ???????? 001 /robots.txt
5a0758d.4d 5f6cb561 e4b041 h ???????? 010 /
5a0759a.6f 42f94f28 043937 h ???????? 002 /wiki/DePublik
5a0759f.cf 42f94f28 043937 h ???????? 002 /wiki/BaKer
5a075f1.b3 36249453 433e9c h ???????? 002 /wiki/TheSingularity
5a0762a.c2 36249421 433e9c h ???????? 01a /edit/12586001
5a07785.66 42f94f3f 622963 s ???????? 002 /wiki/VerSteh
5a07789.03 3624946d 433e9c h ???????? 001 /edit/29236001
5a07796.4c 42f94f2b 043937 h ???????? 002 /wiki/InesHantschick
5a078a9.e6 d8f442f3 2e51d1 h ???????? 001 /robots.txt
5a078dd.43 5c3499a2 cedf5c h ???????? 012 /
5a07a0b.96 d8f442f3 2e51d1 h ???????? 002 /wiki/LockSchuppenAg
5a07a23.97 d8f442f3 2e51d1 h ???????? 001 //robots.txt
5a07acf.8a 42f94f39 043937 s ???????? 003 /wiki/WunderVoll
5a07b0b.8f 42f94f2b 043937 h ???????? 002 /wiki/GlaeserneWelt
5a07b79.87 42f94f3f 043937 s ???????? 002 /wiki/GastHaus
5a07b98.2c 05080aca c75363 s ???????? 017 /
5a07baf.3e 42f94f28 043937 h ???????? 002 /wiki/PaulVogt
5a07f2e.2f 42f94f66 043937 h ???????? 003 /wiki/LlaToEcef
5a07fe8.c3 d8f442f3 2e51d1 h ???????? 013 /edit/11236001
5a08014.06 42f94f68 622963 h ???????? 001 /WikiWall
5a08034.df 362494a9 433e9c h ???????? 001 /earth
5a08039.9b 42f94f72 043937 s ???????? 002 /wiki/LhRewe
5a08065.ea 42f94f72 622963 s ???????? 002 /wiki/AnLicht
5a080e7.2f 42f94f72 043937 s ???????? 002 /wiki/FabWorker
5a08147.af c8351aca 702dd8 h ???????? 016 /
5a081c3.29 42f94f6a 043937 h ???????? 003 /wiki/MindQuota
5a08226.dd 42f94f66 043937 h ???????? 01d /
5a0829f.32 42f94f68 043937 h ???????? 003 /wiki/GoogleDns
5a0836c.3f 362494cb 433e9c h ???????? 001 /edit/30906002
5a0837b.1f 42f94f66 043937 h ???????? 002 /wiki/PeterHauk
5a083a9.0b 42f94f72 043937 s ???????? 003 /wiki/MindNumber
5a08436.37 d8f442f3 2e51d1 h ???????? 001 //robots.txt
5a08457.73 42f94f70 043937 s ???????? 002 /wiki/GoogleDoc
5a08533.34 42f94f68 043937 h ???????? 003 /wiki/StaatsFunk
5a0866c.02 42f94f66 043937 h ???????? 003 /wiki/GoogleDoc
5a086d1.aa 284da7c4 6a88e8 h ???????? 002 /wiki/ArthurCClarke
5a08741.2c 42f94f66 043937 h ???????? 003 /wiki/KatharinaKrefft
5a08763.57 42f94f68 043937 h ???????? 003 /wiki/BurnIn
5a087c9.0a 42f94f72 043937 s ???????? 003 /wiki/SpaceTower
5a08830.96 cff1e6a5 babc19 h ???????? 002 /robots.txt
5a088fa.a4 42f94f66 043937 h ???????? 003 /wiki/SpaceTower
5a08947.5a 42f94f74 622963 s ???????? 002 /wiki/BotBrot
5a0897a.a3 3624945f 433e9c h ???????? 002 /edit/21636002
5a08ac1.5f 42f94f68 043937 h ???????? 003 /wiki/MichaelWeichert
5a08ba5.95 9d372763 6a88e8 h ???????? 003 /wiki/InterWiki
5a08bba.80 42f94f66 043937 h ???????? 002 /wiki/FabWorker
5a08c0d.0c 362494ac 433e9c h ???????? 003 /wiki/AltMoney
5a08c8a.67 42f94f74 043937 s ???????? 003 /wiki/KxjVlaLBmk
5a08cbb.27 d8f442f3 2e51d1 h ???????? 002 /robots.txt
5a08ccd.f4 362494c6 433e9c h ???????? 003 /wiki/EdnaParker
5a08cfa.12 42f94f6a 043937 h ???????? 007 /hot/robots.txt
5a08d4a.20 d8f442f3 2e51d1 h ???????? 003 /wiki/RainerWasserfuhrCv
5a08d51.9a d8f442f3 2e51d1 h ???????? 003 /wiki/DiscussionForum
5a08dee.1d b44c0f1e a04d28 h ???????? 003 /wiki/LockOffice
5a08df2.7f 480ec707 70a047 h ???????? 002 //rss.rdf
5a08dfd.34 42f94f70 043937 s ???????? 01c /
5a08e42.6d d8f442f3 2e51d1 h ???????? 001 //robots.txt
5a08f2a.56 42f94f66 043937 h ???????? 003 /wiki/LeitMotiv
5a08fe6.70 42f94f66 043937 h ???????? 003 /wiki/HauptiRossmann
5a09196.cc 42f94f68 043937 h ???????? 003 /wiki/LifeDay16140
5a09202.15 5bf6007c 19c6c4 h ???????? 01d /
5a0923b.d4 42f94f74 622963 s ???????? 002 /wiki/OuTopia
5a092d9.4c cf2e0d41 6a88e8 h ???????? 003 /wiki/OnLine
5a09348.91 42f94f68 043937 h ???????? 003 /wiki/BodyList
5a094f7.14 36249497 433e9c h ???????? 004 /wiki/DeWikiPedia
5a0956b.7e 42f94f72 043937 s ???????? 004 /wiki/EventSeries
5a095b4.d5 36249564 433e9c h ???????? 001 /edit/31056001
5a095ef.d3 c819eff5 cedf5c h ???????? 01f /
5a096a7.55 cf2e0d92 6a88e8 h ???????? 003 /wiki/FrankFurt
5a096b1.ce 42f94f6a 043937 h ???????? 002 /wiki/ChildhoodsEnd
5a096db.4f d8f442f3 2e51d1 h ???????? 002 /robots.txt
5a0983e.eb d8f442f3 2e51d1 h ???????? 002 //robots.txt
5a09891.70 36249561 433e9c h ???????? 003 /wiki/LockTeam
5a098a7.ce 42f94f66 043937 h ???????? 002 /wiki/MindSkill
5a09926.dc 42f94f6a 043937 h ???????? 003 /wiki/RoadMap
5a0996e.99 42f94f74 043937 s ???????? 003 /wiki/AjsTla
5a09a72.a4 73e7db1c 3eedd1 h ???????? 001 /manager/html
5a09b0a.26 42f94f74 622963 s ???????? 003 /wiki/EdRegis
5a09bed.15 42f94f6a 043937 h ???????? 004 /wiki/NiklasZennstrom
5a09c30.8b d8f442f3 2e51d1 h ???????? 003 /wiki/EdelBild
5a09c6a.67 d1116082 14defb s ???????? 016 /
5a09cc3.e7 42f94f66 043937 h ???????? 003 /wiki/WiDo
5a09cc4.bb 42f94f66 622963 h ???????? 002 /hot
5a09d61.58 cf2e0d92 6a88e8 s ???????? 016 /
5a09e4c.69 42f94f70 043937 s ???????? 003 /wiki/MaikNeumann
5a09f09.cf 42f94f70 043937 s ???????? 002 /edit/27585003
5a0a01d.68 42f94f74 043937 s ???????? 01f /edit/19495002
5a0a0d6.56 5711a01f cdfc4d h ???????? 01e /
5a0a11f.67 36249545 433e9c h ???????? 003 /wiki/FutureLab2056
5a0a133.fd 42f94f66 043937 h ???????? 003 /wiki/BiFri
5a0a1b9.8e 42f94f74 043937 s ???????? 002 /edit/7305007
5a0a27f.1c 42f94f72 043937 s ???????? 017 /edit/17105004
5a0a2e3.ed 42f94f74 043937 s ???????? 003 /wiki/TagesFreizeit
5a0a392.b8 42f94f70 043937 s ???????? 017 /edit/10385002
5a0a3eb.69 42f94f72 622963 s ???????? 00b /wiki/EinHorn
5a0a448.09 284da7c4 6a88e8 h ???????? 004 /wiki/WantedPages
5a0a50f.ef 36249491 433e9c h ???????? 002 /edit/28096001
5a0a754.42 42f94f72 043937 s ???????? 003 /wiki/MichaelBean
5a0a75a.6e 36249430 433e9c h ???????? 017 /edit/19486001
5a0a9e1.92 dcbdca72 2f8861 h ???????? 002 /phpmyadmin/
5a0a9e9.2b dcbdca72 2f8861 h ???????? 03d /
5a0a9ec.d9 dcbdca72 2f8861 h ???????? 002 /console
5a0a9ed.80 dcbdca72 2f8861 h ???????? 028 /
5a0a9ee.1d dcbdca72 2f8861 h ???????? 020 /
5a0a9ee.cb dcbdca72 2f8861 h ???????? 015 /
5a0a9ef.60 dcbdca72 2f8861 h ???????? 051 /invoker/JMXInvokerServlet
5a0a9f0.0e dcbdca72 2f8861 h ???????? 001 /cgi-bin/test-cgi
5a0a9f0.b5 dcbdca72 2f8861 h ???????? 002 /cgi-bin/test
5a0a9f1.51 dcbdca72 2f8861 h ???????? 002 /cgi-bin/test.cgi
5a0a9f1.f3 dcbdca72 2f8861 h ???????? 01d /
5a0a9f2.95 dcbdca72 2f8861 h ???????? 002 /admin/
5a0aaea.55 42f94f68 043937 h ???????? 003 /wiki/UrJure
5a0ab2e.3c b16622e2 702dd8 h ???????? 019 /
5a0ab73.a0 36249495 433e9c h ???????? 019 /edit/1036002
5a0accc.21 42f94f66 622963 h ???????? 003 /wiki/DiFer
5a0ae06.b6 42f94f66 043937 h ???????? 003 /wiki/JaSc
5a0af4c.34 36249537 433e9c h ???????? 003 /wiki/MindMark
5a0b00e.c7 42f94f68 043937 h ???????? 004 /wiki/RdF
5a0b053.93 d1116042 14defb h ???????? 018 /
5a0b132.7d 284da7c4 6a88e8 h ???????? 004 /wiki/WantedPages
5a0b1ab.6a 42f94f66 043937 h ???????? 004 /wiki/KfkAss
5a0b207.a0 284da7c4 6a88e8 h ???????? 004 /wiki/BildungsBurg
5a0b25c.2c 42f94f68 043937 h ???????? 004 /wiki/DenkHackePeter
5a0b330.64 42f94f6a 043937 h ???????? 004 /wiki/ThomasKaschwig
5a0b3ad.ff 5f6cb561 e4b041 h ???????? 003 /robots.txt
5a0b3b1.ba 5f6cb561 e4b041 h ???????? 019 /
5a0b43e.0a bfffa7ee cedf5c h ???????? 01e /
5a0b497.3e d8f442f3 2e51d1 h ???????? 003 //robots.txt
5a0b51d.0f 480ec707 70a047 h ???????? 002 //rss.rdf
5a0b5ad.73 42f94f74 622963 s ???????? 004 /wiki/ErWacht
5a0b5b1.b8 42f94f66 043937 h ???????? 004 /wiki/FuckUps
5a0b68e.44 42f94f68 043937 h ???????? 004 /wiki/MaWiTrauma
5a0b7b8.f1 362494ce 433e9c h ???????? 005 /wiki/XiNao
5a0b88f.bf 5f6cb561 e4b041 s ???????? 00a /robots.txt
5a0b88f.d0 8d088e98 e4b041 h ???????? 01b /
5a0b893.57 5f6cb561 e4b041 s ???????? 021 /
5a0b8a6.e7 36249486 433e9c h ???????? 004 /wiki/FutureChat
5a0b8b2.d8 3624941e 433e9c h ???????? 002 /edit/30126001
5a0b8f0.1e 42f94f66 043937 h ???????? 003 /wiki/GoTt
5a0ba13.f6 36249454 433e9c h ???????? 00a /edit/30856001
5a0ba75.22 42f94f6a 043937 h ???????? 004 /wiki/UnterScheidung
5a0bbd6.15 3ed2d508 b21e02 h ???????? 01b /
5a0bcad.92 42f94f6a 043937 h ???????? 004 /wiki/GitScm
5a0bd9e.f3 42f94f68 043937 h ???????? 004 /wiki/DenkKoordinate
5a0be86.1b b90a44ea 5e739d h ???????? 01b /
5a0be88.fe d8f442f3 2e51d1 h ???????? 00a //robots.txt
5a0bebb.26 362494a5 433e9c h ???????? 003 /edit/8696001
5a0bec2.fc 42f94f72 622963 s ???????? 005 /wiki/JspWiki
5a0bf1a.3b 42f94f66 043937 h ???????? 004 /wiki/PlomTrauma
5a0c118.fe 6b06b7e6 ce42d0 s ???????? 022 /
5a0c1d1.7c 42f94f72 043937 s ???????? 004 /wiki/LarsKoehler
5a0c2b8.29 36249546 433e9c h ???????? 004 /wiki/ElonMusk
5a0c3ca.db 42f94f66 043937 h ???????? 00d /wiki/DresdenBot
5a0c434.f9 42f94f66 043937 h ???????? 003 /earth/robots.txt
5a0c459.eb 42f94f68 043937 h ???????? 004 /wiki/DbIce1650
5a0c4ec.3e 25bb384c e3b0c4 h ???????? 003 /robots.txt
5a0c4ee.67 25bb384c 5983bc h ???????? 01c /
5a0c532.45 42f94f66 043937 h ???????? 003 /earth
5a0c5b4.97 36249461 433e9c h ???????? 004 /wiki/HalteStelleU
5a0c648.42 42f94f74 043937 s ???????? 004 /wiki/LockSchuppenLog2009
5a0c6e3.71 3624953d 433e9c h ???????? 006 /wiki/InterWiki
5a0c770.2d 42f94f72 622963 s ???????? 004 /wiki/PickiHH
5a0c789.ae 2e6962a6 e3b0c4 h ???????? 002 /robots.txt
5a0c78b.e5 2e6962a6 aa5504 h ???????? 021 /
5a0c7da.6c 42f94f6a 043937 h ???????? 004 /wiki/GerhardPoetzsch
5a0c938.5c 4706e807 7404fb s ???????? 01c /
5a0c9d3.cb 67f9b554 be37cc h ???????? 01e /
5a0ca1a.b3 8e04d774 e3b0c4 h ???????? 004 /robots.txt
5a0ca1d.37 8e04d774 d9ec50 h ???????? 027 /
5a0ca6a.7c 8e04d774 e3b0c4 h ???????? 003 /robots.txt
5a0ca6d.44 8e04d774 d9ec50 h ???????? 010 /
5a0cab2.64 42f94f68 043937 h ???????? 003 /wiki/NoMic
5a0cb2c.36 42f94f68 043937 h ???????? 003 /wiki/HotelClaDa
5a0cb9d.a8 68df6c0e befe45 h ???????? 001 //rss.rdf
5a0cbfb.67 42f94f6a 622963 h ???????? 007 /live
5a0cc2c.54 42f94f66 622963 h ???????? 002 /quicken
5a0cc42.18 bca5d01d e3b0c4 h ???????? 001 /robots.txt
5a0cc44.3c bca5d01d 58771d h ???????? 012 /
5a0cc7f.45 45555408 f93269 h ???????? 001 //rss.rdf
5a0cc90.7b d87ee0e3 e83b9c h ???????? 001 //rss.rdf
5a0cde7.97 42f94f6a 043937 h ???????? 003 /wiki/HeidiMorgenstern
5a0ce6d.b3 3624953a 433e9c h ???????? 002 /edit/23486001
5a0ce70.cc 42f94f66 043937 h ???????? 002 /wiki/SqLite
5a0cfa3.9c 42f94f6a 043937 h ???????? 003 /wiki/ChristopherZenker
5a0d060.a7 42f94f66 622963 h ???????? 003 /wiki/CxCr4
5a0d0a3.35 12c2f00a 5c50e2 h ???????? 001 /robots.txt
5a0d0a3.64 12c2f00a 3cd235 h ???????? 012 /
5a0d101.97 42f94f66 043937 h ???????? 003 /wiki/ClausUweRothkegel
5a0d10e.94 42f94f68 622963 h ???????? 013 /
5a0d252.4d 42f94f68 043937 h ???????? 001 /crush
5a0d268.7b 42f94f66 043937 h ???????? 001 /go
5a0d28a.c9 d8f442f3 2e51d1 h ???????? 001 //robots.txt
5a0d2d7.9a 42f94f6a 043937 h ???????? 002 /wiki/SiegfriedSchlegel
5a0d346.a2 42f94f6a 043937 h ???????? 001 /t/robots.txt
5a0d34a.45 05275551 e3b0c4 h ???????? 001 /robots.txt
5a0d34c.6a 05275551 f22684 h ???????? 016 /
5a0d393.57 42f94f72 043937 s ???????? 003 /wiki/YadegarAsisi
5a0d3d8.66 42f94f70 043937 s ???????? 003 /wiki/PickUp
5a0d3fb.7f 3624941f 433e9c h ???????? 001 /edit/27376002
5a0d4b9.c7 253b3780 e3b0c4 h ???????? 002 /robots.txt
5a0d4bb.f2 253b3780 0fa94d h ???????? 014 /
5a0d541.ac 362494ba 433e9c h ???????? 001 /edit/28516001
5a0d5ba.89 42f94f68 043937 h ???????? 002 /wiki/MindSalon
5a0d5f9.2d 362494db 433e9c h ???????? 001 /edit/22396001
5a0d6d5.0f 42f94f66 622963 h ???????? 002 /sl4
5a0d6d5.f3 42f94f66 622963 h ???????? 001 /buy
5a0d6d7.75 42f94f66 622963 h ???????? 002 /NooSphere
5a0d6d9.22 42f94f66 622963 h ???????? 002 /wiki/
5a0d6db.11 42f94f66 622963 h ???????? 001 /SingularChess
5a0d6dd.85 42f94f66 622963 h ???????? 001 /RecentChanges
5a0d710.c2 cf2e0d92 6a88e8 h ???????? 002 /wiki/BluePedia
5a0d730.c6 42f94f66 622963 h ???????? 002 /crush
5a0d7cc.71 3624951b 433e9c h ???????? 002 /edit/24216001
5a0d7fd.89 9d372763 6a88e8 h ???????? 003 /wiki/InterWiki
5a0d833.0d bca5e9e4 e3b0c4 h ???????? 001 /robots.txt
5a0d835.41 bca5e9e4 36ad42 h ???????? 01a /
5a0d933.22 42f94f70 622963 s ???????? 003 /wiki/VerLies
5a0da60.d9 362494c8 433e9c h ???????? 002 /edit/28936002
5a0dab4.b7 42f94f6a 043937 h ???????? 004 /wiki/PickUp
5a0db8e.52 42f94f68 043937 h ???????? 003 /wiki/AnsbertMaciejewski
5a0dc74.68 42f94f70 043937 s ???????? 003 /wiki/AndrewParker
5a0dd33.63 42f94f6a 043937 h ???????? 002 /wiki/MoritzburgerPlatz
5a0dd3c.9e 480ec709 70a047 h ???????? 002 //rss.rdf
5a0de1a.8d 42f94f6a 043937 h ???????? 003 /wiki/OhrliBohrli
5a0de3b.21 42f94f66 043937 h ???????? 002 /RecentChanges
5a0def9.c9 42f94f66 043937 h ???????? 002 /earth/RecentCubes
5a0dfb2.09 9d372763 6a88e8 h ???????? 002 /edit/28146002
5a0dfcb.59 cf2e0d92 6a88e8 s ???????? 014 /
5a0dfd1.73 42f94f66 043937 h ???????? 003 /wiki/MontagMorgenChili
5a0e02e.4c 42f94f66 043937 h ???????? 003 /wiki/TwitterHolic
5a0e034.0a 42f94f66 043937 h ???????? 002 /wiki/BabyAi
5a0e0af.37 42f94f68 043937 h ???????? 003 /wiki/AstridKlein
5a0e0d5.33 42f94f68 043937 h ???????? 002 /wiki/FriendsForSale
5a0e0e7.11 42f94f68 043937 h ???????? 002 /wiki/OliverGassner
5a0e0f1.e9 cf2e0d41 6a88e8 h ???????? 014 /edit/103716004
5a0e0f3.a9 426608c6 e46b1d h ???????? 002 /wiki/LeHbf
5a0e1a3.7a 42f94f6a 043937 h ???????? 003 /wiki/LeanThinkersTreff
5a0e214.7c 42f94f70 622963 s ???????? 003 /wiki/GeWimmel
5a0e253.b9 42f94f6a 043937 h ???????? 003 /wiki/AstridGross
5a0e2e3.9f 8ba277c5 12bd58 h ???????? 01c /
5a0e33d.45 42f94f6a 043937 h ???????? 003 /wiki/TuFreiberg
5a0e3b3.1c 42f94f68 622963 h ???????? 002 /go
5a0e428.20 42f94f68 043937 h ???????? 004 /wiki/VerlustRoman
5a0e43e.94 c4342b70 c5c81c h ???????? 01a /
5a0e442.81 3624942a 433e9c h ???????? 002 /edit/23176001
5a0e4b8.01 42f94f68 043937 h ???????? 002 /system/robots.txt
5a0e58a.9c 42f94f72 043937 s ???????? 004 /wiki/MichaelBrehm
5a0e6bf.94 42f94f68 043937 h ???????? 003 /wiki/QualityHeidi
5a0e6d8.d2 d8f442f3 2e51d1 h ???????? 008 //robots.txt
5a0e779.b3 42f94f70 043937 s ???????? 003 /wiki/NqZe
5a0e780.46 42f94f66 043937 h ???????? 003 /wiki/NqZe
5a0e868.5a 42f94f66 043937 h ???????? 003 /wiki/SciFiTuermchen
5a0e93a.2e 36249540 433e9c h ???????? 002 /edit/29436001
5a0e9cd.62 42f94f70 043937 s ???????? 003 /wiki/SimCard
5a0ea02.ee 3624944b 433e9c h ???????? 004 /wiki/MindPeople
5a0ea61.b7 362494f7 433e9c h ???????? 002 /edit/20526001
5a0eaf5.9d 42f94f72 622963 s ???????? 003 /wiki/WahrNehm
5a0eb16.8e 42f94f68 043937 h ???????? 003 /wiki/SimCard
5a0ecc3.59 42f94f6a 043937 h ???????? 003 /wiki/AgnesApotheke
5a0ed79.1c 42f94f68 043937 h ???????? 002 /t
5a0ee37.24 42f94f72 043937 s ???????? 004 /wiki/MindQuestOne
5a0f012.de 42f94f70 043937 s ???????? 004 /wiki/AndersWo
5a0f04e.91 42f94f6a 043937 h ???????? 004 /wiki/SamPalmisano
5a0f1f7.9c 42f94f66 043937 h ???????? 003 /wiki/NepTun
5a0f256.e1 42f94f6a 043937 h ???????? 003 /wiki/LifeDay15988
5a0f3d6.76 42f942d2 622963 s ???????? 005 /wiki/GeFaehrt
5a0f40a.38 42f942c8 043937 h ???????? 003 /wiki/WeltKlasseMann
5a0f5e0.5f b66fbcdd 702dd8 h ???????? 016 /
5a0f60f.1e 42f942ca 043937 h ???????? 004 /wiki/LadyPriesnitz
5a0f65c.15 42f942c6 043937 h ???????? 004 /wiki/BahnThinkTank
5a0f72d.55 42f942d2 043937 s ???????? 003 /wiki/TelefonAnruf
5a0f74a.61 42f942c8 622963 h ???????? 002 /t
5a0f8b0.2a 42f942ca 043937 h ???????? 003 /wiki/UndWirTanzenMit
5a0fb42.23 d8f442f3 2e51d1 h ???????? 008 /robots.txt
5a0fbe5.33 d8f442f3 2e51d1 h ???????? 004 /wiki/SchachProgramm
5a0fc22.76 d5efd8c2 028fc4 h ???????? 002 /robots.txt
5a0fc28.20 d5efd8c2 028fc4 h ???????? 004 /wiki/BernhardKegel
5a0fc30.0f d5efd8c2 028fc4 h ???????? 003 /wiki/BernhardNebel
5a0fc39.71 d5efd8c2 028fc4 h ???????? 004 /wiki/BetreutDe
5a0fc42.36 d5efd8c2 028fc4 h ???????? 002 /wiki/BetterPlace
5a0fc4b.42 d5efd8c2 028fc4 h ???????? 003 /wiki/BgfDresden
5a0fc52.c7 d5efd8c2 028fc4 h ???????? 003 /wiki/BibelleSebund
5a0fc58.5a d5efd8c2 028fc4 h ???????? 003 /wiki/BicentennialMan
5a0fc5f.47 d5efd8c2 028fc4 h ???????? 004 /wiki/BieneVier
5a0fc6a.40 d5efd8c2 028fc4 h ???????? 003 /wiki/BildungsBurg
5a0fc72.2c d5efd8c2 028fc4 h ???????? 00a /wiki/BillGates
5a0fc78.af d5efd8c2 028fc4 h ???????? 003 /wiki/BillLiao
5a0fc7e.c3 d5efd8c2 028fc4 h ???????? 004 /wiki/BioMind
5a0fc85.65 d5efd8c2 028fc4 h ???????? 004 /wiki/BitchChecker
5a0fc8d.ce d5efd8c2 028fc4 h ???????? 005 /wiki/BizStone
5a0fc94.e0 d5efd8c2 028fc4 h ???????? 004 /wiki/BlaeckFoeoess
5a0fca2.16 d5efd8c2 028fc4 h ???????? 003 /wiki/BlancFoussy
5a0fca9.e3 d5efd8c2 028fc4 h ???????? 003 /wiki/BlogwalkTwo
5a0fcb0.70 d5efd8c2 028fc4 h ???????? 003 /wiki/BlokUs
5a0fcb6.f2 d5efd8c2 028fc4 h ???????? 003 /wiki/BlueNote
5a0fcc0.91 d5efd8c2 028fc4 h ???????? 003 /wiki/BlumenMaennel
5a0fccc.75 d5efd8c2 028fc4 h ???????? 00b /wiki/BobbyValentino
5a0fcd5.46 d5efd8c2 028fc4 h ???????? 003 /wiki/BootStrap
5a0fcdc.d0 d5efd8c2 028fc4 h ???????? 003 /wiki/BruceSchneier
5a0fce5.76 d5efd8c2 028fc4 h ???????? 004 /wiki/BruceSterling
5a0fcea.bb d5efd8c2 028fc4 h ???????? 005 /wiki/BrunoGiacometti
5a0fcf2.2b d5efd8c2 028fc4 h ???????? 004 /wiki/BuckyBase
5a0fcf9.33 d5efd8c2 028fc4 h ???????? 003 /wiki/BulgakowStrasse
5a0fd01.bf 42f942d2 622963 s ???????? 003 /wiki/SysAdmin
5a0fd03.74 d5efd8c2 028fc4 h ???????? 004 /wiki/BurningMan
5a0fd0c.63 d5efd8c2 028fc4 h ???????? 003 /wiki/BusinessKasper
5a0fd13.de d5efd8c2 028fc4 h ???????? 004 /wiki/BusmannsBrazil
5a0fd1a.93 d5efd8c2 028fc4 h ???????? 003 /wiki/CMSHascheSigle
5a0fd21.97 d5efd8c2 028fc4 h ???????? 004 /wiki/CaMouflage
5a0fd24.65 42f942c6 043937 h ???????? 003 /wiki/SocietaetsTheater
5a0fd27.23 d5efd8c2 028fc4 h ???????? 004 /wiki/CafeEuropa
5a0fd30.17 d5efd8c2 028fc4 h ???????? 003 /wiki/CafeLoesch
5a0fd38.8b d5efd8c2 028fc4 h ???????? 003 /wiki/CafeSaite
5a0fd40.e3 d5efd8c2 028fc4 h ???????? 003 /wiki/CamelWueste
5a0fd47.90 d5efd8c2 028fc4 h ???????? 003 /wiki/CaptainFuture
5a0fd4e.94 d5efd8c2 028fc4 h ???????? 004 /wiki/CarbonCopy
5a0fd58.cd d5efd8c2 028fc4 h ???????? 00d /wiki/CarlVonClausewitz
5a0fd61.f9 d5efd8c2 028fc4 h ???????? 004 /wiki/CarlWoese
5a0fd69.bd d5efd8c2 028fc4 h ???????? 004 /wiki/CarlosSlimHelu
5a0fd70.b5 d5efd8c2 028fc4 h ???????? 003 /wiki/CarminaBurana
5a0fd76.b7 d5efd8c2 028fc4 h ???????? 004 /wiki/CategoricalImperative
5a0fd7d.a0 d5efd8c2 028fc4 h ???????? 004 /wiki/CduWiki
5a0fd85.c6 d5efd8c2 028fc4 h ???????? 004 /wiki/CeRn
5a0fd8f.36 d5efd8c2 028fc4 h ???????? 004 /wiki/CentQuatre
5a0fd95.db d5efd8c2 028fc4 h ???????? 003 /wiki/ChampsElysees
5a0fd9e.0d d5efd8c2 028fc4 h ???????? 003 /wiki/CharacteristicaUniversalis
5a0fda5.18 d5efd8c2 028fc4 h ???????? 004 /wiki/CharlesKemp
5a0fdab.19 d5efd8c2 028fc4 h ???????? 003 /wiki/CharlieKemp
5a0fdb3.c6 d5efd8c2 028fc4 h ???????? 003 /wiki/CheckSum
5a0fdbb.6c d5efd8c2 028fc4 h ???????? 004 /wiki/ChicagoSpire
5a0fdbc.0e 42f942c8 043937 h ???????? 004 /wiki/PulsnitzerStrasse
5a0fdc5.ac d5efd8c2 028fc4 h ???????? 003 /wiki/ChrisAnderson2
5a0fdcc.d5 d5efd8c2 028fc4 h ???????? 004 /wiki/ChrisDeBurgh
5a0fdd2.f9 d5efd8c2 028fc4 h ???????? 003 /wiki/ChristinaSurer
5a0fdda.81 d5efd8c2 028fc4 h ???????? 004 /wiki/ChristineHaderthauer
5a0fde2.73 d5efd8c2 028fc4 h ???????? 003 /wiki/ChristinePeterson
5a0fde8.8d d5efd8c2 028fc4 h ???????? 005 /wiki/ChristoJavacheff
5a0fdf1.6c d5efd8c2 028fc4 h ???????? 004 /wiki/ClayShirky
5a0fdf7.15 d5efd8c2 028fc4 h ???????? 004 /wiki/ClearWater
5a0fdfe.e8 d5efd8c2 028fc4 h ???????? 004 /wiki/ClemensCap
5a0fe08.d2 d5efd8c2 028fc4 h ???????? 004 /wiki/ClickRausch
5a0fe0f.c6 d5efd8c2 028fc4 h ???????? 004 /wiki/ClickStream
5a0fe15.d6 d5efd8c2 028fc4 h ???????? 005 /wiki/ClubKorrekt
5a0fe1f.e8 d5efd8c2 028fc4 h ???????? 003 /wiki/ComAc
5a0fe28.d7 d5efd8c2 028fc4 h ???????? 005 /wiki/ConPlan
5a0fe2e.ff d5efd8c2 028fc4 h ???????? 005 /wiki/CongressCenterDresden
5a0fe35.69 d5efd8c2 028fc4 h ???????? 004 /wiki/ContRol
5a0fe3d.3c d5efd8c2 028fc4 h ???????? 00e /wiki/ContinuousPartialAsymmetry
5a0fe43.1f d5efd8c2 028fc4 h ???????? 004 /wiki/ConvergenceConference
5a0fe4e.96 d5efd8c2 028fc4 h ???????? 002 /wiki/CoryDoctorow
5a0fe56.27 d5efd8c2 028fc4 h ???????? 002 /wiki/CosmicEngineers
5a0fe5e.93 d5efd8c2 028fc4 h ???????? 002 /wiki/CrimeDinner
5a0fe65.8d d5efd8c2 028fc4 h ???????? 003 /wiki/CroQuet
5a0fe6d.bc d5efd8c2 028fc4 h ???????? 003 /wiki/CrystalIsland
5a0fe75.24 d5efd8c2 028fc4 h ???????? 002 /wiki/CsSr
5a0fe7d.f3 d5efd8c2 028fc4 h ???????? 003 /wiki/CyBeRev
5a0fe86.51 d5efd8c2 028fc4 h ???????? 003 /wiki/CyNetArt
5a0fe8d.6c d5efd8c2 028fc4 h ???????? 003 /wiki/CycloTron
5a0fe94.da d5efd8c2 028fc4 h ???????? 003 /wiki/DWaveSystems
5a0fe9a.ad d5efd8c2 028fc4 h ???????? 003 /wiki/DallasTvSeries
5a0fea2.72 d5efd8c2 028fc4 h ???????? 003 /wiki/DamanHur
5a0feac.b6 d5efd8c2 028fc4 h ???????? 002 /wiki/DanielWeld
5a0feb5.a6 d5efd8c2 028fc4 h ???????? 002 /wiki/DanilaMedvedev
5a0febd.4f d5efd8c2 028fc4 h ???????? 002 /wiki/DaphneKoller
5a0fec7.72 d5efd8c2 028fc4 h ???????? 002 /wiki/DasMan
5a0fecd.49 d5efd8c2 028fc4 h ???????? 004 /wiki/DaveSnowden
5a0fed7.0c d5efd8c2 028fc4 h ???????? 002 /wiki/DayAfterTomorrow
5a0fedf.13 d5efd8c2 028fc4 h ???????? 002 /wiki/DdErr
5a0fee6.e2 d5efd8c2 028fc4 h ???????? 002 /wiki/DeScription
5a0feef.62 d5efd8c2 028fc4 h ???????? 002 /wiki/DeSterrennacht
5a0fef6.b0 d5efd8c2 028fc4 h ???????? 003 /wiki/DeanWooldridge
5a0feff.77 d5efd8c2 028fc4 h ???????? 003 /wiki/DeathClock
5a0ff06.26 d5efd8c2 028fc4 h ???????? 003 /wiki/DerPanther
5a0ff0f.ad d5efd8c2 028fc4 h ???????? 002 /wiki/DerekDeSollaPrice
5a0ff16.a9 d5efd8c2 028fc4 h ???????? 003 /wiki/DeutschLand
5a0ff1d.58 d5efd8c2 028fc4 h ???????? 002 /wiki/DieBoofe
5a0ff24.07 d5efd8c2 028fc4 h ???????? 003 /wiki/DieVioletten
5a0ff2d.97 d5efd8c2 028fc4 h ???????? 003 /wiki/DirektZu
5a0ff36.37 d5efd8c2 028fc4 h ???????? 002 /wiki/DirkHilbert
5a0ff41.4b d5efd8c2 028fc4 h ???????? 003 /wiki/DiskussionsForum
5a0ff45.c4 d5efd8c2 028fc4 h ???????? 001 /robots.txt
5a0ff49.16 d5efd8c2 028fc4 h ???????? 003 /wiki/TariqKrim
5a0ff51.dd d5efd8c2 028fc4 h ???????? 003 /wiki/TeuvoKohonen
5a0ff5a.cb d5efd8c2 028fc4 h ???????? 002 /wiki/TheBrain
5a0ff62.bf d5efd8c2 028fc4 h ???????? 002 /wiki/TheHub
5a0ff69.03 d5efd8c2 028fc4 h ???????? 003 /wiki/TheaterKahn
5a0ff70.02 d5efd8c2 028fc4 h ???????? 003 /wiki/ThomasMetzinger
5a0ff75.ea d5efd8c2 028fc4 h ???????? 004 /wiki/ThomasPleil
5a0ff7c.72 d5efd8c2 028fc4 h ???????? 003 /wiki/TimBruysten
5a0ff96.23 42f942c6 043937 h ???????? 003 /wiki/NietzscheAnders
5a0fff9.ec 42f942d0 043937 s ???????? 003 /wiki/LapTop
