5bc005c.58 c8cf91ce 19c6c4 h ???????? 01a /
5bc0135.76 42f94050 043937 s ???????? 004 /wiki/GoogleScholar
5bc0205.18 cac3d706 b1d763 h ???????? 002 //favicon.ico
5bc02c3.7e 42f94052 043937 s ???????? 004 /wiki/BarbaraDellen
5bc0398.f4 9d372717 6a88e8 h ???????? 003 //robots.txt
5bc039f.78 9d372708 6a88e8 h ???????? 002 /robots.txt
5bc03a4.41 cf2e0dd9 e39fc8 h ???????? 003 //wiki/MindFee
5bc0451.37 42f9404a 043937 h ???????? 003 /wiki/SoftwareFactory
5bc048a.84 42f94046 043937 h ???????? 018 /
5bc04a3.7e 5519d2ea afa0df h ???????? 003 //robots.txt
5bc04a3.c2 5519d2ea afa0df h ???????? 01a /
5bc05df.a4 42f94054 043937 s ???????? 004 /wiki/SemperKoenigin
5bc064a.48 42f94050 622963 s ???????? 003 /wiki/TransFer
5bc076d.47 42f94046 043937 h ???????? 004 /wiki/UnLimited
5bc08fb.41 42f94046 043937 h ???????? 004 //wiki/%3Ca%20class=%22blue%22%20href=%22/wiki/ImPressum%22%3EImPressum%3C/a%3E
5bc0991.82 b5d36436 be37cc h ???????? 01c /
5bc0a2a.c7 42f94050 043937 s ???????? 004 /wiki/AlphaTester
5bc0a89.33 42f94050 043937 s ???????? 004 /wiki/StadtChemnitz
5bc0c17.b4 42f94050 043937 s ???????? 005 /wiki/SemperViewing
5bc0da5.71 42f94050 043937 s ???????? 004 /wiki/GalileoGalilei
5bc0f33.51 42f9404a 043937 h ???????? 004 //wiki/%3Ca%20class=%22blue%22%20href=%22/wiki/ComPlex%22%3EComPlex%3C/a%3E
5bc0f5f.af 42f94050 622963 s ???????? 004 /wiki/WikiWall
5bc0fca.98 42f94046 622963 h ???????? 01c /
5bc0ffb.9c 42f94048 043937 h ???????? 003 /wiki/ComPassion
5bc10c1.46 42f9404a 043937 h ???????? 004 /wiki/RealMoral
5bc114f.6f 42f9598b 70a047 h ???????? 003 //rss.rdf
5bc124f.57 42f94048 043937 h ???????? 004 /wiki/WeltFormel
5bc1344.73 8ba26ab5 3d60bb h ???????? 01b /
5bc13dd.38 42f9404a 043937 h ???????? 004 //wiki/%3Ca%20class=%22blue%22%20href=%22/wiki/StartUp%22%3EStartUp%3C/a%3E
5bc156a.d6 42f9404a 043937 h ???????? 004 /wiki/ClubOfRome
5bc156c.08 42f94054 043937 s ???????? 003 /wiki/MariaWasserfuhr
5bc15f9.7c bb0a3e6c cedf5c h ???????? 01c /
5bc1609.1d 42f94046 043937 h ???????? 009 /wiki/ManKind
5bc1609.26 42f94048 043937 h ???????? 003 /robots.txt
5bc16f9.77 42f94050 043937 s ???????? 005 /wiki/SurvivalInBerlin
5bc180d.06 42f94050 622963 s ???????? 004 /wiki/EvaLubas
5bc1887.77 42f94052 043937 s ???????? 004 /wiki/FriedrichHoertkorn
5bc191c.97 42f9404a 043937 h ???????? 004 /wiki/HausNummer
5bc1a15.43 42f9404a 043937 h ???????? 004 //wiki/%3Ca%20class=%22blue%22%20href=%22/wiki/EditSource%22%3EEditSource%3C/a%3E
5bc1b0a.c1 42f9404a 043937 h ???????? 004 /wiki/AtomBernstein
5bc1ba3.41 42f9404a 043937 h ???????? 004 //wiki/%3Ca%20class=%22blue%22%20href=%22/wiki/MindFloor%22%3EMindFloor%3C/a%3E
5bc1d31.83 42f94050 043937 s ???????? 004 /wiki/LizMohn
5bc1d9a.fc d1116142 14defb s ???????? 01f /
5bc1ebf.53 42f94046 043937 h ???????? 004 //wiki/%3Ca%20class=%22blue%22%20href=%22/wiki/StartUpSim%22%3EStartUpSim%3C/a%3E
5bc1f53.25 5561c3a5 be37cc h ???????? 026 /
5bc1ffc.36 9d372794 6a88e8 h ???????? 005 /wiki/MindFee
5bc204d.8c 42f94052 043937 s ???????? 004 /wiki/DlZ
5bc20aa.7e 42f94046 043937 h ???????? 004 /wiki/WaveAddress
5bc211c.fb 42f94054 622963 s ???????? 004 /wiki/IchBiete
5bc21db.4a 42f94046 043937 h ???????? 005 /wiki/SvPoseidon
5bc2369.7e 42f94050 043937 s ???????? 004 /wiki/JulianNidaRuemelin
5bc2426.90 9d372794 6a88e8 h ???????? 026 /
5bc24f7.97 42f94052 043937 s ???????? 005 /wiki/RichardEarlOfCornwall
5bc2526.27 7237b1a0 2f8861 h ???????? 003 /bea_wls_deployment_internal
5bc2527.4d 7237b1a0 2f8861 h ???????? 002 /bea_wls_deployment_internal
5bc264a.8d 42f94046 043937 h ???????? 005 /wiki/DdOs30H
5bc2685.6f 42f94054 043937 s ???????? 004 /wiki/FbApp
5bc2756.6e b2ffd754 c51fdf h ???????? 003 /robots.txt
5bc2758.86 b2ffd755 c51fdf h ???????? 002 /robots.txt
5bc2758.d8 b2ffd755 c51fdf h ???????? 01f /
5bc27a8.fe 42f942c8 043937 h ???????? 002 /wiki/EpIsOde
5bc2813.24 42f942c8 043937 h ???????? 002 //wiki/%3Ca%20class=%22blue%22%20href=%22/wiki/MoonOfEarth%22%3EMoonOfEarth%3C/a%3E
5bc29a1.2a 42f942c8 043937 h ???????? 002 /wiki/FredWilson
5bc29cf.e2 42f942d0 622963 s ???????? 002 /wiki/IchSuche
5bc2a9e.1b 42f94046 043937 h ???????? 002 /wiki/FalkNeubert
5bc2b24.f4 33260c17 a397c6 h ???????? 018 /
5bc2b2f.6a 42f94050 043937 s ???????? 002 /wiki/WauWau
5bc2b98.14 6773b484 be37cc h ???????? 012 /
5bc2bea.87 42f9404a 043937 h ???????? 002 /wiki/EsPJlzgltprSa7FK9FT2FXNMx2KqT3Vwz
5bc2cbd.32 42f94046 043937 h ???????? 001 //AiBook
5bc2e4b.74 42f94052 043937 s ???????? 003 /wiki/EpisodicMemory
5bc2eae.d5 42f95987 70a047 h ???????? 006 //rss.rdf
5bc2f6a.76 2f693a31 cedf5c h ???????? 012 /
5bc2fd9.79 42f94050 043937 s ???????? 002 /robots.txt
5bc2fd9.7d 42f94050 043937 s ???????? 002 /wiki/ThayeDorje
5bc3167.90 42f94052 043937 s ???????? 003 /wiki/HenriRousseau
5bc318a.76 42f94046 043937 h ???????? 003 /wiki/DienstReise
5bc325b.23 b2ffd754 c51fdf h ???????? 002 //robots.txt
5bc32b1.34 42f94050 622963 s ???????? 002 /wiki/SeeBenisch
5bc32f5.2b 42f9404a 043937 h ???????? 002 //wiki/%3Ca%20class=%22blue%22%20href=%22/wiki/PlanetErde%22%3EPlanetErde%3C/a%3E
5bc3352.0c 7b7d43e1 7bc0a6 h ???????? 001 /robots.txt
5bc335c.20 42f94048 043937 h ???????? 003 /wiki/HeikoHilker
5bc33ef.25 9d3727d6 6a88e8 h ???????? 003 /wiki/BauchTanz
5bc3483.71 42f94050 043937 s ???????? 003 /wiki/TwittEr
5bc34b9.d6 8a241d06 cdfc4d h ???????? 017 /
5bc3611.76 42f94050 043937 s ???????? 003 /wiki/MarciaFunebre
5bc36d4.65 5fa3ff6a 399ff9 h ???????? 001 /robots.txt
5bc36d5.64 5fa3ff70 399ff9 h ???????? 013 /wiki/127001
5bc36d7.81 5fa3ff70 399ff9 h ???????? 019 /love/1e
5bc372a.89 42f94048 043937 h ???????? 002 /wiki/FalkSpann
5bc3739.93 5f6cb561 e4b041 s ???????? 001 /robots.txt
5bc3739.b6 8d088e98 e4b041 h ???????? 002 /robots.txt
5bc373d.48 5f6cb561 e4b041 s ???????? 012 /
5bc373d.83 8d088e98 e4b041 h ???????? 013 /
5bc379f.3a 42f94046 043937 h ???????? 003 /wiki/SocialGraph
5bc392d.32 42f94048 043937 h ???????? 002 /wiki/PhiloSophie
5bc397c.da 42f94048 043937 h ???????? 003 /wiki/MinisTer
5bc3abb.cd 42f942d4 043937 s ???????? 002 /wiki/DjkWipperfeld
5bc3b92.48 42f94050 622963 s ???????? 003 /wiki/CrowdLaden
5bc3c42.e8 42f94048 043937 h ???????? 003 /wiki/RalfLippold
5bc3c49.5a 42f942d2 043937 s ???????? 002 /wiki/AdamGreenfield
5bc3c67.96 6baaf6b7 ef60d6 s ???????? 012 /
5bc3cca.82 42f942c8 043937 h ???????? 003 /wiki/DienstWeg
5bc3dd7.7c 42f94052 043937 s ???????? 003 /wiki/RiesaerStrasse
5bc3e27.8c 7ae40a32 24f5f0 s ???????? 014 /
5bc3f65.46 42f94046 043937 h ???????? 002 /wiki/TwittEr
5bc4070.fe 3624966d 433e9c h ???????? 007 /robots.txt
5bc4071.a6 362494eb 433e9c h ???????? 001 /edit/23376002
5bc40f3.76 42f94052 043937 s ???????? 003 /wiki/BaerbelKopplin
5bc426a.97 42f94048 043937 h ???????? 002 /wiki/RainerStraeter
5bc4281.70 42f94054 043937 s ???????? 003 /wiki/PanOrama
5bc42a8.6e 0566ad47 720b4a h ???????? 002 /robots.txt
5bc42a8.91 0566ad47 720b4a h ???????? 003 /wiki/ZugWiki
5bc4321.89 d9458f43 87563c h ???????? 001 /robots.txt
5bc4335.0e d9458f47 87563c h ???????? 002 /sitemap.xml
5bc440f.7f 42f94054 043937 s ???????? 003 /wiki/AngelikaNollert
5bc4473.36 42f94050 622963 s ???????? 002 /wiki/TransHuman
5bc4491.29 bd4f2b4e cedf5c h ???????? 015 /
5bc451a.d0 42f9404a 043937 h ???????? 003 /wiki/DeWikiPedia
5bc459d.47 42f94048 043937 h ???????? 003 //wiki/%3Ca%20class=%22blue%22%20href=%22/wiki/ViewSource%22%3EViewSource%3C/a%3E
5bc472b.7d 42f94054 043937 s ???????? 003 /wiki/KatharinaKuehnel
5bc480a.91 42f94048 043937 h ???????? 004 /wiki/NorbertGansel
5bc48b9.8c 42f94054 043937 s ???????? 003 /wiki/MichaelGazzaniga
5bc498c.5a b44c0f9b a04d28 h ???????? 003 /wiki/PieschenTv
5bc4a47.73 42f94050 043937 s ???????? 003 /wiki/MindVerb
5bc4b0d.a1 d1116022 14defb s ???????? 015 /
5bc4b60.fc 42f9404a 043937 h ???????? 003 /wiki/HeinRich
5bc4bd5.30 42f94046 043937 h ???????? 003 //wiki/%3Ca%20class=%22blue%22%20href=%22/wiki/MicroNation%22%3EMicroNation%3C/a%3E
5bc4c6b.26 42f95989 70a047 h ???????? 002 //rss.rdf
5bc4cfc.b0 9d3727d6 6a88e8 s ???????? 01c /
5bc4d63.81 42f94050 043937 s ???????? 003 /wiki/VerNunft
5bc4d7b.c8 42f94050 622963 s ???????? 003 /wiki/PeerToPeer
5bc4daa.76 42f94048 043937 h ???????? 003 /wiki/AldoCroci
5bc4df9.2f 42f94046 043937 h ???????? 003 /wiki/KatjaKipping
5bc4e97.fb 0250cfc7 be37cc h ???????? 016 /
5bc4ef1.35 42f94048 043937 h ???????? 003 //wiki/%3Ca%20class=%22blue%22%20href=%22/wiki/NooMic%22%3ENooMic%3C/a%3E
5bc507f.a4 42f94050 043937 s ???????? 003 /wiki/FormalistManifesto
5bc515c.76 b44c0f0a a04d28 h ???????? 017 /
5bc51ca.06 c901065a cedf5c h ???????? 016 /
5bc520d.6e 42f94050 043937 s ???????? 003 /wiki/FreeWill
5bc534a.a5 42f94046 043937 h ???????? 003 /wiki/ThiloWeichert
5bc539b.68 42f94054 043937 s ???????? 003 /wiki/FlygPlan
5bc539b.a3 9d37273e 6a88e8 h ???????? 003 /wiki/JoergKeller
5bc5529.6b 42f94054 043937 s ???????? 004 /wiki/SchachSpiel
5bc5573.d7 9d372794 6a88e8 h ???????? 003 /edit/37886002
5bc5636.04 42f94054 622963 s ???????? 004 /wiki/StartUpSim
5bc56b7.41 42f9404a 043937 h ???????? 003 /wiki/ScaleFreeNetworks
5bc5703.ef 42f94046 043937 h ???????? 003 /wiki/TransParency
5bc5845.45 42f94046 043937 h ???????? 005 /wiki/TeilhardDeChardein
5bc58ea.93 42f9404a 043937 h ???????? 003 /wiki/LifeDay16201
5bc59d3.74 42f94052 043937 s ???????? 003 /wiki/BitPoint
5bc5b61.78 42f94050 043937 s ???????? 003 /wiki/MindPath
5bc5cef.74 42f94050 043937 s ???????? 004 /wiki/BeethovensSechste
5bc5d39.e9 42f94048 043937 h ???????? 004 /wiki/GaryWolf
5bc5e3c.6a 9d372794 6a88e8 h ???????? 003 /wiki/BodyOne
5bc5e7d.7e 42f94050 043937 s ???????? 003 /wiki/DynamoDresdenVerein
5bc5e8a.78 42f94048 043937 h ???????? 003 /wiki/MaikNeumann
5bc5f17.61 42f94050 622963 s ???????? 003 /wiki/TauschRing
5bc5fc0.24 42f94048 043937 h ???????? 003 /wiki/PreLockAction
5bc5fcc.9a 4d4b4f48 6a9392 h ???????? 002 /robots.txt
5bc5fcd.bc 4d4b4f48 6a9392 h ???????? 003 //wiki/CoConsulting
5bc600b.4d 42f9404a 043937 h ???????? 003 /wiki/SecondIndustrialRevolution
5bc6199.7c 42f94052 043937 s ???????? 003 /wiki/MahlersAchte
5bc6327.74 42f94052 043937 s ???????? 003 /wiki/OntoClean
5bc642a.93 42f9404a 043937 h ???????? 003 /wiki/HeadQuarters
5bc64b5.5a 42f9404a 043937 h ???????? 004 /wiki/UtilitarianWarArguments
5bc6603.6b 68cf8f12 33ac0e h ???????? 002 /app/mailer/
5bc6643.95 42f94054 043937 s ???????? 004 /wiki/CousCousTopf
5bc67d1.70 42f94050 043937 s ???????? 004 /wiki/TagSchwanzLaengenVergleich
5bc67f7.ec 42f94050 622963 s ???????? 004 /wiki/SozialBasar
5bc695f.6d 42f94054 043937 s ???????? 006 /wiki/SelbstAktualisierungsmodell
5bc69ca.89 42f9404a 043937 h ???????? 004 /wiki/GeordieRose
5bc69da.70 42f95987 70a047 h ???????? 002 //rss.rdf
5bc6a97.ea d87ee18e a95ea1 h ???????? 002 //rss.rdf
5bc6aed.4c 42f94046 043937 h ???????? 004 /wiki/DlZ
5bc6c7b.7b 42f94054 043937 s ???????? 004 /wiki/SibelAdali
5bc6cc1.3e b18acf44 19c6c4 h ???????? 023 /
5bc6da5.be 33260c17 a397c6 s ???????? 01a /
5bc6e09.ae 42f94052 043937 s ???????? 004 /wiki/MindCalendar
5bc6f6a.86 42f9404a 043937 h ???????? 004 /wiki/ThomasPromny
5bc6fa3.05 42f94046 043937 h ???????? 004 /wiki/BabySpaziergang
5bc7104.68 42f94052 622963 s ???????? 004 /wiki/BoersenGang
5bc7126.51 42f94050 043937 s ???????? 003 /wiki/BlueMatter
5bc71a4.55 c91a0d6c 19c6c4 h ???????? 019 /
5bc72b4.78 42f94054 043937 s ???????? 004 /wiki/JakobBeetz
5bc73b5.89 52cfaf34 146783 h ???????? 019 /
5bc7442.81 42f94050 043937 s ???????? 004 /wiki/JeffHeflin
5bc74f1.89 253b3780 e3b0c4 h ???????? 002 /robots.txt
5bc74f3.b6 253b3780 0fa94d h ???????? 021 /
5bc750a.86 42f9404a 043937 h ???????? 006 /wiki/NeurothAt
5bc75d0.9a 42f94054 043937 s ???????? 004 /wiki/IanHorrocks
5bc75fb.46 8a3b6430 be37cc h ???????? 01d /
5bc76ff.cc 4d4b4f48 6a9392 h ???????? 002 /robots.txt
5bc7701.4a 4d4b4f48 6a9392 h ???????? 003 //wiki/EdgarSchein
5bc775e.7a 42f94050 043937 s ???????? 004 /wiki/GoertzelP08
5bc7899.a5 bca5e9e4 e3b0c4 h ???????? 002 /robots.txt
5bc789b.d3 bca5e9e4 36ad42 h ???????? 01a /
5bc78ec.42 42f9404a 043937 h ???????? 004 /wiki/GedankenSpiel
5bc79bb.22 42f94052 622963 s ???????? 004 /wiki/KayGroschen
5bc7aef.07 42f94048 043937 h ???????? 004 /wiki/MichaelBrehm
5bc7b25.36 25bb3842 e3b0c4 h ???????? 003 /robots.txt
5bc7b27.5b 25bb3842 9b6b51 h ???????? 018 /
5bc7ba6.1c 36249416 433e9c h ???????? 004 /wiki/HaAi
5bc7bd1.b0 42f94054 043937 s ???????? 004 /wiki/EclipseHorse
5bc7cec.50 42f9404a 043937 h ???????? 004 /wiki/ErnstKuhn
5bc7d2d.35 42f94052 043937 s ???????? 005 /wiki/AntonBruckner
5bc7e0b.24 42f9404a 043937 h ???????? 004 /wiki/ScrapBooks
5bc7eb7.95 42f94054 043937 s ???????? 004 /wiki/AtomBernstein
5bc7f66.59 c61b5090 e3b0c4 h ???????? 003 /robots.txt
5bc7f68.da c61b5090 f7800e h ???????? 024 /
5bc7fc3.4a 42f94046 043937 h ???????? 004 /wiki/ThirdDegree
5bc8045.43 42f94048 043937 h ???????? 004 /wiki/FbApp
5bc8082.5e 42f94046 043937 h ???????? 004 /wiki/NewXing
5bc81d3.73 42f94054 043937 s ???????? 004 /wiki/UpperCase
5bc829c.5b 42f94054 622963 s ???????? 004 /wiki/ErdMaschine
5bc8361.50 42f94048 043937 h ???????? 004 /wiki/AGoodHack
5bc84ef.79 42f94050 043937 s ???????? 00c /wiki/LebensEntwurf
5bc8563.2e 42f9404a 043937 h ???????? 004 /wiki/TodosOjos
5bc8612.df 42f95989 70a047 h ???????? 003 //rss.rdf
5bc867d.92 42f94050 043937 s ???????? 005 /wiki/ErsterFcKoeln
5bc880b.84 42f94050 043937 s ???????? 004 /wiki/DynamoDresden
5bc896d.5f 284da79a 6a88e8 h ???????? 003 /edit/36826001
5bc8999.5a 42f94046 043937 h ???????? 004 /wiki/IntervalResearch
5bc8b05.98 42f94054 043937 s ???????? 004 /wiki/LiebesRinge
5bc8b27.69 42f94052 043937 s ???????? 004 /wiki/PetrusMaschine
5bc8b9e.c3 42f94052 622963 s ???????? 004 /wiki/MindBrowser
5bc8cb5.84 42f94054 043937 s ???????? 004 /wiki/PannaCotta
5bc8e43.8d 42f94050 043937 s ???????? 005 /wiki/KerstinWalter
5bc8fd1.44 42f94048 043937 h ???????? 004 /wiki/TedConf
5bc908c.b0 42f9404a 043937 h ???????? 003 /robots.txt
5bc909a.b8 d8f442f3 2e51d1 h ???????? 003 /robots.txt
5bc90a3.19 42f94046 043937 h ???????? 004 /wiki/RaikFischer
5bc9113.ca d8f442f3 2e51d1 h ???????? 01d /1
5bc915f.83 42f94052 043937 s ???????? 004 /wiki/MartinsMonologe
5bc925f.91 d408f967 04c0f3 h ???????? 003 //.well-known/autoconfig/mail/config-v1.1.xml
5bc92ed.3f 42f94048 043937 h ???????? 004 /wiki/PythonClient
5bc947b.50 42f9404a 043937 h ???????? 004 /wiki/MindVerb
5bc9609.86 42f94050 043937 s ???????? 005 /wiki/BrucknersNeunte
5bc9643.56 42f94054 043937 s ???????? 004 /wiki/AusSage
5bc969a.a8 42f94054 622963 s ???????? 005 /wiki/KommentarFunktion
5bc9797.54 42f94048 043937 h ???????? 004 /wiki/BetweenArtAndScience
5bc9925.91 42f94054 043937 s ???????? 004 /wiki/AiBank
5bc9a6d.bc b97e28b9 cedf5c h ???????? 01d /
5bc9ab3.46 42f94046 043937 h ???????? 005 /wiki/SocialistBenefits
5bc9ab9.b5 94fbc30e 028fc4 h ???????? 001 /robots.txt
5bc9abe.53 94fbc30e 028fc4 h ???????? 013 /
5bc9ad1.d6 42f94048 043937 h ???????? 002 /wiki/SeesMic
5bc9be3.0e 42f9404a 622963 h ???????? 011 /
5bc9c41.5e 42f94052 043937 s ???????? 002 /wiki/YaMl
5bc9dcf.6b 42f94054 043937 s ???????? 002 /wiki/AiWikiWall
5bc9ea2.4d 9d3727d6 6a88e8 h ???????? 001 /edit/38936001
5bc9ec2.d8 42f94054 622963 s ???????? 002 /wiki/IhTiu
5bc9f5c.24 42f9404a 043937 h ???????? 003 /wiki/HeimWeg
5bc9f5d.32 42f94046 043937 h ???????? 001 /wiki/HyperTexts
5bca0eb.71 42f94052 043937 s ???????? 003 /wiki/ResilientAi
5bca0f3.e0 be5e9711 cedf5c h ???????? 012 /
5bca183.1a 42f94046 043937 h ???????? 002 /wiki/FirstDegree
5bca206.f9 97501f9a 433e9c h ???????? 002 /robots.txt
5bca279.2a 42f94046 043937 h ???????? 002 /wiki/PikeLanguage
5bca34e.e1 42f94048 043937 h ???????? 003 /wiki/DesignGranularity
5bca407.67 42f94050 043937 s ???????? 002 /wiki/TwentyPercentTime
5bca595.39 42f94046 043937 h ???????? 002 /wiki/WhySoftwareSucks
5bca5b2.49 42f94048 043937 h ???????? 002 /wiki/NeverHideExternalLinks
5bca723.46 42f94048 043937 h ???????? 002 /wiki/GeistigesEigentum
5bca724.3a 42f94052 043937 s ???????? 002 /wiki/LispLanguage
5bca78b.2c 42f95989 70a047 h ???????? 001 //rss.rdf
5bca793.22 aaf712eb cedf5c h ???????? 013 /
5bca79d.0d c8e8ae6f cdfc4d h ???????? 028 /
5bca79d.10 c8e8ae6f cedf5c h ???????? 025 /
5bca7ab.7d 42f94050 622963 s ???????? 002 /wiki/DeSign
5bca7e6.ca 284da79a 6a88e8 h ???????? 012 /edit/103756002
5bca85d.e5 c16a1e62 b14930 h ???????? 002 /wp-content/themes/twentyseventeen/404.php
5bca8b1.74 42f94052 043937 s ???????? 002 /wiki/NordrheinWestfalen
5bcaa3f.6e 42f94052 043937 s ???????? 007 /wiki/ConVerg
5bcabcd.3c 42f9404a 043937 h ???????? 003 /wiki/GeeksAndSuits
5bcacc3.0a 42f94046 043937 h ???????? 013 /
5bcad5b.6b 42f94052 043937 s ???????? 003 /wiki/EintrachtBraunschweig
5bcaee9.54 42f9404a 043937 h ???????? 003 /wiki/MicroModels
5bcaf07.6e aae985ec cedf5c h ???????? 013 /
5bcb077.75 42f94052 043937 s ???????? 003 /wiki/AiBookAuthors
5bcb084.b1 42f94050 622963 s ???????? 002 /wiki/GeSund
5bcb1a2.62 9d372794 6a88e8 h ???????? 003 /wiki/ZehnFragen
5bcb1b0.f4 9d372708 6a88e8 h ???????? 002 /robots.txt
5bcb205.69 42f94052 043937 s ???????? 002 /wiki/PrintingPress
5bcb263.0d 42f94048 043937 h ???????? 003 /wiki/OpenCoffeeClubDresden
5bcb387.25 9d37273e 6a88e8 h ???????? 002 /wiki/TylerEmerson
5bcb393.64 42f94050 043937 s ???????? 002 /wiki/AnnoDomino1995
5bcb6af.93 42f94054 043937 s ???????? 002 /wiki/AlphaSeelenzustand
5bcb77d.6a 284da79a 6a88e8 h ???????? 002 /edit/35966001
5bcb77d.eb 284da79a 6a88e8 h ???????? 003 /wiki/GlobusCassus
5bcb83d.43 42f94048 043937 h ???????? 003 /wiki/IndividualResilience
5bcb8a8.5f 23c2ba8d ef60d6 h ???????? 015 /
5bcb966.3b 42f94052 622963 s ???????? 002 /wiki/MindErp
5bcb9cb.5f 42f94050 043937 s ???????? 003 /wiki/MindPeople
5bcbab1.2b 45555408 e28161 h ???????? 001 //rss.rdf
5bcbb59.78 42f94054 043937 s ???????? 003 /wiki/SchiedsRichter
5bcbce7.34 42f94048 043937 h ???????? 003 /wiki/VisualizingTime
5bcbd19.d4 05fffd07 e4b041 s ???????? 001 /robots.txt
5bcbd19.eb 8d088e5d e4b041 h ???????? 001 /robots.txt
5bcbd1d.82 05fffd07 e4b041 s ???????? 014 /
5bcbd1d.b4 8d088e5d e4b041 h ???????? 01c /
5bcbda3.45 42f94052 043937 s ???????? 015 /
5bcbdea.61 22cfa9be 2baa92 h ???????? 015 /
5bcbe75.42 42f9404a 043937 h ???????? 003 /wiki/MitWorld
5bcc003.9d 42f94052 043937 s ???????? 003 /wiki/HowardRheingold
5bcc035.cc cf2e0d42 6a88e8 h ???????? 002 /bsLog
5bcc191.45 42f94048 043937 h ???????? 003 /wiki/FussBall
5bcc248.07 42f94050 622963 s ???????? 003 /wiki/DowJones
5bcc295.41 36249432 433e9c h ???????? 002 /edit/25536001
5bcc31f.39 42f9404a 043937 h ???????? 003 /wiki/LockTeam
5bcc4ad.4e 42f94048 043937 h ???????? 004 /wiki/MindRace
5bcc4ce.ee 42f9598b 70a047 h ???????? 002 //rss.rdf
5bcc63b.43 42f94048 043937 h ???????? 003 /wiki/BeetHoven
5bcc654.2c c73a56ce 028fc4 h ???????? 002 //robots.txt
5bcc65b.99 c73a56ce 028fc4 h ???????? 016 /
5bcc65d.42 c73a56ce 028fc4 h ???????? 001 /robots.txt
5bcc662.90 c73a56ce 028fc4 h ???????? 016 /
5bcc6c5.8e 42f94046 043937 h ???????? 002 /wiki/LinkedIn
5bcc7c9.78 42f94052 043937 s ???????? 004 /wiki/EinkommenSteuer
5bcc8c2.cc 05a06f84 702dd8 h ???????? 01b /
5bcc8e3.09 42f94048 043937 h ???????? 003 /wiki/AntonBuechel
5bcc91d.dd 42f94048 043937 h ???????? 003 /wiki/PlsBlogroll
5bcc957.25 42f94048 043937 h ???????? 003 /wiki/PlsConnectionToTheMedia
5bccae5.42 42f9404a 043937 h ???????? 004 /wiki/SenftenBerg
5bccb2d.bd 42f94050 622963 s ???????? 003 /wiki/EuroStat
5bccc73.50 42f94046 043937 h ???????? 003 /wiki/UrsHolzle
5bccd4f.21 5f6cb561 e4b041 h ???????? 002 /robots.txt
5bccd52.12 5f6cb561 e4b041 s ???????? 002 /robots.txt
5bccd52.e1 5f6cb561 e4b041 h ???????? 016 /
5bccd55.cc 5f6cb561 e4b041 s ???????? 016 /
5bccda2.51 42f942ca 043937 h ???????? 003 /wiki/FrankKRichter
5bcce01.3d 42f942c8 043937 h ???????? 003 /wiki/BerkeleyEdu
5bcce83.16 42f942c8 043937 h ???????? 003 /wiki/CaIh
5bccf8f.6a 42f942d4 043937 s ???????? 003 /wiki/LingnerSchloss
5bcd11d.46 42f942c8 043937 h ???????? 004 /wiki/BodenReform
5bcd1b1.1a cf2e0d42 6a88e8 h ???????? 004 /wiki/VorLesung
5bcd2ab.3e 42f942c8 043937 h ???????? 003 /wiki/SocialMedia
5bcd423.1c 42f942ca 043937 h ???????? 003 /wiki/ForStudentsAg
5bcd439.48 42f942c8 043937 h ???????? 003 /wiki/WirtsHaus
5bcd466.e6 42f942d2 622963 s ???????? 003 /wiki/NooPoBot
5bcd5c7.32 42f942ca 043937 h ???????? 003 /wiki/WorkShops
5bcd6be.7f 42f942c8 043937 h ???????? 003 /system/robots.txt
5bcd755.3b 42f942c8 043937 h ???????? 004 /wiki/EmBodiment
5bcd847.d1 cf2e0d41 6a88e8 h ???????? 020 /
5bcd862.91 42f942c6 043937 h ???????? 005 /wiki/BundesTag
5bcd8e3.31 42f942c6 043937 h ???????? 007 /wiki/WernerAmon
5bcd9c3.16 42f942c6 043937 h ???????? 004 /wiki/HeBammel
5bcda71.69 42f942d2 043937 s ???????? 003 /wiki/TWsuyNJWk
5bcdb7f.40 b4fd484d cdfc4d h ???????? 020 /
5bcdbff.82 42f942d0 043937 s ???????? 004 /wiki/EigenKapital
5bcdcec.81 42f942d2 622963 s ???????? 004 /wiki/PeekPoke
5bcdd8d.42 42f942c6 043937 h ???????? 005 /wiki/MicroPayment
5bcde9f.a3 d1116012 14defb h ???????? 018 /
5bcdf1b.43 42f942c8 043937 h ???????? 004 /wiki/InformationForaging
5bcdf63.15 42f942ca 622963 h ???????? 002 /system
5bce0a9.40 42f942c8 043937 h ???????? 004 /wiki/JesusChrist
5bce1ad.58 b44c0fa3 a04d28 h ???????? 003 /wiki/RainerWasserfuhrCvEn
5bce237.69 42f942d4 043937 s ???????? 003 /wiki/StartUpWiki
5bce24f.30 42f942ca 043937 h ???????? 003 /wiki/BildKunst
5bce3c5.37 42f942ca 043937 h ???????? 004 /wiki/UseOnceVariables
5bce4e9.84 42f95cc7 70a047 h ???????? 002 //rss.rdf
5bce553.32 42f942c8 043937 h ???????? 003 /wiki/MailboxHiPo
5bce608.fb 42f942d4 622963 s ???????? 004 /wiki/BarKasse
5bce6e1.3d 42f942ca 043937 h ???????? 003 /wiki/HyperSemantics
5bce86f.4b 42f942c6 043937 h ???????? 004 /wiki/PeterNorvig
5bce88f.cb 42f942d0 043937 s ???????? 004 /wiki/NotenStaender
5bce9fd.73 42f942d4 043937 s ???????? 004 /wiki/NicolaGuarino
5bcea1f.c1 42f942c6 043937 h ???????? 003 /wiki/KunstBild
5bceaa3.1b 42f942ca 043937 h ???????? 004 /wiki/SiRe
5bceb8b.7e 42f942d4 043937 s ???????? 005 /wiki/LinkedGeoData
5bcec4c.de 8ab97c1e be37cc h ???????? 01b /
5bced19.40 42f942c6 043937 h ???????? 004 /wiki/NewGreatGame
5bceea7.7d 42f942d2 043937 s ???????? 004 /wiki/ReCent
5bceeae.e8 42f942d0 622963 s ???????? 004 /wiki/MarkRanSt
5bcef69.5c 68830860 cedf5c h ???????? 01c /
5bcf035.8c 42f942d4 043937 s ???????? 005 /wiki/EnTail
5bcf043.0c 42f942c6 043937 h ???????? 003 /wiki/AuBe
5bcf0b6.52 3624943c 433e9c h ???????? 002 /edit/30926001
5bcf1c3.3f 42f942c6 043937 h ???????? 004 /wiki/AdaLovelace
5bcf246.93 cf2e0d60 6a88e8 h ???????? 004 /wiki/MindBroker
5bcf2fb.fd 42f942c6 043937 h ???????? 004 /wiki/SteckDose
5bcf351.61 42f942d4 043937 s ???????? 004 /wiki/IcCcbe
5bcf457.d4 1f0d7309 4ca585 h ???????? 025 /
5bcf458.36 1f0d7309 4ca585 h ???????? 003 /favicon.ico
5bcf45c.d3 1f0d7309 4ca585 h ???????? 002 /feel/4
5bcf4df.45 42f942c8 043937 h ???????? 004 /wiki/GovernMent
5bcf4f9.13 9d3727ef e39fc8 h ???????? 004 //wiki/JanBoehme
5bcf5e3.11 42f942ca 043937 h ???????? 004 /wiki/OnePersonOneVote
5bcf66d.75 42f942d4 043937 s ???????? 004 /wiki/KrzysztofKurowski
5bcf790.4a 42f942d2 622963 s ???????? 004 /wiki/MindCourt
5bcf7fb.38 42f942c8 043937 h ???????? 004 /wiki/LuigiColani
5bcf989.71 42f942c8 043937 h ???????? 004 /wiki/SolarSystem
5bcfa30.59 555d585b afa0df h ???????? 002 /robots.txt
5bcfa30.f4 555d585b afa0df h ???????? 003 //wiki/LockSchuppenBusinessPlan
5bcfae2.cb 5e9e9b0f 3e9e8c h ???????? 01b /
5bcfae3.21 5e9e9b0f 3e9e8c h ???????? 002 //blog/
5bcfae3.c1 5e9e9b0f 3e9e8c h ???????? 002 /blog
5bcfaf5.48 42f942c8 043937 h ???????? 003 /wiki/VlSi
5bcfb17.1e 42f942c8 043937 h ???????? 004 /wiki/PatrickHall
5bcfb82.f9 42f942c8 043937 h ???????? 004 /wiki/DresdenBot
5bcfbea.64 42f942c6 043937 h ???????? 004 /wiki/MindMusic
5bcfca5.38 42f942ca 043937 h ???????? 004 /wiki/ErnstHeller
5bcfcbf.ac d0641ae7 011120 s ???????? 003 /nmaplowercheck1539679976
5bcfcc0.75 d0641ae7 011120 s ???????? 002 /sdk
5bcfcc0.7e d0641ae7 011120 s ???????? 003 /NmapUpperCheck1539679976
5bcfcc1.2b d0641ae7 011120 s ???????? 002 /Nmap/folder/check1539679976
5bcfcc1.82 d0641ae7 011120 s ???????? 026 /
5bcfe33.40 42f942c6 043937 h ???????? 004 /wiki/AugustusRex
5bcfe89.7e 5519d2ea afa0df h ???????? 002 //robots.txt
5bcfe89.be 5519d2ea afa0df h ???????? 004 //wiki/ChristianGuenzl
5bcffc1.32 42f942c6 043937 h ???????? 003 /wiki/GedankenWelt
