5b10271.5c 42f9594b 70a047 h ???????? 001 //rss.rdf
5b102a2.5a 42f94088 043937 h ???????? 003 /wiki/CurryDoener
5b103a3.3a 42f94094 043937 s ???????? 003 /wiki/HealthLife
5b1041e.60 42f94088 043937 h ???????? 003 /wiki/PalatschinkenInsel
5b10457.ed 9d3727a2 6a88e8 h ???????? 002 /wiki/PeterHerchenbach
5b10585.2f 42f9408a 043937 h ???????? 003 /wiki/DonauPlex
5b106c1.3d 42f94090 622963 s ???????? 003 /wiki/PagePath
5b106f3.78 b9dc652d c2bd49 h ???????? 014 /
5b1072e.78 42f9408a 043937 h ???????? 003 /wiki/PlanetaryResources
5b1078f.0d 42f9408a 622963 h ???????? 002 /earth
5b108a5.80 42f9408a 043937 h ???????? 004 /wiki/NationalFederationOfTheBlind
5b10c84.8f 42f94092 043937 s ???????? 002 /wiki/EinBrecher
5b10cd3.a1 9d37277f 6a88e8 h ???????? 01a /
5b10fa2.41 42f94092 622963 s ???????? 003 /wiki/EventLog
5b11071.0b 42f9408a 043937 h ???????? 003 /wiki/OccupyUrth
5b11215.3e 42f94086 043937 h ???????? 003 /wiki/GoogleSun
5b1152a.f8 42f94088 043937 h ???????? 003 /wiki/DeScription
5b11537.6c b2084551 ea3c0a h ???????? 013 /
5b11565.2c 42f94092 043937 s ???????? 003 /wiki/TeilNehmer
5b116e2.84 b44c0f16 a04d28 h ???????? 014 /
5b11786.0d 42f94094 043937 s ???????? 003 /wiki/FbId
5b118c4.25 42f94090 622963 s ???????? 002 /wiki/RePort
5b11957.26 b2084551 ea3c0a h ???????? 013 /
5b11957.f7 b2084551 6c4fa8 h ???????? 002 /apple-touch-icon-152x152-precomposed.png
5b11958.36 b2084551 6c4fa8 h ???????? 002 /apple-touch-icon-152x152.png
5b11958.5f b2084551 6c4fa8 h ???????? 001 /apple-touch-icon.png
5b11958.85 b2084551 6c4fa8 h ???????? 001 /apple-touch-icon.png
5b11958.aa b2084551 6c4fa8 h ???????? 002 /apple-touch-icon-precomposed.png
5b11958.d0 b2084551 6c4fa8 h ???????? 001 /favicon.ico
5b11975.76 42f9408a 043937 h ???????? 002 /wiki/LockBook
5b119cd.1a 42f94088 043937 h ???????? 003 /wiki/KirstinWalther
5b11b26.41 cf2e0d02 6a88e8 h ???????? 002 /edit/4486001
5b11b26.86 cf2e0d02 6a88e8 h ???????? 002 /edit/30816001
5b11b26.cf cf2e0d02 6a88e8 h ???????? 001 /edit/31316001
5b11b27.15 cf2e0d02 6a88e8 h ???????? 002 /edit/35946001
5b11b27.5f cf2e0d02 6a88e8 h ???????? 002 /wiki/GruenesWunder
5b11b27.a4 cf2e0d02 6a88e8 h ???????? 002 /edit/9526001
5b11b27.fc cf2e0d02 6a88e8 h ???????? 001 /edit/6536001
5b11b2c.6b 9d37277f 6a88e8 h ???????? 001 /edit/27746001
5b11b2c.b0 9d37277f 6a88e8 h ???????? 003 /wiki/BoardCenter
5b11b2c.f8 9d37277f 6a88e8 h ???????? 002 /edit/8496001
5b11b2d.41 9d37277f 6a88e8 h ???????? 002 /edit/7486001
5b11b30.e8 9d3727c3 6a88e8 h ???????? 002 /edit/6526001
5b11b31.32 9d3727c3 6a88e8 h ???????? 001 /edit/4496001
5b11b31.77 9d3727c3 6a88e8 h ???????? 002 /edit/9526003
5b11b31.bf 9d3727c3 6a88e8 h ???????? 003 /wiki/DieVioletten
5b11b32.0f 9d3727c3 6a88e8 h ???????? 002 /edit/27676001
5b11b36.e2 9d3727a2 6a88e8 h ???????? 002 /edit/4486002
5b11b37.33 9d3727a2 6a88e8 h ???????? 001 /edit/29596001
5b11b37.92 9d3727a2 6a88e8 h ???????? 002 /edit/5496001
5b11b38.10 9d3727a2 6a88e8 h ???????? 002 /edit/9526002
5b11b38.70 9d3727a2 6a88e8 h ???????? 002 /wiki/AussenPattern
5b11b38.c1 9d3727a2 6a88e8 h ???????? 002 /edit/21476001
5b11b39.0b 9d3727a2 6a88e8 h ???????? 009 /edit/25326002
5b11c4d.b2 42f94086 043937 h ???????? 004 /wiki/AnnaAlbrecht
5b11cbc.b7 42f9408a 043937 h ???????? 004 /wiki/SingularWikiWall
5b11e46.4b 42f94092 043937 s ???????? 004 /wiki/VolkerBeck
5b11e86.dd 42f94086 043937 h ???????? 003 /wiki/BermudaFreyEck
5b11e9f.b8 42f9594b 70a047 h ???????? 002 //rss.rdf
5b12009.48 42f9408a 043937 h ???????? 005 /wiki/SingularSchloss
5b12165.11 42f94090 622963 s ???????? 003 /wiki/ZuFall
5b121b1.85 42f9408a 043937 h ???????? 003 /wiki/JohannesKleske
5b124b0.d9 42f94086 043937 h ???????? 004 /wiki/BisDasDerTodUnsScheide
5b12528.29 cf2e0d02 6a88e8 h ???????? 003 /wiki/VerFassung
5b12595.c8 42f9400f 043937 h ???????? 014 /robots.txt
5b12596.06 42f9400f 043937 h ???????? 023 /
5b12727.48 42f94092 043937 s ???????? 004 /wiki/LisBoa
5b12a32.36 05bdb12d 516383 s ???????? 002 /robots.txt
5b12a32.60 05bdb12d 516383 s ???????? 07e /hls
5b12a46.4f 42f94092 622963 s ???????? 006 /wiki/AiGame
5b12afe.c7 42f9408a 043937 h ???????? 004 /wiki/CaenorhabditisElegans
5b12bc0.5e 42f951e9 002725 h ???????? 002 /favicon.ico
5b12c6b.63 42f94088 043937 h ???????? 004 /wiki/SriLanka
5b12e64.54 5fa3ff6a 399ff9 h ???????? 002 /robots.txt
5b12e64.e7 5fa3ff70 399ff9 h ???????? 021 /wiki/127001
5b12ee9.e6 5fa3ff71 399ff9 h ???????? 002 /robots.txt
5b12eea.6f 5fa3ff6b 399ff9 h ???????? 017 /love/1e
5b12f64.c2 42f9408a 043937 h ???????? 004 /wiki/ExtremeDemocracy
5b12fca.58 42f94092 043937 s ???????? 002 /PiPo
5b13021.30 42f94090 043937 s ???????? 004 /wiki/CompanyLife
5b130b1.06 b36edfac cdfc4d h ???????? 020 /
5b130f9.de b44c0f8b a04d28 h ???????? 003 /wiki/PieschenTv
5b13142.17 42f94088 043937 h ???????? 004 /wiki/DiaSpora
5b1319a.d5 42f94086 043937 h ???????? 003 /wiki/WhatIsMoney
5b13205.8d b2084551 ea3c0a h ???????? 022 /
5b13207.f2 b2084551 6c4fa8 h ???????? 002 /apple-touch-icon-152x152-precomposed.png
5b13208.3b b2084551 6c4fa8 h ???????? 003 /apple-touch-icon-152x152.png
5b13208.6d b2084551 6c4fa8 h ???????? 002 /apple-touch-icon.png
5b13208.98 b2084551 6c4fa8 h ???????? 002 /apple-touch-icon.png
5b13208.c4 b2084551 6c4fa8 h ???????? 002 /apple-touch-icon-precomposed.png
5b13208.f6 b2084551 6c4fa8 h ???????? 002 /favicon.ico
5b1320a.85 b2084551 ea3c0a h ???????? 002 /alive/4
5b1320a.98 b2084551 ea3c0a h ???????? 002 /feel/4
5b13305.0e 42f94094 043937 s ???????? 004 /wiki/SaSev
5b13327.43 42f94092 622963 s ???????? 004 /wiki/IqProQm
5b133a5.dc 42f94088 622963 h ???????? 004 /wiki/ForStudentsAg
5b13410.29 42f94088 043937 h ???????? 004 /wiki/EminentDomain
5b13487.c5 c91468e7 be37cc h ???????? 01a /
5b1353d.6b 05bdb12d 516383 s ???????? 002 /robots.txt
5b1353d.95 05bdb12d 516383 s ???????? 084 /ls
5b135b2.0a 42f94088 043937 h ???????? 004 /wiki/LifeDay16203
5b135f4.2f 42f94086 043937 h ???????? 004 /wiki/NaSt
5b1375b.96 42f94088 043937 h ???????? 004 /wiki/SaSev
5b1379f.0b 42f94092 043937 s ???????? 006 /wiki/TutTla
5b137bb.5a b8494933 4776f8 h ???????? 009 /wiki/TradeGate
5b137bb.5d b8494933 4776f8 h ???????? 002 /robots.txt
5b138d8.72 42f94086 043937 h ???????? 003 /wiki/OnAffordance
5b138e9.e1 42f94092 043937 s ???????? 004 /wiki/ShutDown
5b138ea.e8 42f94088 043937 h ???????? 007 /wiki/ComputersInEducation
5b138fb.48 42f94086 043937 h ???????? 003 /wiki/InBedWithGarry
5b1398f.8b 42f9408a 043937 h ???????? 004 /wiki/WirkZentrum
5b13ac9.1b 42f94094 043937 s ???????? 004 /wiki/BeeBib
5b13b13.b7 42f95947 70a047 h ???????? 002 //rss.rdf
5b13bf3.17 42f94088 043937 h ???????? 004 /wiki/GiselaGiardino
5b13c08.39 42f94092 622963 s ???????? 004 /wiki/AlanKay
5b13c4a.0b 42f94092 043937 s ???????? 005 /wiki/WebLog
5b13d83.1f 42f94088 043937 h ???????? 004 /wiki/BeeBib
5b13f07.df bd4e1520 cdfc4d h ???????? 01a /
5b13f0c.aa 42f94088 043937 h ???????? 003 /wiki/WebLog
5b13f9a.7f 05bdb12d 516383 s ???????? 002 /robots.txt
5b140c0.ac 42f9408a 043937 h ???????? 004 /wiki/MobLogs
5b1410c.f1 42f94092 043937 s ???????? 003 /wiki/ExPect
5b141b5.ec 42f94086 043937 h ???????? 020 /
5b141ca.e7 42f94086 043937 h ???????? 003 /wiki/SeTo
5b14257.cc 42f9408a 043937 h ???????? 004 /wiki/ExPect
5b142ad.ca 42f94094 043937 s ???????? 004 /wiki/DaBei
5b1434a.99 904c66f3 c18303 h ???????? 004 /wiki/SommerSchwatz
5b143d8.be 42f94086 043937 h ???????? 005 /wiki/OnDubai
5b14407.f4 42f94092 043937 s ???????? 005 /wiki/RrcRt
5b144e9.4d 42f94090 622963 s ???????? 005 /wiki/DenkAkt
5b14570.a8 42f9408a 043937 h ???????? 004 /wiki/WaltherUmstaetter
5b145a5.ab 42f94090 043937 s ???????? 004 /wiki/VerEin
5b14758.35 42f94088 043937 h ???????? 019 /crush
5b14804.a5 42f9408a 043937 h ???????? 005 /wiki/RrcRt
5b14999.f2 42f94090 043937 s ???????? 005 /wiki/GeSell
5b14aac.82 42f94092 043937 s ???????? 004 /wiki/ProGnose
5b14b93.65 42f94092 043937 s ???????? 005 /wiki/TheGame
5b14bbf.87 42f94086 043937 h ???????? 004 /wiki/VerEin
5b14d37.6c d9458f36 87563c h ???????? 003 /robots.txt
5b14d3c.77 d9458f3d 87563c h ???????? 003 /RecentChanges
5b14d4d.75 42f94092 043937 s ???????? 005 /wiki/ReBoot
5b14d60.73 a013e0c3 be37cc h ???????? 023 /
5b14dca.42 42f94092 622963 s ???????? 004 /wiki/NordPol
5b14eea.58 42f94090 043937 s ???????? 005 /wiki/ZuFall
5b14f16.5e b44c0f1b fa643b h ???????? 003 /robots.txt
5b14f16.71 b44c0f08 fa643b h ???????? 002 /robots.txt
5b14f49.2c b44c0f9b a04d28 h ???????? 004 /wiki/RainerWasserfuhrCvEn
5b14fc6.6b 42f94086 043937 h ???????? 005 /wiki/UlfGrenander
5b15058.3a 42f9408a 043937 h ???????? 005 /wiki/PowerLaw
5b15202.37 d424d8fa 19c6c4 h ???????? 022 /
5b152c9.60 2e22a11d 19c6c4 h ???????? 01c /
5b1538d.87 42f94092 043937 s ???????? 005 /wiki/StromAusfall
5b153d1.b0 42f94090 043937 s ???????? 004 /wiki/ErWart
5b15441.49 b91ec3a7 cdfc4d h ???????? 029 /
5b1550b.f5 42f9408a 043937 h ???????? 005 /wiki/ReBoot
5b15542.ef 42f94094 043937 s ???????? 005 /wiki/NeuGier
5b15688.a7 42f9408a 043937 h ???????? 005 /wiki/BankNote
5b156c5.28 42f94090 622963 s ???????? 004 /wiki/VorName
5b1582b.58 42f94090 043937 s ???????? 005 /wiki/OrMpMan
5b15970.6b 42f94086 043937 h ???????? 005 /wiki/ErWart
5b159e4.54 42f94092 043937 s ???????? 005 /wiki/ElbUfer
5b15ac6.eb 42f9594b 70a047 h ???????? 003 //rss.rdf
5b15c6e.68 42f94092 043937 s ???????? 005 /wiki/AnnaAlbrecht
5b15d02.ce 42f94090 043937 s ???????? 005 /wiki/UbiComp
5b15d51.92 cf2e0d02 6a88e8 s ???????? 01b /
5b15dd5.e2 42f9408a 043937 h ???????? 003 /crush
5b15e56.3c 42f9408a 043937 h ???????? 004 /wiki/UbiComp
5b15f8d.3f 42f94092 622963 s ???????? 005 /wiki/TimeZone
5b15f98.03 b44c0f16 a04d28 h ???????? 01f /
5b15fee.5e 42f9408a 043937 h ???????? 004 /wiki/ElbUfer
5b16034.42 42f94092 043937 s ???????? 004 /wiki/CapeCod
5b1606a.74 42f9408a 043937 h ???????? 005 /wiki/TwitMap
5b16419.27 51d7d4af cedf5c h ???????? 025 /
5b16472.c1 42f94088 043937 h ???????? 005 /wiki/CapeCod
5b16499.ea 42f94092 043937 s ???????? 005 /wiki/JohnPad
5b1654f.8d 42f94090 043937 s ???????? 005 /wiki/KarlAlbrecht2
5b1661d.4a 42f94088 043937 h ???????? 005 /wiki/BauKosten
5b16629.86 42f94092 043937 s ???????? 004 /wiki/PreDict
5b1686e.48 42f94086 622963 h ???????? 005 /wiki/ShakeHands
5b1694f.ab 42f94090 043937 s ???????? 005 /wiki/LinkedIn
5b169f6.16 5f6cb561 e4b041 h ???????? 004 /robots.txt
5b169f9.cc 5f6cb561 e4b041 h ???????? 003 /favicon.ico
5b16a9b.d4 42f9408a 043937 h ???????? 004 /wiki/SecurityAudit
5b16bdd.ae 42f94090 043937 s ???????? 025 /
5b16be2.14 42f94088 043937 h ???????? 004 /wiki/SingularVille
5b16c11.ac 42f94086 043937 h ???????? 006 /wiki/FederalReserve
5b16c3d.5b 42f94088 043937 h ???????? 004 /wiki/FrancesAllen
5b16c68.8d 42f94086 043937 h ???????? 004 /wiki/FrauenKirche
5b16c94.b2 42f94088 043937 h ???????? 005 /wiki/WeltWaehrung
5b16cc2.27 42f94086 043937 h ???????? 005 /wiki/NextGeneration
5b16cf6.5b 42f94088 043937 h ???????? 005 /wiki/MichaelRichter
5b16e33.25 42f94092 043937 s ???????? 005 /wiki/FeedReader
5b1714f.5c 42f94092 622963 s ???????? 004 /wiki/BlackSwan
5b174a3.21 9d3727a2 6a88e8 h ???????? 006 /wiki/JspWiki
5b17712.32 42f94092 043937 s ???????? 005 /wiki/PeterClose
5b17760.ca d1619014 6a9be8 s ???????? 02e /
5b1795d.05 b1bd0490 cedf5c h ???????? 041 /
5b1795d.03 b1bd0490 19c6c4 h ???????? 04c /
5b17a30.63 42f94090 622963 s ???????? 005 /wiki/KnowLedge
5b17c75.79 2ee5a183 d05934 h ???????? 006 //wiki/WwWebLern
5b17d0f.51 42f95949 70a047 h ???????? 005 //rss.rdf
5b17d5d.12 c16a1e62 b14930 h ???????? 003 /modules/mod_feed/tmpl/mod_feed.php
5b17ff3.6d 42f94090 043937 s ???????? 006 /wiki/HeikoHebig
5b18079.32 42f9408a 043937 h ???????? 003 /robots.txt
5b18079.58 42f94086 043937 h ???????? 006 /wiki/OrMpMan
5b182cd.e4 d8f442f3 2e51d1 h ???????? 004 /robots.txt
5b18311.61 42f94094 622963 s ???????? 005 /wiki/StuttGart
5b18322.1d d87ee18e a95ea1 h ???????? 005 //rss.rdf
5b183aa.2a d8f442f3 2e51d1 h ???????? 006 /wiki/MatthiasBauer
5b187fd.49 42f94088 622963 h ???????? 027 /
5b188d4.53 42f94092 043937 s ???????? 006 /wiki/KayGroschen
5b189a5.ac 7b8b2ab6 cedf5c h ???????? 02d /
5b189f9.e8 42f94088 043937 h ???????? 005 /wiki/LinkedIn
5b18bf2.1b 42f94088 622963 h ???????? 005 /wiki/LucyHerbst
5b18c56.f9 4d48520c 2bf2e9 h ???????? 023 /
5b18c57.43 4d48520c 2bf2e9 h ???????? 003 //blog/
5b18c57.e5 4d48520c 2bf2e9 h ???????? 004 /blog
5b18ce9.58 6dc7a4ea 19c6c4 h ???????? 023 /
5b18d7c.4d 5dae5f6a a397c6 h ???????? 025 /
5b18d87.53 5dae5f6a ca0366 h ???????? 003 /favicon.ico
5b19014.6c bd2f3dcc cdfc4d h ???????? 020 /
5b1901a.e6 9d3727c3 6a88e8 h ???????? 005 /wiki/MindMark
5b19159.27 42f94088 043937 h ???????? 004 /robots.txt
5b191b5.5c 42f94092 043937 s ???????? 003 /robots.txt
5b191b5.a4 42f94092 043937 s ???????? 005 /wiki/RoellNumber
5b191f9.63 42f94088 043937 h ???????? 004 /Edit.jsp
5b192b6.1c 42f94086 043937 h ???????? 006 /wiki/ThorstenPrante
5b194e1.0a 42f94088 622963 h ???????? 006 /wiki/LebensEnde
5b19564.e4 cf2e0d02 6a88e8 h ???????? 006 /wiki/RainerWasserfuhr
5b1996c.6b 42f9594b 70a047 h ???????? 003 //rss.rdf
5b19a28.ae 67595b9d ee113c h ???????? 024 /
5b19a29.d5 67595b9d ee113c h ???????? 004 //https://floatingboat2013.appspot.com
5b19a2a.ee 67595b9d ee113c h ???????? 005 //wiki/AlanTuring
5b19a2d.08 67595b9d ee113c h ???????? 006 //wiki/GottfriedWilhelmLeibniz
5b19a2e.0c 67595b9d ee113c h ???????? 003 //https://floatingboat2013.appspot.com/UrPic
5b19a2f.6e 67595b9d ee113c h ???????? 004 //https://floatingboat2013.appspot.com/ad
5b19a33.9f 67595b9d ee113c h ???????? 003 //https://sl4.eu/hls
5b19a34.d0 67595b9d ee113c h ???????? 003 //https://sl4.eu/ls
5b19a35.e0 67595b9d ee113c h ???????? 003 //https://sl4.eu/sh
5b19a39.52 67595b9d ee113c h ???????? 003 //https://www.youtube.com/watch
5b19abd.88 42f94092 043937 s ???????? 005 /wiki/OlafSiebert
5b19afe.0e 42f94088 043937 h ???????? 005 /wiki/VIkM
5b19c13.58 42f94088 043937 h ???????? 006 /wiki/JoomlaCms
5b19c65.b7 42f94086 043937 h ???????? 006 /wiki/AlexanderFriedlandWikiWall
5b19ca8.58 42f94086 043937 h ???????? 006 /wiki/DiRi
5b19db5.14 42f94094 622963 s ???????? 007 /wiki/SRWareIron
5b19e97.93 42f940db 043937 s ???????? 004 /robots.txt
5b19e98.33 42f940d9 043937 s ???????? 027 /
5b19e99.31 42f940dd 043937 s ???????? 022 /
5b19ea7.00 42f940d9 ab3bd9 s ???????? 005 /feel/4
5b19ea7.8f 42f940d9 ab3bd9 s ???????? 003 /feel/8
5b19ea8.21 42f940d9 ab3bd9 s ???????? 022 /feel/10
5b19f73.dc 42f94088 043937 h ???????? 006 /wiki/ExPel
5b1a2c4.e1 556907f1 be37cc h ???????? 026 /
5b1a351.99 42f94092 043937 s ???????? 006 /wiki/SocialSignIn
5b1a377.fc 42f94094 043937 s ???????? 006 /wiki/RainerMuenz
5b1a515.10 b1bc954b cdfc4d h ???????? 02c /
5b1a696.79 42f94094 622963 s ???????? 006 /wiki/GroundView
5b1a6e2.e9 42f94088 043937 h ???????? 004 /robots.txt
5b1a8a2.17 654e9662 2f8861 h ???????? 004 //status
5b1a8ca.f3 654e9662 2f8861 h ???????? 003 //_phpMyAdmin/scripts/setup.php
5b1a8d1.59 654e9662 2f8861 h ???????? 004 //admin/scripts/setup.php
5b1a8d4.13 654e9662 2f8861 h ???????? 004 //scripts/setup.php
5b1aa2e.bb 9d3727a2 6a88e8 h ???????? 006 /wiki/PeterHerchenbach
5b1ab57.c9 26633e5d 99cc80 h ???????? 024 /
5b1ac25.7b 5f6cb561 e4b041 h ???????? 004 /robots.txt
5b1ac29.36 5f6cb561 e4b041 h ???????? 02c /
5b1ac59.57 42f94090 043937 s ???????? 006 /wiki/HwWi
5b1ad10.f6 c76561e7 161c85 h ???????? 005 //rss.rdf
5b1ad1a.0f 6bb5840c e28161 h ???????? 001 //rss.rdf
5b1ad1e.23 c0e3e92f a95ea1 h ???????? 001 //rss.rdf
5b1ad8f.ef 33260c17 a397c6 s ???????? 012 /
5b1af77.68 42f94090 622963 s ???????? 003 /wiki/MeMo
5b1b0bd.4b 42f94088 043937 h ???????? 002 /wiki/MVxEzug
5b1b2a6.d2 b2084551 ea3c0a h ???????? 016 /
5b1b2a7.a8 b2084551 6c4fa8 h ???????? 001 /apple-touch-icon-152x152-precomposed.png
5b1b2a8.29 b2084551 6c4fa8 h ???????? 001 /apple-touch-icon-152x152.png
5b1b2a8.4f b2084551 6c4fa8 h ???????? 002 /apple-touch-icon.png
5b1b2a8.75 b2084551 6c4fa8 h ???????? 001 /apple-touch-icon.png
5b1b2a8.9c b2084551 6c4fa8 h ???????? 001 /apple-touch-icon-precomposed.png
5b1b2a8.c9 b2084551 6c4fa8 h ???????? 001 /favicon.ico
5b1b2ab.24 b2084551 ea3c0a h ???????? 001 /feel/4
5b1b2b3.37 42f94088 043937 h ???????? 002 /wiki/AlanTuring
5b1b3ba.3d 42f94086 043937 h ???????? 002 /wiki/KuWiCoin
5b1b3df.4f 42f94092 043937 s ???????? 003 /wiki/SingularSummerDresden
5b1b3df.96 42f94092 043937 s ???????? 002 /wiki/SingularSummerDresden
5b1b440.12 42f94086 043937 h ???????? 002 /wiki/SingularSummerDresden
5b1b53a.3f 42f94094 043937 s ???????? 002 /wiki/PiratenWiki
5b1b5ef.6f 42f9594b 70a047 h ???????? 001 //rss.rdf
5b1b764.71 9d37277f 6a88e8 h ???????? 003 /wiki/SimoneRebentisch
5b1b856.ab 42f94088 043937 h ???????? 003 /wiki/SemanticCube
5b1b858.2e 42f94092 622963 s ???????? 002 /wiki/NoOs
5b1b91e.de 42f94086 043937 h ???????? 003 /wiki/BikeOne
5b1b9e8.5c baf9d191 be37cc h ???????? 016 /
5b1be1b.5e 42f94094 043937 s ???????? 003 /wiki/MarcusSteyer
5b1bfb3.20 42f94088 043937 h ???????? 002 /wiki/PeterWilhelmWasserfuhr
5b1c013.84 42f9408a 043937 h ???????? 002 /wiki/InformationTheory
5b1c139.49 42f94092 622963 s ???????? 003 /wiki/YvSc
5b1c163.b0 3624966d 433e9c h ???????? 009 /robots.txt
5b1c217.61 42f94086 043937 h ???????? 003 /wiki/AntonioNegri
5b1c3b4.f7 5f6cb561 e4b041 h ???????? 014 /
5b1c4d4.a8 42f94086 043937 h ???????? 003 /wiki/PublicGood
5b1c52a.6b 42f94092 043937 s ???????? 003 /wiki/ExCel
5b1c664.7a 33260c17 a397c6 h ???????? 013 /
5b1c6d1.b9 42f9408a 043937 h ???????? 003 /wiki/TimothyGartonAsh
5b1c6fc.3a 42f94094 043937 s ???????? 003 /wiki/MariaSchmitz
5b1c7f9.26 42f94086 043937 h ???????? 002 /wiki/ExCel
5b1c93e.25 42f9408a 043937 h ???????? 01c /
5b1ca1a.39 42f94094 622963 s ???????? 003 /wiki/AnJa
5b1cada.0c 5f6cb561 e4b041 h ???????? 001 /robots.txt
5b1cadd.cc 5f6cb561 e4b041 h ???????? 01b /
5b1cb57.5d 42f94086 043937 h ???????? 003 /wiki/NeoMedievalism
5b1cbaa.bd bb39e5bf 702dd8 h ???????? 016 /
5b1cbd5.3c b91cf8ed 19c6c4 h ???????? 015 /
5b1ce50.d8 42f94086 043937 h ???????? 003 /wiki/BottomUp
5b1ce5e.88 42f9408a 043937 h ???????? 003 /wiki/WajKoenitz
5b1cf33.88 9d372746 e39fc8 h ???????? 003 //wiki/RedBlueGame
5b1cfdd.3c 42f94094 043937 s ???????? 002 /wiki/MarkFletcher
5b1d2d6.8b 42f94088 043937 h ???????? 004 /wiki/LotharZoegner
5b1d300.dd 42f94092 622963 s ???????? 003 /wiki/RoPu
5b1d3a8.5d 4d9f50f1 702dd8 h ???????? 015 /
5b1d526.ad 2448d814 702dd8 h ???????? 019 /
5b1d586.56 42f95947 70a047 h ???????? 001 //rss.rdf
5b1d614.b6 42f94086 043937 h ???????? 003 /wiki/RainerBeck
5b1d71e.3c 9d37277f 6a88e8 h ???????? 003 /wiki/SiggiBecker
5b1d74e.39 42f94092 043937 s ???????? 003 /wiki/CynthiaBreazeal
5b1d785.bc 42f94086 043937 h ???????? 002 /wiki/OstraGehege
5b1d8dd.b8 42f94094 043937 s ???????? 003 /wiki/KlaraBuechel
5b1dab6.ce 42f94086 043937 h ???????? 003 /wiki/IngeDreecken
5b1dbcc.4f b2ffd754 c51fdf h ???????? 002 //robots.txt
5b1dbdc.eb 42f94092 622963 s ???????? 003 /wiki/DrDom
5b1dc16.bd 42f94086 043937 h ???????? 003 /wiki/FelixMoustier
5b1dc4c.2c 42f94086 043937 h ???????? 002 /wiki/ParadoxOfVoting
5b1e02a.80 c9011727 be37cc h ???????? 015 /
5b1e1a0.1d 42f94092 043937 s ???????? 003 /wiki/HoerZu
5b1e243.b9 5f6cb561 e4b041 h ???????? 002 /robots.txt
5b1e247.72 5f6cb561 e4b041 h ???????? 014 /
5b1e29a.e4 42f94090 043937 s ???????? 003 /wiki/JoKo
5b1e2ae.dd 42f94086 043937 h ???????? 003 /wiki/SchwedtOder
5b1e404.4a 42f9408a 043937 h ???????? 003 /wiki/JacquesHerbrand
5b1e41a.1d 9d3727c3 6a88e8 h ???????? 002 /wiki/WikiLender
5b1e4be.41 42f94092 622963 s ???????? 003 /wiki/DrMabe
5b1e4e9.2b 33b36d28 ee113c h ???????? 016 /
5b1e4e9.9a 33b36d28 ee113c h ???????? 001 //https://floatingboat2013.appspot.com
5b1e4e9.e8 33b36d28 ee113c h ???????? 003 //wiki/AlanTuring
5b1e4ea.49 33b36d28 ee113c h ???????? 002 //wiki/GottfriedWilhelmLeibniz
5b1e4ea.a8 33b36d28 ee113c h ???????? 001 //https://floatingboat2013.appspot.com/UrPic
5b1e4eb.03 33b36d28 ee113c h ???????? 001 //https://floatingboat2013.appspot.com/ad
5b1e4eb.50 33b36d28 ee113c h ???????? 001 //https://sl4.eu/hls
5b1e4eb.b0 33b36d28 ee113c h ???????? 001 //https://sl4.eu/ls
5b1e4ec.04 33b36d28 ee113c h ???????? 001 //https://sl4.eu/sh
5b1e4ec.5f 33b36d28 ee113c h ???????? 002 //https://www.youtube.com/watch
5b1e578.27 42f94086 043937 h ???????? 004 /wiki/GermaineGreer
5b1e5a0.93 42f94090 043937 s ???????? 002 /wiki/MaRo
5b1e5c4.d1 9d37277f 6a88e8 h ???????? 003 /wiki/DeutschLand
5b1e5f1.e7 9d3727a2 6a88e8 h ???????? 003 /wiki/SingularityUniversity
5b1e614.d4 9d37277f 6a88e8 h ???????? 017 /
5b1e746.74 42f94094 043937 s ???????? 003 /wiki/MaAm
5b1e76e.c4 b1807de2 cdfc4d h ???????? 018 /
5b1e7ea.7b 253b3780 e3b0c4 h ???????? 003 /robots.txt
5b1e7ec.ae 253b3780 0fa94d h ???????? 018 /
5b1e8e7.c0 42f94094 043937 s ???????? 004 /wiki/SloGan
5b1ea00.10 42f9408a 043937 h ???????? 003 /wiki/FabVille
5b1ea1a.98 42f94086 043937 h ???????? 003 /wiki/MaRo
5b1ea76.ab 42f94092 043937 s ???????? 003 /wiki/FloTt
5b1ea80.e8 42f94092 043937 s ???????? 003 /wiki/KarstenPeters
5b1ec1b.58 42f94092 043937 s ???????? 004 /wiki/EdpTla
5b1eca2.e9 42f9408a 043937 h ???????? 004 /wiki/JagdishBhagwati
5b1ed9f.49 42f94092 622963 s ???????? 003 /wiki/GerMan
5b1ee9f.99 42f94088 043937 h ???????? 003 /wiki/DigiZen
5b1eed9.48 42f9408a 043937 h ???????? 003 /wiki/JoKo
5b1ef07.a4 5f6cb561 e4b041 h ???????? 019 /love/1e
5b1ef0b.64 5f6cb561 e4b041 h ???????? 019 /1
5b1ef11.73 42f94090 043937 s ???????? 04f /
5b1ef0e.cb 5f6cb561 e4b041 h ???????? 1728 /age
5b1ef18.e5 42f94090 ab3bd9 s ???????? 002 /feel/8
5b1ef1b.76 42f94092 043937 s ???????? 003 /wiki/BioMind
5b1f08b.c2 42f94092 043937 s ???????? 004 /wiki/AvaTar
5b1f208.f9 3cbf264d 24f5f0 s ???????? 017 /
5b1f22b.00 42f94088 043937 h ???????? 004 /wiki/MaAm
5b1f238.df bca5c419 e3b0c4 h ???????? 001 /robots.txt
5b1f23b.16 bca5c419 76fdb3 h ???????? 01b /
5b1f24e.80 bf0d19b8 be37cc h ???????? 017 /
5b1f301.d9 b9e9f4e7 be37cc h ???????? 01b /
5b1f362.3f 42f94094 043937 s ???????? 004 /wiki/LeoWasserfuhr
5b1f58b.6e 42f9408a 043937 h ???????? 004 /wiki/SocialNetworkOperatingSystem
5b1f5a5.e6 42f94090 043937 s ???????? 003 /wiki/DataMap
5b1f680.54 42f94090 622963 s ???????? 003 /wiki/RohBau
5b1f6d5.c4 42f94088 043937 h ???????? 004 /wiki/BioMind
5b1f6f6.d2 42f9594b 70a047 h ???????? 002 //rss.rdf
5b1f72e.32 42f94094 043937 s ???????? 003 /wiki/BodyOne
5b1f82a.3b 42f94086 043937 h ???????? 004 /wiki/BodyOne
5b1f9fa.8c 42f9408a 043937 h ???????? 003 /wiki/EddaSchwarz
5b1f9fd.03 42f94092 043937 s ???????? 003 /wiki/BigData
5b1fb7f.f8 42f94090 043937 s ???????? 004 /wiki/EinTritt
5b1fc43.4b 42f94092 043937 s ???????? 004 /wiki/StefanHummert
5b1fcbd.71 42f94088 043937 h ???????? 004 /wiki/EdpTla
5b1fcfc.7d 42f94092 043937 s ???????? 005 /wiki/BarCamp
5b1fd5b.c3 42f94086 043937 h ???????? 002 /feed
5b1fda6.f2 8e04d774 e3b0c4 h ???????? 003 /robots.txt
5b1fda9.80 8e04d774 d9ec50 h ???????? 018 /
5b1fdac.99 25bb3842 e3b0c4 h ???????? 002 //robots.txt
5b1fdae.be 25bb3842 9b6b51 h ???????? 018 /
5b1fddc.74 761f29c5 2f8861 h ???????? 003 //status
5b1fde4.9b 761f29c5 2f8861 h ???????? 002 //phpMyAdmin/scripts/setup.php
5b1feb1.b4 42f94090 043937 s ???????? 004 /wiki/StudiVz
5b1ff64.25 5b794fb4 e3b0c4 h ???????? 002 /robots.txt
5b1ff66.61 5b794fb4 2d2838 h ???????? 01a /
5b1ff90.77 42f94090 622963 s ???????? 004 /wiki/RaiNer
