2017-03-19 04:03:26.464:INFO:oejs.Server:jetty-8.1.9.v20130131
2017-03-19 04:03:26.509:INFO:oejs.AbstractConnector:Started SelectChannelConnector@0.0.0.0:80
2017-03-19 04:03:26.719:INFO:oejus.SslContextFactory:Enabled Protocols [SSLv2Hello, TLSv1, TLSv1.1, TLSv1.2] of [SSLv2Hello, SSLv3, TLSv1, TLSv1.1, TLSv1.2]
2017-03-19 04:03:26.767:INFO:oejs.AbstractConnector:Started SslSocketConnector@0.0.0.0:443
2c54aec.5d b92e8913 5b35cd s /
2c54aec.5d b92e8913 5b35cd s /
2c54b80.b3 c7109db6 45fe92 s /age
2c54baa.6f b92e8913 5b35cd s /
2c54bab.14 b92e8913 5b35cd s /favicon.ico
2017-03-19 04:07:02.083:WARN:oejh.HttpGenerator:Ignoring extra content null
2c54bef.cd b92e8913 5b35cd s /
2c54bf0.43 b92e8913 5b35cd s /favicon.ico
2017-03-19 04:08:11.263:WARN:oejh.HttpGenerator:Ignoring extra content null
2c54c4c.00 b92e8913 5b35cd s /
2c54c4c.58 b92e8913 5b35cd s /favicon.ico
2017-03-19 04:09:43.352:WARN:oejh.HttpGenerator:Ignoring extra content null
2c54c97.47 5093bebd 390063 h /
2c54c9a.60 02f7fbda d92714 h /
2c54c9a.c0 02f7fbda d92714 h /favicon.ico
2017-03-19 04:11:01.760:WARN:oejh.HttpGenerator:Ignoring extra content null
2c54c9d.aa 02f7fbda d92714 h /
2c54c9e.11 02f7fbda d92714 h /favicon.ico
2017-03-19 04:11:05.075:WARN:oejh.HttpGenerator:Ignoring extra content null
