2017-03-18 02:18:45.289:INFO:oejs.Server:jetty-8.1.9.v20130131
2017-03-18 02:18:45.337:INFO:oejs.AbstractConnector:Started SelectChannelConnector@0.0.0.0:80
2017-03-18 02:18:45.547:INFO:oejus.SslContextFactory:Enabled Protocols [SSLv2Hello, TLSv1, TLSv1.1, TLSv1.2] of [SSLv2Hello, SSLv3, TLSv1, TLSv1.1, TLSv1.2]
2017-03-18 02:18:45.591:INFO:oejs.AbstractConnector:Started SslSocketConnector@0.0.0.0:443
2c3e0d1.a1 b04a39a3 /
2c3e0d1.a3 b04a39a3 /
2c3e0d2.55 b04a39a3 /favicon.ico
2c3e0d6.9e b04a39a3 /memo
2c3e0da.81 b04a39a3 /favicon.ico
2c3e0e8.8f b04a39a3 /favicon.ico
2c3e0f8.d3 b04a39a3 /
2c3e0fb.0d b04a39a3 /favicon.ico
2c3e109.95 b04a39a3 /memo
2c3e10c.8f b04a39a3 /favicon.ico
2c3e112.8a b04a39a3 /favicon.ico
2c3e202.66 b04a39a3 /memo
2c3e205.c0 b04a39a3 /favicon.ico
2c3e2c1.07 42f95a8d //rss.rdf
2c3e330.46 42f94112 //edit/55945003
2c3e33d.2b 42f94114 //edit/55855002
2c3e358.57 42f94112 //edit/50935001
2c3e3d0.b9 42f949da /robots.txt
2c3e3d0.eb 42f949da /memo
2c3e44f.7a 42f95a8d //rss.rdf
2c3e4ad.64 42f949dd /
2c3e577.47 42f949da /char/
2c3eb31.19 b04a39a3 /tapestry
2c3eb3f.f6 b04a39a3 /favicon.ico
2c3ee7a.b2 71ae8e0e /
2c3efe9.81 b04a39a3 /tapestry
2c3eff1.72 b04a39a3 /favicon.ico
2c3f0d2.cb 42f95a8b //rss.rdf
2c3f0fd.1b cf2e0dbc /robots.txt
2c3f11a.1a b44c0f99 /edit/42001
2c3f431.19 8e04d9a2 /rss.rdf
2c3f70c.22 b04a39a3 /tap
2c3f713.e6 b04a39a3 /favicon.ico
2c3f754.9d b04a39a3 /tap
2c3f75a.d9 b04a39a3 /favicon.ico
2c3f76a.ab b04a39a3 /favicon.ico
2c3f76e.b0 b04a39a3 /favicon.ico
2c3f95d.62 5f75b3ae /wiki/AnFang
