2017-03-25 14:38:38.760:INFO:oejs.Server:jetty-8.1.9.v20130131
2017-03-25 14:38:38.847:INFO:oejs.AbstractConnector:Started SelectChannelConnector@0.0.0.0:80
2017-03-25 14:38:38.858:WARN:oejuc.AbstractLifeCycle:FAILED SslContextFactory@42110406(/root/keystore.jks,/root/keystore.jks): java.io.FileNotFoundException: /root/keystore.jks (No such file or directory)
java.io.FileNotFoundException: /root/keystore.jks (No such file or directory)
	at java.io.FileInputStream.open0(Native Method)
	at java.io.FileInputStream.open(FileInputStream.java:195)
	at java.io.FileInputStream.<init>(FileInputStream.java:138)
	at org.eclipse.jetty.util.resource.FileResource.getInputStream(FileResource.java:286)
	at org.eclipse.jetty.util.security.CertificateUtils.getKeyStore(CertificateUtils.java:43)
	at org.eclipse.jetty.util.ssl.SslContextFactory.getKeyStore(SslContextFactory.java:1053)
	at org.eclipse.jetty.util.ssl.SslContextFactory.loadKeyStore(SslContextFactory.java:1013)
	at org.eclipse.jetty.util.ssl.SslContextFactory.doStart(SslContextFactory.java:264)
	at org.eclipse.jetty.util.component.AbstractLifeCycle.start(AbstractLifeCycle.java:64)
	at org.eclipse.jetty.server.ssl.SslSocketConnector.doStart(SslSocketConnector.java:362)
	at org.eclipse.jetty.util.component.AbstractLifeCycle.start(AbstractLifeCycle.java:64)
	at org.eclipse.jetty.server.Server.doStart(Server.java:291)
	at org.eclipse.jetty.util.component.AbstractLifeCycle.start(AbstractLifeCycle.java:64)
	at Jet.main(Jet.java:47)
2017-03-25 14:38:38.859:WARN:oejuc.AbstractLifeCycle:FAILED SslSocketConnector@0.0.0.0:443: java.io.FileNotFoundException: /root/keystore.jks (No such file or directory)
java.io.FileNotFoundException: /root/keystore.jks (No such file or directory)
	at java.io.FileInputStream.open0(Native Method)
	at java.io.FileInputStream.open(FileInputStream.java:195)
	at java.io.FileInputStream.<init>(FileInputStream.java:138)
	at org.eclipse.jetty.util.resource.FileResource.getInputStream(FileResource.java:286)
	at org.eclipse.jetty.util.security.CertificateUtils.getKeyStore(CertificateUtils.java:43)
	at org.eclipse.jetty.util.ssl.SslContextFactory.getKeyStore(SslContextFactory.java:1053)
	at org.eclipse.jetty.util.ssl.SslContextFactory.loadKeyStore(SslContextFactory.java:1013)
	at org.eclipse.jetty.util.ssl.SslContextFactory.doStart(SslContextFactory.java:264)
	at org.eclipse.jetty.util.component.AbstractLifeCycle.start(AbstractLifeCycle.java:64)
	at org.eclipse.jetty.server.ssl.SslSocketConnector.doStart(SslSocketConnector.java:362)
	at org.eclipse.jetty.util.component.AbstractLifeCycle.start(AbstractLifeCycle.java:64)
	at org.eclipse.jetty.server.Server.doStart(Server.java:291)
	at org.eclipse.jetty.util.component.AbstractLifeCycle.start(AbstractLifeCycle.java:64)
	at Jet.main(Jet.java:47)
2017-03-25 14:38:38.859:WARN:oejuc.AbstractLifeCycle:FAILED org.eclipse.jetty.server.Server@531d72ca: java.io.FileNotFoundException: /root/keystore.jks (No such file or directory)
java.io.FileNotFoundException: /root/keystore.jks (No such file or directory)
	at java.io.FileInputStream.open0(Native Method)
	at java.io.FileInputStream.open(FileInputStream.java:195)
	at java.io.FileInputStream.<init>(FileInputStream.java:138)
	at org.eclipse.jetty.util.resource.FileResource.getInputStream(FileResource.java:286)
	at org.eclipse.jetty.util.security.CertificateUtils.getKeyStore(CertificateUtils.java:43)
	at org.eclipse.jetty.util.ssl.SslContextFactory.getKeyStore(SslContextFactory.java:1053)
	at org.eclipse.jetty.util.ssl.SslContextFactory.loadKeyStore(SslContextFactory.java:1013)
	at org.eclipse.jetty.util.ssl.SslContextFactory.doStart(SslContextFactory.java:264)
	at org.eclipse.jetty.util.component.AbstractLifeCycle.start(AbstractLifeCycle.java:64)
	at org.eclipse.jetty.server.ssl.SslSocketConnector.doStart(SslSocketConnector.java:362)
	at org.eclipse.jetty.util.component.AbstractLifeCycle.start(AbstractLifeCycle.java:64)
	at org.eclipse.jetty.server.Server.doStart(Server.java:291)
	at org.eclipse.jetty.util.component.AbstractLifeCycle.start(AbstractLifeCycle.java:64)
	at Jet.main(Jet.java:47)
Exception in thread "main" java.io.FileNotFoundException: /root/keystore.jks (No such file or directory)
	at java.io.FileInputStream.open0(Native Method)
	at java.io.FileInputStream.open(FileInputStream.java:195)
	at java.io.FileInputStream.<init>(FileInputStream.java:138)
	at org.eclipse.jetty.util.resource.FileResource.getInputStream(FileResource.java:286)
	at org.eclipse.jetty.util.security.CertificateUtils.getKeyStore(CertificateUtils.java:43)
	at org.eclipse.jetty.util.ssl.SslContextFactory.getKeyStore(SslContextFactory.java:1053)
	at org.eclipse.jetty.util.ssl.SslContextFactory.loadKeyStore(SslContextFactory.java:1013)
	at org.eclipse.jetty.util.ssl.SslContextFactory.doStart(SslContextFactory.java:264)
	at org.eclipse.jetty.util.component.AbstractLifeCycle.start(AbstractLifeCycle.java:64)
	at org.eclipse.jetty.server.ssl.SslSocketConnector.doStart(SslSocketConnector.java:362)
	at org.eclipse.jetty.util.component.AbstractLifeCycle.start(AbstractLifeCycle.java:64)
	at org.eclipse.jetty.server.Server.doStart(Server.java:291)
	at org.eclipse.jetty.util.component.AbstractLifeCycle.start(AbstractLifeCycle.java:64)
	at Jet.main(Jet.java:47)
