org.eclipse.jetty.ssl.password : 2017-03-18 02:16:52.651:WARN:oejus.Password:EXCEPTION 
java.io.IOException: Bad file descriptor
	at java.io.FileInputStream.readBytes(Native Method)
	at java.io.FileInputStream.read(FileInputStream.java:255)
	at java.io.BufferedInputStream.fill(BufferedInputStream.java:246)
	at java.io.BufferedInputStream.read1(BufferedInputStream.java:286)
	at java.io.BufferedInputStream.read(BufferedInputStream.java:345)
	at java.io.FilterInputStream.read(FilterInputStream.java:107)
	at org.eclipse.jetty.util.security.Password.getPassword(Password.java:226)
	at org.eclipse.jetty.util.ssl.SslContextFactory.setKeyStorePassword(SslContextFactory.java:778)
	at Jet.main(Jet.java:38)
org.eclipse.jetty.ssl.keypassword : 2017-03-18 02:16:52.653:WARN:oejus.Password:EXCEPTION 
java.io.IOException: Bad file descriptor
	at java.io.FileInputStream.readBytes(Native Method)
	at java.io.FileInputStream.read(FileInputStream.java:255)
	at java.io.BufferedInputStream.fill(BufferedInputStream.java:246)
	at java.io.BufferedInputStream.read1(BufferedInputStream.java:286)
	at java.io.BufferedInputStream.read(BufferedInputStream.java:345)
	at java.io.FilterInputStream.read(FilterInputStream.java:107)
	at org.eclipse.jetty.util.security.Password.getPassword(Password.java:226)
	at org.eclipse.jetty.util.ssl.SslContextFactory.setKeyManagerPassword(SslContextFactory.java:790)
	at Jet.main(Jet.java:40)
2017-03-18 02:16:52.659:INFO:oejs.Server:jetty-8.1.9.v20130131
2017-03-18 02:16:52.715:INFO:oejs.AbstractConnector:Started SelectChannelConnector@0.0.0.0:80
2017-03-18 02:16:52.803:WARN:oejuc.AbstractLifeCycle:FAILED SslContextFactory@5b37e0d2(/root/keystore.jks,/root/keystore.jks): java.lang.NullPointerException
java.lang.NullPointerException
	at org.eclipse.jetty.util.ssl.SslContextFactory.getKeyManagers(SslContextFactory.java:1080)
	at org.eclipse.jetty.util.ssl.SslContextFactory.doStart(SslContextFactory.java:291)
	at org.eclipse.jetty.util.component.AbstractLifeCycle.start(AbstractLifeCycle.java:64)
	at org.eclipse.jetty.server.ssl.SslSocketConnector.doStart(SslSocketConnector.java:362)
	at org.eclipse.jetty.util.component.AbstractLifeCycle.start(AbstractLifeCycle.java:64)
	at org.eclipse.jetty.server.Server.doStart(Server.java:291)
	at org.eclipse.jetty.util.component.AbstractLifeCycle.start(AbstractLifeCycle.java:64)
	at Jet.main(Jet.java:47)
2017-03-18 02:16:52.803:WARN:oejuc.AbstractLifeCycle:FAILED SslSocketConnector@0.0.0.0:443: java.lang.NullPointerException
java.lang.NullPointerException
	at org.eclipse.jetty.util.ssl.SslContextFactory.getKeyManagers(SslContextFactory.java:1080)
	at org.eclipse.jetty.util.ssl.SslContextFactory.doStart(SslContextFactory.java:291)
	at org.eclipse.jetty.util.component.AbstractLifeCycle.start(AbstractLifeCycle.java:64)
	at org.eclipse.jetty.server.ssl.SslSocketConnector.doStart(SslSocketConnector.java:362)
	at org.eclipse.jetty.util.component.AbstractLifeCycle.start(AbstractLifeCycle.java:64)
	at org.eclipse.jetty.server.Server.doStart(Server.java:291)
	at org.eclipse.jetty.util.component.AbstractLifeCycle.start(AbstractLifeCycle.java:64)
	at Jet.main(Jet.java:47)
2017-03-18 02:16:52.804:WARN:oejuc.AbstractLifeCycle:FAILED org.eclipse.jetty.server.Server@4459eb14: java.lang.NullPointerException
java.lang.NullPointerException
	at org.eclipse.jetty.util.ssl.SslContextFactory.getKeyManagers(SslContextFactory.java:1080)
	at org.eclipse.jetty.util.ssl.SslContextFactory.doStart(SslContextFactory.java:291)
	at org.eclipse.jetty.util.component.AbstractLifeCycle.start(AbstractLifeCycle.java:64)
	at org.eclipse.jetty.server.ssl.SslSocketConnector.doStart(SslSocketConnector.java:362)
	at org.eclipse.jetty.util.component.AbstractLifeCycle.start(AbstractLifeCycle.java:64)
	at org.eclipse.jetty.server.Server.doStart(Server.java:291)
	at org.eclipse.jetty.util.component.AbstractLifeCycle.start(AbstractLifeCycle.java:64)
	at Jet.main(Jet.java:47)
Exception in thread "main" java.lang.NullPointerException
	at org.eclipse.jetty.util.ssl.SslContextFactory.getKeyManagers(SslContextFactory.java:1080)
	at org.eclipse.jetty.util.ssl.SslContextFactory.doStart(SslContextFactory.java:291)
	at org.eclipse.jetty.util.component.AbstractLifeCycle.start(AbstractLifeCycle.java:64)
	at org.eclipse.jetty.server.ssl.SslSocketConnector.doStart(SslSocketConnector.java:362)
	at org.eclipse.jetty.util.component.AbstractLifeCycle.start(AbstractLifeCycle.java:64)
	at org.eclipse.jetty.server.Server.doStart(Server.java:291)
	at org.eclipse.jetty.util.component.AbstractLifeCycle.start(AbstractLifeCycle.java:64)
	at Jet.main(Jet.java:47)
