2017-04-17 20:42:56.876:INFO:oejs.Server:jetty-8.1.9.v20130131
2017-04-17 20:42:56.994:INFO:oejs.AbstractConnector:Started SelectChannelConnector@0.0.0.0:80
2017-04-17 20:42:57.220:INFO:oejus.SslContextFactory:Enabled Protocols [SSLv2Hello, TLSv1, TLSv1.1, TLSv1.2] of [SSLv2Hello, SSLv3, TLSv1, TLSv1.1, TLSv1.2]
2017-04-17 20:42:57.265:INFO:oejs.AbstractConnector:Started SslSocketConnector@0.0.0.0:443
2017-04-17 20:53:58.448:WARN:oejs.AbstractHttpConnection:/get/c72a9d507d948a536979b3bebd7d07d5967139ceac89d07206648c9c3b1d523b
java.io.FileNotFoundException: a/c72a9d507d948a536979b3bebd7d07d5967139ceac89d07206648c9c3b1d523b (No such file or directory)
	at java.io.FileInputStream.open0(Native Method)
	at java.io.FileInputStream.open(FileInputStream.java:195)
	at java.io.FileInputStream.<init>(FileInputStream.java:138)
	at clojure.java.io$fn__9520.invokeStatic(io.clj:229)
	at clojure.java.io$fn__9520.invoke(io.clj:229)
	at clojure.java.io$fn__9433$G__9426__9440.invoke(io.clj:69)
	at clojure.java.io$input_stream.invokeStatic(io.clj:136)
	at clojure.java.io$input_stream.doInvoke(io.clj:121)
	at clojure.lang.RestFn.invoke(RestFn.java:410)
	at clojure.core$eval7374$fn__7375.invoke(NO_SOURCE_FILE:0)
	at clojure.core$eval7359$fn__7360.invoke(NO_SOURCE_FILE:0)
	at clojure.core$eval7354$fn__7355.invoke(NO_SOURCE_FILE:0)
	at Jet.handle(Jet.java:20)
	at org.eclipse.jetty.server.handler.HandlerWrapper.handle(HandlerWrapper.java:116)
	at org.eclipse.jetty.server.Server.handle(Server.java:368)
	at org.eclipse.jetty.server.AbstractHttpConnection.handleRequest(AbstractHttpConnection.java:488)
	at org.eclipse.jetty.server.BlockingHttpConnection.handleRequest(BlockingHttpConnection.java:53)
	at org.eclipse.jetty.server.AbstractHttpConnection.headerComplete(AbstractHttpConnection.java:932)
	at org.eclipse.jetty.server.AbstractHttpConnection$RequestHandler.headerComplete(AbstractHttpConnection.java:994)
	at org.eclipse.jetty.http.HttpParser.parseNext(HttpParser.java:640)
	at org.eclipse.jetty.http.HttpParser.parseAvailable(HttpParser.java:235)
	at org.eclipse.jetty.server.BlockingHttpConnection.handle(BlockingHttpConnection.java:72)
	at org.eclipse.jetty.server.bio.SocketConnector$ConnectorEndPoint.run(SocketConnector.java:264)
	at org.eclipse.jetty.server.ssl.SslSocketConnector$SslConnectorEndPoint.run(SslSocketConnector.java:670)
	at org.eclipse.jetty.util.thread.QueuedThreadPool.runJob(QueuedThreadPool.java:608)
	at org.eclipse.jetty.util.thread.QueuedThreadPool$3.run(QueuedThreadPool.java:543)
	at java.lang.Thread.run(Thread.java:745)
2017-04-17 20:58:32.290:WARN:oejh.HttpGenerator:Ignoring extra content null
2017-04-17 20:58:50.916:WARN:oejh.HttpGenerator:Ignoring extra content null
2017-04-17 20:58:54.896:WARN:oejh.HttpGenerator:Ignoring extra content null
2017-04-17 20:59:05.748:WARN:oejh.HttpGenerator:Ignoring extra content null
2017-04-17 20:59:09.577:WARN:oejh.HttpGenerator:Ignoring extra content null
2017-04-17 20:59:13.352:WARN:oejh.HttpGenerator:Ignoring extra content null
2017-04-17 20:59:17.069:WARN:oejh.HttpGenerator:Ignoring extra content null
2017-04-17 20:59:20.737:WARN:oejh.HttpGenerator:Ignoring extra content null
2017-04-17 20:59:24.473:WARN:oejh.HttpGenerator:Ignoring extra content null
2017-04-17 20:59:28.118:WARN:oejh.HttpGenerator:Ignoring extra content null
2017-04-17 20:59:31.695:WARN:oejh.HttpGenerator:Ignoring extra content null
2017-04-17 20:59:34.893:WARN:oejh.HttpGenerator:Ignoring extra content null
2017-04-17 20:59:35.200:WARN:oejh.HttpGenerator:Ignoring extra content null
2017-04-17 20:59:38.683:WARN:oejh.HttpGenerator:Ignoring extra content null
2017-04-17 20:59:42.216:WARN:oejh.HttpGenerator:Ignoring extra content null
2017-04-17 20:59:45.697:WARN:oejh.HttpGenerator:Ignoring extra content null
2017-04-17 20:59:49.136:WARN:oejh.HttpGenerator:Ignoring extra content null
2017-04-17 20:59:52.668:WARN:oejh.HttpGenerator:Ignoring extra content null
2017-04-17 20:59:56.082:WARN:oejh.HttpGenerator:Ignoring extra content null
2017-04-17 20:59:59.321:WARN:oejh.HttpGenerator:Ignoring extra content null
2017-04-17 21:00:02.651:WARN:oejh.HttpGenerator:Ignoring extra content null
2017-04-17 21:00:05.947:WARN:oejh.HttpGenerator:Ignoring extra content null
2017-04-17 21:00:09.259:WARN:oejh.HttpGenerator:Ignoring extra content null
2017-04-17 21:00:12.534:WARN:oejh.HttpGenerator:Ignoring extra content null
2017-04-17 21:00:15.776:WARN:oejh.HttpGenerator:Ignoring extra content null
2017-04-17 21:00:20.843:WARN:oejh.HttpGenerator:Ignoring extra content null
2017-04-17 21:00:23.992:WARN:oejh.HttpGenerator:Ignoring extra content null
2017-04-17 21:00:27.253:WARN:oejh.HttpGenerator:Ignoring extra content null
2017-04-17 21:00:30.332:WARN:oejh.HttpGenerator:Ignoring extra content null
2017-04-17 21:00:33.405:WARN:oejh.HttpGenerator:Ignoring extra content null
2017-04-17 21:00:36.576:WARN:oejh.HttpGenerator:Ignoring extra content null
2017-04-17 21:00:39.736:WARN:oejh.HttpGenerator:Ignoring extra content null
2017-04-17 21:00:42.451:WARN:oejh.HttpGenerator:Ignoring extra content null
2017-04-17 21:00:45.521:WARN:oejh.HttpGenerator:Ignoring extra content null
2017-04-17 21:00:48.499:WARN:oejh.HttpGenerator:Ignoring extra content null
2017-04-17 21:00:51.540:WARN:oejh.HttpGenerator:Ignoring extra content null
2017-04-17 21:00:54.374:WARN:oejh.HttpGenerator:Ignoring extra content null
2017-04-17 21:00:57.401:WARN:oejh.HttpGenerator:Ignoring extra content null
2017-04-17 21:01:00.187:WARN:oejh.HttpGenerator:Ignoring extra content null
2017-04-17 21:01:03.106:WARN:oejh.HttpGenerator:Ignoring extra content null
2017-04-17 21:01:08.842:WARN:oejh.HttpGenerator:Ignoring extra content null
2017-04-17 21:01:41.734:WARN:oejh.HttpGenerator:Ignoring extra content null
2017-04-17 21:01:49.098:WARN:oejh.HttpGenerator:Ignoring extra content null
2017-04-17 21:01:51.806:WARN:oejh.HttpGenerator:Ignoring extra content null
2017-04-17 21:05:36.173:WARN:oejh.HttpGenerator:Ignoring extra content null
2017-04-17 21:10:59.941:WARN:oejh.HttpGenerator:Ignoring extra content null
2017-04-17 21:11:02.621:WARN:oejh.HttpGenerator:Ignoring extra content null
2017-04-17 21:11:05.298:WARN:oejh.HttpGenerator:Ignoring extra content null
2017-04-17 21:11:08.066:WARN:oejh.HttpGenerator:Ignoring extra content null
2017-04-17 21:11:10.948:WARN:oejh.HttpGenerator:Ignoring extra content null
2017-04-17 21:13:04.410:WARN:oejh.HttpGenerator:Ignoring extra content null
2017-04-17 21:13:12.858:WARN:oejs.AbstractHttpConnection:/sh
java.lang.IllegalArgumentException: No matching field found: exec for class java.lang.Runtime
	at clojure.lang.Reflector.getInstanceField(Reflector.java:271)
	at clojure.lang.Reflector.invokeNoArgInstanceMember(Reflector.java:315)
	at clojure.core$eval25380$fn__25381$fn__25580.invoke(NO_SOURCE_FILE:0)
	at clojure.core$eval25380$fn__25381.invoke(NO_SOURCE_FILE:0)
	at clojure.core$eval25365$fn__25366.invoke(NO_SOURCE_FILE:0)
	at clojure.core$eval25360$fn__25361.invoke(NO_SOURCE_FILE:0)
	at Jet.handle(Jet.java:20)
	at org.eclipse.jetty.server.handler.HandlerWrapper.handle(HandlerWrapper.java:116)
	at org.eclipse.jetty.server.Server.handle(Server.java:368)
	at org.eclipse.jetty.server.AbstractHttpConnection.handleRequest(AbstractHttpConnection.java:488)
	at org.eclipse.jetty.server.BlockingHttpConnection.handleRequest(BlockingHttpConnection.java:53)
	at org.eclipse.jetty.server.AbstractHttpConnection.headerComplete(AbstractHttpConnection.java:932)
	at org.eclipse.jetty.server.AbstractHttpConnection$RequestHandler.headerComplete(AbstractHttpConnection.java:994)
	at org.eclipse.jetty.http.HttpParser.parseNext(HttpParser.java:640)
	at org.eclipse.jetty.http.HttpParser.parseAvailable(HttpParser.java:235)
	at org.eclipse.jetty.server.BlockingHttpConnection.handle(BlockingHttpConnection.java:72)
	at org.eclipse.jetty.server.bio.SocketConnector$ConnectorEndPoint.run(SocketConnector.java:264)
	at org.eclipse.jetty.server.ssl.SslSocketConnector$SslConnectorEndPoint.run(SslSocketConnector.java:670)
	at org.eclipse.jetty.util.thread.QueuedThreadPool.runJob(QueuedThreadPool.java:608)
	at org.eclipse.jetty.util.thread.QueuedThreadPool$3.run(QueuedThreadPool.java:543)
	at java.lang.Thread.run(Thread.java:745)
2017-04-17 21:13:29.751:WARN:oejh.HttpGenerator:Ignoring extra content null
2017-04-17 21:15:49.312:WARN:oejh.HttpGenerator:Ignoring extra content null
2017-04-17 21:16:48.554:WARN:oejh.HttpGenerator:Ignoring extra content null
2017-04-17 21:20:10.137:WARN:oejh.HttpGenerator:Ignoring extra content null
2017-04-17 21:28:17.138:WARN:oejh.HttpGenerator:Ignoring extra content null
2017-04-17 21:36:06.622:WARN:oejh.HttpGenerator:Ignoring extra content null
2017-04-17 21:46:03.723:WARN:oejh.HttpGenerator:Ignoring extra content null
2017-04-17 21:46:36.811:WARN:oejh.HttpGenerator:Ignoring extra content null
2017-04-17 21:53:25.431:WARN:oejh.HttpGenerator:Ignoring extra content null
2017-04-17 21:59:49.776:WARN:oejh.HttpGenerator:Ignoring extra content null
2017-04-17 22:30:41.823:WARN:oejh.HttpGenerator:Ignoring extra content null
2017-04-17 22:30:44.502:WARN:oejh.HttpGenerator:Ignoring extra content null
2017-04-17 22:30:46.975:WARN:oejh.HttpGenerator:Ignoring extra content null
2017-04-17 22:30:49.611:WARN:oejh.HttpGenerator:Ignoring extra content null
2017-04-17 22:30:52.217:WARN:oejh.HttpGenerator:Ignoring extra content null
2017-04-17 22:49:46.231:WARN:oejh.HttpGenerator:Ignoring extra content null
2017-04-17 22:51:53.664:WARN:oejh.HttpGenerator:Ignoring extra content null
2017-04-17 22:57:08.482:WARN:oejh.HttpGenerator:Ignoring extra content null
2017-04-17 23:04:09.964:WARN:oejh.HttpGenerator:Ignoring extra content null
2017-04-17 23:07:50.586:WARN:oejs.AbstractHttpConnection:/
java.lang.NullPointerException
	at clojure.lang.Reflector.invokeNoArgInstanceMember(Reflector.java:301)
	at clojure.core$eval53466$fn__53467.invoke(NO_SOURCE_FILE:0)
	at clojure.core$eval53461$fn__53462.invoke(NO_SOURCE_FILE:0)
	at Jet.handle(Jet.java:20)
	at org.eclipse.jetty.server.handler.HandlerWrapper.handle(HandlerWrapper.java:116)
	at org.eclipse.jetty.server.Server.handle(Server.java:368)
	at org.eclipse.jetty.server.AbstractHttpConnection.handleRequest(AbstractHttpConnection.java:488)
	at org.eclipse.jetty.server.AbstractHttpConnection.headerComplete(AbstractHttpConnection.java:932)
	at org.eclipse.jetty.server.AbstractHttpConnection$RequestHandler.headerComplete(AbstractHttpConnection.java:994)
	at org.eclipse.jetty.http.HttpParser.parseNext(HttpParser.java:640)
	at org.eclipse.jetty.http.HttpParser.parseAvailable(HttpParser.java:235)
	at org.eclipse.jetty.server.AsyncHttpConnection.handle(AsyncHttpConnection.java:82)
	at org.eclipse.jetty.io.nio.SelectChannelEndPoint.handle(SelectChannelEndPoint.java:628)
	at org.eclipse.jetty.io.nio.SelectChannelEndPoint$1.run(SelectChannelEndPoint.java:52)
	at org.eclipse.jetty.util.thread.QueuedThreadPool.runJob(QueuedThreadPool.java:608)
	at org.eclipse.jetty.util.thread.QueuedThreadPool$3.run(QueuedThreadPool.java:543)
	at java.lang.Thread.run(Thread.java:745)
2017-04-17 23:11:33.989:WARN:oejh.HttpGenerator:Ignoring extra content null
2017-04-17 23:18:08.159:WARN:oejh.HttpGenerator:Ignoring extra content null
2017-04-17 23:23:52.387:WARN:oejh.HttpGenerator:Ignoring extra content null
2017-04-17 23:29:54.040:WARN:oejh.HttpGenerator:Ignoring extra content null
2017-04-17 23:36:12.836:WARN:oejh.HttpGenerator:Ignoring extra content null
2017-04-17 23:42:07.836:WARN:oejh.HttpGenerator:Ignoring extra content null
2017-04-17 23:48:20.931:WARN:oejh.HttpGenerator:Ignoring extra content null
2017-04-17 23:53:35.856:WARN:oejh.HttpGenerator:Ignoring extra content null
2017-04-17 23:59:09.161:WARN:oejh.HttpGenerator:Ignoring extra content null
2017-04-18 00:00:48.426:WARN:oejh.HttpGenerator:Ignoring extra content null
2017-04-18 00:03:38.959:WARN:oejh.HttpGenerator:Ignoring extra content null
2017-04-18 00:04:52.425:WARN:oejh.HttpGenerator:Ignoring extra content null
2017-04-18 00:12:34.418:WARN:oejh.HttpGenerator:Ignoring extra content null
2017-04-18 00:32:26.064:WARN:oejh.HttpGenerator:Ignoring extra content null
2017-04-18 00:42:36.775:WARN:oejh.HttpGenerator:Ignoring extra content null
2017-04-18 00:44:22.875:WARN:oejh.HttpGenerator:Ignoring extra content null
2017-04-18 00:52:34.731:WARN:oejh.HttpGenerator:Ignoring extra content null
2017-04-18 00:58:38.637:WARN:oejh.HttpGenerator:Ignoring extra content null
2017-04-18 01:04:29.070:WARN:oejh.HttpGenerator:Ignoring extra content null
2017-04-18 01:11:02.966:WARN:oejh.HttpGenerator:Ignoring extra content null
2017-04-18 01:27:27.465:WARN:oejh.HttpGenerator:Ignoring extra content null
2017-04-18 01:34:22.562:WARN:oejh.HttpGenerator:Ignoring extra content null
2017-04-18 01:34:49.117:WARN:oejh.HttpGenerator:Ignoring extra content null
2017-04-18 01:54:33.796:WARN:oejh.HttpGenerator:Ignoring extra content null
2017-04-18 01:54:45.591:WARN:oejh.HttpGenerator:Ignoring extra content null
2017-04-18 02:38:04.496:WARN:oejh.HttpGenerator:Ignoring extra content null
2017-04-18 03:02:20.515:WARN:oejh.HttpGenerator:Ignoring extra content null
2017-04-18 03:10:03.383:WARN:oejh.HttpGenerator:Ignoring extra content null
2017-04-18 03:11:54.575:WARN:oejh.HttpGenerator:Ignoring extra content null
2017-04-18 03:32:28.694:WARN:oejh.HttpGenerator:Ignoring extra content null
2017-04-18 03:34:23.201:WARN:oejh.HttpGenerator:Ignoring extra content null
2017-04-18 03:42:16.607:WARN:oejh.HttpGenerator:Ignoring extra content null
2017-04-18 03:44:01.617:WARN:oejh.HttpGenerator:Ignoring extra content null
2017-04-18 03:46:23.567:WARN:oejh.HttpGenerator:Ignoring extra content null
2017-04-18 03:46:27.529:WARN:oejh.HttpGenerator:Ignoring extra content null
2017-04-18 03:46:31.378:WARN:oejh.HttpGenerator:Ignoring extra content null
2017-04-18 03:46:35.260:WARN:oejh.HttpGenerator:Ignoring extra content null
2017-04-18 03:46:39.082:WARN:oejh.HttpGenerator:Ignoring extra content null
2017-04-18 03:46:42.886:WARN:oejh.HttpGenerator:Ignoring extra content null
2017-04-18 03:46:46.624:WARN:oejh.HttpGenerator:Ignoring extra content null
2017-04-18 03:46:50.304:WARN:oejh.HttpGenerator:Ignoring extra content null
2017-04-18 03:46:57.567:WARN:oejh.HttpGenerator:Ignoring extra content null
2017-04-18 03:47:01.223:WARN:oejh.HttpGenerator:Ignoring extra content null
2017-04-18 03:47:04.748:WARN:oejh.HttpGenerator:Ignoring extra content null
2017-04-18 03:47:08.279:WARN:oejh.HttpGenerator:Ignoring extra content null
2017-04-18 03:47:11.895:WARN:oejh.HttpGenerator:Ignoring extra content null
2017-04-18 03:47:15.316:WARN:oejh.HttpGenerator:Ignoring extra content null
2017-04-18 03:47:18.779:WARN:oejh.HttpGenerator:Ignoring extra content null
2017-04-18 03:47:25.556:WARN:oejh.HttpGenerator:Ignoring extra content null
2017-04-18 03:47:28.975:WARN:oejh.HttpGenerator:Ignoring extra content null
2017-04-18 03:47:32.274:WARN:oejh.HttpGenerator:Ignoring extra content null
2017-04-18 03:47:35.569:WARN:oejh.HttpGenerator:Ignoring extra content null
2017-04-18 03:47:38.852:WARN:oejh.HttpGenerator:Ignoring extra content null
2017-04-18 03:47:42.678:WARN:oejh.HttpGenerator:Ignoring extra content null
2017-04-18 03:47:45.334:WARN:oejh.HttpGenerator:Ignoring extra content null
2017-04-18 03:47:48.541:WARN:oejh.HttpGenerator:Ignoring extra content null
2017-04-18 03:47:52.017:WARN:oejh.HttpGenerator:Ignoring extra content null
2017-04-18 03:47:54.858:WARN:oejh.HttpGenerator:Ignoring extra content null
2017-04-18 03:47:58.091:WARN:oejh.HttpGenerator:Ignoring extra content null
2017-04-18 03:48:01.092:WARN:oejh.HttpGenerator:Ignoring extra content null
2017-04-18 03:48:04.181:WARN:oejh.HttpGenerator:Ignoring extra content null
2017-04-18 03:48:07.223:WARN:oejh.HttpGenerator:Ignoring extra content null
2017-04-18 03:48:10.290:WARN:oejh.HttpGenerator:Ignoring extra content null
2017-04-18 03:48:13.270:WARN:oejh.HttpGenerator:Ignoring extra content null
2017-04-18 03:48:16.333:WARN:oejh.HttpGenerator:Ignoring extra content null
2017-04-18 03:48:19.242:WARN:oejh.HttpGenerator:Ignoring extra content null
2017-04-18 03:48:22.287:WARN:oejh.HttpGenerator:Ignoring extra content null
2017-04-18 03:48:25.394:WARN:oejh.HttpGenerator:Ignoring extra content null
2017-04-18 03:48:28.222:WARN:oejh.HttpGenerator:Ignoring extra content null
2017-04-18 03:48:31.037:WARN:oejh.HttpGenerator:Ignoring extra content null
2017-04-18 03:48:33.890:WARN:oejh.HttpGenerator:Ignoring extra content null
2017-04-18 03:48:36.722:WARN:oejh.HttpGenerator:Ignoring extra content null
2017-04-18 03:48:39.540:WARN:oejh.HttpGenerator:Ignoring extra content null
2017-04-18 03:48:42.347:WARN:oejh.HttpGenerator:Ignoring extra content null
2017-04-18 03:48:45.124:WARN:oejh.HttpGenerator:Ignoring extra content null
2017-04-18 03:48:47.921:WARN:oejh.HttpGenerator:Ignoring extra content null
2017-04-18 03:50:25.737:WARN:oejh.HttpGenerator:Ignoring extra content null
2017-04-18 03:57:33.881:WARN:oejh.HttpGenerator:Ignoring extra content null
2017-04-18 03:59:43.535:WARN:oejh.HttpGenerator:Ignoring extra content null
2017-04-18 04:04:06.433:WARN:oejh.HttpGenerator:Ignoring extra content null
2017-04-18 04:10:18.358:WARN:oejh.HttpGenerator:Ignoring extra content null
2017-04-18 04:17:36.626:WARN:oejh.HttpGenerator:Ignoring extra content null
2017-04-18 04:24:34.149:WARN:oejh.HttpGenerator:Ignoring extra content null
2017-04-18 04:25:42.285:WARN:oejh.HttpGenerator:Ignoring extra content null
2017-04-18 04:34:07.412:WARN:oejh.HttpGenerator:Ignoring extra content null
2017-04-18 04:34:24.964:WARN:oejs.AbstractHttpConnection:/
java.lang.NullPointerException
	at clojure.lang.Reflector.invokeNoArgInstanceMember(Reflector.java:301)
	at clojure.core$eval129975$fn__129976.invoke(NO_SOURCE_FILE:0)
	at clojure.core$eval129970$fn__129971.invoke(NO_SOURCE_FILE:0)
	at Jet.handle(Jet.java:20)
	at org.eclipse.jetty.server.handler.HandlerWrapper.handle(HandlerWrapper.java:116)
	at org.eclipse.jetty.server.Server.handle(Server.java:368)
	at org.eclipse.jetty.server.AbstractHttpConnection.handleRequest(AbstractHttpConnection.java:488)
	at org.eclipse.jetty.server.AbstractHttpConnection.headerComplete(AbstractHttpConnection.java:932)
	at org.eclipse.jetty.server.AbstractHttpConnection$RequestHandler.headerComplete(AbstractHttpConnection.java:994)
	at org.eclipse.jetty.http.HttpParser.parseNext(HttpParser.java:640)
	at org.eclipse.jetty.http.HttpParser.parseAvailable(HttpParser.java:235)
	at org.eclipse.jetty.server.AsyncHttpConnection.handle(AsyncHttpConnection.java:82)
	at org.eclipse.jetty.io.nio.SelectChannelEndPoint.handle(SelectChannelEndPoint.java:628)
	at org.eclipse.jetty.io.nio.SelectChannelEndPoint$1.run(SelectChannelEndPoint.java:52)
	at org.eclipse.jetty.util.thread.QueuedThreadPool.runJob(QueuedThreadPool.java:608)
	at org.eclipse.jetty.util.thread.QueuedThreadPool$3.run(QueuedThreadPool.java:543)
	at java.lang.Thread.run(Thread.java:745)
2017-04-18 04:35:19.901:WARN:oejs.AbstractHttpConnection:/
java.lang.NullPointerException
	at clojure.lang.Reflector.invokeNoArgInstanceMember(Reflector.java:301)
	at clojure.core$eval130204$fn__130205.invoke(NO_SOURCE_FILE:0)
	at clojure.core$eval130199$fn__130200.invoke(NO_SOURCE_FILE:0)
	at Jet.handle(Jet.java:20)
	at org.eclipse.jetty.server.handler.HandlerWrapper.handle(HandlerWrapper.java:116)
	at org.eclipse.jetty.server.Server.handle(Server.java:368)
	at org.eclipse.jetty.server.AbstractHttpConnection.handleRequest(AbstractHttpConnection.java:488)
	at org.eclipse.jetty.server.AbstractHttpConnection.headerComplete(AbstractHttpConnection.java:932)
	at org.eclipse.jetty.server.AbstractHttpConnection$RequestHandler.headerComplete(AbstractHttpConnection.java:994)
	at org.eclipse.jetty.http.HttpParser.parseNext(HttpParser.java:640)
	at org.eclipse.jetty.http.HttpParser.parseAvailable(HttpParser.java:235)
	at org.eclipse.jetty.server.AsyncHttpConnection.handle(AsyncHttpConnection.java:82)
	at org.eclipse.jetty.io.nio.SelectChannelEndPoint.handle(SelectChannelEndPoint.java:628)
	at org.eclipse.jetty.io.nio.SelectChannelEndPoint$1.run(SelectChannelEndPoint.java:52)
	at org.eclipse.jetty.util.thread.QueuedThreadPool.runJob(QueuedThreadPool.java:608)
	at org.eclipse.jetty.util.thread.QueuedThreadPool$3.run(QueuedThreadPool.java:543)
	at java.lang.Thread.run(Thread.java:745)
2017-04-18 04:38:25.975:WARN:oejs.AbstractHttpConnection:/
java.lang.NullPointerException
	at clojure.lang.Reflector.invokeNoArgInstanceMember(Reflector.java:301)
	at clojure.core$eval130433$fn__130434.invoke(NO_SOURCE_FILE:0)
	at clojure.core$eval130428$fn__130429.invoke(NO_SOURCE_FILE:0)
	at Jet.handle(Jet.java:20)
	at org.eclipse.jetty.server.handler.HandlerWrapper.handle(HandlerWrapper.java:116)
	at org.eclipse.jetty.server.Server.handle(Server.java:368)
	at org.eclipse.jetty.server.AbstractHttpConnection.handleRequest(AbstractHttpConnection.java:488)
	at org.eclipse.jetty.server.AbstractHttpConnection.headerComplete(AbstractHttpConnection.java:932)
	at org.eclipse.jetty.server.AbstractHttpConnection$RequestHandler.headerComplete(AbstractHttpConnection.java:994)
	at org.eclipse.jetty.http.HttpParser.parseNext(HttpParser.java:640)
	at org.eclipse.jetty.http.HttpParser.parseAvailable(HttpParser.java:235)
	at org.eclipse.jetty.server.AsyncHttpConnection.handle(AsyncHttpConnection.java:82)
	at org.eclipse.jetty.io.nio.SelectChannelEndPoint.handle(SelectChannelEndPoint.java:628)
	at org.eclipse.jetty.io.nio.SelectChannelEndPoint$1.run(SelectChannelEndPoint.java:52)
	at org.eclipse.jetty.util.thread.QueuedThreadPool.runJob(QueuedThreadPool.java:608)
	at org.eclipse.jetty.util.thread.QueuedThreadPool$3.run(QueuedThreadPool.java:543)
	at java.lang.Thread.run(Thread.java:745)
2017-04-18 04:38:26.248:WARN:oejs.AbstractHttpConnection:/
java.lang.NullPointerException
	at clojure.lang.Reflector.invokeNoArgInstanceMember(Reflector.java:301)
	at clojure.core$eval130662$fn__130663.invoke(NO_SOURCE_FILE:0)
	at clojure.core$eval130657$fn__130658.invoke(NO_SOURCE_FILE:0)
	at Jet.handle(Jet.java:20)
	at org.eclipse.jetty.server.handler.HandlerWrapper.handle(HandlerWrapper.java:116)
	at org.eclipse.jetty.server.Server.handle(Server.java:368)
	at org.eclipse.jetty.server.AbstractHttpConnection.handleRequest(AbstractHttpConnection.java:488)
	at org.eclipse.jetty.server.AbstractHttpConnection.headerComplete(AbstractHttpConnection.java:932)
	at org.eclipse.jetty.server.AbstractHttpConnection$RequestHandler.headerComplete(AbstractHttpConnection.java:994)
	at org.eclipse.jetty.http.HttpParser.parseNext(HttpParser.java:640)
	at org.eclipse.jetty.http.HttpParser.parseAvailable(HttpParser.java:235)
	at org.eclipse.jetty.server.AsyncHttpConnection.handle(AsyncHttpConnection.java:82)
	at org.eclipse.jetty.io.nio.SelectChannelEndPoint.handle(SelectChannelEndPoint.java:628)
	at org.eclipse.jetty.io.nio.SelectChannelEndPoint$1.run(SelectChannelEndPoint.java:52)
	at org.eclipse.jetty.util.thread.QueuedThreadPool.runJob(QueuedThreadPool.java:608)
	at org.eclipse.jetty.util.thread.QueuedThreadPool$3.run(QueuedThreadPool.java:543)
	at java.lang.Thread.run(Thread.java:745)
2017-04-18 04:40:19.371:WARN:oejh.HttpGenerator:Ignoring extra content null
2017-04-18 04:47:47.022:WARN:oejh.HttpGenerator:Ignoring extra content null
2017-04-18 04:54:44.487:WARN:oejh.HttpGenerator:Ignoring extra content null
2017-04-18 05:21:16.030:WARN:oejh.HttpGenerator:Ignoring extra content null
2017-04-18 05:25:04.841:WARN:oejh.HttpGenerator:Ignoring extra content null
2017-04-18 05:28:53.431:WARN:oejh.HttpGenerator:Ignoring extra content null
2017-04-18 05:34:52.716:WARN:oejh.HttpGenerator:Ignoring extra content null
2017-04-18 05:41:29.676:WARN:oejh.HttpGenerator:Ignoring extra content null
2017-04-18 05:41:52.535:WARN:oejh.HttpGenerator:Ignoring extra content null
2017-04-18 05:48:01.770:WARN:oejh.HttpGenerator:Ignoring extra content null
2017-04-18 05:54:04.780:WARN:oejh.HttpGenerator:Ignoring extra content null
2017-04-18 06:01:59.759:WARN:oejh.HttpGenerator:Ignoring extra content null
2017-04-18 06:09:10.370:WARN:oejh.HttpGenerator:Ignoring extra content null
2017-04-18 06:15:13.477:WARN:oejh.HttpGenerator:Ignoring extra content null
2017-04-18 06:21:53.162:WARN:oejh.HttpGenerator:Ignoring extra content null
2017-04-18 06:27:56.036:WARN:oejh.HttpGenerator:Ignoring extra content null
2017-04-18 06:34:05.651:WARN:oejh.HttpGenerator:Ignoring extra content null
2017-04-18 06:34:10.412:WARN:oejh.HttpGenerator:Ignoring extra content null
2017-04-18 06:39:58.407:WARN:oejh.HttpGenerator:Ignoring extra content null
2017-04-18 06:46:19.231:WARN:oejh.HttpGenerator:Ignoring extra content null
2017-04-18 06:52:05.280:WARN:oejh.HttpGenerator:Ignoring extra content null
2017-04-18 06:54:53.862:WARN:oejh.HttpGenerator:Ignoring extra content null
2017-04-18 06:55:58.472:WARN:oejh.HttpGenerator:Ignoring extra content null
2017-04-18 06:57:00.720:WARN:oejh.HttpGenerator:Ignoring extra content null
2017-04-18 06:57:16.643:WARN:oejh.HttpGenerator:Ignoring extra content null
2017-04-18 06:58:06.121:WARN:oejh.HttpGenerator:Ignoring extra content null
2017-04-18 06:58:31.947:WARN:oejh.HttpGenerator:Ignoring extra content null
2017-04-18 06:59:20.417:WARN:oejh.HttpGenerator:Ignoring extra content null
2017-04-18 07:02:14.535:WARN:oejh.HttpGenerator:Ignoring extra content null
2017-04-18 07:02:15.667:WARN:oejh.HttpGenerator:Ignoring extra content null
2017-04-18 07:02:17.505:WARN:oejh.HttpGenerator:Ignoring extra content null
2017-04-18 07:02:22.504:WARN:oejh.HttpGenerator:Ignoring extra content null
2017-04-18 07:04:19.587:WARN:oejh.HttpGenerator:Ignoring extra content null
2017-04-18 07:06:50.161:WARN:oejh.HttpGenerator:Ignoring extra content null
2017-04-18 07:07:00.882:WARN:oejh.HttpGenerator:Ignoring extra content null
2017-04-18 07:07:28.124:WARN:oejh.HttpGenerator:Ignoring extra content null
2017-04-18 07:08:04.057:WARN:oejh.HttpGenerator:Ignoring extra content null
2017-04-18 07:08:20.356:WARN:oejh.HttpGenerator:Ignoring extra content null
2017-04-18 07:09:20.983:WARN:oejh.HttpGenerator:Ignoring extra content null
2017-04-18 07:10:55.631:WARN:oejh.HttpGenerator:Ignoring extra content null
2017-04-18 07:11:06.996:WARN:oejh.HttpGenerator:Ignoring extra content null
2017-04-18 07:11:29.322:WARN:oejh.HttpGenerator:Ignoring extra content null
2017-04-18 07:13:43.775:WARN:oejh.HttpGenerator:Ignoring extra content null
2017-04-18 07:14:38.007:WARN:oejh.HttpGenerator:Ignoring extra content null
2017-04-18 07:15:02.964:WARN:oejh.HttpGenerator:Ignoring extra content null
2017-04-18 07:20:00.303:WARN:oejh.HttpGenerator:Ignoring extra content null
2017-04-18 07:21:27.891:WARN:oejh.HttpGenerator:Ignoring extra content null
2017-04-18 07:26:33.177:WARN:oejh.HttpGenerator:Ignoring extra content null
2017-04-18 07:28:58.119:WARN:oejh.HttpGenerator:Ignoring extra content null
2017-04-18 07:29:24.644:WARN:oejh.HttpGenerator:Ignoring extra content null
2017-04-18 07:33:05.752:WARN:oejh.HttpGenerator:Ignoring extra content null
2017-04-18 07:34:16.317:WARN:oejh.HttpGenerator:Ignoring extra content null
2017-04-18 07:34:51.804:WARN:oejh.HttpGenerator:Ignoring extra content null
2017-04-18 07:43:20.122:WARN:oejh.HttpGenerator:Ignoring extra content null
2017-04-18 08:13:03.589:WARN:oejh.HttpGenerator:Ignoring extra content null
2017-04-18 09:24:18.512:WARN:oejh.HttpGenerator:Ignoring extra content null
2017-04-18 09:24:18.918:WARN:oejh.HttpGenerator:Ignoring extra content null
2017-04-18 09:28:50.616:WARN:oejh.HttpGenerator:Ignoring extra content null
2017-04-18 09:36:53.179:WARN:oejh.HttpGenerator:Ignoring extra content null
2017-04-18 10:11:38.330:WARN:oejh.HttpGenerator:Ignoring extra content null
2017-04-18 10:26:26.779:WARN:oejh.HttpGenerator:Ignoring extra content null
2017-04-18 10:34:56.023:WARN:oejh.HttpGenerator:Ignoring extra content null
2017-04-18 10:40:20.947:WARN:oejh.HttpGenerator:Ignoring extra content null
2017-04-18 10:40:57.889:WARN:oejh.HttpGenerator:Ignoring extra content null
2017-04-18 10:42:46.709:WARN:oejh.HttpGenerator:Ignoring extra content null
2017-04-18 10:44:01.369:WARN:oejh.HttpGenerator:Ignoring extra content null
2017-04-18 10:45:02.308:WARN:oejh.HttpGenerator:Ignoring extra content null
2017-04-18 10:47:30.266:WARN:oejh.HttpGenerator:Ignoring extra content null
2017-04-18 10:48:53.738:WARN:oejh.HttpGenerator:Ignoring extra content null
2017-04-18 10:49:38.823:WARN:oejh.HttpGenerator:Ignoring extra content null
2017-04-18 10:49:44.840:WARN:oejh.HttpGenerator:Ignoring extra content null
2017-04-18 10:53:08.565:WARN:oejh.HttpGenerator:Ignoring extra content null
2017-04-18 10:58:25.286:WARN:oejh.HttpGenerator:Ignoring extra content null
2017-04-18 10:59:43.432:WARN:oejh.HttpGenerator:Ignoring extra content null
2017-04-18 11:09:29.128:WARN:oejh.HttpGenerator:Ignoring extra content null
2017-04-18 11:19:41.352:WARN:oejh.HttpGenerator:Ignoring extra content null
2017-04-18 11:20:10.836:WARN:oejh.HttpGenerator:Ignoring extra content null
2017-04-18 11:43:30.396:WARN:oejh.HttpGenerator:Ignoring extra content null
2017-04-18 11:43:44.113:WARN:oejh.HttpGenerator:Ignoring extra content null
2017-04-18 11:46:43.168:WARN:oejh.HttpGenerator:Ignoring extra content null
2017-04-18 12:06:22.884:WARN:oejh.HttpGenerator:Ignoring extra content null
2017-04-18 12:12:42.783:WARN:oejh.HttpGenerator:Ignoring extra content null
2017-04-18 12:14:39.476:WARN:oejh.HttpGenerator:Ignoring extra content null
2017-04-18 12:18:46.444:WARN:oejh.HttpGenerator:Ignoring extra content null
2017-04-18 12:24:22.212:WARN:oejh.HttpGenerator:Ignoring extra content null
2017-04-18 12:32:33.660:WARN:oejh.HttpGenerator:Ignoring extra content null
2017-04-18 12:38:32.030:WARN:oejh.HttpGenerator:Ignoring extra content null
2017-04-18 12:58:31.192:WARN:oejh.HttpGenerator:Ignoring extra content null
2017-04-18 13:05:53.627:WARN:oejh.HttpGenerator:Ignoring extra content null
2017-04-18 13:16:11.710:WARN:oejh.HttpGenerator:Ignoring extra content null
2017-04-18 13:20:40.984:WARN:oejh.HttpGenerator:Ignoring extra content null
2017-04-18 13:23:15.611:WARN:oejh.HttpGenerator:Ignoring extra content null
2017-04-18 13:27:33.069:WARN:oejh.HttpGenerator:Ignoring extra content null
2017-04-18 13:41:23.399:WARN:oejh.HttpGenerator:Ignoring extra content null
2017-04-18 13:47:38.534:WARN:oejh.HttpGenerator:Ignoring extra content null
2017-04-18 13:49:29.909:WARN:oejh.HttpGenerator:Ignoring extra content null
2017-04-18 14:01:43.626:WARN:oejh.HttpGenerator:Ignoring extra content null
2017-04-18 14:04:55.619:WARN:oejh.HttpGenerator:Ignoring extra content null
2017-04-18 14:07:26.594:WARN:oejh.HttpGenerator:Ignoring extra content null
2017-04-18 14:14:09.707:WARN:oejh.HttpGenerator:Ignoring extra content null
2017-04-18 14:18:43.567:WARN:oejh.HttpGenerator:Ignoring extra content null
2017-04-18 14:21:28.356:WARN:oejh.HttpGenerator:Ignoring extra content null
2017-04-18 14:28:02.418:WARN:oejh.HttpGenerator:Ignoring extra content null
2017-04-18 14:34:22.098:WARN:oejh.HttpGenerator:Ignoring extra content null
