1492296786056
2017-04-16 00:53:06.122:INFO:oejs.Server:jetty-8.1.9.v20130131
2017-04-16 00:53:06.257:INFO:oejs.AbstractConnector:Started SelectChannelConnector@0.0.0.0:80
2017-04-16 00:53:06.457:INFO:oejus.SslContextFactory:Enabled Protocols [SSLv2Hello, TLSv1, TLSv1.1, TLSv1.2] of [SSLv2Hello, SSLv3, TLSv1, TLSv1.1, TLSv1.2]
2017-04-16 00:53:06.493:INFO:oejs.AbstractConnector:Started SslSocketConnector@0.0.0.0:443
1492296787005
1492296788004
1492296789000
1492296790000
1492296791000
1492296792000
1492296793000
1492296794000
1492296795000
1492296796000
1492296797000
1492296798000
1492296799000
1492296800000
1492296801000
1492296802000
1492296803000
1492296804000
1492296805000
1492296806000
1492296807000
1492296808000
1492296809000
1492296810000
1492296811000
1492296812000
1492296813000
1492296814000
1492296815000
1492296816000
1492296817000
1492296818000
1492296819000
1492296820000
1492296821000
1492296822000
1492296823000
1492296824000
1492296825000
1492296826000
1492296827000
1492296828000
1492296829000
1492296830000
1492296831000
1492296832000
1492296833000
1492296834000
1492296835000
1492296836000
1492296837000
1492296838000
1492296839000
1492296840000
1492296841000
1492296842000
1492296843000
1492296844000
1492296845000
1492296846000
1492296847000
1492296848000
1492296849000
1492296850000
1492296851000
1492296852000
1492296853000
1492296854000
1492296855000
1492296856000
1492296857000
1492296858000
1492296859000
1492296860000
1492296861000
1492296862000
1492296863000
1492296864000
1492296865000
1492296866000
1492296867000
1492296868000
1492296869000
1492296870000
1492296871000
1492296872001
1492296873000
1492296874000
1492296875000
1492296876000
1492296877000
1492296878000
1492296879000
1492296880000
1492296881000
1492296882000
1492296883000
1492296884000
1492296885000
1492296886000
1492296887000
1492296888000
1492296889000
1492296890000
1492296891000
1492296892000
1492296893000
1492296894000
1492296895000
1492296896000
1492296897000
1492296898000
1492296899000
1492296900000
1492296901000
1492296902000
1492296903000
1492296904000
1492296905000
1492296906000
1492296907000
1492296908000
1492296909000
1492296910000
1492296911000
1492296912000
1492296913000
1492296914000
1492296915000
2017-04-16 00:55:15.952:WARN:oejh.HttpGenerator:Ignoring extra content null
1492296916000
1492296917002
1492296918000
1492296919000
1492296920000
1492296921000
1492296922000
1492296923000
1492296924000
1492296925000
1492296926000
1492296927000
1492296928000
1492296929000
1492296930000
1492296931000
1492296932000
1492296933000
1492296934000
1492296935000
1492296936000
1492296937000
1492296938000
1492296939000
1492296940000
1492296941000
1492296942000
1492296943000
1492296944000
1492296945000
1492296946000
1492296947000
1492296948000
1492296949000
1492296950000
1492296951000
1492296952000
1492296953000
1492296954000
1492296955000
1492296956000
1492296957000
1492296958000
1492296959000
1492296960000
1492296961000
1492296962000
1492296963000
1492296964000
1492296965000
1492296966000
1492296967000
1492296968000
1492296969000
1492296970000
1492296971000
1492296972000
1492296973000
1492296974000
1492296975000
1492296976000
1492296977000
1492296978000
1492296979000
1492296980000
1492296981000
1492296982000
1492296983000
1492296984000
1492296985000
1492296986000
1492296987000
1492296988000
1492296989000
1492296990000
1492296991000
1492296992000
1492296993000
1492296994000
1492296995000
1492296996000
1492296997000
1492296998000
1492296999000
1492297000000
1492297001000
1492297002000
1492297003000
1492297004000
1492297005000
1492297006000
1492297007000
1492297008000
1492297009000
1492297010000
1492297011000
1492297012000
1492297013000
1492297014000
1492297015000
1492297016000
1492297017000
1492297018000
1492297019000
1492297020000
1492297021000
1492297022000
1492297023000
1492297024000
1492297025000
1492297026000
1492297027000
1492297028000
1492297029000
1492297030000
1492297031000
1492297032000
1492297033000
1492297034000
1492297035000
1492297036000
1492297037000
1492297038000
1492297039000
1492297040000
1492297041000
1492297042000
1492297043000
1492297044000
1492297045000
1492297046000
1492297047000
1492297048000
1492297049000
1492297050000
1492297051000
1492297052000
1492297053000
1492297054000
1492297055000
1492297056000
1492297057000
1492297058000
1492297059000
1492297060000
1492297061000
1492297062000
1492297063000
1492297064000
1492297065000
1492297066001
1492297067000
1492297068000
1492297069000
1492297070000
1492297071000
1492297072000
1492297073000
1492297074000
1492297075000
1492297076000
1492297077000
1492297078000
1492297079000
1492297080000
1492297081000
1492297082000
1492297083000
1492297084000
1492297085000
1492297086000
1492297087000
1492297088000
1492297089000
1492297090000
1492297091000
1492297092000
1492297093000
1492297094000
1492297095000
1492297096000
1492297097000
1492297098000
1492297099000
1492297100000
1492297101000
1492297102000
1492297103000
1492297104000
1492297105000
1492297106000
1492297107000
1492297108000
1492297109000
1492297110000
1492297111000
1492297112000
1492297113000
1492297114000
1492297115000
1492297116000
1492297117000
1492297118000
1492297119000
1492297120000
1492297121000
1492297122000
1492297123000
1492297124000
1492297125000
1492297126000
1492297127000
1492297128000
1492297129000
1492297130000
1492297131000
1492297132000
1492297133000
1492297134000
1492297135000
1492297136000
1492297137000
1492297138000
1492297139000
1492297140000
1492297141000
1492297142000
1492297143000
1492297144000
1492297145000
1492297146000
1492297147000
1492297148000
1492297149000
1492297150000
1492297151000
1492297152000
1492297153000
1492297154000
1492297155000
1492297156000
1492297157000
1492297158000
1492297159000
1492297160000
1492297161000
1492297162000
1492297163000
1492297164000
1492297165000
1492297166000
1492297167000
1492297168000
1492297169000
1492297170000
1492297171000
1492297172000
1492297173000
1492297174000
1492297175000
1492297176000
1492297177000
1492297178000
1492297179000
1492297180000
1492297181000
1492297182000
1492297183000
1492297184000
1492297185000
1492297186000
1492297187000
1492297188000
1492297189000
1492297190000
1492297191000
1492297192000
1492297193000
1492297194000
1492297195000
1492297196000
1492297197000
1492297198000
1492297199000
1492297200000
1492297201000
1492297202000
1492297203000
1492297204000
1492297205000
1492297206000
1492297207000
1492297208000
1492297209000
1492297210000
1492297211000
1492297212000
1492297213000
1492297214000
1492297215000
1492297216000
1492297217000
1492297218000
1492297219000
1492297220000
1492297221000
1492297222000
1492297223000
1492297224000
1492297225000
1492297226000
1492297227000
1492297228000
1492297229000
1492297230000
1492297231000
1492297232000
1492297233000
1492297234000
1492297235000
1492297236000
1492297237000
1492297238000
1492297239000
1492297240000
1492297241000
1492297242000
1492297243000
1492297244000
1492297245000
1492297246000
1492297247000
1492297248000
1492297249000
1492297250000
1492297251000
1492297252000
1492297253000
1492297254000
1492297255000
1492297256000
1492297257000
1492297258000
1492297259000
1492297260000
1492297261000
1492297262000
1492297263000
1492297264000
1492297265000
1492297266000
1492297267000
1492297268000
1492297269000
1492297270000
1492297271000
1492297272000
1492297273000
1492297274000
1492297275000
1492297276000
1492297277000
1492297278000
1492297279000
1492297280000
1492297281000
1492297282000
1492297283000
1492297284000
1492297285000
1492297286000
1492297287000
1492297288000
1492297289000
1492297290000
1492297291000
1492297292000
1492297293000
1492297294000
1492297295000
1492297296000
1492297297000
1492297298000
1492297299000
1492297300000
1492297301000
1492297302000
1492297303000
1492297304000
1492297305000
1492297306000
1492297307000
1492297308000
1492297309000
1492297310000
1492297311000
1492297312000
1492297313000
1492297314000
1492297315000
1492297316000
1492297317000
1492297318000
1492297319000
1492297320000
1492297321000
1492297322000
1492297323000
1492297324000
1492297325000
1492297326000
1492297327000
1492297328000
1492297329000
1492297330000
1492297331000
1492297332000
1492297333000
1492297334000
1492297335000
1492297336000
1492297337000
1492297338000
1492297339000
1492297340000
1492297341000
1492297342000
1492297343000
1492297344000
1492297345000
1492297346000
1492297347000
1492297348000
1492297349000
1492297350000
1492297351000
1492297352000
1492297353000
1492297354000
1492297355000
1492297356000
1492297357000
1492297358000
1492297359000
1492297360000
1492297361000
1492297362000
1492297363000
1492297364000
1492297365000
1492297366000
1492297367000
1492297368000
1492297369000
1492297370000
1492297371000
1492297372000
1492297373000
1492297374000
1492297375000
1492297376000
1492297377000
1492297378000
1492297379000
1492297380000
1492297381000
1492297382000
1492297383000
1492297384000
1492297385000
1492297386000
1492297387000
1492297388000
1492297389000
1492297390000
1492297391000
1492297392000
1492297393000
1492297394000
1492297395000
1492297396000
1492297397000
1492297398000
1492297399000
1492297400000
1492297401000
1492297402000
1492297403000
1492297404000
1492297405000
1492297406000
1492297407000
1492297408000
1492297409000
1492297410000
1492297411000
1492297412000
1492297413000
1492297414000
1492297415000
1492297416000
1492297417000
1492297418000
1492297419000
1492297420000
1492297421000
1492297422000
1492297423000
1492297424000
1492297425000
1492297426000
1492297427000
1492297428000
1492297429000
1492297430000
1492297431000
1492297432000
1492297433000
1492297434000
1492297435000
1492297436000
1492297437000
1492297438000
1492297439000
1492297440002
2017-04-16 01:04:00.756:WARN:oejh.HttpGenerator:Ignoring extra content null
1492297441000
1492297442000
1492297443000
1492297444000
1492297445000
1492297446000
1492297447000
1492297448000
1492297449000
1492297450000
1492297451000
1492297452000
1492297453000
1492297454000
1492297455000
1492297456000
1492297457000
1492297458000
1492297459000
1492297460000
1492297461000
1492297462000
1492297463000
1492297464000
1492297465000
1492297466000
1492297467000
1492297468000
1492297469000
1492297470000
1492297471000
1492297472000
1492297473000
1492297474000
1492297475000
1492297476000
1492297477000
1492297478000
1492297479000
1492297480000
1492297481000
1492297482000
1492297483013
1492297484000
1492297485000
1492297486000
1492297487000
1492297488000
1492297489000
1492297490000
1492297491000
1492297492000
1492297493000
1492297494000
1492297495000
1492297496000
1492297497000
1492297498000
1492297499000
1492297500000
1492297501000
1492297502000
1492297503000
1492297504000
1492297505000
1492297506000
1492297507000
1492297508000
1492297509000
1492297510000
1492297511000
1492297512000
1492297513000
1492297514000
1492297515000
1492297516000
1492297517000
1492297518000
1492297519000
1492297520000
1492297521000
1492297522000
1492297523000
1492297524000
1492297525000
1492297526000
1492297527000
1492297528000
1492297529000
1492297530000
1492297531000
1492297532000
1492297533000
1492297534000
1492297535000
1492297536000
1492297537000
1492297538000
1492297539000
1492297540000
1492297541000
1492297542000
1492297543000
1492297544000
1492297545000
1492297546000
1492297547000
1492297548000
1492297549000
1492297550000
1492297551000
1492297552000
1492297553000
1492297554000
1492297555000
1492297556000
1492297557000
1492297558000
1492297559000
1492297560000
1492297561000
1492297562000
1492297563000
1492297564000
1492297565000
1492297566000
1492297567000
1492297568000
1492297569000
1492297570000
1492297571000
1492297572000
1492297573000
1492297574000
1492297575000
1492297576000
1492297577000
1492297578000
1492297579000
1492297580000
1492297581000
