2017-04-13 00:22:35.811:INFO:oejs.Server:jetty-8.1.9.v20130131
2017-04-13 00:22:35.860:INFO:oejs.AbstractConnector:Started SelectChannelConnector@0.0.0.0:80
2017-04-13 00:22:36.082:INFO:oejus.SslContextFactory:Enabled Protocols [SSLv2Hello, TLSv1, TLSv1.1, TLSv1.2] of [SSLv2Hello, SSLv3, TLSv1, TLSv1.1, TLSv1.2]
2017-04-13 00:22:36.120:INFO:oejs.AbstractConnector:Started SslSocketConnector@0.0.0.0:443
2017-04-13 00:22:54.270:WARN:oejs.AbstractHttpConnection:/blk
java.lang.StringIndexOutOfBoundsException: String index out of range: -1
	at java.lang.String.substring(String.java:1919)
	at clojure.core$subs.invokeStatic(core.clj:4804)
	at clojure.core$subs.invoke(core.clj:4799)
	at clojure.core$eval1237$fn__1238.invoke(NO_SOURCE_FILE:0)
	at clojure.core$eval1223$fn__1224.invoke(NO_SOURCE_FILE:0)
	at clojure.core$eval1218$fn__1219.invoke(NO_SOURCE_FILE:0)
	at Jet.handle(Jet.java:20)
	at org.eclipse.jetty.server.handler.HandlerWrapper.handle(HandlerWrapper.java:116)
	at org.eclipse.jetty.server.Server.handle(Server.java:368)
	at org.eclipse.jetty.server.AbstractHttpConnection.handleRequest(AbstractHttpConnection.java:488)
	at org.eclipse.jetty.server.BlockingHttpConnection.handleRequest(BlockingHttpConnection.java:53)
	at org.eclipse.jetty.server.AbstractHttpConnection.headerComplete(AbstractHttpConnection.java:932)
	at org.eclipse.jetty.server.AbstractHttpConnection$RequestHandler.headerComplete(AbstractHttpConnection.java:994)
	at org.eclipse.jetty.http.HttpParser.parseNext(HttpParser.java:640)
	at org.eclipse.jetty.http.HttpParser.parseAvailable(HttpParser.java:235)
	at org.eclipse.jetty.server.BlockingHttpConnection.handle(BlockingHttpConnection.java:72)
	at org.eclipse.jetty.server.bio.SocketConnector$ConnectorEndPoint.run(SocketConnector.java:264)
	at org.eclipse.jetty.server.ssl.SslSocketConnector$SslConnectorEndPoint.run(SslSocketConnector.java:670)
	at org.eclipse.jetty.util.thread.QueuedThreadPool.runJob(QueuedThreadPool.java:608)
	at org.eclipse.jetty.util.thread.QueuedThreadPool$3.run(QueuedThreadPool.java:543)
	at java.lang.Thread.run(Thread.java:745)
2017-04-13 00:26:05.511:WARN:oejh.HttpGenerator:Ignoring extra content null
2017-04-13 00:28:28.320:WARN:oejs.AbstractHttpConnection:/newBlock
java.io.EOFException: JSON error (end-of-file)
	at clojure.data.json$_read.invokeStatic(json.clj:182)
	at clojure.data.json$_read.invoke(json.clj:177)
	at clojure.data.json$read.invokeStatic(json.clj:272)
	at clojure.data.json$read.doInvoke(json.clj:228)
	at clojure.lang.RestFn.applyTo(RestFn.java:139)
	at clojure.core$apply.invokeStatic(core.clj:648)
	at clojure.core$apply.invoke(core.clj:641)
	at clojure.data.json$read_str.invokeStatic(json.clj:278)
	at clojure.data.json$read_str.doInvoke(json.clj:274)
	at clojure.lang.RestFn.invoke(RestFn.java:439)
	at clojure.core$eval2627$fn__2628.invoke(NO_SOURCE_FILE:0)
	at clojure.core$eval2613$fn__2614.invoke(NO_SOURCE_FILE:0)
	at clojure.core$eval2608$fn__2609.invoke(NO_SOURCE_FILE:0)
	at Jet.handle(Jet.java:20)
	at org.eclipse.jetty.server.handler.HandlerWrapper.handle(HandlerWrapper.java:116)
	at org.eclipse.jetty.server.Server.handle(Server.java:368)
	at org.eclipse.jetty.server.AbstractHttpConnection.handleRequest(AbstractHttpConnection.java:488)
	at org.eclipse.jetty.server.BlockingHttpConnection.handleRequest(BlockingHttpConnection.java:53)
	at org.eclipse.jetty.server.AbstractHttpConnection.headerComplete(AbstractHttpConnection.java:932)
	at org.eclipse.jetty.server.AbstractHttpConnection$RequestHandler.headerComplete(AbstractHttpConnection.java:994)
	at org.eclipse.jetty.http.HttpParser.parseNext(HttpParser.java:640)
	at org.eclipse.jetty.http.HttpParser.parseAvailable(HttpParser.java:235)
	at org.eclipse.jetty.server.BlockingHttpConnection.handle(BlockingHttpConnection.java:72)
	at org.eclipse.jetty.server.bio.SocketConnector$ConnectorEndPoint.run(SocketConnector.java:264)
	at org.eclipse.jetty.server.ssl.SslSocketConnector$SslConnectorEndPoint.run(SslSocketConnector.java:670)
	at org.eclipse.jetty.util.thread.QueuedThreadPool.runJob(QueuedThreadPool.java:608)
	at org.eclipse.jetty.util.thread.QueuedThreadPool$3.run(QueuedThreadPool.java:543)
	at java.lang.Thread.run(Thread.java:745)
2017-04-13 00:32:04.195:WARN:oejh.HttpGenerator:Ignoring extra content null
2017-04-13 00:32:04.549:WARN:oejh.HttpGenerator:Ignoring extra content null
2017-04-13 00:33:22.171:WARN:oejs.AbstractHttpConnection:/newBlock
java.io.EOFException: JSON error (end-of-file)
	at clojure.data.json$_read.invokeStatic(json.clj:182)
	at clojure.data.json$_read.invoke(json.clj:177)
	at clojure.data.json$read.invokeStatic(json.clj:272)
	at clojure.data.json$read.doInvoke(json.clj:228)
	at clojure.lang.RestFn.applyTo(RestFn.java:139)
	at clojure.core$apply.invokeStatic(core.clj:648)
	at clojure.core$apply.invoke(core.clj:641)
	at clojure.data.json$read_str.invokeStatic(json.clj:278)
	at clojure.data.json$read_str.doInvoke(json.clj:274)
	at clojure.lang.RestFn.invoke(RestFn.java:439)
	at clojure.core$eval3788$fn__3789.invoke(NO_SOURCE_FILE:0)
	at clojure.core$eval3774$fn__3775.invoke(NO_SOURCE_FILE:0)
	at clojure.core$eval3769$fn__3770.invoke(NO_SOURCE_FILE:0)
	at Jet.handle(Jet.java:20)
	at org.eclipse.jetty.server.handler.HandlerWrapper.handle(HandlerWrapper.java:116)
	at org.eclipse.jetty.server.Server.handle(Server.java:368)
	at org.eclipse.jetty.server.AbstractHttpConnection.handleRequest(AbstractHttpConnection.java:488)
	at org.eclipse.jetty.server.BlockingHttpConnection.handleRequest(BlockingHttpConnection.java:53)
	at org.eclipse.jetty.server.AbstractHttpConnection.headerComplete(AbstractHttpConnection.java:932)
	at org.eclipse.jetty.server.AbstractHttpConnection$RequestHandler.headerComplete(AbstractHttpConnection.java:994)
	at org.eclipse.jetty.http.HttpParser.parseNext(HttpParser.java:640)
	at org.eclipse.jetty.http.HttpParser.parseAvailable(HttpParser.java:235)
	at org.eclipse.jetty.server.BlockingHttpConnection.handle(BlockingHttpConnection.java:72)
	at org.eclipse.jetty.server.bio.SocketConnector$ConnectorEndPoint.run(SocketConnector.java:264)
	at org.eclipse.jetty.server.ssl.SslSocketConnector$SslConnectorEndPoint.run(SslSocketConnector.java:670)
	at org.eclipse.jetty.util.thread.QueuedThreadPool.runJob(QueuedThreadPool.java:608)
	at org.eclipse.jetty.util.thread.QueuedThreadPool$3.run(QueuedThreadPool.java:543)
	at java.lang.Thread.run(Thread.java:745)
2017-04-13 00:37:46.024:WARN:oejh.HttpGenerator:Ignoring extra content null
2017-04-13 00:43:22.834:WARN:oejh.HttpGenerator:Ignoring extra content null
2017-04-13 00:49:02.987:WARN:oejh.HttpGenerator:Ignoring extra content null
2017-04-13 00:54:38.863:WARN:oejh.HttpGenerator:Ignoring extra content null
2017-04-13 01:00:25.778:WARN:oejh.HttpGenerator:Ignoring extra content null
2017-04-13 01:06:53.327:WARN:oejh.HttpGenerator:Ignoring extra content null
2017-04-13 01:07:14.545:WARN:oejh.HttpGenerator:Ignoring extra content null
2017-04-13 01:09:30.007:WARN:oejh.HttpGenerator:Ignoring extra content null
2017-04-13 01:12:36.176:WARN:oejh.HttpGenerator:Ignoring extra content null
2017-04-13 01:13:59.477:WARN:oejh.HttpGenerator:Ignoring extra content null
2017-04-13 01:15:14.270:WARN:oejh.HttpGenerator:Ignoring extra content null
2017-04-13 01:16:23.510:WARN:oejh.HttpGenerator:Ignoring extra content null
2017-04-13 01:17:02.401:WARN:oejh.HttpGenerator:Ignoring extra content null
2017-04-13 01:20:11.834:WARN:oejh.HttpGenerator:Ignoring extra content null
2017-04-13 01:28:21.453:WARN:oejh.HttpGenerator:Ignoring extra content null
2017-04-13 01:36:20.910:WARN:oejh.HttpGenerator:Ignoring extra content null
2017-04-13 01:36:27.813:WARN:oejh.HttpGenerator:Ignoring extra content null
2017-04-13 01:37:23.126:WARN:oejh.HttpGenerator:Ignoring extra content null
2017-04-13 01:44:28.276:WARN:oejh.HttpGenerator:Ignoring extra content null
