2017-06-19 12:26:42.410:INFO:oejs.Server:jetty-8.1.9.v20130131
2017-06-19 12:26:42.833:WARN:oejuc.AbstractLifeCycle:FAILED SelectChannelConnector@0.0.0.0:80: java.net.BindException: Address already in use
java.net.BindException: Address already in use
	at sun.nio.ch.Net.bind0(Native Method)
	at sun.nio.ch.Net.bind(Net.java:437)
	at sun.nio.ch.Net.bind(Net.java:429)
	at sun.nio.ch.ServerSocketChannelImpl.bind(ServerSocketChannelImpl.java:223)
	at sun.nio.ch.ServerSocketAdaptor.bind(ServerSocketAdaptor.java:74)
	at org.eclipse.jetty.server.nio.SelectChannelConnector.open(SelectChannelConnector.java:187)
	at org.eclipse.jetty.server.AbstractConnector.doStart(AbstractConnector.java:316)
	at org.eclipse.jetty.server.nio.SelectChannelConnector.doStart(SelectChannelConnector.java:265)
	at org.eclipse.jetty.util.component.AbstractLifeCycle.start(AbstractLifeCycle.java:64)
	at org.eclipse.jetty.server.Server.doStart(Server.java:291)
	at org.eclipse.jetty.util.component.AbstractLifeCycle.start(AbstractLifeCycle.java:64)
	at Jet.main(Jet.java:37)
2017-06-19 12:26:44.068:INFO:oejus.SslContextFactory:Enabled Protocols [SSLv2Hello, TLSv1, TLSv1.1, TLSv1.2] of [SSLv2Hello, SSLv3, TLSv1, TLSv1.1, TLSv1.2]
2017-06-19 12:26:44.070:WARN:oejuc.AbstractLifeCycle:FAILED SslSocketConnector@0.0.0.0:443: java.net.BindException: Address already in use
java.net.BindException: Address already in use
	at java.net.PlainSocketImpl.socketBind(Native Method)
	at java.net.AbstractPlainSocketImpl.bind(AbstractPlainSocketImpl.java:382)
	at java.net.ServerSocket.bind(ServerSocket.java:375)
	at java.net.ServerSocket.<init>(ServerSocket.java:237)
	at java.net.ServerSocket.<init>(ServerSocket.java:181)
	at javax.net.ssl.SSLServerSocket.<init>(SSLServerSocket.java:136)
	at sun.security.ssl.SSLServerSocketImpl.<init>(SSLServerSocketImpl.java:113)
	at sun.security.ssl.SSLServerSocketFactoryImpl.createServerSocket(SSLServerSocketFactoryImpl.java:87)
	at org.eclipse.jetty.util.ssl.SslContextFactory.newSslServerSocket(SslContextFactory.java:1456)
	at org.eclipse.jetty.server.ssl.SslSocketConnector.newServerSocket(SslSocketConnector.java:393)
	at org.eclipse.jetty.server.bio.SocketConnector.open(SocketConnector.java:85)
	at org.eclipse.jetty.server.ssl.SslSocketConnector.open(SslSocketConnector.java:351)
	at org.eclipse.jetty.server.AbstractConnector.doStart(AbstractConnector.java:316)
	at org.eclipse.jetty.server.bio.SocketConnector.doStart(SocketConnector.java:156)
	at org.eclipse.jetty.server.ssl.SslSocketConnector.doStart(SslSocketConnector.java:364)
	at org.eclipse.jetty.util.component.AbstractLifeCycle.start(AbstractLifeCycle.java:64)
	at org.eclipse.jetty.server.Server.doStart(Server.java:291)
	at org.eclipse.jetty.util.component.AbstractLifeCycle.start(AbstractLifeCycle.java:64)
	at Jet.main(Jet.java:37)
2017-06-19 12:26:44.070:WARN:oejuc.AbstractLifeCycle:FAILED org.eclipse.jetty.server.Server@484b61fc: MultiException[java.net.BindException: Address already in use, java.net.BindException: Address already in use]
MultiException[java.net.BindException: Address already in use, java.net.BindException: Address already in use]
	at org.eclipse.jetty.server.Server.doStart(Server.java:273)
	at org.eclipse.jetty.util.component.AbstractLifeCycle.start(AbstractLifeCycle.java:64)
	at Jet.main(Jet.java:37)
Exception in thread "main" MultiException[java.net.BindException: Address already in use, java.net.BindException: Address already in use]
	at org.eclipse.jetty.server.Server.doStart(Server.java:273)
	at org.eclipse.jetty.util.component.AbstractLifeCycle.start(AbstractLifeCycle.java:64)
	at Jet.main(Jet.java:37)
java.net.BindException: Address already in use
	at sun.nio.ch.Net.bind0(Native Method)
	at sun.nio.ch.Net.bind(Net.java:437)
	at sun.nio.ch.Net.bind(Net.java:429)
	at sun.nio.ch.ServerSocketChannelImpl.bind(ServerSocketChannelImpl.java:223)
	at sun.nio.ch.ServerSocketAdaptor.bind(ServerSocketAdaptor.java:74)
	at org.eclipse.jetty.server.nio.SelectChannelConnector.open(SelectChannelConnector.java:187)
	at org.eclipse.jetty.server.AbstractConnector.doStart(AbstractConnector.java:316)
	at org.eclipse.jetty.server.nio.SelectChannelConnector.doStart(SelectChannelConnector.java:265)
	at org.eclipse.jetty.util.component.AbstractLifeCycle.start(AbstractLifeCycle.java:64)
	at org.eclipse.jetty.server.Server.doStart(Server.java:291)
	at org.eclipse.jetty.util.component.AbstractLifeCycle.start(AbstractLifeCycle.java:64)
	at Jet.main(Jet.java:37)
java.net.BindException: Address already in use
	at java.net.PlainSocketImpl.socketBind(Native Method)
	at java.net.AbstractPlainSocketImpl.bind(AbstractPlainSocketImpl.java:382)
	at java.net.ServerSocket.bind(ServerSocket.java:375)
	at java.net.ServerSocket.<init>(ServerSocket.java:237)
	at java.net.ServerSocket.<init>(ServerSocket.java:181)
	at javax.net.ssl.SSLServerSocket.<init>(SSLServerSocket.java:136)
	at sun.security.ssl.SSLServerSocketImpl.<init>(SSLServerSocketImpl.java:113)
	at sun.security.ssl.SSLServerSocketFactoryImpl.createServerSocket(SSLServerSocketFactoryImpl.java:87)
	at org.eclipse.jetty.util.ssl.SslContextFactory.newSslServerSocket(SslContextFactory.java:1456)
	at org.eclipse.jetty.server.ssl.SslSocketConnector.newServerSocket(SslSocketConnector.java:393)
	at org.eclipse.jetty.server.bio.SocketConnector.open(SocketConnector.java:85)
	at org.eclipse.jetty.server.ssl.SslSocketConnector.open(SslSocketConnector.java:351)
	at org.eclipse.jetty.server.AbstractConnector.doStart(AbstractConnector.java:316)
	at org.eclipse.jetty.server.bio.SocketConnector.doStart(SocketConnector.java:156)
	at org.eclipse.jetty.server.ssl.SslSocketConnector.doStart(SslSocketConnector.java:364)
	at org.eclipse.jetty.util.component.AbstractLifeCycle.start(AbstractLifeCycle.java:64)
	at org.eclipse.jetty.server.Server.doStart(Server.java:291)
	at org.eclipse.jetty.util.component.AbstractLifeCycle.start(AbstractLifeCycle.java:64)
	at Jet.main(Jet.java:37)
