2017-06-19 12:35:54.353:INFO:oejs.Server:jetty-8.1.9.v20130131
2017-06-19 12:35:54.512:INFO:oejs.AbstractConnector:Started SelectChannelConnector@0.0.0.0:80
2017-06-19 12:35:54.732:INFO:oejus.SslContextFactory:Enabled Protocols [SSLv2Hello, TLSv1, TLSv1.1, TLSv1.2] of [SSLv2Hello, SSLv3, TLSv1, TLSv1.1, TLSv1.2]
2017-06-19 12:35:54.773:INFO:oejs.AbstractConnector:Started SslSocketConnector@0.0.0.0:443
2017-06-19 12:36:04.451:WARN:oejh.HttpGenerator:Ignoring extra content null
2017-06-19 12:38:20.064:WARN:oejh.HttpGenerator:Ignoring extra content null
2017-06-19 12:42:03.986:WARN:oejh.HttpGenerator:Ignoring extra content null
2017-06-19 12:43:53.061:WARN:oejh.HttpGenerator:Ignoring extra content null
2017-06-19 12:53:41.322:WARN:oejh.HttpGenerator:Ignoring extra content null
2017-06-19 13:05:35.757:WARN:oejh.HttpGenerator:Ignoring extra content null
2017-06-19 13:17:13.610:WARN:oejh.HttpGenerator:Ignoring extra content null
2017-06-19 13:28:24.333:WARN:oejh.HttpGenerator:Ignoring extra content null
2017-06-19 13:39:03.246:WARN:oejh.HttpGenerator:Ignoring extra content null
2017-06-19 13:39:48.726:WARN:oejh.HttpGenerator:Ignoring extra content null
2017-06-19 13:50:51.887:WARN:oejh.HttpGenerator:Ignoring extra content null
2017-06-19 13:59:39.682:WARN:oejh.HttpGenerator:Ignoring extra content null
2017-06-19 14:01:42.132:WARN:oejh.HttpGenerator:Ignoring extra content null
2017-06-19 14:12:41.482:WARN:oejh.HttpGenerator:Ignoring extra content null
2017-06-19 14:18:49.616:WARN:oejh.HttpGenerator:Ignoring extra content null
2017-06-19 14:20:29.876:WARN:oejh.HttpGenerator:Ignoring extra content null
2017-06-19 14:23:40.289:WARN:oejh.HttpGenerator:Ignoring extra content null
2017-06-19 14:40:56.958:WARN:oejh.HttpGenerator:Ignoring extra content null
2017-06-19 14:47:00.767:WARN:oejh.HttpGenerator:Ignoring extra content null
2017-06-19 14:55:15.858:WARN:oejh.HttpGenerator:Ignoring extra content null
2017-06-19 15:01:07.299:WARN:oejh.HttpGenerator:Ignoring extra content null
2017-06-19 15:12:26.497:WARN:oejh.HttpGenerator:Ignoring extra content null
2017-06-19 15:15:26.705:WARN:oejh.HttpGenerator:Ignoring extra content null
