2017-11-12 19:18:32.491:INFO:oejs.Server:jetty-8.1.9.v20130131
2017-11-12 19:18:32.638:INFO:oejs.AbstractConnector:Started SelectChannelConnector@0.0.0.0:80
2017-11-12 19:18:32.924:INFO:oejus.SslContextFactory:Enabled Protocols [SSLv2Hello, TLSv1, TLSv1.1, TLSv1.2] of [SSLv2Hello, SSLv3, TLSv1, TLSv1.1, TLSv1.2]
2017-11-12 19:18:32.958:INFO:oejs.AbstractConnector:Started SslSocketConnector@0.0.0.0:443
2017-11-12 19:18:52.875:WARN:oejh.HttpGenerator:Ignoring extra content null
2017-11-12 19:23:15.993:WARN:oejh.HttpGenerator:Ignoring extra content null
2017-11-12 19:23:21.717:WARN:oejh.HttpGenerator:Ignoring extra content null
2017-11-12 19:23:28.866:WARN:oejh.HttpGenerator:Ignoring extra content null
2017-11-12 19:23:41.500:WARN:oejh.HttpGenerator:Ignoring extra content null
2017-11-12 19:23:47.288:WARN:oejh.HttpGenerator:Ignoring extra content null
2017-11-12 19:23:52.554:WARN:oejh.HttpGenerator:Ignoring extra content null
2017-11-12 19:23:57.944:WARN:oejh.HttpGenerator:Ignoring extra content null
2017-11-12 19:24:03.343:WARN:oejh.HttpGenerator:Ignoring extra content null
2017-11-12 19:24:08.834:WARN:oejh.HttpGenerator:Ignoring extra content null
2017-11-12 19:24:14.244:WARN:oejh.HttpGenerator:Ignoring extra content null
2017-11-12 19:24:19.716:WARN:oejh.HttpGenerator:Ignoring extra content null
2017-11-12 19:24:25.096:WARN:oejh.HttpGenerator:Ignoring extra content null
2017-11-12 19:39:21.349:WARN:oejh.HttpGenerator:Ignoring extra content null
2017-11-12 19:39:26.807:WARN:oejh.HttpGenerator:Ignoring extra content null
2017-11-12 19:39:32.283:WARN:oejh.HttpGenerator:Ignoring extra content null
2017-11-12 19:39:35.366:WARN:oejh.HttpGenerator:Ignoring extra content null
2017-11-12 19:39:37.915:WARN:oejh.HttpGenerator:Ignoring extra content null
2017-11-12 19:39:40.886:WARN:oejh.HttpGenerator:Ignoring extra content null
2017-11-12 19:39:46.304:WARN:oejh.HttpGenerator:Ignoring extra content null
2017-11-12 19:39:51.682:WARN:oejh.HttpGenerator:Ignoring extra content null
2017-11-12 19:39:57.257:WARN:oejh.HttpGenerator:Ignoring extra content null
2017-11-12 19:40:02.401:WARN:oejh.HttpGenerator:Ignoring extra content null
2017-11-12 19:40:07.819:WARN:oejh.HttpGenerator:Ignoring extra content null
2017-11-12 19:55:13.878:WARN:oejh.HttpGenerator:Ignoring extra content null
2017-11-12 19:55:19.543:WARN:oejh.HttpGenerator:Ignoring extra content null
2017-11-12 19:55:25.194:WARN:oejh.HttpGenerator:Ignoring extra content null
2017-11-12 19:55:30.527:WARN:oejh.HttpGenerator:Ignoring extra content null
2017-11-12 19:55:36.018:WARN:oejh.HttpGenerator:Ignoring extra content null
2017-11-12 19:55:43.391:WARN:oejh.HttpGenerator:Ignoring extra content null
2017-11-12 19:55:48.900:WARN:oejh.HttpGenerator:Ignoring extra content null
2017-11-12 19:58:24.999:WARN:oejh.HttpGenerator:Ignoring extra content null
2017-11-12 20:00:55.663:WARN:oejh.HttpGenerator:Ignoring extra content null
2017-11-12 20:04:56.534:WARN:oejh.HttpGenerator:Ignoring extra content null
2017-11-12 20:04:57.414:WARN:oejh.HttpGenerator:Ignoring extra content null
2017-11-12 20:04:57.944:WARN:oejh.HttpGenerator:Ignoring extra content null
2017-11-12 20:12:01.639:WARN:oejh.HttpGenerator:Ignoring extra content null
2017-11-12 20:12:07.086:WARN:oejh.HttpGenerator:Ignoring extra content null
2017-11-12 20:14:41.412:WARN:oejh.HttpGenerator:Ignoring extra content null
2017-11-12 20:27:00.729:WARN:oejh.HttpGenerator:Ignoring extra content null
2017-11-12 20:27:07.710:WARN:oejh.HttpGenerator:Ignoring extra content null
2017-11-12 20:27:13.647:WARN:oejh.HttpGenerator:Ignoring extra content null
2017-11-12 20:30:33.919:WARN:oejh.HttpGenerator:Ignoring extra content null
2017-11-12 20:30:43.373:WARN:oejh.HttpGenerator:Ignoring extra content null
2017-11-12 20:30:51.724:WARN:oejh.HttpGenerator:Ignoring extra content null
2017-11-12 20:30:58.539:WARN:oejh.HttpGenerator:Ignoring extra content null
2017-11-12 20:31:05.837:WARN:oejh.HttpGenerator:Ignoring extra content null
2017-11-12 21:14:28.428:WARN:oejh.HttpGenerator:Ignoring extra content null
2017-11-12 21:29:44.608:WARN:oejh.HttpGenerator:Ignoring extra content null
2017-11-12 21:29:50.265:WARN:oejh.HttpGenerator:Ignoring extra content null
2017-11-12 21:44:57.882:WARN:oejh.HttpGenerator:Ignoring extra content null
2017-11-12 21:45:03.283:WARN:oejh.HttpGenerator:Ignoring extra content null
2017-11-12 22:00:46.840:WARN:oejh.HttpGenerator:Ignoring extra content null
2017-11-12 22:00:52.214:WARN:oejh.HttpGenerator:Ignoring extra content null
2017-11-12 22:01:18.788:WARN:oejh.HttpGenerator:Ignoring extra content null
2017-11-12 22:01:24.274:WARN:oejh.HttpGenerator:Ignoring extra content null
2017-11-12 22:04:29.535:WARN:oejh.HttpGenerator:Ignoring extra content null
2017-11-12 22:04:39.728:WARN:oejh.HttpGenerator:Ignoring extra content null
2017-11-12 22:04:47.997:WARN:oejh.HttpGenerator:Ignoring extra content null
2017-11-12 22:04:56.425:WARN:oejh.HttpGenerator:Ignoring extra content null
2017-11-12 22:16:56.385:WARN:oejh.HttpGenerator:Ignoring extra content null
2017-11-12 22:17:01.765:WARN:oejh.HttpGenerator:Ignoring extra content null
2017-11-12 22:17:07.032:WARN:oejh.HttpGenerator:Ignoring extra content null
2017-11-12 22:17:14.735:WARN:oejh.HttpGenerator:Ignoring extra content null
2017-11-12 22:17:20.250:WARN:oejh.HttpGenerator:Ignoring extra content null
2017-11-12 22:17:25.594:WARN:oejh.HttpGenerator:Ignoring extra content null
2017-11-12 22:29:59.261:WARN:oejh.HttpGenerator:Ignoring extra content null
2017-11-12 22:32:50.898:WARN:oejh.HttpGenerator:Ignoring extra content null
2017-11-12 23:04:22.132:WARN:oejh.HttpGenerator:Ignoring extra content null
2017-11-12 23:04:27.533:WARN:oejh.HttpGenerator:Ignoring extra content null
2017-11-12 23:04:32.948:WARN:oejh.HttpGenerator:Ignoring extra content null
2017-11-12 23:04:38.591:WARN:oejh.HttpGenerator:Ignoring extra content null
2017-11-12 23:04:48.525:WARN:oejh.HttpGenerator:Ignoring extra content null
2017-11-12 23:04:49.689:WARN:oejh.HttpGenerator:Ignoring extra content null
2017-11-12 23:04:49.929:WARN:oejh.HttpGenerator:Ignoring extra content null
2017-11-12 23:04:50.797:WARN:oejh.HttpGenerator:Ignoring extra content null
2017-11-12 23:04:51.072:WARN:oejh.HttpGenerator:Ignoring extra content null
2017-11-12 23:04:51.638:WARN:oejh.HttpGenerator:Ignoring extra content null
2017-11-12 23:04:57.908:WARN:oejh.HttpGenerator:Ignoring extra content null
2017-11-12 23:05:02.692:WARN:oejh.HttpGenerator:Ignoring extra content null
2017-11-12 23:05:06.321:WARN:oejh.HttpGenerator:Ignoring extra content null
2017-11-12 23:05:09.854:WARN:oejh.HttpGenerator:Ignoring extra content null
2017-11-12 23:05:13.205:WARN:oejh.HttpGenerator:Ignoring extra content null
2017-11-12 23:05:16.605:WARN:oejh.HttpGenerator:Ignoring extra content null
2017-11-12 23:05:19.913:WARN:oejh.HttpGenerator:Ignoring extra content null
2017-11-12 23:05:22.989:WARN:oejh.HttpGenerator:Ignoring extra content null
2017-11-12 23:05:26.000:WARN:oejh.HttpGenerator:Ignoring extra content null
2017-11-12 23:05:29.010:WARN:oejh.HttpGenerator:Ignoring extra content null
2017-11-12 23:05:31.973:WARN:oejh.HttpGenerator:Ignoring extra content null
2017-11-12 23:05:34.967:WARN:oejh.HttpGenerator:Ignoring extra content null
2017-11-12 23:05:37.988:WARN:oejh.HttpGenerator:Ignoring extra content null
2017-11-12 23:05:40.945:WARN:oejh.HttpGenerator:Ignoring extra content null
2017-11-12 23:05:43.983:WARN:oejh.HttpGenerator:Ignoring extra content null
2017-11-12 23:05:46.939:WARN:oejh.HttpGenerator:Ignoring extra content null
2017-11-12 23:05:49.956:WARN:oejh.HttpGenerator:Ignoring extra content null
2017-11-12 23:05:52.912:WARN:oejh.HttpGenerator:Ignoring extra content null
2017-11-12 23:05:55.901:WARN:oejh.HttpGenerator:Ignoring extra content null
2017-11-12 23:05:58.927:WARN:oejh.HttpGenerator:Ignoring extra content null
2017-11-12 23:06:01.900:WARN:oejh.HttpGenerator:Ignoring extra content null
2017-11-12 23:06:04.880:WARN:oejh.HttpGenerator:Ignoring extra content null
2017-11-12 23:06:07.885:WARN:oejh.HttpGenerator:Ignoring extra content null
2017-11-12 23:06:10.894:WARN:oejh.HttpGenerator:Ignoring extra content null
2017-11-12 23:06:13.886:WARN:oejh.HttpGenerator:Ignoring extra content null
2017-11-12 23:06:16.861:WARN:oejh.HttpGenerator:Ignoring extra content null
2017-11-12 23:06:19.849:WARN:oejh.HttpGenerator:Ignoring extra content null
2017-11-12 23:06:22.872:WARN:oejh.HttpGenerator:Ignoring extra content null
2017-11-12 23:06:25.844:WARN:oejh.HttpGenerator:Ignoring extra content null
2017-11-12 23:06:28.820:WARN:oejh.HttpGenerator:Ignoring extra content null
2017-11-12 23:06:31.806:WARN:oejh.HttpGenerator:Ignoring extra content null
2017-11-12 23:06:34.799:WARN:oejh.HttpGenerator:Ignoring extra content null
2017-11-12 23:06:37.831:WARN:oejh.HttpGenerator:Ignoring extra content null
2017-11-12 23:06:41.002:WARN:oejh.HttpGenerator:Ignoring extra content null
2017-11-12 23:06:43.774:WARN:oejh.HttpGenerator:Ignoring extra content null
2017-11-12 23:06:46.759:WARN:oejh.HttpGenerator:Ignoring extra content null
2017-11-12 23:06:49.773:WARN:oejh.HttpGenerator:Ignoring extra content null
2017-11-12 23:06:52.792:WARN:oejh.HttpGenerator:Ignoring extra content null
2017-11-12 23:06:55.734:WARN:oejh.HttpGenerator:Ignoring extra content null
2017-11-12 23:06:58.793:WARN:oejh.HttpGenerator:Ignoring extra content null
2017-11-12 23:07:01.774:WARN:oejh.HttpGenerator:Ignoring extra content null
2017-11-12 23:07:04.714:WARN:oejh.HttpGenerator:Ignoring extra content null
2017-11-12 23:07:07.737:WARN:oejh.HttpGenerator:Ignoring extra content null
2017-11-12 23:07:10.717:WARN:oejh.HttpGenerator:Ignoring extra content null
2017-11-12 23:07:13.726:WARN:oejh.HttpGenerator:Ignoring extra content null
2017-11-12 23:07:16.677:WARN:oejh.HttpGenerator:Ignoring extra content null
2017-11-12 23:07:19.746:WARN:oejh.HttpGenerator:Ignoring extra content null
2017-11-12 23:07:22.665:WARN:oejh.HttpGenerator:Ignoring extra content null
2017-11-12 23:07:25.675:WARN:oejh.HttpGenerator:Ignoring extra content null
2017-11-12 23:07:28.712:WARN:oejh.HttpGenerator:Ignoring extra content null
2017-11-12 23:07:31.658:WARN:oejh.HttpGenerator:Ignoring extra content null
2017-11-12 23:07:34.652:WARN:oejh.HttpGenerator:Ignoring extra content null
2017-11-12 23:07:37.617:WARN:oejh.HttpGenerator:Ignoring extra content null
2017-11-12 23:07:40.655:WARN:oejh.HttpGenerator:Ignoring extra content null
2017-11-12 23:07:43.640:WARN:oejh.HttpGenerator:Ignoring extra content null
2017-11-12 23:07:46.604:WARN:oejh.HttpGenerator:Ignoring extra content null
2017-11-12 23:07:49.668:WARN:oejh.HttpGenerator:Ignoring extra content null
2017-11-12 23:07:52.695:WARN:oejh.HttpGenerator:Ignoring extra content null
2017-11-12 23:07:55.595:WARN:oejh.HttpGenerator:Ignoring extra content null
2017-11-12 23:07:58.623:WARN:oejh.HttpGenerator:Ignoring extra content null
2017-11-12 23:08:01.557:WARN:oejh.HttpGenerator:Ignoring extra content null
2017-11-12 23:08:04.583:WARN:oejh.HttpGenerator:Ignoring extra content null
2017-11-12 23:08:07.550:WARN:oejh.HttpGenerator:Ignoring extra content null
2017-11-12 23:08:10.557:WARN:oejh.HttpGenerator:Ignoring extra content null
2017-11-12 23:08:13.563:WARN:oejh.HttpGenerator:Ignoring extra content null
2017-11-12 23:08:16.556:WARN:oejh.HttpGenerator:Ignoring extra content null
2017-11-12 23:08:19.566:WARN:oejh.HttpGenerator:Ignoring extra content null
2017-11-12 23:08:22.505:WARN:oejh.HttpGenerator:Ignoring extra content null
2017-11-12 23:08:25.504:WARN:oejh.HttpGenerator:Ignoring extra content null
2017-11-12 23:08:28.554:WARN:oejh.HttpGenerator:Ignoring extra content null
2017-11-12 23:08:31.510:WARN:oejh.HttpGenerator:Ignoring extra content null
2017-11-12 23:08:34.500:WARN:oejh.HttpGenerator:Ignoring extra content null
2017-11-12 23:08:37.487:WARN:oejh.HttpGenerator:Ignoring extra content null
2017-11-12 23:08:40.541:WARN:oejh.HttpGenerator:Ignoring extra content null
2017-11-12 23:08:43.470:WARN:oejh.HttpGenerator:Ignoring extra content null
2017-11-12 23:08:46.471:WARN:oejh.HttpGenerator:Ignoring extra content null
2017-11-12 23:08:49.485:WARN:oejh.HttpGenerator:Ignoring extra content null
2017-11-12 23:08:52.460:WARN:oejh.HttpGenerator:Ignoring extra content null
2017-11-12 23:08:55.486:WARN:oejh.HttpGenerator:Ignoring extra content null
2017-11-12 23:08:58.449:WARN:oejh.HttpGenerator:Ignoring extra content null
2017-11-12 23:09:01.479:WARN:oejh.HttpGenerator:Ignoring extra content null
2017-11-12 23:09:04.441:WARN:oejh.HttpGenerator:Ignoring extra content null
2017-11-12 23:09:07.436:WARN:oejh.HttpGenerator:Ignoring extra content null
2017-11-12 23:09:10.424:WARN:oejh.HttpGenerator:Ignoring extra content null
2017-11-12 23:09:13.525:WARN:oejh.HttpGenerator:Ignoring extra content null
2017-11-12 23:09:16.427:WARN:oejh.HttpGenerator:Ignoring extra content null
2017-11-12 23:09:19.682:WARN:oejh.HttpGenerator:Ignoring extra content null
2017-11-12 23:09:22.363:WARN:oejh.HttpGenerator:Ignoring extra content null
2017-11-12 23:09:25.445:WARN:oejh.HttpGenerator:Ignoring extra content null
2017-11-12 23:09:28.429:WARN:oejh.HttpGenerator:Ignoring extra content null
2017-11-12 23:09:31.472:WARN:oejh.HttpGenerator:Ignoring extra content null
2017-11-12 23:09:34.477:WARN:oejh.HttpGenerator:Ignoring extra content null
2017-11-12 23:09:37.543:WARN:oejh.HttpGenerator:Ignoring extra content null
2017-11-12 23:09:40.636:WARN:oejh.HttpGenerator:Ignoring extra content null
2017-11-12 23:09:43.841:WARN:oejh.HttpGenerator:Ignoring extra content null
2017-11-12 23:09:47.413:WARN:oejh.HttpGenerator:Ignoring extra content null
2017-11-12 23:15:47.810:WARN:oejh.HttpGenerator:Ignoring extra content null
2017-11-12 23:19:41.178:WARN:oejh.HttpGenerator:Ignoring extra content null
2017-11-12 23:35:54.874:WARN:oejh.HttpGenerator:Ignoring extra content null
2017-11-12 23:36:00.285:WARN:oejh.HttpGenerator:Ignoring extra content null
2017-11-12 23:36:05.788:WARN:oejh.HttpGenerator:Ignoring extra content null
2017-11-12 23:38:01.137:WARN:oejh.HttpGenerator:Ignoring extra content null
2017-11-12 23:38:09.267:WARN:oejh.HttpGenerator:Ignoring extra content null
2017-11-12 23:38:19.777:WARN:oejh.HttpGenerator:Ignoring extra content null
2017-11-12 23:38:29.641:WARN:oejh.HttpGenerator:Ignoring extra content null
2017-11-12 23:38:38.677:WARN:oejh.HttpGenerator:Ignoring extra content null
2017-11-12 23:38:48.232:WARN:oejh.HttpGenerator:Ignoring extra content null
2017-11-12 23:38:58.432:WARN:oejh.HttpGenerator:Ignoring extra content null
2017-11-12 23:41:00.273:WARN:oejh.HttpGenerator:Ignoring extra content null
2017-11-12 23:41:53.384:WARN:oejh.HttpGenerator:Ignoring extra content null
2017-11-12 23:45:45.702:WARN:oejh.HttpGenerator:Ignoring extra content null
2017-11-13 00:21:36.229:WARN:oejh.HttpGenerator:Ignoring extra content null
2017-11-13 00:21:41.690:WARN:oejh.HttpGenerator:Ignoring extra content null
2017-11-13 00:34:56.221:WARN:oejh.HttpGenerator:Ignoring extra content null
2017-11-13 00:34:57.199:WARN:oejh.HttpGenerator:Ignoring extra content null
2017-11-13 00:44:55.669:WARN:oejh.HttpGenerator:Ignoring extra content null
2017-11-13 00:44:56.670:WARN:oejh.HttpGenerator:Ignoring extra content null
2017-11-13 00:48:17.556:WARN:oejh.HttpGenerator:Ignoring extra content null
2017-11-13 00:54:18.991:WARN:oejh.HttpGenerator:Ignoring extra content null
2017-11-13 01:01:32.992:WARN:oejh.HttpGenerator:Ignoring extra content null
2017-11-13 01:12:46.144:WARN:oejh.HttpGenerator:Ignoring extra content null
2017-11-13 01:12:56.481:WARN:oejh.HttpGenerator:Ignoring extra content null
2017-11-13 01:13:06.954:WARN:oejh.HttpGenerator:Ignoring extra content null
2017-11-13 01:13:17.187:WARN:oejh.HttpGenerator:Ignoring extra content null
2017-11-13 01:13:29.592:WARN:oejh.HttpGenerator:Ignoring extra content null
2017-11-13 01:13:41.848:WARN:oejh.HttpGenerator:Ignoring extra content null
2017-11-13 01:19:40.483:WARN:oejh.HttpGenerator:Ignoring extra content null
2017-11-13 01:21:18.357:WARN:oejh.HttpGenerator:Ignoring extra content null
2017-11-13 01:25:43.417:WARN:oejh.HttpGenerator:Ignoring extra content null
2017-11-13 01:25:48.996:WARN:oejh.HttpGenerator:Ignoring extra content null
2017-11-13 01:25:56.555:WARN:oejh.HttpGenerator:Ignoring extra content null
2017-11-13 01:31:14.672:WARN:oejh.HttpGenerator:Ignoring extra content null
2017-11-13 01:41:14.848:WARN:oejh.HttpGenerator:Ignoring extra content null
2017-11-13 01:57:34.677:WARN:oejh.HttpGenerator:Ignoring extra content null
2017-11-13 02:13:18.089:WARN:oejh.HttpGenerator:Ignoring extra content null
2017-11-13 02:13:28.004:WARN:oejh.HttpGenerator:Ignoring extra content null
2017-11-13 02:17:19.717:WARN:oejh.HttpGenerator:Ignoring extra content null
2017-11-13 02:26:07.803:WARN:oejh.HttpGenerator:Ignoring extra content null
2017-11-13 02:26:08.668:WARN:oejh.HttpGenerator:Ignoring extra content null
2017-11-13 02:26:09.197:WARN:oejh.HttpGenerator:Ignoring extra content null
2017-11-13 02:26:11.260:WARN:oejh.HttpGenerator:Ignoring extra content null
2017-11-13 02:26:13.544:WARN:oejh.HttpGenerator:Ignoring extra content null
2017-11-13 02:26:15.268:WARN:oejh.HttpGenerator:Ignoring extra content null
2017-11-13 02:26:16.864:WARN:oejh.HttpGenerator:Ignoring extra content null
2017-11-13 02:26:18.049:WARN:oejh.HttpGenerator:Ignoring extra content null
2017-11-13 02:26:18.459:WARN:oejh.HttpGenerator:Ignoring extra content null
2017-11-13 02:26:19.214:WARN:oejh.HttpGenerator:Ignoring extra content null
2017-11-13 02:26:20.258:WARN:oejh.HttpGenerator:Ignoring extra content null
2017-11-13 02:26:21.216:WARN:oejh.HttpGenerator:Ignoring extra content null
2017-11-13 02:26:22.130:WARN:oejh.HttpGenerator:Ignoring extra content null
2017-11-13 02:26:23.038:WARN:oejh.HttpGenerator:Ignoring extra content null
2017-11-13 02:26:23.923:WARN:oejh.HttpGenerator:Ignoring extra content null
2017-11-13 02:26:24.783:WARN:oejh.HttpGenerator:Ignoring extra content null
2017-11-13 02:26:25.945:WARN:oejh.HttpGenerator:Ignoring extra content null
2017-11-13 02:26:27.414:WARN:oejh.HttpGenerator:Ignoring extra content null
2017-11-13 02:26:29.045:WARN:oejh.HttpGenerator:Ignoring extra content null
2017-11-13 02:26:30.610:WARN:oejh.HttpGenerator:Ignoring extra content null
2017-11-13 02:26:32.186:WARN:oejh.HttpGenerator:Ignoring extra content null
2017-11-13 02:26:33.737:WARN:oejh.HttpGenerator:Ignoring extra content null
2017-11-13 02:26:35.327:WARN:oejh.HttpGenerator:Ignoring extra content null
2017-11-13 02:26:36.897:WARN:oejh.HttpGenerator:Ignoring extra content null
2017-11-13 02:26:38.467:WARN:oejh.HttpGenerator:Ignoring extra content null
2017-11-13 02:26:40.018:WARN:oejh.HttpGenerator:Ignoring extra content null
2017-11-13 02:26:41.611:WARN:oejh.HttpGenerator:Ignoring extra content null
2017-11-13 02:26:43.175:WARN:oejh.HttpGenerator:Ignoring extra content null
2017-11-13 02:26:44.745:WARN:oejh.HttpGenerator:Ignoring extra content null
2017-11-13 02:26:46.283:WARN:oejh.HttpGenerator:Ignoring extra content null
2017-11-13 02:26:47.856:WARN:oejh.HttpGenerator:Ignoring extra content null
2017-11-13 02:26:49.417:WARN:oejh.HttpGenerator:Ignoring extra content null
2017-11-13 02:26:50.980:WARN:oejh.HttpGenerator:Ignoring extra content null
2017-11-13 02:26:52.575:WARN:oejh.HttpGenerator:Ignoring extra content null
2017-11-13 02:26:54.156:WARN:oejh.HttpGenerator:Ignoring extra content null
2017-11-13 02:26:55.730:WARN:oejh.HttpGenerator:Ignoring extra content null
2017-11-13 02:26:57.288:WARN:oejh.HttpGenerator:Ignoring extra content null
2017-11-13 02:26:58.854:WARN:oejh.HttpGenerator:Ignoring extra content null
2017-11-13 02:27:00.414:WARN:oejh.HttpGenerator:Ignoring extra content null
2017-11-13 02:27:01.961:WARN:oejh.HttpGenerator:Ignoring extra content null
2017-11-13 02:27:03.543:WARN:oejh.HttpGenerator:Ignoring extra content null
2017-11-13 02:27:05.129:WARN:oejh.HttpGenerator:Ignoring extra content null
2017-11-13 02:27:06.678:WARN:oejh.HttpGenerator:Ignoring extra content null
2017-11-13 02:27:08.238:WARN:oejh.HttpGenerator:Ignoring extra content null
2017-11-13 02:27:09.800:WARN:oejh.HttpGenerator:Ignoring extra content null
2017-11-13 02:27:11.419:WARN:oejh.HttpGenerator:Ignoring extra content null
2017-11-13 02:27:12.939:WARN:oejh.HttpGenerator:Ignoring extra content null
2017-11-13 02:27:14.518:WARN:oejh.HttpGenerator:Ignoring extra content null
2017-11-13 02:27:16.146:WARN:oejh.HttpGenerator:Ignoring extra content null
2017-11-13 02:27:17.660:WARN:oejh.HttpGenerator:Ignoring extra content null
2017-11-13 02:27:19.246:WARN:oejh.HttpGenerator:Ignoring extra content null
2017-11-13 02:27:20.784:WARN:oejh.HttpGenerator:Ignoring extra content null
2017-11-13 02:27:22.369:WARN:oejh.HttpGenerator:Ignoring extra content null
2017-11-13 02:27:23.922:WARN:oejh.HttpGenerator:Ignoring extra content null
2017-11-13 02:27:25.498:WARN:oejh.HttpGenerator:Ignoring extra content null
2017-11-13 02:27:27.065:WARN:oejh.HttpGenerator:Ignoring extra content null
2017-11-13 02:27:28.653:WARN:oejh.HttpGenerator:Ignoring extra content null
2017-11-13 02:27:30.229:WARN:oejh.HttpGenerator:Ignoring extra content null
2017-11-13 02:27:31.777:WARN:oejh.HttpGenerator:Ignoring extra content null
2017-11-13 02:27:33.383:WARN:oejh.HttpGenerator:Ignoring extra content null
2017-11-13 02:27:34.910:WARN:oejh.HttpGenerator:Ignoring extra content null
2017-11-13 02:27:36.469:WARN:oejh.HttpGenerator:Ignoring extra content null
2017-11-13 02:27:38.054:WARN:oejh.HttpGenerator:Ignoring extra content null
2017-11-13 02:27:39.602:WARN:oejh.HttpGenerator:Ignoring extra content null
2017-11-13 02:27:41.217:WARN:oejh.HttpGenerator:Ignoring extra content null
2017-11-13 02:27:42.750:WARN:oejh.HttpGenerator:Ignoring extra content null
2017-11-13 02:27:44.337:WARN:oejh.HttpGenerator:Ignoring extra content null
2017-11-13 02:27:45.950:WARN:oejh.HttpGenerator:Ignoring extra content null
2017-11-13 02:27:47.444:WARN:oejh.HttpGenerator:Ignoring extra content null
2017-11-13 02:27:49.033:WARN:oejh.HttpGenerator:Ignoring extra content null
2017-11-13 02:27:50.580:WARN:oejh.HttpGenerator:Ignoring extra content null
2017-11-13 02:27:52.171:WARN:oejh.HttpGenerator:Ignoring extra content null
2017-11-13 02:27:53.732:WARN:oejh.HttpGenerator:Ignoring extra content null
2017-11-13 02:27:55.322:WARN:oejh.HttpGenerator:Ignoring extra content null
2017-11-13 02:27:56.895:WARN:oejh.HttpGenerator:Ignoring extra content null
2017-11-13 02:27:58.444:WARN:oejh.HttpGenerator:Ignoring extra content null
2017-11-13 02:28:00.007:WARN:oejh.HttpGenerator:Ignoring extra content null
2017-11-13 02:28:01.588:WARN:oejh.HttpGenerator:Ignoring extra content null
2017-11-13 02:28:03.151:WARN:oejh.HttpGenerator:Ignoring extra content null
2017-11-13 02:28:04.724:WARN:oejh.HttpGenerator:Ignoring extra content null
2017-11-13 02:28:06.271:WARN:oejh.HttpGenerator:Ignoring extra content null
2017-11-13 02:28:07.832:WARN:oejh.HttpGenerator:Ignoring extra content null
2017-11-13 02:28:09.412:WARN:oejh.HttpGenerator:Ignoring extra content null
2017-11-13 02:28:10.997:WARN:oejh.HttpGenerator:Ignoring extra content null
2017-11-13 02:28:12.572:WARN:oejh.HttpGenerator:Ignoring extra content null
2017-11-13 02:28:14.125:WARN:oejh.HttpGenerator:Ignoring extra content null
2017-11-13 02:28:15.705:WARN:oejh.HttpGenerator:Ignoring extra content null
2017-11-13 02:28:17.263:WARN:oejh.HttpGenerator:Ignoring extra content null
2017-11-13 02:28:18.848:WARN:oejh.HttpGenerator:Ignoring extra content null
2017-11-13 02:28:20.390:WARN:oejh.HttpGenerator:Ignoring extra content null
2017-11-13 02:28:21.962:WARN:oejh.HttpGenerator:Ignoring extra content null
2017-11-13 02:28:23.547:WARN:oejh.HttpGenerator:Ignoring extra content null
2017-11-13 02:28:25.099:WARN:oejh.HttpGenerator:Ignoring extra content null
2017-11-13 02:28:26.673:WARN:oejh.HttpGenerator:Ignoring extra content null
2017-11-13 02:28:28.285:WARN:oejh.HttpGenerator:Ignoring extra content null
2017-11-13 02:28:29.805:WARN:oejh.HttpGenerator:Ignoring extra content null
2017-11-13 02:28:31.364:WARN:oejh.HttpGenerator:Ignoring extra content null
2017-11-13 02:28:32.978:WARN:oejh.HttpGenerator:Ignoring extra content null
2017-11-13 02:28:34.512:WARN:oejh.HttpGenerator:Ignoring extra content null
2017-11-13 02:28:36.082:WARN:oejh.HttpGenerator:Ignoring extra content null
2017-11-13 02:28:37.680:WARN:oejh.HttpGenerator:Ignoring extra content null
2017-11-13 02:28:39.234:WARN:oejh.HttpGenerator:Ignoring extra content null
2017-11-13 02:28:40.798:WARN:oejh.HttpGenerator:Ignoring extra content null
2017-11-13 02:28:42.386:WARN:oejh.HttpGenerator:Ignoring extra content null
2017-11-13 02:28:43.926:WARN:oejh.HttpGenerator:Ignoring extra content null
2017-11-13 02:28:45.495:WARN:oejh.HttpGenerator:Ignoring extra content null
2017-11-13 02:28:47.069:WARN:oejh.HttpGenerator:Ignoring extra content null
2017-11-13 02:28:48.656:WARN:oejh.HttpGenerator:Ignoring extra content null
2017-11-13 02:28:50.258:WARN:oejh.HttpGenerator:Ignoring extra content null
2017-11-13 02:28:51.776:WARN:oejh.HttpGenerator:Ignoring extra content null
2017-11-13 02:28:53.346:WARN:oejh.HttpGenerator:Ignoring extra content null
2017-11-13 02:28:54.953:WARN:oejh.HttpGenerator:Ignoring extra content null
2017-11-13 02:28:56.485:WARN:oejh.HttpGenerator:Ignoring extra content null
2017-11-13 02:28:58.032:WARN:oejh.HttpGenerator:Ignoring extra content null
2017-11-13 02:28:59.612:WARN:oejh.HttpGenerator:Ignoring extra content null
2017-11-13 02:29:01.215:WARN:oejh.HttpGenerator:Ignoring extra content null
2017-11-13 02:29:02.815:WARN:oejh.HttpGenerator:Ignoring extra content null
2017-11-13 02:29:04.316:WARN:oejh.HttpGenerator:Ignoring extra content null
2017-11-13 02:29:05.905:WARN:oejh.HttpGenerator:Ignoring extra content null
2017-11-13 02:29:07.733:WARN:oejh.HttpGenerator:Ignoring extra content null
2017-11-13 02:29:08.982:WARN:oejh.HttpGenerator:Ignoring extra content null
2017-11-13 02:29:10.561:WARN:oejh.HttpGenerator:Ignoring extra content null
2017-11-13 02:29:12.127:WARN:oejh.HttpGenerator:Ignoring extra content null
2017-11-13 02:29:13.712:WARN:oejh.HttpGenerator:Ignoring extra content null
2017-11-13 02:29:15.272:WARN:oejh.HttpGenerator:Ignoring extra content null
2017-11-13 02:29:16.842:WARN:oejh.HttpGenerator:Ignoring extra content null
2017-11-13 02:29:18.407:WARN:oejh.HttpGenerator:Ignoring extra content null
2017-11-13 02:29:19.977:WARN:oejh.HttpGenerator:Ignoring extra content null
2017-11-13 02:29:21.557:WARN:oejh.HttpGenerator:Ignoring extra content null
2017-11-13 02:29:23.121:WARN:oejh.HttpGenerator:Ignoring extra content null
2017-11-13 02:29:24.686:WARN:oejh.HttpGenerator:Ignoring extra content null
2017-11-13 02:29:26.262:WARN:oejh.HttpGenerator:Ignoring extra content null
2017-11-13 02:29:27.859:WARN:oejh.HttpGenerator:Ignoring extra content null
2017-11-13 02:29:29.411:WARN:oejh.HttpGenerator:Ignoring extra content null
2017-11-13 02:29:30.980:WARN:oejh.HttpGenerator:Ignoring extra content null
2017-11-13 02:29:32.545:WARN:oejh.HttpGenerator:Ignoring extra content null
2017-11-13 02:29:34.131:WARN:oejh.HttpGenerator:Ignoring extra content null
2017-11-13 02:29:35.700:WARN:oejh.HttpGenerator:Ignoring extra content null
2017-11-13 02:29:37.294:WARN:oejh.HttpGenerator:Ignoring extra content null
2017-11-13 02:29:38.898:WARN:oejh.HttpGenerator:Ignoring extra content null
2017-11-13 02:29:40.482:WARN:oejh.HttpGenerator:Ignoring extra content null
2017-11-13 02:29:42.069:WARN:oejh.HttpGenerator:Ignoring extra content null
2017-11-13 02:29:43.662:WARN:oejh.HttpGenerator:Ignoring extra content null
2017-11-13 02:29:45.348:WARN:oejh.HttpGenerator:Ignoring extra content null
2017-11-13 02:29:47.193:WARN:oejh.HttpGenerator:Ignoring extra content null
2017-11-13 02:45:21.443:WARN:oejh.HttpGenerator:Ignoring extra content null
2017-11-13 02:45:53.188:WARN:oejh.HttpGenerator:Ignoring extra content null
2017-11-13 02:46:02.261:WARN:oejh.HttpGenerator:Ignoring extra content null
2017-11-13 02:46:13.261:WARN:oejh.HttpGenerator:Ignoring extra content null
2017-11-13 02:46:25.155:WARN:oejh.HttpGenerator:Ignoring extra content null
2017-11-13 02:46:35.932:WARN:oejh.HttpGenerator:Ignoring extra content null
2017-11-13 03:30:48.492:WARN:oejh.HttpGenerator:Ignoring extra content null
2017-11-13 03:33:06.733:WARN:oejh.HttpGenerator:Ignoring extra content null
2017-11-13 04:03:31.627:WARN:oejh.HttpGenerator:Ignoring extra content null
2017-11-13 04:03:37.060:WARN:oejh.HttpGenerator:Ignoring extra content null
2017-11-13 04:03:42.524:WARN:oejh.HttpGenerator:Ignoring extra content null
2017-11-13 04:03:47.937:WARN:oejh.HttpGenerator:Ignoring extra content null
2017-11-13 04:19:09.257:WARN:oejh.HttpGenerator:Ignoring extra content null
2017-11-13 04:21:11.777:WARN:oejh.HttpGenerator:Ignoring extra content null
2017-11-13 04:21:21.406:WARN:oejh.HttpGenerator:Ignoring extra content null
2017-11-13 04:21:33.187:WARN:oejh.HttpGenerator:Ignoring extra content null
2017-11-13 04:21:45.100:WARN:oejh.HttpGenerator:Ignoring extra content null
2017-11-13 04:21:59.383:WARN:oejh.HttpGenerator:Ignoring extra content null
2017-11-13 04:22:12.854:WARN:oejh.HttpGenerator:Ignoring extra content null
2017-11-13 04:22:24.991:WARN:oejh.HttpGenerator:Ignoring extra content null
2017-11-13 04:22:37.792:WARN:oejh.HttpGenerator:Ignoring extra content null
2017-11-13 04:32:21.815:WARN:oejh.HttpGenerator:Ignoring extra content null
2017-11-13 04:32:23.321:WARN:oejh.HttpGenerator:Ignoring extra content null
2017-11-13 04:34:33.178:WARN:oejh.HttpGenerator:Ignoring extra content null
2017-11-13 04:34:39.001:WARN:oejh.HttpGenerator:Ignoring extra content null
2017-11-13 04:34:44.392:WARN:oejh.HttpGenerator:Ignoring extra content null
2017-11-13 04:34:49.947:WARN:oejh.HttpGenerator:Ignoring extra content null
2017-11-13 04:34:55.686:WARN:oejh.HttpGenerator:Ignoring extra content null
2017-11-13 04:35:01.683:WARN:oejh.HttpGenerator:Ignoring extra content null
2017-11-13 04:35:07.238:WARN:oejh.HttpGenerator:Ignoring extra content null
2017-11-13 04:48:53.886:WARN:oejh.HttpGenerator:Ignoring extra content null
2017-11-13 04:50:28.701:WARN:oejh.HttpGenerator:Ignoring extra content null
2017-11-13 04:50:34.170:WARN:oejh.HttpGenerator:Ignoring extra content null
2017-11-13 04:50:40.983:WARN:oejh.HttpGenerator:Ignoring extra content null
2017-11-13 05:06:39.269:WARN:oejh.HttpGenerator:Ignoring extra content null
2017-11-13 05:22:09.330:WARN:oejh.HttpGenerator:Ignoring extra content null
2017-11-13 05:22:14.947:WARN:oejh.HttpGenerator:Ignoring extra content null
2017-11-13 05:22:20.545:WARN:oejh.HttpGenerator:Ignoring extra content null
2017-11-13 05:51:05.604:WARN:oejh.HttpGenerator:Ignoring extra content null
2017-11-13 05:51:15.039:WARN:oejh.HttpGenerator:Ignoring extra content null
2017-11-13 05:51:22.812:WARN:oejh.HttpGenerator:Ignoring extra content null
2017-11-13 05:51:30.980:WARN:oejh.HttpGenerator:Ignoring extra content null
2017-11-13 06:04:40.894:WARN:oejh.HttpGenerator:Ignoring extra content null
2017-11-13 06:35:31.846:WARN:oejh.HttpGenerator:Ignoring extra content null
2017-11-13 06:40:01.948:WARN:oejh.HttpGenerator:Ignoring extra content null
2017-11-13 06:40:27.816:WARN:oejh.HttpGenerator:Ignoring extra content null
2017-11-13 06:50:49.979:WARN:oejh.HttpGenerator:Ignoring extra content null
2017-11-13 07:05:55.768:WARN:oejh.HttpGenerator:Ignoring extra content null
2017-11-13 07:20:27.796:WARN:oejh.HttpGenerator:Ignoring extra content null
2017-11-13 07:26:32.074:WARN:oejh.HttpGenerator:Ignoring extra content null
2017-11-13 07:26:55.492:WARN:oejh.HttpGenerator:Ignoring extra content null
2017-11-13 07:27:09.272:WARN:oejh.HttpGenerator:Ignoring extra content null
2017-11-13 07:27:22.681:WARN:oejh.HttpGenerator:Ignoring extra content null
2017-11-13 07:27:30.387:WARN:oejh.HttpGenerator:Ignoring extra content null
2017-11-13 07:27:36.204:WARN:oejh.HttpGenerator:Ignoring extra content null
2017-11-13 07:27:50.547:WARN:oejh.HttpGenerator:Ignoring extra content null
2017-11-13 07:43:22.703:WARN:oejh.HttpGenerator:Ignoring extra content null
2017-11-13 07:43:28.265:WARN:oejh.HttpGenerator:Ignoring extra content null
2017-11-13 07:43:33.922:WARN:oejh.HttpGenerator:Ignoring extra content null
2017-11-13 07:59:20.341:WARN:oejh.HttpGenerator:Ignoring extra content null
2017-11-13 07:59:25.947:WARN:oejh.HttpGenerator:Ignoring extra content null
2017-11-13 07:59:32.369:WARN:oejh.HttpGenerator:Ignoring extra content null
2017-11-13 07:59:38.397:WARN:oejh.HttpGenerator:Ignoring extra content null
2017-11-13 08:15:03.248:WARN:oejh.HttpGenerator:Ignoring extra content null
2017-11-13 08:15:09.022:WARN:oejh.HttpGenerator:Ignoring extra content null
2017-11-13 08:15:14.581:WARN:oejh.HttpGenerator:Ignoring extra content null
2017-11-13 08:31:24.633:WARN:oejh.HttpGenerator:Ignoring extra content null
2017-11-13 08:36:14.829:WARN:oejh.HttpGenerator:Ignoring extra content null
2017-11-13 09:00:19.949:WARN:oejh.HttpGenerator:Ignoring extra content null
2017-11-13 09:00:40.664:WARN:oejh.HttpGenerator:Ignoring extra content null
2017-11-13 09:00:53.561:WARN:oejh.HttpGenerator:Ignoring extra content null
2017-11-13 09:01:05.862:WARN:oejh.HttpGenerator:Ignoring extra content null
2017-11-13 09:01:17.369:WARN:oejh.HttpGenerator:Ignoring extra content null
2017-11-13 09:01:40.187:WARN:oejh.HttpGenerator:Ignoring extra content null
2017-11-13 09:01:51.130:WARN:oejh.HttpGenerator:Ignoring extra content null
2017-11-13 09:02:03.729:WARN:oejh.HttpGenerator:Ignoring extra content null
2017-11-13 09:31:29.103:WARN:oejh.HttpGenerator:Ignoring extra content null
2017-11-13 09:48:55.830:WARN:oejh.HttpGenerator:Ignoring extra content null
2017-11-13 09:52:01.862:WARN:oejh.HttpGenerator:Ignoring extra content null
2017-11-13 10:05:02.660:WARN:oejh.HttpGenerator:Ignoring extra content null
2017-11-13 10:05:08.007:WARN:oejh.HttpGenerator:Ignoring extra content null
2017-11-13 10:05:13.600:WARN:oejh.HttpGenerator:Ignoring extra content null
2017-11-13 10:05:18.993:WARN:oejh.HttpGenerator:Ignoring extra content null
2017-11-13 10:21:00.021:WARN:oejh.HttpGenerator:Ignoring extra content null
2017-11-13 10:33:55.523:WARN:oejh.HttpGenerator:Ignoring extra content null
2017-11-13 10:34:03.576:WARN:oejh.HttpGenerator:Ignoring extra content null
2017-11-13 10:34:12.209:WARN:oejh.HttpGenerator:Ignoring extra content null
2017-11-13 10:34:20.611:WARN:oejh.HttpGenerator:Ignoring extra content null
2017-11-13 10:34:29.477:WARN:oejh.HttpGenerator:Ignoring extra content null
2017-11-13 10:34:38.142:WARN:oejh.HttpGenerator:Ignoring extra content null
2017-11-13 10:34:46.776:WARN:oejh.HttpGenerator:Ignoring extra content null
2017-11-13 10:34:56.263:WARN:oejh.HttpGenerator:Ignoring extra content null
2017-11-13 10:36:57.077:WARN:oejh.HttpGenerator:Ignoring extra content null
2017-11-13 10:52:31.936:WARN:oejh.HttpGenerator:Ignoring extra content null
2017-11-13 10:52:37.757:WARN:oejh.HttpGenerator:Ignoring extra content null
2017-11-13 11:07:48.944:WARN:oejh.HttpGenerator:Ignoring extra content null
2017-11-13 11:55:33.107:WARN:oejh.HttpGenerator:Ignoring extra content null
2017-11-13 12:04:54.357:WARN:oejh.HttpGenerator:Ignoring extra content null
2017-11-13 12:09:06.463:WARN:oejh.HttpGenerator:Ignoring extra content null
2017-11-13 12:11:27.736:WARN:oejh.HttpGenerator:Ignoring extra content null
2017-11-13 12:12:29.418:WARN:oejh.HttpGenerator:Ignoring extra content null
2017-11-13 12:12:30.192:WARN:oejh.HttpGenerator:Ignoring extra content null
2017-11-13 12:12:47.380:WARN:oejh.HttpGenerator:Ignoring extra content null
2017-11-13 12:12:47.902:WARN:oejh.HttpGenerator:Ignoring extra content null
2017-11-13 12:12:48.132:WARN:oejh.HttpGenerator:Ignoring extra content null
2017-11-13 12:12:48.530:WARN:oejh.HttpGenerator:Ignoring extra content null
2017-11-13 12:12:49.012:WARN:oejh.HttpGenerator:Ignoring extra content null
2017-11-13 12:12:49.495:WARN:oejh.HttpGenerator:Ignoring extra content null
2017-11-13 12:12:50.039:WARN:oejh.HttpGenerator:Ignoring extra content null
2017-11-13 12:12:52.474:WARN:oejh.HttpGenerator:Ignoring extra content null
2017-11-13 12:12:55.120:WARN:oejh.HttpGenerator:Ignoring extra content null
2017-11-13 12:12:57.674:WARN:oejh.HttpGenerator:Ignoring extra content null
2017-11-13 12:13:00.342:WARN:oejh.HttpGenerator:Ignoring extra content null
2017-11-13 12:13:03.033:WARN:oejh.HttpGenerator:Ignoring extra content null
2017-11-13 12:13:07.201:WARN:oejh.HttpGenerator:Ignoring extra content null
2017-11-13 12:13:12.632:WARN:oejh.HttpGenerator:Ignoring extra content null
2017-11-13 12:13:17.993:WARN:oejh.HttpGenerator:Ignoring extra content null
2017-11-13 12:13:23.315:WARN:oejh.HttpGenerator:Ignoring extra content null
2017-11-13 12:13:28.675:WARN:oejh.HttpGenerator:Ignoring extra content null
2017-11-13 12:13:34.075:WARN:oejh.HttpGenerator:Ignoring extra content null
2017-11-13 12:13:39.459:WARN:oejh.HttpGenerator:Ignoring extra content null
2017-11-13 12:13:44.797:WARN:oejh.HttpGenerator:Ignoring extra content null
2017-11-13 12:13:50.173:WARN:oejh.HttpGenerator:Ignoring extra content null
2017-11-13 12:13:55.514:WARN:oejh.HttpGenerator:Ignoring extra content null
2017-11-13 12:14:01.088:WARN:oejh.HttpGenerator:Ignoring extra content null
2017-11-13 12:14:06.276:WARN:oejh.HttpGenerator:Ignoring extra content null
2017-11-13 12:14:11.660:WARN:oejh.HttpGenerator:Ignoring extra content null
2017-11-13 12:14:17.104:WARN:oejh.HttpGenerator:Ignoring extra content null
2017-11-13 12:14:22.504:WARN:oejh.HttpGenerator:Ignoring extra content null
2017-11-13 12:14:27.905:WARN:oejh.HttpGenerator:Ignoring extra content null
2017-11-13 12:14:33.370:WARN:oejh.HttpGenerator:Ignoring extra content null
2017-11-13 12:14:38.916:WARN:oejh.HttpGenerator:Ignoring extra content null
2017-11-13 12:14:44.671:WARN:oejh.HttpGenerator:Ignoring extra content null
2017-11-13 12:18:15.350:WARN:oejh.HttpGenerator:Ignoring extra content null
2017-11-13 12:18:30.740:WARN:oejh.HttpGenerator:Ignoring extra content null
2017-11-13 12:18:50.244:WARN:oejh.HttpGenerator:Ignoring extra content null
2017-11-13 12:19:20.068:WARN:oejh.HttpGenerator:Ignoring extra content null
2017-11-13 12:23:35.711:WARN:oejh.HttpGenerator:Ignoring extra content null
2017-11-13 12:34:53.658:WARN:oejh.HttpGenerator:Ignoring extra content null
2017-11-13 12:56:56.096:WARN:oejs.AbstractHttpConnection:/
java.lang.NullPointerException
	at clojure.lang.Reflector.invokeNoArgInstanceMember(Reflector.java:301)
	at clojure.core$eval338693$fn__338694.invoke(NO_SOURCE_FILE:0)
	at clojure.core$eval338688$fn__338689.invoke(NO_SOURCE_FILE:0)
	at Jet.handle(Jet.java:20)
	at org.eclipse.jetty.server.handler.HandlerWrapper.handle(HandlerWrapper.java:116)
	at org.eclipse.jetty.server.Server.handle(Server.java:368)
	at org.eclipse.jetty.server.AbstractHttpConnection.handleRequest(AbstractHttpConnection.java:488)
	at org.eclipse.jetty.server.BlockingHttpConnection.handleRequest(BlockingHttpConnection.java:53)
	at org.eclipse.jetty.server.AbstractHttpConnection.headerComplete(AbstractHttpConnection.java:932)
	at org.eclipse.jetty.server.AbstractHttpConnection$RequestHandler.headerComplete(AbstractHttpConnection.java:994)
	at org.eclipse.jetty.http.HttpParser.parseNext(HttpParser.java:640)
	at org.eclipse.jetty.http.HttpParser.parseAvailable(HttpParser.java:235)
	at org.eclipse.jetty.server.BlockingHttpConnection.handle(BlockingHttpConnection.java:72)
	at org.eclipse.jetty.server.bio.SocketConnector$ConnectorEndPoint.run(SocketConnector.java:264)
	at org.eclipse.jetty.server.ssl.SslSocketConnector$SslConnectorEndPoint.run(SslSocketConnector.java:670)
	at org.eclipse.jetty.util.thread.QueuedThreadPool.runJob(QueuedThreadPool.java:608)
	at org.eclipse.jetty.util.thread.QueuedThreadPool$3.run(QueuedThreadPool.java:543)
	at java.lang.Thread.run(Thread.java:745)
2017-11-13 13:08:03.593:WARN:oejh.HttpGenerator:Ignoring extra content null
2017-11-13 13:08:10.036:WARN:oejh.HttpGenerator:Ignoring extra content null
2017-11-13 13:08:13.665:WARN:oejh.HttpGenerator:Ignoring extra content null
2017-11-13 13:39:30.966:WARN:oejh.HttpGenerator:Ignoring extra content null
2017-11-13 13:40:01.686:WARN:oejh.HttpGenerator:Ignoring extra content null
2017-11-13 13:40:05.075:WARN:oejh.HttpGenerator:Ignoring extra content null
2017-11-13 13:40:10.610:WARN:oejh.HttpGenerator:Ignoring extra content null
2017-11-13 13:40:16.061:WARN:oejh.HttpGenerator:Ignoring extra content null
2017-11-13 13:40:21.502:WARN:oejh.HttpGenerator:Ignoring extra content null
2017-11-13 13:40:27.532:WARN:oejh.HttpGenerator:Ignoring extra content null
2017-11-13 14:28:49.246:WARN:oejh.HttpGenerator:Ignoring extra content null
2017-11-13 14:55:10.171:WARN:oejh.HttpGenerator:Ignoring extra content null
2017-11-13 15:00:38.724:WARN:oejh.HttpGenerator:Ignoring extra content null
2017-11-13 15:00:44.867:WARN:oejh.HttpGenerator:Ignoring extra content null
2017-11-13 15:15:55.858:WARN:oejh.HttpGenerator:Ignoring extra content null
2017-11-13 15:16:01.225:WARN:oejh.HttpGenerator:Ignoring extra content null
2017-11-13 15:16:07.009:WARN:oejh.HttpGenerator:Ignoring extra content null
2017-11-13 15:51:05.103:WARN:oejh.HttpGenerator:Ignoring extra content null
2017-11-13 16:05:38.601:WARN:oejh.HttpGenerator:Ignoring extra content null
2017-11-13 16:05:56.574:WARN:oejh.HttpGenerator:Ignoring extra content null
2017-11-13 16:10:56.720:WARN:oejh.HttpGenerator:Ignoring extra content null
2017-11-13 16:11:10.072:WARN:oejh.HttpGenerator:Ignoring extra content null
2017-11-13 16:16:06.980:WARN:oejh.HttpGenerator:Ignoring extra content null
2017-11-13 16:20:50.046:WARN:oejh.HttpGenerator:Ignoring extra content null
2017-11-13 16:24:18.060:WARN:oejh.HttpGenerator:Ignoring extra content null
2017-11-13 16:26:25.127:WARN:oejh.HttpGenerator:Ignoring extra content null
2017-11-13 16:27:01.889:WARN:oejh.HttpGenerator:Ignoring extra content null
2017-11-13 16:33:32.021:WARN:oejh.HttpGenerator:Ignoring extra content null
2017-11-13 16:40:55.547:WARN:oejh.HttpGenerator:Ignoring extra content null
2017-11-13 16:40:56.544:WARN:oejh.HttpGenerator:Ignoring extra content null
2017-11-13 16:47:18.637:WARN:oejh.HttpGenerator:Ignoring extra content null
2017-11-13 16:53:10.789:WARN:oejh.HttpGenerator:Ignoring extra content null
2017-11-13 16:53:16.747:WARN:oejh.HttpGenerator:Ignoring extra content null
2017-11-13 16:53:20.206:WARN:oejh.HttpGenerator:Ignoring extra content null
2017-11-13 16:53:23.692:WARN:oejh.HttpGenerator:Ignoring extra content null
2017-11-13 16:53:27.025:WARN:oejh.HttpGenerator:Ignoring extra content null
2017-11-13 16:53:30.504:WARN:oejh.HttpGenerator:Ignoring extra content null
2017-11-13 16:53:34.157:WARN:oejh.HttpGenerator:Ignoring extra content null
2017-11-13 16:53:37.646:WARN:oejh.HttpGenerator:Ignoring extra content null
2017-11-13 16:53:41.594:WARN:oejh.HttpGenerator:Ignoring extra content null
2017-11-13 16:53:45.053:WARN:oejh.HttpGenerator:Ignoring extra content null
2017-11-13 16:53:48.689:WARN:oejh.HttpGenerator:Ignoring extra content null
2017-11-13 16:53:52.334:WARN:oejh.HttpGenerator:Ignoring extra content null
2017-11-13 16:53:56.128:WARN:oejh.HttpGenerator:Ignoring extra content null
2017-11-13 16:53:59.582:WARN:oejh.HttpGenerator:Ignoring extra content null
2017-11-13 16:54:03.247:WARN:oejh.HttpGenerator:Ignoring extra content null
2017-11-13 16:54:06.922:WARN:oejh.HttpGenerator:Ignoring extra content null
2017-11-13 16:54:10.415:WARN:oejh.HttpGenerator:Ignoring extra content null
2017-11-13 16:54:13.928:WARN:oejh.HttpGenerator:Ignoring extra content null
2017-11-13 16:56:12.740:WARN:oejh.HttpGenerator:Ignoring extra content null
2017-11-13 17:01:04.216:WARN:oejh.HttpGenerator:Ignoring extra content null
2017-11-13 17:01:13.273:WARN:oejh.HttpGenerator:Ignoring extra content null
