2017-12-18 06:51:36.772:INFO:oejs.Server:jetty-8.1.9.v20130131
2017-12-18 06:51:36.907:INFO:oejs.AbstractConnector:Started SelectChannelConnector@0.0.0.0:80
2017-12-18 06:51:37.139:INFO:oejus.SslContextFactory:Enabled Protocols [SSLv2Hello, TLSv1, TLSv1.1, TLSv1.2] of [SSLv2Hello, SSLv3, TLSv1, TLSv1.1, TLSv1.2]
2017-12-18 06:51:37.171:INFO:oejs.AbstractConnector:Started SslSocketConnector@0.0.0.0:443
2017-12-18 08:00:14.151:WARN:oejh.HttpGenerator:Ignoring extra content null
2017-12-18 10:05:40.334:WARN:oejh.HttpGenerator:Ignoring extra content null
2017-12-18 10:49:51.168:WARN:oejh.HttpGenerator:Ignoring extra content null
2017-12-18 11:52:30.373:WARN:oejh.HttpGenerator:Ignoring extra content null
2017-12-18 12:40:39.957:WARN:oejh.HttpGenerator:Ignoring extra content null
2017-12-18 12:42:37.067:WARN:oejh.HttpGenerator:Ignoring extra content null
2017-12-18 12:45:09.853:WARN:oejh.HttpGenerator:Ignoring extra content null
2017-12-18 13:30:27.247:WARN:oejs.AbstractHttpConnection:/
java.lang.NullPointerException
	at clojure.lang.Reflector.invokeNoArgInstanceMember(Reflector.java:301)
	at clojure.core$eval10221$fn__10222.invoke(NO_SOURCE_FILE:0)
	at clojure.core$eval10216$fn__10217.invoke(NO_SOURCE_FILE:0)
	at Jet.handle(Jet.java:20)
	at org.eclipse.jetty.server.handler.HandlerWrapper.handle(HandlerWrapper.java:116)
	at org.eclipse.jetty.server.Server.handle(Server.java:368)
	at org.eclipse.jetty.server.AbstractHttpConnection.handleRequest(AbstractHttpConnection.java:488)
	at org.eclipse.jetty.server.BlockingHttpConnection.handleRequest(BlockingHttpConnection.java:53)
	at org.eclipse.jetty.server.AbstractHttpConnection.headerComplete(AbstractHttpConnection.java:932)
	at org.eclipse.jetty.server.AbstractHttpConnection$RequestHandler.headerComplete(AbstractHttpConnection.java:994)
	at org.eclipse.jetty.http.HttpParser.parseNext(HttpParser.java:640)
	at org.eclipse.jetty.http.HttpParser.parseAvailable(HttpParser.java:235)
	at org.eclipse.jetty.server.BlockingHttpConnection.handle(BlockingHttpConnection.java:72)
	at org.eclipse.jetty.server.bio.SocketConnector$ConnectorEndPoint.run(SocketConnector.java:264)
	at org.eclipse.jetty.server.ssl.SslSocketConnector$SslConnectorEndPoint.run(SslSocketConnector.java:670)
	at org.eclipse.jetty.util.thread.QueuedThreadPool.runJob(QueuedThreadPool.java:608)
	at org.eclipse.jetty.util.thread.QueuedThreadPool$3.run(QueuedThreadPool.java:543)
	at java.lang.Thread.run(Thread.java:745)
2017-12-18 13:58:35.357:WARN:oejh.HttpGenerator:Ignoring extra content null
2017-12-18 14:58:12.047:WARN:oejs.AbstractHttpConnection:/
java.lang.NullPointerException
	at clojure.lang.Reflector.invokeNoArgInstanceMember(Reflector.java:301)
	at clojure.core$eval13099$fn__13100.invoke(NO_SOURCE_FILE:0)
	at clojure.core$eval13094$fn__13095.invoke(NO_SOURCE_FILE:0)
	at Jet.handle(Jet.java:20)
	at org.eclipse.jetty.server.handler.HandlerWrapper.handle(HandlerWrapper.java:116)
	at org.eclipse.jetty.server.Server.handle(Server.java:368)
	at org.eclipse.jetty.server.AbstractHttpConnection.handleRequest(AbstractHttpConnection.java:488)
	at org.eclipse.jetty.server.AbstractHttpConnection.headerComplete(AbstractHttpConnection.java:932)
	at org.eclipse.jetty.server.AbstractHttpConnection$RequestHandler.headerComplete(AbstractHttpConnection.java:994)
	at org.eclipse.jetty.http.HttpParser.parseNext(HttpParser.java:640)
	at org.eclipse.jetty.http.HttpParser.parseAvailable(HttpParser.java:235)
	at org.eclipse.jetty.server.AsyncHttpConnection.handle(AsyncHttpConnection.java:82)
	at org.eclipse.jetty.io.nio.SelectChannelEndPoint.handle(SelectChannelEndPoint.java:628)
	at org.eclipse.jetty.io.nio.SelectChannelEndPoint$1.run(SelectChannelEndPoint.java:52)
	at org.eclipse.jetty.util.thread.QueuedThreadPool.runJob(QueuedThreadPool.java:608)
	at org.eclipse.jetty.util.thread.QueuedThreadPool$3.run(QueuedThreadPool.java:543)
	at java.lang.Thread.run(Thread.java:745)
2017-12-18 15:39:35.330:WARN:oejh.HttpGenerator:Ignoring extra content null
2017-12-18 16:02:13.372:WARN:oejh.HttpGenerator:Ignoring extra content null
2017-12-18 16:02:23.553:WARN:oejh.HttpGenerator:Ignoring extra content null
2017-12-18 16:02:33.431:WARN:oejh.HttpGenerator:Ignoring extra content null
2017-12-18 16:02:58.466:WARN:oejh.HttpGenerator:Ignoring extra content null
2017-12-18 16:03:11.372:WARN:oejh.HttpGenerator:Ignoring extra content null
2017-12-18 16:03:23.962:WARN:oejh.HttpGenerator:Ignoring extra content null
2017-12-18 16:03:37.406:WARN:oejh.HttpGenerator:Ignoring extra content null
2017-12-18 16:03:51.601:WARN:oejh.HttpGenerator:Ignoring extra content null
2017-12-18 16:04:06.621:WARN:oejh.HttpGenerator:Ignoring extra content null
2017-12-18 16:04:24.060:WARN:oejh.HttpGenerator:Ignoring extra content null
2017-12-18 16:04:59.619:WARN:oejh.HttpGenerator:Ignoring extra content null
2017-12-18 16:05:20.029:WARN:oejh.HttpGenerator:Ignoring extra content null
2017-12-18 16:05:42.399:WARN:oejh.HttpGenerator:Ignoring extra content null
2017-12-18 16:06:05.270:WARN:oejh.HttpGenerator:Ignoring extra content null
2017-12-18 16:06:30.916:WARN:oejh.HttpGenerator:Ignoring extra content null
2017-12-18 16:06:58.530:WARN:oejh.HttpGenerator:Ignoring extra content null
2017-12-18 16:07:31.422:WARN:oejh.HttpGenerator:Ignoring extra content null
2017-12-18 16:08:10.121:WARN:oejh.HttpGenerator:Ignoring extra content null
2017-12-18 16:09:25.749:WARN:oejh.HttpGenerator:Ignoring extra content null
2017-12-18 16:09:53.714:WARN:oejh.HttpGenerator:Ignoring extra content null
2017-12-18 16:10:14.063:WARN:oejh.HttpGenerator:Ignoring extra content null
2017-12-18 16:10:32.118:WARN:oejh.HttpGenerator:Ignoring extra content null
2017-12-18 16:10:46.752:WARN:oejh.HttpGenerator:Ignoring extra content null
2017-12-18 16:11:01.260:WARN:oejh.HttpGenerator:Ignoring extra content null
2017-12-18 16:43:36.643:WARN:oejs.AbstractHttpConnection:/
java.lang.NullPointerException
	at clojure.lang.Reflector.invokeNoArgInstanceMember(Reflector.java:301)
	at clojure.core$eval22648$fn__22649.invoke(NO_SOURCE_FILE:0)
	at clojure.core$eval22643$fn__22644.invoke(NO_SOURCE_FILE:0)
	at Jet.handle(Jet.java:20)
	at org.eclipse.jetty.server.handler.HandlerWrapper.handle(HandlerWrapper.java:116)
	at org.eclipse.jetty.server.Server.handle(Server.java:368)
	at org.eclipse.jetty.server.AbstractHttpConnection.handleRequest(AbstractHttpConnection.java:488)
	at org.eclipse.jetty.server.AbstractHttpConnection.headerComplete(AbstractHttpConnection.java:932)
	at org.eclipse.jetty.server.AbstractHttpConnection$RequestHandler.headerComplete(AbstractHttpConnection.java:994)
	at org.eclipse.jetty.http.HttpParser.parseNext(HttpParser.java:640)
	at org.eclipse.jetty.http.HttpParser.parseAvailable(HttpParser.java:235)
	at org.eclipse.jetty.server.AsyncHttpConnection.handle(AsyncHttpConnection.java:82)
	at org.eclipse.jetty.io.nio.SelectChannelEndPoint.handle(SelectChannelEndPoint.java:628)
	at org.eclipse.jetty.io.nio.SelectChannelEndPoint$1.run(SelectChannelEndPoint.java:52)
	at org.eclipse.jetty.util.thread.QueuedThreadPool.runJob(QueuedThreadPool.java:608)
	at org.eclipse.jetty.util.thread.QueuedThreadPool$3.run(QueuedThreadPool.java:543)
	at java.lang.Thread.run(Thread.java:745)
2017-12-18 17:45:42.305:WARN:oejh.HttpGenerator:Ignoring extra content null
2017-12-18 17:46:46.140:WARN:oejh.HttpGenerator:Ignoring extra content null
2017-12-18 17:49:22.966:WARN:oejh.HttpGenerator:Ignoring extra content null
2017-12-18 17:49:42.905:WARN:oejh.HttpGenerator:Ignoring extra content null
2017-12-18 17:49:54.198:WARN:oejh.HttpGenerator:Ignoring extra content null
2017-12-18 17:50:04.475:WARN:oejh.HttpGenerator:Ignoring extra content null
2017-12-18 17:50:16.914:WARN:oejh.HttpGenerator:Ignoring extra content null
2017-12-18 17:50:29.207:WARN:oejh.HttpGenerator:Ignoring extra content null
2017-12-18 17:50:42.066:WARN:oejh.HttpGenerator:Ignoring extra content null
2017-12-18 18:01:16.813:WARN:oejh.HttpGenerator:Ignoring extra content null
2017-12-18 18:04:36.900:WARN:oejh.HttpGenerator:Ignoring extra content null
2017-12-18 18:09:23.493:WARN:oejh.HttpGenerator:Ignoring extra content null
2017-12-18 18:29:28.545:WARN:oejs.AbstractHttpConnection:/muieblackcat
java.lang.NullPointerException
	at clojure.lang.Reflector.invokeNoArgInstanceMember(Reflector.java:301)
	at clojure.core$eval29293$fn__29294.invoke(NO_SOURCE_FILE:0)
	at clojure.core$eval29288$fn__29289.invoke(NO_SOURCE_FILE:0)
	at Jet.handle(Jet.java:20)
	at org.eclipse.jetty.server.handler.HandlerWrapper.handle(HandlerWrapper.java:116)
	at org.eclipse.jetty.server.Server.handle(Server.java:368)
	at org.eclipse.jetty.server.AbstractHttpConnection.handleRequest(AbstractHttpConnection.java:488)
	at org.eclipse.jetty.server.AbstractHttpConnection.headerComplete(AbstractHttpConnection.java:932)
	at org.eclipse.jetty.server.AbstractHttpConnection$RequestHandler.headerComplete(AbstractHttpConnection.java:994)
	at org.eclipse.jetty.http.HttpParser.parseNext(HttpParser.java:640)
	at org.eclipse.jetty.http.HttpParser.parseAvailable(HttpParser.java:235)
	at org.eclipse.jetty.server.AsyncHttpConnection.handle(AsyncHttpConnection.java:82)
	at org.eclipse.jetty.io.nio.SelectChannelEndPoint.handle(SelectChannelEndPoint.java:628)
	at org.eclipse.jetty.io.nio.SelectChannelEndPoint$1.run(SelectChannelEndPoint.java:52)
	at org.eclipse.jetty.util.thread.QueuedThreadPool.runJob(QueuedThreadPool.java:608)
	at org.eclipse.jetty.util.thread.QueuedThreadPool$3.run(QueuedThreadPool.java:543)
	at java.lang.Thread.run(Thread.java:745)
2017-12-18 18:29:28.822:WARN:oejs.AbstractHttpConnection://pma/scripts/setup.php
java.lang.NullPointerException
	at clojure.lang.Reflector.invokeNoArgInstanceMember(Reflector.java:301)
	at clojure.core$eval29522$fn__29523.invoke(NO_SOURCE_FILE:0)
	at clojure.core$eval29517$fn__29518.invoke(NO_SOURCE_FILE:0)
	at Jet.handle(Jet.java:20)
	at org.eclipse.jetty.server.handler.HandlerWrapper.handle(HandlerWrapper.java:116)
	at org.eclipse.jetty.server.Server.handle(Server.java:368)
	at org.eclipse.jetty.server.AbstractHttpConnection.handleRequest(AbstractHttpConnection.java:488)
	at org.eclipse.jetty.server.AbstractHttpConnection.headerComplete(AbstractHttpConnection.java:932)
	at org.eclipse.jetty.server.AbstractHttpConnection$RequestHandler.headerComplete(AbstractHttpConnection.java:994)
	at org.eclipse.jetty.http.HttpParser.parseNext(HttpParser.java:640)
	at org.eclipse.jetty.http.HttpParser.parseAvailable(HttpParser.java:235)
	at org.eclipse.jetty.server.AsyncHttpConnection.handle(AsyncHttpConnection.java:82)
	at org.eclipse.jetty.io.nio.SelectChannelEndPoint.handle(SelectChannelEndPoint.java:628)
	at org.eclipse.jetty.io.nio.SelectChannelEndPoint$1.run(SelectChannelEndPoint.java:52)
	at org.eclipse.jetty.util.thread.QueuedThreadPool.runJob(QueuedThreadPool.java:608)
	at org.eclipse.jetty.util.thread.QueuedThreadPool$3.run(QueuedThreadPool.java:543)
	at java.lang.Thread.run(Thread.java:745)
2017-12-18 18:29:29.076:WARN:oejs.AbstractHttpConnection://phpmyadmin/scripts/setup.php
java.lang.NullPointerException
	at clojure.lang.Reflector.invokeNoArgInstanceMember(Reflector.java:301)
	at clojure.core$eval29751$fn__29752.invoke(NO_SOURCE_FILE:0)
	at clojure.core$eval29746$fn__29747.invoke(NO_SOURCE_FILE:0)
	at Jet.handle(Jet.java:20)
	at org.eclipse.jetty.server.handler.HandlerWrapper.handle(HandlerWrapper.java:116)
	at org.eclipse.jetty.server.Server.handle(Server.java:368)
	at org.eclipse.jetty.server.AbstractHttpConnection.handleRequest(AbstractHttpConnection.java:488)
	at org.eclipse.jetty.server.AbstractHttpConnection.headerComplete(AbstractHttpConnection.java:932)
	at org.eclipse.jetty.server.AbstractHttpConnection$RequestHandler.headerComplete(AbstractHttpConnection.java:994)
	at org.eclipse.jetty.http.HttpParser.parseNext(HttpParser.java:640)
	at org.eclipse.jetty.http.HttpParser.parseAvailable(HttpParser.java:235)
	at org.eclipse.jetty.server.AsyncHttpConnection.handle(AsyncHttpConnection.java:82)
	at org.eclipse.jetty.io.nio.SelectChannelEndPoint.handle(SelectChannelEndPoint.java:628)
	at org.eclipse.jetty.io.nio.SelectChannelEndPoint$1.run(SelectChannelEndPoint.java:52)
	at org.eclipse.jetty.util.thread.QueuedThreadPool.runJob(QueuedThreadPool.java:608)
	at org.eclipse.jetty.util.thread.QueuedThreadPool$3.run(QueuedThreadPool.java:543)
	at java.lang.Thread.run(Thread.java:745)
2017-12-18 19:43:27.822:WARN:oejh.HttpGenerator:Ignoring extra content null
2017-12-18 19:51:20.905:WARN:oejh.HttpGenerator:Ignoring extra content null
2017-12-18 19:51:28.407:WARN:oejh.HttpGenerator:Ignoring extra content null
2017-12-18 19:54:01.696:WARN:oejh.HttpGenerator:Ignoring extra content null
2017-12-18 20:18:07.035:WARN:oejh.HttpGenerator:Ignoring extra content null
2017-12-18 20:18:21.712:WARN:oejh.HttpGenerator:Ignoring extra content null
2017-12-18 21:38:48.332:WARN:oejh.HttpGenerator:Ignoring extra content null
2017-12-18 21:54:36.161:WARN:oejh.HttpGenerator:Ignoring extra content null
2017-12-18 22:01:31.764:WARN:oejh.HttpGenerator:Ignoring extra content null
2017-12-18 22:06:14.057:WARN:oejh.HttpGenerator:Ignoring extra content null
2017-12-18 22:09:29.174:WARN:oejh.HttpGenerator:Ignoring extra content null
2017-12-18 22:11:09.531:WARN:oejh.HttpGenerator:Ignoring extra content null
2017-12-18 22:11:18.346:WARN:oejh.HttpGenerator:Ignoring extra content null
2017-12-18 22:30:19.744:WARN:oejh.HttpGenerator:Ignoring extra content null
2017-12-18 22:32:50.074:WARN:oejs.AbstractHttpConnection:/tap
java.io.FileNotFoundException: mm3 (No such file or directory)
	at java.io.FileInputStream.open0(Native Method)
	at java.io.FileInputStream.open(FileInputStream.java:195)
	at java.io.FileInputStream.<init>(FileInputStream.java:138)
	at clojure.java.io$fn__9520.invokeStatic(io.clj:229)
	at clojure.java.io$fn__9520.invoke(io.clj:229)
	at clojure.java.io$fn__9433$G__9426__9440.invoke(io.clj:69)
	at clojure.java.io$fn__9532.invokeStatic(io.clj:258)
	at clojure.java.io$fn__9532.invoke(io.clj:254)
	at clojure.java.io$fn__9433$G__9426__9440.invoke(io.clj:69)
	at clojure.java.io$fn__9494.invokeStatic(io.clj:165)
	at clojure.java.io$fn__9494.invoke(io.clj:165)
	at clojure.java.io$fn__9446$G__9422__9453.invoke(io.clj:69)
	at clojure.java.io$reader.invokeStatic(io.clj:102)
	at clojure.java.io$reader.doInvoke(io.clj:86)
	at clojure.lang.RestFn.invoke(RestFn.java:410)
	at clojure.lang.AFn.applyToHelper(AFn.java:154)
	at clojure.lang.RestFn.applyTo(RestFn.java:132)
	at clojure.core$apply.invokeStatic(core.clj:648)
	at clojure.core$slurp.invokeStatic(core.clj:6657)
	at clojure.core$slurp.doInvoke(core.clj:6657)
	at clojure.lang.RestFn.invoke(RestFn.java:410)
	at clojure.core$eval37670$fn__37671$fn__37848.invoke(NO_SOURCE_FILE:0)
	at clojure.core$eval37670$fn__37671.invoke(NO_SOURCE_FILE:0)
	at clojure.core$eval37656$fn__37657.invoke(NO_SOURCE_FILE:0)
	at clojure.core$eval37651$fn__37652.invoke(NO_SOURCE_FILE:0)
	at Jet.handle(Jet.java:20)
	at org.eclipse.jetty.server.handler.HandlerWrapper.handle(HandlerWrapper.java:116)
	at org.eclipse.jetty.server.Server.handle(Server.java:368)
	at org.eclipse.jetty.server.AbstractHttpConnection.handleRequest(AbstractHttpConnection.java:488)
	at org.eclipse.jetty.server.BlockingHttpConnection.handleRequest(BlockingHttpConnection.java:53)
	at org.eclipse.jetty.server.AbstractHttpConnection.headerComplete(AbstractHttpConnection.java:932)
	at org.eclipse.jetty.server.AbstractHttpConnection$RequestHandler.headerComplete(AbstractHttpConnection.java:994)
	at org.eclipse.jetty.http.HttpParser.parseNext(HttpParser.java:640)
	at org.eclipse.jetty.http.HttpParser.parseAvailable(HttpParser.java:235)
	at org.eclipse.jetty.server.BlockingHttpConnection.handle(BlockingHttpConnection.java:72)
	at org.eclipse.jetty.server.bio.SocketConnector$ConnectorEndPoint.run(SocketConnector.java:264)
	at org.eclipse.jetty.server.ssl.SslSocketConnector$SslConnectorEndPoint.run(SslSocketConnector.java:670)
	at org.eclipse.jetty.util.thread.QueuedThreadPool.runJob(QueuedThreadPool.java:608)
	at org.eclipse.jetty.util.thread.QueuedThreadPool$3.run(QueuedThreadPool.java:543)
	at java.lang.Thread.run(Thread.java:745)
2017-12-18 22:34:46.056:WARN:oejs.AbstractHttpConnection:/tap
java.io.FileNotFoundException: mm3 (No such file or directory)
	at java.io.FileInputStream.open0(Native Method)
	at java.io.FileInputStream.open(FileInputStream.java:195)
	at java.io.FileInputStream.<init>(FileInputStream.java:138)
	at clojure.java.io$fn__9520.invokeStatic(io.clj:229)
	at clojure.java.io$fn__9520.invoke(io.clj:229)
	at clojure.java.io$fn__9433$G__9426__9440.invoke(io.clj:69)
	at clojure.java.io$fn__9532.invokeStatic(io.clj:258)
	at clojure.java.io$fn__9532.invoke(io.clj:254)
	at clojure.java.io$fn__9433$G__9426__9440.invoke(io.clj:69)
	at clojure.java.io$fn__9494.invokeStatic(io.clj:165)
	at clojure.java.io$fn__9494.invoke(io.clj:165)
	at clojure.java.io$fn__9446$G__9422__9453.invoke(io.clj:69)
	at clojure.java.io$reader.invokeStatic(io.clj:102)
	at clojure.java.io$reader.doInvoke(io.clj:86)
	at clojure.lang.RestFn.invoke(RestFn.java:410)
	at clojure.lang.AFn.applyToHelper(AFn.java:154)
	at clojure.lang.RestFn.applyTo(RestFn.java:132)
	at clojure.core$apply.invokeStatic(core.clj:648)
	at clojure.core$slurp.invokeStatic(core.clj:6657)
	at clojure.core$slurp.doInvoke(core.clj:6657)
	at clojure.lang.RestFn.invoke(RestFn.java:410)
	at clojure.core$eval38146$fn__38147$fn__38324.invoke(NO_SOURCE_FILE:0)
	at clojure.core$eval38146$fn__38147.invoke(NO_SOURCE_FILE:0)
	at clojure.core$eval38132$fn__38133.invoke(NO_SOURCE_FILE:0)
	at clojure.core$eval38127$fn__38128.invoke(NO_SOURCE_FILE:0)
	at Jet.handle(Jet.java:20)
	at org.eclipse.jetty.server.handler.HandlerWrapper.handle(HandlerWrapper.java:116)
	at org.eclipse.jetty.server.Server.handle(Server.java:368)
	at org.eclipse.jetty.server.AbstractHttpConnection.handleRequest(AbstractHttpConnection.java:488)
	at org.eclipse.jetty.server.BlockingHttpConnection.handleRequest(BlockingHttpConnection.java:53)
	at org.eclipse.jetty.server.AbstractHttpConnection.headerComplete(AbstractHttpConnection.java:932)
	at org.eclipse.jetty.server.AbstractHttpConnection$RequestHandler.headerComplete(AbstractHttpConnection.java:994)
	at org.eclipse.jetty.http.HttpParser.parseNext(HttpParser.java:640)
	at org.eclipse.jetty.http.HttpParser.parseAvailable(HttpParser.java:235)
	at org.eclipse.jetty.server.BlockingHttpConnection.handle(BlockingHttpConnection.java:72)
	at org.eclipse.jetty.server.bio.SocketConnector$ConnectorEndPoint.run(SocketConnector.java:264)
	at org.eclipse.jetty.server.ssl.SslSocketConnector$SslConnectorEndPoint.run(SslSocketConnector.java:670)
	at org.eclipse.jetty.util.thread.QueuedThreadPool.runJob(QueuedThreadPool.java:608)
	at org.eclipse.jetty.util.thread.QueuedThreadPool$3.run(QueuedThreadPool.java:543)
	at java.lang.Thread.run(Thread.java:745)
2017-12-18 23:18:27.519:WARN:oejh.HttpGenerator:Ignoring extra content null
2017-12-18 23:18:33.877:WARN:oejh.HttpGenerator:Ignoring extra content null
2017-12-18 23:18:40.052:WARN:oejh.HttpGenerator:Ignoring extra content null
2017-12-18 23:47:09.052:WARN:oejh.HttpGenerator:Ignoring extra content null
2017-12-18 23:47:09.220:WARN:oejh.HttpGenerator:Ignoring extra content null
2017-12-19 00:03:53.012:WARN:oejh.HttpGenerator:Ignoring extra content null
2017-12-19 02:15:26.306:WARN:oejs.AbstractHttpConnection:/
java.lang.NullPointerException
	at clojure.lang.Reflector.invokeNoArgInstanceMember(Reflector.java:301)
	at clojure.core$eval61553$fn__61554.invoke(NO_SOURCE_FILE:0)
	at clojure.core$eval61548$fn__61549.invoke(NO_SOURCE_FILE:0)
	at Jet.handle(Jet.java:20)
	at org.eclipse.jetty.server.handler.HandlerWrapper.handle(HandlerWrapper.java:116)
	at org.eclipse.jetty.server.Server.handle(Server.java:368)
	at org.eclipse.jetty.server.AbstractHttpConnection.handleRequest(AbstractHttpConnection.java:488)
	at org.eclipse.jetty.server.AbstractHttpConnection.headerComplete(AbstractHttpConnection.java:932)
	at org.eclipse.jetty.server.AbstractHttpConnection$RequestHandler.headerComplete(AbstractHttpConnection.java:994)
	at org.eclipse.jetty.http.HttpParser.parseNext(HttpParser.java:640)
	at org.eclipse.jetty.http.HttpParser.parseAvailable(HttpParser.java:235)
	at org.eclipse.jetty.server.AsyncHttpConnection.handle(AsyncHttpConnection.java:82)
	at org.eclipse.jetty.io.nio.SelectChannelEndPoint.handle(SelectChannelEndPoint.java:628)
	at org.eclipse.jetty.io.nio.SelectChannelEndPoint$1.run(SelectChannelEndPoint.java:52)
	at org.eclipse.jetty.util.thread.QueuedThreadPool.runJob(QueuedThreadPool.java:608)
	at org.eclipse.jetty.util.thread.QueuedThreadPool$3.run(QueuedThreadPool.java:543)
	at java.lang.Thread.run(Thread.java:745)
2017-12-19 02:40:33.677:WARN:oejh.HttpGenerator:Ignoring extra content null
2017-12-19 03:36:36.617:WARN:oejh.HttpGenerator:Ignoring extra content null
2017-12-19 03:37:09.438:WARN:oejh.HttpGenerator:Ignoring extra content null
2017-12-19 04:11:09.688:WARN:oejh.HttpGenerator:Ignoring extra content null
2017-12-19 05:07:11.141:WARN:oejh.HttpGenerator:Ignoring extra content null
2017-12-19 05:25:54.875:WARN:oejh.HttpGenerator:Ignoring extra content null
2017-12-19 08:01:35.661:WARN:oejh.HttpGenerator:Ignoring extra content null
2017-12-19 08:17:08.210:WARN:oejh.HttpGenerator:Ignoring extra content null
2017-12-19 08:21:41.547:WARN:oejh.HttpGenerator:Ignoring extra content null
2017-12-19 09:30:01.847:WARN:oejh.HttpGenerator:Ignoring extra content null
2017-12-19 10:05:38.284:WARN:oejh.HttpGenerator:Ignoring extra content null
2017-12-19 11:05:55.909:WARN:oejh.HttpGenerator:Ignoring extra content null
2017-12-19 11:11:28.642:WARN:oejh.HttpGenerator:Ignoring extra content null
2017-12-19 11:12:24.032:WARN:oejh.HttpGenerator:Ignoring extra content null
2017-12-19 11:13:22.456:WARN:oejh.HttpGenerator:Ignoring extra content null
2017-12-19 11:13:26.200:WARN:oejh.HttpGenerator:Ignoring extra content null
2017-12-19 11:21:32.418:WARN:oejh.HttpGenerator:Ignoring extra content null
2017-12-19 11:28:35.187:WARN:oejh.HttpGenerator:Ignoring extra content null
2017-12-19 11:35:58.890:WARN:oejh.HttpGenerator:Ignoring extra content null
2017-12-19 13:30:41.460:WARN:oejh.HttpGenerator:Ignoring extra content null
2017-12-19 13:30:42.962:WARN:oejh.HttpGenerator:Ignoring extra content null
2017-12-19 13:31:14.880:WARN:oejh.HttpGenerator:Ignoring extra content null
2017-12-19 13:31:20.894:WARN:oejh.HttpGenerator:Ignoring extra content null
2017-12-19 13:31:28.398:WARN:oejh.HttpGenerator:Ignoring extra content null
2017-12-19 13:31:36.039:WARN:oejh.HttpGenerator:Ignoring extra content null
2017-12-19 13:31:43.672:WARN:oejh.HttpGenerator:Ignoring extra content null
2017-12-19 13:31:51.310:WARN:oejh.HttpGenerator:Ignoring extra content null
2017-12-19 13:31:58.961:WARN:oejh.HttpGenerator:Ignoring extra content null
2017-12-19 13:32:06.604:WARN:oejh.HttpGenerator:Ignoring extra content null
2017-12-19 13:32:14.267:WARN:oejh.HttpGenerator:Ignoring extra content null
2017-12-19 13:32:21.920:WARN:oejh.HttpGenerator:Ignoring extra content null
2017-12-19 13:32:29.559:WARN:oejh.HttpGenerator:Ignoring extra content null
2017-12-19 13:32:37.279:WARN:oejh.HttpGenerator:Ignoring extra content null
2017-12-19 13:32:44.896:WARN:oejh.HttpGenerator:Ignoring extra content null
2017-12-19 13:32:52.534:WARN:oejh.HttpGenerator:Ignoring extra content null
2017-12-19 13:33:00.198:WARN:oejh.HttpGenerator:Ignoring extra content null
2017-12-19 13:33:07.944:WARN:oejh.HttpGenerator:Ignoring extra content null
2017-12-19 13:33:15.506:WARN:oejh.HttpGenerator:Ignoring extra content null
2017-12-19 13:33:23.150:WARN:oejh.HttpGenerator:Ignoring extra content null
2017-12-19 13:33:30.778:WARN:oejh.HttpGenerator:Ignoring extra content null
2017-12-19 13:33:38.460:WARN:oejh.HttpGenerator:Ignoring extra content null
2017-12-19 13:33:46.128:WARN:oejh.HttpGenerator:Ignoring extra content null
2017-12-19 13:33:53.807:WARN:oejh.HttpGenerator:Ignoring extra content null
2017-12-19 13:34:01.502:WARN:oejh.HttpGenerator:Ignoring extra content null
2017-12-19 13:34:09.227:WARN:oejh.HttpGenerator:Ignoring extra content null
2017-12-19 13:34:16.969:WARN:oejh.HttpGenerator:Ignoring extra content null
2017-12-19 13:34:24.706:WARN:oejh.HttpGenerator:Ignoring extra content null
2017-12-19 13:34:32.499:WARN:oejh.HttpGenerator:Ignoring extra content null
2017-12-19 13:34:40.409:WARN:oejh.HttpGenerator:Ignoring extra content null
2017-12-19 13:34:48.647:WARN:oejh.HttpGenerator:Ignoring extra content null
2017-12-19 13:36:03.312:WARN:oejh.HttpGenerator:Ignoring extra content null
2017-12-19 13:36:31.120:WARN:oejh.HttpGenerator:Ignoring extra content null
2017-12-19 13:37:02.013:WARN:oejh.HttpGenerator:Ignoring extra content null
2017-12-19 13:37:30.377:WARN:oejh.HttpGenerator:Ignoring extra content null
2017-12-19 13:37:59.641:WARN:oejh.HttpGenerator:Ignoring extra content null
2017-12-19 13:38:29.232:WARN:oejh.HttpGenerator:Ignoring extra content null
2017-12-19 13:38:59.769:WARN:oejh.HttpGenerator:Ignoring extra content null
2017-12-19 13:39:34.810:WARN:oejh.HttpGenerator:Ignoring extra content null
2017-12-19 14:30:55.272:WARN:oejs.AbstractHttpConnection:/
java.lang.NullPointerException
	at clojure.lang.Reflector.invokeNoArgInstanceMember(Reflector.java:301)
	at clojure.core$eval96926$fn__96927.invoke(NO_SOURCE_FILE:0)
	at clojure.core$eval96921$fn__96922.invoke(NO_SOURCE_FILE:0)
	at Jet.handle(Jet.java:20)
	at org.eclipse.jetty.server.handler.HandlerWrapper.handle(HandlerWrapper.java:116)
	at org.eclipse.jetty.server.Server.handle(Server.java:368)
	at org.eclipse.jetty.server.AbstractHttpConnection.handleRequest(AbstractHttpConnection.java:488)
	at org.eclipse.jetty.server.BlockingHttpConnection.handleRequest(BlockingHttpConnection.java:53)
	at org.eclipse.jetty.server.AbstractHttpConnection.headerComplete(AbstractHttpConnection.java:932)
	at org.eclipse.jetty.server.AbstractHttpConnection$RequestHandler.headerComplete(AbstractHttpConnection.java:994)
	at org.eclipse.jetty.http.HttpParser.parseNext(HttpParser.java:640)
	at org.eclipse.jetty.http.HttpParser.parseAvailable(HttpParser.java:235)
	at org.eclipse.jetty.server.BlockingHttpConnection.handle(BlockingHttpConnection.java:72)
	at org.eclipse.jetty.server.bio.SocketConnector$ConnectorEndPoint.run(SocketConnector.java:264)
	at org.eclipse.jetty.server.ssl.SslSocketConnector$SslConnectorEndPoint.run(SslSocketConnector.java:670)
	at org.eclipse.jetty.util.thread.QueuedThreadPool.runJob(QueuedThreadPool.java:608)
	at org.eclipse.jetty.util.thread.QueuedThreadPool$3.run(QueuedThreadPool.java:543)
	at java.lang.Thread.run(Thread.java:745)
2017-12-19 15:48:49.123:WARN:oejh.HttpGenerator:Ignoring extra content null
2017-12-19 15:55:40.710:WARN:oejh.HttpGenerator:Ignoring extra content null
2017-12-19 17:27:36.025:WARN:oejs.AbstractHttpConnection:/muieblackcat
java.lang.NullPointerException
	at clojure.lang.Reflector.invokeNoArgInstanceMember(Reflector.java:301)
	at clojure.core$eval100434$fn__100435.invoke(NO_SOURCE_FILE:0)
	at clojure.core$eval100429$fn__100430.invoke(NO_SOURCE_FILE:0)
	at Jet.handle(Jet.java:20)
	at org.eclipse.jetty.server.handler.HandlerWrapper.handle(HandlerWrapper.java:116)
	at org.eclipse.jetty.server.Server.handle(Server.java:368)
	at org.eclipse.jetty.server.AbstractHttpConnection.handleRequest(AbstractHttpConnection.java:488)
	at org.eclipse.jetty.server.AbstractHttpConnection.headerComplete(AbstractHttpConnection.java:932)
	at org.eclipse.jetty.server.AbstractHttpConnection$RequestHandler.headerComplete(AbstractHttpConnection.java:994)
	at org.eclipse.jetty.http.HttpParser.parseNext(HttpParser.java:640)
	at org.eclipse.jetty.http.HttpParser.parseAvailable(HttpParser.java:235)
	at org.eclipse.jetty.server.AsyncHttpConnection.handle(AsyncHttpConnection.java:82)
	at org.eclipse.jetty.io.nio.SelectChannelEndPoint.handle(SelectChannelEndPoint.java:628)
	at org.eclipse.jetty.io.nio.SelectChannelEndPoint$1.run(SelectChannelEndPoint.java:52)
	at org.eclipse.jetty.util.thread.QueuedThreadPool.runJob(QueuedThreadPool.java:608)
	at org.eclipse.jetty.util.thread.QueuedThreadPool$3.run(QueuedThreadPool.java:543)
	at java.lang.Thread.run(Thread.java:745)
2017-12-19 17:27:36.477:WARN:oejs.AbstractHttpConnection://phpMyAdmin/scripts/setup.php
java.lang.NullPointerException
	at clojure.lang.Reflector.invokeNoArgInstanceMember(Reflector.java:301)
	at clojure.core$eval100663$fn__100664.invoke(NO_SOURCE_FILE:0)
	at clojure.core$eval100658$fn__100659.invoke(NO_SOURCE_FILE:0)
	at Jet.handle(Jet.java:20)
	at org.eclipse.jetty.server.handler.HandlerWrapper.handle(HandlerWrapper.java:116)
	at org.eclipse.jetty.server.Server.handle(Server.java:368)
	at org.eclipse.jetty.server.AbstractHttpConnection.handleRequest(AbstractHttpConnection.java:488)
	at org.eclipse.jetty.server.AbstractHttpConnection.headerComplete(AbstractHttpConnection.java:932)
	at org.eclipse.jetty.server.AbstractHttpConnection$RequestHandler.headerComplete(AbstractHttpConnection.java:994)
	at org.eclipse.jetty.http.HttpParser.parseNext(HttpParser.java:640)
	at org.eclipse.jetty.http.HttpParser.parseAvailable(HttpParser.java:235)
	at org.eclipse.jetty.server.AsyncHttpConnection.handle(AsyncHttpConnection.java:82)
	at org.eclipse.jetty.io.nio.SelectChannelEndPoint.handle(SelectChannelEndPoint.java:628)
	at org.eclipse.jetty.io.nio.SelectChannelEndPoint$1.run(SelectChannelEndPoint.java:52)
	at org.eclipse.jetty.util.thread.QueuedThreadPool.runJob(QueuedThreadPool.java:608)
	at org.eclipse.jetty.util.thread.QueuedThreadPool$3.run(QueuedThreadPool.java:543)
	at java.lang.Thread.run(Thread.java:745)
2017-12-19 17:27:36.914:WARN:oejs.AbstractHttpConnection://phpmyadmin/scripts/setup.php
java.lang.NullPointerException
	at clojure.lang.Reflector.invokeNoArgInstanceMember(Reflector.java:301)
	at clojure.core$eval100892$fn__100893.invoke(NO_SOURCE_FILE:0)
	at clojure.core$eval100887$fn__100888.invoke(NO_SOURCE_FILE:0)
	at Jet.handle(Jet.java:20)
	at org.eclipse.jetty.server.handler.HandlerWrapper.handle(HandlerWrapper.java:116)
	at org.eclipse.jetty.server.Server.handle(Server.java:368)
	at org.eclipse.jetty.server.AbstractHttpConnection.handleRequest(AbstractHttpConnection.java:488)
	at org.eclipse.jetty.server.AbstractHttpConnection.headerComplete(AbstractHttpConnection.java:932)
	at org.eclipse.jetty.server.AbstractHttpConnection$RequestHandler.headerComplete(AbstractHttpConnection.java:994)
	at org.eclipse.jetty.http.HttpParser.parseNext(HttpParser.java:640)
	at org.eclipse.jetty.http.HttpParser.parseAvailable(HttpParser.java:235)
	at org.eclipse.jetty.server.AsyncHttpConnection.handle(AsyncHttpConnection.java:82)
	at org.eclipse.jetty.io.nio.SelectChannelEndPoint.handle(SelectChannelEndPoint.java:628)
	at org.eclipse.jetty.io.nio.SelectChannelEndPoint$1.run(SelectChannelEndPoint.java:52)
	at org.eclipse.jetty.util.thread.QueuedThreadPool.runJob(QueuedThreadPool.java:608)
	at org.eclipse.jetty.util.thread.QueuedThreadPool$3.run(QueuedThreadPool.java:543)
	at java.lang.Thread.run(Thread.java:745)
2017-12-19 17:27:37.370:WARN:oejs.AbstractHttpConnection://pma/scripts/setup.php
java.lang.NullPointerException
	at clojure.lang.Reflector.invokeNoArgInstanceMember(Reflector.java:301)
	at clojure.core$eval101121$fn__101122.invoke(NO_SOURCE_FILE:0)
	at clojure.core$eval101116$fn__101117.invoke(NO_SOURCE_FILE:0)
	at Jet.handle(Jet.java:20)
	at org.eclipse.jetty.server.handler.HandlerWrapper.handle(HandlerWrapper.java:116)
	at org.eclipse.jetty.server.Server.handle(Server.java:368)
	at org.eclipse.jetty.server.AbstractHttpConnection.handleRequest(AbstractHttpConnection.java:488)
	at org.eclipse.jetty.server.AbstractHttpConnection.headerComplete(AbstractHttpConnection.java:932)
	at org.eclipse.jetty.server.AbstractHttpConnection$RequestHandler.headerComplete(AbstractHttpConnection.java:994)
	at org.eclipse.jetty.http.HttpParser.parseNext(HttpParser.java:640)
	at org.eclipse.jetty.http.HttpParser.parseAvailable(HttpParser.java:235)
	at org.eclipse.jetty.server.AsyncHttpConnection.handle(AsyncHttpConnection.java:82)
	at org.eclipse.jetty.io.nio.SelectChannelEndPoint.handle(SelectChannelEndPoint.java:628)
	at org.eclipse.jetty.io.nio.SelectChannelEndPoint$1.run(SelectChannelEndPoint.java:52)
	at org.eclipse.jetty.util.thread.QueuedThreadPool.runJob(QueuedThreadPool.java:608)
	at org.eclipse.jetty.util.thread.QueuedThreadPool$3.run(QueuedThreadPool.java:543)
	at java.lang.Thread.run(Thread.java:745)
