1492453883717
1492453884007
1492453885006
1492453886001
1492453887003
1492453888000
1492453889000
1492453890000
1492454002189
1492454003000
1492454004008
1492454005006
1492454006000
1492454007000
1492454008000
1492454009000
1492454010000
1492454011000
1492454012000
1492454013000
1492454014000
1492454015000
1492454016000
1492454017000
1492454018000
1492454019000
1492454020022
1492454021000
1492454022033
1492454023000
1492454024000
1492454025000
1492454026000
1492454027000
1492454028000
1492454029000
1492454030000
1492454031000
1492454032000
1492454033000
1492454034000
1492454035000
1492454036000
1492454037000
1492454038000
1492454039000
1492454040000
1492454041000
1492454042000
1492454043000
1492454044000
1492454045000
1492454046000
1492454047000
1492454048000
1492454049000
1492454050000
1492454051000
1492454052000
1492454053000
1492454054000
1492454055000
1492454056000
1492454057000
1492454058000
1492454059000
1492454060000
1492454061000
1492454062000
1492454063000
1492454064012
1492454065000
1492454066000
1492454067000
1492454068000
1492454069000
1492454070000
1492454071000
1492454072000
1492454073000
1492454074000
1492454075002
1492454076000
1492454077002
1492454078000
1492454079000
1492454080000
1492454081000
1492454082000
1492454083000
1492454084000
1492454085000
1492454086000
1492454087000
1492454088000
1492454089000
1492454090000
1492454091000
1492454092000
1492454093000
1492454094000
1492454095000
1492454096000
1492454097000
1492454098000
1492454099000
1492454100000
1492454101000
1492454102000
1492454103000
1492454104000
1492454105000
1492454106000
1492454107000
1492454108000
1492454109000
1492454110000
1492454111000
1492454112000
1492454113000
1492454114000
1492454115000
1492454116000
1492454117005
1492454118000
1492454119000
1492454120000
1492454121000
1492454122000
1492454123000
1492454124000
1492454125000
1492454126000
1492454127000
1492454128000
1492454129000
1492454130000
1492454131000
1492454132000
1492454133000
1492454134000
1492454135000
1492454136000
1492454137000
1492454138000
1492454139000
1492454140000
1492454141000
1492454142000
1492454143000
1492454144000
1492454145000
1492454146000
1492454147000
1492454148000
1492454149000
1492454150000
1492454151000
1492454152000
1492454153000
1492454154000
1492454155000
1492454156000
1492454157000
1492454158000
1492454159000
1492454160000
1492454161000
1492454162000
1492454163000
1492454164000
1492454165000
1492454166000
1492454167000
1492454168000
1492454169000
1492454170000
1492454171000
1492454172000
1492454173000
1492454174000
1492454175000
1492454176000
1492454177000
1492454178000
1492454179000
1492454180000
1492454181000
1492454182000
1492454183000
1492454184000
1492454185000
1492454186000
1492454187000
1492454188000
1492454189000
1492454190000
1492454191000
1492454192000
1492454193000
1492454194000
1492454195000
1492454196000
1492454197000
1492454198000
1492454199000
1492454200000
1492454201000
1492454202000
1492454203000
1492454204000
1492454205000
1492454206000
1492454207000
1492454208000
1492454209000
1492454210000
1492454211000
1492454212000
1492454213000
1492454214000
1492454215000
1492454216000
1492454217000
1492454218000
1492454219000
1492454220000
1492454221000
1492454222000
1492454223000
1492454224000
1492454225000
1492454226000
