1493019179000
1493019180000
1493019181000
1493019182000
1493019183000
1493019184000
1493019185000
1493019186000
1493019187000
1493019188000
1493019189000
1493019190000
1493019191000
1493019192000
1493019193000
1493019194000
1493019195000
1493019196000
1493019197000
1493019198000
1493019199000
1493019200000
1493019201000
1493019202000
1493019203000
1493019204000
1493019205000
1493019206000
1493019207000
1493019208000
1493019209000
1493019210000
1493019211000
1493019212000
1493019213000
1493019214000
1493019215000
1493019216000
1493019217000
1493019218000
1493019219000
1493019220000
1493019221000
1493019222000
1493019223000
1493019224000
1493019225000
1493019226000
1493019227000
1493019228000
1493019229000
1493019230000
1493019231000
1493019232000
1493019233000
1493019234000
1493019235000
1493019236000
1493019237000
1493019238000
1493019239000
1493019240000
1493019241000
1493019242000
1493019243000
1493019244000
1493019245000
1493019246000
1493019247000
1493019248000
1493019249000
1493019250000
1493019251000
1493019252000
1493019253000
1493019254000
1493019255000
1493019256000
1493019257000
1493019258000
1493019259000
1493019260000
1493019261000
1493019262000
1493019263000
1493019264000
1493019265000
1493019266000
1493019267000
1493019268000
1493019269000
1493019270000
1493019271000
1493019272000
1493019273000
1493019274000
1493019275000
1493019276000
1493019277000
1493019278000
1493019279000
1493019280000
1493019281000
1493019282000
1493019283000
1493019284000
1493019285000
1493019286000
1493019287000
1493019288000
1493019289000
1493019290000
1493019291000
1493019292000
1493019293000
1493019294000
1493019295000
1493019296000
1493019297000
1493019298000
1493019299000
1493019300000
1493019301000
1493019302000
1493019303000
1493019304000
1493019305000
1493019306000
1493019307000
1493019308000
1493019309000
1493019310000
1493019311000
1493019312000
1493019313000
1493019314000
1493019315000
1493019316000
1493019317000
1493019318000
1493019319000
1493019320000
1493019321000
1493019322000
1493019323000
1493019324000
1493019325000
1493019326000
1493019327000
1493019328000
1493019329000
1493019330000
1493019331000
1493019332000
1493019333000
1493019334000
1493019335000
1493019336000
1493019337000
1493019338000
1493019339000
1493019340000
1493019341000
1493019342000
1493019343000
1493019344000
1493019345000
1493019346000
1493019347000
1493019348000
1493019349000
1493019350000
1493019351000
1493019352000
1493019353000
1493019354000
1493019355000
1493019356000
1493019357000
1493019358000
1493019359000
1493019360000
1493019361000
1493019362000
1493019363000
1493019364000
1493019365000
1493019366000
1493019367000
1493019368000
1493019369000
1493019370000
1493019371000
1493019372000
1493019373000
1493019374000
1493019375000
1493019376000
1493019377000
1493019378000
1493019379000
1493019380000
1493019381000
1493019382000
1493019383000
1493019384000
1493019385000
1493019386000
1493019387000
1493019388000
1493019389000
1493019390000
1493019391000
1493019392000
1493019393000
1493019394000
1493019395000
1493019396000
1493019397000
1493019398000
1493019399000
1493019400000
1493019401000
1493019402000
1493019403000
1493019404000
1493019405000
1493019406000
1493019407000
1493019408000
1493019409000
1493019410000
1493019411000
1493019412000
1493019413000
1493019414000
1493019415000
1493019416000
1493019417000
1493019418000
1493019419000
1493019420000
1493019421000
1493019422000
1493019423000
1493019424000
1493019425000
1493019426000
1493019427000
1493019428000
1493019429000
1493019430000
1493019431000
1493019432000
1493019433000
1493019434000
1493019435000
1493019436000
1493019437000
1493019438000
1493019439000
1493019440000
1493019441000
1493019442000
1493019443000
1493019444000
1493019445000
1493019446000
1493019447000
1493019448000
1493019449000
1493019450000
1493019451000
1493019452000
1493019453000
1493019454000
1493019455000
1493019456000
1493019457000
1493019458000
1493019459000
1493019460000
1493019461000
1493019462000
1493019463000
1493019464000
1493019465000
1493019466000
1493019467000
1493019468000
1493019469000
1493019470000
1493019471000
1493019472000
1493019473000
1493019474000
1493019475000
1493019476000
1493019477000
1493019478000
1493019479000
1493019480000
1493019481000
1493019482000
1493019483000
1493019484000
1493019485000
1493019486000
1493019487000
1493019488000
1493019489000
1493019490000
1493019491000
1493019492000
1493019493000
1493019494000
1493019495000
1493019496000
1493019497000
1493019498000
1493019499000
1493019500000
1493019501000
1493019502000
1493019503000
1493019504000
1493019505000
1493019506000
1493019507000
1493019508000
1493019509000
1493019510000
1493019511000
1493019512000
1493019513000
1493019514000
1493019515000
1493019516000
1493019517000
1493019518000
1493019519006
1493019520000
1493019521000
1493019522000
1493019523000
1493019524000
1493019525000
1493019526045
1493019527000
1493019528000
1493019529000
1493019530000
1493019531000
1493019532000
1493019533000
1493019534000
1493019535000
1493019536000
1493019537000
1493019538000
1493019539000
1493019540000
1493019541000
1493019542000
1493019543000
1493019544000
1493019545000
1493019546000
1493019547000
1493019548000
1493019549000
1493019550000
1493019551000
1493019552000
1493019553000
1493019554000
1493019555000
1493019556000
1493019557000
1493019558000
1493019559000
1493019560000
1493019561000
1493019562000
1493019563000
1493019564000
1493019565000
1493019566000
1493019567000
1493019568000
1493019569000
1493019570000
1493019571000
1493019572000
1493019573000
1493019574000
1493019575000
1493019576000
1493019577000
1493019578000
1493019579000
1493019580000
1493019581000
1493019582000
1493019583000
1493019584000
1493019585000
1493019586000
1493019587000
1493019588000
1493019589000
1493019590000
1493019591000
1493019592000
1493019593000
1493019594000
1493019595000
1493019596000
1493019597000
1493019598000
1493019599000
1493019600000
1493019601000
1493019602000
1493019603000
1493019604000
1493019605000
1493019606000
1493019607000
1493019608000
1493019609000
1493019610000
1493019611000
1493019612000
1493019613000
1493019614000
1493019615000
1493019616000
1493019617000
1493019618000
1493019619000
1493019620000
1493019621000
1493019622000
1493019623000
1493019624000
1493019625000
1493019626000
1493019627000
1493019628000
1493019629000
1493019630000
1493019631000
1493019632000
1493019633000
1493019634000
1493019635000
1493019636000
1493019637000
1493019638000
1493019639000
1493019640000
1493019641000
1493019642000
1493019643000
1493019644000
1493019645000
1493019646000
1493019647000
1493019648000
1493019649000
1493019650000
1493019651000
1493019652000
1493019653000
1493019654000
1493019655000
1493019656000
1493019657000
1493019658000
1493019659000
1493019660000
1493019661000
1493019662000
1493019663000
1493019664000
1493019665000
1493019666000
1493019667000
1493019668000
1493019669000
1493019670000
1493019671000
1493019672000
1493019673000
1493019674000
1493019675000
1493019676000
1493019677000
1493019678000
1493019679000
1493019680000
1493019681000
1493019682000
1493019683000
1493019684000
1493019685000
1493019686000
1493019687000
1493019688000
1493019689000
1493019690000
1493019691000
1493019692000
1493019693000
1493019694000
1493019695000
1493019696000
1493019697000
1493019698000
1493019699000
1493019700000
1493019701000
1493019702000
1493019703000
1493019704000
1493019705000
1493019706000
1493019707000
1493019708000
1493019709000
1493019710000
1493019711000
1493019712000
1493019713000
1493019714000
1493019715000
1493019716000
1493019717000
1493019718000
1493019719000
1493019720000
1493019721000
1493019722000
1493019723000
1493019724000
1493019725000
1493019726000
1493019727000
1493019728000
1493019729000
1493019730000
1493019731000
1493019732000
1493019733000
1493019734000
1493019735000
1493019736000
1493019737000
1493019738000
1493019739000
1493019740000
1493019741000
1493019742000
1493019743000
1493019744000
1493019745000
1493019746000
1493019747000
1493019748000
1493019749000
1493019750000
1493019751000
1493019752000
1493019753000
1493019754000
1493019755000
1493019756000
1493019757000
1493019758000
1493019759000
1493019760000
1493019761000
1493019762000
1493019763000
1493019764000
1493019765000
1493019766000
1493019767000
1493019768000
1493019769000
1493019770000
1493019771000
1493019772000
1493019773000
1493019774000
1493019775000
1493019776000
1493019777000
1493019778000
1493019779000
1493019780000
1493019781000
1493019782000
1493019783000
1493019784000
1493019785000
1493019786000
1493019787000
1493019788000
1493019789000
1493019790000
1493019791000
1493019792000
1493019793000
1493019794000
1493019795000
1493019796000
1493019797000
1493019798000
1493019799000
1493019800000
1493019801000
1493019802000
1493019803000
1493019804000
1493019805000
1493019806000
1493019807000
1493019808000
1493019809000
1493019810000
1493019811000
1493019812000
1493019813000
1493019814000
1493019815000
1493019816000
1493019817000
1493019818000
1493019819000
1493019820000
1493019821000
1493019822000
1493019823000
1493019824000
1493019825000
1493019826000
1493019827000
1493019828000
1493019829000
1493019830000
1493019831000
1493019832000
1493019833000
1493019834000
1493019835000
1493019836000
1493019837000
1493019838000
1493019839000
1493019840000
1493019841000
1493019842000
1493019843000
1493019844000
1493019845000
1493019846000
1493019847000
1493019848000
1493019849000
1493019850000
1493019851000
1493019852000
1493019853000
1493019854000
1493019855000
1493019856000
1493019857000
1493019858000
1493019859000
1493019860000
1493019861000
1493019862000
1493019863000
1493019864000
1493019865000
1493019866000
1493019867000
1493019868000
1493019869000
1493019870000
1493019871000
1493019872000
1493019873000
1493019874000
1493019875000
1493019876000
1493019877000
1493019878000
1493019879000
1493019880000
1493019881000
1493019882000
1493019883000
1493019884000
1493019885000
1493019886000
1493019887000
1493019888000
1493019889000
1493019890000
1493019891000
1493019892000
1493019893000
1493019894000
1493019895000
1493019896000
1493019897000
1493019898000
1493019899000
1493019900000
1493019901000
1493019902000
1493019903000
1493019904000
1493019905000
1493019906000
1493019907000
1493019908000
1493019909000
1493019910000
1493019911000
1493019912000
1493019913000
1493019914000
1493019915000
1493019916000
1493019917000
1493019918000
1493019919000
1493019920000
1493019921000
1493019922000
1493019923000
1493019924000
1493019925000
1493019926000
1493019927000
1493019928000
1493019929000
1493019930000
1493019931000
1493019932000
1493019933000
1493019934000
1493019935000
1493019936000
1493019937000
1493019938000
1493019939000
1493019940000
1493019941000
1493019942000
1493019943000
1493019944000
1493019945000
1493019946000
1493019947000
1493019948000
1493019949000
1493019950000
1493019951000
1493019952000
1493019953000
1493019954000
1493019955000
1493019956000
1493019957000
1493019958000
1493019959000
1493019960000
1493019961000
1493019962000
1493019963000
1493019964000
1493019965000
1493019966000
1493019967000
1493019968000
1493019969000
1493019970000
1493019971000
1493019972000
1493019973000
1493019974000
1493019975000
1493019976000
1493019977000
1493019978000
1493019979000
1493019980000
1493019981000
1493019982000
1493019983000
1493019984000
1493019985000
1493019986000
1493019987000
1493019988000
1493019989000
1493019990000
1493019991000
1493019992000
1493019993000
1493019994000
1493019995000
1493019996000
1493019997000
1493019998000
1493019999000
1493020000000
1493020001000
1493020002000
1493020003000
1493020004000
1493020005000
1493020006000
1493020007000
1493020008000
1493020009000
1493020010000
1493020011000
1493020012000
1493020013000
1493020014000
1493020015000
1493020016000
1493020017000
1493020018000
1493020019000
1493020020000
1493020021000
1493020022000
1493020023000
1493020024000
1493020025000
1493020026000
1493020027000
1493020028000
1493020029000
1493020030000
1493020031000
1493020032000
1493020033000
1493020034000
1493020035000
1493020036000
1493020037000
1493020038000
1493020039000
1493020040000
1493020041000
1493020042000
1493020043000
1493020044000
1493020045000
1493020046000
1493020047000
1493020048000
1493020049000
1493020050000
1493020051000
1493020052000
1493020053000
1493020054000
1493020055000
1493020056000
1493020057000
1493020058000
1493020059000
1493020060000
1493020061000
1493020062000
1493020063000
1493020064000
1493020065000
1493020066000
1493020067000
1493020068000
1493020069000
1493020070000
1493020071000
1493020072000
1493020073000
1493020074000
1493020075000
1493020076000
1493020077000
1493020078000
1493020079000
1493020080000
1493020081000
1493020082000
1493020083000
1493020084000
1493020085000
1493020086000
1493020087000
1493020088000
1493020089000
1493020090000
1493020091000
1493020092000
1493020093000
1493020094000
1493020095000
1493020096000
1493020097000
1493020098000
1493020099000
1493020100000
1493020101000
1493020102000
1493020103000
1493020104000
1493020105000
1493020106000
1493020107000
1493020108000
1493020109000
1493020110000
1493020111000
1493020112000
1493020113000
1493020114000
1493020115000
1493020116000
1493020117000
1493020118000
1493020119000
1493020120000
1493020121000
1493020122000
1493020123000
1493020124000
1493020125000
1493020126000
1493020127000
1493020128000
1493020129000
1493020130000
1493020131000
1493020132000
1493020133000
1493020134000
1493020135000
1493020136000
1493020137000
1493020138000
1493020139000
1493020140000
1493020141000
1493020142000
1493020143000
1493020144000
1493020145000
1493020146000
1493020147000
1493020148000
1493020149000
1493020150000
1493020151000
1493020152000
1493020153000
1493020154000
1493020155000
1493020156000
1493020157000
1493020158000
1493020159000
1493020160000
1493020161000
1493020162000
1493020163000
1493020164000
1493020165000
1493020166000
1493020167000
1493020168000
1493020169000
1493020170000
1493020171000
1493020172000
1493020173000
1493020174000
1493020175000
1493020176000
1493020177000
1493020178000
1493020179000
1493020180000
1493020181000
1493020182000
1493020183000
1493020184000
1493020185000
1493020186000
1493020187000
1493020188000
1493020189000
1493020190000
1493020191000
1493020192000
1493020193000
1493020194000
1493020195000
1493020196000
1493020197000
1493020198000
1493020199000
1493020200000
1493020201000
1493020202000
1493020203000
1493020204000
1493020205000
1493020206000
1493020207000
1493020208000
1493020209000
1493020210000
1493020211000
1493020212000
1493020213000
1493020214000
1493020215000
1493020216000
1493020217000
1493020218000
1493020219000
1493020220000
1493020221000
1493020222000
1493020223000
1493020224000
1493020225000
1493020226000
1493020227000
1493020228000
1493020229000
1493020230000
1493020231000
1493020232000
1493020233000
1493020234000
1493020235000
1493020236000
1493020237000
1493020238000
1493020239000
1493020240000
1493020241000
1493020242000
1493020243000
1493020244000
1493020245000
1493020246000
1493020247000
1493020248000
1493020249000
1493020250000
1493020251000
1493020252000
1493020253000
1493020254000
1493020255000
1493020256000
1493020257000
1493020258000
1493020259000
1493020260000
1493020261000
1493020262000
1493020263000
1493020264000
1493020265000
1493020266000
1493020267000
1493020268000
1493020269000
1493020270000
1493020271000
1493020272000
1493020273000
1493020274000
1493020275000
1493020276000
1493020277000
1493020278000
1493020279000
1493020280000
1493020281000
1493020282000
1493020283000
1493020284000
1493020285000
1493020286000
1493020287000
1493020288000
1493020289000
1493020290000
1493020291000
1493020292000
1493020293000
1493020294000
1493020295000
1493020296000
1493020297000
1493020298000
1493020299000
1493020300000
1493020301000
1493020302000
1493020303000
1493020304000
1493020305000
1493020306000
1493020307000
1493020308000
1493020309000
1493020310000
1493020311000
1493020312000
1493020313000
1493020314000
1493020315000
1493020316000
1493020317000
1493020318000
1493020319000
1493020320000
1493020321000
1493020322000
1493020323000
1493020324000
1493020325000
1493020326000
1493020327000
1493020328000
1493020329000
1493020330000
1493020331000
1493020332000
1493020333000
1493020334000
1493020335000
1493020336000
1493020337000
1493020338000
1493020339000
1493020340000
1493020341000
1493020342000
1493020343000
1493020344000
1493020345000
1493020346000
1493020347000
1493020348000
1493020349000
1493020350000
1493020351000
1493020352000
1493020353000
1493020354000
1493020355000
1493020356000
1493020357000
1493020358000
1493020359000
1493020360000
1493020361000
1493020362000
1493020363000
1493020364000
1493020365000
1493020366000
1493020367000
1493020368000
1493020369000
1493020370000
1493020371000
1493020372000
1493020373000
1493020374000
1493020375000
1493020376000
1493020377000
1493020378000
1493020379000
1493020380000
1493020381000
1493020382000
1493020383000
1493020384000
1493020385000
1493020386000
1493020387000
1493020388000
1493020389000
1493020390000
1493020391000
1493020392000
1493020393000
1493020394000
1493020395000
1493020396000
1493020397000
1493020398000
1493020399000
1493020400000
1493020401000
1493020402000
1493020403000
1493020404000
1493020405000
1493020406000
1493020407000
1493020408000
1493020409000
1493020410000
1493020411000
1493020412000
1493020413000
1493020414000
1493020415000
1493020416000
1493020417000
1493020418000
1493020419000
1493020420000
1493020421000
1493020422000
1493020423000
1493020424000
1493020425000
1493020426000
1493020427000
1493020428000
1493020429000
1493020430000
1493020431000
1493020432000
1493020433000
1493020434000
1493020435000
1493020436000
1493020437000
1493020438000
1493020439000
1493020440000
1493020441000
1493020442000
1493020443000
1493020444000
1493020445000
1493020446000
1493020447000
1493020448000
1493020449000
1493020450000
1493020451000
1493020452000
1493020453000
1493020454000
1493020455000
1493020456000
1493020457000
1493020458000
1493020459000
1493020460000
1493020461000
1493020462000
1493020463000
1493020464000
1493020465000
1493020466000
1493020467000
1493020468000
1493020469000
1493020470000
1493020471000
1493020472000
1493020473000
1493020474000
1493020475000
1493020476000
1493020477000
1493020478000
1493020479000
1493020480000
1493020481000
1493020482000
1493020483000
1493020484000
1493020485000
1493020486000
1493020487000
1493020488000
1493020489000
1493020490000
1493020491000
1493020492000
1493020493000
1493020494000
1493020495000
1493020496000
1493020497000
1493020498000
1493020499000
1493020500000
1493020501000
1493020502000
1493020503000
1493020504000
1493020505000
1493020506000
1493020507000
1493020508000
1493020509000
1493020510000
1493020511000
1493020512000
1493020513000
1493020514000
1493020515000
1493020516000
1493020517000
1493020518000
1493020519000
1493020520000
1493020521000
1493020522000
1493020523000
1493020524000
1493020525000
1493020526000
1493020527000
1493020528000
1493020529000
1493020530000
1493020531000
1493020532000
1493020533000
1493020534000
1493020535000
1493020536000
1493020537000
1493020538000
1493020539000
1493020540000
1493020541000
1493020542000
1493020543000
1493020544000
1493020545000
1493020546000
1493020547000
1493020548000
1493020549000
1493020550000
1493020551000
1493020552000
1493020553000
1493020554000
1493020555000
1493020556000
1493020557000
1493020558000
1493020559000
1493020560000
1493020561000
1493020562000
1493020563000
1493020564000
1493020565000
1493020566000
1493020567000
1493020568000
1493020569000
1493020570000
1493020571000
1493020572000
1493020573000
1493020574000
1493020575000
1493020576000
1493020577000
1493020578000
1493020579000
1493020580000
1493020581000
1493020582000
1493020583000
1493020584000
1493020585000
1493020586000
1493020587000
1493020588000
1493020589000
1493020590000
1493020591000
1493020592000
1493020593000
1493020594000
1493020595000
1493020596000
1493020597000
1493020598000
1493020599000
1493020600000
1493020601000
1493020602000
1493020603000
1493020604000
1493020605000
1493020606000
1493020607000
1493020608000
1493020609000
1493020610000
1493020611000
1493020612000
1493020613000
1493020614000
1493020615000
1493020616000
1493020617000
1493020618000
1493020619000
1493020620000
1493020621000
1493020622000
1493020623000
1493020624000
1493020625000
1493020626000
1493020627000
1493020628000
1493020629000
1493020630000
1493020631000
1493020632000
1493020633000
1493020634000
1493020635000
1493020636000
1493020637000
1493020638000
1493020639000
1493020640000
1493020641000
1493020642000
1493020643000
1493020644000
1493020645000
1493020646000
1493020647000
1493020648000
1493020649000
1493020650000
1493020651000
1493020652000
1493020653000
1493020654000
1493020655000
1493020656000
1493020657000
1493020658000
1493020659000
1493020660000
1493020661000
1493020662000
1493020663000
1493020664000
1493020665000
1493020666000
1493020667000
1493020668000
1493020669000
1493020670000
1493020671000
1493020672000
1493020673000
1493020674000
1493020675000
1493020676000
1493020677000
1493020678000
1493020679000
1493020680000
1493020681000
1493020682000
1493020683000
1493020684000
1493020685000
1493020686000
1493020687000
1493020688000
1493020689000
1493020690000
1493020691000
1493020692000
1493020693000
1493020694000
1493020695000
1493020696000
1493020697000
1493020698000
1493020699000
1493020700000
1493020701000
1493020702000
1493020703000
1493020704000
1493020705000
1493020706000
1493020707000
1493020708000
1493020709000
1493020710000
1493020711000
1493020712000
1493020713000
1493020714000
1493020715000
1493020716000
1493020717000
1493020718000
1493020719000
1493020720000
1493020721000
1493020722000
1493020723000
1493020724000
1493020725000
1493020726000
1493020727000
1493020728000
1493020729000
1493020730000
1493020731000
1493020732000
1493020733000
1493020734000
1493020735000
1493020736000
1493020737000
1493020738000
1493020739000
1493020740000
1493020741000
1493020742000
1493020743000
1493020744000
1493020745000
1493020746000
1493020747000
1493020748000
1493020749000
1493020750000
1493020751000
1493020752000
1493020753000
1493020754000
1493020755000
1493020756000
1493020757000
1493020758000
1493020759000
1493020760000
1493020761000
1493020762000
1493020763000
1493020764000
1493020765000
1493020766000
1493020767000
1493020768000
1493020769000
1493020770000
1493020771000
1493020772000
1493020773000
1493020774000
1493020775000
1493020776000
1493020777000
1493020778000
1493020779000
1493020780000
1493020781000
1493020782000
1493020783000
1493020784000
1493020785000
1493020786000
1493020787000
1493020788000
1493020789000
1493020790000
1493020791000
1493020792000
1493020793000
1493020794000
1493020795000
1493020796000
1493020797000
1493020798000
1493020799000
1493020800000
1493020801000
1493020802000
1493020803000
1493020804000
1493020805000
1493020806000
1493020807000
1493020808000
1493020809000
1493020810000
1493020811000
1493020812000
1493020813000
1493020814000
1493020815000
1493020816000
1493020817000
1493020818000
1493020819000
1493020820000
1493020821000
1493020822000
1493020823000
1493020824000
1493020825000
1493020826000
1493020827000
1493020828000
1493020829000
1493020830000
1493020831000
1493020832000
1493020833000
1493020834000
1493020835000
1493020836000
1493020837000
1493020838000
1493020839000
1493020840000
1493020841000
1493020842000
1493020843000
1493020844000
1493020845000
1493020846000
1493020847000
1493020848000
1493020849000
1493020850000
1493020851000
1493020852000
1493020853000
1493020854000
1493020855000
1493020856000
1493020857000
1493020858000
1493020859000
1493020860000
1493020861000
1493020862000
1493020863000
1493020864000
1493020865000
1493020866000
1493020867000
1493020868000
1493020869000
1493020870000
1493020871000
1493020872000
1493020873000
1493020874000
1493020875000
1493020876000
1493020877000
1493020878000
1493020879000
1493020880000
1493020881000
1493020882000
1493020883000
1493020884000
1493020885000
1493020886000
1493020887000
1493020888000
1493020889000
1493020890000
1493020891000
1493020892000
1493020893000
1493020894000
1493020895000
1493020896000
1493020897000
1493020898000
1493020899000
1493020900000
1493020901000
1493020902000
1493020903000
1493020904000
1493020905000
1493020906000
1493020907000
1493020908000
1493020909000
1493020910000
1493020911000
1493020912000
1493020913000
1493020914000
1493020915000
1493020916000
1493020917000
1493020918000
1493020919000
1493020920000
1493020921000
1493020922000
1493020923000
1493020924000
1493020925000
1493020926000
1493020927000
1493020928000
1493020929000
1493020930000
1493020931000
1493020932000
1493020933000
1493020934000
1493020935000
1493020936000
1493020937000
1493020938000
1493020939000
1493020940000
1493020941000
1493020942000
1493020943000
1493020944000
1493020945000
1493020946000
1493020947000
1493020948000
1493020949000
1493020950000
1493020951000
1493020952000
1493020953000
1493020954000
1493020955000
1493020956000
1493020957000
1493020958000
1493020959000
1493020960000
1493020961000
1493020962000
1493020963000
1493020964000
1493020965000
1493020966000
1493020967000
1493020968000
1493020969000
1493020970000
1493020971000
1493020972000
1493020973000
1493020974000
1493020975000
1493020976000
1493020977000
1493020978000
1493020979000
1493020980000
1493020981000
1493020982000
1493020983000
1493020984000
1493020985000
1493020986000
1493020987000
1493020988000
1493020989000
1493020990000
1493020991000
1493020992000
1493020993000
1493020994000
1493020995000
1493020996000
1493020997000
1493020998000
1493020999000
1493021000000
1493021001000
1493021002000
1493021003000
1493021004000
1493021005000
1493021006000
1493021007000
1493021008000
1493021009000
1493021010000
1493021011000
1493021012000
1493021013000
1493021014000
1493021015000
1493021016000
1493021017000
1493021018000
1493021019000
1493021020000
1493021021000
1493021022000
1493021023000
1493021024000
1493021025000
1493021026000
1493021027000
1493021028000
1493021029000
1493021030000
1493021031000
1493021032000
1493021033000
1493021034000
1493021035000
1493021036000
1493021037000
1493021038000
1493021039000
1493021040000
1493021041000
1493021042000
1493021043000
1493021044000
1493021045000
1493021046000
1493021047000
1493021048000
1493021049000
1493021050000
1493021051000
1493021052000
1493021053000
1493021054000
1493021055000
1493021056000
1493021057000
1493021058000
1493021059000
1493021060000
1493021061000
1493021062000
1493021063000
1493021064000
1493021065000
1493021066000
1493021067000
1493021068000
1493021069000
1493021070000
1493021071000
1493021072000
1493021073000
1493021074000
1493021075000
1493021076000
1493021077000
1493021078000
1493021079000
1493021080000
1493021081000
1493021082000
1493021083000
1493021084000
1493021085000
1493021086000
1493021087000
1493021088000
1493021089000
1493021090000
1493021091000
1493021092000
1493021093000
1493021094000
1493021095000
1493021096000
1493021097000
1493021098000
1493021099000
1493021100000
1493021101000
1493021102000
1493021103000
1493021104000
1493021105000
1493021106000
1493021107000
1493021108000
1493021109000
1493021110000
1493021111000
1493021112000
1493021113000
1493021114000
1493021115000
1493021116000
1493021117000
1493021118000
1493021119000
1493021120000
1493021121000
1493021122000
1493021123000
1493021124000
1493021125000
1493021126000
1493021127000
1493021128000
1493021129000
1493021130000
1493021131000
1493021132000
1493021133000
1493021134000
1493021135000
1493021136000
1493021137000
1493021138000
1493021139000
1493021140000
1493021141000
1493021142000
1493021143000
1493021144000
1493021145000
1493021146000
1493021147000
1493021148000
1493021149000
1493021150000
1493021151000
1493021152000
1493021153000
1493021154000
1493021155000
1493021156000
1493021157000
1493021158000
1493021159000
1493021160000
1493021161000
1493021162000
1493021163000
1493021164000
1493021165000
1493021166000
1493021167000
1493021168000
1493021169000
1493021170000
1493021171000
1493021172000
1493021173000
1493021174000
1493021175000
1493021176000
1493021177000
1493021178000
1493021179000
1493021180000
1493021181000
1493021182000
1493021183000
1493021184000
1493021185000
1493021186000
1493021187000
1493021188000
1493021189000
1493021190000
1493021191000
1493021192000
1493021193000
1493021194000
1493021195000
1493021196000
1493021197000
1493021198000
1493021199000
1493021200000
1493021201000
1493021202000
1493021203000
1493021204000
1493021205000
1493021206000
1493021207000
1493021208000
1493021209000
1493021210000
1493021211000
1493021212000
1493021213000
1493021214000
1493021215000
1493021216000
1493021217000
1493021218000
1493021219000
1493021220000
1493021221000
1493021222000
1493021223000
1493021224000
1493021225000
1493021226000
1493021227000
1493021228000
1493021229000
1493021230000
1493021231000
1493021232000
1493021233000
1493021234000
1493021235000
1493021236000
1493021237000
1493021238000
1493021239000
1493021240000
1493021241000
1493021242000
1493021243000
1493021244000
1493021245000
1493021246000
1493021247000
1493021248000
1493021249000
1493021250000
1493021251000
1493021252000
1493021253000
1493021254000
1493021255000
1493021256000
1493021257000
1493021258000
1493021259000
1493021260000
1493021261000
1493021262000
1493021263000
1493021264000
1493021265000
1493021266000
1493021267000
1493021268000
1493021269000
1493021270000
1493021271000
1493021272000
1493021273000
1493021274000
1493021275000
1493021276000
1493021277000
1493021278000
1493021279000
1493021280000
1493021281000
1493021282000
1493021283000
1493021284000
1493021285000
1493021286000
1493021287000
1493021288000
1493021289000
1493021290000
1493021291000
1493021292000
1493021293000
1493021294000
1493021295000
1493021296000
1493021297000
1493021298000
1493021299000
1493021300000
1493021301000
1493021302000
1493021303000
1493021304000
1493021305000
1493021306000
1493021307000
1493021308000
1493021309000
1493021310000
1493021311000
1493021312000
1493021313000
1493021314000
1493021315000
1493021316000
1493021317000
1493021318000
1493021319000
1493021320000
1493021321000
1493021322000
1493021323000
1493021324000
1493021325000
1493021326000
1493021327000
1493021328000
1493021329000
1493021330000
1493021331000
1493021332000
1493021333000
1493021334000
1493021335000
1493021336000
1493021337000
1493021338000
1493021339000
1493021340000
1493021341000
1493021342000
1493021343000
1493021344000
1493021345000
1493021346000
1493021347000
1493021348000
1493021349000
1493021350000
1493021351000
1493021352000
1493021353000
1493021354000
1493021355000
1493021356000
1493021357000
1493021358000
1493021359000
1493021360000
1493021361000
1493021362000
1493021363000
1493021364000
1493021365000
1493021366000
1493021367000
1493021368000
1493021369000
1493021370000
1493021371000
1493021372000
1493021373000
1493021374000
1493021375000
1493021376000
1493021377000
1493021378000
1493021379000
1493021380000
1493021381000
1493021382000
1493021383000
1493021384000
1493021385000
1493021386000
1493021387000
1493021388000
1493021389000
1493021390000
1493021391000
1493021392000
1493021393000
1493021394000
1493021395000
1493021396000
1493021397000
1493021398000
1493021399000
1493021400000
1493021401000
1493021402000
1493021403000
1493021404000
1493021405000
1493021406000
1493021407000
1493021408000
1493021409000
1493021410000
1493021411000
1493021412000
1493021413000
1493021414000
1493021415000
1493021416000
1493021417000
1493021418000
1493021419000
1493021420000
1493021421000
1493021422000
1493021423000
1493021424000
1493021425000
1493021426000
1493021427000
1493021428000
1493021429000
1493021430000
1493021431000
1493021432000
1493021433000
1493021434000
1493021435000
1493021436000
1493021437000
1493021438000
1493021439000
1493021440000
1493021441000
1493021442000
1493021443000
1493021444000
1493021445000
1493021446000
1493021447000
1493021448000
1493021449000
1493021450000
1493021451000
1493021452000
1493021453000
1493021454000
1493021455000
1493021456000
1493021457000
1493021458000
1493021459000
1493021460000
1493021461000
1493021462000
1493021463000
1493021464000
1493021465000
1493021466000
1493021467000
1493021468000
1493021469000
1493021470000
1493021471000
1493021472000
1493021473000
1493021474000
1493021475000
1493021476000
1493021477000
1493021478000
1493021479000
1493021480000
1493021481000
1493021482000
1493021483000
1493021484000
1493021485000
1493021486000
1493021487000
1493021488000
1493021489000
1493021490000
1493021491000
1493021492000
1493021493000
1493021494000
1493021495000
1493021496000
1493021497000
1493021498000
1493021499000
1493021500000
1493021501000
1493021502000
1493021503000
1493021504000
1493021505000
1493021506000
1493021507000
1493021508000
1493021509000
1493021510000
1493021511000
1493021512000
1493021513000
1493021514000
1493021515000
1493021516000
1493021517000
1493021518000
1493021519000
1493021520000
1493021521000
1493021522000
1493021523000
1493021524000
1493021525000
1493021526000
1493021527000
1493021528000
1493021529000
1493021530000
1493021531000
1493021532000
1493021533000
1493021534000
1493021535000
1493021536000
1493021537000
1493021538000
1493021539000
1493021540000
1493021541000
1493021542000
1493021543000
1493021544000
1493021545000
1493021546000
1493021547000
1493021548000
1493021549000
1493021550000
1493021551000
1493021552000
1493021553000
1493021554000
1493021555000
1493021556000
1493021557000
1493021558000
1493021559000
1493021560000
1493021561000
1493021562000
1493021563000
1493021564000
1493021565000
1493021566000
1493021567000
1493021568000
1493021569000
1493021570000
1493021571000
1493021572000
1493021573000
1493021574000
1493021575000
1493021576000
1493021577000
1493021578000
1493021579000
1493021580000
1493021581000
1493021582000
1493021583000
1493021584000
1493021585000
1493021586000
1493021587000
1493021588000
1493021589000
1493021590000
1493021591000
1493021592000
1493021593000
1493021594000
1493021595000
1493021596000
1493021597000
1493021598000
1493021599000
1493021600000
1493021601000
1493021602000
1493021603000
1493021604000
1493021605000
1493021606000
1493021607000
1493021608000
1493021609000
1493021610000
1493021611000
1493021612000
1493021613000
1493021614000
1493021615000
1493021616000
1493021617000
1493021618000
1493021619000
1493021620000
1493021621000
1493021622000
1493021623000
1493021624000
1493021625000
1493021626000
1493021627000
1493021628000
1493021629000
1493021630000
1493021631000
1493021632000
1493021633000
1493021634000
1493021635000
1493021636000
1493021637000
1493021638000
1493021639000
1493021640000
1493021641000
1493021642000
1493021643000
1493021644000
1493021645000
1493021646000
1493021647000
1493021648000
1493021649000
1493021650000
1493021651000
1493021652000
1493021653000
1493021654000
1493021655000
1493021656000
1493021657000
1493021658000
1493021659000
1493021660000
1493021661000
1493021662000
1493021663000
1493021664000
1493021665000
1493021666000
1493021667000
1493021668000
1493021669000
1493021670000
1493021671000
1493021672000
1493021673000
1493021674000
1493021675000
1493021676000
1493021677000
1493021678000
1493021679000
1493021680000
1493021681000
1493021682000
1493021683000
1493021684000
1493021685000
1493021686000
1493021687000
1493021688000
1493021689000
1493021690000
1493021691000
1493021692000
1493021693000
1493021694000
1493021695000
1493021696000
1493021697000
1493021698000
1493021699000
1493021700000
1493021701000
1493021702000
1493021703000
1493021704000
1493021705000
1493021706000
1493021707000
1493021708000
1493021709000
1493021710000
1493021711000
1493021712000
1493021713000
1493021714000
1493021715000
1493021716000
1493021717000
1493021718000
1493021719000
1493021720000
1493021721000
1493021722000
1493021723000
1493021724000
1493021725000
1493021726000
1493021727000
1493021728000
1493021729000
1493021730000
1493021731000
1493021732000
1493021733000
1493021734000
1493021735000
1493021736000
1493021737000
1493021738000
1493021739000
1493021740000
1493021741000
1493021742000
1493021743000
1493021744000
1493021745000
1493021746000
1493021747000
1493021748000
1493021749000
1493021750000
1493021751000
1493021752000
1493021753000
1493021754000
1493021755000
1493021756000
1493021757000
1493021758000
1493021759000
1493021760000
1493021761000
1493021762000
1493021763000
1493021764000
1493021765000
1493021766000
1493021767000
1493021768000
1493021769000
1493021770000
1493021771000
1493021772000
1493021773000
1493021774000
1493021775000
1493021776000
1493021777000
1493021778000
1493021779000
1493021780000
1493021781000
1493021782000
1493021783000
1493021784000
1493021785000
1493021786000
1493021787000
1493021788000
1493021789000
1493021790000
1493021791000
1493021792000
1493021793000
1493021794000
1493021795000
1493021796000
1493021797000
1493021798000
1493021799000
1493021800000
1493021801000
1493021802000
1493021803000
1493021804000
1493021805000
1493021806000
1493021807000
1493021808000
1493021809000
1493021810000
1493021811000
1493021812000
1493021813000
1493021814000
1493021815000
1493021816000
1493021817000
1493021818000
1493021819000
1493021820000
1493021821000
1493021822000
1493021823000
1493021824000
1493021825000
1493021826000
1493021827000
1493021828000
1493021829000
1493021830000
1493021831000
1493021832000
1493021833000
1493021834000
1493021835000
1493021836000
1493021837000
1493021838000
1493021839000
1493021840000
1493021841000
1493021842000
1493021843000
1493021844000
1493021845000
1493021846000
1493021847000
1493021848000
1493021849000
1493021850000
1493021851000
1493021852000
1493021853000
1493021854000
1493021855000
1493021856000
1493021857000
1493021858000
1493021859000
1493021860000
1493021861000
1493021862000
1493021863000
1493021864000
1493021865000
1493021866000
1493021867000
1493021868000
1493021869000
1493021870000
1493021871000
1493021872000
1493021873000
1493021874000
1493021875000
1493021876000
1493021877000
1493021878000
1493021879000
1493021880000
1493021881000
1493021882000
1493021883000
1493021884000
1493021885000
1493021886000
1493021887000
1493021888000
1493021889000
1493021890000
1493021891000
1493021892000
1493021893000
1493021894000
1493021895000
1493021896000
1493021897000
1493021898000
1493021899000
1493021900000
1493021901000
1493021902000
1493021903000
1493021904000
1493021905000
1493021906000
1493021907000
1493021908000
1493021909000
1493021910000
1493021911000
1493021912000
1493021913000
1493021914000
1493021915000
1493021916000
1493021917000
1493021918000
1493021919000
1493021920000
1493021921000
1493021922000
1493021923000
1493021924000
1493021925000
1493021926000
1493021927000
1493021928000
1493021929000
1493021930000
1493021931000
1493021932000
1493021933000
1493021934000
1493021935000
1493021936000
1493021937000
1493021938000
1493021939000
1493021940000
1493021941000
1493021942000
1493021943000
1493021944000
1493021945000
1493021946000
1493021947000
1493021948000
1493021949000
1493021950000
1493021951000
1493021952000
1493021953000
1493021954000
1493021955000
1493021956000
1493021957000
1493021958000
1493021959000
1493021960000
1493021961000
1493021962000
1493021963000
1493021964000
1493021965000
1493021966000
1493021967000
1493021968000
1493021969000
1493021970000
1493021971000
1493021972000
1493021973000
1493021974000
1493021975000
1493021976000
1493021977000
1493021978000
1493021979000
1493021980000
1493021981000
1493021982000
1493021983000
1493021984000
1493021985000
1493021986000
1493021987000
1493021988000
1493021989000
1493021990000
1493021991000
1493021992000
1493021993000
1493021994000
1493021995000
1493021996000
1493021997000
1493021998000
1493021999000
1493022000000
1493022001000
1493022002000
1493022003000
1493022004000
1493022005000
1493022006000
1493022007000
1493022008000
1493022009000
1493022010000
1493022011000
1493022012000
1493022013000
1493022014000
1493022015000
1493022016000
1493022017000
1493022018000
1493022019000
1493022020000
1493022021000
1493022022000
1493022023000
1493022024000
1493022025000
1493022026000
1493022027000
1493022028000
1493022029000
1493022030000
1493022031000
1493022032000
1493022033000
1493022034000
1493022035000
1493022036000
1493022037000
1493022038000
1493022039000
1493022040000
1493022041000
1493022042000
1493022043000
1493022044000
1493022045000
1493022046000
1493022047000
1493022048000
1493022049000
1493022050000
1493022051000
1493022052000
1493022053000
1493022054000
1493022055000
1493022056000
1493022057000
1493022058000
1493022059000
1493022060000
1493022061000
1493022062000
1493022063000
1493022064000
1493022065000
1493022066000
1493022067000
1493022068000
1493022069000
1493022070000
1493022071000
1493022072000
1493022073000
1493022074000
1493022075000
1493022076000
1493022077000
1493022078000
1493022079000
1493022080000
1493022081000
1493022082000
1493022083000
1493022084000
1493022085000
1493022086000
1493022087000
1493022088000
1493022089000
1493022090000
1493022091000
1493022092000
1493022093000
1493022094000
1493022095000
1493022096000
1493022097000
1493022098000
1493022099000
1493022100000
1493022101000
1493022102000
1493022103000
1493022104000
1493022105000
1493022106000
1493022107000
1493022108000
1493022109000
1493022110000
1493022111000
1493022112000
1493022113000
1493022114000
1493022115000
1493022116000
1493022117000
1493022118000
1493022119000
1493022120000
1493022121000
1493022122000
1493022123000
1493022124000
1493022125000
1493022126000
1493022127000
1493022128000
1493022129000
1493022130000
1493022131000
1493022132000
1493022133000
1493022134000
1493022135000
1493022136000
1493022137000
1493022138000
1493022139000
1493022140000
1493022141000
1493022142000
1493022143000
1493022144000
1493022145000
1493022146000
1493022147000
1493022148000
1493022149000
1493022150000
1493022151000
1493022152000
1493022153000
1493022154000
1493022155000
1493022156000
1493022157000
1493022158000
1493022159000
1493022160000
1493022161000
1493022162000
1493022163000
1493022164000
1493022165000
1493022166000
1493022167000
1493022168000
1493022169000
1493022170000
1493022171000
1493022172000
1493022173000
1493022174000
1493022175000
1493022176000
1493022177000
1493022178000
1493022179000
1493022180000
1493022181000
1493022182000
1493022183000
1493022184000
1493022185000
1493022186000
1493022187000
1493022188000
1493022189000
1493022190000
1493022191000
1493022192000
1493022193000
1493022194000
1493022195000
1493022196000
1493022197000
1493022198000
1493022199000
1493022200000
1493022201000
1493022202000
1493022203000
1493022204000
1493022205000
1493022206000
1493022207000
1493022208000
1493022209000
1493022210000
1493022211000
1493022212000
1493022213000
1493022214000
1493022215000
1493022216000
1493022217000
1493022218000
1493022219000
1493022220000
1493022221000
1493022222000
1493022223000
1493022224000
1493022225000
1493022226000
1493022227000
1493022228000
1493022229000
1493022230000
1493022231000
1493022232000
1493022233000
1493022234000
1493022235000
1493022236000
1493022237000
1493022238000
1493022239000
1493022240000
1493022241000
1493022242000
1493022243000
1493022244000
1493022245000
1493022246000
1493022247000
1493022248000
1493022249000
1493022250000
1493022251000
1493022252000
1493022253000
1493022254000
1493022255000
1493022256000
1493022257000
1493022258000
1493022259000
1493022260000
1493022261000
1493022262000
1493022263000
1493022264000
1493022265000
1493022266000
1493022267000
1493022268000
1493022269000
1493022270000
1493022271000
1493022272000
1493022273000
1493022274000
1493022275000
1493022276000
1493022277000
1493022278000
1493022279000
1493022280000
1493022281000
1493022282000
1493022283000
1493022284000
1493022285000
1493022286000
1493022287000
1493022288000
1493022289000
1493022290000
1493022291000
1493022292000
1493022293000
1493022294000
1493022295000
1493022296000
1493022297000
1493022298000
1493022299000
1493022300000
1493022301000
1493022302000
1493022303000
1493022304000
1493022305001
1493022306000
1493022307000
1493022308000
1493022309000
1493022310000
1493022311000
1493022312000
1493022313000
1493022314000
1493022315000
1493022316000
1493022317000
1493022318000
1493022319000
1493022320000
1493022321000
1493022322056
1493022323000
1493022324000
1493022325000
1493022326000
1493022327000
1493022328000
1493022329000
1493022330000
1493022331000
1493022332000
1493022333000
1493022334000
1493022335000
1493022336000
1493022337000
1493022338000
1493022339000
1493022340000
1493022341000
1493022342000
1493022343000
1493022344000
1493022345000
1493022346000
1493022347000
1493022348000
1493022349000
1493022350000
1493022351000
1493022352000
1493022353000
1493022354000
1493022355000
1493022356000
1493022357000
1493022358000
1493022359000
1493022360000
1493022361000
1493022362000
1493022363000
1493022364000
1493022365000
1493022366000
1493022367000
1493022368000
1493022369000
1493022370000
1493022371000
1493022372000
1493022373000
1493022374000
1493022375000
1493022376000
1493022377000
1493022378000
1493022379000
1493022380000
1493022381000
1493022382000
1493022383000
1493022384000
1493022385000
1493022386000
1493022387000
1493022388000
1493022389000
1493022390000
1493022391000
1493022392000
1493022393000
1493022394000
1493022395000
1493022396000
1493022397000
1493022398000
1493022399000
1493022400000
1493022401000
1493022402000
1493022403000
1493022404000
1493022405000
1493022406000
1493022407000
1493022408000
1493022409000
1493022410000
1493022411000
1493022412000
1493022413000
1493022414000
1493022415000
1493022416000
1493022417000
1493022418000
1493022419000
1493022420000
1493022421000
1493022422000
1493022423000
1493022424000
1493022425000
1493022426000
1493022427000
1493022428000
1493022429000
1493022430000
1493022431000
1493022432000
1493022433000
1493022434000
1493022435000
1493022436000
1493022437000
1493022438000
1493022439000
1493022440000
1493022441000
1493022442000
1493022443000
1493022444000
1493022445000
1493022446000
1493022447000
1493022448000
1493022449000
1493022450000
1493022451000
1493022452000
1493022453000
1493022454000
1493022455000
1493022456000
1493022457000
1493022458000
1493022459000
1493022460000
1493022461000
1493022462000
1493022463000
1493022464000
1493022465000
1493022466000
1493022467000
1493022468000
1493022469000
1493022470000
1493022471000
1493022472000
1493022473000
1493022474000
1493022475000
1493022476000
1493022477000
1493022478000
1493022479000
1493022480000
1493022481000
1493022482000
1493022483000
1493022484000
1493022485000
1493022486000
1493022487000
1493022488000
1493022489000
1493022490000
1493022491000
1493022492000
1493022493000
1493022494000
1493022495000
1493022496000
1493022497000
1493022498000
1493022499000
1493022500000
1493022501000
1493022502000
1493022503000
1493022504000
1493022505000
1493022506000
1493022507000
1493022508000
1493022509000
1493022510000
1493022511000
1493022512000
1493022513000
1493022514000
1493022515000
1493022516000
1493022517000
1493022518000
1493022519000
1493022520000
1493022521000
1493022522000
1493022523000
1493022524000
1493022525000
1493022526000
1493022527000
1493022528000
1493022529000
1493022530000
1493022531000
1493022532000
1493022533000
1493022534000
1493022535000
1493022536000
1493022537000
1493022538000
1493022539000
1493022540000
1493022541000
1493022542000
1493022543000
1493022544000
1493022545000
1493022546000
1493022547000
1493022548000
1493022549000
1493022550000
1493022551000
1493022552000
1493022553000
1493022554000
1493022555000
1493022556000
1493022557000
1493022558000
1493022559000
1493022560000
1493022561000
1493022562000
1493022563000
1493022564000
1493022565000
1493022566000
1493022567000
1493022568000
1493022569000
1493022570000
1493022571000
1493022572000
1493022573000
1493022574000
1493022575000
1493022576000
1493022577000
1493022578000
1493022579000
1493022580000
1493022581000
1493022582000
1493022583000
1493022584000
1493022585000
1493022586000
1493022587000
1493022588000
1493022589000
1493022590000
1493022591000
1493022592000
1493022593000
1493022594000
1493022595000
1493022596000
1493022597000
1493022598000
1493022599000
1493022600000
1493022601000
1493022602000
1493022603000
1493022604000
1493022605000
1493022606000
1493022607000
1493022608000
1493022609000
1493022610000
1493022611000
1493022612000
1493022613000
1493022614000
1493022615000
1493022616000
1493022617000
1493022618000
1493022619000
1493022620000
1493022621000
1493022622000
1493022623000
1493022624000
1493022625000
1493022626000
1493022627000
1493022628000
1493022629000
1493022630000
1493022631000
1493022632000
1493022633000
1493022634000
1493022635000
1493022636000
1493022637000
1493022638000
1493022639000
1493022640000
1493022641000
1493022642000
1493022643000
1493022644000
1493022645000
1493022646000
1493022647000
1493022648000
1493022649000
1493022650000
1493022651000
1493022652000
1493022653000
1493022654000
1493022655000
1493022656000
1493022657000
1493022658000
1493022659000
1493022660000
1493022661000
1493022662000
1493022663000
1493022664000
1493022665000
1493022666000
1493022667000
1493022668000
1493022669000
1493022670000
1493022671000
1493022672000
1493022673000
1493022674000
1493022675000
1493022676000
1493022677000
1493022678000
1493022679000
1493022680000
1493022681000
1493022682000
1493022683000
1493022684000
1493022685000
1493022686000
1493022687000
1493022688000
1493022689000
1493022690000
1493022691000
1493022692000
1493022693000
1493022694000
1493022695000
1493022696000
1493022697000
1493022698000
1493022699000
1493022700000
1493022701000
1493022702000
1493022703000
1493022704000
1493022705000
1493022706000
1493022707000
1493022708000
1493022709000
1493022710000
1493022711000
1493022712000
1493022713000
1493022714000
1493022715000
1493022716000
1493022717000
1493022718000
1493022719000
1493022720000
1493022721000
1493022722000
1493022723000
1493022724000
1493022725000
1493022726000
1493022727000
1493022728000
1493022729000
1493022730000
1493022731000
1493022732000
1493022733000
1493022734000
1493022735000
1493022736000
1493022737000
1493022738000
1493022739000
1493022740000
1493022741000
1493022742000
1493022743000
1493022744000
1493022745000
1493022746000
1493022747000
1493022748000
1493022749000
1493022750000
1493022751000
1493022752000
1493022753000
1493022754000
1493022755000
1493022756000
1493022757000
1493022758000
1493022759000
1493022760000
1493022761000
1493022762000
1493022763000
1493022764000
1493022765000
1493022766000
1493022767000
1493022768000
1493022769000
1493022770000
1493022771000
1493022772000
1493022773000
1493022774000
1493022775000
1493022776000
1493022777000
1493022778000
1493022779000
1493022780000
1493022781000
1493022782000
1493022783000
1493022784000
1493022785000
1493022786000
1493022787000
1493022788000
1493022789000
1493022790000
1493022791000
1493022792000
1493022793000
1493022794000
1493022795000
1493022796000
1493022797000
1493022798000
1493022799000
1493022800000
1493022801000
1493022802000
1493022803000
1493022804000
1493022805000
1493022806000
1493022807000
1493022808000
1493022809000
1493022810000
1493022811000
1493022812000
1493022813000
1493022814000
1493022815000
1493022816000
1493022817000
1493022818000
1493022819000
1493022820000
1493022821000
1493022822000
1493022823000
1493022824000
1493022825000
1493022826000
1493022827000
1493022828000
1493022829000
1493022830000
1493022831000
1493022832000
1493022833000
1493022834000
1493022835000
1493022836000
1493022837000
1493022838000
1493022839000
1493022840000
1493022841000
1493022842000
1493022843000
1493022844000
1493022845000
1493022846000
1493022847000
1493022848000
1493022849000
1493022850000
1493022851000
1493022852000
1493022853000
1493022854000
1493022855000
1493022856000
1493022857000
1493022858000
1493022859000
1493022860000
1493022861000
1493022862000
1493022863000
1493022864000
1493022865000
1493022866000
1493022867000
1493022868000
1493022869000
1493022870000
1493022871000
1493022872000
1493022873000
1493022874000
1493022875000
1493022876000
1493022877000
1493022878000
1493022879000
1493022880000
1493022881000
1493022882000
1493022883000
1493022884000
1493022885000
1493022886000
1493022887000
1493022888000
1493022889000
1493022890000
1493022891000
1493022892000
1493022893000
1493022894000
1493022895000
1493022896000
1493022897000
1493022898000
1493022899000
1493022900000
1493022901000
1493022902000
1493022903000
1493022904000
1493022905000
1493022906000
1493022907000
1493022908000
1493022909000
1493022910000
1493022911000
1493022912000
1493022913000
1493022914000
1493022915000
1493022916000
1493022917000
1493022918000
1493022919000
1493022920000
1493022921000
1493022922000
1493022923000
1493022924000
1493022925000
1493022926000
1493022927000
1493022928000
1493022929000
1493022930000
1493022931000
1493022932000
1493022933000
1493022934000
1493022935000
1493022936000
1493022937000
1493022938000
1493022939000
1493022940000
1493022941000
1493022942000
1493022943000
1493022944000
1493022945000
1493022946000
1493022947000
1493022948000
1493022949000
1493022950000
1493022951000
1493022952000
1493022953000
1493022954000
1493022955000
1493022956000
1493022957000
1493022958000
1493022959000
1493022960000
1493022961000
1493022962000
1493022963000
1493022964000
1493022965000
1493022966000
1493022967000
1493022968000
1493022969000
1493022970000
1493022971000
1493022972000
1493022973000
1493022974000
1493022975000
1493022976000
1493022977000
1493022978000
1493022979000
1493022980000
1493022981000
1493022982000
1493022983000
1493022984000
1493022985000
1493022986000
1493022987000
1493022988000
1493022989000
1493022990000
1493022991000
1493022992000
1493022993000
1493022994000
1493022995000
1493022996000
1493022997000
1493022998000
1493022999000
1493023000000
1493023001000
1493023002000
1493023003000
1493023004000
1493023005000
1493023006000
1493023007000
1493023008000
1493023009000
1493023010000
1493023011000
1493023012000
1493023013000
1493023014000
1493023015000
1493023016001
1493023017000
1493023018000
1493023019000
1493023020000
1493023021000
1493023022000
1493023023000
1493023024000
1493023025000
1493023026000
1493023027000
1493023028000
1493023029000
1493023030000
1493023031000
1493023032000
1493023033000
1493023034000
1493023035000
1493023036000
1493023037000
1493023038000
1493023039000
1493023040000
1493023041000
1493023042000
1493023043000
1493023044000
1493023045000
1493023046000
1493023047000
1493023048000
1493023049000
1493023050000
1493023051000
1493023052000
1493023053000
1493023054000
1493023055000
1493023056000
1493023057000
1493023058000
1493023059000
1493023060000
1493023061000
1493023062000
1493023063000
1493023064000
1493023065000
1493023066000
1493023067000
1493023068000
1493023069000
1493023070000
1493023071000
1493023072000
1493023073000
1493023074000
1493023075000
1493023076000
1493023077000
1493023078000
1493023079000
1493023080000
1493023081000
1493023082000
1493023083000
1493023084000
1493023085000
1493023086000
1493023087000
1493023088000
1493023089000
1493023090000
1493023091000
1493023092000
1493023093000
1493023094000
1493023095000
1493023096000
1493023097000
1493023098000
1493023099000
1493023100000
1493023101000
1493023102000
1493023103000
1493023104000
1493023105000
1493023106000
1493023107000
1493023108000
1493023109000
1493023110000
1493023111000
1493023112000
1493023113000
1493023114000
1493023115000
1493023116000
1493023117000
1493023118000
1493023119000
1493023120000
1493023121000
1493023122000
1493023123000
1493023124000
1493023125000
1493023126000
1493023127000
1493023128000
1493023129000
1493023130000
1493023131000
1493023132000
1493023133000
1493023134000
1493023135000
1493023136000
1493023137000
1493023138000
1493023139000
1493023140000
1493023141000
1493023142000
1493023143000
1493023144000
1493023145000
1493023146000
1493023147000
1493023148000
1493023149000
1493023150000
1493023151000
1493023152000
1493023153000
1493023154000
1493023155000
1493023156000
1493023157000
1493023158000
1493023159000
1493023160000
1493023161000
1493023162000
1493023163000
1493023164000
1493023165000
1493023166000
1493023167000
1493023168000
1493023169000
1493023170000
1493023171000
1493023172000
1493023173000
1493023174000
1493023175000
1493023176000
1493023177000
1493023178000
1493023179000
1493023180000
1493023181000
1493023182000
1493023183000
1493023184000
1493023185000
1493023186000
1493023187000
1493023188000
1493023189000
1493023190000
1493023191000
1493023192000
1493023193000
1493023194000
1493023195000
1493023196000
1493023197000
1493023198000
1493023199000
1493023200000
1493023201000
1493023202000
1493023203000
1493023204000
1493023205000
1493023206000
1493023207000
1493023208000
1493023209000
1493023210000
1493023211000
1493023212000
1493023213000
1493023214000
1493023215000
1493023216000
1493023217000
1493023218000
1493023219000
1493023220000
1493023221000
1493023222000
1493023223000
1493023224000
1493023225000
1493023226000
1493023227000
1493023228000
1493023229000
1493023230003
1493023231000
1493023232000
1493023233000
1493023234000
1493023235000
1493023236000
1493023237000
1493023238000
1493023239000
1493023240000
1493023241000
1493023242000
1493023243000
1493023244000
1493023245000
1493023246000
1493023247000
1493023248000
1493023249000
1493023250000
1493023251000
1493023252000
1493023253000
1493023254000
1493023255000
1493023256000
1493023257000
1493023258000
1493023259000
1493023260000
1493023261000
1493023262000
1493023263000
1493023264000
1493023265000
1493023266000
1493023267000
1493023268000
1493023269000
1493023270000
1493023271000
1493023272000
1493023273000
1493023274000
1493023275000
1493023276000
1493023277000
1493023278000
1493023279000
1493023280000
1493023281000
1493023282000
1493023283000
1493023284000
1493023285000
1493023286000
1493023287000
1493023288000
1493023289000
1493023290000
1493023291000
1493023292000
1493023293000
1493023294000
1493023295000
1493023296000
1493023297000
1493023298000
1493023299000
1493023300000
1493023301000
1493023302000
1493023303000
1493023304000
1493023305001
1493023306000
1493023307000
1493023308000
1493023309000
1493023310000
1493023311000
1493023312000
1493023313000
1493023314000
1493023315000
1493023316000
1493023317000
1493023318000
1493023319000
1493023320000
1493023321000
1493023322000
1493023323000
1493023324000
1493023325000
1493023326000
1493023327000
1493023328000
1493023329000
1493023330000
1493023331000
1493023332000
1493023333000
1493023334000
1493023335000
1493023336000
1493023337000
1493023338000
1493023339000
1493023340000
1493023341000
1493023342000
1493023343000
1493023344000
1493023345000
1493023346000
1493023347000
1493023348000
1493023349000
1493023350000
1493023351000
1493023352000
1493023353000
1493023354000
1493023355000
1493023356000
1493023357000
1493023358000
1493023359000
1493023360000
1493023361000
1493023362000
1493023363000
1493023364000
1493023365000
1493023366000
1493023367000
1493023368000
1493023369000
1493023370000
1493023371000
1493023372000
1493023373000
1493023374000
1493023375000
1493023376000
1493023377000
1493023378000
1493023379000
1493023380000
1493023381000
1493023382000
1493023383000
1493023384000
1493023385000
1493023386000
1493023387000
1493023388000
1493023389000
1493023390000
1493023391000
1493023392000
1493023393000
1493023394000
1493023395002
1493023396000
1493023397000
1493023398000
1493023399000
1493023400000
1493023401000
1493023402000
1493023403000
1493023404000
1493023405000
1493023406000
1493023407000
1493023408000
1493023409000
1493023410000
1493023411000
1493023412000
1493023413000
1493023414000
1493023415000
1493023416000
1493023417000
1493023418000
1493023419000
1493023420000
1493023421000
1493023422000
1493023423000
1493023424000
1493023425000
1493023426000
1493023427000
1493023428000
1493023429000
1493023430000
1493023431000
1493023432000
1493023433000
1493023434000
1493023435000
1493023436000
1493023437000
1493023438000
1493023439000
1493023440000
1493023441000
1493023442000
1493023443000
1493023444000
1493023445000
1493023446000
1493023447000
1493023448000
1493023449000
1493023450000
1493023451000
1493023452000
1493023453000
1493023454000
1493023455000
1493023456000
1493023457000
1493023458000
1493023459000
1493023460000
1493023461000
1493023462000
1493023463000
1493023464000
1493023465000
1493023466000
1493023467000
1493023468000
1493023469000
1493023470000
1493023471000
1493023472000
1493023473000
1493023474000
1493023475000
1493023476000
1493023477000
1493023478000
1493023479000
1493023480000
1493023481000
1493023482000
1493023483000
1493023484000
1493023485000
1493023486000
1493023487000
1493023488000
1493023489000
1493023490000
1493023491000
1493023492000
1493023493000
1493023494000
1493023495000
1493023496000
1493023497000
1493023498000
1493023499000
1493023500000
1493023501000
1493023502000
1493023503000
1493023504000
1493023505000
1493023506000
1493023507000
1493023508000
1493023509000
1493023510000
1493023511000
1493023512000
1493023513000
1493023514000
1493023515000
1493023516000
1493023517000
1493023518000
1493023519000
1493023520000
1493023521000
1493023522000
1493023523000
1493023524000
1493023525000
1493023526000
1493023527000
1493023528000
1493023529000
1493023530000
1493023531000
1493023532000
1493023533000
1493023534000
1493023535000
1493023536000
1493023537000
1493023538000
1493023539000
1493023540000
1493023541000
1493023542000
1493023543000
1493023544000
1493023545000
1493023546000
1493023547000
1493023548000
1493023549000
1493023550000
1493023551000
1493023552000
1493023553000
1493023554000
1493023555000
1493023556000
1493023557000
1493023558000
1493023559000
1493023560000
1493023561000
1493023562000
1493023563000
1493023564000
1493023565000
1493023566000
1493023567000
1493023568000
1493023569000
1493023570000
1493023571000
1493023572000
1493023573000
1493023574000
1493023575000
1493023576000
1493023577000
1493023578000
1493023579000
1493023580000
1493023581000
1493023582000
1493023583000
1493023584000
1493023585000
1493023586000
1493023587000
1493023588000
1493023589000
1493023590000
1493023591000
1493023592000
1493023593000
1493023594000
1493023595000
1493023596000
1493023597000
1493023598000
1493023599000
1493023600000
1493023601000
1493023602000
1493023603000
1493023604000
1493023605000
1493023606000
1493023607000
1493023608000
1493023609000
1493023610000
1493023611000
1493023612000
1493023613000
1493023614000
1493023615000
1493023616000
1493023617000
1493023618000
1493023619000
1493023620000
1493023621000
1493023622000
1493023623000
1493023624000
1493023625000
1493023626000
1493023627000
1493023628000
1493023629000
1493023630000
1493023631000
1493023632000
1493023633000
1493023634000
1493023635000
1493023636000
1493023637000
1493023638000
1493023639000
1493023640000
1493023641000
1493023642000
1493023643000
1493023644000
1493023645000
1493023646000
1493023647000
1493023648000
1493023649000
1493023650000
1493023651000
1493023652000
1493023653000
1493023654000
1493023655000
1493023656000
1493023657000
1493023658000
1493023659000
1493023660000
1493023661000
1493023662000
1493023663000
1493023664000
1493023665000
1493023666000
1493023667000
1493023668000
1493023669000
1493023670000
1493023671000
1493023672000
1493023673000
1493023674000
1493023675000
1493023676000
1493023677000
1493023678000
1493023679000
1493023680000
1493023681000
1493023682000
1493023683000
1493023684000
1493023685000
1493023686000
1493023687000
1493023688000
1493023689000
1493023690000
1493023691000
1493023692000
1493023693000
1493023694000
1493023695000
1493023696000
1493023697000
1493023698000
1493023699000
1493023700000
1493023701000
1493023702000
1493023703000
1493023704000
1493023705000
1493023706000
1493023707000
1493023708000
1493023709000
1493023710000
1493023711000
1493023712000
1493023713000
1493023714000
1493023715000
1493023716000
1493023717000
1493023718000
1493023719000
1493023720000
1493023721000
1493023722000
1493023723000
1493023724000
1493023725000
1493023726000
1493023727000
1493023728000
1493023729000
1493023730000
1493023731000
1493023732000
1493023733000
1493023734000
1493023735000
1493023736000
1493023737000
1493023738000
1493023739000
1493023740000
1493023741000
1493023742000
1493023743000
1493023744000
1493023745001
1493023746000
1493023747001
1493023748000
1493023749000
1493023750000
1493023751000
1493023752000
1493023753000
1493023754000
1493023755000
1493023756000
1493023757000
1493023758000
1493023759000
1493023760000
1493023761000
1493023762000
1493023763000
1493023764000
1493023765000
1493023766000
1493023767000
1493023768000
1493023769000
1493023770000
1493023771000
1493023772000
1493023773000
1493023774000
1493023775000
1493023776000
1493023777000
1493023778000
1493023779000
1493023780000
1493023781000
1493023782000
1493023783000
1493023784000
1493023785000
1493023786000
1493023787000
1493023788000
1493023789000
1493023790000
1493023791000
1493023792000
1493023793000
1493023794000
1493023795000
1493023796000
1493023797000
1493023798000
1493023799000
1493023800000
1493023801000
1493023802000
1493023803000
1493023804000
1493023805000
1493023806001
1493023807000
1493023808000
1493023809000
1493023810000
1493023811000
1493023812000
1493023813000
1493023814000
1493023815000
1493023816000
1493023817000
1493023818000
1493023819000
1493023820000
1493023821000
1493023822000
1493023823000
1493023824000
1493023825000
1493023826000
1493023827000
1493023828000
1493023829000
1493023830000
1493023831000
1493023832000
1493023833000
1493023834000
1493023835000
1493023836000
1493023837000
1493023838000
1493023839000
1493023840000
1493023841000
1493023842000
1493023843000
1493023844000
1493023845000
1493023846000
1493023847000
1493023848000
1493023849000
1493023850000
1493023851000
1493023852000
1493023853000
1493023854000
1493023855000
1493023856000
1493023857000
1493023858000
1493023859000
1493023860000
1493023861000
1493023862000
1493023863000
1493023864000
1493023865000
1493023866000
1493023867000
1493023868000
1493023869000
1493023870000
1493023871000
1493023872000
1493023873000
1493023874000
1493023875000
1493023876000
1493023877000
1493023878000
1493023879000
1493023880000
1493023881000
1493023882000
1493023883000
1493023884000
1493023885000
1493023886000
1493023887000
1493023888000
1493023889000
1493023890000
1493023891000
1493023892000
1493023893000
1493023894000
1493023895000
1493023896000
1493023897000
1493023898000
1493023899000
1493023900000
1493023901000
1493023902000
1493023903000
1493023904000
1493023905000
1493023906000
1493023907000
1493023908000
1493023909000
1493023910000
1493023911000
1493023912000
1493023913000
1493023914000
1493023915000
1493023916000
1493023917000
1493023918000
1493023919000
1493023920000
1493023921000
1493023922000
1493023923000
1493023924000
1493023925000
1493023926000
1493023927000
1493023928000
1493023929000
1493023930000
1493023931000
1493023932000
1493023933000
1493023934000
1493023935000
1493023936000
1493023937000
1493023938000
1493023939000
1493023940000
1493023941000
1493023942000
1493023943000
1493023944000
1493023945000
1493023946000
1493023947000
1493023948000
1493023949000
1493023950000
1493023951000
1493023952000
1493023953000
1493023954000
1493023955000
1493023956000
1493023957000
1493023958000
1493023959000
1493023960000
1493023961000
1493023962000
1493023963000
1493023964000
1493023965000
1493023966000
1493023967000
1493023968000
1493023969000
1493023970000
1493023971000
1493023972000
1493023973000
1493023974000
1493023975000
1493023976000
1493023977000
1493023978000
1493023979000
1493023980000
1493023981000
1493023982000
1493023983000
1493023984000
1493023985000
1493023986000
1493023987000
1493023988000
1493023989000
1493023990000
1493023991000
1493023992000
1493023993000
1493023994000
1493023995000
1493023996000
1493023997000
1493023998000
1493023999000
1493024000000
1493024001000
1493024002000
1493024003000
1493024004000
1493024005000
1493024006000
1493024007000
1493024008000
1493024009000
1493024010000
1493024011000
1493024012000
1493024013000
1493024014000
1493024015000
1493024016000
1493024017000
1493024018000
1493024019000
1493024020000
1493024021000
1493024022000
1493024023000
1493024024000
1493024025000
1493024026000
1493024027000
1493024028000
1493024029000
1493024030000
1493024031000
1493024032000
1493024033000
1493024034000
1493024035000
1493024036000
1493024037000
1493024038000
1493024039000
1493024040000
1493024041000
1493024042000
1493024043000
1493024044000
1493024045000
1493024046000
1493024047000
1493024048000
1493024049000
1493024050000
1493024051000
1493024052000
1493024053000
1493024054000
1493024055000
1493024056000
1493024057000
1493024058000
1493024059000
1493024060000
1493024061000
1493024062000
1493024063000
1493024064000
1493024065000
1493024066000
1493024067000
1493024068000
1493024069000
1493024070000
1493024071000
1493024072000
1493024073000
1493024074000
1493024075000
1493024076000
1493024077000
1493024078000
1493024079000
1493024080000
1493024081000
1493024082000
1493024083000
1493024084000
1493024085000
1493024086000
1493024087000
1493024088000
1493024089000
1493024090000
1493024091000
1493024092000
1493024093000
1493024094000
1493024095000
1493024096000
1493024097000
1493024098000
1493024099000
1493024100000
1493024101000
1493024102000
1493024103000
1493024104000
1493024105004
1493024106000
1493024107000
1493024108000
1493024109000
1493024110000
1493024111000
1493024112000
1493024113000
1493024114000
1493024115000
1493024116000
1493024117000
1493024118000
1493024119000
1493024120000
1493024121000
1493024122000
1493024123000
1493024124000
1493024125000
1493024126000
1493024127000
1493024128000
1493024129000
1493024130000
1493024131000
1493024132000
1493024133000
1493024134000
1493024135000
1493024136000
1493024137000
1493024138000
1493024139000
1493024140000
1493024141000
1493024142000
1493024143000
1493024144000
1493024145000
1493024146000
1493024147000
1493024148000
1493024149000
1493024150000
1493024151000
1493024152000
1493024153000
1493024154000
1493024155000
1493024156000
1493024157000
1493024158000
1493024159000
1493024160000
1493024161000
1493024162000
1493024163000
1493024164000
1493024165000
1493024166000
1493024167000
1493024168000
1493024169000
1493024170000
1493024171000
1493024172000
1493024173000
1493024174000
1493024175000
1493024176000
1493024177000
1493024178000
1493024179000
1493024180000
1493024181000
1493024182000
1493024183000
1493024184000
1493024185000
1493024186000
1493024187000
1493024188000
1493024189000
1493024190000
1493024191000
1493024192000
1493024193000
1493024194000
1493024195000
1493024196000
1493024197000
1493024198012
1493024199000
1493024200000
1493024201000
1493024202000
1493024203000
1493024204000
1493024205000
1493024206000
1493024207000
1493024208000
1493024209000
1493024210000
1493024211000
1493024212000
1493024213000
1493024214000
1493024215000
1493024216000
1493024217000
1493024218000
1493024219000
1493024220000
1493024221000
1493024222000
1493024223000
1493024224000
1493024225000
1493024226000
1493024227000
1493024228000
1493024229000
1493024230000
1493024231000
1493024232000
1493024233000
1493024234000
1493024235000
1493024236000
1493024237000
1493024238000
1493024239000
1493024240000
1493024241000
1493024242000
1493024243000
1493024244000
1493024245000
1493024246000
1493024247000
1493024248000
1493024249000
1493024250000
1493024251000
1493024252000
1493024253000
1493024254000
1493024255000
1493024256000
1493024257000
1493024258000
1493024259000
1493024260000
1493024261000
1493024262000
1493024263000
1493024264000
1493024265000
1493024266000
1493024267000
1493024268000
1493024269000
1493024270000
1493024271000
1493024272000
1493024273000
1493024274000
1493024275000
1493024276000
1493024277000
1493024278000
1493024279000
1493024280000
1493024281000
1493024282000
1493024283000
1493024284000
1493024285000
1493024286000
1493024287000
1493024288000
1493024289000
1493024290000
1493024291000
1493024292000
1493024293000
1493024294000
1493024295000
1493024296000
1493024297000
1493024298000
1493024299000
1493024300000
1493024301000
1493024302000
1493024303000
1493024304000
1493024305000
1493024306000
1493024307000
1493024308000
1493024309000
1493024310000
1493024311000
1493024312000
1493024313000
1493024314000
1493024315000
1493024316000
1493024317000
1493024318000
1493024319000
1493024320000
1493024321000
1493024322000
1493024323000
1493024324000
1493024325000
1493024326000
1493024327000
1493024328000
1493024329000
1493024330000
1493024331000
1493024332000
1493024333000
1493024334000
1493024335000
1493024336000
1493024337000
1493024338000
1493024339000
1493024340000
1493024341000
1493024342000
1493024343000
1493024344000
1493024345000
1493024346000
1493024347000
1493024348000
1493024349000
1493024350000
1493024351000
1493024352000
1493024353000
1493024354000
1493024355000
1493024356000
1493024357000
1493024358000
1493024359001
1493024360000
1493024361000
1493024362000
1493024363000
1493024364000
1493024365000
1493024366000
1493024367000
1493024368000
1493024369000
1493024370002
1493024371000
1493024372000
1493024373000
1493024374000
1493024375000
1493024376000
1493024377000
1493024378000
1493024379000
1493024380000
1493024381000
1493024382000
1493024383000
1493024384000
1493024385000
1493024386000
1493024387000
1493024388000
1493024389000
1493024390000
1493024391000
1493024392000
1493024393000
1493024394000
1493024395000
1493024396000
1493024397000
1493024398000
1493024399000
1493024400000
1493024401000
1493024402000
1493024403000
1493024404000
1493024405000
1493024406000
1493024407000
1493024408000
1493024409000
1493024410000
1493024411000
1493024412000
1493024413000
1493024414000
1493024415000
1493024416000
1493024417000
1493024418000
1493024419000
1493024420000
1493024421000
1493024422000
1493024423000
1493024424000
1493024425000
1493024426000
1493024427000
1493024428000
1493024429000
1493024430000
1493024431000
1493024432000
1493024433000
1493024434000
1493024435000
1493024436000
1493024437000
1493024438000
1493024439000
1493024440000
1493024441000
1493024442000
1493024443000
1493024444000
1493024445000
1493024446000
1493024447000
1493024448000
1493024449000
1493024450000
1493024451000
1493024452000
1493024453000
1493024454000
1493024455000
1493024456000
1493024457000
1493024458000
1493024459000
1493024460000
1493024461000
1493024462000
1493024463000
1493024464000
1493024465000
1493024466000
1493024467000
1493024468000
1493024469000
1493024470000
1493024471000
1493024472000
1493024473000
1493024474000
1493024475000
1493024476000
1493024477000
1493024478000
1493024479000
1493024480000
1493024481000
1493024482000
1493024483000
1493024484000
1493024485000
1493024486000
1493024487000
1493024488000
1493024489000
1493024490000
1493024491000
1493024492000
1493024493000
1493024494000
1493024495000
1493024496000
1493024497000
1493024498000
1493024499000
1493024500000
1493024501000
1493024502000
1493024503000
1493024504000
1493024505000
1493024506000
1493024507000
1493024508000
1493024509000
1493024510000
1493024511000
1493024512000
1493024513000
1493024514000
1493024515000
1493024516000
1493024517000
1493024518000
1493024519000
1493024520000
1493024521000
1493024522000
1493024523000
1493024524000
1493024525000
1493024526000
1493024527000
1493024528054
1493024529000
1493024530000
1493024531000
1493024532000
1493024533000
1493024534000
1493024535000
1493024536000
1493024537000
1493024538000
1493024539000
1493024540000
1493024541000
1493024542000
1493024543000
1493024544000
1493024545000
1493024546000
1493024547000
1493024548000
1493024549000
1493024550000
1493024551000
1493024552000
1493024553000
1493024554000
1493024555000
1493024556000
1493024557000
1493024558000
1493024559000
1493024560000
1493024561000
1493024562000
1493024563000
1493024564000
1493024565000
1493024566000
1493024567000
1493024568000
1493024569000
1493024570000
1493024571000
1493024572000
1493024573000
1493024574000
1493024575000
1493024576000
1493024577000
1493024578000
1493024579000
1493024580000
1493024581000
1493024582000
1493024583000
1493024584000
1493024585000
1493024586000
1493024587000
1493024588000
1493024589000
1493024590000
1493024591000
1493024592000
1493024593000
1493024594000
1493024595000
1493024596000
1493024597000
1493024598000
1493024599000
1493024600000
1493024601000
1493024602000
1493024603000
1493024604000
1493024605000
1493024606000
1493024607000
1493024608000
1493024609000
1493024610000
1493024611000
1493024612000
1493024613000
1493024614000
1493024615000
1493024616000
1493024617000
1493024618000
1493024619000
1493024620000
1493024621000
1493024622000
1493024623000
1493024624000
1493024625000
1493024626000
1493024627000
1493024628000
1493024629000
1493024630000
1493024631000
1493024632000
1493024633000
1493024634000
1493024635000
1493024636000
1493024637000
1493024638000
1493024639000
1493024640000
1493024641000
1493024642000
1493024643000
1493024644000
1493024645000
1493024646000
1493024647000
1493024648000
1493024649000
1493024650000
1493024651000
1493024652000
1493024653000
1493024654000
1493024655000
1493024656000
1493024657000
1493024658000
1493024659000
1493024660000
1493024661000
1493024662000
1493024663000
1493024664000
1493024665000
1493024666000
1493024667000
1493024668000
1493024669000
1493024670000
1493024671000
1493024672000
1493024673000
1493024674000
1493024675000
1493024676000
1493024677000
1493024678000
1493024679000
1493024680000
1493024681000
1493024682000
1493024683000
1493024684000
1493024685000
1493024686000
1493024687000
1493024688000
1493024689000
1493024690000
1493024691000
1493024692000
1493024693000
1493024694000
1493024695000
1493024696000
1493024697000
1493024698000
1493024699000
1493024700000
1493024701000
1493024702000
1493024703000
1493024704000
1493024705000
1493024706000
1493024707000
1493024708000
1493024709000
1493024710000
1493024711000
1493024712000
1493024713000
1493024714000
1493024715000
1493024716000
1493024717000
1493024718000
1493024719000
1493024720000
1493024721000
1493024722000
1493024723000
1493024724000
1493024725000
1493024726000
1493024727000
1493024728000
1493024729000
1493024730000
1493024731000
1493024732000
1493024733000
1493024734000
1493024735000
1493024736000
1493024737000
1493024738000
1493024739000
1493024740000
1493024741000
1493024742000
1493024743000
1493024744000
1493024745000
1493024746000
1493024747000
1493024748000
1493024749000
1493024750000
1493024751000
1493024752000
1493024753000
1493024754000
1493024755000
1493024756000
1493024757000
1493024758000
1493024759000
1493024760000
1493024761000
1493024762000
1493024763000
1493024764000
1493024765000
1493024766000
1493024767000
1493024768000
1493024769000
1493024770000
1493024771000
1493024772000
1493024773000
1493024774000
1493024775000
1493024776000
1493024777000
1493024778000
1493024779000
1493024780000
1493024781000
1493024782000
1493024783000
1493024784000
1493024785000
1493024786000
1493024787000
1493024788000
1493024789000
1493024790000
1493024791000
1493024792000
1493024793000
1493024794000
1493024795000
1493024796000
1493024797000
1493024798000
1493024799000
1493024800000
1493024801000
1493024802000
1493024803000
1493024804000
1493024805000
1493024806000
1493024807000
1493024808000
1493024809000
1493024810000
1493024811000
1493024812000
1493024813000
1493024814000
1493024815000
1493024816000
1493024817000
1493024818000
1493024819000
1493024820000
1493024821000
1493024822000
1493024823000
1493024824000
1493024825000
1493024826000
1493024827000
1493024828000
1493024829000
1493024830000
1493024831000
1493024832000
1493024833000
1493024834000
1493024835000
1493024836000
1493024837000
1493024838000
1493024839000
1493024840000
1493024841000
1493024842000
1493024843000
1493024844000
1493024845000
1493024846000
1493024847000
1493024848000
1493024849000
1493024850000
1493024851000
1493024852000
1493024853000
1493024854000
1493024855000
1493024856000
1493024857000
1493024858000
1493024859000
1493024860000
1493024861000
1493024862000
1493024863000
1493024864000
1493024865000
1493024866000
1493024867000
1493024868000
1493024869000
1493024870000
1493024871000
1493024872000
1493024873000
1493024874000
1493024875000
1493024876000
1493024877000
1493024878000
1493024879000
1493024880000
1493024881000
1493024882000
1493024883000
1493024884000
1493024885000
1493024886000
1493024887000
1493024888000
1493024889000
1493024890000
1493024891000
1493024892000
1493024893000
1493024894000
1493024895000
1493024896000
1493024897000
1493024898000
1493024899001
1493024900000
1493024901000
1493024902000
1493024903000
1493024904000
1493024905000
1493024906000
1493024907000
1493024908000
1493024909000
1493024910000
1493024911000
1493024912000
1493024913000
1493024914000
1493024915000
1493024916000
1493024917000
1493024918000
1493024919000
1493024920000
1493024921000
1493024922000
1493024923000
1493024924000
1493024925000
1493024926000
1493024927000
1493024928000
1493024929000
1493024930000
1493024931000
1493024932000
1493024933000
1493024934000
1493024935000
1493024936000
1493024937000
1493024938000
1493024939000
1493024940000
1493024941000
1493024942000
1493024943000
1493024944000
1493024945000
1493024946000
1493024947000
1493024948000
1493024949000
1493024950000
1493024951000
1493024952000
1493024953000
1493024954000
1493024955000
1493024956000
1493024957000
1493024958000
1493024959000
1493024960000
1493024961000
1493024962000
1493024963000
1493024964000
1493024965000
1493024966000
1493024967000
1493024968000
1493024969000
1493024970000
1493024971000
1493024972000
1493024973000
1493024974000
1493024975006
1493024976000
1493024977000
1493024978000
1493024979000
1493024980000
1493024981000
1493024982000
1493024983000
1493024984000
1493024985000
1493024986000
1493024987000
1493024988000
1493024989000
1493024990000
1493024991000
1493024992000
1493024993000
1493024994000
1493024995000
1493024996000
1493024997000
1493024998000
1493024999000
1493025000000
1493025001000
1493025002000
1493025003000
1493025004000
1493025005000
1493025006000
1493025007000
1493025008000
1493025009000
1493025010000
1493025011000
1493025012000
1493025013000
1493025014000
1493025015000
1493025016000
1493025017000
1493025018000
1493025019000
1493025020000
1493025021000
1493025022000
1493025023000
1493025024000
1493025025000
1493025026000
1493025027000
1493025028000
1493025029000
1493025030000
1493025031000
1493025032000
1493025033000
1493025034000
1493025035000
1493025036000
1493025037000
1493025038000
1493025039000
1493025040000
1493025041000
1493025042000
1493025043000
1493025044000
1493025045000
1493025046000
1493025047000
1493025048000
1493025049000
1493025050000
1493025051000
1493025052000
1493025053000
1493025054000
1493025055000
1493025056000
1493025057000
1493025058000
1493025059000
1493025060000
1493025061000
1493025062000
1493025063000
1493025064000
1493025065000
1493025066000
1493025067000
1493025068000
1493025069000
1493025070000
1493025071000
1493025072000
1493025073000
1493025074000
1493025075000
1493025076000
1493025077000
1493025078000
1493025079000
1493025080000
1493025081000
1493025082000
1493025083000
1493025084000
1493025085000
1493025086000
1493025087000
1493025088000
1493025089000
1493025090000
1493025091000
1493025092000
1493025093000
1493025094000
1493025095000
1493025096000
1493025097000
1493025098000
1493025099000
1493025100000
1493025101000
1493025102000
1493025103000
1493025104000
1493025105000
1493025106000
1493025107000
1493025108000
1493025109000
1493025110000
1493025111000
1493025112000
1493025113000
1493025114000
1493025115000
1493025116000
1493025117000
1493025118000
1493025119000
1493025120000
1493025121000
1493025122000
1493025123000
1493025124000
1493025125000
1493025126000
1493025127000
1493025128000
1493025129000
1493025130000
1493025131000
1493025132000
1493025133000
1493025134000
1493025135000
1493025136000
1493025137000
1493025138000
1493025139000
1493025140000
1493025141000
1493025142000
1493025143000
1493025144000
1493025145000
1493025146000
1493025147000
1493025148000
1493025149000
1493025150000
1493025151000
1493025152000
1493025153000
1493025154000
1493025155000
1493025156000
1493025157000
1493025158000
1493025159000
1493025160000
1493025161000
1493025162000
1493025163000
1493025164000
1493025165000
1493025166000
1493025167000
1493025168000
1493025169000
1493025170000
1493025171000
1493025172000
1493025173000
1493025174000
1493025175000
1493025176000
1493025177000
1493025178000
1493025179000
1493025180000
1493025181000
1493025182000
1493025183000
1493025184000
1493025185000
1493025186000
1493025187000
1493025188000
1493025189000
1493025190000
1493025191000
1493025192000
1493025193000
1493025194000
1493025195000
1493025196000
1493025197000
1493025198000
1493025199000
1493025200000
1493025201000
1493025202000
1493025203000
1493025204000
1493025205000
1493025206000
1493025207000
1493025208000
1493025209000
1493025210000
1493025211002
1493025212000
1493025213000
1493025214000
1493025215000
1493025216000
1493025217000
1493025218000
1493025219000
1493025220001
1493025221000
1493025222000
1493025223000
1493025224000
1493025225000
1493025226000
1493025227000
1493025228000
1493025229000
1493025230000
1493025231000
1493025232000
1493025233000
1493025234000
1493025235000
1493025236000
1493025237000
1493025238000
1493025239000
1493025240000
1493025241000
1493025242000
1493025243000
1493025244000
1493025245000
1493025246000
1493025247000
1493025248000
1493025249000
1493025250000
1493025251000
1493025252000
1493025253000
1493025254000
1493025255000
1493025256000
1493025257000
1493025258000
1493025259000
1493025260000
1493025261000
1493025262000
1493025263000
1493025264000
1493025265000
1493025266000
1493025267000
1493025268000
1493025269000
1493025270000
1493025271000
1493025272000
1493025273000
1493025274000
1493025275000
1493025276000
1493025277000
1493025278000
1493025279000
1493025280000
1493025281000
1493025282000
1493025283000
1493025284004
1493025285000
1493025286000
1493025287000
1493025288000
1493025289000
1493025290000
1493025291000
1493025292000
1493025293000
1493025294000
1493025295000
1493025296000
1493025297000
1493025298000
1493025299000
1493025300000
1493025301000
1493025302000
1493025303000
1493025304000
1493025305000
1493025306000
1493025307000
1493025308000
1493025309000
1493025310000
1493025311000
1493025312000
1493025313000
1493025314000
1493025315000
1493025316000
1493025317000
1493025318000
1493025319000
1493025320000
1493025321000
1493025322000
1493025323000
1493025324000
1493025325000
1493025326000
1493025327000
1493025328000
1493025329000
1493025330000
1493025331000
1493025332000
1493025333000
1493025334000
1493025335000
1493025336000
1493025337000
1493025338000
1493025339000
1493025340000
1493025341000
1493025342000
1493025343000
1493025344000
1493025345000
1493025346000
1493025347000
1493025348000
1493025349000
1493025350000
1493025351000
1493025352000
1493025353000
1493025354000
1493025355000
1493025356000
1493025357000
1493025358000
1493025359000
1493025360000
1493025361000
1493025362000
1493025363000
1493025364001
1493025365000
1493025366000
1493025367000
1493025368000
1493025369000
1493025370000
1493025371000
1493025372000
1493025373000
1493025374000
1493025375000
1493025376000
1493025377000
1493025378000
1493025379000
1493025380000
1493025381000
1493025382000
1493025383000
1493025384000
1493025385000
1493025386000
1493025387000
1493025388000
1493025389000
1493025390000
1493025391000
1493025392000
1493025393000
1493025394000
1493025395000
1493025396000
1493025397001
1493025398170
1493025399000
1493025400000
1493025401000
1493025402000
1493025403000
1493025404000
1493025405000
1493025406000
1493025407000
1493025408000
1493025409000
1493025410000
1493025411000
1493025412000
1493025413000
1493025414000
1493025415000
1493025416000
1493025417000
1493025418000
1493025419000
1493025420000
1493025421000
1493025422000
1493025423000
1493025424000
1493025425000
1493025426000
1493025427000
1493025428000
1493025429000
1493025430000
1493025431000
1493025432000
1493025433000
1493025434000
1493025435000
1493025436000
1493025437000
1493025438000
1493025439000
1493025440000
1493025441000
1493025442000
1493025443000
1493025444000
1493025445000
1493025446000
1493025447000
1493025448000
1493025449000
1493025450000
1493025451000
1493025452000
1493025453000
1493025454000
1493025455000
1493025456000
1493025457000
1493025458000
1493025459000
1493025460000
1493025461000
1493025462000
1493025463000
1493025464000
1493025465000
1493025466000
1493025467000
1493025468000
1493025469000
1493025470000
1493025471000
1493025472000
1493025473000
1493025474000
1493025475000
1493025476000
1493025477000
1493025478000
1493025479000
1493025480000
1493025481000
1493025482000
1493025483000
1493025484000
1493025485000
1493025486000
1493025487000
1493025488000
1493025489000
1493025490000
1493025491000
1493025492000
1493025493000
1493025494000
1493025495000
1493025496000
1493025497000
1493025498000
1493025499000
1493025500000
1493025501000
1493025502000
1493025503000
1493025504000
1493025505000
1493025506000
1493025507000
1493025508000
1493025509000
1493025510000
1493025511000
1493025512000
1493025513000
1493025514001
1493025515000
1493025516000
1493025517000
1493025518000
1493025519000
1493025520000
1493025521000
1493025522000
1493025523000
1493025524000
1493025525000
1493025526000
1493025527000
1493025528000
1493025529000
1493025530000
1493025531000
1493025532000
1493025533000
1493025534000
1493025535000
1493025536000
1493025537000
1493025538000
1493025539000
1493025540000
1493025541000
1493025542000
1493025543000
1493025544000
1493025545000
1493025546000
1493025547000
1493025548000
1493025549000
1493025550000
1493025551000
1493025552000
1493025553000
1493025554000
1493025555000
1493025556002
1493025557000
1493025558000
1493025559000
1493025560000
1493025561000
1493025562000
1493025563000
1493025564000
1493025565000
1493025566000
1493025567000
1493025568000
1493025569000
1493025570000
1493025571000
1493025572009
1493025573000
1493025574000
1493025575000
1493025576000
1493025577000
1493025578000
1493025579000
1493025580000
1493025581000
1493025582000
1493025583000
1493025584000
1493025585000
1493025586000
1493025587000
1493025588000
1493025589000
1493025590000
1493025591000
1493025592000
1493025593000
1493025594000
1493025595000
1493025596000
1493025597000
1493025598000
1493025599000
1493025600000
1493025601000
1493025602000
1493025603000
1493025604000
1493025605000
1493025606000
1493025607000
1493025608000
1493025609000
1493025610000
