1492691499000
1492691500000
1492691501000
1492691502000
1492691503000
1492691504000
1492691505000
1492691506000
1492691507000
1492691508000
1492691509000
1492691510000
1492691511000
1492691512000
1492691513000
1492691514000
1492691515000
1492691516000
1492691517000
1492691518000
1492691519000
1492691520000
1492691521000
1492691522000
1492691523000
1492691524000
1492691525000
1492691526000
1492691527000
1492691528000
1492691529000
1492691530000
1492691531000
1492691532000
1492691533000
1492691534000
1492691535000
1492691536000
1492691537000
1492691538000
1492691539000
1492691540000
1492691541000
1492691542000
1492691543000
1492691544000
1492691545000
1492691546000
1492691547000
1492691548000
1492691549000
1492691550000
1492691551000
1492691552000
1492691553000
1492691554000
1492691555000
1492691556000
1492691557000
1492691558000
1492691559000
1492691560000
1492691561000
1492691562000
1492691563000
1492691564000
1492691565000
1492691566000
1492691567000
1492691568000
1492691569000
1492691570000
1492691571000
1492691572000
1492691573000
1492691574000
1492691575000
1492691576000
1492691577000
1492691578000
1492691579000
1492691580000
1492691581000
1492691582000
1492691583000
1492691584000
1492691585000
1492691586000
1492691587000
1492691588000
1492691589000
1492691590000
1492691591000
1492691592000
1492691593000
1492691594000
1492691595000
1492691596000
1492691597000
1492691598000
1492691599000
1492691600000
1492691601000
1492691602000
1492691603000
1492691604000
1492691605000
1492691606000
1492691607000
1492691608000
1492691609000
1492691610000
1492691611000
1492691612000
1492691613000
1492691614000
1492691615000
1492691616000
1492691617000
1492691618000
