1494723115000
1494723116000
1494723117000
1494723118000
1494723119000
1494723120000
1494723121000
1494723122000
1494723123000
1494723124000
1494723125000
1494723126000
1494723127000
1494723128000
1494723129000
1494723130000
1494723131000
1494723132000
1494723133000
1494723134000
1494723135000
1494723136000
1494723137000
1494723138000
1494723139000
1494723140000
1494723141000
1494723142000
1494723143000
1494723144000
1494723145000
1494723146000
1494723147000
1494723148000
1494723149000
1494723150000
1494723151000
1494723152000
1494723153000
1494723154000
1494723155000
1494723156000
1494723157000
1494723158000
1494723159000
1494723160000
1494723161000
1494723162000
1494723163000
1494723164000
1494723165000
1494723166000
1494723167000
1494723168000
1494723169000
1494723170000
1494723171000
1494723172000
1494723173000
1494723174000
1494723175000
1494723176000
1494723177000
1494723178000
1494723179000
1494723180000
1494723181000
1494723182000
1494723183000
1494723184000
1494723185000
1494723186000
1494723187000
1494723188000
1494723189000
1494723190000
1494723191000
1494723192000
1494723193000
1494723194000
1494723195000
1494723196000
1494723197000
1494723198000
1494723199000
1494723200000
1494723201000
1494723202000
1494723203000
1494723204000
1494723205000
1494723206000
1494723207000
1494723208000
1494723209000
1494723210000
1494723211000
1494723212000
1494723213000
1494723214000
1494723215000
1494723216000
1494723217000
1494723218000
1494723219000
1494723220000
1494723221000
1494723222000
1494723223000
1494723224000
1494723225000
1494723226000
1494723227000
1494723228000
1494723229000
1494723230000
1494723231000
1494723232000
1494723233000
1494723234000
1494723235000
1494723236000
1494723237000
1494723238000
1494723239000
1494723240000
1494723241000
1494723242000
1494723243000
1494723244000
1494723245000
1494723246000
1494723247000
1494723248000
1494723249000
1494723250000
1494723251000
1494723252000
1494723253000
1494723254000
1494723255000
1494723256000
1494723257000
1494723258000
1494723259000
1494723260000
1494723261000
1494723262000
1494723263000
1494723264000
1494723265000
1494723266000
1494723267000
1494723268000
1494723269000
1494723270000
1494723271000
1494723272000
1494723273000
1494723274000
1494723275000
1494723276000
1494723277000
1494723278000
1494723279000
1494723280000
1494723281000
1494723282000
1494723283000
1494723284000
1494723285000
1494723286000
1494723287000
1494723288000
1494723289000
1494723290000
1494723291000
1494723292000
1494723293000
1494723294000
1494723295000
1494723296000
1494723297000
1494723298000
1494723299000
1494723300000
1494723301000
1494723302000
1494723303000
1494723304000
1494723305000
1494723306000
1494723307000
1494723308000
1494723309000
1494723310000
1494723311000
1494723312000
1494723313000
1494723314000
1494723315000
1494723316000
1494723317000
1494723318000
1494723319000
1494723320000
1494723321000
1494723322000
1494723323000
1494723324000
1494723325000
1494723326000
1494723327000
1494723328000
1494723329000
1494723330000
1494723331000
1494723332000
1494723333000
1494723334000
1494723335000
1494723336000
1494723337000
1494723338000
1494723339000
1494723340000
1494723341000
1494723342000
1494723343000
1494723344000
1494723345000
1494723346000
1494723347000
1494723348000
1494723349000
1494723350000
1494723351000
1494723352000
1494723353000
1494723354000
1494723355000
1494723356000
1494723357000
1494723358000
1494723359000
1494723360000
1494723361000
1494723362000
1494723363000
1494723364000
1494723365000
1494723366000
1494723367000
1494723368000
1494723369000
1494723370000
1494723371000
1494723372000
1494723373000
1494723374000
1494723375000
1494723376000
1494723377000
1494723378000
1494723379000
1494723380000
1494723381000
1494723382000
1494723383000
1494723384000
1494723385000
1494723386000
1494723387000
1494723388000
1494723389000
1494723390000
1494723391000
1494723392000
1494723393000
1494723394000
1494723395000
1494723396000
1494723397000
1494723398000
1494723399000
1494723400000
1494723401000
1494723402000
1494723403000
1494723404000
1494723405000
1494723406000
1494723407000
1494723408000
1494723409000
1494723410000
1494723411000
1494723412000
1494723413000
1494723414000
1494723415000
1494723416000
1494723417000
1494723418000
1494723419000
1494723420000
1494723421000
1494723422000
1494723423000
1494723424000
1494723425000
1494723426000
1494723427000
1494723428000
1494723429000
1494723430000
1494723431000
1494723432000
1494723433000
1494723434000
1494723435000
1494723436000
1494723437000
1494723438000
1494723439000
1494723440000
1494723441000
1494723442000
1494723443000
1494723444000
1494723445000
1494723446000
1494723447000
1494723448000
1494723449000
1494723450002
1494723451000
1494723452000
1494723453000
1494723454000
1494723455000
1494723456000
1494723457000
1494723458000
1494723459000
1494723460000
1494723461000
1494723462000
1494723463000
1494723464000
1494723465000
1494723466000
1494723467000
1494723468000
1494723469000
1494723470000
1494723471000
1494723472000
1494723473000
1494723474000
1494723475000
1494723476000
1494723477000
1494723478000
1494723479000
1494723480000
1494723481000
1494723482000
1494723483000
1494723484000
1494723485000
1494723486000
1494723487000
1494723488000
1494723489000
1494723490000
1494723491000
1494723492000
1494723493000
1494723494000
1494723495000
1494723496000
1494723497000
1494723498000
1494723499000
1494723500000
1494723501000
1494723502000
1494723503000
1494723504000
1494723505000
1494723506000
1494723507000
1494723508000
1494723509000
1494723510000
1494723511000
1494723512000
1494723513000
1494723514000
1494723515000
1494723516000
1494723517000
1494723518000
1494723519000
1494723520000
1494723521000
1494723522000
1494723523000
1494723524000
1494723525000
1494723526000
1494723527000
1494723528000
1494723529000
1494723530000
1494723531000
1494723532000
1494723533000
1494723534000
1494723535000
1494723536000
1494723537000
1494723538000
1494723539000
1494723540000
1494723541000
1494723542000
1494723543000
1494723544000
1494723545000
1494723546000
1494723547000
1494723548000
1494723549000
1494723550000
1494723551000
1494723552000
1494723553000
1494723554000
1494723555000
1494723556000
1494723557000
1494723558000
1494723559000
1494723560000
1494723561000
1494723562000
1494723563000
1494723564000
1494723565000
1494723566000
1494723567000
1494723568000
1494723569000
1494723570000
1494723571000
1494723572000
1494723573000
1494723574000
1494723575000
1494723576000
1494723577000
1494723578000
1494723579000
1494723580000
1494723581000
1494723582000
1494723583000
1494723584000
1494723585000
1494723586000
1494723587000
1494723588000
1494723589000
1494723590000
1494723591000
1494723592000
1494723593000
1494723594000
1494723595003
1494723596000
1494723597000
1494723598000
1494723599000
1494723600000
1494723601000
1494723602000
1494723603000
1494723604000
1494723605000
1494723606000
1494723607000
1494723608000
1494723609000
1494723610000
1494723611000
1494723612000
1494723613000
1494723614000
1494723615000
1494723616000
1494723617000
1494723618000
1494723619000
1494723620000
1494723621000
1494723622000
1494723623000
1494723624000
1494723625000
1494723626000
1494723627000
1494723628000
1494723629000
1494723630000
1494723631000
1494723632000
1494723633000
1494723634000
1494723635000
1494723636000
1494723637000
1494723638000
1494723639000
1494723640000
1494723641000
1494723642000
1494723643000
1494723644000
1494723645000
1494723646000
1494723647000
1494723648000
1494723649000
1494723650000
1494723651000
1494723652000
1494723653000
1494723654000
1494723655000
1494723656000
1494723657000
1494723658000
1494723659000
1494723660000
1494723661000
1494723662000
1494723663000
1494723664000
1494723665000
1494723666000
1494723667000
1494723668000
1494723669000
1494723670000
1494723671000
1494723672000
1494723673000
1494723674000
1494723675000
1494723676000
1494723677000
1494723678000
1494723679000
1494723680000
1494723681000
1494723682000
1494723683000
1494723684000
1494723685000
1494723686000
1494723687000
1494723688000
1494723689000
1494723690000
1494723691000
1494723692000
1494723693000
1494723694000
1494723695000
1494723696000
1494723697000
1494723698000
1494723699000
1494723700000
1494723701000
1494723702000
1494723703000
1494723704000
1494723705000
1494723706000
1494723707000
1494723708000
1494723709000
1494723710000
1494723711000
1494723712000
1494723713000
1494723714000
1494723715000
1494723716000
1494723717000
1494723718000
1494723719000
1494723720000
1494723721000
1494723722000
1494723723000
1494723724000
1494723725000
1494723726000
1494723727000
1494723728000
1494723729000
1494723730000
1494723731000
1494723732000
1494723733000
1494723734000
1494723735000
1494723736000
1494723737000
1494723738000
1494723739000
1494723740000
1494723741000
1494723742000
1494723743000
1494723744000
1494723745000
1494723746000
1494723747000
1494723748000
1494723749000
1494723750000
1494723751000
1494723752000
1494723753000
1494723754000
1494723755000
1494723756000
1494723757000
1494723758000
1494723759000
1494723760000
1494723761000
1494723762000
1494723763000
1494723764000
1494723765000
1494723766000
1494723767000
1494723768000
1494723769000
1494723770000
1494723771000
1494723772000
1494723773000
1494723774000
1494723775000
1494723776000
1494723777000
1494723778000
1494723779000
1494723780000
1494723781000
1494723782000
1494723783000
1494723784000
1494723785000
1494723786000
1494723787000
1494723788000
1494723789000
1494723790000
1494723791000
1494723792000
1494723793000
1494723794000
1494723795000
1494723796000
1494723797000
1494723798000
1494723799000
1494723800000
1494723801000
1494723802000
1494723803000
1494723804000
1494723805000
1494723806000
1494723807000
1494723808000
1494723809000
1494723810000
1494723811000
1494723812000
1494723813000
1494723814000
1494723815000
1494723816000
1494723817000
1494723818000
1494723819000
1494723820000
1494723821000
1494723822000
1494723823000
1494723824000
1494723825000
1494723826000
1494723827000
1494723828000
1494723829000
1494723830000
1494723831000
1494723832000
1494723833000
1494723834000
1494723835000
1494723836000
1494723837000
1494723838000
1494723839000
1494723840000
1494723841000
1494723842000
1494723843000
1494723844000
1494723845000
1494723846000
1494723847000
1494723848000
1494723849000
1494723850000
1494723851000
1494723852000
1494723853000
1494723854000
1494723855008
1494723856000
1494723857000
1494723858000
1494723859000
1494723860000
1494723861000
1494723862000
1494723863000
1494723864000
1494723865000
1494723866002
1494723867000
1494723868000
1494723869000
1494723870000
1494723871000
1494723872000
1494723873000
1494723874000
1494723875000
1494723876000
1494723877000
1494723878000
1494723879000
1494723880000
1494723881000
1494723882000
1494723883000
1494723884000
1494723885000
1494723886000
1494723887000
1494723888000
1494723889000
1494723890000
1494723891000
1494723892000
1494723893000
1494723894000
1494723895000
1494723896000
1494723897000
1494723898000
1494723899000
1494723900000
1494723901000
1494723902000
1494723903000
1494723904000
1494723905000
1494723906000
1494723907000
1494723908000
1494723909002
1494723910000
1494723911000
1494723912000
1494723913000
1494723914000
1494723915000
1494723916000
1494723917000
1494723918000
1494723919000
1494723920000
1494723921000
1494723922000
1494723923000
1494723924000
1494723925000
1494723926000
1494723927000
1494723928000
1494723929000
1494723930000
1494723931000
1494723932000
1494723933000
1494723934000
1494723935000
1494723936000
1494723937000
1494723938000
1494723939000
1494723940000
1494723941000
1494723942000
1494723943000
1494723944000
1494723945000
1494723946000
1494723947000
1494723948000
1494723949000
1494723950000
1494723951000
1494723952000
1494723953000
1494723954000
1494723955000
1494723956000
1494723957000
1494723958000
1494723959000
1494723960000
1494723961000
1494723962000
1494723963000
1494723964000
1494723965000
1494723966000
1494723967000
1494723968000
1494723969000
1494723970000
1494723971000
1494723972000
1494723973000
1494723974000
1494723975000
1494723976000
1494723977000
1494723978000
1494723979000
1494723980000
1494723981000
1494723982000
1494723983000
1494723984000
1494723985000
1494723986000
1494723987000
1494723988000
1494723989000
1494723990000
1494723991000
1494723992000
1494723993000
1494723994000
1494723995000
1494723996000
1494723997000
1494723998000
1494723999000
1494724000000
1494724001000
1494724002000
1494724003000
1494724004000
1494724005000
1494724006000
1494724007000
1494724008000
1494724009000
1494724010000
1494724011000
1494724012000
1494724013000
1494724014000
1494724015000
1494724016000
1494724017000
1494724018000
1494724019000
1494724020000
1494724021000
1494724022000
1494724023000
1494724024000
1494724025000
1494724026000
1494724027000
1494724028000
1494724029000
1494724030000
1494724031000
1494724032000
1494724033000
1494724034000
1494724035000
1494724036000
1494724037000
1494724038000
1494724039000
1494724040000
1494724041000
1494724042000
1494724043000
1494724044000
1494724045000
1494724046000
1494724047000
1494724048000
1494724049000
1494724050000
1494724051000
1494724052000
1494724053000
1494724054000
1494724055000
1494724056000
1494724057000
1494724058000
1494724059000
1494724060000
1494724061000
1494724062000
1494724063000
1494724064000
1494724065000
1494724066000
1494724067000
1494724068000
1494724069000
1494724070000
1494724071000
1494724072000
1494724073000
1494724074000
1494724075000
1494724076000
1494724077000
1494724078000
1494724079000
1494724080000
1494724081000
1494724082000
1494724083000
1494724084000
1494724085000
1494724086000
1494724087000
1494724088000
1494724089000
1494724090000
1494724091000
1494724092000
1494724093000
1494724094000
1494724095000
1494724096000
1494724097000
1494724098000
1494724099000
1494724100000
1494724101000
1494724102000
1494724103000
1494724104000
1494724105000
1494724106000
1494724107000
1494724108000
1494724109000
1494724110000
1494724111000
1494724112000
1494724113000
1494724114000
1494724115000
1494724116000
1494724117000
1494724118000
1494724119000
1494724120000
1494724121000
1494724122000
1494724123000
1494724124000
1494724125000
1494724126000
1494724127000
1494724128000
1494724129000
1494724130000
1494724131000
1494724132000
1494724133000
1494724134000
1494724135000
1494724136000
1494724137000
1494724138000
1494724139000
1494724140000
1494724141000
1494724142000
1494724143000
1494724144000
1494724145000
1494724146000
1494724147000
1494724148000
1494724149000
1494724150000
1494724151000
1494724152000
1494724153000
1494724154000
1494724155000
1494724156000
1494724157000
1494724158000
1494724159000
1494724160000
1494724161000
1494724162000
1494724163000
1494724164000
1494724165000
1494724166000
1494724167000
1494724168000
1494724169000
1494724170000
1494724171000
1494724172000
1494724173000
1494724174000
1494724175000
1494724176000
1494724177000
1494724178000
1494724179000
1494724180000
1494724181000
1494724182000
1494724183000
1494724184000
1494724185000
1494724186000
1494724187000
1494724188000
1494724189000
1494724190000
1494724191000
1494724192000
1494724193000
1494724194000
1494724195000
1494724196000
1494724197000
1494724198000
1494724199000
1494724200000
1494724201000
1494724202000
1494724203000
1494724204000
1494724205000
1494724206000
1494724207000
1494724208000
1494724209000
1494724210000
1494724211000
1494724212000
1494724213000
1494724214000
1494724215000
1494724216000
1494724217000
1494724218000
1494724219000
1494724220000
1494724221000
1494724222000
1494724223000
1494724224000
1494724225000
1494724226000
1494724227000
1494724228000
1494724229000
1494724230000
1494724231000
1494724232000
1494724233000
1494724234000
1494724235000
1494724236000
1494724237000
1494724238000
1494724239000
1494724240000
1494724241000
1494724242000
1494724243000
1494724244000
1494724245000
1494724246000
1494724247000
1494724248000
1494724249000
1494724250000
1494724251000
1494724252000
1494724253000
1494724254000
1494724255000
1494724256000
1494724257000
1494724258000
1494724259000
1494724260000
1494724261000
1494724262000
1494724263000
1494724264000
1494724265000
1494724266000
1494724267000
1494724268000
1494724269000
1494724270000
1494724271000
1494724272000
1494724273000
1494724274000
1494724275000
1494724276000
1494724277000
1494724278000
1494724279000
1494724280000
1494724281000
1494724282000
1494724283000
1494724284000
1494724285000
1494724286000
1494724287000
1494724288000
1494724289000
1494724290000
1494724291000
1494724292000
1494724293000
1494724294000
1494724295000
1494724296000
1494724297000
1494724298000
1494724299000
1494724300000
1494724301000
1494724302000
1494724303000
1494724304000
1494724305000
1494724306000
1494724307000
1494724308000
1494724309000
1494724310000
1494724311000
1494724312000
1494724313000
1494724314000
1494724315000
1494724316000
1494724317000
1494724318000
1494724319000
1494724320000
1494724321000
1494724322000
1494724323000
1494724324000
1494724325000
1494724326000
1494724327000
1494724328000
1494724329000
1494724330000
1494724331000
1494724332000
1494724333000
1494724334000
1494724335000
1494724336000
1494724337000
1494724338000
1494724339000
1494724340000
1494724341000
1494724342000
1494724343000
1494724344000
1494724345000
1494724346000
1494724347000
1494724348000
1494724349000
1494724350000
1494724351000
1494724352000
1494724353000
1494724354000
1494724355000
1494724356000
1494724357000
1494724358000
1494724359000
1494724360000
1494724361000
1494724362000
1494724363000
1494724364000
1494724365000
1494724366000
1494724367000
1494724368000
1494724369000
1494724370000
1494724371000
1494724372000
1494724373000
1494724374000
1494724375000
1494724376000
1494724377000
1494724378000
1494724379000
1494724380000
1494724381000
1494724382000
1494724383000
1494724384000
1494724385000
1494724386000
1494724387000
1494724388000
1494724389000
1494724390000
1494724391000
1494724392000
1494724393000
1494724394000
1494724395000
1494724396000
1494724397000
1494724398000
1494724399000
1494724400000
1494724401000
1494724402000
1494724403000
1494724404000
1494724405000
1494724406000
1494724407000
1494724408000
1494724409000
1494724410000
1494724411000
1494724412000
1494724413000
1494724414000
1494724415000
1494724416000
1494724417000
1494724418000
1494724419000
1494724420000
1494724421000
1494724422000
1494724423000
1494724424000
1494724425000
1494724426000
1494724427000
1494724428000
1494724429000
1494724430000
1494724431000
1494724432000
1494724433000
1494724434000
1494724435000
1494724436000
1494724437000
1494724438000
1494724439000
1494724440000
1494724441000
1494724442000
1494724443000
1494724444000
1494724445000
1494724446000
1494724447000
1494724448000
1494724449000
1494724450000
1494724451000
1494724452000
1494724453000
1494724454000
1494724455000
1494724456000
1494724457000
1494724458000
1494724459000
1494724460000
1494724461000
1494724462000
1494724463000
1494724464000
1494724465000
1494724466000
1494724467000
1494724468000
1494724469000
1494724470000
1494724471000
1494724472000
1494724473000
1494724474000
1494724475000
1494724476000
1494724477000
1494724478000
1494724479000
1494724480000
1494724481000
1494724482000
1494724483000
1494724484000
1494724485000
1494724486000
1494724487000
1494724488000
1494724489000
1494724490000
1494724491000
1494724492000
1494724493000
1494724494000
1494724495001
1494724496000
1494724497000
1494724498000
1494724499000
1494724500000
1494724501000
1494724502000
1494724503000
1494724504000
1494724505000
1494724506000
1494724507000
1494724508000
1494724509000
1494724510000
1494724511000
1494724512000
1494724513000
1494724514000
1494724515000
1494724516000
1494724517000
1494724518000
1494724519000
1494724520000
1494724521000
1494724522000
1494724523000
1494724524000
1494724525000
1494724526000
1494724527000
1494724528000
1494724529000
1494724530000
1494724531000
1494724532000
1494724533000
1494724534000
1494724535000
1494724536000
1494724537000
1494724538000
1494724539000
1494724540000
1494724541000
1494724542000
1494724543000
1494724544000
1494724545000
1494724546000
1494724547000
1494724548000
1494724549000
1494724550000
1494724551000
1494724552000
1494724553000
1494724554000
1494724555000
1494724556000
1494724557000
1494724558000
1494724559000
1494724560000
1494724561000
1494724562000
1494724563000
1494724564000
1494724565000
1494724566000
1494724567000
1494724568000
1494724569000
1494724570000
1494724571000
1494724572000
1494724573000
1494724574000
1494724575000
1494724576000
1494724577000
1494724578000
1494724579000
1494724580000
1494724581000
1494724582000
1494724583000
1494724584000
1494724585000
1494724586000
1494724587000
1494724588000
1494724589000
1494724590000
1494724591000
1494724592000
1494724593000
1494724594000
1494724595000
1494724596000
1494724597000
1494724598000
1494724599000
1494724600000
1494724601000
1494724602000
1494724603000
1494724604000
1494724605000
1494724606000
1494724607000
1494724608000
1494724609000
1494724610000
1494724611000
1494724612000
1494724613000
1494724614000
1494724615000
1494724616000
1494724617000
1494724618000
1494724619000
1494724620000
1494724621000
1494724622000
1494724623000
1494724624000
1494724625000
1494724626000
1494724627000
1494724628000
1494724629000
1494724630000
1494724631000
1494724632000
1494724633000
1494724634000
1494724635000
1494724636000
1494724637000
1494724638000
1494724639000
1494724640007
1494724641000
1494724642000
1494724643000
1494724644000
1494724645000
1494724646000
1494724647000
1494724648000
1494724649000
1494724650000
1494724651000
1494724652000
1494724653000
1494724654000
1494724655000
1494724656000
1494724657000
1494724658000
1494724659000
1494724660000
1494724661000
1494724662000
1494724663000
1494724664000
1494724665000
1494724666000
1494724667000
1494724668000
1494724669000
1494724670000
1494724671000
1494724672000
1494724673000
1494724674000
1494724675000
1494724676000
1494724677000
1494724678000
1494724679000
1494724680000
1494724681000
1494724682000
1494724683000
1494724684000
1494724685000
1494724686000
1494724687000
1494724688000
1494724689000
1494724690000
1494724691000
1494724692000
1494724693000
1494724694000
1494724695000
1494724696000
1494724697000
1494724698000
1494724699000
1494724700003
1494724701000
1494724702000
1494724703000
1494724704000
1494724705000
1494724706000
1494724707000
1494724708000
1494724709000
1494724710000
1494724711000
1494724712000
1494724713000
1494724714000
1494724715000
1494724716000
1494724717000
1494724718000
1494724719000
1494724720000
1494724721000
1494724722000
1494724723000
1494724724000
1494724725000
1494724726000
1494724727000
1494724728000
1494724729000
1494724730000
1494724731000
1494724732000
1494724733000
1494724734000
1494724735000
1494724736000
1494724737000
1494724738000
1494724739000
1494724740000
1494724741000
1494724742000
1494724743000
1494724744000
1494724745000
1494724746000
1494724747000
1494724748000
1494724749000
1494724750000
1494724751000
1494724752000
1494724753000
1494724754000
1494724755000
1494724756000
1494724757000
1494724758000
1494724759000
1494724760000
1494724761000
1494724762000
1494724763000
1494724764000
1494724765000
1494724766000
1494724767000
1494724768000
1494724769000
1494724770000
1494724771000
1494724772000
1494724773000
1494724774000
1494724775000
1494724776000
1494724777000
1494724778000
1494724779000
1494724780000
1494724781000
1494724782000
1494724783000
1494724784000
1494724785000
1494724786000
1494724787000
1494724788000
1494724789000
1494724790000
1494724791000
1494724792000
1494724793000
1494724794000
1494724795000
1494724796000
1494724797000
1494724798000
1494724799000
1494724800000
1494724801000
1494724802000
1494724803000
1494724804000
1494724805004
1494724806000
1494724807000
1494724808000
1494724809000
1494724810000
1494724811000
1494724812000
1494724813000
1494724814000
1494724815000
1494724816000
1494724817000
1494724818000
1494724819000
1494724820000
1494724821000
1494724822000
1494724823000
1494724824000
1494724825000
1494724826000
1494724827000
1494724828000
1494724829000
1494724830000
1494724831000
1494724832000
1494724833000
1494724834000
1494724835000
1494724836000
1494724837000
1494724838000
1494724839000
1494724840000
1494724841000
1494724842000
1494724843000
1494724844000
1494724845000
1494724846000
1494724847000
1494724848000
1494724849000
1494724850000
1494724851000
1494724852000
1494724853000
1494724854000
1494724855000
1494724856000
1494724857000
1494724858000
1494724859000
1494724860000
1494724861000
1494724862000
1494724863000
1494724864000
1494724865000
1494724866000
1494724867000
1494724868000
1494724869000
1494724870000
1494724871000
1494724872000
1494724873000
1494724874000
1494724875000
1494724876000
1494724877000
1494724878000
1494724879000
1494724880000
1494724881000
1494724882000
1494724883000
1494724884000
1494724885000
1494724886000
1494724887000
1494724888000
1494724889000
1494724890000
1494724891000
1494724892000
1494724893000
1494724894000
1494724895000
1494724896000
1494724897000
1494724898000
1494724899000
1494724900000
1494724901000
1494724902000
1494724903000
1494724904000
1494724905000
1494724906000
1494724907000
1494724908000
1494724909000
1494724910000
1494724911000
1494724912000
1494724913000
1494724914000
1494724915000
1494724916000
1494724917000
1494724918000
1494724919000
1494724920000
1494724921000
1494724922000
1494724923000
1494724924000
1494724925000
1494724926000
1494724927000
1494724928000
1494724929000
1494724930000
1494724931000
1494724932000
1494724933000
1494724934000
1494724935000
1494724936000
1494724937000
1494724938000
1494724939000
1494724940000
1494724941000
1494724942000
1494724943000
1494724944000
1494724945000
1494724946000
1494724947000
1494724948000
1494724949000
1494724950000
1494724951000
1494724952000
1494724953000
1494724954000
1494724955000
1494724956000
1494724957000
1494724958000
1494724959000
1494724960000
1494724961000
1494724962000
1494724963000
1494724964000
1494724965000
1494724966000
1494724967000
1494724968000
1494724969000
1494724970000
1494724971000
1494724972000
1494724973000
1494724974000
1494724975000
1494724976000
1494724977000
1494724978000
1494724979000
1494724980000
1494724981000
1494724982000
1494724983000
1494724984000
1494724985000
1494724986000
1494724987000
1494724988000
1494724989000
1494724990000
1494724991000
1494724992000
1494724993000
1494724994000
1494724995000
1494724996000
1494724997000
1494724998000
1494724999000
1494725000000
1494725001000
1494725002000
1494725003000
1494725004000
1494725005000
1494725006000
1494725007000
1494725008000
1494725009000
1494725010000
1494725011000
1494725012000
1494725013000
1494725014000
1494725015000
1494725016000
1494725017000
1494725018000
1494725019000
1494725020000
1494725021000
1494725022000
1494725023000
1494725024000
1494725025000
1494725026000
1494725027000
1494725028000
1494725029000
1494725030000
1494725031000
1494725032000
1494725033000
1494725034000
1494725035000
1494725036000
1494725037000
1494725038000
1494725039000
1494725040000
1494725041000
1494725042000
1494725043000
1494725044000
1494725045000
1494725046000
1494725047000
1494725048000
1494725049000
1494725050000
1494725051000
1494725052000
1494725053000
1494725054000
1494725055000
1494725056000
1494725057000
1494725058002
1494725059000
1494725060000
1494725061000
1494725062000
1494725063000
1494725064000
1494725065000
1494725066000
1494725067000
1494725068000
1494725069000
1494725070000
1494725071000
1494725072000
1494725073000
1494725074000
1494725075000
1494725076000
1494725077000
1494725078000
1494725079000
1494725080000
1494725081000
1494725082000
1494725083000
1494725084000
1494725085000
1494725086000
1494725087000
1494725088000
1494725089000
1494725090000
1494725091000
1494725092000
1494725093000
1494725094000
1494725095000
1494725096000
1494725097000
1494725098000
1494725099000
1494725100000
1494725101000
1494725102000
1494725103000
1494725104000
1494725105000
1494725106000
1494725107000
1494725108000
1494725109000
1494725110000
1494725111000
1494725112000
1494725113000
1494725114000
1494725115002
1494725116000
1494725117000
1494725118000
1494725119000
1494725120000
1494725121000
1494725122000
1494725123000
1494725124000
1494725125000
1494725126000
1494725127000
1494725128000
1494725129000
1494725130000
1494725131000
1494725132000
1494725133000
1494725134000
1494725135000
1494725136000
1494725137000
1494725138000
1494725139000
1494725140000
1494725141000
1494725142000
1494725143000
1494725144000
1494725145000
1494725146000
1494725147000
1494725148000
1494725149000
1494725150000
1494725151000
1494725152000
1494725153000
1494725154000
1494725155000
1494725156000
1494725157000
1494725158000
1494725159000
1494725160000
1494725161000
1494725162000
1494725163000
1494725164000
1494725165000
1494725166000
1494725167000
1494725168000
1494725169000
1494725170000
1494725171000
1494725172000
1494725173000
1494725174000
1494725175000
1494725176000
1494725177000
1494725178000
1494725179000
1494725180000
1494725181000
1494725182000
1494725183000
1494725184000
1494725185000
1494725186000
1494725187000
1494725188000
1494725189000
1494725190000
1494725191000
1494725192000
1494725193000
1494725194001
1494725195000
1494725196000
1494725197000
1494725198000
1494725199000
1494725200000
1494725201000
1494725202000
1494725203000
1494725204000
1494725205000
1494725206000
1494725207000
1494725208000
1494725209000
1494725210000
1494725211000
1494725212000
1494725213000
1494725214000
1494725215000
1494725216000
1494725217000
1494725218000
1494725219000
1494725220000
1494725221000
1494725222000
1494725223000
1494725224000
1494725225000
1494725226000
1494725227000
1494725228000
1494725229000
1494725230000
1494725231000
1494725232000
1494725233000
1494725234000
1494725235000
1494725236000
1494725237000
1494725238000
1494725239000
1494725240000
1494725241000
1494725242000
1494725243000
1494725244000
1494725245000
1494725246000
1494725247000
1494725248000
1494725249000
1494725250000
1494725251000
1494725252000
1494725253000
1494725254000
1494725255000
1494725256000
1494725257000
1494725258000
1494725259000
1494725260000
1494725261000
1494725262000
1494725263000
1494725264000
1494725265000
1494725266000
1494725267000
1494725268000
1494725269000
1494725270000
1494725271000
1494725272000
1494725273000
1494725274000
1494725275000
1494725276000
1494725277000
1494725278000
1494725279000
1494725280000
1494725281000
1494725282000
1494725283000
1494725284000
1494725285000
1494725286000
1494725287000
1494725288000
1494725289000
1494725290000
1494725291000
1494725292000
1494725293000
1494725294000
1494725295000
1494725296000
1494725297000
1494725298000
1494725299000
1494725300000
1494725301000
1494725302000
1494725303000
1494725304000
1494725305000
1494725306000
1494725307000
1494725308000
1494725309000
1494725310000
1494725311000
1494725312000
1494725313000
1494725314000
1494725315000
1494725316000
1494725317000
1494725318000
1494725319000
1494725320000
1494725321000
1494725322000
1494725323000
1494725324000
1494725325000
1494725326000
1494725327000
1494725328000
1494725329000
1494725330000
1494725331000
1494725332000
1494725333000
1494725334000
1494725335000
1494725336000
1494725337000
1494725338000
1494725339000
1494725340000
1494725341000
1494725342000
1494725343000
1494725344000
1494725345000
1494725346000
1494725347000
1494725348000
1494725349000
1494725350000
1494725351000
1494725352000
1494725353000
1494725354000
1494725355000
1494725356000
1494725357000
1494725358000
1494725359000
1494725360000
1494725361000
1494725362000
1494725363000
1494725364000
1494725365000
1494725366000
1494725367000
1494725368000
1494725369000
1494725370000
1494725371000
1494725372000
1494725373000
1494725374000
1494725375000
1494725376000
1494725377000
1494725378000
1494725379000
1494725380000
1494725381000
1494725382000
1494725383000
1494725384000
1494725385000
1494725386000
1494725387000
1494725388000
1494725389000
1494725390000
1494725391000
1494725392000
1494725393000
1494725394000
1494725395000
1494725396000
1494725397000
1494725398000
1494725399000
1494725400000
1494725401000
1494725402000
1494725403000
1494725404000
1494725405000
1494725406000
1494725407000
1494725408000
1494725409000
1494725410000
1494725411000
1494725412000
1494725413000
1494725414000
1494725415000
1494725416000
1494725417000
1494725418000
1494725419000
1494725420000
1494725421000
1494725422000
1494725423000
1494725424000
1494725425000
1494725426000
1494725427000
1494725428000
1494725429000
1494725430000
1494725431000
1494725432000
1494725433000
1494725434000
1494725435000
1494725436000
1494725437000
1494725438000
1494725439000
1494725440000
1494725441000
1494725442000
1494725443000
1494725444000
1494725445000
1494725446000
1494725447000
1494725448000
1494725449000
1494725450000
1494725451000
1494725452000
1494725453000
1494725454000
1494725455000
1494725456000
1494725457000
1494725458000
1494725459000
1494725460000
1494725461000
1494725462000
1494725463000
1494725464000
1494725465000
1494725466000
1494725467000
1494725468000
1494725469000
1494725470000
1494725471000
1494725472000
1494725473000
1494725474000
1494725475000
1494725476000
1494725477000
1494725478000
1494725479000
1494725480000
1494725481000
1494725482000
1494725483000
1494725484000
1494725485000
1494725486000
1494725487000
1494725488000
1494725489000
1494725490000
1494725491000
1494725492000
1494725493000
1494725494000
1494725495000
1494725496000
1494725497000
1494725498000
1494725499000
1494725500000
1494725501000
1494725502000
1494725503000
1494725504000
1494725505000
1494725506000
1494725507000
1494725508000
1494725509000
1494725510000
1494725511000
1494725512000
1494725513000
1494725514000
1494725515000
1494725516000
1494725517000
1494725518000
1494725519000
1494725520000
1494725521000
1494725522000
1494725523000
1494725524000
1494725525000
1494725526000
1494725527000
1494725528000
1494725529000
1494725530000
1494725531000
1494725532000
1494725533000
1494725534000
1494725535000
1494725536000
1494725537000
1494725538000
1494725539000
1494725540000
1494725541000
1494725542000
1494725543000
1494725544000
1494725545000
1494725546000
1494725547000
1494725548000
1494725549000
1494725550000
1494725551000
1494725552000
1494725553000
1494725554000
1494725555000
1494725556000
1494725557000
1494725558000
1494725559000
1494725560000
1494725561000
1494725562000
1494725563000
1494725564000
1494725565000
1494725566000
1494725567000
1494725568000
1494725569000
1494725570000
1494725571000
1494725572000
1494725573000
1494725574000
1494725575000
1494725576000
1494725577000
1494725578000
1494725579000
1494725580000
1494725581000
1494725582000
1494725583000
1494725584000
1494725585000
1494725586000
1494725587000
1494725588000
1494725589000
1494725590000
1494725591000
1494725592000
1494725593000
1494725594000
1494725595000
1494725596000
1494725597000
1494725598000
1494725599000
1494725600000
1494725601000
1494725602000
1494725603000
1494725604000
1494725605000
1494725606000
1494725607000
1494725608000
1494725609000
1494725610000
1494725611000
1494725612000
1494725613000
1494725614000
1494725615000
1494725616000
1494725617000
1494725618000
1494725619000
1494725620000
1494725621000
1494725622000
1494725623000
1494725624000
1494725625000
1494725626000
1494725627000
1494725628000
1494725629000
1494725630000
1494725631000
1494725632000
1494725633000
1494725634000
1494725635000
1494725636000
1494725637000
1494725638000
1494725639000
1494725640000
1494725641000
1494725642000
1494725643000
1494725644000
1494725645000
1494725646000
1494725647000
1494725648000
1494725649000
1494725650000
1494725651000
1494725652000
1494725653000
1494725654000
1494725655000
1494725656000
1494725657000
1494725658000
1494725659000
1494725660000
1494725661000
1494725662000
1494725663000
1494725664000
1494725665000
1494725666000
1494725667000
1494725668000
1494725669000
1494725670000
1494725671000
1494725672000
1494725673000
1494725674000
1494725675000
1494725676000
1494725677000
1494725678000
1494725679000
1494725680000
1494725681000
1494725682000
1494725683000
1494725684000
1494725685000
1494725686000
1494725687000
1494725688000
1494725689000
1494725690000
1494725691000
1494725692000
1494725693000
1494725694000
1494725695000
1494725696000
1494725697000
1494725698000
1494725699000
1494725700000
1494725701000
1494725702000
1494725703000
1494725704000
1494725705000
1494725706000
1494725707000
1494725708000
1494725709000
1494725710000
1494725711000
1494725712000
1494725713000
1494725714000
1494725715000
1494725716000
1494725717000
1494725718000
1494725719000
1494725720000
1494725721000
1494725722000
1494725723000
1494725724000
1494725725000
1494725726000
1494725727000
1494725728000
1494725729000
1494725730000
1494725731000
1494725732000
1494725733000
1494725734000
1494725735000
1494725736000
1494725737000
1494725738000
1494725739000
1494725740000
1494725741000
1494725742000
1494725743000
1494725744000
1494725745000
1494725746000
1494725747000
1494725748000
1494725749000
1494725750000
1494725751000
1494725752000
1494725753000
1494725754000
1494725755003
1494725756000
1494725757000
1494725758000
1494725759000
1494725760000
1494725761000
1494725762000
1494725763000
1494725764000
1494725765000
1494725766000
1494725767000
1494725768000
1494725769000
1494725770000
1494725771000
1494725772000
1494725773000
1494725774000
1494725775000
1494725776000
1494725777000
1494725778000
1494725779000
1494725780000
1494725781000
1494725782000
1494725783000
1494725784000
1494725785000
1494725786000
1494725787000
1494725788000
1494725789000
1494725790000
1494725791000
1494725792000
1494725793000
1494725794000
1494725795000
1494725796000
1494725797000
1494725798000
1494725799000
1494725800000
1494725801000
1494725802000
1494725803000
1494725804000
1494725805000
1494725806000
1494725807000
1494725808000
1494725809000
1494725810000
1494725811000
1494725812000
1494725813000
1494725814000
1494725815000
1494725816000
1494725817000
1494725818000
1494725819000
1494725820000
1494725821000
1494725822000
1494725823000
1494725824000
1494725825000
1494725826000
1494725827000
1494725828000
1494725829000
1494725830000
1494725831000
1494725832000
1494725833000
1494725834000
1494725835000
1494725836000
1494725837000
1494725838000
1494725839000
1494725840000
1494725841000
1494725842000
1494725843000
1494725844000
1494725845000
1494725846000
1494725847000
1494725848000
1494725849000
1494725850000
1494725851000
1494725852000
1494725853000
1494725854000
1494725855000
1494725856000
1494725857000
1494725858000
1494725859000
1494725860000
1494725861000
1494725862000
1494725863000
1494725864000
1494725865000
1494725866000
1494725867000
1494725868000
1494725869000
1494725870000
1494725871000
1494725872000
1494725873000
1494725874000
1494725875000
1494725876000
1494725877000
1494725878000
1494725879000
1494725880000
1494725881000
1494725882000
1494725883000
1494725884000
1494725885000
1494725886000
1494725887000
1494725888000
1494725889000
1494725890000
1494725891000
1494725892000
1494725893000
1494725894000
1494725895000
1494725896000
1494725897000
1494725898000
1494725899000
1494725900000
1494725901000
1494725902000
1494725903000
1494725904000
1494725905000
1494725906000
1494725907000
1494725908000
1494725909000
1494725910000
1494725911000
1494725912000
1494725913000
1494725914000
1494725915000
1494725916000
1494725917000
1494725918000
1494725919000
1494725920000
1494725921000
1494725922000
1494725923000
1494725924000
1494725925000
1494725926000
1494725927000
1494725928000
1494725929000
1494725930000
1494725931000
1494725932000
1494725933000
1494725934000
1494725935000
1494725936000
1494725937000
1494725938000
1494725939000
1494725940000
1494725941000
1494725942000
1494725943000
1494725944000
1494725945000
1494725946000
1494725947000
1494725948000
1494725949000
1494725950000
1494725951000
1494725952000
1494725953000
1494725954000
1494725955000
1494725956000
1494725957000
1494725958000
1494725959000
1494725960000
1494725961000
1494725962000
1494725963000
1494725964000
1494725965000
1494725966000
1494725967000
1494725968000
1494725969000
1494725970000
1494725971000
1494725972000
1494725973000
1494725974000
1494725975000
1494725976000
1494725977000
1494725978000
1494725979000
1494725980000
1494725981000
1494725982000
1494725983000
1494725984000
1494725985000
1494725986000
1494725987000
1494725988000
1494725989000
1494725990000
1494725991000
1494725992000
1494725993000
1494725994000
1494725995000
1494725996000
1494725997000
1494725998000
1494725999000
1494726000000
1494726001000
1494726002000
1494726003000
1494726004000
1494726005000
1494726006000
1494726007000
1494726008000
1494726009000
1494726010000
1494726011000
1494726012000
1494726013000
1494726014000
1494726015000
1494726016000
1494726017000
1494726018000
1494726019000
1494726020000
1494726021000
1494726022000
1494726023000
1494726024000
1494726025000
1494726026000
1494726027000
1494726028000
1494726029000
1494726030000
1494726031001
1494726032000
1494726033000
1494726034000
1494726035000
1494726036000
1494726037000
1494726038000
1494726039000
1494726040000
1494726041000
1494726042000
1494726043000
1494726044000
1494726045000
1494726046000
1494726047000
1494726048000
1494726049000
1494726050000
1494726051000
1494726052000
1494726053000
1494726054000
1494726055000
1494726056000
1494726057000
1494726058000
1494726059000
1494726060000
1494726061000
1494726062000
1494726063000
1494726064000
1494726065000
1494726066000
1494726067000
1494726068000
1494726069000
1494726070000
1494726071000
1494726072000
1494726073000
1494726074000
1494726075000
1494726076000
1494726077000
1494726078000
1494726079000
1494726080000
1494726081000
1494726082000
1494726083000
1494726084000
1494726085001
1494726086000
1494726087000
1494726088000
1494726089000
1494726090000
1494726091000
1494726092000
1494726093000
1494726094000
1494726095000
1494726096000
1494726097000
1494726098000
1494726099000
1494726100000
1494726101000
1494726102000
1494726103000
1494726104000
1494726105000
1494726106000
1494726107000
1494726108000
1494726109000
1494726110000
1494726111000
1494726112000
1494726113000
1494726114000
1494726115000
1494726116000
1494726117000
1494726118000
1494726119000
1494726120000
1494726121000
1494726122000
1494726123000
1494726124000
1494726125000
1494726126000
1494726127000
1494726128000
1494726129000
1494726130000
1494726131000
1494726132000
1494726133000
1494726134000
1494726135000
1494726136000
1494726137000
1494726138000
1494726139000
1494726140000
1494726141000
1494726142000
1494726143000
1494726144000
1494726145000
1494726146000
1494726147000
1494726148000
1494726149000
1494726150000
1494726151000
1494726152000
1494726153000
1494726154000
1494726155000
1494726156000
1494726157000
1494726158000
1494726159000
1494726160000
1494726161000
1494726162000
1494726163000
1494726164000
1494726165000
1494726166000
1494726167000
1494726168000
1494726169000
1494726170000
1494726171000
1494726172000
1494726173002
1494726174000
1494726175000
1494726176000
1494726177000
1494726178000
1494726179000
1494726180000
1494726181000
1494726182000
1494726183000
1494726184000
1494726185000
1494726186000
1494726187000
1494726188000
1494726189000
1494726190000
1494726191000
1494726192000
1494726193000
1494726194000
1494726195000
1494726196000
1494726197000
1494726198000
1494726199000
1494726200000
1494726201000
1494726202000
1494726203000
1494726204000
1494726205000
1494726206000
1494726207000
1494726208000
1494726209000
1494726210000
1494726211000
1494726212000
1494726213000
1494726214000
1494726215000
1494726216000
1494726217000
1494726218000
1494726219000
1494726220000
1494726221000
1494726222000
1494726223000
1494726224000
1494726225000
1494726226000
1494726227000
1494726228000
1494726229000
1494726230000
1494726231000
1494726232000
1494726233000
1494726234000
1494726235000
1494726236000
1494726237000
1494726238000
1494726239000
1494726240000
1494726241000
1494726242000
1494726243000
1494726244000
1494726245000
1494726246000
1494726247000
1494726248000
1494726249000
1494726250000
1494726251000
1494726252000
1494726253000
1494726254000
1494726255001
1494726256000
1494726257000
1494726258000
1494726259000
1494726260000
1494726261000
1494726262000
1494726263000
1494726264000
1494726265000
1494726266000
1494726267000
1494726268000
1494726269000
1494726270000
1494726271000
1494726272000
1494726273000
1494726274000
1494726275000
1494726276000
1494726277000
1494726278000
1494726279000
1494726280000
1494726281000
1494726282000
1494726283000
1494726284000
1494726285000
1494726286000
1494726287000
1494726288000
1494726289000
1494726290000
1494726291000
1494726292000
1494726293000
1494726294000
1494726295000
1494726296000
1494726297000
1494726298000
1494726299000
1494726300000
1494726301000
1494726302000
1494726303000
1494726304000
1494726305000
1494726306000
1494726307000
1494726308000
1494726309000
1494726310000
1494726311000
1494726312000
1494726313000
1494726314000
1494726315000
1494726316000
1494726317000
1494726318000
1494726319000
1494726320000
1494726321000
1494726322000
1494726323000
1494726324000
1494726325000
1494726326000
1494726327000
1494726328000
1494726329000
1494726330000
1494726331000
1494726332000
1494726333000
1494726334000
1494726335000
1494726336000
1494726337000
1494726338000
1494726339000
1494726340000
1494726341000
1494726342000
1494726343000
1494726344000
1494726345001
1494726346000
1494726347000
1494726348000
1494726349000
1494726350000
1494726351000
1494726352000
1494726353000
1494726354000
1494726355000
1494726356000
1494726357000
1494726358000
1494726359000
1494726360000
1494726361000
1494726362000
1494726363000
1494726364000
1494726365000
1494726366000
1494726367000
1494726368000
1494726369000
1494726370000
1494726371000
1494726372000
1494726373000
1494726374000
1494726375000
1494726376000
1494726377000
1494726378000
1494726379000
1494726380000
1494726381000
1494726382000
1494726383000
1494726384001
1494726385000
1494726386000
1494726387000
1494726388000
1494726389000
1494726390000
1494726391000
1494726392000
1494726393000
1494726394000
1494726395001
1494726396000
1494726397000
1494726398000
1494726399000
1494726400000
1494726401000
1494726402000
1494726403000
1494726404000
1494726405000
1494726406000
1494726407000
1494726408000
1494726409000
1494726410000
1494726411000
1494726412000
1494726413000
1494726414000
1494726415000
1494726416000
1494726417000
1494726418000
1494726419000
1494726420000
1494726421000
1494726422000
1494726423000
1494726424000
1494726425001
1494726426000
1494726427000
1494726428000
1494726429000
1494726430000
1494726431000
1494726432000
1494726433000
