1501669931000
1501669932000
1501669933000
1501669934000
1501669935000
1501669936000
1501669937000
1501669938000
1501669939000
1501669940000
1501669941000
1501669942000
1501669943000
1501669944000
1501669945000
1501669946000
1501669947000
1501669948000
1501669949000
1501669950000
1501669951000
1501669952000
1501669953000
1501669954000
1501669955000
1501669956000
1501669957000
1501669958000
1501669959000
1501669960000
1501669961000
1501669962000
1501669963000
1501669964000
1501669965000
1501669966000
1501669967000
1501669968000
1501669969000
1501669970000
1501669971000
1501669972000
1501669973000
1501669974000
1501669975000
1501669976000
1501669977000
1501669978000
1501669979000
1501669980000
1501669981000
1501669982000
1501669983000
1501669984000
1501669985000
1501669986000
1501669987000
1501669988000
1501669989000
1501669990000
1501669991000
1501669992000
1501669993000
1501669994000
1501669995000
1501669996000
1501669997000
1501669998000
1501669999000
1501670000000
1501670001000
1501670002000
1501670003000
1501670004000
1501670005000
1501670006000
1501670007000
1501670008000
1501670009000
1501670010000
1501670011000
1501670012000
1501670013000
1501670014000
1501670015000
1501670016000
1501670017000
1501670018000
1501670019000
1501670020000
1501670021000
1501670022000
1501670023000
1501670024000
1501670025000
1501670026000
1501670027000
1501670028000
1501670029000
1501670030000
1501670031000
1501670032000
1501670033000
1501670034000
1501670035000
1501670036000
1501670037000
1501670038000
1501670039000
1501670040000
1501670041000
1501670042000
1501670043000
1501670044000
1501670045000
1501670046000
1501670047000
1501670048000
1501670049000
1501670050000
1501670051000
1501670052000
1501670053000
1501670054000
1501670055000
1501670056000
1501670057000
1501670058000
1501670059000
1501670060000
1501670061000
1501670062000
1501670063000
1501670064000
1501670065000
1501670066000
1501670067000
1501670068000
1501670069000
1501670070000
1501670071000
1501670072000
1501670073000
1501670074000
1501670075000
1501670076000
1501670077000
1501670078000
1501670079000
1501670080000
1501670081000
1501670082000
1501670083000
1501670084000
1501670085000
1501670086000
1501670087000
1501670088000
1501670089000
1501670090000
1501670091000
1501670092000
1501670093000
1501670094000
1501670095000
1501670096000
1501670097000
1501670098000
1501670099000
1501670100000
1501670101000
1501670102000
1501670103000
1501670104000
1501670105000
1501670106000
1501670107000
1501670108000
1501670109000
1501670110000
1501670111000
1501670112000
1501670113000
1501670114000
1501670115000
1501670116000
1501670117000
1501670118000
1501670119000
1501670120000
1501670121000
1501670122000
1501670123000
1501670124000
1501670125000
1501670126000
1501670127000
1501670128000
1501670129000
1501670130000
1501670131000
1501670132000
1501670133000
1501670134000
1501670135000
1501670136000
1501670137000
1501670138000
1501670139000
1501670140000
1501670141000
1501670142000
1501670143000
1501670144000
1501670145000
1501670146000
1501670147000
1501670148000
1501670149000
1501670150000
1501670151000
1501670152000
1501670153000
1501670154000
1501670155000
1501670156000
1501670157000
1501670158000
1501670159000
1501670160000
1501670161000
1501670162000
1501670163000
1501670164000
1501670165000
1501670166000
1501670167000
1501670168000
1501670169000
1501670170000
1501670171000
1501670172000
1501670173000
1501670174000
1501670175000
1501670176000
1501670177000
1501670178000
1501670179000
1501670180000
1501670181000
1501670182000
1501670183000
1501670184000
1501670185000
1501670186000
1501670187000
1501670188000
1501670189000
1501670190000
1501670191000
1501670192000
1501670193000
1501670194000
1501670195000
1501670196000
1501670197000
1501670198000
1501670199000
1501670200000
1501670201000
1501670202000
1501670203000
1501670204000
1501670205000
1501670206000
1501670207000
1501670208000
1501670209000
1501670210000
1501670211000
1501670212000
1501670213000
1501670214000
1501670215000
1501670216000
1501670217000
1501670218000
1501670219000
1501670220000
1501670221000
1501670222000
1501670223000
1501670224000
1501670225000
1501670226000
1501670227000
1501670228000
1501670229000
1501670230000
1501670231000
1501670232000
1501670233000
1501670234000
1501670235000
1501670236000
1501670237000
1501670238000
1501670239000
1501670240000
1501670241000
1501670242000
1501670243000
1501670244000
1501670245000
1501670246000
1501670247000
1501670248000
1501670249000
1501670250000
1501670251000
1501670252000
1501670253000
1501670254000
1501670255000
1501670256000
1501670257000
1501670258000
1501670259000
1501670260000
1501670261000
1501670262000
1501670263000
1501670264000
1501670265000
1501670266000
1501670267000
1501670268000
1501670269000
1501670270000
1501670271000
1501670272000
1501670273000
1501670274000
1501670275000
1501670276000
1501670277000
1501670278000
1501670279000
1501670280000
1501670281000
1501670282000
1501670283000
1501670284000
1501670285000
1501670286000
1501670287000
1501670288000
1501670289000
1501670290000
1501670291000
1501670292000
1501670293000
1501670294000
1501670295000
1501670296000
1501670297000
1501670298000
1501670299000
1501670300000
1501670301000
1501670302000
1501670303000
1501670304000
1501670305000
1501670306000
1501670307000
1501670308000
1501670309000
1501670310000
1501670311000
1501670312000
1501670313000
1501670314000
1501670315000
1501670316000
1501670317000
1501670318000
1501670319000
1501670320000
1501670321000
1501670322000
1501670323000
1501670324000
1501670325000
1501670326000
1501670327000
1501670328000
1501670329000
1501670330000
1501670331000
1501670332000
1501670333000
1501670334000
1501670335000
1501670336000
1501670337000
1501670338000
1501670339000
1501670340000
1501670341000
1501670342000
1501670343000
1501670344000
1501670345000
1501670346000
1501670347000
1501670348000
1501670349000
1501670350000
1501670351000
1501670352000
1501670353000
1501670354000
1501670355000
1501670356000
1501670357000
1501670358000
1501670359000
1501670360000
1501670361000
1501670362000
1501670363000
1501670364000
1501670365000
1501670366000
1501670367000
1501670368000
1501670369000
1501670370000
1501670371000
1501670372000
1501670373000
1501670374000
1501670375000
1501670376000
1501670377000
1501670378000
1501670379000
1501670380000
1501670381000
1501670382000
1501670383000
1501670384000
1501670385000
1501670386000
1501670387000
1501670388000
1501670389000
1501670390000
1501670391000
1501670392000
1501670393000
1501670394000
1501670395000
1501670396000
1501670397000
1501670398000
1501670399000
1501670400000
1501670401000
1501670402000
1501670403000
1501670404000
1501670405000
1501670406000
1501670407000
1501670408000
1501670409000
1501670410000
1501670411000
1501670412000
1501670413000
1501670414000
1501670415000
1501670416000
1501670417000
1501670418000
1501670419000
1501670420000
1501670421000
1501670422000
1501670423000
1501670424000
1501670425000
1501670426000
1501670427000
1501670428000
1501670429000
1501670430000
1501670431000
1501670432000
1501670433000
1501670434000
1501670435000
1501670436000
1501670437000
1501670438000
1501670439000
1501670440000
1501670441000
1501670442000
1501670443000
1501670444000
1501670445000
1501670446000
1501670447000
1501670448000
1501670449000
1501670450000
1501670451000
1501670452000
1501670453000
1501670454000
1501670455000
1501670456000
1501670457000
1501670458000
1501670459000
1501670460000
1501670461000
1501670462000
1501670463000
1501670464000
1501670465000
1501670466000
1501670467000
1501670468000
1501670469000
1501670470000
1501670471000
1501670472000
1501670473000
1501670474000
1501670475000
1501670476000
1501670477000
1501670478000
1501670479000
1501670480000
1501670481000
1501670482000
1501670483000
1501670484000
1501670485000
1501670486000
1501670487000
1501670488000
1501670489000
1501670490000
1501670491000
1501670492000
1501670493000
1501670494000
1501670495000
1501670496000
1501670497000
1501670498000
1501670499000
1501670500000
1501670501000
1501670502000
1501670503000
1501670504000
1501670505000
1501670506000
1501670507000
1501670508000
1501670509000
1501670510000
1501670511000
1501670512000
1501670513000
1501670514000
1501670515000
1501670516000
1501670517000
1501670518000
1501670519000
1501670520000
1501670521000
1501670522000
1501670523000
1501670524000
1501670525000
1501670526000
1501670527000
1501670528000
1501670529000
1501670530000
1501670531000
1501670532000
1501670533000
1501670534000
1501670535000
1501670536000
1501670537000
1501670538000
1501670539000
1501670540000
1501670541000
1501670542000
1501670543000
1501670544000
1501670545000
1501670546000
1501670547000
1501670548000
1501670549000
1501670550000
1501670551000
1501670552000
1501670553000
1501670554000
1501670555000
1501670556000
1501670557000
1501670558000
1501670559000
1501670560000
1501670561000
1501670562000
1501670563000
1501670564000
1501670565000
1501670566000
1501670567000
1501670568000
1501670569000
1501670570000
1501670571000
1501670572000
1501670573000
1501670574000
1501670575000
1501670576000
1501670577000
1501670578000
1501670579000
1501670580000
1501670581000
1501670582000
1501670583000
1501670584000
1501670585000
1501670586000
1501670587000
1501670588000
1501670589000
1501670590000
1501670591000
1501670592000
1501670593000
1501670594000
1501670595000
1501670596000
1501670597000
1501670598000
1501670599000
1501670600000
1501670601000
1501670602000
1501670603000
1501670604000
1501670605000
1501670606000
1501670607000
1501670608000
1501670609000
1501670610000
1501670611000
1501670612000
1501670613000
1501670614000
1501670615000
1501670616000
1501670617000
1501670618000
1501670619000
1501670620000
1501670621000
1501670622000
1501670623000
1501670624000
1501670625000
1501670626000
1501670627000
1501670628000
1501670629000
1501670630000
1501670631000
1501670632000
1501670633000
1501670634000
1501670635000
1501670636000
1501670637000
1501670638000
1501670639000
1501670640000
1501670641000
1501670642000
1501670643000
1501670644000
1501670645000
1501670646000
1501670647000
1501670648000
1501670649000
1501670650000
1501670651000
1501670652000
1501670653000
1501670654000
1501670655000
1501670656000
1501670657000
1501670658000
1501670659000
1501670660000
1501670661000
1501670662000
1501670663000
1501670664000
1501670665000
1501670666000
1501670667000
1501670668000
1501670669000
1501670670000
1501670671000
1501670672000
1501670673000
1501670674000
1501670675000
1501670676000
1501670677000
1501670678000
1501670679000
1501670680000
1501670681000
1501670682000
1501670683000
1501670684000
1501670685000
1501670686000
1501670687000
1501670688000
1501670689000
1501670690000
1501670691000
1501670692000
1501670693000
1501670694000
1501670695000
1501670696000
1501670697000
1501670698000
1501670699000
1501670700000
1501670701000
1501670702000
1501670703000
1501670704000
1501670705000
1501670706000
1501670707000
1501670708000
1501670709000
1501670710000
1501670711000
1501670712000
1501670713000
1501670714000
1501670715000
1501670716000
1501670717000
1501670718000
1501670719000
1501670720000
1501670721000
1501670722000
1501670723000
1501670724000
1501670725000
1501670726000
1501670727000
1501670728000
1501670729000
1501670730000
1501670731000
1501670732000
1501670733000
1501670734000
1501670735000
1501670736000
1501670737000
1501670738000
1501670739000
1501670740000
1501670741000
1501670742000
1501670743000
1501670744000
1501670745000
1501670746000
1501670747000
1501670748000
1501670749000
1501670750000
1501670751000
1501670752000
1501670753000
1501670754000
1501670755000
1501670756000
1501670757000
1501670758000
1501670759000
1501670760000
1501670761000
1501670762000
1501670763000
1501670764000
1501670765000
1501670766000
1501670767000
1501670768000
1501670769000
1501670770000
1501670771000
1501670772000
1501670773000
1501670774000
1501670775000
1501670776000
1501670777000
1501670778000
1501670779000
1501670780000
1501670781000
1501670782000
1501670783000
1501670784000
1501670785000
1501670786000
1501670787000
1501670788000
1501670789000
1501670790000
1501670791000
1501670792000
1501670793000
1501670794000
1501670795000
1501670796000
1501670797000
1501670798000
1501670799000
1501670800000
1501670801000
1501670802000
1501670803000
1501670804000
1501670805000
1501670806000
1501670807000
1501670808000
1501670809000
1501670810000
1501670811000
1501670812000
1501670813000
1501670814000
1501670815000
1501670816000
1501670817000
1501670818000
1501670819000
1501670820000
1501670821000
1501670822000
1501670823000
1501670824000
1501670825000
1501670826000
1501670827000
1501670828000
1501670829000
1501670830000
1501670831000
1501670832000
1501670833000
1501670834000
1501670835000
1501670836000
1501670837000
1501670838000
1501670839000
1501670840000
1501670841000
1501670842000
1501670843000
1501670844000
1501670845000
1501670846000
1501670847000
1501670848000
1501670849000
1501670850000
1501670851000
1501670852000
1501670853000
1501670854000
1501670855000
1501670856000
1501670857000
1501670858000
1501670859000
1501670860000
1501670861000
1501670862000
1501670863000
1501670864000
1501670865000
1501670866000
1501670867000
1501670868000
1501670869000
1501670870000
1501670871000
1501670872000
1501670873000
1501670874000
1501670875000
1501670876000
1501670877000
1501670878000
1501670879000
1501670880000
1501670881000
1501670882000
1501670883000
1501670884000
1501670885000
1501670886000
1501670887000
1501670888000
1501670889000
1501670890000
1501670891000
1501670892000
1501670893000
1501670894000
1501670895000
1501670896000
1501670897000
1501670898000
1501670899000
1501670900000
1501670901000
1501670902000
1501670903000
1501670904000
1501670905000
1501670906000
1501670907000
1501670908000
1501670909000
1501670910000
1501670911000
1501670912000
1501670913000
1501670914000
1501670915000
1501670916000
1501670917000
1501670918000
1501670919000
1501670920000
1501670921000
1501670922000
1501670923000
1501670924000
1501670925000
1501670926000
1501670927000
1501670928000
1501670929000
1501670930000
1501670931000
1501670932000
1501670933000
1501670934000
1501670935000
1501670936000
1501670937000
1501670938000
1501670939000
1501670940000
1501670941000
1501670942000
1501670943000
1501670944000
1501670945000
1501670946000
1501670947000
1501670948000
1501670949000
1501670950000
1501670951000
1501670952000
1501670953000
1501670954000
1501670955000
1501670956000
1501670957000
1501670958000
1501670959000
1501670960000
1501670961000
1501670962000
1501670963000
1501670964000
1501670965000
1501670966000
1501670967000
1501670968000
1501670969000
1501670970000
1501670971000
1501670972000
1501670973000
1501670974000
1501670975000
1501670976000
1501670977000
1501670978000
1501670979000
1501670980000
1501670981000
1501670982000
1501670983000
1501670984000
1501670985000
1501670986000
1501670987000
1501670988000
1501670989000
1501670990000
1501670991000
1501670992000
1501670993000
1501670994000
1501670995000
1501670996000
1501670997000
1501670998000
1501670999000
1501671000000
1501671001000
1501671002000
1501671003000
1501671004000
1501671005000
1501671006000
1501671007000
1501671008000
1501671009000
1501671010000
1501671011000
1501671012000
1501671013000
1501671014000
1501671015000
1501671016000
1501671017000
1501671018000
1501671019000
1501671020000
1501671021000
1501671022000
1501671023000
1501671024000
1501671025000
1501671026000
1501671027000
1501671028000
1501671029000
1501671030000
1501671031000
1501671032000
1501671033000
1501671034000
1501671035000
1501671036000
1501671037000
1501671038000
1501671039000
1501671040000
1501671041000
1501671042000
1501671043000
1501671044000
1501671045000
1501671046000
1501671047000
1501671048000
1501671049000
1501671050000
1501671051000
1501671052000
1501671053000
1501671054000
1501671055000
1501671056000
1501671057000
1501671058000
1501671059000
1501671060000
1501671061000
1501671062000
1501671063000
1501671064000
1501671065000
1501671066000
1501671067000
1501671068000
1501671069000
1501671070000
1501671071000
1501671072000
1501671073000
1501671074000
1501671075000
1501671076000
1501671077000
1501671078000
1501671079000
1501671080000
1501671081000
1501671082000
1501671083000
1501671084000
1501671085000
1501671086000
1501671087000
1501671088000
1501671089000
1501671090000
1501671091000
1501671092000
1501671093000
1501671094000
1501671095000
1501671096000
1501671097000
1501671098000
1501671099000
1501671100000
1501671101000
1501671102000
1501671103000
1501671104000
1501671105000
1501671106000
1501671107000
1501671108000
1501671109000
1501671110000
1501671111000
1501671112000
1501671113000
1501671114000
1501671115000
1501671116000
1501671117000
1501671118000
1501671119000
1501671120000
1501671121000
1501671122000
1501671123000
1501671124000
1501671125000
1501671126000
1501671127000
1501671128000
1501671129000
1501671130000
1501671131000
1501671132000
1501671133000
1501671134000
1501671135000
1501671136000
1501671137000
1501671138000
1501671139000
1501671140000
1501671141000
1501671142000
1501671143000
1501671144000
1501671145000
1501671146000
1501671147000
1501671148000
1501671149000
1501671150000
1501671151000
1501671152000
1501671153000
1501671154000
1501671155000
1501671156000
1501671157000
1501671158000
1501671159000
1501671160000
1501671161000
1501671162000
1501671163000
1501671164000
1501671165000
1501671166000
1501671167000
1501671168000
1501671169000
1501671170000
1501671171000
1501671172000
1501671173000
1501671174000
1501671175000
1501671176000
1501671177000
1501671178000
1501671179000
1501671180000
1501671181000
1501671182000
1501671183000
1501671184000
1501671185000
1501671186000
1501671187000
1501671188000
1501671189000
1501671190000
1501671191000
1501671192000
1501671193000
1501671194000
1501671195000
1501671196000
1501671197000
1501671198000
1501671199000
1501671200000
1501671201000
1501671202000
1501671203000
1501671204000
1501671205000
1501671206000
1501671207000
1501671208000
1501671209000
1501671210000
1501671211000
1501671212000
1501671213000
1501671214000
1501671215000
1501671216000
1501671217000
1501671218000
1501671219000
1501671220000
1501671221000
1501671222000
1501671223000
1501671224000
1501671225000
1501671226000
1501671227000
1501671228000
1501671229000
1501671230000
1501671231000
1501671232000
1501671233000
1501671234000
1501671235000
1501671236000
1501671237000
1501671238000
1501671239000
1501671240000
1501671241000
1501671242000
1501671243000
1501671244000
1501671245000
1501671246000
1501671247000
1501671248000
1501671249000
1501671250000
1501671251000
1501671252000
1501671253000
1501671254000
1501671255000
1501671256000
1501671257000
1501671258000
1501671259000
1501671260000
1501671261000
1501671262000
1501671263000
1501671264000
1501671265000
1501671266000
1501671267000
1501671268000
1501671269000
1501671270000
1501671271000
1501671272000
1501671273000
1501671274000
1501671275000
1501671276000
1501671277000
1501671278000
1501671279000
1501671280000
1501671281000
1501671282000
1501671283000
1501671284000
1501671285000
1501671286000
1501671287000
1501671288000
1501671289000
1501671290000
1501671291000
1501671292000
1501671293000
1501671294000
1501671295000
1501671296000
1501671297000
1501671298000
1501671299000
1501671300000
1501671301000
1501671302000
1501671303000
1501671304000
1501671305000
1501671306000
1501671307000
1501671308000
1501671309000
1501671310000
1501671311000
1501671312000
1501671313000
1501671314000
1501671315000
1501671316000
1501671317000
1501671318000
1501671319000
1501671320000
1501671321000
1501671322000
1501671323000
1501671324000
1501671325000
1501671326000
1501671327000
1501671328000
1501671329000
1501671330000
1501671331000
1501671332000
1501671333000
1501671334000
1501671335000
1501671336000
1501671337000
1501671338000
1501671339000
1501671340000
1501671341000
1501671342000
1501671343000
1501671344000
1501671345000
1501671346000
1501671347000
1501671348000
1501671349000
1501671350000
1501671351000
1501671352000
1501671353000
1501671354000
1501671355000
1501671356000
1501671357000
1501671358000
1501671359000
1501671360000
1501671361000
1501671362000
1501671363000
1501671364000
1501671365000
1501671366000
1501671367000
1501671368000
1501671369000
1501671370000
1501671371000
1501671372000
1501671373000
1501671374000
1501671375000
1501671376000
1501671377000
1501671378000
1501671379000
1501671380000
1501671381000
1501671382000
1501671383000
1501671384000
1501671385000
1501671386000
1501671387000
1501671388000
1501671389000
1501671390000
1501671391000
1501671392000
1501671393000
1501671394000
1501671395000
1501671396000
1501671397000
1501671398000
1501671399000
1501671400000
1501671401000
1501671402000
1501671403000
1501671404000
1501671405000
1501671406000
1501671407000
1501671408000
1501671409000
1501671410000
1501671411000
1501671412000
1501671413000
1501671414000
1501671415000
1501671416000
1501671417000
1501671418000
1501671419000
1501671420000
1501671421000
1501671422000
1501671423000
1501671424000
1501671425000
1501671426000
1501671427000
1501671428000
1501671429000
1501671430000
1501671431000
1501671432000
1501671433000
1501671434000
1501671435000
1501671436000
1501671437000
1501671438000
1501671439000
1501671440000
1501671441000
1501671442000
1501671443000
1501671444000
1501671445000
1501671446000
1501671447000
1501671448000
1501671449000
1501671450000
1501671451000
1501671452000
1501671453000
1501671454000
1501671455000
1501671456000
1501671457000
1501671458000
1501671459000
1501671460000
1501671461000
1501671462000
1501671463000
1501671464000
1501671465000
1501671466000
1501671467000
1501671468000
1501671469000
1501671470000
1501671471000
1501671472000
1501671473000
1501671474000
1501671475000
1501671476000
1501671477000
1501671478000
1501671479000
1501671480000
1501671481000
1501671482000
1501671483000
1501671484000
1501671485000
1501671486000
1501671487000
1501671488000
1501671489000
1501671490000
1501671491000
1501671492000
1501671493000
1501671494000
1501671495000
1501671496000
1501671497000
1501671498000
1501671499000
1501671500000
1501671501000
1501671502000
1501671503000
1501671504000
1501671505000
1501671506000
1501671507000
1501671508000
1501671509000
1501671510000
1501671511000
1501671512000
1501671513000
1501671514000
1501671515000
1501671516000
1501671517000
1501671518000
1501671519000
1501671520000
1501671521000
1501671522000
1501671523000
1501671524000
1501671525000
1501671526000
1501671527000
1501671528000
1501671529000
1501671530000
1501671531000
1501671532000
1501671533000
1501671534000
1501671535000
1501671536000
1501671537000
1501671538000
1501671539000
1501671540000
1501671541000
1501671542000
1501671543000
1501671544000
1501671545000
1501671546000
1501671547000
1501671548000
1501671549000
1501671550000
1501671551000
1501671552000
1501671553000
1501671554000
1501671555000
1501671556000
1501671557000
1501671558000
1501671559000
1501671560000
1501671561000
1501671562000
1501671563000
1501671564000
1501671565000
1501671566000
1501671567000
1501671568000
1501671569000
1501671570000
1501671571000
1501671572000
1501671573000
1501671574000
1501671575000
1501671576000
1501671577000
1501671578000
1501671579000
1501671580000
1501671581000
1501671582000
1501671583000
1501671584000
1501671585000
1501671586000
1501671587000
1501671588000
1501671589000
1501671590000
1501671591000
1501671592000
1501671593000
1501671594000
1501671595000
1501671596000
1501671597000
1501671598000
1501671599000
1501671600000
1501671601000
1501671602000
1501671603000
1501671604000
1501671605000
1501671606000
1501671607000
1501671608000
1501671609000
1501671610000
1501671611000
1501671612000
1501671613000
1501671614000
1501671615000
1501671616000
1501671617000
1501671618000
1501671619000
1501671620000
1501671621000
1501671622000
1501671623000
1501671624000
1501671625000
1501671626000
1501671627000
1501671628000
1501671629000
1501671630000
1501671631000
1501671632000
1501671633000
1501671634000
1501671635000
1501671636000
1501671637000
1501671638000
1501671639000
1501671640000
1501671641000
1501671642000
1501671643000
1501671644000
1501671645000
1501671646000
1501671647000
1501671648000
1501671649000
1501671650000
1501671651000
1501671652000
1501671653000
1501671654000
1501671655000
1501671656000
1501671657000
1501671658000
1501671659000
1501671660000
1501671661000
1501671662000
1501671663000
1501671664000
1501671665000
1501671666000
1501671667000
1501671668000
1501671669000
1501671670000
1501671671000
1501671672000
1501671673000
1501671674000
1501671675000
1501671676000
1501671677000
1501671678000
1501671679000
1501671680000
1501671681000
1501671682000
1501671683000
1501671684000
1501671685000
1501671686000
1501671687000
1501671688000
1501671689000
1501671690000
1501671691000
1501671692000
1501671693000
1501671694000
1501671695000
1501671696000
1501671697000
1501671698000
1501671699000
1501671700000
1501671701000
1501671702000
1501671703000
1501671704000
1501671705000
1501671706000
1501671707000
1501671708000
1501671709000
1501671710000
1501671711000
1501671712000
1501671713000
1501671714000
1501671715000
1501671716000
1501671717000
1501671718000
1501671719000
1501671720000
1501671721000
1501671722000
1501671723000
1501671724000
1501671725000
1501671726000
1501671727000
1501671728000
1501671729000
1501671730000
1501671731000
1501671732000
1501671733000
1501671734000
1501671735000
1501671736000
1501671737000
1501671738000
1501671739000
1501671740000
1501671741000
1501671742000
1501671743000
1501671744000
1501671745000
1501671746000
1501671747000
1501671748000
1501671749000
1501671750000
1501671751000
1501671752000
1501671753000
1501671754000
1501671755000
1501671756000
1501671757000
1501671758000
1501671759000
1501671760000
1501671761000
1501671762000
1501671763000
1501671764000
1501671765000
1501671766000
1501671767000
1501671768000
1501671769000
1501671770000
1501671771000
1501671772000
1501671773000
1501671774000
1501671775000
1501671776000
1501671777000
1501671778000
1501671779000
1501671780000
1501671781000
1501671782000
1501671783000
1501671784000
1501671785000
1501671786000
1501671787000
1501671788000
1501671789000
1501671790000
1501671791000
1501671792000
1501671793000
1501671794000
1501671795000
1501671796000
1501671797000
1501671798000
1501671799000
1501671800000
1501671801000
1501671802000
1501671803000
1501671804000
1501671805000
1501671806000
1501671807000
1501671808000
1501671809000
1501671810000
1501671811000
1501671812000
1501671813000
1501671814000
1501671815000
1501671816000
1501671817000
1501671818000
1501671819000
1501671820000
1501671821000
1501671822000
1501671823000
1501671824000
1501671825000
1501671826000
1501671827000
1501671828000
1501671829000
1501671830000
1501671831000
1501671832000
1501671833000
1501671834000
1501671835000
1501671836000
1501671837000
1501671838000
1501671839000
1501671840000
1501671841000
1501671842000
1501671843000
1501671844000
1501671845000
1501671846000
1501671847000
1501671848000
1501671849000
1501671850000
1501671851000
1501671852000
1501671853000
1501671854000
1501671855000
1501671856000
1501671857000
1501671858000
1501671859000
1501671860000
1501671861000
1501671862000
1501671863000
1501671864000
1501671865000
1501671866000
1501671867000
1501671868000
1501671869000
1501671870000
1501671871000
1501671872000
1501671873000
1501671874000
1501671875000
1501671876000
1501671877000
1501671878000
1501671879000
1501671880000
1501671881000
1501671882000
1501671883000
1501671884000
1501671885000
1501671886000
1501671887000
1501671888000
1501671889000
1501671890000
1501671891000
1501671892000
1501671893000
1501671894000
1501671895000
1501671896000
1501671897000
1501671898000
1501671899000
1501671900000
1501671901000
1501671902000
1501671903000
1501671904000
1501671905000
1501671906000
1501671907000
1501671908000
1501671909000
1501671910000
1501671911000
1501671912000
1501671913000
1501671914000
1501671915000
1501671916000
1501671917000
1501671918000
1501671919000
1501671920000
1501671921000
1501671922000
1501671923000
1501671924000
1501671925102
1501671926000
1501671927000
1501671928000
1501671929000
1501671930000
1501671931000
1501671932000
1501671933000
1501671934000
1501671935000
1501671936000
1501671937000
1501671938000
1501671939000
1501671940000
1501671941000
1501671942000
1501671943000
1501671944000
1501671945000
1501671946000
1501671947000
1501671948000
1501671949000
1501671950000
1501671951000
1501671952000
1501671953000
1501671954000
1501671955000
1501671956000
1501671957000
1501671958000
1501671959000
1501671960000
1501671961000
1501671962000
1501671963000
1501671964000
1501671965000
1501671966000
1501671967000
1501671968000
1501671969000
1501671970000
1501671971000
1501671972000
1501671973000
1501671974000
1501671975000
1501671976000
1501671977000
1501671978000
1501671979000
1501671980000
1501671981000
1501671982000
1501671983000
1501671984000
1501671985000
1501671986000
1501671987000
1501671988000
1501671989000
1501671990000
1501671991000
1501671992000
1501671993000
1501671994000
1501671995000
1501671996000
1501671997000
1501671998000
1501671999000
1501672000000
1501672001000
1501672002000
1501672003000
1501672004000
1501672005000
1501672006000
1501672007000
1501672008000
1501672009000
1501672010000
1501672011000
1501672012000
1501672013000
1501672014000
1501672015000
1501672016000
1501672017000
1501672018000
1501672019000
1501672020000
1501672021000
1501672022000
1501672023000
1501672024000
1501672025000
1501672026000
1501672027000
1501672028000
1501672029000
1501672030000
1501672031000
1501672032000
1501672033000
1501672034000
1501672035000
1501672036000
1501672037000
1501672038000
1501672039000
1501672040000
1501672041000
1501672042000
1501672043000
1501672044000
1501672045000
1501672046000
1501672047000
1501672048000
1501672049000
1501672050000
1501672051000
1501672052000
1501672053000
1501672054000
1501672055000
1501672056000
1501672057000
1501672058000
1501672059000
1501672060000
1501672061000
1501672062000
1501672063000
1501672064000
1501672065000
1501672066000
1501672067000
1501672068000
1501672069000
1501672070000
1501672071000
1501672072000
1501672073000
1501672074000
1501672075000
1501672076000
1501672077000
1501672078000
1501672079000
1501672080000
1501672081000
1501672082000
1501672083000
1501672084000
1501672085000
1501672086000
1501672087000
1501672088000
1501672089000
1501672090000
1501672091000
1501672092000
1501672093000
1501672094000
1501672095000
1501672096000
1501672097000
1501672098000
1501672099000
1501672100000
1501672101000
1501672102000
1501672103000
1501672104000
1501672105000
1501672106000
1501672107000
1501672108000
1501672109000
1501672110000
1501672111000
1501672112000
1501672113000
1501672114000
1501672115000
1501672116000
1501672117000
1501672118000
1501672119000
1501672120000
1501672121000
1501672122000
1501672123000
1501672124000
1501672125000
1501672126000
1501672127000
1501672128000
1501672129000
1501672130000
1501672131000
1501672132000
1501672133000
1501672134000
1501672135000
1501672136000
1501672137000
1501672138000
1501672139000
1501672140000
1501672141000
1501672142000
1501672143000
1501672144000
1501672145000
1501672146000
1501672147000
1501672148000
1501672149000
1501672150000
1501672151000
1501672152000
1501672153000
1501672154000
1501672155000
1501672156000
1501672157000
1501672158000
1501672159000
1501672160000
1501672161000
1501672162000
1501672163000
1501672164000
1501672165000
1501672166000
1501672167000
1501672168000
1501672169000
1501672170000
1501672171000
1501672172000
1501672173000
1501672174000
1501672175000
1501672176000
1501672177000
1501672178000
1501672179000
1501672180000
1501672181000
1501672182000
1501672183000
1501672184000
1501672185000
1501672186000
1501672187000
1501672188000
1501672189000
1501672190000
1501672191000
1501672192000
1501672193000
1501672194000
1501672195000
1501672196000
1501672197000
1501672198000
1501672199000
1501672200000
1501672201000
1501672202000
1501672203000
1501672204000
1501672205000
1501672206000
1501672207000
1501672208000
1501672209000
1501672210000
1501672211000
1501672212000
1501672213000
1501672214000
1501672215000
1501672216000
1501672217000
1501672218000
1501672219000
1501672220000
1501672221000
1501672222000
1501672223000
1501672224000
1501672225000
1501672226000
1501672227000
1501672228000
1501672229000
1501672230000
1501672231000
1501672232000
1501672233000
1501672234000
1501672235000
1501672236000
1501672237000
1501672238000
1501672239000
1501672240000
1501672241000
1501672242000
1501672243000
1501672244000
1501672245000
1501672246000
1501672247000
1501672248000
1501672249000
1501672250000
1501672251000
1501672252000
1501672253002
1501672254000
1501672255000
1501672256000
1501672257000
1501672258000
1501672259000
1501672260000
1501672261000
1501672262000
1501672263000
1501672264000
1501672265000
1501672266000
1501672267000
1501672268000
1501672269000
1501672270000
1501672271000
1501672272000
1501672273000
1501672274000
1501672275000
1501672276000
1501672277000
1501672278000
1501672279000
1501672280000
1501672281000
1501672282000
1501672283000
1501672284000
1501672285000
1501672286000
1501672287000
1501672288000
1501672289000
1501672290000
1501672291000
1501672292000
1501672293000
1501672294000
1501672295000
1501672296000
1501672297000
1501672298000
1501672299000
1501672300000
1501672301000
1501672302000
1501672303000
1501672304000
1501672305000
1501672306000
1501672307000
1501672308000
1501672309000
1501672310000
1501672311000
1501672312000
1501672313000
1501672314000
1501672315000
1501672316000
1501672317000
1501672318000
1501672319000
1501672320000
1501672321000
1501672322000
1501672323000
1501672324000
1501672325000
1501672326000
1501672327000
1501672328000
1501672329002
1501672330000
1501672331000
1501672332000
1501672333000
1501672334000
1501672335000
1501672336000
1501672337000
1501672338000
1501672339000
1501672340000
1501672341000
1501672342000
1501672343000
1501672344000
1501672345000
1501672346000
1501672347000
1501672348000
1501672349000
1501672350000
1501672351000
1501672352000
1501672353000
1501672354000
1501672355000
1501672356000
1501672357000
1501672358000
1501672359000
1501672360000
1501672361000
1501672362000
1501672363000
1501672364000
1501672365000
1501672366000
1501672367000
1501672368000
1501672369000
1501672370000
1501672371000
1501672372000
1501672373000
1501672374000
1501672375000
1501672376000
1501672377000
1501672378000
1501672379000
1501672380000
1501672381000
1501672382000
1501672383000
1501672384000
1501672385000
1501672386000
1501672387000
1501672388000
1501672389000
1501672390000
1501672391000
1501672392000
1501672393000
1501672394000
1501672395000
1501672396000
1501672397000
1501672398000
1501672399000
1501672400000
1501672401000
1501672402000
1501672403000
1501672404000
1501672405000
1501672406000
1501672407000
1501672408000
1501672409000
1501672410000
1501672411000
1501672412000
1501672413000
1501672414000
1501672415000
1501672416000
1501672417000
1501672418000
1501672419000
1501672420000
1501672421000
1501672422000
1501672423000
1501672424000
1501672425000
1501672426000
1501672427000
1501672428000
1501672429000
1501672430000
1501672431000
1501672432000
1501672433000
1501672434000
1501672435000
1501672436000
1501672437000
1501672438000
1501672439000
1501672440000
1501672441000
1501672442000
1501672443000
1501672444000
1501672445000
1501672446000
1501672447000
1501672448000
1501672449000
1501672450000
1501672451000
1501672452000
1501672453000
1501672454000
1501672455000
1501672456000
1501672457000
1501672458000
1501672459000
1501672460000
1501672461000
1501672462000
1501672463000
1501672464000
1501672465000
1501672466000
1501672467000
1501672468000
1501672469000
1501672470000
1501672471000
1501672472000
1501672473000
1501672474000
1501672475000
1501672476000
1501672477000
1501672478000
1501672479000
1501672480000
1501672481000
1501672482000
1501672483000
1501672484000
1501672485000
1501672486000
1501672487000
1501672488000
1501672489000
1501672490000
1501672491000
1501672492000
1501672493000
1501672494000
1501672495000
1501672496000
1501672497000
1501672498000
1501672499000
1501672500000
1501672501000
1501672502000
1501672503000
1501672504000
1501672505000
1501672506000
1501672507000
1501672508000
1501672509000
1501672510000
1501672511000
1501672512000
1501672513000
1501672514000
1501672515000
1501672516000
1501672517000
1501672518000
1501672519000
1501672520000
1501672521000
1501672522000
1501672523000
1501672524000
1501672525000
1501672526000
1501672527000
1501672528000
1501672529000
1501672530000
1501672531000
1501672532000
1501672533000
1501672534000
1501672535000
1501672536000
1501672537000
1501672538000
1501672539000
1501672540000
1501672541000
1501672542000
1501672543000
1501672544000
1501672545000
1501672546000
1501672547000
1501672548000
1501672549000
1501672550000
1501672551000
1501672552000
1501672553000
1501672554000
1501672555000
1501672556000
1501672557000
1501672558000
1501672559000
1501672560000
1501672561000
1501672562000
1501672563000
1501672564000
1501672565000
1501672566000
1501672567000
1501672568000
1501672569000
1501672570000
1501672571000
1501672572000
1501672573000
1501672574000
1501672575000
1501672576000
1501672577000
1501672578000
1501672579000
1501672580000
1501672581000
1501672582000
1501672583000
1501672584000
1501672585000
1501672586000
1501672587000
1501672588000
1501672589000
1501672590000
1501672591000
1501672592000
1501672593000
1501672594000
1501672595000
1501672596000
1501672597000
1501672598000
1501672599000
1501672600000
1501672601000
1501672602000
1501672603000
1501672604000
1501672605000
1501672606000
1501672607000
1501672608000
1501672609000
1501672610000
1501672611000
1501672612000
1501672613000
1501672614000
1501672615000
1501672616000
1501672617000
1501672618000
1501672619000
1501672620000
1501672621000
1501672622004
1501672623000
1501672624000
1501672625000
1501672626000
1501672627000
1501672628000
1501672629000
1501672630000
1501672631000
1501672632000
1501672633000
1501672634000
1501672635000
1501672636000
1501672637000
1501672638000
1501672639000
1501672640000
1501672641000
1501672642000
1501672643000
1501672644000
1501672645000
1501672646000
1501672647000
1501672648000
1501672649000
1501672650000
1501672651000
1501672652000
1501672653000
1501672654000
1501672655000
1501672656000
1501672657000
1501672658000
1501672659000
1501672660000
1501672661000
1501672662000
1501672663000
1501672664000
1501672665000
1501672666000
1501672667000
1501672668000
1501672669000
1501672670000
1501672671000
1501672672000
1501672673000
1501672674000
1501672675000
1501672676000
1501672677000
1501672678000
1501672679000
1501672680000
1501672681000
1501672682000
1501672683000
1501672684000
1501672685000
1501672686000
1501672687000
1501672688000
1501672689000
1501672690000
1501672691000
1501672692000
1501672693000
1501672694000
1501672695000
1501672696000
1501672697000
1501672698000
1501672699000
1501672700000
1501672701000
1501672702000
1501672703000
1501672704000
1501672705000
1501672706000
1501672707000
1501672708000
1501672709000
1501672710000
1501672711000
1501672712000
1501672713000
1501672714000
1501672715000
1501672716000
1501672717000
1501672718000
1501672719000
1501672720000
1501672721000
1501672722000
1501672723000
1501672724000
1501672725000
1501672726000
1501672727000
1501672728000
1501672729000
1501672730000
1501672731000
1501672732000
1501672733000
1501672734000
1501672735000
1501672736000
1501672737000
1501672738000
1501672739000
1501672740000
1501672741000
1501672742000
1501672743000
1501672744000
1501672745000
1501672746000
1501672747003
1501672748000
1501672749000
1501672750000
1501672751000
1501672752000
1501672753000
1501672754000
1501672755000
1501672756000
1501672757000
1501672758000
1501672759000
1501672760000
1501672761000
1501672762000
1501672763000
1501672764000
1501672765000
1501672766000
1501672767000
1501672768000
1501672769000
1501672770000
1501672771000
1501672772000
1501672773000
1501672774000
1501672775000
1501672776000
1501672777000
1501672778000
1501672779000
1501672780000
1501672781000
1501672782000
1501672783000
1501672784000
1501672785000
1501672786000
1501672787000
1501672788000
1501672789000
1501672790000
1501672791000
1501672792000
1501672793000
1501672794000
1501672795000
1501672796000
1501672797000
1501672798000
1501672799000
1501672800000
1501672801000
1501672802000
1501672803000
1501672804000
1501672805000
1501672806000
1501672807000
1501672808000
1501672809000
1501672810000
1501672811000
1501672812000
1501672813000
1501672814000
1501672815000
1501672816000
1501672817000
1501672818000
1501672819000
1501672820000
1501672821000
1501672822000
1501672823000
1501672824000
1501672825000
1501672826000
1501672827000
1501672828000
1501672829000
1501672830000
1501672831000
1501672832000
1501672833000
1501672834000
1501672835000
1501672836000
1501672837000
1501672838000
1501672839000
1501672840000
1501672841000
1501672842000
1501672843000
1501672844000
1501672845000
1501672846000
1501672847000
1501672848000
1501672849000
1501672850000
1501672851000
1501672852000
1501672853000
1501672854000
1501672855000
1501672856000
1501672857000
1501672858000
1501672859000
1501672860000
1501672861000
1501672862000
1501672863000
1501672864000
1501672865000
1501672866000
1501672867000
1501672868000
1501672869000
1501672870000
1501672871000
1501672872000
1501672873000
1501672874000
1501672875000
1501672876000
1501672877000
1501672878000
1501672879000
1501672880000
1501672881000
1501672882000
1501672883000
1501672884000
1501672885000
1501672886000
1501672887000
1501672888000
1501672889000
1501672890000
1501672891000
1501672892000
1501672893000
1501672894000
1501672895000
1501672896000
1501672897000
1501672898000
1501672899000
1501672900000
1501672901000
1501672902000
1501672903000
1501672904000
1501672905000
1501672906000
1501672907000
1501672908000
1501672909000
1501672910000
1501672911000
1501672912000
1501672913000
1501672914000
1501672915000
1501672916000
1501672917000
1501672918000
1501672919000
1501672920000
1501672921000
1501672922000
1501672923000
1501672924000
1501672925000
1501672926000
1501672927000
1501672928000
1501672929000
1501672930000
1501672931000
1501672932000
1501672933000
1501672934000
1501672935000
1501672936000
1501672937000
1501672938000
1501672939000
1501672940000
1501672941000
1501672942000
1501672943000
1501672944001
1501672945000
1501672946000
1501672947000
1501672948000
1501672949000
1501672950000
1501672951000
1501672952000
1501672953000
1501672954000
1501672955000
1501672956000
1501672957000
1501672958000
1501672959000
1501672960000
1501672961000
1501672962000
1501672963000
1501672964000
1501672965000
1501672966000
1501672967000
1501672968000
1501672969000
1501672970000
1501672971000
1501672972000
1501672973000
1501672974002
1501672975000
1501672976000
1501672977000
1501672978000
1501672979000
1501672980000
1501672981000
1501672982000
1501672983000
1501672984000
1501672985000
1501672986000
1501672987000
1501672988000
1501672989000
1501672990000
1501672991000
1501672992000
1501672993000
1501672994000
1501672995000
1501672996000
1501672997000
1501672998000
1501672999000
1501673000000
1501673001000
1501673002000
1501673003000
1501673004000
1501673005000
1501673006000
1501673007000
1501673008000
1501673009000
1501673010000
1501673011000
1501673012000
1501673013000
1501673014000
1501673015000
1501673016000
1501673017000
1501673018000
1501673019000
1501673020000
1501673021000
1501673022000
1501673023000
1501673024000
1501673025000
1501673026000
1501673027000
1501673028000
1501673029000
1501673030000
1501673031000
1501673032000
1501673033000
1501673034000
1501673035000
1501673036000
1501673037000
1501673038000
1501673039000
1501673040000
1501673041000
1501673042000
1501673043000
1501673044000
1501673045000
1501673046000
1501673047000
1501673048000
1501673049000
1501673050000
1501673051000
1501673052000
1501673053000
1501673054000
1501673055000
1501673056000
1501673057000
1501673058000
1501673059000
1501673060000
1501673061000
1501673062000
1501673063000
1501673064000
1501673065000
1501673066000
1501673067000
1501673068000
1501673069000
1501673070000
1501673071000
1501673072000
1501673073000
1501673074000
1501673075000
1501673076000
1501673077000
1501673078000
1501673079000
1501673080000
1501673081000
1501673082000
1501673083000
1501673084000
1501673085000
1501673086000
1501673087000
1501673088000
1501673089000
1501673090000
1501673091000
1501673092000
1501673093000
1501673094000
1501673095000
1501673096000
1501673097000
1501673098000
1501673099000
1501673100000
1501673101000
1501673102000
1501673103000
1501673104000
1501673105000
1501673106000
1501673107000
1501673108000
1501673109000
1501673110000
1501673111000
1501673112000
1501673113000
1501673114000
1501673115000
1501673116000
1501673117000
1501673118000
1501673119000
1501673120000
1501673121000
1501673122000
1501673123000
1501673124000
1501673125000
1501673126000
1501673127000
1501673128000
1501673129000
1501673130000
1501673131000
1501673132000
1501673133000
1501673134000
1501673135000
1501673136000
1501673137000
1501673138000
1501673139000
1501673140000
1501673141000
1501673142000
1501673143000
1501673144000
1501673145000
1501673146000
1501673147000
1501673148000
1501673149000
1501673150000
1501673151000
1501673152000
1501673153000
1501673154000
1501673155000
1501673156000
1501673157000
1501673158000
1501673159000
1501673160000
1501673161000
1501673162000
1501673163000
1501673164000
1501673165000
1501673166000
1501673167000
1501673168000
1501673169000
1501673170000
1501673171000
1501673172000
1501673173000
1501673174000
1501673175000
1501673176000
1501673177000
1501673178000
1501673179000
1501673180000
1501673181000
1501673182000
1501673183000
1501673184000
1501673185000
1501673186000
1501673187000
1501673188000
1501673189000
1501673190000
1501673191000
1501673192000
1501673193000
1501673194000
1501673195000
1501673196000
1501673197000
1501673198001
1501673199000
1501673200000
1501673201000
1501673202000
1501673203000
1501673204000
1501673205000
1501673206000
1501673207000
1501673208000
1501673209000
1501673210000
1501673211000
1501673212000
1501673213000
1501673214000
1501673215000
1501673216000
1501673217000
1501673218000
1501673219000
1501673220000
1501673221000
1501673222000
1501673223000
1501673224000
1501673225000
1501673226000
1501673227000
1501673228000
1501673229000
1501673230000
1501673231000
1501673232000
1501673233000
1501673234000
1501673235000
1501673236000
1501673237000
1501673238000
1501673239000
1501673240000
1501673241000
1501673242000
1501673243000
1501673244000
1501673245000
1501673246000
1501673247000
1501673248000
1501673249000
1501673250000
1501673251000
1501673252000
1501673253000
1501673254000
1501673255000
1501673256000
1501673257000
1501673258000
1501673259000
1501673260000
1501673261000
1501673262000
1501673263000
1501673264000
1501673265000
1501673266000
1501673267000
1501673268000
1501673269000
1501673270000
1501673271000
1501673272000
1501673273000
1501673274000
1501673275000
1501673276000
1501673277000
1501673278000
1501673279001
1501673280000
1501673281000
1501673282000
1501673283000
1501673284000
1501673285000
1501673286000
1501673287000
1501673288000
1501673289000
1501673290000
1501673291000
1501673292000
1501673293000
1501673294000
1501673295000
1501673296000
1501673297000
1501673298000
1501673299000
1501673300000
1501673301000
1501673302000
1501673303000
1501673304000
1501673305000
1501673306000
1501673307000
1501673308000
1501673309000
1501673310000
1501673311000
1501673312000
1501673313000
1501673314000
1501673315000
1501673316000
1501673317000
1501673318000
1501673319000
1501673320000
1501673321000
1501673322000
1501673323000
1501673324000
1501673325000
1501673326000
1501673327000
1501673328000
1501673329000
1501673330000
1501673331000
1501673332000
1501673333000
1501673334000
1501673335000
1501673336000
1501673337000
1501673338000
1501673339000
1501673340000
1501673341000
1501673342000
1501673343000
1501673344000
1501673345000
1501673346000
1501673347000
1501673348000
1501673349000
1501673350000
1501673351000
1501673352000
1501673353000
1501673354000
1501673355000
1501673356000
1501673357000
1501673358000
1501673359000
1501673360000
1501673361000
1501673362000
1501673363000
1501673364000
1501673365000
1501673366000
1501673367000
1501673368000
1501673369000
1501673370000
1501673371000
1501673372000
1501673373000
1501673374000
1501673375000
1501673376000
1501673377000
1501673378000
1501673379000
1501673380000
1501673381000
1501673382000
1501673383000
1501673384000
1501673385000
1501673386000
1501673387000
1501673388000
1501673389000
1501673390000
1501673391000
1501673392000
1501673393000
1501673394000
1501673395000
1501673396000
1501673397000
1501673398000
1501673399000
1501673400000
1501673401000
1501673402000
1501673403000
1501673404000
1501673405000
1501673406000
1501673407000
1501673408000
1501673409000
1501673410000
1501673411000
1501673412000
1501673413000
1501673414000
1501673415000
1501673416000
1501673417000
1501673418000
1501673419000
1501673420000
1501673421000
1501673422000
1501673423000
1501673424000
1501673425000
1501673426000
1501673427000
1501673428000
1501673429000
1501673430000
1501673431000
1501673432000
1501673433000
1501673434000
1501673435000
1501673436000
1501673437000
1501673438000
1501673439000
1501673440000
1501673441000
1501673442000
1501673443000
1501673444000
1501673445000
1501673446000
1501673447000
1501673448000
1501673449000
1501673450000
1501673451000
1501673452000
1501673453000
1501673454000
1501673455000
1501673456000
1501673457000
1501673458000
1501673459000
1501673460000
1501673461000
1501673462000
1501673463000
1501673464000
1501673465000
1501673466000
1501673467000
1501673468000
1501673469000
1501673470000
1501673471000
1501673472000
1501673473000
1501673474000
1501673475000
1501673476000
1501673477000
1501673478000
1501673479000
1501673480000
1501673481000
1501673482000
1501673483000
1501673484000
1501673485000
1501673486000
1501673487000
1501673488000
1501673489000
1501673490000
1501673491000
1501673492000
1501673493000
1501673494000
1501673495000
1501673496000
1501673497000
1501673498000
1501673499000
1501673500000
1501673501000
1501673502000
1501673503000
1501673504000
1501673505000
1501673506000
1501673507000
1501673508000
1501673509000
1501673510000
1501673511000
1501673512000
1501673513000
1501673514000
1501673515000
1501673516000
1501673517000
1501673518000
1501673519000
1501673520000
1501673521000
1501673522000
1501673523000
1501673524000
1501673525000
1501673526000
1501673527000
1501673528000
1501673529000
1501673530000
1501673531000
1501673532000
1501673533000
1501673534000
1501673535000
1501673536000
1501673537000
1501673538000
1501673539000
1501673540000
1501673541000
1501673542000
1501673543000
1501673544000
1501673545000
1501673546000
1501673547000
1501673548000
1501673549000
1501673550000
1501673551000
1501673552000
1501673553000
1501673554000
1501673555000
1501673556000
1501673557000
1501673558000
1501673559000
1501673560000
1501673561000
1501673562000
1501673563000
1501673564000
1501673565000
1501673566000
1501673567000
1501673568000
1501673569000
1501673570000
1501673571000
1501673572000
1501673573000
1501673574000
1501673575000
1501673576000
1501673577000
1501673578000
1501673579000
1501673580000
1501673581000
1501673582000
1501673583000
1501673584000
1501673585000
1501673586000
1501673587000
1501673588000
1501673589000
1501673590000
1501673591000
1501673592000
1501673593000
1501673594000
1501673595000
1501673596000
1501673597000
1501673598000
1501673599000
1501673600000
1501673601000
1501673602000
1501673603000
1501673604000
1501673605000
1501673606000
1501673607000
1501673608000
1501673609000
1501673610000
1501673611000
1501673612000
1501673613000
1501673614000
1501673615000
1501673616000
1501673617000
1501673618000
1501673619000
1501673620000
1501673621000
1501673622000
1501673623000
1501673624000
1501673625000
1501673626000
1501673627000
1501673628000
1501673629000
1501673630000
1501673631000
1501673632000
1501673633000
1501673634000
1501673635000
1501673636000
1501673637000
1501673638000
1501673639000
1501673640000
1501673641000
1501673642000
1501673643000
1501673644000
1501673645000
1501673646000
1501673647000
1501673648000
1501673649000
1501673650000
1501673651000
1501673652000
1501673653000
1501673654000
1501673655000
1501673656000
1501673657000
1501673658000
1501673659000
1501673660000
1501673661000
1501673662000
1501673663000
1501673664000
1501673665000
1501673666000
1501673667000
1501673668000
1501673669000
1501673670000
1501673671000
1501673672000
1501673673000
1501673674000
1501673675000
1501673676000
1501673677000
1501673678000
1501673679000
1501673680000
1501673681000
1501673682000
1501673683000
1501673684000
1501673685000
1501673686000
1501673687000
1501673688000
1501673689000
1501673690000
1501673691000
1501673692000
1501673693000
1501673694000
1501673695000
1501673696000
1501673697000
1501673698000
1501673699000
1501673700000
1501673701000
1501673702000
1501673703000
1501673704000
1501673705000
1501673706000
1501673707000
1501673708000
1501673709000
1501673710000
1501673711000
1501673712000
1501673713000
1501673714000
1501673715000
1501673716000
1501673717000
1501673718000
1501673719000
1501673720000
1501673721000
1501673722000
1501673723000
1501673724000
1501673725000
1501673726000
1501673727000
1501673728000
1501673729000
1501673730000
1501673731000
1501673732000
1501673733000
1501673734000
1501673735000
1501673736000
1501673737000
1501673738000
1501673739000
1501673740000
1501673741000
1501673742000
1501673743000
1501673744000
1501673745000
1501673746000
1501673747000
1501673748000
1501673749000
1501673750000
1501673751000
1501673752000
1501673753000
1501673754000
1501673755000
1501673756000
1501673757000
1501673758000
1501673759000
1501673760000
1501673761000
1501673762000
1501673763000
1501673764000
1501673765000
1501673766000
1501673767000
1501673768000
1501673769000
1501673770000
1501673771000
1501673772000
1501673773000
1501673774000
1501673775000
1501673776000
1501673777000
1501673778000
1501673779000
1501673780000
1501673781000
1501673782000
1501673783000
1501673784000
1501673785000
1501673786000
1501673787000
1501673788000
1501673789000
1501673790000
1501673791000
1501673792000
1501673793000
1501673794000
1501673795000
1501673796000
1501673797000
1501673798000
1501673799000
1501673800000
