1510582827000
1510582828000
1510582829000
1510582830000
1510582831000
1510582832000
1510582833000
1510582834000
1510582835000
1510582836000
1510582837000
1510582838000
1510582839000
1510582840000
1510582841000
1510582842000
1510582843000
1510582844000
1510582845000
1510582846000
1510582847000
1510582848000
1510582849000
1510582850000
1510582851000
1510582852000
1510582853000
1510582854000
1510582855000
1510582856000
1510582857000
1510582858000
1510582859000
1510582860000
1510582861000
1510582862000
1510582863000
1510582864000
1510582865000
1510582866000
1510582867000
1510582868000
1510582869000
1510582870000
1510582871000
1510582872000
1510582873000
1510582874000
1510582875000
1510582876000
1510582877000
1510582878000
1510582879000
1510582880000
1510582881000
1510582882000
1510582883000
1510582884000
1510582885000
1510582886000
1510582887000
1510582888000
1510582889000
1510582890000
1510582891000
1510582892000
1510582893000
1510582894000
1510582895000
1510582896000
1510582897000
1510582898000
1510582899000
1510582900000
1510582901000
1510582902000
1510582903000
1510582904000
1510582905000
1510582906000
1510582907000
1510582908000
1510582909000
1510582910000
1510582911000
1510582912000
1510582913000
1510582914000
1510582915000
1510582916000
1510582917000
1510582918000
1510582919000
1510582920000
1510582921000
1510582922000
1510582923000
1510582924000
1510582925000
1510582926000
1510582927000
1510582928000
1510582929000
1510582930000
1510582931000
1510582932000
1510582933000
1510582934000
1510582935000
1510582936000
1510582937000
1510582938000
1510582939000
1510582940000
1510582941000
1510582942000
1510582943000
1510582944000
1510582945000
1510582946000
1510582947000
1510582948000
1510582949000
1510582950000
1510582951000
1510582952000
1510582953000
1510582954000
1510582955000
1510582956000
1510582957000
1510582958000
1510582959000
1510582960000
1510582961000
1510582962000
1510582963000
1510582964000
1510582965000
1510582966000
1510582967000
1510582968000
1510582969000
1510582970000
1510582971000
1510582972000
1510582973000
1510582974000
1510582975000
1510582976000
1510582977000
1510582978000
1510582979000
1510582980000
1510582981000
1510582982000
1510582983000
1510582984000
1510582985000
1510582986000
1510582987000
1510582988000
1510582989000
1510582990000
1510582991000
1510582992000
1510582993000
1510582994000
1510582995000
1510582996000
1510582997000
1510582998000
1510582999000
1510583000000
1510583001000
1510583002000
1510583003000
1510583004000
1510583005000
1510583006000
1510583007000
1510583008000
1510583009000
1510583010000
1510583011000
1510583012000
1510583013000
1510583014000
1510583015000
1510583016000
1510583017000
1510583018000
1510583019000
1510583020000
1510583021000
1510583022000
1510583023000
1510583024000
1510583025000
1510583026000
1510583027000
1510583028000
1510583029000
1510583030000
1510583031000
1510583032000
1510583033000
1510583034000
1510583035000
1510583036000
1510583037000
1510583038000
1510583039000
1510583040000
1510583041000
1510583042000
1510583043000
1510583044000
1510583045000
1510583046000
1510583047000
1510583048000
1510583049000
1510583050000
1510583051000
1510583052000
1510583053000
1510583054000
1510583055000
1510583056000
1510583057000
1510583058000
1510583059000
1510583060000
1510583061000
1510583062000
1510583063000
1510583064000
1510583065000
1510583066000
1510583067000
1510583068000
1510583069000
1510583070000
1510583071000
1510583072000
1510583073000
1510583074000
1510583075000
1510583076000
1510583077000
1510583078000
1510583079000
1510583080000
1510583081000
1510583082000
1510583083000
1510583084000
1510583085000
1510583086000
1510583087000
1510583088000
1510583089000
1510583090000
1510583091000
1510583092000
1510583093000
1510583094000
1510583095000
1510583096000
1510583097000
1510583098000
1510583099000
1510583100000
1510583101000
1510583102000
1510583103000
1510583104000
1510583105000
1510583106000
1510583107000
1510583108000
1510583109000
1510583110000
1510583111000
1510583112000
1510583113000
1510583114000
1510583115000
1510583116000
1510583117000
1510583118000
1510583119000
1510583120000
1510583121000
1510583122000
1510583123000
1510583124000
1510583125000
1510583126000
1510583127000
1510583128000
1510583129000
1510583130000
1510583131000
1510583132000
1510583133000
1510583134000
1510583135000
1510583136000
1510583137000
1510583138000
1510583139000
1510583140000
1510583141000
1510583142000
1510583143000
1510583144000
1510583145000
1510583146000
1510583147000
1510583148000
1510583149000
1510583150000
1510583151000
1510583152000
1510583153000
1510583154000
1510583155000
1510583156000
1510583157000
1510583158000
1510583159000
1510583160000
1510583161000
1510583162000
1510583163000
1510583164000
1510583165000
1510583166000
1510583167000
1510583168000
1510583169000
1510583170000
1510583171000
1510583172000
1510583173000
1510583174000
1510583175000
1510583176000
1510583177000
1510583178000
1510583179000
1510583180000
1510583181000
1510583182000
1510583183000
1510583184000
1510583185000
1510583186000
1510583187000
1510583188000
1510583189000
1510583190000
1510583191000
1510583192000
1510583193000
1510583194000
1510583195000
1510583196000
1510583197000
1510583198000
1510583199000
1510583200000
1510583201000
1510583202000
1510583203000
1510583204000
1510583205000
1510583206000
1510583207000
1510583208000
1510583209000
1510583210000
1510583211000
1510583212000
1510583213000
1510583214000
1510583215000
1510583216000
1510583217000
1510583218000
1510583219000
1510583220000
1510583221000
1510583222000
1510583223000
1510583224000
1510583225000
1510583226000
1510583227000
1510583228000
1510583229000
1510583230000
1510583231000
1510583232000
1510583233000
1510583234000
1510583235000
1510583236000
1510583237000
1510583238000
1510583239000
1510583240000
1510583241000
1510583242000
1510583243000
1510583244000
1510583245000
1510583246000
1510583247000
1510583248000
1510583249000
1510583250000
1510583251000
1510583252000
1510583253000
1510583254000
1510583255000
1510583256000
1510583257000
1510583258000
1510583259000
1510583260000
1510583261000
1510583262000
1510583263000
1510583264000
1510583265000
1510583266000
1510583267000
1510583268000
1510583269000
1510583270000
1510583271000
1510583272000
1510583273000
1510583274000
1510583275000
1510583276000
1510583277000
1510583278000
1510583279000
1510583280000
1510583281000
1510583282000
1510583283000
1510583284000
1510583285000
1510583286000
1510583287000
1510583288000
1510583289000
1510583290000
1510583291000
1510583292000
1510583293000
1510583294000
1510583295000
1510583296000
1510583297000
1510583298000
1510583299000
1510583300000
1510583301000
1510583302000
1510583303000
1510583304000
1510583305000
1510583306000
1510583307000
1510583308000
1510583309000
1510583310000
1510583311000
1510583312000
1510583313000
1510583314000
1510583315000
1510583316000
1510583317000
1510583318000
1510583319000
1510583320000
1510583321000
1510583322000
1510583323000
1510583324000
1510583325000
1510583326000
1510583327000
1510583328000
1510583329000
1510583330000
1510583331000
1510583332000
1510583333000
1510583334000
1510583335000
1510583336000
1510583337000
1510583338000
1510583339000
1510583340000
1510583341000
1510583342000
1510583343000
1510583344000
1510583345000
1510583346000
1510583347000
1510583348000
1510583349000
1510583350000
1510583351000
1510583352000
1510583353000
1510583354000
1510583355000
1510583356000
1510583357000
1510583358000
1510583359000
1510583360000
1510583361000
1510583362000
1510583363000
1510583364000
1510583365000
1510583366000
1510583367000
1510583368000
1510583369000
1510583370000
1510583371000
1510583372000
1510583373000
1510583374000
1510583375000
1510583376000
1510583377000
1510583378000
1510583379000
1510583380000
1510583381000
1510583382000
1510583383000
1510583384000
1510583385000
1510583386000
1510583387000
1510583388000
1510583389000
1510583390000
1510583391000
1510583392000
1510583393000
1510583394000
1510583395000
1510583396000
1510583397000
1510583398000
1510583399000
1510583400000
1510583401000
1510583402000
1510583403000
1510583404000
1510583405000
1510583406000
1510583407000
1510583408000
1510583409000
1510583410000
1510583411000
1510583412000
1510583413000
1510583414000
1510583415000
1510583416000
1510583417000
1510583418000
1510583419000
1510583420000
1510583421000
1510583422000
1510583423000
1510583424000
1510583425000
1510583426000
1510583427000
1510583428000
1510583429000
1510583430000
1510583431000
1510583432000
1510583433000
1510583434000
1510583435000
1510583436000
1510583437000
1510583438000
1510583439000
1510583440000
1510583441000
1510583442000
1510583443000
1510583444000
1510583445000
1510583446000
1510583447000
1510583448000
1510583449000
1510583450000
1510583451000
1510583452000
1510583453000
1510583454000
1510583455000
1510583456000
1510583457000
1510583458000
1510583459000
1510583460000
1510583461000
1510583462000
1510583463000
1510583464000
1510583465000
1510583466000
1510583467000
1510583468000
1510583469000
1510583470000
1510583471000
1510583472000
1510583473000
1510583474000
1510583475000
1510583476000
1510583477000
1510583478000
1510583479000
1510583480000
1510583481000
1510583482000
1510583483000
1510583484000
1510583485000
1510583486000
1510583487000
1510583488000
1510583489000
1510583490000
1510583491000
1510583492000
1510583493000
1510583494000
1510583495000
1510583496000
1510583497000
1510583498000
1510583499000
1510583500000
1510583501000
1510583502000
1510583503000
1510583504000
1510583505000
1510583506000
1510583507000
1510583508000
1510583509000
1510583510000
1510583511000
1510583512000
1510583513000
1510583514000
1510583515000
1510583516000
1510583517000
1510583518000
1510583519000
1510583520000
1510583521000
1510583522000
1510583523000
1510583524000
1510583525000
1510583526000
1510583527000
1510583528000
1510583529000
1510583530000
1510583531000
1510583532000
1510583533000
1510583534000
1510583535000
1510583536000
1510583537000
1510583538000
1510583539000
1510583540000
1510583541000
1510583542000
1510583543000
1510583544000
1510583545000
1510583546000
1510583547000
1510583548000
1510583549000
1510583550000
1510583551000
1510583552000
1510583553000
1510583554000
1510583555000
1510583556000
1510583557000
1510583558000
1510583559000
1510583560000
1510583561000
1510583562000
1510583563000
1510583564000
1510583565000
1510583566000
1510583567000
1510583568000
1510583569000
1510583570000
1510583571000
1510583572000
1510583573000
1510583574000
1510583575000
1510583576000
1510583577000
1510583578000
1510583579000
1510583580000
1510583581000
1510583582000
1510583583000
1510583584000
1510583585000
1510583586000
1510583587000
1510583588000
1510583589000
1510583590000
1510583591000
1510583592000
1510583593000
1510583594000
1510583595000
1510583596000
1510583597000
1510583598000
1510583599000
1510583600000
1510583601000
1510583602000
1510583603000
1510583604000
1510583605000
1510583606000
1510583607000
1510583608000
1510583609000
1510583610000
1510583611000
1510583612000
1510583613000
1510583614000
1510583615000
1510583616000
1510583617000
1510583618000
1510583619000
1510583620000
1510583621000
1510583622000
1510583623000
1510583624000
1510583625000
1510583626000
1510583627000
1510583628000
1510583629000
1510583630000
1510583631000
1510583632000
1510583633000
1510583634000
1510583635000
1510583636000
1510583637000
1510583638000
1510583639000
1510583640000
1510583641000
1510583642000
1510583643000
1510583644000
1510583645000
1510583646000
1510583647000
1510583648000
1510583649000
1510583650000
1510583651000
1510583652000
1510583653000
1510583654000
1510583655000
1510583656000
1510583657000
1510583658000
1510583659000
1510583660000
1510583661000
1510583662000
1510583663000
1510583664000
1510583665000
1510583666000
1510583667000
1510583668000
1510583669000
1510583670000
1510583671000
1510583672000
1510583673000
1510583674000
1510583675000
1510583676000
1510583677000
1510583678000
1510583679000
1510583680000
1510583681000
1510583682000
1510583683000
1510583684000
1510583685000
1510583686000
1510583687000
1510583688000
1510583689000
1510583690000
1510583691000
1510583692000
1510583693000
1510583694000
1510583695000
1510583696000
1510583697000
1510583698000
1510583699000
1510583700000
1510583701000
1510583702000
1510583703000
1510583704000
1510583705000
1510583706000
1510583707000
1510583708000
1510583709000
1510583710000
1510583711000
1510583712000
1510583713000
1510583714000
1510583715000
1510583716000
1510583717000
1510583718000
1510583719000
1510583720000
1510583721000
1510583722000
1510583723000
1510583724000
1510583725000
1510583726000
1510583727000
1510583728000
1510583729000
1510583730000
1510583731000
1510583732000
1510583733000
1510583734000
1510583735000
1510583736000
1510583737000
1510583738000
1510583739000
1510583740000
1510583741000
1510583742000
1510583743000
1510583744000
1510583745000
1510583746000
1510583747000
1510583748000
1510583749000
1510583750000
1510583751000
1510583752000
1510583753000
1510583754000
1510583755000
1510583756000
1510583757000
1510583758000
1510583759000
1510583760000
1510583761000
1510583762000
1510583763000
1510583764000
1510583765000
1510583766000
1510583767000
1510583768000
1510583769000
1510583770000
1510583771000
1510583772000
1510583773000
1510583774000
1510583775000
1510583776000
1510583777000
1510583778000
1510583779000
1510583780000
1510583781000
1510583782000
1510583783000
1510583784000
1510583785000
1510583786000
1510583787000
1510583788000
1510583789000
1510583790000
1510583791000
1510583792000
1510583793000
1510583794000
1510583795000
1510583796000
1510583797000
1510583798000
1510583799000
1510583800000
1510583801000
1510583802000
1510583803000
1510583804000
1510583805000
1510583806000
1510583807000
1510583808000
1510583809000
1510583810000
1510583811000
1510583812000
1510583813000
1510583814000
1510583815000
1510583816000
1510583817000
1510583818000
1510583819000
1510583820000
1510583821000
1510583822000
1510583823000
1510583824000
1510583825000
1510583826000
1510583827000
1510583828000
1510583829000
1510583830000
1510583831000
1510583832000
1510583833000
1510583834000
1510583835000
1510583836000
1510583837000
1510583838000
1510583839000
1510583840000
1510583841000
1510583842000
1510583843000
1510583844000
1510583845000
1510583846000
1510583847000
1510583848000
1510583849000
1510583850000
1510583851000
1510583852000
1510583853000
1510583854000
1510583855000
1510583856000
1510583857000
1510583858000
1510583859000
1510583860000
1510583861000
1510583862000
1510583863000
1510583864000
1510583865000
1510583866000
1510583867000
1510583868000
1510583869000
1510583870000
1510583871000
1510583872000
1510583873000
1510583874000
1510583875000
1510583876000
1510583877000
1510583878000
1510583879000
1510583880000
1510583881000
1510583882000
1510583883000
1510583884000
1510583885000
1510583886000
1510583887000
1510583888000
1510583889000
1510583890000
1510583891000
1510583892000
1510583893000
1510583894000
1510583895000
1510583896000
1510583897000
1510583898000
1510583899000
1510583900000
1510583901000
1510583902000
1510583903000
1510583904000
1510583905000
1510583906000
1510583907000
1510583908000
1510583909000
1510583910000
1510583911000
1510583912000
1510583913000
1510583914000
1510583915000
1510583916000
1510583917000
1510583918000
1510583919000
1510583920000
1510583921000
1510583922000
1510583923000
1510583924000
1510583925000
1510583926000
1510583927000
1510583928000
1510583929000
1510583930000
1510583931000
1510583932000
1510583933000
1510583934000
1510583935000
1510583936000
1510583937000
1510583938000
1510583939000
1510583940000
1510583941000
1510583942000
1510583943000
1510583944000
1510583945000
1510583946000
1510583947000
1510583948000
1510583949000
1510583950000
1510583951000
1510583952000
1510583953000
1510583954000
1510583955000
1510583956000
1510583957000
1510583958000
1510583959000
1510583960000
1510583961000
1510583962000
1510583963000
1510583964000
1510583965000
1510583966000
1510583967000
1510583968000
1510583969000
1510583970000
1510583971000
1510583972000
1510583973000
1510583974000
1510583975000
1510583976000
1510583977000
1510583978000
1510583979000
1510583980000
1510583981000
1510583982000
1510583983000
1510583984000
1510583985000
1510583986000
1510583987000
1510583988000
1510583989000
1510583990000
1510583991000
1510583992000
1510583993000
1510583994000
1510583995000
1510583996000
1510583997000
1510583998000
1510583999000
1510584000000
1510584001000
1510584002000
1510584003000
1510584004000
1510584005000
1510584006000
1510584007000
1510584008000
1510584009000
1510584010000
1510584011000
1510584012000
1510584013000
1510584014000
1510584015000
1510584016000
1510584017000
1510584018000
1510584019000
1510584020000
1510584021000
1510584022000
1510584023000
1510584024000
1510584025000
1510584026000
1510584027000
1510584028000
1510584029000
1510584030000
1510584031000
1510584032000
1510584033000
1510584034000
1510584035000
1510584036000
1510584037000
1510584038000
1510584039000
1510584040000
1510584041000
1510584042000
1510584043000
1510584044000
1510584045000
1510584046000
1510584047000
1510584048000
1510584049000
1510584050000
1510584051000
1510584052000
1510584053000
1510584054000
1510584055000
1510584056000
1510584057000
1510584058000
1510584059000
1510584060000
1510584061000
1510584062000
1510584063000
1510584064000
1510584065000
1510584066000
1510584067000
1510584068000
1510584069000
1510584070000
1510584071000
1510584072000
1510584073000
1510584074000
1510584075000
1510584076000
1510584077000
1510584078000
1510584079000
1510584080000
1510584081000
1510584082000
1510584083000
1510584084000
1510584085000
1510584086000
1510584087000
1510584088000
1510584089000
1510584090000
1510584091000
1510584092000
1510584093000
1510584094000
1510584095000
1510584096000
1510584097000
1510584098000
1510584099000
1510584100000
1510584101000
1510584102000
1510584103000
1510584104000
1510584105000
1510584106000
1510584107000
1510584108000
1510584109000
1510584110000
1510584111000
1510584112000
1510584113000
1510584114000
1510584115000
1510584116000
1510584117000
1510584118000
1510584119000
1510584120000
1510584121000
1510584122000
1510584123000
1510584124000
1510584125000
1510584126000
1510584127000
1510584128000
1510584129000
1510584130000
1510584131000
1510584132000
1510584133000
1510584134000
1510584135000
1510584136000
1510584137000
1510584138000
1510584139000
1510584140000
1510584141000
1510584142000
1510584143000
1510584144000
1510584145000
1510584146000
1510584147000
1510584148000
1510584149000
1510584150000
1510584151000
1510584152000
1510584153000
1510584154000
1510584155000
1510584156000
1510584157000
1510584158000
1510584159000
1510584160000
1510584161000
1510584162000
1510584163000
1510584164000
1510584165000
1510584166000
1510584167000
1510584168000
1510584169000
1510584170000
1510584171000
1510584172000
1510584173000
1510584174000
1510584175000
1510584176000
1510584177000
1510584178000
1510584179000
1510584180000
1510584181000
1510584182000
1510584183000
1510584184000
1510584185000
1510584186000
1510584187000
1510584188000
1510584189000
1510584190000
1510584191000
1510584192000
1510584193000
1510584194000
1510584195000
1510584196000
1510584197000
1510584198000
1510584199000
1510584200000
1510584201000
1510584202000
1510584203000
1510584204000
1510584205000
1510584206000
1510584207000
1510584208000
1510584209000
1510584210000
1510584211000
1510584212000
1510584213000
1510584214000
1510584215000
1510584216000
1510584217000
1510584218000
1510584219000
1510584220000
1510584221000
1510584222000
1510584223000
1510584224000
1510584225000
1510584226000
1510584227000
1510584228000
1510584229000
1510584230000
1510584231000
1510584232000
1510584233000
1510584234000
1510584235000
1510584236000
1510584237000
1510584238000
1510584239000
1510584240000
1510584241000
1510584242000
1510584243000
1510584244000
1510584245000
1510584246000
1510584247000
1510584248000
1510584249000
1510584250000
1510584251000
1510584252000
1510584253000
1510584254000
1510584255000
1510584256000
1510584257000
1510584258000
1510584259000
1510584260000
1510584261000
1510584262000
1510584263000
1510584264000
1510584265000
1510584266000
1510584267000
1510584268000
1510584269000
1510584270000
1510584271000
1510584272000
1510584273000
1510584274000
1510584275000
1510584276000
1510584277000
1510584278000
1510584279000
1510584280000
1510584281000
1510584282000
1510584283000
1510584284000
1510584285000
1510584286000
1510584287000
1510584288000
1510584289000
1510584290000
1510584291000
1510584292000
1510584293000
1510584294000
1510584295000
1510584296000
1510584297000
1510584298000
1510584299000
1510584300000
1510584301000
1510584302000
1510584303000
1510584304000
1510584305000
1510584306000
1510584307000
1510584308000
1510584309000
1510584310000
1510584311000
1510584312000
1510584313000
1510584314000
1510584315000
1510584316000
1510584317000
1510584318000
1510584319000
1510584320000
1510584321000
1510584322000
1510584323000
1510584324000
1510584325000
1510584326000
1510584327000
1510584328000
1510584329000
1510584330000
1510584331000
1510584332000
1510584333000
1510584334000
1510584335000
1510584336000
1510584337000
1510584338000
1510584339000
1510584340000
1510584341000
1510584342000
1510584343000
1510584344000
1510584345000
1510584346000
1510584347000
1510584348000
1510584349000
1510584350000
1510584351000
1510584352000
1510584353000
1510584354000
1510584355000
1510584356000
1510584357000
1510584358000
1510584359000
1510584360000
1510584361000
1510584362000
1510584363000
1510584364000
1510584365000
1510584366000
1510584367000
1510584368000
1510584369000
1510584370000
1510584371000
1510584372000
1510584373000
1510584374000
1510584375000
1510584376000
1510584377000
1510584378000
1510584379000
1510584380000
1510584381000
1510584382000
1510584383000
1510584384000
1510584385000
1510584386000
1510584387000
1510584388000
1510584389000
1510584390000
1510584391000
1510584392000
1510584393000
1510584394000
1510584395000
1510584396000
1510584397000
1510584398000
1510584399000
1510584400000
1510584401000
1510584402000
1510584403000
1510584404000
1510584405000
1510584406000
1510584407000
1510584408000
1510584409000
1510584410000
1510584411000
1510584412000
1510584413000
1510584414000
1510584415000
1510584416000
1510584417000
1510584418000
1510584419000
1510584420000
1510584421000
1510584422000
1510584423000
1510584424000
1510584425000
1510584426000
1510584427000
1510584428000
1510584429000
1510584430000
1510584431000
1510584432000
1510584433000
1510584434000
1510584435000
1510584436000
1510584437000
1510584438000
1510584439000
1510584440000
1510584441000
1510584442000
1510584443000
1510584444000
1510584445000
1510584446000
1510584447000
1510584448000
1510584449000
1510584450000
1510584451000
1510584452000
1510584453000
1510584454000
1510584455000
1510584456000
1510584457000
1510584458000
1510584459000
1510584460000
1510584461000
1510584462000
1510584463000
1510584464000
1510584465000
1510584466000
1510584467000
1510584468000
1510584469000
1510584470000
1510584471000
1510584472000
1510584473000
1510584474000
1510584475000
1510584476000
1510584477000
1510584478000
1510584479000
1510584480000
1510584481000
1510584482000
1510584483000
1510584484000
1510584485000
1510584486000
1510584487000
1510584488000
1510584489000
1510584490000
1510584491000
1510584492000
1510584493000
1510584494000
1510584495000
1510584496000
1510584497000
1510584498000
1510584499000
1510584500000
1510584501000
1510584502000
1510584503000
1510584504000
1510584505000
1510584506000
1510584507000
1510584508000
1510584509000
1510584510000
1510584511000
1510584512000
1510584513000
1510584514000
1510584515000
1510584516000
1510584517000
1510584518000
1510584519000
1510584520000
1510584521000
1510584522000
1510584523000
1510584524000
1510584525000
1510584526000
1510584527000
1510584528000
1510584529000
1510584530000
1510584531000
1510584532000
1510584533000
1510584534000
1510584535000
1510584536000
1510584537000
1510584538000
1510584539000
1510584540000
1510584541000
1510584542000
1510584543000
1510584544000
1510584545000
1510584546000
1510584547000
1510584548000
1510584549000
1510584550000
1510584551000
1510584552000
1510584553000
1510584554000
1510584555000
1510584556000
1510584557000
1510584558000
1510584559000
1510584560000
1510584561000
1510584562000
1510584563000
1510584564000
1510584565000
1510584566000
1510584567000
1510584568000
1510584569000
1510584570000
1510584571000
1510584572000
1510584573000
1510584574000
1510584575000
1510584576000
1510584577000
1510584578000
1510584579000
1510584580000
1510584581000
1510584582000
1510584583000
1510584584000
1510584585000
1510584586000
1510584587000
1510584588000
1510584589000
1510584590000
1510584591000
1510584592000
1510584593000
1510584594000
1510584595000
1510584596000
1510584597000
1510584598000
1510584599000
1510584600000
1510584601000
1510584602000
1510584603000
1510584604000
1510584605000
1510584606000
1510584607000
1510584608000
1510584609000
1510584610000
1510584611000
1510584612000
1510584613000
1510584614000
1510584615000
1510584616000
1510584617000
1510584618000
1510584619000
1510584620000
1510584621000
1510584622000
1510584623000
1510584624000
1510584625000
1510584626000
1510584627000
1510584628000
1510584629000
1510584630000
1510584631000
1510584632000
1510584633000
1510584634000
1510584635000
1510584636000
1510584637000
1510584638000
1510584639000
1510584640000
1510584641000
1510584642000
1510584643000
1510584644000
1510584645000
1510584646000
1510584647000
1510584648000
1510584649000
1510584650000
1510584651000
1510584652000
1510584653000
1510584654000
1510584655000
1510584656000
1510584657000
1510584658000
1510584659000
1510584660000
1510584661000
1510584662000
1510584663000
1510584664000
1510584665000
1510584666000
1510584667000
1510584668000
1510584669000
1510584670000
1510584671000
1510584672000
1510584673000
1510584674000
1510584675000
1510584676000
1510584677000
1510584678000
1510584679000
1510584680000
1510584681000
1510584682000
1510584683000
1510584684000
1510584685000
1510584686000
1510584687000
1510584688000
1510584689000
1510584690000
1510584691000
1510584692000
1510584693000
1510584694000
1510584695000
1510584696000
1510584697000
1510584698000
1510584699000
1510584700000
1510584701000
1510584702000
1510584703000
1510584704000
1510584705000
1510584706000
1510584707000
1510584708000
1510584709000
1510584710000
1510584711000
1510584712000
1510584713000
1510584714000
1510584715000
1510584716000
1510584717000
1510584718000
1510584719000
1510584720000
1510584721000
1510584722000
1510584723000
1510584724000
1510584725000
1510584726000
1510584727000
1510584728000
1510584729000
1510584730000
1510584731000
1510584732000
1510584733000
1510584734000
1510584735000
1510584736000
1510584737000
1510584738000
1510584739000
1510584740000
1510584741000
1510584742000
1510584743000
1510584744000
1510584745000
1510584746000
1510584747000
1510584748000
1510584749000
1510584750000
1510584751000
1510584752000
1510584753000
1510584754000
1510584755000
1510584756000
1510584757000
1510584758000
1510584759000
1510584760000
1510584761000
1510584762000
1510584763000
1510584764000
1510584765000
1510584766000
1510584767000
1510584768000
1510584769000
1510584770000
1510584771000
1510584772000
1510584773000
1510584774000
1510584775000
1510584776000
1510584777000
1510584778000
1510584779000
1510584780000
1510584781000
1510584782000
1510584783000
1510584784000
1510584785000
1510584786000
1510584787000
1510584788000
1510584789000
1510584790000
1510584791000
1510584792000
1510584793000
1510584794000
1510584795000
1510584796000
1510584797000
1510584798000
1510584799000
1510584800000
1510584801000
1510584802000
1510584803000
1510584804000
1510584805000
1510584806000
1510584807000
1510584808000
1510584809000
1510584810000
1510584811000
1510584812000
1510584813000
1510584814000
1510584815000
1510584816000
1510584817000
1510584818000
1510584819000
1510584820000
1510584821000
1510584822000
1510584823000
1510584824000
1510584825000
1510584826000
1510584827000
1510584828000
1510584829000
1510584830000
1510584831000
1510584832000
1510584833000
1510584834000
1510584835000
1510584836000
1510584837000
1510584838000
1510584839000
1510584840000
1510584841000
1510584842000
1510584843000
1510584844000
1510584845000
1510584846000
1510584847000
1510584848000
1510584849000
1510584850000
1510584851000
1510584852000
1510584853000
1510584854000
1510584855000
1510584856000
1510584857000
1510584858000
1510584859000
1510584860000
1510584861000
1510584862000
1510584863000
1510584864000
1510584865000
1510584866000
1510584867000
1510584868000
1510584869000
1510584870000
1510584871000
1510584872000
1510584873000
1510584874000
1510584875000
1510584876000
1510584877000
1510584878000
1510584879000
1510584880000
1510584881000
1510584882000
1510584883000
1510584884000
1510584885000
1510584886000
1510584887000
1510584888000
1510584889000
1510584890000
1510584891000
1510584892000
1510584893000
1510584894000
1510584895000
1510584896000
1510584897000
1510584898000
1510584899000
1510584900000
1510584901000
1510584902000
1510584903000
1510584904000
1510584905000
1510584906000
1510584907000
1510584908000
1510584909000
1510584910000
1510584911000
1510584912000
1510584913000
1510584914000
1510584915000
1510584916000
1510584917000
1510584918000
1510584919000
1510584920000
1510584921000
1510584922000
1510584923000
1510584924000
1510584925000
1510584926000
1510584927000
1510584928000
1510584929000
1510584930000
1510584931000
1510584932000
1510584933000
1510584934000
1510584935000
1510584936000
1510584937000
1510584938000
1510584939000
1510584940000
1510584941000
1510584942000
1510584943000
1510584944000
1510584945000
1510584946000
1510584947000
1510584948000
1510584949000
1510584950000
1510584951000
1510584952000
1510584953000
1510584954000
1510584955000
1510584956000
1510584957000
1510584958000
1510584959000
1510584960000
1510584961000
1510584962000
1510584963000
1510584964000
1510584965000
1510584966000
1510584967000
1510584968000
1510584969000
1510584970000
1510584971000
1510584972000
1510584973000
1510584974000
1510584975000
1510584976000
1510584977000
1510584978000
1510584979000
1510584980000
1510584981000
1510584982000
1510584983000
1510584984000
1510584985000
1510584986000
1510584987000
1510584988000
1510584989000
1510584990000
1510584991000
1510584992000
1510584993000
1510584994000
1510584995000
1510584996000
1510584997000
1510584998000
1510584999000
1510585000000
1510585001000
1510585002000
1510585003000
1510585004000
1510585005000
1510585006000
1510585007000
1510585008000
1510585009000
1510585010000
1510585011000
1510585012000
1510585013000
1510585014000
1510585015000
1510585016000
1510585017000
1510585018000
1510585019000
1510585020000
1510585021000
1510585022000
1510585023000
1510585024000
1510585025000
1510585026000
1510585027000
1510585028000
1510585029000
1510585030000
1510585031000
1510585032000
1510585033000
1510585034000
1510585035000
1510585036000
1510585037000
1510585038000
1510585039000
1510585040000
1510585041000
1510585042000
1510585043000
1510585044000
1510585045000
1510585046000
1510585047000
1510585048000
1510585049000
1510585050000
1510585051000
1510585052000
1510585053000
1510585054000
1510585055000
1510585056000
1510585057000
1510585058000
1510585059000
1510585060000
1510585061000
1510585062000
1510585063000
1510585064000
1510585065000
1510585066000
1510585067000
1510585068000
1510585069000
1510585070000
1510585071000
1510585072000
1510585073000
1510585074000
1510585075000
1510585076000
1510585077000
1510585078000
1510585079000
1510585080000
1510585081000
1510585082000
1510585083000
1510585084000
1510585085000
1510585086000
1510585087000
1510585088000
1510585089000
1510585090000
1510585091000
1510585092000
1510585093000
1510585094000
1510585095000
1510585096000
1510585097000
1510585098000
1510585099000
1510585100000
1510585101000
1510585102000
1510585103000
1510585104000
1510585105000
1510585106000
1510585107000
1510585108000
1510585109000
1510585110000
1510585111000
1510585112000
1510585113000
1510585114000
1510585115000
1510585116000
1510585117000
1510585118000
1510585119000
1510585120000
1510585121000
1510585122000
1510585123000
1510585124000
1510585125000
1510585126000
1510585127000
1510585128000
1510585129000
1510585130000
1510585131000
1510585132000
1510585133000
1510585134000
1510585135000
1510585136000
1510585137000
1510585138000
1510585139000
1510585140000
1510585141000
1510585142000
1510585143000
1510585144000
1510585145000
1510585146000
1510585147000
1510585148000
1510585149000
1510585150000
1510585151000
1510585152000
1510585153000
1510585154000
1510585155000
1510585156000
1510585157000
1510585158000
1510585159000
1510585160000
1510585161000
1510585162000
1510585163000
1510585164000
1510585165000
1510585166000
1510585167000
1510585168000
1510585169000
1510585170000
1510585171000
1510585172000
1510585173000
1510585174000
1510585175000
1510585176000
1510585177000
1510585178000
1510585179000
1510585180000
1510585181000
1510585182000
1510585183000
1510585184000
1510585185000
1510585186000
1510585187000
1510585188000
1510585189000
1510585190000
1510585191000
1510585192000
1510585193000
1510585194000
1510585195000
1510585196000
1510585197000
1510585198000
1510585199000
1510585200000
1510585201000
1510585202000
1510585203000
1510585204000
1510585205000
1510585206000
1510585207000
1510585208000
1510585209000
1510585210000
1510585211000
1510585212000
1510585213000
1510585214000
1510585215000
1510585216000
1510585217000
1510585218000
1510585219000
1510585220000
1510585221000
1510585222000
1510585223000
1510585224000
1510585225000
1510585226000
1510585227000
1510585228000
1510585229000
1510585230000
1510585231000
1510585232000
1510585233000
1510585234000
1510585235000
1510585236000
1510585237000
1510585238000
1510585239000
1510585240000
1510585241000
1510585242000
1510585243000
1510585244000
1510585245000
1510585246000
1510585247000
1510585248000
1510585249000
1510585250000
1510585251000
1510585252000
1510585253000
1510585254000
1510585255000
1510585256000
1510585257000
1510585258000
1510585259000
1510585260000
1510585261000
1510585262000
1510585263000
1510585264000
1510585265000
1510585266000
1510585267000
1510585268000
1510585269000
1510585270000
1510585271000
1510585272000
1510585273000
1510585274000
1510585275000
1510585276000
1510585277000
1510585278000
1510585279000
1510585280000
1510585281000
1510585282000
1510585283000
1510585284000
1510585285000
1510585286000
1510585287000
1510585288000
1510585289000
1510585290000
1510585291000
1510585292000
1510585293000
1510585294000
1510585295000
1510585296000
1510585297000
1510585298000
1510585299000
1510585300000
1510585301000
1510585302000
1510585303000
1510585304000
1510585305000
1510585306000
1510585307000
1510585308000
1510585309000
1510585310000
1510585311000
1510585312000
1510585313000
1510585314000
1510585315000
1510585316000
1510585317000
1510585318000
1510585319000
1510585320000
1510585321000
1510585322000
1510585323000
1510585324000
1510585325000
1510585326000
1510585327000
1510585328000
1510585329000
1510585330000
1510585331000
1510585332000
1510585333000
1510585334000
1510585335000
1510585336000
1510585337000
1510585338000
1510585339000
1510585340000
1510585341000
1510585342003
1510585343000
1510585344000
1510585345000
1510585346000
1510585347000
1510585348000
1510585349000
1510585350000
1510585351000
1510585352000
1510585353000
1510585354000
1510585355000
1510585356000
1510585357000
1510585358000
1510585359000
1510585360000
1510585361000
1510585362000
1510585363000
1510585364000
1510585365000
1510585366000
1510585367000
1510585368000
1510585369000
1510585370000
1510585371000
1510585372000
1510585373000
1510585374000
1510585375000
1510585376000
1510585377000
1510585378000
1510585379000
1510585380000
1510585381000
1510585382000
1510585383000
1510585384000
1510585385000
1510585386000
1510585387000
1510585388000
1510585389000
1510585390000
1510585391000
1510585392000
1510585393000
1510585394000
1510585395000
1510585396000
1510585397000
1510585398000
1510585399000
1510585400000
1510585401000
1510585402000
1510585403000
1510585404000
1510585405000
1510585406000
1510585407000
1510585408000
1510585409000
1510585410000
1510585411000
1510585412000
1510585413000
1510585414000
1510585415000
1510585416000
1510585417000
1510585418000
1510585419000
1510585420000
1510585421000
1510585422000
1510585423000
1510585424000
1510585425000
1510585426000
1510585427000
1510585428000
1510585429000
1510585430000
1510585431000
1510585432000
1510585433000
1510585434000
1510585435000
1510585436000
1510585437000
1510585438000
1510585439000
1510585440000
1510585441000
1510585442000
1510585443000
1510585444000
1510585445000
1510585446000
1510585447000
1510585448000
1510585449000
1510585450000
1510585451000
1510585452000
1510585453000
1510585454000
1510585455000
1510585456000
1510585457000
1510585458000
1510585459000
1510585460000
1510585461000
1510585462000
1510585463000
1510585464000
1510585465000
1510585466000
1510585467000
1510585468000
1510585469000
1510585470000
1510585471000
1510585472000
1510585473000
1510585474000
1510585475000
1510585476000
1510585477000
1510585478000
1510585479000
1510585480000
1510585481000
1510585482000
1510585483000
1510585484000
1510585485000
1510585486000
1510585487000
1510585488000
1510585489000
1510585490000
1510585491000
1510585492000
1510585493000
1510585494000
1510585495000
1510585496000
1510585497000
1510585498000
1510585499000
1510585500000
1510585501000
1510585502000
1510585503000
1510585504000
1510585505000
1510585506000
1510585507000
1510585508000
1510585509000
1510585510000
1510585511000
1510585512000
1510585513000
1510585514000
1510585515000
1510585516000
1510585517000
1510585518000
1510585519000
1510585520000
1510585521000
1510585522000
1510585523000
1510585524000
1510585525000
1510585526000
1510585527000
1510585528000
1510585529000
1510585530000
1510585531000
1510585532000
1510585533000
1510585534000
1510585535000
1510585536000
1510585537000
1510585538000
1510585539000
1510585540000
1510585541000
1510585542000
1510585543000
1510585544000
1510585545000
1510585546000
1510585547000
1510585548000
1510585549000
1510585550000
1510585551000
1510585552000
1510585553000
1510585554000
1510585555000
1510585556000
1510585557000
1510585558000
1510585559000
1510585560000
1510585561000
1510585562000
1510585563000
1510585564000
1510585565000
1510585566000
1510585567000
1510585568000
1510585569000
1510585570000
1510585571000
1510585572000
1510585573000
1510585574000
1510585575000
1510585576000
1510585577000
1510585578000
1510585579000
1510585580000
1510585581000
1510585582000
1510585583000
1510585584000
1510585585000
1510585586000
1510585587000
1510585588000
1510585589000
1510585590000
1510585591000
1510585592000
1510585593000
1510585594000
1510585595000
1510585596000
1510585597000
1510585598000
1510585599000
1510585600000
1510585601000
1510585602000
1510585603000
1510585604000
1510585605000
1510585606000
1510585607000
1510585608000
1510585609000
1510585610000
1510585611000
1510585612000
1510585613000
1510585614000
1510585615000
1510585616000
1510585617000
1510585618000
1510585619000
1510585620000
1510585621000
1510585622000
1510585623000
1510585624000
1510585625000
1510585626000
1510585627000
1510585628000
1510585629000
1510585630000
1510585631000
1510585632000
1510585633000
1510585634000
1510585635000
1510585636000
1510585637000
1510585638000
1510585639000
1510585640000
1510585641003
1510585642000
1510585643000
1510585644000
1510585645000
1510585646000
1510585647000
1510585648000
1510585649000
1510585650000
1510585651000
1510585652000
1510585653000
1510585654000
1510585655000
1510585656000
1510585657000
1510585658000
1510585659000
1510585660000
1510585661000
1510585662000
1510585663000
1510585664000
1510585665003
1510585666000
1510585667000
1510585668000
1510585669000
1510585670000
1510585671000
1510585672000
1510585673000
1510585674000
1510585675000
1510585676000
1510585677000
1510585678000
1510585679000
1510585680000
1510585681000
1510585682000
1510585683000
1510585684000
1510585685000
1510585686000
1510585687000
1510585688000
1510585689000
1510585690000
1510585691000
1510585692000
1510585693000
1510585694000
1510585695000
1510585696000
1510585697000
1510585698000
1510585699000
1510585700000
1510585701000
1510585702000
1510585703000
1510585704000
1510585705000
1510585706000
1510585707000
1510585708000
1510585709000
1510585710000
1510585711000
1510585712000
1510585713000
1510585714000
1510585715000
1510585716000
1510585717000
1510585718000
1510585719000
1510585720000
1510585721000
1510585722000
1510585723000
1510585724000
1510585725000
1510585726000
1510585727000
1510585728000
1510585729000
1510585730000
1510585731000
1510585732000
1510585733000
1510585734000
1510585735000
1510585736000
1510585737000
1510585738000
1510585739000
1510585740000
1510585741000
1510585742000
1510585743000
1510585744000
1510585745000
1510585746000
1510585747000
1510585748000
1510585749000
1510585750000
1510585751000
1510585752000
1510585753000
1510585754000
1510585755000
1510585756000
1510585757000
1510585758000
1510585759000
1510585760000
1510585761000
1510585762000
1510585763000
1510585764000
1510585765000
1510585766000
1510585767000
1510585768000
1510585769000
1510585770000
1510585771000
1510585772000
1510585773000
1510585774000
1510585775000
1510585776000
1510585777000
1510585778000
1510585779000
1510585780000
1510585781000
1510585782000
1510585783000
1510585784000
1510585785000
1510585786000
1510585787000
1510585788000
1510585789000
1510585790000
1510585791000
1510585792000
1510585793000
1510585794000
1510585795000
1510585796000
1510585797000
1510585798000
1510585799000
1510585800000
1510585801000
1510585802000
1510585803000
1510585804000
1510585805000
1510585806000
1510585807000
1510585808000
1510585809000
1510585810000
1510585811000
1510585812000
1510585813000
1510585814000
1510585815000
1510585816000
1510585817000
1510585818000
1510585819000
1510585820000
1510585821000
1510585822000
1510585823000
1510585824000
1510585825000
1510585826000
1510585827000
1510585828000
1510585829000
1510585830000
1510585831000
1510585832000
1510585833000
1510585834000
1510585835000
1510585836000
1510585837000
1510585838000
1510585839000
1510585840000
1510585841000
1510585842000
1510585843000
1510585844000
1510585845000
1510585846000
1510585847000
1510585848000
1510585849000
1510585850000
1510585851000
1510585852000
1510585853000
1510585854000
1510585855000
1510585856000
1510585857000
1510585858000
1510585859000
1510585860000
1510585861000
1510585862000
1510585863000
1510585864000
1510585865000
1510585866000
1510585867000
1510585868000
1510585869000
1510585870000
1510585871000
1510585872000
1510585873000
1510585874000
1510585875000
1510585876000
1510585877000
1510585878000
1510585879000
1510585880000
1510585881000
1510585882000
1510585883000
1510585884000
1510585885000
1510585886000
1510585887000
1510585888000
1510585889000
1510585890000
1510585891000
1510585892000
1510585893000
1510585894000
1510585895000
1510585896000
1510585897000
1510585898000
1510585899000
1510585900000
1510585901000
1510585902000
1510585903000
1510585904000
1510585905000
1510585906000
1510585907000
1510585908000
1510585909000
1510585910000
1510585911000
1510585912000
1510585913000
1510585914000
1510585915000
1510585916000
1510585917000
1510585918000
1510585919000
1510585920000
1510585921000
1510585922000
1510585923000
1510585924000
1510585925000
1510585926000
1510585927000
1510585928000
1510585929000
1510585930000
1510585931000
1510585932000
1510585933000
1510585934000
1510585935000
1510585936000
1510585937000
1510585938000
1510585939000
1510585940000
1510585941000
1510585942000
1510585943000
1510585944000
1510585945000
1510585946000
1510585947000
1510585948000
1510585949000
1510585950000
1510585951000
1510585952000
1510585953000
1510585954000
1510585955000
1510585956000
1510585957000
1510585958000
1510585959000
1510585960000
1510585961000
1510585962000
1510585963000
1510585964000
1510585965000
1510585966000
1510585967000
1510585968000
1510585969000
1510585970000
1510585971000
1510585972000
1510585973000
1510585974000
1510585975000
1510585976000
1510585977000
1510585978000
1510585979000
1510585980000
1510585981000
1510585982000
1510585983000
1510585984000
1510585985000
1510585986000
1510585987000
1510585988000
1510585989000
1510585990000
1510585991000
1510585992000
1510585993000
1510585994000
1510585995000
1510585996000
1510585997000
1510585998000
1510585999000
1510586000000
1510586001000
1510586002000
1510586003000
1510586004000
1510586005000
1510586006000
1510586007000
1510586008000
1510586009000
1510586010000
1510586011000
1510586012000
1510586013000
1510586014000
1510586015000
1510586016000
1510586017000
1510586018000
1510586019000
1510586020000
1510586021000
1510586022000
1510586023000
1510586024000
1510586025000
1510586026000
1510586027000
1510586028000
1510586029000
1510586030000
1510586031000
1510586032000
1510586033000
1510586034000
1510586035000
1510586036000
1510586037000
1510586038000
1510586039000
1510586040000
1510586041000
1510586042000
1510586043000
1510586044000
1510586045000
1510586046000
1510586047000
1510586048000
1510586049000
1510586050000
1510586051000
1510586052000
1510586053000
1510586054000
1510586055000
1510586056000
1510586057000
1510586058000
1510586059000
1510586060000
1510586061000
1510586062000
1510586063000
1510586064000
1510586065000
1510586066000
1510586067000
1510586068000
1510586069000
1510586070000
1510586071000
1510586072000
1510586073000
1510586074000
1510586075000
1510586076000
1510586077000
1510586078000
1510586079000
1510586080000
1510586081000
1510586082000
1510586083000
1510586084000
1510586085000
1510586086000
1510586087000
1510586088000
1510586089000
1510586090000
1510586091000
1510586092000
1510586093000
1510586094000
1510586095000
1510586096000
1510586097000
1510586098000
1510586099000
1510586100000
1510586101000
1510586102000
1510586103000
1510586104000
1510586105000
1510586106000
1510586107000
1510586108000
1510586109000
1510586110000
1510586111000
1510586112000
1510586113000
1510586114000
1510586115000
1510586116000
1510586117000
1510586118000
1510586119000
1510586120000
1510586121000
1510586122000
1510586123000
1510586124000
1510586125000
1510586126000
1510586127000
1510586128000
1510586129000
1510586130000
1510586131000
1510586132000
1510586133000
1510586134000
1510586135000
1510586136000
1510586137000
1510586138000
1510586139000
1510586140000
1510586141000
1510586142000
1510586143000
1510586144000
1510586145000
1510586146000
1510586147000
1510586148000
1510586149000
1510586150000
1510586151000
1510586152000
1510586153000
1510586154000
1510586155000
1510586156000
1510586157000
1510586158000
1510586159000
1510586160000
1510586161000
1510586162000
1510586163000
1510586164000
1510586165000
1510586166000
1510586167000
1510586168000
1510586169000
1510586170000
1510586171000
1510586172000
1510586173000
1510586174000
1510586175000
1510586176000
1510586177000
1510586178000
1510586179000
1510586180000
1510586181000
1510586182000
1510586183000
1510586184000
1510586185000
1510586186000
1510586187000
1510586188000
1510586189000
1510586190000
1510586191000
1510586192000
1510586193000
1510586194000
1510586195000
1510586196000
1510586197000
1510586198000
1510586199000
1510586200000
1510586201000
1510586202000
1510586203000
1510586204000
1510586205000
1510586206000
1510586207000
1510586208000
1510586209000
1510586210000
1510586211000
1510586212000
1510586213000
1510586214000
1510586215000
1510586216000
1510586217000
1510586218000
1510586219000
1510586220000
1510586221000
1510586222000
1510586223000
1510586224000
1510586225000
1510586226000
1510586227000
1510586228000
1510586229000
1510586230000
1510586231000
1510586232000
1510586233000
1510586234000
1510586235000
1510586236000
1510586237000
1510586238000
1510586239000
1510586240000
1510586241000
1510586242000
1510586243000
1510586244000
1510586245000
1510586246000
1510586247000
1510586248000
1510586249000
1510586250000
1510586251000
1510586252000
1510586253000
1510586254000
1510586255000
1510586256000
1510586257000
1510586258000
1510586259000
1510586260000
1510586261000
1510586262000
1510586263000
1510586264000
1510586265000
1510586266000
1510586267000
1510586268000
1510586269000
1510586270000
1510586271000
1510586272000
1510586273000
1510586274000
1510586275000
1510586276000
1510586277000
1510586278000
1510586279000
1510586280000
1510586281000
1510586282000
1510586283000
1510586284000
1510586285000
1510586286000
1510586287000
1510586288000
1510586289000
1510586290000
1510586291000
1510586292000
1510586293000
1510586294000
1510586295000
1510586296000
1510586297000
1510586298000
1510586299000
1510586300000
1510586301000
1510586302000
1510586303000
1510586304000
1510586305000
1510586306000
1510586307000
1510586308000
1510586309000
1510586310000
1510586311000
1510586312000
1510586313000
1510586314000
1510586315000
1510586316000
1510586317000
1510586318000
1510586319000
1510586320000
1510586321000
1510586322000
1510586323000
1510586324000
1510586325000
1510586326000
1510586327000
1510586328000
1510586329000
1510586330000
1510586331000
1510586332000
1510586333000
1510586334000
1510586335000
1510586336000
1510586337000
1510586338000
1510586339000
1510586340000
1510586341000
1510586342000
1510586343000
1510586344000
1510586345000
1510586346000
1510586347000
1510586348000
1510586349000
1510586350000
1510586351000
1510586352000
1510586353000
1510586354000
1510586355000
1510586356000
1510586357000
1510586358000
1510586359000
1510586360000
1510586361000
1510586362000
1510586363000
1510586364000
1510586365000
1510586366000
1510586367000
1510586368000
1510586369000
1510586370000
1510586371000
1510586372000
1510586373000
1510586374000
1510586375000
1510586376000
1510586377000
1510586378000
1510586379000
1510586380000
1510586381000
1510586382000
1510586383000
1510586384000
1510586385000
1510586386000
1510586387000
1510586388000
1510586389000
1510586390000
1510586391000
1510586392000
1510586393000
1510586394000
1510586395000
1510586396000
1510586397000
1510586398000
1510586399000
1510586400000
1510586401000
1510586402000
1510586403000
1510586404000
1510586405000
1510586406000
1510586407000
1510586408000
1510586409000
1510586410000
1510586411000
1510586412000
1510586413000
1510586414000
1510586415000
1510586416000
1510586417000
1510586418000
1510586419000
1510586420000
1510586421000
1510586422000
1510586423000
1510586424000
1510586425000
1510586426000
1510586427000
1510586428000
1510586429000
1510586430000
1510586431000
1510586432000
1510586433000
1510586434000
1510586435000
1510586436000
1510586437000
1510586438000
1510586439000
1510586440000
1510586441000
1510586442000
1510586443000
1510586444000
1510586445000
1510586446000
1510586447000
1510586448000
1510586449000
1510586450000
1510586451000
1510586452000
1510586453000
1510586454000
1510586455000
1510586456000
1510586457000
1510586458000
1510586459000
1510586460000
1510586461000
1510586462000
1510586463000
1510586464000
1510586465000
1510586466000
1510586467000
1510586468000
1510586469000
1510586470000
1510586471001
1510586472000
1510586473000
1510586474000
1510586475000
1510586476000
1510586477000
1510586478000
1510586479000
1510586480000
1510586481000
1510586482000
1510586483000
1510586484000
1510586485000
1510586486000
1510586487000
1510586488000
1510586489000
1510586490000
1510586491000
1510586492000
1510586493000
1510586494000
1510586495000
1510586496000
1510586497000
1510586498000
1510586499000
1510586500000
1510586501000
1510586502000
1510586503000
1510586504000
1510586505000
1510586506000
1510586507000
1510586508000
1510586509000
1510586510000
1510586511000
1510586512000
1510586513000
1510586514000
1510586515000
1510586516000
1510586517000
1510586518000
1510586519000
1510586520000
1510586521000
1510586522000
1510586523000
1510586524000
1510586525000
1510586526000
1510586527000
1510586528000
1510586529000
1510586530000
1510586531000
1510586532000
1510586533000
1510586534000
1510586535000
1510586536000
1510586537000
1510586538000
1510586539000
1510586540000
1510586541000
1510586542000
1510586543000
1510586544000
1510586545000
1510586546000
1510586547000
1510586548000
1510586549000
1510586550000
1510586551000
1510586552000
1510586553000
1510586554000
1510586555000
1510586556000
1510586557000
1510586558000
1510586559000
1510586560000
1510586561000
1510586562000
1510586563000
1510586564000
1510586565000
1510586566000
1510586567000
1510586568000
1510586569000
1510586570000
1510586571000
1510586572000
1510586573000
1510586574000
1510586575000
1510586576000
1510586577000
1510586578000
1510586579000
1510586580000
1510586581000
1510586582000
1510586583000
1510586584000
1510586585000
1510586586000
1510586587000
1510586588000
1510586589000
1510586590000
1510586591000
1510586592000
1510586593000
1510586594000
1510586595000
1510586596000
1510586597000
1510586598000
1510586599000
1510586600000
1510586601000
1510586602000
1510586603000
1510586604000
1510586605000
1510586606000
1510586607000
1510586608000
1510586609000
1510586610000
1510586611000
1510586612000
1510586613000
1510586614000
1510586615000
1510586616000
1510586617000
1510586618000
1510586619000
1510586620000
1510586621000
1510586622000
1510586623000
1510586624000
1510586625000
1510586626000
1510586627000
1510586628000
1510586629000
1510586630000
1510586631000
1510586632000
1510586633000
1510586634000
1510586635000
1510586636000
1510586637000
1510586638000
1510586639000
1510586640000
1510586641000
1510586642000
1510586643000
1510586644000
1510586645000
1510586646000
1510586647000
1510586648000
1510586649000
1510586650000
1510586651000
1510586652000
1510586653000
1510586654000
1510586655000
1510586656000
1510586657000
1510586658000
1510586659000
1510586660000
1510586661000
1510586662000
1510586663000
1510586664000
1510586665000
1510586666000
1510586667000
1510586668000
1510586669000
1510586670000
1510586671000
1510586672000
1510586673000
1510586674000
1510586675000
1510586676000
1510586677000
1510586678000
1510586679000
1510586680000
1510586681000
1510586682000
1510586683000
1510586684000
1510586685000
1510586686000
1510586687000
1510586688000
1510586689000
1510586690000
1510586691000
1510586692000
1510586693000
1510586694000
1510586695000
1510586696000
1510586697000
1510586698000
1510586699000
1510586700000
1510586701000
1510586702000
1510586703000
1510586704000
1510586705000
1510586706000
1510586707000
1510586708000
1510586709000
1510586710000
1510586711000
1510586712000
1510586713000
1510586714000
1510586715000
1510586716000
1510586717000
1510586718000
1510586719000
1510586720000
1510586721000
1510586722000
1510586723000
1510586724000
1510586725000
1510586726000
1510586727000
1510586728000
1510586729000
1510586730000
1510586731000
1510586732000
1510586733000
1510586734000
1510586735000
1510586736000
1510586737000
1510586738000
1510586739000
1510586740000
1510586741000
1510586742000
1510586743000
1510586744000
1510586745000
1510586746000
1510586747000
1510586748000
1510586749000
1510586750000
1510586751000
1510586752000
1510586753000
1510586754000
1510586755000
1510586756000
1510586757000
1510586758000
1510586759000
1510586760000
1510586761000
1510586762000
1510586763000
1510586764000
1510586765000
1510586766000
1510586767000
1510586768000
1510586769000
1510586770000
1510586771000
1510586772000
1510586773000
1510586774000
1510586775000
1510586776000
1510586777000
1510586778000
1510586779000
1510586780000
1510586781000
1510586782000
1510586783000
1510586784000
1510586785000
1510586786000
1510586787000
1510586788000
1510586789000
1510586790000
1510586791000
1510586792000
1510586793000
1510586794000
1510586795000
1510586796000
1510586797000
1510586798000
1510586799000
1510586800000
1510586801000
1510586802000
1510586803000
1510586804000
1510586805000
1510586806000
1510586807000
1510586808000
1510586809000
1510586810000
1510586811000
1510586812000
1510586813000
1510586814000
1510586815000
1510586816000
1510586817000
1510586818000
1510586819000
1510586820000
1510586821000
1510586822000
1510586823000
1510586824000
1510586825000
1510586826000
1510586827000
1510586828000
1510586829000
1510586830000
1510586831000
1510586832000
1510586833000
1510586834000
1510586835000
1510586836000
1510586837000
1510586838000
1510586839000
1510586840000
1510586841000
1510586842000
1510586843000
1510586844000
1510586845000
1510586846000
1510586847000
1510586848000
1510586849000
1510586850000
1510586851000
1510586852000
1510586853000
1510586854000
1510586855000
1510586856000
1510586857000
1510586858000
1510586859000
1510586860000
1510586861000
1510586862000
1510586863000
1510586864000
1510586865000
1510586866000
1510586867000
1510586868000
1510586869000
1510586870000
1510586871000
1510586872000
1510586873000
1510586874000
1510586875000
1510586876000
1510586877000
1510586878000
1510586879000
1510586880000
1510586881000
1510586882000
1510586883000
1510586884000
1510586885000
1510586886000
1510586887000
1510586888000
1510586889000
1510586890000
1510586891000
1510586892000
1510586893000
1510586894000
1510586895000
1510586896000
1510586897000
1510586898000
1510586899000
1510586900000
1510586901000
1510586902000
1510586903000
1510586904000
1510586905000
1510586906000
1510586907000
1510586908000
1510586909000
1510586910000
1510586911000
1510586912000
1510586913000
1510586914000
1510586915000
1510586916000
1510586917000
1510586918000
1510586919000
1510586920000
1510586921000
1510586922000
1510586923000
1510586924000
1510586925000
1510586926000
1510586927000
1510586928000
1510586929000
1510586930000
1510586931000
1510586932000
1510586933000
1510586934000
1510586935000
1510586936000
1510586937000
1510586938000
1510586939000
1510586940000
1510586941000
1510586942000
1510586943000
1510586944000
1510586945000
1510586946000
1510586947000
1510586948000
1510586949000
1510586950000
1510586951000
1510586952000
1510586953000
1510586954000
1510586955000
1510586956000
1510586957000
1510586958000
1510586959000
1510586960000
1510586961000
1510586962000
1510586963000
1510586964000
1510586965000
1510586966000
1510586967000
1510586968000
1510586969000
1510586970000
1510586971000
1510586972000
1510586973000
1510586974000
1510586975000
1510586976000
1510586977000
1510586978000
1510586979000
1510586980000
1510586981000
1510586982000
1510586983000
1510586984000
1510586985000
1510586986000
1510586987000
1510586988000
1510586989000
1510586990000
1510586991000
1510586992000
1510586993000
1510586994000
1510586995000
1510586996000
1510586997000
1510586998000
1510586999000
1510587000000
1510587001000
1510587002000
1510587003000
1510587004000
1510587005000
1510587006000
1510587007000
1510587008000
1510587009000
1510587010000
1510587011000
1510587012000
1510587013000
1510587014000
1510587015000
1510587016000
1510587017000
1510587018000
1510587019000
1510587020000
1510587021000
1510587022000
1510587023000
1510587024000
1510587025000
1510587026000
1510587027000
1510587028000
1510587029000
1510587030000
1510587031000
1510587032000
1510587033000
1510587034000
1510587035000
1510587036000
1510587037000
1510587038000
1510587039000
1510587040000
1510587041000
1510587042000
1510587043000
1510587044000
1510587045000
1510587046000
1510587047000
1510587048000
1510587049000
1510587050000
1510587051000
1510587052000
1510587053000
1510587054000
1510587055000
1510587056000
1510587057000
1510587058000
1510587059000
1510587060000
1510587061000
1510587062000
1510587063000
1510587064000
1510587065000
1510587066000
1510587067000
1510587068000
1510587069000
1510587070000
1510587071000
1510587072000
1510587073000
1510587074000
1510587075000
1510587076000
1510587077000
1510587078000
1510587079000
1510587080000
1510587081000
1510587082000
1510587083000
1510587084000
1510587085000
1510587086000
1510587087000
1510587088000
1510587089000
1510587090000
1510587091000
1510587092000
1510587093000
1510587094000
1510587095000
1510587096000
1510587097000
1510587098000
1510587099000
1510587100000
1510587101000
1510587102000
1510587103000
1510587104000
1510587105000
1510587106000
1510587107000
1510587108000
1510587109000
1510587110000
1510587111000
1510587112000
1510587113000
1510587114000
1510587115000
1510587116000
1510587117000
1510587118000
1510587119000
1510587120000
1510587121000
1510587122000
1510587123000
1510587124000
1510587125000
1510587126000
1510587127000
1510587128000
1510587129000
1510587130000
1510587131000
1510587132000
1510587133000
1510587134000
1510587135000
1510587136000
1510587137000
1510587138000
1510587139000
1510587140000
1510587141000
1510587142000
1510587143000
1510587144000
1510587145000
1510587146000
1510587147000
1510587148000
1510587149000
1510587150000
1510587151000
1510587152000
1510587153000
1510587154000
1510587155000
1510587156000
1510587157000
1510587158000
1510587159000
1510587160000
1510587161000
1510587162000
1510587163000
1510587164000
1510587165000
1510587166000
1510587167000
1510587168000
1510587169000
1510587170000
1510587171000
1510587172000
1510587173000
1510587174000
1510587175001
1510587176000
1510587177000
1510587178000
1510587179000
1510587180000
1510587181000
1510587182000
1510587183000
1510587184000
1510587185000
1510587186000
1510587187000
1510587188000
1510587189000
1510587190000
1510587191000
1510587192000
1510587193000
1510587194000
1510587195000
1510587196000
1510587197000
1510587198000
1510587199000
1510587200000
1510587201000
1510587202000
1510587203000
1510587204000
1510587205000
1510587206000
1510587207000
1510587208000
1510587209000
1510587210000
1510587211000
1510587212000
1510587213000
1510587214000
1510587215000
1510587216000
1510587217000
1510587218000
1510587219000
1510587220000
1510587221000
1510587222000
1510587223000
1510587224000
1510587225000
1510587226000
1510587227000
1510587228000
1510587229000
1510587230000
1510587231000
1510587232000
1510587233000
1510587234000
1510587235000
1510587236000
1510587237000
1510587238000
1510587239000
1510587240000
1510587241000
1510587242000
1510587243000
1510587244000
1510587245000
1510587246000
1510587247000
1510587248000
1510587249000
1510587250000
1510587251000
1510587252000
1510587253000
1510587254000
1510587255000
1510587256000
1510587257000
1510587258000
1510587259000
1510587260000
1510587261000
1510587262000
1510587263000
1510587264000
1510587265000
1510587266000
1510587267000
1510587268000
1510587269000
1510587270000
1510587271000
1510587272000
1510587273000
1510587274000
1510587275000
1510587276000
1510587277000
1510587278000
1510587279000
1510587280000
1510587281000
1510587282000
1510587283000
1510587284000
1510587285000
1510587286000
1510587287000
1510587288000
1510587289000
1510587290000
1510587291000
1510587292000
1510587293000
1510587294000
1510587295000
1510587296000
1510587297000
1510587298000
1510587299000
1510587300000
1510587301000
1510587302000
1510587303000
1510587304000
1510587305000
1510587306000
1510587307000
1510587308000
1510587309000
1510587310000
1510587311000
1510587312000
1510587313000
1510587314000
1510587315000
1510587316000
1510587317000
1510587318000
1510587319000
1510587320000
1510587321000
1510587322000
1510587323000
1510587324000
1510587325000
1510587326000
1510587327000
1510587328000
1510587329000
1510587330000
1510587331000
1510587332000
1510587333000
1510587334000
1510587335000
1510587336000
1510587337000
1510587338000
1510587339000
1510587340000
1510587341000
1510587342000
1510587343000
1510587344000
1510587345000
1510587346000
1510587347000
1510587348000
1510587349000
1510587350000
1510587351000
1510587352000
1510587353000
1510587354000
1510587355000
1510587356000
1510587357000
1510587358000
1510587359000
1510587360000
1510587361000
1510587362000
1510587363000
1510587364000
1510587365000
1510587366000
1510587367000
1510587368000
1510587369000
1510587370000
1510587371000
1510587372000
1510587373000
1510587374000
1510587375000
1510587376000
1510587377000
1510587378000
1510587379000
1510587380000
1510587381000
1510587382000
1510587383000
1510587384000
1510587385000
1510587386000
1510587387000
1510587388000
1510587389000
1510587390000
1510587391000
1510587392000
1510587393000
1510587394000
1510587395000
1510587396000
1510587397000
1510587398000
1510587399000
1510587400000
1510587401000
1510587402000
1510587403000
1510587404000
1510587405000
1510587406000
1510587407000
1510587408000
1510587409000
1510587410000
1510587411000
1510587412000
1510587413000
1510587414000
1510587415000
1510587416000
1510587417000
1510587418000
1510587419000
1510587420000
1510587421000
1510587422000
1510587423000
1510587424000
1510587425000
1510587426000
1510587427000
1510587428000
1510587429000
1510587430000
1510587431000
1510587432000
1510587433000
1510587434000
1510587435000
1510587436000
1510587437000
1510587438000
1510587439000
1510587440000
1510587441000
1510587442000
1510587443000
1510587444000
1510587445000
1510587446000
1510587447000
1510587448000
1510587449000
1510587450000
1510587451000
1510587452000
1510587453000
1510587454000
1510587455000
1510587456000
1510587457000
1510587458000
1510587459000
1510587460000
1510587461000
1510587462000
1510587463000
1510587464000
1510587465000
1510587466000
1510587467000
1510587468000
1510587469000
1510587470000
1510587471000
1510587472000
1510587473000
1510587474000
1510587475000
1510587476000
1510587477000
1510587478000
1510587479000
1510587480000
1510587481000
1510587482000
1510587483000
1510587484000
1510587485000
1510587486000
1510587487000
1510587488000
1510587489000
1510587490000
1510587491000
1510587492000
1510587493000
1510587494000
1510587495000
1510587496000
1510587497000
1510587498000
1510587499000
1510587500000
1510587501000
1510587502000
1510587503000
1510587504000
1510587505000
1510587506000
1510587507000
1510587508000
1510587509000
1510587510000
1510587511000
1510587512000
1510587513000
1510587514000
1510587515000
1510587516000
1510587517000
1510587518000
1510587519000
1510587520000
1510587521000
1510587522000
1510587523000
1510587524000
1510587525000
1510587526000
1510587527000
1510587528000
1510587529000
1510587530000
1510587531000
1510587532000
1510587533000
1510587534000
1510587535000
1510587536000
1510587537000
1510587538000
1510587539000
1510587540000
1510587541000
1510587542000
1510587543000
1510587544000
1510587545000
1510587546000
1510587547000
1510587548000
1510587549000
1510587550000
1510587551000
1510587552000
1510587553000
1510587554000
1510587555000
1510587556000
1510587557000
1510587558000
1510587559000
1510587560000
1510587561000
1510587562000
1510587563000
1510587564000
1510587565000
1510587566000
1510587567000
1510587568000
1510587569000
1510587570000
1510587571000
1510587572000
1510587573000
1510587574000
1510587575000
1510587576000
1510587577000
1510587578000
1510587579000
1510587580000
1510587581000
1510587582000
1510587583000
1510587584000
1510587585000
1510587586000
1510587587000
1510587588000
1510587589000
1510587590000
1510587591000
1510587592000
1510587593000
1510587594000
1510587595000
1510587596000
1510587597000
1510587598000
1510587599000
1510587600000
1510587601000
1510587602000
1510587603000
1510587604000
1510587605000
1510587606000
1510587607000
1510587608000
1510587609000
1510587610000
1510587611000
1510587612000
1510587613000
1510587614000
1510587615000
1510587616000
1510587617000
1510587618000
1510587619000
1510587620000
1510587621000
1510587622000
1510587623000
1510587624000
1510587625000
1510587626000
1510587627000
1510587628000
1510587629000
1510587630000
1510587631000
1510587632000
1510587633000
1510587634000
1510587635000
1510587636000
1510587637000
1510587638000
1510587639000
1510587640000
1510587641000
1510587642000
1510587643000
1510587644000
1510587645000
1510587646000
1510587647000
1510587648000
1510587649000
1510587650000
1510587651000
1510587652000
1510587653000
1510587654000
1510587655000
1510587656000
1510587657000
1510587658000
1510587659000
1510587660000
1510587661000
1510587662000
1510587663000
1510587664000
1510587665000
1510587666000
1510587667000
1510587668000
1510587669000
1510587670000
1510587671000
1510587672000
1510587673000
1510587674000
1510587675000
1510587676000
1510587677000
1510587678000
1510587679000
1510587680000
1510587681000
1510587682000
1510587683000
1510587684000
1510587685000
1510587686000
1510587687000
1510587688000
1510587689000
1510587690000
1510587691000
1510587692000
1510587693000
1510587694000
1510587695000
1510587696000
1510587697000
1510587698000
1510587699000
1510587700000
1510587701000
1510587702000
1510587703000
1510587704000
1510587705000
1510587706000
1510587707000
1510587708000
1510587709000
1510587710000
1510587711000
1510587712000
1510587713000
1510587714000
1510587715000
1510587716000
1510587717000
1510587718000
1510587719000
1510587720000
1510587721000
1510587722000
1510587723000
1510587724000
1510587725000
1510587726000
1510587727000
1510587728000
1510587729000
1510587730000
1510587731000
1510587732000
1510587733000
1510587734000
1510587735000
1510587736000
1510587737000
1510587738000
1510587739000
1510587740000
1510587741000
1510587742000
1510587743000
1510587744000
1510587745000
1510587746000
1510587747000
1510587748000
1510587749000
1510587750000
1510587751000
1510587752000
1510587753000
1510587754000
1510587755000
1510587756000
1510587757000
1510587758000
1510587759000
1510587760000
1510587761000
1510587762000
1510587763000
1510587764000
1510587765000
1510587766000
1510587767000
1510587768000
1510587769000
1510587770000
1510587771000
1510587772000
1510587773000
1510587774000
1510587775000
1510587776000
1510587777000
1510587778000
1510587779000
1510587780000
1510587781000
1510587782000
1510587783000
1510587784000
1510587785000
1510587786000
1510587787000
1510587788000
1510587789000
1510587790000
1510587791000
1510587792000
1510587793000
1510587794000
1510587795000
1510587796000
1510587797000
1510587798000
1510587799000
1510587800000
1510587801000
1510587802000
1510587803000
1510587804000
1510587805000
1510587806000
1510587807000
1510587808000
1510587809000
1510587810000
1510587811000
1510587812000
1510587813000
1510587814000
1510587815000
1510587816000
1510587817000
1510587818000
1510587819000
1510587820000
1510587821000
1510587822000
1510587823000
1510587824000
1510587825000
1510587826000
1510587827000
1510587828000
1510587829000
1510587830000
1510587831000
1510587832000
1510587833000
1510587834000
1510587835000
1510587836000
1510587837000
1510587838000
1510587839000
1510587840000
1510587841000
1510587842000
1510587843000
1510587844000
1510587845000
1510587846000
1510587847000
1510587848000
1510587849000
1510587850000
1510587851000
1510587852000
1510587853000
1510587854000
1510587855000
1510587856000
1510587857000
1510587858000
1510587859000
1510587860000
1510587861000
1510587862000
1510587863000
1510587864000
1510587865000
1510587866000
1510587867000
1510587868000
1510587869000
1510587870000
1510587871000
1510587872000
1510587873000
1510587874000
1510587875000
1510587876000
1510587877000
1510587878000
1510587879000
1510587880000
1510587881000
1510587882000
1510587883000
1510587884000
1510587885000
1510587886000
1510587887000
1510587888000
1510587889000
1510587890000
1510587891000
1510587892000
1510587893000
1510587894000
1510587895000
1510587896000
1510587897000
1510587898000
1510587899000
1510587900000
1510587901000
1510587902000
1510587903000
1510587904000
1510587905000
1510587906000
1510587907000
1510587908000
1510587909000
1510587910000
1510587911000
1510587912000
1510587913000
1510587914000
1510587915000
1510587916000
1510587917000
1510587918000
1510587919000
1510587920000
1510587921000
1510587922000
1510587923000
1510587924000
1510587925000
1510587926000
1510587927000
1510587928000
1510587929000
1510587930000
1510587931000
1510587932000
1510587933000
1510587934000
1510587935000
1510587936000
1510587937000
1510587938000
1510587939000
1510587940000
1510587941000
1510587942000
1510587943000
1510587944000
1510587945000
1510587946000
1510587947000
1510587948000
1510587949000
1510587950000
1510587951000
1510587952000
1510587953000
1510587954000
1510587955000
1510587956000
1510587957000
1510587958000
1510587959000
1510587960000
1510587961000
1510587962000
1510587963000
1510587964000
1510587965000
1510587966000
1510587967000
1510587968000
1510587969000
1510587970000
1510587971000
1510587972000
1510587973000
1510587974000
1510587975000
1510587976000
1510587977000
1510587978000
1510587979000
1510587980000
1510587981000
1510587982000
1510587983000
1510587984000
1510587985000
1510587986000
1510587987000
1510587988000
1510587989000
1510587990000
1510587991000
1510587992000
1510587993000
1510587994000
1510587995000
1510587996000
1510587997000
1510587998000
1510587999000
1510588000000
1510588001000
1510588002000
1510588003000
1510588004000
1510588005000
1510588006000
1510588007000
1510588008000
1510588009000
1510588010000
1510588011000
1510588012000
1510588013000
1510588014000
1510588015000
1510588016000
1510588017000
1510588018000
1510588019000
1510588020000
1510588021000
1510588022000
1510588023000
1510588024000
1510588025000
1510588026000
1510588027000
1510588028000
1510588029000
1510588030000
1510588031000
1510588032000
1510588033000
1510588034000
1510588035000
1510588036000
1510588037000
1510588038000
1510588039000
1510588040000
1510588041000
1510588042000
1510588043000
1510588044000
1510588045000
1510588046000
1510588047000
1510588048000
1510588049000
1510588050000
1510588051000
1510588052000
1510588053000
1510588054000
1510588055000
1510588056000
1510588057000
1510588058000
1510588059000
1510588060000
1510588061000
1510588062000
1510588063000
1510588064000
1510588065000
1510588066000
1510588067000
1510588068000
1510588069000
1510588070000
1510588071000
1510588072000
1510588073000
1510588074000
1510588075000
1510588076000
1510588077000
1510588078000
1510588079000
1510588080000
1510588081000
1510588082000
1510588083000
1510588084000
1510588085000
1510588086000
1510588087000
1510588088000
1510588089000
1510588090000
1510588091000
1510588092000
1510588093000
1510588094000
1510588095000
1510588096000
1510588097000
1510588098000
1510588099000
1510588100000
1510588101000
1510588102000
1510588103000
1510588104000
1510588105000
1510588106000
1510588107000
1510588108000
1510588109000
1510588110000
1510588111000
1510588112000
1510588113000
1510588114000
1510588115000
1510588116000
1510588117000
1510588118000
1510588119000
1510588120000
1510588121000
1510588122000
1510588123000
1510588124000
1510588125000
1510588126000
1510588127000
1510588128000
1510588129000
1510588130000
1510588131000
1510588132000
1510588133000
1510588134000
1510588135000
1510588136000
1510588137000
1510588138000
1510588139000
1510588140000
1510588141000
1510588142000
1510588143000
1510588144000
1510588145000
1510588146000
1510588147000
1510588148000
1510588149000
1510588150000
1510588151000
1510588152000
1510588153000
1510588154000
1510588155000
1510588156000
1510588157000
1510588158000
1510588159000
1510588160000
1510588161000
1510588162000
1510588163000
1510588164000
1510588165000
1510588166000
1510588167000
1510588168000
1510588169000
1510588170000
1510588171000
1510588172000
1510588173000
1510588174000
1510588175000
1510588176000
1510588177000
1510588178000
1510588179000
1510588180000
1510588181000
1510588182000
1510588183000
1510588184000
1510588185000
1510588186000
1510588187000
1510588188000
1510588189000
1510588190000
1510588191000
1510588192000
1510588193000
1510588194000
1510588195000
1510588196000
1510588197000
1510588198000
1510588199000
1510588200000
1510588201000
1510588202000
1510588203000
1510588204000
1510588205000
1510588206000
1510588207000
1510588208000
1510588209000
1510588210000
1510588211000
1510588212000
1510588213000
1510588214000
1510588215000
1510588216000
1510588217000
1510588218000
1510588219000
1510588220000
1510588221000
1510588222000
1510588223000
1510588224000
1510588225000
1510588226000
1510588227000
1510588228000
1510588229000
1510588230000
1510588231000
1510588232000
1510588233000
1510588234000
1510588235000
1510588236000
1510588237000
1510588238000
1510588239000
1510588240000
1510588241000
1510588242000
1510588243000
1510588244000
1510588245000
1510588246000
1510588247000
1510588248000
1510588249000
1510588250000
1510588251000
1510588252000
1510588253000
1510588254000
1510588255000
1510588256000
1510588257000
1510588258000
1510588259000
1510588260000
1510588261000
1510588262000
1510588263000
1510588264000
1510588265000
1510588266000
1510588267000
1510588268000
1510588269000
1510588270000
1510588271000
1510588272000
1510588273000
1510588274000
1510588275000
1510588276000
1510588277000
1510588278000
1510588279000
1510588280000
1510588281000
1510588282000
1510588283000
1510588284000
1510588285000
1510588286000
1510588287000
1510588288000
1510588289000
1510588290000
1510588291000
1510588292000
1510588293000
1510588294000
1510588295000
1510588296000
1510588297000
1510588298000
1510588299000
1510588300000
1510588301000
1510588302000
1510588303000
1510588304000
1510588305000
1510588306000
1510588307000
1510588308000
1510588309000
1510588310000
1510588311000
1510588312000
1510588313000
1510588314000
1510588315000
1510588316000
1510588317000
1510588318000
1510588319000
1510588320000
1510588321000
1510588322000
1510588323000
1510588324000
1510588325000
1510588326000
1510588327000
1510588328000
1510588329000
1510588330000
1510588331000
1510588332000
1510588333000
1510588334000
1510588335000
1510588336000
1510588337000
1510588338000
1510588339000
1510588340000
1510588341000
1510588342000
1510588343000
1510588344000
1510588345000
1510588346000
1510588347000
1510588348000
1510588349000
1510588350000
1510588351000
1510588352000
1510588353000
1510588354000
1510588355000
1510588356000
1510588357000
1510588358000
1510588359000
1510588360000
1510588361000
1510588362000
1510588363000
1510588364000
1510588365000
1510588366000
1510588367000
1510588368000
1510588369000
1510588370000
1510588371000
1510588372000
1510588373000
1510588374000
1510588375000
1510588376000
1510588377000
1510588378000
1510588379000
1510588380000
1510588381000
1510588382000
1510588383000
1510588384000
1510588385000
1510588386000
1510588387000
1510588388000
1510588389023
1510588390000
1510588391000
1510588392000
1510588393000
1510588394000
1510588395000
1510588396000
1510588397000
1510588398000
1510588399000
1510588400000
1510588401000
1510588402000
1510588403000
1510588404000
1510588405000
1510588406000
1510588407000
1510588408000
1510588409000
1510588410000
1510588411000
1510588412000
1510588413000
1510588414000
1510588415000
1510588416000
1510588417000
1510588418000
1510588419000
1510588420000
1510588421000
1510588422000
1510588423000
1510588424000
1510588425000
1510588426000
1510588427000
1510588428000
1510588429000
1510588430000
1510588431000
1510588432000
1510588433000
1510588434000
1510588435000
1510588436000
1510588437000
1510588438000
1510588439000
1510588440000
1510588441000
1510588442000
1510588443000
1510588444000
1510588445000
1510588446000
1510588447000
1510588448000
1510588449000
1510588450000
1510588451000
1510588452000
1510588453000
1510588454000
1510588455000
1510588456000
1510588457000
1510588458000
1510588459000
1510588460000
1510588461000
1510588462000
1510588463000
1510588464000
1510588465000
1510588466000
1510588467003
1510588468000
1510588469000
1510588470000
1510588471000
1510588472000
1510588473000
1510588474000
1510588475000
1510588476000
1510588477000
1510588478000
1510588479000
1510588480000
1510588481000
1510588482000
1510588483000
1510588484000
1510588485000
1510588486000
1510588487000
1510588488000
1510588489000
1510588490000
1510588491000
1510588492000
1510588493000
1510588494000
1510588495000
1510588496000
1510588497000
1510588498000
1510588499000
1510588500000
1510588501000
1510588502000
1510588503000
1510588504000
1510588505000
1510588506000
1510588507000
1510588508000
1510588509000
1510588510000
1510588511000
1510588512000
1510588513000
1510588514000
1510588515000
1510588516000
1510588517000
1510588518000
1510588519000
1510588520000
1510588521000
1510588522000
1510588523000
1510588524000
1510588525000
1510588526000
1510588527000
1510588528000
1510588529000
1510588530000
1510588531000
1510588532000
1510588533000
1510588534000
1510588535000
1510588536000
1510588537000
1510588538000
1510588539000
1510588540000
1510588541000
1510588542000
1510588543000
1510588544000
1510588545000
1510588546000
1510588547000
1510588548000
1510588549000
1510588550000
1510588551000
1510588552000
1510588553000
1510588554000
1510588555000
1510588556000
1510588557000
1510588558000
1510588559000
1510588560000
1510588561000
1510588562000
1510588563000
1510588564000
1510588565000
1510588566000
1510588567000
1510588568000
1510588569000
1510588570000
1510588571000
1510588572000
1510588573000
1510588574000
1510588575000
1510588576000
1510588577000
1510588578000
1510588579000
1510588580000
1510588581000
1510588582000
1510588583000
1510588584000
1510588585000
1510588586000
1510588587000
1510588588000
1510588589000
1510588590000
1510588591000
1510588592000
1510588593000
1510588594000
1510588595000
1510588596000
1510588597000
1510588598000
1510588599000
1510588600000
1510588601000
1510588602000
1510588603000
1510588604000
1510588605000
1510588606000
1510588607000
1510588608000
1510588609000
1510588610000
1510588611000
1510588612000
1510588613000
1510588614000
1510588615000
1510588616000
1510588617000
1510588618000
1510588619000
1510588620000
1510588621000
1510588622000
1510588623000
1510588624000
1510588625000
1510588626000
1510588627000
1510588628000
1510588629000
1510588630000
1510588631000
1510588632000
1510588633000
1510588634000
1510588635000
1510588636000
1510588637000
1510588638000
1510588639000
1510588640000
1510588641000
1510588642000
1510588643000
1510588644000
1510588645000
1510588646000
1510588647000
1510588648000
1510588649000
1510588650000
1510588651000
1510588652000
1510588653000
1510588654000
1510588655000
1510588656000
1510588657000
1510588658000
1510588659000
1510588660000
1510588661000
1510588662000
1510588663000
1510588664000
1510588665000
1510588666000
1510588667000
1510588668000
1510588669000
1510588670000
1510588671000
1510588672000
1510588673000
1510588674000
1510588675000
1510588676000
1510588677000
1510588678000
1510588679000
1510588680000
1510588681000
1510588682000
1510588683000
1510588684000
1510588685000
1510588686000
1510588687000
1510588688000
1510588689000
1510588690000
1510588691000
1510588692000
1510588693000
1510588694000
1510588695000
1510588696000
1510588697000
1510588698000
1510588699000
1510588700000
1510588701000
1510588702000
1510588703000
1510588704000
1510588705000
1510588706000
1510588707000
1510588708000
1510588709000
1510588710000
1510588711000
1510588712000
1510588713000
1510588714000
1510588715000
1510588716000
1510588717000
1510588718000
1510588719000
1510588720000
1510588721000
1510588722000
1510588723000
1510588724000
1510588725000
1510588726000
1510588727000
1510588728000
1510588729000
1510588730000
1510588731000
1510588732000
1510588733000
1510588734000
1510588735000
1510588736000
1510588737000
1510588738000
1510588739000
1510588740000
1510588741000
1510588742000
1510588743000
1510588744000
1510588745000
1510588746000
1510588747000
1510588748000
1510588749000
1510588750000
1510588751000
1510588752000
1510588753000
1510588754000
1510588755000
1510588756000
1510588757000
1510588758000
1510588759000
1510588760000
1510588761000
1510588762000
1510588763000
1510588764000
1510588765000
1510588766000
1510588767000
1510588768000
1510588769000
1510588770000
1510588771000
1510588772000
1510588773000
1510588774000
1510588775000
1510588776000
1510588777000
1510588778000
1510588779000
1510588780000
1510588781000
1510588782000
1510588783000
1510588784000
1510588785000
1510588786000
1510588787000
1510588788000
1510588789000
1510588790000
1510588791000
1510588792000
1510588793000
1510588794000
1510588795000
1510588796000
1510588797000
1510588798000
1510588799000
1510588800000
1510588801000
1510588802000
1510588803000
1510588804000
1510588805000
1510588806000
1510588807000
1510588808000
1510588809000
1510588810000
1510588811000
1510588812000
1510588813000
1510588814000
1510588815000
1510588816000
1510588817000
1510588818000
1510588819000
1510588820000
1510588821000
1510588822000
1510588823000
1510588824000
1510588825000
1510588826000
1510588827000
1510588828000
1510588829000
1510588830000
1510588831000
1510588832000
1510588833000
1510588834000
1510588835000
1510588836000
1510588837000
1510588838000
1510588839000
1510588840000
1510588841000
1510588842000
1510588843000
1510588844000
1510588845000
1510588846000
1510588847000
1510588848000
1510588849000
1510588850000
1510588851000
1510588852000
1510588853000
1510588854000
1510588855000
1510588856000
1510588857000
1510588858000
1510588859000
1510588860000
1510588861000
1510588862000
1510588863000
1510588864126
1510588865000
1510588866000
1510588867000
1510588868000
1510588869000
1510588870000
1510588871000
1510588872000
1510588873000
1510588874000
1510588875000
1510588876000
1510588877000
1510588878000
1510588879000
1510588880000
1510588881000
1510588882000
1510588883000
1510588884000
1510588885000
1510588886000
1510588887000
1510588888000
1510588889000
1510588890000
1510588891000
1510588892000
1510588893000
1510588894000
1510588895000
1510588896000
1510588897000
1510588898000
1510588899000
1510588900000
1510588901000
1510588902000
1510588903000
1510588904000
1510588905000
1510588906000
1510588907000
1510588908000
1510588909000
1510588910000
1510588911000
1510588912000
1510588913000
1510588914000
1510588915000
1510588916000
1510588917000
1510588918000
1510588919000
1510588920000
1510588921000
1510588922000
1510588923000
1510588924000
1510588925000
1510588926000
1510588927000
1510588928000
1510588929000
1510588930000
1510588931000
1510588932000
1510588933000
1510588934000
1510588935000
1510588936000
1510588937000
1510588938000
1510588939000
1510588940000
1510588941000
1510588942000
1510588943000
1510588944000
1510588945000
1510588946000
1510588947000
1510588948000
1510588949000
1510588950000
1510588951000
1510588952000
1510588953000
1510588954000
1510588955000
1510588956000
1510588957000
1510588958000
1510588959000
1510588960000
1510588961000
1510588962000
1510588963000
1510588964000
1510588965000
1510588966000
1510588967000
1510588968000
1510588969000
1510588970000
1510588971000
1510588972000
1510588973000
1510588974000
1510588975000
1510588976000
1510588977000
1510588978000
1510588979000
1510588980000
1510588981000
1510588982000
1510588983000
1510588984000
