1518185003000
1518185004000
1518185005000
1518185006000
1518185007000
1518185008000
1518185009000
1518185010000
1518185011000
1518185012000
1518185013000
1518185014000
1518185015000
1518185016000
1518185017000
1518185018000
1518185019000
1518185020000
1518185021000
1518185022000
1518185023000
1518185024000
1518185025000
1518185026000
1518185027000
1518185028000
1518185029000
1518185030000
1518185031000
1518185032000
1518185033000
1518185034000
1518185035000
1518185036000
1518185037000
1518185038000
1518185039000
1518185040000
1518185041000
1518185042000
1518185043000
1518185044000
1518185045000
1518185046000
1518185047000
1518185048000
1518185049000
1518185050000
1518185051000
1518185052000
1518185053000
1518185054000
1518185055000
1518185056000
1518185057000
1518185058000
1518185059000
1518185060000
1518185061000
1518185062000
1518185063000
1518185064000
1518185065000
1518185066000
1518185067000
1518185068000
1518185069000
1518185070000
1518185071000
1518185072000
1518185073000
1518185074000
1518185075000
1518185076000
1518185077000
1518185078000
1518185079000
1518185080000
1518185081000
1518185082000
1518185083000
1518185084000
1518185085000
1518185086000
1518185087000
1518185088000
1518185089000
1518185090000
1518185091000
1518185092000
1518185093000
1518185094000
1518185095000
1518185096000
1518185097000
1518185098000
1518185099000
1518185100000
1518185101000
1518185102000
1518185103000
1518185104000
1518185105000
1518185106000
1518185107000
1518185108000
1518185109000
1518185110000
1518185111000
1518185112000
1518185113000
1518185114000
1518185115000
1518185116000
1518185117000
1518185118000
1518185119000
1518185120000
1518185121000
1518185122000
1518185123000
1518185124000
1518185125000
1518185126000
1518185127000
1518185128000
1518185129000
1518185130000
1518185131000
1518185132000
1518185133000
1518185134000
1518185135000
1518185136000
1518185137000
1518185138000
1518185139000
1518185140000
1518185141000
1518185142000
1518185143000
1518185144000
1518185145000
1518185146000
1518185147000
1518185148000
1518185149000
1518185150000
1518185151000
1518185152000
1518185153000
1518185154000
1518185155000
1518185156000
1518185157000
1518185158000
1518185159000
1518185160000
1518185161000
1518185162000
1518185163000
1518185164000
1518185165000
1518185166000
1518185167000
1518185168000
1518185169000
1518185170000
1518185171000
1518185172000
1518185173000
1518185174000
1518185175000
1518185176000
1518185177000
1518185178000
1518185179000
1518185180000
1518185181000
1518185182000
1518185183000
1518185184000
1518185185000
1518185186000
1518185187000
1518185188000
1518185189000
1518185190000
1518185191000
1518185192000
1518185193000
1518185194000
1518185195000
1518185196000
1518185197000
1518185198000
1518185199000
1518185200000
1518185201000
1518185202000
1518185203000
1518185204000
1518185205000
1518185206000
1518185207000
1518185208000
1518185209000
1518185210000
1518185211000
1518185212000
1518185213000
1518185214000
1518185215000
1518185216000
1518185217000
1518185218000
1518185219000
1518185220000
1518185221000
1518185222000
1518185223000
1518185224000
1518185225000
1518185226000
1518185227000
1518185228000
1518185229000
1518185230000
1518185231000
1518185232000
1518185233000
1518185234000
1518185235000
1518185236000
1518185237000
1518185238000
1518185239000
1518185240000
1518185241000
1518185242000
1518185243000
1518185244000
1518185245000
1518185246000
1518185247000
1518185248000
1518185249000
1518185250000
1518185251000
1518185252000
1518185253000
1518185254000
1518185255000
1518185256000
1518185257000
1518185258000
1518185259000
1518185260000
1518185261000
1518185262000
1518185263000
1518185264000
1518185265000
1518185266000
1518185267000
1518185268000
1518185269000
1518185270000
1518185271000
1518185272000
1518185273000
1518185274000
1518185275000
1518185276000
1518185277000
1518185278000
1518185279000
1518185280000
1518185281000
1518185282000
1518185283000
1518185284000
1518185285000
1518185286000
1518185287000
1518185288000
1518185289000
1518185290000
1518185291000
1518185292000
1518185293000
1518185294000
1518185295000
1518185296000
1518185297000
1518185298000
1518185299000
1518185300000
1518185301000
1518185302000
1518185303000
1518185304000
1518185305000
1518185306000
1518185307000
1518185308000
1518185309000
1518185310000
1518185311000
1518185312000
1518185313000
1518185314000
1518185315000
1518185316000
1518185317000
1518185318000
1518185319000
1518185320000
1518185321000
1518185322000
1518185323000
1518185324000
1518185325000
1518185326000
1518185327000
1518185328000
1518185329000
1518185330000
1518185331000
1518185332000
1518185333000
1518185334000
1518185335000
1518185336000
1518185337000
1518185338000
1518185339000
1518185340000
1518185341000
1518185342000
1518185343000
1518185344000
1518185345000
1518185346000
1518185347000
1518185348000
1518185349000
1518185350000
1518185351000
1518185352000
1518185353000
1518185354000
1518185355000
1518185356000
1518185357000
1518185358000
1518185359000
1518185360000
1518185361000
1518185362000
1518185363000
1518185364000
1518185365000
1518185366000
1518185367000
1518185368000
1518185369000
1518185370000
1518185371000
1518185372000
1518185373000
1518185374000
1518185375000
1518185376000
1518185377000
1518185378000
1518185379000
1518185380000
1518185381000
1518185382000
1518185383000
1518185384000
1518185385000
1518185386000
1518185387000
1518185388000
1518185389000
1518185390000
1518185391000
1518185392000
1518185393000
1518185394000
1518185395000
1518185396000
1518185397000
1518185398000
1518185399000
1518185400000
1518185401000
1518185402000
1518185403000
