1519102507000
1519102508000
1519102509000
1519102510000
1519102511000
1519102512000
1519102513000
1519102514000
1519102515000
1519102516000
1519102517000
1519102518000
1519102519000
1519102520000
1519102521000
1519102522000
1519102523000
1519102524000
1519102525000
1519102526000
1519102527000
1519102528000
1519102529000
1519102530000
1519102531000
1519102532000
1519102533000
1519102534000
1519102535000
1519102536000
1519102537000
1519102538000
1519102539000
1519102540000
1519102541000
1519102542000
1519102543000
1519102544000
1519102545000
1519102546000
1519102547000
1519102548000
1519102549000
1519102550000
1519102551000
1519102552000
1519102553000
1519102554000
1519102555000
1519102556000
1519102557000
1519102558000
1519102559000
1519102560000
1519102561000
1519102562000
1519102563000
1519102564000
1519102565000
1519102566000
1519102567000
1519102568000
1519102569000
1519102570000
1519102571000
1519102572000
1519102573000
1519102574000
1519102575000
1519102576000
1519102577000
1519102578000
1519102579000
1519102580000
1519102581000
1519102582000
1519102583000
1519102584000
1519102585000
1519102586000
1519102587000
1519102588000
1519102589000
1519102590000
1519102591000
1519102592000
1519102593000
1519102594000
1519102595000
1519102596000
1519102597000
1519102598000
1519102599000
1519102600000
1519102601000
1519102602000
1519102603000
1519102604000
1519102605000
1519102606000
1519102607000
1519102608000
1519102609000
1519102610000
1519102611000
1519102612000
1519102613000
1519102614000
1519102615000
1519102616000
1519102617000
1519102618000
1519102619000
1519102620000
1519102621000
1519102622000
1519102623000
1519102624000
1519102625000
1519102626000
1519102627000
1519102628000
1519102629000
1519102630000
1519102631000
1519102632000
1519102633000
1519102634000
1519102635000
1519102636000
1519102637000
1519102638000
1519102639000
1519102640000
1519102641000
1519102642000
1519102643000
1519102644000
1519102645000
1519102646000
1519102647000
1519102648000
1519102649000
1519102650000
1519102651000
1519102652000
1519102653000
1519102654000
1519102655000
1519102656000
1519102657000
1519102658000
1519102659000
1519102660000
1519102661000
1519102662000
1519102663000
1519102664000
1519102665000
1519102666000
1519102667000
1519102668000
1519102669000
1519102670000
1519102671000
1519102672000
1519102673000
1519102674000
1519102675000
1519102676000
1519102677000
1519102678000
1519102679000
1519102680000
1519102681000
1519102682000
1519102683000
1519102684000
1519102685000
1519102686000
1519102687000
1519102688000
1519102689000
1519102690000
1519102691000
1519102692000
1519102693000
1519102694000
1519102695000
1519102696000
1519102697000
1519102698000
1519102699000
1519102700000
1519102701000
1519102702000
1519102703000
1519102704000
1519102705000
1519102706000
1519102707000
1519102708000
1519102709000
1519102710000
1519102711000
1519102712000
1519102713000
1519102714000
1519102715000
1519102716000
1519102717000
1519102718000
1519102719000
1519102720000
1519102721000
1519102722000
1519102723000
1519102724000
1519102725000
1519102726000
1519102727000
1519102728000
1519102729000
1519102730000
1519102731000
1519102732000
1519102733000
1519102734000
1519102735000
1519102736000
1519102737000
1519102738000
1519102739000
1519102740000
1519102741000
1519102742000
1519102743000
1519102744000
1519102745000
1519102746000
1519102747000
1519102748000
1519102749000
1519102750000
1519102751000
1519102752000
1519102753000
1519102754000
1519102755000
1519102756000
1519102757000
1519102758000
1519102759000
1519102760000
1519102761000
1519102762000
1519102763000
1519102764000
1519102765000
1519102766000
1519102767000
1519102768000
1519102769000
1519102770000
1519102771000
1519102772000
1519102773000
1519102774000
1519102775000
1519102776000
1519102777000
1519102778000
1519102779000
1519102780000
1519102781000
1519102782000
1519102783000
1519102784000
1519102785000
1519102786000
1519102787000
1519102788000
1519102789000
1519102790000
1519102791000
1519102792000
1519102793000
1519102794000
1519102795000
1519102796000
1519102797000
1519102798000
1519102799000
1519102800000
1519102801000
1519102802000
1519102803000
1519102804000
1519102805000
1519102806000
1519102807000
1519102808000
1519102809000
1519102810000
1519102811000
1519102812000
1519102813000
1519102814000
1519102815000
1519102816000
1519102817000
1519102818000
1519102819000
1519102820000
1519102821000
1519102822000
1519102823000
1519102824000
1519102825000
1519102826000
1519102827000
1519102828000
1519102829000
1519102830000
1519102831000
1519102832000
1519102833000
1519102834000
1519102835000
1519102836000
1519102837000
1519102838000
1519102839000
1519102840000
1519102841000
1519102842000
1519102843000
1519102844000
1519102845000
1519102846000
1519102847000
1519102848000
1519102849000
1519102850000
1519102851000
1519102852000
1519102853000
1519102854000
1519102855000
1519102856000
1519102857000
1519102858000
1519102859000
1519102860000
1519102861000
1519102862000
1519102863000
1519102864000
1519102865000
1519102866000
1519102867000
1519102868000
1519102869000
1519102870000
1519102871000
1519102872000
1519102873000
1519102874000
1519102875000
1519102876000
1519102877000
1519102878000
1519102879000
1519102880000
1519102881000
1519102882000
1519102883000
1519102884000
1519102885000
1519102886000
1519102887000
1519102888000
1519102889000
1519102890000
1519102891000
1519102892000
1519102893000
1519102894000
1519102895000
1519102896000
1519102897000
1519102898000
1519102899000
1519102900000
1519102901000
1519102902000
1519102903000
1519102904000
1519102905000
1519102906000
1519102907000
1519102908000
1519102909000
1519102910000
1519102911000
1519102912000
1519102913000
1519102914000
1519102915000
1519102916000
1519102917000
1519102918000
1519102919000
1519102920000
1519102921000
1519102922000
1519102923000
1519102924000
1519102925000
1519102926000
1519102927000
1519102928000
1519102929000
1519102930000
1519102931000
1519102932000
1519102933000
1519102934000
1519102935000
1519102936000
1519102937000
1519102938000
1519102939000
1519102940000
1519102941000
1519102942000
1519102943000
1519102944000
1519102945000
1519102946000
1519102947000
1519102948000
1519102949000
1519102950000
1519102951000
1519102952000
1519102953000
1519102954000
1519102955000
1519102956000
1519102957000
1519102958000
1519102959000
1519102960000
1519102961000
1519102962000
1519102963000
1519102964000
1519102965000
1519102966000
1519102967000
1519102968000
1519102969000
1519102970000
1519102971000
1519102972000
1519102973000
1519102974000
1519102975000
1519102976000
1519102977000
1519102978000
1519102979000
1519102980000
1519102981000
1519102982000
1519102983000
1519102984000
1519102985000
1519102986000
1519102987000
1519102988000
1519102989000
1519102990000
1519102991000
1519102992000
1519102993000
1519102994000
1519102995000
1519102996000
1519102997000
1519102998000
1519102999000
1519103000000
1519103001000
1519103002000
1519103003000
1519103004000
1519103005000
1519103006000
1519103007000
1519103008000
1519103009000
1519103010000
1519103011000
1519103012000
1519103013000
1519103014000
1519103015000
1519103016000
1519103017000
1519103018000
1519103019000
1519103020000
1519103021000
1519103022000
1519103023000
1519103024000
1519103025000
1519103026000
1519103027000
1519103028000
1519103029000
1519103030000
1519103031000
1519103032000
1519103033000
1519103034000
1519103035000
1519103036000
1519103037000
1519103038000
1519103039000
1519103040000
1519103041000
1519103042000
1519103043000
1519103044000
1519103045000
1519103046000
1519103047000
1519103048000
1519103049000
1519103050000
1519103051000
1519103052000
1519103053000
1519103054000
1519103055000
1519103056000
1519103057000
1519103058000
1519103059000
1519103060000
1519103061000
1519103062000
1519103063000
1519103064000
1519103065000
1519103066000
1519103067000
1519103068000
1519103069000
1519103070000
1519103071000
1519103072000
1519103073000
1519103074000
1519103075000
1519103076000
1519103077000
1519103078000
1519103079000
1519103080000
1519103081000
1519103082000
1519103083000
1519103084000
1519103085000
1519103086000
1519103087000
1519103088000
1519103089000
1519103090000
1519103091000
1519103092000
1519103093000
1519103094000
1519103095000
1519103096000
1519103097000
1519103098000
1519103099000
1519103100000
1519103101000
1519103102000
1519103103000
1519103104000
1519103105000
1519103106000
1519103107000
1519103108000
1519103109000
1519103110000
1519103111000
1519103112002
1519103113000
1519103114000
1519103115000
1519103116000
1519103117000
1519103118000
1519103119000
1519103120000
1519103121000
1519103122000
1519103123000
1519103124000
1519103125000
1519103126000
1519103127000
1519103128000
1519103129000
1519103130000
1519103131000
1519103132000
1519103133000
1519103134000
1519103135000
1519103136000
1519103137000
1519103138000
1519103139000
1519103140000
1519103141000
1519103142000
1519103143000
1519103144000
1519103145000
1519103146000
1519103147000
1519103148000
1519103149000
1519103150000
1519103151000
1519103152000
1519103153000
1519103154000
1519103155000
1519103156000
1519103157000
1519103158000
1519103159000
1519103160000
1519103161000
1519103162000
1519103163000
1519103164000
1519103165000
1519103166000
1519103167000
1519103168000
1519103169000
1519103170000
1519103171000
1519103172000
1519103173000
1519103174000
1519103175000
1519103176000
1519103177000
1519103178000
1519103179000
1519103180000
1519103181000
1519103182000
1519103183000
1519103184000
1519103185000
1519103186000
1519103187000
1519103188000
1519103189000
1519103190000
1519103191000
1519103192000
1519103193000
1519103194000
1519103195000
1519103196000
1519103197000
1519103198000
1519103199000
1519103200000
1519103201000
1519103202000
1519103203000
1519103204000
1519103205000
1519103206000
1519103207000
1519103208000
1519103209000
1519103210000
1519103211000
1519103212000
1519103213000
1519103214000
1519103215000
1519103216000
1519103217000
1519103218000
1519103219000
1519103220000
1519103221000
1519103222000
1519103223000
1519103224000
1519103225000
1519103226000
1519103227000
1519103228000
1519103229000
1519103230000
1519103231000
1519103232000
1519103233000
1519103234000
1519103235000
1519103236000
1519103237000
1519103238000
1519103239000
1519103240000
1519103241000
1519103242000
1519103243000
1519103244000
1519103245000
1519103246000
1519103247000
1519103248000
1519103249000
1519103250000
1519103251000
1519103252000
1519103253000
1519103254000
1519103255000
1519103256000
1519103257000
1519103258000
1519103259000
1519103260000
1519103261000
1519103262000
1519103263000
1519103264000
1519103265000
1519103266000
1519103267000
1519103268000
1519103269000
1519103270000
1519103271000
1519103272000
1519103273000
1519103274000
1519103275000
1519103276000
1519103277000
1519103278000
1519103279000
1519103280000
1519103281000
1519103282000
1519103283000
1519103284000
1519103285000
1519103286000
1519103287000
1519103288000
1519103289000
1519103290000
1519103291000
1519103292000
1519103293000
1519103294000
1519103295000
1519103296000
1519103297000
1519103298000
1519103299000
1519103300000
1519103301000
1519103302000
1519103303000
1519103304000
1519103305000
1519103306000
1519103307000
1519103308000
1519103309000
1519103310000
1519103311000
1519103312000
1519103313000
1519103314000
1519103315000
1519103316000
1519103317000
1519103318000
1519103319000
1519103320000
1519103321000
1519103322000
1519103323000
1519103324000
1519103325000
1519103326000
1519103327000
1519103328000
1519103329000
1519103330000
1519103331000
1519103332000
1519103333000
1519103334000
1519103335000
1519103336000
1519103337000
1519103338000
1519103339000
1519103340000
1519103341000
1519103342000
1519103343000
1519103344000
1519103345000
1519103346000
1519103347000
1519103348000
1519103349000
1519103350000
1519103351000
1519103352000
1519103353000
1519103354000
1519103355000
1519103356000
1519103357000
1519103358000
1519103359000
1519103360000
1519103361000
1519103362000
1519103363000
1519103364000
1519103365000
1519103366000
1519103367000
1519103368000
1519103369000
1519103370000
1519103371000
1519103372000
1519103373000
1519103374000
1519103375000
1519103376000
1519103377000
1519103378000
1519103379000
1519103380000
1519103381000
1519103382000
1519103383000
1519103384000
1519103385000
1519103386000
1519103387000
1519103388000
1519103389000
1519103390000
1519103391000
1519103392000
1519103393000
1519103394000
1519103395000
1519103396000
1519103397000
1519103398000
1519103399000
1519103400000
1519103401000
1519103402000
1519103403000
1519103404000
1519103405000
1519103406000
1519103407000
1519103408000
1519103409000
1519103410000
1519103411000
1519103412000
1519103413000
1519103414000
1519103415000
1519103416000
1519103417000
1519103418000
1519103419000
1519103420000
1519103421000
1519103422000
1519103423000
1519103424000
1519103425000
1519103426000
1519103427000
1519103428000
1519103429000
1519103430000
1519103431000
1519103432000
1519103433000
1519103434000
1519103435000
1519103436000
1519103437000
1519103438000
1519103439000
1519103440000
1519103441000
1519103442000
1519103443000
1519103444000
1519103445000
1519103446000
1519103447000
1519103448000
1519103449000
1519103450000
1519103451000
1519103452000
1519103453000
1519103454000
1519103455000
1519103456000
1519103457000
1519103458000
1519103459000
1519103460000
1519103461000
1519103462000
1519103463000
1519103464000
1519103465000
1519103466000
1519103467000
1519103468000
1519103469000
1519103470000
1519103471000
1519103472000
1519103473000
1519103474000
1519103475000
1519103476000
1519103477000
1519103478000
1519103479000
1519103480000
1519103481000
1519103482000
1519103483000
1519103484000
1519103485000
1519103486000
1519103487000
1519103488000
1519103489000
1519103490000
1519103491000
1519103492000
1519103493000
1519103494000
1519103495000
1519103496000
1519103497000
1519103498000
1519103499000
1519103500000
1519103501000
1519103502000
1519103503000
1519103504000
1519103505000
1519103506000
1519103507000
1519103508000
1519103509000
1519103510000
1519103511000
1519103512000
1519103513000
1519103514000
1519103515000
1519103516000
1519103517000
1519103518000
1519103519000
1519103520000
1519103521000
1519103522000
1519103523000
1519103524000
1519103525000
1519103526000
1519103527000
1519103528000
1519103529000
1519103530000
1519103531000
1519103532000
1519103533000
1519103534000
1519103535000
1519103536000
1519103537000
1519103538000
1519103539000
1519103540000
1519103541000
1519103542000
1519103543000
1519103544000
1519103545000
1519103546000
1519103547000
1519103548000
1519103549000
1519103550000
1519103551000
1519103552000
1519103553000
1519103554000
1519103555000
1519103556000
1519103557000
1519103558000
1519103559000
1519103560000
1519103561000
1519103562000
1519103563000
1519103564000
1519103565000
1519103566000
1519103567000
1519103568000
1519103569000
1519103570000
1519103571000
1519103572000
1519103573000
1519103574000
1519103575000
1519103576000
1519103577000
1519103578000
1519103579000
1519103580000
1519103581000
1519103582000
1519103583000
1519103584000
1519103585000
1519103586000
1519103587000
1519103588000
1519103589000
1519103590000
1519103591000
1519103592000
1519103593000
1519103594000
1519103595000
1519103596000
1519103597000
1519103598000
1519103599000
1519103600000
1519103601000
1519103602000
1519103603000
1519103604000
1519103605000
1519103606000
1519103607000
1519103608000
1519103609000
1519103610000
1519103611000
1519103612000
1519103613000
1519103614000
1519103615000
1519103616000
1519103617000
1519103618000
1519103619000
1519103620000
1519103621000
1519103622000
1519103623000
1519103624000
1519103625000
1519103626000
1519103627000
1519103628000
1519103629000
1519103630000
1519103631000
1519103632000
1519103633000
1519103634000
1519103635000
1519103636000
1519103637000
1519103638000
1519103639000
1519103640000
1519103641000
1519103642000
1519103643000
1519103644000
1519103645000
1519103646000
1519103647000
1519103648000
1519103649000
1519103650000
1519103651000
1519103652000
1519103653000
1519103654000
1519103655000
1519103656000
1519103657000
1519103658000
1519103659000
1519103660000
1519103661000
1519103662000
1519103663000
1519103664000
1519103665000
1519103666000
1519103667000
1519103668000
1519103669000
1519103670000
1519103671000
1519103672000
1519103673000
1519103674000
1519103675000
1519103676000
1519103677000
1519103678000
1519103679000
1519103680000
1519103681000
1519103682000
1519103683000
1519103684000
1519103685000
1519103686000
1519103687000
1519103688000
1519103689000
1519103690000
1519103691000
1519103692000
1519103693000
1519103694000
1519103695000
1519103696000
1519103697000
1519103698000
1519103699000
1519103700000
1519103701000
1519103702000
1519103703000
1519103704000
1519103705000
1519103706000
1519103707000
1519103708000
1519103709000
1519103710000
1519103711000
1519103712000
1519103713000
1519103714000
1519103715000
1519103716000
1519103717000
1519103718000
1519103719000
1519103720000
1519103721000
1519103722000
1519103723000
1519103724000
1519103725000
1519103726000
1519103727000
1519103728000
1519103729000
1519103730000
1519103731000
1519103732000
1519103733000
1519103734000
1519103735000
1519103736000
1519103737000
1519103738000
1519103739000
1519103740000
1519103741000
1519103742000
1519103743000
1519103744000
1519103745000
1519103746000
1519103747000
1519103748000
1519103749000
1519103750000
1519103751000
1519103752000
1519103753000
1519103754000
1519103755000
1519103756000
1519103757000
1519103758000
1519103759000
1519103760000
1519103761000
1519103762000
1519103763000
1519103764000
1519103765000
1519103766000
1519103767000
1519103768000
1519103769000
1519103770000
1519103771000
1519103772000
1519103773000
1519103774000
1519103775000
1519103776000
1519103777000
1519103778000
1519103779000
1519103780000
1519103781000
1519103782000
1519103783000
1519103784000
1519103785000
1519103786000
1519103787000
1519103788000
1519103789000
1519103790000
1519103791000
1519103792000
1519103793000
1519103794000
1519103795000
1519103796000
1519103797000
1519103798000
1519103799000
1519103800000
1519103801000
1519103802000
1519103803000
1519103804000
1519103805000
1519103806000
1519103807000
1519103808000
1519103809000
1519103810000
1519103811000
1519103812000
1519103813000
1519103814000
1519103815000
1519103816000
1519103817000
1519103818000
1519103819000
1519103820000
1519103821000
1519103822000
1519103823000
1519103824000
1519103825000
1519103826000
1519103827000
1519103828000
1519103829000
1519103830000
1519103831000
1519103832000
1519103833000
1519103834000
1519103835000
1519103836000
1519103837000
1519103838000
1519103839000
1519103840000
1519103841000
1519103842000
1519103843000
1519103844000
1519103845000
1519103846000
1519103847000
1519103848000
1519103849000
1519103850000
1519103851000
1519103852000
1519103853000
1519103854000
1519103855000
1519103856000
1519103857000
1519103858000
1519103859000
1519103860000
1519103861000
1519103862000
1519103863000
1519103864000
1519103865000
1519103866000
1519103867000
1519103868000
1519103869000
1519103870000
1519103871000
1519103872000
1519103873000
1519103874000
1519103875000
1519103876000
1519103877000
1519103878000
1519103879000
1519103880000
1519103881000
1519103882000
1519103883000
1519103884000
1519103885000
1519103886000
1519103887000
1519103888000
1519103889000
1519103890000
1519103891000
1519103892000
1519103893000
1519103894000
1519103895000
1519103896000
1519103897000
1519103898000
1519103899000
1519103900000
1519103901000
1519103902000
1519103903000
1519103904000
1519103905000
1519103906000
1519103907000
1519103908000
1519103909000
1519103910000
1519103911000
1519103912000
1519103913000
1519103914000
1519103915000
1519103916000
1519103917000
1519103918000
1519103919000
1519103920000
1519103921000
1519103922000
1519103923000
1519103924000
1519103925000
1519103926000
1519103927000
1519103928000
1519103929000
1519103930000
1519103931000
1519103932000
1519103933000
1519103934000
1519103935000
1519103936000
1519103937000
1519103938000
1519103939000
1519103940000
1519103941000
1519103942000
1519103943000
1519103944000
1519103945000
1519103946000
1519103947000
1519103948000
1519103949000
1519103950000
1519103951000
1519103952000
1519103953000
1519103954000
1519103955000
1519103956000
1519103957000
1519103958000
1519103959000
1519103960000
1519103961000
1519103962000
1519103963000
1519103964000
1519103965000
1519103966000
1519103967000
1519103968000
1519103969000
1519103970000
1519103971000
1519103972000
1519103973000
1519103974000
1519103975000
1519103976000
1519103977000
1519103978000
1519103979000
1519103980000
1519103981000
1519103982000
1519103983000
1519103984000
1519103985000
1519103986000
1519103987000
1519103988000
1519103989000
1519103990000
1519103991000
1519103992000
1519103993000
1519103994000
1519103995000
1519103996000
1519103997000
1519103998000
1519103999000
1519104000000
1519104001000
1519104002000
1519104003000
1519104004000
1519104005000
1519104006000
1519104007000
1519104008000
1519104009000
1519104010000
1519104011000
1519104012000
1519104013000
1519104014000
1519104015000
1519104016000
1519104017000
1519104018000
1519104019000
1519104020000
1519104021000
1519104022000
1519104023000
1519104024000
1519104025000
1519104026000
1519104027000
1519104028000
1519104029000
1519104030000
1519104031000
1519104032000
1519104033000
1519104034000
1519104035000
1519104036000
1519104037000
1519104038000
1519104039000
1519104040000
1519104041000
1519104042000
1519104043000
1519104044000
1519104045000
1519104046000
1519104047000
1519104048000
1519104049000
1519104050000
1519104051000
1519104052000
1519104053000
1519104054000
1519104055000
1519104056000
1519104057000
1519104058000
1519104059000
1519104060000
1519104061000
1519104062000
1519104063000
1519104064000
1519104065000
1519104066000
1519104067000
1519104068000
1519104069000
1519104070000
1519104071000
1519104072000
1519104073000
1519104074000
1519104075000
1519104076000
1519104077000
1519104078000
1519104079000
1519104080000
1519104081000
1519104082000
1519104083000
1519104084000
1519104085000
1519104086000
1519104087000
1519104088000
1519104089000
1519104090000
1519104091000
1519104092000
1519104093000
1519104094000
1519104095000
1519104096000
1519104097000
1519104098000
1519104099000
1519104100000
1519104101000
1519104102000
1519104103000
1519104104000
1519104105000
1519104106000
1519104107000
1519104108000
1519104109000
1519104110000
1519104111000
1519104112000
1519104113000
1519104114000
1519104115000
1519104116000
1519104117000
1519104118000
1519104119000
1519104120000
1519104121000
1519104122000
1519104123000
1519104124000
1519104125000
1519104126000
1519104127000
1519104128000
1519104129000
1519104130000
1519104131000
1519104132000
1519104133000
1519104134000
1519104135000
1519104136000
1519104137000
1519104138000
1519104139000
1519104140000
1519104141000
1519104142000
1519104143000
1519104144000
1519104145000
1519104146000
1519104147000
1519104148000
1519104149000
1519104150000
1519104151000
1519104152000
1519104153000
1519104154000
1519104155000
1519104156000
1519104157000
1519104158000
1519104159000
1519104160000
1519104161000
1519104162000
1519104163000
1519104164000
1519104165000
1519104166000
1519104167000
1519104168000
1519104169000
1519104170000
1519104171000
1519104172000
1519104173000
1519104174000
1519104175000
1519104176000
1519104177000
1519104178000
1519104179000
1519104180000
1519104181000
1519104182000
1519104183000
1519104184000
1519104185000
1519104186000
1519104187000
1519104188000
1519104189000
1519104190000
1519104191000
1519104192000
1519104193000
1519104194000
1519104195000
1519104196000
1519104197000
1519104198000
1519104199000
1519104200000
1519104201000
1519104202000
1519104203000
1519104204000
1519104205000
1519104206000
1519104207000
1519104208000
1519104209000
1519104210000
1519104211000
1519104212000
1519104213000
1519104214000
1519104215000
1519104216000
1519104217000
1519104218000
1519104219000
1519104220000
1519104221000
1519104222000
1519104223000
1519104224000
1519104225000
1519104226000
1519104227000
1519104228000
1519104229000
1519104230000
1519104231000
1519104232000
1519104233000
1519104234000
1519104235000
1519104236000
1519104237000
1519104238000
1519104239000
1519104240000
1519104241000
1519104242000
1519104243000
1519104244000
1519104245000
1519104246000
1519104247000
1519104248000
1519104249000
1519104250000
1519104251000
1519104252000
1519104253000
1519104254000
1519104255000
1519104256000
1519104257000
1519104258000
1519104259000
1519104260000
1519104261000
1519104262000
1519104263000
1519104264000
1519104265000
1519104266000
1519104267000
1519104268000
1519104269000
1519104270000
1519104271000
1519104272000
1519104273000
1519104274000
1519104275000
1519104276000
1519104277000
1519104278000
1519104279000
1519104280000
1519104281000
1519104282000
1519104283000
1519104284000
1519104285000
1519104286000
1519104287000
1519104288000
1519104289000
1519104290000
1519104291000
1519104292000
1519104293000
1519104294000
1519104295000
1519104296000
1519104297000
1519104298000
1519104299000
1519104300000
1519104301000
1519104302000
1519104303000
1519104304000
1519104305000
1519104306000
1519104307000
1519104308000
1519104309000
1519104310000
1519104311000
1519104312000
1519104313000
1519104314000
1519104315000
1519104316000
1519104317000
1519104318000
1519104319000
1519104320000
1519104321000
1519104322000
1519104323000
1519104324000
1519104325000
1519104326000
1519104327000
1519104328000
1519104329000
1519104330000
1519104331000
1519104332000
1519104333000
1519104334000
1519104335000
1519104336000
1519104337000
1519104338000
1519104339000
1519104340000
1519104341000
1519104342000
1519104343000
1519104344000
1519104345000
1519104346000
1519104347000
1519104348000
1519104349000
1519104350000
1519104351000
1519104352000
1519104353000
1519104354000
1519104355000
1519104356000
1519104357000
1519104358000
1519104359000
1519104360000
1519104361000
1519104362000
1519104363000
1519104364000
1519104365000
1519104366000
1519104367000
1519104368000
1519104369000
1519104370000
1519104371000
1519104372000
1519104373000
1519104374000
1519104375000
1519104376000
1519104377000
1519104378000
1519104379000
1519104380000
1519104381000
1519104382000
1519104383000
1519104384000
1519104385000
1519104386000
1519104387000
1519104388000
1519104389000
1519104390000
1519104391000
1519104392000
1519104393000
1519104394000
1519104395000
1519104396000
1519104397000
1519104398000
1519104399000
1519104400000
1519104401000
1519104402000
1519104403000
1519104404000
1519104405000
1519104406000
1519104407000
1519104408000
1519104409000
1519104410000
1519104411000
1519104412000
1519104413000
1519104414000
1519104415000
1519104416000
1519104417000
1519104418000
1519104419000
1519104420000
1519104421000
1519104422000
1519104423000
1519104424000
1519104425000
1519104426000
1519104427000
1519104428000
1519104429000
1519104430000
1519104431000
1519104432000
1519104433000
1519104434000
1519104435000
1519104436000
1519104437000
1519104438000
1519104439000
1519104440000
1519104441000
1519104442000
1519104443000
1519104444000
1519104445000
1519104446000
1519104447000
1519104448000
1519104449000
1519104450000
1519104451000
1519104452000
1519104453000
1519104454000
1519104455000
1519104456000
1519104457000
1519104458000
1519104459000
1519104460000
1519104461000
1519104462000
1519104463000
1519104464000
1519104465000
1519104466000
1519104467000
1519104468000
1519104469000
1519104470000
1519104471000
1519104472000
1519104473000
1519104474000
1519104475000
1519104476000
1519104477000
1519104478000
1519104479000
1519104480000
1519104481000
1519104482000
1519104483000
1519104484000
1519104485000
1519104486000
1519104487000
1519104488000
1519104489000
1519104490000
1519104491000
1519104492000
1519104493000
1519104494000
1519104495000
1519104496000
1519104497000
1519104498000
1519104499000
1519104500000
1519104501000
1519104502000
1519104503000
1519104504000
1519104505000
1519104506000
1519104507000
1519104508000
1519104509000
1519104510000
1519104511000
1519104512000
1519104513000
1519104514000
1519104515000
1519104516000
1519104517000
1519104518000
1519104519000
1519104520000
1519104521000
1519104522000
1519104523000
1519104524000
1519104525000
1519104526000
1519104527000
1519104528000
1519104529000
1519104530000
1519104531000
1519104532000
1519104533000
1519104534000
1519104535000
1519104536000
1519104537000
1519104538000
1519104539000
1519104540000
1519104541000
1519104542000
1519104543000
1519104544000
1519104545000
1519104546000
1519104547000
1519104548000
1519104549000
1519104550000
1519104551000
1519104552000
1519104553000
1519104554000
1519104555000
1519104556000
1519104557000
1519104558000
1519104559000
1519104560000
1519104561000
1519104562000
1519104563000
1519104564000
1519104565000
1519104566000
1519104567000
1519104568000
1519104569000
1519104570000
1519104571000
1519104572000
1519104573000
1519104574000
1519104575000
1519104576000
1519104577000
1519104578000
1519104579000
1519104580000
1519104581000
1519104582000
1519104583000
1519104584000
1519104585000
1519104586000
1519104587000
1519104588000
1519104589000
1519104590000
1519104591000
1519104592000
1519104593000
1519104594000
1519104595000
1519104596000
1519104597000
1519104598000
1519104599000
1519104600000
1519104601000
1519104602000
1519104603000
1519104604000
1519104605000
1519104606000
1519104607000
1519104608000
1519104609000
1519104610000
1519104611000
1519104612000
1519104613000
1519104614000
1519104615000
1519104616000
1519104617000
1519104618000
1519104619000
1519104620000
1519104621000
1519104622000
1519104623000
1519104624000
1519104625000
1519104626000
1519104627000
1519104628000
1519104629000
1519104630000
1519104631000
1519104632000
1519104633000
1519104634000
1519104635000
1519104636000
1519104637000
1519104638000
1519104639000
1519104640000
1519104641000
1519104642000
1519104643000
1519104644000
1519104645000
1519104646000
1519104647000
1519104648000
1519104649000
1519104650000
1519104651000
1519104652000
1519104653000
1519104654000
1519104655000
1519104656000
1519104657000
1519104658000
1519104659000
1519104660000
1519104661000
1519104662000
1519104663000
1519104664000
1519104665000
1519104666000
1519104667000
1519104668000
1519104669000
1519104670000
1519104671000
1519104672000
1519104673000
1519104674000
1519104675000
1519104676000
1519104677000
1519104678000
1519104679000
1519104680000
1519104681000
1519104682000
1519104683000
1519104684000
1519104685000
1519104686000
1519104687000
1519104688000
1519104689000
1519104690000
1519104691000
1519104692000
1519104693000
1519104694000
1519104695000
1519104696000
1519104697000
1519104698000
1519104699000
1519104700000
1519104701000
1519104702000
1519104703000
1519104704000
1519104705000
1519104706000
1519104707000
1519104708000
1519104709000
1519104710000
1519104711000
1519104712000
1519104713000
1519104714000
1519104715000
1519104716000
1519104717000
1519104718000
1519104719000
1519104720000
1519104721000
1519104722000
1519104723000
1519104724000
1519104725000
1519104726000
1519104727000
1519104728000
1519104729000
1519104730000
1519104731000
1519104732000
1519104733000
1519104734000
1519104735000
1519104736000
1519104737000
1519104738000
1519104739000
1519104740000
1519104741000
1519104742000
1519104743000
1519104744000
1519104745000
1519104746000
1519104747000
1519104748000
1519104749000
1519104750000
1519104751000
1519104752000
1519104753000
1519104754000
1519104755000
1519104756000
1519104757000
1519104758000
1519104759000
1519104760000
1519104761000
1519104762000
1519104763000
1519104764000
1519104765000
1519104766000
1519104767000
1519104768000
1519104769000
1519104770000
1519104771000
1519104772000
1519104773000
1519104774000
1519104775000
1519104776000
1519104777000
1519104778000
1519104779000
1519104780000
1519104781000
1519104782000
1519104783000
1519104784000
1519104785000
1519104786000
1519104787000
1519104788000
1519104789000
1519104790000
1519104791000
1519104792000
1519104793000
1519104794000
1519104795000
1519104796000
1519104797000
1519104798000
1519104799000
1519104800000
1519104801000
1519104802000
1519104803000
1519104804000
1519104805000
1519104806000
1519104807000
1519104808000
1519104809000
1519104810000
1519104811000
1519104812000
1519104813000
1519104814000
1519104815000
1519104816000
1519104817000
1519104818000
1519104819000
1519104820000
1519104821000
1519104822000
1519104823000
1519104824000
1519104825000
1519104826000
1519104827000
1519104828000
1519104829000
1519104830000
1519104831000
1519104832000
1519104833000
1519104834000
1519104835000
1519104836000
1519104837000
1519104838000
1519104839000
1519104840000
1519104841000
1519104842000
1519104843000
1519104844000
1519104845000
1519104846000
1519104847000
1519104848000
1519104849000
1519104850000
1519104851000
1519104852000
1519104853000
1519104854000
1519104855000
1519104856000
1519104857000
1519104858000
1519104859000
1519104860000
1519104861000
1519104862000
1519104863000
1519104864000
1519104865000
1519104866000
1519104867000
1519104868000
1519104869000
1519104870000
1519104871000
1519104872000
1519104873000
1519104874000
1519104875000
1519104876000
1519104877000
1519104878000
1519104879000
1519104880000
1519104881000
1519104882000
1519104883000
1519104884000
1519104885000
1519104886000
1519104887000
1519104888000
1519104889000
1519104890000
1519104891000
1519104892000
1519104893000
1519104894000
1519104895000
1519104896000
1519104897000
1519104898000
1519104899000
1519104900000
1519104901000
1519104902000
1519104903000
1519104904000
1519104905000
1519104906000
1519104907000
1519104908000
1519104909000
1519104910000
1519104911000
1519104912000
1519104913000
1519104914000
1519104915000
1519104916000
1519104917000
1519104918000
1519104919000
1519104920000
1519104921000
1519104922000
1519104923000
1519104924000
1519104925000
1519104926000
1519104927000
1519104928000
1519104929000
1519104930000
1519104931000
1519104932000
1519104933000
1519104934000
1519104935000
1519104936000
1519104937000
1519104938000
1519104939000
1519104940000
1519104941000
1519104942000
1519104943000
1519104944000
1519104945000
1519104946000
1519104947000
1519104948000
1519104949000
1519104950000
1519104951000
1519104952000
1519104953000
1519104954000
1519104955000
1519104956000
1519104957000
1519104958000
1519104959000
1519104960000
1519104961000
1519104962000
1519104963000
1519104964000
1519104965000
1519104966000
1519104967000
1519104968000
1519104969000
1519104970000
1519104971000
1519104972000
1519104973000
1519104974000
1519104975000
1519104976000
1519104977000
1519104978000
1519104979000
1519104980000
1519104981000
1519104982000
1519104983000
1519104984000
1519104985000
1519104986000
1519104987000
1519104988000
1519104989000
1519104990000
1519104991000
1519104992000
1519104993000
1519104994000
1519104995000
1519104996000
1519104997000
1519104998000
1519104999000
1519105000000
1519105001000
1519105002000
1519105003000
1519105004000
1519105005000
1519105006000
1519105007000
1519105008000
1519105009000
1519105010000
1519105011000
1519105012000
1519105013000
1519105014000
1519105015000
1519105016000
1519105017000
1519105018000
1519105019000
1519105020000
1519105021000
1519105022000
1519105023000
1519105024000
1519105025000
1519105026000
1519105027000
1519105028000
1519105029000
1519105030000
1519105031000
1519105032000
1519105033000
1519105034000
1519105035000
1519105036000
1519105037000
1519105038000
1519105039000
1519105040000
1519105041000
1519105042000
1519105043000
1519105044000
1519105045000
1519105046000
1519105047000
1519105048000
1519105049000
1519105050000
1519105051000
1519105052000
1519105053000
1519105054000
1519105055000
1519105056000
1519105057000
1519105058000
1519105059000
1519105060000
1519105061000
1519105062000
1519105063000
1519105064000
1519105065000
1519105066000
1519105067000
1519105068000
1519105069000
1519105070000
1519105071000
1519105072000
1519105073000
1519105074000
1519105075000
1519105076000
1519105077000
1519105078000
1519105079000
1519105080000
1519105081000
1519105082000
1519105083000
1519105084000
1519105085000
1519105086000
1519105087000
1519105088000
1519105089000
1519105090000
1519105091000
1519105092000
1519105093000
1519105094000
1519105095000
1519105096000
1519105097000
1519105098000
1519105099000
1519105100000
1519105101000
1519105102000
1519105103000
1519105104000
1519105105000
1519105106000
1519105107000
1519105108000
1519105109000
1519105110000
1519105111000
1519105112000
1519105113000
1519105114000
1519105115000
1519105116000
1519105117000
1519105118000
1519105119000
1519105120000
1519105121000
1519105122000
1519105123000
1519105124000
1519105125000
1519105126000
1519105127000
1519105128000
1519105129000
1519105130000
1519105131000
1519105132000
1519105133000
1519105134000
1519105135000
1519105136000
1519105137000
1519105138000
1519105139000
1519105140000
1519105141000
1519105142000
1519105143000
1519105144000
1519105145000
1519105146000
1519105147000
1519105148000
1519105149000
1519105150000
1519105151000
1519105152000
1519105153000
1519105154000
1519105155000
1519105156000
1519105157000
1519105158000
1519105159000
1519105160000
1519105161000
1519105162000
1519105163000
1519105164000
1519105165000
1519105166000
1519105167000
1519105168000
1519105169000
1519105170000
1519105171000
1519105172000
1519105173000
1519105174000
1519105175000
1519105176000
1519105177000
1519105178000
1519105179000
1519105180000
1519105181000
1519105182000
1519105183000
1519105184000
1519105185000
1519105186000
1519105187000
1519105188000
1519105189000
1519105190000
1519105191000
1519105192000
1519105193000
1519105194000
1519105195000
1519105196000
1519105197000
1519105198000
1519105199000
1519105200000
1519105201000
1519105202000
1519105203000
1519105204000
1519105205000
1519105206000
1519105207000
1519105208000
1519105209000
1519105210000
1519105211000
1519105212000
1519105213000
1519105214000
1519105215000
1519105216000
1519105217000
1519105218000
1519105219000
1519105220000
1519105221000
1519105222000
1519105223000
1519105224000
1519105225000
1519105226000
1519105227000
1519105228000
1519105229000
1519105230000
1519105231000
1519105232000
1519105233000
1519105234000
1519105235000
1519105236000
1519105237000
1519105238000
1519105239000
1519105240000
1519105241000
1519105242000
1519105243000
1519105244000
1519105245000
1519105246000
1519105247000
1519105248000
1519105249000
1519105250000
1519105251000
1519105252000
1519105253000
1519105254000
1519105255000
1519105256000
1519105257000
1519105258000
1519105259000
1519105260000
1519105261000
1519105262000
1519105263000
1519105264000
1519105265000
1519105266000
1519105267000
1519105268000
1519105269000
1519105270000
1519105271000
1519105272000
1519105273000
1519105274000
1519105275000
1519105276000
1519105277000
1519105278000
1519105279000
1519105280000
1519105281000
1519105282000
1519105283000
1519105284000
1519105285000
1519105286000
1519105287000
1519105288000
1519105289000
1519105290000
1519105291000
1519105292000
1519105293000
1519105294000
1519105295000
1519105296000
1519105297000
1519105298000
1519105299000
1519105300000
1519105301000
1519105302000
1519105303000
1519105304000
1519105305000
1519105306000
1519105307000
1519105308000
1519105309000
1519105310000
1519105311000
1519105312000
1519105313000
1519105314000
1519105315000
1519105316000
1519105317000
1519105318000
1519105319000
1519105320000
1519105321000
1519105322000
1519105323000
1519105324000
1519105325000
1519105326000
1519105327000
1519105328000
1519105329000
1519105330000
1519105331000
1519105332000
1519105333000
1519105334000
1519105335000
1519105336000
1519105337000
1519105338000
1519105339000
1519105340000
1519105341000
1519105342000
1519105343000
1519105344000
1519105345000
1519105346000
1519105347000
1519105348000
1519105349000
1519105350000
1519105351000
1519105352000
1519105353000
1519105354000
1519105355000
1519105356000
1519105357000
1519105358000
1519105359000
1519105360000
1519105361000
1519105362000
1519105363000
1519105364000
1519105365000
1519105366000
1519105367000
1519105368000
1519105369000
1519105370000
1519105371000
1519105372000
1519105373000
1519105374000
1519105375000
1519105376000
1519105377000
1519105378000
1519105379000
1519105380000
1519105381000
1519105382000
1519105383000
1519105384000
1519105385000
1519105386000
1519105387000
1519105388000
1519105389000
1519105390000
1519105391000
1519105392000
1519105393000
1519105394000
1519105395000
1519105396000
1519105397000
1519105398000
1519105399000
1519105400000
1519105401000
1519105402000
1519105403000
1519105404000
1519105405000
1519105406000
1519105407000
1519105408000
1519105409000
1519105410000
1519105411000
1519105412000
1519105413000
1519105414000
1519105415000
1519105416000
1519105417000
1519105418000
1519105419000
1519105420000
1519105421000
1519105422000
1519105423000
1519105424000
1519105425000
1519105426000
1519105427000
1519105428000
1519105429000
1519105430000
1519105431000
1519105432000
1519105433000
1519105434000
1519105435000
1519105436000
1519105437000
1519105438000
1519105439000
1519105440000
1519105441000
1519105442000
1519105443000
1519105444000
1519105445000
1519105446000
1519105447000
1519105448000
1519105449000
1519105450000
1519105451000
1519105452000
1519105453000
1519105454000
1519105455000
1519105456000
1519105457000
1519105458000
1519105459000
1519105460000
1519105461000
1519105462000
1519105463000
1519105464000
1519105465000
1519105466000
1519105467000
1519105468000
1519105469000
1519105470000
1519105471000
1519105472000
1519105473000
1519105474000
1519105475000
1519105476000
1519105477000
1519105478000
1519105479000
1519105480000
1519105481000
1519105482000
1519105483000
1519105484000
1519105485000
1519105486000
1519105487000
1519105488000
1519105489000
1519105490000
1519105491000
1519105492000
1519105493000
1519105494000
1519105495000
1519105496000
1519105497000
1519105498000
1519105499000
1519105500000
1519105501000
1519105502000
1519105503000
1519105504000
1519105505000
1519105506000
1519105507000
1519105508000
1519105509000
1519105510000
1519105511000
1519105512000
1519105513000
1519105514000
1519105515000
1519105516000
1519105517000
1519105518000
1519105519000
1519105520000
1519105521000
1519105522000
1519105523000
1519105524000
1519105525000
1519105526000
1519105527000
1519105528000
1519105529000
1519105530000
1519105531000
1519105532000
1519105533000
1519105534000
1519105535000
1519105536000
1519105537000
1519105538000
1519105539000
1519105540000
1519105541000
1519105542000
1519105543000
1519105544000
1519105545000
1519105546000
1519105547000
1519105548000
1519105549000
1519105550000
1519105551000
1519105552000
1519105553000
1519105554000
1519105555000
1519105556000
1519105557000
1519105558000
1519105559000
1519105560000
1519105561000
1519105562000
1519105563000
1519105564000
1519105565000
1519105566000
1519105567000
1519105568000
1519105569000
1519105570000
1519105571000
1519105572000
1519105573000
1519105574000
1519105575000
1519105576000
1519105577000
1519105578000
1519105579000
1519105580000
1519105581000
1519105582000
1519105583000
1519105584000
1519105585000
1519105586000
1519105587000
1519105588000
1519105589000
1519105590000
1519105591000
1519105592000
1519105593000
1519105594000
1519105595000
1519105596000
1519105597000
1519105598000
1519105599000
1519105600000
1519105601000
1519105602000
1519105603000
1519105604000
1519105605000
1519105606000
1519105607000
1519105608000
1519105609000
1519105610000
1519105611000
1519105612000
1519105613000
1519105614000
1519105615000
1519105616000
1519105617000
1519105618000
1519105619000
1519105620000
1519105621000
1519105622000
1519105623000
1519105624000
1519105625000
1519105626000
1519105627000
1519105628000
1519105629000
1519105630000
1519105631000
1519105632000
1519105633000
1519105634000
1519105635000
1519105636000
1519105637000
1519105638000
1519105639000
1519105640000
1519105641000
1519105642000
1519105643000
1519105644000
1519105645000
1519105646000
1519105647000
1519105648000
1519105649000
1519105650000
1519105651000
1519105652000
1519105653000
1519105654000
1519105655000
1519105656000
1519105657000
1519105658000
1519105659000
1519105660000
1519105661000
1519105662000
1519105663000
1519105664000
1519105665000
1519105666000
1519105667000
1519105668000
1519105669000
1519105670000
1519105671000
1519105672000
1519105673000
1519105674000
1519105675000
1519105676000
1519105677000
1519105678000
1519105679000
1519105680000
1519105681000
1519105682000
1519105683000
1519105684000
1519105685000
1519105686000
1519105687000
1519105688000
1519105689000
1519105690000
1519105691000
1519105692000
1519105693000
1519105694000
1519105695000
1519105696000
1519105697000
1519105698000
1519105699000
1519105700000
1519105701000
1519105702000
1519105703000
1519105704000
1519105705000
1519105706000
1519105707000
1519105708000
1519105709000
1519105710000
1519105711000
1519105712000
1519105713000
1519105714000
1519105715000
1519105716000
1519105717000
1519105718000
1519105719000
1519105720000
1519105721000
1519105722000
1519105723000
1519105724000
1519105725000
1519105726000
1519105727000
1519105728000
1519105729000
1519105730000
1519105731000
1519105732000
1519105733000
1519105734000
1519105735000
1519105736000
1519105737000
1519105738000
1519105739000
1519105740000
1519105741000
1519105742000
1519105743000
1519105744000
1519105745000
1519105746000
1519105747000
1519105748000
1519105749000
1519105750000
1519105751000
1519105752000
1519105753000
1519105754000
1519105755000
1519105756000
1519105757000
1519105758000
1519105759000
1519105760000
1519105761000
1519105762000
1519105763000
1519105764000
1519105765000
1519105766000
1519105767000
1519105768000
1519105769000
1519105770000
1519105771000
1519105772000
1519105773000
1519105774000
1519105775000
1519105776000
1519105777000
1519105778000
1519105779000
1519105780000
1519105781000
1519105782000
1519105783000
1519105784000
1519105785000
1519105786000
1519105787000
1519105788000
1519105789000
1519105790000
1519105791000
1519105792000
1519105793000
1519105794000
1519105795000
1519105796000
1519105797000
1519105798000
1519105799000
1519105800000
1519105801000
1519105802000
1519105803000
1519105804000
1519105805000
1519105806000
1519105807000
1519105808000
1519105809000
1519105810000
1519105811000
1519105812000
1519105813000
1519105814000
1519105815000
1519105816000
1519105817000
1519105818000
1519105819000
1519105820000
1519105821000
1519105822000
1519105823000
1519105824000
1519105825000
1519105826000
1519105827000
1519105828000
1519105829000
1519105830000
1519105831000
1519105832000
1519105833000
1519105834000
1519105835000
1519105836000
1519105837000
1519105838000
1519105839000
1519105840000
1519105841000
1519105842000
1519105843000
1519105844000
1519105845000
1519105846000
1519105847000
1519105848000
1519105849000
1519105850000
1519105851000
1519105852000
1519105853000
1519105854000
1519105855000
1519105856000
1519105857000
1519105858000
1519105859000
1519105860000
1519105861000
1519105862000
1519105863000
1519105864000
1519105865000
1519105866000
1519105867000
1519105868000
1519105869000
1519105870000
1519105871000
1519105872000
1519105873000
1519105874000
1519105875000
1519105876000
1519105877000
1519105878000
1519105879000
1519105880000
1519105881000
1519105882000
1519105883000
1519105884000
1519105885000
1519105886000
1519105887000
1519105888000
1519105889000
1519105890000
1519105891000
1519105892000
1519105893000
1519105894000
1519105895000
1519105896000
1519105897000
1519105898000
1519105899000
1519105900000
1519105901000
1519105902000
1519105903000
1519105904000
1519105905000
1519105906000
1519105907000
1519105908000
1519105909000
1519105910000
1519105911000
1519105912000
1519105913000
1519105914000
1519105915000
1519105916000
1519105917000
1519105918000
1519105919000
1519105920000
1519105921000
1519105922000
1519105923000
1519105924000
1519105925000
1519105926000
1519105927000
1519105928000
1519105929000
1519105930000
1519105931000
1519105932000
1519105933000
1519105934000
1519105935000
1519105936000
1519105937000
1519105938000
1519105939000
1519105940000
1519105941000
1519105942000
1519105943000
1519105944000
1519105945000
1519105946000
1519105947000
1519105948000
1519105949000
1519105950000
1519105951000
1519105952000
1519105953000
1519105954000
1519105955000
1519105956000
1519105957000
1519105958000
1519105959000
1519105960000
1519105961000
1519105962000
1519105963000
1519105964000
1519105965000
1519105966000
1519105967000
1519105968000
1519105969000
1519105970000
1519105971000
1519105972000
1519105973000
1519105974000
1519105975000
1519105976000
1519105977000
1519105978000
1519105979000
1519105980000
1519105981000
1519105982000
1519105983000
1519105984000
1519105985000
1519105986000
1519105987000
1519105988000
1519105989000
1519105990000
1519105991000
1519105992000
1519105993000
1519105994000
1519105995000
1519105996000
1519105997000
1519105998000
1519105999000
1519106000000
1519106001000
1519106002000
1519106003000
1519106004000
1519106005000
1519106006000
1519106007000
1519106008000
1519106009000
1519106010000
1519106011000
1519106012000
1519106013000
1519106014000
1519106015000
1519106016000
1519106017000
1519106018000
1519106019000
1519106020000
1519106021000
1519106022000
1519106023000
1519106024000
1519106025000
1519106026000
1519106027000
1519106028000
1519106029000
1519106030000
1519106031000
1519106032000
1519106033000
1519106034000
1519106035000
1519106036000
1519106037000
1519106038000
1519106039000
1519106040000
1519106041000
1519106042000
1519106043000
1519106044000
1519106045000
1519106046000
1519106047000
1519106048000
1519106049000
1519106050000
1519106051000
1519106052000
1519106053000
1519106054000
1519106055000
1519106056000
1519106057000
1519106058000
1519106059000
1519106060000
1519106061000
1519106062000
1519106063000
1519106064000
1519106065000
1519106066000
1519106067000
1519106068000
1519106069000
1519106070000
1519106071000
1519106072000
1519106073000
1519106074000
1519106075000
1519106076000
1519106077000
1519106078000
1519106079000
1519106080000
1519106081000
1519106082000
1519106083000
1519106084000
1519106085000
1519106086000
1519106087000
1519106088000
1519106089000
1519106090000
1519106091000
1519106092000
1519106093000
1519106094000
1519106095000
1519106096000
1519106097000
1519106098000
1519106099000
1519106100000
1519106101000
1519106102000
1519106103000
1519106104000
1519106105000
1519106106000
1519106107000
1519106108000
1519106109000
1519106110000
1519106111000
1519106112000
1519106113000
1519106114000
1519106115000
1519106116000
1519106117000
1519106118000
1519106119000
1519106120000
1519106121000
1519106122000
1519106123000
1519106124000
1519106125000
1519106126000
1519106127000
1519106128000
1519106129000
1519106130000
1519106131000
1519106132000
1519106133000
1519106134000
1519106135000
1519106136000
1519106137000
1519106138000
1519106139000
1519106140000
1519106141000
1519106142000
1519106143000
1519106144000
1519106145000
1519106146000
1519106147000
1519106148000
1519106149000
1519106150000
1519106151000
1519106152000
1519106153000
1519106154000
1519106155000
1519106156000
1519106157000
1519106158000
1519106159000
1519106160000
1519106161000
1519106162000
1519106163000
1519106164000
1519106165000
1519106166000
1519106167000
1519106168000
1519106169000
1519106170000
1519106171000
1519106172000
1519106173000
1519106174000
1519106175000
1519106176000
1519106177000
1519106178000
1519106179000
1519106180000
1519106181000
1519106182000
1519106183000
1519106184000
1519106185000
1519106186000
1519106187000
1519106188000
1519106189000
1519106190000
1519106191000
1519106192000
1519106193000
1519106194000
1519106195000
1519106196000
1519106197000
1519106198000
1519106199000
1519106200000
1519106201000
1519106202000
1519106203000
1519106204000
1519106205000
1519106206000
1519106207000
1519106208000
1519106209000
1519106210000
1519106211000
1519106212000
1519106213000
1519106214000
1519106215000
1519106216000
1519106217000
1519106218000
1519106219000
1519106220000
1519106221000
1519106222000
1519106223000
1519106224000
1519106225000
1519106226000
1519106227000
1519106228000
1519106229000
1519106230000
1519106231000
1519106232000
1519106233000
1519106234000
1519106235000
1519106236000
1519106237000
1519106238000
1519106239000
1519106240000
1519106241000
1519106242000
1519106243000
1519106244000
1519106245000
1519106246000
1519106247000
1519106248000
1519106249000
1519106250000
1519106251000
1519106252000
1519106253000
1519106254000
1519106255000
1519106256000
1519106257000
1519106258000
1519106259000
1519106260000
1519106261000
1519106262000
1519106263000
1519106264000
1519106265000
1519106266000
1519106267000
1519106268000
1519106269000
1519106270000
1519106271000
1519106272000
1519106273000
1519106274000
1519106275000
1519106276000
1519106277000
1519106278000
1519106279000
1519106280000
1519106281000
1519106282000
1519106283000
1519106284000
1519106285000
1519106286000
1519106287000
1519106288000
1519106289000
1519106290000
1519106291000
1519106292000
1519106293000
1519106294000
1519106295000
1519106296000
1519106297000
1519106298000
1519106299000
1519106300000
1519106301000
1519106302000
1519106303000
1519106304000
1519106305000
1519106306000
1519106307000
1519106308000
1519106309000
1519106310000
1519106311000
1519106312000
1519106313000
1519106314000
1519106315000
1519106316000
1519106317000
1519106318000
1519106319000
1519106320000
1519106321000
1519106322000
1519106323000
1519106324000
1519106325000
1519106326000
1519106327000
1519106328000
1519106329000
1519106330000
1519106331000
1519106332000
1519106333000
1519106334000
1519106335000
1519106336000
1519106337000
1519106338000
1519106339000
1519106340000
1519106341000
1519106342000
1519106343000
1519106344000
1519106345000
1519106346000
1519106347000
1519106348000
1519106349000
1519106350000
1519106351000
1519106352000
1519106353000
1519106354000
1519106355000
1519106356000
1519106357000
1519106358000
1519106359000
1519106360000
1519106361000
1519106362000
1519106363000
1519106364000
1519106365000
1519106366000
1519106367000
1519106368000
1519106369000
1519106370000
1519106371000
1519106372000
1519106373000
1519106374000
1519106375000
1519106376000
1519106377000
1519106378000
1519106379000
1519106380000
1519106381000
1519106382000
1519106383000
1519106384000
1519106385000
1519106386000
1519106387000
1519106388000
1519106389000
1519106390000
1519106391000
1519106392000
1519106393000
1519106394000
1519106395000
1519106396000
1519106397000
1519106398000
1519106399000
1519106400000
1519106401000
1519106402000
1519106403000
1519106404000
1519106405000
1519106406000
1519106407000
1519106408000
1519106409000
1519106410000
1519106411000
1519106412000
1519106413000
1519106414000
1519106415000
1519106416000
1519106417000
1519106418000
1519106419000
1519106420000
1519106421000
1519106422000
1519106423000
1519106424000
1519106425000
1519106426000
1519106427000
1519106428000
1519106429000
1519106430000
1519106431000
1519106432000
1519106433000
1519106434000
1519106435000
1519106436000
1519106437000
1519106438000
1519106439000
1519106440000
1519106441000
1519106442000
1519106443000
1519106444000
1519106445000
1519106446000
1519106447000
1519106448000
1519106449000
1519106450000
1519106451000
1519106452000
1519106453000
1519106454000
1519106455000
1519106456000
1519106457000
1519106458000
1519106459000
1519106460000
1519106461000
1519106462000
1519106463000
1519106464000
1519106465000
1519106466000
1519106467000
1519106468000
1519106469000
1519106470000
1519106471000
1519106472000
1519106473000
1519106474000
1519106475000
1519106476000
1519106477000
1519106478000
1519106479000
1519106480000
1519106481000
1519106482000
1519106483000
1519106484000
1519106485000
1519106486000
1519106487000
1519106488000
1519106489000
1519106490000
1519106491000
1519106492000
1519106493000
1519106494000
1519106495000
1519106496000
1519106497000
1519106498000
1519106499000
1519106500000
1519106501000
1519106502000
1519106503000
1519106504000
1519106505000
1519106506000
1519106507000
1519106508000
1519106509000
1519106510000
1519106511000
1519106512000
1519106513000
1519106514000
1519106515000
1519106516000
1519106517000
1519106518000
1519106519000
1519106520000
1519106521000
1519106522000
1519106523000
1519106524000
1519106525000
1519106526000
1519106527000
1519106528000
1519106529000
1519106530000
1519106531000
1519106532000
1519106533000
1519106534000
1519106535000
1519106536000
1519106537000
1519106538000
1519106539000
1519106540000
1519106541000
1519106542000
1519106543000
1519106544000
1519106545000
1519106546000
1519106547000
1519106548000
1519106549000
1519106550000
1519106551000
1519106552000
1519106553000
1519106554000
1519106555000
1519106556000
1519106557000
1519106558000
1519106559000
1519106560000
1519106561000
1519106562000
1519106563000
1519106564000
1519106565000
1519106566000
1519106567000
1519106568000
1519106569000
1519106570000
1519106571000
1519106572000
1519106573000
1519106574000
1519106575000
1519106576000
1519106577000
1519106578000
1519106579000
1519106580000
1519106581000
1519106582000
1519106583000
1519106584000
1519106585000
1519106586000
1519106587000
1519106588000
1519106589000
1519106590000
1519106591000
1519106592000
1519106593000
1519106594000
1519106595000
1519106596000
1519106597000
1519106598000
1519106599000
1519106600000
1519106601000
1519106602000
1519106603000
1519106604000
1519106605000
1519106606000
1519106607000
1519106608000
1519106609000
1519106610000
1519106611000
1519106612000
1519106613000
1519106614000
1519106615000
1519106616000
1519106617000
1519106618000
1519106619000
1519106620000
1519106621000
1519106622000
1519106623000
1519106624000
1519106625000
1519106626000
1519106627000
1519106628000
1519106629000
1519106630000
1519106631000
1519106632000
1519106633000
1519106634000
1519106635000
1519106636000
1519106637000
1519106638000
1519106639000
1519106640000
1519106641000
1519106642000
1519106643000
1519106644000
1519106645000
1519106646000
1519106647000
1519106648000
1519106649000
1519106650000
1519106651000
1519106652000
1519106653000
1519106654000
1519106655000
1519106656000
1519106657000
1519106658000
1519106659000
1519106660000
1519106661000
1519106662000
1519106663000
1519106664000
1519106665000
1519106666000
1519106667000
1519106668000
1519106669000
1519106670000
1519106671000
1519106672000
1519106673000
1519106674000
1519106675000
1519106676000
1519106677000
1519106678000
1519106679000
1519106680000
1519106681000
1519106682000
1519106683000
1519106684000
1519106685000
1519106686000
1519106687000
1519106688000
1519106689000
1519106690000
1519106691000
1519106692000
1519106693000
1519106694000
1519106695000
1519106696000
1519106697000
1519106698000
1519106699000
1519106700000
1519106701000
1519106702000
1519106703000
1519106704000
1519106705000
1519106706000
1519106707000
1519106708000
1519106709000
1519106710000
1519106711000
1519106712000
1519106713000
1519106714000
1519106715000
1519106716000
1519106717000
1519106718000
1519106719000
1519106720000
1519106721000
1519106722000
1519106723000
1519106724000
1519106725000
1519106726000
1519106727000
1519106728000
1519106729000
1519106730000
1519106731000
1519106732000
1519106733000
1519106734000
1519106735000
1519106736000
1519106737000
1519106738000
1519106739000
1519106740000
1519106741000
1519106742000
1519106743000
1519106744000
1519106745000
1519106746000
1519106747000
1519106748000
1519106749000
1519106750000
1519106751000
1519106752000
1519106753000
1519106754000
1519106755000
1519106756000
1519106757000
1519106758000
1519106759000
1519106760000
1519106761000
1519106762000
1519106763000
1519106764000
1519106765000
1519106766000
1519106767000
1519106768000
1519106769000
1519106770000
1519106771000
1519106772000
1519106773000
1519106774000
1519106775000
1519106776000
1519106777000
1519106778000
1519106779000
1519106780000
1519106781000
1519106782000
1519106783000
1519106784000
1519106785000
1519106786000
1519106787000
1519106788000
1519106789000
1519106790000
1519106791000
1519106792000
1519106793000
1519106794000
1519106795000
1519106796000
1519106797000
1519106798000
1519106799000
1519106800000
1519106801000
1519106802000
1519106803000
1519106804000
1519106805000
1519106806000
1519106807000
1519106808000
1519106809000
1519106810000
1519106811000
1519106812000
1519106813000
1519106814000
1519106815000
1519106816000
1519106817000
1519106818000
1519106819000
1519106820000
1519106821000
1519106822000
1519106823000
1519106824000
1519106825000
1519106826000
1519106827000
1519106828000
1519106829000
1519106830000
1519106831000
1519106832000
1519106833000
1519106834000
1519106835000
1519106836000
1519106837000
1519106838000
1519106839000
1519106840000
1519106841000
1519106842000
1519106843000
1519106844000
1519106845000
1519106846000
1519106847000
1519106848000
1519106849000
1519106850000
1519106851000
1519106852000
1519106853000
1519106854000
1519106855000
1519106856000
1519106857000
1519106858000
1519106859000
1519106860000
1519106861000
1519106862000
1519106863000
1519106864000
1519106865000
1519106866000
1519106867000
1519106868000
1519106869000
1519106870000
1519106871000
1519106872000
1519106873000
1519106874000
1519106875000
1519106876000
1519106877000
1519106878000
1519106879000
1519106880000
1519106881000
1519106882000
1519106883000
1519106884000
1519106885000
1519106886000
1519106887000
1519106888000
1519106889000
1519106890000
1519106891000
1519106892000
1519106893000
1519106894000
1519106895000
1519106896000
1519106897000
1519106898000
1519106899000
1519106900000
1519106901000
1519106902000
1519106903000
1519106904000
1519106905000
1519106906000
1519106907000
1519106908000
1519106909000
1519106910000
1519106911000
1519106912000
1519106913000
1519106914000
1519106915000
1519106916000
1519106917000
1519106918000
1519106919000
1519106920000
1519106921000
1519106922000
1519106923000
1519106924000
1519106925000
1519106926000
1519106927000
1519106928000
1519106929000
1519106930000
1519106931000
1519106932000
1519106933000
1519106934000
1519106935000
1519106936000
1519106937000
1519106938000
1519106939000
1519106940000
1519106941000
1519106942000
1519106943000
1519106944000
1519106945000
1519106946000
1519106947000
1519106948000
1519106949000
1519106950000
1519106951000
1519106952000
1519106953000
1519106954000
1519106955000
1519106956000
1519106957000
1519106958000
1519106959000
1519106960000
1519106961000
1519106962000
1519106963000
1519106964000
1519106965000
1519106966000
1519106967000
1519106968000
1519106969000
1519106970000
1519106971000
1519106972000
1519106973000
1519106974000
1519106975000
1519106976000
1519106977000
1519106978000
1519106979000
1519106980000
1519106981000
1519106982000
1519106983000
1519106984000
1519106985000
1519106986000
1519106987000
1519106988000
1519106989000
1519106990000
1519106991000
1519106992000
1519106993000
1519106994000
1519106995000
1519106996000
1519106997000
1519106998000
1519106999000
1519107000000
1519107001000
1519107002000
1519107003000
1519107004000
1519107005000
1519107006000
1519107007000
1519107008000
1519107009000
1519107010000
1519107011000
1519107012000
1519107013000
1519107014000
1519107015000
1519107016000
1519107017000
1519107018000
1519107019000
1519107020000
1519107021000
1519107022000
1519107023000
1519107024000
1519107025000
1519107026000
1519107027000
1519107028000
1519107029000
1519107030000
1519107031000
1519107032000
1519107033000
1519107034000
1519107035000
1519107036000
1519107037000
1519107038000
1519107039000
1519107040000
1519107041000
1519107042000
1519107043000
1519107044000
1519107045000
1519107046000
1519107047000
1519107048000
1519107049000
1519107050000
1519107051000
1519107052000
1519107053000
1519107054000
1519107055000
1519107056000
1519107057000
1519107058000
1519107059000
1519107060000
1519107061000
1519107062000
1519107063000
1519107064000
1519107065000
1519107066000
1519107067000
1519107068000
1519107069000
1519107070000
1519107071000
1519107072000
1519107073000
1519107074000
1519107075000
1519107076000
1519107077000
1519107078000
1519107079000
1519107080000
1519107081000
1519107082000
1519107083000
1519107084000
1519107085000
1519107086000
1519107087000
1519107088000
1519107089000
1519107090000
1519107091000
1519107092000
1519107093000
1519107094000
1519107095000
1519107096000
1519107097000
1519107098000
1519107099000
1519107100000
1519107101000
1519107102000
1519107103000
1519107104000
1519107105000
1519107106000
1519107107000
1519107108000
1519107109000
1519107110000
1519107111000
1519107112000
1519107113000
1519107114000
1519107115000
1519107116000
1519107117000
1519107118000
1519107119000
1519107120000
1519107121000
1519107122000
1519107123000
1519107124000
1519107125000
1519107126000
1519107127000
1519107128000
1519107129000
1519107130000
1519107131000
1519107132000
1519107133000
1519107134000
1519107135000
1519107136000
1519107137000
1519107138000
1519107139000
1519107140000
1519107141000
1519107142000
1519107143000
1519107144000
1519107145000
1519107146000
1519107147000
1519107148000
1519107149000
1519107150000
1519107151000
1519107152000
1519107153000
1519107154000
1519107155000
1519107156000
1519107157000
1519107158000
1519107159000
1519107160000
1519107161000
1519107162000
1519107163000
1519107164000
1519107165000
1519107166000
1519107167000
1519107168000
1519107169000
1519107170000
1519107171000
1519107172000
1519107173000
1519107174000
1519107175000
1519107176000
1519107177000
1519107178000
1519107179000
1519107180000
1519107181000
1519107182000
1519107183000
1519107184000
1519107185000
1519107186000
1519107187000
1519107188000
1519107189000
1519107190000
1519107191000
1519107192000
1519107193000
1519107194000
1519107195000
1519107196000
1519107197000
1519107198000
1519107199000
1519107200000
1519107201000
1519107202000
1519107203000
1519107204000
1519107205000
1519107206000
1519107207000
1519107208000
1519107209000
1519107210000
1519107211000
1519107212000
1519107213000
1519107214000
1519107215000
1519107216000
1519107217000
1519107218000
1519107219000
1519107220000
1519107221000
1519107222000
1519107223000
1519107224000
1519107225000
1519107226000
1519107227000
1519107228000
1519107229000
1519107230000
1519107231000
1519107232000
1519107233000
1519107234000
1519107235000
1519107236000
1519107237000
1519107238000
1519107239000
1519107240000
1519107241000
1519107242000
1519107243000
1519107244000
1519107245000
1519107246000
1519107247000
1519107248000
1519107249000
1519107250000
1519107251000
1519107252000
1519107253000
1519107254000
1519107255000
1519107256000
1519107257000
1519107258000
1519107259000
1519107260000
1519107261000
1519107262000
1519107263000
1519107264000
1519107265000
1519107266000
1519107267000
1519107268000
1519107269000
1519107270000
1519107271000
1519107272000
1519107273000
1519107274000
1519107275000
1519107276000
1519107277000
1519107278000
1519107279000
1519107280000
1519107281000
1519107282000
1519107283000
1519107284000
1519107285000
1519107286000
1519107287000
1519107288000
1519107289000
1519107290000
1519107291000
1519107292000
1519107293000
1519107294000
1519107295000
1519107296000
1519107297000
1519107298000
1519107299000
1519107300000
1519107301000
1519107302000
1519107303000
1519107304000
1519107305000
1519107306000
1519107307000
1519107308000
1519107309000
1519107310000
1519107311000
1519107312000
1519107313000
1519107314000
1519107315000
1519107316000
1519107317000
1519107318000
1519107319000
1519107320000
1519107321000
1519107322000
1519107323000
1519107324000
1519107325000
1519107326000
1519107327000
1519107328000
1519107329000
1519107330000
1519107331000
1519107332000
1519107333000
1519107334000
1519107335000
1519107336000
1519107337000
1519107338000
1519107339000
1519107340000
1519107341000
1519107342000
1519107343000
1519107344000
1519107345000
1519107346000
1519107347000
1519107348000
1519107349000
1519107350000
1519107351000
1519107352000
1519107353000
1519107354000
1519107355000
1519107356000
1519107357000
1519107358000
1519107359000
1519107360000
1519107361000
1519107362000
1519107363000
1519107364000
1519107365000
1519107366000
1519107367000
1519107368000
1519107369000
1519107370000
1519107371000
1519107372000
1519107373000
1519107374000
1519107375000
1519107376000
1519107377000
1519107378000
1519107379000
1519107380000
1519107381000
1519107382000
1519107383000
1519107384000
1519107385000
1519107386000
1519107387000
1519107388000
1519107389000
1519107390000
1519107391000
1519107392000
1519107393000
1519107394000
1519107395000
1519107396000
1519107397000
1519107398000
1519107399000
1519107400000
1519107401000
1519107402000
1519107403000
1519107404000
1519107405000
1519107406000
1519107407000
1519107408000
1519107409000
1519107410000
1519107411000
1519107412000
1519107413000
1519107414000
1519107415000
1519107416000
1519107417000
1519107418000
1519107419000
1519107420000
1519107421000
1519107422000
1519107423000
1519107424000
1519107425000
1519107426000
1519107427000
1519107428000
1519107429000
1519107430000
1519107431000
1519107432000
1519107433000
1519107434000
1519107435000
1519107436000
1519107437000
1519107438000
1519107439000
1519107440000
1519107441000
1519107442000
1519107443000
1519107444000
1519107445000
1519107446000
1519107447000
1519107448000
1519107449000
1519107450000
1519107451000
1519107452000
1519107453000
1519107454000
1519107455000
1519107456000
1519107457000
1519107458000
1519107459000
1519107460000
1519107461000
1519107462000
1519107463000
1519107464000
1519107465000
1519107466000
1519107467000
1519107468000
1519107469000
1519107470000
1519107471000
1519107472000
1519107473000
1519107474000
1519107475000
1519107476000
1519107477000
1519107478000
1519107479000
1519107480000
1519107481000
1519107482000
1519107483000
1519107484000
1519107485000
1519107486000
1519107487000
1519107488000
1519107489000
1519107490000
1519107491000
1519107492000
1519107493000
1519107494000
1519107495000
1519107496000
1519107497000
1519107498000
1519107499000
1519107500000
1519107501000
1519107502000
1519107503000
1519107504000
1519107505000
1519107506000
1519107507000
1519107508000
1519107509000
1519107510000
1519107511000
1519107512000
1519107513000
1519107514000
1519107515000
1519107516000
1519107517000
1519107518000
1519107519000
1519107520000
1519107521000
1519107522000
1519107523000
1519107524000
1519107525000
1519107526000
1519107527000
1519107528000
1519107529000
1519107530000
1519107531000
1519107532000
1519107533000
1519107534000
1519107535000
1519107536000
1519107537000
1519107538000
1519107539000
1519107540000
1519107541000
1519107542000
1519107543000
1519107544000
1519107545000
1519107546000
1519107547000
1519107548000
1519107549000
1519107550000
1519107551000
1519107552000
1519107553000
1519107554000
1519107555000
1519107556000
1519107557000
1519107558000
1519107559000
1519107560000
1519107561000
1519107562000
1519107563000
1519107564000
1519107565000
1519107566000
1519107567000
1519107568000
1519107569000
1519107570000
1519107571000
1519107572000
1519107573000
1519107574000
1519107575000
1519107576000
1519107577000
1519107578000
1519107579000
1519107580000
1519107581000
1519107582000
1519107583000
1519107584000
1519107585000
1519107586000
1519107587000
1519107588000
1519107589000
1519107590000
1519107591000
1519107592000
1519107593000
1519107594000
1519107595000
1519107596000
1519107597000
1519107598000
1519107599000
1519107600000
1519107601000
1519107602000
1519107603000
1519107604000
1519107605000
1519107606000
1519107607000
1519107608000
1519107609000
1519107610000
1519107611000
1519107612000
1519107613000
1519107614000
1519107615000
1519107616000
1519107617000
1519107618000
1519107619000
1519107620000
1519107621000
1519107622000
1519107623000
1519107624000
1519107625000
1519107626000
1519107627000
1519107628000
1519107629000
1519107630000
1519107631000
1519107632000
1519107633000
1519107634000
1519107635000
1519107636000
1519107637000
1519107638000
1519107639000
1519107640000
1519107641000
1519107642000
1519107643000
1519107644000
1519107645000
1519107646000
1519107647000
1519107648000
1519107649000
1519107650000
1519107651000
1519107652000
1519107653000
1519107654000
1519107655000
1519107656000
1519107657000
1519107658000
1519107659000
1519107660000
1519107661000
1519107662000
1519107663000
1519107664000
1519107665000
1519107666000
1519107667000
1519107668000
1519107669000
1519107670000
1519107671000
1519107672000
1519107673000
1519107674000
1519107675000
1519107676000
1519107677000
1519107678000
1519107679000
1519107680000
1519107681000
1519107682000
1519107683000
1519107684000
1519107685000
1519107686000
1519107687000
1519107688000
1519107689000
1519107690000
1519107691000
1519107692000
1519107693000
1519107694000
1519107695000
1519107696000
1519107697000
1519107698000
1519107699000
1519107700000
1519107701000
1519107702000
1519107703000
1519107704000
1519107705000
1519107706000
1519107707000
1519107708000
1519107709000
1519107710000
1519107711000
1519107712000
1519107713000
1519107714000
1519107715000
1519107716000
1519107717000
1519107718000
1519107719000
1519107720000
1519107721000
1519107722000
1519107723000
1519107724000
1519107725000
1519107726000
1519107727000
1519107728000
1519107729000
1519107730000
1519107731000
1519107732000
1519107733000
1519107734000
1519107735000
1519107736000
1519107737000
1519107738000
1519107739000
1519107740000
1519107741000
1519107742000
1519107743000
1519107744000
1519107745000
1519107746000
1519107747000
1519107748000
1519107749000
1519107750000
1519107751000
1519107752000
1519107753000
1519107754000
1519107755000
1519107756000
1519107757000
1519107758000
1519107759000
1519107760000
1519107761000
1519107762000
1519107763000
1519107764000
1519107765000
1519107766000
1519107767000
1519107768000
1519107769000
1519107770000
1519107771000
1519107772000
1519107773000
1519107774000
1519107775000
1519107776000
1519107777000
1519107778000
1519107779000
1519107780000
1519107781000
1519107782000
1519107783000
1519107784000
1519107785000
1519107786000
1519107787000
1519107788000
1519107789000
1519107790000
1519107791000
1519107792000
1519107793000
1519107794000
1519107795000
1519107796000
1519107797000
1519107798000
1519107799000
1519107800000
1519107801000
1519107802000
1519107803000
1519107804000
1519107805000
1519107806000
1519107807000
1519107808000
1519107809000
1519107810000
1519107811000
1519107812000
1519107813000
1519107814000
1519107815000
1519107816000
1519107817000
1519107818000
1519107819000
1519107820000
1519107821000
1519107822000
1519107823000
1519107824000
1519107825000
1519107826000
1519107827000
1519107828000
1519107829000
1519107830000
1519107831000
1519107832000
1519107833000
1519107834000
1519107835000
1519107836000
1519107837000
1519107838000
1519107839000
1519107840000
1519107841000
1519107842000
1519107843000
1519107844000
1519107845000
1519107846000
1519107847000
1519107848000
1519107849000
1519107850000
1519107851000
1519107852000
1519107853000
1519107854000
1519107855000
1519107856000
1519107857000
1519107858000
1519107859000
1519107860000
1519107861000
1519107862000
1519107863000
1519107864000
1519107865000
1519107866000
1519107867000
1519107868000
1519107869000
1519107870000
1519107871000
1519107872000
1519107873000
1519107874000
1519107875000
1519107876000
1519107877000
1519107878000
1519107879000
1519107880000
1519107881000
1519107882000
1519107883000
1519107884000
1519107885000
1519107886000
1519107887000
1519107888000
1519107889000
1519107890000
1519107891000
1519107892000
1519107893000
1519107894000
1519107895000
1519107896000
1519107897000
1519107898000
1519107899000
1519107900000
1519107901000
1519107902000
1519107903000
1519107904000
1519107905000
1519107906000
1519107907000
1519107908000
1519107909000
1519107910000
1519107911000
1519107912000
1519107913000
1519107914000
1519107915000
1519107916000
1519107917000
1519107918000
1519107919000
1519107920000
1519107921000
1519107922000
1519107923000
1519107924000
1519107925000
1519107926000
1519107927000
1519107928000
1519107929000
1519107930000
1519107931000
1519107932000
1519107933000
1519107934000
1519107935000
1519107936000
1519107937000
1519107938000
1519107939000
1519107940000
1519107941000
1519107942000
1519107943000
1519107944000
1519107945000
1519107946000
1519107947000
1519107948000
1519107949000
1519107950000
1519107951000
1519107952000
1519107953000
1519107954000
1519107955000
1519107956000
1519107957000
1519107958000
1519107959000
1519107960000
1519107961000
1519107962000
1519107963000
1519107964000
1519107965000
1519107966000
1519107967000
1519107968000
1519107969000
1519107970000
1519107971000
1519107972000
1519107973000
1519107974000
1519107975000
1519107976000
1519107977000
1519107978000
1519107979000
1519107980000
1519107981000
1519107982000
1519107983000
1519107984000
1519107985000
1519107986000
1519107987000
1519107988000
1519107989000
1519107990000
