1536666155000
1536666156000
1536666157000
1536666158000
1536666159000
1536666160000
1536666161000
1536666162000
1536666163000
1536666164000
1536666165000
1536666166000
1536666167000
1536666168000
1536666169000
1536666170000
1536666171000
1536666172000
1536666173000
1536666174000
1536666175000
1536666176000
1536666177000
1536666178000
1536666179000
1536666180000
1536666181000
1536666182000
1536666183000
1536666184000
1536666185000
1536666186000
1536666187000
1536666188000
1536666189000
1536666190000
1536666191000
1536666192000
1536666193000
1536666194000
1536666195000
1536666196000
1536666197000
1536666198000
1536666199000
1536666200000
1536666201000
1536666202000
1536666203000
1536666204000
1536666205000
1536666206000
1536666207000
1536666208000
1536666209000
1536666210000
1536666211000
1536666212000
1536666213000
1536666214000
1536666215000
1536666216000
1536666217000
1536666218000
1536666219000
1536666220000
1536666221000
1536666222000
1536666223000
1536666224000
1536666225000
1536666226000
1536666227000
1536666228000
1536666229000
1536666230000
1536666231000
1536666232000
1536666233000
1536666234000
1536666235000
1536666236000
1536666237000
1536666238000
1536666239000
1536666240000
1536666241000
1536666242000
1536666243000
1536666244000
1536666245000
1536666246000
1536666247000
1536666248000
1536666249000
1536666250000
1536666251000
1536666252000
1536666253000
1536666254000
1536666255000
1536666256000
1536666257000
1536666258000
1536666259000
1536666260000
1536666261000
1536666262000
1536666263000
1536666264000
1536666265000
1536666266000
1536666267000
1536666268000
1536666269000
1536666270000
1536666271000
1536666272000
1536666273000
1536666274000
1536666275000
1536666276000
1536666277000
1536666278000
1536666279000
1536666280000
1536666281000
1536666282000
1536666283000
1536666284000
1536666285000
1536666286000
1536666287000
1536666288000
1536666289000
1536666290000
1536666291000
1536666292000
1536666293000
1536666294000
1536666295000
1536666296000
1536666297000
1536666298000
1536666299000
1536666300000
1536666301000
1536666302000
1536666303000
1536666304000
1536666305000
1536666306000
1536666307000
1536666308000
1536666309000
1536666310000
1536666311000
1536666312000
1536666313000
1536666314000
1536666315000
1536666316000
1536666317000
1536666318000
1536666319000
1536666320000
1536666321000
1536666322000
1536666323000
1536666324000
1536666325000
1536666326000
1536666327000
1536666328000
1536666329000
1536666330000
1536666331000
1536666332000
1536666333000
1536666334000
1536666335000
1536666336000
1536666337000
1536666338000
1536666339000
1536666340000
1536666341000
1536666342000
1536666343000
1536666344000
1536666345000
1536666346000
1536666347000
1536666348000
1536666349000
1536666350000
1536666351000
1536666352000
1536666353000
1536666354000
1536666355000
1536666356000
1536666357000
1536666358000
1536666359000
1536666360000
1536666361000
1536666362000
1536666363000
1536666364000
1536666365000
1536666366000
1536666367000
1536666368000
1536666369000
1536666370000
1536666371000
1536666372000
1536666373000
1536666374000
1536666375000
1536666376000
1536666377000
1536666378000
1536666379000
1536666380000
1536666381000
1536666382000
1536666383000
1536666384000
1536666385000
1536666386000
1536666387000
1536666388000
1536666389000
1536666390000
1536666391000
1536666392000
1536666393000
1536666394000
1536666395000
1536666396000
1536666397000
1536666398000
1536666399000
1536666400000
1536666401000
1536666402000
1536666403000
1536666404000
1536666405000
1536666406000
1536666407000
1536666408000
1536666409000
1536666410000
1536666411000
1536666412000
1536666413000
1536666414000
1536666415000
1536666416000
1536666417000
1536666418000
1536666419000
1536666420000
1536666421000
1536666422000
1536666423000
1536666424000
1536666425000
1536666426000
1536666427000
1536666428000
1536666429000
1536666430000
1536666431000
1536666432000
1536666433000
1536666434000
1536666435000
1536666436000
1536666437000
1536666438000
1536666439000
1536666440000
1536666441000
1536666442000
1536666443000
1536666444000
1536666445000
1536666446000
1536666447000
1536666448000
1536666449000
1536666450000
1536666451000
1536666452000
1536666453000
1536666454000
1536666455000
1536666456000
1536666457000
1536666458000
1536666459000
1536666460000
1536666461000
1536666462000
1536666463000
1536666464000
1536666465000
1536666466000
1536666467000
1536666468000
1536666469000
1536666470000
1536666471000
1536666472000
1536666473000
1536666474000
1536666475000
1536666476000
1536666477000
1536666478000
1536666479000
1536666480000
1536666481000
1536666482000
1536666483000
1536666484000
1536666485000
1536666486000
1536666487000
1536666488000
1536666489000
1536666490000
1536666491000
1536666492000
1536666493000
1536666494000
1536666495000
1536666496000
1536666497000
1536666498000
1536666499000
1536666500000
1536666501000
1536666502000
1536666503000
1536666504000
1536666505000
1536666506000
1536666507000
1536666508000
1536666509000
1536666510000
1536666511000
1536666512000
1536666513000
1536666514000
1536666515000
1536666516000
1536666517000
1536666518000
1536666519000
1536666520000
1536666521000
1536666522000
1536666523000
1536666524000
1536666525000
1536666526000
1536666527000
1536666528000
1536666529000
1536666530000
1536666531000
1536666532000
1536666533000
1536666534000
1536666535000
1536666536000
1536666537000
1536666538000
1536666539000
1536666540000
1536666541000
1536666542000
1536666543000
1536666544000
1536666545000
1536666546000
1536666547000
1536666548000
1536666549000
1536666550000
1536666551000
1536666552000
1536666553000
1536666554000
1536666555000
1536666556000
1536666557000
1536666558000
1536666559000
1536666560000
1536666561000
1536666562000
1536666563000
1536666564000
1536666565000
1536666566000
1536666567000
1536666568000
1536666569000
1536666570000
1536666571000
1536666572000
1536666573000
1536666574000
1536666575000
1536666576000
1536666577000
1536666578000
1536666579000
1536666580000
1536666581000
1536666582000
1536666583000
1536666584000
1536666585000
1536666586000
1536666587000
1536666588000
1536666589000
1536666590000
1536666591000
1536666592000
1536666593000
1536666594000
1536666595000
1536666596000
1536666597000
1536666598000
1536666599000
1536666600000
1536666601000
1536666602000
1536666603000
1536666604000
1536666605000
1536666606000
1536666607000
1536666608000
1536666609000
1536666610000
1536666611000
1536666612000
1536666613000
1536666614000
1536666615000
1536666616000
1536666617000
1536666618000
1536666619000
1536666620000
1536666621000
1536666622000
1536666623000
1536666624000
1536666625000
1536666626000
1536666627000
1536666628000
1536666629000
1536666630000
1536666631000
1536666632000
1536666633000
1536666634000
1536666635000
1536666636000
1536666637000
1536666638000
1536666639000
1536666640000
1536666641000
1536666642000
1536666643000
1536666644000
1536666645000
1536666646000
1536666647000
1536666648000
1536666649000
1536666650000
1536666651000
1536666652000
1536666653000
1536666654000
1536666655000
1536666656000
1536666657000
1536666658000
1536666659000
1536666660000
1536666661000
1536666662000
1536666663000
1536666664000
1536666665000
1536666666000
1536666667000
1536666668000
1536666669000
1536666670000
1536666671000
1536666672000
1536666673000
1536666674000
1536666675000
1536666676000
1536666677000
1536666678000
1536666679000
1536666680000
1536666681000
1536666682000
1536666683000
1536666684000
1536666685000
1536666686000
1536666687000
1536666688000
1536666689000
1536666690000
1536666691000
1536666692000
1536666693000
1536666694000
1536666695000
1536666696000
1536666697000
1536666698000
1536666699000
1536666700000
1536666701000
1536666702000
1536666703000
1536666704000
1536666705000
1536666706000
1536666707000
1536666708000
1536666709000
1536666710000
1536666711000
1536666712000
1536666713000
1536666714000
1536666715000
1536666716000
1536666717000
1536666718000
1536666719000
1536666720000
1536666721000
1536666722000
1536666723000
1536666724000
1536666725000
1536666726000
1536666727000
1536666728000
1536666729000
1536666730000
1536666731000
1536666732000
1536666733000
1536666734000
1536666735000
1536666736000
1536666737000
1536666738000
1536666739000
1536666740000
1536666741000
1536666742000
1536666743000
1536666744000
1536666745000
1536666746000
1536666747000
1536666748000
1536666749000
1536666750000
1536666751000
1536666752000
1536666753000
1536666754000
1536666755000
1536666756000
1536666757000
1536666758000
1536666759000
1536666760000
1536666761000
1536666762000
1536666763000
1536666764000
1536666765000
1536666766000
1536666767000
1536666768000
1536666769000
1536666770000
1536666771000
1536666772000
1536666773000
1536666774000
1536666775000
1536666776000
1536666777000
1536666778000
1536666779000
1536666780000
1536666781000
1536666782000
1536666783000
1536666784000
1536666785000
1536666786000
1536666787000
1536666788000
1536666789000
1536666790000
1536666791000
1536666792000
1536666793000
1536666794000
1536666795000
1536666796000
1536666797000
1536666798000
1536666799000
1536666800000
1536666801000
1536666802000
1536666803000
1536666804000
1536666805000
1536666806000
1536666807000
1536666808000
1536666809000
1536666810000
1536666811000
1536666812000
1536666813000
1536666814000
1536666815000
1536666816000
1536666817000
1536666818000
1536666819000
1536666820000
1536666821000
1536666822000
1536666823000
1536666824000
1536666825000
1536666826000
1536666827000
1536666828000
1536666829000
1536666830000
1536666831000
1536666832000
1536666833000
1536666834000
1536666835000
1536666836000
1536666837000
1536666838000
1536666839000
1536666840000
1536666841000
1536666842000
1536666843000
1536666844000
1536666845000
1536666846000
1536666847000
1536666848000
1536666849000
1536666850000
1536666851000
1536666852000
1536666853000
1536666854000
1536666855000
1536666856000
1536666857000
1536666858000
1536666859000
1536666860000
1536666861000
1536666862000
1536666863000
1536666864000
1536666865000
1536666866000
1536666867000
1536666868000
1536666869000
1536666870000
1536666871000
1536666872000
1536666873000
1536666874000
1536666875000
1536666876000
1536666877000
1536666878000
1536666879000
1536666880000
1536666881000
1536666882000
1536666883000
1536666884000
1536666885000
1536666886000
1536666887000
1536666888000
1536666889000
1536666890000
1536666891000
1536666892000
1536666893000
1536666894000
1536666895000
1536666896000
1536666897000
1536666898000
1536666899000
1536666900000
1536666901000
1536666902000
1536666903000
1536666904000
1536666905000
1536666906000
1536666907000
1536666908000
1536666909000
1536666910000
1536666911000
1536666912000
1536666913000
1536666914000
1536666915000
1536666916000
1536666917000
1536666918000
1536666919000
1536666920000
1536666921000
1536666922000
1536666923000
1536666924000
1536666925000
1536666926000
1536666927000
1536666928000
1536666929000
1536666930000
1536666931000
1536666932000
1536666933000
1536666934000
1536666935000
1536666936000
1536666937000
1536666938000
1536666939000
1536666940000
1536666941000
1536666942000
1536666943000
1536666944000
1536666945000
1536666946000
1536666947000
1536666948000
1536666949000
1536666950000
1536666951000
1536666952000
1536666953000
1536666954000
1536666955000
1536666956000
1536666957000
1536666958000
1536666959000
1536666960000
1536666961000
1536666962000
1536666963000
1536666964000
1536666965000
1536666966000
1536666967000
1536666968000
1536666969000
1536666970000
1536666971000
1536666972000
1536666973000
1536666974000
1536666975000
1536666976000
1536666977000
1536666978000
1536666979000
1536666980000
1536666981000
1536666982000
1536666983000
1536666984000
1536666985000
1536666986000
1536666987000
1536666988000
1536666989000
1536666990000
1536666991000
1536666992000
1536666993000
1536666994000
1536666995000
1536666996000
1536666997000
1536666998000
1536666999000
1536667000000
1536667001000
1536667002000
1536667003000
1536667004000
1536667005000
1536667006000
1536667007000
1536667008000
1536667009000
1536667010000
1536667011000
1536667012000
1536667013000
1536667014000
1536667015000
1536667016000
1536667017000
1536667018000
1536667019000
1536667020000
1536667021000
1536667022000
1536667023000
1536667024000
1536667025000
1536667026000
1536667027000
1536667028000
1536667029000
1536667030000
1536667031000
1536667032000
1536667033000
1536667034000
1536667035000
1536667036000
1536667037000
1536667038000
1536667039000
1536667040000
1536667041000
1536667042000
1536667043000
1536667044000
1536667045000
1536667046000
1536667047000
1536667048000
1536667049000
1536667050000
1536667051000
1536667052000
1536667053000
1536667054000
1536667055000
1536667056000
1536667057000
1536667058000
1536667059000
1536667060000
1536667061000
1536667062000
1536667063000
1536667064000
1536667065000
1536667066000
1536667067000
1536667068000
1536667069000
1536667070000
1536667071000
1536667072000
1536667073000
1536667074000
1536667075000
1536667076000
1536667077000
1536667078000
1536667079000
1536667080000
1536667081000
1536667082000
1536667083000
1536667084000
1536667085000
1536667086000
1536667087000
1536667088000
1536667089000
1536667090000
1536667091000
1536667092000
1536667093000
1536667094000
1536667095000
1536667096000
1536667097000
1536667098000
1536667099000
1536667100000
1536667101000
1536667102000
1536667103000
1536667104000
1536667105000
1536667106000
1536667107000
1536667108000
1536667109000
1536667110000
1536667111000
1536667112000
1536667113000
1536667114000
1536667115000
1536667116000
1536667117000
1536667118000
1536667119000
1536667120000
1536667121000
1536667122000
1536667123000
1536667124000
1536667125000
1536667126000
1536667127000
1536667128000
1536667129000
1536667130000
1536667131000
1536667132000
1536667133000
1536667134000
1536667135000
1536667136000
1536667137000
1536667138000
1536667139000
1536667140000
1536667141000
1536667142000
1536667143000
1536667144000
1536667145000
1536667146000
1536667147000
1536667148000
1536667149000
1536667150000
1536667151000
1536667152000
1536667153000
1536667154000
1536667155000
1536667156000
1536667157000
1536667158000
1536667159000
1536667160000
1536667161000
1536667162000
1536667163000
1536667164000
1536667165000
1536667166000
1536667167000
1536667168000
1536667169000
1536667170000
1536667171000
1536667172000
1536667173000
1536667174000
1536667175000
1536667176000
1536667177000
1536667178000
1536667179000
1536667180000
1536667181000
1536667182000
1536667183000
1536667184000
1536667185000
1536667186000
1536667187000
1536667188000
1536667189000
1536667190000
1536667191000
1536667192000
1536667193000
1536667194000
1536667195000
1536667196000
1536667197000
1536667198000
1536667199000
1536667200000
1536667201000
1536667202001
1536667203000
1536667204000
1536667205000
1536667206000
1536667207000
1536667208000
1536667209000
1536667210000
1536667211000
1536667212000
1536667213000
1536667214000
1536667215000
1536667216000
1536667217000
1536667218000
1536667219000
1536667220000
1536667221000
1536667222000
1536667223000
1536667224000
1536667225000
1536667226000
1536667227000
1536667228000
1536667229000
1536667230000
1536667231000
1536667232000
1536667233000
1536667234000
1536667235000
1536667236000
1536667237000
1536667238000
1536667239000
1536667240000
1536667241000
1536667242000
1536667243000
1536667244000
1536667245000
1536667246000
1536667247000
1536667248000
1536667249000
1536667250000
1536667251000
1536667252000
1536667253000
1536667254000
1536667255000
1536667256000
1536667257000
1536667258000
1536667259000
1536667260000
1536667261000
1536667262000
1536667263000
1536667264000
1536667265000
1536667266000
1536667267000
1536667268000
1536667269000
1536667270000
1536667271000
1536667272000
1536667273000
1536667274000
1536667275000
1536667276000
1536667277000
1536667278000
1536667279000
1536667280000
1536667281000
1536667282000
1536667283000
1536667284000
1536667285000
1536667286000
1536667287000
1536667288000
1536667289000
1536667290000
1536667291000
1536667292000
1536667293000
1536667294000
1536667295000
1536667296000
1536667297000
1536667298000
1536667299000
1536667300000
1536667301000
1536667302000
1536667303000
1536667304000
1536667305000
1536667306000
1536667307000
1536667308000
1536667309000
1536667310000
1536667311000
1536667312000
1536667313000
1536667314000
1536667315000
1536667316000
1536667317000
1536667318000
1536667319000
1536667320000
1536667321000
1536667322000
1536667323000
1536667324000
1536667325000
1536667326000
1536667327000
1536667328000
1536667329000
1536667330000
1536667331000
1536667332000
1536667333000
1536667334000
1536667335000
1536667336000
1536667337000
1536667338000
1536667339000
1536667340000
1536667341000
1536667342000
1536667343000
1536667344000
1536667345000
1536667346000
1536667347000
1536667348000
1536667349000
1536667350000
1536667351000
1536667352000
1536667353000
1536667354000
1536667355000
1536667356000
1536667357000
1536667358000
1536667359000
1536667360000
1536667361000
1536667362000
1536667363000
1536667364000
1536667365000
1536667366000
1536667367000
1536667368000
1536667369000
1536667370000
1536667371000
1536667372000
1536667373000
1536667374000
1536667375000
1536667376000
1536667377000
1536667378000
1536667379000
1536667380000
1536667381000
1536667382000
1536667383000
1536667384000
1536667385000
1536667386000
1536667387000
1536667388000
1536667389000
1536667390000
1536667391000
1536667392000
1536667393000
1536667394000
1536667395000
1536667396000
1536667397000
1536667398000
1536667399000
1536667400000
1536667401000
1536667402000
1536667403000
1536667404000
1536667405000
1536667406000
1536667407000
1536667408000
1536667409000
1536667410000
1536667411000
1536667412000
1536667413000
1536667414000
1536667415000
1536667416000
1536667417000
1536667418000
1536667419000
1536667420000
1536667421000
1536667422000
1536667423000
1536667424000
1536667425000
1536667426000
1536667427000
1536667428000
1536667429000
1536667430000
1536667431000
1536667432000
1536667433000
1536667434000
1536667435000
1536667436000
1536667437000
1536667438000
1536667439000
1536667440000
1536667441000
1536667442000
1536667443000
1536667444000
1536667445000
1536667446000
1536667447000
1536667448000
1536667449000
1536667450000
1536667451000
1536667452000
1536667453000
1536667454000
1536667455000
1536667456000
1536667457000
1536667458000
1536667459000
1536667460000
1536667461000
1536667462000
1536667463000
1536667464000
1536667465000
1536667466000
1536667467000
1536667468000
1536667469000
1536667470000
1536667471000
1536667472000
1536667473000
1536667474000
1536667475000
1536667476000
1536667477000
1536667478000
1536667479000
1536667480000
1536667481000
1536667482000
1536667483000
1536667484000
1536667485000
1536667486000
1536667487000
1536667488000
1536667489000
1536667490000
1536667491000
1536667492000
1536667493000
1536667494000
1536667495000
1536667496000
1536667497000
1536667498000
1536667499000
1536667500000
1536667501000
1536667502000
1536667503000
1536667504000
1536667505000
1536667506000
1536667507000
1536667508000
1536667509000
1536667510000
1536667511000
1536667512000
1536667513000
1536667514000
1536667515000
1536667516000
1536667517000
1536667518000
1536667519000
1536667520000
1536667521000
1536667522000
1536667523000
1536667524000
1536667525000
1536667526000
1536667527000
1536667528000
1536667529000
1536667530000
1536667531000
1536667532000
1536667533000
1536667534000
1536667535000
1536667536000
1536667537000
1536667538000
1536667539000
1536667540000
1536667541000
1536667542000
1536667543000
1536667544000
1536667545000
1536667546000
1536667547000
1536667548000
1536667549000
1536667550000
1536667551000
1536667552000
1536667553000
1536667554000
1536667555000
1536667556000
1536667557000
1536667558000
1536667559000
1536667560000
1536667561000
1536667562000
1536667563000
1536667564000
1536667565000
1536667566000
1536667567000
1536667568000
1536667569000
1536667570000
1536667571000
1536667572000
1536667573000
1536667574000
1536667575000
1536667576000
1536667577000
1536667578000
1536667579000
1536667580000
1536667581000
1536667582000
1536667583000
1536667584000
1536667585000
1536667586000
1536667587000
1536667588000
1536667589000
1536667590000
1536667591000
1536667592000
1536667593000
1536667594000
1536667595000
1536667596000
1536667597000
1536667598000
1536667599000
1536667600000
1536667601000
1536667602000
1536667603000
1536667604000
1536667605000
1536667606000
1536667607000
1536667608000
1536667609000
1536667610000
1536667611000
1536667612000
1536667613000
1536667614000
1536667615000
1536667616000
1536667617000
1536667618000
1536667619000
1536667620000
1536667621000
1536667622000
1536667623000
1536667624000
1536667625000
1536667626000
1536667627000
1536667628000
1536667629000
1536667630000
1536667631000
1536667632000
1536667633000
1536667634000
1536667635000
1536667636000
1536667637000
1536667638000
1536667639000
1536667640000
1536667641000
1536667642000
1536667643000
1536667644000
1536667645000
1536667646000
1536667647000
1536667648000
1536667649000
1536667650000
1536667651000
1536667652000
1536667653000
1536667654000
1536667655000
1536667656000
1536667657000
1536667658000
1536667659000
1536667660000
1536667661000
1536667662000
1536667663000
1536667664000
1536667665000
1536667666000
1536667667000
1536667668000
1536667669000
1536667670000
1536667671000
1536667672000
1536667673000
1536667674000
1536667675000
1536667676000
1536667677000
1536667678000
1536667679000
1536667680000
1536667681000
1536667682000
1536667683000
1536667684000
1536667685000
1536667686000
1536667687000
1536667688000
1536667689000
1536667690000
1536667691000
1536667692000
1536667693000
1536667694000
1536667695000
1536667696000
1536667697000
1536667698000
1536667699000
1536667700000
1536667701000
1536667702000
1536667703000
1536667704000
1536667705000
1536667706000
1536667707000
1536667708000
1536667709000
1536667710000
1536667711000
1536667712000
1536667713000
1536667714000
1536667715000
1536667716000
1536667717000
1536667718000
1536667719000
1536667720000
1536667721000
1536667722000
1536667723000
1536667724000
1536667725000
1536667726000
1536667727000
1536667728000
1536667729000
1536667730000
1536667731000
1536667732000
1536667733000
1536667734000
1536667735000
1536667736000
1536667737000
1536667738000
1536667739000
1536667740000
1536667741000
1536667742000
1536667743000
1536667744000
1536667745000
1536667746000
1536667747000
1536667748000
1536667749000
1536667750000
1536667751000
1536667752000
1536667753000
1536667754000
1536667755000
1536667756000
1536667757000
1536667758000
1536667759000
1536667760000
1536667761000
1536667762000
1536667763000
1536667764000
1536667765000
1536667766000
1536667767000
1536667768000
1536667769000
1536667770000
1536667771000
1536667772000
1536667773000
1536667774000
1536667775000
1536667776000
1536667777000
1536667778000
1536667779000
1536667780000
1536667781000
1536667782000
1536667783000
1536667784000
1536667785000
1536667786000
1536667787000
1536667788000
1536667789000
1536667790000
1536667791000
1536667792000
1536667793000
1536667794000
1536667795000
1536667796000
1536667797000
1536667798000
1536667799000
1536667800000
1536667801000
1536667802000
1536667803000
1536667804000
1536667805000
1536667806000
1536667807000
1536667808000
1536667809000
1536667810000
1536667811000
1536667812000
1536667813000
1536667814000
1536667815000
1536667816000
1536667817000
1536667818000
1536667819000
1536667820000
1536667821000
1536667822000
1536667823000
1536667824000
1536667825000
1536667826000
1536667827000
1536667828000
1536667829000
1536667830000
1536667831000
1536667832000
1536667833000
1536667834000
1536667835000
1536667836000
1536667837000
1536667838000
1536667839000
1536667840000
1536667841000
1536667842000
1536667843000
1536667844000
1536667845000
1536667846000
1536667847000
1536667848000
1536667849000
1536667850000
1536667851000
1536667852000
1536667853000
1536667854000
1536667855000
1536667856000
1536667857000
1536667858000
1536667859000
1536667860000
1536667861000
1536667862000
1536667863000
1536667864000
1536667865000
1536667866000
1536667867000
1536667868000
1536667869000
1536667870000
1536667871000
1536667872000
1536667873000
1536667874000
1536667875000
1536667876000
1536667877000
1536667878000
1536667879000
1536667880000
1536667881000
1536667882000
1536667883000
1536667884000
1536667885000
1536667886000
1536667887000
1536667888000
1536667889000
1536667890000
1536667891000
1536667892000
1536667893000
1536667894000
1536667895000
1536667896000
1536667897000
1536667898000
1536667899000
1536667900000
1536667901000
1536667902000
1536667903000
1536667904000
1536667905000
1536667906000
1536667907000
1536667908000
1536667909000
1536667910000
1536667911000
1536667912000
1536667913000
1536667914000
1536667915000
1536667916000
1536667917000
1536667918000
1536667919000
1536667920000
1536667921000
1536667922000
1536667923000
1536667924000
1536667925000
1536667926000
1536667927000
1536667928000
1536667929000
1536667930000
1536667931000
1536667932000
1536667933000
1536667934000
1536667935000
1536667936000
1536667937000
1536667938000
1536667939000
1536667940000
1536667941000
1536667942000
1536667943000
1536667944000
1536667945000
1536667946000
1536667947000
1536667948000
1536667949000
1536667950000
1536667951000
1536667952000
1536667953000
1536667954000
1536667955000
1536667956000
1536667957000
1536667958000
1536667959000
1536667960000
1536667961000
1536667962000
1536667963000
1536667964000
1536667965000
1536667966000
1536667967000
1536667968000
1536667969000
1536667970000
1536667971000
1536667972000
1536667973000
1536667974000
1536667975000
1536667976000
1536667977000
1536667978000
1536667979000
1536667980000
1536667981000
1536667982000
1536667983000
1536667984000
1536667985000
1536667986000
1536667987000
1536667988000
1536667989000
1536667990000
1536667991000
1536667992000
1536667993000
1536667994000
1536667995000
1536667996000
1536667997000
1536667998000
1536667999000
1536668000000
1536668001000
1536668002000
1536668003000
1536668004000
1536668005000
1536668006000
1536668007000
1536668008000
1536668009000
1536668010000
1536668011000
1536668012000
1536668013000
1536668014000
1536668015000
1536668016000
1536668017000
1536668018000
1536668019000
1536668020000
1536668021000
1536668022000
1536668023000
1536668024000
1536668025000
1536668026000
1536668027000
1536668028000
1536668029000
1536668030000
1536668031000
1536668032000
1536668033000
1536668034000
1536668035000
1536668036000
1536668037000
1536668038000
1536668039000
1536668040000
1536668041000
1536668042000
1536668043000
1536668044000
1536668045000
1536668046000
1536668047000
1536668048000
1536668049000
1536668050000
1536668051000
1536668052000
1536668053000
1536668054000
1536668055000
1536668056000
1536668057000
1536668058000
1536668059000
1536668060000
1536668061000
1536668062000
1536668063000
1536668064000
1536668065000
1536668066000
1536668067000
1536668068000
1536668069000
1536668070000
1536668071000
1536668072000
1536668073000
1536668074000
1536668075000
1536668076000
1536668077000
1536668078000
1536668079000
1536668080000
1536668081000
1536668082000
1536668083000
1536668084000
1536668085000
1536668086000
1536668087000
1536668088000
1536668089000
1536668090000
1536668091000
1536668092000
1536668093000
1536668094000
1536668095000
1536668096000
1536668097000
1536668098000
1536668099000
1536668100000
1536668101000
1536668102000
1536668103000
1536668104000
1536668105000
1536668106000
1536668107000
1536668108000
1536668109000
1536668110000
1536668111000
1536668112000
1536668113000
1536668114000
1536668115000
1536668116000
1536668117000
1536668118000
1536668119000
1536668120000
1536668121000
1536668122000
1536668123000
1536668124000
1536668125000
1536668126000
1536668127000
1536668128000
1536668129000
1536668130000
1536668131000
1536668132000
1536668133000
1536668134000
1536668135000
1536668136000
1536668137000
1536668138000
1536668139000
1536668140000
1536668141000
1536668142000
1536668143000
1536668144000
1536668145000
1536668146000
1536668147000
1536668148000
1536668149000
1536668150000
1536668151000
1536668152000
1536668153000
1536668154000
1536668155000
1536668156000
1536668157000
1536668158000
1536668159000
1536668160000
1536668161000
1536668162000
1536668163000
1536668164000
1536668165000
1536668166000
1536668167000
1536668168000
1536668169000
1536668170000
1536668171000
1536668172000
1536668173000
1536668174000
1536668175000
1536668176000
1536668177000
1536668178000
1536668179000
1536668180000
1536668181000
1536668182000
1536668183000
1536668184000
1536668185000
1536668186000
1536668187000
1536668188000
1536668189000
1536668190000
1536668191000
1536668192000
1536668193000
1536668194000
1536668195000
1536668196000
1536668197000
1536668198000
1536668199000
1536668200000
1536668201000
1536668202000
1536668203000
1536668204000
1536668205000
1536668206000
1536668207000
1536668208000
1536668209000
1536668210000
1536668211000
1536668212000
1536668213000
1536668214000
1536668215000
1536668216000
1536668217000
1536668218000
1536668219000
1536668220000
1536668221000
1536668222000
1536668223000
1536668224000
1536668225000
1536668226000
1536668227000
1536668228000
1536668229000
1536668230000
1536668231000
1536668232000
1536668233000
1536668234000
1536668235000
1536668236000
1536668237000
1536668238000
1536668239000
1536668240000
1536668241000
1536668242000
1536668243000
1536668244000
1536668245000
1536668246000
1536668247000
1536668248000
1536668249000
1536668250000
1536668251000
1536668252000
1536668253000
1536668254000
1536668255000
1536668256000
1536668257000
1536668258000
1536668259000
1536668260000
1536668261000
1536668262000
1536668263000
1536668264000
1536668265000
1536668266000
1536668267000
1536668268000
1536668269000
1536668270000
1536668271000
1536668272000
1536668273000
1536668274000
1536668275000
1536668276000
1536668277000
1536668278000
1536668279000
1536668280000
1536668281000
1536668282000
1536668283000
1536668284000
1536668285000
1536668286000
1536668287000
1536668288000
1536668289000
1536668290000
1536668291000
1536668292000
1536668293000
1536668294000
1536668295000
1536668296000
1536668297000
1536668298000
1536668299000
1536668300000
1536668301000
1536668302000
1536668303000
1536668304000
1536668305000
1536668306000
1536668307000
1536668308000
1536668309000
1536668310000
1536668311000
1536668312000
1536668313000
1536668314000
1536668315000
1536668316000
1536668317000
1536668318000
1536668319000
1536668320000
1536668321000
1536668322000
1536668323000
1536668324000
1536668325000
1536668326000
1536668327000
1536668328000
1536668329000
1536668330000
1536668331000
1536668332000
1536668333000
1536668334000
1536668335000
1536668336000
1536668337000
1536668338000
1536668339000
1536668340000
1536668341000
1536668342000
1536668343000
1536668344000
1536668345000
1536668346000
1536668347000
1536668348000
1536668349000
1536668350000
1536668351000
1536668352000
1536668353000
1536668354000
1536668355000
1536668356000
1536668357000
1536668358000
1536668359000
1536668360000
1536668361000
1536668362000
1536668363000
1536668364000
1536668365000
1536668366000
1536668367000
1536668368000
1536668369000
1536668370000
1536668371000
1536668372000
1536668373000
1536668374000
1536668375000
1536668376000
1536668377000
1536668378000
1536668379000
1536668380000
1536668381000
1536668382000
1536668383000
1536668384000
1536668385000
1536668386000
1536668387000
1536668388000
1536668389000
1536668390000
1536668391000
1536668392000
1536668393000
1536668394000
1536668395000
1536668396000
1536668397000
1536668398000
1536668399000
1536668400000
1536668401000
1536668402000
1536668403000
1536668404000
1536668405000
1536668406000
1536668407000
1536668408000
1536668409000
1536668410000
1536668411000
1536668412000
1536668413000
1536668414000
1536668415000
1536668416000
1536668417000
1536668418000
1536668419000
1536668420000
1536668421000
1536668422000
1536668423000
1536668424000
1536668425000
1536668426000
1536668427000
1536668428000
1536668429000
1536668430000
1536668431000
1536668432000
1536668433000
1536668434000
1536668435000
1536668436000
1536668437000
1536668438000
1536668439000
1536668440000
1536668441000
1536668442000
1536668443000
1536668444000
1536668445000
1536668446000
1536668447000
1536668448000
1536668449000
1536668450000
1536668451000
1536668452000
1536668453000
1536668454000
1536668455000
1536668456000
1536668457000
1536668458000
1536668459000
1536668460000
1536668461000
1536668462000
1536668463000
1536668464000
1536668465000
1536668466000
1536668467000
1536668468000
1536668469000
1536668470000
1536668471000
1536668472000
1536668473000
1536668474000
1536668475000
1536668476000
1536668477000
1536668478000
1536668479000
1536668480000
1536668481000
1536668482000
1536668483000
1536668484000
1536668485000
1536668486000
1536668487000
1536668488000
1536668489000
1536668490000
1536668491000
1536668492000
1536668493000
1536668494000
1536668495000
1536668496000
1536668497000
1536668498000
1536668499000
1536668500000
1536668501000
1536668502000
1536668503000
1536668504000
1536668505000
1536668506000
1536668507000
1536668508000
1536668509000
1536668510000
1536668511000
1536668512000
1536668513000
1536668514000
1536668515000
1536668516000
1536668517000
1536668518000
1536668519000
1536668520000
1536668521000
1536668522000
1536668523000
1536668524000
1536668525000
1536668526000
1536668527000
1536668528000
1536668529000
1536668530000
1536668531000
1536668532000
1536668533000
1536668534000
1536668535000
1536668536000
1536668537000
1536668538000
1536668539000
1536668540000
1536668541000
1536668542000
1536668543000
1536668544000
1536668545000
1536668546000
1536668547000
1536668548000
1536668549000
1536668550000
1536668551000
1536668552000
1536668553000
1536668554000
1536668555000
1536668556000
1536668557000
1536668558000
1536668559000
1536668560000
1536668561000
1536668562000
1536668563000
1536668564000
1536668565000
1536668566000
1536668567000
1536668568000
1536668569000
1536668570000
1536668571000
1536668572000
1536668573000
1536668574000
1536668575000
1536668576000
1536668577000
1536668578000
1536668579000
1536668580000
1536668581000
1536668582000
1536668583000
1536668584000
1536668585000
1536668586000
1536668587000
1536668588000
1536668589000
1536668590000
1536668591000
1536668592000
1536668593000
1536668594000
1536668595000
1536668596000
1536668597000
1536668598000
1536668599000
1536668600000
1536668601000
1536668602000
1536668603000
1536668604000
1536668605000
1536668606000
1536668607000
1536668608000
1536668609000
1536668610000
1536668611000
1536668612000
1536668613000
1536668614000
1536668615000
1536668616000
1536668617000
1536668618000
1536668619000
1536668620000
1536668621000
1536668622000
1536668623000
1536668624000
1536668625000
1536668626000
1536668627000
1536668628000
1536668629000
1536668630000
1536668631000
1536668632000
1536668633000
1536668634000
1536668635000
1536668636000
1536668637000
1536668638000
1536668639000
1536668640000
1536668641000
1536668642000
1536668643000
1536668644000
1536668645000
1536668646000
1536668647000
1536668648000
1536668649000
1536668650000
1536668651000
1536668652000
1536668653000
1536668654000
1536668655000
1536668656000
1536668657000
1536668658000
1536668659000
1536668660000
1536668661000
1536668662000
1536668663000
1536668664000
1536668665000
1536668666000
1536668667000
1536668668000
1536668669000
1536668670000
1536668671000
1536668672000
1536668673000
1536668674000
1536668675000
1536668676000
1536668677000
1536668678000
1536668679000
1536668680000
1536668681000
1536668682000
1536668683000
1536668684000
1536668685000
1536668686000
1536668687000
1536668688000
1536668689000
1536668690000
1536668691000
1536668692000
1536668693000
1536668694000
1536668695000
1536668696000
1536668697000
1536668698000
1536668699000
1536668700000
1536668701000
1536668702000
1536668703000
1536668704000
1536668705000
1536668706000
1536668707000
1536668708000
1536668709000
1536668710000
1536668711000
1536668712000
1536668713000
1536668714000
1536668715000
1536668716000
1536668717000
1536668718000
1536668719000
1536668720000
1536668721000
1536668722000
1536668723000
1536668724000
1536668725000
1536668726000
1536668727000
1536668728000
1536668729000
1536668730000
1536668731000
1536668732000
1536668733000
1536668734000
1536668735000
1536668736000
1536668737000
1536668738000
1536668739000
1536668740000
1536668741000
1536668742000
1536668743000
1536668744000
1536668745000
1536668746000
1536668747000
1536668748000
1536668749000
1536668750000
1536668751000
1536668752000
1536668753000
1536668754000
1536668755000
1536668756000
1536668757000
1536668758000
1536668759000
1536668760000
1536668761000
1536668762000
1536668763000
1536668764000
1536668765000
1536668766000
1536668767000
1536668768000
1536668769000
1536668770000
1536668771000
1536668772000
1536668773000
1536668774000
1536668775000
1536668776000
1536668777000
1536668778000
1536668779000
1536668780000
1536668781000
1536668782000
1536668783000
1536668784000
1536668785000
1536668786000
1536668787000
1536668788000
1536668789000
1536668790000
1536668791000
1536668792000
1536668793000
1536668794000
1536668795000
1536668796000
1536668797000
1536668798000
1536668799000
1536668800000
1536668801000
1536668802000
1536668803000
1536668804000
1536668805000
1536668806000
1536668807000
1536668808000
1536668809000
1536668810000
1536668811000
1536668812000
1536668813000
1536668814000
1536668815000
1536668816000
1536668817000
1536668818000
1536668819000
1536668820000
1536668821000
1536668822000
1536668823000
1536668824000
1536668825000
1536668826000
1536668827000
1536668828000
1536668829000
1536668830000
1536668831000
1536668832000
1536668833000
1536668834000
1536668835000
1536668836000
1536668837000
1536668838000
1536668839000
1536668840000
1536668841000
1536668842000
1536668843000
1536668844000
1536668845000
1536668846000
1536668847000
1536668848000
1536668849000
1536668850000
1536668851000
1536668852000
1536668853000
1536668854000
1536668855000
1536668856000
1536668857000
1536668858000
1536668859000
1536668860000
1536668861000
1536668862000
1536668863000
1536668864000
1536668865000
1536668866000
1536668867000
1536668868000
1536668869000
1536668870000
1536668871000
1536668872000
1536668873000
1536668874000
1536668875000
1536668876000
1536668877000
1536668878000
1536668879000
1536668880000
1536668881000
1536668882000
1536668883000
1536668884000
1536668885000
1536668886000
1536668887000
1536668888000
1536668889000
1536668890000
1536668891000
1536668892000
1536668893000
1536668894000
1536668895000
1536668896000
1536668897000
1536668898000
1536668899000
1536668900000
1536668901000
1536668902000
1536668903000
1536668904000
1536668905000
1536668906000
1536668907000
1536668908000
1536668909000
1536668910000
1536668911000
1536668912000
1536668913000
1536668914000
1536668915000
1536668916000
1536668917000
1536668918000
1536668919000
1536668920000
1536668921000
1536668922000
1536668923000
1536668924000
1536668925000
1536668926000
1536668927000
1536668928000
1536668929000
1536668930000
1536668931000
1536668932000
1536668933000
1536668934000
1536668935000
1536668936000
1536668937000
1536668938000
1536668939000
1536668940000
1536668941000
1536668942000
1536668943000
1536668944000
1536668945000
1536668946000
1536668947000
1536668948000
1536668949000
1536668950000
1536668951000
1536668952000
1536668953000
1536668954000
1536668955000
1536668956000
1536668957000
1536668958000
1536668959000
1536668960000
1536668961000
1536668962000
1536668963000
1536668964000
1536668965000
1536668966000
1536668967000
1536668968000
1536668969000
1536668970000
1536668971000
1536668972000
1536668973000
1536668974000
1536668975000
1536668976000
1536668977000
1536668978000
1536668979000
1536668980000
1536668981000
1536668982000
1536668983000
1536668984000
1536668985000
1536668986000
1536668987000
1536668988000
1536668989000
1536668990000
1536668991000
1536668992000
1536668993000
1536668994000
1536668995000
1536668996000
1536668997000
1536668998000
1536668999000
1536669000000
1536669001000
1536669002000
1536669003000
1536669004000
1536669005000
1536669006000
1536669007000
1536669008000
1536669009000
1536669010000
1536669011000
1536669012000
1536669013000
1536669014000
1536669015000
1536669016000
1536669017000
1536669018000
1536669019000
1536669020000
1536669021000
1536669022000
1536669023000
1536669024000
1536669025000
1536669026000
1536669027000
1536669028000
1536669029000
1536669030000
1536669031000
1536669032000
1536669033000
1536669034000
1536669035000
1536669036000
1536669037000
1536669038000
1536669039000
1536669040000
1536669041000
1536669042000
1536669043000
1536669044000
1536669045000
1536669046000
1536669047000
1536669048000
1536669049000
1536669050000
1536669051000
1536669052000
1536669053000
1536669054000
1536669055000
1536669056000
1536669057000
1536669058000
1536669059000
1536669060000
1536669061000
1536669062000
1536669063000
1536669064000
1536669065000
1536669066000
1536669067000
1536669068000
1536669069000
1536669070000
1536669071000
1536669072000
1536669073000
1536669074000
1536669075000
1536669076000
1536669077000
1536669078000
1536669079000
1536669080000
1536669081000
1536669082000
1536669083000
1536669084000
1536669085000
1536669086000
1536669087000
1536669088000
1536669089000
1536669090000
1536669091000
1536669092000
1536669093000
1536669094000
1536669095000
1536669096000
1536669097000
1536669098000
1536669099000
1536669100000
1536669101000
1536669102000
1536669103000
1536669104000
1536669105000
1536669106000
1536669107000
1536669108000
1536669109000
1536669110000
1536669111000
1536669112000
1536669113000
1536669114000
1536669115000
1536669116000
1536669117000
1536669118000
1536669119000
1536669120000
1536669121000
1536669122000
1536669123000
1536669124000
1536669125000
1536669126000
1536669127000
1536669128000
1536669129000
1536669130000
1536669131000
1536669132000
1536669133000
1536669134000
1536669135000
1536669136000
1536669137000
1536669138000
1536669139000
1536669140000
1536669141000
1536669142000
1536669143000
1536669144000
1536669145000
1536669146000
1536669147000
1536669148000
1536669149000
1536669150000
1536669151000
1536669152000
1536669153000
1536669154000
1536669155000
1536669156000
1536669157000
1536669158000
1536669159000
1536669160000
1536669161000
1536669162000
1536669163000
1536669164000
1536669165000
1536669166000
1536669167000
1536669168000
1536669169000
1536669170000
1536669171000
1536669172000
1536669173000
1536669174000
1536669175000
1536669176000
1536669177000
1536669178000
1536669179000
1536669180000
1536669181000
1536669182000
1536669183000
1536669184000
1536669185000
1536669186000
1536669187000
1536669188000
1536669189000
1536669190000
1536669191000
1536669192000
1536669193000
1536669194000
1536669195000
1536669196000
1536669197000
1536669198000
1536669199000
1536669200000
1536669201000
1536669202000
1536669203000
1536669204000
1536669205000
1536669206000
1536669207000
1536669208000
1536669209000
1536669210000
1536669211000
1536669212000
1536669213000
1536669214000
1536669215000
1536669216000
1536669217000
1536669218000
1536669219000
1536669220000
1536669221000
1536669222000
1536669223000
1536669224000
1536669225000
1536669226000
1536669227000
1536669228000
1536669229000
1536669230000
1536669231000
1536669232000
1536669233000
1536669234000
1536669235000
1536669236000
1536669237000
1536669238000
1536669239000
1536669240000
1536669241000
1536669242000
1536669243000
1536669244000
1536669245000
1536669246000
1536669247000
1536669248000
1536669249000
1536669250000
1536669251000
1536669252000
1536669253000
1536669254000
1536669255000
1536669256000
1536669257000
1536669258000
1536669259000
1536669260000
1536669261000
1536669262000
1536669263000
1536669264000
1536669265000
1536669266000
1536669267000
1536669268000
1536669269000
1536669270000
1536669271000
1536669272000
1536669273000
1536669274000
1536669275000
1536669276000
1536669277000
1536669278000
1536669279000
1536669280000
1536669281000
1536669282000
1536669283000
1536669284000
1536669285000
1536669286000
1536669287000
1536669288000
1536669289000
1536669290000
1536669291000
1536669292000
1536669293000
1536669294000
1536669295000
1536669296000
1536669297000
1536669298000
1536669299000
1536669300000
1536669301000
1536669302000
1536669303000
1536669304000
1536669305000
1536669306000
1536669307000
1536669308000
1536669309000
1536669310000
1536669311000
1536669312000
1536669313000
1536669314000
1536669315000
1536669316000
1536669317000
1536669318000
1536669319000
1536669320000
1536669321000
1536669322000
1536669323000
1536669324000
1536669325000
1536669326000
1536669327000
1536669328000
1536669329000
1536669330000
1536669331000
1536669332000
1536669333000
1536669334000
1536669335000
1536669336000
1536669337000
1536669338000
1536669339000
1536669340000
1536669341000
1536669342000
1536669343000
1536669344000
1536669345000
1536669346000
1536669347000
1536669348000
1536669349000
1536669350000
1536669351000
1536669352000
1536669353000
1536669354000
1536669355000
1536669356000
1536669357000
1536669358000
1536669359000
1536669360000
1536669361000
1536669362000
1536669363000
1536669364000
1536669365000
1536669366000
1536669367000
1536669368000
1536669369000
1536669370000
1536669371000
1536669372000
1536669373000
1536669374000
1536669375000
1536669376000
1536669377000
1536669378000
1536669379000
1536669380000
1536669381000
1536669382000
1536669383000
1536669384000
1536669385000
1536669386000
1536669387000
1536669388000
1536669389000
1536669390000
1536669391000
1536669392000
1536669393000
1536669394000
1536669395000
1536669396000
1536669397000
1536669398000
1536669399000
1536669400000
1536669401000
1536669402000
1536669403000
1536669404000
1536669405000
1536669406000
1536669407000
1536669408000
1536669409000
1536669410000
1536669411000
1536669412000
1536669413000
1536669414000
1536669415000
1536669416000
1536669417000
1536669418000
1536669419000
1536669420000
1536669421000
1536669422000
1536669423000
1536669424000
1536669425000
1536669426000
1536669427000
1536669428000
1536669429000
1536669430000
1536669431000
1536669432000
1536669433000
1536669434000
1536669435000
1536669436000
1536669437000
1536669438000
1536669439000
1536669440000
1536669441000
1536669442000
1536669443000
1536669444000
1536669445000
1536669446000
1536669447000
1536669448000
1536669449000
1536669450000
1536669451000
1536669452000
1536669453000
1536669454000
1536669455000
1536669456000
1536669457000
1536669458000
1536669459000
1536669460000
1536669461000
1536669462000
1536669463000
1536669464000
1536669465000
1536669466000
1536669467000
1536669468000
1536669469000
1536669470000
1536669471000
1536669472000
1536669473000
1536669474000
1536669475000
1536669476000
1536669477000
1536669478000
1536669479000
1536669480000
1536669481000
1536669482000
1536669483000
1536669484000
1536669485000
1536669486000
1536669487000
1536669488000
1536669489000
1536669490000
1536669491000
1536669492000
1536669493000
1536669494000
1536669495000
1536669496000
1536669497000
1536669498000
1536669499000
1536669500000
1536669501000
1536669502000
1536669503000
1536669504000
1536669505000
1536669506000
1536669507000
1536669508000
1536669509000
1536669510000
1536669511000
1536669512000
1536669513000
1536669514000
1536669515000
1536669516000
1536669517000
1536669518000
1536669519000
1536669520000
1536669521000
1536669522000
1536669523000
1536669524000
1536669525000
1536669526000
1536669527000
1536669528000
1536669529000
1536669530000
1536669531000
1536669532000
1536669533000
1536669534000
1536669535000
1536669536000
1536669537000
1536669538000
1536669539000
1536669540000
1536669541000
1536669542000
1536669543000
1536669544000
1536669545000
1536669546000
1536669547000
1536669548000
1536669549000
1536669550000
1536669551000
1536669552000
1536669553000
1536669554000
1536669555000
1536669556000
1536669557000
1536669558000
1536669559000
1536669560000
1536669561000
1536669562000
1536669563000
1536669564000
1536669565000
1536669566000
1536669567000
1536669568000
1536669569000
1536669570000
1536669571000
1536669572000
1536669573000
1536669574000
1536669575000
1536669576000
1536669577000
1536669578000
1536669579000
1536669580000
1536669581000
1536669582000
1536669583000
1536669584000
1536669585000
1536669586000
1536669587000
1536669588000
1536669589000
1536669590000
1536669591000
1536669592000
1536669593000
1536669594000
1536669595000
1536669596000
1536669597000
1536669598000
1536669599000
1536669600000
1536669601000
1536669602000
1536669603000
1536669604000
1536669605000
1536669606000
1536669607000
1536669608000
1536669609000
1536669610000
1536669611000
1536669612000
1536669613000
1536669614000
1536669615000
1536669616000
1536669617000
1536669618000
1536669619000
1536669620000
1536669621000
1536669622000
1536669623000
1536669624000
1536669625000
1536669626000
1536669627000
1536669628000
1536669629000
1536669630000
1536669631000
1536669632000
1536669633000
1536669634000
1536669635000
1536669636000
1536669637000
1536669638000
1536669639000
1536669640000
1536669641000
1536669642000
1536669643000
1536669644000
1536669645000
1536669646000
1536669647000
1536669648000
1536669649000
1536669650000
1536669651000
1536669652000
1536669653000
1536669654000
1536669655000
1536669656000
1536669657000
1536669658000
1536669659000
1536669660000
1536669661000
1536669662000
1536669663000
1536669664000
1536669665000
1536669666000
1536669667000
1536669668000
1536669669000
1536669670000
1536669671000
1536669672000
1536669673000
1536669674000
1536669675000
1536669676000
1536669677000
1536669678000
1536669679000
1536669680000
1536669681000
1536669682000
1536669683000
1536669684000
1536669685000
1536669686000
1536669687000
1536669688000
1536669689000
1536669690000
1536669691000
1536669692000
1536669693046
1536669694000
1536669695000
1536669696000
1536669697000
1536669698000
1536669699000
1536669700000
1536669701000
1536669702000
1536669703000
1536669704000
1536669705000
1536669706000
1536669707000
1536669708000
1536669709000
1536669710000
1536669711000
1536669712000
1536669713000
1536669714000
1536669715000
1536669716000
1536669717000
1536669718000
1536669719000
1536669720000
1536669721000
1536669722000
1536669723000
1536669724000
1536669725000
1536669726000
1536669727000
1536669728000
1536669729000
1536669730000
1536669731000
1536669732000
1536669733000
1536669734000
1536669735000
1536669736000
1536669737000
1536669738000
1536669739000
1536669740000
1536669741000
1536669742000
1536669743000
1536669744000
1536669745000
1536669746000
1536669747000
1536669748000
1536669749000
1536669750000
1536669751000
1536669752000
1536669753000
1536669754000
1536669755000
1536669756000
1536669757000
1536669758000
1536669759000
1536669760000
1536669761000
1536669762000
1536669763000
1536669764000
1536669765000
1536669766000
1536669767000
1536669768000
1536669769000
1536669770000
1536669771000
1536669772000
1536669773000
1536669774000
1536669775000
1536669776000
1536669777000
1536669778000
1536669779000
1536669780000
1536669781000
1536669782000
1536669783000
1536669784000
1536669785000
1536669786000
1536669787000
1536669788000
1536669789000
1536669790000
1536669791000
1536669792000
1536669793000
1536669794000
1536669795000
1536669796000
1536669797000
1536669798000
1536669799000
1536669800000
1536669801000
1536669802000
1536669803000
1536669804000
1536669805000
1536669806000
1536669807000
1536669808000
1536669809000
1536669810000
1536669811000
1536669812000
1536669813000
1536669814000
1536669815000
1536669816000
1536669817000
1536669818000
1536669819000
1536669820000
1536669821000
1536669822000
1536669823000
1536669824000
1536669825000
1536669826000
1536669827000
1536669828000
1536669829000
1536669830000
1536669831000
1536669832000
1536669833000
1536669834000
1536669835000
1536669836000
1536669837000
1536669838000
1536669839000
1536669840000
1536669841000
1536669842000
1536669843000
1536669844000
1536669845000
1536669846000
1536669847000
1536669848000
1536669849000
1536669850000
1536669851000
1536669852000
1536669853000
1536669854000
1536669855000
1536669856000
1536669857000
1536669858000
1536669859000
1536669860000
1536669861000
1536669862000
1536669863000
1536669864000
1536669865000
1536669866000
1536669867000
1536669868000
1536669869000
1536669870000
1536669871000
1536669872000
1536669873000
1536669874000
1536669875000
1536669876000
1536669877000
1536669878000
1536669879000
1536669880000
1536669881000
1536669882000
1536669883000
1536669884000
1536669885000
1536669886000
1536669887000
1536669888000
1536669889000
1536669890000
1536669891000
1536669892000
1536669893000
1536669894000
1536669895000
1536669896000
1536669897000
1536669898000
1536669899000
1536669900000
1536669901000
1536669902000
1536669903000
1536669904000
1536669905000
1536669906000
1536669907000
1536669908000
1536669909000
1536669910000
1536669911000
1536669912000
1536669913000
1536669914000
1536669915000
1536669916000
1536669917000
1536669918000
1536669919000
1536669920000
1536669921000
1536669922000
1536669923000
1536669924000
1536669925000
1536669926000
1536669927000
1536669928000
1536669929000
1536669930000
1536669931000
1536669932000
1536669933000
1536669934000
1536669935000
1536669936000
1536669937000
1536669938000
1536669939000
1536669940000
1536669941000
1536669942000
1536669943000
1536669944000
1536669945000
1536669946000
1536669947004
1536669948000
1536669949000
1536669950000
1536669951000
1536669952000
1536669953000
1536669954000
1536669955000
1536669956000
1536669957000
1536669958001
1536669959000
1536669960000
1536669961000
1536669962000
1536669963000
1536669964000
1536669965000
1536669966000
1536669967000
1536669968000
1536669969000
1536669970000
1536669971000
1536669972000
1536669973000
1536669974000
1536669975000
1536669976000
1536669977000
1536669978000
1536669979000
1536669980000
1536669981000
1536669982000
1536669983000
1536669984000
1536669985000
1536669986000
1536669987000
1536669988000
1536669989000
1536669990000
1536669991000
1536669992000
1536669993000
1536669994000
1536669995000
1536669996000
1536669997000
1536669998000
1536669999000
1536670000000
1536670001000
1536670002000
1536670003000
1536670004000
1536670005000
1536670006000
1536670007000
1536670008000
1536670009000
1536670010000
1536670011000
1536670012000
1536670013000
1536670014000
1536670015000
1536670016000
1536670017000
1536670018000
1536670019000
1536670020000
1536670021000
1536670022000
1536670023000
1536670024000
1536670025000
1536670026000
1536670027000
1536670028000
1536670029000
1536670030000
1536670031000
1536670032000
1536670033000
1536670034000
1536670035000
1536670036000
1536670037000
1536670038000
1536670039000
1536670040000
1536670041000
1536670042000
1536670043000
1536670044000
1536670045000
1536670046000
1536670047000
1536670048000
1536670049000
1536670050000
1536670051000
1536670052000
1536670053000
1536670054000
1536670055000
1536670056000
1536670057000
1536670058000
1536670059000
1536670060000
1536670061000
1536670062000
1536670063000
1536670064000
1536670065000
1536670066000
1536670067000
1536670068000
1536670069000
1536670070000
1536670071000
1536670072000
1536670073000
1536670074000
1536670075000
1536670076000
1536670077000
1536670078000
1536670079000
1536670080000
1536670081000
1536670082000
1536670083000
1536670084000
1536670085000
1536670086000
1536670087000
1536670088000
1536670089000
1536670090000
1536670091000
1536670092000
1536670093000
1536670094000
1536670095000
1536670096000
1536670097000
1536670098000
1536670099000
1536670100000
1536670101000
1536670102000
1536670103000
1536670104000
1536670105000
1536670106000
1536670107000
1536670108000
1536670109000
1536670110000
1536670111000
1536670112000
1536670113000
1536670114000
1536670115000
1536670116000
1536670117000
1536670118000
1536670119000
1536670120000
1536670121000
1536670122000
1536670123000
1536670124000
1536670125000
1536670126000
1536670127000
1536670128000
1536670129000
1536670130000
1536670131000
1536670132000
1536670133000
1536670134000
1536670135000
1536670136000
1536670137000
1536670138000
1536670139000
1536670140000
1536670141000
1536670142000
1536670143000
1536670144000
1536670145000
1536670146000
1536670147000
1536670148000
1536670149000
1536670150000
1536670151000
1536670152000
1536670153000
1536670154000
1536670155000
1536670156000
1536670157000
1536670158000
1536670159000
1536670160000
1536670161000
1536670162000
1536670163000
1536670164000
1536670165000
1536670166000
1536670167000
1536670168000
1536670169000
1536670170000
1536670171000
1536670172000
1536670173000
1536670174000
1536670175000
1536670176000
1536670177000
1536670178000
1536670179000
1536670180000
1536670181000
1536670182000
1536670183000
1536670184000
1536670185000
1536670186000
1536670187000
1536670188000
1536670189000
1536670190000
1536670191000
1536670192000
1536670193000
1536670194000
1536670195000
1536670196000
1536670197000
1536670198000
1536670199000
1536670200000
1536670201000
1536670202000
1536670203000
1536670204000
1536670205000
1536670206000
1536670207000
1536670208000
1536670209000
1536670210000
1536670211000
1536670212000
1536670213000
1536670214000
1536670215000
1536670216000
1536670217000
1536670218000
1536670219000
1536670220000
1536670221000
1536670222000
1536670223000
1536670224000
1536670225000
1536670226000
1536670227000
1536670228000
1536670229000
1536670230000
1536670231000
1536670232000
1536670233000
1536670234000
1536670235000
1536670236000
1536670237000
1536670238000
1536670239000
1536670240000
1536670241000
1536670242000
1536670243000
1536670244000
1536670245000
1536670246000
1536670247000
1536670248000
1536670249000
1536670250000
1536670251000
1536670252000
1536670253000
1536670254000
1536670255000
1536670256000
1536670257000
1536670258000
1536670259000
1536670260000
1536670261000
1536670262000
1536670263000
1536670264000
1536670265000
1536670266000
1536670267000
1536670268000
1536670269000
1536670270000
1536670271000
1536670272000
1536670273000
1536670274000
1536670275000
1536670276000
1536670277000
1536670278000
1536670279000
1536670280000
1536670281000
1536670282000
1536670283000
1536670284000
1536670285000
1536670286000
1536670287000
1536670288000
1536670289000
1536670290000
1536670291007
1536670292000
1536670293000
1536670294000
1536670295000
1536670296000
1536670297000
1536670298000
1536670299000
1536670300000
1536670301000
1536670302000
1536670303000
1536670304000
1536670305000
1536670306000
1536670307000
1536670308000
1536670309000
1536670310000
1536670311000
1536670312000
1536670313000
1536670314000
1536670315000
1536670316000
1536670317000
1536670318000
1536670319000
1536670320000
1536670321000
1536670322000
1536670323000
1536670324000
1536670325000
1536670326000
1536670327000
1536670328000
1536670329000
1536670330000
1536670331000
1536670332000
1536670333000
1536670334000
1536670335000
1536670336000
1536670337000
1536670338000
1536670339000
1536670340000
1536670341000
1536670342000
1536670343000
1536670344000
1536670345000
1536670346000
1536670347000
1536670348000
1536670349000
1536670350000
1536670351000
1536670352000
1536670353000
1536670354000
1536670355000
1536670356000
1536670357000
1536670358000
1536670359000
1536670360000
1536670361000
1536670362000
1536670363000
1536670364000
1536670365000
1536670366000
1536670367000
1536670368000
1536670369000
1536670370000
1536670371000
1536670372000
1536670373000
1536670374000
1536670375000
1536670376000
1536670377000
1536670378000
1536670379000
1536670380000
1536670381000
1536670382000
1536670383000
1536670384000
1536670385000
1536670386000
1536670387000
1536670388000
1536670389000
1536670390000
1536670391000
1536670392000
1536670393000
1536670394000
1536670395000
1536670396000
1536670397000
1536670398000
1536670399000
1536670400000
1536670401000
1536670402000
1536670403000
1536670404000
1536670405000
1536670406000
1536670407000
1536670408000
1536670409000
1536670410000
1536670411000
1536670412000
1536670413000
1536670414000
1536670415000
1536670416000
1536670417000
1536670418000
1536670419000
1536670420000
1536670421000
1536670422000
1536670423000
1536670424000
1536670425000
1536670426000
1536670427000
1536670428000
1536670429000
1536670430000
1536670431000
1536670432000
1536670433000
1536670434000
1536670435000
1536670436000
1536670437000
1536670438000
1536670439000
1536670440000
1536670441000
1536670442000
1536670443000
1536670444000
1536670445000
1536670446000
1536670447000
1536670448000
1536670449000
1536670450000
1536670451000
1536670452000
1536670453000
1536670454000
1536670455000
1536670456000
1536670457000
1536670458000
1536670459000
1536670460000
1536670461000
1536670462000
1536670463000
1536670464000
1536670465000
1536670466000
1536670467000
1536670468000
1536670469000
1536670470000
1536670471000
1536670472000
1536670473000
1536670474000
1536670475000
1536670476000
1536670477000
1536670478000
1536670479000
1536670480000
1536670481000
1536670482000
1536670483000
1536670484000
1536670485000
1536670486000
1536670487000
1536670488000
1536670489000
1536670490000
1536670491000
1536670492000
1536670493000
1536670494000
1536670495000
1536670496000
1536670497000
1536670498000
1536670499000
1536670500000
1536670501000
1536670502000
1536670503000
1536670504000
1536670505000
1536670506000
1536670507000
1536670508000
1536670509000
1536670510000
1536670511000
1536670512000
1536670513000
1536670514000
1536670515000
1536670516000
1536670517000
1536670518000
1536670519000
1536670520000
1536670521000
1536670522000
1536670523000
1536670524000
1536670525000
1536670526000
1536670527000
1536670528000
1536670529000
1536670530000
1536670531000
1536670532000
1536670533000
1536670534000
1536670535000
1536670536000
1536670537000
1536670538000
1536670539000
1536670540000
1536670541000
1536670542000
1536670543000
1536670544000
1536670545000
1536670546000
1536670547000
1536670548000
1536670549000
1536670550000
1536670551000
1536670552000
1536670553000
1536670554000
1536670555000
1536670556000
1536670557000
1536670558000
1536670559000
1536670560000
1536670561000
1536670562000
1536670563000
1536670564000
1536670565000
1536670566000
1536670567000
1536670568000
1536670569000
1536670570000
1536670571000
1536670572000
1536670573000
1536670574000
1536670575000
1536670576000
1536670577000
1536670578000
1536670579000
1536670580000
1536670581000
1536670582000
1536670583000
1536670584000
1536670585000
1536670586000
1536670587000
1536670588000
1536670589000
1536670590000
1536670591000
1536670592000
1536670593000
1536670594000
1536670595000
1536670596000
1536670597000
1536670598000
1536670599000
1536670600000
1536670601000
1536670602000
1536670603000
1536670604000
1536670605000
1536670606000
1536670607000
1536670608000
1536670609000
1536670610000
1536670611000
1536670612000
1536670613000
1536670614000
1536670615000
1536670616000
1536670617000
1536670618000
1536670619000
1536670620000
1536670621000
1536670622000
1536670623000
1536670624000
1536670625000
1536670626000
1536670627000
1536670628000
1536670629000
1536670630000
1536670631000
1536670632000
1536670633000
1536670634000
1536670635000
1536670636000
1536670637000
1536670638000
1536670639000
1536670640000
1536670641000
1536670642000
1536670643000
1536670644000
1536670645000
1536670646000
1536670647000
1536670648000
1536670649000
1536670650000
1536670651000
1536670652000
1536670653000
1536670654000
1536670655000
1536670656000
1536670657000
1536670658000
1536670659000
1536670660000
1536670661000
1536670662000
1536670663000
1536670664000
1536670665000
1536670666000
1536670667000
1536670668000
1536670669000
1536670670000
1536670671000
1536670672000
1536670673000
1536670674000
1536670675000
1536670676000
1536670677000
1536670678000
1536670679000
1536670680000
1536670681000
1536670682000
1536670683000
1536670684000
1536670685000
1536670686000
1536670687000
1536670688000
1536670689000
1536670690000
1536670691000
1536670692000
1536670693000
1536670694000
1536670695000
1536670696000
1536670697000
1536670698000
1536670699000
1536670700000
1536670701000
1536670702000
1536670703000
1536670704000
1536670705000
1536670706000
1536670707000
1536670708000
1536670709000
1536670710000
1536670711000
1536670712000
1536670713000
1536670714000
1536670715000
1536670716000
1536670717000
1536670718000
1536670719000
1536670720000
1536670721000
1536670722000
1536670723000
1536670724000
1536670725000
1536670726000
1536670727000
1536670728000
1536670729000
1536670730000
1536670731000
1536670732000
1536670733000
1536670734000
1536670735000
1536670736000
1536670737000
1536670738000
1536670739000
1536670740000
1536670741000
1536670742000
1536670743000
1536670744000
1536670745000
1536670746000
1536670747000
1536670748000
1536670749000
1536670750000
1536670751000
1536670752000
1536670753000
1536670754000
1536670755000
1536670756000
1536670757000
1536670758000
1536670759000
1536670760000
1536670761000
1536670762000
1536670763000
1536670764000
1536670765000
1536670766000
1536670767000
1536670768000
1536670769000
1536670770000
1536670771000
1536670772000
1536670773000
1536670774000
1536670775000
1536670776000
1536670777000
1536670778000
1536670779000
1536670780000
1536670781000
1536670782000
1536670783000
1536670784000
1536670785000
1536670786000
1536670787000
1536670788000
1536670789000
1536670790000
1536670791000
1536670792000
1536670793000
1536670794000
1536670795000
1536670796000
1536670797000
1536670798000
1536670799000
1536670800000
1536670801000
1536670802000
1536670803000
1536670804000
1536670805000
1536670806000
1536670807000
1536670808000
1536670809000
1536670810000
1536670811000
1536670812000
1536670813000
1536670814000
1536670815000
1536670816000
1536670817000
1536670818000
1536670819000
1536670820000
1536670821000
1536670822000
1536670823000
1536670824000
1536670825000
1536670826000
1536670827000
1536670828000
1536670829000
1536670830000
1536670831000
1536670832000
1536670833000
1536670834000
1536670835000
1536670836000
1536670837000
1536670838000
1536670839000
1536670840000
1536670841000
1536670842000
1536670843000
1536670844000
1536670845000
1536670846000
1536670847000
1536670848000
1536670849000
1536670850000
1536670851000
1536670852000
1536670853000
1536670854000
1536670855000
1536670856000
1536670857000
1536670858000
1536670859000
1536670860000
1536670861000
1536670862000
1536670863000
1536670864000
1536670865000
1536670866000
1536670867000
1536670868000
1536670869000
1536670870000
1536670871000
1536670872000
1536670873000
1536670874000
1536670875000
1536670876000
1536670877000
1536670878000
1536670879000
1536670880000
1536670881000
1536670882000
1536670883000
1536670884000
1536670885000
1536670886000
1536670887000
1536670888000
1536670889000
1536670890000
1536670891000
1536670892000
1536670893000
1536670894000
1536670895000
1536670896000
1536670897000
1536670898000
1536670899000
1536670900000
1536670901000
1536670902000
1536670903000
1536670904000
1536670905000
1536670906000
1536670907000
1536670908000
1536670909000
1536670910000
1536670911000
1536670912000
1536670913000
1536670914000
1536670915000
1536670916000
1536670917000
1536670918000
1536670919000
1536670920000
1536670921000
1536670922000
1536670923000
1536670924000
1536670925000
1536670926000
1536670927000
1536670928000
1536670929000
1536670930000
1536670931000
1536670932000
1536670933000
1536670934000
1536670935000
1536670936000
1536670937000
1536670938000
1536670939000
1536670940000
1536670941000
1536670942000
1536670943000
1536670944000
1536670945000
1536670946000
1536670947000
1536670948000
1536670949000
1536670950000
1536670951000
1536670952000
1536670953000
1536670954000
1536670955000
1536670956000
1536670957000
1536670958000
1536670959000
1536670960000
1536670961000
1536670962000
1536670963000
1536670964000
1536670965000
1536670966000
1536670967000
1536670968000
1536670969000
1536670970000
1536670971000
1536670972000
1536670973000
1536670974000
1536670975000
1536670976000
1536670977000
1536670978000
1536670979000
1536670980000
1536670981000
1536670982000
1536670983000
1536670984000
1536670985000
1536670986000
1536670987000
1536670988000
1536670989000
1536670990000
1536670991000
1536670992000
1536670993000
1536670994000
1536670995000
1536670996000
1536670997000
1536670998000
1536670999000
1536671000000
1536671001000
1536671002000
1536671003000
1536671004000
1536671005000
1536671006000
1536671007000
1536671008000
1536671009000
1536671010000
1536671011000
1536671012000
1536671013000
1536671014000
1536671015000
1536671016000
1536671017000
1536671018000
1536671019000
1536671020000
1536671021000
1536671022000
1536671023000
1536671024000
1536671025000
1536671026000
1536671027000
1536671028000
1536671029000
1536671030000
1536671031000
1536671032000
1536671033000
1536671034000
1536671035000
1536671036000
1536671037000
1536671038000
1536671039000
1536671040000
1536671041000
1536671042000
1536671043000
1536671044000
1536671045000
1536671046000
1536671047000
1536671048000
1536671049000
1536671050000
1536671051000
1536671052000
1536671053000
1536671054000
1536671055000
1536671056000
1536671057000
1536671058000
1536671059000
1536671060000
1536671061000
1536671062000
1536671063000
1536671064000
1536671065000
1536671066000
1536671067000
1536671068000
1536671069000
1536671070000
1536671071000
1536671072000
1536671073000
1536671074000
1536671075000
1536671076000
1536671077000
1536671078000
1536671079000
1536671080000
1536671081000
1536671082000
1536671083000
1536671084000
1536671085000
1536671086000
1536671087000
1536671088000
1536671089000
1536671090000
1536671091000
1536671092000
1536671093000
1536671094000
1536671095000
1536671096000
1536671097000
1536671098000
1536671099000
1536671100000
1536671101000
1536671102000
1536671103000
1536671104000
1536671105000
1536671106000
1536671107000
1536671108000
1536671109000
1536671110000
1536671111000
1536671112000
1536671113000
1536671114000
1536671115000
1536671116000
1536671117000
1536671118000
1536671119000
1536671120000
1536671121000
1536671122000
1536671123000
1536671124000
1536671125000
1536671126000
1536671127000
1536671128000
1536671129000
1536671130000
1536671131000
1536671132000
1536671133000
1536671134000
1536671135000
1536671136000
1536671137000
1536671138000
1536671139000
1536671140000
1536671141000
1536671142000
1536671143000
1536671144000
1536671145000
1536671146000
1536671147000
1536671148000
1536671149000
1536671150000
1536671151000
1536671152000
1536671153000
1536671154000
1536671155000
1536671156000
1536671157000
1536671158000
1536671159000
1536671160000
1536671161000
1536671162000
1536671163000
1536671164000
1536671165000
1536671166000
1536671167000
1536671168000
1536671169000
1536671170000
1536671171000
1536671172000
1536671173000
1536671174000
1536671175000
1536671176000
1536671177000
1536671178000
1536671179000
1536671180000
1536671181000
1536671182000
1536671183000
1536671184000
1536671185000
1536671186000
1536671187000
1536671188000
1536671189000
1536671190000
1536671191000
1536671192000
1536671193000
1536671194000
1536671195000
1536671196000
1536671197000
1536671198000
1536671199000
1536671200000
1536671201000
1536671202000
1536671203000
1536671204000
1536671205000
1536671206000
1536671207000
1536671208000
1536671209000
1536671210000
1536671211000
1536671212000
1536671213000
1536671214000
1536671215000
1536671216000
1536671217000
1536671218000
1536671219000
1536671220000
1536671221000
1536671222000
1536671223000
1536671224000
1536671225000
1536671226000
1536671227000
1536671228000
1536671229000
1536671230000
1536671231000
1536671232000
1536671233000
1536671234000
1536671235000
1536671236000
1536671237000
1536671238000
1536671239000
1536671240000
1536671241000
1536671242000
1536671243000
1536671244000
1536671245000
1536671246000
1536671247000
1536671248000
1536671249000
1536671250000
1536671251000
1536671252000
1536671253000
1536671254000
1536671255000
1536671256000
1536671257000
1536671258000
1536671259000
1536671260000
1536671261000
1536671262000
1536671263000
1536671264000
1536671265000
1536671266000
1536671267000
1536671268000
1536671269000
1536671270000
1536671271000
1536671272000
1536671273000
1536671274000
1536671275000
1536671276000
1536671277000
1536671278000
1536671279000
1536671280000
1536671281000
1536671282000
1536671283000
1536671284000
1536671285000
1536671286000
1536671287000
1536671288000
1536671289000
1536671290000
1536671291000
1536671292000
1536671293000
1536671294000
1536671295000
1536671296000
1536671297000
1536671298000
1536671299000
1536671300000
1536671301000
1536671302000
1536671303000
1536671304000
1536671305000
1536671306000
1536671307000
1536671308000
1536671309000
1536671310000
1536671311000
1536671312000
1536671313000
1536671314000
1536671315000
1536671316000
1536671317000
1536671318000
1536671319000
1536671320000
1536671321000
1536671322000
1536671323000
1536671324000
1536671325000
1536671326000
1536671327000
1536671328000
1536671329000
1536671330000
1536671331000
1536671332000
1536671333000
1536671334000
1536671335000
1536671336000
1536671337000
1536671338000
1536671339000
1536671340000
1536671341000
1536671342000
1536671343000
1536671344000
1536671345000
1536671346000
1536671347000
1536671348000
1536671349000
1536671350000
1536671351000
1536671352000
1536671353000
1536671354000
1536671355000
1536671356000
1536671357000
1536671358000
1536671359000
1536671360000
1536671361000
1536671362000
1536671363000
1536671364000
1536671365000
1536671366000
1536671367000
1536671368000
1536671369000
1536671370000
1536671371000
1536671372000
1536671373000
1536671374000
1536671375000
1536671376000
1536671377000
1536671378000
1536671379000
1536671380000
1536671381000
1536671382000
1536671383000
1536671384000
1536671385000
1536671386000
1536671387000
1536671388000
1536671389000
1536671390000
1536671391000
1536671392000
1536671393000
1536671394000
1536671395000
1536671396000
1536671397000
1536671398000
1536671399000
1536671400000
1536671401000
1536671402000
1536671403000
1536671404000
1536671405000
1536671406000
1536671407000
1536671408000
1536671409000
1536671410000
1536671411000
1536671412000
1536671413000
1536671414000
1536671415000
1536671416000
1536671417000
1536671418000
1536671419000
1536671420000
1536671421000
1536671422000
1536671423000
1536671424000
1536671425000
1536671426000
1536671427000
1536671428000
1536671429000
1536671430000
1536671431000
1536671432000
1536671433000
1536671434000
1536671435000
1536671436000
1536671437000
1536671438000
1536671439000
1536671440000
1536671441000
1536671442000
1536671443000
1536671444000
1536671445000
1536671446000
1536671447000
1536671448000
1536671449000
1536671450000
1536671451000
1536671452000
1536671453000
1536671454000
1536671455000
1536671456000
1536671457000
1536671458000
1536671459000
1536671460000
1536671461000
1536671462000
1536671463000
1536671464000
1536671465000
1536671466000
1536671467000
1536671468000
1536671469000
1536671470000
1536671471000
1536671472000
1536671473000
1536671474000
1536671475000
1536671476000
1536671477000
1536671478000
1536671479000
1536671480000
1536671481000
1536671482000
1536671483000
1536671484000
1536671485000
1536671486000
1536671487000
1536671488000
1536671489000
1536671490000
1536671491000
1536671492000
1536671493000
1536671494000
1536671495000
1536671496000
1536671497000
1536671498000
1536671499000
1536671500000
1536671501000
1536671502000
1536671503000
1536671504000
1536671505000
1536671506000
1536671507000
1536671508000
1536671509000
1536671510000
1536671511000
1536671512000
1536671513000
1536671514000
1536671515000
1536671516000
1536671517000
1536671518000
1536671519000
1536671520000
1536671521000
1536671522000
1536671523000
1536671524000
1536671525000
1536671526000
1536671527000
1536671528000
1536671529000
1536671530000
1536671531000
1536671532000
1536671533000
1536671534000
1536671535000
1536671536000
1536671537000
1536671538000
1536671539000
1536671540000
1536671541000
1536671542000
1536671543000
1536671544000
1536671545000
1536671546000
1536671547000
1536671548000
1536671549000
1536671550000
1536671551000
1536671552000
1536671553000
1536671554000
1536671555000
1536671556000
1536671557000
1536671558000
1536671559000
1536671560000
1536671561000
1536671562000
1536671563000
1536671564000
1536671565000
1536671566000
1536671567000
1536671568000
1536671569000
1536671570000
1536671571000
1536671572000
1536671573000
1536671574000
1536671575000
1536671576000
1536671577000
1536671578000
1536671579000
1536671580000
1536671581000
1536671582000
1536671583000
1536671584000
1536671585000
1536671586000
1536671587000
1536671588000
1536671589000
1536671590000
1536671591000
1536671592000
1536671593000
1536671594000
1536671595000
1536671596000
1536671597000
1536671598000
1536671599000
1536671600000
1536671601000
1536671602000
1536671603000
1536671604000
1536671605000
1536671606000
1536671607000
1536671608000
1536671609000
1536671610000
1536671611000
1536671612000
1536671613000
1536671614000
1536671615000
1536671616000
1536671617000
1536671618000
1536671619000
1536671620000
1536671621000
1536671622000
1536671623000
1536671624000
1536671625000
1536671626000
1536671627000
1536671628000
1536671629000
1536671630000
1536671631000
1536671632000
1536671633000
1536671634000
1536671635000
1536671636000
1536671637000
1536671638000
1536671639000
1536671640000
1536671641000
1536671642000
1536671643000
1536671644000
1536671645000
1536671646000
1536671647000
1536671648000
1536671649000
1536671650000
1536671651000
1536671652000
1536671653000
1536671654000
1536671655000
1536671656000
1536671657000
1536671658000
1536671659000
1536671660000
1536671661000
1536671662000
1536671663000
1536671664000
1536671665000
1536671666000
1536671667000
1536671668000
1536671669000
1536671670000
1536671671000
1536671672000
1536671673000
1536671674000
1536671675000
1536671676000
1536671677000
1536671678000
1536671679000
1536671680000
1536671681000
1536671682000
1536671683000
1536671684000
1536671685000
1536671686000
1536671687000
1536671688000
1536671689000
1536671690000
1536671691000
1536671692000
1536671693000
1536671694000
1536671695000
1536671696000
1536671697000
1536671698000
1536671699000
1536671700000
1536671701000
1536671702000
1536671703000
1536671704000
1536671705000
1536671706000
1536671707000
1536671708000
1536671709000
1536671710000
1536671711000
1536671712000
1536671713000
1536671714000
1536671715000
1536671716000
1536671717000
1536671718000
1536671719000
1536671720000
1536671721000
1536671722000
1536671723000
1536671724000
1536671725000
1536671726000
1536671727000
1536671728000
1536671729000
1536671730000
1536671731000
1536671732000
1536671733000
1536671734000
1536671735000
1536671736000
1536671737000
1536671738000
1536671739000
1536671740000
1536671741000
1536671742000
1536671743000
1536671744000
1536671745000
1536671746000
1536671747000
1536671748000
1536671749000
1536671750000
1536671751000
1536671752000
1536671753000
1536671754000
1536671755000
1536671756000
1536671757000
1536671758000
1536671759000
1536671760000
1536671761000
1536671762000
1536671763000
1536671764000
1536671765000
1536671766000
1536671767000
1536671768000
1536671769000
1536671770000
1536671771000
1536671772000
1536671773000
1536671774000
1536671775000
1536671776000
1536671777000
1536671778000
1536671779000
1536671780000
1536671781000
1536671782000
1536671783000
1536671784000
1536671785000
1536671786000
1536671787000
1536671788000
1536671789000
1536671790000
1536671791000
1536671792000
1536671793000
1536671794000
1536671795000
1536671796000
1536671797000
1536671798000
1536671799000
1536671800000
1536671801000
1536671802000
1536671803000
1536671804000
1536671805000
1536671806000
1536671807000
1536671808000
1536671809000
1536671810000
1536671811000
1536671812000
1536671813000
1536671814000
1536671815000
1536671816000
1536671817000
1536671818000
1536671819000
1536671820000
1536671821000
1536671822000
1536671823000
1536671824000
1536671825000
1536671826000
1536671827000
1536671828000
1536671829000
1536671830000
1536671831000
1536671832000
1536671833000
1536671834000
1536671835000
1536671836000
1536671837000
1536671838000
1536671839000
1536671840000
1536671841000
1536671842000
1536671843000
1536671844000
1536671845000
1536671846000
1536671847000
1536671848000
1536671849000
1536671850000
1536671851000
1536671852000
1536671853000
1536671854000
1536671855000
1536671856000
1536671857000
1536671858000
1536671859000
1536671860000
1536671861000
1536671862000
1536671863000
1536671864000
1536671865000
1536671866000
1536671867000
1536671868000
1536671869000
1536671870000
1536671871000
1536671872000
1536671873000
1536671874000
1536671875000
1536671876000
1536671877000
1536671878000
1536671879000
1536671880000
1536671881000
1536671882000
1536671883000
1536671884000
1536671885000
1536671886000
1536671887000
1536671888000
1536671889000
1536671890000
1536671891000
1536671892000
1536671893000
1536671894000
1536671895000
1536671896000
1536671897000
1536671898000
1536671899000
1536671900000
1536671901000
1536671902000
1536671903000
1536671904000
1536671905000
1536671906000
1536671907000
1536671908000
1536671909000
1536671910000
1536671911000
1536671912000
1536671913000
1536671914000
1536671915000
1536671916000
1536671917000
1536671918000
1536671919000
1536671920000
1536671921000
1536671922000
1536671923000
1536671924000
1536671925000
1536671926000
1536671927000
1536671928000
1536671929000
1536671930000
1536671931000
1536671932000
1536671933000
1536671934000
1536671935000
1536671936000
1536671937000
1536671938000
1536671939000
1536671940000
1536671941000
1536671942000
1536671943000
1536671944000
1536671945000
1536671946000
1536671947000
1536671948000
1536671949000
1536671950000
1536671951000
1536671952000
1536671953000
1536671954000
1536671955000
1536671956000
1536671957000
1536671958000
1536671959000
1536671960000
1536671961000
1536671962000
1536671963000
1536671964000
1536671965000
1536671966000
1536671967000
1536671968000
1536671969000
1536671970000
1536671971000
1536671972000
1536671973000
1536671974000
1536671975000
1536671976000
1536671977000
1536671978000
1536671979000
1536671980000
1536671981000
1536671982000
1536671983000
1536671984000
1536671985000
1536671986000
1536671987000
1536671988000
1536671989000
1536671990000
1536671991000
1536671992000
1536671993000
1536671994000
1536671995000
1536671996000
1536671997000
1536671998000
1536671999000
1536672000000
1536672001000
1536672002000
1536672003000
1536672004000
1536672005000
1536672006000
1536672007000
1536672008000
1536672009000
1536672010000
1536672011000
1536672012000
1536672013000
1536672014000
1536672015000
1536672016000
1536672017000
1536672018000
1536672019221
1536672020000
1536672021000
1536672022000
1536672023000
1536672024000
1536672025000
1536672026000
1536672027000
1536672028000
1536672029000
1536672030000
1536672031000
1536672032000
1536672033000
1536672034000
1536672035000
1536672036000
1536672037000
1536672038000
1536672039000
1536672040000
1536672041000
1536672042000
1536672043000
1536672044000
1536672045000
1536672046000
1536672047000
1536672048000
1536672049000
1536672050000
1536672051000
1536672052000
1536672053000
1536672054000
1536672055000
1536672056000
1536672057000
1536672058000
1536672059000
1536672060000
1536672061000
1536672062000
1536672063000
1536672064000
1536672065000
1536672066000
1536672067000
1536672068000
1536672069000
1536672070000
1536672071000
1536672072000
1536672073000
1536672074000
1536672075000
1536672076000
1536672077000
1536672078000
1536672079000
1536672080000
1536672081000
1536672082000
1536672083000
1536672084000
1536672085000
1536672086000
1536672087000
1536672088000
1536672089000
1536672090000
1536672091000
1536672092000
1536672093000
1536672094000
1536672095000
1536672096000
1536672097000
1536672098000
1536672099000
1536672100000
1536672101000
1536672102000
1536672103000
1536672104000
1536672105000
1536672106000
1536672107000
1536672108000
1536672109000
1536672110000
1536672111000
1536672112000
1536672113000
1536672114000
1536672115000
1536672116000
1536672117000
1536672118000
1536672119000
1536672120000
1536672121000
1536672122000
1536672123000
1536672124000
1536672125000
1536672126000
1536672127000
1536672128000
1536672129000
1536672130000
1536672131000
1536672132000
1536672133000
1536672134000
1536672135000
1536672136000
1536672137000
1536672138000
1536672139000
1536672140000
1536672141000
1536672142000
1536672143000
1536672144000
1536672145000
1536672146000
1536672147000
1536672148000
1536672149000
1536672150000
1536672151000
1536672152000
1536672153000
1536672154000
1536672155000
1536672156000
1536672157000
1536672158000
1536672159000
1536672160000
1536672161000
1536672162000
1536672163000
1536672164000
1536672165000
1536672166000
1536672167000
1536672168000
1536672169000
1536672170000
1536672171000
1536672172000
1536672173000
1536672174000
1536672175000
1536672176000
1536672177000
1536672178000
1536672179000
1536672180000
1536672181000
1536672182000
1536672183000
1536672184000
1536672185000
1536672186000
1536672187000
1536672188000
1536672189000
1536672190000
1536672191000
1536672192000
1536672193000
1536672194000
1536672195000
1536672196000
1536672197000
1536672198000
1536672199000
1536672200000
1536672201000
1536672202000
1536672203000
1536672204000
1536672205000
1536672206000
1536672207000
1536672208000
1536672209000
1536672210000
1536672211000
1536672212000
1536672213000
1536672214000
1536672215000
1536672216000
1536672217000
1536672218000
1536672219000
1536672220000
1536672221000
1536672222000
1536672223000
1536672224000
1536672225000
1536672226000
1536672227004
