1510510524835
1510510525069
1510510526004
1510510527005
1510510528000
1510510529000
1510510530000
1510510531000
1510510532000
1510510533000
1510510534000
1510510535000
1510510536000
1510510537000
1510510538000
1510510539000
1510510540000
1510510541000
1510510542000
1510510543000
1510510544000
1510510545000
1510510546000
1510510547000
1510510548000
1510510549000
1510510550000
1510510551000
1510510552000
1510510553000
1510510554000
1510510555000
1510510556000
1510510557000
1510510558000
1510510559000
1510510560000
1510510561000
1510510562000
1510510563000
1510510564000
1510510565000
1510510566000
1510510567000
1510510568000
1510510569000
1510510570000
1510510571000
1510510572000
1510510573000
1510510574000
1510510575000
1510510576000
1510510577000
1510510578000
1510510579000
1510510580000
1510510581000
1510510582000
1510510583000
1510510584000
1510510585000
1510510586000
1510510587000
1510510588000
1510510589000
1510510590000
1510510591000
1510510592000
1510510593000
1510510594000
1510510595000
1510510596000
1510510597000
1510510598000
1510510599000
1510510600000
1510510601000
1510510602000
1510510603000
1510510604000
1510510605000
1510510606000
1510510607000
1510510608000
1510510609000
1510510610000
1510510611000
1510510612001
1510510613000
1510510614000
1510510615000
1510510616000
1510510617000
1510510618002
1510510619000
1510510620000
1510510621002
1510510622000
1510510623000
1510510624000
1510510625000
1510510626000
1510510627000
1510510628000
1510510629000
1510510630000
1510510631000
1510510632000
1510510633000
1510510634000
1510510635000
1510510636000
1510510637000
1510510638000
1510510639000
1510510640000
1510510641000
1510510642000
1510510643000
1510510644000
1510510645000
1510510646000
1510510647000
1510510648000
1510510649000
1510510650000
1510510651000
1510510652000
1510510653000
1510510654000
1510510655000
1510510656000
1510510657000
1510510658000
1510510659000
1510510660000
1510510661000
1510510662000
1510510663000
1510510664000
1510510665000
1510510666000
1510510667000
1510510668000
1510510669000
1510510670000
1510510671000
1510510672003
1510510673000
1510510674000
1510510675000
1510510676000
1510510677000
1510510678000
1510510679000
1510510680000
1510510681000
1510510682000
1510510683000
1510510684000
1510510685000
1510510686000
1510510687000
1510510688000
1510510689000
1510510690000
1510510691000
1510510692000
1510510693000
1510510694000
1510510695000
1510510696000
1510510697000
1510510698000
1510510699000
1510510700000
1510510701000
1510510702000
1510510703000
1510510704000
1510510705000
1510510706000
1510510712435
1510510713005
1510510714003
1510510715000
1510510716000
1510510717000
1510510718000
1510510719000
1510510720000
1510510721000
1510510722000
1510510723000
1510510724000
1510510725000
1510510726000
1510510727000
1510510728000
1510510729000
1510510730000
1510510731000
1510510732000
1510510733000
1510510734000
1510510735000
1510510736000
1510510737000
1510510738000
1510510739000
1510510740000
1510510741000
1510510742000
1510510743000
1510510744000
1510510745000
1510510746000
1510510747000
1510510748000
1510510749000
1510510750000
1510510751000
1510510752000
1510510753000
1510510754000
1510510755000
1510510756000
1510510757000
1510510758000
1510510759000
1510510760000
1510510761000
1510510762000
1510510763000
1510510764000
1510510765000
1510510766000
1510510767000
1510510768000
1510510769000
1510510770000
1510510771000
1510510772000
1510510773000
1510510774000
1510510775000
1510510776000
1510510777000
1510510778000
1510510779000
1510510780000
1510510781000
1510510782000
1510510783000
1510510784000
1510510785000
1510510786000
1510510787000
1510510788000
1510510789000
1510510790000
1510510791000
1510510792000
1510510793000
1510510794000
1510510795000
1510510796000
1510510797000
1510510798000
1510510799000
1510510800000
1510510801000
1510510802001
1510510803000
1510510804000
1510510805000
1510510806000
1510510807000
1510510808000
1510510809000
1510510810000
1510510811000
1510510812002
1510510813000
1510510814000
1510510815000
1510510816000
1510510817000
1510510818000
1510510819000
1510510820000
1510510821000
1510510822000
1510510823000
1510510824000
1510510825000
1510510826000
1510510827000
1510510828000
1510510829000
1510510830000
1510510831000
1510510832000
1510510833000
1510510834000
1510510835000
1510510836000
1510510837000
1510510838000
1510510839000
1510510840000
1510510841000
1510510842000
1510510843000
1510510844000
1510510845000
1510510846000
1510510847000
1510510848000
1510510849000
1510510850000
1510510851000
1510510852003
1510510853000
1510510854000
1510510855000
1510510856000
1510510857000
1510510858000
1510510859000
1510510860000
1510510861000
1510510862000
1510510863000
1510510864000
1510510865000
1510510866000
1510510867000
1510510868000
1510510869000
1510510870000
1510510871000
1510510872000
1510510873000
1510510874000
1510510875000
1510510876000
1510510877000
1510510878000
1510510879000
1510510880000
1510510881000
1510510882000
1510510883000
1510510884000
1510510885000
1510510886000
1510510887000
1510510888000
1510510889000
1510510890000
1510510891000
1510510892000
1510510893000
1510510894000
1510510895000
1510510896000
1510510897000
1510510898000
1510510899000
1510510900000
1510510901000
1510510902000
1510510903000
1510510904000
1510510905000
1510510906000
1510510907000
1510510908000
1510510909000
1510510910000
1510510911000
1510510912000
1510510913000
1510510914000
1510510915000
1510510916000
1510510917000
1510510918000
1510510919000
1510510920000
1510510921000
1510510922000
1510510923000
1510510924000
1510510925000
1510510926000
1510510927000
1510510928000
1510510929000
1510510930000
1510510931000
1510510932000
1510510933000
1510510934000
1510510935000
1510510936000
1510510937000
1510510938000
1510510939000
1510510940000
1510510941000
1510510942000
1510510943000
1510510944000
1510510945000
1510510946000
1510510947000
1510510948000
1510510949000
1510510950000
1510510951000
1510510952000
1510510953000
1510510954000
1510510955000
1510510956000
1510510957000
1510510958000
1510510959000
1510510960000
1510510961000
1510510962000
1510510963000
1510510964000
1510510965000
1510510966000
1510510967000
1510510968000
1510510969000
1510510970000
1510510971000
1510510972000
1510510973000
1510510974000
1510510975000
1510510976000
1510510977000
1510510978000
1510510979000
1510510980000
1510510981000
1510510982000
1510510983000
1510510984000
1510510985000
1510510986000
1510510987000
1510510988000
1510510989000
1510510990000
1510510991000
1510510992000
1510510993000
1510510994000
1510510995000
1510510996000
1510510997000
1510510998000
1510510999000
1510511000000
1510511001000
1510511002000
1510511003000
1510511004000
1510511005000
1510511006000
1510511007000
1510511008000
1510511009000
1510511010000
1510511011000
1510511012000
1510511013000
1510511014000
1510511015000
1510511016000
1510511017000
1510511018000
1510511019000
1510511020000
1510511021000
1510511022000
1510511023000
1510511024000
1510511025000
1510511026000
1510511027000
1510511028000
1510511029000
1510511030000
1510511031000
1510511032000
1510511033000
1510511034000
1510511035000
1510511036000
1510511037000
1510511038000
1510511039000
1510511040000
1510511041000
1510511042000
1510511043000
1510511044000
1510511045000
1510511046000
1510511047000
1510511048000
1510511049000
1510511050000
1510511051000
1510511052000
1510511053000
1510511054000
1510511055000
1510511056000
1510511057000
1510511058000
1510511059000
1510511060000
1510511061000
1510511062000
1510511063000
1510511064000
1510511065000
1510511066000
1510511067000
1510511068000
1510511069000
1510511070000
1510511071000
1510511072000
1510511073000
1510511074000
1510511075000
1510511076000
1510511077000
1510511078000
1510511079000
1510511080000
1510511081000
1510511082000
1510511083000
1510511084000
1510511085000
1510511086000
1510511087000
1510511088000
1510511089000
1510511090000
1510511091000
1510511092000
1510511093000
1510511094000
1510511095000
1510511096000
1510511097000
1510511098000
1510511099000
1510511100000
1510511101000
1510511102000
1510511103000
1510511104000
1510511105000
1510511106000
1510511107000
1510511108000
1510511109000
1510511110000
1510511111000
1510511112000
1510511113000
1510511114000
1510511115000
1510511116000
1510511117000
1510511118000
1510511119000
1510511120000
1510511121000
1510511122000
1510511123000
1510511124000
1510511125000
1510511126000
1510511127000
1510511128000
1510511129000
1510511130000
1510511131000
1510511132000
1510511133000
1510511134000
1510511135000
1510511136000
1510511137000
1510511138000
1510511139000
1510511140000
1510511141000
1510511142000
1510511143000
1510511144000
1510511145000
1510511146000
1510511147000
1510511148000
1510511149000
1510511150000
1510511151000
1510511152000
1510511153000
1510511154000
1510511155000
1510511156000
1510511157000
1510511158000
1510511159000
1510511160000
1510511161000
1510511162000
1510511163000
1510511164000
1510511165000
1510511166000
1510511167000
1510511168000
1510511169000
1510511170000
1510511171000
1510511172000
1510511173000
1510511174000
1510511175000
1510511176000
1510511177000
1510511178000
1510511179000
1510511180000
1510511181000
1510511182000
1510511183000
1510511184000
1510511185000
1510511186000
1510511187000
1510511188000
1510511189000
1510511190000
1510511191000
1510511192000
1510511193000
1510511194000
1510511195000
1510511196000
1510511197000
1510511198000
1510511199000
1510511200000
1510511201000
1510511202000
1510511203000
1510511204000
1510511205000
1510511206000
1510511207000
1510511208000
1510511209000
1510511210000
1510511211000
1510511212000
1510511213000
1510511214000
1510511215000
1510511216000
1510511217000
1510511218000
1510511219000
1510511220000
1510511221000
1510511222000
1510511223000
1510511224000
1510511225000
1510511226000
1510511227000
1510511228000
1510511229000
1510511230000
1510511231000
1510511232000
1510511233000
1510511234000
1510511235000
1510511236000
1510511237000
1510511238000
1510511239000
1510511240000
1510511241000
1510511242000
1510511243000
1510511244000
1510511245000
1510511246000
1510511247000
1510511248000
1510511249000
1510511250000
1510511251000
1510511252000
1510511253000
1510511254000
1510511255000
1510511256000
1510511257000
1510511258000
1510511259000
1510511260000
1510511261000
1510511262000
1510511263000
1510511264000
1510511265000
1510511266000
1510511267000
1510511268000
1510511269000
1510511270000
1510511271000
1510511272000
1510511273000
1510511274000
1510511275000
1510511276000
1510511277000
1510511278000
1510511279000
1510511280000
1510511281000
1510511282000
1510511283000
1510511284000
1510511285000
1510511286000
1510511287000
1510511288000
1510511289000
1510511290000
1510511291000
1510511292000
1510511293000
1510511294000
1510511295000
1510511296000
1510511297000
1510511298000
1510511299000
1510511300000
1510511301000
1510511302000
1510511303000
1510511304000
1510511305000
1510511306000
1510511307000
1510511308000
1510511309000
1510511310000
1510511311000
1510511312000
1510511313000
1510511314000
1510511315000
1510511316000
1510511317000
1510511318000
1510511319000
1510511320000
1510511321000
1510511322000
1510511323000
1510511324000
1510511325000
1510511326000
1510511327000
1510511328000
1510511329000
1510511330000
1510511331000
1510511332000
1510511333000
1510511334000
1510511335001
1510511336000
1510511337000
1510511338000
1510511339000
1510511340000
1510511341000
1510511342000
1510511343000
1510511344000
1510511345000
1510511346000
1510511347000
1510511348000
1510511349000
1510511350000
1510511351000
1510511352000
1510511353000
1510511354000
1510511355000
1510511356000
1510511357000
1510511358000
1510511359000
1510511360000
1510511361000
1510511362000
1510511363000
1510511364000
1510511365000
1510511366000
1510511367000
1510511368000
1510511369000
1510511370000
1510511371000
1510511372000
1510511373000
1510511374000
1510511375000
1510511376000
1510511377000
1510511378000
1510511379000
1510511380000
1510511381000
1510511382000
1510511383000
1510511384000
1510511385000
1510511386000
1510511387000
1510511388000
1510511389000
1510511390000
1510511391000
1510511392000
1510511393000
1510511394000
1510511395000
1510511396000
1510511397000
1510511398000
1510511399000
1510511400000
1510511401000
1510511402000
1510511403000
1510511404000
1510511405000
1510511406000
1510511407000
1510511408000
1510511409000
1510511410000
1510511411000
1510511412000
1510511413000
1510511414000
1510511415000
1510511416000
1510511417000
1510511418000
1510511419000
1510511420003
1510511421000
1510511422000
1510511423000
1510511424000
1510511425000
1510511426000
1510511427000
1510511428000
1510511429000
1510511430000
1510511431000
1510511432000
1510511433000
1510511434000
1510511435000
1510511436000
1510511437000
1510511438000
1510511439000
1510511440000
1510511441000
1510511442000
1510511443000
1510511444000
1510511445000
1510511446000
1510511447000
1510511448000
1510511449000
1510511450000
1510511451000
1510511452000
1510511453000
1510511454000
1510511455000
1510511456000
1510511457000
1510511458000
1510511459000
1510511460000
1510511461000
1510511462000
1510511463000
1510511464000
1510511465000
1510511466000
1510511467000
1510511468000
1510511469000
1510511470000
1510511471000
1510511472000
1510511473000
1510511474000
1510511475000
1510511476000
1510511477000
1510511478000
1510511479000
1510511480000
1510511481000
1510511482000
1510511483000
1510511484000
1510511485000
1510511486000
1510511487000
1510511488000
1510511489000
1510511490000
1510511491000
1510511492000
1510511493000
1510511494000
1510511495000
1510511496000
1510511497000
1510511498000
1510511499000
1510511500000
1510511501000
1510511502000
1510511503000
1510511504000
1510511505000
1510511506000
1510511507000
1510511508000
1510511509000
1510511510000
1510511511000
1510511512000
1510511513000
1510511514000
1510511515000
1510511516000
1510511517000
1510511518000
1510511519000
1510511520000
1510511521000
1510511522000
1510511523000
1510511524000
1510511525000
1510511526000
1510511527000
1510511528000
1510511529000
1510511530000
1510511531000
1510511532000
1510511533000
1510511534000
1510511535000
1510511536000
1510511537000
1510511538000
1510511539000
1510511540000
1510511541000
1510511542000
1510511543000
1510511544000
1510511545000
1510511546000
1510511547000
1510511548000
1510511549000
1510511550000
1510511551000
1510511552000
1510511553000
1510511554000
1510511555000
1510511556000
1510511557000
1510511558000
1510511559000
1510511560000
1510511561000
1510511562000
1510511563000
1510511564000
1510511565000
1510511566000
1510511567000
1510511568000
1510511569000
1510511570000
1510511571000
1510511572000
1510511573000
1510511574000
1510511575000
1510511576000
1510511577000
1510511578000
1510511579000
1510511580000
1510511581000
1510511582000
1510511583000
1510511584000
1510511585000
1510511586000
1510511587000
1510511588000
1510511589000
1510511590000
1510511591000
1510511592000
1510511593000
1510511594000
1510511595000
1510511596000
1510511597000
1510511598000
1510511599000
1510511600000
1510511601000
1510511602000
1510511603000
1510511604000
1510511605000
1510511606000
1510511607000
1510511608000
1510511609000
1510511610000
1510511611000
1510511612000
1510511613000
1510511614000
1510511615000
1510511616000
1510511617000
1510511618000
1510511619000
1510511620000
1510511621000
1510511622000
1510511623000
1510511624000
1510511625000
1510511626000
1510511627000
1510511628000
1510511629000
1510511630000
1510511631000
1510511632000
1510511633000
1510511634000
1510511635000
1510511636000
1510511637000
1510511638000
1510511639000
1510511640000
1510511641000
1510511642000
1510511643000
1510511644000
1510511645000
1510511646000
1510511647000
1510511648000
1510511649000
1510511650000
1510511651000
1510511652000
1510511653000
1510511654000
1510511655000
1510511656000
1510511657000
1510511658000
1510511659000
1510511660000
1510511661000
1510511662000
1510511663000
1510511664000
1510511665000
1510511666000
1510511667000
1510511668000
1510511669000
1510511670000
1510511671000
1510511672000
1510511673000
1510511674000
1510511675000
1510511676000
1510511677000
1510511678000
1510511679000
1510511680000
1510511681000
1510511682000
1510511683000
1510511684000
1510511685000
1510511686000
1510511687000
1510511688000
1510511689000
1510511690000
1510511691000
1510511692000
1510511693000
1510511694000
1510511695000
1510511696000
1510511697000
1510511698000
1510511699000
1510511700000
1510511701000
1510511702000
1510511703000
1510511704000
1510511705000
1510511706000
1510511707000
1510511708000
1510511709000
1510511710000
1510511711000
1510511712000
1510511713000
1510511714000
1510511715000
1510511716000
1510511717000
1510511718000
1510511719000
1510511720000
1510511721000
1510511722000
1510511723000
1510511724000
1510511725000
1510511726000
1510511727000
1510511728000
1510511729000
1510511730000
1510511731000
1510511732000
1510511733000
1510511734000
1510511735000
1510511736000
1510511737000
1510511738000
1510511739000
1510511740000
1510511741000
1510511742000
1510511743000
1510511744000
1510511745000
1510511746000
1510511747000
1510511748000
1510511749000
1510511750000
1510511751000
1510511752000
1510511753000
1510511754000
1510511755000
1510511756000
1510511757000
1510511758000
1510511759000
1510511760000
1510511761000
1510511762000
1510511763000
1510511764000
1510511765000
1510511766000
1510511767000
1510511768000
1510511769000
1510511770000
1510511771000
1510511772000
1510511773000
1510511774000
1510511775000
1510511776000
1510511777000
1510511778000
1510511779000
1510511780000
1510511781000
1510511782000
1510511783000
1510511784000
1510511785000
1510511786000
1510511787000
1510511788000
1510511789000
1510511790000
1510511791000
1510511792000
1510511793000
1510511794000
1510511795000
1510511796000
1510511797000
1510511798000
1510511799000
1510511800000
1510511801000
1510511802000
1510511803000
1510511804000
1510511805000
1510511806000
1510511807000
1510511808000
1510511809000
1510511810000
1510511811000
1510511812000
1510511813000
1510511814000
1510511815000
1510511816000
1510511817000
1510511818000
1510511819000
1510511820000
1510511821000
1510511822000
1510511823000
1510511824000
1510511825000
1510511826000
1510511827000
1510511828000
1510511829000
1510511830000
1510511831000
1510511832000
1510511833000
1510511834000
1510511835000
1510511836000
1510511837000
1510511838000
1510511839000
1510511840000
1510511841000
1510511842000
1510511843000
1510511844000
1510511845000
1510511846000
1510511847000
1510511848000
1510511849000
1510511850000
1510511851000
1510511852000
1510511853000
1510511854000
1510511855000
1510511856000
1510511857000
1510511858000
1510511859000
1510511860000
1510511861000
1510511862000
1510511863000
1510511864000
1510511865000
1510511866000
1510511867000
1510511868000
1510511869000
1510511870000
1510511871000
1510511872000
1510511873000
1510511874000
1510511875000
1510511876000
1510511877000
1510511878000
1510511879000
1510511880000
1510511881000
1510511882000
1510511883000
1510511884000
1510511885000
1510511886000
1510511887000
1510511888000
1510511889000
1510511890000
1510511891000
1510511892000
1510511893000
1510511894000
1510511895000
1510511896000
1510511897000
1510511898000
1510511899000
1510511900000
1510511901000
1510511902000
1510511903000
1510511904000
1510511905000
1510511906000
1510511907000
1510511908000
1510511909000
1510511910000
1510511911000
1510511912000
1510511913000
1510511914000
1510511915000
1510511916000
1510511917000
1510511918000
1510511919000
1510511920000
1510511921000
1510511922000
1510511923000
1510511924000
1510511925000
1510511926000
1510511927000
1510511928000
1510511929000
1510511930000
1510511931000
1510511932000
1510511933000
1510511934000
1510511935000
1510511936000
1510511937000
1510511938000
1510511939000
1510511940000
1510511941000
1510511942000
1510511943000
1510511944000
1510511945000
1510511946000
1510511947000
1510511948000
1510511949000
1510511950000
1510511951000
1510511952000
1510511953000
1510511954000
1510511955000
1510511956000
1510511957000
1510511958000
1510511959000
1510511960000
1510511961000
1510511962000
1510511963000
1510511964000
1510511965000
1510511966000
1510511967000
1510511968000
1510511969000
1510511970000
1510511971000
1510511972000
1510511973000
1510511974000
1510511975000
1510511976000
1510511977000
1510511978000
1510511979000
1510511980000
1510511981000
1510511982000
1510511983000
1510511984000
1510511985000
1510511986000
1510511987000
1510511988000
1510511989000
1510511990000
1510511991000
1510511992000
1510511993000
1510511994000
1510511995000
1510511996000
1510511997000
1510511998000
1510511999000
1510512000000
1510512001000
1510512002000
1510512003000
1510512004000
1510512005000
1510512006000
1510512007000
1510512008000
1510512009000
1510512010000
1510512011000
1510512012000
1510512013000
1510512014000
1510512015000
1510512016000
1510512017000
1510512018000
1510512019000
1510512020000
1510512021000
1510512022000
1510512023000
1510512024000
1510512025000
1510512026000
1510512027000
1510512028000
1510512029000
1510512030000
1510512031000
1510512032000
1510512033000
1510512034000
1510512035000
1510512036000
1510512037000
1510512038000
1510512039000
1510512040000
1510512041000
1510512042000
1510512043000
1510512044000
1510512045000
1510512046000
1510512047000
1510512048000
1510512049000
1510512050000
1510512051000
1510512052000
1510512053000
1510512054000
1510512055000
1510512056000
1510512057000
1510512058000
1510512059000
1510512060000
1510512061000
1510512062000
1510512063000
1510512064000
1510512065000
1510512066000
1510512067000
1510512068000
1510512069000
1510512070000
1510512071000
1510512072000
1510512073000
1510512074000
1510512075000
1510512076000
1510512077000
1510512078000
1510512079000
1510512080000
1510512081000
1510512082000
1510512083000
1510512084000
1510512085000
1510512086000
1510512087000
1510512088000
1510512089000
1510512090000
1510512091000
1510512092000
1510512093000
1510512094000
1510512095000
1510512096000
1510512097000
1510512098000
1510512099000
1510512100000
1510512101000
1510512102000
1510512103000
1510512104000
1510512105000
1510512106000
1510512107000
1510512108000
1510512109000
1510512110000
1510512111000
1510512112000
1510512113000
1510512114000
1510512115000
1510512116000
1510512117000
1510512118000
1510512119000
1510512120000
1510512121000
1510512122000
1510512123000
1510512124000
1510512125000
1510512126000
1510512127000
1510512128000
1510512129000
1510512130000
1510512131000
1510512132000
1510512133000
1510512134000
1510512135000
1510512136000
1510512137000
1510512138000
1510512139000
1510512140000
1510512141000
1510512142000
1510512143000
1510512144000
1510512145000
1510512146000
1510512147000
1510512148000
1510512149000
1510512150000
1510512151000
1510512152000
1510512153000
1510512154000
1510512155000
1510512156000
1510512157000
1510512158000
1510512159000
1510512160000
1510512161000
1510512162000
1510512163000
1510512164000
1510512165000
1510512166000
1510512167000
1510512168000
1510512169000
1510512170000
1510512171000
1510512172000
1510512173000
1510512174000
1510512175000
1510512176000
1510512177000
1510512178000
1510512179000
1510512180000
1510512181000
1510512182000
1510512183000
1510512184000
1510512185000
1510512186000
1510512187000
1510512188000
1510512189000
1510512190000
1510512191000
1510512192000
1510512193000
1510512194000
1510512195000
1510512196000
1510512197000
1510512198000
1510512199000
1510512200000
1510512201000
1510512202000
1510512203000
1510512204000
1510512205000
1510512206000
1510512207000
1510512208000
1510512209000
1510512210000
1510512211000
1510512212000
1510512213000
1510512214000
1510512215000
1510512216000
1510512217000
1510512218000
1510512219000
1510512220000
1510512221000
1510512222000
1510512223000
1510512224000
1510512225000
1510512226000
1510512227000
1510512228000
1510512229000
1510512230000
1510512231000
1510512232000
1510512233000
1510512234000
1510512235000
1510512236000
1510512237000
1510512238000
1510512239000
1510512240000
1510512241000
1510512242000
1510512243000
1510512244000
1510512245000
1510512246000
1510512247000
1510512248000
1510512249000
1510512250000
1510512251000
1510512252000
1510512253000
1510512254000
1510512255000
1510512256000
1510512257000
1510512258000
1510512259000
1510512260000
1510512261000
1510512262000
1510512263000
1510512264000
1510512265000
1510512266000
1510512267000
1510512268000
1510512269000
1510512270000
1510512271000
1510512272000
1510512273000
1510512274000
1510512275000
1510512276000
1510512277000
1510512278000
1510512279000
1510512280000
1510512281000
1510512282000
1510512283000
1510512284000
1510512285000
1510512286000
1510512287000
1510512288000
1510512289000
1510512290000
1510512291000
1510512292000
1510512293000
1510512294000
1510512295000
1510512296000
1510512297000
1510512298000
1510512299000
1510512300000
1510512301000
1510512302000
1510512303000
1510512304000
1510512305000
1510512306000
1510512307000
1510512308000
1510512309000
1510512310000
1510512311000
1510512312000
1510512313000
1510512314000
1510512315000
1510512316000
1510512317000
1510512318000
1510512319000
1510512320000
1510512321000
1510512322000
1510512323000
1510512324000
1510512325000
1510512326000
1510512327000
1510512328000
1510512329000
1510512330000
1510512331000
1510512332000
1510512333000
1510512334000
1510512335000
1510512336000
1510512337000
1510512338000
1510512339000
1510512340000
1510512341000
1510512342000
1510512343000
1510512344000
1510512345000
1510512346000
1510512347000
1510512348000
1510512349000
1510512350000
1510512351000
1510512352000
1510512353000
1510512354000
1510512355000
1510512356000
1510512357000
1510512358000
1510512359000
1510512360001
1510512361000
1510512362000
1510512363000
1510512364000
1510512365000
1510512366000
1510512367000
1510512368000
1510512369000
1510512370000
1510512371000
1510512372000
1510512373000
1510512374000
1510512375000
1510512376000
1510512377000
1510512378000
1510512379000
1510512380000
1510512381000
1510512382000
1510512383000
1510512384000
1510512385000
1510512386000
1510512387000
1510512388000
1510512389000
1510512390000
1510512391000
1510512392000
1510512393000
1510512394000
1510512395000
1510512396000
1510512397000
1510512398000
1510512399000
1510512400000
1510512401000
1510512402000
1510512403000
1510512404000
1510512405000
1510512406000
1510512407000
1510512408000
1510512409000
1510512410000
1510512411000
1510512412000
1510512413000
1510512414000
1510512415000
1510512416000
1510512417000
1510512418000
1510512419000
1510512420000
1510512421000
1510512422000
1510512423000
1510512424000
1510512425000
1510512426000
1510512427000
1510512428000
1510512429000
1510512430000
1510512431000
1510512432000
1510512433000
1510512434000
1510512435000
1510512436000
1510512437000
1510512438000
1510512439000
1510512440000
1510512441000
1510512442000
1510512443000
1510512444000
1510512445000
1510512446000
1510512447000
1510512448000
1510512449000
1510512450000
1510512451000
1510512452000
1510512453000
1510512454000
1510512455000
1510512456000
1510512457000
1510512458000
1510512459000
1510512460000
1510512461000
1510512462000
1510512463000
1510512464000
1510512465000
1510512466000
1510512467000
1510512468000
1510512469000
1510512470000
1510512471000
1510512472000
1510512473000
1510512474000
1510512475000
1510512476000
1510512477000
1510512478000
1510512479000
1510512480000
1510512481000
1510512482000
1510512483000
1510512484000
1510512485000
1510512486000
1510512487000
1510512488000
1510512489000
1510512490000
1510512491000
1510512492000
1510512493000
1510512494000
1510512495000
1510512496000
1510512497000
1510512498000
1510512499000
1510512500000
1510512501000
1510512502000
1510512503000
1510512504000
1510512505000
1510512506000
1510512507000
1510512508000
1510512509000
1510512510000
1510512511000
1510512512000
1510512513000
1510512514000
1510512515000
1510512516000
1510512517000
1510512518000
1510512519000
1510512520000
1510512521000
1510512522000
1510512523000
1510512524000
1510512525000
1510512526000
1510512527000
1510512528000
1510512529000
1510512530000
1510512531000
1510512532000
1510512533000
1510512534000
1510512535000
1510512536000
1510512537000
1510512538000
1510512539000
1510512540000
1510512541000
1510512542000
1510512543000
1510512544000
1510512545000
1510512546000
1510512547000
1510512548000
1510512549000
1510512550000
1510512551000
1510512552000
1510512553000
1510512554000
1510512555000
1510512556000
1510512557000
1510512558000
1510512559000
1510512560000
1510512561000
1510512562000
1510512563000
1510512564000
1510512565000
1510512566000
1510512567000
1510512568000
1510512569000
1510512570000
1510512571000
1510512572000
1510512573000
1510512574000
1510512575000
1510512576000
1510512577000
1510512578000
1510512579000
1510512580000
1510512581000
1510512582000
1510512583000
1510512584000
1510512585000
1510512586000
1510512587000
1510512588000
1510512589000
1510512590000
1510512591000
1510512592000
1510512593000
1510512594000
1510512595000
1510512596000
1510512597000
1510512598000
1510512599000
1510512600000
1510512601000
1510512602000
1510512603000
1510512604000
1510512605000
1510512606000
1510512607000
1510512608000
1510512609000
1510512610000
1510512611000
1510512612000
1510512613000
1510512614000
1510512615000
1510512616000
1510512617000
1510512618000
1510512619000
1510512620000
1510512621000
1510512622000
1510512623000
1510512624000
1510512625000
1510512626000
1510512627000
1510512628000
1510512629000
1510512630000
1510512631000
1510512632000
1510512633000
1510512634000
1510512635000
1510512636000
1510512637000
1510512638000
1510512639000
1510512640000
1510512641000
1510512642000
1510512643000
1510512644000
1510512645000
1510512646000
1510512647000
1510512648000
1510512649000
1510512650000
1510512651000
1510512652000
1510512653000
1510512654000
1510512655000
1510512656000
1510512657000
1510512658000
1510512659000
1510512660000
1510512661000
1510512662000
1510512663000
1510512664000
1510512665000
1510512666000
1510512667000
1510512668000
1510512669000
1510512670000
1510512671000
1510512672000
1510512673000
1510512674000
1510512675000
1510512676000
1510512677000
1510512678000
1510512679000
1510512680000
1510512681000
1510512682000
1510512683000
1510512684000
1510512685000
1510512686000
1510512687000
1510512688000
1510512689000
1510512690000
1510512691000
1510512692000
1510512693000
1510512694000
1510512695000
1510512696000
1510512697000
1510512698000
1510512699000
1510512700000
1510512701000
1510512702000
1510512703000
1510512704000
1510512705000
1510512706000
1510512707000
1510512708000
1510512709000
1510512710000
1510512711000
1510512712000
1510512713000
1510512714000
1510512715000
1510512716000
1510512717000
1510512718000
1510512719000
1510512720000
1510512721000
1510512722000
1510512723000
1510512724000
1510512725000
1510512726000
1510512727000
1510512728000
1510512729000
1510512730000
1510512731000
1510512732000
1510512733000
1510512734000
1510512735000
1510512736000
1510512737000
1510512738000
1510512739000
1510512740000
1510512741000
1510512742000
1510512743000
1510512744000
1510512745000
1510512746000
1510512747000
1510512748000
1510512749000
1510512750000
1510512751000
1510512752000
1510512753000
1510512754000
1510512755000
1510512756000
1510512757000
1510512758000
1510512759000
1510512760000
1510512761000
1510512762000
1510512763000
1510512764000
1510512765000
1510512766000
1510512767000
1510512768000
1510512769000
1510512770000
1510512771000
1510512772000
1510512773000
1510512774000
1510512775000
1510512776000
1510512777000
1510512778000
1510512779000
1510512780000
1510512781000
1510512782000
1510512783000
1510512784000
1510512785000
1510512786000
1510512787000
1510512788000
1510512789000
1510512790000
1510512791000
1510512792000
1510512793000
1510512794000
1510512795000
1510512796000
1510512797000
1510512798000
1510512799000
1510512800000
1510512801000
1510512802000
1510512803000
1510512804000
1510512805000
1510512806000
1510512807000
1510512808000
1510512809000
1510512810000
1510512811000
1510512812000
1510512813000
1510512814000
1510512815000
1510512816000
1510512817000
1510512818000
1510512819000
1510512820000
1510512821000
1510512822000
1510512823000
1510512824000
1510512825000
1510512826000
1510512827000
1510512828000
1510512829000
1510512830000
1510512831000
1510512832000
1510512833000
1510512834000
1510512835000
1510512836000
1510512837000
1510512838000
1510512839000
1510512840000
1510512841000
1510512842000
1510512843000
1510512844000
1510512845000
1510512846000
1510512847000
1510512848000
1510512849000
1510512850000
1510512851000
1510512852000
1510512853000
1510512854000
1510512855000
1510512856000
1510512857000
1510512858000
1510512859000
1510512860000
1510512861000
1510512862000
1510512863000
1510512864000
1510512865000
1510512866000
1510512867000
1510512868000
1510512869000
1510512870000
1510512871000
1510512872000
1510512873000
1510512874000
1510512875000
1510512876000
1510512877000
1510512878000
1510512879000
1510512880000
1510512881000
1510512882000
1510512883000
1510512884000
1510512885000
1510512886000
1510512887000
1510512888000
1510512889000
1510512890000
1510512891000
1510512892000
1510512893000
1510512894000
1510512895000
1510512896000
1510512897000
1510512898000
1510512899000
1510512900000
1510512901000
1510512902000
1510512903000
1510512904000
1510512905000
1510512906000
1510512907000
1510512908000
1510512909000
1510512910000
1510512911000
1510512912000
1510512913000
1510512914000
1510512915000
1510512916000
1510512917000
1510512918000
1510512919000
1510512920000
1510512921000
1510512922000
1510512923000
1510512924000
1510512925000
1510512926000
1510512927000
1510512928000
1510512929000
1510512930000
1510512931000
1510512932000
1510512933000
1510512934000
1510512935000
1510512936000
1510512937000
1510512938000
1510512939000
1510512940000
1510512941000
1510512942000
1510512943000
1510512944000
1510512945000
1510512946000
1510512947000
1510512948000
1510512949000
1510512950000
1510512951000
1510512952000
1510512953000
1510512954000
1510512955000
1510512956000
1510512957000
1510512958000
1510512959000
1510512960000
1510512961000
1510512962000
1510512963000
1510512964000
1510512965000
1510512966000
1510512967000
1510512968000
1510512969000
1510512970000
1510512971000
1510512972000
1510512973000
1510512974000
1510512975000
1510512976000
1510512977000
1510512978000
1510512979000
1510512980000
1510512981000
1510512982000
1510512983000
1510512984000
1510512985000
1510512986000
1510512987000
1510512988000
1510512989000
1510512990000
1510512991000
1510512992000
1510512993000
1510512994000
1510512995000
1510512996000
1510512997000
1510512998000
1510512999000
1510513000000
1510513001000
1510513002000
1510513003000
1510513004000
1510513005000
1510513006000
1510513007000
1510513008000
1510513009000
1510513010000
1510513011000
1510513012000
1510513013000
1510513014000
1510513015000
1510513016000
1510513017000
1510513018000
1510513019000
1510513020000
1510513021000
1510513022000
1510513023000
1510513024000
1510513025000
1510513026000
1510513027000
1510513028000
1510513029000
1510513030000
1510513031000
1510513032000
1510513033000
1510513034000
1510513035000
1510513036000
1510513037000
1510513038000
1510513039000
1510513040000
1510513041000
1510513042000
1510513043000
1510513044000
1510513045000
1510513046000
1510513047000
1510513048000
1510513049000
1510513050000
1510513051000
1510513052000
1510513053000
1510513054000
1510513055000
1510513056000
1510513057000
1510513058000
1510513059000
1510513060000
1510513061000
1510513062000
1510513063000
1510513064000
1510513065000
1510513066000
1510513067000
1510513068000
1510513069000
1510513070000
1510513071000
1510513072000
1510513073000
1510513074000
1510513075000
1510513076000
1510513077000
1510513078000
1510513079000
1510513080000
1510513081000
1510513082000
1510513083000
1510513084000
1510513085000
1510513086000
1510513087000
1510513088000
1510513089000
1510513090000
1510513091000
1510513092000
1510513093000
1510513094000
1510513095000
1510513096000
1510513097000
1510513098000
1510513099000
1510513100000
1510513101000
1510513102000
1510513103000
1510513104000
1510513105000
1510513106000
1510513107000
1510513108000
1510513109000
1510513110000
1510513111000
1510513112000
1510513113000
1510513114000
1510513115000
1510513116000
1510513117000
1510513118000
1510513119000
1510513120000
1510513121000
1510513122000
1510513123000
1510513124000
1510513125000
1510513126000
1510513127000
1510513128000
1510513129000
1510513130000
1510513131000
1510513132000
1510513133000
1510513134000
1510513135000
1510513136000
1510513137000
1510513138000
1510513139000
1510513140000
1510513141000
1510513142000
1510513143000
1510513144000
1510513145000
1510513146000
1510513147000
1510513148000
1510513149000
1510513150000
1510513151000
1510513152000
1510513153000
1510513154000
1510513155000
1510513156000
1510513157000
1510513158000
1510513159000
1510513160000
1510513161000
1510513162000
1510513163000
1510513164000
1510513165000
1510513166000
1510513167000
1510513168000
1510513169000
1510513170000
1510513171000
1510513172000
1510513173000
1510513174000
1510513175000
1510513176000
1510513177000
1510513178000
1510513179000
1510513180000
1510513181000
1510513182000
1510513183000
1510513184000
1510513185000
1510513186000
1510513187000
1510513188000
1510513189000
1510513190000
1510513191000
1510513192000
1510513193000
1510513194000
1510513195000
1510513196000
1510513197000
1510513198000
1510513199000
1510513200000
1510513201000
1510513202000
1510513203000
1510513204000
1510513205000
1510513206000
1510513207000
1510513208000
1510513209000
1510513210000
1510513211000
1510513212000
1510513213000
1510513214000
1510513215000
1510513216000
1510513217000
1510513218000
1510513219000
1510513220000
1510513221000
1510513222000
1510513223000
1510513224000
1510513225000
1510513226000
1510513227000
1510513228000
1510513229000
1510513230000
1510513231000
1510513232000
1510513233000
1510513234000
1510513235000
1510513236000
1510513237000
1510513238000
1510513239000
1510513240000
1510513241000
1510513242000
1510513243000
1510513244000
1510513245000
1510513246000
1510513247000
1510513248000
1510513249000
1510513250000
1510513251000
1510513252000
1510513253000
1510513254000
1510513255000
1510513256000
1510513257000
1510513258000
1510513259000
1510513260000
1510513261000
1510513262000
1510513263000
1510513264000
1510513265000
1510513266000
1510513267000
1510513268000
1510513269000
1510513270000
1510513271000
1510513272000
1510513273000
1510513274000
1510513275000
1510513276000
1510513277000
1510513278000
1510513279000
1510513280000
1510513281000
1510513282000
1510513283000
1510513284000
1510513285000
1510513286000
1510513287000
1510513288000
1510513289000
1510513290000
1510513291000
1510513292000
1510513293000
1510513294000
1510513295000
1510513296000
1510513297000
1510513298000
1510513299000
1510513300000
1510513301000
1510513302000
1510513303000
1510513304000
1510513305000
1510513306000
1510513307000
1510513308000
1510513309000
1510513310000
1510513311000
1510513312000
1510513313000
1510513314000
1510513315000
1510513316000
1510513317000
1510513318000
1510513319000
1510513320000
1510513321000
1510513322000
1510513323000
1510513324000
1510513325000
1510513326000
1510513327000
1510513328000
1510513329000
1510513330000
1510513331000
1510513332000
1510513333000
1510513334000
1510513335000
1510513336000
1510513337000
1510513338000
1510513339000
1510513340000
1510513341000
1510513342000
1510513343000
1510513344000
1510513345000
1510513346000
1510513347000
1510513348000
1510513349000
1510513350000
1510513351000
1510513352000
1510513353000
1510513354000
1510513355000
1510513356000
1510513357000
1510513358000
1510513359000
1510513360000
1510513361000
1510513362000
1510513363000
1510513364000
1510513365000
1510513366000
1510513367000
1510513368000
1510513369000
1510513370000
1510513371000
1510513372000
1510513373000
1510513374000
1510513375000
1510513376000
1510513377000
1510513378000
1510513379000
1510513380000
1510513381000
1510513382000
1510513383000
1510513384000
1510513385000
1510513386000
1510513387000
1510513388000
1510513389000
1510513390000
1510513391000
1510513392000
1510513393000
1510513394000
1510513395000
1510513396000
1510513397000
1510513398000
1510513399000
1510513400000
1510513401000
1510513402000
1510513403000
1510513404000
1510513405000
1510513406000
1510513407000
1510513408000
1510513409000
1510513410000
1510513411000
1510513412000
1510513413000
1510513414000
1510513415000
1510513416000
1510513417000
1510513418000
1510513419000
1510513420000
1510513421000
1510513422000
1510513423000
1510513424000
1510513425000
1510513426000
1510513427000
1510513428000
1510513429000
1510513430000
1510513431000
1510513432000
1510513433000
1510513434000
1510513435000
1510513436000
1510513437000
1510513438000
1510513439000
1510513440000
1510513441000
1510513442000
1510513443000
1510513444000
1510513445000
1510513446000
1510513447000
1510513448000
1510513449000
1510513450000
1510513451000
1510513452000
1510513453000
1510513454000
1510513455000
1510513456000
1510513457000
1510513458000
1510513459000
1510513460000
1510513461000
1510513462000
1510513463000
1510513464000
1510513465000
1510513466000
1510513467000
1510513468000
1510513469000
1510513470000
1510513471000
1510513472000
1510513473000
1510513474000
1510513475000
1510513476000
1510513477000
1510513478000
1510513479000
1510513480000
1510513481000
1510513482000
1510513483000
1510513484000
1510513485000
1510513486000
1510513487000
1510513488000
1510513489000
1510513490000
1510513491000
1510513492000
1510513493000
1510513494000
1510513495000
1510513496000
1510513497000
1510513498000
1510513499000
1510513500000
1510513501000
1510513502000
1510513503000
1510513504000
1510513505000
1510513506000
1510513507000
1510513508000
1510513509000
1510513510000
1510513511000
1510513512000
1510513513000
1510513514000
1510513515000
1510513516000
1510513517000
1510513518000
1510513519000
1510513520000
1510513521000
1510513522000
1510513523000
1510513524000
1510513525000
1510513526000
1510513527000
1510513528000
1510513529000
1510513530000
1510513531000
1510513532000
1510513533000
1510513534000
1510513535000
1510513536000
1510513537000
1510513538000
1510513539000
1510513540000
1510513541000
1510513542000
1510513543000
1510513544000
1510513545000
1510513546000
1510513547000
1510513548000
1510513549000
1510513550000
1510513551000
1510513552000
1510513553000
1510513554000
1510513555000
1510513556000
1510513557000
1510513558000
1510513559000
1510513560000
1510513561000
1510513562000
1510513563000
1510513564000
1510513565000
1510513566000
1510513567000
1510513568000
1510513569000
1510513570000
1510513571000
1510513572000
1510513573000
1510513574000
1510513575000
1510513576000
1510513577000
1510513578000
1510513579000
1510513580000
1510513581000
1510513582000
1510513583000
1510513584000
1510513585000
1510513586000
1510513587000
1510513588000
1510513589000
1510513590000
1510513591000
1510513592000
1510513593000
1510513594000
1510513595000
1510513596000
1510513597000
1510513598000
1510513599000
1510513600000
1510513601000
1510513602000
1510513603000
1510513604000
1510513605000
1510513606000
1510513607000
1510513608000
1510513609000
1510513610000
1510513611000
1510513612003
1510513613000
1510513614000
1510513615000
1510513616000
1510513617000
1510513618000
1510513619000
1510513620000
1510513621000
1510513622000
1510513623000
1510513624000
1510513625000
1510513626000
1510513627000
1510513628000
1510513629000
1510513630000
1510513631000
1510513632000
1510513633000
1510513634000
1510513635000
1510513636000
1510513637000
1510513638000
1510513639000
1510513640000
1510513641000
1510513642000
1510513643000
1510513644000
1510513645000
1510513646000
1510513647000
1510513648000
1510513649000
1510513650000
1510513651000
1510513652000
1510513653000
1510513654000
1510513655000
1510513656000
1510513657000
1510513658000
1510513659000
1510513660000
1510513661000
1510513662000
1510513663000
1510513664000
1510513665000
1510513666000
1510513667000
1510513668000
1510513669000
1510513670000
1510513671000
1510513672000
1510513673000
1510513674000
1510513675000
1510513676000
1510513677000
1510513678000
1510513679000
1510513680000
1510513681000
1510513682000
1510513683000
1510513684000
1510513685000
1510513686000
1510513687000
1510513688000
1510513689000
1510513690000
1510513691000
1510513692000
1510513693000
1510513694000
1510513695000
1510513696000
1510513697000
1510513698000
1510513699000
1510513700000
1510513701000
1510513702000
1510513703000
1510513704000
1510513705000
1510513706000
1510513707000
1510513708000
1510513709000
1510513710000
1510513711000
1510513712000
1510513713000
1510513714000
1510513715000
1510513716000
1510513717000
1510513718000
1510513719000
1510513720000
1510513721000
1510513722000
1510513723000
1510513724000
1510513725000
1510513726000
1510513727000
1510513728000
1510513729000
1510513730000
1510513731000
1510513732000
1510513733000
1510513734000
1510513735000
1510513736000
1510513737000
1510513738000
1510513739000
1510513740000
1510513741000
1510513742000
1510513743000
1510513744000
1510513745000
1510513746000
1510513747000
1510513748000
1510513749000
1510513750000
1510513751000
1510513752000
1510513753000
1510513754000
1510513755000
1510513756000
1510513757000
1510513758000
1510513759000
1510513760000
1510513761000
1510513762000
1510513763000
1510513764000
1510513765000
1510513766000
1510513767000
1510513768000
1510513769000
1510513770000
1510513771000
1510513772000
1510513773000
1510513774000
1510513775000
1510513776000
1510513777000
1510513778000
1510513779000
1510513780000
1510513781000
1510513782000
1510513783000
1510513784000
1510513785000
1510513786000
1510513787000
1510513788000
1510513789000
1510513790000
1510513791000
1510513792000
1510513793000
1510513794000
1510513795000
1510513796000
1510513797000
1510513798000
1510513799000
1510513800000
1510513801000
1510513802000
1510513803000
1510513804000
1510513805000
1510513806000
1510513807000
1510513808000
1510513809000
1510513810000
1510513811000
1510513812000
1510513813000
1510513814000
1510513815000
1510513816000
1510513817000
1510513818000
1510513819000
1510513820000
1510513821000
1510513822000
1510513823000
1510513824000
1510513825000
1510513826000
1510513827000
1510513828000
1510513829000
1510513830000
1510513831000
1510513832000
1510513833000
1510513834000
1510513835000
1510513836000
1510513837000
1510513838000
1510513839000
1510513840000
1510513841000
1510513842000
1510513843000
1510513844000
1510513845000
1510513846000
1510513847000
1510513848000
1510513849000
1510513850000
1510513851000
1510513852000
1510513853000
1510513854000
1510513855000
1510513856000
1510513857000
1510513858000
1510513859000
1510513860000
1510513861000
1510513862000
1510513863001
1510513864000
1510513865000
1510513866000
1510513867000
1510513868000
1510513869000
1510513870000
1510513871000
1510513872000
1510513873000
1510513874000
1510513875000
1510513876000
1510513877000
1510513878000
1510513879000
1510513880000
1510513881000
1510513882000
1510513883000
1510513884000
1510513885000
1510513886000
1510513887000
1510513888000
1510513889000
1510513890000
1510513891000
1510513892000
1510513893000
1510513894000
1510513895000
1510513896000
1510513897000
1510513898000
1510513899000
1510513900000
1510513901000
1510513902000
1510513903000
1510513904000
1510513905000
1510513906000
1510513907000
1510513908000
1510513909000
1510513910000
1510513911000
1510513912000
1510513913000
1510513914000
1510513915000
1510513916000
1510513917000
1510513918000
1510513919000
1510513920000
1510513921000
1510513922000
1510513923000
1510513924000
1510513925000
1510513926000
1510513927000
1510513928000
1510513929000
1510513930000
1510513931000
1510513932000
1510513933000
1510513934000
1510513935000
1510513936000
1510513937000
1510513938000
1510513939000
1510513940000
1510513941000
1510513942000
1510513943000
1510513944000
1510513945000
1510513946000
1510513947000
1510513948000
1510513949000
1510513950000
1510513951000
1510513952000
1510513953000
1510513954000
1510513955000
1510513956000
1510513957000
1510513958000
1510513959000
1510513960000
1510513961000
1510513962000
1510513963000
1510513964000
1510513965000
1510513966000
1510513967000
1510513968000
1510513969000
1510513970000
1510513971000
1510513972000
1510513973000
1510513974000
1510513975000
1510513976000
1510513977000
1510513978000
1510513979000
1510513980000
1510513981000
1510513982000
1510513983000
1510513984000
1510513985000
1510513986000
1510513987000
1510513988000
1510513989000
1510513990000
1510513991000
1510513992000
1510513993000
1510513994000
1510513995000
1510513996000
1510513997000
1510513998000
1510513999000
1510514000000
1510514001000
1510514002000
1510514003000
1510514004000
1510514005000
1510514006000
1510514007000
1510514008000
1510514009000
1510514010000
1510514011000
1510514012000
1510514013000
1510514014000
1510514015000
1510514016000
1510514017000
1510514018000
1510514019000
1510514020000
1510514021000
1510514022000
1510514023000
1510514024000
1510514025000
1510514026000
1510514027000
1510514028000
1510514029000
1510514030000
1510514031000
1510514032000
1510514033000
1510514034000
1510514035000
1510514036000
1510514037000
1510514038000
1510514039000
1510514040000
1510514041000
1510514042000
1510514043000
1510514044000
1510514045000
1510514046000
1510514047000
1510514048000
1510514049000
1510514050000
1510514051000
1510514052000
1510514053000
1510514054000
1510514055000
1510514056000
1510514057000
1510514058000
1510514059000
1510514060000
1510514061000
1510514062000
1510514063000
1510514064000
1510514065000
1510514066000
1510514067000
1510514068000
1510514069000
1510514070000
1510514071000
1510514072000
1510514073000
1510514074000
1510514075000
1510514076000
1510514077000
1510514078000
1510514079000
1510514080000
1510514081000
1510514082000
1510514083000
1510514084000
1510514085000
1510514086000
1510514087000
1510514088000
1510514089000
1510514090000
1510514091000
1510514092000
1510514093000
1510514094000
1510514095000
1510514096000
1510514097000
1510514098000
1510514099000
1510514100000
1510514101000
1510514102000
1510514103000
1510514104000
1510514105000
1510514106000
1510514107000
1510514108000
1510514109000
1510514110000
1510514111000
1510514112000
1510514113000
1510514114000
1510514115000
1510514116000
1510514117000
1510514118000
1510514119000
1510514120000
1510514121000
1510514122000
1510514123000
1510514124000
1510514125000
1510514126000
1510514127000
1510514128000
1510514129000
1510514130000
1510514131000
1510514132000
1510514133000
1510514134000
1510514135000
1510514136000
1510514137000
1510514138000
1510514139000
1510514140000
1510514141000
1510514142000
1510514143000
1510514144000
1510514145000
1510514146000
1510514147000
1510514148000
1510514149000
1510514150000
1510514151000
1510514152000
1510514153000
1510514154000
1510514155000
1510514156000
1510514157000
1510514158000
1510514159000
1510514160000
1510514161000
1510514162000
1510514163000
1510514164000
1510514165000
1510514166000
1510514167000
1510514168000
1510514169000
1510514170000
1510514171000
1510514172000
1510514173000
1510514174000
1510514175000
1510514176000
1510514177000
1510514178000
1510514179000
1510514180000
1510514181000
1510514182000
1510514183000
1510514184000
1510514185000
1510514186000
1510514187000
1510514188000
1510514189000
1510514190000
1510514191000
1510514192000
1510514193000
1510514194000
1510514195000
1510514196000
1510514197000
1510514198000
1510514199000
1510514200000
1510514201010
1510514202000
1510514203000
1510514204000
1510514205000
1510514206000
1510514207000
1510514208000
1510514209000
1510514210000
1510514211000
1510514212000
1510514213000
1510514214000
1510514215000
1510514216000
1510514217000
1510514218000
1510514219000
1510514220000
1510514221000
1510514222000
1510514223000
1510514224000
1510514225000
1510514226000
1510514227000
1510514228000
1510514229000
1510514230000
1510514231000
1510514232000
1510514233000
1510514234000
1510514235000
1510514236003
1510514237000
1510514238000
1510514239000
1510514240000
1510514241000
1510514242000
1510514243000
1510514244000
1510514245000
1510514246000
1510514247000
1510514248000
1510514249000
1510514250000
1510514251000
1510514252000
1510514253000
1510514254000
1510514255000
1510514256000
1510514257000
1510514258000
1510514259000
1510514260000
1510514261000
1510514262000
1510514263000
1510514264000
1510514265000
1510514266000
1510514267000
1510514268000
1510514269000
1510514270000
1510514271000
1510514272000
1510514273000
1510514274000
1510514275000
1510514276000
1510514277000
1510514278000
1510514279000
1510514280000
1510514281000
1510514282000
1510514283000
1510514284000
1510514285000
1510514286000
1510514287000
1510514288000
1510514289000
1510514290000
1510514291000
1510514292000
1510514293000
1510514294000
1510514295000
1510514296000
1510514297000
1510514298000
1510514299000
1510514300000
1510514301000
1510514302000
1510514303000
1510514304000
1510514305000
1510514306000
1510514307000
1510514308000
1510514309000
1510514310000
1510514311000
1510514312000
1510514313000
1510514314000
1510514315000
1510514316000
1510514317000
1510514318000
1510514319000
1510514320000
1510514321000
1510514322000
1510514323000
1510514324000
1510514325000
1510514326000
1510514327000
1510514328000
1510514329000
1510514330000
1510514331000
1510514332000
1510514333000
1510514334000
1510514335000
1510514336000
1510514337000
1510514338000
1510514339000
1510514340000
1510514341000
1510514342000
1510514343000
1510514344000
1510514345000
1510514346000
1510514347000
1510514348000
1510514349000
1510514350000
1510514351000
1510514352000
1510514353000
1510514354000
1510514355000
1510514356000
1510514357000
1510514358000
1510514359000
1510514360000
1510514361000
1510514362000
1510514363000
1510514364000
1510514365000
1510514366000
1510514367000
1510514368000
1510514369000
1510514370000
1510514371000
1510514372000
1510514373000
1510514374000
1510514375000
1510514376000
1510514377000
1510514378000
1510514379000
1510514380000
1510514381000
1510514382000
1510514383000
1510514384000
1510514385000
1510514386000
1510514387000
1510514388000
1510514389000
1510514390000
1510514391000
1510514392000
1510514393000
1510514394000
1510514395000
1510514396000
1510514397000
1510514398000
1510514399000
1510514400000
1510514401000
1510514402000
1510514403000
1510514404000
1510514405000
1510514406000
1510514407000
1510514408000
1510514409000
1510514410000
1510514411000
1510514412000
1510514413000
1510514414000
1510514415000
1510514416000
1510514417000
1510514418000
1510514419000
1510514420000
1510514421000
1510514422000
1510514423000
1510514424000
1510514425000
1510514426000
1510514427000
1510514428000
1510514429000
1510514430000
1510514431000
1510514432000
1510514433000
1510514434000
1510514435000
1510514436000
1510514437000
1510514438000
1510514439000
1510514440000
1510514441000
1510514442000
1510514443000
1510514444000
1510514445000
1510514446000
1510514447000
1510514448000
1510514449000
1510514450000
1510514451000
1510514452000
1510514453000
1510514454000
1510514455000
1510514456000
1510514457000
1510514458000
1510514459000
1510514460000
1510514461000
1510514462000
1510514463000
1510514464000
1510514465000
1510514466000
1510514467000
1510514468000
1510514469000
1510514470000
1510514471000
1510514472000
1510514473000
1510514474000
1510514475000
1510514476000
1510514477000
1510514478000
1510514479000
1510514480000
1510514481000
1510514482000
1510514483000
1510514484000
1510514485000
1510514486000
1510514487000
1510514488000
1510514489000
1510514490000
1510514491000
1510514492000
1510514493000
1510514494000
1510514495000
1510514496000
1510514497000
1510514498000
1510514499000
1510514500000
1510514501000
1510514502000
1510514503000
1510514504000
1510514505000
1510514506000
1510514507000
1510514508000
1510514509000
1510514510000
1510514511000
1510514512000
1510514513000
1510514514000
1510514515000
1510514516000
1510514517000
1510514518000
1510514519000
1510514520000
1510514521000
1510514522000
1510514523000
1510514524000
1510514525000
1510514526000
1510514527000
1510514528000
1510514529000
1510514530000
1510514531000
1510514532000
1510514533000
1510514534000
1510514535000
1510514536000
1510514537000
1510514538000
1510514539000
1510514540000
1510514541000
1510514542000
1510514543000
1510514544000
1510514545000
1510514546000
1510514547000
1510514548000
1510514549000
1510514550000
1510514551000
1510514552000
1510514553000
1510514554000
1510514555000
1510514556000
1510514557000
1510514558000
1510514559000
1510514560000
1510514561000
1510514562000
1510514563000
1510514564000
1510514565000
1510514566000
1510514567000
1510514568000
1510514569000
1510514570000
1510514571000
1510514572000
1510514573000
1510514574000
1510514575000
1510514576000
1510514577000
1510514578000
1510514579000
1510514580000
1510514581000
1510514582000
1510514583000
1510514584000
1510514585000
1510514586000
1510514587000
1510514588000
1510514589000
1510514590000
1510514591000
1510514592000
1510514593000
1510514594000
1510514595000
1510514596000
1510514597000
1510514598000
1510514599000
1510514600000
1510514601000
1510514602000
1510514603000
1510514604000
1510514605000
1510514606000
1510514607000
1510514608000
1510514609000
1510514610000
1510514611000
1510514612000
1510514613000
1510514614000
1510514615000
1510514616000
1510514617000
1510514618000
1510514619000
1510514620000
1510514621000
1510514622000
1510514623000
1510514624000
1510514625000
1510514626000
1510514627000
1510514628000
1510514629000
1510514630000
1510514631000
1510514632000
1510514633000
1510514634000
1510514635000
1510514636000
1510514637000
1510514638000
1510514639000
1510514640000
1510514641000
1510514642000
1510514643000
1510514644000
1510514645000
1510514646000
1510514647000
1510514648000
1510514649000
1510514650000
1510514651000
1510514652000
1510514653000
1510514654000
1510514655000
1510514656000
1510514657000
1510514658000
1510514659000
1510514660000
1510514661000
1510514662000
1510514663000
1510514664000
1510514665000
1510514666000
1510514667000
1510514668000
1510514669000
1510514670000
1510514671000
1510514672000
1510514673000
1510514674000
1510514675000
1510514676000
1510514677000
1510514678000
1510514679000
1510514680000
1510514681000
1510514682000
1510514683000
1510514684000
1510514685000
1510514686000
1510514687000
1510514688000
1510514689000
1510514690000
1510514691000
1510514692000
1510514693000
1510514694000
1510514695000
1510514696000
1510514697000
1510514698000
1510514699000
1510514700000
1510514701000
1510514702000
1510514703000
1510514704000
1510514705000
1510514706000
1510514707000
1510514708000
1510514709000
1510514710000
1510514711000
1510514712000
1510514713000
1510514714000
1510514715000
1510514716000
1510514717000
1510514718000
1510514719000
1510514720000
1510514721000
1510514722000
1510514723000
1510514724000
1510514725000
1510514726000
1510514727000
1510514728000
1510514729000
1510514730000
1510514731000
1510514732000
1510514733000
1510514734000
1510514735000
1510514736000
1510514737000
1510514738000
1510514739000
1510514740000
1510514741000
1510514742000
1510514743000
1510514744000
1510514745000
1510514746000
1510514747000
1510514748000
1510514749000
1510514750000
1510514751000
1510514752000
1510514753000
1510514754000
1510514755000
1510514756000
1510514757000
1510514758000
1510514759000
1510514760000
1510514761000
1510514762000
1510514763000
1510514764000
1510514765000
1510514766000
1510514767000
1510514768000
1510514769000
1510514770000
1510514771000
1510514772000
1510514773000
1510514774000
1510514775000
1510514776000
1510514777000
1510514778000
1510514779000
1510514780000
1510514781000
1510514782000
1510514783000
1510514784000
1510514785000
1510514786000
1510514787000
1510514788000
1510514789000
1510514790000
1510514791000
1510514792000
1510514793000
1510514794000
1510514795000
1510514796000
1510514797000
1510514798000
1510514799000
1510514800000
1510514801000
1510514802002
1510514803000
1510514804000
1510514805000
1510514806000
1510514807000
1510514808000
1510514809000
1510514810000
1510514811000
1510514812000
1510514813000
1510514814000
1510514815000
1510514816000
1510514817000
1510514818000
1510514819000
1510514820000
1510514821000
1510514822000
1510514823000
1510514824000
1510514825000
1510514826000
1510514827000
1510514828000
1510514829000
1510514830000
1510514831000
1510514832000
1510514833000
1510514834000
1510514835000
1510514836000
1510514837000
1510514838000
1510514839000
1510514840000
1510514841000
1510514842000
1510514843000
1510514844000
1510514845000
1510514846000
1510514847000
1510514848000
1510514849000
1510514850000
1510514851000
1510514852000
1510514853000
1510514854000
1510514855000
1510514856000
1510514857000
1510514858000
1510514859000
1510514860000
1510514861000
1510514862000
1510514863000
1510514864000
1510514865000
1510514866000
1510514867000
1510514868000
1510514869000
1510514870000
1510514871000
1510514872000
1510514873000
1510514874000
1510514875000
1510514876000
1510514877000
1510514878000
1510514879000
1510514880000
1510514881000
1510514882000
1510514883000
1510514884000
1510514885000
1510514886000
1510514887000
1510514888000
1510514889000
1510514890000
1510514891000
1510514892000
1510514893000
1510514894000
1510514895000
1510514896000
1510514897000
1510514898000
1510514899000
1510514900000
1510514901000
1510514902000
1510514903000
1510514904000
1510514905000
1510514906000
1510514907000
1510514908000
1510514909000
1510514910000
1510514911000
1510514912000
1510514913000
1510514914000
1510514915000
1510514916000
1510514917000
1510514918000
1510514919000
1510514920000
1510514921000
1510514922000
1510514923000
1510514924000
1510514925000
1510514926000
1510514927000
1510514928000
1510514929000
1510514930000
1510514931000
1510514932000
1510514933000
1510514934000
1510514935000
1510514936000
1510514937000
1510514938000
1510514939000
1510514940000
1510514941000
1510514942000
1510514943000
1510514944000
1510514945000
1510514946000
1510514947000
1510514948000
1510514949000
1510514950000
1510514951000
1510514952000
1510514953000
1510514954000
1510514955000
1510514956000
1510514957000
1510514958000
1510514959000
1510514960000
1510514961000
1510514962000
1510514963000
1510514964000
1510514965000
1510514966000
1510514967000
1510514968000
1510514969000
1510514970000
1510514971000
1510514972000
1510514973000
1510514974000
1510514975000
1510514976000
1510514977000
1510514978000
1510514979000
1510514980000
1510514981000
1510514982000
1510514983000
1510514984000
1510514985000
1510514986000
1510514987000
1510514988000
1510514989000
1510514990000
1510514991000
1510514992000
1510514993000
1510514994000
1510514995000
1510514996000
1510514997000
1510514998000
1510514999000
1510515000000
1510515001000
1510515002000
1510515003000
1510515004000
1510515005000
1510515006000
1510515007000
1510515008000
1510515009000
1510515010000
1510515011000
1510515012000
1510515013000
1510515014000
1510515015000
1510515016000
1510515017000
1510515018000
1510515019000
1510515020000
1510515021000
1510515022000
1510515023000
1510515024000
1510515025000
1510515026000
1510515027000
1510515028000
1510515029000
1510515030000
1510515031000
1510515032000
1510515033000
1510515034000
1510515035000
1510515036000
1510515037000
1510515038000
1510515039000
1510515040000
1510515041000
1510515042000
1510515043000
1510515044000
1510515045000
1510515046000
1510515047000
1510515048000
1510515049000
1510515050000
1510515051000
1510515052000
1510515053000
1510515054000
1510515055000
1510515056000
1510515057000
1510515058000
1510515059000
1510515060000
1510515061000
1510515062000
1510515063000
1510515064000
1510515065000
1510515066000
1510515067000
1510515068000
1510515069000
1510515070000
1510515071000
1510515072000
1510515073000
1510515074000
1510515075000
1510515076000
1510515077000
1510515078000
1510515079000
1510515080000
1510515081000
1510515082000
1510515083000
1510515084000
1510515085000
1510515086000
1510515087000
1510515088000
1510515089000
1510515090000
1510515091000
1510515092000
1510515093000
1510515094000
1510515095000
1510515096000
1510515097000
1510515098000
1510515099000
1510515100000
1510515101000
1510515102000
1510515103000
1510515104000
1510515105000
1510515106000
1510515107000
1510515108000
1510515109000
1510515110000
1510515111000
1510515112000
1510515113000
1510515114000
1510515115000
1510515116000
1510515117000
1510515118000
1510515119000
1510515120000
1510515121000
1510515122000
1510515123000
1510515124000
1510515125000
1510515126000
1510515127000
1510515128000
1510515129000
1510515130000
1510515131000
1510515132000
1510515133000
1510515134000
1510515135000
1510515136000
1510515137000
1510515138000
1510515139000
1510515140000
1510515141000
1510515142000
1510515143000
1510515144000
1510515145000
1510515146000
1510515147000
1510515148000
1510515149000
1510515150000
1510515151000
1510515152000
1510515153000
1510515154000
1510515155000
1510515156000
1510515157000
1510515158000
1510515159000
1510515160000
1510515161000
1510515162000
1510515163000
1510515164000
1510515165000
1510515166000
1510515167000
1510515168000
1510515169000
1510515170000
1510515171000
1510515172000
1510515173000
1510515174000
1510515175000
1510515176000
1510515177000
1510515178000
1510515179000
1510515180000
1510515181000
1510515182000
1510515183000
1510515184000
1510515185000
1510515186000
1510515187000
1510515188000
1510515189000
1510515190000
1510515191000
1510515192000
1510515193000
1510515194000
1510515195000
1510515196000
1510515197000
1510515198000
1510515199000
1510515200000
1510515201000
1510515202000
1510515203000
1510515204000
1510515205000
1510515206000
1510515207000
1510515208000
1510515209000
1510515210000
1510515211000
1510515212000
1510515213000
1510515214000
1510515215000
1510515216000
1510515217000
1510515218000
1510515219000
1510515220000
1510515221000
1510515222000
1510515223000
1510515224000
1510515225000
1510515226000
1510515227000
1510515228000
1510515229000
1510515230000
1510515231000
1510515232000
1510515233000
1510515234000
1510515235000
1510515236000
1510515237000
1510515238000
1510515239000
1510515240000
1510515241000
1510515242000
1510515243000
1510515244000
1510515245000
1510515246000
1510515247000
1510515248000
1510515249000
1510515250000
1510515251000
1510515252000
1510515253000
1510515254000
1510515255000
1510515256000
1510515257000
1510515258000
1510515259000
1510515260000
1510515261000
1510515262000
1510515263000
1510515264000
1510515265000
1510515266000
1510515267000
1510515268000
1510515269000
1510515270000
1510515271000
1510515272000
1510515273000
1510515274000
1510515275000
1510515276000
1510515277000
1510515278000
1510515279000
1510515280000
1510515281000
1510515282000
1510515283000
1510515284000
1510515285000
1510515286000
1510515287000
1510515288000
1510515289000
1510515290000
1510515291000
1510515292000
1510515293000
1510515294000
1510515295000
1510515296000
1510515297000
1510515298000
1510515299000
1510515300000
1510515301000
1510515302000
1510515303000
1510515304000
1510515305000
1510515306000
1510515307000
1510515308000
1510515309000
1510515310000
1510515311000
1510515312000
1510515313000
1510515314000
1510515315000
1510515316000
1510515317000
1510515318000
1510515319000
1510515320000
1510515321000
1510515322000
1510515323000
1510515324000
1510515325000
1510515326000
1510515327000
1510515328000
1510515329000
1510515330000
1510515331000
1510515332000
1510515333000
1510515334000
1510515335000
1510515336000
1510515337000
1510515338000
1510515339000
1510515340000
1510515341000
1510515342000
1510515343000
1510515344000
1510515345000
1510515346000
1510515347000
1510515348000
1510515349000
1510515350000
1510515351000
1510515352000
1510515353000
1510515354000
1510515355000
1510515356000
1510515357000
1510515358000
1510515359000
1510515360000
1510515361000
1510515362000
1510515363000
1510515364000
1510515365000
1510515366000
1510515367000
1510515368000
1510515369000
1510515370000
1510515371000
1510515372000
1510515373000
1510515374000
1510515375000
1510515376000
1510515377000
1510515378000
1510515379000
1510515380000
1510515381000
1510515382000
1510515383000
1510515384000
1510515385000
1510515386000
1510515387000
1510515388000
1510515389000
1510515390000
1510515391000
1510515392000
1510515393000
1510515394000
1510515395000
1510515396000
1510515397000
1510515398000
1510515399000
1510515400000
1510515401000
1510515402000
1510515403000
1510515404000
1510515405000
1510515406000
1510515407000
1510515408000
1510515409000
1510515410000
1510515411000
1510515412000
1510515413000
1510515414000
1510515415000
1510515416000
1510515417000
1510515418000
1510515419000
1510515420000
1510515421000
1510515422000
1510515423000
1510515424000
1510515425000
1510515426000
1510515427000
1510515428000
1510515429000
1510515430000
1510515431000
1510515432000
1510515433000
1510515434000
1510515435000
1510515436000
1510515437000
1510515438000
1510515439000
1510515440000
1510515441000
1510515442000
1510515443000
1510515444000
1510515445000
1510515446000
1510515447000
1510515448000
1510515449000
1510515450000
1510515451000
1510515452000
1510515453000
1510515454000
1510515455000
1510515456000
1510515457000
1510515458000
1510515459000
1510515460000
1510515461000
1510515462000
1510515463000
1510515464000
1510515465000
1510515466000
1510515467000
1510515468000
1510515469000
1510515470000
1510515471000
1510515472000
1510515473000
1510515474000
1510515475000
1510515476000
1510515477000
1510515478000
1510515479000
1510515480000
1510515481000
1510515482000
1510515483000
1510515484000
1510515485000
1510515486000
1510515487000
1510515488000
1510515489000
1510515490000
1510515491000
1510515492000
1510515493000
1510515494000
1510515495000
1510515496000
1510515497000
1510515498000
1510515499000
1510515500000
1510515501000
1510515502000
1510515503000
1510515504000
1510515505000
1510515506000
1510515507000
1510515508000
1510515509000
1510515510000
1510515511000
1510515512000
1510515513000
1510515514000
1510515515000
1510515516000
1510515517000
1510515518000
1510515519000
1510515520000
1510515521000
1510515522000
1510515523000
1510515524000
1510515525000
1510515526000
1510515527000
1510515528000
1510515529000
1510515530000
1510515531000
1510515532000
1510515533000
1510515534000
1510515535000
1510515536000
1510515537000
1510515538000
1510515539000
1510515540000
1510515541000
1510515542000
1510515543000
1510515544000
1510515545000
1510515546000
1510515547000
1510515548000
1510515549000
1510515550000
1510515551000
1510515552000
1510515553000
1510515554000
1510515555000
1510515556000
1510515557000
1510515558000
1510515559000
1510515560000
1510515561000
1510515562000
1510515563000
1510515564000
1510515565000
1510515566000
1510515567000
1510515568000
1510515569000
1510515570000
1510515571000
1510515572000
1510515573000
1510515574000
1510515575000
1510515576000
1510515577000
1510515578000
1510515579000
1510515580000
1510515581000
1510515582000
1510515583000
1510515584000
1510515585000
1510515586000
1510515587000
1510515588000
1510515589000
1510515590000
1510515591000
1510515592000
1510515593000
1510515594000
1510515595000
1510515596000
1510515597000
1510515598000
1510515599000
1510515600000
1510515601000
1510515602000
1510515603000
1510515604000
1510515605000
1510515606000
1510515607000
1510515608000
1510515609000
1510515610000
1510515611000
1510515612000
1510515613000
1510515614000
1510515615000
1510515616000
1510515617000
1510515618000
1510515619000
1510515620000
1510515621000
1510515622000
1510515623000
1510515624000
1510515625000
1510515626000
1510515627000
1510515628000
1510515629000
1510515630000
1510515631000
1510515632000
1510515633000
1510515634000
1510515635000
1510515636000
1510515637000
1510515638000
1510515639000
1510515640000
1510515641000
1510515642000
1510515643000
1510515644000
1510515645000
1510515646000
1510515647000
1510515648000
1510515649000
1510515650000
1510515651000
1510515652000
1510515653000
1510515654000
1510515655000
1510515656000
1510515657000
1510515658000
1510515659000
1510515660000
1510515661000
1510515662000
1510515663000
1510515664000
1510515665000
1510515666000
1510515667000
1510515668000
1510515669000
1510515670000
1510515671000
1510515672000
1510515673000
1510515674000
1510515675000
1510515676000
1510515677000
1510515678000
1510515679000
1510515680000
1510515681000
1510515682000
1510515683000
1510515684000
1510515685000
1510515686000
1510515687000
1510515688000
1510515689000
1510515690000
1510515691000
1510515692000
1510515693000
1510515694000
1510515695000
1510515696000
1510515697000
1510515698000
1510515699000
1510515700000
1510515701000
1510515702000
1510515703000
1510515704000
1510515705000
1510515706000
1510515707000
1510515708000
1510515709000
1510515710000
1510515711000
1510515712000
1510515713000
1510515714000
1510515715000
1510515716000
1510515717000
1510515718000
1510515719000
1510515720000
1510515721000
1510515722000
1510515723000
1510515724000
1510515725000
1510515726000
1510515727000
1510515728000
1510515729000
1510515730000
1510515731000
1510515732000
1510515733000
1510515734000
1510515735000
1510515736000
1510515737000
1510515738000
1510515739000
1510515740000
1510515741000
1510515742000
1510515743000
1510515744000
1510515745000
1510515746000
1510515747000
1510515748000
1510515749000
1510515750000
1510515751000
1510515752000
1510515753000
1510515754000
1510515755000
1510515756000
1510515757000
1510515758000
1510515759000
1510515760000
1510515761000
1510515762000
1510515763000
1510515764000
1510515765000
1510515766000
1510515767000
1510515768000
1510515769000
1510515770000
1510515771000
1510515772000
1510515773000
1510515774000
1510515775000
1510515776000
1510515777000
1510515778000
1510515779000
1510515780000
1510515781000
1510515782000
1510515783000
1510515784000
1510515785000
1510515786000
1510515787000
1510515788000
1510515789000
1510515790000
1510515791000
1510515792000
1510515793000
1510515794000
1510515795000
1510515796000
1510515797000
1510515798000
1510515799000
1510515800000
1510515801000
1510515802000
1510515803000
1510515804000
1510515805000
1510515806000
1510515807000
1510515808000
1510515809000
1510515810000
1510515811000
1510515812000
1510515813000
1510515814000
1510515815000
1510515816000
1510515817000
1510515818000
1510515819000
1510515820000
1510515821000
1510515822000
1510515823000
1510515824000
1510515825000
1510515826000
1510515827000
1510515828000
1510515829000
1510515830000
1510515831000
1510515832000
1510515833000
1510515834000
1510515835000
1510515836000
1510515837000
1510515838000
1510515839000
1510515840000
1510515841000
1510515842000
1510515843000
1510515844000
1510515845000
1510515846000
1510515847000
1510515848000
1510515849000
1510515850000
1510515851000
1510515852000
1510515853000
1510515854000
1510515855000
1510515856000
1510515857000
1510515858000
1510515859000
1510515860000
1510515861000
1510515862000
1510515863000
1510515864000
1510515865000
1510515866000
1510515867000
1510515868000
1510515869000
1510515870000
1510515871000
1510515872000
1510515873000
1510515874000
1510515875000
1510515876000
1510515877000
1510515878000
1510515879000
1510515880000
1510515881000
1510515882000
1510515883000
1510515884000
1510515885000
1510515886000
1510515887000
1510515888000
1510515889000
1510515890000
1510515891000
1510515892000
1510515893000
1510515894000
1510515895000
1510515896000
1510515897000
1510515898000
1510515899000
1510515900000
1510515901000
1510515902000
1510515903000
1510515904000
1510515905000
1510515906000
1510515907000
1510515908000
1510515909000
1510515910000
1510515911000
1510515912000
1510515913000
1510515914000
1510515915000
1510515916000
1510515917000
1510515918000
1510515919000
1510515920000
1510515921000
1510515922000
1510515923000
1510515924000
1510515925000
1510515926000
1510515927000
1510515928000
1510515929000
1510515930000
1510515931000
1510515932000
1510515933000
1510515934000
1510515935000
1510515936000
1510515937000
1510515938000
1510515939000
1510515940000
1510515941000
1510515942000
1510515943000
1510515944000
1510515945000
1510515946000
1510515947000
1510515948000
1510515949000
1510515950000
1510515951000
1510515952000
1510515953000
1510515954000
1510515955000
1510515956000
1510515957000
1510515958000
1510515959000
1510515960000
1510515961000
1510515962000
1510515963000
1510515964000
1510515965000
1510515966000
1510515967000
1510515968000
1510515969000
1510515970000
1510515971000
1510515972001
1510515973000
1510515974000
1510515975000
1510515976000
1510515977000
1510515978000
1510515979000
1510515980000
1510515981000
1510515982000
1510515983000
1510515984000
1510515985000
1510515986000
1510515987000
1510515988000
1510515989000
1510515990000
1510515991000
1510515992000
1510515993000
1510515994000
1510515995000
1510515996000
1510515997000
1510515998000
1510515999000
1510516000000
1510516001000
1510516002000
1510516003000
1510516004000
1510516005000
1510516006000
1510516007000
1510516008000
1510516009000
1510516010000
1510516011000
1510516012000
1510516013000
1510516014000
1510516015000
1510516016000
1510516017000
1510516018000
1510516019000
1510516020000
1510516021000
1510516022000
1510516023000
1510516024000
1510516025000
1510516026000
1510516027000
1510516028000
1510516029000
1510516030000
1510516031000
1510516032000
1510516033000
1510516034000
1510516035000
1510516036000
1510516037000
1510516038000
1510516039000
1510516040000
1510516041000
1510516042000
1510516043000
1510516044000
1510516045000
1510516046000
1510516047000
1510516048000
1510516049000
1510516050000
1510516051000
1510516052000
1510516053000
1510516054002
1510516055000
1510516056000
1510516057000
1510516058000
1510516059000
1510516060000
1510516061000
1510516062000
1510516063000
1510516064000
1510516065000
1510516066000
1510516067000
1510516068000
1510516069000
1510516070000
1510516071000
1510516072000
1510516073000
1510516074000
1510516075000
1510516076000
1510516077000
1510516078000
1510516079000
1510516080000
1510516081000
1510516082000
1510516083000
1510516084000
1510516085000
1510516086000
1510516087000
1510516088000
1510516089000
1510516090000
1510516091000
1510516092000
1510516093000
1510516094000
1510516095000
1510516096000
1510516097000
1510516098000
1510516099000
1510516100000
1510516101000
1510516102000
1510516103000
1510516104000
1510516105000
1510516106000
1510516107000
1510516108000
1510516109000
1510516110000
1510516111000
1510516112000
1510516113000
1510516114000
1510516115000
1510516116000
1510516117000
1510516118000
1510516119000
1510516120000
1510516121000
1510516122000
1510516123000
1510516124000
1510516125000
1510516126000
1510516127000
1510516128000
1510516129000
1510516130000
1510516131000
1510516132000
1510516133000
1510516134000
1510516135000
1510516136000
1510516137000
1510516138000
1510516139000
1510516140000
1510516141000
1510516142000
1510516143000
1510516144000
1510516145000
1510516146000
1510516147000
1510516148000
1510516149000
1510516150000
1510516151000
1510516152000
1510516153000
1510516154000
1510516155000
1510516156000
1510516157000
1510516158000
1510516159000
1510516160000
1510516161000
1510516162000
1510516163000
1510516164000
1510516165000
1510516166000
1510516167000
1510516168000
1510516169000
1510516170000
1510516171000
1510516172000
1510516173000
1510516174000
1510516175000
1510516176000
1510516177000
1510516178000
1510516179000
1510516180000
1510516181000
1510516182000
1510516183000
1510516184000
1510516185000
1510516186000
1510516187000
1510516188000
1510516189000
1510516190000
1510516191000
1510516192000
1510516193000
1510516194000
1510516195000
1510516196000
1510516197000
1510516198000
1510516199000
1510516200000
1510516201000
1510516202000
1510516203000
1510516204000
1510516205000
1510516206000
1510516207000
1510516208000
1510516209000
1510516210000
1510516211000
1510516212000
1510516213000
1510516214000
1510516215000
1510516216000
1510516217000
1510516218000
1510516219000
1510516220000
1510516221000
1510516222000
1510516223000
1510516224000
1510516225000
1510516226000
1510516227000
1510516228000
1510516229000
1510516230000
1510516231000
1510516232000
1510516233000
1510516234000
1510516235000
1510516236000
1510516237000
1510516238000
1510516239000
1510516240000
1510516241000
1510516242000
1510516243000
1510516244000
1510516245000
1510516246000
1510516247000
1510516248000
1510516249000
1510516250000
1510516251000
1510516252000
1510516253000
1510516254000
1510516255000
1510516256000
1510516257000
1510516258000
1510516259000
1510516260000
1510516261000
1510516262000
1510516263000
1510516264000
1510516265000
1510516266000
1510516267000
1510516268000
1510516269000
1510516270000
1510516271000
1510516272000
1510516273000
1510516274000
1510516275000
1510516276000
1510516277000
1510516278000
1510516279000
1510516280000
1510516281000
1510516282000
1510516283000
1510516284000
1510516285000
1510516286000
1510516287000
1510516288000
1510516289000
1510516290000
1510516291000
1510516292000
1510516293000
1510516294000
1510516295000
1510516296000
1510516297000
1510516298000
1510516299000
1510516300000
1510516301000
1510516302000
1510516303000
1510516304000
1510516305000
1510516306000
1510516307000
1510516308000
1510516309000
1510516310000
1510516311000
1510516312000
1510516313000
1510516314000
1510516315000
1510516316000
1510516317000
1510516318000
1510516319000
1510516320000
1510516321000
1510516322000
1510516323000
1510516324000
1510516325000
1510516326000
1510516327000
1510516328000
1510516329000
1510516330000
1510516331000
1510516332000
1510516333000
1510516334000
1510516335000
1510516336000
1510516337000
1510516338000
1510516339000
1510516340000
1510516341000
1510516342000
1510516343000
1510516344000
1510516345000
1510516346000
1510516347000
1510516348000
1510516349000
1510516350000
1510516351000
1510516352000
1510516353000
1510516354000
1510516355000
1510516356000
1510516357000
1510516358000
1510516359000
1510516360000
1510516361000
1510516362000
1510516363000
1510516364000
1510516365000
1510516366000
1510516367000
1510516368000
1510516369000
1510516370000
1510516371000
1510516372000
1510516373000
1510516374000
1510516375000
1510516376000
1510516377000
1510516378000
1510516379000
1510516380000
1510516381000
1510516382000
1510516383000
1510516384000
1510516385000
1510516386000
1510516387000
1510516388000
1510516389000
1510516390000
1510516391000
1510516392000
1510516393000
1510516394000
1510516395000
1510516396000
1510516397000
1510516398000
1510516399000
1510516400000
1510516401000
1510516402000
1510516403000
1510516404000
1510516405000
1510516406000
1510516407000
1510516408000
1510516409000
1510516410000
1510516411000
1510516412000
1510516413000
1510516414000
1510516415000
1510516416000
1510516417000
1510516418000
1510516419000
1510516420000
1510516421000
1510516422000
1510516423000
1510516424000
1510516425000
1510516426000
1510516427000
1510516428000
1510516429000
1510516430000
1510516431000
1510516432000
1510516433000
1510516434000
1510516435000
1510516436000
1510516437000
1510516438000
1510516439000
1510516440000
1510516441000
1510516442000
1510516443000
1510516444000
1510516445000
1510516446000
1510516447000
1510516448000
1510516449000
1510516450000
1510516451000
1510516452000
1510516453000
1510516454000
1510516455000
1510516456000
1510516457000
1510516458000
1510516459000
1510516460000
1510516461000
1510516462000
1510516463000
1510516464000
1510516465000
1510516466000
1510516467000
1510516468000
1510516469000
1510516470000
1510516471000
1510516472000
1510516473000
1510516474000
1510516475000
1510516476000
1510516477000
1510516478000
1510516479000
1510516480000
1510516481000
1510516482000
1510516483000
1510516484000
1510516485000
1510516486000
1510516487000
1510516488000
1510516489000
1510516490000
1510516491000
1510516492000
1510516493000
1510516494000
1510516495000
1510516496000
1510516497000
1510516498000
1510516499000
1510516500000
1510516501000
1510516502000
1510516503000
1510516504000
1510516505000
1510516506000
1510516507000
1510516508000
1510516509000
1510516510000
1510516511000
1510516512000
1510516513000
1510516514000
1510516515000
1510516516000
1510516517000
1510516518000
1510516519000
1510516520000
1510516521000
1510516522000
1510516523000
1510516524000
1510516525000
1510516526000
1510516527000
1510516528000
1510516529000
1510516530000
1510516531000
1510516532000
1510516533000
1510516534000
1510516535000
1510516536000
1510516537000
1510516538000
1510516539000
1510516540000
1510516541000
1510516542000
1510516543000
1510516544000
1510516545000
1510516546000
1510516547000
1510516548000
1510516549000
1510516550000
1510516551000
1510516552000
1510516553000
1510516554000
1510516555000
1510516556000
1510516557000
1510516558000
1510516559000
1510516560000
1510516561000
1510516562000
1510516563000
1510516564000
1510516565000
1510516566000
1510516567000
1510516568000
1510516569000
1510516570000
1510516571000
1510516572000
1510516573000
1510516574000
1510516575000
1510516576000
1510516577000
1510516578000
1510516579000
1510516580000
1510516581000
1510516582000
1510516583000
1510516584000
1510516585000
1510516586000
1510516587000
1510516588000
1510516589000
1510516590000
1510516591000
1510516592000
1510516593000
1510516594000
1510516595000
1510516596000
1510516597000
1510516598000
1510516599000
1510516600000
1510516601000
1510516602000
1510516603000
1510516604000
1510516605000
1510516606000
1510516607000
1510516608000
1510516609000
1510516610000
1510516611000
1510516612000
1510516613000
1510516614000
1510516615000
1510516616000
1510516617000
1510516618000
1510516619000
1510516620000
1510516621000
1510516622000
1510516623000
1510516624000
1510516625000
1510516626000
1510516627000
1510516628000
1510516629000
1510516630000
1510516631000
1510516632000
1510516633000
1510516634000
1510516635000
1510516636000
1510516637000
1510516638000
1510516639000
1510516640000
1510516641000
1510516642000
1510516643000
1510516644000
1510516645000
1510516646000
1510516647000
1510516648000
1510516649000
1510516650000
1510516651000
1510516652000
1510516653000
1510516654000
1510516655000
1510516656000
1510516657000
1510516658000
1510516659000
1510516660000
1510516661000
1510516662000
1510516663000
1510516664000
1510516665000
1510516666000
1510516667000
1510516668000
1510516669000
1510516670000
1510516671000
1510516672000
1510516673000
1510516674000
1510516675000
1510516676000
1510516677000
1510516678000
1510516679000
1510516680000
1510516681000
1510516682000
1510516683000
1510516684000
1510516685000
1510516686000
1510516687000
1510516688000
1510516689000
1510516690000
1510516691000
1510516692000
1510516693000
1510516694000
1510516695000
1510516696000
1510516697000
1510516698000
1510516699000
1510516700000
1510516701000
1510516702000
1510516703000
1510516704000
1510516705000
1510516706000
1510516707000
1510516708000
1510516709000
1510516710000
1510516711000
1510516712000
1510516713000
1510516714000
1510516715000
1510516716000
1510516717000
1510516718000
1510516719000
1510516720000
1510516721000
1510516722000
1510516723000
1510516724000
1510516725000
1510516726000
1510516727000
1510516728000
1510516729000
1510516730000
1510516731000
1510516732000
1510516733000
1510516734000
1510516735000
1510516736000
1510516737000
1510516738000
1510516739000
1510516740000
1510516741000
1510516742000
1510516743000
1510516744000
1510516745000
1510516746000
1510516747000
1510516748000
1510516749000
1510516750000
1510516751000
1510516752000
1510516753000
1510516754000
1510516755000
1510516756000
1510516757000
1510516758000
1510516759000
1510516760000
1510516761000
1510516762000
1510516763000
1510516764000
1510516765000
1510516766000
1510516767000
1510516768000
1510516769000
1510516770000
1510516771000
1510516772000
1510516773000
1510516774000
1510516775000
1510516776000
1510516777000
1510516778000
1510516779000
1510516780000
1510516781000
1510516782000
1510516783000
1510516784000
1510516785000
1510516786000
1510516787000
1510516788000
1510516789000
1510516790000
1510516791000
1510516792000
1510516793000
1510516794000
1510516795000
1510516796000
1510516797000
1510516798000
1510516799000
1510516800000
1510516801000
1510516802000
1510516803000
1510516804000
1510516805000
1510516806000
1510516807000
1510516808000
1510516809000
1510516810000
1510516811000
1510516812000
1510516813000
1510516814000
1510516815000
1510516816000
1510516817000
1510516818000
1510516819000
1510516820000
1510516821000
1510516822000
1510516823000
1510516824000
1510516825000
1510516826000
1510516827000
1510516828000
1510516829000
1510516830000
1510516831000
1510516832000
1510516833000
1510516834000
1510516835000
1510516836000
1510516837000
1510516838000
1510516839000
1510516840000
1510516841000
1510516842000
1510516843000
1510516844000
1510516845000
1510516846000
1510516847000
1510516848000
1510516849000
1510516850000
1510516851000
1510516852000
1510516853000
1510516854000
1510516855000
1510516856000
1510516857000
1510516858000
1510516859000
1510516860000
1510516861000
1510516862000
1510516863000
1510516864000
1510516865000
1510516866000
1510516867000
1510516868000
1510516869000
1510516870000
1510516871000
1510516872000
1510516873000
1510516874000
1510516875000
1510516876000
1510516877000
1510516878000
1510516879000
1510516880000
1510516881000
1510516882000
1510516883000
1510516884000
1510516885000
1510516886000
1510516887000
1510516888000
1510516889000
1510516890000
1510516891000
1510516892000
1510516893000
1510516894000
1510516895000
1510516896000
1510516897000
1510516898000
1510516899000
1510516900000
1510516901000
1510516902000
1510516903000
1510516904000
1510516905000
1510516906000
1510516907000
1510516908000
1510516909000
1510516910000
1510516911000
1510516912000
1510516913000
1510516914000
1510516915000
1510516916000
1510516917000
1510516918000
1510516919000
1510516920000
1510516921000
1510516922000
1510516923000
1510516924000
1510516925000
1510516926000
1510516927000
1510516928000
1510516929000
1510516930000
1510516931000
1510516932000
1510516933000
1510516934000
1510516935000
1510516936000
1510516937000
1510516938000
1510516939000
1510516940000
1510516941000
1510516942000
1510516943000
1510516944000
1510516945000
1510516946000
1510516947000
1510516948000
1510516949000
1510516950000
1510516951000
1510516952000
1510516953000
1510516954000
1510516955000
1510516956000
1510516957000
1510516958000
1510516959000
1510516960000
1510516961000
1510516962000
1510516963000
1510516964000
1510516965000
1510516966000
1510516967000
1510516968000
1510516969000
1510516970000
1510516971000
1510516972000
1510516973000
1510516974000
1510516975000
1510516976000
1510516977000
1510516978000
1510516979000
1510516980000
1510516981000
1510516982000
1510516983000
1510516984000
1510516985000
1510516986000
1510516987000
1510516988000
1510516989000
1510516990000
1510516991000
1510516992000
1510516993000
1510516994000
1510516995000
1510516996000
1510516997000
1510516998000
1510516999000
1510517000000
1510517001000
1510517002000
1510517003000
1510517004000
1510517005000
1510517006000
1510517007000
1510517008000
1510517009000
1510517010000
1510517011000
1510517012000
1510517013000
1510517014000
1510517015000
1510517016000
1510517017000
1510517018000
1510517019000
1510517020000
1510517021000
1510517022000
1510517023000
1510517024000
1510517025000
1510517026000
1510517027000
1510517028000
1510517029000
1510517030000
1510517031000
1510517032000
1510517033000
1510517034000
1510517035000
1510517036000
1510517037000
1510517038000
1510517039000
1510517040000
1510517041000
1510517042000
1510517043000
1510517044000
1510517045000
1510517046000
1510517047000
1510517048000
1510517049000
1510517050000
1510517051000
1510517052000
1510517053000
1510517054000
1510517055000
1510517056000
1510517057000
1510517058000
1510517059000
1510517060000
1510517061000
1510517062000
1510517063000
1510517064000
1510517065000
1510517066000
1510517067000
1510517068000
1510517069000
1510517070000
1510517071000
1510517072000
1510517073000
1510517074000
1510517075000
1510517076000
1510517077000
1510517078000
1510517079000
1510517080000
1510517081000
1510517082000
1510517083000
1510517084000
1510517085000
1510517086000
1510517087000
1510517088000
1510517089000
1510517090000
1510517091000
1510517092000
1510517093000
1510517094000
1510517095000
1510517096000
1510517097000
1510517098000
1510517099000
1510517100000
1510517101000
1510517102000
1510517103000
1510517104000
1510517105000
1510517106000
1510517107000
1510517108000
1510517109000
1510517110000
1510517111000
1510517112000
1510517113000
1510517114000
1510517115000
1510517116000
1510517117000
1510517118000
1510517119000
1510517120000
1510517121000
1510517122000
1510517123000
1510517124000
1510517125000
1510517126000
1510517127000
1510517128000
1510517129000
1510517130000
1510517131000
1510517132000
1510517133000
1510517134000
1510517135000
1510517136000
1510517137000
1510517138000
1510517139000
1510517140000
1510517141000
1510517142000
1510517143000
1510517144000
1510517145000
1510517146000
1510517147000
1510517148000
1510517149000
1510517150000
1510517151000
1510517152000
1510517153000
1510517154000
1510517155000
1510517156000
1510517157000
1510517158000
1510517159000
1510517160000
1510517161000
1510517162000
1510517163000
1510517164000
1510517165000
1510517166000
1510517167000
1510517168000
1510517169000
1510517170000
1510517171000
1510517172000
1510517173000
1510517174000
1510517175000
1510517176000
1510517177000
1510517178000
1510517179000
1510517180000
1510517181000
1510517182000
1510517183000
1510517184000
1510517185000
1510517186000
1510517187000
1510517188000
1510517189000
1510517190000
1510517191000
1510517192000
1510517193000
1510517194000
1510517195000
1510517196000
1510517197000
1510517198000
1510517199000
1510517200000
1510517201000
1510517202000
1510517203000
1510517204000
1510517205000
1510517206000
1510517207000
1510517208000
1510517209000
1510517210000
1510517211000
1510517212000
1510517213000
1510517214000
1510517215000
1510517216000
1510517217000
1510517218000
1510517219000
1510517220000
1510517221000
1510517222000
1510517223000
1510517224000
1510517225000
1510517226000
1510517227000
1510517228000
1510517229000
1510517230000
1510517231000
1510517232000
1510517233000
1510517234000
1510517235000
1510517236000
1510517237000
1510517238000
1510517239000
1510517240000
1510517241000
1510517242000
1510517243000
1510517244000
1510517245000
1510517246000
1510517247000
1510517248000
1510517249000
1510517250000
1510517251000
1510517252000
1510517253000
1510517254000
1510517255000
1510517256000
1510517257000
1510517258000
1510517259000
1510517260000
1510517261000
1510517262000
1510517263001
1510517264000
1510517265000
1510517266000
1510517267000
1510517268000
1510517269000
1510517270000
1510517271000
1510517272000
1510517273000
1510517274000
1510517275000
1510517276000
1510517277000
1510517278000
1510517279000
1510517280000
1510517281000
1510517282000
1510517283000
1510517284000
1510517285000
1510517286000
1510517287000
1510517288000
1510517289000
1510517290000
