1530505771000
1530505772000
1530505773000
1530505774000
1530505775000
1530505776000
1530505777000
1530505778000
1530505779000
1530505780000
1530505781000
1530505782000
1530505783000
1530505784000
1530505785000
1530505786000
1530505787000
1530505788000
1530505789000
1530505790000
1530505791000
1530505792000
1530505793000
1530505794000
1530505795000
1530505796000
1530505797000
1530505798000
1530505799000
1530505800000
1530505801000
1530505802000
1530505803000
1530505804000
1530505805000
1530505806000
1530505807000
1530505808000
1530505809000
1530505810000
1530505811000
1530505812000
1530505813000
1530505814000
1530505815000
1530505816000
1530505817000
1530505818000
1530505819000
1530505820000
1530505821000
1530505822000
1530505823000
1530505824000
1530505825000
1530505826000
1530505827000
1530505828000
1530505829000
1530505830000
1530505831000
1530505832000
1530505833000
1530505834000
1530505835000
1530505836000
1530505837000
1530505838000
1530505839000
1530505840000
1530505841000
1530505842000
1530505843000
1530505844000
1530505845000
1530505846000
1530505847000
1530505848000
1530505849000
1530505850000
1530505851000
1530505852000
1530505853000
1530505854000
1530505855000
1530505856000
1530505857000
1530505858000
1530505859000
1530505860000
1530505861000
1530505862000
1530505863000
1530505864000
1530505865000
1530505866000
1530505867000
1530505868000
1530505869000
1530505870000
1530505871000
1530505872000
1530505873000
1530505874000
1530505875000
1530505876000
1530505877000
1530505878000
1530505879000
1530505880000
1530505881000
1530505882000
1530505883000
1530505884000
1530505885000
1530505886000
1530505887000
1530505888000
1530505889000
1530505890000
1530505891000
1530505892000
1530505893000
1530505894000
1530505895000
1530505896000
1530505897000
1530505898000
1530505899000
1530505900000
1530505901000
1530505902000
1530505903000
1530505904000
1530505905000
1530505906000
1530505907000
1530505908000
1530505909000
1530505910000
1530505911000
1530505912000
1530505913000
1530505914000
1530505915000
1530505916000
1530505917000
1530505918000
1530505919000
1530505920000
1530505921000
1530505922000
1530505923000
1530505924000
1530505925000
1530505926000
1530505927000
1530505928000
1530505929000
1530505930000
1530505931000
1530505932000
1530505933000
1530505934000
1530505935000
1530505936000
1530505937000
1530505938000
1530505939000
1530505940000
1530505941000
1530505942000
1530505943000
1530505944000
1530505945000
1530505946000
1530505947000
1530505948000
1530505949000
1530505950000
1530505951000
1530505952000
1530505953000
1530505954000
1530505955000
1530505956000
1530505957000
1530505958000
1530505959000
1530505960000
1530505961000
1530505962000
1530505963000
1530505964000
1530505965000
1530505966000
1530505967000
1530505968000
1530505969000
1530505970000
1530505971000
1530505972000
1530505973000
1530505974000
1530505975000
1530505976000
1530505977000
1530505978000
1530505979000
1530505980000
1530505981000
1530505982000
1530505983000
1530505984000
1530505985000
1530505986000
1530505987000
1530505988000
1530505989000
1530505990000
1530505991000
1530505992000
1530505993000
1530505994000
1530505995000
1530505996000
1530505997000
1530505998000
1530505999000
1530506000000
1530506001000
1530506002000
1530506003000
1530506004000
1530506005000
1530506006000
1530506007000
1530506008000
1530506009000
1530506010000
1530506011000
1530506012000
1530506013000
1530506014000
1530506015000
1530506016000
1530506017000
1530506018000
1530506019000
1530506020000
1530506021000
1530506022000
1530506023000
1530506024000
1530506025000
1530506026000
1530506027000
1530506028000
1530506029000
1530506030000
1530506031000
1530506032000
1530506033000
1530506034000
1530506035000
1530506036000
1530506037000
1530506038000
1530506039000
1530506040000
1530506041000
1530506042000
1530506043000
1530506044000
1530506045000
1530506046000
1530506047000
1530506048000
1530506049000
1530506050000
1530506051000
1530506052000
1530506053000
1530506054000
1530506055000
1530506056000
1530506057000
1530506058000
1530506059000
1530506060000
1530506061000
1530506062000
1530506063000
1530506064000
1530506065000
1530506066000
1530506067000
1530506068000
1530506069000
1530506070000
1530506071000
1530506072000
1530506073000
1530506074000
1530506075000
1530506076000
1530506077000
1530506078000
1530506079000
1530506080000
1530506081000
1530506082000
1530506083000
1530506084000
1530506085000
1530506086000
1530506087000
1530506088000
1530506089000
1530506090000
1530506091000
1530506092000
1530506093000
1530506094000
1530506095000
1530506096000
1530506097000
1530506098000
1530506099000
1530506100000
1530506101000
1530506102000
1530506103000
1530506104000
1530506105000
1530506106000
1530506107000
1530506108000
1530506109000
1530506110000
1530506111000
1530506112000
1530506113000
1530506114000
1530506115000
1530506116000
1530506117000
1530506118000
1530506119000
1530506120000
1530506121000
1530506122000
1530506123000
1530506124000
1530506125000
1530506126000
1530506127000
1530506128000
1530506129000
1530506130000
1530506131000
1530506132000
1530506133000
1530506134000
1530506135000
1530506136000
1530506137000
1530506138000
1530506139000
1530506140000
1530506141000
1530506142000
1530506143000
1530506144000
1530506145000
1530506146000
1530506147000
1530506148000
1530506149000
1530506150000
1530506151000
1530506152000
1530506153000
1530506154000
1530506155000
1530506156000
1530506157000
1530506158000
1530506159000
1530506160000
1530506161000
1530506162000
1530506163000
1530506164000
1530506165000
1530506166000
1530506167000
1530506168000
1530506169000
1530506170000
1530506171000
1530506172000
1530506173000
1530506174000
1530506175000
1530506176000
1530506177000
1530506178000
1530506179000
1530506180000
1530506181000
1530506182000
1530506183000
1530506184000
1530506185000
1530506186000
1530506187000
1530506188000
1530506189000
1530506190000
1530506191000
1530506192000
1530506193000
1530506194000
1530506195000
1530506196000
1530506197000
1530506198000
1530506199000
1530506200000
1530506201000
1530506202000
1530506203000
1530506204000
1530506205000
1530506206000
1530506207000
1530506208000
1530506209000
1530506210000
1530506211000
1530506212000
1530506213000
1530506214000
1530506215000
1530506216000
1530506217000
1530506218000
1530506219000
1530506220000
1530506221000
1530506222000
1530506223000
1530506224000
1530506225000
1530506226000
1530506227000
1530506228000
1530506229000
1530506230000
1530506231000
1530506232000
1530506233000
1530506234000
1530506235000
1530506236000
1530506237000
1530506238000
1530506239000
1530506240000
1530506241000
1530506242000
1530506243000
1530506244000
1530506245000
1530506246000
1530506247000
1530506248000
1530506249000
1530506250000
1530506251000
1530506252000
1530506253000
1530506254000
1530506255000
1530506256000
1530506257000
1530506258000
1530506259000
1530506260000
1530506261000
1530506262000
1530506263000
1530506264000
1530506265000
1530506266000
1530506267000
1530506268000
1530506269000
1530506270000
1530506271000
1530506272000
1530506273000
1530506274000
1530506275000
1530506276000
1530506277000
1530506278000
1530506279000
1530506280000
1530506281000
1530506282000
1530506283000
1530506284000
1530506285000
1530506286000
1530506287000
1530506288000
1530506289000
1530506290000
1530506291000
1530506292000
1530506293000
1530506294000
1530506295000
1530506296000
1530506297000
1530506298000
1530506299000
1530506300000
1530506301000
1530506302000
1530506303000
1530506304000
1530506305000
1530506306000
1530506307000
1530506308000
1530506309000
1530506310000
1530506311000
1530506312000
1530506313000
1530506314000
1530506315000
1530506316000
1530506317000
1530506318000
1530506319000
1530506320000
1530506321000
1530506322000
1530506323000
1530506324000
1530506325000
1530506326000
1530506327000
1530506328000
1530506329000
1530506330000
1530506331000
1530506332000
1530506333000
1530506334000
1530506335000
1530506336000
1530506337000
1530506338000
1530506339000
1530506340000
1530506341000
1530506342000
1530506343000
1530506344000
1530506345000
1530506346000
1530506347000
1530506348000
1530506349000
1530506350000
1530506351000
1530506352000
1530506353000
1530506354000
1530506355000
1530506356000
1530506357000
1530506358000
1530506359000
1530506360000
1530506361000
1530506362000
1530506363000
1530506364000
1530506365000
1530506366000
1530506367000
1530506368000
1530506369000
1530506370000
1530506371000
1530506372000
1530506373000
1530506374000
1530506375000
1530506376000
1530506377000
1530506378000
1530506379000
1530506380000
1530506381000
1530506382000
1530506383000
1530506384000
1530506385000
1530506386000
1530506387000
1530506388000
1530506389000
1530506390000
1530506391000
1530506392000
1530506393000
1530506394000
1530506395000
1530506396000
1530506397000
1530506398000
1530506399000
1530506400000
1530506401000
1530506402000
1530506403000
1530506404000
1530506405000
1530506406000
1530506407000
1530506408000
1530506409000
1530506410000
1530506411000
1530506412000
1530506413000
1530506414000
1530506415000
1530506416000
1530506417000
1530506418000
1530506419000
1530506420000
1530506421000
1530506422000
1530506423000
1530506424000
1530506425000
1530506426000
1530506427000
1530506428000
1530506429000
1530506430000
1530506431000
1530506432000
1530506433000
1530506434000
1530506435000
1530506436000
1530506437000
1530506438000
1530506439000
1530506440000
1530506441000
1530506442000
1530506443000
1530506444000
1530506445000
1530506446000
1530506447000
1530506448000
1530506449000
1530506450000
1530506451000
1530506452000
1530506453000
1530506454000
1530506455000
1530506456000
1530506457000
1530506458000
1530506459000
1530506460000
1530506461000
1530506462000
1530506463000
1530506464000
1530506465000
1530506466000
1530506467000
1530506468000
1530506469000
1530506470000
1530506471000
1530506472000
1530506473000
1530506474000
1530506475000
1530506476000
1530506477000
1530506478000
1530506479000
1530506480000
1530506481000
1530506482000
1530506483000
1530506484000
1530506485000
1530506486000
1530506487000
1530506488000
1530506489000
1530506490000
1530506491000
1530506492000
1530506493000
1530506494000
1530506495000
1530506496000
1530506497000
1530506498000
1530506499000
1530506500000
1530506501000
1530506502000
1530506503000
1530506504000
1530506505000
1530506506000
1530506507000
1530506508003
1530506509000
1530506510000
1530506511000
1530506512000
1530506513000
1530506514000
1530506515000
1530506516000
1530506517000
1530506518000
1530506519000
1530506520000
1530506521000
1530506522000
1530506523000
1530506524000
1530506525000
1530506526000
1530506527000
1530506528000
1530506529000
1530506530000
1530506531000
1530506532000
1530506533000
1530506534000
1530506535000
1530506536000
1530506537000
1530506538000
1530506539000
1530506540000
1530506541000
1530506542000
1530506543000
1530506544000
1530506545000
1530506546000
1530506547000
1530506548000
1530506549000
1530506550000
1530506551000
1530506552000
1530506553000
1530506554000
1530506555000
1530506556000
1530506557000
1530506558000
1530506559000
1530506560000
1530506561000
1530506562000
1530506563000
1530506564000
1530506565000
1530506566000
1530506567000
1530506568000
1530506569000
1530506570000
1530506571000
1530506572000
1530506573000
1530506574000
1530506575000
1530506576000
1530506577000
1530506578000
1530506579000
1530506580000
1530506581000
1530506582000
1530506583000
1530506584000
1530506585000
1530506586000
1530506587000
1530506588000
1530506589000
1530506590000
1530506591000
1530506592000
1530506593000
1530506594000
1530506595000
1530506596000
1530506597000
1530506598000
1530506599000
1530506600000
1530506601000
1530506602000
1530506603000
1530506604000
1530506605000
1530506606000
1530506607000
1530506608000
1530506609000
1530506610000
1530506611000
1530506612000
1530506613000
1530506614000
1530506615000
1530506616000
1530506617000
1530506618000
1530506619000
1530506620000
1530506621000
1530506622000
1530506623000
1530506624000
1530506625000
1530506626000
1530506627000
1530506628000
1530506629000
1530506630000
1530506631000
1530506632000
1530506633000
1530506634000
1530506635000
1530506636000
1530506637000
1530506638000
1530506639000
1530506640000
1530506641000
1530506642000
1530506643000
1530506644000
1530506645000
1530506646000
1530506647000
1530506648000
1530506649000
1530506650000
1530506651000
1530506652000
1530506653000
1530506654000
1530506655000
1530506656000
1530506657000
1530506658000
1530506659000
1530506660000
1530506661000
1530506662000
1530506663000
1530506664000
1530506665000
1530506666000
1530506667000
1530506668000
1530506669000
1530506670000
1530506671000
1530506672000
1530506673000
1530506674000
1530506675000
1530506676000
1530506677000
1530506678000
1530506679000
1530506680000
1530506681000
1530506682000
1530506683000
1530506684000
1530506685000
1530506686000
1530506687000
1530506688000
1530506689000
1530506690000
1530506691000
1530506692000
1530506693000
1530506694000
1530506695000
1530506696000
1530506697000
1530506698000
1530506699000
1530506700000
1530506701000
1530506702000
1530506703000
1530506704000
1530506705000
1530506706000
1530506707000
1530506708000
1530506709000
1530506710000
1530506711000
1530506712000
1530506713000
1530506714000
1530506715000
1530506716000
1530506717000
1530506718000
1530506719000
1530506720000
1530506721000
1530506722000
1530506723000
1530506724000
1530506725000
1530506726000
1530506727000
1530506728000
1530506729000
1530506730000
1530506731000
1530506732000
1530506733000
1530506734000
1530506735000
1530506736000
1530506737000
1530506738000
1530506739000
1530506740000
1530506741000
1530506742000
1530506743000
1530506744000
1530506745000
1530506746000
1530506747000
1530506748000
1530506749000
1530506750000
1530506751000
1530506752000
1530506753000
1530506754000
1530506755000
1530506756000
1530506757000
1530506758000
1530506759000
1530506760000
1530506761000
1530506762000
1530506763000
1530506764000
1530506765000
1530506766000
1530506767000
1530506768000
1530506769000
1530506770000
1530506771000
1530506772000
1530506773000
1530506774000
1530506775000
1530506776000
1530506777000
1530506778000
1530506779000
1530506780000
1530506781000
1530506782000
1530506783000
1530506784000
1530506785000
1530506786000
1530506787000
1530506788000
1530506789000
1530506790000
1530506791000
1530506792000
1530506793000
1530506794000
1530506795000
1530506796000
1530506797000
1530506798000
1530506799000
1530506800000
1530506801000
1530506802000
1530506803000
1530506804000
1530506805000
1530506806000
1530506807000
1530506808000
1530506809000
1530506810000
1530506811000
1530506812000
1530506813000
1530506814000
1530506815000
1530506816000
1530506817000
1530506818000
1530506819000
1530506820000
1530506821000
1530506822000
1530506823000
1530506824000
1530506825000
1530506826000
1530506827000
1530506828000
1530506829000
1530506830000
1530506831000
1530506832000
1530506833000
1530506834000
1530506835000
1530506836000
1530506837000
1530506838000
1530506839000
1530506840000
1530506841000
1530506842000
1530506843000
1530506844000
1530506845000
1530506846000
1530506847000
1530506848000
1530506849000
1530506850000
1530506851000
1530506852000
1530506853000
1530506854000
1530506855000
1530506856000
1530506857000
1530506858000
1530506859000
1530506860000
1530506861000
1530506862000
1530506863000
1530506864000
1530506865000
1530506866000
1530506867000
1530506868000
1530506869000
1530506870000
1530506871000
1530506872000
1530506873000
1530506874000
1530506875000
1530506876000
1530506877000
1530506878000
1530506879000
1530506880000
1530506881000
1530506882000
1530506883000
1530506884000
1530506885000
1530506886000
1530506887000
1530506888000
1530506889000
1530506890000
1530506891000
1530506892000
1530506893000
1530506894000
1530506895000
1530506896000
1530506897000
1530506898000
1530506899000
1530506900000
1530506901000
1530506902000
1530506903000
1530506904000
1530506905000
1530506906000
1530506907000
1530506908000
1530506909000
1530506910000
1530506911000
1530506912000
1530506913000
1530506914000
1530506915000
1530506916000
1530506917000
1530506918000
1530506919000
1530506920000
1530506921000
1530506922000
1530506923000
1530506924000
1530506925000
1530506926000
1530506927000
1530506928000
1530506929000
1530506930000
1530506931000
1530506932000
1530506933000
1530506934000
1530506935000
1530506936000
1530506937000
1530506938000
1530506939000
1530506940000
1530506941000
1530506942000
1530506943000
1530506944000
1530506945000
1530506946000
1530506947000
1530506948000
1530506949000
1530506950000
1530506951000
1530506952000
1530506953000
1530506954000
1530506955000
1530506956000
1530506957000
1530506958000
1530506959000
1530506960000
1530506961000
1530506962000
1530506963000
1530506964000
1530506965000
1530506966000
1530506967000
1530506968000
1530506969000
1530506970000
1530506971000
1530506972000
1530506973000
1530506974000
1530506975000
1530506976000
1530506977000
1530506978000
1530506979000
1530506980000
1530506981000
1530506982000
1530506983000
1530506984000
1530506985000
1530506986000
1530506987000
1530506988000
1530506989000
1530506990000
1530506991000
1530506992000
1530506993000
1530506994000
1530506995000
1530506996000
1530506997000
1530506998000
1530506999000
1530507000000
1530507001000
1530507002000
1530507003000
1530507004000
1530507005000
1530507006000
1530507007000
1530507008000
1530507009000
1530507010000
1530507011000
1530507012000
1530507013000
1530507014000
1530507015000
1530507016000
1530507017000
1530507018000
1530507019000
1530507020000
1530507021000
1530507022000
1530507023000
1530507024000
1530507025000
1530507026000
1530507027000
1530507028000
1530507029000
1530507030000
1530507031000
1530507032000
1530507033000
1530507034000
1530507035000
1530507036000
1530507037000
1530507038000
1530507039000
1530507040000
1530507041000
1530507042000
1530507043000
1530507044000
1530507045000
1530507046000
1530507047000
1530507048000
1530507049000
1530507050000
1530507051000
1530507052000
1530507053000
1530507054000
1530507055000
1530507056000
1530507057000
1530507058000
1530507059000
1530507060000
1530507061000
1530507062000
1530507063000
1530507064000
1530507065000
1530507066000
1530507067000
1530507068000
1530507069000
1530507070000
1530507071000
1530507072000
1530507073000
1530507074000
1530507075000
1530507076000
1530507077000
1530507078000
1530507079000
1530507080000
1530507081000
1530507082000
1530507083000
1530507084000
1530507085000
1530507086000
1530507087000
1530507088000
1530507089000
1530507090000
1530507091000
1530507092000
1530507093000
1530507094000
1530507095000
1530507096000
1530507097000
1530507098000
1530507099000
1530507100000
1530507101000
1530507102000
1530507103000
1530507104000
1530507105000
1530507106000
1530507107000
1530507108000
1530507109000
1530507110000
1530507111000
1530507112000
1530507113000
1530507114000
1530507115000
1530507116000
1530507117000
1530507118000
1530507119000
1530507120000
1530507121000
1530507122000
1530507123000
1530507124000
1530507125000
1530507126000
1530507127000
1530507128000
1530507129000
1530507130000
1530507131000
1530507132000
1530507133000
1530507134000
1530507135000
1530507136000
1530507137000
1530507138000
1530507139000
1530507140000
1530507141000
1530507142000
1530507143000
1530507144000
1530507145000
1530507146000
1530507147000
1530507148000
1530507149000
1530507150000
1530507151000
1530507152000
1530507153000
1530507154000
1530507155000
1530507156000
1530507157000
1530507158000
1530507159000
1530507160000
1530507161000
1530507162000
1530507163000
1530507164000
1530507165000
1530507166000
1530507167000
1530507168000
1530507169000
1530507170000
1530507171000
1530507172000
1530507173000
1530507174000
1530507175000
1530507176000
1530507177000
1530507178000
1530507179000
1530507180000
1530507181000
1530507182000
1530507183000
1530507184000
1530507185000
1530507186000
1530507187000
1530507188000
1530507189000
1530507190000
1530507191000
1530507192000
1530507193000
1530507194000
1530507195000
1530507196000
1530507197000
1530507198000
1530507199000
1530507200000
1530507201000
1530507202000
1530507203000
1530507204000
1530507205000
1530507206000
1530507207000
1530507208000
1530507209000
1530507210000
1530507211000
1530507212000
1530507213000
1530507214000
1530507215000
1530507216000
1530507217000
1530507218000
1530507219000
1530507220000
1530507221000
1530507222000
1530507223000
1530507224000
1530507225000
1530507226000
1530507227000
1530507228000
1530507229000
1530507230000
1530507231000
1530507232000
1530507233000
1530507234000
1530507235000
1530507236000
1530507237000
1530507238000
1530507239000
1530507240000
1530507241000
1530507242000
1530507243000
1530507244000
1530507245000
1530507246000
1530507247000
1530507248000
1530507249000
1530507250000
1530507251000
1530507252000
1530507253000
1530507254000
1530507255000
1530507256000
1530507257000
1530507258000
1530507259000
1530507260000
1530507261000
1530507262000
1530507263000
1530507264000
1530507265000
1530507266000
1530507267000
1530507268000
1530507269000
1530507270000
1530507271000
1530507272000
1530507273000
1530507274000
1530507275000
1530507276000
1530507277000
1530507278000
1530507279000
1530507280000
1530507281000
1530507282000
1530507283000
1530507284000
1530507285000
1530507286000
1530507287000
1530507288000
1530507289000
1530507290000
1530507291000
1530507292000
1530507293000
1530507294000
1530507295000
1530507296000
1530507297000
1530507298000
1530507299000
1530507300000
1530507301000
1530507302000
1530507303000
1530507304000
1530507305000
1530507306000
1530507307000
1530507308000
1530507309000
1530507310000
1530507311000
1530507312000
1530507313000
1530507314000
1530507315000
1530507316000
1530507317000
1530507318000
1530507319000
1530507320000
1530507321000
1530507322000
1530507323000
1530507324000
1530507325000
1530507326000
1530507327000
1530507328000
1530507329000
1530507330000
1530507331000
1530507332000
1530507333000
1530507334000
1530507335000
1530507336000
1530507337000
1530507338000
1530507339000
1530507340000
1530507341000
1530507342000
1530507343000
1530507344000
1530507345000
1530507346000
1530507347000
1530507348000
1530507349000
1530507350000
1530507351000
1530507352000
1530507353000
1530507354000
1530507355000
1530507356000
1530507357000
1530507358000
1530507359000
1530507360000
1530507361000
1530507362000
1530507363000
1530507364000
1530507365000
1530507366000
1530507367000
1530507368000
1530507369000
1530507370000
1530507371000
1530507372000
1530507373000
1530507374000
1530507375000
1530507376000
1530507377000
1530507378000
1530507379000
1530507380000
1530507381000
1530507382000
1530507383000
1530507384000
1530507385000
1530507386000
1530507387000
1530507388000
1530507389000
1530507390000
1530507391000
1530507392000
1530507393000
1530507394000
1530507395000
1530507396000
1530507397000
1530507398000
1530507399000
1530507400000
1530507401000
1530507402000
1530507403000
1530507404000
1530507405000
1530507406000
1530507407000
1530507408000
1530507409000
1530507410000
1530507411000
1530507412000
1530507413000
1530507414000
1530507415000
1530507416000
1530507417000
1530507418000
1530507419000
1530507420000
1530507421000
1530507422000
1530507423000
1530507424000
1530507425000
1530507426000
1530507427000
1530507428000
1530507429000
1530507430000
1530507431000
1530507432000
1530507433000
1530507434000
1530507435000
1530507436000
1530507437000
1530507438000
1530507439000
1530507440000
1530507441000
1530507442000
1530507443000
1530507444000
1530507445000
1530507446000
1530507447000
1530507448000
1530507449000
1530507450000
1530507451000
1530507452000
1530507453000
1530507454000
1530507455000
1530507456000
1530507457000
1530507458000
1530507459000
1530507460000
1530507461000
1530507462000
1530507463000
1530507464000
1530507465000
1530507466000
1530507467000
1530507468000
1530507469000
1530507470000
1530507471000
1530507472000
1530507473000
1530507474000
1530507475000
1530507476000
1530507477000
1530507478000
1530507479000
1530507480000
1530507481000
1530507482000
1530507483000
1530507484000
1530507485000
1530507486000
1530507487000
1530507488000
1530507489000
1530507490000
1530507491000
1530507492000
1530507493000
1530507494000
1530507495000
1530507496000
1530507497000
1530507498000
1530507499000
1530507500000
1530507501000
1530507502000
1530507503000
1530507504000
1530507505000
1530507506000
1530507507000
1530507508000
1530507509000
1530507510000
1530507511000
1530507512000
1530507513000
1530507514000
1530507515000
1530507516000
1530507517000
1530507518000
1530507519000
1530507520000
1530507521000
1530507522000
1530507523000
1530507524000
1530507525000
1530507526000
1530507527000
1530507528000
1530507529000
1530507530000
1530507531000
1530507532000
1530507533000
1530507534000
1530507535000
1530507536000
1530507537000
1530507538000
1530507539000
1530507540000
1530507541000
1530507542000
1530507543000
1530507544000
1530507545000
1530507546000
1530507547000
1530507548000
1530507549000
1530507550000
1530507551000
1530507552000
1530507553000
1530507554000
1530507555000
1530507556000
1530507557000
1530507558000
1530507559000
1530507560000
1530507561000
1530507562000
1530507563000
1530507564000
1530507565000
1530507566000
1530507567000
1530507568000
1530507569000
1530507570000
1530507571000
1530507572000
1530507573000
1530507574000
1530507575000
1530507576000
1530507577000
1530507578000
1530507579000
1530507580000
1530507581000
1530507582000
1530507583000
1530507584000
1530507585000
1530507586000
1530507587000
1530507588000
1530507589000
1530507590000
1530507591000
1530507592000
1530507593000
1530507594000
1530507595000
1530507596000
1530507597000
1530507598000
1530507599000
1530507600000
1530507601000
1530507602000
1530507603000
1530507604000
1530507605000
1530507606000
1530507607000
1530507608000
1530507609000
1530507610000
1530507611000
1530507612000
1530507613000
1530507614000
1530507615000
1530507616000
1530507617000
1530507618000
1530507619000
1530507620000
1530507621000
1530507622000
1530507623000
1530507624000
1530507625000
1530507626000
1530507627000
1530507628000
1530507629000
1530507630000
1530507631000
1530507632000
1530507633000
1530507634000
1530507635000
1530507636000
1530507637000
1530507638000
1530507639000
1530507640000
1530507641000
1530507642000
1530507643000
1530507644000
1530507645000
1530507646000
1530507647000
1530507648000
1530507649000
1530507650000
1530507651000
1530507652000
1530507653000
1530507654000
1530507655000
1530507656000
1530507657000
1530507658000
1530507659000
1530507660000
1530507661000
1530507662000
1530507663000
1530507664000
1530507665000
1530507666000
1530507667000
1530507668000
1530507669000
1530507670000
1530507671000
1530507672000
1530507673000
1530507674000
1530507675000
1530507676000
1530507677000
1530507678000
1530507679000
1530507680000
1530507681000
1530507682000
1530507683000
1530507684000
1530507685000
1530507686000
1530507687000
1530507688000
1530507689000
1530507690000
1530507691000
1530507692000
1530507693000
1530507694000
1530507695000
1530507696000
1530507697000
1530507698000
1530507699000
1530507700000
1530507701000
1530507702000
1530507703000
1530507704000
1530507705000
1530507706000
1530507707000
1530507708000
1530507709000
1530507710000
1530507711000
1530507712000
1530507713000
1530507714000
1530507715000
1530507716000
1530507717000
1530507718000
1530507719000
1530507720000
1530507721000
1530507722000
1530507723000
1530507724000
1530507725000
1530507726000
1530507727000
1530507728000
1530507729000
1530507730000
1530507731000
1530507732000
1530507733000
1530507734000
1530507735000
1530507736000
1530507737000
1530507738000
1530507739000
1530507740000
1530507741000
1530507742000
1530507743000
1530507744000
1530507745000
1530507746000
1530507747000
1530507748000
1530507749000
1530507750000
1530507751000
1530507752000
1530507753000
1530507754000
1530507755000
1530507756000
1530507757000
1530507758000
1530507759000
1530507760000
1530507761000
1530507762000
1530507763000
1530507764000
1530507765000
1530507766000
1530507767000
1530507768000
1530507769000
1530507770000
1530507771000
1530507772000
1530507773000
1530507774000
1530507775000
1530507776000
1530507777000
1530507778000
1530507779000
1530507780000
1530507781000
1530507782000
1530507783000
1530507784000
1530507785000
1530507786000
1530507787000
1530507788000
1530507789000
1530507790000
1530507791000
1530507792000
1530507793000
1530507794000
1530507795000
1530507796000
1530507797000
1530507798000
1530507799000
1530507800000
1530507801000
1530507802000
1530507803000
1530507804000
1530507805000
1530507806000
1530507807000
1530507808000
1530507809000
1530507810000
1530507811000
1530507812000
1530507813000
1530507814000
1530507815000
1530507816000
1530507817000
1530507818000
1530507819000
1530507820000
1530507821000
1530507822000
1530507823000
1530507824000
1530507825000
1530507826000
1530507827000
1530507828000
1530507829000
1530507830000
1530507831000
1530507832000
1530507833000
1530507834000
1530507835000
1530507836000
1530507837000
1530507838000
1530507839000
1530507840000
1530507841000
1530507842000
1530507843000
1530507844000
1530507845000
1530507846000
1530507847000
1530507848000
1530507849000
1530507850000
1530507851000
1530507852000
1530507853000
1530507854000
1530507855000
1530507856000
1530507857000
1530507858000
1530507859000
1530507860000
1530507861000
1530507862000
1530507863000
1530507864000
1530507865000
1530507866000
1530507867000
1530507868000
1530507869000
1530507870000
1530507871000
1530507872000
1530507873000
1530507874000
1530507875000
1530507876000
1530507877000
1530507878000
1530507879000
1530507880000
1530507881000
1530507882000
1530507883000
1530507884000
1530507885000
1530507886000
1530507887000
1530507888000
1530507889000
1530507890000
1530507891000
1530507892000
1530507893000
1530507894000
1530507895000
1530507896000
1530507897000
1530507898000
1530507899000
1530507900000
1530507901000
1530507902000
1530507903000
1530507904000
1530507905000
1530507906000
1530507907000
1530507908000
1530507909000
1530507910000
1530507911000
1530507912000
1530507913000
1530507914000
1530507915000
1530507916000
1530507917000
1530507918000
1530507919000
1530507920000
1530507921000
1530507922000
1530507923000
1530507924000
1530507925000
1530507926000
1530507927000
1530507928000
1530507929000
1530507930000
1530507931000
1530507932000
1530507933000
1530507934000
1530507935000
1530507936000
1530507937000
1530507938000
1530507939000
1530507940000
1530507941000
1530507942000
1530507943000
1530507944000
1530507945000
1530507946000
1530507947000
1530507948000
1530507949000
1530507950000
1530507951000
1530507952000
1530507953000
1530507954000
1530507955000
1530507956000
1530507957000
1530507958000
1530507959000
1530507960000
1530507961000
1530507962000
1530507963000
1530507964000
1530507965000
1530507966000
1530507967000
1530507968000
1530507969000
1530507970000
1530507971000
1530507972000
1530507973000
1530507974000
1530507975000
1530507976000
1530507977000
1530507978000
1530507979000
1530507980000
1530507981000
1530507982000
1530507983000
1530507984000
1530507985000
1530507986000
1530507987000
1530507988000
1530507989000
1530507990000
1530507991000
1530507992000
1530507993000
1530507994000
1530507995000
1530507996000
1530507997000
1530507998000
1530507999000
1530508000000
1530508001000
1530508002000
1530508003000
1530508004000
1530508005000
1530508006000
1530508007000
1530508008000
1530508009000
1530508010000
1530508011000
1530508012000
1530508013000
1530508014000
1530508015000
1530508016000
1530508017000
1530508018000
1530508019000
1530508020000
1530508021000
1530508022000
1530508023000
1530508024000
1530508025000
1530508026000
1530508027000
1530508028000
1530508029000
1530508030000
1530508031000
1530508032000
1530508033000
1530508034000
1530508035000
1530508036000
1530508037000
1530508038000
1530508039000
1530508040000
1530508041000
1530508042000
1530508043000
1530508044000
1530508045000
1530508046000
1530508047000
1530508048000
1530508049000
1530508050000
1530508051000
1530508052000
1530508053000
1530508054000
1530508055000
1530508056000
1530508057000
1530508058000
1530508059000
1530508060000
1530508061000
1530508062000
1530508063000
1530508064000
1530508065000
1530508066000
1530508067000
1530508068000
1530508069000
1530508070000
1530508071000
1530508072000
1530508073000
1530508074000
1530508075000
1530508076000
1530508077000
1530508078000
1530508079000
1530508080000
1530508081000
1530508082000
1530508083000
1530508084000
1530508085000
1530508086000
1530508087000
1530508088000
1530508089000
1530508090000
1530508091000
1530508092000
1530508093000
1530508094000
1530508095000
1530508096000
1530508097000
1530508098000
1530508099000
1530508100000
1530508101000
1530508102000
1530508103000
1530508104000
1530508105000
1530508106000
1530508107000
1530508108000
1530508109000
1530508110000
1530508111000
1530508112000
1530508113000
1530508114000
1530508115000
1530508116000
1530508117000
1530508118000
1530508119000
1530508120000
1530508121000
1530508122000
1530508123000
1530508124000
1530508125000
1530508126000
1530508127000
1530508128000
1530508129000
1530508130000
1530508131000
1530508132000
1530508133000
1530508134000
1530508135000
1530508136000
1530508137000
1530508138000
1530508139000
1530508140000
1530508141000
1530508142000
1530508143000
1530508144000
1530508145000
1530508146000
1530508147000
1530508148000
1530508149000
1530508150000
1530508151000
1530508152000
1530508153000
1530508154000
1530508155000
1530508156000
1530508157000
1530508158000
1530508159000
1530508160000
1530508161000
1530508162000
1530508163000
1530508164000
1530508165000
1530508166000
1530508167000
1530508168000
1530508169000
1530508170000
1530508171000
1530508172000
1530508173000
1530508174000
1530508175000
1530508176000
1530508177000
1530508178000
1530508179000
1530508180000
1530508181000
1530508182000
1530508183000
1530508184000
1530508185000
1530508186000
1530508187000
1530508188000
1530508189000
1530508190000
1530508191000
1530508192000
1530508193000
1530508194000
1530508195000
1530508196000
1530508197000
1530508198000
1530508199000
1530508200000
1530508201000
1530508202000
1530508203000
1530508204000
1530508205000
1530508206000
1530508207000
1530508208000
1530508209000
1530508210000
1530508211000
1530508212000
1530508213000
1530508214000
1530508215000
1530508216000
1530508217000
1530508218000
1530508219000
1530508220000
1530508221000
1530508222000
1530508223000
1530508224000
1530508225000
1530508226000
1530508227000
1530508228000
1530508229000
1530508230000
1530508231000
1530508232000
1530508233000
1530508234000
1530508235000
1530508236000
1530508237000
1530508238000
1530508239000
1530508240000
1530508241000
1530508242000
1530508243000
1530508244000
1530508245000
1530508246000
1530508247000
1530508248000
1530508249000
1530508250000
1530508251000
1530508252000
1530508253000
1530508254000
1530508255000
1530508256000
1530508257000
1530508258000
1530508259000
1530508260000
1530508261000
1530508262000
1530508263000
1530508264000
1530508265000
1530508266000
1530508267000
1530508268000
1530508269000
1530508270000
1530508271000
1530508272000
1530508273000
1530508274000
1530508275000
1530508276000
1530508277000
1530508278000
1530508279000
1530508280000
1530508281000
1530508282000
1530508283000
1530508284000
1530508285000
1530508286000
1530508287000
1530508288000
1530508289000
1530508290000
1530508291000
1530508292000
1530508293000
1530508294000
1530508295000
1530508296000
1530508297000
1530508298000
1530508299000
1530508300000
1530508301000
1530508302000
1530508303000
1530508304000
1530508305000
1530508306000
1530508307000
1530508308000
1530508309000
1530508310000
1530508311000
1530508312000
1530508313000
1530508314000
1530508315000
1530508316000
1530508317000
1530508318000
1530508319000
1530508320000
1530508321000
1530508322000
1530508323000
1530508324000
1530508325000
1530508326000
1530508327000
1530508328000
1530508329000
1530508330000
1530508331000
1530508332000
1530508333000
1530508334000
1530508335000
1530508336000
1530508337000
1530508338000
1530508339000
1530508340000
1530508341000
1530508342000
1530508343000
1530508344000
1530508345000
1530508346000
1530508347000
1530508348000
1530508349000
1530508350000
1530508351000
1530508352000
1530508353000
1530508354000
1530508355000
1530508356000
1530508357000
1530508358000
1530508359000
1530508360000
1530508361000
1530508362000
1530508363000
1530508364000
1530508365000
1530508366000
1530508367000
1530508368000
1530508369000
1530508370000
1530508371000
1530508372000
1530508373000
1530508374000
1530508375000
1530508376000
1530508377000
1530508378000
1530508379000
1530508380000
1530508381000
1530508382000
1530508383000
1530508384000
1530508385000
1530508386000
1530508387000
1530508388000
1530508389000
1530508390000
1530508391000
1530508392000
1530508393000
1530508394000
1530508395000
1530508396000
1530508397000
1530508398000
1530508399000
1530508400000
1530508401000
1530508402000
1530508403000
1530508404000
1530508405000
1530508406000
1530508407000
1530508408000
1530508409000
1530508410000
1530508411000
1530508412000
1530508413000
1530508414000
1530508415000
1530508416000
1530508417000
1530508418000
1530508419000
1530508420000
1530508421000
1530508422000
1530508423000
1530508424000
1530508425000
1530508426000
1530508427000
1530508428000
1530508429000
1530508430000
1530508431000
1530508432000
1530508433000
1530508434000
1530508435000
1530508436000
1530508437000
1530508438000
1530508439000
1530508440000
1530508441000
1530508442000
1530508443000
1530508444000
1530508445000
1530508446000
1530508447000
1530508448000
1530508449000
1530508450000
1530508451000
1530508452000
1530508453000
1530508454000
1530508455000
1530508456000
1530508457000
1530508458000
1530508459000
1530508460000
1530508461000
1530508462000
1530508463000
1530508464000
1530508465000
1530508466000
1530508467000
1530508468000
1530508469000
1530508470000
1530508471000
1530508472000
1530508473000
1530508474000
1530508475000
1530508476000
1530508477000
1530508478000
1530508479000
1530508480000
1530508481000
1530508482000
1530508483000
1530508484000
1530508485000
1530508486000
1530508487000
1530508488000
1530508489000
1530508490000
1530508491000
1530508492000
1530508493000
1530508494000
1530508495000
1530508496000
1530508497000
1530508498000
1530508499000
1530508500000
1530508501000
1530508502000
1530508503000
1530508504000
1530508505000
1530508506000
1530508507000
1530508508000
1530508509000
1530508510000
1530508511000
1530508512000
1530508513000
1530508514000
1530508515000
1530508516000
1530508517000
1530508518000
1530508519000
1530508520000
1530508521000
1530508522000
1530508523000
1530508524000
1530508525000
1530508526000
1530508527000
1530508528000
1530508529000
1530508530000
1530508531000
1530508532000
1530508533000
1530508534000
1530508535000
1530508536000
1530508537000
1530508538000
1530508539000
1530508540000
1530508541000
1530508542000
1530508543000
1530508544000
1530508545000
1530508546000
1530508547000
1530508548000
1530508549000
1530508550000
1530508551000
1530508552000
1530508553000
1530508554000
1530508555000
1530508556000
1530508557000
1530508558000
1530508559000
1530508560000
1530508561000
1530508562000
1530508563000
1530508564000
1530508565000
1530508566000
1530508567000
1530508568000
1530508569000
1530508570000
1530508571000
1530508572000
1530508573000
1530508574000
1530508575000
1530508576000
1530508577000
1530508578000
1530508579000
1530508580000
1530508581000
1530508582000
1530508583000
1530508584000
1530508585000
1530508586000
1530508587000
1530508588000
1530508589000
1530508590000
1530508591000
1530508592000
1530508593000
1530508594000
1530508595000
1530508596000
1530508597000
1530508598000
1530508599000
1530508600000
1530508601000
1530508602000
1530508603000
1530508604000
1530508605000
1530508606000
1530508607000
1530508608000
1530508609000
1530508610000
1530508611000
1530508612000
1530508613000
1530508614000
1530508615000
1530508616000
1530508617000
1530508618000
1530508619000
1530508620000
1530508621000
1530508622000
1530508623000
1530508624000
1530508625000
1530508626000
1530508627000
1530508628000
1530508629000
1530508630000
1530508631000
1530508632000
1530508633000
1530508634000
1530508635000
1530508636000
1530508637000
1530508638000
1530508639000
1530508640000
1530508641000
1530508642000
1530508643000
1530508644000
1530508645000
1530508646000
1530508647000
1530508648000
1530508649000
1530508650000
1530508651000
1530508652000
1530508653000
1530508654000
1530508655000
1530508656000
1530508657000
1530508658000
1530508659000
1530508660000
1530508661000
1530508662000
1530508663000
1530508664000
1530508665000
1530508666000
1530508667000
1530508668000
1530508669000
1530508670000
1530508671000
1530508672000
1530508673000
1530508674000
1530508675000
1530508676000
1530508677000
1530508678000
1530508679000
1530508680000
1530508681000
1530508682000
1530508683000
1530508684000
1530508685000
1530508686000
1530508687000
1530508688000
1530508689000
1530508690000
1530508691000
1530508692000
1530508693000
1530508694000
1530508695000
1530508696000
1530508697000
1530508698000
1530508699000
1530508700000
1530508701000
1530508702000
1530508703000
1530508704000
1530508705000
1530508706000
1530508707000
1530508708000
1530508709000
1530508710000
1530508711000
1530508712000
1530508713000
1530508714000
1530508715000
1530508716000
1530508717000
1530508718000
1530508719000
1530508720000
1530508721000
1530508722000
1530508723000
1530508724000
1530508725000
1530508726000
1530508727000
1530508728000
1530508729000
1530508730000
1530508731000
1530508732000
1530508733000
1530508734000
1530508735000
1530508736000
1530508737000
1530508738000
1530508739000
1530508740000
1530508741000
1530508742000
1530508743000
1530508744000
1530508745000
1530508746000
1530508747000
1530508748000
1530508749000
1530508750000
1530508751000
1530508752000
1530508753000
1530508754000
1530508755000
1530508756000
1530508757000
1530508758000
1530508759000
1530508760000
1530508761000
1530508762000
1530508763000
1530508764000
1530508765000
1530508766000
1530508767000
1530508768000
1530508769000
1530508770000
1530508771000
1530508772000
1530508773000
1530508774000
1530508775000
1530508776000
1530508777000
1530508778000
1530508779000
1530508780000
1530508781000
1530508782000
1530508783000
1530508784000
1530508785000
1530508786000
1530508787000
1530508788000
1530508789000
1530508790000
1530508791000
1530508792000
1530508793000
1530508794000
1530508795000
1530508796000
1530508797000
1530508798000
1530508799000
1530508800000
1530508801000
1530508802000
1530508803000
1530508804000
1530508805000
1530508806000
1530508807000
1530508808000
1530508809000
1530508810000
1530508811000
1530508812000
1530508813000
1530508814000
1530508815000
1530508816000
1530508817000
1530508818000
1530508819000
1530508820000
1530508821000
1530508822000
1530508823000
1530508824000
1530508825000
1530508826000
1530508827000
1530508828000
1530508829000
1530508830000
1530508831000
1530508832000
1530508833000
1530508834000
1530508835000
1530508836000
1530508837000
1530508838000
1530508839000
1530508840000
1530508841000
1530508842000
1530508843000
1530508844000
1530508845000
1530508846000
1530508847000
1530508848000
1530508849000
1530508850000
1530508851000
1530508852000
1530508853000
1530508854000
1530508855000
1530508856000
1530508857000
1530508858000
1530508859000
1530508860000
1530508861000
1530508862000
1530508863000
1530508864000
1530508865000
1530508866000
1530508867000
1530508868000
1530508869000
1530508870000
1530508871000
1530508872000
1530508873000
1530508874000
1530508875000
1530508876000
1530508877000
1530508878000
1530508879000
1530508880000
1530508881000
1530508882000
1530508883000
1530508884000
1530508885000
1530508886000
1530508887000
1530508888000
1530508889000
1530508890000
1530508891000
1530508892000
1530508893000
1530508894000
1530508895000
1530508896000
1530508897000
1530508898000
1530508899000
1530508900000
1530508901000
1530508902000
1530508903000
1530508904000
1530508905000
1530508906000
1530508907000
1530508908000
1530508909000
1530508910000
1530508911000
1530508912000
1530508913000
1530508914000
1530508915000
1530508916000
1530508917000
1530508918000
1530508919000
1530508920000
1530508921000
1530508922000
1530508923000
1530508924000
1530508925000
1530508926000
1530508927000
1530508928000
1530508929000
1530508930000
1530508931000
1530508932000
1530508933000
1530508934000
1530508935000
1530508936000
1530508937000
1530508938000
1530508939000
1530508940000
1530508941000
1530508942000
1530508943000
1530508944000
1530508945000
1530508946000
1530508947000
1530508948000
1530508949000
1530508950000
1530508951000
1530508952000
1530508953000
1530508954000
1530508955000
1530508956000
1530508957000
1530508958000
1530508959000
1530508960000
1530508961000
1530508962000
1530508963000
1530508964000
1530508965000
1530508966000
1530508967000
1530508968000
1530508969000
1530508970000
1530508971000
1530508972000
1530508973000
1530508974000
1530508975000
1530508976000
1530508977000
1530508978000
1530508979000
1530508980000
1530508981000
1530508982000
1530508983000
1530508984000
1530508985000
1530508986000
1530508987000
1530508988000
1530508989000
1530508990000
1530508991000
1530508992000
1530508993000
1530508994000
1530508995000
1530508996000
1530508997000
1530508998000
1530508999000
1530509000000
1530509001000
1530509002000
1530509003000
1530509004000
1530509005000
1530509006000
1530509007000
1530509008000
1530509009000
1530509010000
1530509011000
1530509012000
1530509013000
1530509014000
1530509015000
1530509016000
1530509017000
1530509018000
1530509019000
1530509020000
1530509021000
1530509022000
1530509023000
1530509024000
1530509025000
1530509026000
1530509027000
1530509028000
1530509029000
1530509030000
1530509031000
1530509032000
1530509033000
1530509034000
1530509035000
1530509036000
1530509037000
1530509038000
1530509039000
1530509040000
1530509041000
1530509042000
1530509043000
1530509044000
1530509045000
1530509046000
1530509047000
1530509048000
1530509049000
1530509050000
1530509051000
1530509052000
1530509053000
1530509054000
1530509055000
1530509056000
1530509057000
1530509058000
1530509059000
1530509060000
1530509061000
1530509062000
1530509063000
1530509064000
1530509065000
1530509066000
1530509067000
1530509068000
1530509069000
1530509070000
1530509071000
1530509072000
1530509073000
1530509074000
1530509075000
1530509076000
1530509077000
1530509078000
1530509079000
1530509080000
1530509081000
1530509082000
1530509083000
1530509084000
1530509085000
1530509086000
1530509087000
1530509088000
1530509089000
1530509090000
1530509091000
1530509092000
1530509093000
1530509094000
1530509095000
1530509096000
1530509097000
1530509098000
1530509099000
1530509100000
1530509101000
1530509102000
1530509103000
1530509104000
1530509105000
1530509106000
1530509107000
1530509108000
1530509109000
1530509110000
1530509111000
1530509112000
1530509113000
1530509114000
1530509115000
1530509116000
1530509117000
1530509118000
1530509119000
1530509120000
1530509121000
1530509122000
1530509123000
1530509124000
1530509125000
1530509126000
1530509127000
1530509128000
1530509129000
1530509130000
1530509131000
1530509132000
1530509133000
1530509134000
1530509135000
1530509136000
1530509137000
1530509138000
1530509139000
1530509140000
1530509141000
1530509142000
1530509143000
1530509144000
1530509145000
1530509146000
1530509147000
1530509148000
1530509149000
1530509150000
1530509151000
1530509152000
1530509153000
1530509154000
1530509155000
1530509156000
1530509157000
1530509158000
1530509159000
1530509160000
1530509161000
1530509162000
1530509163000
1530509164000
1530509165000
1530509166000
1530509167000
1530509168000
1530509169000
1530509170000
1530509171000
1530509172000
1530509173000
1530509174000
1530509175000
1530509176000
1530509177000
1530509178000
1530509179000
1530509180000
1530509181000
1530509182000
1530509183000
1530509184000
1530509185000
1530509186000
1530509187000
1530509188000
1530509189000
1530509190000
1530509191000
1530509192000
1530509193000
1530509194000
1530509195000
1530509196000
1530509197000
1530509198000
1530509199000
1530509200000
1530509201000
1530509202000
1530509203000
1530509204000
1530509205000
1530509206000
1530509207000
1530509208000
1530509209000
1530509210000
1530509211000
1530509212000
1530509213000
1530509214000
1530509215000
1530509216000
1530509217000
1530509218000
1530509219000
1530509220000
1530509221000
1530509222000
1530509223000
1530509224000
1530509225000
1530509226000
1530509227000
1530509228000
1530509229000
1530509230000
1530509231000
1530509232000
1530509233000
1530509234000
1530509235000
1530509236000
1530509237000
1530509238000
1530509239000
1530509240000
1530509241000
1530509242000
1530509243000
1530509244000
1530509245000
1530509246000
1530509247000
1530509248000
1530509249000
1530509250000
1530509251000
1530509252000
1530509253000
1530509254000
1530509255000
1530509256000
1530509257000
1530509258000
1530509259000
1530509260000
1530509261000
1530509262000
1530509263000
1530509264000
1530509265000
1530509266000
1530509267000
1530509268000
1530509269000
1530509270000
1530509271000
1530509272000
1530509273000
1530509274000
1530509275000
1530509276000
1530509277000
1530509278000
1530509279000
1530509280000
1530509281000
1530509282000
1530509283000
1530509284000
1530509285000
1530509286000
1530509287000
1530509288000
1530509289000
1530509290000
1530509291000
1530509292000
1530509293000
1530509294000
1530509295000
1530509296000
1530509297000
1530509298000
1530509299000
1530509300000
1530509301000
1530509302000
1530509303000
1530509304000
1530509305000
1530509306000
1530509307000
1530509308000
1530509309000
1530509310000
1530509311000
1530509312000
1530509313000
1530509314000
1530509315000
1530509316000
1530509317000
1530509318000
1530509319000
1530509320000
1530509321000
1530509322000
1530509323000
1530509324000
1530509325000
1530509326000
1530509327000
1530509328000
1530509329000
1530509330000
1530509331000
1530509332000
1530509333000
1530509334000
1530509335000
1530509336000
1530509337000
1530509338000
1530509339000
1530509340000
1530509341000
1530509342000
1530509343000
1530509344000
1530509345000
1530509346000
1530509347000
1530509348000
1530509349000
1530509350000
1530509351000
1530509352000
1530509353000
1530509354000
1530509355000
1530509356000
1530509357000
1530509358000
1530509359000
1530509360000
1530509361000
1530509362000
1530509363000
1530509364000
1530509365000
1530509366000
1530509367000
1530509368000
1530509369000
1530509370000
1530509371000
1530509372000
1530509373000
1530509374000
1530509375000
1530509376000
1530509377000
1530509378000
1530509379000
1530509380000
1530509381000
1530509382000
1530509383000
1530509384000
1530509385000
1530509386000
1530509387000
1530509388000
1530509389000
1530509390000
1530509391000
1530509392000
1530509393000
1530509394000
1530509395000
1530509396000
1530509397000
1530509398000
1530509399000
1530509400000
1530509401000
1530509402000
1530509403000
1530509404000
1530509405000
1530509406000
1530509407000
1530509408000
1530509409000
1530509410000
1530509411000
1530509412000
1530509413000
1530509414000
1530509415000
1530509416000
1530509417000
1530509418000
1530509419000
1530509420000
1530509421000
1530509422000
1530509423000
1530509424000
1530509425000
1530509426000
1530509427000
1530509428000
1530509429000
1530509430000
1530509431000
1530509432000
1530509433000
1530509434000
1530509435000
1530509436000
1530509437000
1530509438000
1530509439000
1530509440000
1530509441000
1530509442000
1530509443000
1530509444000
1530509445000
1530509446000
1530509447000
1530509448000
1530509449000
1530509450000
1530509451000
1530509452000
1530509453000
1530509454000
1530509455000
1530509456000
1530509457000
1530509458000
1530509459000
1530509460000
1530509461000
1530509462000
1530509463000
1530509464000
1530509465000
1530509466000
1530509467000
1530509468000
1530509469000
1530509470000
1530509471000
1530509472000
1530509473000
1530509474000
1530509475000
1530509476000
1530509477000
1530509478000
1530509479000
1530509480000
1530509481000
1530509482000
1530509483000
1530509484000
1530509485000
1530509486000
1530509487000
1530509488000
1530509489000
1530509490000
1530509491000
1530509492000
1530509493000
1530509494000
1530509495000
1530509496000
1530509497000
1530509498000
1530509499000
1530509500000
1530509501000
1530509502000
1530509503000
1530509504000
1530509505000
1530509506000
1530509507000
1530509508000
1530509509000
1530509510000
1530509511000
1530509512000
1530509513000
1530509514000
1530509515000
1530509516000
1530509517000
1530509518000
1530509519000
1530509520000
1530509521000
1530509522000
1530509523000
1530509524000
1530509525000
1530509526000
1530509527000
1530509528000
1530509529000
1530509530000
1530509531000
1530509532000
1530509533000
1530509534000
1530509535000
1530509536000
1530509537000
1530509538000
1530509539000
1530509540000
1530509541000
1530509542000
1530509543000
1530509544000
1530509545000
1530509546000
1530509547000
1530509548000
1530509549000
1530509550000
1530509551000
1530509552000
1530509553000
1530509554000
1530509555000
1530509556000
1530509557000
1530509558000
1530509559000
1530509560000
1530509561000
1530509562000
1530509563000
1530509564000
1530509565000
1530509566000
1530509567000
1530509568000
1530509569000
1530509570000
1530509571000
1530509572000
1530509573000
1530509574000
1530509575000
1530509576000
1530509577000
1530509578000
1530509579000
1530509580000
1530509581000
1530509582000
1530509583000
1530509584000
1530509585000
1530509586000
1530509587000
1530509588000
1530509589000
1530509590000
1530509591000
1530509592000
1530509593000
1530509594000
1530509595000
1530509596000
1530509597000
1530509598000
1530509599000
1530509600000
1530509601000
1530509602000
1530509603000
1530509604000
1530509605000
1530509606000
1530509607000
1530509608000
1530509609000
1530509610000
1530509611000
1530509612000
1530509613000
1530509614000
1530509615000
1530509616000
1530509617000
1530509618000
1530509619000
1530509620000
1530509621000
1530509622000
1530509623000
1530509624000
1530509625000
1530509626000
1530509627000
1530509628000
1530509629000
1530509630000
1530509631000
1530509632000
1530509633000
1530509634000
1530509635000
1530509636000
1530509637000
1530509638000
1530509639000
1530509640000
1530509641000
1530509642000
1530509643000
1530509644000
1530509645000
1530509646000
1530509647000
1530509648000
1530509649000
1530509650000
1530509651000
1530509652000
1530509653000
1530509654000
1530509655000
1530509656000
1530509657000
1530509658000
1530509659000
1530509660000
1530509661000
1530509662000
1530509663000
1530509664000
1530509665000
1530509666000
1530509667000
1530509668000
1530509669000
1530509670000
1530509671000
1530509672000
1530509673000
1530509674000
1530509675000
1530509676000
1530509677000
1530509678000
1530509679000
1530509680000
1530509681000
1530509682000
1530509683000
1530509684000
1530509685000
1530509686000
1530509687000
1530509688000
1530509689000
1530509690000
1530509691000
1530509692000
1530509693000
1530509694000
1530509695000
1530509696000
1530509697000
1530509698000
1530509699000
1530509700000
1530509701000
1530509702000
1530509703000
1530509704000
1530509705000
1530509706000
1530509707000
1530509708000
1530509709000
1530509710000
1530509711000
1530509712000
1530509713000
1530509714000
1530509715000
1530509716000
1530509717000
1530509718000
1530509719000
1530509720000
1530509721000
1530509722000
1530509723000
1530509724000
1530509725000
1530509726000
1530509727000
1530509728000
1530509729000
1530509730000
1530509731000
1530509732000
1530509733000
1530509734000
1530509735000
1530509736000
1530509737000
1530509738000
1530509739000
1530509740000
1530509741000
1530509742000
1530509743000
1530509744000
1530509745000
1530509746000
1530509747000
1530509748000
1530509749000
1530509750000
1530509751000
1530509752000
1530509753000
1530509754000
1530509755000
1530509756000
1530509757000
1530509758000
1530509759000
1530509760000
1530509761000
1530509762000
1530509763000
1530509764000
1530509765000
1530509766000
1530509767000
1530509768000
1530509769000
1530509770000
1530509771000
1530509772000
1530509773000
1530509774000
1530509775000
1530509776000
1530509777000
1530509778000
1530509779000
1530509780000
1530509781000
1530509782000
1530509783000
1530509784000
1530509785000
1530509786000
1530509787000
1530509788000
1530509789000
1530509790000
1530509791000
1530509792000
1530509793000
1530509794000
1530509795000
1530509796000
1530509797000
1530509798000
1530509799000
1530509800000
1530509801000
1530509802000
1530509803000
1530509804000
1530509805000
1530509806000
1530509807000
1530509808000
1530509809000
1530509810000
1530509811000
1530509812000
1530509813000
1530509814000
1530509815000
1530509816000
1530509817000
1530509818000
1530509819000
1530509820000
1530509821000
1530509822000
1530509823000
1530509824000
1530509825000
1530509826000
1530509827000
1530509828000
1530509829000
1530509830000
1530509831000
1530509832000
1530509833000
1530509834000
1530509835000
1530509836000
1530509837000
1530509838000
1530509839000
1530509840000
1530509841000
1530509842000
1530509843000
1530509844000
1530509845000
1530509846000
1530509847000
1530509848000
1530509849000
1530509850000
1530509851000
1530509852000
1530509853000
1530509854000
1530509855000
1530509856000
1530509857000
1530509858000
1530509859000
1530509860000
1530509861000
1530509862000
1530509863000
1530509864000
1530509865000
1530509866000
1530509867000
1530509868000
1530509869000
1530509870000
1530509871000
1530509872000
1530509873000
1530509874000
1530509875000
1530509876000
1530509877000
1530509878000
1530509879000
1530509880000
1530509881000
1530509882000
1530509883000
1530509884000
1530509885000
1530509886000
1530509887000
1530509888000
1530509889000
1530509890000
1530509891000
1530509892000
1530509893000
1530509894000
1530509895000
1530509896000
1530509897000
1530509898000
1530509899000
1530509900000
1530509901000
1530509902000
1530509903000
1530509904000
1530509905000
1530509906000
1530509907000
1530509908000
1530509909000
1530509910000
1530509911000
1530509912000
1530509913000
1530509914000
1530509915000
1530509916000
1530509917000
1530509918000
1530509919000
1530509920000
1530509921000
1530509922000
1530509923000
1530509924000
1530509925000
1530509926000
1530509927000
1530509928000
1530509929000
1530509930000
1530509931000
1530509932000
1530509933000
1530509934000
1530509935000
1530509936000
1530509937000
1530509938000
1530509939000
1530509940000
1530509941000
1530509942000
1530509943000
1530509944000
1530509945000
1530509946000
1530509947000
1530509948000
1530509949000
1530509950000
1530509951000
1530509952000
1530509953000
1530509954000
1530509955000
1530509956000
1530509957000
1530509958000
1530509959000
1530509960000
1530509961000
1530509962000
1530509963000
1530509964000
1530509965000
1530509966000
1530509967000
1530509968000
1530509969000
1530509970000
1530509971000
1530509972000
1530509973000
1530509974000
1530509975000
1530509976000
1530509977000
1530509978000
1530509979000
1530509980000
1530509981000
1530509982000
1530509983000
1530509984000
1530509985000
1530509986000
1530509987000
1530509988000
1530509989000
1530509990000
1530509991000
1530509992000
1530509993000
1530509994000
1530509995000
1530509996000
1530509997000
1530509998000
1530509999000
1530510000000
1530510001000
1530510002000
1530510003000
1530510004000
1530510005000
1530510006000
1530510007000
1530510008000
1530510009000
1530510010000
1530510011000
1530510012000
1530510013000
1530510014000
1530510015000
1530510016000
1530510017000
1530510018000
1530510019000
1530510020000
1530510021000
1530510022000
1530510023000
1530510024000
1530510025000
1530510026000
1530510027000
1530510028000
1530510029000
1530510030000
1530510031000
1530510032000
1530510033000
1530510034000
1530510035000
1530510036000
1530510037000
1530510038000
1530510039000
1530510040000
1530510041000
1530510042000
1530510043000
1530510044000
1530510045000
1530510046000
1530510047000
1530510048000
1530510049000
1530510050000
1530510051000
1530510052000
1530510053000
1530510054000
1530510055000
1530510056000
1530510057000
1530510058000
1530510059000
1530510060000
1530510061000
1530510062000
1530510063000
1530510064000
1530510065000
1530510066000
1530510067000
1530510068000
1530510069000
1530510070000
1530510071000
1530510072000
1530510073000
1530510074000
1530510075000
1530510076000
1530510077000
1530510078000
1530510079000
1530510080000
1530510081000
1530510082000
1530510083000
1530510084000
1530510085000
1530510086000
1530510087000
1530510088000
1530510089000
1530510090000
1530510091000
1530510092000
1530510093000
1530510094000
1530510095000
1530510096000
1530510097000
1530510098000
1530510099000
1530510100000
1530510101000
1530510102000
1530510103000
1530510104000
1530510105000
1530510106000
1530510107000
1530510108000
1530510109000
1530510110000
1530510111000
1530510112000
1530510113000
1530510114000
1530510115000
1530510116000
1530510117000
1530510118000
1530510119000
1530510120000
1530510121000
1530510122000
1530510123000
1530510124000
1530510125000
1530510126000
1530510127000
1530510128000
1530510129000
1530510130000
1530510131000
1530510132000
1530510133000
1530510134000
1530510135000
1530510136000
1530510137000
1530510138000
1530510139000
1530510140000
1530510141000
1530510142000
1530510143000
1530510144000
1530510145000
1530510146000
1530510147000
1530510148000
1530510149000
1530510150000
1530510151000
1530510152000
1530510153000
1530510154000
1530510155000
1530510156000
1530510157000
1530510158000
1530510159000
1530510160000
1530510161000
1530510162000
1530510163000
1530510164000
1530510165000
1530510166000
1530510167000
1530510168000
1530510169000
1530510170000
1530510171000
1530510172000
1530510173000
1530510174000
1530510175000
1530510176000
1530510177000
1530510178000
1530510179000
1530510180000
1530510181000
1530510182000
1530510183000
1530510184000
1530510185000
1530510186000
1530510187000
1530510188000
1530510189000
1530510190000
1530510191000
1530510192000
1530510193000
1530510194000
1530510195000
1530510196000
1530510197000
1530510198000
1530510199000
1530510200000
1530510201000
1530510202000
1530510203000
1530510204000
1530510205000
1530510206000
1530510207000
1530510208000
1530510209000
1530510210000
1530510211000
1530510212000
1530510213000
1530510214000
1530510215000
1530510216000
1530510217000
1530510218000
1530510219000
1530510220000
1530510221000
1530510222000
1530510223000
1530510224000
1530510225000
1530510226000
1530510227000
1530510228000
1530510229000
1530510230000
1530510231000
1530510232000
1530510233000
1530510234000
1530510235000
1530510236000
1530510237000
1530510238000
1530510239000
1530510240000
1530510241000
1530510242000
1530510243000
1530510244000
1530510245000
1530510246000
1530510247000
1530510248000
1530510249000
1530510250000
1530510251000
1530510252000
1530510253000
1530510254000
1530510255000
1530510256000
1530510257000
1530510258000
1530510259000
1530510260000
1530510261000
1530510262000
1530510263000
1530510264000
1530510265000
1530510266000
1530510267000
1530510268000
1530510269000
1530510270000
1530510271000
1530510272000
1530510273000
1530510274000
1530510275000
1530510276000
1530510277000
1530510278000
1530510279000
1530510280000
1530510281000
1530510282000
1530510283000
1530510284000
1530510285000
1530510286000
1530510287000
1530510288000
1530510289000
1530510290000
1530510291000
1530510292000
1530510293000
1530510294000
1530510295000
1530510296000
1530510297000
1530510298000
1530510299000
1530510300000
1530510301000
1530510302000
1530510303000
1530510304000
1530510305000
1530510306000
1530510307000
1530510308000
1530510309000
1530510310000
1530510311000
1530510312000
1530510313000
1530510314000
1530510315000
1530510316000
1530510317000
1530510318000
1530510319000
1530510320000
1530510321000
1530510322000
1530510323000
1530510324000
1530510325000
1530510326000
1530510327000
1530510328000
1530510329000
1530510330000
1530510331000
1530510332000
1530510333000
1530510334000
1530510335000
1530510336000
1530510337000
1530510338000
1530510339000
1530510340000
1530510341000
1530510342000
1530510343000
1530510344000
1530510345000
1530510346000
1530510347000
1530510348000
1530510349000
1530510350000
1530510351000
1530510352000
1530510353000
1530510354000
1530510355000
1530510356000
1530510357000
1530510358000
1530510359000
1530510360000
1530510361000
1530510362000
1530510363000
1530510364000
1530510365000
1530510366000
1530510367000
1530510368000
1530510369000
1530510370000
1530510371000
1530510372000
1530510373000
1530510374000
1530510375000
1530510376000
1530510377000
1530510378000
1530510379000
1530510380000
1530510381000
1530510382000
1530510383000
1530510384000
1530510385000
1530510386000
1530510387000
1530510388000
1530510389000
1530510390000
1530510391000
1530510392000
1530510393000
1530510394000
1530510395000
1530510396000
1530510397000
1530510398000
1530510399000
1530510400000
1530510401000
1530510402000
1530510403000
1530510404000
1530510405000
1530510406000
1530510407000
1530510408000
1530510409000
1530510410000
1530510411000
1530510412000
1530510413000
1530510414000
1530510415000
1530510416000
1530510417000
1530510418000
1530510419000
1530510420000
1530510421000
1530510422000
1530510423000
1530510424000
1530510425000
1530510426000
1530510427000
1530510428000
1530510429000
1530510430000
1530510431000
1530510432000
1530510433000
1530510434000
1530510435000
1530510436000
1530510437000
1530510438000
1530510439000
1530510440000
1530510441000
1530510442000
1530510443000
1530510444000
1530510445000
1530510446000
1530510447000
1530510448000
1530510449000
1530510450000
1530510451000
1530510452000
1530510453000
1530510454000
1530510455000
1530510456000
