5870088.16 42f94290 043937 h ???????? 004 /wiki/%3Ca%20class=%22blue%22%20href=%22/wiki/AnneWillSingularity%22%3EAnneWillSingularity%3C/a%3E
5870144.17 9d372793 6a88e8 h ???????? 021 /
587046a.d3 42f94290 043937 h ???????? 004 /wiki/VisitorAttraction
58704e1.7c 42f94292 043937 h ???????? 00b /base
587070e.0c 42f94290 043937 h ???????? 005 /wiki/KunstRasen
587086e.16 42f94294 043937 h ???????? 005 /wiki/BertrandDelanoe
58708bc.46 42f94290 043937 s ???????? 004 /wiki/AwdHolding
58708d4.54 42f94290 043937 h ???????? 002 /wiki/LifeDay16196
5870964.7e 42f94294 043937 h ???????? 002 /wiki/UrsaMajor
5870977.f4 42f94290 043937 h ???????? 002 /wiki/%3Ca%20class=%22blue%22%20href=%22/wiki/PremiumCitizen%22%3EPremiumCitizen%3C/a%3E
5870a92.46 42f94290 043937 h ???????? 002 /hot/robots.txt
5870acd.d7 42f94290 043937 h ???????? 002 /wiki/%3Ca%20class=%22blue%22%20href=%22/wiki/TwentyFirstCentury%22%3ETwentyFirstCentury%3C/a%3E
5870b48.09 42f94294 043937 h ???????? 002 /wiki/EnnoTolzmann
5870b66.e8 42f94292 043937 h ???????? 002 /wiki/LifeDay15826
5870c91.d6 c9969551 cdfc4d h ???????? 018 /
5870cc7.ac 42f94294 043937 h ???????? 002 /hot
5870cc8.87 42f94294 043937 h ???????? 002 /wiki/GuBa
5870cee.f6 42f94290 043937 h ???????? 002 /wiki/LifeDay15979
5870d64.be 42f95c51 70a047 h ???????? 001 //rss.rdf
5870ece.6c 42f94290 043937 h ???????? 002 /wiki/DebtGraph
5870f18.e4 9d37279d 6a88e8 h ???????? 002 /wiki/RealFilm
5870fd8.51 42f94292 043937 h ???????? 002 /wiki/WeWa
58711b7.87 42f94292 043937 s ???????? 002 /wiki/BgfDresden
5871293.4a 42f94290 043937 h ???????? 003 /wiki/AnBug
58712f1.46 42f94292 043937 h ???????? 002 /wiki/SigmarGabriel
587136d.0d 42f94294 043937 h ???????? 003 /wiki/ClaJong
58714c7.82 42f94292 043937 h ???????? 002 /wiki/DdrEis
58714ce.a6 42f94290 043937 h ???????? 001 /wiki/NorbertThiel
5871679.c4 42f94294 043937 h ???????? 002 /wiki/HierUndJetzt
5871723.fe 3624966a 433e9c h ???????? 001 /robots.txt
58718f7.1e 42f94292 043937 h ???????? 003 /wiki/FrankBalke
5871a7e.da 42f94292 043937 s ???????? 003 /wiki/SergeyBrin
5871ae9.b0 c73a56ce 028fc4 h ???????? 001 /robots.txt
5871aeb.f8 c73a56ce 028fc4 h ???????? 01a /
5871bbf.b4 42f9428e 043937 s ???????? 76b /memo
5871cfa.7c 42f94290 043937 h ???????? 004 /wiki/LehrGeld
5871cfa.7c 42f94290 043937 h ???????? 004 /robots.txt
5871d06.41 42f94292 043937 h ???????? 002 /wiki/AltGlas
5871d7c.52 42f94292 043937 h ???????? 003 /wiki/SCvIYpy7s
5871e1e.0b 42f94290 043937 h ???????? 002 /wiki/TinoTamme
587219b.91 42f94294 043937 h ???????? 003 /wiki/BillClinton
5872269.39 42f94290 043937 h ???????? 003 /wiki/MostImportantChart
587226c.13 42f94290 043937 h ???????? 003 /wiki/IljaFrank
58722bb.e2 113a676c 4d4314 h ???????? 002 //robots.txt
58722bc.4d 113a676c 4d4314 h ???????? 002 /robots.txt
58722bc.94 113a676c 4d4314 h ???????? 002 //wiki/PartOf
5872360.3e 42f9428e 043937 s ???????? 003 /wiki/WettBewerb
5872481.cb 42f94294 043937 h ???????? 003 /wiki/MoritzBurg
58724d3.1a 42f94290 622963 s ???????? 015 /
5872507.b6 42f9428e 622963 s ???????? 002 /feel/8
5872623.be 05fffd07 e4b041 s ???????? 002 /robots.txt
5872627.65 05fffd07 e4b041 s ???????? 014 /
58728af.43 42f94290 043937 h ???????? 003 /wiki/BotSchaft
5872901.41 42f94294 043937 h ???????? 002 /wiki/InteLeaf
5872a83.2f 42f94294 043937 h ???????? 003 /wiki/DanBarry
5872b58.9d cf2e0d76 6a88e8 h ???????? 003 /wiki/CabiNet
5872c41.5e 42f94290 043937 s ???????? 003 /wiki/UnserNotar
5872f13.b4 9d372703 6a88e8 s ???????? 001 /robots.txt
5872f14.cd 9d372703 6a88e8 s ???????? 002 /robots.txt
5872f22.40 cf2e0df8 6a88e8 s ???????? 014 /
5872f2d.29 42f95c51 70a047 h ???????? 002 //rss.rdf
58731f2.da c73a56d3 028fc4 h ???????? 002 //robots.txt
58731f6.55 c73a56d3 028fc4 h ???????? 014 /
587335e.f3 42f94290 043937 h ???????? 004 /wiki/PrincetonEdu
58734c2.bf 42f94294 043937 h ???????? 004 /wiki/ObjectMinus
5873522.2d 42f94290 043937 s ???????? 002 /wiki/PeerToPeer
587353d.a2 584b776f ea3c0a h ???????? 014 /
587353e.8f 584b776f 6c4fa8 h ???????? 002 /apple-touch-icon-152x152-precomposed.png
587353e.b9 584b776f 6c4fa8 h ???????? 001 /apple-touch-icon-152x152.png
587353e.df 584b776f 6c4fa8 h ???????? 002 /apple-touch-icon.png
587353f.08 584b776f 6c4fa8 h ???????? 002 /apple-touch-icon.png
587353f.34 584b776f 6c4fa8 h ???????? 001 /apple-touch-icon-precomposed.png
587353f.5c 584b776f 6c4fa8 h ???????? 001 /favicon.ico
5873542.03 584b776f ea3c0a h ???????? 003 /alive/4
5873542.0e 584b776f ea3c0a h ???????? 007 /feel/4
5873613.22 42f94294 043937 h ???????? 003 /wiki/ApfelAngel
58736da.73 5fa3ff25 399ff9 h ???????? 002 /robots.txt
58736db.eb 5fa3ff26 399ff9 h ???????? 003 /wiki/BetOrBett
5873788.53 42f94292 043937 h ???????? 009 /wiki/JaneMcGonigal
58738e9.e3 42f94290 043937 h ???????? 003 /wiki/InterAktion
5873a8b.f6 5f6cb561 e4b041 h ???????? 001 /robots.txt
5873a8f.b0 5f6cb561 e4b041 h ???????? 01b /
5873e03.60 42f94292 043937 s ???????? 003 /wiki/WuenschBar
5873e54.d8 3624966a 433e9c h ???????? 002 //robots.txt
5873efe.13 42f94292 043937 h ???????? 003 /wiki/GrKa
587406b.77 5fa3ff73 399ff9 h ???????? 002 /robots.txt
587406b.d1 5fa3ff68 399ff9 h ???????? 016 /wiki/127001
5874070.1d 5fa3ff71 399ff9 h ???????? 013 /love/1e
5874081.46 5e6631c1 a397c6 h ???????? 015 /
5874096.39 5e6631c1 45a6bf h ???????? 007 /favicon.ico
58740b0.53 42f94290 043937 h ???????? 003 /wiki/LifeDay15800
58740da.6c 42f94294 043937 h ???????? 003 /wiki/HansZehetmair
587421d.d5 42f94294 043937 h ???????? 003 /wiki/WeBo
5874225.52 42f94290 043937 h ???????? 003 /wiki/FritzKrueckeberg
5874265.59 42f94294 043937 h ???????? 004 /wiki/GoodByeDeutschLand
5874426.31 d8f442f3 2e51d1 h ???????? 002 /robots.txt
5874522.7b 42f94290 043937 h ???????? 003 /wiki/RalphNelsonElliott
5874526.a3 42f94292 043937 h ???????? 003 /wiki/LifeDay16190
5874559.e4 42f94290 043937 h ???????? 003 /wiki/LifeDay16219
587467e.0b 24441e19 be37cc h ???????? 017 /
58746e4.4f 42f9428e 043937 s ???????? 004 /wiki/ImmerWieder
5874742.ec b44c0f17 a04d28 h ???????? 003 /wiki/LockOffice
5874743.8d b44c0fa2 fa643b h ???????? 002 /robots.txt
58747d5.aa c2f262ed 19c6c4 h ???????? 01b /
5874a90.a0 42f94290 043937 h ???????? 004 /wiki/SrE9M
5874acb.86 42f94292 043937 h ???????? 003 /wiki/HeinrichBuechel
5874ad3.6b 42f94292 043937 h ???????? 003 /wiki/MonikaMendorff
5874b59.59 42f94290 043937 h ???????? 004 /wiki/KoKi
5874c34.e3 42f94294 043937 h ???????? 003 /wiki/SchulZwang
5874c9a.cc 5fa3ff20 399ff9 h ???????? 002 /robots.txt
5874c9d.03 5fa3ff20 399ff9 h ???????? 003 /wiki/AmTor
5874d81.a6 42f94292 043937 h ???????? 004 /wiki/CraigFields
5874e40.0d 42f94294 043937 h ???????? 003 /wiki/KatKa
5874e51.3e cf2e0df8 6a88e8 h ???????? 003 /wiki/LockSchuppen
5874ef0.66 42f94290 043937 h ???????? 003 /wiki/RobertSocble
5874f1b.4d c91a4646 19c6c4 h ???????? 017 /
5874fcb.e8 42f94292 043937 s ???????? 003 /wiki/CraigVenter
5874fd3.e1 42f94290 043937 h ???????? 003 /wiki/BastianSick
5875010.60 42f94294 043937 h ???????? 00a /wiki/CeBa
58750d0.5e 42f94290 043937 h ???????? 004 /wiki/BleRch
5875107.09 42f95c53 70a047 h ???????? 002 //rss.rdf
5875139.a0 42f94294 043937 h ???????? 003 /wiki/RalfMarggraf
5875335.18 42f94292 043937 h ???????? 004 /wiki/WaltherZimmerli
58753bc.e6 05a096c7 cedf5c h ???????? 021 /
5875445.b7 42f94292 043937 h ???????? 004 /wiki/JakobVonMetzler
5875447.ba 42f94290 043937 h ???????? 003 /wiki/CompleteWashroomSolutions
5875512.55 42f94292 043937 h ???????? 003 /wiki/CatFee
58755c0.68 42f94292 043937 h ???????? 003 /wiki/LifeDay15978
58756e5.e7 42f94290 043937 s ???????? 003 /edit
5875744.b3 42f94292 043937 h ???????? 003 /wiki/BarRoute66
58758a7.22 42f94290 043937 s ???????? 003 /wiki/DatenSchutz
5875bda.a6 42f94292 043937 h ???????? 004 /wiki/LifeDay16217
5875c9b.a5 42f94292 043937 h ???????? 004 /wiki/LudvigHolberg
5875e9f.38 42f94290 043937 h ???????? 004 /wiki/LifeDay16218
5876042.39 42f94290 043937 h ???????? 003 /wiki/RobertSheckley
587614d.bb 3435c94e c8c944 h ???????? 019 /
5876188.67 42f9428e 043937 s ???????? 004 /wiki/FrauenKirche
58761cd.63 42f94294 043937 h ???????? 003 /wiki/IchBinGeil
5876339.0b b57110be 19c6c4 h ???????? 022 /
587639d.8d 42f94292 043937 h ???????? 004 /wiki/TransistorsPerDie
587642f.5c 42f94290 043937 h ???????? 004 /wiki/GoogleGroups
5876560.33 42f954ee 002725 h ???????? 002 /favicon.ico
58765ab.c1 42f94290 043937 h ???????? 004 /wiki/VictoriaBeckham
58765b5.74 8b636391 661b67 s ???????? 01a /
58765b6.4e 8b636391 661b67 s ???????? 002 /drupal/
58765b7.7d 8b636391 661b67 s ???????? 001 /cms/
58765b7.83 8b636391 661b67 h ???????? 016 /
58765b8.43 8b636391 661b67 s ???????? 001 /status
58765b8.ef 8b636391 661b67 h ???????? 001 /drupal/
58765b9.0d 8b636391 661b67 s ???????? 010 /
58765b9.5a 8b636391 661b67 h ???????? 001 /cms/
58765b9.fe 8b636391 661b67 s ???????? 001 /script
58765ba.c3 8b636391 661b67 h ???????? 001 /status
58765ba.d7 8b636391 661b67 s ???????? 001 /jenkins/script
58765bc.27 8b636391 661b67 h ???????? 014 /
58765bc.96 8b636391 661b67 h ???????? 002 /script
58765bc.fe 8b636391 661b67 h ???????? 001 /jenkins/script
58765bd.62 8b636391 661b67 h ???????? 001 /login
58765bd.d7 8b636391 661b67 h ???????? 001 /jmx-console
58765be.59 8b636391 661b67 h ???????? 010 /
58765be.d7 8b636391 661b67 s ???????? 010 /login
58765be.db 8b636391 661b67 h ???????? 010 /
58765bf.45 8b636391 661b67 h ???????? 001 /manager/html
58765c0.aa 8b636391 661b67 h ???????? 014 /
58765c4.1c 8b636391 661b67 h ???????? 011 /
58765c5.85 8b636391 661b67 h ???????? 001 /tomcat-cms/cmd.jsp
58765c6.a7 8b636391 661b67 s ???????? 016 /
58765c8.f4 8b636391 661b67 h ???????? 011 /
58765c9.61 8b636391 661b67 h ???????? 011 /
58765ca.7a 8b636391 661b67 s ???????? 001 //administrator
58765cb.50 8b636391 661b67 s ???????? 001 /joomla/administrator
58765cc.3a 8b636391 661b67 s ???????? 001 /cms/administrator
58765cc.cf 8b636391 661b67 h ???????? 001 /dfn/nman.jsp
58765cd.0a 8b636391 661b67 s ???????? 001 /Joomla/administrator
58765ce.43 8b636391 661b67 h ???????? 012 /
58765cf.ae 8b636391 661b67 h ???????? 010 /
58765d0.1f 8b636391 661b67 h ???????? 001 /dfn/df.jsp
58765d0.8f 8b636391 661b67 h ???????? 012 /
58765d0.cf 8b636391 661b67 s ???????? 001 /msd
58765d0.fd 8b636391 661b67 h ???????? 014 /
58765d1.74 8b636391 661b67 h ???????? 002 /Catalina/df.jsp
58765d1.de 8b636391 661b67 h ???????? 012 /
58765d2.51 8b636391 661b67 h ???????? 012 /
58765d2.be 8b636391 661b67 h ???????? 002 /host/cmd.jsp
58765d3.2a 8b636391 661b67 h ???????? 011 /
58765d3.97 8b636391 661b67 h ???????? 013 /
58765d4.0c 8b636391 661b67 h ???????? 015 /
58765d4.89 8b636391 661b67 h ???????? 002 //administrator
58765d4.bf 8b636391 661b67 s ???????? 002 /mySqlDumper
58765d5.89 8b636391 661b67 s ???????? 002 /msd1.24stable
58765d6.6b 8b636391 661b67 s ???????? 002 /msd1.24.4
58765d8.33 8b636391 661b67 s ???????? 002 /mysqldumper
58765da.06 8b636391 661b67 s ???????? 002 /MySQLDumper
58765db.c9 8b636391 661b67 s ???????? 001 /mysql
58765dc.02 8b636391 661b67 h ???????? 002 /cms/administrator
58765dc.69 8b636391 661b67 h ???????? 002 /Joomla/administrator
58765dc.89 8b636391 661b67 s ???????? 001 /sql
58765dd.5b 8b636391 661b67 s ???????? 002 /cgi-bin/php
58765e1.33 8b636391 661b67 s ???????? 002 /cgi-bin/php5
58765e3.0c 8b636391 661b67 s ???????? 002 /phpmyadmin
58765e4.15 8b636391 661b67 h ???????? 003 /cgi-bin/php
58765e4.2d 8b636391 661b67 s ???????? 002 /phpMyAdmin
58765e4.8f 8b636391 661b67 h ???????? 002 /cgi-bin/php5
58765e5.16 8b636391 661b67 h ???????? 001 /phpmyadmin
58765e5.2f 8b636391 661b67 s ???????? 001 /mysql
58765e5.8c 8b636391 661b67 h ???????? 002 /phpMyAdmin
58765e6.12 8b636391 661b67 h ???????? 002 /mysql
58765e6.1e 8b636391 661b67 s ???????? 001 /sql
58765e6.7f 8b636391 661b67 h ???????? 002 /sql
58765e7.e3 8b636391 661b67 s ???????? 001 /myadmin
58765e8.ba 8b636391 661b67 s ???????? 001 /phpMyAdmin-4.2.1-all-languages
58765e9.b1 8b636391 661b67 s ???????? 006 /phpMyAdmin-4.2.1-english
58765ea.7d 8b636391 661b67 s ???????? 001 /xampp/phpmyadmin
58765eb.65 8b636391 661b67 s ???????? 001 /typo3/phpmyadmin
58765ec.3d 8b636391 661b67 s ???????? 002 /webadmin
58765ee.0c 8b636391 661b67 s ???????? 014 /
58765ee.ea 8b636391 661b67 s ???????? 002 /sqlite/main.php
58765ef.cd 8b636391 661b67 s ???????? 001 /SQLite/SQLiteManager-1.2.4/main.php
58765f0.99 8b636391 661b67 s ???????? 002 /SQLiteManager-1.2.4/main.php
58765f4.79 8b636391 661b67 s ???????? 002 /sqlitemanager/main.php
58765f5.4d 8b636391 661b67 s ???????? 001 /SQlite/main.php
58765f6.17 8b636391 661b67 h ???????? 002 /sqlite/main.php
58765f6.2a 8b636391 661b67 s ???????? 002 /SQLiteManager/main.php
58765f7.41 8b636391 661b67 s ???????? 002 /webdav
58765f8.4a 8b636391 661b67 s ???????? 017 /
58765f9.4e 8b636391 661b67 s ???????? 015 /
58765fa.7a 8b636391 661b67 s ???????? 015 /
58765fb.90 8b636391 661b67 s ???????? 002 //wp-login.php
58765fd.23 8b636391 661b67 s ???????? 001 /wordpress/wp-login.php
58765fe.5b 8b636391 661b67 s ???????? 002 /wp/wp-login.php
5876600.86 8b636391 661b67 s ???????? 002 /blog/wp-login.php
5876603.3f 8b636391 661b67 s ???????? 007 /Wordpress/wp-login.php
5876604.6a 8b636391 661b67 s ???????? 002 /Blog/wp-login.php
5876689.97 42f94290 043937 h ???????? 003 /wiki/AutHent
587678e.6f 42f94292 043937 h ???????? 003 /wiki/GlaeserneRaucher
58768a9.19 42f94294 043937 h ???????? 004 /wiki/DxWQof
5876957.34 42f94290 043937 h ???????? 003 /wiki/EinKommen
587696b.44 5f6cb561 e4b041 h ???????? 002 /robots.txt
587696b.a9 8d088e98 e4b041 s ???????? 002 /robots.txt
587696f.14 5f6cb561 e4b041 h ???????? 016 /
587696f.43 8d088e98 e4b041 s ???????? 016 /
58769db.2e 42f94290 043937 h ???????? 004 /wiki/EinsZuZwei
5876a5a.83 42f94294 043937 h ???????? 003 /wiki/DrSchmidt
5876a69.63 42f9428e 043937 s ???????? 004 /wiki/KonformIsmus
5876a96.e2 42f94294 043937 h ???????? 003 /wiki/AlWaleed
5876bc2.4e 5f6cb561 e4b041 h ???????? 002 /favicon.ico
5876caf.fb 42f94290 043937 h ???????? 003 /wiki/MultiCore
5876cf2.cf 42f94292 043937 h ???????? 003 /wiki/RegelHeimer
5876d81.e8 42f95c51 70a047 h ???????? 002 //rss.rdf
5876e2b.ae 17ed041a c1686e h ???????? 017 /
5876e2e.1e 17ed041a c1686e h ???????? 09a /hls
5876e30.e8 17ed041a c1686e h ???????? 0a0 /ls
5876e36.24 17ed041a c1686e h ???????? 003 /wiki/GottfriedWilhelmLeibniz
5876e38.84 17ed041a c1686e h ???????? 003 /wiki/AlanTuring
5876f1c.c1 42f94290 043937 h ???????? 004 /wiki/GruenderinnenPreis
5876fb8.0d 42f94294 043937 h ???????? 004 /wiki/MatthiasPetermann
5877083.e1 42f94294 043937 h ???????? 004 /wiki/DollyBuster
58770e6.82 cf630f56 5ec167 h ???????? 019 /
5877109.fd 42f94290 043937 h ???????? 003 /wiki/SingularitaetsKekse
5877268.22 42f94294 043937 h ???????? 003 /wiki/JamesLast
5877322.03 42f94294 043937 h ???????? 004 /wiki/UnternehmensBeratung
587734a.31 42f9428e 043937 s ???????? 003 /wiki/NothingToHide
58773ea.dc 42f94294 043937 h ???????? 004 /wiki/TrueWoman
587742e.63 42f94292 043937 h ???????? 003 /wiki/JanaEggers
587748b.ca 4f8f76bd cedf5c h ???????? 019 /
5877510.d4 42f94294 043937 h ???????? 003 /wiki/AltSprech
587754e.b3 42f94290 043937 h ???????? 004 /wiki/LandschaftsArchitekt
587768d.10 ba6b17ed cedf5c h ???????? 01a /
5877767.b4 42f94292 043937 h ???????? 003 /wiki/ArbeitNehmer
58777f8.f8 b90a44fc bf2955 h ???????? 003 @research.aegis.network/
5877862.d6 42f94294 043937 h ???????? 003 /wiki/GoogleCity
58778ad.20 42f94292 043937 h ???????? 004 /wiki/LifeDay15855
58778d1.c9 426608c8 002725 h ???????? 002 /favicon.ico
587794e.b1 42f94292 043937 h ???????? 004 /wiki/LifeDay16160
5877a74.27 42f94292 043937 h ???????? 004 /wiki/OrgChart
5877aa1.e0 b2083af2 ea3c0a h ???????? 021 /
5877aa2.ff b2083af2 6c4fa8 h ???????? 002 /apple-touch-icon-152x152-precomposed.png
5877aa3.26 b2083af2 6c4fa8 h ???????? 001 /apple-touch-icon-152x152.png
5877aa3.45 b2083af2 6c4fa8 h ???????? 004 /apple-touch-icon.png
5877aa3.67 b2083af2 6c4fa8 h ???????? 001 /apple-touch-icon.png
5877aa3.8b b2083af2 6c4fa8 h ???????? 001 /apple-touch-icon-precomposed.png
5877aa3.ac b2083af2 6c4fa8 h ???????? 001 /favicon.ico
5877aa6.9c b2083af2 ea3c0a h ???????? 001 /alive/4
5877aa6.a5 b2083af2 ea3c0a h ???????? 001 /feel/4
5877aab.21 b2083af2 ea3c0a h ???????? 001 /alive/8
5877aab.2b b2083af2 ea3c0a h ???????? 001 /feel/8
5877ab3.1b b2083af2 ea3c0a h ???????? 020 /alive/10
5877ab3.2c b2083af2 ea3c0a h ???????? 010 /feel/10
5877ac3.1e b2083af2 ea3c0a h ???????? 002 /alive/20
5877ac3.2d b2083af2 ea3c0a h ???????? 001 /feel/20
5877b18.5d 42f94292 043937 h ???????? 002 /wiki/JeffHawkins
5877bcd.55 33260c17 a397c6 h ???????? 014 /
5877c14.41 b44c0f9f a04d28 h ???????? 002 /wiki/BrianWang
5877c5a.59 42f94290 043937 s ???????? 002 /wiki/ZeroResistance
5877e8e.ec 42f94290 043937 h ???????? 004 /wiki/UlrichStein
5877fca.4d 42f94292 043937 h ???????? 002 /wiki/BachBluete
587806f.89 42f94292 043937 h ???????? 002 /wiki/WaterBoarding
58780b8.07 42f94292 043937 s ???????? 003 /wiki/RudiVoeller
58780d6.f1 42f94292 043937 s ???????? 002 /wiki/MoNi42
5878105.38 42f94290 043937 s ???????? 002 /wiki/EtAi
5878126.33 42f94294 043937 h ???????? 002 /wiki/HaKu
5878128.5f 42f94292 043937 s ???????? 002 /wiki/MurPo
5878139.cc 42f9428e 043937 s ???????? 002 /wiki/XiJinping
5878150.6f 42f94292 043937 s ???????? 002 /wiki/EvGe
587819b.06 42f94290 043937 s ???????? 002 /wiki/GuenterSchabowski
58781c2.f8 42f94292 043937 s ???????? 002 /wiki/CS
58782ae.69 42f94290 043937 s ???????? 013 /edit/140615006
5878309.85 42f9428e 043937 s ???????? 002 /wiki/TagesMutter
5878397.3a 42f9428e 043937 s ???????? 002 /wiki/MutterInDresden
58783fb.7b 42f9428e 043937 s ???????? 002 /wiki/StadtDresden
5878419.bd 42f9428e 043937 s ???????? 016 /
5878454.d0 42f94290 043937 h ???????? 003 /wiki/VorstellungsKraft
587848a.29 42f94292 043937 h ???????? 002 /wiki/PhilipRosenthal
58784d2.18 42f94294 043937 h ???????? 002 /wiki/CS
587850c.f7 42f9428e 043937 s ???????? 003 /wiki/OrNe
587863e.f1 42f94294 043937 h ???????? 002 /wiki/AdeDe
587864e.bf 42f94292 043937 h ???????? 002 //wiki/UnusedPages
5878914.46 42f9428e 043937 s ???????? 01c /
5878a0c.f9 42f95c53 70a047 h ???????? 002 //rss.rdf
5878c2f.cb 42f94288 043937 h ???????? 003 /wiki/RobertAumann
5878da6.19 5fa3ff27 399ff9 h ???????? 002 /robots.txt
5878da7.b5 5fa3ff24 399ff9 h ???????? 003 /wiki/HiPo
5878df3.a7 42f94292 043937 s ???????? 003 /wiki/CorRel
5878e9d.e6 5f6cb561 e4b041 h ???????? 002 /robots.txt
5878ea1.a8 5f6cb561 e4b041 h ???????? 015 /
5878ee9.17 42f94292 043937 h ???????? 002 /wiki/MoNi42
5879024.9b 42f94294 043937 h ???????? 003 /wiki/KhBi
5879092.94 113a676c 4d4314 h ???????? 002 //robots.txt
5879093.02 113a676c 4d4314 h ???????? 002 /robots.txt
5879093.45 113a676c 4d4314 h ???????? 006 //edit/784003
5879150.27 42f94292 043937 h ???????? 003 /wiki/WolfgangNiedecken
5879270.e1 42f94290 043937 h ???????? 004 /wiki/XiJinping
5879407.46 42f94292 043937 h ???????? 003 /wiki/DrahtEsel
58796cf.fb 42f94292 043937 s ???????? 002 /wiki/WeiMar
58796e1.5d 42f94290 043937 h ???????? 002 /wiki/MutterInDresden
5879700.16 42f94290 043937 h ???????? 007 /wiki/GoMeshPubMed
5879796.ed 42f94294 043937 h ???????? 003 /wiki/CarTwoGo
58797e9.1c 42f94292 043937 h ???????? 003 /wiki/BewegungsApparat
5879846.88 42f94292 043937 h ???????? 002 /wiki/PeKiP
58798a2.4e 42f94290 043937 h ???????? 003 /wiki/JosephStift
5879907.25 6772683b dc1a18 h ???????? 014 /
5879908.2f 6772683b dc1a18 h ???????? 002 //https://floatingboat2013.appspot.com
5879909.0c 6772683b dc1a18 h ???????? 003 //wiki/AlanTuring
5879909.e4 6772683b dc1a18 h ???????? 002 //wiki/GottfriedWilhelmLeibniz
587990a.c7 6772683b dc1a18 h ???????? 002 //https://floatingboat2013.appspot.com/UrPic
587990b.b3 6772683b dc1a18 h ???????? 001 //https://floatingboat2013.appspot.com/ad
587990c.96 6772683b dc1a18 h ???????? 001 //https://sl4.eu/hls
587990d.96 6772683b dc1a18 h ???????? 002 //https://sl4.eu/ls
587990e.74 6772683b dc1a18 h ???????? 002 //https://sl4.eu/sh
587990f.7c 6772683b dc1a18 h ???????? 002 //https://www.youtube.com/watch
58799cc.ba 42f94290 043937 h ???????? 003 /wiki/LastSex
5879aac.2c 42f94294 043937 h ???????? 004 /wiki/HszTla
5879ab2.65 42f94290 043937 h ???????? 002 /wiki/UmtsStick
5879b0c.fb 8ba277c5 12bd58 h ???????? 018 /
5879bf0.7d 42f94290 043937 h ???????? 004 /wiki/FruitMentos
5879c09.08 33260c17 a397c6 s ???????? 015 /
5879c40.3d 42f94294 043937 h ???????? 003 /wiki/HappyBirthdayQ3
5879df3.4a 42f94294 043937 h ???????? 004 /wiki/LockSchuppenFuehrer
5879e54.bf 42f94294 043937 h ???????? 003 /wiki/LifeDay16187
5879e99.65 42f94292 043937 h ???????? 004 /wiki/AufZug
5879f11.c0 284da7c1 6a88e8 h ???????? 01d /
5879fb1.4b 42f9428e 043937 s ???????? 004 /wiki/GeDuld
587a12c.98 42f9428e 043937 s ???????? 003 /wiki/EnDeavor
587a139.29 2ee5a853 c89f4f h ???????? 002 /robots.txt
587a139.ff 2ee5a84f c89f4f h ???????? 003 /wiki/RaWa
587a201.d4 42f94290 043937 h ???????? 004 /wiki/LifeDay15854
587a322.57 42f94290 043937 h ???????? 003 /wiki/EnDeavor
587a3c5.7c 42f94290 043937 h ???????? 004 /wiki/LifeDay15798
587a457.9c 42f94290 043937 h ???????? 003 /wiki/ChildOf
587a4b6.96 42f94292 043937 h ???????? 003 /wiki/LifeDay15954
587a6fb.b6 57e508ed cdfc4d h ???????? 017 /
587a7ba.e2 42f94290 043937 h ???????? 003 /wiki/FreeWill
587a892.40 42f94290 043937 s ???????? 003 /wiki/MindBib
587a903.63 42f94294 043937 h ???????? 003 //wiki/CarTwoGo
587a905.d7 b2083af2 5ec1d2 s ???????? 023 /
587a965.2b 42f95c51 70a047 h ???????? 002 //rss.rdf
587ab7f.53 42f94294 043937 h ???????? 003 /wiki/KenWilber
587acf9.28 42f94290 043937 h ???????? 005 /wiki/HerrmannJr
587ae0c.5a 42f94290 043937 h ???????? 003 /wiki/HappyBirthdayQ4
587ae39.07 42f94290 043937 h ???????? 004 /wiki/ClaudiaBiene
587ae63.03 42f0c08a a397c6 h ???????? 018 /
587ae72.ce 42f0c08a 45a6bf h ???????? 002 /favicon.ico
587af26.ae 42f94292 043937 h ???????? 003 /wiki/BernhardWieland
587afb6.9a 42f94294 043937 h ???????? 003 /wiki/LgxVi9Ew8B08wF2Ql1w
587afc1.f5 42f94290 043937 h ???????? 003 /wiki/MindAudi
587b173.3b 42f94290 043937 s ???????? 003 /wiki/DisRupt
587b2ca.9f 42f94294 043937 h ???????? 003 /wiki/BerndKohlstedt
587b2ee.16 42f94292 043937 h ???????? 004 /wiki/UlrikeUllrich
587b438.2f 42f94292 043937 h ???????? 003 /wiki/SamiaLittleElk
587b4e8.78 42f94292 043937 h ???????? 00b /wiki/FelixAustria
587b69e.36 42f94290 043937 h ???????? 004 /wiki/ViolaCesario
587b6b5.01 25bb3851 e3b0c4 h ???????? 002 /robots.txt
587b6bc.aa 25bb3851 46ab9b h ???????? 022 /
587b7ed.44 d1a374d9 e03bc6 h ???????? 024 /
587b840.89 42f94294 043937 h ???????? 003 /wiki/ZehenTrenner
587b91f.1b 5fa3ff22 399ff9 h ???????? 002 /robots.txt
587b921.db 5fa3ff27 399ff9 h ???????? 004 /wiki/DiNe
587b930.f2 42f94290 043937 h ???????? 003 /wiki/AndreyRazumovsky
587b993.24 25bb382f e3b0c4 h ???????? 002 /robots.txt
587b995.4b 25bb382f 87f8b1 h ???????? 019 /
587ba74.49 42f9428e 043937 s ???????? 002 /robots.txt
587ba74.8c 42f9428e 043937 s ???????? 004 /wiki/SinnBild
587baff.ee 42f94292 043937 h ???????? 004 /wiki/KuRt70
587bbb5.e4 c05f1d74 e3b0c4 h ???????? 002 /robots.txt
587bbb8.60 c05f1d74 4c528d h ???????? 019 /
587bc15.8f 42f94294 043937 h ???????? 004 /wiki/MusiCassette
587bc27.97 42f94292 043937 s ???????? 004 /wiki/JuergenVogel
587bca6.b1 c61b5090 e3b0c4 h ???????? 007 /robots.txt
587bca9.33 c61b5090 f7800e h ???????? 019 /
587bccf.ed 42f94294 043937 h ???????? 002 /wiki/StephenFAustin
587bde3.76 42f94292 043937 h ???????? 002 /wiki/RudiVoeller
587bdeb.3a 42f9428e 043937 s ???????? 006 /wiki/HansOtto
587be5a.03 2e6962a6 e3b0c4 h ???????? 001 /robots.txt
587be5c.25 2e6962a6 aa5504 h ???????? 016 /
587be70.9e 42f94294 043937 h ???????? 002 /wiki/JuergenVogel
587bebe.0a 42f94292 043937 h ???????? 012 /
587bf8f.af 42f94292 043937 h ???????? 002 /wiki/GehirnForschung
587bfc0.7b 42f94292 043937 h ???????? 002 /wiki/TourDeTriebischTal
587c0ee.d1 42f94294 043937 h ???????? 002 /wiki/HansOtto
587c17a.05 42f94290 043937 s ???????? 003 /wiki/TwentyFirstCentury
587c18f.33 42f94290 043937 s ???????? 002 /wiki/JeffBezos
587c336.14 42f9428e 043937 s ???????? 002 /wiki/ConSpire
587c39c.d9 42f94292 043937 h ???????? 003 /wiki/EvGe
587c3b4.8f 42f94292 043937 h ???????? 002 /wiki/TagesMutter
587c512.16 42f94290 043937 h ???????? 003 /wiki/LifeDay16216
587c58f.97 42f9428e 043937 s ???????? 002 /wiki/JsOn
587c78c.6f 42f94292 043937 h ???????? 002 /wiki/JsOn
587c79c.21 42f94292 043937 s ???????? 002 /wiki/BabyBlues
587c858.38 42f94290 043937 s ???????? 002 /wiki/WeiMan
587cb01.7c 42f94292 043937 h ???????? 003 /wiki/WochenEnde
587cb04.35 42f94292 043937 h ???????? 002 /wiki/AdvancedAudioCoding
587cb62.70 42f95c53 70a047 h ???????? 001 //rss.rdf
587cb96.b7 bca5d01d e3b0c4 h ???????? 003 /robots.txt
587cb98.df bca5d01d 58771d h ???????? 016 /
587cc17.49 42f94292 043937 s ???????? 003 /wiki/PageRank
587cce1.73 42f94292 043937 h ???????? 003 /wiki/ApacheDerbyInternals
587ce2b.bd 42f94290 043937 h ???????? 003 /wiki/AutoclavedAeratedConcrete
587d048.c1 42f94294 043937 h ???????? 003 /wiki/GuenterSchabowski
587d05e.81 42f94290 043937 h ???????? 003 /wiki/WaltherRathenau
587d0ed.33 673e883d be37cc h ???????? 016 /
587d14e.27 42f94292 043937 h ???????? 003 //wiki/RainerWasserfuhr.Rainer
587d186.9f 42f94294 043937 h ???????? 002 /wiki/BabyBlues
587d199.1a 42f94290 043937 h ???????? 003 /wiki/MaSp
587d2c0.0d 365dd4ee 3cd235 h ???????? 019 /
587d3f6.0a 42f94294 043937 h ???????? 002 /feed
587d42c.ab 42f94290 043937 h ???????? 003 /wiki/LifeDay16162
587d4d0.e7 cf2e0d89 6a88e8 s ???????? 014 /
587d513.a3 42f94294 043937 h ???????? 003 /wiki/OlTe
587d5ba.3e 42f94292 043937 h ???????? 003 /wiki/StadtDresden
587d61a.62 42f94290 043937 s ???????? 003 /wiki/WikiPath
587d63e.ad 42f94294 043937 h ???????? 003 /wiki/WirkenStattArbeiten
587d6d2.f4 42f94290 043937 s ???????? 003 /wiki/RocketScience
587d70e.6c 42f94292 043937 h ???????? 002 /wiki/LifeDay16320
587d718.4e 42f94290 043937 h ???????? 008 /wiki/CopyPress
587d7bf.ab 42f94290 043937 h ???????? 002 /wiki/ChristianSchulze
587d809.7e 42f94294 043937 h ???????? 003 /wiki/EinkaufsZettel
587db93.c4 0d428b01 6a88e8 h ???????? 006 /robots.txt
587db98.0a 0d428b00 6a88e8 h ???????? 003 /wiki/VerFassung
587dded.de 42f94290 043937 h ???????? 003 /wiki/FriedensFahrt
587de14.13 42f94292 043937 h ???????? 003 /wiki/TischTennis
587dec4.5c 42f94294 043937 h ???????? 002 /wiki/AlexanderBorgwardt
587defb.32 42f94290 043937 s ???????? 002 /wiki/OntoLogy
587df92.38 42f94294 043937 h ???????? 002 /wiki/IcHotel
587dff4.b2 42f94292 043937 h ???????? 003 /wiki/LifeDay15884
587e00e.6d d4b6a984 68855b h ???????? 01b /
587e00e.d5 d4b6a984 68855b h ???????? 002 //https://floatingboat2013.appspot.com
587e00f.3e d4b6a984 68855b h ???????? 003 //wiki/AlanTuring
587e00f.a8 d4b6a984 68855b h ???????? 002 //wiki/GottfriedWilhelmLeibniz
587e0a4.0d 58cc96da cdfc4d h ???????? 014 /
587e0a7.6f 12ecacae 04753e h ???????? 002 /wp-login.php
587e0fe.b4 42f94292 043937 h ???????? 004 /wiki/KerstinWalter
587e43d.f7 42f94290 043937 h ???????? 003 /wiki/BrigitteZypries
587e46d.e5 42f9428e 622963 s ???????? 015 /
587e4de.8f 42f94290 043937 h ???????? 002 /wiki/UnterZeichner
587e4e0.51 42f94290 043937 h ???????? 003 /wiki/AndreHaeusling
587e52e.89 42f94292 043937 h ???????? 003 /wiki/VeggieOchs
587e546.6b 42f94292 043937 h ???????? 003 /wiki/NextLevel
587e571.ef 42f94290 043937 h ???????? 003 /wiki/HansApel
587e665.84 42f94290 043937 h ???????? 003 //wiki/KurzweilVortrag.View
587e670.25 42f94290 043937 h ???????? 003 /wiki/UnWohl
587e6a0.21 42f94292 043937 h ???????? 003 /wiki/MarcSpecht
587e6ad.1b 42f94292 043937 h ???????? 003 /wiki/VerLag
587e6e2.b6 42f94294 043937 h ???????? 003 /wiki/TerraDrive
587e705.70 42f94292 043937 h ???????? 003 /wiki/MaFa
587e75f.72 42f94290 043937 h ???????? 003 /wiki/HauptiLidl
587e7dc.46 42f94292 043937 s ???????? 004 /wiki/TagesGeld
587e812.38 42f95c51 70a047 h ???????? 002 //rss.rdf
587e93c.bd 76519616 aaa5a7 h ???????? 002 /manager/html
587e9e8.e6 42f94294 043937 h ???????? 003 /wiki/JeffBezos
587ef8a.4a 2506d63b cdfc4d h ???????? 019 /
587f0bd.46 42f9428e 043937 s ???????? 003 /wiki/MindEvent
587f10d.90 add36b17 85c767 h ???????? 01d /
587f252.76 579399d6 bb8ff8 h ???????? 017 /
587f25c.b1 42f94292 043937 h ???????? 003 /wiki/GuidoStepken
587f29a.5b 42f94292 043937 h ???????? 003 /wiki/PragStrasse
587f4b7.78 42f94290 043937 h ???????? 003 /wiki/WeiMan
587f4e4.ca 42f94294 043937 h ???????? 003 /wiki/DrMallard
587f51e.70 bf667a43 cdfc4d h ???????? 01e /
587f57d.63 42f94294 043937 h ???????? 004 /wiki/DalamanGrill
587f58e.b1 42f94292 043937 h ???????? 003 /wiki/BauStein
587f59b.c3 42f94292 043937 h ???????? 004 /wiki/LifeDay15980
587f688.9c 42f94292 043937 h ???????? 002 /wiki/NeuroCode
587f698.9c 904c77c9 028fc4 s ???????? 002 /robots.txt
587f69f.a7 904c77c9 028fc4 s ???????? 1c1e /phim
587f6ac.67 904c77c9 028fc4 h ???????? 001 /robots.txt
587f6b3.ec 904c77c9 028fc4 h ???????? 002 /rss.jsp
587f6b8.c0 904c77c9 028fc4 h ???????? 002 /rss.jsp
587f6c4.1b 904c77c9 028fc4 h ???????? 003 /wiki/AisThesis
587f6d7.19 904c77c9 028fc4 h ???????? 003 /wiki/AkshayJava
587f6dc.ab 904c77c9 028fc4 h ???????? 003 /wiki/AlainDelon
587f6eb.bc 904c77c9 028fc4 h ???????? 003 /wiki/AlexaMills
587f6fd.bd 904c77c9 028fc4 h ???????? 003 /wiki/AlexanderPentland
587f705.85 904c77c9 028fc4 h ???????? 00a /wiki/AlojsAndricki
587f711.a0 904c77c9 028fc4 h ???????? 004 /wiki/AmbientVirtualCoPresence
587f718.fc 904c77c9 028fc4 h ???????? 003 /wiki/AmedeeCourbet
587f728.2b 904c77c9 028fc4 h ???????? 003 /wiki/AndersCelsius
587f737.54 904c77c9 028fc4 h ???????? 003 /wiki/BasBoorsma
587f73d.5d 904c77c9 028fc4 h ???????? 00a /wiki/BergischLand
587f742.dd 904c77c9 028fc4 h ???????? 003 /wiki/CalibratedPeerReview
587f74a.14 42f94290 043937 h ???????? 004 /wiki/BlackBugatti
587f75f.fb 42f94290 043937 h ???????? 002 /wiki/VolksEigenBetrieb
587f761.a6 904c77c9 028fc4 h ???????? 003 /wiki/CaptionTube
587f76f.1c 904c77c9 028fc4 h ???????? 003 /wiki/DasWertvollste
587f789.32 904c77c9 028fc4 h ???????? 003 /wiki/DeepThought
587f78e.21 904c77c9 028fc4 h ???????? 003 /wiki/DeltaGraphDiff
587f79c.34 904c77c9 028fc4 h ???????? 003 /wiki/DeutschVermoegensberatung
587f7a9.e9 904c77c9 028fc4 h ???????? 003 /wiki/DietrichHofmann
587f7b6.f1 904c77c9 028fc4 h ???????? 004 /wiki/EdsonArantesDoNascimento
587f7bd.e3 904c77c9 028fc4 h ???????? 003 /wiki/EfQm
587f7c5.41 904c77c9 028fc4 h ???????? 004 /wiki/EigenKapitalForumDresden
587f7c8.36 904c77c9 028fc4 h ???????? 003 /wiki/EinKommen
587f7d8.96 904c77c9 028fc4 h ???????? 004 /wiki/EinLass
587f7ea.be 904c77c9 028fc4 h ???????? 00a /wiki/ExCit
587f7f9.4e 904c77c9 028fc4 h ???????? 005 /wiki/JuergenWeber
587f800.43 904c77c9 028fc4 h ???????? 003 /wiki/JumboWoerterSpiel
587f80b.29 904c77c9 028fc4 h ???????? 003 /wiki/KnusperFlocken
587f813.20 904c77c9 028fc4 h ???????? 003 /wiki/KuesstDasGreTChen
587f81c.52 904c77c9 028fc4 h ???????? 003 /wiki/KuesstDasGretChen
587f826.98 904c77c9 028fc4 h ???????? 003 /wiki/KultusministerKonferenz
587f831.c4 904c77c9 028fc4 h ???????? 002 /wiki/L
587f83c.5c 904c77c9 028fc4 h ???????? 002 /wiki/L...
587f846.b5 904c77c9 028fc4 h ???????? 002 /wiki/LanguageOfThought
587f84f.c2 904c77c9 028fc4 h ???????? 001 /wiki/LargeHadronCollider
587f85c.35 42f94292 043937 h ???????? 002 /wiki/TransCend
587f85c.86 904c77c9 028fc4 h ???????? 002 /wiki/Larry%20Fink
587f865.4d 904c77c9 028fc4 h ???????? 002 /wiki/LarsLudwig
587f884.ce 904c77c9 028fc4 h ???????? 002 /wiki/LastenTraeger
587f886.b9 42f94290 043937 h ???????? 002 /wiki/KathrinPassig
587f891.a6 904c77c9 028fc4 h ???????? 002 /wiki/LayerCake
587f8a2.c5 904c77c9 028fc4 h ???????? 002 /wiki/LinieAcht
587f8af.8f 904c77c9 028fc4 h ???????? 002 /wiki/LinkExplosion
587f8bf.b8 904c77c9 028fc4 h ???????? 003 /wiki/TraumWohnung
587f8c8.d4 42f94294 043937 h ???????? 007 /wiki/JaneHillston
587f8c9.75 904c77c9 028fc4 h ???????? 002 /wiki/TraumWohnungAbgabe
587f8ce.a4 904c77c9 028fc4 h ???????? 002 /wiki/TwitterKurs)
587f8d4.1d 904c77c9 028fc4 h ???????? 002 /wiki/UmSatz
587f8d9.37 904c77c9 028fc4 h ???????? 002 /wiki/VeneziaZwo
587f8de.e5 904c77c9 028fc4 h ???????? 002 /wiki/WohnFrage
587f9b2.7b 42f94290 043937 s ???????? 003 /wiki/GiroKonto
587fa27.c2 42f94294 043937 h ???????? 003 /wiki/ReiWi
587fa46.d7 42f94292 043937 h ???????? 003 /wiki/KinderDerZeit
587fa5d.b0 42f94290 043937 h ???????? 003 /wiki/SchnelleStute
587fbbf.3c 42f94292 043937 h ???????? 003 /wiki/TranScend
587fbc5.9d 42f94290 043937 h ???????? 002 /wiki/NeuroLogic
587fbdc.b0 42f94290 043937 h ???????? 003 /wiki/KyleSykes
587fc64.b1 42f9428e 043937 s ???????? 003 /wiki/IaDk1d4is
587fcab.16 42f94290 043937 h ???????? 002 /wiki/NoFridge
587fce1.e3 b1df645e cedf5c h ???????? 01b /
587fcf5.86 42f94290 043937 h ???????? 002 /wiki/CaymeTheManToTheIsLand
587fd2a.0a 550accfc 5cb068 h ???????? 01a /
587fe10.fb 42f9428e 043937 s ???????? 003 /wiki/AlfredDregger
587ff31.87 42f94290 043937 h ???????? 003 /wiki/ReiseWitzer
587ffc8.16 42f94292 043937 h ???????? 002 /wiki/RocketScience
