596002a.44 42f94526 043937 h ???????? 003 /robots.txt
596009b.05 42f94528 043937 h ???????? 005 /wiki/SpiEssEr
59600f1.cd 42f94528 043937 h ???????? 003 /PageInfo.jsp
5960178.44 42f9452a 043937 h ???????? 005 /wiki/StaatsExamen
59601d5.ee cf2e0d63 6a88e8 h ???????? 003 /edit/37886002
59602f1.59 42f94530 043937 s ???????? 005 /wiki/SpuerschtWieIDenk
5960472.ed 42f95709 70a047 h ???????? 003 //rss.rdf
59604e7.44 42f94526 043937 h ???????? 005 /wiki/ParteiSpende
5960553.f2 b20cee8b ea3c0a h ???????? 024 /
596060c.ed 26633e5d 99cc80 h ???????? 02e /
5960660.f6 c87ad10e 19c6c4 h ???????? 024 /
59606a9.38 42f94528 043937 h ???????? 005 /wiki/PaulFLevy
596084b.74 42f94526 043937 h ???????? 005 /wiki/ScottMonty
5960a1f.ab 42f94528 043937 h ???????? 004 /wiki/FrankHamm
5960a33.a3 9d3727d8 6a88e8 h ???????? 005 /wiki/SiSanien
5960bd2.44 42f94532 043937 s ???????? 006 /wiki/OkCupid
5960c9f.6c 42f9452a 043937 h ???????? 005 /wiki/AdminConsole
5960dbb.80 d456db86 a80a36 h ???????? 003 /robots.txt
5960e8c.29 42f9452a 043937 h ???????? 006 /wiki/HtmlDocument
5960f3c.ef 42f94528 043937 h ???????? 005 /wiki/NotEvenDeutsch
5961018.91 42f9452a 043937 h ???????? 005 /wiki/MarcoRipanti
5961023.7c 5d2e7c5f 55f5b7 s ???????? 021 /
59612bf.f8 42f94526 043937 h ???????? 005 /wiki/AdressLeiste
59613c6.1a 42f94528 043937 h ???????? 005 /wiki/MartinFiedler
596145c.a1 9d3727d8 6a88e8 h ???????? 021 /edit/103756002
5961460.bb 42f9452a 043937 h ???????? 006 /wiki/HttpRedirect
59614b3.4c 42f94534 043937 s ???????? 005 /wiki/GoodSex
5961555.35 42f9452a 043937 h ???????? 006 /wiki/StephanBoehlig
596180e.d4 bfff585e cedf5c h ???????? 021 /
5961a75.10 1766335f 2da35a s ???????? 003 /manager/html
5961ae4.79 42f9452a 043937 h ???????? 006 /wiki/RalfRottmann
5961b6a.00 42f9452a 043937 h ???????? 008 /wiki/JakobCarstens
5961b9e.1e c95f921e cedf5c h ???????? 021 /
5961c30.bb 42f94528 043937 h ???????? 005 /wiki/GuentherSchiwy
5961d18.c9 42f9452a 043937 h ???????? 006 /wiki/SchmirgelPapier
5961db6.ea 42f94534 043937 s ???????? 002 /wiki/FetLife
5961dfe.27 42f94528 043937 h ???????? 002 /wiki/ChrisStrangio
5961ebe.3e 42f94528 043937 h ???????? 002 /wiki/KindOderKarriere
5961eef.32 05bde266 04c0f3 s ???????? 001 /admin/assets/js/views/login.js
5962084.5f 42f9452a 043937 h ???????? 002 /wiki/FirstNameClub
59620ad.48 42f94526 043937 h ???????? 002 /wiki/PaulRollo
59620d5.5b 951c5251 de59e5 h ???????? 011 /
596213e.6a 42f95709 70a047 h ???????? 002 //rss.rdf
596215b.6d 42f94528 043937 h ???????? 002 /wiki/KreuzTraum321
5962254.91 42f94528 043937 h ???????? 003 /wiki/ArtificialDiener
596231a.23 42f94528 043937 h ???????? 002 /wiki/JirkaSchaefer
596234e.6c b44c0f8a a04d28 h ???????? 001 /feed
59623da.98 42f9452a 043937 h ???????? 002 /wiki/JanSchulzHofen
59624da.15 284da7da 6a88e8 s ???????? 011 /
596252b.2e 284da7da 6a88e8 h ???????? 005 /edit/38936001
596258a.33 42f94526 043937 h ???????? 003 /wiki/EssElVierPunktEu
596259c.c5 d49a1c09 cdfc4d h ???????? 011 /
59625eb.c8 c0d28d0d a95ea1 h ???????? 001 //rss.rdf
59625ed.f8 0585b70e b908ee h ???????? 001 //rss.rdf
59625fb.9e d18d375d 1669ae h ???????? 001 //rss.rdf
5962675.e7 42f94534 043937 s ???????? 002 /wiki/NeuJahr
5962677.8d 5f6cb561 e4b041 h ???????? 001 /robots.txt
596267b.4e 5f6cb561 e4b041 h ???????? 013 /
596268a.51 42f94528 043937 h ???????? 003 /wiki/MarkusFuhrmann
596274d.58 42f9452a 043937 h ???????? 003 /wiki/ParteiStiftung
5962855.fd 42f9452a 043937 h ???????? 003 /wiki/BundesMinister
5962880.f7 c1a9fc93 c5e558 h ???????? 001 /wp-login.php
5962881.7c c1a9fc93 0805c1 h ???????? 002 /wp-login.php
596290b.96 42f9452a 043937 h ???????? 002 /wiki/VerteidigungsFall
596297f.7b 60095078 be37cc h ???????? 012 /
59629de.30 42f94528 043937 h ???????? 002 /wiki/GerhardChroust
5962af8.e5 c003a114 a9e234 s ???????? 01e /
5962b9d.74 42f9452a 043937 h ???????? 003 /wiki/FrankRennemann
5962bf1.c4 42f94526 043937 h ???????? 001 /bsLog
5962caa.3d 42f94526 043937 h ???????? 003 /wiki/HalleySuittTucker
5962d78.a0 42f94526 043937 h ???????? 002 /wiki/DreiWetterHaft
5962e5b.17 5fa1c262 55f5b7 s ???????? 014 /
5962f06.d9 42f94528 043937 h ???????? 003 /wiki/NullenUndEinsen
5962f57.43 42f94532 043937 s ???????? 003 /wiki/DreiSat
5963041.5c 42f9452a 043937 h ???????? 003 /wiki/MainStreamMedia
5963116.3d 1b7955de cedf5c h ???????? 014 /
596319f.06 42f94528 043937 h ???????? 003 /wiki/EmmaZeitschrift
5963209.60 42f94528 043937 h ???????? 002 /wiki/StephanUhrenbacher
5963355.d6 42f94528 043937 h ???????? 003 /wiki/ProcurementController
5963516.da 42f94526 043937 h ???????? 003 /wiki/PlanetDerSchwulen
5963627.94 42f94534 043937 s ???????? 001 /edit/39085001
59637a0.c2 42f94526 043937 h ???????? 003 /wiki/TimoHeuer
59637de.9f 42f9452a 043937 h ???????? 003 /wiki/XingId
5963838.35 42f94532 043937 s ???????? 002 /wiki/GeFuehl
5963883.9d 42f94528 043937 h ???????? 002 /wiki/OracleCorp
5963889.c1 bca5c419 e3b0c4 h ???????? 001 /robots.txt
596388b.e6 bca5c419 76fdb3 h ???????? 01d /
5963be6.2d 42f94528 043937 h ???????? 002 /wiki/GeschlechtsAkt
5963cc9.70 2ee5a888 c89f4f h ???????? 001 /robots.txt
5963de8.3e 42f94528 043937 h ???????? 003 /wiki/TheFutureOfTheCity
5963e35.2c 8e5db074 d1bfbb h ???????? 015 /
5963f46.7b 42f9570b 70a047 h ???????? 002 //rss.rdf
5963f54.61 42f94526 043937 h ???????? 003 /wiki/AppHome
596402a.43 2ee5a889 c89f4f h ???????? 002 /robots.txt
596402a.9f 2ee5a889 c89f4f h ???????? 002 /wiki/LockCoupon
5964119.41 42f94534 043937 s ???????? 003 /wiki/ReichTum
59642df.6b 42f94526 043937 h ???????? 003 /wiki/JoeLaur
596455e.9e 42f9452a 043937 h ???????? 002 /wiki/SupPort
5964723.58 42f9452a 043937 h ???????? 003 /wiki/MongoDb
5964732.60 1f1285a3 55f5b7 s ???????? 015 /
59647e3.b1 42f9452a 043937 h ???????? 003 /wiki/DisRupt
59647fb.93 42f94528 043937 h ???????? 003 /wiki/CitiZens
5964882.ad 42f94526 043937 h ???????? 003 /wiki/MuevaPlan
59648ed.24 42f9452a 043937 h ???????? 002 /wiki/MemRistor
59649fa.50 42f94534 043937 s ???????? 003 /wiki/ReFactor
59649fd.75 9d3727d8 6a88e8 h ???????? 016 /edit/15316001
5964a3c.9a 284da7da 6a88e8 h ???????? 003 /wiki/BauchTanz
5964b97.7c 3ed2d508 079956 h ???????? 015 /
5964ee8.35 42f94528 043937 h ???????? 003 /wiki/ExIf
5964fce.ad 42f94534 043937 s ???????? 004 /wiki/SebastianLink
5965175.d1 42f94528 043937 h ???????? 003 /wiki/SebastianLink
59651ce.31 42f94526 043937 h ???????? 002 //wiki/MartinRoell
596525f.dd 42f94528 043937 h ???????? 004 /wiki/GuanLuo
59652db.41 42f94532 043937 s ???????? 003 /wiki/CashFlow
59652f9.47 42f9452a 622963 h ???????? 002 //wiki/CommunityWiki
5965346.9d 42f94528 043937 h ???????? 003 /wiki/MartinRoell
5965510.9a 42f9452a 043937 h ???????? 003 /wiki/DerHund
59655c5.11 42f9452a 043937 h ???????? 003 /wiki/PetBook
5965691.48 42f94528 043937 h ???????? 003 /wiki/HengLuo
596585b.33 42f94526 043937 h ???????? 003 /wiki/DanRoth
596591c.49 42f94528 043937 h ???????? 003 /wiki/HotTopics
5965adf.34 42f9452a 043937 h ???????? 003 /wiki/JunShen
5965b88.99 284da7da 6a88e8 h ???????? 002 /bsLog
5965bb3.81 8d0d63b4 561cf6 h ???????? 016 /
5965bb7.ac 8d0d63b4 561cf6 h ???????? 001 /feel/4
5965bb7.e6 42f94528 043937 h ???????? 003 /wiki/JayChen
5965bdf.dc 42f94534 043937 s ???????? 003 /wiki/MeinWerk
5965db6.f5 42f94528 043937 h ???????? 004 /wiki/WielandStuetzel
5965f3d.b8 42f94526 043937 h ???????? 004 /wiki/WestGermanischen
5965f77.1c 42f94526 043937 h ???????? 002 /robots.txt
5965fdd.37 42f9452a 043937 h ???????? 017 /
5965fde.cf 3624966a 433e9c h ???????? 003 //robots.txt
5965ff9.80 42f94526 043937 h ???????? 003 /wiki/JieZhang
59660d8.b1 42f9452a 043937 h ???????? 003 /wiki/KlingelBeiKommuneZwei
5966167.85 42f95709 70a047 h ???????? 002 //rss.rdf
596622d.69 8ba27485 12bd58 s ???????? 01f /
5966298.f7 42f94526 043937 h ???????? 004 /wiki/AMinTjoa
5966388.f3 42f94526 043937 h ???????? 004 /wiki/TicketApp
59663b8.23 88f34697 028fc4 h ???????? 002 /robots.txt
59663b9.bd 88f34697 028fc4 h ???????? 003 /wiki/OttoSpaniol
59663bc.65 88f34697 028fc4 h ???????? 003 /wiki/PamelaPaquinHall
59663be.7a 88f34697 028fc4 h ???????? 003 /wiki/PaulHolmstrom
59663c0.73 88f34697 028fc4 h ???????? 003 /wiki/PeterWaldvogel
59663c2.6a 88f34697 028fc4 h ???????? 003 /wiki/ScottMonty
59663c4.66 88f34697 028fc4 h ???????? 003 /wiki/StadtDresden2056
59663c6.5d 88f34697 028fc4 h ???????? 003 /wiki/TomHenzinger
59663c8.57 88f34697 028fc4 h ???????? 003 /wiki/TomHenzinger
59663ca.55 88f34697 028fc4 h ???????? 003 /wiki/TomHenzinger
59663cc.4e 88f34697 028fc4 h ???????? 003 /wiki/TomHenzinger
59663ce.45 88f34697 028fc4 h ???????? 003 /wiki/UllrichBemmann
59663d0.45 88f34697 028fc4 h ???????? 003 /wiki/WerKenntWen
59663d2.62 88f34697 028fc4 h ???????? 002 /wiki/WiKi
59663d4.5b 88f34697 028fc4 h ???????? 003 /wiki/WiKi
59663d6.57 88f34697 028fc4 h ???????? 003 /wiki/WikiMind
59663d8.51 88f34697 028fc4 h ???????? 003 /wiki/WikiWall
59663da.53 88f34697 028fc4 h ???????? 004 /wiki/WikiWall
59663dc.75 88f34697 028fc4 h ???????? 003 /wiki/WilliamShatner
59663de.89 88f34697 028fc4 h ???????? 003 /wiki/WilliamSimsBainbridge
59663e0.83 88f34697 028fc4 h ???????? 003 /wiki/XingId
59663e2.88 88f34697 028fc4 h ???????? 004 /wiki/XingLe
59663e4.a0 88f34697 028fc4 h ???????? 004 /wiki/XingLe
59663e6.a2 88f34697 028fc4 h ???????? 005 /wiki/XingLe
59663e8.bd 88f34697 028fc4 h ???????? 004 /wiki/YuriGurevich
59663ea.b8 88f34697 028fc4 h ???????? 003 /wiki/YvonneKoenig
596649d.fc 42f94532 043937 s ???????? 004 /wiki/BauSteln
5966509.a7 42f94526 622963 h ???????? 003 /wiki/EmPresas
596652b.aa 42f9452a 043937 h ???????? 004 /wiki/TrWp
59666ec.3c 42f94526 043937 h ???????? 004 /wiki/AdamFunk
5966894.23 42f94528 043937 h ???????? 003 /wiki/KaiFuLee
59668a6.60 5fa3ff76 399ff9 h ???????? 002 /robots.txt
59668a7.29 5fa3ff69 399ff9 h ???????? 003 /wiki/TuerAn
59668c6.ad 5fa3ff6b 399ff9 h ???????? 002 /robots.txt
59668c7.40 5fa3ff75 399ff9 h ???????? 003 /wiki/ZuJung
59669a4.34 5fa3ff68 399ff9 h ???????? 003 /robots.txt
59669a4.d4 5fa3ff66 399ff9 h ???????? 004 /wiki/DoIt
5966a55.2d 42f94526 043937 h ???????? 004 /wiki/JihyeLee
5966a6b.0d b1352938 cedf5c h ???????? 01a /
5966a89.a0 5f6cb561 e4b041 h ???????? 002 /robots.txt
5966a8d.61 5f6cb561 e4b041 h ???????? 01a /
5966bb6.20 42f9452a 622963 h ???????? 004 //wiki/LockConsultIndividual
5966c49.78 42f94528 043937 h ???????? 004 /wiki/KaHa
5966ce8.64 42f94526 043937 h ???????? 004 /wiki/DaqingHe
5966d7f.5c 42f94530 043937 s ???????? 003 /wiki/SpaceCast
5966ded.a3 42f94526 622963 h ???????? 01b /
5966e9f.85 42f94526 043937 h ???????? 004 /wiki/GangWang
5966f77.f2 42f94526 043937 h ???????? 005 /wiki/ArZu
5966f8e.9e bb5fad28 702dd8 h ???????? 01b /
5967206.95 2ee5a88b c89f4f h ???????? 003 /robots.txt
5967246.29 42f94528 043937 h ???????? 003 /wiki/LiPl
59673c9.18 42f94526 043937 h ???????? 004 /wiki/ToKyo
59675a6.6c 42f94526 043937 h ???????? 004 /wiki/TingWang
5967660.51 42f94534 043937 s ???????? 003 /wiki/FalkLueke
596774d.f7 42f94528 622963 h ???????? 004 //wiki/ZugWiki
596777a.1b 42f94526 043937 h ???????? 004 /wiki/JesseVig
5967812.f0 42f94528 043937 h ???????? 004 /wiki/RasseWeib
5967919.77 42f9452a 043937 h ???????? 004 /wiki/FutArchy
59679c8.00 be5e8832 cedf5c h ???????? 022 /
59679f0.e4 42f9452a 043937 h ???????? 004 /wiki/SteGu
5967a15.06 42f94526 622963 h ???????? 004 /wiki/YadegarAsisi
5967aa9.2b 42f9452a 043937 h ???????? 004 /wiki/ElRep
5967bf4.d6 42f94528 043937 h ???????? 004 /wiki/KeyApp
5967cdf.40 9d3727d8 6a88e8 h ???????? 004 /wiki/BalticDryIndex
5967da5.9c 42f95707 70a047 h ???????? 003 //rss.rdf
5967dac.a1 42f94526 043937 h ???????? 004 /wiki/JianZhan
5967e5d.31 9d3727d8 6a88e8 h ???????? 002 /edit/35966001
5967f24.13 42f9452a 043937 h ???????? 004 /wiki/MoChip
5967f41.4c 42f94530 043937 s ???????? 004 /wiki/FuturPlom
5967f78.5a 113a676c 4d4314 h ???????? 003 //robots.txt
5967f78.da 113a676c 4d4314 h ???????? 002 /robots.txt
5967f79.27 113a676c 4d4314 h ???????? 004 //wiki/LockTeam
596800d.82 42f94528 043937 h ???????? 004 /wiki/WenyanHu
596807f.e3 5fa3ff67 399ff9 h ???????? 003 /robots.txt
5968080.5e 5fa3ff72 399ff9 h ???????? 01b /love/1e
5968101.6f cf2e0dbd 6a88e8 h ???????? 003 /edit/45136018
596818d.05 113a676c 4d4314 h ???????? 005 //wiki/JohannTaler
596829b.a6 42f94526 043937 h ???????? 005 /wiki/DstTla
596833f.62 42f94528 043937 h ???????? 004 /wiki/ChunChen
59683be.a6 b44c0f8e a04d28 h ???????? 005 /wiki/LockSchuppen
59683dd.a7 b44c0f86 fa643b h ???????? 003 /robots.txt
5968430.c1 42f9452a 043937 h ???????? 004 /wiki/PengWang
59685f7.c9 42f94528 043937 h ???????? 005 /wiki/HaBuRi
59687a6.7e 42f9452a 043937 h ???????? 004 /wiki/NadavHar
596885e.f3 42f94530 043937 s ???????? 004 /wiki/InterView
596887c.45 42f94528 043937 h ???????? 005 /wiki/TipToi
5968890.06 42f9544a 002725 h ???????? 002 /favicon.ico
5968a3c.0f 42f94526 043937 h ???????? 005 /wiki/JoseIria
5968af0.b2 05fffd07 e4b041 h ???????? 003 /robots.txt
5968af4.60 05fffd07 e4b041 h ???????? 003 /feed
5968bff.ac 42f94528 043937 h ???????? 005 /wiki/LingFeng
5968de5.8c 42f94528 043937 h ???????? 004 /wiki/AirBnb
5968e75.92 5f6cb561 e4b041 s ???????? 003 /robots.txt
5968e79.28 5f6cb561 e4b041 s ???????? 02a /
5968f19.d2 c1ebeedb 043937 h ???????? 004 /wiki/TorstenEymann
5968f3b.12 42f9452a 043937 h ???????? 005 /wiki/MindCount
5968fca.5a 5e82dbf0 18b492 h ???????? 003 /robots.txt
5968fca.8f 5e82dbf0 18b492 h ???????? 003 /robots.txt
5968fca.c0 5e82dbf0 18b492 h ???????? 005 /wiki/LockSchuppen
5968fd6.49 5e82dbf0 18b492 h ???????? 026 /
5968fea.cf 5e82dbf0 18b492 h ???????? 01c /
5968ff2.50 5e82dbf0 18b492 h ???????? 004 /wiki/RainerWasserfuhr
5968ffa.44 5e82dbf0 18b492 h ???????? 004 /wiki/FutureLab2056
5969002.31 5e82dbf0 18b492 h ???????? 005 /wiki/NooPolis
5969025.5a 5e82dbf0 18b492 h ???????? 005 /wiki/KurzweilVortrag
596902d.ed 5e82dbf0 18b492 h ???????? 004 /wiki/RainerWasserfuhr
5969035.76 5e82dbf0 18b492 h ???????? 004 /wiki/PresencingStatus
596920b.06 42f94526 043937 h ???????? 005 /wiki/JiguiSun
596934f.71 1f947bd3 cedf5c h ???????? 029 /
59693c7.c4 42f94526 043937 h ???????? 005 /wiki/LhSaturn
59694b8.54 42f94526 043937 h ???????? 005 /wiki/CoLoving
59695f2.18 284da7da 6a88e8 h ???????? 005 /wiki/AaaiFellow
5969617.39 5fa3ff6c 399ff9 h ???????? 003 /robots.txt
5969618.49 5fa3ff6c 399ff9 h ???????? 031 /wiki/127001
5969640.f9 42f94526 043937 h ???????? 004 /wiki/BeCause
596965d.3b 68839370 a8c6c1 h ???????? 004 //wiki/lockschuppen
5969724.e2 42f94528 043937 h ???????? 006 /wiki/BdSm
59697f7.cf 42f94528 043937 h ???????? 005 /wiki/ChongSun
596999b.ec 42f9452a 043937 h ???????? 005 /wiki/YanboHan
59699b7.33 42f94526 043937 h ???????? 002 /system/robots.txt
5969a71.4e 42f9452a 043937 h ???????? 005 /wiki/SponSor
5969a75.88 42f94526 043937 h ???????? 003 /system
5969b81.5c 42f9452a 043937 h ???????? 005 /wiki/XingTen
5969c1e.56 76627daa be37cc h ???????? 02a /
5969c2e.89 42f94526 043937 h ???????? 005 /wiki/JinilKim
5969d7f.42 cf2e0d63 6a88e8 h ???????? 02c /
5969e16.d9 42f94526 043937 h ???????? 005 /wiki/SinanSen
5969e6b.b7 42f95707 70a047 h ???????? 003 //rss.rdf
5969ebb.14 6d666f42 dc1a18 h ???????? 03b /
5969ebb.7a 6d666f42 dc1a18 h ???????? 003 //https://floatingboat2013.appspot.com
5969ebb.ca 6d666f42 dc1a18 h ???????? 005 //wiki/AlanTuring
5969ebc.1a 6d666f42 dc1a18 h ???????? 006 //wiki/GottfriedWilhelmLeibniz
5969ebc.6e 6d666f42 dc1a18 h ???????? 003 //https://floatingboat2013.appspot.com/UrPic
5969ebc.bb 6d666f42 dc1a18 h ???????? 003 //https://floatingboat2013.appspot.com/ad
5969ebd.0a 6d666f42 dc1a18 h ???????? 004 //https://sl4.eu/hls
5969ebd.60 6d666f42 dc1a18 h ???????? 003 //https://sl4.eu/ls
5969ebd.b1 6d666f42 dc1a18 h ???????? 003 //https://sl4.eu/sh
5969ebd.fe 6d666f42 dc1a18 h ???????? 003 //https://www.youtube.com/watch
5969faf.84 42f94526 043937 h ???????? 005 /wiki/RouteFee
596a006.1b 42f94528 043937 h ???????? 005 /wiki/IsWc
596a052.8f 42f9452a 622963 h ???????? 003 /system
596a168.de 42f94528 043937 h ???????? 006 /wiki/LiminYao
596a30c.3c 42f9452a 043937 h ???????? 005 /wiki/WeckStr
596a408.20 42f94528 043937 h ???????? 007 /wiki/HellerAu
596a685.2e 42f9452a 043937 h ???????? 005 /wiki/RapsOel
596a858.55 42f94526 043937 h ???????? 006 /wiki/JunZhang
596a8e7.1b 42f94528 043937 h ???????? 005 /wiki/ExIt
596a969.c9 cf2e0dbd 6a88e8 h ???????? 005 /wiki/WikiWall
596a99c.50 5f6cb561 e4b041 h ???????? 003 /robots.txt
596a9a0.23 5f6cb561 e4b041 h ???????? 01f /
596aa17.c0 42f94528 043937 h ???????? 006 /wiki/HappyEnd
596aab5.26 42f9452a 043937 h ???????? 003 /robots.txt
596abe4.06 42f94526 043937 h ???????? 006 /wiki/ChengNiu
596acd7.9e 42f94526 043937 h ???????? 006 /wiki/DerAsiat
596ada5.c2 42f9452a 043937 h ???????? 005 /wiki/BenONeil
596af1f.97 42f94526 043937 h ???????? 006 /wiki/JaLingWu
596b0ff.16 42f94526 043937 h ???????? 005 /wiki/LockTalk
596b1c8.86 42f9452a 043937 h ???????? 005 /wiki/UmZug
596b1d2.ef 42f94528 043937 h ???????? 006 /wiki/AliMamat
596b2a5.38 42f94528 043937 h ???????? 002 /wiki/MindHour
596b2b0.6b 42f94526 622963 h ???????? 002 /wiki/NightLife
596b43a.2d 42f9452a 043937 h ???????? 002 /wiki/ZeroMail
596b54b.95 b44c0f97 a04d28 h ???????? 002 /wiki/LockSchuppen3D
596b6d2.ad 42f9452a 043937 h ???????? 002 /wiki/XiaoLing
596b7d7.94 c73a56d3 028fc4 h ???????? 002 //robots.txt
596b7db.a4 c73a56d3 028fc4 h ???????? 011 /
596b7dd.b1 c73a56d3 028fc4 h ???????? 001 /robots.txt
596b7e1.be c73a56d3 028fc4 h ???????? 013 /
596b88d.b5 42f9452a 043937 h ???????? 002 /wiki/ZhiweiLi
596b96b.d8 42f9452a 043937 h ???????? 003 /wiki/BodenSee
596ba51.8b 42f94528 043937 h ???????? 008 /wiki/NanoTech
596baaf.cf 42f9452a 043937 h ???????? 002 /wiki/WebDe
596badc.36 42f95709 70a047 h ???????? 001 //rss.rdf
596bb25.7a 42f9452a 043937 h ???????? 003 /wiki/BallSall
596bbfb.74 42f94528 043937 h ???????? 002 /wiki/RuiHuang
596bdb7.f4 42f94526 043937 h ???????? 003 /wiki/YunJiang
596bea8.60 42f94528 043937 h ???????? 003 /wiki/LeoObrst
596bef9.41 5f6cb561 e4b041 h ???????? 011 /
596bf56.34 36244150 670234 h ???????? 012 /
596bf56.56 36244150 670234 h ???????? 002 /wp-includes/wlwmanifest.xml
596bf56.72 36244150 670234 h ???????? 001 /xmlrpc.php
596bf56.8e 36244150 670234 h ???????? 017 /
596bf56.ae 36244150 670234 h ???????? 001 /blog/wp-includes/wlwmanifest.xml
596bf56.c8 36244150 670234 h ???????? 001 /wordpress/wp-includes/wlwmanifest.xml
596bf56.e6 36244150 670234 h ???????? 001 /wp/wp-includes/wlwmanifest.xml
596bf57.04 36244150 670234 h ???????? 001 /site/wp-includes/wlwmanifest.xml
596bf57.1f 36244150 670234 h ???????? 002 /cms/wp-includes/wlwmanifest.xml
596bfe6.63 cf2e0dbd 6a88e8 h ???????? 002 /edit/39866001
596c12d.c5 42f94526 043937 h ???????? 003 /wiki/BauSteln
596c1cb.4d 42f94528 043937 h ???????? 003 /wiki/LeiZhang
596c2c8.b8 42f94526 043937 h ???????? 002 /wiki/JamesFan
596c38a.b1 42f94528 043937 h ???????? 002 /wiki/DvbAg
596c3be.9f 42f9452a 043937 h ???????? 002 /wiki/ZhaohuiWu
596c4a3.75 42f94528 043937 h ???????? 008 /wiki/AdBlocker
596c590.a9 42f94528 043937 h ???????? 002 /wiki/HungChim
596c73d.ec b21bb37e 057297 h ???????? 002 /wiki/GlaeserneWelt
596c7fe.9e 42f94528 043937 h ???????? 003 /wiki/ZiyuGuan
596c9d0.8d 42f94528 043937 h ???????? 003 /wiki/XuanZhou
596ca6f.2b b2c83e60 028fc4 h ???????? 002 //robots.txt
596ca76.35 b2c83e60 028fc4 h ???????? 003 //wiki/%25s
596cadf.32 42f94528 043937 h ???????? 003 /wiki/PuffTraum
596cc6c.11 42f9452a 043937 h ???????? 003 /wiki/UhTopie
596cc73.0f 42f94528 043937 h ???????? 002 /wiki/ArticleWeb
596ce06.5c 42f9452a 043937 h ???????? 002 /wiki/JiajunBu
596cee0.81 42f9452a 043937 h ???????? 003 /wiki/YingDing
596d0c9.21 42f94528 043937 h ???????? 002 /wiki/TimFinin
596d1f6.df 8b636391 661b67 h ???????? 014 /
596d1f7.b1 8b636391 661b67 s ???????? 012 /
596d1f8.4f 8b636391 661b67 h ???????? 001 /drupal/
596d1f8.b6 8b636391 661b67 h ???????? 002 /cms/
596d1fb.85 8b636391 661b67 s ???????? 001 /drupal/
596d1fc.22 8b636391 661b67 h ???????? 002 /status
596d1fc.4b 8b636391 661b67 s ???????? 002 /cms/
596d1fe.14 8b636391 661b67 s ???????? 002 /status
596d1fe.f5 8b636391 661b67 s ???????? 013 /
596d1ff.8b 8b636391 661b67 h ???????? 014 /
596d200.f8 8b636391 661b67 h ???????? 007 /script
596d202.68 8b636391 661b67 h ???????? 001 /jenkins/script
596d206.3a 8b636391 661b67 h ???????? 001 /login
596d207.26 8b636391 661b67 h ???????? 002 /jmx-console
596d208.87 8b636391 661b67 s ???????? 002 /jmx-console
596d208.8d 8b636391 661b67 h ???????? 01a /
596d209.36 8b636391 661b67 h ???????? 013 /
596d20a.80 8b636391 661b67 h ???????? 001 /manager/html
596d20b.1e 8b636391 661b67 s ???????? 02d /
596d20b.27 8b636391 661b67 h ???????? 019 /
596d20c.5d 8b636391 661b67 h ???????? 015 /
596d20c.a4 8b636391 661b67 s ???????? 014 /
596d20c.f6 8b636391 661b67 h ???????? 001 /tomcat-cms/cmd.jsp
596d20d.99 8b636391 661b67 h ???????? 015 /
596d20e.6f 8b636391 661b67 h ???????? 01c /
596d20e.b8 8b636391 661b67 s ???????? 001 /manager/html
596d20f.d8 8b636391 661b67 s ???????? 015 /
596d210.a5 8b636391 661b67 s ???????? 01c /
596d214.95 8b636391 661b67 s ???????? 002 /tomcat-cms/cmd.jsp
596d216.07 8b636391 661b67 h ???????? 017 /
596d216.77 8b636391 661b67 h ???????? 001 //administrator
596d216.e8 8b636391 661b67 h ???????? 001 /joomla/administrator
596d217.5e 8b636391 661b67 h ???????? 001 /cms/administrator
596d217.cb 8b636391 661b67 h ???????? 002 /Joomla/administrator
596d224.85 8b636391 661b67 s ???????? 001 /dfn/nman.jsp
596d225.4b 8b636391 661b67 s ???????? 01d /
596d226.4e 8b636391 661b67 h ???????? 001 /phpmyadmin
596d226.be 8b636391 661b67 h ???????? 002 /phpMyAdmin
596d227.2b 8b636391 661b67 s ???????? 015 /
596d228.0a 8b636391 661b67 s ???????? 002 /dfn/df.jsp
596d228.d1 8b636391 661b67 s ???????? 015 /
596d229.bb 8b636391 661b67 s ???????? 015 /
596d22e.3b 8b636391 661b67 h ???????? 019 /
596d22f.ac 8b636391 661b67 h ???????? 002 /sqlite/main.php
596d230.1a 8b636391 661b67 h ???????? 001 /SQLite/SQLiteManager-1.2.4/main.php
596d230.8b 8b636391 661b67 h ???????? 002 /SQLiteManager-1.2.4/main.php
596d230.f9 8b636391 661b67 h ???????? 002 /sqlitemanager/main.php
596d231.70 8b636391 661b67 h ???????? 002 /SQlite/main.php
596d231.e9 8b636391 661b67 h ???????? 001 /SQLiteManager/main.php
596d232.53 8b636391 661b67 h ???????? 002 /webdav
596d232.a8 8b636391 661b67 s ???????? 032 /
596d232.ce 8b636391 661b67 h ???????? 01a /
596d233.4b 8b636391 661b67 h ???????? 017 /
596d233.89 8b636391 661b67 s ???????? 002 //administrator
596d233.bc 8b636391 661b67 h ???????? 01e /
596d235.34 8b636391 661b67 h ???????? 001 //wp-login.php
596d235.b1 8b636391 661b67 h ???????? 003 /wordpress/wp-login.php
596d236.29 8b636391 661b67 h ???????? 002 /wp/wp-login.php
596d236.a1 8b636391 661b67 h ???????? 002 /blog/wp-login.php
596d237.62 8b636391 661b67 s ???????? 002 /joomla/administrator
596d238.30 8b636391 661b67 s ???????? 002 /cms/administrator
596d23a.0c 8b636391 661b67 s ???????? 001 /Joomla/administrator
596d23a.21 8b636391 661b67 h ???????? 002 /Wordpress/wp-login.php
596d23a.97 8b636391 661b67 h ???????? 002 /Blog/wp-login.php
596d23a.dd 8b636391 661b67 s ???????? 002 /msd
596d23b.b6 8b636391 661b67 s ???????? 002 /mySqlDumper
596d23c.85 8b636391 661b67 s ???????? 002 /msd1.24stable
596d247.8a 8b636391 661b67 s ???????? 002 /cgi-bin/php
596d248.61 8b636391 661b67 s ???????? 009 /cgi-bin/php5
596d24a.3c 8b636391 661b67 s ???????? 002 /phpmyadmin
596d24b.1b 8b636391 661b67 s ???????? 002 /phpMyAdmin
596d24f.32 8b636391 661b67 s ???????? 002 /mysql
596d250.e8 8b636391 661b67 s ???????? 001 /sql
596d252.e7 8b636391 661b67 s ???????? 002 /myadmin
596d254.18 8b636391 661b67 s ???????? 002 /phpMyAdmin-4.2.1-all-languages
596d255.81 8b636391 661b67 s ???????? 002 /phpMyAdmin-4.2.1-english
596d255.b8 42f94526 043937 h ???????? 004 /wiki/LisaFong
596d257.93 8b636391 661b67 s ???????? 002 /xampp/phpmyadmin
596d259.1b 8b636391 661b67 s ???????? 002 /typo3/phpmyadmin
596d25b.4b 8b636391 661b67 s ???????? 002 /webadmin
596d25c.6a 8b636391 661b67 s ???????? 018 /
596d25d.46 8b636391 661b67 s ???????? 002 /sqlite/main.php
596d25e.1a 8b636391 661b67 s ???????? 002 /SQLite/SQLiteManager-1.2.4/main.php
596d25e.ef 8b636391 661b67 s ???????? 002 /SQLiteManager-1.2.4/main.php
596d25f.cd 8b636391 661b67 s ???????? 002 /sqlitemanager/main.php
596d261.b4 8b636391 661b67 s ???????? 002 /SQlite/main.php
596d262.97 8b636391 661b67 s ???????? 002 /SQLiteManager/main.php
596d263.63 8b636391 661b67 s ???????? 002 /webdav
596d267.8a 8b636391 661b67 s ???????? 01a /
596d268.96 8b636391 661b67 s ???????? 025 /
596d269.73 8b636391 661b67 s ???????? 019 /
596d26a.5e 8b636391 661b67 s ???????? 002 //wp-login.php
596d272.4c 8b636391 661b67 s ???????? 002 /wp/wp-login.php
596d273.24 8b636391 661b67 s ???????? 002 /blog/wp-login.php
596d274.6e 42f94530 043937 s ???????? 002 /robots.txt
596d274.ac 42f94530 043937 s ???????? 004 /wiki/HobbyHorse
596d274.ea 8b636391 661b67 s ???????? 002 /Wordpress/wp-login.php
596d275.cc 8b636391 661b67 s ???????? 002 /Blog/wp-login.php
596d330.39 42f94528 043937 h ???????? 004 /wiki/LuisPolo
596d54d.12 42f94526 043937 h ???????? 003 /wiki/HutBall
596d60d.3b 42f94526 043937 h ???????? 005 /wiki/PummoRyu
596d785.36 05bde266 04c0f3 s ???????? 002 /admin/assets/js/views/login.js
596d7e4.04 42f94528 043937 h ???????? 004 /wiki/NeonGrau
596da15.45 42f94526 043937 h ???????? 004 /wiki/JackDorsey
596daa3.7e c1ebeedb 043937 s ???????? 004 /wiki/ZukunftsInstitut
596daa4.df c1ebeedb 043937 h ???????? 004 /wiki/ZukunftsInstitut
596daa9.0a c1ebeedb 043937 h ???????? 004 /wiki/ZukunftsInstitut
596db71.69 42f95707 70a047 h ???????? 003 //rss.rdf
596db8b.d0 58634162 4f089e h ???????? 002 /noopolis
596dcd8.63 d8f442f3 2e51d1 h ???????? 002 /robots.txt
596de2e.16 42f94548 043937 h ???????? 004 /wiki/NewYear
596e188.f3 42f9454a 043937 h ???????? 004 /wiki/InVest
596e1f1.c0 42f9454a 043937 h ???????? 024 /
596e27f.17 42f9454a 043937 h ???????? 005 /wiki/HobbyHorse
596e333.8a 42f94546 043937 h ???????? 004 /wiki/UpDate
596e59a.6f 42f94548 043937 h ???????? 005 /wiki/CascadingStyleSheet
596e618.c0 42f94546 043937 h ???????? 005 /wiki/TilmanBaumgaertel
596e73a.42 42f9454a 043937 h ???????? 005 /wiki/NeuGier
596e8f3.17 42f94546 043937 h ???????? 004 /wiki/BayISAPI
596e8ff.ae 42f94548 043937 h ???????? 004 /wiki/SuXiaoLu
596eb44.d4 42f94546 043937 h ???????? 004 /wiki/NormanDavies
596ec76.5a 42f94546 043937 h ???????? 004 /wiki/PyungKim
596ee36.66 42f94546 043937 h ???????? 004 /wiki/CentralProcessingUnit
596ef81.50 42f9454a 043937 h ???????? 004 /wiki/SebastianSalvadorSchwerk
596eff0.a3 42f9454a 043937 h ???????? 004 /wiki/KoBlenz
596f117.12 42f94548 043937 h ???????? 005 /wiki/RuthWest
596f1e4.3e 42f9454a 043937 h ???????? 004 /wiki/FriedhelmMeyerAufDerHeide
596f2d7.af 29d75492 702dd8 h ???????? 026 /
596f30e.55 42f9454a 043937 h ???????? 004 /wiki/JanKorst
596f451.93 8e04d971 554020 h ???????? 003 /rss.rdf
596f4a2.ea 42f94546 043937 h ???????? 004 /wiki/UbiGrate
596f58c.21 42f94546 043937 h ???????? 004 /wiki/JanRauch
596f5c3.6c 284da7da 6a88e8 s ???????? 01c /
596f6b6.ba 42f9454a 043937 h ???????? 005 /wiki/YingWang
596f8d2.5e 42f94550 043937 s ???????? 005 /wiki/ExIt
596f904.f0 42f94546 043937 h ???????? 005 /wiki/IlaNivas
596f99a.4c a2d2c461 028fc4 h ???????? 003 /robots.txt
596f99b.de a2d2c461 028fc4 h ???????? 01e /
596fa5c.b4 42f94546 043937 h ???????? 004 /wiki/RundKino
596fc6b.38 42f9454a 043937 h ???????? 005 /wiki/UriNadav
596fcce.73 42f95b2b 70a047 h ???????? 002 //rss.rdf
596fd84.35 67595b9d ee113c h ???????? 01d /
596fd85.a2 67595b9d ee113c h ???????? 00b //https://floatingboat2013.appspot.com
596fd87.29 67595b9d ee113c h ???????? 004 //wiki/AlanTuring
596fd88.19 67595b9d ee113c h ???????? 005 //wiki/GottfriedWilhelmLeibniz
596fd89.21 67595b9d ee113c h ???????? 003 //https://floatingboat2013.appspot.com/UrPic
596fd89.a4 b20cee8b 5ec1d2 s ???????? 01e /
596fd8a.7e 67595b9d ee113c h ???????? 003 //https://floatingboat2013.appspot.com/ad
596fd8c.73 67595b9d ee113c h ???????? 003 //https://sl4.eu/hls
596fd8d.ee 67595b9d ee113c h ???????? 003 //https://sl4.eu/ls
596fd8e.e5 67595b9d ee113c h ???????? 003 //https://sl4.eu/sh
596fd8f.f9 67595b9d ee113c h ???????? 002 //https://www.youtube.com/watch
596fd91.c3 42f9454a 043937 h ???????? 00e /wiki/OneOnOne
