5a60226.74 42f95987 70a047 h ???????? 002 //rss.rdf
5a60242.21 42f9404a 043937 h ???????? 004 /wiki/TaiInstant
5a6026d.78 c90d67eb cdfc4d h ???????? 01a /
5a602f7.67 d8f442f3 2e51d1 h ???????? 004 /wiki/RamonaKurzweil
5a602fa.88 d8f442f3 2e51d1 h ???????? 003 /wiki/RigidBot
5a60402.31 42f94046 043937 h ???????? 004 /wiki/JobSearch
5a6086d.55 42f94050 622963 s ???????? 004 /wiki/MindEvent
5a608b6.ef 42f94050 043937 s ???????? 003 /wiki/TerryWinograd
5a60ae7.3d 42f9404a 043937 h ???????? 005 /wiki/CheriePriest
5a60b45.33 55d6c3c0 2f8861 h ???????? 002 /console
5a60b45.63 55d6c3c0 2f8861 h ???????? 002 /phpMyAdmin/scripts/setup.php
5a60b45.99 55d6c3c0 2f8861 h ???????? 003 /phpmyadmin/scripts/setup.php
5a60b45.ce 55d6c3c0 2f8861 h ???????? 002 /scripts/setup.php
5a60b46.22 55d6c3c0 2f8861 h ???????? 002 /pma/scripts/setup.php
5a60b46.55 55d6c3c0 2f8861 h ???????? 01c /
5a60bcd.2e 42f9404a 043937 h ???????? 00e /wiki/HarryBelafonte
5a60d7e.9d 5fa3ff23 399ff9 h ???????? 003 /robots.txt
5a60d85.f1 5fa3ff20 399ff9 h ???????? 004 /wiki/SuperTramp
5a60d89.4c 5fa3ff26 399ff9 h ???????? 005 /wiki/CommunityWiki
5a60d8d.2d 5fa3ff21 399ff9 h ???????? 005 /wiki/MuskBusQuest
5a60d92.6a 5fa3ff20 399ff9 h ???????? 004 /wiki/SaiXai
5a60d97.16 5fa3ff20 399ff9 h ???????? 003 /wiki/HechtRunde
5a60d9d.80 5fa3ff24 399ff9 h ???????? 004 /wiki/PresencingStatus
5a60da3.6e 42f94046 043937 h ???????? 003 /wiki/LifeDay16200
5a60da6.35 5fa3ff24 399ff9 h ???????? 004 /wiki/LiebeMachte
5a60ed7.e5 42f9404a 043937 h ???????? 004 /wiki/DerLiebeWege
5a6102b.74 42f94046 043937 h ???????? 004 /wiki/SingularAufstellung
5a6107f.93 42f94046 043937 h ???????? 004 /wiki/ModelFree
5a61143.30 9d3727e2 6a88e8 h ???????? 004 /wiki/EnErgie
5a611b7.a9 42f9404a 043937 h ???????? 004 /wiki/SingularMaus
5a611fb.4c 42f94050 622963 s ???????? 004 /wiki/MindTrust
5a61384.23 42f94048 043937 h ???????? 009 /wiki/KohlweisslingsRequiem
5a61395.f5 42f9404a 043937 h ???????? 003 /wiki/TheresaMay
5a613a0.17 772a7375 cdfc4d h ???????? 01c /
5a614d8.41 42f94052 043937 s ???????? 005 /wiki/StuartRussell
5a6153a.0e 42f94048 043937 h ???????? 005 /wiki/PodcastsUndInterviews
5a616d5.19 42f94046 043937 h ???????? 004 /wiki/WinfriedHochstaettler
5a61837.47 42f94046 043937 h ???????? 003 /robots.txt
5a61885.06 42f94048 043937 h ???????? 006 /wiki/AlSu
5a61972.f9 42f94048 043937 h ???????? 003 /Edit.jsp
5a61a7d.30 3624966a 433e9c h ???????? 003 //robots.txt
5a61afc.0a 42f94052 622963 s ???????? 004 /wiki/RadarFalle
5a61c27.70 42f9404a 043937 h ???????? 005 /wiki/MibIi
5a61c57.61 42f94050 043937 s ???????? 004 /wiki/FaceBookId
5a61ce1.b3 5fa3ff20 399ff9 h ???????? 003 /robots.txt
5a61cea.62 5fa3ff24 399ff9 h ???????? 003 /wiki/ApmTla
5a61cf2.0f 5fa3ff22 399ff9 h ???????? 003 /now
5a61d7d.5d 2f4a00f6 2f8861 h ???????? 003 /phpMyAdmin-3.0.1.1/scripts/setup.php
5a61d7e.13 2f4a00f6 2f8861 h ???????? 002 /phpmyadmin3/scripts/setup.php
5a61db9.47 42f94054 043937 s ???????? 004 /wiki/PeterCheeseman
5a61ea8.68 284da79b 6a88e8 h ???????? 004 /wiki/BodyOne
5a61ea9.b7 284da79b 6a88e8 h ???????? 003 /edit/37886002
5a61ea9.f9 284da79b 6a88e8 h ???????? 02c /
5a61eca.83 42f94048 043937 h ???????? 003 /wiki/ChronologiePlomlompom
5a61fad.2e 42f9598b 70a047 h ???????? 002 //rss.rdf
5a6204a.17 42f9404a 043937 h ???????? 003 /PageInfo.jsp
5a6204e.4a 42f94046 043937 h ???????? 005 /wiki/ThereSingularityIsHere
5a620cd.62 42f94046 043937 h ???????? 005 /wiki/EnlargeMe
5a62120.e0 541160b8 2f8861 h ???????? 003 /console
5a62121.18 541160b8 2f8861 h ???????? 00f /phpMyAdmin/scripts/setup.php
5a62121.4e 541160b8 2f8861 h ???????? 003 /phpmyadmin/scripts/setup.php
5a62121.7f 541160b8 2f8861 h ???????? 004 /scripts/setup.php
5a62121.af 541160b8 2f8861 h ???????? 003 /pma/scripts/setup.php
5a62121.e0 541160b8 2f8861 h ???????? 01c /
5a62133.13 a8c4026c 19c6c4 h ???????? 01f /
5a62239.a2 42f9404a 043937 h ???????? 006 /wiki/EngLish
5a6228f.e6 42f9461c 043937 h ???????? 003 /robots.txt
5a62290.42 42f94618 043937 h ???????? 02c /
5a6230b.9a 42f9404a 043937 h ???????? 005 /wiki/WikiQuellCodePmWikiTmpl
5a623bd.ff 42f94052 622963 s ???????? 005 /wiki/ParteiWiki
5a62575.48 42f94046 043937 h ???????? 005 /wiki/BusManns
5a62590.0f d8f442f3 2e51d1 h ???????? 003 /robots.txt
5a625d8.3c 02b7e604 702dd8 h ???????? 020 /
5a626b3.f3 42f94050 043937 s ???????? 006 /wiki/MikeWooldridge
5a628f1.d3 d8f442f3 2e51d1 h ???????? 006 /wiki/NooPolisDe
5a629cc.6e 42f94048 043937 h ???????? 005 /wiki/StudienzentrumJosefstal
5a62aae.e2 42f9404a 043937 h ???????? 004 /wiki/SanftMut
5a62c06.06 05ca43ca 19c6c4 h ???????? 02c /
5a62c5e.54 42f94046 043937 h ???????? 005 /wiki/FilmDawnOfTheDeadSnyder
5a62c9f.43 42f94052 622963 s ???????? 004 /wiki/ContraDict
5a62e5b.cd 42f94052 622963 s ???????? 01e /
5a62ea8.9b 5f6cb561 e4b041 h ???????? 003 /robots.txt
5a62eac.6c 5f6cb561 e4b041 h ???????? 01d /
5a62f05.5a 42f94048 043937 h ???????? 005 /wiki/HohendoelzschenerStrasse
5a62f7b.f8 42f94052 043937 s ???????? 005 /wiki/RichardDearden
5a630cc.57 42f95987 70a047 h ???????? 003 /rss.rdf
5a631a1.4c cf2e0d1f 6a88e8 h ???????? 020 /edit/12376001
5a631a1.aa cf2e0d1f 6a88e8 h ???????? 003 /edit/38936001
5a63209.31 42f9404a 043937 h ???????? 004 /wiki/DieFreudeBenutztZuWerden
5a63290.ab 42f94048 043937 h ???????? 005 /wiki/TransLate
5a632e3.7e 42f94046 043937 h ???????? 006 /wiki/PostidentitaeresZeitalter
5a63319.d0 5fa3ff25 399ff9 h ???????? 003 /robots.txt
5a63320.72 5fa3ff26 399ff9 h ???????? 004 /wiki/AnEi
5a63328.fd 5fa3ff20 399ff9 h ???????? 004 /wiki/DhpTla
5a63331.46 5fa3ff23 399ff9 h ???????? 004 /wiki/AltTraktor
5a63338.2b 5fa3ff24 399ff9 h ???????? 003 /radio
5a6339f.e6 42f94046 043937 h ???????? 006 /wiki/PirNa422
5a6341e.41 42f94046 043937 h ???????? 005 /wiki/HochWasser
5a634a5.26 42f94046 043937 h ???????? 006 /wiki/ThiMa
5a63580.5c 42f94054 622963 s ???????? 005 /wiki/GeoTuesday
5a635d2.7c 42f9404a 043937 h ???????? 006 /wiki/WasKommtNachDerPrivatheit
5a636ba.c4 adf9025a 028fc4 h ???????? 003 //robots.txt
5a636cc.91 adf9025a 028fc4 h ???????? 003 //rss.jsp
5a636d2.a4 adf9025a 028fc4 h ???????? 003 /robots.txt
5a636e0.23 adf9025a 028fc4 h ???????? 003 /rss.jsp
5a636f1.c9 adf9025a 028fc4 h ???????? 003 /rss.jsp
5a63705.62 adf9025a 028fc4 h ???????? 004 /rss.jsp
5a63715.94 adf9025a 028fc4 h ???????? 004 /rss.jsp
5a63728.11 adf9025a 028fc4 h ???????? 003 /rss.jsp
5a6373b.c2 adf9025a 028fc4 h ???????? 003 /rss.jsp
5a6374f.04 adf9025a 028fc4 h ???????? 003 /rss.jsp
5a63761.2c adf9025a 028fc4 h ???????? 003 /rss.jsp
5a63776.0d adf9025a 028fc4 h ???????? 003 /rss.jsp
5a63782.00 42f9404a 043937 h ???????? 007 /wiki/HotelRoyal
5a63788.3d adf9025a 028fc4 h ???????? 004 /rss.jsp
5a63798.1d adf9025a 028fc4 h ???????? 005 /rss.jsp
5a637a7.a1 adf9025a 028fc4 h ???????? 003 /rss.jsp
5a637b8.71 adf9025a 028fc4 h ???????? 003 /rss.jsp
5a637c3.ac adf9025a 028fc4 h ???????? 003 /rss.jsp
5a637d8.25 adf9025a 028fc4 h ???????? 003 /rss.jsp
5a637e8.fa adf9025a 028fc4 h ???????? 004 /rss.jsp
5a63800.e9 adf9025a 028fc4 h ???????? 004 /rss.jsp
5a6380b.cf adf9025a 028fc4 h ???????? 003 /rss.jsp
5a6381d.86 adf9025a 028fc4 h ???????? 003 /rss.jsp
5a6382b.b8 adf9025a 028fc4 h ???????? 003 /rss.jsp
5a63840.1b adf9025a 028fc4 h ???????? 003 /rss.jsp
5a63841.30 8e04d774 e3b0c4 h ???????? 003 /robots.txt
5a63843.c8 8e04d774 d9ec50 h ???????? 024 /
5a63850.78 adf9025a 028fc4 h ???????? 003 /rss.jsp
5a6385d.a3 42f94054 043937 s ???????? 002 /wiki/RobertDoorenbos
5a63865.bd adf9025a 028fc4 h ???????? 001 /rss.jsp
5a63873.cb 42f94048 043937 h ???????? 001 /wiki/InformationelleKosmologie
5a6387c.da adf9025a 028fc4 h ???????? 001 /rss.jsp
5a6388a.ca adf9025a 028fc4 h ???????? 001 /rss.jsp
5a6389f.3c adf9025a 028fc4 h ???????? 001 /rss.jsp
5a638ae.04 adf9025a 028fc4 h ???????? 001 /rss.jsp
5a638be.a8 adf9025a 028fc4 h ???????? 001 /rss.jsp
5a638c9.3c adf9025a 028fc4 h ???????? 001 /rss.jsp
5a638dd.7e adf9025a 028fc4 h ???????? 007 /rss.jsp
5a638f2.34 adf9025a 028fc4 h ???????? 001 /rss.jsp
5a63907.91 adf9025a 028fc4 h ???????? 001 /rss.jsp
5a63915.14 adf9025a 028fc4 h ???????? 001 /rss.jsp
5a63926.2e adf9025a 028fc4 h ???????? 001 /rss.jsp
5a63939.b3 adf9025a 028fc4 h ???????? 001 /rss.jsp
5a6394d.f6 adf9025a 028fc4 h ???????? 002 /rss.jsp
5a63962.28 adf9025a 028fc4 h ???????? 001 /rss.jsp
5a63974.33 adf9025a 028fc4 h ???????? 001 /rss.jsp
5a63987.31 adf9025a 028fc4 h ???????? 001 /rss.jsp
5a6399a.75 adf9025a 028fc4 h ???????? 001 /rss.jsp
5a6399e.9b 8b636391 661b67 h ???????? 017 /
5a6399f.12 8b636391 661b67 h ???????? 001 /drupal/
5a6399f.80 8b636391 661b67 h ???????? 002 /cms/
5a6399f.ec 8b636391 661b67 h ???????? 001 /status
5a639a0.56 8b636391 661b67 h ???????? 014 /
5a639a1.c4 8b636391 661b67 h ???????? 002 /script
5a639a2.30 8b636391 661b67 h ???????? 001 /jenkins/script
5a639a2.96 8b636391 661b67 h ???????? 001 /login
5a639a2.e3 8b636391 661b67 s ???????? 023 /
5a639a3.01 8b636391 661b67 h ???????? 001 /jmx-console
5a639a3.b7 8b636391 661b67 s ???????? 002 /drupal/
5a639a4.6b 8b636391 661b67 h ???????? 013 /
5a639a4.90 8b636391 661b67 s ???????? 002 /cms/
5a639a4.e0 8b636391 661b67 h ???????? 01d /
5a639a5.51 8b636391 661b67 h ???????? 001 /manager/html
5a639a5.c6 8b636391 661b67 h ???????? 014 /
5a639ae.1b adf9025a 028fc4 h ???????? 002 /rss.jsp
5a639ae.4a 8b636391 661b67 h ???????? 001 /tomcat-cms/cmd.jsp
5a639ae.ce 8b636391 661b67 h ???????? 014 /
5a639af.40 8b636391 661b67 h ???????? 014 /
5a639af.b1 8b636391 661b67 h ???????? 002 /dfn/nman.jsp
5a639b0.21 8b636391 661b67 h ???????? 012 /
5a639b0.94 8b636391 661b67 h ???????? 013 /
5a639b1.03 8b636391 661b67 h ???????? 001 /dfn/df.jsp
5a639b1.6e 8b636391 661b67 h ???????? 012 /
5a639b1.e1 8b636391 661b67 h ???????? 013 /
5a639b2.50 8b636391 661b67 h ???????? 002 /Catalina/df.jsp
5a639b2.b8 8b636391 661b67 h ???????? 013 /
5a639b3.2a 8b636391 661b67 h ???????? 014 /
5a639b3.96 8b636391 661b67 s ???????? 006 /script
5a639b3.a6 8b636391 661b67 h ???????? 001 /host/cmd.jsp
5a639b4.10 8b636391 661b67 h ???????? 015 /
5a639b4.86 8b636391 661b67 h ???????? 01c /
5a639b5.fa 8b636391 661b67 h ???????? 01e /
5a639b7.5d 8b636391 661b67 s ???????? 002 /jenkins/script
5a639b9.28 8b636391 661b67 s ???????? 002 /login
5a639b9.6f 8b636391 661b67 h ???????? 001 //administrator
5a639b9.ef 8b636391 661b67 h ???????? 014 /joomla/administrator
5a639ba.03 8b636391 661b67 s ???????? 002 /jmx-console
5a639ba.60 8b636391 661b67 h ???????? 002 /cms/administrator
5a639ba.ca 8b636391 661b67 h ???????? 001 /Joomla/administrator
5a639bb.37 8b636391 661b67 h ???????? 001 /msd
5a639bb.e9 8b636391 661b67 s ???????? 015 /
5a639bc.a8 8b636391 661b67 h ???????? 001 /mySqlDumper
5a639bc.c7 8b636391 661b67 s ???????? 01a /
5a639bd.17 8b636391 661b67 h ???????? 001 /msd1.24stable
5a639bd.85 8b636391 661b67 h ???????? 001 /msd1.24.4
5a639bd.a6 8b636391 661b67 s ???????? 002 /manager/html
5a639bd.f9 8b636391 661b67 h ???????? 002 /mysqldumper
5a639be.73 8b636391 661b67 h ???????? 001 /MySQLDumper
5a639bf.88 8b636391 661b67 s ???????? 015 /
5a639bf.e3 8b636391 661b67 h ???????? 002 /mysql
5a639c0.52 8b636391 661b67 h ???????? 008 /sql
5a639c0.c2 8b636391 661b67 h ???????? 002 /cgi-bin/php
5a639c1.37 8b636391 661b67 h ???????? 002 /cgi-bin/php5
5a639c1.63 8b636391 661b67 s ???????? 016 /
5a639c1.a5 8b636391 661b67 h ???????? 008 /phpmyadmin
5a639c1.f4 adf9025a 028fc4 h ???????? 003 /wiki/SmartCar
5a639c2.4f 8b636391 661b67 s ???????? 002 /tomcat-cms/cmd.jsp
5a639c6.32 8b636391 661b67 s ???????? 017 /
5a639c7.0c 8b636391 661b67 s ???????? 018 /
5a639c7.de 8b636391 661b67 s ???????? 002 /dfn/nman.jsp
5a639c8.c7 8b636391 661b67 s ???????? 017 /
5a639ca.30 8b636391 661b67 h ???????? 016 /
5a639ca.c7 8b636391 661b67 h ???????? 002 /sqlite/main.php
5a639ca.c7 8b636391 661b67 s ???????? 014 /
5a639cb.3e 8b636391 661b67 h ???????? 001 /SQLite/SQLiteManager-1.2.4/main.php
5a639cb.ca 8b636391 661b67 h ???????? 002 /SQLiteManager-1.2.4/main.php
5a639cb.d4 8b636391 661b67 s ???????? 002 /dfn/df.jsp
5a639cc.3b 8b636391 661b67 h ???????? 002 /sqlitemanager/main.php
5a639cc.c3 8b636391 661b67 h ???????? 003 /SQlite/main.php
5a639cc.cf 8b636391 661b67 s ???????? 017 /
5a639cd.b8 8b636391 661b67 s ???????? 018 /
5a639ce.94 8b636391 661b67 s ???????? 009 /Catalina/df.jsp
5a639d0.36 8b636391 661b67 h ???????? 002 /SQLiteManager/main.php
5a639d0.ad 8b636391 661b67 h ???????? 002 /webdav
5a639d1.1e 8b636391 661b67 h ???????? 01a /
5a639d2.96 8b636391 661b67 h ???????? 01e /
5a639d4.11 8b636391 661b67 h ???????? 01c /
5a639d4.87 8b636391 661b67 h ???????? 002 //wp-login.php
5a639d6.16 8b636391 661b67 h ???????? 002 /wordpress/wp-login.php
5a639d6.90 8b636391 661b67 s ???????? 019 /
5a639d7.96 8b636391 661b67 s ???????? 002 /host/cmd.jsp
5a639d7.9d 8b636391 661b67 h ???????? 002 /wp/wp-login.php
5a639d8.14 8b636391 661b67 h ???????? 002 /blog/wp-login.php
5a639d8.8d 8b636391 661b67 s ???????? 033 /
5a639d8.a1 8b636391 661b67 h ???????? 002 /Wordpress/wp-login.php
5a639d9.6f 8b636391 661b67 s ???????? 020 /
5a639da.64 8b636391 661b67 s ???????? 01a /
5a639dc.31 8b636391 661b67 h ???????? 002 /Blog/wp-login.php
5a639e3.13 adf9025a 028fc4 h ???????? 003 /wiki/VladimirLenin
5a639f1.8b 8b636391 661b67 s ???????? 002 /Joomla/administrator
5a639f2.72 8b636391 661b67 s ???????? 002 /msd
5a639f3.5c 8b636391 661b67 s ???????? 003 /mySqlDumper
5a639f4.52 8b636391 661b67 s ???????? 002 /msd1.24stable
5a639f8.54 8b636391 661b67 s ???????? 003 /msd1.24.4
5a639fc.24 8b636391 661b67 s ???????? 002 /mysqldumper
5a639fd.2b 8b636391 661b67 s ???????? 002 /MySQLDumper
5a639ff.19 8b636391 661b67 s ???????? 002 /mysql
5a639ff.e2 8b636391 661b67 s ???????? 002 /sql
5a63a00.d8 8b636391 661b67 s ???????? 002 /cgi-bin/php
5a63a01.56 adf9025a 028fc4 h ???????? 004 /wiki/VladimirPutin
5a63a01.b8 8b636391 661b67 s ???????? 002 /cgi-bin/php5
5a63a03.95 8b636391 661b67 s ???????? 002 /phpmyadmin
5a63a04.70 8b636391 661b67 s ???????? 002 /phpMyAdmin
5a63a05.4c 8b636391 661b67 s ???????? 002 /mysql
5a63a07.3f 8b636391 661b67 s ???????? 002 /sql
5a63a08.3d 8b636391 661b67 s ???????? 002 /myadmin
5a63a09.40 8b636391 661b67 s ???????? 002 /phpMyAdmin-4.2.1-all-languages
5a63a0a.11 8b636391 661b67 s ???????? 003 /phpMyAdmin-4.2.1-english
5a63a0a.f2 8b636391 661b67 s ???????? 002 /xampp/phpmyadmin
5a63a0b.cb 8b636391 661b67 s ???????? 002 /typo3/phpmyadmin
5a63a0c.ba 8b636391 661b67 s ???????? 002 /webadmin
5a63a0d.a9 8b636391 661b67 s ???????? 019 /
5a63a0e.98 8b636391 661b67 s ???????? 002 /sqlite/main.php
5a63a0f.71 8b636391 661b67 s ???????? 002 /SQLite/SQLiteManager-1.2.4/main.php
5a63a10.3f 8b636391 661b67 s ???????? 003 /SQLiteManager-1.2.4/main.php
5a63a11.25 8b636391 661b67 s ???????? 002 /sqlitemanager/main.php
5a63a11.fd 8b636391 661b67 s ???????? 002 /SQlite/main.php
5a63a12.d6 8b636391 661b67 s ???????? 002 /SQLiteManager/main.php
5a63a13.c7 8b636391 661b67 s ???????? 002 /webdav
5a63a14.f4 8b636391 661b67 s ???????? 01e /
5a63a15.eb 8b636391 661b67 s ???????? 019 /
5a63a16.c3 8b636391 661b67 s ???????? 01d /
5a63a17.69 adf9025a 028fc4 h ???????? 004 /wiki/VolkerBeck
5a63a1a.98 8b636391 661b67 s ???????? 002 //wp-login.php
5a63a1e.72 8b636391 661b67 s ???????? 002 /wordpress/wp-login.php
5a63a22.4a 8b636391 661b67 s ???????? 002 /wp/wp-login.php
5a63a23.19 8b636391 661b67 s ???????? 003 /blog/wp-login.php
5a63a23.ec 8b636391 661b67 s ???????? 003 /Wordpress/wp-login.php
5a63a25.c7 8b636391 661b67 s ???????? 00d /Blog/wp-login.php
5a63a37.73 adf9025a 028fc4 h ???????? 004 /wiki/WiredMag
5a63a58.e9 adf9025a 028fc4 h ???????? 004 /wiki/WirkLich
5a63a77.a8 adf9025a 028fc4 h ???????? 004 /wiki/WirkSatz
5a63a96.56 adf9025a 028fc4 h ???????? 004 /wiki/WirtschaftsFoerderung
5a63ab2.58 adf9025a 028fc4 h ???????? 004 /wiki/WisDom
5a63ac9.28 adf9025a 028fc4 h ???????? 005 /wiki/WissensGesellschaft
5a63ae7.4c adf9025a 028fc4 h ???????? 004 /wiki/WissensManagement
5a63b0e.a1 adf9025a 028fc4 h ???????? 004 /wiki/WissensSucht
5a63b37.3a adf9025a 028fc4 h ???????? 004 /wiki/WolfgangLehner
5a63b4f.20 adf9025a 028fc4 h ???????? 003 /wiki/WolfgangOverath
5a63b6c.4f adf9025a 028fc4 h ???????? 005 /wiki/WolfgangUhr
5a63b91.2a adf9025a 028fc4 h ???????? 005 /wiki/WorkingBackwards
5a63ba8.ce adf9025a 028fc4 h ???????? 004 /wiki/WorldPopulation
5a63bca.de adf9025a 028fc4 h ???????? 004 /wiki/WorldSenate
5a63bfa.2f adf9025a 028fc4 h ???????? 005 /wiki/WorldThree
5a63bfa.d1 42f9598b 70a047 h ???????? 003 //rss.rdf
5a63c17.ca adf9025a 028fc4 h ???????? 004 /wiki/WorldUniversities
5a63c37.52 adf9025a 028fc4 h ???????? 004 /wiki/WortStamm
5a63c4e.28 adf9025a 028fc4 h ???????? 002 /robots.txt
5a63c64.ac adf9025a 028fc4 h ???????? 003 /rss.jsp
5a63c7a.a4 adf9025a 028fc4 h ???????? 003 /rss.jsp
5a63c91.4b adf9025a 028fc4 h ???????? 003 /rss.jsp
5a63ca2.ee adf9025a 028fc4 h ???????? 005 /wiki/ASmallWorld
5a63cc3.f6 adf9025a 028fc4 h ???????? 004 /wiki/AbBa
5a63ce0.55 42f94046 043937 h ???????? 004 /wiki/TierGarten
5a63ce6.37 adf9025a 028fc4 h ???????? 005 /wiki/AbMahn
5a63cff.43 adf9025a 028fc4 h ???????? 004 /wiki/AbiTur
5a63d21.a1 adf9025a 028fc4 h ???????? 004 /wiki/AbigailJohnson
5a63d4a.dc adf9025a 028fc4 h ???????? 005 /wiki/AnjaBesand
5a63d64.3f adf9025a 028fc4 h ???????? 005 /wiki/AnjaFliessbach
5a63d7e.4f adf9025a 028fc4 h ???????? 004 /wiki/AnjaMorgenschweis
5a63d9b.8c adf9025a 028fc4 h ???????? 004 /wiki/AnkeSevenich
5a63dae.3e 42f94046 043937 h ???????? 004 /wiki/AnAd
5a63db4.2e adf9025a 028fc4 h ???????? 004 /wiki/AnnaHebeda
5a63dcf.3e adf9025a 028fc4 h ???????? 005 /wiki/AnnaLenaSchiller
5a63de4.ec adf9025a 028fc4 h ???????? 004 /wiki/AnnaMariaScholz
5a63df7.d2 adf9025a 028fc4 h ???????? 005 /wiki/AnneWill
5a63e1d.70 adf9025a 028fc4 h ???????? 004 /wiki/AnneWojcicki
5a63e41.98 adf9025a 028fc4 h ???????? 004 /wiki/AnnettHering
5a63e61.1a 42f9404a 622963 h ???????? 004 /wiki/AlFr
5a63e61.a1 adf9025a 028fc4 h ???????? 005 /wiki/ArminMuehlhoff
5a63e7c.51 adf9025a 028fc4 h ???????? 005 /wiki/ArthurEAnderson
5a63e96.38 adf9025a 028fc4 h ???????? 004 /wiki/AshtonKutcher
5a63eb4.03 adf9025a 028fc4 h ???????? 005 /wiki/AsiMo
5a63ece.d0 adf9025a 028fc4 h ???????? 005 /wiki/AstroNaut
5a63ee7.6c adf9025a 028fc4 h ???????? 005 /wiki/AtIc
5a63f03.63 adf9025a 028fc4 h ???????? 004 /wiki/AtlanticOcean
5a63f2a.c5 adf9025a 028fc4 h ???????? 004 /wiki/AufMerk
5a63f56.cc adf9025a 028fc4 h ???????? 005 /wiki/AugsBurg
5a63f7c.51 adf9025a 028fc4 h ???????? 005 /wiki/AugustOetker2
5a63f9d.d4 adf9025a 028fc4 h ???????? 005 /wiki/AugustWilhelmScheer
5a63f9e.c4 558f7035 2f8861 h ???????? 004 /console
5a63f9f.10 558f7035 2f8861 h ???????? 003 /phpMyAdmin/scripts/setup.php
5a63f9f.5e 558f7035 2f8861 h ???????? 003 /phpmyadmin/scripts/setup.php
5a63f9f.ac 558f7035 2f8861 h ???????? 003 /scripts/setup.php
5a63f9f.fa 558f7035 2f8861 h ???????? 002 /pma/scripts/setup.php
5a63fa0.49 558f7035 2f8861 h ???????? 027 /
5a63fc4.da adf9025a 028fc4 h ???????? 004 /wiki/AugustusBruecke
5a63feb.b3 adf9025a 028fc4 h ???????? 005 /wiki/AugustusGarten
5a64005.84 adf9025a 028fc4 h ???????? 006 /wiki/AutHent
5a6401b.06 adf9025a 028fc4 h ???????? 004 /wiki/AutoBahn4
5a64032.e5 adf9025a 028fc4 h ???????? 005 /wiki/AxelKlarmann
5a6404b.10 42f94048 043937 h ???????? 006 /wiki/HaKe
5a6404e.78 adf9025a 028fc4 h ???????? 005 /wiki/AxelOckenfels
5a64062.93 adf9025a 028fc4 h ???????? 005 /wiki/AyersRock
5a64081.5e adf9025a 028fc4 h ???????? 004 /wiki/AynRand
5a6409e.96 adf9025a 028fc4 h ???????? 005 /wiki/AzrielRosenfeld
5a640ac.80 b44c0f90 a04d28 h ???????? 020 /
5a640ba.12 adf9025a 028fc4 h ???????? 005 /wiki/BaLanc
5a640d5.f3 adf9025a 028fc4 h ???????? 005 /wiki/BaSf
5a640ef.80 adf9025a 028fc4 h ???????? 005 /wiki/BaWue
5a640fb.78 42f9404a 043937 h ???????? 005 /wiki/JuCs
5a6410d.2c adf9025a 028fc4 h ???????? 006 /wiki/BigCo
5a64121.f7 8a7981e2 be37cc h ???????? 023 /
5a6412c.cf adf9025a 028fc4 h ???????? 005 /wiki/BigDipper
5a6413e.42 42f94052 043937 s ???????? 005 /wiki/LockSessionTopics
5a64148.58 adf9025a 028fc4 h ???????? 005 /wiki/BigDog
5a64165.02 adf9025a 028fc4 h ???????? 006 /wiki/BigFour
5a6417e.c7 adf9025a 028fc4 h ???????? 006 /wiki/BladeRunner
5a641a6.29 adf9025a 028fc4 h ???????? 002 /wiki/BlockHaus
5a641bb.0c adf9025a 028fc4 h ???????? 002 /wiki/BlogoScoped
5a641dc.83 adf9025a 028fc4 h ???????? 003 /wiki/BlueBrain
5a641fb.65 adf9025a 028fc4 h ???????? 002 /wiki/BlueWaters
5a64217.1b adf9025a 028fc4 h ???????? 002 /wiki/BmwWerkLeipzig
5a64230.f6 adf9025a 028fc4 h ???????? 002 /wiki/BobHooda
5a64251.81 adf9025a 028fc4 h ???????? 007 /wiki/BobRichards
5a64264.57 b7835332 3eedd1 h ???????? 002 /manager/html
5a64273.ef adf9025a 028fc4 h ???????? 002 /wiki/BrunoGiussani
5a6428e.94 adf9025a 028fc4 h ???????? 002 /wiki/BrusSels
5a642a7.2c adf9025a 028fc4 h ???????? 002 /wiki/BuckminsterFuller
5a642c4.99 42f94048 043937 h ???????? 002 /wiki/LeinFelden
5a642c4.c9 adf9025a 028fc4 h ???????? 002 /wiki/BurkhardSchwenker
5a642d8.14 42f94048 043937 h ???????? 003 /wiki/EvaDemski
5a642e0.d4 adf9025a 028fc4 h ???????? 002 /wiki/BusinessRebel
5a642f3.5e dd0be65d 6ec7ca h ???????? 013 /
5a642f3.95 dd0b3312 266422 h ???????? 001 www.baidu.com:443
5a642f5.47 011e1f8d 266422 h ???????? 001 cn.bing.com:443
5a642f7.62 7d2e9da3 6ec7ca h ???????? 014 /
5a642f9.9e dd0be604 6ec7ca h ???????? 001 /english/
5a642fa.79 65f9df9b 266422 h ???????? 002 www.voanews.com:443
5a642fa.d7 ab22daf0 6ec7ca h ???????? 015 /
5a642fe.ad adf9025a 028fc4 h ???????? 002 /wiki/BussUndBettag
5a64317.14 adf9025a 028fc4 h ???????? 003 /wiki/BwInf
5a64330.7e adf9025a 028fc4 h ???????? 008 /wiki/CLecFourM
5a6434d.b4 adf9025a 028fc4 h ???????? 002 /wiki/ChristophSchoenborn
5a6436c.e3 adf9025a 028fc4 h ???????? 003 /wiki/ChristophWaltz
5a64379.c9 d111606a 14defb h ???????? 018 /
5a64387.10 adf9025a 028fc4 h ???????? 003 /wiki/ClausHipp
5a643a7.12 adf9025a 028fc4 h ???????? 002 /wiki/DbPedia
5a643c3.87 adf9025a 028fc4 h ???????? 003 /wiki/DeMark
5a643e4.e1 adf9025a 028fc4 h ???????? 003 /wiki/DeepBlue
5a64407.39 adf9025a 028fc4 h ???????? 003 /wiki/DeutscheWerkstaettenHellerau
5a64440.28 adf9025a 028fc4 h ???????? 003 /wiki/DiaLog
5a64454.05 42f94046 043937 h ???????? 003 /wiki/SmallTalk
5a64469.e0 adf9025a 028fc4 h ???????? 003 /wiki/DieterZetsche
5a6448f.97 adf9025a 028fc4 h ???????? 002 /wiki/DietrichDoerner
5a644b4.62 adf9025a 028fc4 h ???????? 002 /wiki/NacktScanner
5a644c5.ae 42f9404a 043937 h ???????? 003 /wiki/KigaliInternationalAirport
5a644d8.1a adf9025a 028fc4 h ???????? 003 /wiki/NadiaZaboura
5a644e6.d3 4d4ccd84 2f8861 h ???????? 002 /console
5a644e8.15 4d4ccd84 2f8861 h ???????? 002 /phpMyAdmin/scripts/setup.php
5a644e8.39 4d4ccd84 2f8861 h ???????? 002 /phpmyadmin/scripts/setup.php
5a644e8.5a 4d4ccd84 2f8861 h ???????? 001 /scripts/setup.php
5a644e8.7c 4d4ccd84 2f8861 h ???????? 002 /pma/scripts/setup.php
5a644e9.9e 4d4ccd84 2f8861 h ???????? 014 /
5a644f5.40 adf9025a 028fc4 h ???????? 001 /robots.txt
5a6450b.97 adf9025a 028fc4 h ???????? 003 /wiki/JohnSmart
5a64534.80 adf9025a 028fc4 h ???????? 002 /wiki/JonathanSchwartz
5a6455c.e4 adf9025a 028fc4 h ???????? 003 /wiki/JoopVanOosterom
5a64580.5f adf9025a 028fc4 h ???????? 003 /wiki/MarcStiegler
5a645a4.07 adf9025a 028fc4 h ???????? 003 /wiki/MarioSixtus
5a645a8.d3 7530c9a9 2f8861 h ???????? 002 /phpMyAdmin-3.0.1.1/scripts/setup.php
5a645aa.84 7530c9a9 2f8861 h ???????? 002 /phpmyadmin3/scripts/setup.php
5a645d8.51 adf9025a 028fc4 h ???????? 002 /wiki/MarshallBrain
5a645fb.50 adf9025a 028fc4 h ???????? 003 /wiki/MartinGamnitzer
5a64612.0c adf9025a 028fc4 h ???????? 002 /robots.txt
5a64616.1b 42f94046 043937 h ???????? 004 /wiki/BrainSoup
5a64624.e0 adf9025a 028fc4 h ???????? 002 /wiki/BernhardGanter
5a64659.3a adf9025a 028fc4 h ???????? 003 /wiki/BernhardNebel
5a64688.b3 adf9025a 028fc4 h ???????? 003 /wiki/BibelleSebund
5a646af.7a adf9025a 028fc4 h ???????? 003 /wiki/BobMetcalfe
5a646cd.13 adf9025a 028fc4 h ???????? 003 /wiki/BobPetruska
5a646f9.05 adf9025a 028fc4 h ???????? 003 /wiki/BobbyValentino
5a64720.e2 adf9025a 028fc4 h ???????? 004 /wiki/BodoHombach
5a6472e.ca 42f94046 043937 h ???????? 003 /wiki/MaSi
5a64741.f8 42f94048 622963 h ???????? 002 /wiki/EuRo
5a64742.9a adf9025a 028fc4 h ???????? 002 /wiki/BonSpin
5a64761.0f adf9025a 028fc4 h ???????? 003 /wiki/BonhoefferPlatz
5a64787.10 adf9025a 028fc4 h ???????? 002 /wiki/BoonePickens
5a647ab.ef adf9025a 028fc4 h ???????? 003 /wiki/BorderLine
5a647d7.bb adf9025a 028fc4 h ???????? 003 /wiki/BotanischGarten
5a64804.8e adf9025a 028fc4 h ???????? 002 /wiki/BoundarySpanner
5a64809.21 42f94048 043937 h ???????? 003 /wiki/KarStadtDd
5a64825.82 adf9025a 028fc4 h ???????? 003 /wiki/BrCa1
5a6484d.3a adf9025a 028fc4 h ???????? 003 /wiki/BraGo
5a64877.08 adf9025a 028fc4 h ???????? 003 /wiki/BradFitzpatrick
5a6489a.ce adf9025a 028fc4 h ???????? 003 /wiki/BrandenburgerTor
5a648bc.a9 adf9025a 028fc4 h ???????? 004 /wiki/BrandynWebb
5a648e5.48 adf9025a 028fc4 h ???????? 003 /wiki/BrePettis
5a6490b.6c adf9025a 028fc4 h ???????? 002 /wiki/BretSwanson
5a64930.d2 adf9025a 028fc4 h ???????? 003 /wiki/BrianJohnson
5a6495c.4b adf9025a 028fc4 h ???????? 004 /wiki/ChristWelty
5a64983.a7 adf9025a 028fc4 h ???????? 003 /wiki/ChristianBey
5a649b4.84 adf9025a 028fc4 h ???????? 003 /wiki/GlobalGeld
5a649ba.2b 25bb382f e3b0c4 h ???????? 002 /robots.txt
5a649ba.4c 25bb382f 87f8b1 h ???????? 016 /
5a649bd.08 25bb382f 87f8b1 s ???????? 07b /hls
5a649bf.5a 25bb382f 87f8b1 s ???????? 085 /ls
5a649c2.1b 25bb382f 87f8b1 h ???????? 003 /wiki/GottfriedWilhelmLeibniz
5a649c4.3d 25bb382f 87f8b1 h ???????? 003 /wiki/AlanTuring
5a649e3.48 adf9025a 028fc4 h ???????? 004 /wiki/GodehardBruentrup
5a64a01.ef adf9025a 028fc4 h ???????? 003 /wiki/GodfriedAugenbroe
5a64a0c.d6 c8cec82a 702dd8 h ???????? 018 /
5a64a1f.41 42f94052 043937 s ???????? 004 /wiki/CamelCase
5a64a34.44 adf9025a 028fc4 h ???????? 003 /wiki/GoetzAlsmann
5a64a52.7d adf9025a 028fc4 h ???????? 003 /robots.txt
5a64a63.d0 adf9025a 028fc4 h ???????? 003 /wiki/SocialInnovation
5a64a83.6c adf9025a 028fc4 h ???????? 004 /wiki/SolYMar
5a64aa2.64 adf9025a 028fc4 h ???????? 002 /robots.txt
5a64ab0.97 adf9025a 028fc4 h ???????? 003 /wiki/SmRna
5a64ad9.15 adf9025a 028fc4 h ???????? 003 /wiki/StadtsparkasseDresden
5a64b09.1c adf9025a 028fc4 h ???????? 003 /wiki/SteinerStrasse19
5a64b37.68 adf9025a 028fc4 h ???????? 004 /wiki/SteveBallmer
5a64b5c.16 adf9025a 028fc4 h ???????? 003 /wiki/SusanFonsecaKlein
5a64b85.b7 adf9025a 028fc4 h ???????? 003 /wiki/TerraFugia
5a64baf.02 adf9025a 028fc4 h ???????? 008 /wiki/TonZijlstra
5a64bc8.ae 4e1f5834 702dd8 h ???????? 019 /
5a64bda.3c adf9025a 028fc4 h ???????? 003 /wiki/VolkerGraubaum
5a64c03.81 adf9025a 028fc4 h ???????? 004 /wiki/WernerVogels
5a64c22.c6 adf9025a 028fc4 h ???????? 004 /wiki/WernerWasserfuhr
5a64c45.96 42f94046 043937 h ???????? 003 /wiki/IchBinDrin
5a64c4d.27 adf9025a 028fc4 h ???????? 003 /wiki/WolfgangDonsbach
5a64c69.f3 adf9025a 028fc4 h ???????? 002 /robots.txt
5a64c81.cc adf9025a 028fc4 h ???????? 003 /rss.jsp
5a64ca5.ba adf9025a 028fc4 h ???????? 003 /rss.jsp
5a64ccb.1e adf9025a 028fc4 h ???????? 002 /rss.jsp
5a64cef.6e adf9025a 028fc4 h ???????? 002 /rss.jsp
5a64d06.1d adf9025a 028fc4 h ???????? 002 /rss.rdf
5a64d09.2b 42f94046 043937 h ???????? 004 /wiki/PeEs
5a64d23.97 adf9025a 028fc4 h ???????? 004 /wiki/AgileSaxony
5a64d4b.ad adf9025a 028fc4 h ???????? 003 /wiki/AlexandrePassant
5a64d7d.74 adf9025a 028fc4 h ???????? 003 /wiki/AnjuRupal
5a64daf.ae adf9025a 028fc4 h ???????? 003 /wiki/AnnekatrinKlepsch
5a64ddb.31 adf9025a 028fc4 h ???????? 003 /wiki/ApacheMaven
5a64e03.50 adf9025a 028fc4 h ???????? 003 /wiki/AroniaBeereEv
5a64e1b.6c adf9025a 028fc4 h ???????? 002 /robots.txt
5a64e37.42 adf9025a 028fc4 h ???????? 004 /wiki/MagicQuadrant
5a64f82.29 5fa3ff22 399ff9 h ???????? 002 /robots.txt
5a64f84.22 5fa3ff25 399ff9 h ???????? 003 /wiki/HaBaKi
5a64f85.a7 5fa3ff21 399ff9 h ???????? 003 /wiki/MindMark
5a64f87.45 5fa3ff27 399ff9 h ???????? 002 /edit/8536001
5a64f89.3a 5fa3ff26 399ff9 h ???????? 003 /wiki/ImPressum
5a64f8a.be 5fa3ff26 399ff9 h ???????? 002 /arb
5a64fc6.ee 42f94046 043937 h ???????? 004 /wiki/LifeStreams
5a65023.4b 42f94054 622963 s ???????? 004 /wiki/AlFr
5a65026.22 253b2c2b ffd63a h ???????? 002 /wp-login.php
5a65058.b0 253b2c2b ffd63a h ???????? 002 /robots.txt
5a650eb.0c 42f94048 043937 h ???????? 005 /wiki/SiLy
5a6515e.94 d11160da 14defb s ???????? 01c /
5a65254.cf 42f9404a 043937 h ???????? 003 /wiki/CranioSacral
5a65300.42 42f94050 043937 s ???????? 004 /wiki/MichaelGenesereth
5a65307.1e 42f94046 043937 h ???????? 005 /wiki/KaSch
5a653fd.43 42f9404a 043937 h ???????? 004 /wiki/VlaPu
5a654b9.5a 5631933e 702dd8 h ???????? 020 /
5a65516.fa bb4ac1a2 19c6c4 h ???????? 01e /
5a655a4.e0 42f9404a 043937 h ???????? 004 /wiki/SebastianDrichelt
5a65617.66 42f94046 043937 h ???????? 005 /wiki/BtcYsXF7TA
5a656a9.b1 a484db83 ef32ab h ???????? 025 /
5a6585a.97 42f94046 043937 h ???????? 004 /wiki/MdL
5a65914.f9 42f94048 622963 h ???????? 005 /wiki/UnTil
5a65944.ec 42f94046 043937 h ???????? 004 /wiki/WunschGast
5a6596d.41 42f9598b 70a047 h ???????? 004 //rss.rdf
5a65a0f.31 42f9404a 043937 h ???????? 004 /wiki/NooBai
5a65b10.06 672fda97 cedf5c h ???????? 020 /
5a65b2a.21 42f94048 622963 h ???????? 026 /
5a65bab.63 42f94046 043937 h ???????? 004 /wiki/MindCut
5a65be1.47 42f94052 043937 s ???????? 005 /wiki/CamelCaseGod
5a65d53.61 42f94048 043937 h ???????? 005 /wiki/LeRewe
5a65f2a.8d 42f9404a 043937 h ???????? 004 /wiki/OlPx
5a660fa.70 5fa3ff24 399ff9 h ???????? 003 /robots.txt
5a660fe.42 5fa3ff20 399ff9 h ???????? 004 /wiki/HauptHenkel
5a66100.74 5fa3ff27 399ff9 h ???????? 003 /wiki/BedBack
5a661d3.4d 42f94048 043937 h ???????? 004 /wiki/XingAg
5a661e5.b9 42f94046 622963 h ???????? 005 /wiki/IsMus
5a664d3.2d 42f94054 043937 s ???????? 005 /wiki/SilbenTrennung
5a6652e.3e 42f9404a 043937 h ???????? 004 /wiki/FbCredits
5a66702.60 42f9404a 043937 h ???????? 005 /wiki/WikiTchenTwo
5a667d1.ad 42f9404a 043937 h ???????? 005 /wiki/RondoMelange
5a667da.be 42f94046 043937 h ???????? 005 /wiki/WebZwoNull
5a66888.d9 42f9404a 043937 h ???????? 005 /wiki/WindowScreen
5a66a48.4c 42f94048 043937 h ???????? 005 /wiki/WoherKommtDerNamePlomlompom
5a66a54.51 d8f442f3 2e51d1 h ???????? 003 /robots.txt
5a66ac7.47 42f94054 622963 s ???????? 004 /wiki/IsMus
5a66b9e.a0 d8f442f3 2e51d1 h ???????? 005 /wiki/Nadia%20Zaboura
5a66c25.fb 42f9404a 043937 h ???????? 005 /wiki/PhilipSteffan
5a66cf3.fe d8f442f3 2e51d1 h ???????? 003 /ad
5a66da3.fd 42f94050 043937 s ???????? 006 /wiki/MichaelWooldridge
5a66daf.48 b93d5ca1 19c6c4 h ???????? 01f /
5a66db0.9d 42f94048 043937 h ???????? 005 /wiki/WikiQuellCodeLocalConfigPhp
5a66f7b.63 bb230592 be37cc h ???????? 027 /
5a66f91.99 42f94046 043937 h ???????? 004 /wiki/KatrinHussock
5a67107.68 771da790 1066b4 h ???????? 003 /webdav/
5a67107.f8 771da790 76230c h ???????? 002 /help.php
5a67108.e9 771da790 76230c h ???????? 002 /java.php
5a6710b.08 771da790 76230c h ???????? 002 /_query.php
5a6710b.64 771da790 76230c h ???????? 201 /test.php
5a6710f.4b 771da790 76230c h ???????? 001 /db_cts.php
5a6710f.98 771da790 76230c h ???????? 001 /db_pma.php
5a6710f.ec 771da790 76230c h ???????? 001 /logon.php
5a67110.3c 771da790 76230c h ???????? 001 /help-e.php
5a67110.8c 771da790 76230c h ???????? 001 /license.php
5a67112.dc 771da790 76230c h ???????? 001 /log.php
5a67113.2f 771da790 76230c h ???????? 001 /hell.php
5a67113.7e 771da790 76230c h ???????? 001 /pmd_online.php
5a67113.cd 771da790 76230c h ???????? 001 /x.php
5a67117.18 771da790 76230c h ???????? 001 /desktop.ini.php
5a67117.6b 771da790 76230c h ???????? 001 /z.php
5a67117.c1 771da790 76230c h ???????? 001 /lala.php
5a67118.84 771da790 76230c h ???????? 002 /lala-dpr.php
5a6711a.6b 771da790 76230c h ???????? 001 /wpo.php
5a6711a.e5 771da790 76230c h ???????? 001 /text.php
5a6711b.39 771da790 76230c h ???????? 002 /wp-config.php
5a6711b.8b 771da790 76230c h ???????? 001 /muhstik.php
5a6711b.db 771da790 76230c h ???????? 002 /muhstik2.php
5a6711c.af 771da790 76230c h ???????? 001 /muhstiks.php
5a6711e.a2 771da790 76230c h ???????? 001 /muhstik-dpr.php
5a6711e.f3 771da790 76230c h ???????? 001 /lol.php
5a6711f.45 771da790 76230c h ???????? 001 /uploader.php
5a6711f.99 771da790 76230c h ???????? 001 /cmd.php
5a6711f.ea 771da790 76230c h ???????? 001 /cmx.php
5a67120.3c 771da790 76230c h ???????? 001 /cmv.php
5a67120.8f 771da790 76230c h ???????? 001 /cmdd.php
5a67121.a2 771da790 76230c h ???????? 001 /knal.php
5a67122.ec 771da790 76230c h ???????? 001 /cmd.php
5a67123.d3 771da790 76230c h ???????? 002 /appserv.php
5a67124.2a 771da790 76230c h ???????? 001 /scripts/setup.php
5a67124.7c 771da790 76230c h ???????? 001 /phpmyadmin/scripts/setup.php
5a67125.73 771da790 76230c h ???????? 001 /phpMyAdmin/scripts/setup.php
5a67126.a9 771da790 76230c h ???????? 001 /phpmyadmin/scripts/db___.init.php
5a67126.fe 771da790 76230c h ???????? 002 /phpMyAdmin/scripts/db___.init.php
5a67127.51 771da790 76230c h ???????? 001 //plugins/weathermap/editor.php
5a67127.a8 771da790 76230c h ???????? 001 //cacti/plugins/weathermap/editor.php
5a67127.fe 771da790 84da83 h ???????? 001 /wuwu11.php
5a67128.dd 771da790 84da83 h ???????? 001 /xw.php
5a6712a.e8 771da790 84da83 h ???????? 002 /xw1.php
5a6712b.3c 771da790 84da83 h ???????? 001 /9678.php
5a6712b.93 771da790 84da83 h ???????? 001 /wc.php
5a6712b.ea 771da790 84da83 h ???????? 001 /xx.php
5a6712c.3d 771da790 84da83 h ???????? 002 /s.php
5a6712d.15 771da790 84da83 h ???????? 002 /w.php
5a6712f.80 771da790 84da83 h ???????? 002 /qaq.php
5a6712f.d6 771da790 84da83 h ???????? 001 /db.init.php
5a67130.2a 771da790 84da83 h ???????? 002 /db_session.init.php
5a67131.31 771da790 84da83 h ???????? 002 /db__.init.php
5a67132.e9 771da790 84da83 h ???????? 007 /wp-admins.php
5a67133.3d 771da790 84da83 h ???????? 002 /m.php
5a67133.91 771da790 84da83 h ???????? 001 /db_dataml.php
5a67133.e8 771da790 84da83 h ???????? 002 /db_desql.php
5a67134.40 771da790 84da83 h ???????? 001 /mx.php
5a67134.97 771da790 84da83 h ???????? 002 /wshell.php
5a67136.33 771da790 84da83 h ???????? 001 /xshell.php
5a67136.e9 771da790 84da83 h ???????? 001 /qq.php
5a67137.3d 771da790 84da83 h ???????? 001 /conflg.php
5a67137.90 771da790 84da83 h ???????? 006 /lindex.php
5a67137.e4 771da790 84da83 h ???????? 001 /phpstudy.php
5a67138.38 771da790 84da83 h ???????? 001 /phpStudy.php
5a67138.8d 771da790 84da83 h ???????? 001 /weixiao.php
5a67139.d8 771da790 84da83 h ???????? 002 /feixiang.php
5a6713a.eb 771da790 84da83 h ???????? 002 /ak47.php
5a6713b.3e 771da790 84da83 h ???????? 001 /ak48.php
5a6713b.91 771da790 84da83 h ???????? 002 /xiao.php
5a6713b.e5 771da790 84da83 h ???????? 001 /yao.php
5a6713c.3a 771da790 84da83 h ???????? 002 /defect.php
5a6713c.8e 771da790 84da83 h ???????? 001 /webslee.php
5a6713e.e7 771da790 84da83 h ???????? 001 /q.php
5a6713f.40 771da790 84da83 h ???????? 001 /pe.php
5a6713f.95 771da790 84da83 h ???????? 001 /hm.php
5a6713f.f0 771da790 84da83 h ???????? 001 /cainiao.php
5a67140.45 771da790 84da83 h ???????? 001 /zuoshou.php
5a67141.25 771da790 84da83 h ???????? 002 /zuo.php
5a67141.ad 771da790 84da83 h ???????? 002 /aotu.php
5a67142.e8 771da790 84da83 h ???????? 001 /cmd.php
5a67143.3d 771da790 84da83 h ???????? 001 /bak.php
5a67143.91 771da790 84da83 h ???????? 001 /system.php
5a67143.e6 771da790 84da83 h ???????? 002 /l6.php
5a67144.39 771da790 84da83 h ???????? 002 /l7.php
5a67145.25 771da790 84da83 h ???????? 002 /l8.php
5a67145.a6 771da790 84da83 h ???????? 002 /q.php
5a67146.df 771da790 84da83 h ???????? 002 /56.php
5a67147.3b 771da790 84da83 h ???????? 001 /mz.php
5a67147.94 771da790 84da83 h ???????? 002 /xx.php
5a67147.ed 771da790 84da83 h ???????? 002 /yumo.php
5a67148.46 771da790 84da83 h ???????? 002 /min.php
5a67149.1e 771da790 84da83 h ???????? 002 /wan.php
5a6714a.af 771da790 84da83 h ???????? 007 /wanan.php
5a6714b.0c 771da790 84da83 h ???????? 002 /ssaa.php
5a6714b.63 771da790 84da83 h ???????? 002 /qq.php
5a6714b.bb 771da790 84da83 h ???????? 002 /aw.php
5a6714c.13 771da790 84da83 h ???????? 01c /12.php
5a6714c.73 771da790 84da83 h ???????? 002 /hh.php
5a6714d.45 771da790 84da83 h ???????? 002 /ak.php
5a6714e.ed 771da790 84da83 h ???????? 001 /ip.php
5a6714f.43 771da790 84da83 h ???????? 04c /infoo.php
5a6714f.e7 771da790 84da83 h ???????? 002 /qq.php
5a67150.3f 771da790 84da83 h ???????? 002 /qwe.php
5a67150.99 771da790 84da83 h ???????? 014 /1213.php
5a67152.f0 771da790 84da83 h ???????? 002 /post.php
5a67153.47 771da790 84da83 h ???????? 001 /h1.php
5a67153.a2 771da790 84da83 h ???????? 0d8 /test.php
5a67157.29 771da790 84da83 h ???????? 002 /3.php
5a67157.80 771da790 84da83 h ???????? 001 /phpinfi.php
5a67157.d8 771da790 84da83 h ???????? 002 /aaaa.php
5a67158.30 771da790 84da83 h ???????? 002 /9510.php
5a67158.8c 771da790 84da83 h ???????? 002 /python.php
5a6715a.ea 771da790 84da83 h ???????? 002 /default.php
5a6715b.3f 771da790 84da83 h ???????? 002 /sean.php
5a6715b.9c 771da790 84da83 h ???????? 002 /app.php
5a6715b.f9 771da790 84da83 h ???????? 002 /help.php
5a6715c.56 771da790 84da83 h ???????? 002 /tiandi.php
5a6715d.40 771da790 84da83 h ???????? 002 /miao.php
5a6715e.13 771da790 84da83 h ???????? 002 /xz.php
5a6715e.b4 771da790 84da83 h ???????? 002 /linuxse.php
5a6715f.0d 771da790 84da83 h ???????? 002 /zuoindex.php
5a6715f.64 771da790 84da83 h ???????? 001 /zshmindex.php
5a6715f.ba 771da790 84da83 h ???????? 002 /tomcat.php
5a67160.12 771da790 84da83 h ???????? 002 /ceshi.php
5a67160.65 771da790 84da83 h ???????? 015 /1hou.php
5a67161.17 771da790 84da83 h ???????? 002 /boots.php
5a67163.8b 771da790 84da83 h ???????? 002 /s.php
5a67163.e6 771da790 84da83 h ???????? 002 /qw.php
5a67164.3d 771da790 84da83 h ???????? 0bf /test.php
5a67167.20 771da790 84da83 h ???????? 002 /caonma.php
5a67167.74 771da790 84da83 h ???????? 002 /ss.php
5a67167.cf 771da790 84da83 h ???????? 003 /wcp.php
5a67168.25 771da790 84da83 h ???????? 002 /uuu.php
5a67168.79 771da790 84da83 h ???????? 002 /sss.php
5a6716a.0e 771da790 84da83 h ???????? 014 /1.php
5a6716a.eb 771da790 84da83 h ???????? 002 /2.php
5a6716b.44 771da790 84da83 h ???????? 002 /qaz.php
5a6716c.36 771da790 84da83 h ???????? 016 /1.php
5a6716c.98 771da790 84da83 h ???????? 002 /confg.php
5a6716d.46 771da790 84da83 h ???????? 002 /ver.php
5a6716e.eb 771da790 84da83 h ???????? 002 /hack.php
5a6716f.48 771da790 84da83 h ???????? 002 /qa.php
5a6716f.a2 771da790 84da83 h ???????? 002 /Ss.php
5a6716f.fd 771da790 84da83 h ???????? 002 /xxx.php
5a67170.ec 771da790 84da83 h ???????? 002 /92.php
5a67172.ec 771da790 84da83 h ???????? 001 /z.php
5a67173.45 771da790 84da83 h ???????? 002 /xiaoma.php
5a67173.a2 771da790 84da83 h ???????? 002 /xiaomae.php
5a67173.fb 771da790 84da83 h ???????? 002 /xiaomar.php
5a67174.d6 771da790 84da83 h ???????? 002 /qq.php
5a67176.80 771da790 84da83 h ???????? 002 /data.php
5a67177.19 771da790 84da83 h ???????? 002 /log.php
5a67177.72 771da790 84da83 h ???????? 002 /fack.php
5a67177.ca 771da790 84da83 h ???????? 002 /angge.php
5a67178.24 771da790 dd31fa h ???????? 060 /index.php
5a6717a.eb 771da790 dd31fa h ???????? 001 /phpmyadmin/index.php
5a6717d.a6 771da790 dd31fa h ???????? 002 /phpmyadmin/index.php
5a6717e.7b 771da790 dd31fa h ???????? 001 /phpMyAdmin/index.php
5a67182.44 771da790 dd31fa h ???????? 002 /phpMyAdmin/index.php
5a67182.e9 771da790 dd31fa h ???????? 002 /pmd/index.php
5a67186.b1 771da790 dd31fa h ???????? 003 /pmd/index.php
5a67187.0b 771da790 dd31fa h ???????? 002 /pma/index.php
5a6718a.44 771da790 dd31fa h ???????? 002 /pma/index.php
5a6718a.f4 771da790 dd31fa h ???????? 002 /PMA/index.php
5a6718e.fb 771da790 dd31fa h ???????? 003 /PMA/index.php
5a6718f.58 771da790 dd31fa h ???????? 002 /PMA2/index.php
5a67192.18 771da790 dd31fa h ???????? 002 /PMA2/index.php
5a67192.ed 771da790 dd31fa h ???????? 002 /pmamy/index.php
5a67196.15 771da790 dd31fa h ???????? 002 /pmamy/index.php
5a67196.ed 771da790 dd31fa h ???????? 002 /pmamy2/index.php
5a6719a.22 771da790 dd31fa h ???????? 002 /pmamy2/index.php
5a6719a.f1 771da790 dd31fa h ???????? 002 /mysql/index.php
5a6719d.e4 771da790 dd31fa h ???????? 002 /mysql/index.php
5a6719e.ee 771da790 dd31fa h ???????? 002 /admin/index.php
5a671a1.e3 771da790 dd31fa h ???????? 002 /admin/index.php
5a671a2.e7 771da790 dd31fa h ???????? 001 /db/index.php
5a671a6.1b 771da790 dd31fa h ???????? 002 /db/index.php
5a671a6.b3 771da790 dd31fa h ???????? 002 /dbadmin/index.php
5a671a9.b4 771da790 dd31fa h ???????? 002 /dbadmin/index.php
5a671aa.ec 771da790 dd31fa h ???????? 002 /web/phpMyAdmin/index.php
5a671ae.46 771da790 dd31fa h ???????? 001 /web/phpMyAdmin/index.php
5a671ae.f0 771da790 dd31fa h ???????? 002 /admin/pma/index.php
5a671b2.f4 771da790 dd31fa h ???????? 009 /admin/pma/index.php
5a671b3.4d 771da790 dd31fa h ???????? 002 /admin/PMA/index.php
5a671b5.b1 771da790 dd31fa h ???????? 002 /admin/PMA/index.php
5a671b6.e2 771da790 dd31fa h ???????? 002 /admin/mysql/index.php
5a671b9.80 771da790 dd31fa h ???????? 002 /admin/mysql/index.php
5a671ba.f3 771da790 dd31fa h ???????? 002 /admin/mysql2/index.php
5a671bd.f1 771da790 dd31fa h ???????? 003 /admin/mysql2/index.php
5a671be.8d 771da790 dd31fa h ???????? 002 /admin/phpmyadmin/index.php
5a671c2.b5 771da790 dd31fa h ???????? 002 /admin/phpmyadmin/index.php
5a671c3.12 771da790 dd31fa h ???????? 002 /admin/phpMyAdmin/index.php
5a671c4.aa 42f94046 043937 h ???????? 019 /
5a671c5.b8 771da790 dd31fa h ???????? 002 /admin/phpMyAdmin/index.php
5a671c6.e9 771da790 dd31fa h ???????? 002 /admin/phpmyadmin2/index.php
5a671ca.53 771da790 dd31fa h ???????? 002 /admin/phpmyadmin2/index.php
5a671ca.ed 771da790 dd31fa h ???????? 002 /mysqladmin/index.php
5a671ce.7c 771da790 dd31fa h ???????? 002 /mysqladmin/index.php
5a671ce.f0 771da790 dd31fa h ???????? 002 /mysql-admin/index.php
5a671d2.51 771da790 dd31fa h ???????? 002 /mysql-admin/index.php
5a671d2.f0 771da790 dd31fa h ???????? 003 /phpadmin/index.php
5a671d5.b4 771da790 dd31fa h ???????? 003 /phpadmin/index.php
5a671d6.1e 771da790 dd31fa h ???????? 002 /phpAdmin/index.php
5a671da.1d 771da790 dd31fa h ???????? 002 /phpAdmin/index.php
5a671da.f3 771da790 dd31fa h ???????? 003 /phpmyadmin0/index.php
5a671de.7e 771da790 dd31fa h ???????? 002 /phpmyadmin0/index.php
5a671de.f1 771da790 dd31fa h ???????? 002 /phpmyadmin1/index.php
5a671e1.82 771da790 dd31fa h ???????? 002 /phpmyadmin1/index.php
5a671e2.8a 771da790 dd31fa h ???????? 003 /phpmyadmin2/index.php
5a671e6.1c 771da790 dd31fa h ???????? 002 /phpmyadmin2/index.php
5a671e6.e8 771da790 dd31fa h ???????? 002 /myadmin/index.php
5a671e9.b5 771da790 dd31fa h ???????? 002 /myadmin/index.php
5a671ea.fa 771da790 dd31fa h ???????? 002 /myadmin2/index.php
5a671ee.eb 771da790 dd31fa h ???????? 002 /myadmin2/index.php
5a671ef.4b 771da790 dd31fa h ???????? 002 /xampp/phpmyadmin/index.php
5a671f1.e6 771da790 dd31fa h ???????? 002 /xampp/phpmyadmin/index.php
5a671f2.f6 771da790 dd31fa h ???????? 00a /phpMyadmin_bak/index.php
5a671f5.ef 771da790 dd31fa h ???????? 003 /phpMyadmin_bak/index.php
5a671f6.bc 771da790 dd31fa h ???????? 003 /www/phpMyAdmin/index.php
5a671fa.1d 771da790 dd31fa h ???????? 003 /www/phpMyAdmin/index.php
5a671fa.fa 771da790 dd31fa h ???????? 002 /tools/phpMyAdmin/index.php
5a671fd.80 771da790 dd31fa h ???????? 002 /tools/phpMyAdmin/index.php
5a671fe.f2 771da790 dd31fa h ???????? 003 /phpmyadmin-old/index.php
5a67201.80 771da790 dd31fa h ???????? 002 /phpmyadmin-old/index.php
5a67202.f6 771da790 dd31fa h ???????? 002 /phpMyAdminold/index.php
5a67206.f6 771da790 dd31fa h ???????? 003 /phpMyAdminold/index.php
5a67207.56 771da790 dd31fa h ???????? 002 /phpMyAdmin.old/index.php
5a6720a.f6 771da790 dd31fa h ???????? 003 /phpMyAdmin.old/index.php
5a6720b.51 771da790 dd31fa h ???????? 002 /pma-old/index.php
5a6720e.eb 771da790 dd31fa h ???????? 002 /pma-old/index.php
5a6720f.48 771da790 dd31fa h ???????? 002 /claroline/phpMyAdmin/index.php
5a67212.f9 771da790 dd31fa h ???????? 002 /claroline/phpMyAdmin/index.php
5a67213.58 771da790 dd31fa h ???????? 003 /typo3/phpmyadmin/index.php
5a67216.b6 771da790 dd31fa h ???????? 003 /typo3/phpmyadmin/index.php
5a67217.1b 771da790 dd31fa h ???????? 003 /phpma/index.php
5a67219.ba 771da790 dd31fa h ???????? 003 /phpma/index.php
5a6721a.54 771da790 dd31fa h ???????? 002 /phpmyadmin/phpmyadmin/index.php
5a6721e.b9 771da790 dd31fa h ???????? 002 /phpmyadmin/phpmyadmin/index.php
5a6721f.22 771da790 dd31fa h ???????? 003 /phpMyAdmin/phpMyAdmin/index.php
5a67222.f9 771da790 dd31fa h ???????? 003 /phpMyAdmin/phpMyAdmin/index.php
5a67223.5b 771da790 dd31fa h ???????? 002 /v/index.php
5a67226.25 771da790 dd31fa h ???????? 003 /v/index.php
5a67226.fb 771da790 dd31fa h ???????? 002 /phpmyadm1n/index.php
5a6722a.ea 771da790 dd31fa h ???????? 002 /phpmyadm1n/index.php
5a6722b.47 771da790 dd31fa h ???????? 003 /phpMyAdm1n/index.php
5a6722e.89 771da790 dd31fa h ???????? 002 /phpMyAdm1n/index.php
5a67241.42 42f94046 043937 h ???????? 00e /wiki/PostPrivacyWorkshopJosefstal
5a673a8.54 42f94050 622963 s ???????? 005 /wiki/GeoOs
5a67410.c1 5fa3ff20 399ff9 h ???????? 003 /robots.txt
5a67418.21 5fa3ff20 399ff9 h ???????? 004 /wiki/SuHe
5a6741d.c3 5fa3ff20 399ff9 h ???????? 004 /wiki/VerFassung
5a67423.78 5fa3ff22 399ff9 h ???????? 003 /wiki/WebChat
5a6742a.6b 5fa3ff26 399ff9 h ???????? 006 /wiki/SingularityUniversity%20
5a67430.f4 5fa3ff24 399ff9 h ???????? 004 /NoOs
5a674b6.66 42f94046 043937 h ???????? 006 /wiki/AlphonseFrancoisMarquisDeSade
5a674df.6d b44c0f05 a04d28 h ???????? 004 /wiki/LockTeam
5a67594.45 42f94046 043937 h ???????? 005 /wiki/GrundEinkommen
5a67685.52 42f94050 043937 s ???????? 005 /wiki/ApMl
5a67686.2d 42f9598b 70a047 h ???????? 003 //rss.rdf
5a678cb.e4 a51025b4 19c6c4 h ???????? 023 /
5a678d4.d7 42f94046 043937 h ???????? 00f /wiki/UeberDenUmgang
5a6799e.2f 42f94046 043937 h ???????? 004 /wiki/GeWiss
5a67a2b.23 c73a56d1 028fc4 h ???????? 003 //robots.txt
5a67a2f.30 c73a56d1 028fc4 h ???????? 01e /
5a67b40.d9 42f94054 622963 s ???????? 020 /
5a67b99.60 25eb934a 19c6c4 h ???????? 01f /
5a67c5e.18 42f9404a 043937 h ???????? 005 /wiki/WikiQuellCodeLocalAutoLink2Php
5a67c89.3c 42f94052 622963 s ???????? 005 /wiki/UnTil
5a67da1.22 cebd7d17 cedf5c h ???????? 020 /
5a67eef.fb 2e117202 2f8861 h ???????? 003 /console
5a67ef0.2e 2e117202 2f8861 h ???????? 003 /phpMyAdmin/scripts/setup.php
5a67ef0.61 2e117202 2f8861 h ???????? 002 /phpmyadmin/scripts/setup.php
5a67ef0.94 2e117202 2f8861 h ???????? 00c /scripts/setup.php
5a67ef0.cf 2e117202 2f8861 h ???????? 003 /pma/scripts/setup.php
5a67ef1.03 2e117202 2f8861 h ???????? 020 /
5a67f66.4d 42f94050 043937 s ???????? 005 /wiki/AaAb
5a67fef.7f 42f94048 622963 h ???????? 021 /
5a67ff2.bd 42f9404a 622963 h ???????? 01d /feel/10
5a6807d.63 5f6cb561 e4b041 h ???????? 004 /robots.txt
5a68081.1c 5f6cb561 e4b041 h ???????? 021 /
5a68243.55 42f94048 043937 h ???????? 005 /wiki/StanfordEncyclopediaOfPhilosophy
5a68307.23 946678d0 2f8861 h ???????? 003 /phpMyAdmin-3.0.1.1/scripts/setup.php
5a68476.06 9445433d 2f8861 h ???????? 003 /phpMyAdmin-3.0.1.1/scripts/setup.php
5a68477.c1 9445433d 2f8861 h ???????? 003 /phpmyadmin3/scripts/setup.php
5a6847f.5c b44c0f0c a04d28 h ???????? 003 /FloatingBoats
5a6856a.20 42f94046 622963 h ???????? 006 /wiki/InVerse
5a685cc.b0 42f94048 043937 h ???????? 005 /wiki/GeoEngineering
5a687b7.5d 55d6625a 61d76e h ???????? 01f /
5a687bb.da 55d6625a 61d76e h ???????? 003 /alive/4
5a687bb.df 55d6625a 61d76e h ???????? 003 /feel/4
5a687bf.e6 55d6625a 61d76e h ???????? 006 /feel/8
5a687bf.e6 55d6625a 61d76e h ???????? 007 /alive/8
5a68847.9d 42f94050 043937 s ???????? 006 /wiki/AaBb
5a6884f.9c 42f94048 043937 h ???????? 005 /wiki/PostwarAHistoryOfEuropeSince1945
5a688b7.1a d8f442f3 2e51d1 h ???????? 003 /robots.txt
5a6893d.f8 d8f442f3 2e51d1 h ???????? 005 /wiki/MindShop
5a68b61.96 42f94048 043937 h ???????? 005 /wiki/FbLeak
5a68bd9.62 42f9404a 043937 h ???????? 005 /wiki/MattiasMiksche
5a68cc1.68 42f9404a 043937 h ???????? 006 /wiki/MmIx
5a68cce.cb d8f442f3 2e51d1 h ???????? 006 /wiki/StCcg
5a68db8.f9 2df82903 cedf5c h ???????? 02a /
5a68de6.36 bb0115da 19c6c4 h ???????? 01e /
5a68e4b.26 42f94046 622963 h ???????? 005 /wiki/GnuFdl
5a68f8a.5f 5fa3ff23 399ff9 h ???????? 003 /robots.txt
5a68f8c.ee 5fa3ff23 399ff9 h ???????? 005 /wiki/ParDon
5a68f8f.20 5fa3ff25 399ff9 h ???????? 005 /wiki/TuerAn
5a69128.55 42f94054 043937 s ???????? 005 /wiki/EmEr
5a691b3.36 42f94046 043937 h ???????? 006 /wiki/TwitterHistory
5a692d9.98 d8f442f3 2e51d1 h ???????? 002 /robots.txt
5a6934c.8c d8f442f3 2e51d1 h ???????? 001 /rss.rdf
5a69361.a5 d8f442f3 2e51d1 h ???????? 002 /wiki/MindWiki
5a6937e.12 42f9404a 043937 h ???????? 002 /wiki/LeObi
5a693c6.00 42f95989 70a047 h ???????? 001 //rss.rdf
5a69491.33 42f9404a 043937 h ???????? 002 /wiki/UnLike
5a69703.ec 42f94046 043937 h ???????? 003 /wiki/KommSuesserTod
5a69734.9a 42f94050 622963 s ???????? 002 /wiki/ReFrame
5a6977a.1d d8f442f3 2e51d1 h ???????? 003 /wiki/EinfachMachen
5a698c5.26 2d47e403 19c6c4 h ???????? 013 /
5a698c7.83 42f94046 043937 h ???????? 002 /wiki/SparCle
5a699e0.88 42f94048 043937 h ???????? 013 /
5a69a05.62 4e2e6a59 2f8861 h ???????? 002 /console
5a69a05.85 4e2e6a59 2f8861 h ???????? 001 /phpMyAdmin/scripts/setup.php
5a69a05.a5 4e2e6a59 2f8861 h ???????? 001 /phpmyadmin/scripts/setup.php
5a69a05.c5 4e2e6a59 2f8861 h ???????? 001 /scripts/setup.php
5a69a05.e8 4e2e6a59 2f8861 h ???????? 002 /pma/scripts/setup.php
5a69a06.0d 4e2e6a59 2f8861 h ???????? 011 /
5a69a09.35 42f94052 043937 s ???????? 002 /wiki/BeTa
5a69a30.4b 42f94048 ab3bd9 h ???????? 001 /feel/4
5a69a5f.ef 42f9404a 043937 h ???????? 002 /wiki/MichelleThorne
5a69b4f.0c 42f94046 043937 h ???????? 004 /wiki/MurderSheWrote
5a69b58.37 42f9530a 3e1e22 h ???????? 015 /
5a69b58.9e 42f95308 3e1e22 h ???????? 001 /favicon.ico
5a69b62.8c 426607d4 3e1e22 h ???????? 012 /
5a69b62.e4 426607d2 3e1e22 h ???????? 001 /favicon.ico
5a69c1e.15 42f9404a 043937 h ???????? 002 /wiki/ZuFuJack
5a69cd2.ad d8f442f3 2e51d1 h ???????? 001 /robots.txt
5a69d21.e7 42f94046 043937 h ???????? 002 /wiki/CycloTron
5a69d24.cd 42f9404a 043937 h ???????? 003 /wiki/LoicLeMeur
5a69e4a.02 8ba271cc 12bd58 s ???????? 01d /
5a6a00d.ee 42f94054 622963 s ???????? 003 /wiki/CduWiki
5a6a0a7.48 d8f442f3 2e51d1 h ???????? 003 /wiki/VerFassung
5a6a166.86 d8f442f3 2e51d1 h ???????? 003 /wiki/BeautiFul
5a6a16a.13 42f94046 043937 h ???????? 003 /wiki/DerKnochenmann
5a6a239.09 42f94046 043937 h ???????? 003 /wiki/KimEricDrexler
5a6a2f3.43 42f94050 043937 s ???????? 003 /wiki/AmDe
5a6a3d7.dc 5fa3ff23 399ff9 h ???????? 002 /robots.txt
5a6a3da.3d 5fa3ff26 399ff9 h ???????? 002 /wiki/ReDo
5a6a3dc.51 5fa3ff24 399ff9 h ???????? 002 /wiki/FreeSlots
5a6a3de.f0 5fa3ff27 399ff9 h ???????? 002 /wiki/ShookHands
5a6a3e1.46 5fa3ff22 399ff9 h ???????? 003 /wiki/DiNe
5a6a41e.87 42f9404a 043937 h ???????? 003 /wiki/TheJoyToBeUsed
5a6a46c.5e b2ef943f 702dd8 h ???????? 014 /
5a6a51f.7b 7b7d43a0 7bc0a6 h ???????? 026 /
5a6a51f.7a 7b7d4754 a04d28 h ???????? 029 /
5a6a6c7.f8 d8f442f3 2e51d1 h ???????? 002 /robots.txt
5a6a740.d2 d8f442f3 2e51d1 h ???????? 003 /wiki/ChristianHeller
5a6a772.3d 42f9404a 043937 h ???????? 003 /wiki/GustavVonSydow
5a6a8ef.3d 42f94052 622963 s ???????? 003 /wiki/SpdWiki
5a6aab5.aa 42f94048 043937 h ???????? 003 /wiki/PreSencing
5a6ab85.14 d8f442f3 2e51d1 h ???????? 003 /wiki/KlappenText
5a6abcb.e7 42f94050 043937 s ???????? 003 /wiki/AaAc
5a6ac98.11 42f94046 043937 h ???????? 003 /wiki/DieWahlDerQual
5a6aee8.42 42f94046 043937 h ???????? 003 /wiki/NateTurner
5a6af1c.72 42f94048 043937 h ???????? 003 /wiki/LifeCellOne
5a6b0ba.c2 42f95989 70a047 h ???????? 002 //rss.rdf
5a6b0c7.c8 42f94048 043937 h ???????? 004 /wiki/GuttenBerg
5a6b198.e9 42f94048 043937 h ???????? 003 /wiki/BenAffleck
5a6b1d0.2e 42f94052 622963 s ???????? 003 /wiki/RadiKal
5a6b377.3d 42f94054 043937 s ???????? 003 /wiki/EcZwo
5a6b4ad.49 42f94050 043937 s ???????? 005 /wiki/NaNa
5a6b503.75 42f94046 043937 h ???????? 003 /wiki/ErfindungDesIch
5a6b5d8.60 42f9404a 043937 h ???????? 004 /wiki/LuzandraStrassburg
5a6b6bd.55 42f94048 043937 h ???????? 003 /wiki/EcZwo
5a6b860.63 42f9404a 043937 h ???????? 003 /wiki/DionHinchcliffe
5a6b8a3.3c 5fa3ff26 399ff9 h ???????? 002 /robots.txt
5a6b8a8.e4 5fa3ff27 399ff9 h ???????? 003 /wiki/MargittaKorn
5a6b8af.1e 5fa3ff21 399ff9 h ???????? 002 /wiki/AmTor
5a6b8b4.6b 5fa3ff21 399ff9 h ???????? 003 /wiki/MartinOne
5a6b8ba.21 5fa3ff26 399ff9 h ???????? 002 /wiki/516001
5a6b8be.c8 5fa3ff25 399ff9 h ???????? 003 /wiki/SchutzHack
5a6b8c2.8f 5fa3ff27 399ff9 h ???????? 001 /cast/706001
5a6b8c5.a7 5fa3ff26 399ff9 h ???????? 002 /wiki/HerzTorte
5a6b94d.df 42f9598b 70a047 h ???????? 002 //rss.rdf
5a6b973.10 42f94048 043937 h ???????? 003 /wiki/HercynianForest
5a6bab1.42 42f94052 622963 s ???????? 003 /wiki/PreDict
5a6baef.3f d8f442f3 2e51d1 h ???????? 001 /robots.txt
5a6bb2a.b9 42f94048 043937 h ???????? 003 /wiki/DrewBartkiewicz
5a6bbe8.35 d8f442f3 2e51d1 h ???????? 003 /edit
5a6bc11.cd 42f9404a 043937 h ???????? 003 /wiki/BerndSaupe
5a6bc2d.c4 d8f442f3 2e51d1 h ???????? 003 /wiki/ChristianGuenzl
5a6bcd9.8e bc676d22 5ec1d2 h ???????? 003 /wiki/PieschenRoboticsAlmost
5a6bcec.d4 42f9404a 043937 h ???????? 003 /wiki/ChrisBrown
5a6bd8e.4b 42f94054 043937 s ???????? 003 /wiki/AaBc
5a6bf2e.ab c68f9b8b ce42d0 h ???????? 002 /t
5a6bfe5.d7 42f94046 043937 h ???????? 004 /wiki/FaFSneakPreview
5a6c0ab.9b 42f94048 043937 h ???????? 004 /wiki/InspiredBy
5a6c10b.97 42f94048 043937 h ???????? 004 /wiki/KatharinaScheerer
5a6c3bf.18 42f94054 622963 s ???????? 003 /wiki/InVerse
5a6c48d.42 42f94048 043937 h ???????? 003 /wiki/MScottPeck
5a6c4e0.d6 d8f442f3 2e51d1 h ???????? 003 /robots.txt
5a6c5c7.cc d8f442f3 2e51d1 h ???????? 003 /edit/41245001
5a6c618.41 42f94046 043937 h ???????? 003 /wiki/UnternehmerGeist
5a6c636.78 42f94048 043937 h ???????? 004 /wiki/ArschAufGrundeis
5a6c648.0c d8f442f3 2e51d1 h ???????? 004 /wiki/LockMission
5a6c66f.36 42f94050 043937 s ???????? 003 /wiki/LaNu
5a6c6dd.c9 bc676d22 5ec1d2 s ???????? 017 /
5a6c73c.b2 42f94046 043937 h ???????? 003 /wiki/LinkDontCopy
5a6c8cd.e7 42f9404a 043937 h ???????? 004 /wiki/JosefBierbichler
5a6cab1.17 ac69cacd cedf5c h ???????? 023 /
5a6cb5b.35 42f94048 043937 h ???????? 004 /wiki/SozialDemokratie
5a6cc52.f9 42f94046 043937 h ???????? 003 /wiki/LanguageOfThought
5a6cc73.9d 42f94046 622963 h ???????? 003 /wiki/QeD
5a6cd1a.07 5fa3ff21 399ff9 h ???????? 003 /robots.txt
5a6cd1d.b5 5fa3ff24 399ff9 h ???????? 003 /wiki/EtTag
5a6cd21.5a 5fa3ff23 399ff9 h ???????? 003 /wiki/CoraHobby
5a6cd24.a9 5fa3ff26 399ff9 h ???????? 002 /im
5a6cd27.d5 5fa3ff21 399ff9 h ???????? 003 /wiki/OasIs
5a6cdf7.64 42f94048 043937 h ???????? 004 /wiki/ReSakralisierung
5a6ce51.95 42f9598b 70a047 h ???????? 002 //rss.rdf
5a6cecd.fb d8f442f3 2e51d1 h ???????? 002 /robots.txt
5a6cf7d.15 42f94050 043937 s ???????? 009 /wiki/NaDa
5a6cf7d.1a 42f94052 043937 s ???????? 002 /robots.txt
5a6d001.11 42f94048 043937 h ???????? 002 /robots.txt
5a6d021.46 d8f442f3 2e51d1 h ???????? 003 /wiki/PsychischeGesundheit
5a6d0aa.51 42f9404a 043937 h ???????? 003 /wiki/TwoWeeksInAmerica
5a6d10d.18 42f94046 043937 h ???????? 003 /PageInfo.jsp
5a6d231.61 42f94046 043937 h ???????? 003 /wiki/JohnHolland
5a6d26e.f1 42f9404a 043937 h ???????? 004 /wiki/DuPont
5a6d325.97 42f9404a 043937 h ???????? 004 /wiki/SingularCareTaker
5a6d411.82 42f94048 043937 h ???????? 004 /wiki/MindAuction
5a6d4af.9f 42f9461b 043937 s ???????? 003 /robots.txt
5a6d4cf.df 42f9404a 043937 h ???????? 004 /wiki/PaelzerStubb
5a6d555.0f 42f94048 622963 h ???????? 004 /wiki/SciFi
5a6d611.94 8ba26ab5 12bd58 h ???????? 01b /
5a6d75f.81 42f9404a 043937 h ???????? 004 /wiki/GudrunPeltz
5a6d795.c3 bae95e6a 2f8861 h ???????? 003 /phpMyAdmin-3.0.1.1/scripts/setup.php
5a6d796.84 bae95e6a 2f8861 h ???????? 002 /phpmyadmin3/scripts/setup.php
5a6d7bc.01 57eec033 2f8861 h ???????? 004 /console
5a6d7bc.2a 57eec033 2f8861 h ???????? 002 /phpMyAdmin/scripts/setup.php
5a6d7bc.53 57eec033 2f8861 h ???????? 002 /phpmyadmin/scripts/setup.php
5a6d7bc.7e 57eec033 2f8861 h ???????? 002 /scripts/setup.php
5a6d7bc.a9 57eec033 2f8861 h ???????? 002 /pma/scripts/setup.php
5a6d7bc.d1 57eec033 2f8861 h ???????? 02a /
5a6d831.f9 42f94054 043937 s ???????? 005 /wiki/NuIt
5a6d858.e2 42f94046 043937 h ???????? 003 /wiki/HistoiresDuCinema
5a6d945.e9 42f9404a 043937 h ???????? 004 /wiki/NewsAndWeatherApp
5a6da0d.6e 42f9404a 043937 h ???????? 004 /wiki/DasEgoistischeMem
5a6dc88.f9 42f9404a 043937 h ???????? 004 /wiki/WirNennenEsArbeit
5a6dd76.09 9d37271b 6a88e8 h ???????? 003 //robots.txt
5a6de36.15 42f9404a 622963 h ???????? 004 /wiki/DiaLog
5a6dead.3d 42f94048 043937 h ???????? 005 /wiki/VolkerHelas
5a6dfee.36 42f94046 043937 h ???????? 004 /wiki/BerndNeumann
5a6e113.45 42f94050 043937 s ???????? 004 /wiki/GiEr
5a6e1dd.29 42f94046 043937 h ???????? 004 /wiki/MeikeRedlich
5a6e2fc.35 d8f442f3 2e51d1 h ???????? 003 /robots.txt
5a6e317.5d 42f94046 043937 h ???????? 003 /wiki/NegativeIncomeTax
5a6e39c.d1 42f9404a 043937 h ???????? 004 /wiki/JensNebendahl
5a6e3d2.0f 8a3b1192 2f8861 h ???????? 003 /console
5a6e3d2.97 8a3b1192 2f8861 h ???????? 002 /phpMyAdmin/scripts/setup.php
5a6e3d3.23 8a3b1192 2f8861 h ???????? 002 /phpmyadmin/scripts/setup.php
5a6e3d3.b3 8a3b1192 2f8861 h ???????? 003 /scripts/setup.php
5a6e3d4.34 8a3b1192 2f8861 h ???????? 002 /pma/scripts/setup.php
5a6e3d4.b8 8a3b1192 2f8861 h ???????? 01c /
5a6e432.60 42f9404a 043937 h ???????? 005 /wiki/TotHolz
5a6e4a1.f2 05bcd232 9e0120 h ???????? 003 /echo.php
5a6e52a.eb 5fa3ff26 399ff9 h ???????? 003 /robots.txt
5a6e532.f3 42f94046 043937 h ???????? 004 /wiki/RobertKowalski
5a6e53b.10 5fa3ff27 399ff9 h ???????? 004 /wiki/GooWiki
5a6e53f.b3 5fa3ff23 399ff9 h ???????? 004 /wiki/GoogleWatch
5a6e543.94 5fa3ff25 399ff9 h ???????? 004 /wiki/WegenDir
5a6e547.ec 5fa3ff21 399ff9 h ???????? 004 /wiki/EdnaParker
5a6e54b.b2 5fa3ff23 399ff9 h ???????? 005 /wiki/KreuzKirche
5a6e54f.31 5fa3ff24 399ff9 h ???????? 003 /wiki/AnFang
5a6e552.a3 5fa3ff25 399ff9 h ???????? 004 /wiki/MaxWeber
5a6e704.d7 42f94048 043937 h ???????? 004 /wiki/GottfriedKeller
5a6e717.38 42f94050 622963 s ???????? 003 /wiki/DerKunde
5a6e77d.e1 d8f442f3 2e51d1 h ???????? 00d /edit/24126002
5a6e834.fc 904c7763 028fc4 h ???????? 004 //robots.txt
5a6e845.90 904c7763 028fc4 h ???????? 004 //wiki/%25s
5a6e8b5.13 42f94046 043937 h ???????? 002 /robots.txt
5a6e8b5.14 42f94048 043937 h ???????? 005 /wiki/MarkusHofmann2
5a6e95f.82 42f94046 043937 h ???????? 005 /wiki/DonellaMeadows
5a6e9f4.46 42f94050 043937 s ???????? 004 /wiki/BiBi
5a6ea4d.f5 42f9404a 043937 h ???????? 004 /wiki/DerMenschImKosmos
5a6ea52.20 9d3727e2 6a88e8 h ???????? 004 /wiki/GruenWiki
5a6eb25.5d 5e4238a6 ea3c0a h ???????? 01c /
5a6eb3e.c2 42f95989 70a047 h ???????? 003 //rss.rdf
5a6eb58.e2 42f94046 043937 h ???????? 004 /wiki/SebastianBrant
5a6ecef.43 42f94046 043937 h ???????? 004 /wiki/WernerVonSeelen
5a6ed4d.a8 cf2e0de2 6a88e8 h ???????? 005 /wiki/PeterHankins
5a6ed4d.fa cf2e0de2 6a88e8 h ???????? 01f /
5a6eeb8.a1 42f94046 043937 h ???????? 004 /wiki/NachDerPrivatheit
5a6ef75.f0 42f9404a 043937 h ???????? 005 /wiki/AnthonyWilliams
5a6eff8.45 42f94054 622963 s ???????? 004 /wiki/InterNet
5a6f1ba.22 42f94046 043937 h ???????? 005 /wiki/MarkGranovetter
5a6f222.62 42f9404a 043937 h ???????? 005 /wiki/ThesenGegenZensur
5a6f2d5.41 42f94050 043937 s ???????? 005 /wiki/DiVa
5a6f3c0.3c 42f94048 043937 h ???????? 00f /wiki/GuiltByAssociation
5a6f4b4.5e 42f94048 043937 h ???????? 005 /wiki/SandraBlakeslee
5a6f56b.cd bbbe9acf cedf5c h ???????? 01d /
5a6f594.53 42f94048 043937 h ???????? 004 /wiki/NettoNoShishouBernd
5a6f5f5.9b 42f94048 043937 h ???????? 005 /wiki/BeFore
5a6f720.d3 3624966a 433e9c h ???????? 003 /robots.txt
5a6f83b.82 42f9404a 043937 h ???????? 005 /wiki/FolieEtDeraison
5a6f8d9.4f 42f94050 622963 s ???????? 004 /wiki/FreiHeit
5a6f9c0.50 42f94046 043937 h ???????? 005 /wiki/PostSingularityToDo
5a6fa9f.3e 42f94046 043937 h ???????? 006 /wiki/SvWikiPedia
5a6facc.1f 42f94048 043937 h ???????? 006 /wiki/WealthOfNations
5a6fade.d6 5fa3ff21 399ff9 h ???????? 003 /robots.txt
5a6fae9.d3 5fa3ff23 399ff9 h ???????? 005 /wiki/GrillStuebel
5a6faf2.d2 5fa3ff26 399ff9 h ???????? 005 /wiki/RootHandler
5a6fafa.a9 5fa3ff27 399ff9 h ???????? 005 /wiki/FandWitCh
5a6fb00.e8 5857c4e9 2f8861 h ???????? 002 /phpMyAdmin-3.0.1.1/scripts/setup.php
5a6fb01.41 5fa3ff21 399ff9 h ???????? 004 /wiki/InVent
5a6fb07.64 5fa3ff26 399ff9 h ???????? 004 /wiki/KurzweilVortrag
5a6fb0f.86 5fa3ff23 399ff9 h ???????? 005 /wiki/KhBi
5a6fb15.77 5fa3ff22 399ff9 h ???????? 005 /wiki/SoBist
5a6fb1d.30 5fa3ff20 399ff9 h ???????? 005 /wiki/LockSchuppenDe
5a6fb26.b7 5fa3ff27 399ff9 h ???????? 005 /wiki/WiderLos
5a6fb31.bb 5fa3ff24 399ff9 h ???????? 004 /wiki/OlafSchubert
5a6fb3c.9f 5fa3ff20 399ff9 h ???????? 005 /wiki/LuSch
5a6fbb6.50 42f94050 043937 s ???????? 005 /wiki/SiMa
5a6fc82.e8 42f94048 043937 h ???????? 005 /wiki/BuergerlichesSubjekt
5a6fc9a.12 42f94048 622963 h ???????? 005 //wiki/AudioTagging
5a6fe36.a2 42f9404a 043937 h ???????? 005 /wiki/WikiEntwicklungsPlan
5a6ffc2.ae 42f9404a 043937 h ???????? 006 /wiki/LeistungskursEnglisch
