5b40106.19 42f94005 043937 s ???????? 00c /wiki/PolyTreu
5b40109.27 42f94019 043937 h ???????? 005 /wiki/ZuckCube
5b4013b.a1 8e5d42a5 d1bfbb h ???????? 01e /
5b4016d.6e 2e1da35e 043937 h ???????? 029 /
5b40286.e8 42f94007 043937 s ???????? 005 /wiki/HelmaWave
5b402b7.69 42f9401a 043937 h ???????? 003 /see/968d0520f1d7426bedf38884f4625abc
5b4040b.c6 5edf064f ea3c0a h ???????? 01f /
5b40410.50 5edf064f ea3c0a h ???????? 00a /alive/4
5b40410.5a 5edf064f ea3c0a h ???????? 012 /feel/4
5b4041f.cf 42f9401a 043937 h ???????? 002 /see/a605d9c65e3f2c606128204e9921532b
5b40431.76 42f94005 043937 s ???????? 005 /wiki/MarriedTo
5b40451.92 42f94005 622963 s ???????? 005 /wiki/BaOb
5b404b3.45 42f94007 043937 s ???????? 005 /wiki/AbielGuerra
5b405e9.69 42f9401a 043937 h ???????? 006 /wiki/HelmaWave
5b4073a.ec 42f9401d 043937 h ???????? 006 /wiki/EarthTour
5b40745.a3 42f94005 043937 s ???????? 005 /wiki/NewsPaper
5b40815.38 42f9401c 043937 h ???????? 005 /wiki/TelefonZelle
5b40836.93 42f9401d 043937 h ???????? 005 /wiki/TonyLinde
5b40a40.87 42f94005 043937 s ???????? 005 /wiki/HausRecht
5b40a69.ff 42f94018 043937 h ???????? 008 /wiki/NewsPaper
5b40bae.0e 42f9591a 70a047 h ???????? 003 //rss.rdf
5b40c61.74 9d3727f4 6a88e8 h ???????? 022 /edit/104146013
5b40d0f.0a 42f94005 622963 s ???????? 005 /wiki/HeMo
5b40d3e.8f b44c0f17 a04d28 h ???????? 011 /wiki/PieschenTv
5b40d5b.07 42f9401a 043937 h ???????? 003 /hear/3d44c2ab98e0372331f808627c688483
5b40d67.7a 42f94007 043937 s ???????? 006 /wiki/BookStore
5b40db8.de 42f94009 043937 s ???????? 005 /wiki/CafeJaehnig
5b40e48.25 284da73c 6a88e8 h ???????? 006 /wiki/EnErgie
5b40eef.27 42f94018 043937 h ???????? 006 /wiki/MarriedTo
5b40f08.82 42f94007 043937 s ???????? 006 /wiki/RolfWanka
5b41070.83 42f94007 043937 s ???????? 007 /wiki/RoleModel
5b410b3.ab 42f9401a 043937 h ???????? 008 /wiki/PeerCloud
5b4121d.31 42f9401a 043937 h ???????? 005 /wiki/DreWag
5b413dd.26 42f9401a 043937 h ???????? 004 /see/9a6a8ea514b50e032d1cde3e40cde2e5
5b41513.a6 42f94009 043937 s ???????? 006 /wiki/ReSilient
5b41557.72 42f94019 043937 h ???????? 004 /wiki/RoleModel
5b415f0.49 42f94007 622963 s ???????? 005 /wiki/TiBo
5b41676.14 42f94005 043937 s ???????? 006 /wiki/BernhardBuechel2
5b416b2.bd 42f94005 043937 s ???????? 005 /wiki/PerlNomic
5b41845.96 42f94005 043937 s ???????? 005 /wiki/TeleTubby
5b41878.3f 42f94019 043937 h ???????? 005 /wiki/ReSilient
5b41a03.47 42f9401a 043937 h ???????? 004 /hear/9458d4da490b4d70d888e174f066a2af
5b41a0b.3b 0208bdef 4eeb13 h ???????? 003 //5/511862443085BB044
5b41b23.af 7444c31e be37cc h ???????? 033 /
5b41b4c.26 42f94009 043937 s ???????? 005 /wiki/KarlsRuhe
5b41b80.68 42f94019 043937 h ???????? 005 /wiki/PerlNomic
5b41c14.82 5f6cb561 e4b041 h ???????? 004 /robots.txt
5b41c16.c3 5f6cb561 e4b041 h ???????? 09e /hls
5b41d03.cc 42f94005 043937 s ???????? 005 /wiki/TwinWorld
5b41ed1.57 42f94005 622963 s ???????? 009 /wiki/MaAm
5b41f57.4d 42f94009 043937 s ???????? 006 /wiki/GeoOs
5b4200e.6a 42f94009 043937 s ???????? 006 /wiki/AlphaTime
5b42021.c4 42f94019 043937 h ???????? 005 /wiki/TwinWorld
5b42123.d2 9d3727f4 6a88e8 h ???????? 006 /wiki/LockSchuppenBusinessPlan
5b42147.60 284da7a3 6a88e8 h ???????? 01f /edit/114956011
5b4217b.05 42f94009 043937 s ???????? 005 /wiki/WahrMensch
5b42198.e1 42f94018 043937 h ???????? 003 /see/2c8706dba95d7cc779fc38da4ee63d95
5b42338.d2 42f94007 043937 s ???????? 006 /wiki/IbmFellow
5b4234b.2f 42f94019 043937 h ???????? 003 /see/a9379c1258426c4fcd90441606620f99
5b424d9.ee 42f94019 043937 h ???????? 009 /wiki/ApfelBaum
5b424de.5d 4ebc8d1d cdfc4d h ???????? 024 /
5b42584.5e d05cdaa2 e78e5f h ???????? 027 /
5b42584.d2 d05cdaa2 e78e5f h ???????? 00e /favicon.ico
5b427b2.5d 42f94005 622963 s ???????? 006 /wiki/TiBr
5b427d9.a2 42f94009 043937 s ???????? 005 /wiki/WaWWvPxwA
5b427df.64 42f94018 043937 h ???????? 004 /robots.txt
5b427df.6b 42f94019 043937 h ???????? 003 /hear/d2f8dd086a7cbdcd9f439b52b08f5355
5b427f9.e9 42f95918 70a047 h ???????? 004 //rss.rdf
5b42838.4b 42f94005 043937 s ???????? 005 /wiki/AntonBuechel
5b428b6.d5 b23e5555 63f264 h ???????? 073 /
5b428b7.00 b23e5555 c4084d s ???????? 026 /
5b428c4.67 55cc934f be37cc h ???????? 023 /
5b42966.62 42f94005 043937 s ???????? 005 /wiki/BillSeitz
5b42aec.38 42f9401d 043937 h ???????? 002 /wiki/AlphaTime
5b42b93.cc 42f9401b 043937 h ???????? 001 /feed
5b42c8f.87 42f94007 043937 s ???????? 002 /wiki/OttoKlemm
5b42c93.2f 42f9401b 043937 h ???????? 001 /see/ea63c5bf789dcf4a44d8266ccfd659df
5b42d07.bb d11160d2 14defb h ???????? 013 /
5b42d3e.4c 9d3727f4 6a88e8 h ???????? 002 /wiki/ReSet
5b42f00.2f 0d428b00 6a88e8 h ???????? 003 /wiki/TranslateTheConstitution
5b42f54.0a 6baacb68 ef60d6 h ???????? 012 /
5b43093.3c 42f94005 622963 s ???????? 002 /wiki/ThKu
5b430df.ba 05099184 ff3159 h ???????? 001 /base
5b43119.34 42f94007 043937 s ???????? 002 /wiki/WeiterMachen
5b43144.0e 42f94018 043937 h ???????? 003 /wiki/IbmFellow
5b43153.68 42f94007 043937 s ???????? 002 /wiki/PanTheist
5b432a0.63 42f94009 043937 s ???????? 002 /wiki/FrankFurt
5b432eb.5a 42f94018 043937 h ???????? 001 /hear/bfdd18e5ecaae472538ed250a5f68391
5b4343e.bf 42f9401a 043937 h ???????? 002 /wiki/PanTheist
5b434f1.bd 9d372775 6a88e8 h ???????? 003 /wiki/JspWiki
5b435cb.74 42f94019 043937 h ???????? 002 /wiki/FrankFurt
5b43605.63 b63069d2 c02a03 h ???????? 01d /
5b43974.64 42f94005 043937 s ???????? 001 /robots.txt
5b43974.64 42f94009 622963 s ???????? 005 /wiki/RaKu
5b439fa.32 42f94007 043937 s ???????? 002 /wiki/BarSonderbar
5b43a6a.33 9d372775 6a88e8 h ???????? 002 /wiki/BirgitSpannerUlmer
5b43a79.50 42f94019 043937 h ???????? 002 /wiki/BillSeitz
5b43ad2.81 42f94007 043937 s ???????? 002 /wiki/DayOfWeek
5b43c18.e4 42f94009 043937 s ???????? 002 /wiki/SpaceLift
5b43c2b.a1 42f94019 043937 h ???????? 002 /wiki/HlMencken
5b43de2.7b 9d3727f4 6a88e8 h ???????? 013 /
5b43e12.d1 33260c17 a397c6 h ???????? 014 /
5b44094.02 42f94019 043937 h ???????? 005 /wiki/WiiControllers
5b44267.f4 42f94005 043937 s ???????? 003 /wiki/BillGates
5b44273.6c 42f94005 622963 s ???????? 003 /wiki/DerWanderer
5b44288.24 42f94018 043937 h ???????? 003 /wiki/SemperCube
5b442db.31 42f94009 043937 s ???????? 002 /wiki/VatersEinkehr
5b44554.4e 42f94007 043937 s ???????? 003 /wiki/MNuUjap47
5b4456a.4c 42f94019 043937 h ???????? 002 /wiki/GegenUeber
5b44594.cf bca5fe7f ffd63a h ???????? 002 /wp-login.php
5b445ae.81 bca5fe7f ffd63a h ???????? 002 /robots.txt
5b446c9.b0 42f94009 043937 s ???????? 003 /wiki/TheMatrix
5b4470b.d8 42f94018 043937 h ???????? 002 /wiki/NoraBalling
5b44843.5f 284da7a3 6a88e8 h ???????? 004 /wiki/EnErgie
5b44893.47 42f94005 043937 s ???????? 002 /wiki/KevinKelly
5b448e1.06 42f95918 70a047 h ???????? 003 //rss.rdf
5b44963.fd d111609a 14defb s ???????? 018 /
5b44a01.6c 42f9401a 043937 h ???????? 016 /hear/1965363e332fd06544e9a06885b2a5db
5b44b36.be 42f9401a 622963 h ???????? 002 /wiki/RdF
5b44b65.bc 58d1df17 702dd8 h ???????? 013 /
5b44b97.65 42f9401a 043937 h ???????? 002 /hear/c1153e7bd7eef66d8fedd3f91ac38c78
5b44bad.34 42f94007 043937 s ???????? 003 /wiki/VivianPein
5b44bcd.1b 42f94007 043937 s ???????? 002 /wiki/ElisabethBuechel
5b44c95.81 9d372775 6a88e8 h ???????? 003 /wiki/MannOhneGeheimnisse
5b44d0d.b0 284da7a3 6a88e8 h ???????? 002 /wiki/ClueTrain
5b44d33.33 42f94018 043937 h ???????? 003 /wiki/KlagenFurt
5b44d54.15 0d5ddeb9 c31581 h ???????? 020 /
5b44e9c.5c 42f94005 043937 s ???????? 003 /wiki/WikiDialog
5b44eb0.5e 42f9401a 043937 h ???????? 003 /wiki/LeanBachelor
5b4503c.7d 42f94018 043937 h ???????? 002 /hear/aff21ed71367550a1f9283ec7587add7
5b4507c.1f 42f94007 043937 s ???????? 003 /wiki/BigFuture
5b450b4.06 b44c0f1b a04d28 h ???????? 003 /wiki/LockSchuppen
5b4512a.4e 42f94018 043937 h ???????? 014 /
5b451e3.39 42f94009 043937 s ???????? 003 /wiki/CaseLinks
5b452c8.70 284da7a3 6a88e8 h ???????? 003 /wiki/WolfgangReitzle
5b45318.33 0587a57e dfdc15 h ???????? 020 /
5b45318.5d 0587a57e 646bf4 h ???????? 018 /
5b45318.a6 0587a57e 646bf4 h ???????? 001 //
5b4531a.cc 0587a57e 646bf4 h ???????? 002 //
5b453bf.64 bacaa150 dfdc15 h ???????? 017 /
5b453c1.12 bacaa150 646bf4 h ???????? 01c /
5b453c2.5e bacaa150 646bf4 h ???????? 002 //
5b453c5.7b bacaa150 646bf4 h ???????? 002 //
5b45418.0f 42f94018 622963 h ???????? 003 /wiki/HeMo
5b45420.2a 42f94019 043937 h ???????? 001 /mpefufnevoihmdy.html
5b45482.7d 9d37273f 6a88e8 h ???????? 003 /wiki/CraigKriek
5b45482.c5 9d37273f 6a88e8 h ???????? 003 /wiki/AaaiFellow
5b4549d.e0 42f94005 043937 s ???????? 002 /wiki/VentureWednesday
5b454d3.cd 68ec5d7a 646bf4 h ???????? 002 //
5b454d5.a7 42f94009 043937 s ???????? 005 /wiki/GarageTwo
5b454f8.22 42f94019 043937 h ???????? 003 /wiki/AufSichtsRat
5b45673.2c 42f94009 043937 s ???????? 004 /wiki/StMichael
5b45684.b2 42f94019 043937 h ???????? 003 /wiki/TheMatrix
5b4594b.0c c16a1e62 b14930 h ???????? 002 /wp-admin/yt.php
5b45993.1c 42f94009 043937 s ???????? 004 /wiki/WhiteList
5b459b7.6f 42f9401a 043937 h ???????? 003 /wiki/StMichael
5b45b1f.78 42f94005 043937 s ???????? 003 /wiki/DatingFee
5b45b48.d8 9d372775 6a88e8 h ???????? 002 /wiki/HistVv
5b45b60.cd 42f94018 043937 h ???????? 002 /wiki/GarageTwo
5b45c6d.9c 58942ea2 cedf5c h ???????? 030 /
5b45c6d.9f 58942ea2 702dd8 h ???????? 025 /
5b45ca7.4e 42f94007 043937 s ???????? 003 /wiki/GriPc1084
5b45cf9.0b 42f9401a 622963 h ???????? 004 /wiki/JfSc
5b45d7f.0f 42f94018 043937 h ???????? 003 /wiki/GeoOs
5b45d8c.04 3cbf264d 24f5f0 h ???????? 022 /
5b45fdd.64 42f94018 043937 h ???????? 004 /wiki/GriPc1084
5b46187.73 42f94007 043937 s ???????? 004 /wiki/GeSpraech
5b46304.9d 42f94018 043937 h ???????? 004 /wiki/CrustCruncher
5b46326.72 42f94019 043937 h ???????? 003 /wiki/WhiteList
5b4646e.11 42f94018 043937 h ???????? 004 /wiki/GeSpraech
5b46473.78 33260c17 a397c6 s ???????? 01d /
5b464aa.da 42f94007 043937 s ???????? 003 /wiki/VorLesung
5b465da.13 42f94019 622963 h ???????? 003 /wiki/UtMo
5b4661c.59 dcf38744 2f0857 h ???????? 005 //wiki/futurelab2056
5b4661c.57 dcf38744 2f0857 h ???????? 00f /wiki/libbthims
5b4661c.5c dcf38783 2f0857 h ???????? 003 //wiki/noopolis
5b46660.00 42f94019 043937 h ???????? 005 /wiki/SlqZWA
5b466ad.36 5eb52da6 f2aed5 h ???????? 016 /
5b467b5.a5 42f9401a 043937 h ???????? 003 /wiki/AlbrechtDuerer
5b4686e.48 2ebc2019 c65dfc h ???????? 01f /
5b46873.0f 2ebc2019 c65dfc h ???????? 002 /alive/4
5b46873.27 2ebc2019 c65dfc h ???????? 002 /feel/4
5b46877.46 2ebc2019 c65dfc h ???????? 002 /feel/8
5b46877.45 2ebc2019 c65dfc h ???????? 006 /alive/8
5b4687f.e5 2ebc2019 c65dfc h ???????? 02c /feel/10
5b4687f.e6 2ebc2019 c65dfc h ???????? 02b /alive/10
5b46904.70 3c0181c1 5c1137 h ???????? 018 /
5b4692e.ef 42f94007 043937 s ???????? 003 /wiki/WorldModel
5b46977.8d 42f94018 043937 h ???????? 003 /wiki/VorLesung
5b46ab5.4e 42f9591a 70a047 h ???????? 002 //rss.rdf
5b46abf.54 42f94018 043937 h ???????? 004 /wiki/WikiDialog
5b46d0e.e1 42f94018 043937 h ???????? 004 /wiki/GalliChallenge
5b46d67.83 42f94019 043937 h ???????? 003 /wiki/HectorGarciaMolina
5b46d9b.0b 42f9401a 043937 h ???????? 004 /wiki/UlrikSchroeder
5b46e07.28 42f94019 043937 h ???????? 003 /wiki/GregorSnelting
5b46e1a.04 42f94009 043937 s ???????? 004 /wiki/PatHayes
5b46e68.3e 42f94018 043937 h ???????? 003 /wiki/StaccaChallenge
5b46ebb.08 42f9401a 622963 h ???????? 003 /wiki/DeNa
5b46f41.0b 42f9401a 043937 h ???????? 004 /wiki/SandBox
5b4720e.e1 42f9401a 043937 h ???????? 003 /wiki/BigDataBases
5b473ac.bb 42f94018 043937 h ???????? 004 /wiki/AisThesis
5b473db.77 42f94019 043937 h ???????? 004 /wiki/SynApse
5b47405.c3 42f94018 043937 h ???????? 004 /wiki/SanDiego
5b4742f.1e 42f94019 043937 h ???????? 004 /wiki/VorSicht
5b4744b.fc 42f94019 043937 h ???????? 004 /wiki/MindBias
5b47485.17 42f94019 043937 h ???????? 002 /hear/754ae7b5d41facf1b0faec1ab199bc06
5b47613.67 42f9401a 043937 h ???????? 004 /wiki/PostFach
5b4778e.9e 3624952f 433e9c h ???????? 027 /
5b4779c.3d 42f94007 622963 s ???????? 003 /wiki/StHe
5b477a1.37 42f94019 043937 h ???????? 004 /wiki/WiredMag
5b47822.48 42f94005 043937 s ???????? 004 /wiki/FoersterBistro
5b4792f.46 42f94019 043937 h ???????? 004 /wiki/HyperScope
5b47abd.45 42f94019 043937 h ???????? 004 /wiki/NetzWerk
5b47c4b.48 42f94018 043937 h ???????? 004 /wiki/SocialPrise
5b47dd9.4d 42f9401a 043937 h ???????? 004 /wiki/SiteMoveBugs
5b47f67.52 42f9401a 043937 h ???????? 004 /wiki/UteMoritz
5b4803f.5a 5d6ec882 19c6c4 h ???????? 01e /
5b4808d.d7 42f94018 622963 h ???????? 004 /wiki/ThHo
5b480f5.3b 42f94019 043937 h ???????? 004 /wiki/KarlMarx
5b48102.f7 42f94019 043937 h ???????? 00d /wiki/MaOl
5b482d6.68 42f94019 043937 h ???????? 005 /wiki/StabilityVsPerformance
5b482d6.68 4706e807 7404fb s ???????? 022 /
5b484e0.e4 42f94019 622963 h ???????? 01a /
5b486ac.d9 42f94007 043937 s ???????? 004 /wiki/BrabblR
5b4895e.ce 42f94018 622963 h ???????? 005 /wiki/JuAs
5b489f7.9d 42f94018 043937 h ???????? 004 /wiki/BigTable
5b48b16.b5 42f94018 043937 h ???????? 005 /wiki/LinksAreDevalued
5b48b52.e3 05275551 e3b0c4 h ???????? 002 /robots.txt
5b48b57.1d 05275551 f22684 h ???????? 01c /
5b48be6.d2 42f94005 043937 s ???????? 004 /wiki/GeFlecht
5b48bf0.c6 42f94019 043937 h ???????? 004 /wiki/SoftBalancing
5b48bff.cb 42f94018 043937 h ???????? 004 /wiki/BrabblR
5b48c6f.a8 42f9401a 043937 h ???????? 004 /wiki/VerticalFarms
5b48cb1.9d 42f95919 70a047 h ???????? 003 //rss.rdf
5b48d2f.7e c61b5090 e3b0c4 h ???????? 003 /robots.txt
5b48d32.06 c61b5090 f7800e h ???????? 01d /
5b48e3a.3a 42f94018 043937 h ???????? 005 /wiki/OffShored
5b48e89.d7 d11160ca 14defb s ???????? 027 /
5b48efa.6c 42f9401a 043937 h ???????? 004 /wiki/GeFlecht
5b49063.03 bca5e9e4 e3b0c4 h ???????? 003 /robots.txt
5b49065.3a bca5e9e4 36ad42 h ???????? 02c /
5b4911a.bb c4342b62 c5c81c h ???????? 01e /
5b491cc.2b 42f94018 043937 h ???????? 005 /wiki/PageName
5b49240.1b 42f94019 622963 h ???????? 004 /wiki/AnSc
5b492c5.bb 42f94019 043937 h ???????? 005 /wiki/CodeWiki
5b492f2.bf 42f94018 043937 h ???????? 004 /wiki/JulianElve
5b494aa.3d 42f94005 043937 s ???????? 005 /wiki/BeiMo
5b49560.d4 bca5fe7f ffd63a h ???????? 002 /wp-login.php
5b4956a.9f bca5fe7f ffd63a h ???????? 002 /robots.txt
5b49614.c2 42f94005 043937 s ???????? 005 /wiki/LexUte
5b4966e.24 71c8476e 057297 h ???????? 01d /
5b497c7.fd 42f94007 043937 s ???????? 005 /wiki/KnotNet
5b498d4.04 25bb384c e3b0c4 h ???????? 003 /robots.txt
5b498d6.35 25bb384c 5983bc h ???????? 01c /
5b49936.9d 42f94005 043937 s ???????? 005 /wiki/ProBlem
5b4996c.06 42f94018 043937 h ???????? 004 /wiki/BeiMo
5b49b21.2d 42f94018 622963 h ???????? 005 /wiki/DeMo
5b49ba7.58 42f94007 043937 s ???????? 005 /wiki/CodeWiki
5b49d33.eb 42f94007 043937 s ???????? 005 /wiki/MindCar
5b49d64.a3 42f94018 043937 h ???????? 005 /wiki/OnTheCluetrain
5b49dd8.5c 42f94019 043937 h ???????? 005 /wiki/KnotNet
5b49e8f.48 42f94018 043937 h ???????? 005 /wiki/ProBlem
5b49f26.24 42f94005 043937 s ???????? 005 /wiki/BisBald
5b4a01d.76 42f94009 043937 s ???????? 005 /wiki/BadBank
5b4a154.f1 cf2e0d24 6a88e8 h ???????? 021 /edit/114966014
5b4a1aa.10 8af6fd05 b5326e s ???????? 032 /
5b4a1ca.5d 42f94007 043937 s ???????? 005 /wiki/MrBien
5b4a25c.03 42f9401a 043937 h ???????? 004 /robots.txt
5b4a33a.33 42f9401a 043937 h ???????? 006 /wiki/VinayGupta
5b4a402.27 42f94019 622963 h ???????? 006 /wiki/SuSc
5b4a488.93 42f94007 043937 s ???????? 005 /wiki/SunBird
5b4a4ac.32 6baacd16 ef60d6 s ???????? 02b /
5b4a4c8.77 42f94009 043937 s ???????? 005 /wiki/MindFlow
5b4a656.41 42f9401a 043937 h ???????? 005 /wiki/FreeSoftwareLinkBin
5b4a66a.bc cf2e0d7f 6a88e8 h ???????? 023 /edit/113001
5b4a7e4.92 42f94007 043937 s ???????? 005 /wiki/ComPlex
5b4a864.be cf2e0d24 6a88e8 h ???????? 020 /edit/104146013
5b4a972.5c 42f94018 043937 h ???????? 007 /wiki/EgoSurfing
5b4a9bd.52 42f95918 70a047 h ???????? 003 //rss.rdf
5b4aa2b.49 185a54a1 fe2bb4 h ???????? 032 /1
5b4aa2b.c1 185a54a1 fe2bb4 h ???????? 003 /favicon.ico
5b4aa2f.fd 185a54a1 fe2bb4 h ???????? 003 /feel/4
5b4aa33.a1 185a54a1 fe2bb4 h ???????? 003 /feel/8
5b4aa3b.a3 185a54a1 fe2bb4 h ???????? 01f /feel/10
5b4ab9e.60 42f94007 043937 s ???????? 005 /wiki/BayArea
5b4ac8f.6d 42f94007 043937 s ???????? 006 /wiki/AtariSt
5b4ace3.26 42f94018 622963 h ???????? 005 /wiki/FaPi
5b4ad69.24 42f94019 043937 h ???????? 006 /wiki/WebMontag
5b4ad85.73 284da782 6a88e8 h ???????? 005 /wiki/SocialBackup
5b4ae1d.56 42f94019 043937 h ???????? 006 /wiki/DecentralizedOwnership
5b4ae8e.f2 42f94018 043937 h ???????? 003 /edit/2001
5b4afab.8a 42f94005 043937 s ???????? 006 /wiki/IpoKurs
5b4b14c.64 42f94005 043937 s ???????? 006 /wiki/ProDukt
5b4b2c8.9f 42f94009 043937 s ???????? 005 /wiki/MindZip
5b4b2ce.aa 5f2a52a7 099137 h ???????? 003 /status
5b4b2ce.ee 5f2a52a7 099137 h ???????? 003 /stat
5b4b2cf.96 5f2a52a7 099137 h ???????? 001 /live/kadiradana1001/kadirkadir0101/3623.m3u8
5b4b34d.f1 2539daf3 028fc4 h ???????? 001 /robots.txt
5b4b351.71 2539daf3 028fc4 h ???????? 001 /rss.jsp
5b4b354.ab 2539daf3 028fc4 h ???????? 001 /rss.jsp
5b4b358.e0 2539daf3 028fc4 h ???????? 001 /rss.jsp
5b4b45e.30 42f94018 043937 h ???????? 003 /wiki/DcAuthor
5b4b48a.89 cf2e0d24 6a88e8 h ???????? 002 /wiki/PageView
5b4b4fc.9c 42f94018 043937 h ???????? 002 /wiki/ServiceOrientedArchitecture
5b4b52c.cb 2e639e6d cedf5c h ???????? 016 /
5b4b5c4.04 42f94019 622963 h ???????? 002 /wiki/BeMo
5b4b5e5.44 42f94007 043937 s ???????? 003 /wiki/EvaLubas
5b4b63e.1b bb0a4ae3 19c6c4 h ???????? 011 /
5b4b676.5c 42f94005 043937 s ???????? 002 /wiki/BigTable
5b4b773.86 42f94005 043937 s ???????? 003 /wiki/AutoCad
5b4b7cf.8d 42f9401a 043937 h ???????? 002 /wiki/BeatBlogging
5b4b901.72 42f94009 043937 s ???????? 002 /wiki/XHjHPUZl
5b4ba2e.a8 42f94019 043937 h ???????? 001 /robots.txt
5b4ba9e.9d 42f94007 043937 s ???????? 003 /wiki/MindFilm
5b4bb60.44 d111608a 14defb h ???????? 013 /
5b4bbc0.ba 42f94018 043937 h ???????? 001 /Edit.jsp
5b4bc35.68 42f94018 043937 h ???????? 002 /wiki/PentagonsNewMap
5b4bdad.03 42f9401a 043937 h ???????? 003 /wiki/ComPlex
5b4be45.13 42f9401a 043937 h ???????? 002 /wiki/HuipengGuo
5b4be92.26 8a4b1cb4 f54af9 h ???????? 014 /
5b4beaa.7d 42f94018 622963 h ???????? 002 /wiki/MaGe
5b4bf2b.e1 42f94005 043937 s ???????? 003 /wiki/AppEngine
5b4bf49.d6 42f94018 043937 h ???????? 003 /wiki/ZielVereinbarung
5b4c0a5.9a 97ec152d a2996e h ???????? 002 //rss.rdf
5b4c0ad.89 cefda52b a95ea1 h ???????? 001 //rss.rdf
5b4c0ca.22 42f9401a 043937 h ???????? 002 /wiki/WestingHouse
5b4c13d.56 42f9401a 043937 h ???????? 002 /wiki/OliverPaul
5b4c258.39 42f94019 043937 h ???????? 003 /wiki/MindFilm
5b4c3e6.39 42f9401a 043937 h ???????? 002 /wiki/AtomStrom
5b4c4a8.70 54023fef 702dd8 h ???????? 014 /
5b4c4dc.19 9d372790 e39fc8 h ???????? 002 //wiki/RedBlueGame
5b4c574.9f 42f94009 043937 s ???????? 003 /wiki/DoOcracy
5b4c702.4b 42f94018 043937 h ???????? 003 /wiki/AlbertCamus
5b4c786.af 42f94019 622963 h ???????? 002 /wiki/FaVi
5b4c7da.1f bacaa1a3 dfdc15 h ???????? 002 //
5b4c7db.63 bacaa1a3 646bf4 h ???????? 001 //
5b4c7dc.99 bacaa1a3 646bf4 h ???????? 002 ///
5b4c7dd.ed bacaa1a3 646bf4 h ???????? 001 ///
5b4c80d.b8 42f94007 043937 s ???????? 003 /wiki/AsService
5b4c890.39 42f94019 043937 h ???????? 003 /wiki/WickedProblems
5b4c93e.dc 42f9401a 043937 h ???????? 003 /wiki/MustafaJarrar
5b4c94c.1e 42f95919 70a047 h ???????? 002 //rss.rdf
5b4ca1e.3f 42f94019 043937 h ???????? 008 /wiki/HolgerBertling
5b4cb68.d2 5f6cb561 e4b041 h ???????? 002 /robots.txt
5b4cb6c.87 5f6cb561 e4b041 h ???????? 015 /
5b4cbac.3e 42f9401a 043937 h ???????? 003 /wiki/WestinghouseAp1000
5b4ccdc.85 7ae40a32 24f5f0 h ???????? 016 /
5b4ce1d.1d 42f94005 043937 s ???????? 003 /wiki/UniCode
5b4ce1d.3d 0d428b00 6a88e8 h ???????? 002 /wiki/GastroWiki
5b4cef0.99 42f94018 043937 h ???????? 003 /wiki/DoOcracy
5b4d068.15 42f9401a 622963 h ???????? 003 /wiki/HaJo
5b4d0ee.eb 42f94005 043937 s ???????? 003 /wiki/WebMontag
5b4d130.c8 42f94018 043937 h ???????? 002 /wiki/RoellNumber
5b4d224.c2 284da74d e39fc8 h ???????? 003 //wiki/JanBoehme
5b4d2da.d4 42f94009 043937 s ???????? 003 /wiki/SpdWiki
5b4d2e5.9c 42f94018 043937 h ???????? 003 /wiki/UniCode
5b4d375.cd 42f94019 043937 h ???????? 003 /wiki/AboutPlay
5b4d536.f8 5f6cb561 e4b041 h ???????? 002 /robots.txt
5b4d53a.b9 5f6cb561 e4b041 h ???????? 014 /
5b4d5d8.fb 42f94007 043937 s ???????? 003 /wiki/WireLess
5b4d5e9.ed bca5fe7f ffd63a h ???????? 001 /wp-login.php
5b4d5fb.90 bca5fe7f ffd63a h ???????? 002 /robots.txt
5b4d727.1c b2ffd754 c51fdf h ???????? 002 //robots.txt
5b4d728.59 b2ffd755 c51fdf h ???????? 002 /robots.txt
5b4d728.a6 b2ffd755 c51fdf h ???????? 016 /
5b4d8d5.3c c2be20d7 19c6c4 h ???????? 016 /
5b4d91e.92 42f94009 043937 s ???????? 003 /wiki/NeuMarkt
5b4d949.0f 42f94018 622963 h ???????? 004 /wiki/MaKu
5b4d9d0.37 42f94019 043937 h ???????? 003 /wiki/GottesHaus
5b4dab0.21 42f94005 043937 s ???????? 003 /wiki/EheRinge
5b4daf5.74 9d3727a0 6a88e8 h ???????? 01f /edit/114956011
5b4dc2d.61 42f94009 043937 s ???????? 003 /wiki/NachRicht
5b4ddca.e9 42f94018 043937 h ???????? 004 /wiki/NeuMarkt
5b4df4d.91 42f94005 043937 s ???????? 004 /wiki/ShutDown
5b4e107.7e 42f94007 043937 s ???????? 004 /wiki/WeltRaum
5b4e22a.53 42f94009 622963 s ???????? 003 /wiki/FaPi
5b4e293.5b 42f94005 043937 s ???????? 003 /wiki/TechCrunch
5b4e2a5.d8 42f95488 002725 h ???????? 014 /favicon.ico
5b4e2a5.f3 42f95486 002725 h ???????? 001 /favicon.ico
5b4e2b1.31 42f94007 043937 s ???????? 003 /wiki/HotelKipping
5b4e3e2.26 42f94005 043937 s ???????? 003 /wiki/TastaTur
5b4e572.23 42f94009 043937 s ???????? 003 /wiki/SoftWare
5b4e598.89 42f94019 043937 h ???????? 003 /wiki/TechCrunch
5b4e6eb.8d 42f9401a 043937 h ???????? 003 /wiki/StopDst
5b4e6f6.79 42f94005 043937 s ???????? 003 /wiki/BigSchuppen
5b4e949.fb 42f94005 043937 s ???????? 003 /wiki/FbCredits
5b4e9fa.e1 3cbf264d 24f5f0 s ???????? 019 /
5b4ea76.0a 42f94019 043937 h ???????? 003 /wiki/WeltRaum
5b4ead4.e8 42f94007 043937 s ???????? 003 /wiki/MicroUsb
5b4ead5.5b 42f9591a 70a047 h ???????? 002 //rss.rdf
5b4eb32.ad 42f94019 622963 h ???????? 004 /wiki/MarBe
5b4eb81.5f 52cfaf34 146783 h ???????? 017 /
5b4eb92.34 42f94005 043937 s ???????? 003 /wiki/SuedVorstadt
5b4ed32.61 42f94005 043937 s ???????? 003 /wiki/WachsTum
5b4edbf.23 cf2e0d24 6a88e8 h ???????? 01b /
5b4edf2.28 42f94018 043937 h ???????? 004 /wiki/EheRinge
5b4ef0a.f5 5f2a52a7 7cb6e0 h ???????? 002 /status
5b4ef0c.ed 5f2a52a7 7cb6e0 h ???????? 002 /favicon.ico
5b4ef2c.40 5f2a52a7 7cb6e0 h ???????? 018 /
5b4ef31.12 5f2a52a7 7cb6e0 h ???????? 002 /feel/4
5b4ef34.ed 5f2a52a7 7cb6e0 h ???????? 002 /feel/8
5b4ef3d.00 5f2a52a7 7cb6e0 h ???????? 023 /feel/10
5b4efb0.0e 42f94007 043937 s ???????? 004 /wiki/LasVegas
5b4f0ad.53 3624966d 433e9c s ???????? 002 /robots.txt
5b4f0ae.2e 362494ba 433e9c s ???????? 019 /
5b4f10f.63 42f94007 043937 s ???????? 004 /wiki/DueckWiki
5b4f29d.77 42f94007 043937 s ???????? 004 /wiki/DeadLine
5b4f3ec.bd 42f94018 622963 h ???????? 003 /wiki/JaBoe
5b4f493.83 42f94005 043937 s ???????? 004 /wiki/RainerPetzold
5b4f508.53 42f94005 043937 s ???????? 003 /wiki/CqZZG05x
5b4f6a9.28 42f94005 043937 s ???????? 004 /wiki/HasVisited
5b4f843.a7 42f94019 043937 h ???????? 004 /wiki/DueckWiki
5b4f9cf.13 42f94018 043937 h ???????? 004 /wiki/NachRicht
5b4fb32.5c 42f94009 043937 s ???????? 004 /wiki/MorizHaupt
5b4fb9b.ef cf2e0d7f 6a88e8 h ???????? 003 /cal
5b4fbae.ed c73a56ce 028fc4 h ???????? 002 /robots.txt
5b4fbb0.f8 c73a56ce 028fc4 h ???????? 01a /
5b4fcd0.03 42f94005 622963 s ???????? 005 /wiki/ThHo
5b4fd4d.0a 42f94018 043937 h ???????? 004 /wiki/MicroUsb
5b4fd54.f5 42f94007 043937 s ???????? 004 /wiki/ElectronicMail
5b4fdb3.4f cf2e0d49 6a88e8 h ???????? 004 /wiki/SiSanien
