5bb0077.72 a2ffd349 1c75e1 h ???????? 002 //rss.rdf
5bb007e.a3 42f94092 043937 s ???????? 002 /wiki/DeutschBahn
5bb0165.09 36b74359 0bc284 s ???????? 015 /
5bb01ca.c7 42f94088 043937 h ???????? 003 /wiki/LinguWiki
5bb021c.0e 42f94092 043937 s ???????? 003 /wiki/SamenGlueck
5bb0357.23 25ef8614 cedf5c h ???????? 019 /
5bb03e1.00 42f94094 043937 s ???????? 004 /wiki/MailGunRaWa
5bb04c7.3d 42f94092 622963 s ???????? 003 /wiki/DavidWiley
5bb0529.18 42f94094 043937 s ???????? 003 /wiki/LiebesRinge
5bb0541.67 42f94086 043937 h ???????? 003 /wiki/SchauWieSchoen
5bb06c6.01 42f94094 043937 s ???????? 005 /wiki/SeHi
5bb0726.af 42f94088 043937 h ???????? 003 /wiki/MailGunRaWa
5bb0859.b9 42f94092 043937 s ???????? 003 /wiki/SecurityLog
5bb08d2.7d 42f94086 043937 h ???????? 002 /wiki/TraumZwei
5bb09d6.c4 42f94090 043937 s ???????? 003 /wiki/BaWue
5bb0b71.a8 42f94092 043937 s ???????? 003 /wiki/AscIi
5bb0bf8.95 42f94088 043937 h ???????? 003 /wiki/SeHi
5bb0c77.ed cf2e0d70 6a88e8 h ???????? 003 /wiki/MenschMaschinenMensch
5bb0cda.d0 42f94086 043937 h ???????? 002 /robots.txt
5bb0cdc.21 42f9408a ab3bd9 h ???????? 002 /css/layout_vertical_listnav.css
5bb0d09.50 42f94092 043937 s ???????? 002 /wiki/NooMic
5bb0d1f.9a 42f94090 043937 s ???????? 004 /wiki/StartUpSimulation
5bb0da8.78 42f94090 622963 s ???????? 003 /wiki/SchwedtOder
5bb0dab.4a 42f94086 043937 h ???????? 003 /wiki/AscIi
5bb0de8.9a 42f9408a 043937 h ???????? 003 /wiki/SoftWare
5bb0e19.8a 42f9408a 043937 h ???????? 002 //Edit.jsp
5bb0e8f.d3 42f94092 043937 s ???????? 003 /wiki/HarryPotter
5bb0f08.2e 42f9408a 043937 h ???????? 003 /wiki/NooMic
5bb0f0a.a7 42f94086 ab3bd9 h ???????? 001 /css/layout_vertical_listnav.css
5bb0fda.c8 42f94088 043937 h ???????? 003 /wiki/WikiBased
5bb1030.43 42f94094 043937 s ???????? 003 /wiki/PietMondrian
5bb1097.a0 42f9408a 043937 h ???????? 004 /wiki/SuppenBarSz
5bb11b9.b8 42f94090 043937 s ???????? 003 /wiki/AusSage
5bb1232.79 42f94086 043937 h ???????? 003 /wiki/BaWue
5bb133b.3a 42f94090 043937 s ???????? 003 /wiki/SystemClash
5bb138a.c5 42f9408a 043937 h ???????? 004 /wiki/TamagOtchi
5bb13fd.e3 cf2e0d5b 6a88e8 h ???????? 002 /edit/39866001
5bb14cb.92 42f94090 043937 s ???????? 004 /wiki/HeinrichLey
5bb151a.63 42f94088 043937 h ???????? 003 /wiki/AusSage
5bb1645.2d 42f94094 043937 s ???????? 003 /wiki/PatrickHall
5bb1689.4f 42f94092 622963 s ???????? 003 /wiki/TaschenGeld
5bb16e2.87 42f9408a 043937 h ???????? 003 /wiki/FriedrichsHain
5bb16fb.6f 42f94086 043937 h ???????? 002 /hear/27059f59c5bf325459bf55f0bb8b09b6
5bb17e8.0f 42f94094 043937 s ???????? 003 /wiki/SocialGraph
5bb1835.e0 cf2e0dd9 e39fc8 h ???????? 003 //wiki/SingularityUniversity
5bb185d.34 9d372757 e39fc8 h ???????? 003 //wiki/AcceleratingFuturePeopleDatabase
5bb194c.05 42f9594b 70a047 h ???????? 002 //rss.rdf
5bb19c6.0c 42f94090 043937 s ???????? 003 /wiki/FifthDegree
5bb1b03.95 42f94094 043937 s ???????? 004 /wiki/HeuReka
5bb1cdc.88 42f94090 043937 s ???????? 003 /wiki/IchAg
5bb1d44.4c 42f94088 043937 h ???????? 004 /wiki/LockElfe
5bb1d9a.5d 765933c0 42637e h ???????? 002 /wls-wsat/CoordinatorPortType
5bb1dea.86 42f94088 043937 h ???????? 003 /wiki/InConSo
5bb1e25.66 42f94094 043937 s ???????? 003 /wiki/TedConf
5bb1ea1.6b 42f94086 043937 h ???????? 003 /wiki/FifthDegree
5bb1f49.8a b44c0f0f a04d28 h ???????? 016 /
5bb1f6a.59 42f94090 622963 s ???????? 005 /wiki/TwittiPedia
5bb1fa9.26 42f94094 043937 s ???????? 003 /wiki/AiBook
5bb2005.97 42f94086 043937 h ???????? 001 /hear/72f85f17320445d15146a3e8b3eb415e
5bb2127.8e 42f94094 043937 s ???????? 003 /wiki/DenkBar
5bb2219.19 42f94088 043937 h ???????? 003 /wiki/AiBook
5bb22d7.68 293251c9 cdfc4d h ???????? 017 /
5bb22f7.af 42f94092 043937 s ???????? 003 /wiki/GePlant
5bb2324.44 42f94086 043937 h ???????? 003 /wiki/IchAg
5bb23db.ff d4e1a493 ee113c h ???????? 01a /
5bb23dc.8d d4e1a493 ee113c h ???????? 002 //https://floatingboat2013.appspot.com
5bb23df.fe d4e1a493 ee113c h ???????? 003 //wiki/AlanTuring
5bb23e0.46 d4e1a493 ee113c h ???????? 002 //wiki/GottfriedWilhelmLeibniz
5bb23e0.8e d4e1a493 ee113c h ???????? 002 //https://floatingboat2013.appspot.com/UrPic
5bb23e1.7a d4e1a493 ee113c h ???????? 002 //https://floatingboat2013.appspot.com/ad
5bb23e1.c6 d4e1a493 ee113c h ???????? 002 //https://sl4.eu/hls
5bb23e2.94 d4e1a493 ee113c h ???????? 002 //https://sl4.eu/ls
5bb23e2.e5 d4e1a493 ee113c h ???????? 002 //https://sl4.eu/sh
5bb23e3.2e d4e1a493 ee113c h ???????? 002 //https://www.youtube.com/watch
5bb2454.aa 42f94092 043937 s ???????? 004 /wiki/ZyngaInc
5bb246d.17 42f94092 043937 s ???????? 003 /wiki/FredWilson
5bb24d6.1f 42f9408a 043937 h ???????? 003 /wiki/HeuReka
5bb24f2.80 42f94088 043937 h ???????? 003 /wiki/LifePanorama
5bb25f4.f6 42f94094 043937 s ???????? 003 /wiki/MindCal
5bb2786.6d 42f94094 043937 s ???????? 003 /wiki/MitWorld
5bb27fa.d1 23efcad0 ef60d6 h ???????? 018 /
5bb2815.ae 42f94086 043937 h ???????? 003 /wiki/DenkBar
5bb2874.a9 42f94090 622963 s ???????? 004 /wiki/WechselKurs
5bb290f.cf 42f94092 043937 s ???????? 004 /wiki/FussBall
5bb2965.b3 42f94086 043937 h ???????? 003 /wiki/GePlant
5bb2a8c.df 42f94092 043937 s ???????? 004 /wiki/MindRace
5bb2ab4.e0 9d3727b4 6a88e8 h ???????? 004 /wiki/PageIndex
5bb2bfa.a4 42f94088 043937 h ???????? 004 //wiki/SingularDefinition
5bb2c02.f9 42f94086 043937 h ???????? 003 /wiki/MindCal
5bb2c84.10 05bcd20c da763d h ???????? 004 /echo.php
5bb2d91.7a 42f94094 043937 s ???????? 004 /wiki/WorkShops
5bb2e43.df 3cbf264d 24f5f0 h ???????? 01a /
5bb2e9a.09 113a676c 4d4314 h ???????? 002 /robots.txt
5bb2e9a.54 113a676c 4d4314 h ???????? 002 /feed
5bb2ebb.62 cf2e0d5b 6a88e8 h ???????? 003 /wiki/JoergKeller
5bb2f12.b6 42f9408a 043937 h ???????? 003 /wiki/LockCaps
5bb2f1f.7a 42f94090 043937 s ???????? 004 /wiki/MindShip
5bb2fba.04 42f94088 043937 h ???????? 004 /wiki/PeterJessner
5bb30ad.8b 42f94092 043937 s ???????? 004 /wiki/BeetHoven
5bb312c.f5 42f94092 622963 s ???????? 003 /wiki/MindCuisine
5bb3156.41 cf2e0d5b 6a88e8 h ???????? 003 /wiki/GlaxoSmithKline
5bb31e5.52 0d428b01 6a88e8 h ???????? 003 //robots.txt
5bb323b.3d 42f94088 043937 h ???????? 003 /wiki/PitchBitch
5bb3302.c7 42f9408a 043937 h ???????? 003 //wiki/ThoughtStorms
5bb33c9.74 42f94094 043937 s ???????? 004 /wiki/WirtsHaus
5bb3557.5a 42f9408a 043937 h ???????? 002 /hear/ef82c37b36b5e5ac78301d16c087b18c
5bb3617.ce 42f9594b 70a047 h ???????? 003 //rss.rdf
5bb3684.a6 dcf38875 2f0857 s ???????? 187 /hls
5bb3684.a8 dcf38775 2f0857 s ???????? 184 /ls
5bb36e5.87 42f94092 043937 s ???????? 005 /wiki/UrsHolzle
5bb3703.64 42f94086 043937 h ???????? 003 //wiki/ImPressum
5bb37ba.10 9d37273e 6a88e8 h ???????? 022 /edit/103756002
5bb385f.67 bd6f6431 19c6c4 h ???????? 022 /
5bb3873.71 42f94090 043937 s ???????? 003 /wiki/MindForce
5bb38bc.c1 58c65a09 93041b h ???????? 004 /wiki/SommerSchwatz
5bb39f1.90 b0682127 19c6c4 h ???????? 025 /
5bb3a01.72 42f94094 043937 s ???????? 004 /wiki/ProPortio
5bb3a0a.91 42f94088 043937 h ???????? 004 /wiki/SocialBackup
5bb3a10.1f 42f94090 622963 s ???????? 004 /wiki/BuergerInnen
5bb3a71.9a bca5c419 e3b0c4 h ???????? 003 /robots.txt
5bb3a73.ce bca5c419 76fdb3 h ???????? 022 /
5bb3afb.94 9d3727b4 6a88e8 h ???????? 024 /
5bb3b3f.4e 2ee5a88e c89f4f h ???????? 002 /robots.txt
5bb3b3f.da 2ee5a88c c89f4f h ???????? 002 /feed
5bb3b8f.8e 42f94090 043937 s ???????? 00d /wiki/UnLimited
5bb3be3.f3 c2f7ad7b c37fd8 h ???????? 003 //robots.txt
5bb3be7.59 c2f7ad7b c37fd8 h ???????? 004 //wiki/WikiNode
5bb3d1d.6d 42f94094 043937 s ???????? 004 /wiki/RealMoral
5bb3eab.89 42f94094 043937 s ???????? 004 /wiki/PaulPotts
5bb3f93.60 6bb2c2be 71f2b9 s ???????? 006 /bcHead
5bb4039.ad 42f94090 043937 s ???????? 004 /wiki/HeyWickie
5bb40d6.9a 42f94088 043937 h ???????? 004 /wiki/VerMoegen
5bb4112.92 42f94086 043937 h ???????? 004 /wiki/DresdenMaine
5bb41c7.7a 42f94094 043937 s ???????? 005 /wiki/WeltFormel
5bb42ef.f3 42f94092 622963 s ???????? 004 /wiki/PostSingular
5bb4355.7a 42f94094 043937 s ???????? 005 /wiki/MindSquare
5bb445a.74 bafb29ac cdfc4d h ???????? 025 /
5bb44e3.8d 42f94090 043937 s ???????? 005 /wiki/ArschKarte
5bb4671.71 42f94090 043937 s ???????? 004 /wiki/SeismoGraph
5bb47ff.5a 42f9408a 043937 h ???????? 003 /hear/c9cca7e78c81bb0f1cf356cf6a00d0c6
5bb481a.84 42f94086 043937 h ???????? 005 /wiki/FutureTits
5bb4820.cf bca5c5dd ffd63a h ???????? 003 /wp-login.php
5bb482a.ef bca5c5dd ffd63a h ???????? 002 /robots.txt
5bb498d.ce 42f94092 043937 s ???????? 002 /wiki/PhiloSophie
5bb4adc.ae cf2e0d5b 6a88e8 h ???????? 002 /wiki/MartinNowak
5bb4b1c.01 42f94090 043937 s ???????? 003 /wiki/SkyScraper
5bb4b6f.25 767e6dd6 2f8861 h ???????? 001 /bea_wls_deployment_internal
5bb4b71.a1 767e6dd6 2f8861 h ???????? 001 /bea_wls_deployment_internal
5bb4bd1.36 42f94092 622963 s ???????? 002 /wiki/SprechStunde
5bb4ca9.67 42f94090 043937 s ???????? 003 /wiki/WuenschBar
5bb4dff.57 5f6cb561 e4b041 h ???????? 002 /robots.txt
5bb4e03.1d 5f6cb561 e4b041 h ???????? 014 /
5bb4e37.65 42f94094 043937 s ???????? 002 /wiki/WunderKind
5bb4fc5.83 42f94090 043937 s ???????? 002 /wiki/EmBodiment
5bb4fc5.f1 c8642bea be37cc h ???????? 012 /
5bb5153.7a 42f94090 043937 s ???????? 003 /wiki/SvPoseidon
5bb5299.76 42f94086 043937 h ???????? 002 /wiki/BlutDruck
5bb52e1.61 42f94090 043937 s ???????? 002 /wiki/LebensGeist
5bb5361.24 42f95947 70a047 h ???????? 001 //rss.rdf
5bb546f.7d 42f94094 043937 s ???????? 003 /wiki/RauchVerbot
5bb54b1.e8 42f94094 622963 s ???????? 002 /wiki/ThomasKujawa
5bb55fd.73 42f94092 043937 s ???????? 007 /wiki/FrankMartin
5bb562a.a5 42f94088 043937 h ???????? 002 //wiki/PoolOfIdeas
5bb56bc.de bd71639d 702dd8 h ???????? 013 /
5bb578b.3c 42f9408a 043937 h ???????? 003 /wiki/InEducation
5bb5919.6c 42f94092 043937 s ???????? 002 /wiki/AnneGfrerer
5bb5aa7.ac 42f94092 043937 s ???????? 003 /wiki/SenftenBerg
5bb5bcd.4b 284da79a 6a88e8 h ???????? 001 /edit/35966001
5bb5c35.60 42f94090 043937 s ???????? 002 /.well-known/assetlinks.json
5bb5c36.16 42f94090 043937 s ???????? 002 /wiki/TransParency
5bb5c8f.0a 5f6cb561 e4b041 h ???????? 002 /robots.txt
5bb5c92.c6 5f6cb561 e4b041 h ???????? 013 /
5bb5d93.41 42f94092 622963 s ???????? 003 /wiki/KiloKayGroschen
5bb5dc3.5f 42f94094 043937 s ???????? 002 /wiki/OrkutProfile
5bb5e57.67 42f94088 043937 h ???????? 002 /wiki/BaLanc
5bb5f51.6c 42f94092 043937 s ???????? 003 /wiki/DoppelMoral
5bb60df.45 42f9408a 043937 h ???????? 003 /wiki/FriendOfAFriend
5bb616a.7e 42f94086 043937 h ???????? 003 //wiki/LockTeam
5bb626d.73 42f94092 043937 s ???????? 002 /wiki/WahrNehmung
5bb63fb.3f 42f94088 043937 h ???????? 003 /wiki/PlsSearchEverywhere
5bb64e0.93 3624953e 433e9c h ???????? 002 /edit/856001
5bb655e.a8 9d372709 6a88e8 s ???????? 001 /robots.txt
5bb6560.3a 9d372709 6a88e8 s ???????? 001 /robots.txt
5bb6567.2e cf2e0d70 6a88e8 s ???????? 01b /
5bb6589.66 42f94090 043937 s ???????? 003 /wiki/BrandsTwiete
5bb6694.1d 42f94092 622963 s ???????? 003 /wiki/WoZu
5bb670a.7f 42f94088 622963 h ???????? 015 /
5bb6717.5d 42f94094 043937 s ???????? 003 /wiki/LiebesEnergie
5bb68a5.36 42f94088 043937 h ???????? 003 /wiki/BernhardWagner
5bb68a9.af 284da79a 6a88e8 h ???????? 003 /wiki/MannOhneGeheimnisse
5bb6a00.39 9d372757 e39fc8 h ???????? 003 //wiki/VerFassung
5bb6a33.36 42f94088 043937 h ???????? 002 /wiki/ContextualUserInterfaces
5bb6bc1.38 42f94086 043937 h ???????? 003 //wiki/PieschenBank
5bb6caa.ea 42f94092 043937 s ???????? 003 /wiki/EigenWillig
5bb6f55.f7 42f94094 622963 s ???????? 003 /wiki/CoOp
5bb707e.c5 42f94092 043937 s ???????? 003 /wiki/PacoDiLucia
5bb70a6.a2 42f94088 043937 h ???????? 002 /wiki/SchedulingAlgorithms
5bb7173.16 42f95947 70a047 h ???????? 001 //rss.rdf
5bb724a.99 42f9408a 043937 h ???????? 021 /
5bb729a.c2 6baadb0e ef60d6 h ???????? 01c /
5bb7568.21 1fad7a83 702dd8 h ???????? 015 /
5bb7610.af 42f9408a 043937 h ???????? 002 /wiki/AppleIPad
5bb772e.2b 42f94088 043937 h ???????? 004 /wiki/PacoDiLucia
5bb77ea.82 42f94088 043937 h ???????? 003 /wiki/TryClj
5bb7837.2f 42f94092 622963 s ???????? 003 /wiki/SeTo
5bb784a.94 42f94090 043937 s ???????? 002 /wiki/BasicIncome
5bb78e1.f4 42f94088 043937 h ???????? 009 /wiki/PlayFul
5bb7d60.fc 42f94086 043937 h ???????? 002 /wiki/BasicIncome
5bb7d8a.62 42f94086 043937 h ???????? 002 /wiki/AdversoFlumine
5bb7e8f.f8 42f94090 043937 s ???????? 003 /wiki/KazikeHatney
5bb8118.40 42f94090 622963 s ???????? 003 /wiki/SeeLe
5bb815d.42 05096bd3 028fc4 h ???????? 002 /robots.txt
5bb8160.57 05096bd3 028fc4 h ???????? 015 /
5bb832a.87 42f9408a 043937 h ???????? 003 /wiki/PeterPick
5bb837a.18 42f9408a 043937 h ???????? 007 /wiki/SergeStinckwich
5bb844b.85 dcf388ae 2f0857 h ???????? 006 //wiki/futurelab2056
5bb844b.86 dcf3876f 2f0857 h ???????? 01d /
5bb844c.1f dcf38791 2f0857 h ???????? 002 //wiki/noopolis
5bb844e.5f dcf38706 2f0857 h ???????? 01b /
5bb862a.c2 42f94090 043937 s ???????? 003 /wiki/UnterNehmen
5bb8636.6b 7b7d43db 7bc0a6 h ???????? 002 /robots.txt
5bb86eb.c1 42f9408a 043937 h ???????? 003 /wiki/SpreadSheet
5bb883f.78 42f9408a 043937 h ???????? 004 /wiki/WuenschBar
5bb88ca.89 42f9408a 043937 h ???????? 003 /wiki/BigDog
5bb88f4.cd 5eb52da6 a397c6 h ???????? 017 /
5bb89f9.42 42f94092 622963 s ???????? 003 /wiki/BabyAi
5bb8a70.04 42f94086 043937 h ???????? 003 /wiki/SuperComp
5bb8aa2.b1 42f94088 043937 h ???????? 003 /wiki/MitWorld
5bb8adb.ad 42f94094 043937 s ???????? 003 /wiki/WorldWideWeb
5bb8c84.3e 42f94094 043937 s ???????? 003 /wiki/AdaLovelace
5bb8cdf.d4 42f9408a 043937 h ???????? 003 /wiki/SingularIro
5bb8d81.3c c73a56d3 028fc4 h ???????? 008 //robots.txt
5bb8d87.2d c73a56d3 028fc4 h ???????? 017 /
5bb8e21.29 42f95947 70a047 h ???????? 002 //rss.rdf
5bb8e6a.8f 42f94088 043937 h ???????? 003 /wiki/WahrNehm
5bb8f4b.37 bc709644 19c6c4 h ???????? 018 /
5bb9041.fc 42f9408a 043937 h ???????? 004 /wiki/BrandsTwiete
5bb9172.c3 42f94086 043937 h ???????? 003 /wiki/PoCoThinker
5bb9297.88 42f94090 043937 s ???????? 003 /wiki/DuesselDorf
5bb92d9.f4 42f94090 622963 s ???????? 00a /wiki/MusTer
5bb93df.ea 791c2672 2f8861 h ???????? 003 /bea_wls_deployment_internal
5bb93e3.b9 791c2672 2f8861 h ???????? 002 /bea_wls_deployment_internal
5bb940a.7c 42f94088 043937 h ???????? 003 /wiki/HjFr
5bb943f.ba 42f94094 043937 s ???????? 004 /wiki/JesusChrist
5bb94d1.25 2f4bc7ef 2b626e h ???????? 002 /robots.txt
5bb94d2.45 2f4bc7ef 2b626e h ???????? 01a /
5bb94d7.3a 2f4bc7ef 2b626e h ???????? 002 /xmlrpc.php
5bb94d7.ac 2f4bc7ef 2b626e h ???????? 002 /blog/robots.txt
5bb94d8.c4 2f4bc7ef 2b626e h ???????? 002 /blog/
5bb94d9.4a 2f4bc7ef 2b626e h ???????? 002 /wordpress/
5bb94da.a2 2f4bc7ef 2b626e h ???????? 002 /wp/
5bb94db.d0 2f4bc7ef 2b626e h ???????? 002 /robots.txt
5bb94dc.64 2f4bc7ef 2b626e h ???????? 001 /administrator/index.php
5bb94dd.7e 2f4bc7ef 2b626e h ???????? 002 /blog/robots.txt
5bb94df.84 2f4bc7ef 2b626e h ???????? 002 /blog/administrator/index.php
5bb94df.f8 2f4bc7ef 2b626e h ???????? 002 /joomla/robots.txt
5bb94e0.78 2f4bc7ef 2b626e h ???????? 001 /joomla/administrator/index.php
5bb94e1.d4 42f94086 043937 h ???????? 004 /wiki/JeanFrancoisNoubel
5bb94e2.07 2f4bc7ef 2b626e h ???????? 019 /
5bb94e4.aa 2f4bc7ef 2b626e h ???????? 002 /admin/index.php
5bb94e5.94 2f4bc7ef 2b626e h ???????? 002 /bitrix/admin/index.php
5bb94e7.39 2f4bc7ef 2b626e h ???????? 002 /robots.txt
5bb94ea.1f 2f4bc7ef 2b626e h ???????? 002 /robots.txt
5bb94ef.a4 2f4bc7ef 2b626e h ???????? 002 /robots.txt
5bb9761.65 42f94094 043937 s ???????? 004 /wiki/MindHacking
5bb980f.d6 42f94088 043937 h ???????? 004 /wiki/WhatDoYouDoInAMarket
5bb98ff.f0 42f94090 043937 s ???????? 005 /wiki/SeaSteading
5bb9a76.e3 42f94092 043937 s ???????? 004 /wiki/TuerOeffner
5bb9bbb.48 42f94094 622963 s ???????? 004 /wiki/ZyKlus
5bb9be4.bc 5f6cb561 e4b041 s ???????? 002 /robots.txt
5bb9be4.c8 8d088e98 e4b041 h ???????? 002 /robots.txt
5bb9be8.46 5f6cb561 e4b041 s ???????? 01a /
5bb9be8.7a 8d088e98 e4b041 h ???????? 023 /
5bb9c0e.22 42f94092 043937 s ???????? 003 /wiki/KarlLehmann
5bb9c61.d9 42f9408a 043937 h ???????? 003 /wiki/ReVision
5bb9e1b.6b 42f94090 043937 s ???????? 003 /wiki/SiliconWiki
5bb9f17.39 42f94092 043937 s ???????? 004 /wiki/SchnellBoot
5bb9f4a.89 42f94088 043937 h ???????? 004 /wiki/HoheitsGebiet
5bb9f5a.00 42f94092 043937 s ???????? 005 /wiki/TuringTest
5bba0cd.4d 42f94092 043937 s ???????? 004 /wiki/UserProfile
5bba0d6.00 d5b68933 3b1a00 h ???????? 005 /wiki/LinguWiki
5bba115.b2 42f94088 043937 h ???????? 004 /wiki/TuringTest
5bba230.cd 42f94094 043937 s ???????? 005 /wiki/WilburWright
5bba2a0.36 66a5308d a9e234 h ???????? 01d /
5bba3e1.fb 42f94094 043937 s ???????? 004 /wiki/SalimIsmail
5bba3f4.ec 42f94092 043937 s ???????? 004 /wiki/SingularityMind
5bba449.b2 42f94086 043937 h ???????? 004 /wiki/SchnellBoot
5bba4bd.f3 42f94090 622963 s ???????? 004 /wiki/VamPir
5bba4ea.83 42f94088 043937 h ???????? 004 /wiki/DavidGilbert
5bba544.3f 42f94086 043937 h ???????? 004 /wiki/NetzTeil
5bba6f6.41 42f94092 043937 s ???????? 004 /wiki/ThirdDegree
5bba75e.d7 42f94086 043937 h ???????? 005 /wiki/KarlLehmann
5bba84f.7d 546bae19 f54af9 h ???????? 01c /
5bba870.6d 42f94090 043937 s ???????? 004 /wiki/FirstDegree
5bba8fc.95 42f94088 043937 h ???????? 004 /wiki/RauchVerbot
5bbaa76.1d 42f94088 043937 h ???????? 004 /wiki/FirstDegree
5bbaa8a.ae 42f94088 043937 h ???????? 004 /wiki/LeiShi
5bbaaac.c2 b9d44308 cedf5c h ???????? 024 /
5bbaaba.96 42f94092 043937 s ???????? 003 /wiki/RaldLippold
5bbab57.1b 42f94088 043937 h ???????? 004 /wiki/ElbeRiver
5bbabfb.99 24493128 cedf5c h ???????? 01b /
5bbad2b.ec 42f94092 043937 s ???????? 004 /wiki/VaihingenEnz
5bbad7d.e6 42f94090 622963 s ???????? 004 /wiki/VerEin
5bbad7e.b7 42f94088 043937 h ???????? 004 /wiki/ThirdDegree
5bbae39.d7 42f94088 043937 h ???????? 005 /wiki/RealName
5bbaebb.e3 42f94090 043937 s ???????? 004 /wiki/FrancisCrick
5bbaf0b.6e 42f9594b 70a047 h ???????? 002 //rss.rdf
5bbb02a.9b 42f94086 043937 h ???????? 004 /wiki/ManfredEigen
5bbb06c.d2 42f94090 043937 s ???????? 004 /wiki/SportPortal
5bbb0c6.78 42f9408a 043937 h ???????? 004 /wiki/FleischWelt
5bbb1ce.40 284da79a 6a88e8 h ???????? 004 /wiki/MindBroker
5bbb240.92 42f9408a 043937 h ???????? 009 /wiki/SportPortal
5bbb38b.59 42f94094 043937 s ???????? 004 /wiki/MindChildren
5bbb4cd.31 42f94094 043937 s ???????? 00d /wiki/StockMarket
5bbb54c.54 b009046a 18b492 h ???????? 003 /robots.txt
5bbb54c.87 b009046a 18b492 h ???????? 003 /robots.txt
5bbb54c.b2 b009046a 18b492 h ???????? 002 /sitemap.xml
5bbb550.fc b009046a 18b492 h ???????? 003 /sitemap.xml
5bbb56c.7f b009046a 18b492 h ???????? 005 /wiki/ZugWiki
5bbb59b.6e 36e09618 b846b5 s ???????? 001 /robots.txt
5bbb59b.99 36e09618 b846b5 s ???????? 015 /edit/123095002
5bbb5a7.5c 36e09618 b846b5 s ???????? 002 /wiki/WeWa
5bbb5ae.69 36e09618 b846b5 s ???????? 073 /hls
5bbb5b0.c6 36e09618 b846b5 s ???????? 010 /
5bbb5b2.ec 36e09618 b846b5 s ???????? 002 /wiki/DreiWetterHaft
5bbb5b5.06 36e09618 b846b5 s ???????? 001 /wiki/BitLand
5bbb5b7.26 36e09618 b846b5 s ???????? 001 /edit/58465038
5bbb5b9.51 36e09618 b846b5 s ???????? 06c /ls
5bbb5bb.66 36e09618 b846b5 h ???????? 001 /robots.txt
5bbb5bb.95 36e09618 b846b5 h ???????? 011 /
5bbb5ca.74 42f9408a 043937 h ???????? 002 /wiki/SchirmHerr
5bbb65f.48 42f94090 622963 s ???????? 002 /wiki/MaChina
5bbb67e.ed 42f94086 043937 h ???????? 002 /wiki/OnLibertarianism
5bbb68b.49 42f94094 043937 s ???????? 002 /wiki/WahrerMensch
5bbb73a.e2 42f94086 043937 h ???????? 002 /wiki/MindFloor
5bbb819.73 42f94090 043937 s ???????? 003 /wiki/ErnstHeller
5bbba0b.d1 42f94086 043937 h ???????? 002 /wiki/SalimIsmail
5bbbb2f.2c c16a1e62 b14930 h ???????? 045 /interst.php
5bbbb36.51 42f94092 043937 s ???????? 002 /wiki/GooglePower
5bbbb6a.7d 42f94086 043937 h ???????? 002 /wiki/NicoKrause
5bbbc03.b6 284da79a 6a88e8 h ???????? 003 /wiki/KabiNett
5bbbcc4.6f 42f94090 043937 s ???????? 002 /wiki/OliverBerger
5bbbe52.6c 42f94090 043937 s ???????? 003 /wiki/ViktorFrankl
5bbbf40.41 42f94092 622963 s ???????? 003 /wiki/FrohSch
5bbc07f.c9 b17ec847 cdfc4d h ???????? 013 /
5bbc10a.73 42f94086 043937 h ???????? 002 /wiki/JanaDiesner
5bbc14e.20 42f94092 043937 s ???????? 002 /wiki/SocialMedia
5bbc30a.f6 36249439 433e9c h ???????? 001 /edit/27326002
5bbc31a.c4 42f94090 043937 s ???????? 002 /wiki/TerraForming
5bbc369.2d c116521c 5833b0 h ???????? 002 /wiki/SemperNote2012Q2
5bbc47f.a9 42f94094 043937 s ???????? 002 /wiki/WechselKurs
5bbc4fa.a2 42f9408a 043937 h ???????? 002 /wiki/TuerOeffner
5bbc5e8.9f b9ead9bc 3a5a31 h ???????? 002 /wp-login.php
5bbc61b.ff 42f94094 043937 s ???????? 004 /wiki/SpiegelWelt
5bbc6aa.7c 42f94088 043937 h ???????? 002 /wiki/GoldenReiter
5bbc7ed.ef 42f94094 043937 s ???????? 003 /wiki/AusErwaehlt
5bbc821.65 42f94090 622963 s ???????? 008 /wiki/KonTakt
5bbc8bf.40 42f94088 043937 h ???????? 002 /wiki/RealWorld
5bbc9b2.84 42f94094 043937 s ???????? 002 /wiki/EvaJaehnigen
5bbcaf5.f0 be5e8bc5 cedf5c h ???????? 015 /
5bbcaf6.76 be5e8bc5 cedf5c h ???????? 013 /
5bbcc39.1d 42f94090 043937 s ???????? 003 /wiki/GeordieRose
5bbcc4a.78 42f94088 043937 h ???????? 003 /wiki/TruthRoom
5bbccaa.10 42f94086 043937 h ???????? 002 /wiki/AusErwaehlt
5bbcd6d.97 7444c31e be37cc h ???????? 01d /
5bbcde6.04 42f94092 043937 s ???????? 003 /wiki/EwaldFlugel
5bbce37.92 3cbf264d 24f5f0 s ???????? 01c /
5bbced9.99 42f94086 043937 h ???????? 002 /wiki/WNBdL0vd6Z
5bbcf74.68 42f94090 043937 s ???????? 003 /wiki/KfzDiagnose
5bbd102.77 42f94092 622963 s ???????? 003 /wiki/AynRand
5bbd103.e4 42f94090 043937 s ???????? 002 /wiki/EckhartTolle
5bbd1a5.25 42f95947 70a047 h ???????? 001 //rss.rdf
5bbd1ea.93 42f9408a 043937 h ???????? 003 /wiki/SarahPalin
5bbd296.fb 42f9408a 043937 h ???????? 003 /wiki/EwaldFlugel
5bbd41e.79 42f94090 043937 s ???????? 002 /wiki/EmilJungmann
5bbd5ac.30 42f9408a 043937 h ???????? 003 /wiki/SpiegelWelt
5bbd73a.4b 42f94088 043937 h ???????? 003 /wiki/TimeDesign
5bbd78a.7b 42f94086 043937 h ???????? 003 /wiki/KommuneZwei
5bbd86c.d3 4e29aecb 2f8861 h ???????? 002 /bea_wls_deployment_internal
5bbd8c8.61 42f94092 043937 s ???????? 002 /wiki/SpaceLiftAg
5bbd9e3.44 42f94090 622963 s ???????? 003 /wiki/KeirSey
5bbda56.1d 42f94090 043937 s ???????? 003 /wiki/WernerAmon
5bbdbe4.71 42f94092 043937 s ???????? 003 /wiki/FriedrichStr
5bbdc48.78 3624966a 433e9c h ???????? 002 //robots.txt
5bbdd2a.8a 42f94088 043937 h ???????? 003 /wiki/RainerWasserfuhrHasKissed
5bbdd72.31 42f94086 043937 h ???????? 002 /wiki/DavidDeutsch
5bbdd9b.68 42f94086 043937 h ???????? 002 //robots.txt
5bbde7b.c8 42f94088 043937 h ???????? 003 //wiki/RainerWasserfuhrCv
5bbde85.26 b63dab39 2f8861 h ???????? 001 /bea_wls_deployment_internal
5bbde86.8e b63dab39 2f8861 h ???????? 002 /bea_wls_deployment_internal
5bbdf00.6f 42f94094 043937 s ???????? 003 /wiki/WorldSenate
5bbe094.6e 42f94090 043937 s ???????? 003 /wiki/DistanzSpiel
5bbe21d.59 42f94094 043937 s ???????? 003 /wiki/SolarSystem
5bbe2ca.80 42f9408a 043937 h ???????? 003 /wiki/ViAf
5bbe2d6.79 42f94090 622963 s ???????? 003 /wiki/MrPlato
5bbe2ed.74 b9ead913 0e3ed3 h ???????? 004 //wiki/RainerWasserfuhr
5bbe2f0.38 b9ead913 0e3ed3 h ???????? 003 //wiki/RainerWasserfuhr
5bbe2f2.ba b9ead913 0e3ed3 h ???????? 003 //wiki/RainerWasserfuhr%2C%29.%27%22.%29.%28%28
5bbe2f3.89 b9ead913 0e3ed3 h ???????? 002 //wiki/RainerWasserfuhr%27NhkLZx%3C%27%22%3EUQHbxI
5bbe3ab.73 42f94092 043937 s ???????? 003 /wiki/GedankenWelt
5bbe539.7a 42f94090 043937 s ???????? 003 /wiki/BirthdayTwin
5bbe6c7.89 42f94090 043937 s ???????? 003 /wiki/HelmutRubein
5bbe855.74 42f94090 043937 s ???????? 003 /wiki/MailboxHiPo
5bbe865.4e d4e07610 043937 h ???????? 002 /wiki/SemperNote2012Q2
5bbe86a.74 42f94086 043937 h ???????? 002 /wiki/RalphMerkle
5bbe94e.e9 57d21156 dc1a18 h ???????? 018 /
5bbe94f.8e 57d21156 dc1a18 h ???????? 001 //https://floatingboat2013.appspot.com
5bbe950.2d 57d21156 dc1a18 h ???????? 003 //wiki/AlanTuring
5bbe950.a9 57d21156 dc1a18 h ???????? 003 //wiki/GottfriedWilhelmLeibniz
5bbe99a.5b 42f94092 043937 s ???????? 003 /wiki/VlSi
5bbe9e3.25 42f94092 043937 s ???????? 004 /wiki/CranCanaria
5bbeb71.70 42f94090 043937 s ???????? 003 /wiki/WaldRohrBach
5bbeba5.f5 42f94094 622963 s ???????? 003 /wiki/VerKauf
5bbecff.7f 42f94094 043937 s ???????? 003 /wiki/RainerHelmes
5bbee0a.bb 42f94094 043937 s ???????? 003 /wiki/PeterLErdos
5bbee8d.77 42f94090 043937 s ???????? 004 /wiki/LuigiColani
5bbf01b.79 42f94094 043937 s ???????? 003 /wiki/DueDiligence
5bbf1a9.76 42f94092 043937 s ???????? 004 /wiki/SemperGoettin
5bbf238.dd 2ee5a183 d05934 h ???????? 003 //wiki/ChristianHeller
5bbf26a.b6 42f94088 043937 h ???????? 003 /wiki/EinGang
5bbf2d2.f5 8e04d971 554020 h ???????? 002 /rss.rdf
5bbf337.7e 42f94094 043937 s ???????? 004 /wiki/UnitedNations
5bbf3aa.79 42f94086 043937 h ???????? 003 /wiki/FeliciaCopaciu
5bbf40b.25 42f95947 70a047 h ???????? 002 //rss.rdf
5bbf479.1e 5e824263 18b492 h ???????? 002 /robots.txt
5bbf4a8.f6 42f94090 622963 s ???????? 003 /wiki/SintFlut
5bbf4c5.37 42f94088 043937 h ???????? 004 /wiki/EckhardBeyer
5bbf53c.57 42f94088 043937 h ???????? 003 /wiki/StreetWise
5bbf653.6f 42f9408a 043937 h ???????? 004 /wiki/JayEff
5bbf7e1.ac 42f94090 043937 s ???????? 004 /wiki/LoolaPrinzip
5bbf94a.99 42f94086 043937 h ???????? 004 /wiki/SaschaLobo
5bbf96f.78 42f94094 043937 s ???????? 004 /wiki/BrettOConnor
5bbfafd.7b 42f94094 043937 s ???????? 004 /wiki/KlausWowereit
5bbfc8b.86 42f94052 043937 s ???????? 004 /wiki/MenInBlackIi
5bbfd68.ec 42f94052 622963 s ???????? 003 /wiki/TungleMe
5bbfe19.7d 42f94050 043937 s ???????? 003 /wiki/PrivatSphaere
5bbfeea.d2 42f94054 043937 s ???????? 003 /wiki/SelbstErnannt
5bbffa7.6e 42f94054 043937 s ???????? 004 /wiki/BusinessRebell
