5c10061.ab 5e9ef411 d31227 h ???????? 024 /
5c10062.f8 5e9ef411 d31227 h ???????? 01c /
5c10064.54 5e9ef411 d31227 h ???????? 01a /
5c10065.a9 5e9ef411 d31227 h ???????? 002 /wp-login.php
5c10066.ed 5e9ef411 d31227 h ???????? 01a /
5c10068.36 5e9ef411 d31227 h ???????? 06a /index.php
5c10077.3e 42f942c8 043937 h ???????? 004 /wiki/HeidelBerg
5c10205.4e 42f942ca 043937 h ???????? 004 /wiki/FrancGrimm
5c10291.3a 42f942c8 043937 h ???????? 003 /wiki/UteMoritz
5c10393.74 42f942d2 043937 s ???????? 004 /wiki/JeffBoyer
5c10521.90 42f942d2 043937 s ???????? 004 /wiki/BikeCount
5c106af.3a 42f942c8 043937 h ???????? 005 /wiki/HeikeLicht
5c1073d.a2 42f942d4 622963 s ???????? 005 /wiki/FalscheLoch
5c1083d.86 42f942d4 043937 s ???????? 005 /wiki/KaosPilot
5c10863.52 42f942c6 043937 h ???????? 006 /wiki/GoogleOs
5c10904.a9 b2a548b1 079956 h ???????? 01f /
5c10905.c6 2e693441 079956 h ???????? 01c /
5c1090b.89 33ffca42 079956 h ???????? 01d /
5c1090c.4f 33ffca42 079956 h ???????? 002 //wp-login.php
5c1090c.aa 33ffca42 079956 h ???????? 010 /
5c1090c.fe 33ffca42 079956 h ???????? 001 //index.php
5c1090d.5d 33ffca42 079956 h ???????? 004 //user/register
5c10985.47 42f942c8 043937 h ???????? 002 /wiki/InternetOfThinking
5c109cd.95 42f942d0 043937 s ???????? 002 /wiki/NasaCoLab
5c10a83.e4 42f942d4 043937 s ???????? 003 /wiki/InterWiki
5c10abd.9c 3624966a 433e9c h ???????? 001 /robots.txt
5c10abf.c4 bd4e8d57 19c6c4 h ???????? 016 /
5c10b5a.24 42f942c6 043937 h ???????? 003 /wiki/UlfMerbold
5c10b5b.bc 3cbf264d 24f5f0 s ???????? 016 /
5c10ce8.2c 42f942c6 043937 h ???????? 002 /wiki/LandBremen
5c10e76.6c 42f942d4 043937 s ???????? 002 /wiki/LocatedIn
5c1102d.ab 42f942d0 622963 s ???????? 002 /wiki/GoogleEarth2012
5c11092.70 42f942ca 043937 h ???????? 002 /wiki/ArtToys
5c110ff.62 b9baf1ae be37cc h ???????? 01a /
5c11192.61 42f942d4 043937 s ???????? 004 /wiki/XingGroup
5c112e6.dd 42f942c6 043937 h ???????? 002 /wiki/ImPressum
5c11320.61 42f942d0 043937 s ???????? 002 /wiki/MindKodex
5c1133d.c9 2f63a9ed eaf401 h ???????? 018 /
5c114ae.65 42f942d4 043937 s ???????? 002 /wiki/VanCouver
5c1163f.e0 42f942d4 043937 s ???????? 002 /wiki/BlutDruck
5c1179e.e9 42f942d4 043937 s ???????? 006 /edit/245305001
5c117cb.3b 42f942d2 043937 s ???????? 003 /wiki/BoardSize
5c118b3.e3 42f95cc9 70a047 h ???????? 001 //rss.rdf
5c11900.86 42f942d0 622963 s ???????? 002 /wiki/AgnesWasserfuhr
5c11959.61 42f942d2 043937 s ???????? 002 /wiki/AldoCroci
5c11a22.64 42f942ca 043937 h ???????? 002 /wiki/KunstWerk
5c11ae7.2f 42f942c6 043937 h ???????? 003 /wiki/ThaboMbeki
5c11c3e.fc 42f942d4 043937 s ???????? 003 /wiki/MindPhone
5c11c75.5a 42f942d0 043937 s ???????? 002 /wiki/CoeVorden
5c11d1f.88 42f942c8 043937 h ???????? 002 /wiki/KlarTraum
5c11e03.92 42f942d0 043937 s ???????? 007 /wiki/BaLanc
5c11eb2.90 42f9423c 043937 h ???????? 013 /
5c11eb5.9c 42f94238 ab3bd9 h ???????? 001 /feel/4
5c11eb5.f1 42f94238 ab3bd9 h ???????? 002 /feel/8
5c11eb6.6a 42f9423c ab3bd9 h ???????? 013 /feel/10
5c11eb8.7b 42f94238 043937 h ???????? 003 /wiki/AlanTuring
5c11f91.39 42f942c8 043937 h ???????? 008 /wiki/StadtBremen
5c1200f.20 9d3727e8 6a88e8 h ???????? 003 /wiki/LockSchuppen
5c12083.cb 5f6cb561 e4b041 h ???????? 002 /robots.txt
5c12084.17 8d088e98 e4b041 s ???????? 001 /robots.txt
5c12087.8b 5f6cb561 e4b041 h ???????? 01c /
5c12087.c0 8d088e98 e4b041 s ???????? 014 /
5c120c8.50 9d37279a 6a88e8 h ???????? 002 /wiki/GlobusCassus
5c1211f.61 42f942d4 043937 s ???????? 003 /wiki/PlayFul
5c121eb.6c 42f942d0 622963 s ???????? 003 /wiki/WernerWasserfuhr
5c122ad.67 42f942d4 043937 s ???????? 003 /wiki/MarkGraban
5c1243b.38 42f942ca 043937 h ???????? 002 /wiki/KalkScheune
5c125c9.9c 42f942d0 043937 s ???????? 003 /wiki/WikiEngine
5c1262c.c4 8ba24e87 186d9a s ???????? 01b /
5c12757.6a 42f942d0 043937 s ???????? 002 /wiki/TurkNumber
5c127f3.33 42f942c6 043937 h ???????? 002 /wiki/HbDc
5c128e5.79 42f942d0 043937 s ???????? 003 /wiki/StreetWise
5c12a58.f6 42f942c6 043937 h ???????? 003 /wiki/SuDi
5c12a73.2a 42f942ca 043937 h ???????? 003 /wiki/SemWiki2008
5c12ac2.f7 42f942d0 622963 s ???????? 003 /wiki/GlaesernerMensch
5c12c01.3c 42f942ca 043937 h ???????? 002 /wiki/UnTil2008Q2
5c12d8f.6a 42f942d0 043937 s ???????? 003 /wiki/LauraBlack
5c12e2a.e2 42f942d2 043937 s ???????? 002 /wiki/ChipWafer
5c12e85.c3 9d37279a 6a88e8 h ???????? 003 /wiki/BalticDryIndex
5c12f1d.72 42f942d4 043937 s ???????? 003 /wiki/ColDuthie
5c130ab.6b 42f942d2 043937 s ???????? 003 /wiki/AmartyaSen
5c13239.84 42f942d0 043937 s ???????? 003 /wiki/AdamKahane
5c132f3.16 2e994879 cedf5c h ???????? 031 /
5c132f3.17 2e994879 702dd8 h ???????? 027 /
5c133a4.3d 42f942d2 622963 s ???????? 003 /wiki/PoTs
5c133b6.19 42f942c6 043937 h ???????? 003 /wiki/TanzInes
5c133c7.6b 42f942d0 043937 s ???????? 003 /wiki/PeterSenge
5c13407.a4 b44c0f09 a04d28 h ???????? 54c /memo
5c13555.48 42f942c6 043937 h ???????? 004 /wiki/StefanBudian
5c13586.70 9f59b0e7 d1bfbb h ???????? 014 /
5c1358f.e6 9f59b0e7 96abfb h ???????? 001 /robots.txt
5c13695.89 54c07708 3ff1c6 h ???????? 003 /wp-links-opml.php
5c13697.36 54c07708 1ccd08 h ???????? 002 /license.txt
5c13699.d2 54c07708 5a5004 h ???????? 008 /xmlrpc.php
5c1369c.2c 54c07708 41c7e8 h ???????? 002 /wp-includes/wlwmanifest.xml
5c1369f.0b 54c07708 3ff1c6 h ???????? 001 /readme.html
5c136a0.d0 54c07708 fbb0fe h ???????? 002 /wp-login.php
5c136a2.62 54c07708 7f0403 h ???????? 01a /
5c1370e.fd 42f942d2 043937 s ???????? 003 /wiki/ComPassion
5c137c4.56 42f942c6 043937 h ???????? 003 /wiki/WeltFrieden
5c13872.50 42f942d2 043937 s ???????? 003 /wiki/CarloRatti
5c13a00.3b 42f942c6 043937 h ???????? 004 /wiki/ThomasGigold
5c13ae0.d6 42f95cc7 70a047 h ???????? 002 //rss.rdf
5c13b01.39 3624966d 433e9c h ???????? 002 /robots.txt
5c13b8e.32 42f942c8 043937 h ???????? 004 /wiki/HebbelAmUfer
5c13ca7.0a 42f942d4 622963 s ???????? 003 /wiki/LoMo
5c13d1c.61 42f942d0 043937 s ???????? 003 /wiki/AlredHanner
5c13eaa.39 42f942c6 043937 h ???????? 003 /wiki/DieterLudwig
5c13f97.73 42f942d2 043937 s ???????? 002 /edit/249085001
5c13fa5.3a 676c7f8d 42637e h ???????? 002 /wls-wsat/CoordinatorPortType
5c1400b.9b 98f91ab8 cedf5c h ???????? 018 /
5c1403e.ac 42f942c6 043937 h ???????? 003 /wiki/AngelaMerkel
5c140b4.0c 42f942c8 043937 h ???????? 003 /wiki/RauschenBach
5c141c7.61 42f942d0 043937 s ???????? 003 /wiki/BaconNumber
5c141d8.67 42f942c6 043937 h ???????? 018 /
5c142d6.a0 c16a1e62 b14930 h ???????? 002 /wp-content/themes/twentytwelve/404.php
5c14355.70 42f942d0 043937 s ???????? 003 /wiki/LeagueTable
5c144e3.b2 42f942d4 043937 s ???????? 003 /wiki/JensLehmann
5c14500.cb bc486709 8dfdca h ???????? 023 /
5c14501.c1 bc486709 8dfdca h ???????? 002 //https://floatingboat2013.appspot.com
5c14502.af bc486709 8dfdca h ???????? 003 //wiki/AlanTuring
5c14503.98 bc486709 8dfdca h ???????? 003 //wiki/GottfriedWilhelmLeibniz
5c14504.85 bc486709 8dfdca h ???????? 002 //https://floatingboat2013.appspot.com/UrPic
5c14505.7b bc486709 8dfdca h ???????? 002 //https://floatingboat2013.appspot.com/ad
5c14506.6b bc486709 8dfdca h ???????? 001 //https://sl4.eu/hls
5c14507.5c bc486709 8dfdca h ???????? 002 //https://sl4.eu/ls
5c14508.56 bc486709 8dfdca h ???????? 002 //https://sl4.eu/sh
5c14509.3f bc486709 8dfdca h ???????? 002 //https://www.youtube.com/watch
5c1456d.69 42f942d2 622963 s ???????? 003 /wiki/InVit
5c14671.65 42f942d0 043937 s ???????? 003 /wiki/DirkSpannaus
5c14695.b3 42f942c6 622963 h ???????? 01a /
5c147ff.47 42f942c8 043937 h ???????? 004 /wiki/IdentityCamp
5c14818.c9 c6392ed1 befe45 h ???????? 002 //rss.rdf
5c1498d.45 42f942c6 043937 h ???????? 004 /wiki/GruenderTreff
5c14a52.33 c95ed1b1 cdfc4d h ???????? 01a /
5c14b1b.77 42f942d4 043937 s ???????? 003 /wiki/AntjeLippold
5c14ca9.71 42f942d4 043937 s ???????? 004 /wiki/PastProjects
5c14da4.6f 42f942ca 043937 h ???????? 004 /wiki/SemperOpernBall
5c14e37.82 42f942d2 043937 s ???????? 003 /wiki/HomeExchange
5c14e48.45 42f942d2 622963 s ???????? 003 /wiki/MuSic
5c14e8d.d9 02cb14dc 3aff35 h ???????? 004 /wiki/PsychoPhilosophie
5c14fc5.76 42f942d4 043937 s ???????? 004 /wiki/BerndNaumann
5c15153.7c 42f942d2 043937 s ???????? 004 /wiki/TippingPoint
5c15194.28 42f942d2 043937 s ???????? 004 /wiki/AmHs
5c1525b.ba 42f942ca 043937 h ???????? 003 /wiki/AdminOcracy
5c15260.ae 3624966a 433e9c h ???????? 002 //robots.txt
5c152d5.d7 c1a9fc5a c5e558 h ???????? 003 /wp-login.php
5c152d6.a2 c1a9fc5a 0805c1 h ???????? 002 /wp-login.php
5c152e1.a9 42f942d0 043937 s ???????? 003 /wiki/KindEinsNull
5c153e5.97 42f954ee 002725 h ???????? 003 /favicon.ico
5c1546f.72 42f942d0 043937 s ???????? 003 /wiki/RachelReagan
5c154ac.d1 42f942c6 043937 h ???????? 003 /wiki/LimitOrder
5c155e4.58 9d37279a 6a88e8 h ???????? 004 /wiki/PuffCafe
5c155fd.3e 42f942c6 043937 h ???????? 004 /wiki/CastingThings
5c156f9.19 42f942d0 043937 s ???????? 002 /edit/228155001
5c15729.ea 42f942d0 622963 s ???????? 00c /wiki/HiRes
5c1578b.3c 42f942c6 043937 h ???????? 003 /wiki/MadlenWenerski
5c157fe.be 42f95cc7 70a047 h ???????? 002 //rss.rdf
5c158fe.a3 b2ffd754 c51fdf h ???????? 002 /robots.txt
5c15919.4a 42f942c6 043937 h ???????? 004 /wiki/EmotionalLabour
5c15938.e8 9d372745 6a88e8 h ???????? 004 /wiki/LionKimbro
5c15aa8.74 42f942d2 043937 s ???????? 004 /wiki/AlfredHanner
5c15b54.ae 42f942c8 043937 h ???????? 004 /wiki/PhiLe
5c15c36.3e 42f942ca 043937 h ???????? 004 /wiki/%22%20wikiName%20%22
5c15dc4.79 42f942d0 043937 s ???????? 004 /wiki/MarcLombardi
5c15f52.77 42f942d2 043937 s ???????? 004 /wiki/NicanosPerlas
5c1600b.46 42f942d0 622963 s ???????? 004 /wiki/InTro
5c16053.53 42f942ca 043937 h ???????? 01c /love/1e
5c160e0.49 42f942c8 043937 h ???????? 004 /wiki/SchoolEducation
5c16129.38 42f942c6 043937 h ???????? 003 /wiki/BikeCount
5c1619b.44 05bcd20a d4bfc5 h ???????? 004 /wiki/CommunityWiki
5c1626e.73 42f942d4 043937 s ???????? 004 /wiki/SenseableCityLab
5c16335.68 42f942d0 043937 s ???????? 004 /wiki/CleanRoom
5c1638a.ad 42f942c8 622963 h ???????? 004 /wiki/FreyNummer
5c163fc.40 42f942c6 043937 h ???????? 004 /wiki/TechnischeSammlungen
5c16459.1f 42f942c8 043937 h ???????? 002 //robots.txt
5c164ba.0c 56f24d39 3eff72 h ???????? 01c /19CB6B8BBC03-2AB00C
5c16526.e1 42f942ca 043937 h ???????? 004 //wiki/GoodByeKurzweil
5c1658a.72 42f942d4 043937 s ???????? 004 /wiki/DrkPflegeheimPieschen
5c16718.bd 42f942d4 043937 s ???????? 002 /wiki/SolGlobalForum
5c168a6.63 42f942c6 043937 h ???????? 005 /wiki/ClaudiaMoennicke
5c168a6.69 42f942ca 043937 h ???????? 001 /robots.txt
5c168eb.69 9d3727e8 6a88e8 h ???????? 002 /wiki/LockSchuppen
5c168ef.72 42f942d2 622963 s ???????? 002 /wiki/DelSl
5c1693b.f0 67726b83 dc1a18 h ???????? 018 /
5c1693c.d7 67726b83 dc1a18 h ???????? 001 //https://floatingboat2013.appspot.com
5c1693d.af 67726b83 dc1a18 h ???????? 002 //wiki/AlanTuring
5c1693e.a2 67726b83 dc1a18 h ???????? 002 //wiki/GottfriedWilhelmLeibniz
5c1693f.8e 67726b83 dc1a18 h ???????? 001 //https://floatingboat2013.appspot.com/UrPic
5c16940.64 67726b83 dc1a18 h ???????? 001 //https://floatingboat2013.appspot.com/ad
5c16941.46 67726b83 dc1a18 h ???????? 001 //https://sl4.eu/hls
5c16942.3a 67726b83 dc1a18 h ???????? 006 //https://sl4.eu/ls
5c16943.1c 67726b83 dc1a18 h ???????? 001 //https://sl4.eu/sh
5c16944.10 67726b83 dc1a18 h ???????? 001 //https://www.youtube.com/watch
5c1694d.a9 5f6cb561 e4b041 h ???????? 001 /robots.txt
5c16951.6f 5f6cb561 e4b041 h ???????? 010 /
5c169af.aa 42f942ca 043937 h ???????? 014 /1
5c16a34.5e 42f942d4 043937 s ???????? 002 /wiki/JeanneClaudeDenatDeGuillebon
5c16bc2.6c 42f942d2 043937 s ???????? 002 /wiki/WorldFutureForum
5c16d50.5e 42f942d4 043937 s ???????? 003 /wiki/ChristineSchlinck
5c16e6c.8f 42f942c6 043937 h ???????? 002 /wiki/PieschenTv
5c16ede.2a 42f942c8 043937 h ???????? 002 /wiki/DeFine
5c16f66.17 9d37279a 6a88e8 h ???????? 002 /wiki/GlobusCassus
5c1706c.48 42f942ca 043937 h ???????? 002 /wiki/AiWiki
5c171d0.78 42f942d2 622963 s ???????? 003 /wiki/XingId
5c171f5.ab cf2e0d47 6a88e8 h ???????? 001 /edit/45136018
5c171fa.28 42f942c8 043937 h ???????? 002 /wiki/SteuerFinanzierung
5c1728b.b0 cf2e0d47 6a88e8 h ???????? 003 /wiki/NetBook
5c17388.33 42f942ca 043937 h ???????? 002 /wiki/PlayFul
5c174dc.f1 42f942c8 043937 h ???????? 002 /crush
5c17516.2e 42f942c6 043937 h ???????? 003 /wiki/PleaseHelp
5c17552.24 42f95ccb 70a047 h ???????? 006 //rss.rdf
5c17576.6c 42f942d4 043937 s ???????? 001 /edit/245275002
5c17594.e4 42f942c8 622963 h ???????? 001 /crush
5c175ae.96 d111615a 14defb h ???????? 018 /
5c1766c.b1 cf2e0d47 6a88e8 h ???????? 003 /wiki/WikiWall
5c176be.fc 42f942ca 043937 h ???????? 007 /wiki/PreVents
5c176fc.4f d111616a 14defb s ???????? 01b /
5c177c3.8c 42f942ca 043937 h ???????? 003 /wiki/FridemarPache
5c17833.0e 42f942c6 043937 h ???????? 003 /wiki/NoerrStiefenhoferLutz
5c179c1.32 42f942c6 043937 h ???????? 002 /wiki/TurkPath
5c17a2c.91 42f942c6 043937 h ???????? 003 /wiki/MindBrowser
5c17ac8.9f 42f942d2 622963 s ???????? 003 /wiki/CybOrg
5c17b4f.68 42f942d4 043937 s ???????? 003 /wiki/GlobalForum2008Public
5c17b79.06 dcf38803 2f0857 h ???????? 014 //wiki/pieschentv
5c17b79.0a dcf38842 2f0857 h ???????? 017 /wiki/libbthims
5c17b79.0b dcf387c0 2f0857 h ???????? 017 //wiki/annewillsingularity
5c17b79.16 dcf38842 2f0857 h ???????? 003 //wiki/rainerwasserfuhrcv
5c17b79.13 dcf38842 2f0857 h ???????? 00b /wiki/lockschuppenbusinessplan
5c17b79.17 dcf38881 2f0857 h ???????? 003 //wiki/noopolis
5c17c6e.15 bb7887e4 cedf5c h ???????? 01a /
5c17cc0.d1 b8ae3afe 85c767 h ???????? 01b /
5c17cdd.37 42f942c6 043937 h ???????? 003 /wiki/MoGh
5c17d3c.e2 cf2e0d47 6a88e8 h ???????? 003 /wiki/MindFloor
5c17e5a.dc 7042d07f 5c1137 h ???????? 020 /
5c17e6b.26 42f942c8 043937 h ???????? 002 /wiki/UstId
5c17ff9.6b 42f942c6 043937 h ???????? 003 /wiki/MuSic
5c18182.d8 b44c0f8d fa643b h ???????? 006 /robots.txt
5c18182.db b44c0f21 fa643b h ???????? 002 /robots.txt
5c181ae.2e 42f942c6 043937 h ???????? 002 /wiki/BaLanc
5c18209.7e b44c0f0c a04d28 h ???????? 015 /
5c18312.f5 b44c0f11 a04d28 h ???????? 014 /
5c18316.17 42f942c6 043937 h ???????? 003 /wiki/KaiZen
5c18391.3f 42f942d4 043937 s ???????? 002 /robots.txt
5c18391.c2 42f942d2 622963 s ???????? 003 /wiki/AlGore
5c18488.7d d1116102 14defb h ???????? 015 /
5c184a4.28 42f942c8 043937 h ???????? 008 /wiki/JayLeno
5c184d1.39 42f942c8 043937 h ???????? 002 /wiki/TagCloud
5c18543.a6 5fa3ff6d 399ff9 h ???????? 002 /robots.txt
5c18544.27 5fa3ff6a 399ff9 h ???????? 016 /love/1e
5c18632.5f 42f942c8 043937 h ???????? 003 /wiki/DonGreer
5c18651.92 42f942c6 043937 h ???????? 002 /robots.txt
5c18671.72 5fa3ff72 399ff9 h ???????? 002 /robots.txt
5c18672.77 5fa3ff76 399ff9 h ???????? 014 /wiki/127001
5c186ec.67 42f942d4 043937 s ???????? 003 /wiki/SocialGame
5c187c0.2e 42f942c8 043937 h ???????? 003 /wiki/MindRole
5c187d3.3c cf2e0d47 6a88e8 h ???????? 002 /blobs
5c1882c.d0 42f942ca 043937 h ???????? 003 /wiki/NacktSichtBrille
5c1894e.42 42f942ca 043937 h ???????? 003 /wiki/BelaAnda
5c189bd.72 9d372745 6a88e8 h ???????? 016 /
5c18a8b.bc 42f942ca 043937 h ???????? 003 /wiki/LockSchuppenDe
5c18b2b.50 33260c17 a397c6 s ???????? 016 /
5c18c6a.43 42f942ca 043937 h ???????? 005 /wiki/MindKodex
5c18c72.2c 42f942d0 622963 s ???????? 003 /wiki/TwitId
5c18df8.3d 42f942c8 043937 h ???????? 004 /wiki/NasaCoLab
5c18edd.7b 9d37279a 6a88e8 h ???????? 004 /wiki/GooglePlus
5c18f3d.b6 42f942c8 043937 h ???????? 003 /wiki/DreWag
5c18f86.3a 42f942ca 043937 h ???????? 003 /wiki/JohnDoerr
5c18fd0.ae 9d372745 6a88e8 h ???????? 003 /wiki/ReSet
5c18fdc.4a cf2e0d47 6a88e8 h ???????? 014 /edit/103666010
5c19025.f6 9d372745 6a88e8 h ???????? 003 /wiki/AriadneFaden
5c19114.30 42f942c6 043937 h ???????? 004 /wiki/MitCoLab
5c19182.64 42f95cc9 70a047 h ???????? 002 //rss.rdf
5c191a9.2f 42f942d0 043937 s ???????? 002 /edit/240085001
5c192a2.3e 42f942ca 043937 h ???????? 003 /wiki/CarlaBley
5c19430.43 42f942c6 043937 h ???????? 003 /wiki/CoeVorden
5c19555.36 42f942d2 622963 s ???????? 003 /wiki/BeBold
5c195be.50 42f942c6 043937 h ???????? 004 /wiki/MindBook
5c19670.85 42f942c8 043937 h ???????? 004 /wiki/ConVerg
5c19713.3c cf2e0d47 6a88e8 h ???????? 004 /wiki/ShaquilleONeal
5c1974c.35 42f942c8 043937 h ???????? 003 /wiki/DickHardt
5c1989b.77 42f942d4 043937 s ???????? 003 /wiki/SmflWiki
5c198da.34 42f942c6 043937 h ???????? 003 /wiki/PaulaSergio
5c199a3.0f 5111191d e68f90 s ???????? 002 /favicon.ico
5c19a68.45 42f942c6 043937 h ???????? 004 /wiki/HansBlix
5c19bf6.38 42f942c8 043937 h ???????? 004 /wiki/AlphaTier
5c19d58.df 42f94238 043937 h ???????? 018 /
5c19d5c.2e 42f94238 ab3bd9 h ???????? 001 /feel/4
5c19d5c.ac 42f9423c ab3bd9 h ???????? 001 /feel/8
5c19d5d.28 42f9423a ab3bd9 h ???????? 016 /feel/10
5c19d84.50 42f942c6 043937 h ???????? 004 /wiki/EheZeuge
5c19e37.e8 42f942d2 622963 s ???????? 004 /wiki/SaxSys
5c19f12.42 42f942c8 043937 h ???????? 003 /wiki/StreetWise
5c1a0b3.88 42f942c8 043937 h ???????? 003 /wiki/MindLinks
5c1a19e.a1 cf2e0d47 6a88e8 h ???????? 019 /edit/114656001
5c1a22f.22 42f942c8 043937 h ???????? 003 /wiki/VanCouver
5c1a3bd.53 42f942ca 043937 h ???????? 004 /wiki/UmairHaque
5c1a444.0c 5779143b 702dd8 h ???????? 017 /
5c1a474.a8 42f942ca 043937 h ???????? 003 /wiki/BetaInside
5c1a48b.ed cf2e0d47 6a88e8 h ???????? 003 /wiki/NetBook
5c1a54b.30 42f942c6 043937 h ???????? 004 /wiki/ColDuthie
5c1a6ca.3e 42f942c8 043937 h ???????? 003 /wiki/MindHome
5c1a6de.37 42f942c6 043937 h ???????? 003 /wiki/LauraBlack
5c1a716.94 42f942d0 622963 s ???????? 004 /wiki/JuliZeh
5c1a868.25 42f942c6 043937 h ???????? 004 /wiki/GaryHamel
5c1a9bc.b9 42f942ca 622963 h ???????? 002 /cumulus/swfobject.js
5c1a9f6.22 42f942ca 043937 h ???????? 003 /wiki/GoogleLynx
5c1aa6c.5d 9d372708 6a88e8 h ???????? 009 /robots.txt
5c1aa6e.dc 9d372745 6a88e8 h ???????? 003 /wiki/AubreyDeGrey
5c1ab85.97 42f942ca 043937 h ???????? 004 /wiki/AnneFrank
5c1ab8c.d3 42f942c8 043937 h ???????? 004 /wiki/SportPortal
5c1ad13.36 42f942c6 043937 h ???????? 004 /wiki/ForSaleFor
5c1ae47.d1 5bc0393b cedf5c h ???????? 01b /
5c1ae68.61 42f95ccb 70a047 h ???????? 003 //rss.rdf
5c1aea1.33 42f942c8 043937 h ???????? 004 /wiki/ComPassion
5c1affe.41 42f942d2 622963 s ???????? 004 /wiki/WorkFor
5c1b02f.38 42f942c6 043937 h ???????? 003 /wiki/OlegPavlow
5c1b046.e1 42f942d0 043937 s ???????? 002 /edit/249075001
5c1b07c.36 b12d362a be37cc h ???????? 01b /
5c1b0dc.24 9d372709 6a88e8 s ???????? 002 /robots.txt
5c1b0dd.34 9d372709 6a88e8 s ???????? 002 /robots.txt
5c1b0e1.5c 9d3727e8 6a88e8 s ???????? 023 /
5c1b1bd.44 42f942c8 043937 h ???????? 003 /wiki/KaosPilot
5c1b2ac.61 42f942ca 043937 h ???????? 004 /wiki/MindBridge
5c1b34b.42 42f942ca 043937 h ???????? 004 /wiki/ArtKleiner
5c1b408.77 42f942c6 043937 h ???????? 004 /wiki/FlatRate
5c1b4d9.36 42f942c8 043937 h ???????? 004 /wiki/StartedAt
5c1b4f7.02 42f942d0 043937 s ???????? 002 /edit/32315004
5c1b4fa.e8 42f942c8 043937 h ???????? 004 /wiki/UlSz
5c1b59b.73 33260c17 a397c6 h ???????? 023 /
5c1b667.5b 42f942c6 043937 h ???????? 004 /wiki/HarperLee
5c1b7a1.52 be72efcf cdfc4d h ???????? 01c /
5c1b7f5.78 42f942ca 043937 h ???????? 003 /wiki/MarkGraban
5c1b8e0.86 42f942d4 622963 s ???????? 004 /wiki/MetaMan
5c1b97c.37 9d3727e8 6a88e8 h ???????? 003 /edit/29596002
5c1b995.a7 42f942ca 043937 h ???????? 004 /wiki/WikiEngine
5c1ba1d.96 42f942c8 043937 h ???????? 004 /wiki/ReSet
5c1ba38.3e 42f942d2 043937 s ???????? 004 /wiki/NelliZ
5c1ba48.56 9d3727e8 6a88e8 h ???????? 003 /wiki/QuantifiedMind
5c1ba55.c6 67716bcd cedf5c h ???????? 01b /
5c1ba8b.7e 9d3727e8 6a88e8 h ???????? 004 /wiki/QuantifiedMind
5c1bb12.26 42f942ca 043937 h ???????? 005 /wiki/ObamaNumber
5c1bb1b.97 5eb52da6 28d162 h ???????? 01b /
5c1bc2e.44 42f942d0 043937 s ???????? 002 /wiki/VirtualGood
5c1bca0.33 42f942ca 043937 h ???????? 003 /wiki/CelesteHolm
5c1bcd3.c8 362494df 433e9c h ???????? 002 /wiki/UweTellkamp
5c1bce7.ac 42f942ca 043937 h ???????? 002 /wiki/TraumOne
5c1bd9c.04 cf2e0d47 6a88e8 h ???????? 003 /wiki/WipperFeld
5c1be2e.2a 42f942ca 043937 h ???????? 002 /wiki/PeterSenge
5c1be83.39 9d37279a 6a88e8 h ???????? 003 /wiki/WebSite
5c1bfbc.36 42f942ca 043937 h ???????? 002 /wiki/JanHinrichs
5c1bfed.9e 9d37279a 6a88e8 h ???????? 002 /wiki/KabiNett
5c1c14a.53 42f942c8 043937 h ???????? 003 /wiki/AdamKahane
5c1c1bb.8f 42f942d4 622963 s ???????? 002 /wiki/AnalSex
5c1c2d8.32 42f942c8 043937 h ???????? 002 /wiki/AnitaBlond
5c1c33b.47 b44c0fa1 fa643b h ???????? 002 /robots.txt
5c1c33c.43 b44c0f1f fa643b h ???????? 005 /robots.txt
5c1c3d8.9b 50524676 b28cfa h ???????? 019 /
5c1c3ec.a6 b44c0f9e a04d28 h ???????? 002 /wiki/LockOfficeAnfahrt
5c1c466.3c 42f942c6 043937 h ???????? 002 /wiki/CarloRatti
5c1c4a1.1b 9d372745 6a88e8 h ???????? 013 /edit/103716004
5c1c512.98 cf2e0d47 6a88e8 h ???????? 013 /edit/114956011
5c1c5f4.3c 42f942c6 043937 h ???????? 002 /wiki/BerndNaumann
5c1c6a2.b8 9d37279a 6a88e8 h ???????? 002 /edit/29596001
5c1c782.38 42f942c6 043937 h ???????? 003 /wiki/HansBerger
5c1c910.34 42f942c8 043937 h ???????? 002 /wiki/AmartyaSen
5c1ca9d.4a 42f942d0 622963 s ???????? 002 /wiki/EsQuire
5c1ca9e.2f 42f942c6 043937 h ???????? 002 /wiki/PetraNemcova
5c1cae7.87 42f95ccb 70a047 h ???????? 002 //rss.rdf
5c1cbb4.cb 42f942c6 043937 h ???????? 003 /wiki/OwlThing
5c1cbfb.6d 25bb3851 e3b0c4 h ???????? 002 /robots.txt
5c1cbfd.9a 25bb3851 46ab9b h ???????? 012 /
5c1cc2c.13 42f942c6 043937 h ???????? 002 /wiki/RainerBarzel
5c1cc64.d6 8ba26ab5 3d60bb h ???????? 013 /
5c1cdba.3a 42f942c8 043937 h ???????? 002 /wiki/AlfredHanner
5c1ce05.79 42f942d2 043937 s ???????? 002 /wiki/ChipFab
5c1ce67.f0 b44c0f09 a04d28 h ???????? 002 /wiki/JspWiki
5c1ce6d.6f 9d37279a 6a88e8 h ???????? 003 /wiki/MannOhneGeheimnisse
5c1cf48.31 42f942c6 043937 h ???????? 002 /wiki/BaconNumber
5c1d01f.db bca5ea34 e3b0c4 h ???????? 002 /robots.txt
5c1d022.12 bca5ea34 147e59 h ???????? 013 /
5c1d080.76 76c1cfa2 0805c1 h ???????? 001 /upload/bank-icons/bank-gh.jpg
5c1d080.d6 76c1cfa2 0805c1 h ???????? 002 /upload/bank-icons/bank_16.png
5c1d0d6.64 42f942c6 043937 h ???????? 002 /wiki/UllaSchmidt
5c1d264.32 42f942c6 043937 h ???????? 002 /wiki/OrsonWelles
5c1d2e0.4f 9d3727e8 6a88e8 h ???????? 002 /wiki/ConStitucion
5c1d37f.34 42f942d2 622963 s ???????? 003 /wiki/TastaTur
5c1d3d7.cd a76338b3 d1bfbb h ???????? 014 /
5c1d3f4.70 42f942ca 043937 h ???????? 003 /wiki/AlredHanner
5c1d581.32 42f942ca 043937 h ???????? 003 /wiki/JohnSterman
5c1d70f.40 42f942c8 043937 h ???????? 002 /wiki/PrimaerBlick
5c1d795.aa 42f942ca 043937 h ???????? 003 /wiki/UnTil1969
5c1d89d.35 42f942c8 043937 h ???????? 003 /wiki/SonnenLicht
5c1d8a3.67 52180e97 ab3bd9 h ???????? 002 //wiki/LockSchuppen
5c1d8b7.e7 2e5d616d cedf5c h ???????? 01c /
5c1da2b.3a 42f942ca 043937 h ???????? 003 /wiki/GustavSchwab
5c1dbb9.40 42f942c6 043937 h ???????? 003 /wiki/HomeExchange
5c1dc69.ef 42f942d4 622963 s ???????? 004 /wiki/JohnNash
5c1dd47.3a 42f942c8 043937 h ???????? 002 /wiki/DorisDoerrie
5c1ddad.ca bb1314c7 702dd8 h ???????? 014 /
5c1dde1.88 0d428b01 6a88e8 h ???????? 001 //robots.txt
5c1deb3.1b 9d372745 6a88e8 h ???????? 003 /wiki/LockSchuppenBusinessPlan
5c1ded5.2c 42f942c6 043937 h ???????? 003 /wiki/PastProjects
5c1df01.40 cf2e0d47 6a88e8 h ???????? 002 /cal
5c1e01f.7a 05c457ab 433e9c h ???????? 015 /
5c1e051.af 42f942d0 043937 s ???????? 003 /wiki/MeadConway
5c1e063.2a 42f942c8 043937 h ???????? 003 /wiki/RamonaGoelger
5c1e17b.14 42f942c8 622963 h ???????? 003 /wiki/LoMo
5c1e1f1.2d 42f942c8 043937 h ???????? 003 /wiki/RachelReagan
5c1e33f.ec cf2e0d47 6a88e8 h ???????? 003 /wiki/PowerWomenCoach
5c1e37f.36 42f942c8 043937 h ???????? 003 /wiki/TippingPoint
5c1e50d.54 42f942ca 043937 h ???????? 003 /wiki/NicanosPerlas
5c1e52f.53 904c51e5 028fc4 h ???????? 002 /robots.txt
5c1e530.f4 904c51e5 028fc4 h ???????? 003 /wiki/AGeeksTour
5c1e533.91 904c51e5 028fc4 h ???????? 003 /wiki/SmaVa
5c1e69b.3d 42f942ca 043937 h ???????? 004 /wiki/PeterZickler
5c1e829.2e 42f942ca 043937 h ???????? 003 /wiki/SolGlobalForum
5c1e9b7.43 42f942c6 043937 h ???????? 003 /wiki/ZeitRechnung
5c1ea5f.9d 42f942d4 622963 s ???????? 003 /wiki/AlphaBet
5c1eb42.e6 42f95cc7 70a047 h ???????? 002 //rss.rdf
5c1eb45.29 42f942c6 043937 h ???????? 002 /wiki/HowardRheingold
5c1ebc1.78 c95f89b4 cedf5c h ???????? 01d /
5c1ecd3.47 42f942c8 043937 h ???????? 004 /wiki/LennyKravitz
5c1ee61.32 42f942ca 043937 h ???????? 009 /wiki/WorldFutureForum
5c1efef.3d 42f942c8 043937 h ???????? 003 /wiki/RitaLeviMontalcini
5c1f028.82 b44c0f08 a04d28 h ???????? 003 /wiki/SobTla
5c1f069.30 9d372745 6a88e8 h ???????? 008 /edit/39236007
5c1f0ea.25 c05f1d74 e3b0c4 h ???????? 002 /robots.txt
5c1f0ec.ac c05f1d74 4c528d h ???????? 017 /
5c1f17d.35 42f942ca 043937 h ???????? 004 /wiki/EricVonHippel
5c1f27c.fd 9d37279a 6a88e8 h ???????? 004 /wiki/BildungsBurg
5c1f30b.3d 42f942c8 043937 h ???????? 003 /wiki/GeburtstagListe
5c1f33b.ad c4342b33 c5c81c h ???????? 016 /
5c1f345.33 42f942d4 622963 s ???????? 003 /wiki/PanOrama
5c1f3b1.52 bd6e8b38 cedf5c h ???????? 017 /
5c1f46b.f8 42f942d0 043937 s ???????? 003 /wiki/WachsTum
5c1f499.2d 42f942c8 043937 h ???????? 003 /wiki/SenseableCityLab
5c1f4cb.d1 42f942ca 043937 h ???????? 003 /wiki/WhiteRoom
5c1f627.4c 42f942c6 043937 h ???????? 003 /wiki/BirgitSpannerUlmer
5c1f7b5.3a 42f942c8 043937 h ???????? 00b /wiki/NordrheinWestfalen
5c1f7f8.7d b44c0f92 a04d28 h ???????? 003 /wiki/LockSchuppen3D
5c1f931.1a cf2e0d47 6a88e8 h ???????? 017 /edit/103666010
5c1f943.3e 42f942c6 043937 h ???????? 008 /NooPolis
5c1f99a.7e cf2e0d47 6a88e8 h ???????? 003 /wiki/MindFloor
5c1fa6a.9e 7a601df4 057297 h ???????? 020 /
5c1fad1.38 42f942c8 043937 h ???????? 003 /wiki/DrkPflegeheimPieschen
5c1fc1f.a7 42f942d2 622963 s ???????? 004 /wiki/MagaZine
5c1fc5f.31 42f942ca 043937 h ???????? 003 /wiki/KlausMariaBrandauer
5c1fded.38 42f942c8 043937 h ???????? 004 /wiki/MargretWintermantel
5c1ff7b.57 42f942c8 043937 h ???????? 004 /wiki/MikhailKhodorkovsky
