2fa00f4.07 36e0f74b c76db1 h ???????? 003 /robots.txt
2fa00f4.63 36e0f74b c76db1 h ???????? 01f /
2fa012e.4c 36e0f74b c76db1 h ???????? 002 /robots.txt
2fa012e.a1 36e0f74b c76db1 h ???????? 01d /
2fa0155.40 4e2e2319 7dfab1 h ???????? 003 //rss.jsp
2fa0155.6e 4e2e2319 7dfab1 h ???????? 002 //rss.jsp
2fa016e.b3 36e0f74b c76db1 s ???????? 1452 /age
2fa02f2.24 b44c0f8c a04d28 h ???????? 003 /wiki/%3Ca%20class=%22blue%22%20href=%22/wiki/MicroNation%22%3EMicroNation%3C/a%3E
2fa03f9.fc 33ff477f 433e9c h ???????? 002 /edit/30006002
2fa04de.1e c063dcb3 68855b h ???????? 011 /
2fa04de.88 c063dcb3 68855b h ???????? 001 //https://floatingboat2013.appspot.com
2fa04de.e2 c063dcb3 68855b h ???????? 002 //wiki/AlanTuring
2fa04df.44 c063dcb3 68855b h ???????? 002 //wiki/GottfriedWilhelmLeibniz
2fa04df.ab c063dcb3 68855b h ???????? 001 //https://floatingboat2013.appspot.com/UrPic
2fa04e0.16 c063dcb3 68855b h ???????? 001 //https://floatingboat2013.appspot.com/ad
2fa04e0.73 c063dcb3 68855b h ???????? 001 //https://sl4.eu/hls
2fa04e0.ee c063dcb3 68855b h ???????? 001 //https://sl4.eu/ls
2fa04e1.59 c063dcb3 68855b h ???????? 001 //https://sl4.eu/sh
2fa04e1.d9 c063dcb3 68855b h ???????? 001 //https://www.youtube.com/watch
2fa066a.d7 50f1d1a6 491225 h ???????? 014 /
2fa0afb.a2 b29ac82d e4b041 h ???????? 005 /wiki/RalphSonntag
2fa0aff.57 5d9e984f e4b041 h ???????? 002 /wiki/SaschaLobo
2fa0b03.06 8d088419 e4b041 h ???????? 002 /wiki/AstorPiazzolla
2fa0b06.9c 25097126 e4b041 h ???????? 002 /wiki/StickyNess
2fa0b0d.db b29a9501 e4b041 h ???????? 003 /wiki/EditSource
2fa0b0f.97 05fffd1c e4b041 h ???????? 002 /wiki/GrundEinkommen
2fa0b13.20 8d088e2a e4b041 h ???????? 002 /wiki/ASmallWorld
2fa0b16.ac 5d9e984f e4b041 h ???????? 002 /wiki/VoNa
2fa0b1a.22 5d9e983e e4b041 h ???????? 002 /wiki/BryanAdams
2fa0c38.9e 42f94c8a 043937 h ???????? 002 /edit/52495009
2fa0c65.04 42f95c81 70a047 h ???????? 002 //rss.rdf
2fa0c71.8d 284da77c 6a88e8 h ???????? 002 /wiki/AudiVision
2fa1a60.c5 284da777 6a88e8 s ???????? 017 /
2fa1ad2.c5 42f9425d 622963 s ???????? 003 /wiki/SimCard
2fa1cfc.3a 9d372716 6a88e8 s ???????? 002 /robots.txt
2fa1cfc.bf 9d372716 6a88e8 s ???????? 001 /robots.txt
2fa1cfe.63 284da777 6a88e8 h ???????? 002 /wiki/LockSchuppen
2fa1dfb.a2 42f94c8a 043937 h ???????? 003 /wiki/MindMark
2fa220f.23 42f94257 043937 s ???????? 002 /edit/62375001
2fa2230.66 42f94c92 043937 s ???????? 002 /edit/63435017
2fa2246.ba 42f94c92 043937 s ???????? 001 /edit/56785004
2fa2260.74 42f94257 043937 s ???????? 001 /edit/56845005
2fa227d.bb 42f9425d 043937 s ???????? 001 /edit/65265003
2fa229f.30 42f94c90 043937 s ???????? 002 /edit/66025004
2fa22d6.a3 42f9425a 043937 s ???????? 002 /edit/57975007
2fa232c.89 42f9425d 043937 s ???????? 002 /edit/61465026
2fa25a1.fe ba43889a f6e4da s ???????? 002 //cgi-bin/webcm
2fa2890.2c c73a56d3 028fc4 h ???????? 002 /robots.txt
2fa2892.3a c73a56d3 028fc4 h ???????? 018 /
2fa2a76.78 cf2e0dab 6a88e8 h ???????? 007 /wiki/PuffCafe
2fa2b31.c6 3ed6bf41 4817c5 s a991d690 002 /feel/e660/
2fa2b41.21 3ed6bf41 4817c5 s a991d690 001 /feel/e670/
2fa2b51.20 3ed6bf41 4817c5 s a991d690 002 /feel/e680/
2fa2b62.22 3ed6bf41 4817c5 s a991d690 002 /feel/e690/
2fa2b72.2e 3ed6bf41 4817c5 s a991d690 001 /feel/e6a0/
2fa2b82.20 3ed6bf41 4817c5 s a991d690 001 /feel/e6b0/
2fa2b92.30 3ed6bf41 4817c5 s a991d690 001 /feel/e6c0/
2fa2ba2.20 3ed6bf41 4817c5 s a991d690 001 /feel/e6d0/
2fa2bb2.1d 3ed6bf41 4817c5 s a991d690 001 /feel/e6e0/
2fa2bc2.34 3ed6bf41 4817c5 s a991d690 002 /feel/e6f0/
2fa2bd2.25 3ed6bf41 4817c5 s a991d690 002 /feel/e700/
2fa2be2.27 3ed6bf41 4817c5 s a991d690 007 /feel/e710/
2fa2bf2.1e 3ed6bf41 4817c5 s a991d690 001 /feel/e720/
2fa2c02.20 3ed6bf41 4817c5 s a991d690 006 /feel/e730/
2fa2c13.b2 3ed6bf41 4817c5 s a991d690 002 /feel/e740/
2fa2c29.1f 3ed6bf41 4817c5 s a991d690 001 /feel/e750/
2fa2c47.de 3ed6bf41 4817c5 s a991d690 002 /feel/e760/
2fa2c48.0c 3ed6bf41 4817c5 s a991d690 002 /feel/e770/
2fa2c59.3d 3ed6bf41 4817c5 s a991d690 002 /feel/e780/
2fa2c69.ad 3ed6bf41 4817c5 s a991d690 002 /feel/e790/
2fa2c72.5e 3ed6bf41 4817c5 s a991d690 001 /feel/e7a0/
2fa2c82.3d 3ed6bf41 4817c5 s a991d690 002 /feel/e7b0/
2fa2c92.31 3ed6bf41 4817c5 s a991d690 002 /feel/e7c0/
2fa2ca2.2c 3ed6bf41 4817c5 s a991d690 002 /feel/e7d0/
2fa2cb2.1b 3ed6bf41 4817c5 s a991d690 002 /feel/e7e0/
2fa2cc2.21 3ed6bf41 4817c5 s a991d690 002 /feel/e7f0/
2fa2cd2.1d 3ed6bf41 4817c5 s a991d690 002 /feel/e800/
2fa2ce1.8d 3ed6bf41 4817c5 s a991d690 002 /feel/e810/
2fa2cf1.9a 3ed6bf41 4817c5 s a991d690 002 /feel/e820/
2fa2ede.5e 5d9e983e e4b041 h ???????? 002 /robots.txt
2fa2ee2.d7 5d9e983e e4b041 h ???????? 003 /wiki/ErdBeben
2fa2fbe.cf 42f94243 043937 h ???????? 002 /edit/44025001
2fa3089.36 8d088420 e4b041 h ???????? 01a /
2fa3093.e5 597b097d dc1a18 h ???????? 01a /
2fa3094.56 597b097d dc1a18 h ???????? 004 //https://floatingboat2013.appspot.com
2fa3094.b4 597b097d dc1a18 h ???????? 009 //wiki/AlanTuring
2fa3095.57 597b097d dc1a18 h ???????? 003 //wiki/GottfriedWilhelmLeibniz
2fa3095.ab 597b097d dc1a18 h ???????? 001 //https://floatingboat2013.appspot.com/UrPic
2fa3096.0d 597b097d dc1a18 h ???????? 002 //https://floatingboat2013.appspot.com/ad
2fa3096.5e 597b097d dc1a18 h ???????? 001 //https://sl4.eu/hls
2fa3096.b7 597b097d dc1a18 h ???????? 001 //https://sl4.eu/ls
2fa3097.13 597b097d dc1a18 h ???????? 002 //https://sl4.eu/sh
2fa3097.70 597b097d dc1a18 h ???????? 002 //https://www.youtube.com/watch
2fa3484.f7 5d9e983e e4b041 h ???????? 004 /wiki/FrankLorenz
2fa3488.bd 5d9e983e e4b041 h ???????? 003 /wiki/KalterKrieg
2fa3566.d9 42f95c83 70a047 h ???????? 002 //rss.rdf
2fa3bc9.3f 42f94240 622963 h ???????? 003 /wiki/MaRo
2fa3ca9.28 42f94243 043937 h ???????? 004 /wiki/LogCommand
2fa3cb1.59 25700929 d3ea24 h ???????? 003 /wiki/WebLog/
2fa3cca.1e cf2e0da7 6a88e8 h ???????? 021 /
2fa3d2c.c2 42f95c9f 70a047 h ???????? 002 //rss.rdf
2fa4181.b4 42f94c86 043937 h ???????? 005 /wiki/WahrHeit
2fa4195.46 acf19717 3d8b22 h ???????? 024 /
2fa4755.08 cf2e0db6 6a88e8 h ???????? 004 /wiki/WikiWall
2fa4793.89 9d3727ae 6a88e8 h ???????? 01e /
2fa483b.dd a484a151 433e9c h ???????? 002 /edit/30286001
2fa48b0.23 9d37278b 6a88e8 h ???????? 00b /wiki/SiUnit
2fa4b0e.5d 8d088e0f e4b041 h ???????? 003 /wiki/EinTritt
2fa4bf6.84 42f94243 043937 h ???????? 007 /wiki/WahrSchein
2fa504c.5c 42f94c90 043937 s ???????? 004 /wiki/PhiloSophie
2fa5345.f1 42f94c86 043937 h ???????? 004 /wiki/BlueNote
2fa5429.2d 8d088e9a e4b041 h ???????? 005 /wiki/AlanInternetCafe
2fa575d.85 b44c0f1d a04d28 h ???????? 01a /edit/13916001
2fa5968.48 894acf72 433e9c h ???????? 002 /edit/25206002
2fa5bb3.19 42f94240 043937 h ???????? 005 /wiki/SpamLog
2fa5d04.20 5f6cb30f e4b041 h ???????? 007 /wiki/CDlLMVMv1qw1giUXpQgxI
2fa5dd5.2b 42f94c88 043937 h ???????? 004 /wiki/FileLog
2fa5e1f.aa 42f95c9f 70a047 h ???????? 003 //rss.rdf
2fa5edb.75 c7109db4 45fe92 s ???????? 00f /robots.txt
2fa5edb.7f c7109db5 45fe92 s ???????? 002 /robots.txt
2fa5edb.ad c7109db6 45fe92 s ???????? 002 /robots.txt
2fa5edb.f4 c7109db4 45fe92 s ???????? 077 /
2fa5edb.f1 c7109db5 45fe92 s ???????? 1e3 /nob
2fa5edc.39 c7109db6 45fe92 s ???????? 1e34 /age
2fa5ee2.9b c7109db7 45fe92 s ???????? 1bff /age
2fa5f93.b0 5d4a6fde 1eaabd h ???????? 01f /
2fa5fa4.68 42f94243 043937 h ???????? 003 /wiki/WikiRef
2fa6009.d3 413102b2 dade14 h ???????? 003 /robots.txt
2fa6139.38 42f94c86 043937 h ???????? 005 /wiki/IndexOf
2fa62a4.cf 42f94c88 043937 h ???????? 005 /wiki/IdLogin
2fa62d2.1c cf2e0db6 6a88e8 h ???????? 003 /wiki/BeWusst
2fa6329.81 25097ac9 e4b041 h ???????? 002 /robots.txt
2fa632d.5d 25097ac9 e4b041 h ???????? 003 /wiki/PerFect
2fa6454.21 42f94c88 043937 h ???????? 005 /wiki/NewGroup
2fa6508.11 42f94c86 043937 h ???????? 002 /edit/51505010
2fa650a.6e 42f94c88 622963 h ???????? 003 /wiki/SkyPe
2fa65ff.4d 42f9427e 043937 h ???????? 006 /wiki/FindPage
2fa67ad.70 42f94c90 043937 s ???????? 002 /robots.txt
2fa67ad.f9 42f9425d 043937 s ???????? 004 /wiki/AugenSprache
2fa67af.0e 42f9425a 043937 s ???????? 003 /wiki/UnserMindy
2fa67b2.91 42f94c92 043937 s ???????? 004 /wiki/KenRobinson
2fa67b3.a0 42f94c90 043937 s ???????? 003 /wiki/EmmyNoether
2fa67b4.14 42f94c86 043937 h ???????? 004 /wiki/GaumenSpange
2fa67b4.a1 42f94240 043937 h ???????? 004 /wiki/HabitzlGasse
2fa67b6.fb 42f94c90 043937 s ???????? 003 /wiki/NeilPostman
2fa67c0.45 42f94257 043937 s ???????? 005 /wiki/KarlNolle
2fa67c2.3b 42f94257 043937 s ???????? 002 /wiki/WolfSinger
2fa67ca.26 42f9427e 043937 h ???????? 002 /wiki/CaseLinks
2fa67ce.97 42f94c86 043937 h ???????? 002 /wiki/PieschenLidl
2fa67d0.84 42f94c86 043937 h ???????? 002 /wiki/KillerNeuron
2fa67d2.0e 42f94c86 043937 h ???????? 002 /wiki/KnoefelGasse
2fa67d2.70 42f9427e 043937 h ???????? 008 /wiki/WimOudshoorn
2fa67d2.eb 42f94c86 043937 h ???????? 002 /wiki/GoogleGlasse
2fa67d3.67 42f94c86 043937 h ???????? 002 /wiki/FranzSchwarz
2fa67d3.d9 42f94c86 043937 h ???????? 002 /wiki/PostRealRaum
2fa67d4.76 42f9427e 043937 h ???????? 001 /wiki/RainerKosmos
2fa67d4.f7 42f94c86 043937 h ???????? 002 /wiki/PostCollapse
2fa67d5.b4 42f94c86 043937 h ???????? 002 /wiki/StudioForFun
2fa67d9.99 42f94c86 043937 h ???????? 002 /wiki/JanReinhardd
2fa67e2.5e 42f94c86 043937 h ???????? 002 /wiki/HebelWirkung
2fa67e9.c0 42f94c86 043937 h ???????? 002 /wiki/StudioArmony
2fa67f1.e9 42f9427e 043937 h ???????? 002 /wiki/TausendAugen
2fa67fa.b5 42f94c86 043937 h ???????? 002 /wiki/HechtStrasse
2fa6804.0e 42f94c8a 043937 h ???????? 002 /wiki/KakaduEisFee
2fa6814.2e 42f94c88 043937 h ???????? 003 /wiki/CzernetPlatz
2fa6826.f1 42f94c86 043937 h ???????? 003 /wiki/HyperProvinz
2fa6839.49 42f94c8a 043937 h ???????? 002 /wiki/NeuBrasilien
2fa684c.90 42f9427e 043937 h ???????? 003 /wiki/SchaeferHund
2fa6862.53 42f94c86 043937 h ???????? 002 /wiki/WackelDackel
2fa68ad.09 42f94257 043937 s ???????? 003 /wiki/MindyAi
2fa68c5.d9 42f9425a 043937 s ???????? 002 /wiki/MasCott
2fa69cd.19 42f94c88 043937 h ???????? 003 /wiki/PageCache
2fa6ac4.58 25700929 e6f6d6 h ???????? 003 /wiki/BarackObama/
2fa6c04.58 c73a56ce 028fc4 h ???????? 002 /robots.txt
2fa6c07.fb c73a56ce 028fc4 h ???????? 01a /
2fa6d0e.ee 33ff476e 433e9c h ???????? 012 /edit/12586001
2fa6d6f.c0 d9b68425 433e9c h ???????? 002 /edit/26556004
2fa6e37.4d 42f94c88 622963 h ???????? 002 /wiki/SynBio
2fa6eeb.38 284da777 6a88e8 h ???????? 003 /wiki/TwentyThreeAndMe
2fa6fc7.0d a484a104 433e9c h ???????? 002 /edit/30856001
2fa7404.98 42f9425d 043937 s ???????? 3c3 /memo
2fa76b7.5e 42f94c88 622963 h ???????? 005 /wiki/RePort
2fa76ca.9a 42f94c88 043937 h ???????? 002 /wiki/SeeLe
2fa7a4c.ef 42f94c88 043937 h ???????? 003 /wiki/ExpiryTime
2fa7cf9.37 42f9427e 043937 h ???????? 00a /wiki/SecurityLog
2fa7eeb.4e 42f94c8a 043937 h ???????? 008 /wiki/CreateGroup
2fa80ec.f1 42f94c88 043937 h ???????? 003 /wiki/PageActions
2fa814d.27 3d312d2f f54af9 h ???????? 014 /
2fa814f.39 3d312d2f f54af9 h ???????? 001 /Http/DataLayCfg.xml
2fa8150.1f 3d312d2f f54af9 h ???????? 001 /www/start.html
2fa8151.03 3d312d2f f54af9 h ???????? 002 /RemoteControl.html
2fa8156.28 3d312d2f 330447 h ???????? 005 /stats
2fa8156.25 3d312d2f 5b9954 h ???????? 052 /invoker/JMXInvokerServlet
2fa8156.5e 3d312d2f 5b9954 h ???????? 007 /jenkins
2fa8157.1a 3d312d2f 330447 h ???????? 001 /nmaplowercheck1493408243
2fa8157.fc 3d312d2f 330447 h ???????? 002 /NmapUpperCheck1493408243
2fa8158.da 3d312d2f 330447 h ???????? 003 /Nmap/folder/check1493408243
2fa82b0.f8 42f94c88 043937 h ???????? 004 /wiki/MaxFileSize
2fa83c5.11 42f94240 622963 h ???????? 003 /wiki/XingLe
2fa8489.82 42f94240 043937 h ???????? 009 /wiki/UserProfile
2fa859b.df 341f8aaf 907632 h ???????? 021 /
2fa85dd.95 284da77c 6a88e8 h ???????? 004 /wiki/EinfuehrungInDieAllgemeineBetriebswirtschaftslehre
2fa8655.44 42f94c8a 043937 h ???????? 004 /wiki/UserDatabase
2fa87f1.b8 42f94243 043937 h ???????? 005 /wiki/ViewTemplate
2fa8847.9f b29ac82d e4b041 h ???????? 021 /
2fa886d.7c 42f95c83 70a047 h ???????? 002 //rss.rdf
2fa888d.9c 42f94c86 043937 h ???????? 003 /wiki/GoPlay
2fa898c.89 42f94c86 043937 h ???????? 006 /wiki/SpamAppender
2fa8b5a.b8 42f94c8a 043937 h ???????? 004 /wiki/PlateForme
2fa8ce1.7a 42f94240 043937 h ???????? 003 /wiki/OutlinkImage
2fa8d90.f8 42f94c88 622963 h ???????? 003 /wiki/MoZart
2fa8e01.77 284da777 6a88e8 s ???????? 01b /
2fa8ebd.e3 42f94c86 043937 h ???????? 003 /wiki/FileProvider
2fa9064.97 42f94240 043937 h ???????? 003 /wiki/PlainVanilla
2fa92ad.db 36cda85d 502286 h ???????? 016 /
2fa93f9.a7 284da7a4 6a88e8 h ???????? 002 /robots.txt
2fa966d.bb 42f94c8a 622963 h ???????? 003 /wiki/AnFang
2fa9969.75 9d3727ae 6a88e8 s ???????? 006 /wiki/EinfuehrungInDieAllgemeineBetriebswirtschaftslehre
2fa9973.3a 42f94c8a 043937 h ???????? 009 /wiki/PatternLayout
2fa9a50.be 42f94c88 043937 h ???????? 004 /wiki/AscIi
2fa9bea.1f 42f94243 043937 h ???????? 003 /wiki/FiberGlass
2fa9c52.8d 3adc100e cc1f66 h ???????? 017 /
2fa9dda.ff 42f94c88 043937 h ???????? 003 /wiki/BooleanLogic
2fa9f49.3d 42f94c86 622963 h ???????? 004 /wiki/ConNect
2fa9fac.03 42f94c8a 043937 h ???????? 003 /wiki/UserPrincipal
2faa198.2b 42f94c8a 043937 h ???????? 003 /wiki/GroupDatabase
2faa24d.39 c7109db6 45fe92 h ???????? 002 /robots.txt
2faa24d.70 c7109db6 45fe92 h ???????? 002 /2dons
2faa268.f3 b44c0fa0 a04d28 h ???????? 003 /wiki/%3Ca%20class=%22blue%22%20href=%22/wiki/NooMic%22%3ENooMic%3C/a%3E
2faa350.b9 42f94240 043937 h ???????? 003 /wiki/JanneJalkanen
2faa389.67 bc285186 7dfab1 h ???????? 003 //rss.jsp
2faa389.8e bc285186 7dfab1 h ???????? 002 //rss.jsp
2faa389.d8 bc285186 7dfab1 h ???????? 001 //rss.jsp
2faa389.fd bc285186 7dfab1 h ???????? 008 //rss.jsp
2faa3b7.78 9d3727ae 6a88e8 h ???????? 01c /
2faa421.ae 6bb2c271 71f2b9 s ???????? 003 /bcHead
2faa423.81 6bb2c273 71f2b9 s ???????? 007 /put/3d596f75724361726435303939613837370a4164616d73476165737465576c616e2066756e7a742121202d2052615761
2faa430.1f 3ed6bf41 d92714 s a991d690 01b /
2faa430.72 3ed6bf41 d92714 s a991d690 002 /favicon.ico
2faa434.6c 3ed6bf41 d92714 s a991d690 002 /alive/4
2faa434.8b 3ed6bf41 d92714 s a991d690 001 /feel/4
2faa438.d8 3ed6bf41 d92714 s a991d690 002 /alive/8
2faa439.3d 3ed6bf41 d92714 s a991d690 002 /feel/8
2faa440.72 3ed6bf41 d92714 s a991d690 025 /alive/10
2faa440.a2 3ed6bf41 d92714 s a991d690 01b /feel/10
2faa4b7.bf 894acf6d 433e9c h ???????? 003 /wiki/CxCr4
2faa51e.60 42f94c86 043937 h ???????? 004 /wiki/VersionCommand
2faa6ba.10 42f94c8a 043937 h ???????? 004 /wiki/SystemProvider
2faa88f.77 42f94c88 043937 h ???????? 004 /wiki/EnglishPlurals
2faa99f.2d 33ff413c 433e9c h ???????? 002 /edit/30336001
2faa9ad.a2 42f94243 622963 h ???????? 004 /wiki/TwittEr
2faaa23.51 42f94240 043937 h ???????? 004 /wiki/MaxBackupIndex
2faaa39.05 b44c0f21 a04d28 h ???????? 003 /wiki/%3Ca%20class=%22blue%22%20href=%22/wiki/MoonOfEarth%22%3EMoonOfEarth%3C/a%3E
2faabf6.93 42f94c86 043937 h ???????? 004 /wiki/CalendarYear
2faac13.a4 42f94c88 043937 h ???????? 003 /wiki/StraTo
2faad8f.61 42f94c86 043937 h ???????? 005 /wiki/GefuehlsFarben
2faaf67.b8 42f94c8a 043937 h ???????? 004 /wiki/PathTranslated
2fab10a.1d 42f9427e 043937 h ???????? 004 /wiki/XMLUserDatabase
2fab12f.80 b44c0f9b fa643b h ???????? 002 /radio/robots.txt
2fab12f.7e b44c0f1d fa643b h ???????? 00a /radio/robots.txt
2fab1a1.68 b44c0f8c a04d28 h ???????? 003 /radio
2fab1db.b3 42f95c9f 70a047 h ???????? 002 //rss.rdf
2fab24d.e9 42f94c86 622963 h ???????? 009 /wiki/EtAl
2fab2c9.22 42f94c8a 043937 h ???????? 003 /wiki/TitleWithSpaces
2fab457.43 42f94c88 043937 h ???????? 004 /wiki/UserPreferences
2fab512.5f c7109db7 45fe92 s ???????? 003 /robots.txt
2fab512.9a c7109db7 45fe92 s ???????? 110 /nob
2fab5e4.a5 42f94c8a 043937 h ???????? 004 /wiki/XMLGroupDatabase
2fab66d.cd 904c6148 18b492 h ???????? 003 /robots.txt
2fab66e.04 904c6148 18b492 s ???????? 184e /age
2fab687.98 904c6148 18b492 s ???????? 02b /
2fab7d6.29 42f94243 043937 h ???????? 004 /wiki/JDBCUserDatabase
2fab8e0.86 33ff4125 433e9c h ???????? 003 /edit/30886003
2fab9db.d4 42f94c8a 043937 h ???????? 006 /wiki/UserDatabaseFile
2fabae2.7c 3ed6bf41 4817c5 s a991d690 02e /feel/17610/
2fabaf2.46 3ed6bf41 4817c5 s a991d690 01b /feel/17620/
2fabb02.4f 3ed6bf41 4817c5 s a991d690 019 /feel/17630/
2fabb12.4c 3ed6bf41 4817c5 s a991d690 01d /feel/17640/
2fabb22.48 3ed6bf41 4817c5 s a991d690 018 /feel/17650/
2fabb56.ab 42f94c8a 622963 h ???????? 018 /
2fabb88.8d c7109db6 45fe92 s ???????? 002 /robots.txt
2fabb88.a5 c7109db4 45fe92 s ???????? 002 /robots.txt
2fabb88.eb c7109db6 45fe92 s ???????? 053 /
2fabb89.25 c7109db4 45fe92 s ???????? 47a /memo
2fabbb1.da 42f94c8a 043937 h ???????? 005 /wiki/InHaber
2fabdac.87 42f94c86 043937 h ???????? 004 /wiki/BeckenHusserl
2fabdfb.5b 42f94c88 043937 h ???????? 008 /wiki/ImPrint
2fabe94.59 c13f3a53 ef60d6 h ???????? 029 /
2fabf85.9d 42f94c88 043937 h ???????? 005 /wiki/SecurityAppender
2fac17a.54 42f94c8a 043937 h ???????? 005 /wiki/HerbrandUniverse
2fac361.60 904c6c71 18b492 h ???????? 003 /robots.txt
2fac369.54 42f94c86 043937 h ???????? 004 /wiki/StandardAnalyzer
2fac487.d2 42f94c86 622963 h ???????? 005 /wiki/WordNet
2fac4f2.73 42f94c86 043937 h ???????? 004 /wiki/DefaultAclManager
2fac615.94 42f95c9f 70a047 h ???????? 003 /rss.rdf
2fac6b9.8d 42f94c86 043937 h ???????? 004 /wiki/GroupDatabaseFile
2fac86a.0c 42f94c8a 043937 h ???????? 008 /wiki/ConversionPattern
2faca39.46 42f94c88 043937 h ???????? 005 /wiki/AttachmentProvider
2facbd4.85 42f94c88 043937 h ???????? 004 /wiki/RedeWendung
2facd19.16 42f94243 622963 h ???????? 005 /wiki/OpenCyc
2facd70.ed 42f94c8a 043937 h ???????? 005 /wiki/LeseMaschine
2facdcf.bd bc285186 7dfab1 h ???????? 003 //rss.jsp
2facdcf.f1 bc285186 7dfab1 h ???????? 002 //rss.jsp
2facdd0.20 bc285186 7dfab1 h ???????? 003 //rss.jsp
2facdd0.5a bc285186 7dfab1 h ???????? 007 //rss.jsp
2facf41.b8 42f94c88 043937 h ???????? 005 /wiki/JSPWikiMarkupParser
2facf9a.20 42f94c88 043937 h ???????? 004 /wiki/DiedIn
2facfe0.ce 284da777 6a88e8 s ???????? 01c /
2fad0d5.69 42f94c8a 043937 h ???????? 005 /wiki/RollingFileAppender
2fad29f.d1 42f94c88 043937 h ???????? 002 /wiki/SharedWithContainer
2fad458.a6 42f94243 043937 h ???????? 003 /wiki/LuceneSearchProvider
2fad635.45 42f94c8a 622963 h ???????? 002 /wiki/RaWa
2fad68c.aa 42f94c88 043937 h ???????? 002 /wiki/DefaultURLConstructor
2fad811.59 b44c0f9b a04d28 h ???????? 003 /wiki/%3Ca%20class=%22blue%22%20href=%22/wiki/MindFloor%22%3EMindFloor%3C/a%3E
2fad837.0d cd8b8d36 209ef4 h ???????? 001 //rss.rdf
2fad86b.1d 42f94c88 043937 h ???????? 00b /robots.txt
2fad86b.2f 42f9427e 043937 h ???????? 006 /wiki/WebContainerAuthorizer
2fad8be.fc b92e8907 4817c5 s a991d690 011 /
2fad8c1.6f b92e8907 4817c5 s a991d690 01f /feel/193f0/
2fad8c1.8e b92e8907 4817c5 s a991d690 001 /favicon.ico
2fad8c3.82 b92e8907 4817c5 s a991d690 007 /alive/4
2fad8c3.87 b92e8907 4817c5 s a991d690 001 /feel/4
2fad8c7.7f b92e8907 4817c5 s a991d690 002 /alive/8
2fad8c7.8b b92e8907 4817c5 s a991d690 005 /feel/8
2fad8d0.75 b92e8907 4817c5 s a991d690 018 /feel/10
2fad8d1.80 b92e8907 4817c5 s a991d690 035 /alive/19400/
2fad8d1.87 b92e8907 4817c5 s a991d690 031 /feel/19400/
2fad8e0.74 b92e8907 4817c5 s a991d690 001 /feel/20
2fad8e1.71 b92e8907 4817c5 s a991d690 017 /feel/19410/
2fad8f0.77 b92e8907 4817c5 s a991d690 002 /feel/30
2fad8f1.82 b92e8907 4817c5 s a991d690 024 /feel/19420/
2fad8f1.7e b92e8907 4817c5 s a991d690 02d /alive/19420/
2fad900.78 b92e8907 4817c5 s a991d690 001 /feel/40
2fad901.85 b92e8907 4817c5 s a991d690 028 /feel/19430/
2fad901.85 b92e8907 4817c5 s a991d690 028 /alive/19430/
2fad90f.79 b92e8907 4817c5 s a991d690 001 /feel/50/
2fad910.7b b92e8907 4817c5 s a991d690 005 /alive/50/
2fad910.7f b92e8907 4817c5 s a991d690 001 /feel/50/
2fad911.7d b92e8907 4817c5 s a991d690 024 /feel/19440/
2fad920.95 b92e8907 4817c5 s a991d690 001 /feel/60/
2fad921.80 b92e8907 4817c5 s a991d690 02d /alive/19450/
2fad921.87 b92e8907 4817c5 s a991d690 020 /feel/19450/
2fad930.7e b92e8907 4817c5 s a991d690 001 /feel/70/
2fad931.97 b92e8907 4817c5 s a991d690 012 /feel/19460/
2fad940.76 b92e8907 4817c5 s a991d690 002 /feel/80/
2fad941.6c b92e8907 4817c5 s a991d690 013 /feel/19470/
2fad950.96 b92e8907 4817c5 s a991d690 001 /feel/90/
2fad951.82 b92e8907 4817c5 s a991d690 028 /feel/19480/
2fad951.7f b92e8907 4817c5 s a991d690 034 /alive/19480/
2fad960.7d b92e8907 4817c5 s a991d690 001 /feel/a0/
2fad961.81 b92e8907 4817c5 s a991d690 02d /alive/19490/
2fad961.8e b92e8907 4817c5 s a991d690 013 /feel/19490/
2fad971.b6 b92e8907 4817c5 s a991d690 018 /feel/194a0/
2fad980.86 b92e8907 4817c5 s a991d690 001 /feel/c0/
2fad981.78 b92e8907 4817c5 s a991d690 013 /feel/194b0/
2fad990.7c b92e8907 4817c5 s a991d690 002 /alive/d0/
2fad990.9e b92e8907 4817c5 s a991d690 002 /feel/d0/
2fad991.9a b92e8907 4817c5 s a991d690 041 /alive/194c0/
2fad991.a2 b92e8907 4817c5 s a991d690 036 /feel/194c0/
2fad9a0.e7 b92e8907 4817c5 s a991d690 002 /feel/e0/
2fad9a1.71 b92e8907 4817c5 s a991d690 014 /feel/194d0/
2fad9b0.91 b92e8907 4817c5 s a991d690 001 /feel/f0/
2fad9b1.6d b92e8907 4817c5 s a991d690 013 /feel/194e0/
2fad9c0.84 b92e8907 4817c5 s a991d690 014 /feel/100/
2fad9c1.77 b92e8907 4817c5 s a991d690 029 /alive/194f0/
2fad9c1.8a b92e8907 4817c5 s a991d690 017 /feel/194f0/
2fad9d0.78 b92e8907 4817c5 s a991d690 023 /feel/110/
2fad9d1.6e b92e8907 4817c5 s a991d690 01b /feel/19500/
2fad9e0.7a b92e8907 4817c5 s a991d690 01b /feel/120/
2fad9e1.84 b92e8907 4817c5 s a991d690 026 /alive/19510/
2fad9e1.93 b92e8907 4817c5 s a991d690 017 /feel/19510/
2fad9f0.8e b92e8907 4817c5 s a991d690 017 /feel/130/
2fad9f1.7b b92e8907 4817c5 s a991d690 02b /alive/19520/
2fad9f1.8d b92e8907 4817c5 s a991d690 014 /feel/19520/
2fada00.76 b92e8907 4817c5 s a991d690 014 /feel/140/
2fada01.75 b92e8907 4817c5 s a991d690 01d /feel/19530/
2fada09.83 42f94c86 043937 h ???????? 00a /wiki/VersioningFileProvider
2fada10.9a b92e8907 4817c5 s a991d690 01a /feel/150/
2fada11.85 b92e8907 4817c5 s a991d690 015 /feel/19540/
2fada20.78 b92e8907 4817c5 s a991d690 01f /feel/160/
2fada21.77 b92e8907 4817c5 s a991d690 01f /feel/19550/
2fada30.76 b92e8907 4817c5 s a991d690 014 /feel/170/
2fada31.81 b92e8907 4817c5 s a991d690 033 /alive/19560/
2fada31.8b b92e8907 4817c5 s a991d690 025 /feel/19560/
2fada40.7a b92e8907 4817c5 s a991d690 01b /feel/180/
2fada41.72 b92e8907 4817c5 s a991d690 014 /feel/19570/
2fada50.7e b92e8907 4817c5 s a991d690 01b /feel/190/
2fada51.77 b92e8907 4817c5 s a991d690 01a /feel/19580/
2fada60.6d b92e8907 4817c5 s a991d690 016 /feel/1a0/
2fada61.7f b92e8907 4817c5 s a991d690 034 /alive/19590/
2fada61.91 b92e8907 4817c5 s a991d690 016 /feel/19590/
2fada71.7e b92e8907 4817c5 s a991d690 016 /feel/195a0/
2fada81.7f b92e8907 4817c5 s a991d690 020 /feel/195b0/
2fada91.7d b92e8907 4817c5 s a991d690 01b /feel/195c0/
2fadaa1.7c b92e8907 4817c5 s a991d690 015 /feel/195d0/
2fadab1.8c b92e8907 4817c5 s a991d690 016 /feel/195e0/
2fadac1.8c b92e8907 4817c5 s a991d690 015 /feel/195f0/
2fadace.e6 5d9e983e e4b041 h ???????? 002 /robots.txt
2fadad1.82 b92e8907 4817c5 s a991d690 01d /feel/19600/
2fadad2.cd 5d9e983e e4b041 h ???????? 016 /
2fadae1.7c b92e8907 4817c5 s a991d690 017 /feel/19610/
2fadaf1.75 b92e8907 4817c5 s a991d690 01e /feel/19620/
2fadb01.7d b92e8907 4817c5 s a991d690 015 /feel/19630/
2fadb11.86 b92e8907 4817c5 s a991d690 016 /feel/19640/
2fadb21.7d b92e8907 4817c5 s a991d690 015 /feel/19650/
2fadb31.78 b92e8907 4817c5 s a991d690 016 /feel/19660/
2fadb41.79 b92e8907 4817c5 s a991d690 01f /feel/19670/
2fadb51.83 b92e8907 4817c5 s a991d690 021 /feel/19680/
2fadb61.78 b92e8907 4817c5 s a991d690 019 /feel/19690/
2fadb71.7a b92e8907 4817c5 s a991d690 018 /feel/196a0/
2fadb81.7d b92e8907 4817c5 s a991d690 017 /feel/196b0/
2fadb91.74 b92e8907 4817c5 s a991d690 01e /feel/196c0/
2fadba1.7a b92e8907 4817c5 s a991d690 016 /feel/196d0/
2fadbb1.95 b92e8907 4817c5 s a991d690 03b /feel/196e0/
2fadbc1.71 b92e8907 4817c5 s a991d690 015 /feel/196f0/
2fadbd1.78 b92e8907 4817c5 s a991d690 016 /feel/19700/
2fadbe1.88 b92e8907 4817c5 s a991d690 01f /feel/19710/
2fadbeb.08 42f94c86 043937 h ???????? 003 /wiki/HpNii
2fadbf1.8b b92e8907 4817c5 s a991d690 01f /feel/19720/
2fadc01.a6 b92e8907 4817c5 s a991d690 011 /feel/19730/
2fadc11.6e b92e8907 4817c5 s a991d690 018 /feel/19740/
2fadc21.c6 b92e8907 4817c5 s a991d690 011 /feel/19750/
2fadc2a.d3 42f95c81 70a047 h ???????? 001 //rss.rdf
2fadc31.6d b92e8907 4817c5 s a991d690 018 /feel/19760/
2fadc41.80 b92e8907 4817c5 s a991d690 011 /feel/19770/
2fadc51.7c b92e8907 4817c5 s a991d690 016 /feel/19780/
2fadc61.70 b92e8907 4817c5 s a991d690 019 /feel/19790/
2fadc71.74 b92e8907 4817c5 s a991d690 017 /feel/197a0/
2fadc81.73 b92e8907 4817c5 s a991d690 017 /feel/197b0/
2fadc91.71 b92e8907 4817c5 s a991d690 012 /feel/197c0/
2fadca1.76 b92e8907 4817c5 s a991d690 017 /feel/197d0/
2fadcb1.6d b92e8907 4817c5 s a991d690 017 /feel/197e0/
2fadcc1.6d b92e8907 4817c5 s a991d690 012 /feel/197f0/
2fadcd1.78 b92e8907 4817c5 s a991d690 017 /feel/19800/
2fadce1.76 b92e8907 4817c5 s a991d690 019 /feel/19810/
2fadcf1.70 b92e8907 4817c5 s a991d690 012 /feel/19820/
2fadd01.6d b92e8907 4817c5 s a991d690 019 /feel/19830/
2fadd11.6d b92e8907 4817c5 s a991d690 013 /feel/19840/
2fadd21.76 b92e8907 4817c5 s a991d690 01c /feel/19850/
2fadd31.6d b92e8907 4817c5 s a991d690 012 /feel/19860/
2fadd41.6f b92e8907 4817c5 s a991d690 013 /feel/19870/
2fadd51.6f b92e8907 4817c5 s a991d690 01a /feel/19880/
2fadd61.73 b92e8907 4817c5 s a991d690 013 /feel/19890/
2fadd71.71 b92e8907 4817c5 s a991d690 013 /feel/198a0/
2fadd7b.2a 42f94c88 043937 h ???????? 003 /wiki/HyperText
2fadd81.6c b92e8907 4817c5 s a991d690 018 /feel/198b0/
2fadd91.be b92e8907 4817c5 s a991d690 013 /feel/198c0/
2fadda1.79 b92e8907 4817c5 s a991d690 019 /feel/198d0/
2faddb1.74 b92e8907 4817c5 s a991d690 014 /feel/198e0/
2faddb3.83 42f9425d 043937 s ???????? 003 /wiki/VannevarBush
2faddb3.af 42f94c92 043937 s ???????? 003 /wiki/AnkeSchmidt
2faddb4.b2 42f94c90 043937 s ???????? 002 /wiki/JcrLicklider
2faddc1.73 b92e8907 4817c5 s a991d690 014 /feel/198f0/
2faddd1.75 b92e8907 4817c5 s a991d690 01a /feel/19900/
2faddd6.be 42f94c86 043937 h ???????? 003 /wiki/SamenWingMan
2fadde1.50 42f94c8a 043937 h ???????? 00f /wiki/SchwarzKanal
2fadde1.6c b92e8907 4817c5 s a991d690 014 /feel/19910/
2faddec.db 42f94c88 043937 h ???????? 003 /wiki/HerrschKunst
2faddf1.6d b92e8907 4817c5 s a991d690 013 /feel/19920/
2faddf9.1d 42f9427e 043937 h ???????? 008 /wiki/TrillerGasse
2fade01.76 b92e8907 4817c5 s a991d690 01c /feel/19930/
2fade08.14 42f9427e 043937 h ???????? 003 /wiki/QuotaManager
2fade11.72 b92e8907 4817c5 s a991d690 014 /feel/19940/
2fade21.8c b92e8907 4817c5 s a991d690 04b /feel/19950/
2fade21.c7 42f94c8a 043937 h ???????? 005 /wiki/PrandauGasse
2fade31.70 b92e8907 4817c5 s a991d690 01a /feel/19960/
2fade39.b9 42f9427e 043937 h ???????? 003 /wiki/ZelkingGasse
2fade41.72 b92e8907 4817c5 s a991d690 015 /feel/19970/
2fade51.71 b92e8907 4817c5 s a991d690 016 /feel/19980/
2fade52.3b 42f94c86 043937 h ???????? 003 /wiki/PonteCagrana
2fade61.6d b92e8907 4817c5 s a991d690 01d /feel/19990/
2fade6a.ce 42f94c8a 043937 h ???????? 003 /wiki/SchnellAngst
2fade71.72 b92e8907 4817c5 s a991d690 015 /feel/199a0/
2fade81.71 b92e8907 4817c5 s a991d690 016 /feel/199b0/
2fade83.c3 42f94c88 043937 h ???????? 004 /wiki/TrisannaGasse
2fade91.7d b92e8907 4817c5 s a991d690 01c /feel/199c0/
2fade9d.98 42f9427e 043937 h ???????? 003 /wiki/TauschekGasse
2fadea1.70 b92e8907 4817c5 s a991d690 016 /feel/199d0/
2fadeb1.6d b92e8907 4817c5 s a991d690 015 /feel/199e0/
2fadebb.1d 42f9427e 043937 h ???????? 003 /wiki/HerrHaidmayer
2fadec1.77 b92e8907 4817c5 s a991d690 01d /feel/199f0/
2faded1.73 b92e8907 4817c5 s a991d690 018 /feel/19a00/
2fadee1.72 b92e8907 4817c5 s a991d690 016 /feel/19a10/
2fadef1.72 b92e8907 4817c5 s a991d690 015 /feel/19a20/
2fadf01.6d b92e8907 4817c5 s a991d690 017 /feel/19a30/
2fadf11.6d b92e8907 4817c5 s a991d690 01c /feel/19a40/
2fadf14.01 42f9427e 043937 h ???????? 004 /wiki/TedNelson
2fadf21.80 b92e8907 4817c5 s a991d690 017 /feel/19a50/
2fadf31.74 b92e8907 4817c5 s a991d690 016 /feel/19a60/
2fadf31.d3 42f94c86 622963 h ???????? 003 /wiki/SeesMic
2fadf41.76 b92e8907 4817c5 s a991d690 01d /feel/19a70/
2fadf51.74 b92e8907 4817c5 s a991d690 023 /feel/19a80/
2fadf60.f4 b92e8907 4817c5 s a991d690 016 /feel/19a90/
2fadf61.d1 a4843451 eb026b s ???????? 003 /bcHead
2fadf61.94 b92e8907 4817c5 s a991d690 0f0 /sh
2fadf62.3a b92e8907 4817c5 s a991d690 002 /AtJs
2fadf69.b5 b92e8907 4817c5 s a991d690 05e /exec/gs
2fadf71.70 b92e8907 4817c5 s a991d690 018 /feel/19aa0/
2fadf81.6c b92e8907 4817c5 s a991d690 0b7 /feel/19ab0/
2fadf8d.ac b92e8907 4817c5 s a991d690 03e /exec/grep%20cyph%20*ist*
2fadf91.77 b92e8907 4817c5 s a991d690 030 /alive/19ac0/
2fadf91.85 b92e8907 4817c5 s a991d690 012 /feel/19ac0/
2fadfa1.6c b92e8907 4817c5 s a991d690 016 /feel/19ad0/
2fadfa3.41 b92e8907 4817c5 s a991d690 1c6 /exec/curl%20-d%20'%7B%22event%22:%22new-block%22,%22url%22:%22https://sl4.eu/newBlock%22%7D'%20https://api.blockcypher.com/v1/btc/main/hooks
2fadfae.5b b92e8907 4817c5 s a991d690 186 /exec/curl%20-d%20'%7B%22event%22:%22new-block%22,%22url%22:%22https://sl4.eu/newBlock%22%7D'%20https://api.blockcypher.com/v1/btc/main/hooks/
2fadfb1.71 b92e8907 4817c5 s a991d690 029 /alive/19ae0/
2fadfb1.83 b92e8907 4817c5 s a991d690 013 /feel/19ae0/
2fadfc1.69 b92e8907 4817c5 s a991d690 019 /feel/19af0/
2fadfd1.8a b92e8907 4817c5 s a991d690 028 /feel/19b00/
2fadfd0.cb b92e8907 4817c5 s a991d690 365 /exec/git%20add%20a%20bh%20ua;git%20commit%20-am%22git%20add%20a%20bh%20ua%22
2fadfd7.ae b92e8907 4817c5 s a991d690 015 /exec/gs
2fadfe1.68 b92e8907 4817c5 s a991d690 018 /feel/19b10/
2fadff1.68 b92e8907 4817c5 s a991d690 011 /feel/19b20/
2fadff6.55 b92e8907 4817c5 s a991d690 01b /exec/git%20add%20ad2fa.log%20ur2fa.log
2fae001.69 b92e8907 4817c5 s a991d690 013 /feel/19b30/
2fae011.6b b92e8907 4817c5 s a991d690 017 /feel/19b40/
2fae021.6b b92e8907 4817c5 s a991d690 013 /feel/19b50/
2fae031.73 b92e8907 4817c5 s a991d690 01e /feel/19b60/
2fae041.69 b92e8907 4817c5 s a991d690 013 /feel/19b70/
2fae051.69 b92e8907 4817c5 s a991d690 015 /feel/19b80/
2fae061.72 b92e8907 4817c5 s a991d690 01a /feel/19b90/
2fae071.6a b92e8907 4817c5 s a991d690 014 /feel/19ba0/
2fae081.6b b92e8907 4817c5 s a991d690 01c /feel/19bb0/
2fae090.ff b92e8907 4817c5 s a991d690 01c /feel/19bc0/
2fae0a1.77 b92e8907 4817c5 s a991d690 015 /feel/19bd0/
2fae0b1.6f b92e8907 4817c5 s a991d690 01b /feel/19be0/
2fae0c1.6d b92e8907 4817c5 s a991d690 013 /feel/19bf0/
2fae0d1.6d b92e8907 4817c5 s a991d690 01a /feel/19c00/
2fae0d2.63 42f94c8a 043937 h ???????? 003 /wiki/PeterLoos
2fae0e1.78 b92e8907 4817c5 s a991d690 014 /feel/19c10/
2fae0f1.7e b92e8907 4817c5 s a991d690 014 /feel/19c20/
2fae101.69 b92e8907 4817c5 s a991d690 01a /feel/19c30/
2fae111.6a b92e8907 4817c5 s a991d690 013 /feel/19c40/
2fae121.6f b92e8907 4817c5 s a991d690 015 /feel/19c50/
2fae131.6d b92e8907 4817c5 s a991d690 014 /feel/19c60/
2fae141.76 b92e8907 4817c5 s a991d690 015 /feel/19c70/
2fae151.72 b92e8907 4817c5 s a991d690 01c /feel/19c80/
2fae161.69 b92e8907 4817c5 s a991d690 015 /feel/19c90/
2fae171.69 b92e8907 4817c5 s a991d690 01b /feel/19ca0/
2fae181.69 b92e8907 4817c5 s a991d690 024 /feel/19cb0/
2fae191.7e b92e8907 4817c5 s a991d690 016 /feel/19cc0/
2fae1a1.68 b92e8907 4817c5 s a991d690 01f /feel/19cd0/
2fae1b1.78 b92e8907 4817c5 s a991d690 019 /feel/19ce0/
2fae1c1.71 b92e8907 4817c5 s a991d690 01c /feel/19cf0/
2fae1d1.77 b92e8907 4817c5 s a991d690 015 /feel/19d00/
2fae1e1.6f b92e8907 4817c5 s a991d690 015 /feel/19d10/
2fae1f1.6e b92e8907 4817c5 s a991d690 01c /feel/19d20/
2fae201.70 b92e8907 4817c5 s a991d690 016 /feel/19d30/
2fae211.80 b92e8907 4817c5 s a991d690 01c /feel/19d40/
2fae21b.9d 42f9427e 043937 h ???????? 003 /wiki/ComBots
2fae221.8f b92e8907 4817c5 s a991d690 014 /feel/19d50/
2fae231.6d b92e8907 4817c5 s a991d690 015 /feel/19d60/
2fae241.6d b92e8907 4817c5 s a991d690 01c /feel/19d70/
2fae251.6a b92e8907 4817c5 s a991d690 016 /feel/19d80/
2fae259.a4 42f94240 043937 h ???????? 003 /wiki/ArndtBode
2fae261.6e b92e8907 4817c5 s a991d690 016 /feel/19d90/
2fae271.75 b92e8907 4817c5 s a991d690 027 /feel/19da0/
2fae281.70 b92e8907 4817c5 s a991d690 020 /feel/19db0/
2fae291.6f b92e8907 4817c5 s a991d690 01d /feel/19dc0/
2fae2a1.6e b92e8907 4817c5 s a991d690 016 /feel/19dd0/
2fae2a8.b4 1fdc2af7 6314aa h ???????? 004 //rss.rdf
2fae2b0.59 5896e4da f93269 h ???????? 002 //rss.rdf
2fae2b1.6e b92e8907 4817c5 s a991d690 016 /feel/19de0/
2fae2c1.6b b92e8907 4817c5 s a991d690 01c /feel/19df0/
2fae2d1.6e b92e8907 4817c5 s a991d690 016 /feel/19e00/
2fae2e1.6f b92e8907 4817c5 s a991d690 017 /feel/19e10/
2fae2f1.6c b92e8907 4817c5 s a991d690 017 /feel/19e20/
2fae301.6d b92e8907 4817c5 s a991d690 017 /feel/19e30/
2fae311.72 b92e8907 4817c5 s a991d690 01e /feel/19e40/
2fae321.6f b92e8907 4817c5 s a991d690 018 /feel/19e50/
2fae331.6e b92e8907 4817c5 s a991d690 016 /feel/19e60/
2fae33c.58 42f94c8a 043937 h ???????? 003 /wiki/ErwinHaidmayer
2fae341.71 b92e8907 4817c5 s a991d690 01e /feel/19e70/
2fae351.74 b92e8907 4817c5 s a991d690 01c /feel/19e80/
2fae361.69 b92e8907 4817c5 s a991d690 01f /feel/19e90/
2fae371.97 b92e8907 4817c5 s a991d690 011 /feel/19ea0/
2fae381.6d b92e8907 4817c5 s a991d690 014 /feel/19eb0/
2fae384.7c c7109db7 45fe92 h ???????? 001 //robots.txt
2fae384.f0 c7109db5 45fe92 h ???????? 001 /robots.txt
2fae385.2e c7109db5 45fe92 h ???????? 016 /
2fae391.65 b92e8907 4817c5 s a991d690 023 /feel/19ec0/
2fae3a1.66 b92e8907 4817c5 s a991d690 011 /feel/19ed0/
2fae3b1.61 b92e8907 4817c5 s a991d690 016 /feel/19ee0/
2fae3c1.6d b92e8907 4817c5 s a991d690 01f /feel/19ef0/
2fae3d1.6b b92e8907 4817c5 s a991d690 016 /feel/19f00/
2fae3e1.63 b92e8907 4817c5 s a991d690 012 /feel/19f10/
2fae3f1.68 b92e8907 4817c5 s a991d690 011 /feel/19f20/
2fae401.62 b92e8907 4817c5 s a991d690 019 /feel/19f30/
2fae411.66 b92e8907 4817c5 s a991d690 012 /feel/19f40/
2fae421.21 42f9427e 043937 h ???????? 002 /wiki/HorstBunke
2fae421.6c b92e8907 4817c5 s a991d690 018 /feel/19f50/
2fae431.66 b92e8907 4817c5 s a991d690 012 /feel/19f60/
2fae441.67 b92e8907 4817c5 s a991d690 011 /feel/19f70/
2fae451.6e b92e8907 4817c5 s a991d690 01a /feel/19f80/
2fae461.65 b92e8907 4817c5 s a991d690 013 /feel/19f90/
2fae471.64 b92e8907 4817c5 s a991d690 017 /feel/19fa0/
2fae481.6b b92e8907 4817c5 s a991d690 014 /feel/19fb0/
2fae491.77 b92e8907 4817c5 s a991d690 013 /feel/19fc0/
2fae4a1.66 b92e8907 4817c5 s a991d690 019 /feel/19fd0/
2fae4b1.69 b92e8907 4817c5 s a991d690 013 /feel/19fe0/
2fae4c1.69 b92e8907 4817c5 s a991d690 01b /feel/19ff0/
2fae4d1.6a b92e8907 4817c5 s a991d690 015 /feel/1a000/
2fae4e1.64 b92e8907 4817c5 s a991d690 013 /feel/1a010/
2fae4f1.63 b92e8907 4817c5 s a991d690 021 /feel/1a020/
2fae501.89 b92e8907 4817c5 s a991d690 015 /feel/1a030/
2fae511.67 b92e8907 4817c5 s a991d690 01a /feel/1a040/
2fae521.8a b92e8907 4817c5 s a991d690 017 /feel/1a050/
2fae531.70 b92e8907 4817c5 s a991d690 018 /feel/1a060/
2fae541.69 b92e8907 4817c5 s a991d690 027 /feel/1a070/
2fae551.69 b92e8907 4817c5 s a991d690 01c /feel/1a080/
2fae561.65 b92e8907 4817c5 s a991d690 01c /feel/1a090/
2fae571.e5 b92e8907 4817c5 s a991d690 015 /feel/1a0a0/
2fae581.68 b92e8907 4817c5 s a991d690 016 /feel/1a0b0/
2fae591.6c b92e8907 4817c5 s a991d690 01c /feel/1a0c0/
2fae5a1.6d b92e8907 4817c5 s a991d690 013 /feel/1a0d0/
2fae5a9.9f 42f94c86 043937 h ???????? 003 /wiki/ShortViewURLConstructor
2fae5b1.7e b92e8907 4817c5 s a991d690 014 /feel/1a0e0/
2fae5c1.6c b92e8907 4817c5 s a991d690 016 /feel/1a0f0/
2fae5d1.6f b92e8907 4817c5 s a991d690 015 /feel/1a100/
2fae5e1.66 b92e8907 4817c5 s a991d690 01a /feel/1a110/
2fae5f1.6b b92e8907 4817c5 s a991d690 014 /feel/1a120/
2fae601.6b b92e8907 4817c5 s a991d690 01a /feel/1a130/
2fae60a.4e 33ff411b 433e9c h ???????? 002 /edit/23226001
2fae611.63 b92e8907 4817c5 s a991d690 014 /feel/1a140/
2fae71e.05 42f94c86 043937 h ???????? 003 /wiki/TraditionalDiffProvider
2fae75e.96 42f94c8a 622963 h ???????? 003 /wiki/PeakOil
2fae906.86 42f94c88 043937 h ???????? 004 /wiki/BasicAttachmentProvider
2faea20.4d 284da705 6a88e8 h ???????? 01a /
2faea58.8f 9d37278b 6a88e8 h ???????? 003 /wiki/UniVerse
2faec45.4c 42f94c8a 043937 h ???????? 004 /wiki/JuSo
2faedca.64 42f94c8a 043937 h ???????? 003 /wiki/DelIm
2faef3f.e8 42f94c88 043937 h ???????? 004 /wiki/RweAg
2faefd4.04 9d3727ae 6a88e8 h ???????? 01d /
2faeffe.10 42f94c86 622963 h ???????? 006 /wiki/TimBray
2faf100.30 42f94c88 043937 h ???????? 003 /wiki/FredBrooks
2faf1d3.ab 42f94c8a 043937 h ???????? 002 /edit/44015006
2faf1fb.6f 42f94c88 043937 h ???????? 003 /wiki/OrtsTeil
2faf22f.c6 42f94c86 043937 h ???????? 003 /wiki/MindBase
2faf262.7a 42f94c88 043937 h ???????? 002 /edit/40605006
2faf2ac.f2 42f94228 043937 h ???????? 003 /wiki/KinderOase
2faf2ae.30 42f94228 043937 h ???????? 001 /edit/48285006
2faf2ce.89 42f94225 043937 h ???????? 009 /wiki/JohnNash
2faf4b1.6b 42f94c88 043937 h ???????? 004 /wiki/AmirPnueli
2faf52d.ba 4fe4f60b d9fcfb h ???????? 020 /
2faf539.6d 4fe4f60b d9fcfb s ???????? 059 /hls
2faf53a.44 4fe4f60b d9fcfb h ???????? 002 /alive/
2faf53c.c0 4fe4f60b d9fcfb h ???????? 002 /feel/
2faf53f.30 4fe4f60b d9fcfb h ???????? 004 /wiki/GottfriedWilhelmLeibniz
2faf54e.d2 4fe4f60b d9fcfb h ???????? 003 /wiki/AlanTuring
2faf5ca.9d 90d95071 fee6c8 h ???????? 016 /
2faf5d8.06 5d4f9415 b0b935 h ???????? 02f /
2faf786.2d 321e20ba c28c99 h ???????? 01e /
2faf9e6.1b 42f94c86 622963 h ???????? 003 /wiki/WeiLi
