30300a3.38 3ed6bf41 d92714 s ???????? 019 /
3030151.f8 42f94228 622963 h ???????? 004 /wiki/SemperBase
303015d.2f 5d9e983e e4b041 h ???????? 003 /robots.txt
3030161.1f 5d9e983e e4b041 h ???????? 004 /wiki/LiveJournal
3030165.10 8d088420 e4b041 h ???????? 003 /wiki/ThingSurfing
3030168.e3 8d088420 e4b041 h ???????? 006 /wiki/ExCel
3030183.9c 42f94c86 043937 h ???????? 004 /wiki/DynamoDresden
30301cc.67 284da792 6a88e8 s ???????? 002 /robots.txt
30301da.cf 9d372728 6a88e8 s ???????? 01a /
30302a4.47 42f94222 043937 h ???????? 004 /wiki/VheMt
30302b5.42 42f94222 043937 h ???????? 003 /wiki/CoinMaster
30302b5.ad 42f94c8a 043937 h ???????? 004 /wiki/GraveYard
30302bc.18 42f94222 043937 h ???????? 003 /wiki/BTbFuFlmUA
30302be.c7 42f94222 043937 h ???????? 003 /wiki/AnoNym
3030332.96 33ff427e 433e9c h ???????? 003 /edit
30303c3.71 33ff427c 433e9c h ???????? 004 /wiki/SchickSaal
30303e6.70 33ff426a 433e9c h ???????? 004 /wiki/GenSeidenFaden
3030412.5d 42f94228 043937 h ???????? 004 /wiki/GerhardWeikum
30306b7.2d 42f94c88 043937 h ???????? 005 /wiki/DetlefZuehlke
30306da.e5 3ed6bf41 d92714 s ???????? 01c /
30306db.59 3ed6bf41 d92714 s ???????? 002 /favicon.ico
30306df.5a 3ed6bf41 d92714 s ???????? 002 /alive/4
30306df.94 3ed6bf41 d92714 s ???????? 003 /feel/4
30306e0.a7 3ed6bf41 d92714 s ???????? 048 /hls
30306e4.ed 3ed6bf41 d92714 s ???????? 019 /
3030819.0b 42f94c88 622963 h ???????? 004 /wiki/AuditTrail
30308eb.bd 42f94222 043937 h ???????? 003 /edit/45415001
303090f.d4 2e6962a6 e3b0c4 h ???????? 003 /robots.txt
3030912.02 2e6962a6 aa5504 h ???????? 01d /
303092b.5c 42f94222 043937 h ???????? 004 /wiki/BarbaraLiskov
3030988.74 33ff4765 433e9c h ???????? 004 /wiki/MannOhneGeheimnisse
3030b7b.ef 42f94c88 043937 h ???????? 004 /wiki/ZukunftsRoman
3030c59.4c c6cceb1a ffd63a h ???????? 002 //wp-login.php
3030ccc.a5 c6cceb1a ffd63a h ???????? 002 //robots.txt
3030d9a.f9 42f94222 043937 h ???????? 004 /wiki/CorticalColumn
3030fcf.85 42f94225 043937 h ???????? 005 /wiki/ChristaMueller
30310fc.7d 4a7d4c62 55c2cd h ???????? 003 //rss.rdf
3031207.10 42f94225 043937 h ???????? 005 /wiki/NationState
3031311.a9 42f95c18 70a047 h ???????? 002 //rss.rdf
3031351.69 42f94236 622963 s ???????? 32b /memo
303147c.a1 42f94c86 043937 h ???????? 004 /wiki/DasExperiment
30314a1.17 59f8ac30 e93a4d h ???????? 01a /
30314a9.1a 42f94c86 622963 h ???????? 004 /wiki/JavaScript
30316b7.cc 42f94c88 043937 h ???????? 004 /wiki/EpisodicMemory
30316da.1e a484a157 433e9c h ???????? 001 /edit/26216002
30316fe.e6 5f6cb30f e4b041 h ???????? 002 /wiki/FutureGame
3031702.b2 8d088e0f e4b041 h ???????? 013 /
3031706.78 8d088ea4 e4b041 h ???????? 002 /wiki/WebGl
303170a.3d 05fffd51 e4b041 h ???????? 001 /wiki/FutureSchnaeppchen
303170d.f3 b29ac825 e4b041 h ???????? 002 /wiki/BrabblR
3031711.a5 5d9e983e e4b041 h ???????? 002 /wiki/EtherPad
3031715.3a 5d9e983e e4b041 h ???????? 002 /wiki/GregoryBateson
30317b2.87 9d37272a 6a88e8 h ???????? 010 /
3031912.5a 42f94c86 043937 h ???????? 002 /wiki/MonikaSchappes
3031a70.2c 4d4b4f11 6a9392 h ???????? 001 /robots.txt
3031a70.b5 4d4b4f11 6a9392 h ???????? 001 /StarTime
3031aa8.da 42f94c88 622963 h ???????? 002 /wiki/AppendOnly
3031aae.8e 42f94c88 043937 h ???????? 002 /wiki/LongLive
3031b50.e5 42f94222 043937 h ???????? 002 /wiki/JohnVonNeumann
3031c5b.80 d9b68414 433e9c h ???????? 002 /edit/29146007
3031d25.fc bc286647 7dfab1 h ???????? 001 //rss.jsp
3031d26.1e bc286647 7dfab1 h ???????? 001 //rss.jsp
3031d77.93 42f94c8a 043937 h ???????? 002 /wiki/AnnoDomini2056
3031f97.f3 42f94225 043937 h ???????? 003 /wiki/LifeExpectancy
30321aa.e3 42f94c88 043937 h ???????? 003 /wiki/AmeedeeCourbet
30321b5.7d 33ff4117 433e9c h ???????? 002 /NooSphere
30323c0.fd 42f94c88 043937 h ???????? 002 /wiki/SemanticBarock
3032508.1b 33ff427f 433e9c h ???????? 002 /wiki/RainerWasserfuhrHasKissed
30325d8.25 42f94228 043937 h ???????? 002 /wiki/ChristopherStreet
3032736.80 b44c0f98 fa643b h ???????? 002 /robots.txt
3032736.80 b44c0f96 fa643b h ???????? 003 /robots.txt
3032779.1d b44c0f86 a04d28 h ???????? 013 /
30327f0.34 42f94c8a 043937 h ???????? 003 /wiki/ChristophChorherr
303294e.dd 9d372703 6a88e8 h ???????? 002 //robots.txt
303296b.b1 8d088e9a e4b041 h ???????? 002 /wiki/IoTu
30329e5.59 5f6cd508 e4b041 h ???????? 002 /wiki/WorkFlow
3032a05.b5 42f94222 043937 h ???????? 002 /wiki/KarmaKapitalismus
3032a0e.8a 5d9e983e e4b041 h ???????? 002 /robots.txt
3032a12.66 5d9e983e e4b041 h ???????? 016 /
3032be6.03 5b794fb4 e3b0c4 h ???????? 003 /robots.txt
3032be8.24 5b794fb4 2d2838 h ???????? 012 /
3032c36.bc 5d9e983e e4b041 h ???????? 003 /wiki/EnterPrise
3032c3e.f0 42f94228 043937 h ???????? 003 /wiki/LernenDurchLehren
3032c61.c5 4d4b4f3e 6a9392 h ???????? 001 /robots.txt
3032c62.7c 4d4b4f3e 6a9392 h ???????? 002 /wiki/EdgarSchein
3032c71.a0 42f94c8a 043937 h ???????? 002 /wiki/NanoBoro
3032e73.14 42f94c88 043937 h ???????? 003 /wiki/BlinkenLights
3032ee8.fd 3ed6bf41 d92714 s ???????? 01d /
3032eed.69 3ed6bf41 d92714 s ???????? 001 /alive/4
3032eed.99 3ed6bf41 d92714 s ???????? 001 /feel/4
3032f38.f1 3ed44931 fee6c8 h ???????? 017 /
3032f71.3e bca5c419 e3b0c4 h ???????? 001 /robots.txt
3032f72.fc 2578a28b d0756d h ???????? 013 /
3032f73.67 bca5c419 76fdb3 h ???????? 013 /
3032f73.8c 2578a28b 64afed h ???????? 018 /
3033124.37 42f94222 043937 h ???????? 003 /wiki/StephanJansen
303318a.7f adeaeadc 3d8b22 h ???????? 019 /
30331cc.21 42f94c88 622963 h ???????? 002 /wiki/SemperWiki
303329c.45 3ed6bf41 d92714 s ???????? 01c /
303329c.82 3ed6bf41 d92714 s ???????? 002 /favicon.ico
30332a0.92 3ed6bf41 d92714 s ???????? 001 /alive/4
30332a0.c1 3ed6bf41 d92714 s ???????? 002 /feel/4
30332a4.8b 3ed6bf41 d92714 s ???????? 002 /alive/8
30332a4.b8 3ed6bf41 d92714 s ???????? 001 /feel/8
30332ac.8e 3ed6bf41 d92714 s ???????? 021 /alive/10
30332ac.ae 3ed6bf41 d92714 s ???????? 013 /feel/10
3033320.13 3ed6bf41 d92714 s ???????? 013 /
3033328.92 4e2e2319 7dfab1 h ???????? 001 //rss.jsp
3033328.b6 4e2e2319 7dfab1 h ???????? 001 //rss.jsp
3033331.5c 3ed6bf41 d92714 s ???????? 02f /alive/10
3033331.5c 3ed6bf41 d92714 s ???????? 033 /feel/10
30333c4.9e 42f94c86 043937 h ???????? 003 /wiki/SunsetQuestion
3033628.78 42f94225 043937 h ???????? 003 /wiki/CurrencySystem
30336d1.f0 5896e4da a26671 h ???????? 002 //rss.rdf
303373c.ef cf2e0d31 6a88e8 h ???????? 003 /wiki/IhMail
30337db.ce 5d9e983e e4b041 h ???????? 003 /wiki/FelixSchwenzel
30337df.41 5d9e983e e4b041 h ???????? 002 /wiki/DingeGeregeltKriegenOhneEinenFunkenSelbstdisziplin
30337e2.cd 05fffd3f e4b041 h ???????? 003 /wiki/JoachimDethlefs
30337e6.22 05fffd3f e4b041 h ???????? 009 /wiki/AnnoDomini1873
30337e9.90 8d088420 e4b041 h ???????? 003 /wiki/AlternateReality
3033889.f9 42f94222 622963 h ???????? 003 /wiki/StadtDresden
3033898.11 42f94225 043937 h ???????? 002 /wiki/MaggiFlaedleSuppe
303389d.62 d9b6841e 433e9c h ???????? 002 /edit/22606002
3033aaa.ef 42f95c16 70a047 h ???????? 002 //rss.rdf
3033abb.51 5d9e983e e4b041 h ???????? 003 /wiki/ThesenGegenZensur
3033af2.c5 42f94228 043937 h ???????? 003 /wiki/BenjaminNetanyahu
3033d05.93 42f94225 043937 h ???????? 004 /wiki/BetreuungsAngebot
3033e6b.dc 42f94228 043937 h ???????? 002 /edit/41515001
3033e79.a7 42f94c86 622963 h ???????? 003 /wiki/SemperScript
3033eff.b2 5d9e983e e4b041 h ???????? 003 /wiki/FlashNoon
3033f02.3c 5d9e983e e4b041 h ???????? 003 /wiki/RedMan
3033f05.1e 42f94c86 043937 h ???????? 002 /wiki/JohannCasparGoethe
3033fe4.b7 5f6cd507 e4b041 h ???????? 009 /wiki/RalphWaldoEmerson
3034098.93 bca5e922 e3b0c4 h ???????? 002 /robots.txt
303409a.b9 bca5e922 1200b3 h ???????? 016 /
303410d.0a 42f94c8a 043937 h ???????? 003 /wiki/ZeppelinUniversity
3034145.be 8ba27ca7 1066b4 h ???????? 015 /
30342c7.07 4d4b4eab 6a9392 h ???????? 002 /robots.txt
30342c7.a7 4d4b4eab 6a9392 h ???????? 001 /SamenLotto
3034325.dc 42f94c90 043937 h ???????? 003 /wiki/MichaelaSchaffrath
303435d.10 cb85a80f 782faf h ???????? 002 /robots.txt
3034426.4d 42f94c8e 622963 h ???????? 018 /
3034428.6d 42f94c8c 043937 h ???????? 019 /feel/10
303451f.40 42f94222 043937 h ???????? 003 /wiki/StefanGrossSelbeck
303466b.95 33ff4271 433e9c h ???????? 002 /hear/97081cfceb56669ec9060051c108323e
3034723.dc 42f94c86 043937 h ???????? 004 /wiki/FacilityManagement
30347f9.14 44b4e47c aec21f h ???????? 003 /robots.txt
30347f9.a3 44b4e47c aec21f h ???????? 004 /wiki/InHalt
30348d8.a6 c70fe9a8 3a5a31 h ???????? 002 /wp-login.php
30348d8.e3 c70fe9a8 3a5a31 h ???????? 002 //wp-login.php
303492a.9b 42f94c8e 043937 h ???????? 004 /wiki/ParkhotelForsthaus
30349ca.9a 33ff4762 433e9c h ???????? 017 /edit/19436002
3034bc9.26 42f94c88 043937 h ???????? 004 /wiki/SinnFindungsmodell
3034c25.39 42f94c88 622963 h ???????? 003 /wiki/DigitalPlanet
3034dfb.55 42f94222 043937 h ???????? 003 /wiki/BamAg
3034ff8.20 42f94222 043937 h ???????? 004 /wiki/FengShui
3035029.cf 42f94222 043937 h ???????? 003 /wiki/SapAg
3035158.ef bc646f55 9a5bea h ???????? 004 //wiki/LockOffice
3035219.e1 904c6ba4 18b492 h ???????? 008 /robots.txt
303521a.03 904c6ba4 18b492 h ???????? 017 /
3035236.85 42f94225 043937 h ???????? 003 /wiki/RobOt
303523a.94 42f94c88 622963 h ???????? 004 /wiki/SemperComputing
3035283.61 b44c0f10 a04d28 h ???????? 019 /
3035466.77 42f94c88 043937 h ???????? 003 /wiki/DdErr
3035526.cb b44c0f86 a04d28 h ???????? 024 /
303561d.e9 c063908c bf956c h ???????? 002 /webdav/
303565c.fd 3ed6bf41 d92714 s ???????? 01a /
303565d.31 3ed6bf41 d92714 s ???????? 001 /favicon.ico
3035674.2e 42f94c88 043937 h ???????? 003 /wiki/UrWahl
303573d.d1 33ff427c 433e9c h ???????? 004 /wiki/KommuneZwei
303586d.7e 42f94c8a 622963 h ???????? 004 /wiki/RevisionsSicher
3035889.6d 42f94225 043937 h ???????? 00a /wiki/ErZieh
3035945.93 33ff477f 433e9c h ???????? 003 /wiki/DiscussionForum
3035b08.ec 42f94c86 043937 h ???????? 003 /wiki/TinyPm
3035d06.d1 5f3e5886 46c8fa h ???????? 021 /
3035d07.52 5f3e5886 46c8fa h ???????? 002 //https://floatingboat2013.appspot.com
3035d08.ad 5f3e5886 46c8fa h ???????? 003 //wiki/AlanTuring
3035d08.f4 5f3e5886 46c8fa h ???????? 003 //wiki/GottfriedWilhelmLeibniz
3035d09.3c 5f3e5886 46c8fa h ???????? 002 //https://floatingboat2013.appspot.com/UrPic
3035d09.86 5f3e5886 46c8fa h ???????? 002 //https://floatingboat2013.appspot.com/ad
3035d09.cf 5f3e5886 46c8fa h ???????? 002 //https://sl4.eu/hls
3035d0a.1b 5f3e5886 46c8fa h ???????? 002 //https://sl4.eu/ls
3035d0a.6a 5f3e5886 46c8fa h ???????? 002 //https://sl4.eu/sh
3035d0a.b3 5f3e5886 46c8fa h ???????? 002 //https://www.youtube.com/watch
3035d77.28 42f94c8a 043937 h ???????? 004 /wiki/LonDon
3035f17.66 9d372712 6a88e8 h ???????? 002 /robots.txt
3035f1f.16 cf2e0daf 6a88e8 h ???????? 021 /
3035fe6.67 42f94c86 043937 h ???????? 004 /wiki/OptOut
3036037.c0 3ed6bf41 d92714 s ???????? 018 /
303603d.44 3ed6bf41 d92714 s ???????? 002 /alive/4
303603d.72 3ed6bf41 d92714 s ???????? 002 /feel/4
3036155.8c a484a120 433e9c h ???????? 004 /wiki/XiNao
3036173.43 8d088e9a e4b041 h ???????? 004 /wiki/ProjectContainer
3036176.9c 5d9e983e e4b041 h ???????? 003 /wiki/PortFolio
3036179.d0 5d9e983e e4b041 h ???????? 004 /wiki/FoafExplorer
303617d.17 5d9e983e e4b041 h ???????? 004 /wiki/RoyalDutchShell
3036180.58 8d088e26 e4b041 h ???????? 004 /wiki/EvelyneWrobbel
3036183.89 25097126 e4b041 h ???????? 003 /wiki/BigSchuppen
3036186.bb b29ac825 e4b041 h ???????? 004 /wiki/NormFarm
3036189.d6 5d9e983e e4b041 h ???????? 004 /wiki/IchDenke
303618c.fc 5d9e983e e4b041 h ???????? 004 /wiki/SchaetzQual
3036190.1c 5d9e983e e4b041 h ???????? 003 /wiki/DavidOrban
30361ba.9a 42f94c8a 043937 h ???????? 004 /wiki/MindEyes
303623a.36 42f94228 043937 h ???????? 009 /wiki/LaLeLu
3036337.2c 40472019 2c4d1d h ???????? 002 /js/mage/cookies.js
303636a.f9 42f95c18 70a047 h ???????? 002 //rss.rdf
303643e.f9 42f94c8a 043937 h ???????? 004 /wiki/MadameBovary
30364c6.f8 b44c0f0e a04d28 h ???????? 026 /edit/13486002
30366d9.99 42f94c88 043937 h ???????? 00c /wiki/AubreyDeGrey
3036794.97 42f94236 622963 s ???????? 002 /edit
30367fc.37 8ac56f3f 26a8d5 h ???????? 022 /
3036800.87 8ac56f3f 26a8d5 h ???????? 006 /alive/4
3036800.9e 8ac56f3f 26a8d5 h ???????? 002 /feel/4
3036804.88 8ac56f3f 26a8d5 h ???????? 006 /alive/8
3036804.a0 8ac56f3f 26a8d5 h ???????? 002 /feel/8
303680c.87 8ac56f3f 26a8d5 h ???????? 040 /alive/10
303680c.a5 8ac56f3f 26a8d5 h ???????? 019 /feel/10
30368f6.82 5d9e983e e4b041 h ???????? 003 /sl4
30368f9.80 5d9e983e e4b041 h ???????? 004 /wiki/BDSMBerlinEV
303690c.f0 42f94c8a 043937 h ???????? 004 /wiki/BusinessAngel
30369e6.af 284da786 6a88e8 h ???????? 01a /
30369ff.3d c2bbaa89 ac35e0 h ???????? 003 //robots.txt
3036b3b.19 42f94c8a 043937 h ???????? 004 /wiki/WilliamGibson
3036b47.12 5d9e983e e4b041 h ???????? 004 /wiki/GeorgeSmoot
3036b5b.ba d9b68433 433e9c h ???????? 002 /edit/29366001
3036bf9.0d a484a108 433e9c h ???????? 004 /wiki/ObDach
3036d63.71 42f94c8a 043937 h ???????? 002 /wiki/TinaPickhardt
3036eda.f5 42f94c8a 622963 h ???????? 002 /edit/25276002
3036f92.24 42f94c86 043937 h ???????? 002 /wiki/IiroKolehmainen
30371e1.6c 284da786 6a88e8 h ???????? 002 /wiki/MindPeople
303720b.3a 42f94c86 043937 h ???????? 002 /wiki/BodySensosphere
303737d.95 42f94c86 043937 h ???????? 007 /wiki/DsCf0030
30373c4.d5 42f94222 043937 h ???????? 002 /wiki/LebensWeisheit
303747b.5d 42f94c86 043937 h ???????? 002 /wiki/JahresAbschluss
30376b8.ad 42f94c88 043937 h ???????? 003 /wiki/FrauenGoogling
30376bc.a1 42f94c88 043937 h ???????? 002 /wiki/SchachOlympiade
30378d5.61 42f94228 043937 h ???????? 002 /wiki/ElbPhilharmonie
3037b19.62 42f94225 043937 h ???????? 003 /wiki/BornIn
3037d47.a1 42f94c8a 043937 h ???????? 003 /wiki/JoiIto
3037f5e.22 42f94c88 043937 h ???????? 003 /wiki/AutoCad
3037f70.e8 cf2e0d2e 6a88e8 h ???????? 002 /wiki/GruenWiki
30381fa.ed 42f94c8a 043937 h ???????? 002 /wiki/TimothyLeary
30382b4.d7 5b6742ca f00999 h ???????? 010 /
30382f3.4c 42f95c16 70a047 h ???????? 001 //rss.rdf
303842e.9a 42f94c88 043937 h ???????? 002 /wiki/DWaveSystems
303847a.62 42f94c86 622963 h ???????? 003 /wiki/SiUnit
3038540.e0 42f94233 043937 s ???????? 001 /edit/6875005
30385e3.a3 5d9e983e e4b041 h ???????? 002 /robots.txt
30385e7.96 5d9e983e e4b041 h ???????? 002 /wiki/NooPolis
30385eb.8e 8d088420 e4b041 h ???????? 002 /wiki/DeBate
30385ef.78 5f6cb30f e4b041 h ???????? 003 /wiki/ASmallWorld
30385fb.4f 8d088e0f e4b041 h ???????? 002 /wiki/BahnBank
3038664.a4 42f94c8a 043937 h ???????? 002 /wiki/AndreasIttner
30386da.91 a484a12e 433e9c h ???????? 001 /edit/23496009
3038822.2f 33ff427e 433e9c h ???????? 002 /edit
3038896.d2 42f94c8a 043937 h ???????? 002 /wiki/MarcAndreessen
3038ab9.92 42f94228 043937 h ???????? 003 /wiki/MaedchenHandel
3038afe.d1 42f94c88 622963 h ???????? 001 /edit/26216001
3038c70.b7 33ff426a 433e9c h ???????? 002 /wiki/GenSeidenFaden
3038cb9.4e 42f94c86 043937 h ???????? 003 /wiki/AlexandreCabral
3038d1b.22 42f95c17 70a047 h ???????? 002 //rss.rdf
3038e7d.b6 33ff4133 433e9c h ???????? 001 /edit/27406004
3038ec5.2a 42f94c86 043937 h ???????? 003 /wiki/EkkehardBoesche
3038fb7.c5 adeaead4 3d8b22 h ???????? 015 /
30390bf.e5 42f94c86 043937 h ???????? 003 /wiki/MethusalemKompott
30392a9.d8 42f94c8a 043937 h ???????? 002 /wiki/HaeufigsteWoerter
30394a5.e9 42f94c88 043937 h ???????? 002 /wiki/MartinLutherPlatz
303969d.89 42f94c88 043937 h ???????? 003 /wiki/InterTwingularity
3039703.a3 42f94c86 043937 h ???????? 001 /edit/47235002
30397cc.51 33ff4153 433e9c h ???????? 002 /coPlatte_4845.jpg
3039a5f.b4 a484a121 433e9c h ???????? 003 /wiki/MarsName
3039aab.b4 42f94c8a 043937 h ???????? 002 /wiki/SwOt
3039c95.ac 42f94233 043937 s ???????? 2afb /math
3039e85.d0 42f94222 043937 h ???????? 003 /wiki/TransSimian
3039ef5.50 42f942fa 043937 s ???????? 002 /robots.txt
3039ef5.90 42f94c08 622963 s ???????? 013 /
303a09a.c1 42f94c90 622963 s ???????? 001 /up
303a0fa.18 42f94c8a 043937 h ???????? 003 /wiki/RobertDoorenbos
303a27a.aa 42f94233 622963 s ???????? 22df /math
303a306.77 42f94c8a 043937 h ???????? 003 /wiki/SyStem
303a521.38 42f94228 043937 h ???????? 003 /wiki/UrLaub
303a6f8.6c 42f94c8a 622963 h ???????? 003 /wiki/GedankenSpiel
303a72e.ce 42f94c88 043937 h ???????? 003 /wiki/BeFore
303a8c9.74 42f94c88 043937 h ???????? 003 /wiki/EchtZeit
303a949.8b 42f94228 043937 h ???????? 003 /wiki/IsLand
303a9f1.06 9750276e 433e9c h ???????? 002 //robots.txt
303ab28.a0 33ff427c 433e9c h ???????? 004 /wiki/SchickSaal
303ab56.3b 42f94228 043937 h ???????? 003 /wiki/EiBiEm
303acd4.eb 42f94225 622963 h ???????? 003 /wiki/MgmGrandOrion
303ad4d.54 42f94c86 043937 h ???????? 002 /wiki/KsWiki
303af4a.07 42f94222 043937 h ???????? 003 /wiki/LisBoa
303b147.6d 42f94222 043937 h ???????? 003 /wiki/ExPect
303b1d6.2f 42f94228 622963 h ???????? 003 /wiki/AutoBiografie
303b362.07 42f94c8a 043937 h ???????? 003 /wiki/AwWiki
303b59a.a6 42f94c8a 043937 h ???????? 003 /wiki/JobWiki
303b61e.f6 b44c0f12 a04d28 h ???????? 002 /edit/6216001
303b6cb.a2 42f95c17 70a047 h ???????? 002 //rss.rdf
303b78f.cd 42f94c86 043937 h ???????? 003 /wiki/IqProQm
303b994.db 42f94c8a 043937 h ???????? 003 /wiki/AdWords
303ba4d.a5 a4843451 eb026b s ???????? 003 /bcHead
303ba4d.62 42f94236 622963 s ???????? 10b /sh
303ba89.fe 42f94c88 043937 h ???????? 002 /wiki/SeaLevel
303bba1.d2 42f94c88 043937 h ???????? 003 /wiki/DisRupt
303bd5f.5e 2d37a43c 73ab6e h ???????? 017 /
303bdb1.e2 42f94c8a 043937 h ???????? 003 /wiki/PatenLand
303bde5.51 9d372728 6a88e8 s ???????? 026 /
303bedf.8b 33ff427f 433e9c h ???????? 004 /wiki/RainerWasserfuhrHasKissed
303bfa3.ba 42f94c8a 622963 h ???????? 004 /wiki/NtpTla
303c03e.e8 42f94c8a 043937 h ???????? 003 /wiki/BenratherLinie
303c191.b9 42f94c86 622963 h ???????? 018 /
303c280.a4 42f94c86 043937 h ???????? 003 /wiki/ClariumCapital
303c5d0.0d 42f94c88 622963 h ???????? 003 /wiki/SyStem
303c759.fd 2d37b34c 73ab6e h ???????? 019 /
303c77f.7d 42f94c86 043937 h ???????? 003 /wiki/ProSeccoButler
303c97b.aa 42f94c88 043937 h ???????? 003 /wiki/XiNg
303cb72.a3 42f94c8a 043937 h ???????? 003 /wiki/CabiNet
303cc0e.07 42f94c8a 622963 h ???????? 003 /wiki/BeFore
303cc4c.9f 42f94c88 043937 h ???????? 001 /edit/33405007
303cda4.09 42f94228 043937 h ???????? 004 /wiki/IpoKurs
303cf88.37 42f94c88 043937 h ???????? 004 /wiki/MucWiki
303d16a.1f 42f94c86 043937 h ???????? 003 /wiki/RollOut
303d25c.83 42f94222 622963 h ???????? 003 /wiki/BitCoin
303d357.a4 42f94c86 043937 h ???????? 003 /wiki/AtariSt
303d3b7.aa 284da786 6a88e8 h ???????? 028 /
303d534.49 42f94c8a 043937 h ???????? 004 /wiki/AnDroid
303d721.8d 42f94c86 043937 h ???????? 004 /wiki/LysannB
303d85b.96 bc285186 7dfab1 h ???????? 002 //rss.jsp
303d85b.be bc285186 7dfab1 h ???????? 002 //rss.jsp
303d85c.43 bc285186 7dfab1 h ???????? 002 //rss.jsp
303d85c.70 bc285186 7dfab1 h ???????? 002 //rss.jsp
303d8e7.2b 4f741acf dc1a18 h ???????? 02c /
303d8e7.7a 4f741acf dc1a18 h ???????? 002 //https://floatingboat2013.appspot.com
303d8e7.c9 4f741acf dc1a18 h ???????? 003 //wiki/AlanTuring
303d8e8.0d 4f741acf dc1a18 h ???????? 003 //wiki/GottfriedWilhelmLeibniz
303d8e8.5e 4f741acf dc1a18 h ???????? 002 //https://floatingboat2013.appspot.com/UrPic
303d8e8.a9 4f741acf dc1a18 h ???????? 002 //https://floatingboat2013.appspot.com/ad
303d8e8.ef 4f741acf dc1a18 h ???????? 002 //https://sl4.eu/hls
303d8e9.37 4f741acf dc1a18 h ???????? 002 //https://sl4.eu/ls
303d8e9.7d 4f741acf dc1a18 h ???????? 001 //https://sl4.eu/sh
303d8e9.c6 4f741acf dc1a18 h ???????? 002 //https://www.youtube.com/watch
303d924.83 42f94c86 043937 h ???????? 004 /wiki/GuySteele
303dabe.f2 42f94c86 622963 h ???????? 009 /wiki/ExaHash
303db11.98 8ba24e87 186d9a s ???????? 025 /
303db80.e9 42f94c88 043937 h ???????? 005 /wiki/DdRc200
303dbba.70 42f94c88 043937 h ???????? 003 /wiki/BillSeitz
303dc1c.f7 33ff427c 433e9c h ???????? 004 /wiki/KommuneZwei
303de0f.ab 42f94c86 043937 h ???????? 003 /edit/39725001
303de38.9e 42f94225 043937 h ???????? 003 /wiki/JfSchlinck
303df1d.39 57d21156 dc1a18 h ???????? 017 /
303df1d.c5 57d21156 dc1a18 h ???????? 002 //https://floatingboat2013.appspot.com
303df1e.71 57d21156 dc1a18 h ???????? 004 //wiki/AlanTuring
303df1e.f9 57d21156 dc1a18 h ???????? 004 //wiki/GottfriedWilhelmLeibniz
303dfb9.42 b44c0f0d a04d28 h ???????? 019 /
303dff7.7a 42f95c16 70a047 h ???????? 002 //rss.rdf
303e0cd.70 42f94c88 043937 h ???????? 003 /wiki/PayOut
303e207.66 33ff4154 433e9c h ???????? 002 /edit/29376001
303e244.82 33ff4271 433e9c h ???????? 009 /hear/97081cfceb56669ec9060051c108323e
303e24c.e9 42f94c86 622963 h ???????? 004 /wiki/NetWork
303e333.90 42f94222 043937 h ???????? 004 /wiki/FujiTsu
303e586.3b 42f94222 043937 h ???????? 004 /wiki/DogFood
303e74f.11 5099a877 4817c5 s a991d690 003 /feel/3cc60/
303e764.12 5099a877 4817c5 s a991d690 002 /feel/3cc70/
303e76f.51 5099a877 4817c5 s a991d690 002 /feel/3cc80/
303e78c.8b 451ec6b2 c37fd8 h ???????? 003 //robots.txt
303e790.7e 451ec6b2 c37fd8 h ???????? 004 //wiki/%25s
303e790.eb 5099a877 4817c5 s a991d690 002 /feel/3cca0/
303e79e.b1 451ec6b2 c37fd8 h ???????? 003 //wiki/%3C%25=session.getAttribute(
303e7a0.ce 5099a877 4817c5 s a991d690 002 /feel/3ccb0/
303e7a5.78 451ec6b2 c37fd8 h ???????? 004 //wiki/AnneWillSingulari%E2%80%A6
303e7a8.13 42f94228 043937 h ???????? 004 /wiki/MindZip
303e7b3.aa 451ec6b2 c37fd8 h ???????? 004 //wiki/DresdenWiFi%E2%80%9C
303e7c7.5b 451ec6b2 c37fd8 h ???????? 004 //wiki/DresdenWiFi
303e7d0.60 451ec6b2 c37fd8 h ???????? 005 //wiki/LockSchuppen.%C2%A0
303e7d9.3f 451ec6b2 c37fd8 h ???????? 002 //wiki/LockSchuppen.%C3%82%C2%A0
303e800.c6 5099a877 4817c5 s a991d690 001 /feel/3cd10/
303e870.bb 3ed6bf41 4817c5 s a991d690 001 /feel/3cd80/
303e89f.e1 42f94c86 622963 h ???????? 002 /wiki/WikiClj
303e94b.e4 d9b68496 433e9c h ???????? 002 /edit/27476001
303e9b4.91 42f94c86 043937 h ???????? 002 /wiki/AltWelt
303eb22.8e 42f942f2 622963 s ???????? 018 /
303ebd2.77 42f94c86 043937 h ???????? 002 /wiki/DbLpBug
303edda.d7 42f94c8a 043937 h ???????? 007 /wiki/ClassOf
303eeaf.5a 42f94c8a 622963 h ???????? 01c /
303ef69.7f 42f94c88 622963 h ???????? 003 /wiki/UnixTime
303efd2.94 42f94c8a 043937 h ???????? 002 /edit/35976001
303efe4.19 42f94225 043937 h ???????? 002 /wiki/ProJekt
303f05f.a5 33ff427e 433e9c h ???????? 001 /edit
303f1f6.8a 42f94c8a 043937 h ???????? 003 /wiki/JanRain
303f3eb.8f 42f94228 043937 h ???????? 002 /wiki/FraPort
303f520.de 5bc80c02 c5e558 h ???????? 002 /wp-login.php
303f5e2.92 5bc80c02 0805c1 h ???????? 001 /wp-login.php
303f5f2.a5 42f94c8a 043937 h ???????? 002 /wiki/FreeDom
303f7fe.bd 42f94c8a 043937 h ???????? 003 /wiki/JavaVm
303f844.9f 239cd2ec 2a319c h ???????? 001 /robots.txt
303f845.6e 239cd2ec 2a319c h ???????? 002 /wiki/BananaWare
303f888.cc d9b68417 433e9c h ???????? 002 /edit/28436001
303f8ff.9c 42f94c90 622963 s ???????? 001 /food
303fa89.a4 42f94c88 043937 h ???????? 002 /wiki/MindTwo
303fb4b.21 9d372728 6a88e8 s ???????? 014 /
303fcba.cc 42f94c88 043937 h ???????? 003 /wiki/DataMap
303fe5c.7a b44c0f9f a04d28 h ???????? 003 /wiki/LockSchuppenBusinessPlan
303fea1.90 5d9e983e e4b041 h ???????? 002 /robots.txt
303fea5.70 5d9e983e e4b041 h ???????? 002 /wiki/TwentyFirstCentury
303fec6.b9 42f94c8a 043937 h ???????? 003 /wiki/NordPol
303ffd4.8f 42f94c88 622963 h ???????? 002 /wiki/ReplClj
