31400e5.f5 42f942d1 622963 h ???????? 004 /wiki/MarioSixtus
3140202.78 42f942d5 043937 h ???????? 005 /wiki/AnWalt
314053e.0b 44b4e47d aec21f s ???????? 003 /robots.txt
314053f.4a a4843451 eb026b s ???????? 007 /bcHead
314053f.05 44b4e47d aec21f s ???????? 11a /sh
3140549.06 42f942d5 043937 h ???????? 004 /wiki/ExaHash
31406b6.4d 403efca2 b5eaf4 h ???????? 003 /robots.txt
314070b.11 42f95cc7 70a047 h ???????? 003 //rss.rdf
31407dc.9e a4843451 eb026b s ???????? 004 /bcHead
31407dc.10 42f942df 043937 s ???????? 22e /sh
314084f.1f 42f942d1 043937 h ???????? 008 /wiki/BauPost
31408a2.ff b2ffd754 c51fdf h ???????? 003 //robots.txt
31408ae.4b b2ffd755 c51fdf h ???????? 003 /robots.txt
31408ae.7f b2ffd755 c51fdf h ???????? 01f /
31409a6.32 4706cacc fee6c8 s ???????? 021 /
3140af3.ce 5d8ef1b7 c71b0b h ???????? 004 /stalker_portal/server/adm/tv-channels/iptv-list-json
3140b26.97 42f942cd 043937 h ???????? 005 /wiki/PayMent
3140b3e.9f 42f942cd 043937 h ???????? 026 /edit/46675007
3140bcf.85 42f942d5 622963 h ???????? 005 /wiki/JosephJuran
3140c28.fe 1714eeb7 2baa92 h ???????? 067 /
3140d45.9a 5896e4da 6314aa h ???????? 003 //rss.rdf
3140de8.ea 42f942d1 043937 h ???????? 007 /wiki/ProTect
3141023.14 42f942cd 043937 h ???????? 5b9 /memo
31410ba.73 cf2e0d33 6a88e8 h ???????? 024 /
31410cd.d3 42f942d1 043937 h ???????? 005 /wiki/ProCess
31413a0.5e 42f942cd 043937 h ???????? 006 /wiki/GoogleAi
31413a7.4a 42f942d5 043937 h ???????? 005 /wiki/AnDroid
3141438.0b 42f942cd 043937 h ???????? 006 /wiki/SpesChen
31414bc.19 42f942d5 043937 h ???????? 005 /wiki/BobHooda
314157a.f9 42f942d5 043937 h ???????? 003 /edit/46555003
3141637.b2 42f942d5 622963 h ???????? 005 /wiki/RayBradbury
314167b.39 b44c0f05 a04d28 h ???????? 027 /edit/10576002
31416a5.f7 42f942cd 043937 h ???????? 003 /edit/45395001
31416d7.03 42f942d1 043937 h ???????? 006 /wiki/ForEver
31417af.a4 42f942d5 043937 h ???????? 024 /edit/13345001
3141a1f.89 42f942d5 043937 h ???????? 006 /wiki/ComPass
3141c17.3e 42f942cd 043937 h ???????? 005 /wiki/CastId
3141d04.d1 42f942d5 043937 h ???????? 006 /wiki/NeuGier
3141d46.e4 44b4e47d aec21f s ???????? 00f /love
3141d43.74 42f942e7 043937 s ???????? 1a75 /age
3141d66.17 284da71c 6a88e8 h ???????? 005 /wiki/JoschaBach
3141d84.9f a484a10a 433e9c h ???????? 003 /edit/29026002
3141fcb.46 42f942cd 043937 h ???????? 006 /wiki/GloNass
3142037.c0 42f942df 622963 s ???????? 006 /wiki/SmartPhone
31420e5.ec 42f942cd 043937 h ???????? 484 /memo
314221d.2d c70fe9ac 3a5a31 h ???????? 010 /wp-login.php
314221d.88 c70fe9ac 3a5a31 h ???????? 004 //wp-login.php
314226b.3e 42f942cd 043937 h ???????? 007 /wiki/GaliLeo
314234a.5e 42f9421a 043937 h ???????? 04c /
314251f.70 42f942cd 043937 h ???????? 005 /wiki/NtGD1M
314257e.19 894acf77 433e9c h ???????? 004 /edit/22556002
31425aa.44 42f942d5 043937 h ???????? 006 /wiki/GottfriedWilhelmLeibniz
3142829.2e 894ac963 433e9c h ???????? 006 /wiki/ReturnOnIncident
3142834.84 8b3b90ac d92714 s ???????? 023 /
3142835.11 8b3b90ac d92714 s ???????? 003 /favicon.ico
3142839.0c 8b3b90ac d92714 s ???????? 003 /alive/4
3142839.69 8b3b90ac d92714 s ???????? 003 /feel/4
3142874.76 42f942d1 043937 h ???????? 005 /wiki/HeadSet
314292d.93 42f942cd 622963 h ???????? 006 /wiki/JohnMauldin
314296d.2e 42f942d5 043937 h ???????? 004 /edit/37156002
3142b6a.89 42f942d1 043937 h ???????? 006 /wiki/ElbUfer
3142e05.b6 42f942b5 043937 h ???????? 025 /
3142e4e.7f 42f942d1 043937 h ???????? 006 /wiki/ArneKlempert
3143047.17 42f95ccb 70a047 h ???????? 004 //rss.rdf
3143067.2b 42f942e3 043937 s ???????? 1abe /age
3143132.92 42f942d1 043937 h ???????? 006 /wiki/MatthiasJugel
314313c.0c 284da784 6a88e8 h ???????? 006 /wiki/DatenNetz
3143192.dd 42f942cd 043937 h ???????? 008 /wiki/ElMo
3143252.f1 25bb382f e3b0c4 h ???????? 004 /robots.txt
3143255.25 25bb382f 87f8b1 h ???????? 028 /
31433ea.3d 42f942d1 622963 h ???????? 006 /wiki/DonAlphonso
31433fd.ef 42f942cd 043937 h ???????? 006 /wiki/VerLust
31436c5.c0 42f942cd 043937 h ???????? 006 /wiki/OchZiff
3143718.eb bc286647 7dfab1 h ???????? 004 //rss.jsp
3143719.20 bc286647 7dfab1 h ???????? 004 //rss.jsp
3143720.08 253b3780 e3b0c4 h ???????? 003 /robots.txt
3143722.48 253b3780 0fa94d h ???????? 024 /
314398a.00 42f942d1 043937 h ???????? 008 /wiki/MindBot
31439e6.5a a4843451 eb026b s ???????? 006 /bcHead
31439e6.16 42f942df 043937 s ???????? 111 /sh
3143b1b.32 42f942cd 043937 h ???????? 006 /wiki/EuropeanUnion
3143b2f.b8 42f942d1 043937 h ???????? 006 /wiki/CheckSum
3143bda.d8 9d3727c5 6a88e8 h ???????? 006 /wiki/NtpTla
3143c95.6e 42f942cd 043937 h ???????? 006 /wiki/EinFach
3143d1e.cd c61b5090 e3b0c4 h ???????? 004 /robots.txt
3143d21.60 c61b5090 f7800e h ???????? 029 /
3143d73.f9 42f942a7 043937 s ???????? 0f1 /nob
3143e4e.00 42f942d1 622963 h ???????? 008 /wiki/ManfredBroy
3143ea3.f2 42f942d1 043937 h ???????? 004 /robots.txt
3143f65.5e 42f942d1 043937 h ???????? 007 /wiki/ConFess
3143f7d.31 253b3780 e3b0c4 h ???????? 003 /robots.txt
3143f7f.70 253b3780 0fa94d h ???????? 027 /
3144160.12 33ff427c 433e9c h ???????? 007 /wiki/KommuneZwei
3144166.c5 284da784 6a88e8 h ???????? 006 /wiki/KabiNett
314422d.b5 42f942cd 043937 h ???????? 007 /wiki/OldWorld
31444f0.20 42f942d5 043937 h ???????? 007 /wiki/RealSpiel
314454a.41 4e2e2319 7dfab1 h ???????? 004 //rss.jsp
314454a.81 4e2e2319 7dfab1 h ???????? 003 //rss.jsp
31446fb.9e 42f94217 043937 h ???????? 03e /
314476b.21 42f942d1 622963 h ???????? 009 /wiki/ImmerWieder
31447c4.4c 42f942e7 043937 s ???????? 005 /edit/64415006
3144994.e3 a936f459 cf6846 h ???????? 02a /
31449ae.03 a484a29c 433e9c h ???????? 003 /edit/29036002
3144a93.a2 42f942e7 043937 s ???????? 006 /wiki/DianeHirschfeld
3144aa0.40 42f942cd 043937 h ???????? 006 /wiki/MafiaWars
3144cf2.e3 42f942cd 043937 h ???????? 006 /wiki/NichtTun
3144d91.c1 42f942cd 043937 h ???????? 006 /wiki/KindZwei
3144e2b.e6 42f942e3 043937 s ???????? 006 /wiki/BoesMaedchen
3144e3c.fc 54843f39 aa645a h ???????? 028 /
3144e4d.ac 42f942d5 043937 h ???????? 006 /wiki/RobertAumann
3144f4c.e6 33ff413d 433e9c h ???????? 004 /edit/20976004
3145017.46 33ff4120 433e9c h ???????? 008 /wiki/XingLe
31450b3.1e 6bb2c3c3 71f2b9 s ???????? 006 /bcHead
31450ed.3e 42f942d5 622963 h ???????? 006 /wiki/GeorgeSoros
31450f6.13 42f942cd 043937 h ???????? 006 /wiki/HandSchlag
31451a4.dd 42f942d5 043937 h ???????? 004 /Edit.jsp
314540c.ea 42f942d1 043937 h ???????? 007 /wiki/SurReal
314546b.b0 c05f1d74 e3b0c4 h ???????? 002 /robots.txt
314546e.22 c05f1d74 4c528d h ???????? 012 /
314567e.18 42f942d1 d1bc37 h ???????? 002 /favicon.ico
3145731.66 42f942d1 043937 h ???????? 003 /wiki/HarlanHugh
314593e.6a 33ff4129 433e9c h ???????? 003 /wiki/EdgarSchein
31459c1.87 42f95cc7 70a047 h ???????? 002 //rss.rdf
3145a05.54 284da774 6a88e8 s ???????? 012 /
3145a42.e4 42f942d1 043937 h ???????? 002 /wiki/ProfDrWasserfuhr
3145be0.24 42f942e3 622963 s ???????? 003 /wiki/GooglePlus
3145d4d.1d 42f942d5 043937 h ???????? 003 /wiki/ReFrame
3145de9.d6 bef899ea 48132e s ???????? 001 /admin/config.php
3146048.d1 42f942d1 043937 h ???????? 002 /wiki/MindRole
31462ad.94 bca5e9e4 e3b0c4 h ???????? 002 /robots.txt
31462af.b5 bca5e9e4 36ad42 h ???????? 015 /
3146326.f3 42f942cd 043937 h ???????? 002 /wiki/MindTurk
314660e.9d 42f942d5 043937 h ???????? 003 /wiki/BitPoint
31466b7.c8 42f942cd 622963 h ???????? 002 /wiki/WahrNehmung
3146901.68 42f942d5 043937 h ???????? 003 /wiki/SinnBild
3146934.88 22faef09 5132e1 h ???????? 011 /
3146bb2.28 42f942d5 043937 h ???????? 002 /wiki/SegWaltz
3146ea7.0b 42f942d5 043937 h ???????? 003 /wiki/AnSchlag
3147047.b8 42f942d1 622963 h ???????? 003 /wiki/HasSex
3147164.29 42f942cd 043937 h ???????? 002 /wiki/ErLoeser
3147433.2e 42f942d1 043937 h ???????? 003 /wiki/SmartFee
31476f6.81 42f942d5 043937 h ???????? 002 /wiki/EpiDemie
31479a1.67 42f942d1 043937 h ???????? 003 /wiki/ManGroup
31479cf.51 33ff410b 433e9c h ???????? 002 /wiki/RootHandler
3147a3d.cf 42f942d5 622963 h ???????? 003 /wiki/EstherDyson
3147d02.2d 42f942cd 043937 h ???????? 003 /wiki/HimmelFahrt
3147fdb.a6 42f942d1 043937 h ???????? 003 /wiki/FaceBookClj
314813d.c3 44b4e47d aec21f s ???????? 067 /ls
3148320.41 42f942d5 043937 h ???????? 003 /wiki/GruschelMonster
3148356.e8 42f95cc9 70a047 h ???????? 001 //rss.rdf
3148394.af 42f942cd 622963 h ???????? 002 /wiki/BmW
3148603.17 42f942d1 043937 h ???????? 002 //robots.txt
3148669.b2 42f942cd 043937 h ???????? 004 /wiki/LeipzigerStrasse
31486c9.9f 6a33471f 164dc8 h ???????? 01c /
31486cb.2d 6a33471f 164dc8 h ???????? 001 /favicon.ico
31486ce.97 6a33471f 164dc8 h ???????? 002 /feel/4
31486d2.bb 6a33471f 164dc8 h ???????? 007 /feel/8
31486da.97 6a33471f 164dc8 h ???????? 013 /feel/10
31487a9.c2 42f942cd 043937 h ???????? 003 /wiki/RobertScholvin
31487ab.9c 42f942cd 043937 h ???????? 002 /wiki/CharlesvanGorp
31487ac.14 42f942d5 043937 h ???????? 003 /wiki/OswaldVierordt
31487b3.31 42f942d1 043937 h ???????? 004 /wiki/JohannesNagler
31487b4.2a 42f942d1 043937 h ???????? 002 /wiki/GeorgWitkowski
31487c0.7b 42f942cd 043937 h ???????? 003 /wiki/WilhelmPuckert
31487c8.98 42f942cd 043937 h ???????? 004 /wiki/FranzRendtorff
31487fc.e2 42f942cd 043937 h ???????? 003 /wiki/KeyNote
3148958.89 42f942cd 043937 h ???????? 003 /wiki/KoseName
31489cb.d7 42f942d1 043937 h ???????? 003 /wiki/ThomasAlvaEdison
3148b39.d8 42f95406 002725 h ???????? 002 /favicon.ico
3148baa.7e 897447aa 74fb1d s ???????? 001 /robots.txt
3148c94.8e 5d9e983e e4b041 h ???????? 002 /robots.txt
3148c98.66 5d9e983e e4b041 h ???????? 014 /
3148cb8.52 b44c0f94 fa643b h ???????? 002 /t/robots.txt
3148cb8.57 b44c0f8c fa643b h ???????? 001 /t/robots.txt
3148cfd.71 42f942d5 043937 h ???????? 002 //PageInfo.jsp
3148cfe.aa b44c0f9a a04d28 h ???????? 001 /t
3148d1a.3c 42f942d5 043937 h ???????? 003 /wiki/OffenBar
3148ee3.b4 9d372713 6a88e8 h ???????? 001 /robots.txt
3148ef9.ef 284da753 6a88e8 h ???????? 3ca /memo
3148fd8.a9 42f942d1 622963 h ???????? 004 /wiki/SoL
3149045.80 42f942d1 043937 h ???????? 004 /wiki/LifeLine
31491b6.24 284da774 6a88e8 h ???????? 004 /wiki/EntrePreneur
314936e.84 42f942cd 043937 h ???????? 005 /wiki/EwigKeit
31493ff.6b 42f942d5 043937 h ???????? 002 /edit/38615011
3149437.25 5d9e983e e4b041 s ???????? 002 /robots.txt
3149562.1b d9b68423 433e9c h ???????? 002 /edit/30396002
314957f.f4 05c45716 433e9c h ???????? 002 /robots.txt
314969a.e6 42f942cd 043937 h ???????? 003 /wiki/IchSuche
314972c.ce 42f94217 043937 h ???????? 014 /
31499c8.dc 42f942d5 043937 h ???????? 003 /wiki/NetzTeil
3149a4e.3e 42f942e7 622963 s ???????? 003 /wiki/LeserInnen
3149c8c.39 2ee5a466 2e29b5 h ???????? 002 /robots.txt
3149cff.eb 42f942d5 043937 h ???????? 004 /wiki/PentaCon
3149ff7.ed 42f942cd 043937 h ???????? 003 /wiki/MgmGrand
314a0af.fb 68ab77cb ee113c h ???????? 024 /
314a0b0.c7 68ab77cb ee113c h ???????? 002 //https://floatingboat2013.appspot.com
314a0b2.9a 68ab77cb ee113c h ???????? 004 //wiki/AlanTuring
314a0b3.11 68ab77cb ee113c h ???????? 004 //wiki/GottfriedWilhelmLeibniz
314a0b6.f8 68ab77cb ee113c h ???????? 002 //https://floatingboat2013.appspot.com/UrPic
314a0b7.ab 68ab77cb ee113c h ???????? 008 //https://floatingboat2013.appspot.com/ad
314a0b8.b7 68ab77cb ee113c h ???????? 002 //https://sl4.eu/hls
314a0c4.0b 68ab77cb ee113c h ???????? 001 //https://sl4.eu/ls
314a0c4.e3 68ab77cb ee113c h ???????? 002 //https://sl4.eu/sh
314a0c6.29 68ab77cb ee113c h ???????? 002 //https://www.youtube.com/watch
314a2d2.b9 42f942d5 043937 h ???????? 004 /wiki/BitForce
314a43f.41 42f942cd 622963 h ???????? 004 /wiki/EricDrexler
314a5b3.1e 42f942cd 043937 h ???????? 004 /wiki/AdJektiv
314a5c2.af 42f942d1 043937 h ???????? 003 /wiki/WaveCash
314a87e.dc 42f942d1 043937 h ???????? 004 /wiki/SawzAll
314ab5f.13 42f942cd 043937 h ???????? 003 /wiki/VerLob
314add0.24 42f95cc7 70a047 h ???????? 002 //rss.rdf
314ae7c.c5 42f942d1 622963 h ???????? 003 /wiki/SlUb
314af0d.44 42f942d1 043937 h ???????? 003 /wiki/RdfRange
314b26b.bf 42f942cd 043937 h ???????? 004 /wiki/IntelliGans
314b57a.85 42f942cd 043937 h ???????? 004 /wiki/MindKniffel
314b7fb.30 284da774 6a88e8 s ???????? 016 /
314b84c.af 42f942cd 043937 h ???????? 004 /wiki/LongTerm
314b889.61 42f942d1 043937 h ???????? 003 /wiki/SanfteRache
314b9d7.5b 42f942e3 043937 s ???????? 002 /robots.txt
314b9d7.e1 42f942df 622963 s ???????? 003 /wiki/PoTs
314bb9e.b0 42f942d5 043937 h ???????? 004 /wiki/LifeCellOne
314bd1c.c0 add4e2d6 c37fd8 h ???????? 002 //robots.txt
314bd21.56 add4e2d6 c37fd8 h ???????? 003 //wiki/%25s
314bd29.22 add4e2d6 c37fd8 h ???????? 003 //wiki/%3C%25=session.getAttribute(
314bd2e.89 add4e2d6 c37fd8 h ???????? 003 //wiki/AnneWillSingulari%E2%80%A6
314bd34.b4 add4e2d6 c37fd8 h ???????? 006 //wiki/DresdenWiFi%E2%80%9C
314bd3a.f5 add4e2d6 c37fd8 h ???????? 005 //wiki/DresdenWiFi
314bd40.4a add4e2d6 c37fd8 h ???????? 004 //wiki/LockSchuppen.%C2%A0
314bd46.88 add4e2d6 c37fd8 h ???????? 004 //wiki/LockSchuppen.%C3%82%C2%A0
314bea7.75 42f942cd 043937 h ???????? 003 /wiki/KurtWaldheim
314bfbb.e3 8be29040 906450 h ???????? 01b /
314c083.cc 33ff4145 433e9c h ???????? 002 /edit/29276001
314c171.2d 9750276e 433e9c h ???????? 002 //robots.txt
314c19a.8c 42f942d5 043937 h ???????? 004 /wiki/WiederVorlage
314c418.86 42f942d1 622963 h ???????? 004 /wiki/TheHub
314c472.f8 42f942d5 043937 h ???????? 004 /wiki/RolandBarthes
314c638.c5 33ff426a 433e9c h ???????? 004 /wiki/GenSeidenFaden
314c758.a1 42f942d1 043937 h ???????? 004 /wiki/MandyKurzhals
314c906.03 42f95d19 3e1e22 h ???????? 018 /
314c906.2e 42f95d19 3e1e22 h ???????? 002 /favicon.ico
314c949.0d 42f942d5 043937 h ???????? 003 /wiki/EuroCent
314ca31.70 42f942cd 043937 h ???????? 004 /wiki/WashingMachine
314cc01.f6 33ff427f 433e9c h ???????? 003 /wiki/RainerWasserfuhrHasKissed
314cd2e.b8 42f942cd 043937 h ???????? 005 /wiki/FaceBookFanPage
314ce45.d5 42f942d5 622963 h ???????? 004 /wiki/DimDim
314ce79.6a 369f018f 99d427 h ???????? 01b /
314cf94.8b 284da71c e39fc8 h ???????? 01b /
314d01a.3e 42f942d5 043937 h ???????? 005 /wiki/JoGo
314d1d6.d8 5d9e983e e4b041 h ???????? 01a /
314d303.9b 42f942d1 043937 h ???????? 003 /wiki/OstBhf
314d739.40 42f942d5 043937 h ???????? 004 /wiki/DanBarry
314d751.5e c73a56d3 028fc4 h ???????? 002 //robots.txt
314d756.bf c73a56d3 028fc4 h ???????? 01a /
314d7ca.ae 42f95cc9 70a047 h ???????? 004 //rss.rdf
314d871.77 42f942d5 622963 h ???????? 004 /wiki/TheoryU
314dac5.c6 42f942d5 043937 h ???????? 004 /wiki/WorkList
314db0b.b6 42f942d1 043937 h ???????? 004 /wiki/MindHome
314dde9.f7 42f942d5 043937 h ???????? 006 /wiki/ErdBeben
314e12b.02 42f942d5 043937 h ???????? 004 /wiki/BritishBang
314e1b9.9e 403efca2 b5eaf4 h ???????? 003 /robots.txt
314e30d.0e c0f33533 2e29b5 h ???????? 003 /robots.txt
314e347.82 c0f33533 ead292 h ???????? 004 /wiki/SingularityUniversity
314e360.f4 42f942d1 622963 h ???????? 004 /wiki/TheBerg
314e38f.c5 2ea5c58d 028fc4 h ???????? 002 /robots.txt
314e391.b2 2ea5c58d 028fc4 h ???????? 01a /
314e3b3.dc 284da774 6a88e8 h ???????? 002 /robots.txt
314e3de.1a a484a126 433e9c h ???????? 002 /edit/24006001
314e3e2.75 b44c0f88 a04d28 h ???????? 002 /AlphaLabs
314e429.57 42f942d5 043937 h ???????? 003 /wiki/PaelzerStubb
314e54d.fb 42f942d5 043937 h ???????? 004 /wiki/PolyTreu
314e691.2f 284da71c 6a88e8 h ???????? 01b /
314e75f.bf 42f942d5 043937 h ???????? 005 /wiki/YuriGurevich
314ea6c.d9 42f942d5 043937 h ???????? 004 /wiki/MoneyBookers
314eb6c.94 33ff411e 433e9c h ???????? 003 /edit/28566001
314ecce.d2 42f942d1 043937 h ???????? 004 /wiki/JpMorgan
314ed18.1d 42f942d5 622963 h ???????? 005 /wiki/CitiZen
314ed6f.17 42f942cd 043937 h ???????? 004 /wiki/MichaelBrehm
314efcc.d3 44b4e4a3 aec21f h ???????? 003 //robots.txt
314efe0.ce 44b4e47d aec21f h ???????? 003 /robots.txt
314efe1.6c 44b4e47d aec21f h ???????? 009 /wiki/RainerWasserfuhrCv
314f05f.9d bc285186 7dfab1 h ???????? 002 //rss.jsp
314f05f.ce bc285186 7dfab1 h ???????? 002 //rss.jsp
314f06d.7a bc285186 7dfab1 h ???????? 003 //rss.jsp
314f06d.b2 bc285186 7dfab1 h ???????? 002 //rss.jsp
314f079.bd 42f942d1 043937 h ???????? 004 /wiki/ElenaFerrari
314f2aa.0e 5d9e983e e4b041 h ???????? 004 /wiki/FilmWatchmen
314f2ad.ca 5d9e983e e4b041 h ???????? 004 /wiki/PeerReview
314f2b1.bb 8d088420 e4b041 h ???????? 004 /wiki/CovenTry
314f2b5.93 8d088e0f e4b041 h ???????? 005 /wiki/CwbFx
314f2b9.60 8d088ea4 e4b041 h ???????? 004 /wiki/LittleBuddha
314f2bd.20 8d088ea4 e4b041 h ???????? 004 /wiki/MacBook
314f2c0.f5 5f6cd507 e4b041 h ???????? 004 /wiki/ClubMate
314f2c4.a6 05fffd3f e4b041 h ???????? 002 /edit/2146001
314f2c8.51 8d088e26 e4b041 h ???????? 003 /edit/6233002
314f2cb.f9 5f6cb30f e4b041 h ???????? 004 /wiki/WikiQuellCodeLocalAutoLink2Php
314f340.34 8d088420 e4b041 h ???????? 004 /wiki/NormFarm
314f343.b5 5d9e983e e4b041 h ???????? 003 /edit/29596002
314f37b.37 42f942d1 043937 h ???????? 004 /wiki/TageBuch2009
314f5fc.11 42f942d5 043937 h ???????? 005 /wiki/WowerMind
314f5fc.e8 42f942d5 043937 h ???????? 004 /wiki/GeneMatch
314f665.9a 42f942cd 043937 h ???????? 004 /wiki/MartinLindner
314f6db.64 2f374ffb ca06d4 h ???????? 004 //wiki/MindWiki
314f759.e7 42f942d5 622963 h ???????? 005 /wiki/ImProve
314f7e2.f3 42f942cd 043937 h ???????? 004 /wiki/RichardLambert
314f7e5.52 42f942d1 043937 h ???????? 005 /wiki/HermannHeineke
314f7e5.a4 42f942d1 043937 h ???????? 004 /wiki/FriedrichLoofs
314f7e6.7d 42f942d1 043937 h ???????? 004 /wiki/WilhelmvonGaza
314f7ea.6c 42f942cd 043937 h ???????? 005 /wiki/FriedrichFuchs
314f7eb.04 42f942d1 043937 h ???????? 005 /wiki/ArnoldSchering
314f7f5.3b 42f942cd 043937 h ???????? 005 /wiki/HerbertAssmann
314f945.87 da515aba ef60d6 s ???????? 029 /
314f9b8.25 42f942d1 043937 h ???????? 005 /wiki/MarcusVoelkel
314fabd.7b 5d9e983e e4b041 h ???????? 006 /wiki/JoinEr
314faf6.3e 5d9e983e e4b041 h ???????? 004 /wiki/GuntherRedner
314fce9.96 42f942cd 043937 h ???????? 005 /wiki/RetoFrancioni
314fe8e.d4 42f95cc9 70a047 h ???????? 003 //rss.rdf
314fe91.b2 42f942cd 043937 h ???????? 005 /wiki/StaDdRat
314fefb.bd 8ba2e33b 76010e s ???????? 020 /
