31b00b0.20 42f94052 043937 h ???????? 005 /wiki/RegineZiolko
31b015f.5e 42f94060 043937 s ???????? 006 /wiki/TwipCast
31b027a.6f 33ff4135 433e9c h ???????? 003 /edit/30136008
31b02ad.a5 42f9404d 043937 h ???????? 005 /wiki/TelePresence
31b04a2.b1 42f9404d 043937 h ???????? 006 /wiki/EmotivSystems
31b068c.cc 42f94056 043937 h ???????? 005 /wiki/MarciaFunebre
31b0780.5c 42f94064 622963 s ???????? 006 /wiki/SemperGoettin
31b0859.56 42f94056 043937 h ???????? 006 /wiki/BlockExplorer
31b0906.0d 904c0765 4f089e h ???????? 021 /
31b0a39.ce 42f9404d 043937 h ???????? 005 /wiki/MichelBauwens
31b0c0a.ef 42f94056 043937 h ???????? 005 /wiki/SocialNetwork
31b0c87.16 42f94060 043937 s ???????? 19a3 /age
31b0dd3.1c 42f94052 043937 h ???????? 006 /wiki/JoachimBiskup
31b0e6f.d4 cf2e0d34 6a88e8 h ???????? 004 /bday
31b0f74.11 d9b6845b 433e9c h ???????? 005 /edit/21786003
31b0fa5.69 42f94052 043937 h ???????? 00a /wiki/HoerigStrasse
31b0fec.ec 9750276e 433e9c h ???????? 003 //robots.txt
31b10b2.eb 42f9404d 622963 h ???????? 005 /wiki/MikhailGorbachev
31b1163.f3 42f94052 043937 h ???????? 006 /wiki/LockFranchise
31b131f.db 42f95989 70a047 h ???????? 004 //rss.rdf
31b1321.b9 42f9404d 043937 h ???????? 005 /wiki/MarketCap
31b1332.56 42f94056 043937 h ???????? 005 /wiki/FrozenDresden
31b1507.d8 42f94052 043937 h ???????? 005 /wiki/MohandasGandhi
31b164d.52 b44c0f10 a04d28 h ???????? 030 /edit/1786001
31b16c5.cb 42f9404d 043937 h ???????? 005 /wiki/LockOfficeDubai
31b170a.92 33ff412e 433e9c h ???????? 006 /wiki/HalteStelleU
31b1899.74 42f9404d 043937 h ???????? 01c /wiki/CandleWebDinner
31b1a5f.a5 42f94056 043937 h ???????? 006 /wiki/SecurityCouncil
31b1b1a.d7 451ec6b2 c37fd8 h ???????? 004 /robots.txt
31b1b1d.10 451ec6b2 c37fd8 h ???????? 004 /rss.jsp
31b1b1f.3c 451ec6b2 c37fd8 h ???????? 003 /rss.jsp
31b1b21.4b 451ec6b2 c37fd8 h ???????? 003 /rss.jsp
31b1b24.3f 451ec6b2 c37fd8 h ???????? 00f /rss.jsp
31b1b26.a4 451ec6b2 c37fd8 h ???????? 00e /rss.jsp
31b1b28.e9 451ec6b2 c37fd8 h ???????? 003 /rss.jsp
31b1b2c.6d 451ec6b2 c37fd8 h ???????? 004 /rss.jsp
31b1b2e.34 451ec6b2 c37fd8 h ???????? 004 /rss.jsp
31b1b30.a5 451ec6b2 c37fd8 h ???????? 003 /rss.jsp
31b1b36.5f 451ec6b2 c37fd8 h ???????? 003 /rss.jsp
31b1b39.5a 451ec6b2 c37fd8 h ???????? 004 /rss.jsp
31b1b3c.0c 451ec6b2 c37fd8 h ???????? 003 /rss.jsp
31b1b3d.e7 451ec6b2 c37fd8 h ???????? 003 /rss.jsp
31b1b41.02 451ec6b2 c37fd8 h ???????? 004 /rss.jsp
31b1b43.11 451ec6b2 c37fd8 h ???????? 003 /rss.jsp
31b1b45.e9 451ec6b2 c37fd8 h ???????? 003 /rss.jsp
31b1b48.10 451ec6b2 c37fd8 h ???????? 003 /rss.jsp
31b1b4a.b0 451ec6b2 c37fd8 h ???????? 004 /rss.jsp
31b1b4c.85 451ec6b2 c37fd8 h ???????? 003 /rss.jsp
31b1b4e.9b 451ec6b2 c37fd8 h ???????? 003 /rss.jsp
31b1b51.1f 451ec6b2 c37fd8 h ???????? 004 /rss.jsp
31b1b53.89 451ec6b2 c37fd8 h ???????? 003 /rss.jsp
31b1b55.e3 451ec6b2 c37fd8 h ???????? 004 /rss.jsp
31b1b57.c5 451ec6b2 c37fd8 h ???????? 003 /rss.jsp
31b1b59.e7 451ec6b2 c37fd8 h ???????? 003 /rss.jsp
31b1b5c.53 451ec6b2 c37fd8 h ???????? 004 /rss.jsp
31b1b5e.d8 451ec6b2 c37fd8 h ???????? 001 /rss.jsp
31b1b67.60 451ec6b2 c37fd8 h ???????? 001 /rss.jsp
31b1b6b.12 451ec6b2 c37fd8 h ???????? 001 /rss.jsp
31b1b6c.c2 451ec6b2 c37fd8 h ???????? 001 /rss.jsp
31b1b6f.8b 451ec6b2 c37fd8 h ???????? 001 /rss.jsp
31b1b72.01 451ec6b2 c37fd8 h ???????? 017 /rss.jsp
31b1b74.c8 451ec6b2 c37fd8 h ???????? 001 /rss.jsp
31b1b77.2b 451ec6b2 c37fd8 h ???????? 006 /rss.jsp
31b1b79.a9 451ec6b2 c37fd8 h ???????? 001 /rss.jsp
31b1b7c.d0 451ec6b2 c37fd8 h ???????? 002 /rss.jsp
31b1b81.3f 451ec6b2 c37fd8 h ???????? 001 /rss.jsp
31b1b83.7e 451ec6b2 c37fd8 h ???????? 001 /rss.jsp
31b1b86.a0 451ec6b2 c37fd8 h ???????? 002 /rss.jsp
31b1b89.3e 451ec6b2 c37fd8 h ???????? 002 /rss.jsp
31b1b8b.59 451ec6b2 c37fd8 h ???????? 002 /rss.jsp
31b1b91.41 451ec6b2 c37fd8 h ???????? 016 /rss.jsp
31b1b95.64 451ec6b2 c37fd8 h ???????? 001 /rss.jsp
31b1b98.22 451ec6b2 c37fd8 h ???????? 001 /rss.jsp
31b1b9c.6f 451ec6b2 c37fd8 h ???????? 002 /rss.jsp
31b1b9f.2a 451ec6b2 c37fd8 h ???????? 002 /rss.jsp
31b1ba1.93 451ec6b2 c37fd8 h ???????? 001 /rss.jsp
31b1ba3.d2 451ec6b2 c37fd8 h ???????? 001 /rss.jsp
31b1ba6.2b 451ec6b2 c37fd8 h ???????? 001 /rss.jsp
31b1ba8.85 451ec6b2 c37fd8 h ???????? 005 /rss.jsp
31b1bac.e3 451ec6b2 c37fd8 h ???????? 001 /rss.jsp
31b1baf.3b 451ec6b2 c37fd8 h ???????? 001 /rss.jsp
31b1bb4.19 451ec6b2 c37fd8 h ???????? 001 /rss.jsp
31b1bb6.48 451ec6b2 c37fd8 h ???????? 002 /rss.jsp
31b1bb9.27 451ec6b2 c37fd8 h ???????? 001 /rss.jsp
31b1bbb.78 451ec6b2 c37fd8 h ???????? 001 /rss.jsp
31b1bbe.20 451ec6b2 c37fd8 h ???????? 002 /rss.jsp
31b1bc1.6f 451ec6b2 c37fd8 h ???????? 001 /rss.jsp
31b1bc3.be 451ec6b2 c37fd8 h ???????? 002 /rss.jsp
31b1bc7.db 451ec6b2 c37fd8 h ???????? 001 /rss.jsp
31b1bcb.07 451ec6b2 c37fd8 h ???????? 001 /rss.jsp
31b1bce.42 451ec6b2 c37fd8 h ???????? 001 /rss.jsp
31b1bd0.dd 451ec6b2 c37fd8 h ???????? 002 /rss.jsp
31b1bd3.b2 451ec6b2 c37fd8 h ???????? 002 /rss.jsp
31b1bd6.2d 451ec6b2 c37fd8 h ???????? 001 /rss.jsp
31b1bd8.19 451ec6b2 c37fd8 h ???????? 001 /rss.jsp
31b1bdb.3e 451ec6b2 c37fd8 h ???????? 002 /rss.jsp
31b1bdd.5e 451ec6b2 c37fd8 h ???????? 002 /rss.jsp
31b1bdf.d0 451ec6b2 c37fd8 h ???????? 001 /rss.jsp
31b1be3.62 451ec6b2 c37fd8 h ???????? 001 /rss.jsp
31b1be5.f5 451ec6b2 c37fd8 h ???????? 002 /rss.jsp
31b1be9.7c 451ec6b2 c37fd8 h ???????? 002 /rss.jsp
31b1beb.72 451ec6b2 c37fd8 h ???????? 001 /rss.jsp
31b1bef.a3 451ec6b2 c37fd8 h ???????? 002 /rss.jsp
31b1bf1.e5 451ec6b2 c37fd8 h ???????? 001 /rss.jsp
31b1bf5.b0 451ec6b2 c37fd8 h ???????? 002 /rss.jsp
31b1bf7.b0 451ec6b2 c37fd8 h ???????? 001 /rss.jsp
31b1bfa.1b 451ec6b2 c37fd8 h ???????? 001 /rss.jsp
31b1bfc.9d 451ec6b2 c37fd8 h ???????? 001 /rss.jsp
31b1bfe.f3 451ec6b2 c37fd8 h ???????? 001 /rss.jsp
31b1c00.cf 451ec6b2 c37fd8 h ???????? 002 /rss.jsp
31b1c03.af 451ec6b2 c37fd8 h ???????? 001 /rss.jsp
31b1c06.5e 451ec6b2 c37fd8 h ???????? 001 /rss.jsp
31b1c08.72 451ec6b2 c37fd8 h ???????? 001 /rss.jsp
31b1c0a.99 451ec6b2 c37fd8 h ???????? 001 /rss.jsp
31b1c0e.cc 451ec6b2 c37fd8 h ???????? 001 /rss.jsp
31b1c11.43 451ec6b2 c37fd8 h ???????? 001 /rss.jsp
31b1c14.58 451ec6b2 c37fd8 h ???????? 004 /wiki/KnowledgeNavigator
31b1c27.c8 42f9404d 043937 h ???????? 003 /wiki/VirtualCurrency
31b1c2f.d8 451ec6b2 c37fd8 h ???????? 004 /wiki/KnowledgeWorker20
31b1c33.c3 451ec6b2 c37fd8 h ???????? 002 /wiki/UnternehmerForum
31b1de6.43 42f94056 043937 h ???????? 003 /wiki/BradFitzpatrick
31b1f2f.52 42f9404d 622963 h ???????? 003 /wiki/GottfriedWilhelmLeibniz
31b1fa6.44 42f94052 043937 h ???????? 003 /wiki/GovernmentBudget
31b200d.b6 904c08e7 c37fd8 h ???????? 002 /robots.txt
31b2011.2e 904c08e7 c37fd8 h ???????? 003 /wiki/KnowledgeNavigator
31b201d.70 904c08e7 c37fd8 h ???????? 008 /wiki/KnowledgeWorker20
31b2020.97 904c08e7 c37fd8 h ???????? 001 /robots.txt
31b2023.b3 904c08e7 c37fd8 h ???????? 003 /wiki/UnternehmerForum
31b212d.f4 c063908c bf956c h ???????? 002 /webdav/
31b217c.fb 42f94052 043937 h ???????? 003 /wiki/ToshihideMaskawa
31b2346.6a 42f94052 043937 h ???????? 003 /wiki/HaraldKoppelberg
31b24e4.c3 42f94052 043937 h ???????? 003 /wiki/MindFloor
31b2550.7e 42f9404d 043937 h ???????? 003 /wiki/PersonalComputer
31b273f.86 42f94068 043937 s ???????? 002 /edit/59835004
31b294b.46 42f94052 043937 h ???????? 003 /wiki/LudwigHolzapfel
31b294c.36 42f94056 043937 h ???????? 003 /wiki/OttozurStrassen
31b294c.82 42f94052 043937 h ???????? 003 /wiki/WoldemarSchmidt
31b2959.f1 42f94052 043937 h ???????? 003 /wiki/HeinrichSimroth
31b29e4.c8 33ff427c 433e9c h ???????? 003 /wiki/SchickSaal
31b2a26.ce b44c0f9b a04d28 h ???????? 017 /
31b2ef9.b2 8ac54940 1175a4 h ???????? 015 /
31b2f06.8d 8ac54940 58c083 h ???????? 002 /robots.txt
31b2f12.79 8ac54940 4cc1a1 s ???????? 0de /hls
31b2f12.7d 8ac54940 96abfb s ???????? 0da /ls
31b2f13.1a a4843451 eb026b s ???????? 00a /bcHead
31b2f12.de 8ac54940 1175a4 s ???????? 0f6 /sh
31b3089.e3 c73aa47d 3d8b22 h ???????? 003 /robots.txt
31b308a.8a c73aa477 3d8b22 h ???????? 01d /
31b3122.e0 44b4e73e aec21f h ???????? 003 /wiki/PerSecond
31b3161.45 5d9e983e e4b041 h ???????? 002 /robots.txt
31b3165.21 5d9e983e e4b041 h ???????? 01f /
31b36a7.e2 42f9404d 043937 h ???????? 004 /wiki/JensBemme
31b38ec.9c 42f94056 043937 h ???????? 004 /wiki/LockSessionLog
31b38ed.8d 42f94052 043937 h ???????? 003 /wiki/LockSessionLog
31b3982.4e 42f94068 043937 s ???????? 004 /wiki/SchauSpieler
31b3986.96 42f94060 043937 s ???????? 002 /edit/72015007
31b3a90.87 a2d2c482 028fc4 h ???????? 002 //robots.txt
31b3aa1.6b a2d2c482 028fc4 h ???????? 018 /
31b3aa5.0c a2d2c482 028fc4 h ???????? 002 /robots.txt
31b3aaa.28 a2d2c482 028fc4 h ???????? 017 /
31b3cec.12 42f95989 70a047 h ???????? 003 //rss.rdf
31b3db0.d2 42f94056 043937 h ???????? 004 /wiki/JohannesFelix
31b3f8f.77 345a328c a86ffb h ???????? 018 /
31b402f.10 b44c0fa1 a04d28 h ???????? 003 /wiki/SingularAcademy
31b406a.de 5519d229 6de661 h ???????? 002 //robots.txt
31b406b.5a 5519d229 6de661 h ???????? 004 //wiki/SeaNation
31b428f.36 42f94056 043937 h ???????? 004 /wiki/FbAd
31b4296.b7 42f9404d 043937 h ???????? 003 /wiki/RdfClj
31b42cd.b3 c73aa477 3d8b22 h ???????? 019 /
31b42ce.38 c73aa477 3d8b22 h ???????? 017 /
31b455f.80 42f9404d 043937 h ???????? 004 /wiki/ObjectProperty
31b4560.69 42f94056 043937 h ???????? 003 /wiki/DePrecated
31b4562.5c 42f94052 043937 h ???????? 004 /wiki/LineNumberReader
31b4564.74 42f9404d 043937 h ???????? 004 /wiki/LinkedTo
31b4669.95 42f9404d 043937 h ???????? 004 /wiki/WantedPage
31b479e.c8 42f95d2a 002725 h ???????? 002 /favicon.ico
31b486a.c4 42f94052 043937 h ???????? 003 /wiki/MitSloan
31b4a76.b0 3443d49b 590f55 h ???????? 019 /
31b4abd.91 42f94052 043937 h ???????? 004 /wiki/WowerMind
31b4b11.4f 53e9cf4a bbbc38 h ???????? 021 /
31b4d7c.85 5519d2ea 6de661 h ???????? 003 //robots.txt
31b4d7d.4f 5519d2ea 6de661 h ???????? 003 //wiki/RainerWasserfuhrCv
31b4e7e.28 33ff4268 433e9c h ???????? 002 /hear/97081cfceb56669ec9060051c108323e
31b4f81.8a 42f94052 043937 h ???????? 003 /wiki/GeneMatch
31b50d5.2d 33ff4279 433e9c h ???????? 002 /edit
31b527b.15 a484a4b4 433e9c h ???????? 002 /edit/24396001
31b5385.e8 9d372712 6a88e8 h ???????? 002 /robots.txt
31b53f0.cd 9d37278e 6a88e8 h ???????? 003 /wiki/ChristophDroesser
31b5496.f4 a484a14b 433e9c h ???????? 01c /
31b54e0.e8 20d912f6 043937 h ???????? 021 /
31b5591.0f a484a150 433e9c h ???????? 004 /wiki/SingularAcademy
31b5689.67 25097ac9 e4b041 h ???????? 003 /robots.txt
31b568d.3c 25097ac9 e4b041 h ???????? 019 /
31b56ad.b3 9d37278e 6a88e8 h ???????? 004 /wiki/TwitterHolic
31b5713.bb 33ff427d 433e9c h ???????? 004 /wiki/KommuneZwei
31b5783.22 33ff410b 433e9c h ???????? 003 /edit/30306001
31b5818.af d9b68422 433e9c h ???????? 002 /edit/24746001
31b5913.8d 42f940fe 043937 h ???????? 002 /robots.txt
31b5913.e3 42f940fa 043937 h ???????? 025 /
31b591b.87 bef899ea 48132e s ???????? 003 /admin/config.php
31b5977.0d 42f940fe 043937 h ???????? 01a /feel/10
31b59d1.58 d2c38299 cf5435 h ???????? 01e /
31b59d2.d3 d2c38299 cf5435 h ???????? 002 //https://floatingboat2013.appspot.com
31b59d4.1d d2c38299 cf5435 h ???????? 004 //wiki/AlanTuring
31b59d5.55 d2c38299 cf5435 h ???????? 004 //wiki/GottfriedWilhelmLeibniz
31b59d6.95 d2c38299 cf5435 h ???????? 003 //https://floatingboat2013.appspot.com/UrPic
31b59d7.da d2c38299 cf5435 h ???????? 002 //https://floatingboat2013.appspot.com/ad
31b59d9.74 d2c38299 cf5435 h ???????? 002 //https://sl4.eu/hls
31b59da.e7 d2c38299 cf5435 h ???????? 002 //https://sl4.eu/ls
31b59dc.16 d2c38299 cf5435 h ???????? 003 //https://sl4.eu/sh
31b59dd.48 d2c38299 cf5435 h ???????? 002 //https://www.youtube.com/watch
31b5a2d.f2 42f94056 043937 h ???????? 00b /edit/46325001
31b5e96.9f b44c0f9a a04d28 s ???????? 2b54 /math
31b6173.18 cf2e0d34 6a88e8 h ???????? 004 /wiki/MarianneEhrmann
31b618f.60 33ff4269 433e9c h ???????? 004 /wiki/GenSeidenFaden
31b639f.ec 4a7d4c21 55c2cd h ???????? 003 //rss.rdf
31b6443.b5 42f95989 70a047 h ???????? 003 //rss.rdf
31b6659.c7 42f9404d 622963 h ???????? 01c /
31b6c10.25 42f94052 043937 h ???????? 005 /wiki/SysAdmin
31b6d6d.88 42f94056 043937 h ???????? 004 /wiki/GeoTweet
31b706d.8f a484a155 433e9c h ???????? 003 /edit/24716001
31b70ef.a5 42f94056 043937 h ???????? 005 /wiki/WirAg
31b7db4.39 42f94052 043937 h ???????? 004 /wiki/IdYtk1R2
31b8140.03 bc285186 7dfab1 h ???????? 003 //rss.jsp
31b8140.31 bc285186 7dfab1 h ???????? 002 //rss.jsp
31b8144.ba bc285186 7dfab1 h ???????? 002 //rss.jsp
31b8144.f0 bc285186 7dfab1 h ???????? 002 //rss.jsp
31b8409.a0 b44c0f1d a04d28 h ???????? 004 /wiki/BigTableNomic
31b840b.52 42f9404d 043937 h ???????? 02b /
31b8541.d1 42f940f6 043937 h ???????? 02c /
31b86a3.ac 33ff476e 433e9c h ???????? 005 /edit/23236001
31b88da.20 42f9404d 622963 h ???????? 187 /
31b8ca3.ee 42f94052 043937 h ???????? 003 /wiki/MindSex
31b8d52.c3 42f94052 043937 h ???????? 002 /wiki/TiBo
31b8d79.13 42f95987 70a047 h ???????? 001 //rss.rdf
31b8f76.bc 42f94052 043937 h ???????? 004 /wiki/AltStadt
31b8f87.d7 42f9404d 622963 h ???????? 002 /wiki/OrtsteilPieschen
31b8fc7.d6 42f94056 043937 h ???????? 002 /wiki/LadenAuf
31b9251.3f 42f94052 043937 h ???????? 002 /wiki/PostReal
31b93cb.6e 4706a5c8 a397c6 h ???????? 012 /
31b94e8.c6 42f94056 043937 h ???????? 003 /wiki/SpeechAct
31b9784.2a 42f94056 043937 h ???????? 003 /wiki/TineRoyal
31b9886.b2 42f94052 043937 h ???????? 006 /wiki/MindPet
31b9887.aa 42f94056 043937 h ???????? 002 /wiki/KarlSchroeder
31b9932.a5 42f94052 622963 h ???????? 003 /wiki/FriedrichNietzsche
31b99af.84 42f94052 043937 h ???????? 002 /wiki/PresuPuesto
31b99b0.9a 42f9404d 043937 h ???????? 002 /wiki/SesameStreet
31b9a13.e2 42f9404d 043937 h ???????? 002 /wiki/PeterWeir
31b9c1e.6b 42f94052 043937 h ???????? 003 /wiki/MyersBriggs
31b9c1f.65 42f94056 043937 h ???????? 002 /wiki/RussianRuble
31b9c1f.b0 42f94056 043937 h ???????? 002 /wiki/ScreenCast
31b9ca7.5d 42f94052 043937 h ???????? 002 /wiki/LockAgora
31b9d33.73 42f94052 043937 h ???????? 002 /wiki/BiGo
31b9d34.6a 42f9404d 043937 h ???????? 002 /wiki/BildungsSystem
31b9dad.88 36997e07 038706 h ???????? 012 /
31b9daf.a4 36c1194f 038706 h ???????? 011 /
31b9dbe.28 36db81d8 b17672 h ???????? 012 /
31b9dbe.54 3435ae39 0095cf h ???????? 001 //robots.txt
31b9dbf.83 3435ae39 108040 h ???????? 015 /
31b9e5f.62 42f9404d 043937 h ???????? 007 /wiki/StefanMagdalinski
31b9e60.50 42f94056 043937 h ???????? 002 /wiki/StockHolmChess
31b9f3f.fb 42f94052 043937 h ???????? 003 /wiki/AiStartUp
31b9f8b.d1 42f94052 043937 h ???????? 002 /wiki/KarlsRuheChess
31b9fac.7a 42f94056 043937 h ???????? 016 /
31ba0d8.28 42f94056 043937 h ???????? 002 /wiki/BoundingBoxCaptain
31ba0d9.20 42f94052 043937 h ???????? 002 /wiki/LockFutureSax2010
31ba0d9.6f 42f94052 043937 h ???????? 002 /wiki/JanaSchlegel2009
31ba0d9.e1 42f94052 043937 h ???????? 002 /wiki/LucMontagnier
31ba0da.5a 42f94056 043937 h ???????? 002 /wiki/MafiaWars
31ba139.b6 42f9404d 043937 h ???????? 002 /wiki/EcoNomic
31ba1c8.34 42f94052 043937 h ???????? 002 /wiki/TagesGeld
31ba243.23 42f94052 622963 h ???????? 002 /wiki/ChristianLangreiter
31ba44e.20 42f94056 043937 h ???????? 003 /wiki/MindReader
31ba6d4.d2 42f94056 043937 h ???????? 003 /wiki/EarthaKitt
31ba70e.33 6a4b6add 2e46fb s ???????? 015 /
31ba771.9b a484a161 433e9c h ???????? 002 /wiki/ThorstenPrante
31ba967.0f 42f94056 043937 h ???????? 003 /wiki/JavaScript
31ba9ca.16 a484a147 433e9c h ???????? 001 /edit/27416001
31baab6.0d bc285186 7dfab1 h ???????? 002 //rss.jsp
31baab6.30 bc285186 7dfab1 h ???????? 001 //rss.jsp
31baabd.e1 bc285186 7dfab1 h ???????? 001 //rss.jsp
31baabe.05 bc285186 7dfab1 h ???????? 001 //rss.jsp
31bab64.e1 42f94052 622963 h ???????? 002 /wiki/AndreasStuhlmueller
31babee.b4 42f94056 043937 h ???????? 008 /wiki/SweptSolid
31bae42.d4 42f94056 043937 h ???????? 003 /wiki/MindGarage
31bb049.ad adeaa40b 3d8b22 h ???????? 016 /
31bb076.4d 42f94056 043937 h ???????? 003 /wiki/HoffenHeim
31bb2e7.a9 42f94052 043937 h ???????? 003 /wiki/MindBroker
31bb2fc.ac 42f9404d 043937 h ???????? 003 /wiki/HelpMate
31bb485.0c 42f94052 622963 h ???????? 003 /wiki/ReferringPagesPlugin
31bb4d9.68 42f95987 70a047 h ???????? 002 //rss.rdf
31bb595.e0 42f9404d 043937 h ???????? 003 /wiki/PitchBitch
31bb5a9.e7 b44c0f97 a04d28 h ???????? 013 /
31bb80a.04 42f94056 043937 h ???????? 003 /wiki/RdfsString
31bb919.6a a484a111 433e9c h ???????? 002 /edit/28536001
31bba7d.d7 42f9404d 043937 h ???????? 003 /wiki/LastFm
31bbcf5.d0 42f94052 043937 h ???????? 003 /wiki/MaFa
31bbdad.b2 42f9404d 622963 h ???????? 004 /wiki/AlexanderGrothendieck
31bbf57.ba 42f94056 043937 h ???????? 002 /wiki/DaWanda
31bc042.3e b44c0f1b a04d28 h ???????? 003 /wiki/BigTableNomic
31bc1bf.56 42f94052 043937 h ???????? 003 /wiki/ProSa
31bc37a.99 9d372712 6a88e8 h ???????? 002 /robots.txt
31bc37e.49 284da711 6a88e8 h ???????? 003 /wiki/PostSingular
31bc43b.51 42f9404d 043937 h ???????? 003 /wiki/UbiGrate
31bc4bf.ba 42f94052 043937 h ???????? 003 /wiki/SeiMutig
31bc56a.d6 d9b68499 433e9c h ???????? 002 /edit/30446002
31bc6d4.67 42f94056 043937 h ???????? 003 /wiki/ZigaTurk
31bc73a.61 42f9404d 622963 h ???????? 003 /wiki/MassnahmenRettungsPlan
31bc7ad.cd 403efca2 b5eaf4 h ???????? 001 /robots.txt
31bc940.85 42f9404d 043937 h ???????? 003 /wiki/UmSatz
31bcbc0.09 42f94056 043937 h ???????? 003 /wiki/KarlDiehl
31bce11.25 42f9404d 043937 h ???????? 003 /wiki/MindSalsa
31bcfe2.2b b44c0f88 a04d28 h ???????? 003 /wiki/ChinaBook
31bd032.a7 33ff427a 433e9c h ???????? 003 /wiki/SchickSaal
31bd042.72 42f94056 043937 h ???????? 003 /wiki/JeMand
31bd04d.c0 42f94064 043937 s ???????? 002 /robots.txt
31bd04e.42 42f94060 622963 s ???????? 003 /wiki/IntelligenceExplosion
31bd275.46 42f9404d 043937 h ???????? 003 /wiki/MindProps
31bd4a8.78 42f94056 043937 h ???????? 004 /wiki/SinnFonie
31bd4c8.c7 33ff427d 433e9c h ???????? 002 /wiki/KommuneZwei
31bd695.5c 42f9404d 043937 h ???????? 003 /wiki/ExoBrain
31bd6a1.98 42f94052 043937 h ???????? 003 /wiki/JimCarrey
31bd7a0.91 42f94052 043937 h ???????? 019 /
31bd83c.48 d9c74dc2 1a55fd h ???????? 01f /
31bd83c.92 d9c74dc2 1a55fd h ???????? 001 /favicon.ico
31bd840.ab d9c74dc2 1a55fd h ???????? 001 /feel/4
31bd840.ae d9c74dc2 1a55fd h ???????? 001 /alive/4
31bd844.aa d9c74dc2 1a55fd h ???????? 002 /alive/8
31bd844.ab d9c74dc2 1a55fd h ???????? 002 /feel/8
31bd847.fe a4843451 eb026b s ???????? 004 /bcHead
31bd847.cd d9c74dc2 1a55fd s ???????? 0c7 /sh
31bd848.39 d9c74dc2 1a55fd s ???????? 001 /AtJs
31bd849.65 d9c74dc2 1a55fd s ???????? 001 /favicon.ico
31bd851.71 d9c74dc2 1a55fd h ???????? 001 /favicon.ico
31bd855.8c d9c74dc2 1a55fd h ???????? 002 /alive/4
31bd855.8d d9c74dc2 1a55fd h ???????? 002 /feel/4
31bd857.ed d9c74dc2 1a55fd s ???????? 01a /
31bd858.1c d9c74dc2 1a55fd s ???????? 002 /favicon.ico
31bd85c.40 d9c74dc2 1a55fd s ???????? 003 /alive/4
31bd85c.41 d9c74dc2 1a55fd s ???????? 007 /feel/4
31bd860.28 d9c74dc2 1a55fd s ???????? 007 /feel/8
31bd860.46 d9c74dc2 1a55fd s ???????? 002 /alive/8
31bd86d.f8 d9c74dc2 1a55fd s ???????? 009 /cookie
31bd86e.28 d9c74dc2 1a55fd s ???????? 002 /favicon.ico
31bd872.3e d9c74dc2 1a55fd s ???????? 002 /favicon.ico
31bd875.ba a4843451 eb026b s ???????? 003 /bcHead
31bd875.90 d9c74dc2 1a55fd s ???????? 0aa /sh
31bd875.ed d9c74dc2 1a55fd s ???????? 002 /AtJs
31bd876.3e d9c74dc2 1a55fd s ???????? 002 /favicon.ico
31bd87b.65 d9c74dc2 1a55fd s ???????? 0bd /exec/gs
31bd884.ce d9c74dc2 1a55fd s ???????? 12e /exec/git%20add%20a%20bh%20ua;git%20commit%20-am%22git%20add%20a%20bh%20ua%22
31bd88a.37 d9c74dc2 1a55fd s ???????? 016 /exec/gs
31bd890.06 d9c74dc2 1a55fd s ???????? 009 /exec/df
31bd894.59 d9c74dc2 1a55fd s ???????? 003 /favicon.ico
31bd895.a6 d9c74dc2 1a55fd h ???????? 002 /favicon.ico
31bd8b0.76 42f94056 043937 h ???????? 006 /wiki/BinaAspen
31bd981.42 42f9404d 622963 h ???????? 005 /wiki/JohannWolfgangVonGoethe
31bdaba.f1 42f94052 043937 h ???????? 004 /wiki/WaWWvPxwA
31bdbde.e7 d9c74dc2 0cd2f0 h ???????? 022 /
31bdbdf.71 d9c74dc2 0cd2f0 h ???????? 001 /favicon.ico
31bdbe1.f8 d9c74dc2 0cd2f0 h ???????? 019 /
31bdbe2.4a d9c74dc2 0cd2f0 h ???????? 002 /favicon.ico
31bdbe6.69 d9c74dc2 0cd2f0 h ???????? 002 /alive/4
31bdbe6.6c d9c74dc2 0cd2f0 h ???????? 002 /feel/4
31bdc8d.48 42f95987 70a047 h ???????? 003 //rss.rdf
31bdcca.f0 42f9404d 043937 h ???????? 004 /wiki/MindAward
31bdeff.ff 42f94052 043937 h ???????? 004 /wiki/BurjDubai
31be118.6d 42f94052 043937 h ???????? 004 /wiki/UnTil2008
31be297.b8 42f94056 622963 h ???????? 00a /hear/f4aba8bf48e9f30504c5b8d1938676b1
31be344.d4 42f9404d 043937 h ???????? 004 /wiki/AtomKraft
31be4c5.a4 33ff4279 433e9c h ???????? 003 /edit
31be555.f4 33ff4104 433e9c h ???????? 004 /wiki/RalfSteinmetz
31be560.cf 42f94056 043937 h ???????? 003 /wiki/VierStein
31be79c.68 42f94056 043937 h ???????? 004 /wiki/CoreMedia
31be846.2b 42f94056 043937 h ???????? 004 /wiki/MinisTer
31be957.d6 42f94052 043937 h ???????? 002 /robots.txt
31be9fd.fd 42f94052 043937 h ???????? 003 /UserPreferences.jsp
31bea2a.46 42f94052 043937 h ???????? 004 /wiki/HauptPost
31bea54.57 d9b68452 433e9c h ???????? 002 /edit/31156004
31bebba.e6 25bb4e51 e93a4d h ???????? 018 /
31bec2c.26 42f9404d 622963 h ???????? 002 /feel/
31becc4.d2 42f94052 043937 h ???????? 004 /wiki/TeSystems
31bef50.17 42f94056 043937 h ???????? 004 /wiki/TimeSheet
31bf127.ab b44c0f8a a04d28 h ???????? 024 /edit/14886002
31bf1c7.86 42f94052 043937 h ???????? 005 /wiki/KuchenLoch
31bf1e6.00 403efca2 b5eaf4 h ???????? 004 /robots.txt
31bf29c.b6 a484a122 433e9c h ???????? 003 /edit/22306001
31bf43d.dc 42f9404d 043937 h ???????? 003 /robots.txt
31bf43d.dd 42f94056 043937 h ???????? 004 /wiki/HyperRoman
31bf531.5e 5896e4da 1c75e1 h ???????? 003 //rss.rdf
31bf5f7.30 42f94052 622963 h ???????? 004 /wiki/MassachusettsInstituteOfTechnology
31bf694.3d 42f94052 043937 h ???????? 004 /wiki/WikiWallAd
31bf6aa.f2 9e457636 fdc79c h ???????? 01a /
31bf7bf.43 2ee5a465 2e29b5 h ???????? 003 /robots.txt
31bf88c.c3 c0a066a8 c2bd49 h ???????? 01c /
31bf8af.9e 42f94052 043937 h ???????? 004 /wiki/BuchStaben
31bf987.37 44b4e73e aec21f h ???????? 004 /robots.txt
31bf987.e8 44b4e73e aec21f h ???????? 003 /wiki/TinaPickhardt
31bfa08.b7 42f94052 043937 h ???????? 004 /wiki/EtAl
31bfac4.8f 42f94052 043937 h ???????? 002 /wiki/WettBewerb
31bfbc5.51 33ff4268 433e9c h ???????? 001 /hear/97081cfceb56669ec9060051c108323e
31bfc67.c5 b44c0f8c a04d28 h ???????? 002 /wiki/LockSchuppen
31bfcbc.72 44b4e73e aec21f h ???????? 002 /wiki/DmytriKleiner
31bfcde.6f 42f94056 043937 h ???????? 002 /wiki/NobelPrize
31bff0f.a2 42f94052 043937 h ???????? 002 /wiki/SocialGrid
31bff38.77 42f94052 043937 h ???????? 002 /wiki/KarlvonderMuhll
31bff43.6c 42f9404d 043937 h ???????? 002 /wiki/WilhelmHolscher
31bff44.7e 42f9404d 043937 h ???????? 002 /wiki/AdolfvonHarnack
