33d010b.af 42f95ccb 70a047 h ???????? 002 //rss.rdf
33d0267.f8 d9b684ad 433e9c h ???????? 002 /edit/23296002
33d0367.c6 42f942c8 043937 h ???????? 004 /wiki/SwDf
33d044a.b9 a484a131 433e9c h ???????? 003 /edit/24276001
33d04ad.d8 b44c0f0c a04d28 h ???????? 005 /wiki/LockTeam
33d06e5.1e 42f942c8 043937 h ???????? 004 /wiki/EnN8
33d0891.24 894acf6e 433e9c h ???????? 004 /wiki/LockOfficeAnfahrt
33d08cd.13 42f942c6 622963 h ???????? 004 /wiki/HeOr
33d0a6c.28 42f942c6 043937 h ???????? 003 /wiki/TrWo
33d0af8.96 68ab7aaf ee113c h ???????? 01f /
33d0af9.70 68ab7aaf ee113c h ???????? 003 //https://floatingboat2013.appspot.com
33d0afa.31 68ab7aaf ee113c h ???????? 004 //wiki/AlanTuring
33d0afa.be 68ab7aaf ee113c h ???????? 005 //wiki/GottfriedWilhelmLeibniz
33d0afb.91 68ab7aaf ee113c h ???????? 001 //https://floatingboat2013.appspot.com/UrPic
33d0afc.25 68ab7aaf ee113c h ???????? 002 //https://floatingboat2013.appspot.com/ad
33d0afc.e4 68ab7aaf ee113c h ???????? 002 //https://sl4.eu/hls
33d0afd.64 68ab7aaf ee113c h ???????? 002 //https://sl4.eu/ls
33d0afe.5a 68ab7aaf ee113c h ???????? 002 //https://sl4.eu/sh
33d0aff.57 68ab7aaf ee113c h ???????? 002 //https://www.youtube.com/watch
33d0e0b.f1 42f942ca 043937 h ???????? 004 /wiki/NbIc
33d0f66.c1 42f942c6 043937 h ???????? 004 /wiki/MortalIsm
33d11a3.93 42f942ca 043937 h ???????? 004 /wiki/IhMail
33d11bf.86 3e9ef2d0 e2508c s ???????? 01c /
33d11c0.87 3e9ef2d0 e2508c s ???????? 001 /favicon.ico
33d11c4.5c 3e9ef2d0 e2508c s ???????? 002 /feel/4
33d11c8.5a 3e9ef2d0 e2508c s ???????? 002 /feel/8
33d11d0.68 3e9ef2d0 e2508c s ???????? 018 /feel/10
33d11e0.65 3e9ef2d0 e2508c s ???????? 003 /feel/20
33d11f0.67 3e9ef2d0 e2508c s ???????? 003 /feel/30
33d1200.6a 3e9ef2d0 e2508c s ???????? 003 /feel/40
33d1210.6c 3e9ef2d0 e2508c s ???????? 003 /feel/50/
33d1220.67 3e9ef2d0 e2508c s ???????? 002 /feel/60/
33d1230.69 3e9ef2d0 e2508c s ???????? 002 /feel/70/
33d1240.68 3e9ef2d0 e2508c s ???????? 002 /feel/80/
33d1250.67 3e9ef2d0 e2508c s ???????? 003 /feel/90/
33d1260.67 3e9ef2d0 e2508c s ???????? 003 /feel/a0/
33d1270.6f 3e9ef2d0 e2508c s ???????? 002 /feel/b0/
33d1280.70 3e9ef2d0 e2508c s ???????? 003 /feel/c0/
33d1290.71 3e9ef2d0 e2508c s ???????? 003 /feel/d0/
33d12a0.69 3e9ef2d0 e2508c s ???????? 002 /feel/e0/
33d1470.63 3e9ef2d0 e2508c s ???????? 003 /feel/2b0/
33d1480.60 3e9ef2d0 e2508c s ???????? 003 /feel/2c0/
33d1490.3f 3e9ef2d0 e2508c s ???????? 002 /feel/2d0/
33d14a0.3d 3e9ef2d0 e2508c s ???????? 002 /feel/2e0/
33d14b0.3a 3e9ef2d0 e2508c s ???????? 002 /feel/2f0/
33d14c0.41 3e9ef2d0 e2508c s ???????? 002 /feel/300/
33d14d0.3d 3e9ef2d0 e2508c s ???????? 003 /feel/310/
33d14e0.3e 3e9ef2d0 e2508c s ???????? 003 /feel/320/
33d14e5.e9 42f942c6 622963 h ???????? 002 /wiki/GoLe
33d14f0.34 3e9ef2d0 e2508c s ???????? 003 /feel/330/
33d1500.31 3e9ef2d0 e2508c s ???????? 004 /feel/340/
33d151b.13 42f942c6 043937 h ???????? 002 /wiki/TinyPm
33d18a5.10 42f942ca 043937 h ???????? 002 /wiki/SdCard
33d19a4.4f 4ca4ed69 68855b h ???????? 018 /
33d19a4.f7 4ca4ed69 68855b h ???????? 001 //https://floatingboat2013.appspot.com
33d19a5.93 4ca4ed69 68855b h ???????? 003 //wiki/AlanTuring
33d19a7.46 4ca4ed69 68855b h ???????? 006 //wiki/GottfriedWilhelmLeibniz
33d19a7.d1 4ca4ed69 68855b h ???????? 001 //https://floatingboat2013.appspot.com/UrPic
33d19a8.5c 4ca4ed69 68855b h ???????? 001 //https://floatingboat2013.appspot.com/ad
33d19a9.20 4ca4ed69 68855b h ???????? 001 //https://sl4.eu/hls
33d19a9.bb 4ca4ed69 68855b h ???????? 001 //https://sl4.eu/ls
33d19aa.40 4ca4ed69 68855b h ???????? 001 //https://sl4.eu/sh
33d19aa.e1 4ca4ed69 68855b h ???????? 001 //https://www.youtube.com/watch
33d1a63.3f a484a12e 433e9c h ???????? 001 /edit/23236007
33d1ac0.f7 5cf7b508 0f83be h ???????? 001 //rss.rdf
33d1c4a.7b 42f942c6 043937 h ???????? 003 /wiki/LangEn
33d1cdc.26 42f942c8 043937 h ???????? 014 /
33d1f76.22 42f942c6 043937 h ???????? 002 //robots.txt
33d1fe3.bb 42f942c8 043937 h ???????? 002 /wiki/VerNetz
33d1ff1.26 3e9ef2d0 e2508c s ???????? 002 /feel/e30/
33d2034.38 42f942ca 622963 h ???????? 002 /wiki/BeFore
33d2094.e4 d9b68420 433e9c h ???????? 002 /edit/28146003
33d2129.ac 42f942c8 043937 h ???????? 003 /wiki/PostgresQl
33d22eb.25 d9b68451 433e9c h ???????? 001 /edit/21766002
33d234f.af 42f942ca 043937 h ???????? 002 /wiki/TwiNe
33d26be.b0 42f942d4 043937 s ???????? 001 /edit/63595005
33d2783.34 25bb3851 e3b0c4 h ???????? 002 /robots.txt
33d2785.57 25bb3851 46ab9b h ???????? 013 /
33d27d5.4d 33ff4775 433e9c h ???????? 001 /sl
33d280c.8b a484a11e 433e9c h ???????? 002 /edit/28376001
33d28f4.cc 42f95cc7 70a047 h ???????? 002 //rss.rdf
33d2a20.33 42f942ca 043937 h ???????? 003 /wiki/BricksAndMortar
33d2a44.b7 42f942d0 043937 s ???????? 001 /edit/40525001
33d2b9f.06 42f942c6 622963 h ???????? 003 /wiki/ExaHash
33d2c86.ad 284da714 6a88e8 s ???????? 019 /
33d2d9f.27 42f942c6 043937 h ???????? 003 /wiki/NepTun
33d2f01.e2 5b794fb4 e3b0c4 h ???????? 002 /robots.txt
33d2f04.06 5b794fb4 2d2838 h ???????? 013 /
33d2fd0.a8 53957e62 028fc4 h ???????? 002 /robots.txt
33d2fd3.fc 53957e62 028fc4 h ???????? 018 /
33d3034.0e 42f942ca 622963 h ???????? 003 /wiki/DeNa
33d310f.e2 42f942c6 043937 h ???????? 003 /wiki/AmdWiki
33d3193.76 a4843451 eb026b s ???????? 003 /bcHead
33d3193.41 b44c0f0d a04d28 s ???????? 0d3 /sh
33d32a7.e0 4e2e2319 7dfab1 h ???????? 001 //rss.jsp
33d32a8.07 4e2e2319 7dfab1 h ???????? 002 //rss.jsp
33d32ec.e5 42f942d2 043937 s ???????? 003 /wiki/MindPhone
33d3509.1d 42f942ca 043937 h ???????? 003 /wiki/SklavenMoral
33d38ce.47 42f942c6 043937 h ???????? 005 /wiki/LebensEnergie
33d3a31.a5 5cde7c02 dc1a18 h ???????? 014 /
33d3a32.02 5cde7c02 dc1a18 h ???????? 001 //https://floatingboat2013.appspot.com
33d3a32.5c 5cde7c02 dc1a18 h ???????? 003 //wiki/AlanTuring
33d3a32.bb 5cde7c02 dc1a18 h ???????? 003 //wiki/GottfriedWilhelmLeibniz
33d3a33.12 5cde7c02 dc1a18 h ???????? 002 //https://floatingboat2013.appspot.com/UrPic
33d3a33.68 5cde7c02 dc1a18 h ???????? 001 //https://floatingboat2013.appspot.com/ad
33d3a33.bd 5cde7c02 dc1a18 h ???????? 001 //https://sl4.eu/hls
33d3a34.14 5cde7c02 dc1a18 h ???????? 002 //https://sl4.eu/ls
33d3a34.69 5cde7c02 dc1a18 h ???????? 001 //https://sl4.eu/sh
33d3a34.be 5cde7c02 dc1a18 h ???????? 001 //https://www.youtube.com/watch
33d3b7e.44 4a7d4c21 55c2cd h ???????? 003 //rss.rdf
33d3b88.78 55910ad2 8dfdca h ???????? 017 /
33d3b88.b6 55910ad2 8dfdca h ???????? 002 //https://floatingboat2013.appspot.com
33d3b89.0c 55910ad2 8dfdca h ???????? 002 //wiki/AlanTuring
33d3b89.57 55910ad2 8dfdca h ???????? 003 //wiki/GottfriedWilhelmLeibniz
33d3b89.8a 55910ad2 8dfdca h ???????? 002 //https://floatingboat2013.appspot.com/UrPic
33d3b89.be 55910ad2 8dfdca h ???????? 002 //https://floatingboat2013.appspot.com/ad
33d3b8a.4f 55910ad2 8dfdca h ???????? 002 //https://sl4.eu/hls
33d3b8a.83 55910ad2 8dfdca h ???????? 003 //https://sl4.eu/ls
33d3b8a.be 55910ad2 8dfdca h ???????? 002 //https://sl4.eu/sh
33d3b8a.ef 55910ad2 8dfdca h ???????? 001 //https://www.youtube.com/watch
33d3bc5.51 42f942c8 622963 h ???????? 003 /wiki/MaRo
33d3ca6.de 42f942ca 043937 h ???????? 003 /wiki/SeismoGraphen
33d4042.8d 42f942ca 043937 h ???????? 003 /wiki/JohannKoenitz
33d404e.63 b44c0f99 a04d28 h ???????? 016 /
33d407d.bb 904cb612 4f089e h ???????? 015 /1
33d41d2.d5 7b7d7dfa 26cd09 h ???????? 01e /
33d42da.28 33ff4781 433e9c h ???????? 002 /earth
33d42db.a3 cf2e0d2e 6a88e8 h ???????? 01c /
33d43be.3b 42f942c8 043937 h ???????? 003 /wiki/GmbH
33d44bb.d7 42f942c6 043937 h ???????? 004 /wiki/BundesLand
33d46dc.9b 42f942c8 622963 h ???????? 003 /wiki/BaOb
33d4744.82 42f942ca 043937 h ???????? 003 /wiki/SemperRobOper
33d4777.1f bc285186 7dfab1 h ???????? 001 //rss.jsp
33d4777.49 bc285186 7dfab1 h ???????? 007 //rss.jsp
33d4778.09 bc285186 7dfab1 h ???????? 001 //rss.jsp
33d4778.33 bc285186 7dfab1 h ???????? 002 //rss.jsp
33d4994.11 d5efcd76 20009d h ???????? 002 /robots.txt
33d49c8.c4 bc285186 7dfab1 h ???????? 001 //rss.jsp
33d49c8.ed bc285186 7dfab1 h ???????? 001 //rss.jsp
33d49dd.85 bc285186 7dfab1 h ???????? 003 //rss.jsp
33d49dd.b2 bc285186 7dfab1 h ???????? 002 //rss.jsp
33d4a96.e6 42f942c8 043937 h ???????? 003 /wiki/SafariBrowser
33d4d6f.c6 33ff415e 433e9c h ???????? 002 /edit/24016005
33d4de0.22 42f942ca 043937 h ???????? 003 /wiki/CkOne
33d4ec4.43 42f95ccb 70a047 h ???????? 002 /rss.rdf
33d5025.78 bc286647 7dfab1 h ???????? 003 //rss.jsp
33d5025.a3 bc286647 7dfab1 h ???????? 002 //rss.jsp
33d5129.c1 42f942ca 622963 h ???????? 003 /wiki/TimeZone
33d512b.a8 42f942ca 043937 h ???????? 003 /wiki/FortAn
33d5138.e2 42f95cc7 70a047 h ???????? 002 //rss.rdf
33d5286.d9 894a7343 a505ab h ???????? 01f /
33d5287.06 894a7343 a505ab h ???????? 002 /wp-login.php
33d5478.30 403efca4 b5eaf4 h ???????? 002 /robots.txt
33d5478.78 403efca4 b5eaf4 h ???????? 017 /1
33d547f.fc 42f942ca 043937 h ???????? 004 /wiki/TauSch
33d5638.db 586344c7 79e3db h ???????? 002 /robots.txt
33d5639.01 586344c7 79e3db h ???????? 01a /
33d5674.72 42f942c8 043937 h ???????? 02c /wiki/TanzScript
33d5793.b8 4a73d699 3d8b22 h ???????? 020 /
33d57d1.60 42f942c8 043937 h ???????? 003 /wiki/PetLaw
33d5970.6d 42f942d2 043937 s ???????? 017 /
33d5971.5b 42f942d0 043937 s ???????? 01e /
33d5b17.27 42f942c8 043937 h ???????? 003 /wiki/TheBerg
33d5b8b.50 42f942c8 622963 h ???????? 004 /wiki/EtCetera
33d5e27.3d 42f942c6 043937 h ???????? 004 /wiki/TollMat
33d5fdb.74 42f94291 043937 s ???????? 002 /robots.txt
33d6085.b6 5519d2ea 6de661 h ???????? 002 //robots.txt
33d614d.c5 b44c0f9e fa643b h ???????? 002 /robots.txt
33d617a.49 42f942c6 043937 h ???????? 004 /wiki/JanSchaffner
33d6228.3e 42f942d0 043937 s ???????? 002 /edit/68805005
33d623a.b6 42f942d4 043937 s ???????? 002 /edit/76155002
33d624d.fe 42f942d2 043937 s ???????? 001 /edit/74225006
33d6263.08 42f942d0 043937 s ???????? 001 /edit/73235004
33d627a.86 42f942d4 043937 s ???????? 001 /edit/73275006
33d62a7.4c 42f942d0 043937 s ???????? 001 /edit/73235005
33d62d3.b9 42f942d0 043937 s ???????? 002 /edit/76115006
33d6302.1c 42f942d0 043937 s ???????? 001 /edit/77025004
33d631b.eb 42f942c8 622963 h ???????? 002 /wiki/PeTh
33d6337.23 42f942d2 043937 s ???????? 001 /edit/75255003
33d6520.24 33febe35 dc1a18 h ???????? 013 /
33d6520.7c 33febe35 dc1a18 h ???????? 001 //https://floatingboat2013.appspot.com
33d6520.ce 33febe35 dc1a18 h ???????? 002 //wiki/AlanTuring
33d6521.1e 33febe35 dc1a18 h ???????? 002 //wiki/GottfriedWilhelmLeibniz
33d6595.23 42f942c6 043937 h ???????? 003 /wiki/AlLi
33d67a4.3a 05c45716 433e9c h ???????? 001 /robots.txt
33d67a4.a5 33ff477e 433e9c h ???????? 001 /edit/27256001
33d6835.ae 42f942c8 043937 h ???????? 002 /wiki/ScheinWelt
33d68f8.19 42f942c6 043937 h ???????? 003 /wiki/MonteMiersch
33d6a44.5e 97502765 433e9c h ???????? 002 /t/robots.txt
33d6c3f.c5 42f942c6 043937 h ???????? 003 /wiki/ReisSpeicher
33d6cc8.0d c70fe9aa 3a5a31 h ???????? 001 /wp-login.php
33d6cc8.75 c70fe9aa 3a5a31 h ???????? 001 //wp-login.php
33d6e7f.64 42f942ca 622963 h ???????? 002 /wiki/MaNa
33d6f8e.ec 42f942c8 043937 h ???????? 003 /wiki/GroupDatabase
33d7042.d6 9d372739 6a88e8 s ???????? 013 /
33d72c1.f0 42f942c8 043937 h ???????? 002 /wiki/DetlefZuehlke
33d75fe.02 42f942c6 043937 h ???????? 002 /wiki/KeyActivities
33d76d3.b4 33ff4120 433e9c h ???????? 003 /wiki/EricSchmidt
33d7808.cd 42f95ccb 70a047 h ???????? 002 //rss.rdf
33d792a.28 42f942c8 043937 h ???????? 002 /wiki/StephenWolfram
33d792a.dd b44c0f97 a04d28 s ???????? 079 /hls
33d794a.3e 5d9e983e e4b041 h ???????? 002 /robots.txt
33d794e.22 5d9e983e e4b041 h ???????? 014 /
33d795f.93 42f942ca 622963 h ???????? 003 /wiki/AlTa
33d79f8.ab 42f942c6 043937 h ???????? 002 /wiki/InHalt
33d7be2.7e 42660988 002725 h ???????? 002 /favicon.ico
33d7c72.db 42f942c6 043937 h ???????? 003 /wiki/ElectronicMail
33d7fba.30 42f942c6 043937 h ???????? 003 /wiki/WebDe
33d816b.f1 403efca2 b5eaf4 h ???????? 002 /robots.txt
33d82f8.d1 42f942c8 043937 h ???????? 003 /wiki/GesBr
33d8371.8f 403efca3 b5eaf4 h ???????? 001 /robots.txt
33d838b.17 42f942c8 622963 h ???????? 003 /wiki/UpDa
33d860f.ed 42f942c6 043937 h ???????? 003 /wiki/HiRes
33d88fd.3d 894a7343 a505ab h ???????? 015 /
33d88fd.64 894a7343 a505ab h ???????? 001 /wp-login.php
33d892e.e5 42f942c8 043937 h ???????? 002 /wiki/UnTil
33d895c.a6 7b7e71a0 09810e h ???????? 002 /robots.txt
33d895d.9f 7b7e71a0 09810e h ???????? 014 /
33d8965.7f d9b6c30a 5df2a8 h ???????? 014 /
33d8a85.18 42f942ca 043937 h ???????? 002 /robots.txt
33d8a9d.72 42f942c8 043937 h ???????? 002 /PageInfo.jsp
33d8b93.cb 8ba26ab5 976046 s ???????? 01c /
33d8bbb.b1 42f942ca 043937 h ???????? 003 /wiki/DreWag
33d8c46.32 42f942c6 043937 h ???????? 002 /wiki/DonUte
33d8d9c.4f 42f942ca 622963 h ???????? 003 /wiki/WoDa
33d8f44.4e 42f942c6 043937 h ???????? 003 /wiki/ScI
33d9242.b0 42f942ca 043937 h ???????? 004 /wiki/IsLand
33d953f.69 42f942c8 043937 h ???????? 004 /wiki/AsRead
33d96eb.a5 42f942ca 622963 h ???????? 003 /wiki/DataMap
33d9849.2a 42f942d4 043937 s ???????? 001 /edit/64745003
33d9a91.c7 cf2e0d6a 6a88e8 h ???????? 01e /
33d9b4d.ec 42f942c6 622963 h ???????? 003 /wiki/KdRv
33d9b65.dd 42f942c8 043937 h ???????? 002 /wiki/TelefonAnruf
33d9d7e.bd 42f942ca 043937 h ???????? 003 /wiki/SynApse
33d9f20.32 d9b6849a 433e9c h ???????? 002 /edit/23486001
33d9f31.67 42f942c8 043937 h ???????? 003 /wiki/SoerenRogoll
33d9fde.bc 42f95cc7 70a047 h ???????? 002 //rss.rdf
33d9fff.70 05096f46 c37fd8 h ???????? 002 //robots.txt
33da002.e0 05096f46 c37fd8 h ???????? 004 //wiki/%25s
33da00e.93 05096f46 c37fd8 h ???????? 003 //wiki/%3C%25=session.getAttribute(
33da016.f4 05096f46 c37fd8 h ???????? 004 //wiki/AnneWillSingulari%E2%80%A6
33da01e.62 05096f46 c37fd8 h ???????? 002 //wiki/DresdenWiFi%E2%80%9C
33da025.b5 05096f46 c37fd8 h ???????? 003 //wiki/DresdenWiFi
33da02b.57 05096f46 c37fd8 h ???????? 00c //wiki/LockSchuppen.%C2%A0
33da030.6e 05096f46 c37fd8 h ???????? 003 //wiki/LockSchuppen.%C3%82%C2%A0
33da06d.11 d9b6c30a c78c03 s ???????? 015 /
33da2a0.ba 42f942c6 043937 h ???????? 003 /wiki/EmbeddedSystem
33da342.0d 6caf028e dc1a18 h ???????? 020 /
33da342.f8 6caf028e dc1a18 h ???????? 002 //https://floatingboat2013.appspot.com
33da343.ee 6caf028e dc1a18 h ???????? 003 //wiki/AlanTuring
33da345.16 6caf028e dc1a18 h ???????? 003 //wiki/GottfriedWilhelmLeibniz
33da59f.b7 b44c0f18 a04d28 h ???????? 00a /wiki/NooMic
33da5e2.3d 42f942c6 043937 h ???????? 003 /wiki/FurchtloseZehn
33da668.7f 42f942ca 622963 h ???????? 003 /wiki/ViAf
33da913.74 42f942ca 043937 h ???????? 003 /wiki/RamonaKurzweil
33daa66.b6 cf2e0d99 6a88e8 h ???????? 002 /robots.txt
33daa6c.83 cf2e0d65 6a88e8 h ???????? 022 /
33dac3d.44 42f942ca 043937 h ???????? 005 /wiki/ActionLearning
33dacfb.04 42f95ccb 70a047 h ???????? 002 //rss.rdf
33daf41.b9 42f942ca 043937 h ???????? 003 /wiki/AntWort
33daf6d.1c 42f942ca 043937 h ???????? 003 /wiki/AnthonyWilliams
33db0d5.cd 42f942c6 622963 h ???????? 003 /wiki/SeLe
33db283.6c 42f942ca 043937 h ???????? 004 /wiki/NaNo
33db5a1.5c 42f942ca 043937 h ???????? 003 /wiki/AnSc
33db899.09 42f942c8 043937 h ???????? 004 /wiki/WtfPl
33db8be.42 688373cb 0cf351 h ???????? 008 //robots.txt
33dba9a.1e 42f942c8 622963 h ???????? 003 /wiki/RaLi
33dbbae.fe 42f942c6 043937 h ???????? 005 /wiki/MusTer
33dbecb.96 42f942c8 043937 h ???????? 004 /wiki/UpLoad
33dc104.c5 42f942c6 043937 h ???????? 004 /wiki/VorSicht
33dc1d4.39 42f942c8 043937 h ???????? 004 /wiki/UrLaub
33dc393.d6 5d9e983e e4b041 h ???????? 003 /robots.txt
33dc397.ba 5d9e983e e4b041 h ???????? 01b /
33dc480.dd 42f942c8 622963 h ???????? 004 /wiki/ElMo
33dc4e9.05 42f942ca 043937 h ???????? 004 /wiki/TecDax
33dc7d2.7c 42f942c6 043937 h ???????? 004 /wiki/GeekIq
33dc95b.af 42f95cc9 70a047 h ???????? 002 //rss.rdf
33dcaca.3e 42f942ca 043937 h ???????? 004 /wiki/PerSon
33dcdbd.f1 42f942c6 043937 h ???????? 005 /wiki/TanLe
33dcdd5.af 42f942d2 043937 s ???????? 002 /robots.txt
33dcdd5.ef 42f942d2 622963 s ???????? 005 /wiki/BotNet
33dd099.30 42f942d2 043937 s ???????? 003 /edit/65165002
33dd2f4.f8 42f942ca 622963 h ???????? 005 /wiki/UtMo
33dd343.30 42f942ca 043937 h ???????? 004 /wiki/SadoMaso
33dd39d.85 42f942ca 043937 h ???????? 004 /wiki/JobWiki
33dd4a2.e0 b44c0f86 a04d28 h ???????? 004 /wiki/DemoSkopie
33dd736.0f 42f942c6 043937 h ???????? 004 /wiki/BillMcKibben
33dda3a.7d 42f9429c 043937 h ???????? 002 /robots.txt
33dda3b.78 42f9429c 043937 h ???????? 001 /xyueypcx.html
33dda74.7a 42f942c8 043937 h ???????? 003 /wiki/CoryDoctorow
33ddab5.f6 44b4e422 aec21f h ???????? 001 //robots.txt
33ddac2.9a 44b4e73e aec21f h ???????? 001 /robots.txt
33ddac3.31 44b4e73e aec21f h ???????? 002 /wiki/PieschenTv
33ddada.8c 3e9ef1dd e2508c s ???????? 016 /
33ddade.c9 3e9ef1dd e2508c s ???????? 002 /feel/4
33ddae2.c4 3e9ef1dd e2508c s ???????? 004 /feel/8
33ddaeb.33 3e9ef1dd e2508c s ???????? 022 /feel/10
33ddafb.31 3e9ef1dd e2508c s ???????? 001 /feel/20
33ddb0b.38 3e9ef1dd e2508c s ???????? 001 /feel/30
33ddb1b.39 3e9ef1dd e2508c s ???????? 001 /feel/40
33ddb2b.3c 3e9ef1dd e2508c s ???????? 001 /alive/50/
33ddb2b.4e 3e9ef1dd e2508c s ???????? 002 /feel/50/
33ddb3b.32 3e9ef1dd e2508c s ???????? 001 /feel/60/
33ddb4b.36 3e9ef1dd e2508c s ???????? 002 /feel/70/
33ddb5b.3c 3e9ef1dd e2508c s ???????? 001 /alive/80/
33ddb5b.50 3e9ef1dd e2508c s ???????? 001 /feel/80/
33ddb6b.35 3e9ef1dd e2508c s ???????? 002 /feel/90/
33ddb7b.3a 3e9ef1dd e2508c s ???????? 001 /feel/a0/
33ddb8a.c0 3e9ef1dd e2508c s ???????? 001 /feel/b0/
33ddb8d.20 a4843451 eb026b s ???????? 002 /bcHead
33ddb8c.ed 3e9ef1dd e2508c s ???????? 0ca /sh
33ddb8d.4f 3e9ef1dd e2508c s ???????? 001 /AtJs
33ddb91.6e 3e9ef1dd e2508c s ???????? 035 /exec/gs
33ddb98.f6 3e9ef1dd e2508c s ???????? 37b /exec/git%20add%20a%20bh%20ua;git%20commit%20-am%22git%20add%20a%20bh%20ua%22
33ddb9b.34 3e9ef1dd e2508c s ???????? 001 /feel/c0/
33ddba0.b9 3e9ef1dd e2508c s ???????? 017 /exec/gs
33ddbab.37 3e9ef1dd e2508c s ???????? 001 /feel/d0/
33ddbbb.37 3e9ef1dd e2508c s ???????? 001 /feel/e0/
33ddbcb.33 3e9ef1dd e2508c s ???????? 001 /feel/f0/
33ddbd4.96 3e9ef1dd e2508c s ???????? 0f0 /exec/git%20add%20ad33a.log%20ad33b.log%20ad33c.log%20ad33d.log%20ur33a.log%20ur33b.log%20ur33c.log%20ur33d.log
33ddbdb.97 3e9ef1dd e2508c s ???????? 033 /alive/100/
33ddbdb.ad 3e9ef1dd e2508c s ???????? 012 /feel/100/
33ddbfb.8d 3e9ef1dd e2508c s ???????? 01d /feel/120/
33ddc0b.8c 3e9ef1dd e2508c s ???????? 012 /feel/130/
33ddc1b.35 3e9ef1dd e2508c s ???????? 012 /feel/140/
33ddc2b.8b 3e9ef1dd e2508c s ???????? 013 /feel/150/
33ddc3b.87 3e9ef1dd e2508c s ???????? 019 /feel/160/
33ddc5b.a6 3e9ef1dd e2508c s ???????? 015 /feel/180/
33ddc6b.48 3e9ef1dd e2508c s ???????? 033 /alive/190/
33ddc6b.60 3e9ef1dd e2508c s ???????? 01a /feel/190/
33ddc7b.92 3e9ef1dd e2508c s ???????? 013 /feel/1a0/
33ddc9b.92 3e9ef1dd e2508c s ???????? 016 /feel/1c0/
33ddcab.86 3e9ef1dd e2508c s ???????? 014 /feel/1d0/
33ddcbb.8b 3e9ef1dd e2508c s ???????? 01a /feel/1e0/
33ddccb.80 3e9ef1dd e2508c s ???????? 013 /feel/1f0/
33ddcdb.8b 3e9ef1dd e2508c s ???????? 002 /feel/200/
33ddceb.90 3e9ef1dd e2508c s ???????? 001 /feel/210/
33ddcfb.8c 3e9ef1dd e2508c s ???????? 002 /feel/220/
33ddd0b.8e 3e9ef1dd e2508c s ???????? 001 /feel/230/
33ddd1b.92 3e9ef1dd e2508c s ???????? 001 /feel/240/
33ddd2b.90 3e9ef1dd e2508c s ???????? 001 /feel/250/
33ddd3b.93 3e9ef1dd e2508c s ???????? 001 /feel/260/
33ddd42.8b 05c45716 433e9c s ???????? 001 /robots.txt
33ddd43.09 33ff4138 433e9c s ???????? 015 /
33ddd4b.90 3e9ef1dd e2508c s ???????? 001 /feel/270/
33ddd5b.8f 3e9ef1dd e2508c s ???????? 002 /feel/280/
33dddb2.9b 42f942c6 043937 h ???????? 003 /wiki/WernerDilger
33dde0c.8c 42f942c6 622963 h ???????? 002 /wiki/MiNd
33ddfc4.d6 d8f442e3 2e51d1 h ???????? 002 //robots.txt
33de0d3.97 42f942c8 043937 h ???????? 004 /wiki/DesignVorschlag
33de254.f0 894aa5e3 646bf4 h ???????? 002 /status
33de255.16 894aa5e3 646bf4 h ???????? 015 /
33de255.3f 894aa5e3 646bf4 h ???????? 001 /script
33de255.69 894aa5e3 646bf4 h ???????? 002 /jenkins/script
33de255.92 894aa5e3 646bf4 h ???????? 001 /login
33de25f.f2 894aa5e3 646bf4 h ???????? 01b /
33de260.2c 894aa5e3 646bf4 h ???????? 001 //administrator
33de263.60 894aa5e3 646bf4 h ???????? 001 /joomla/administrator
33de263.83 894aa5e3 646bf4 h ???????? 001 /cms/administrator
33de266.ab 894aa5e3 646bf4 h ???????? 002 /Joomla/administrator
33de270.d8 894aa5e3 646bf4 h ???????? 001 /cgi-bin/php
33de273.fe 894aa5e3 646bf4 h ???????? 002 /cgi-bin/php5
33de292.2d 894aa5e3 646bf4 h ???????? 002 /SQLite/SQLiteManager-1.2.4/main.php
33de3b2.f4 42f942ca 043937 h ???????? 003 /wiki/TrackingSystems
33de67d.cf b44c0f21 a04d28 s ???????? 002 /edit/3145002
33de68d.40 42f942c6 043937 h ???????? 002 /wiki/FeuerBach
33de69b.bd 42f942c6 043937 h ???????? 003 /wiki/SteinerStrasse19
33de6e4.cf c0639364 554020 h ???????? 002 /rss.rdf
33de8a6.d9 42f942c8 622963 h ???????? 003 /wiki/AiXi
33de8eb.09 284da715 6a88e8 h ???????? 002 /wiki/SingularityUniversity
33de97f.9b 42f942c6 043937 h ???????? 004 /wiki/GruendungsKosten
33decb1.ce 42f942ca 043937 h ???????? 003 /wiki/BerlinerFernsehturm
33def94.87 42f942c6 043937 h ???????? 004 /wiki/MarLo
33df06c.a4 42f942c8 043937 h ???????? 003 /wiki/DebRoy
33df1d5.fb a484a129 433e9c h ???????? 004 /wiki/MichaelMoser
33df269.60 42f942c8 622963 h ???????? 005 /wiki/WeiLi
33df274.e5 42f942c6 043937 h ???????? 003 /wiki/UserId
33df3dd.0e 42f95cc9 70a047 h ???????? 003 //rss.rdf
33df4ed.70 9d372719 6a88e8 h ???????? 002 /robots.txt
33df4ee.61 284da785 6a88e8 h ???????? 004 /wiki/ZehnFragen
33df55a.11 42f942c8 043937 h ???????? 004 /wiki/OptOut
33df680.59 42f942ca 043937 h ???????? 005 /wiki/FrankKosak
33df697.56 b2082fe8 aa645a h ???????? 01c /
33df83d.05 42f942c6 043937 h ???????? 004 /wiki/BornIn
33dfb14.72 42f942ca 043937 h ???????? 003 /wiki/SunSet
33dfc2e.a7 42f942c8 622963 h ???????? 003 /wiki/FloTt
33dfdef.dd 42f942c6 043937 h ???????? 004 /wiki/GeoEye
