34c02ac.ef 42f94bca 043937 h ???????? 004 /wiki/ClarisseVanHelmond
34c03b2.b9 42f94bc8 043937 h ???????? 003 /wiki/JuWes
34c03b3.e9 42f94bc8 043937 h ???????? 003 /wiki/ThankYou
34c04da.64 42f94bc8 043937 h ???????? 003 /wiki/MarioAdorf
34c0767.80 42f94bc6 043937 h ???????? 004 /wiki/MichelleJackson
34c0768.79 42f94bc8 043937 h ???????? 003 /wiki/TranscendentMan
34c085d.94 42f94bc8 043937 h ???????? 005 /wiki/AdvancedMicroDevices
34c09db.63 42f94bca 043937 h ???????? 004 /wiki/AnFrage
34c0a23.b5 42f9516a 002725 h ???????? 002 /favicon.ico
34c0a9a.51 42f94bc8 043937 h ???????? 004 /wiki/EpiDemie
34c0b70.c4 42f94bc8 043937 h ???????? 003 /wiki/AnOe
34c0bbc.0b 42f94bc8 043937 h ???????? 003 /wiki/MindTurk
34c0d10.e7 42f94bca 043937 h ???????? 004 /wiki/AnSchlag
34c0d6f.41 42f94bca 043937 h ???????? 003 /wiki/MindMove
34c0dd8.ec 42f94bca 043937 h ???????? 003 /wiki/FabioLuisi
34c0e80.65 c06c48be a9f236 h ???????? 018 /
34c0ece.9a 9646ad2b 8600b4 h ???????? 017 /
34c1131.c9 8ba27ca7 1066b4 h ???????? 019 /
34c1336.fc 33ff4119 433e9c h ???????? 004 /wiki/FutureChat
34c1884.80 d9b68420 433e9c h ???????? 002 /edit/27076005
34c1a97.db c7109db5 45fe92 h ???????? 003 /robots.txt
34c1a98.19 c7109db5 45fe92 h ???????? 003 /wiki/SchickSaal
34c1b85.40 42f94bc8 043937 h ???????? 004 /wiki/CatWalk
34c2047.38 a484a12a 433e9c h ???????? 00c /wiki/LifeCellOne
34c20a2.85 42f94bca 622963 h ???????? 005 /wiki/GeHirn
34c2430.67 5bc80c41 3a5a31 h ???????? 002 //wp-login.php
34c24c2.28 42f95be8 70a047 h ???????? 003 //rss.rdf
34c2537.af bc285186 7dfab1 h ???????? 002 //rss.jsp
34c2537.e1 bc285186 7dfab1 h ???????? 002 //rss.jsp
34c2547.13 bc285186 7dfab1 h ???????? 003 //rss.jsp
34c2547.40 bc285186 7dfab1 h ???????? 002 //rss.jsp
34c2577.4e 42f94bd4 622963 s ???????? 004 /wiki/GrundGesetz
34c2797.ec 316ecd60 573285 h ???????? 002 /mysql/admin/
34c2798.6d 316ecd60 573285 h ???????? 003 /mysql/admin/
34c2799.2c 316ecd60 573285 h ???????? 003 /mysql/dbadmin/
34c2799.9d 316ecd60 573285 h ???????? 002 /mysql/dbadmin/
34c279a.5a 316ecd60 573285 h ???????? 002 /mysql/sqlmanager/
34c27bc.91 bc285186 7dfab1 h ???????? 002 //rss.jsp
34c27bc.bd bc285186 7dfab1 h ???????? 002 //rss.jsp
34c27c8.58 bc285186 7dfab1 h ???????? 002 //rss.jsp
34c27c8.83 bc285186 7dfab1 h ???????? 002 //rss.jsp
34c2897.e0 316ecd60 573285 h ???????? 002 /pma/
34c2898.4d 316ecd60 573285 h ???????? 00a /pma/
34c2899.10 316ecd60 573285 h ???????? 002 /db/
34c2899.85 316ecd60 573285 h ???????? 002 /db/
34c289a.49 316ecd60 573285 h ???????? 003 /admin/
34c289a.ba 316ecd60 573285 h ???????? 002 /admin/
34c289b.72 316ecd60 573285 h ???????? 009 /mysql/
34c289b.e1 316ecd60 573285 h ???????? 002 /mysql/
34c289c.b9 316ecd60 573285 h ???????? 002 /database/
34c289d.2c 316ecd60 573285 h ???????? 002 /database/
34c289d.e7 316ecd60 573285 h ???????? 002 /db/phpmyadmin/
34c2956.e4 5d9e983e e4b041 h ???????? 002 /robots.txt
34c295a.c3 5d9e983e e4b041 h ???????? 003 /wiki/PerSon
34c295e.be b29abd14 e4b041 h ???????? 004 /wiki/RayJs
34c2994.c2 316ecd60 573285 h ???????? 002 /mysql/db/
34c2995.39 316ecd60 573285 h ???????? 002 /mysql/db/
34c2995.f3 316ecd60 573285 h ???????? 002 /mysql/web/
34c2996.68 316ecd60 573285 h ???????? 00b /mysql/web/
34c29d4.30 316ecd60 573285 h ???????? 002 /db/dbadmin/
34c2a48.b9 42f94bd0 043937 s ???????? 025 /
34c2aee.09 bc286647 7dfab1 h ???????? 003 //rss.jsp
34c2aee.35 bc286647 7dfab1 h ???????? 002 //rss.jsp
34c2b6e.5a 5f6cb515 e4b041 h ???????? 003 /robots.txt
34c2b72.50 8d088e0e e4b041 h ???????? 004 /wiki/NamensAktie
34c2c2c.b7 42f94bd2 043937 s ???????? 002 /edit/33985001
34c2c2d.aa 33ff4782 433e9c h ???????? 002 /edit/27266003
34c2c35.60 5d9e983e e4b041 h ???????? 003 /wiki/WebSeitz
34c2c39.4c b29abd14 e4b041 h ???????? 004 /wiki/ErWacht
34c2c3d.1e 5f6cb304 e4b041 h ???????? 003 /wiki/SalzBurg
34c2cb0.92 42f94bd4 043937 s ???????? 003 /edit/41785001
34c2d1a.e2 42f94bd2 043937 s ???????? 003 /edit/41085002
34c2d47.b6 42f94bca 043937 h ???????? 004 /wiki/VerLies
34c2d57.cd 42f94bd0 043937 s ???????? 003 /edit/32345004
34c2d8d.60 5f6cb511 e4b041 h ???????? 005 /wiki/:RainerWasserfuhr
34c2da2.9d 8d088443 e4b041 h ???????? 004 /wiki/BigSchuppen
34c2da6.58 b29abd0f e4b041 h ???????? 005 /wiki/FoafExplorer
34c2daa.0a 8d08b80c e4b041 h ???????? 004 /wiki/FischHaus
34c2dad.c2 8d08b71b e4b041 h ???????? 004 /wiki/PostPrivacyWorkshopJosefstal
34c2db1.6b 8d08b81b e4b041 h ???????? 004 /wiki/PlomKino
34c2db5.0e 25097132 e4b041 h ???????? 004 /wiki/GoogleWaveInZahlen
34c2db8.9d 8d088443 e4b041 h ???????? 004 /wiki/MoritzBender
34c2dbc.23 5d9e983e e4b041 h ???????? 00a /wiki/WeisserHirsch
34c2dbf.b0 5f6cd51a e4b041 h ???????? 009 /wiki/HasTalked
34c2dc3.24 5d9e9825 e4b041 h ???????? 004 /wiki/NelsonZombou
34c2ddc.fe 8d08b80c e4b041 h ???????? 005 /wiki/WolfgangTitze
34c2de2.db 5d9e983e e4b041 h ???????? 004 /wiki/ThingSurfing
34c2de6.36 5d9e983e e4b041 h ???????? 004 /wiki/LysannBirkigtKoenig
34c2dee.5a 5d9e983e e4b041 h ???????? 004 /wiki/EsWikiPedia
34c2df3.93 5f6cb518 e4b041 h ???????? 004 /wiki/AlanChalmers
34c2dff.26 25097132 e4b041 h ???????? 007 /wiki/BhCgHmjfuA
34c2e01.56 5f6cd51a e4b041 h ???????? 005 /wiki/EulerNumber
34c2e02.6d 5d9e983e e4b041 h ???????? 005 /wiki/CardHolder
34c2e05.b1 5d9e983e e4b041 h ???????? 006 /wiki/UlSz
34c2e08.df 5d9e983e e4b041 h ???????? 005 /wiki/ConnectingBeautifulMinds
34c2e0c.24 5f6cd509 e4b041 h ???????? 004 /wiki/ServiceProvider
34c2e18.78 5d9e983e e4b041 h ???????? 002 /wiki/AllVersity
34c2e1b.13 5d9e983e e4b041 h ???????? 002 /wiki/DanaMeadows
34c2e1e.3a 5d9e983e e4b041 h ???????? 002 /wiki/BuildingStories
34c2e21.78 5d9e983e e4b041 h ???????? 002 /wiki/WorldDomination
34c2e57.02 8d088e3b e4b041 h ???????? 002 /wiki/FortunePerMind
34c2e5b.28 5d9e9837 e4b041 h ???????? 002 /wiki/PropName
34c2e5e.2b 8d088e0e e4b041 h ???????? 002 /wiki/JuttaSpeidel
34c2e61.31 5d9e983e e4b041 h ???????? 002 /wiki/ChefSimulation
34c2e64.26 5d9e983e e4b041 h ???????? 002 /wiki/NettoNoShishouBernd
34c2e6c.07 5d9e983e e4b041 h ???????? 002 /wiki/FilmtheaterAmFriedrichshain
34c2e6e.f7 5d9e983e e4b041 h ???????? 002 /wiki/MitWorld
34c2e76.db 5d9e983e e4b041 h ???????? 002 /wiki/AleksScholz
34c2e7f.81 5d9e983e e4b041 h ???????? 002 /wiki/LockSketch
34c2e86.10 5d9e983e e4b041 h ???????? 002 /wiki/ArtikelAugmentedReality
34c2e8a.5a 5d9e983e e4b041 h ???????? 002 /wiki/DmytriKleiner
34c2e8d.38 5d9e983e e4b041 h ???????? 002 /wiki/InnovationGraph
34c2e90.0c 5d9e983e e4b041 h ???????? 002 /wiki/BarryDiller
34c2e92.d0 5d9e983e e4b041 h ???????? 002 /wiki/MadridBarajas
34c2e95.97 5d9e983e e4b041 h ???????? 002 /wiki/CrowdWisdom
34c2e98.58 5d9e983e e4b041 h ???????? 002 /wiki/ZenGarden
34c2e9b.30 5f6cb503 e4b041 h ???????? 002 /wiki/ErfolgsGeschichte
34c2ea0.98 5f6cd522 e4b041 h ???????? 003 /wiki/%3Ca%20class=%22blue%22%20href=%22
34c2eae.b1 5d9e983e e4b041 h ???????? 002 /wiki/NaNoWriMoBeitrag
34c2eb1.46 5d9e983e e4b041 h ???????? 002 /wiki/PhilAdelphia
34c2ebc.be 5d9e983e e4b041 h ???????? 002 /wiki/PanTheist
34c2ebf.53 5d9e983e e4b041 h ???????? 002 /wiki/GreenLounge
34c2ec1.ed 5d9e983e e4b041 h ???????? 002 /wiki/LibraryOfCongress
34c2ec7.7a 5d9e983e e4b041 h ???????? 003 /wiki/ImMortal
34c2ecb.e9 5d9e983e e4b041 h ???????? 002 /wiki/StromSchnellenSalon
34c2efa.83 5d9e983e e4b041 h ???????? 002 /wiki/VirtuelleOekonomie
34c2efc.fe 5d9e983e e4b041 h ???????? 003 /wiki/WeWa
34c2eff.97 5d9e983e e4b041 h ???????? 002 /wiki/AzLn
34c2fab.37 5d9e983e e4b041 h ???????? 003 /wiki/PeterClaussen
34c2fdc.ac 5d9e983e e4b041 h ???????? 003 /wiki/RainerWasserfuhrHasKissed
34c2fea.32 5d9e983e e4b041 h ???????? 002 /wiki/EntScheid
34c314d.c4 5d9e983e e4b041 h ???????? 004 /wiki/MaAm
34c31db.31 a484a115 433e9c h ???????? 002 /edit/26556002
34c3334.32 42f94bc6 043937 h ???????? 003 /wiki/FireExit
34c3374.c6 42f94bc6 043937 h ???????? 002 /wiki/ZuKuenfte
34c33a3.a8 42f94bca 043937 h ???????? 003 /wiki/HyperText
34c33e4.ca 42f94bc8 043937 h ???????? 003 /wiki/SteckDose
34c36f2.e8 5d9e983e e4b041 h ???????? 005 /wiki/NegativeEinkommensSteuer
34c3770.e6 5d9e983e e4b041 h ???????? 002 /wiki/SingularBachelor
34c3793.16 5d9e983e e4b041 h ???????? 002 /wiki/CommunityWikiPageLayout
34c3860.80 5d9e983e e4b041 h ???????? 003 /wiki/LaborAtOrium
34c3897.00 5d9e983e e4b041 h ???????? 004 /wiki/FrankSinatra
34c38ab.32 5d9e983e e4b041 h ???????? 003 /wiki/FormerlyKnownAs
34c3ec1.5f d9b68432 433e9c h ???????? 008 /edit/25436002
34c3ec8.d0 adc25ea2 55c2cd h ???????? 002 //rss.rdf
34c3ede.1e 42f94bc8 622963 h ???????? 004 /wiki/WebLog
34c3f2c.c0 42f94bc8 043937 h ???????? 003 /wiki/CitiZen
34c3f4f.e0 5d9e983e e4b041 h ???????? 003 /wiki/NewsLetterDe
34c3f51.bf 42f94bc6 622963 h ???????? 003 /wiki/SlqZWA
34c3f56.08 bc61e575 e4ad1a h ???????? 02b /
34c40e7.19 42f94bd2 622963 s ???????? 003 /wiki/BoersenGang
34c4125.bc 33ff414b 433e9c h ???????? 002 /edit/22446004
34c42e3.ee c8fc07d3 44743f h ???????? 002 /scripts.js
34c42e4.88 c8fc07d3 44743f h ???????? 002 /cgi-bin/firmware.cgi
34c44e7.1f 42f94bd4 043937 s ???????? 002 /edit/43885004
34c4565.c3 5d9e983e e4b041 h ???????? 003 /wiki/ImmerWieder
34c4578.b7 c73a56ce 028fc4 h ???????? 002 //robots.txt
34c457d.62 c73a56ce 028fc4 h ???????? 016 /
34c4586.4c cf2e0d6b 6a88e8 h ???????? 004 /wiki/MrBien
34c4597.9d 42f94bd2 043937 s ???????? 002 /edit/45155002
34c47e9.8c 5d9e983e e4b041 h ???????? 004 /wiki/JoernHendrikAst
34c47f1.87 8d08b810 e4b041 h ???????? 003 /wiki/MindBrokerDe
34c4807.01 5d9e983e e4b041 h ???????? 003 /wiki/BoundingBox
34c4a06.a9 42f94bc8 043937 h ???????? 003 /wiki/MaBe
34c4a12.92 42f94bc6 043937 h ???????? 004 /wiki/SuperComp
34c4a25.fe 42f94bc6 043937 h ???????? 003 /wiki/OrderBook
34c4a4f.52 42f94bca 043937 h ???????? 003 /wiki/NovaMente
34c4ac0.a8 a2d2c464 028fc4 h ???????? 002 /robots.txt
34c4ac2.a6 a2d2c464 028fc4 h ???????? 017 /
34c4b26.08 b44c0f10 a04d28 h ???????? 009 /wiki/FutureLab2056
34c4be7.4c 5d9e983e e4b041 h ???????? 003 /wiki/AugMent
34c4c3b.6c 5d9e983e e4b041 h ???????? 004 /wiki/IchLese
34c4cea.03 5d9e983e e4b041 h ???????? 004 /wiki/SpatialModel
34c4cf5.a6 5d9e983e e4b041 h ???????? 003 /wiki/LawrencePage
34c4d18.a3 5d9e983e e4b041 h ???????? 004 /wiki/ShitErleSays
34c4d48.c4 42f95be6 70a047 h ???????? 002 //rss.rdf
34c4d4e.05 5d9e983e e4b041 h ???????? 003 /wiki/MoritzMetz
34c4d6d.24 5d9e983e e4b041 h ???????? 003 /wiki/WolfgangRothe
34c4d9a.e5 5d9e983e e4b041 h ???????? 004 /wiki/CinePlom
34c4dd8.79 5d9e983e e4b041 h ???????? 003 /wiki/NachDerPrivatheit
34c4e23.11 5d9e983e e4b041 h ???????? 003 /wiki/FutureNumber
34c4f6c.df 42f94bd4 043937 s ???????? 003 /edit/64045035
34c507f.07 42f94bc6 622963 h ???????? 004 /wiki/IvvvwE
34c50eb.6d 42f94bc8 043937 h ???????? 003 /wiki/SanDiego
34c518e.a3 b9233f35 b1d6b9 s ???????? 022 /
34c52c0.f7 5d9e983e e4b041 h ???????? 004 /wiki/MindChat
34c52c9.81 5d9e983e e4b041 h ???????? 003 /wiki/MarkZuckerberg
34c540a.1c 42f94bd4 043937 s ???????? 002 /edit/33975003
34c5474.41 42f94bd4 043937 s ???????? 002 /edit/30715003
34c547b.b0 5d9e983e e4b041 h ???????? 003 /wiki/PageNumber
34c547e.0e 5d9e983e e4b041 h ???????? 004 /wiki/SonyMgm
34c54a9.31 42f94bd4 043937 s ???????? 001 /edit/45225003
34c550f.42 53957e62 028fc4 h ???????? 002 //robots.txt
34c5512.65 53957e62 028fc4 h ???????? 003 //wiki/LockSchuppen
34c56d0.ce 5d9e983e e4b041 h ???????? 004 /wiki/OmniSophie
34c5a7a.18 6da3ea09 2b5077 h ???????? 01f /
34c5a7b.21 6da3ea09 2b5077 h ???????? 025 /
34c5a7c.3b 6da3ea09 2b5077 h ???????? 002 //wp-login.php
34c5a7d.49 6da3ea09 2b5077 h ???????? 022 /
34c5a7e.58 6da3ea09 2b5077 h ???????? 002 //index.php
34c5a7f.66 6da3ea09 2b5077 h ???????? 021 /
34c5a80.72 6da3ea09 2b5077 h ???????? 002 //user/register
34c5dda.1f 42f94bc6 043937 h ???????? 003 /wiki/InterWiki
34c5df4.cc 42f94bca 043937 h ???????? 003 /wiki/UnserGrid
34c5eda.f4 42f94bca 043937 h ???????? 004 /wiki/DaMo
34c5ef1.13 42f94bc6 043937 h ???????? 004 /wiki/MindParty
34c6132.13 d9b68434 433e9c h ???????? 005 /wiki/ProJect
34c61f7.2e 5435c0f3 2b5077 h ???????? 021 /
34c61f8.23 5435c0f3 2b5077 h ???????? 01b /
34c61f9.1d 5435c0f3 2b5077 h ???????? 009 /wp-login.php
34c61f9.4a 284da706 6a88e8 h ???????? 01e /
34c61fa.11 5435c0f3 2b5077 h ???????? 019 /
34c61fb.11 5435c0f3 2b5077 h ???????? 07b /index.php
34c61fc.41 5435c0f3 2b5077 h ???????? 018 /
34c61fd.84 5435c0f3 2b5077 h ???????? 002 /user/register
34c6291.a4 42f94bc8 043937 h ???????? 004 /wiki/FaceBase
34c64c5.eb 897447aa 74fb1d s ???????? 002 /robots.txt
34c656b.82 c0f33533 2e29b5 h ???????? 002 /robots.txt
34c65b4.a4 c0f33533 ead292 h ???????? 004 /wiki/SingularityUniversity
34c7252.42 42f942ca 622963 h ???????? 005 /wiki/IchAgIpo
34c7454.bc 42f94bc6 043937 h ???????? 007 /wiki/EyeColor
34c7530.22 42f95be8 70a047 h ???????? 003 //rss.rdf
34c75a1.0b d96ef2ce f262fc h ???????? 021 /1
34c75a1.4a d96ef2ce b4cf21 h ???????? 002 /favicon.ico
34c75a5.6a d96ef2ce f262fc h ???????? 002 /feel/4
34c75a5.6d d96ef2ce f262fc h ???????? 002 /alive/4
34c75a9.73 d96ef2ce f262fc h ???????? 003 /alive/8
34c75a9.76 d96ef2ce f262fc h ???????? 003 /feel/8
34c75b1.68 d96ef2ce f262fc h ???????? 045 /feel/10
34c75b1.68 d96ef2ce f262fc h ???????? 047 /alive/10
34c79f2.f0 33ff4130 433e9c h ???????? 002 /edit/27956001
34c7a48.d5 284da706 6a88e8 h ???????? 477 /memo
34c7c9c.5b 42f94bd2 043937 s ???????? 002 /edit/38235003
34c7cb3.d8 8ba26c35 976046 h ???????? 02c /
34c7cc4.d0 42f94bd2 043937 s ???????? 002 /edit/32955003
34c7ce4.90 42f94bd4 043937 s ???????? 011 /edit/48005004
34c7d1a.ba 42f94bd2 043937 s ???????? 003 /edit/45255001
34c7d28.67 42f94bd0 043937 s ???????? 003 /edit/31945003
34c7d93.67 894acf74 433e9c h ???????? 002 /edit/30446002
34c8617.e8 42f94bca 043937 h ???????? 004 /wiki/StreamTv
34c867b.1f 5896e4da e28161 h ???????? 002 //rss.rdf
34c868c.bc 42f94bca 043937 h ???????? 004 /wiki/WillowBot
34c869d.a0 33ff4772 433e9c h ???????? 003 /edit/25266001
34c86a6.96 42f94bc8 043937 h ???????? 004 /wiki/WtfPl
34c86c6.17 42f94bc6 043937 h ???????? 003 /wiki/CitiGroup
34c86cb.5b 42f94bc6 043937 h ???????? 004 /wiki/BauPortal
34c86f8.19 42f94bc8 043937 h ???????? 004 /wiki/TimeSheet
34c8724.35 42f94bc8 043937 h ???????? 004 /wiki/JanKaboth
34c8d33.91 42f94bc6 043937 h ???????? 005 /wiki/SebnitzerStrasse11
34c8d34.87 42f94bc8 043937 h ???????? 004 /wiki/EllenStephanTusche
34c8d34.d9 42f94bc8 043937 h ???????? 004 /wiki/PorteMonnai
34c8d49.a3 42f94bc6 043937 h ???????? 004 /wiki/HerrDr
34c8d4d.54 8ba271cc 976046 s ???????? 022 /
34c8d50.74 42f94bc6 043937 h ???????? 004 /wiki/ClaKu
34c8d52.4c 42f94bc6 043937 h ???????? 004 /wiki/WimDu
34c8d53.8b 42f94bc8 043937 h ???????? 006 /wiki/YcEt
34c8d54.a0 42f94bc6 043937 h ???????? 004 /wiki/EbOm
34c8d55.84 42f94bc6 043937 h ???????? 004 /wiki/RecID
34c8d56.68 42f94bc6 043937 h ???????? 005 /wiki/JayEff
34c8d57.3d 42f94bc6 043937 h ???????? 005 /wiki/GeWalt
34c8d58.12 42f94bc6 043937 h ???????? 005 /wiki/ByLaws
34c8d58.e6 42f94bc6 043937 h ???????? 004 /wiki/ReFlex
34c8d59.bc 42f94bc6 043937 h ???????? 004 /wiki/UnRead
34c8d5a.98 42f94bc6 043937 h ???????? 005 /wiki/DvbTram
34c8d5b.ec 42f94bc6 043937 h ???????? 003 /tv
34c8d5d.24 42f94bc6 043937 h ???????? 005 /wiki/AnStalt
34c8d5e.8d 42f94bc6 043937 h ???????? 006 /wiki/UmSonst
34c8d5f.f2 42f94bc6 043937 h ???????? 004 /wiki/RobOter
34c8d61.52 42f94bc6 043937 h ???????? 004 /wiki/ProKura
34c8d62.bb 42f94bc6 043937 h ???????? 004 /wiki/LeakBox
34c8d64.20 42f94bc6 043937 h ???????? 005 /wiki/GinaHot
34c8d65.81 42f94bc6 043937 h ???????? 004 /wiki/AutomMat
34c8d66.ea 42f94bc6 043937 h ???????? 007 /wiki/TramRide
34c8d68.4f 42f94bc6 043937 h ???????? 005 /wiki/LutzSven
34c8d69.c2 42f94bc6 043937 h ???????? 004 /wiki/IsSilent
34c8d6b.16 42f94bc6 043937 h ???????? 004 /wiki/NsaYotta
34c8d6c.7a 42f94bc6 043937 h ???????? 005 /wiki/WikiName
34c8d6f.b3 42f94bc6 043937 h ???????? 003 /wiki/EuroCent
34c8d6f.e9 42f94bc6 043937 h ???????? 001 /wiki/TineRoyal
34c8d70.8c 42f94bc6 043937 h ???????? 002 /wiki/KorrekTur
34c8d71.f1 42f94bc6 043937 h ???????? 002 /wiki/PrakTisch
34c8d73.5e 42f94bc6 043937 h ???????? 002 /wiki/LokDoktor
34c8d74.bb 42f94bc6 043937 h ???????? 001 /wiki/AlanWatts
34c8d76.20 42f94bc6 043937 h ???????? 002 /wiki/BleiStift
34c8d77.88 42f94bc6 043937 h ???????? 002 /wiki/HausRecht
34c8d78.e9 42f94bc6 043937 h ???????? 002 /wiki/MacDigibib
34c8d7a.4c 42f94bc6 043937 h ???????? 002 /wiki/SingularTv
34c8d7b.b0 42f94bc6 043937 h ???????? 002 /wiki/TrencHCoat
34c8d7d.24 42f94bc6 043937 h ???????? 002 /wiki/BundesLand
34c8d7e.7a 42f94bc6 043937 h ???????? 002 /wiki/LispReader
34c8d7f.e1 42f94bc6 043937 h ???????? 002 /wiki/PushToTalk
34c8d81.44 42f94bc6 043937 h ???????? 002 /wiki/TrenchCoat
34c8d82.a8 42f94bc6 043937 h ???????? 002 /wiki/StimmRecht
34c8d84.0d 42f94bc6 043937 h ???????? 002 /wiki/InputStream
34c8d85.70 42f94bc6 043937 h ???????? 002 /wiki/WikiWallBot
34c8d86.db 42f94bc6 043937 h ???????? 003 /wiki/BriefPapier
34c8d88.3b 42f94bc6 043937 h ???????? 002 /wiki/UtePueschel
34c8d89.9e 42f94bc6 043937 h ???????? 002 /wiki/AndreasTest
34c8d8b.06 42f94bc6 043937 h ???????? 002 /wiki/SemanticWeb
34c8d8c.6a 42f94bc6 043937 h ???????? 002 /wiki/MainBattery
34c8d8d.d1 42f94bc6 043937 h ???????? 002 /wiki/UnParteiWiki
34c8d8f.32 42f94bc6 043937 h ???????? 002 /wiki/WipperFuerht
34c8d90.9a 42f94bc6 043937 h ???????? 002 /wiki/ScharfesAuge
34c8d92.01 42f94bc6 043937 h ???????? 004 /wiki/SingularChat
34c8d93.3e c2bbaa68 ac35e0 h ???????? 002 /robots.txt
34c8d93.64 42f94bc6 043937 h ???????? 004 /wiki/PorteMonnaie
34c8d94.c5 42f94bc6 043937 h ???????? 004 /wiki/StringWriter
34c8d96.2c 42f94bc6 043937 h ???????? 003 /wiki/FrankFenster
34c8d97.90 42f94bc6 043937 h ???????? 002 /wiki/BlenderEarth
34c8d98.f5 42f94bc6 043937 h ???????? 002 /wiki/GedankeDanach
34c8d9a.5c 42f94bc6 043937 h ???????? 004 /wiki/HasHashKissed
34c8d9b.c3 42f94bc6 043937 h ???????? 002 /wiki/AngelaIncampo
34c8d9d.21 42f94bc6 043937 h ???????? 002 /wiki/PlastikTasche
34c8d9e.89 42f94bc6 043937 h ???????? 003 /wiki/LockFranchise
34c8d9f.f6 42f94bc6 043937 h ???????? 002 /wiki/BundesKanzler
34c8da1.50 42f94bc6 043937 h ???????? 002 /wiki/RuedigerGrube
34c8da2.ba 42f94bc6 043937 h ???????? 002 /wiki/AndreasBaumann
34c8da4.1b 42f94bc6 043937 h ???????? 002 /wiki/SocialContract
34c8da5.8a 42f94bc6 043937 h ???????? 003 /wiki/StrassenSchild
34c8da6.e7 42f94bc6 043937 h ???????? 002 /wiki/TitaniaCarthaga
34c8da8.4b 42f94bc6 043937 h ???????? 002 /wiki/StadtRatLeipzig
34c8da9.c2 42f94bc6 043937 h ???????? 003 /wiki/InterTrommelNet
34c8dab.1b 42f94bc6 043937 h ???????? 002 /wiki/RomyCzimmernings
34c8dac.83 42f94bc6 043937 h ???????? 002 /wiki/ProfessorSchmidt
34c8dad.ec 42f94bc6 043937 h ???????? 003 /wiki/FrankLloydWright
34c8daf.5a 42f94bc6 043937 h ???????? 005 /wiki/WeimarischStrasse
34c8db0.c1 42f94bc6 043937 h ???????? 003 /wiki/GeburtsdatumDatum
34c8db2.2e 42f94bc6 043937 h ???????? 003 /wiki/CamelCaseKorrektur
34c8db3.a7 42f94bc6 043937 h ???????? 003 /wiki/BeatrixWittigNeumann
34c8db5.4d 42f94bc6 043937 h ???????? 003 /wiki/RheinlaenderVerbruedernSichInDerFremde
34c8de7.d2 3ed2cba1 a397c6 h ???????? 002 //license.php
34c8eb7.53 42f94bc8 043937 h ???????? 003 /wiki/LaZe
34c8f9c.9c 4e2e2319 7dfab1 h ???????? 002 //rss.jsp
34c8f9c.c1 4e2e2319 7dfab1 h ???????? 003 //rss.jsp
34c92f7.f1 c2bbaa68 ac35e0 h ???????? 002 //robots.txt
34c9433.7d a484a151 433e9c h ???????? 002 /edit/25346003
34c9497.27 42f94bc8 622963 h ???????? 003 /wiki/SauMagen
34c971f.94 d9b68433 433e9c h ???????? 002 /edit/20246001
34c97da.b2 42f94bc8 043937 h ???????? 004 /wiki/NormaloPC
34c98f6.a6 a484a13d 433e9c h ???????? 002 /edit/27376001
34c99a3.a6 42f94bd2 043937 s ???????? 002 /edit/35075001
34c99b4.e9 42f94bd2 043937 s ???????? 002 /edit/35925001
34c99e7.cb 42f94bd2 043937 s ???????? 003 /edit/30745001
34c9b75.75 a484a150 433e9c h ???????? 004 /wiki/GustavMahler
34c9e72.b4 42f94bc8 043937 h ???????? 004 /wiki/LowerCase
34c9e89.1c 42f95be8 70a047 h ???????? 002 //rss.rdf
34c9e8b.27 42f94bc6 043937 h ???????? 004 /wiki/CassAndra
34c9ea4.56 42f94bc6 043937 h ???????? 003 /wiki/PhiLe
34c9ec4.20 42f94bc6 043937 h ???????? 003 /wiki/MindKodex
34c9ee3.11 42f94bca 043937 h ???????? 004 /wiki/KarlDiehl
34ca140.0c 42f94bc6 043937 h ???????? 004 /wiki/TwitteRip
34ca685.30 a484a155 433e9c h ???????? 003 /edit/25596001
34ca7c0.79 42f94bd0 043937 s ???????? 002 /edit/39565001
34ca7d9.78 42f94bd2 043937 s ???????? 002 /edit/40005002
34ca7fc.76 42f94bd2 043937 s ???????? 002 /edit/59815006
34ca81b.94 42f94bd4 043937 s ???????? 002 /edit/58665006
34ca82b.a9 4d420161 d8841e h ???????? 003 /robots.txt
34ca82c.56 4d420161 d8841e h ???????? 018 /
34ca99d.c1 42f94bc6 043937 h ???????? 004 /wiki/BasketBall
34ca9f9.6a 9d37275f 6a88e8 s ???????? 022 /
34caa02.54 cf2e0d36 6a88e8 h ???????? 003 /wiki/RainerWasserfuhrCv
34cae5e.fc 42f94bc8 043937 h ???????? 005 /wiki/UnTil2008
34cae81.45 42f94bc6 043937 h ???????? 004 /wiki/FischHaus
34caebc.88 42f94bc8 043937 h ???????? 003 /wiki/SelfModel
34caf0a.ff 42f94bca 043937 h ???????? 005 /wiki/DlZ
34caf49.b0 42f94bca 043937 h ???????? 003 /wiki/CwbFx
34caf54.ab 42f94bc6 043937 h ???????? 004 /wiki/AbStra
34cb5b5.4d 33ff414b 433e9c h ???????? 004 /wiki/UweTellkamp
34cba91.1e 65c9c5f7 eba5b2 h ???????? 019 /
34cbb33.a1 42f94bc6 622963 h ???????? 004 /wiki/MetaWeb
34cbb6b.41 42f94bca 043937 h ???????? 004 /wiki/AugenBlick
34cbc13.14 5bc80c5c 3a5a31 h ???????? 003 /wp-login.php
34cbc13.50 5bc80c5c 3a5a31 h ???????? 004 //wp-login.php
34cbc45.d4 44b4e73e aec21f h ???????? 002 /robots.txt
34cbc46.78 44b4e73e aec21f h ???????? 004 /wiki/ArTelligence
34cbe31.ec 42f94bd0 622963 s ???????? 004 /wiki/FluchtPunkt
34cc02e.20 b44c0f1e a04d28 h ???????? 004 /wiki/KoBlenz
34cc045.21 9d3727be 6a88e8 h ???????? 019 /
34cc076.2d 42f94bd4 043937 s ???????? 002 /edit/59305013
34cc087.10 42f94bd0 043937 s ???????? 002 /edit/39665006
34cc095.dd 42f94bd0 043937 s ???????? 002 /edit/56645005
34cc0a8.93 42f94bd4 043937 s ???????? 003 /edit/65045012
34cc0ca.7d 42f94bd0 043937 s ???????? 002 /edit/61585006
34cc649.87 42f94bc8 043937 h ???????? 004 /wiki/PlaTin
34cc653.63 42f94bc8 043937 h ???????? 003 /wiki/SaxSys
34cc664.2e 42f94bc6 043937 h ???????? 003 /wiki/SkyNet
34cc689.a8 42f94bca 043937 h ???????? 003 /wiki/KaWiki
34cc68f.20 42f94bc6 043937 h ???????? 003 /wiki/OpenCyc
34cc748.cd d9b6849a 433e9c h ???????? 002 /edit/28936002
34cc770.39 42f95be8 70a047 h ???????? 002 //rss.rdf
34cc7fe.2a b44c0f1a a04d28 h ???????? 004 /wiki/EwMa
34cca4c.37 42f94bca 043937 h ???????? 005 /wiki/RudiGerhardt
34ccbdf.28 42f94bc8 043937 h ???????? 004 /wiki/ChristopherZenker
34ccc95.3f 9d372790 6a88e8 h ???????? 003 /robots.txt
34ccd24.13 42f94bca 043937 h ???????? 003 /wiki/OepnvBC
34cce1f.f7 42f94bd4 622963 s ???????? 005 /wiki/SchreibTisch
34cce43.13 33ff4151 433e9c h ???????? 002 /edit/21466001
34ccf78.b4 d9b68497 433e9c h ???????? 002 /edit/30136005
34cd07f.a8 42f94bd2 043937 s ???????? 002 /edit/53875007
34cd0ce.47 42f94bd4 043937 s ???????? 003 /edit/48295006
34cd0ec.be 42f94bd0 043937 s ???????? 002 /edit/38175001
34cd10e.4f 42f94bd2 043937 s ???????? 002 /edit/25595004
34cd31d.d1 42f94bc8 043937 h ???????? 004 /wiki/TooSlow
34cd4d8.ac 42f94bc8 043937 h ???????? 004 /wiki/WebGl
34cd4e0.d8 42f94bc8 043937 h ???????? 003 /wiki/ExaHash
34cd504.f9 42f94bca 043937 h ???????? 004 /wiki/JoAna
34cd508.82 42f94bca 043937 h ???????? 003 /wiki/IhTiu
34cd516.6a 42f94bc8 043937 h ???????? 004 /wiki/OddMuse
34cd541.25 42f94bc8 043937 h ???????? 003 /wiki/MarLo
34cd571.35 42f94bc6 043937 h ???????? 005 /wiki/SubCurrency
34cd63e.28 3cbf264d 24f5f0 h ???????? 01d /
34cd6ed.87 33ff4773 433e9c h ???????? 002 /edit/27116001
34cd72e.13 42f94bc6 043937 h ???????? 004 /wiki/RbSoHq
34cd813.0f 42f94bc6 043937 h ???????? 004 /wiki/EniacEu
34cd821.e3 894acf66 433e9c h ???????? 005 /wiki/SingularAcademy
34cd86d.77 42f94bca 043937 h ???????? 00c /go
34cd870.4e 25edc271 ebd96b h ???????? 01a /
34cd8fe.31 42f94bc8 043937 h ???????? 004 /wiki/EwigKeit
34cd95a.de 42f94bc8 622963 h ???????? 00a /go
34cdb64.58 42f94bd2 622963 s ???????? 004 /wiki/OnceAndOnlyOnce
34cdb69.83 42f94bc8 043937 h ???????? 004 /wiki/FalkenStein
34cdb80.f0 9d3727eb 6a88e8 h ???????? 004 /wiki/BrainCopy
34cdc81.22 4d4b4ca3 6a9392 h ???????? 002 /robots.txt
34cdc81.c8 4d4b4ca3 6a9392 h ???????? 004 /wiki/WikiNode
34cddac.ba 42f94bc8 043937 h ???????? 004 /wiki/LifeDay16157
34cde26.10 42f94bd2 043937 s ???????? 002 /edit/40025002
34cde40.fc 42f94bd2 043937 s ???????? 003 /edit/62075022
34cde55.5a 9d372790 6a88e8 h ???????? 002 //robots.txt
34cde83.86 42f94bd2 043937 s ???????? 002 /edit/43455001
34cdeb0.16 42f945df 043937 h ???????? 003 /robots.txt
34cdee6.cf 42f94bc8 043937 h ???????? 005 /wiki/ChildOf
34cdf08.4b 42f94bc8 043937 h ???????? 002 /robots.txt
34cdf08.62 42f94bc6 043937 h ???????? 005 /wiki/PirnaischPlatz
34cdfa7.ba 42f945db 043937 h ???????? 01d /
34ce0bb.36 68809083 79af88 h ???????? 01d /
34ce0bd.c4 68809083 79af88 h ???????? 003 /redirect.php
34ce267.ed 42f94bc6 043937 h ???????? 004 /wiki/DoOcracy
34ce285.1a 42f94bc6 043937 h ???????? 004 /wiki/PathInfo
34ce2b6.22 42f94bca 043937 h ???????? 004 /wiki/OffenBar
34ce2cd.65 42f94bc8 043937 h ???????? 004 /wiki/IchSuche
34ce2e3.80 42f94bca 043937 h ???????? 004 /wiki/ComPlain
34ce2f2.ab 42f94bc6 043937 h ???????? 004 /wiki/CarlChristianPohland
34ce307.75 42f94bc6 043937 h ???????? 005 /wiki/NeustadtArtFestival
34ce3d7.2b 42f94bca 043937 h ???????? 006 /wiki/BfNeustadtSwingerGate
34ce3e6.40 b44c0f05 a04d28 h ???????? 005 /wiki/XingMas13
34ce4dc.6b a484a160 433e9c h ???????? 004 /edit/30136008
34ce5e1.c2 42f94bc8 043937 h ???????? 004 /wiki/EwDijkstra
34ce5e5.bc 42f94bc8 043937 h ???????? 004 /wiki/BoyCott
34ce70b.29 42f94bc8 043937 h ???????? 004 /wiki/FredBrooks
34ce729.b6 42f94bca 043937 h ???????? 003 //robots.txt
34ce768.89 42f94bc8 043937 h ???????? 004 //wiki/PresencingStatus
34cea7e.be 33ff414e 433e9c h ???????? 066 /edit/18806003
34cea90.a3 42f94bc6 043937 h ???????? 004 /wiki/PresencingStatus
34ceae4.01 42f94bd2 622963 s ???????? 00a /wiki/DeborahMorgenstern
34ceb0a.b4 3e8a0019 6de661 h ???????? 001 /robots.txt
34ceb0b.69 3e8a0019 6de661 h ???????? 011 /
34ceb7c.54 9d37275f 6a88e8 s ???????? 010 /
34cecc5.80 42f94bd4 043937 s ???????? 001 /edit/63265008
34cece5.d6 42f94bc6 043937 h ???????? 002 /wiki/JohnBackus
34cecea.83 42f94bc6 043937 h ???????? 002 /wiki/LetsCallIt
34ceced.83 5b794fb4 e3b0c4 h ???????? 001 /robots.txt
34cecef.a3 5b794fb4 2d2838 h ???????? 017 /
34cecf6.dc 42f94bd2 043937 s ???????? 001 /edit/32905002
34ced62.85 42f94bc8 043937 h ???????? 001 /robots.txt
34cee15.87 42f94bc6 043937 h ???????? 002 /wiki/AlanPerlis
34cee6e.61 42f94bc6 043937 h ???????? 019 /
34cef53.36 d9b6844d 433e9c h ???????? 002 /edit/24716001
34cf0a9.ac 42f94bc6 043937 h ???????? 002 /wiki/MindZip
34cf161.42 42f95be8 70a047 h ???????? 001 //rss.rdf
34cf167.89 0509300d 401d33 h ???????? 001 /robots.txt
34cf194.4b 42f94bc8 043937 h ???????? 002 /wiki/TineTest
34cf196.d3 42f94bc6 043937 h ???????? 003 /wiki/RobertKahn
34cf1a2.f6 42f94bca 043937 h ???????? 002 /wiki/ToGether
34cf1c4.48 42f94bc8 043937 h ???????? 002 /wiki/HRxL2L2A
34cf1c8.50 42f94bc6 043937 h ???????? 002 /wiki/WikiFolks
34cf1d6.f8 42f94bc6 043937 h ???????? 002 /wiki/BwInf
34cf1f5.c9 42f94bc8 043937 h ???????? 003 /wiki/CodeIsLaw
34cf273.95 42f94bd0 043937 s ???????? 003 /wiki/SupportNr0183
34cf289.41 42f94bd2 043937 s ???????? 002 /wiki/SupportNr0121
34cf289.78 42f94bd0 043937 s ???????? 002 /wiki/SupportNr0114
34cf29a.f0 42f94bd0 043937 s ???????? 003 /wiki/InvNr
34cf2bc.a9 42f94bd0 043937 s ???????? 002 /wiki/FrStr
34cf2d8.89 42f94bd4 043937 s ???????? 002 /wiki/GriBi
34cf2f9.1c 42f94bd0 043937 s ???????? 003 /wiki/BeTax2273
34cf317.60 42f94bc8 043937 h ???????? 002 /wiki/SylviaMerx
34cf336.87 42f94bd2 043937 s ???????? 002 /wiki/SupportNr001
34cf355.58 42f94bd4 043937 s ???????? 003 /wiki/SupportNr0219
34cf375.ec 42f94bd2 043937 s ???????? 008 /wiki/SupportNr1082
34cf39a.bf 42f94bd2 043937 s ???????? 002 /wiki/SupportNr0170
34cf798.bd 4d4b4ca7 6a9392 h ???????? 001 /robots.txt
34cf799.50 4d4b4ca7 6a9392 h ???????? 001 /edit
34cf808.d5 42f94bc8 622963 h ???????? 003 /wiki/ElbePegel
34cf89e.4d 2e6962a6 e3b0c4 h ???????? 002 /robots.txt
34cf8a0.71 2e6962a6 aa5504 h ???????? 016 /
34cf911.40 5b794fb4 e3b0c4 h ???????? 001 /robots.txt
34cf913.66 5b794fb4 2d2838 h ???????? 01a /
34cf970.bd 42f94bd2 622963 s ???????? 003 /wiki/KleineUnterschiede
34cfb8e.0b 42f94bd2 043937 s ???????? 001 /edit/43955003
34cfbe5.45 42f94bd0 043937 s ???????? 001 /edit/61845020
34cfd79.57 a484a299 433e9c h ???????? 003 /wiki/LockFutureSax
34cfe49.66 42f94bc8 043937 h ???????? 001 /robots.txt
34cfee5.92 42f94bc8 043937 h ???????? 003 /wiki/JsOn
