36c032e.cd 42f9498a 043937 h ???????? 003 /wiki/TheQuestion
36c058c.38 7b7d43e1 7bc0a6 h ???????? 001 /robots.txt
36c06b4.92 7b7d43da 7bc0a6 h ???????? 012 /
36c0963.e5 36d7a3f3 038706 h ???????? 011 /
36c0964.d2 36993918 038706 h ???????? 017 /
36c0969.02 36c16a34 0095cf h ???????? 001 /robots.txt
36c0969.7b 36c16a34 0095cf h ???????? 015 /
36c0da9.7e 7b7d43de 7bc0a6 h ???????? 018 /
36c1035.dd 2d37e10e 0cf351 h ???????? 001 /robots.txt
36c11f7.28 d155ee07 70a047 h ???????? 002 //rss.rdf
36c14f1.b1 42f94988 043937 h ???????? 003 /wiki/OsZillation
36c16d8.ed c73a56d3 028fc4 h ???????? 002 //robots.txt
36c16e0.e6 c73a56d3 028fc4 h ???????? 013 /
36c1e05.38 33ff413e 433e9c h ???????? 002 /edit/27386001
36c2145.4b 9d372714 6a88e8 s ???????? 002 /robots.txt
36c214b.99 284da702 6a88e8 s ???????? 013 /
36c2376.4b c0639364 554020 h ???????? 002 /rss.rdf
36c26b4.e6 42f94bc8 043937 h ???????? 004 /wiki/HoltzBrinck
36c2a96.66 33ff4130 433e9c h ???????? 001 /edit/23706002
36c2b28.e5 cf2e0d66 6a88e8 h ???????? 003 /wiki/JanBoehme
36c2fec.69 4706cacc fee6c8 h ???????? 015 /
36c33db.83 a2d2c481 028fc4 h ???????? 002 //robots.txt
36c33e0.00 a2d2c481 028fc4 h ???????? 005 //wiki/LockSchuppen
36c34b5.07 42f95bea 70a047 h ???????? 002 //rss.rdf
36c3851.97 b44c0f8e fa643b h ???????? 002 /robots.txt
36c3851.0f b44c0f05 a04d28 s ???????? 473 /memo
36c3877.d1 42f94bca 043937 h ???????? 003 /wiki/AdrianSmith
36c3a9a.53 cf2e0d38 6a88e8 h ???????? 015 /
36c3e6d.55 42f94bca 622963 h ???????? 004 /wiki/KoBlenz
36c4060.48 cf2e0d1e 6a88e8 h ???????? 01d /
36c40b7.28 6a0b9883 80aeb5 h ???????? 013 /
36c4558.43 bcc00023 432d1b h ???????? 01c /
36c4558.7f bcc00023 432d1b h ???????? 001 /favicon.ico
36c455c.73 bcc00023 432d1b h ???????? 002 /feel/4
36c4560.78 bcc00023 432d1b h ???????? 002 /feel/8
36c4568.77 bcc00023 432d1b h ???????? 013 /feel/10
36c456a.f2 a4843451 eb026b s ???????? 004 /bcHead
36c456a.c0 bcc00023 432d1b s ???????? 0cd /sh
36c456b.1c bcc00023 432d1b s ???????? 002 /AtJs
36c456b.ec bcc00023 432d1b s ???????? 001 /favicon.ico
36c456e.ef bcc00023 432d1b s ???????? 002 /edit
36c456f.20 bcc00023 432d1b s ???????? 002 /favicon.ico
36c4582.e3 bcc00023 432d1b h ???????? 013 /
36c4583.29 bcc00023 432d1b h ???????? 002 /favicon.ico
36c4587.1d bcc00023 432d1b h ???????? 001 /feel/4
36c458b.1f bcc00023 432d1b h ???????? 002 /feel/8
36c4593.1c bcc00023 432d1b h ???????? 019 /feel/10
36c459b.85 bcc00023 432d1b h ???????? 004 //wiki/EvbGymnasium
36c45a3.1f bcc00023 432d1b h ???????? 002 /feel/20
36c45b3.25 bcc00023 432d1b h ???????? 002 /feel/30
36c45c3.1f bcc00023 432d1b h ???????? 002 /feel/40
36c45d3.1c bcc00023 432d1b h ???????? 001 /feel/50/
36c45e3.25 bcc00023 432d1b h ???????? 001 /feel/60/
36c45f3.24 bcc00023 432d1b h ???????? 002 /feel/70/
36c4710.b1 bcc00023 432d1b h ???????? 003 /wiki/RainerWasserfuhr
36c477a.39 59f8a81e 9d6578 h ???????? 016 /
36c47a9.36 bcc00023 432d1b h ???????? 015 /1
36c47a9.78 bcc00023 432d1b h ???????? 002 /favicon.ico
36c47ad.74 bcc00023 432d1b h ???????? 002 /feel/4
36c47b1.7e bcc00023 432d1b h ???????? 002 /feel/8
36c4830.f8 b44c0f08 a04d28 h ???????? 003 /wiki/LockSchuppen
36c4851.03 b44c0f9b a04d28 h ???????? 003 /wiki/SingularityUniversity
36c4a3d.d1 42f94bca 043937 h ???????? 004 /wiki/BladeRunner
36c4af5.bb 3e9ef450 3fef7c s ???????? 015 /
36c4eb8.21 5d7644e3 a397c6 h ???????? 004 //wiki/CoConsulting
36c5303.af d9b68422 433e9c h ???????? 003 /wiki/
36c5345.38 a484a128 433e9c h ???????? 004 /wiki/DrexelInfo630
36c5403.4b d9b684bf 433e9c h ???????? 002 /edit/27356001
36c55b3.4f bc286647 7dfab1 h ???????? 002 //rss.jsp
36c55b3.75 bc286647 7dfab1 h ???????? 003 //rss.jsp
36c56e0.e6 42f95bea 70a047 h ???????? 002 //rss.rdf
36c58af.ff 42f94bc8 043937 h ???????? 004 /wiki/SocialName
36c58d5.f7 b216749d 573285 h ???????? 002 /mysql/admin/
36c58d6.25 b216749d 573285 h ???????? 002 /mysql/admin/
36c58dd.6a b216749d 573285 h ???????? 002 /mysql/mysqlmanager/
36c58dd.9d b216749d 573285 h ???????? 001 /mysql/mysqlmanager/
36c58dd.f1 b216749d 573285 h ???????? 002 /phpmyadmin/
36c58de.24 b216749d 573285 h ???????? 002 /phpmyadmin/
36c58e1.6d b216749d 573285 h ???????? 002 /phpMyAdmin/
36c58e1.b3 b216749d 573285 h ???????? 002 /phpMyAdmin/
36c58e2.1a b216749d 573285 h ???????? 002 /phpmyAdmin/
36c58e2.59 b216749d 573285 h ???????? 002 /phpmyAdmin/
36c58e8.a0 b216749d 573285 h ???????? 009 /phpmyadmin4/
36c58e8.d0 b216749d 573285 h ???????? 003 /phpmyadmin4/
36c58ea.14 b216749d 573285 h ???????? 002 /2phpmyadmin/
36c58ea.3e b216749d 573285 h ???????? 002 /2phpmyadmin/
36c58ed.7e b216749d 573285 h ???????? 002 /phppma/
36c58ed.b4 b216749d 573285 h ???????? 003 /phppma/
36c58ed.fc b216749d 573285 h ???????? 003 /myadmin/
36c58ee.31 b216749d 573285 h ???????? 002 /myadmin/
36c58ee.a6 a4843451 eb026b s ???????? 004 /bcHead
36c58ee.71 b216749d 573285 h ???????? 0d5 /shopdb/
36c58ee.ff a4843451 eb026b s ???????? 004 /bcHead
36c58ee.d1 b216749d 573285 h ???????? 0ba /shopdb/
36c58f0.38 b216749d 573285 h ???????? 002 /MyAdmin/
36c58f0.65 b216749d 573285 h ???????? 001 /MyAdmin/
36c58f0.a7 b216749d 573285 h ???????? 002 /program/
36c58f0.dc b216749d 573285 h ???????? 002 /program/
36c5901.26 b216749d 573285 h ???????? 002 /mysql/
36c5901.61 b216749d 573285 h ???????? 002 /mysql/
36c5901.aa b216749d 573285 h ???????? 002 /database/
36c5901.e0 b216749d 573285 h ???????? 002 /database/
36c5902.2c b216749d 573285 h ???????? 00a /db/phpmyadmin/
36c5902.63 b216749d 573285 h ???????? 003 /db/phpmyadmin/
36c5902.a0 b216749d 573285 h ???????? 003 /db/phpMyAdmin/
36c5902.cd b216749d 573285 h ???????? 002 /db/phpMyAdmin/
36c5903.09 b216749d 573285 h ???????? 001 /sqlmanager/
36c5903.38 b216749d 573285 h ???????? 002 /sqlmanager/
36c5904.79 b216749d 573285 h ???????? 002 /mysqlmanager/
36c5904.aa b216749d 573285 h ???????? 003 /mysqlmanager/
36c5905.e8 b216749d 573285 h ???????? 002 /php-myadmin/
36c5906.19 b216749d 573285 h ???????? 002 /php-myadmin/
36c5909.66 b216749d 573285 h ???????? 003 /mysqladmin/
36c5909.95 b216749d 573285 h ???????? 002 /mysqladmin/
36c5909.d0 b216749d 573285 h ???????? 005 /mysql-admin/
36c590a.0a b216749d 573285 h ???????? 002 /mysql-admin/
36c590b.46 b216749d 573285 h ???????? 003 /admin/phpmyadmin/
36c590b.7a b216749d 573285 h ???????? 002 /admin/phpmyadmin/
36c590b.bf b216749d 573285 h ???????? 003 /admin/phpMyAdmin/
36c590b.f4 b216749d 573285 h ???????? 002 /admin/phpMyAdmin/
36c590d.39 b216749d 573285 h ???????? 002 /admin/sysadmin/
36c590d.79 b216749d 573285 h ???????? 002 /admin/sysadmin/
36c590d.d8 b216749d 573285 h ???????? 002 /admin/sqladmin/
36c590e.0e b216749d 573285 h ???????? 002 /admin/sqladmin/
36c5911.55 b216749d 573285 h ???????? 002 /admin/web/
36c5911.91 b216749d 573285 h ???????? 003 /admin/web/
36c5911.de b216749d 573285 h ???????? 002 /admin/pMA/
36c5912.0f b216749d 573285 h ???????? 009 /admin/pMA/
36c5912.5a b216749d 573285 h ???????? 003 /mysql/pma/
36c5912.95 b216749d 573285 h ???????? 002 /mysql/pma/
36c5912.e0 b216749d 573285 h ???????? 002 /mysql/db/
36c5913.17 b216749d 573285 h ???????? 002 /mysql/db/
36c5913.6e b216749d 573285 h ???????? 002 /mysql/web/
36c5913.b0 b216749d 573285 h ???????? 002 /mysql/web/
36c5913.f5 b216749d 573285 h ???????? 002 /mysql/pMA/
36c5914.2c b216749d 573285 h ???????? 002 /mysql/pMA/
36c5918.72 b216749d 573285 h ???????? 002 /sql/php-myadmin/
36c5918.a3 b216749d 573285 h ???????? 003 /sql/php-myadmin/
36c5918.e2 b216749d 573285 h ???????? 003 /sql/phpmy-admin/
36c5919.15 b216749d 573285 h ???????? 002 /sql/phpmy-admin/
36c591a.89 b216749d 573285 h ???????? 002 /sql/sql/
36c591a.d8 b216749d 573285 h ???????? 002 /sql/sql/
36c5928.4d b216749d 573285 h ???????? 002 /sql/webdb/
36c5928.84 b216749d 573285 h ???????? 003 /sql/webdb/
36c5928.bf b216749d 573285 h ???????? 002 /sql/sqladmin/
36c5928.f0 b216749d 573285 h ???????? 002 /sql/sqladmin/
36c5929.31 b216749d 573285 h ???????? 002 /sql/sql-admin/
36c5929.5e b216749d 573285 h ???????? 002 /sql/sql-admin/
36c592c.93 b216749d 573285 h ???????? 002 /sql/phpMyAdmin2/
36c592c.c5 b216749d 573285 h ???????? 003 /sql/phpMyAdmin2/
36c592e.16 b216749d 573285 h ???????? 002 /sql/phpMyAdmin/
36c592e.59 b216749d 573285 h ???????? 002 /sql/phpMyAdmin/
36c592e.a4 b216749d 573285 h ???????? 002 /db/myadmin/
36c592e.d3 b216749d 573285 h ???????? 002 /db/myadmin/
36c592f.0b b216749d 573285 h ???????? 002 /db/webadmin/
36c592f.40 b216749d 573285 h ???????? 00a /db/webadmin/
36c592f.7e b216749d 573285 h ???????? 002 /db/dbweb/
36c592f.b0 b216749d 573285 h ???????? 003 /db/dbweb/
36c5938.ed b216749d 573285 h ???????? 00a /db/db-admin/
36c5939.23 b216749d 573285 h ???????? 003 /db/db-admin/
36c593f.6b b216749d 573285 h ???????? 003 /db/phpMyAdmin-3/
36c593f.a6 b216749d 573285 h ???????? 002 /db/phpMyAdmin-3/
36c5946.e0 b216749d 573285 h ???????? 002 /administrator/db/
36c5947.0f b216749d 573285 h ???????? 002 /administrator/db/
36c594a.55 b216749d 573285 h ???????? 00b /administrator/pma/
36c594a.84 b216749d 573285 h ???????? 002 /administrator/pma/
36c594b.c9 b216749d 573285 h ???????? 002 /administrator/PMA/
36c594b.ff b216749d 573285 h ???????? 004 /administrator/PMA/
36c594d.41 b216749d 573285 h ???????? 003 /administrator/admin/
36c594d.7a b216749d 573285 h ???????? 003 /administrator/admin/
36c594e.c4 b216749d 573285 h ???????? 003 /phpMyAdmin2/
36c594e.ff b216749d 573285 h ???????? 003 /phpMyAdmin2/
36c594f.53 b216749d 573285 h ???????? 003 /phpMyAdmin3/
36c594f.aa b216749d 573285 h ???????? 002 /phpMyAdmin3/
36c5959.01 b216749d 573285 h ???????? 008 /PMA2011/
36c5959.3b b216749d 573285 h ???????? 003 /PMA2011/
36c5959.88 b216749d 573285 h ???????? 002 /PMA2012/
36c5959.b9 b216749d 573285 h ???????? 002 /PMA2012/
36c5960.1b b216749d 573285 h ???????? 003 /PMA2015/
36c5960.66 b216749d 573285 h ???????? 002 /PMA2015/
36c5961.bd b216749d 573285 h ???????? 003 /PMA2016/
36c5961.ee b216749d 573285 h ???????? 002 /PMA2016/
36c5969.25 b216749d 573285 h ???????? 002 /pma2011/
36c5969.5a b216749d 573285 h ???????? 002 /pma2011/
36c5969.96 b216749d 573285 h ???????? 003 /pma2012/
36c5969.cb b216749d 573285 h ???????? 002 /pma2012/
36c5973.1a b216749d 573285 h ???????? 003 /pma2016/
36c5973.62 b216749d 573285 h ???????? 003 /pma2016/
36c5973.a9 b216749d 573285 h ???????? 002 /pma2017/
36c5973.de b216749d 573285 h ???????? 003 /pma2017/
36c5974.1b b216749d 573285 h ???????? 003 /pma2018/
36c5974.51 b216749d 573285 h ???????? 003 /pma2018/
36c5978.94 b216749d 573285 h ???????? 002 /phpmyadmin2012/
36c5978.c6 b216749d 573285 h ???????? 003 /phpmyadmin2012/
36c5979.00 b216749d 573285 h ???????? 006 /phpmyadmin2013/
36c5979.38 b216749d 573285 h ???????? 003 /phpmyadmin2013/
36c5985.7f b216749d 573285 h ???????? 003 /phpmyadmin2018/
36c5985.b6 b216749d 573285 h ???????? 003 /phpmyadmin2018/
36c5985.ee b216749d 573285 h ???????? 003 /phpmanager/
36c5986.26 b216749d 573285 h ???????? 002 /phpmanager/
36c5ac3.28 a484a11b 433e9c h ???????? 003 /edit/29986005
36c5bfe.18 42f94bca 043937 h ???????? 005 /wiki/FrankLorenz
36c5fb5.04 b44c0f96 a04d28 h ???????? 006 /wiki/SingularityUniversity
36c62b1.f2 4a73d68a 3d8b22 h ???????? 021 /
36c669a.77 33ff4120 433e9c h ???????? 005 /wiki/AcCelerate
36c6dc0.d7 42f94bc6 043937 h ???????? 007 /wiki/RobertBasic
36c6f54.e9 b44c0f8c a04d28 h ???????? 003 /wiki/%3C%25=session.getAttribute(
36c6f6c.90 b44c0f97 a04d28 h ???????? 002 /wiki/RedeWendung
36c73ec.21 9d37276e 6a88e8 h ???????? 003 /wiki/RedBlueGame
36c7433.52 42f95be6 70a047 h ???????? 007 //rss.rdf
36c76a1.17 33ff415f 433e9c h ???????? 002 /wiki/LifeBox
36c7b00.5b 42f94bc6 043937 h ???????? 017 /
36c7e88.04 33ff4133 433e9c h ???????? 004 /wiki/MannOhneGeheimnisse
36c7f60.5f 42f94bc6 043937 h ???????? 003 /wiki/MitWirkende
36c7f83.8f 42f94bc6 043937 h ???????? 002 /wiki/RenateEngel
36c7f8d.d9 b29aab1e e4b041 h ???????? 001 /robots.txt
36c7f91.b1 b29aab1e e4b041 h ???????? 017 /
36c8171.74 2d37113c ef60d6 s ???????? 018 /
36c828e.2f 6bb2c2d3 71f2b9 s ???????? 003 /bcHead
36c828f.a2 6bb2c2d3 71f2b9 s ???????? 012 /put/3d596f75724361726433653965663435300a48616c6c6f2c2064696573206973742065696e205a657474656c4b617374656e2e204f62656e206b616e6e73742044752064656e204e616d656e20646573205a657474656c732065696e676562656e2e0a0a4d69742065696e6572207370657a69656c6c656e204d61676965206e616d656e7320c2bb43616d656c43617365c2ab20656e7473746568656e204c696e6b732061756620616e64657265205a657474656c2e2050726f62696572206573206175733a20536368726569622065696e20576f72742c2064617320696d20576f7274696e6e6572656e206d696e64657374656e732065696e656e20776569746572656e2047726f73736275636873746162656e206861742c20646572206162657220766f6e204b6c65696e6275636873746162656e2062656e61636862617274206973743a20
36c8399.62 284da702 6a88e8 s ???????? 014 /
36c90d1.84 42f95bea 70a047 h ???????? 002 //rss.rdf
36c9146.aa 42f94bc8 043937 h ???????? 003 /wiki/DienstReise
36c9278.c3 05095ecf 8b0160 h ???????? 006 //wiki/WohnSitz
36c9278.c4 05095ecf ee0950 h ???????? 005 //wiki/ChristianGuenzl
36c99c9.03 cf2e0d1e 6a88e8 h ???????? 01c /
36c9c4c.55 b44c0f10 fa643b h ???????? 002 /radio/robots.txt
36c9c4c.58 b44c0f95 fa643b h ???????? 002 /radio/robots.txt
36c9d4f.a2 2e6962a6 e3b0c4 h ???????? 005 /robots.txt
36c9d51.c4 2e6962a6 aa5504 h ???????? 013 /
36ca309.da 42f94bca 043937 h ???????? 003 /wiki/DasNetz
36ca3c1.89 b44c0f11 a04d28 h ???????? 002 /radio
36ca9c7.38 8ba26c35 976046 h ???????? 014 /
36caccf.4c 97502777 433e9c h ???????? 008 /robots.txt
36caccf.4e 05c45736 433e9c h ???????? 003 /robots.txt
36cae45.b3 42f95bea 70a047 h ???????? 002 //rss.rdf
36cb4cc.b9 42f94bc8 043937 h ???????? 004 /wiki/MvnRepoZip
36cb677.ce d9b68443 433e9c h ???????? 001 /edit/28146003
36cbc8f.c5 8ba27ca7 1066b4 h ???????? 014 /
36cbcfb.ca a484a13e 433e9c h ???????? 001 /edit/26446003
36cbde4.49 b44c0f8e a04d28 h ???????? 001 /edit/4426003
36cc0fb.39 284da702 6a88e8 s ???????? 015 /
36cc1b8.aa 33ff4110 433e9c h ???????? 002 /edit/22266001
36cc400.93 b44c0f13 a04d28 h ???????? 015 /
36cc49e.e8 b44c0fa1 a04d28 h ???????? 014 /
36cc68f.d7 42f94bca 043937 h ???????? 004 /wiki/LeadingEtch
36ccce8.8d 42f95be6 70a047 h ???????? 002 //rss.rdf
36cd1d9.ca add0fdb2 090472 h ???????? 01c /
36cd852.fb 42f94bc6 043937 h ???????? 002 /robots.txt
36cd853.5a 42f94bca 043937 h ???????? 005 /wiki/ZeitFenster
36cda42.52 4a7d4c62 55c2cd h ???????? 002 //rss.rdf
36cdb03.f6 cf2e0d38 6a88e8 h ???????? 01e /
36cdbe5.7f 5896e4da 6314aa h ???????? 002 //rss.rdf
36ce0f9.e1 9d372714 6a88e8 h ???????? 001 /robots.txt
36ce108.91 284da707 6a88e8 h ???????? 01d /
36ce264.0b 4e2e2319 7dfab1 h ???????? 008 //rss.jsp
36ce264.3a 4e2e2319 7dfab1 h ???????? 001 //rss.jsp
36ce691.7d b44c0f11 a04d28 h ???????? 005 /wiki/NooPolis
36ce933.c5 33ff412d 433e9c h ???????? 004 /wiki/VladimirPutin
36cea15.e7 42f94bc8 043937 h ???????? 003 /wiki/PeterNorvig
36ceb8d.55 33ff4112 433e9c h ???????? 002 /edit/24926002
36cec5b.be b33decd5 be37cc h ???????? 002 /wp-login.php
36cee04.62 42f95be8 70a047 h ???????? 002 //rss.rdf
36cef5d.cc 8ba24e87 186d9a s ???????? 01d /
36cfb22.94 d9b68420 433e9c h ???????? 004 /wiki/SchickSaal
36cfb9e.d5 9d372721 6a88e8 h ???????? 004 //robots.txt
36cfbd8.c7 42f94bc6 043937 h ???????? 003 /wiki/BeatePaland
36cfd6e.a4 42f954eb 002725 h ???????? 002 /favicon.ico
