36e0181.e5 42f94bc8 043937 h ???????? 002 /wiki/DerekEager
36e02f8.e2 05c45712 433e9c h ???????? 002 /t/robots.txt
36e02f8.e8 975027a3 433e9c s ???????? 001 /robots.txt
36e042b.23 42f94bc6 043937 h ???????? 008 //wiki/ChristianHeller
36e0645.b2 42f94bc8 043937 h ???????? 003 /wiki/HausMeister
36e06ce.2b 76c11fde 7a122d s ???????? 01a /
36e0730.86 b44c0f12 a04d28 h ???????? 003 /wiki/AiEngine
36e0747.a7 42f94bd0 043937 s ???????? 002 /edit/66945008
36e0925.63 6d6dfe8a 8e0e7d h ???????? 001 //rss.rdf
36e0c25.25 42f94bc6 043937 h ???????? 003 /wiki/DeFin
36e0c30.af 42f94bc8 043937 h ???????? 003 /wiki/TeCom
36e0c48.5a 42f94bc6 043937 h ???????? 002 /wiki/GitScm
36e0c6e.4e 42f94bc6 043937 h ???????? 002 /wiki/IcCcbe
36e0d2c.7b 42f94bc6 043937 h ???????? 003 /wiki/CedEx
36e0f00.a7 b44c0f8e a04d28 h ???????? 003 /wiki/HelkoKnoch
36e1015.82 284da787 6a88e8 s ???????? 013 /
36e112b.b7 42f94bca 043937 h ???????? 003 /wiki/BigGrep
36e1206.ec d9b68423 433e9c h ???????? 002 /edit/23806002
36e15a2.8c 42f94bd2 043937 s ???????? 001 /edit/71245025
36e1606.9d 42f94bd2 043937 s ???????? 002 /edit/69475009
36e1808.b1 42f94bc8 043937 h ???????? 003 /wiki/JakobVicari
36e1d94.ad 42f94bca 043937 h ???????? 003 /wiki/ArmOne
36e1db0.f4 42f94bc8 043937 h ???????? 002 /wiki/IntEl
36e1dc3.b6 42f94bc6 043937 h ???????? 002 /wiki/EditWar
36e1f74.fe 42f95be8 70a047 h ???????? 002 //rss.rdf
36e1fb7.cb 42f94bc6 043937 h ???????? 002 /crush
36e20f8.29 42f94bc8 622963 h ???????? 002 /crush
36e2270.f3 42f94bc6 043937 h ???????? 001 //robots.txt
36e23e7.49 42f94bc6 622963 h ???????? 049 /
36e243b.53 42f94bca 043937 h ???????? 004 /wiki/ZhengChen
36e27b6.b6 d9b6844b 433e9c h ???????? 004 /wiki/SeaNation
36e286c.85 42f94bd0 043937 s ???????? 001 /edit/73085012
36e29cb.bc 42f94bca 043937 h ???????? 004 /wiki/SylkeScholz
36e2c49.cc cf2e0d11 6a88e8 h ???????? 003 /wiki/GastroWiki
36e2d3d.5d 42f94bc8 043937 h ???????? 002 /robots.txt
36e2d3d.9d 42f94bc8 043937 h ???????? 003 /wiki/ReplClj
36e2d5d.42 42f94bc6 043937 h ???????? 003 /wiki/SigMoid
36e2d7e.61 42f94bc8 043937 h ???????? 003 /wiki/ComPose
36e2d91.f3 42f94bc8 043937 h ???????? 004 /wiki/MyFinya
36e2dd2.32 42f94bc6 043937 h ???????? 003 /wiki/WarUm
36e2fa2.0d 451ec6f2 c37fd8 h ???????? 002 /robots.txt
36e2fa7.05 451ec6f2 c37fd8 h ???????? 002 /hot
36e2fc8.a6 451ec6f2 c37fd8 h ???????? 002 /t
36e2fce.fd 451ec6f2 c37fd8 h ???????? 003 /wiki/KlappenText
36e2fe2.03 451ec6f2 c37fd8 h ???????? 003 /wiki/MoLa
36e2fe9.83 451ec6f2 c37fd8 h ???????? 003 /wiki/MoehrChen
36e2ff1.c3 451ec6f2 c37fd8 h ???????? 004 /wiki/MonoPol
36e2ffc.5b 451ec6f2 c37fd8 h ???????? 002 /wiki/MoonShots
36e3005.22 451ec6f2 c37fd8 h ???????? 003 /wiki/MoreMenu
36e3010.b5 451ec6f2 c37fd8 h ???????? 002 /wiki/MortenFrederiksen
36e301b.a3 451ec6f2 c37fd8 h ???????? 003 /wiki/MountBob
36e3028.85 451ec6f2 c37fd8 h ???????? 003 /wiki/MountRainier
36e3034.5e 451ec6f2 c37fd8 h ???????? 004 /wiki/SchlesischPlatz
36e3040.48 451ec6f2 c37fd8 h ???????? 003 /wiki/SchlossPlatz
36e3047.49 451ec6f2 c37fd8 h ???????? 003 /wiki/SchluesselRoman
36e304f.47 451ec6f2 c37fd8 h ???????? 003 /wiki/SchmierGeld
36e3059.6d 451ec6f2 c37fd8 h ???????? 003 /wiki/SchmutzigesHobby
36e3064.61 451ec6f2 c37fd8 h ???????? 002 /wiki/SchnellBoot
36e306e.87 451ec6f2 c37fd8 h ???????? 002 /hot/robots.txt
36e3073.f7 451ec6f2 c37fd8 h ???????? 002 /hot
36e329a.58 4e2e2319 7dfab1 h ???????? 002 //rss.jsp
36e329a.85 4e2e2319 7dfab1 h ???????? 002 //rss.jsp
36e32d5.37 cf2e0d66 6a88e8 h ???????? 003 /wiki/PerSon
36e35d6.12 42f94bd2 043937 s ???????? 002 /edit/71325005
36e361e.be 42f94bd2 043937 s ???????? 002 /edit/71325006
36e3646.51 5b8911c2 c37fd8 h ???????? 002 /t/robots.txt
36e364a.42 5b8911c2 c37fd8 h ???????? 002 /t
36e365d.8f 42f94bd4 043937 s ???????? 002 /edit/53645019
36e3b4d.a4 42f94bca 043937 h ???????? 005 /wiki/UnTil
36e3b73.d0 42f94bc6 043937 h ???????? 004 /wiki/ComMent
36e3b7d.92 42f94bc6 043937 h ???????? 004 /wiki/YaSsn
36e3b8e.9a 42f94bc6 043937 h ???????? 004 /wiki/AroniaBeere
36e3ba2.ae 42f94bc6 043937 h ???????? 003 /wiki/MindEis
36e3ba4.b5 42f94bc6 043937 h ???????? 003 /wiki/OuTopia
36e3c47.ad cf2e0d66 6a88e8 h ???????? 004 /wiki/PredictionMarket
36e3e31.96 a484a11a 433e9c h ???????? 00a /edit/25586001
36e3f4d.9b 284da787 6a88e8 h ???????? 004 /wiki/TwitterHolic
36e41a9.7b 42f95bea 70a047 h ???????? 003 //rss.rdf
36e42ed.c0 42f94bca 043937 h ???????? 003 /robots.txt
36e43bf.f2 42f94bd0 043937 s ???????? 002 /edit/59295015
36e45a1.19 42f94bc8 043937 h ???????? 004 /wiki/FuchunPeng
36e460f.64 42f94bca 043937 h ???????? 019 /
36e4a21.c1 42f94bc6 043937 h ???????? 004 /wiki/MindHome
36e4a40.57 42f94bc8 043937 h ???????? 005 /wiki/GigaByte
36e4a84.a4 42f94bca 043937 h ???????? 003 /wiki/BirthDay
36e4aa0.d5 b44c0f8b a04d28 h ???????? 01a /
36e4ab6.1a 42f94bc6 043937 h ???????? 004 /wiki/DiSud
36e4ab7.be 42f94bc8 043937 h ???????? 004 /wiki/ZugStrom
36e4abc.4f 42f94bc6 043937 h ???????? 005 /wiki/BmwAg
36e4b28.dd 674e8403 ef60d6 h ???????? 019 /
36e4d51.b7 42f94bca 043937 h ???????? 004 /wiki/FbGroup
36e4e41.4f 6dcb317c 573285 h ???????? 002 /mysql/admin/
36e4e41.7c 6dcb317c 573285 h ???????? 002 /mysql/admin/
36e4e41.b3 6dcb317c 573285 h ???????? 002 /mysql/dbadmin/
36e4e41.e2 6dcb317c 573285 h ???????? 003 /mysql/dbadmin/
36e4e42.24 6dcb317c 573285 h ???????? 002 /mysql/sqlmanager/
36e4e42.5a 6dcb317c 573285 h ???????? 002 /mysql/sqlmanager/
36e4e42.a0 6dcb317c 573285 h ???????? 002 /mysql/mysqlmanager/
36e4e42.e0 6dcb317c 573285 h ???????? 002 /mysql/mysqlmanager/
36e4e43.24 6dcb317c 573285 h ???????? 002 /phpmyadmin/
36e4e43.53 6dcb317c 573285 h ???????? 002 /phpmyadmin/
36e4e43.93 6dcb317c 573285 h ???????? 003 /phpMyadmin/
36e4e43.c9 6dcb317c 573285 h ???????? 002 /phpMyadmin/
36e4e44.12 6dcb317c 573285 h ???????? 003 /phpMyAdmin/
36e4e44.46 6dcb317c 573285 h ???????? 002 /phpMyAdmin/
36e4e44.87 6dcb317c 573285 h ???????? 002 /phpmyAdmin/
36e4e44.c0 6dcb317c 573285 h ???????? 002 /phpmyAdmin/
36e4e44.f3 6dcb317c 573285 h ???????? 002 /phpmyadmin2/
36e4e45.2a 6dcb317c 573285 h ???????? 002 /phpmyadmin2/
36e4e45.63 6dcb317c 573285 h ???????? 002 /phpmyadmin3/
36e4e45.98 6dcb317c 573285 h ???????? 003 /phpmyadmin3/
36e4e46.da 6dcb317c 573285 h ???????? 003 /phpmyadmin4/
36e4e47.0e 6dcb317c 573285 h ???????? 002 /phpmyadmin4/
36e4e47.46 6dcb317c 573285 h ???????? 003 /2phpmyadmin/
36e4e47.76 6dcb317c 573285 h ???????? 002 /2phpmyadmin/
36e4e47.b1 6dcb317c 573285 h ???????? 003 /phpmy/
36e4e47.e1 6dcb317c 573285 h ???????? 002 /phpmy/
36e4e48.27 6dcb317c 573285 h ???????? 002 /phppma/
36e4e48.59 6dcb317c 573285 h ???????? 002 /phppma/
36e4e48.95 6dcb317c 573285 h ???????? 002 /myadmin/
36e4e48.c6 6dcb317c 573285 h ???????? 002 /myadmin/
36e4e49.75 a4843451 eb026b s ???????? 032 /bcHead
36e4e49.00 6dcb317c 573285 h ???????? 207 /shopdb/
36e4e49.e0 a4843451 eb026b s ???????? 003 /bcHead
36e4e49.b5 6dcb317c 573285 h ???????? 0ab /shopdb/
36e4e4a.20 6dcb317c 573285 h ???????? 003 /MyAdmin/
36e4e4a.4b 6dcb317c 573285 h ???????? 002 /MyAdmin/
36e4e4a.87 6dcb317c 573285 h ???????? 003 /program/
36e4e4a.bf 6dcb317c 573285 h ???????? 002 /program/
36e4e4a.fc 6dcb317c 573285 h ???????? 002 /PMA/
36e4e4b.30 6dcb317c 573285 h ???????? 002 /PMA/
36e4e4b.78 6dcb317c 573285 h ???????? 002 /dbadmin/
36e4e4b.ac 6dcb317c 573285 h ???????? 002 /dbadmin/
36e4e4b.f4 6dcb317c 573285 h ???????? 003 /pma/
36e4e4c.2c 6dcb317c 573285 h ???????? 002 /pma/
36e4e4c.6e 6dcb317c 573285 h ???????? 002 /db/
36e4e4c.ac 6dcb317c 573285 h ???????? 002 /db/
36e4e4c.f1 6dcb317c 573285 h ???????? 002 /admin/
36e4e4d.2b 6dcb317c 573285 h ???????? 002 /admin/
36e4e4d.74 6dcb317c 573285 h ???????? 002 /mysql/
36e4e4d.aa 6dcb317c 573285 h ???????? 003 /mysql/
36e4e4d.ec 6dcb317c 573285 h ???????? 002 /database/
36e4e4e.21 6dcb317c 573285 h ???????? 00a /database/
36e4e4e.69 6dcb317c 573285 h ???????? 003 /db/phpmyadmin/
36e4e4e.9b 6dcb317c 573285 h ???????? 002 /db/phpmyadmin/
36e4e4e.d3 6dcb317c 573285 h ???????? 002 /db/phpMyAdmin/
36e4e4f.07 6dcb317c 573285 h ???????? 002 /db/phpMyAdmin/
36e4e4f.43 6dcb317c 573285 h ???????? 002 /sqlmanager/
36e4e4f.75 6dcb317c 573285 h ???????? 003 /sqlmanager/
36e4e4f.b7 6dcb317c 573285 h ???????? 003 /mysqlmanager/
36e4e4f.ef 6dcb317c 573285 h ???????? 002 /mysqlmanager/
36e4e50.26 6dcb317c 573285 h ???????? 002 /php-myadmin/
36e4e50.59 6dcb317c 573285 h ???????? 002 /php-myadmin/
36e4e50.96 6dcb317c 573285 h ???????? 003 /phpmy-admin/
36e4e50.cb 6dcb317c 573285 h ???????? 002 /phpmy-admin/
36e4e51.18 6dcb317c 573285 h ???????? 003 /mysqladmin/
36e4e51.4f 6dcb317c 573285 h ???????? 002 /mysqladmin/
36e4e52.88 6dcb317c 573285 h ???????? 002 /mysql-admin/
36e4e52.c1 6dcb317c 573285 h ???????? 002 /mysql-admin/
36e4e53.13 6dcb317c 573285 h ???????? 002 /admin/phpmyadmin/
36e4e53.4b 6dcb317c 573285 h ???????? 003 /admin/phpmyadmin/
36e4e53.94 6dcb317c 573285 h ???????? 003 /admin/phpMyAdmin/
36e4e53.ca 6dcb317c 573285 h ???????? 003 /admin/phpMyAdmin/
36e4e55.10 6dcb317c 573285 h ???????? 003 /admin/sysadmin/
36e4e55.40 6dcb317c 573285 h ???????? 002 /admin/sysadmin/
36e4e55.7c 6dcb317c 573285 h ???????? 003 /admin/sqladmin/
36e4e55.b4 6dcb317c 573285 h ???????? 003 /admin/sqladmin/
36e4e55.f4 6dcb317c 573285 h ???????? 002 /admin/db/
36e4e56.2f 6dcb317c 573285 h ???????? 002 /admin/db/
36e4e56.6b 6dcb317c 573285 h ???????? 003 /admin/web/
36e4e56.aa 6dcb317c 573285 h ???????? 002 /admin/web/
36e4e56.eb 6dcb317c 573285 h ???????? 003 /admin/pMA/
36e4e57.6b 6dcb317c 573285 h ???????? 002 /admin/pMA/
36e4e57.b2 6dcb317c 573285 h ???????? 003 /mysql/pma/
36e4e57.ee 6dcb317c 573285 h ???????? 011 /mysql/pma/
36e4e58.35 6dcb317c 573285 h ???????? 003 /mysql/db/
36e4e58.f2 6dcb317c 573285 h ???????? 003 /mysql/db/
36e4e59.36 6dcb317c 573285 h ???????? 003 /mysql/web/
36e4e59.6d 6dcb317c 573285 h ???????? 003 /mysql/web/
36e4e59.ac 6dcb317c 573285 h ???????? 003 /mysql/pMA/
36e4e59.e3 6dcb317c 573285 h ???????? 002 /mysql/pMA/
36e4e5a.22 6dcb317c 573285 h ???????? 003 /sql/phpmanager/
36e4e5a.5a 6dcb317c 573285 h ???????? 003 /sql/phpmanager/
36e4e5a.a2 6dcb317c 573285 h ???????? 00f /sql/php-myadmin/
36e4e5a.da 6dcb317c 573285 h ???????? 003 /sql/php-myadmin/
36e4e5b.2b 6dcb317c 573285 h ???????? 004 /sql/phpmy-admin/
36e4e5b.65 6dcb317c 573285 h ???????? 003 /sql/phpmy-admin/
36e4e5b.af 6dcb317c 573285 h ???????? 003 /sql/sql/
36e4e5c.c0 6dcb317c 573285 h ???????? 002 /sql/sql/
36e4e5c.f7 6dcb317c 573285 h ???????? 002 /sql/myadmin/
36e4e5d.1b 6dcb317c 573285 h ???????? 001 /sql/myadmin/
36e4e5e.52 6dcb317c 573285 h ???????? 001 /sql/webadmin/
36e4e5e.7b 6dcb317c 573285 h ???????? 002 /sql/webadmin/
36e4e5e.ae 6dcb317c 573285 h ???????? 002 /sql/sqlweb/
36e4e5e.d9 6dcb317c 573285 h ???????? 001 /sql/sqlweb/
36e4e5f.1c 6dcb317c 573285 h ???????? 002 /sql/websql/
36e4e5f.42 6dcb317c 573285 h ???????? 001 /sql/websql/
36e4e5f.72 6dcb317c 573285 h ???????? 002 /sql/webdb/
36e4e5f.9d 6dcb317c 573285 h ???????? 002 /sql/webdb/
36e4e5f.d5 6dcb317c 573285 h ???????? 001 /sql/sqladmin/
36e4e60.09 6dcb317c 573285 h ???????? 001 /sql/sqladmin/
36e4e60.3b 6dcb317c 573285 h ???????? 001 /sql/sql-admin/
36e4e60.6c 6dcb317c 573285 h ???????? 002 /sql/sql-admin/
36e4e60.a3 6dcb317c 573285 h ???????? 002 /sql/phpmyadmin2/
36e4e60.cc 6dcb317c 573285 h ???????? 001 /sql/phpmyadmin2/
36e4e60.fb 6dcb317c 573285 h ???????? 002 /sql/phpMyAdmin2/
36e4e61.28 6dcb317c 573285 h ???????? 001 /sql/phpMyAdmin2/
36e4e61.58 6dcb317c 573285 h ???????? 002 /sql/phpMyAdmin/
36e4e61.81 6dcb317c 573285 h ???????? 001 /sql/phpMyAdmin/
36e4e61.e8 6dcb317c 573285 h ???????? 001 /db/myadmin/
36e4e62.13 6dcb317c 573285 h ???????? 002 /db/myadmin/
36e4e62.50 6dcb317c 573285 h ???????? 002 /db/webadmin/
36e4e62.7d 6dcb317c 573285 h ???????? 001 /db/webadmin/
36e4e62.b7 6dcb317c 573285 h ???????? 001 /db/dbweb/
36e4e62.e0 6dcb317c 573285 h ???????? 002 /db/dbweb/
36e4e63.1c 6dcb317c 573285 h ???????? 008 /db/websql/
36e4e63.47 6dcb317c 573285 h ???????? 002 /db/websql/
36e4e63.73 6dcb317c 573285 h ???????? 002 /db/webdb/
36e4e63.9c 6dcb317c 573285 h ???????? 001 /db/webdb/
36e4e63.d8 6dcb317c 573285 h ???????? 001 /db/dbadmin/
36e4e64.06 6dcb317c 573285 h ???????? 002 /db/dbadmin/
36e4e64.3d 6dcb317c 573285 h ???????? 001 /db/db-admin/
36e4e64.68 6dcb317c 573285 h ???????? 001 /db/db-admin/
36e4e64.97 6dcb317c 573285 h ???????? 001 /db/phpmyadmin3/
36e4e64.c8 6dcb317c 573285 h ???????? 002 /db/phpmyadmin3/
36e4e65.00 6dcb317c 573285 h ???????? 002 /db/phpMyAdmin3/
36e4e65.2b 6dcb317c 573285 h ???????? 001 /db/phpMyAdmin3/
36e4e65.61 6dcb317c 573285 h ???????? 001 /db/phpMyAdmin-3/
36e4e65.89 6dcb317c 573285 h ???????? 001 /db/phpMyAdmin-3/
36e4e65.c0 6dcb317c 573285 h ???????? 002 /administrator/phpmyadmin/
36e4e65.eb 6dcb317c 573285 h ???????? 002 /administrator/phpmyadmin/
36e4e66.23 6dcb317c 573285 h ???????? 002 /administrator/phpMyAdmin/
36e4e66.4e 6dcb317c 573285 h ???????? 002 /administrator/phpMyAdmin/
36e4e66.7f 6dcb317c 573285 h ???????? 002 /administrator/db/
36e4e66.ab 6dcb317c 573285 h ???????? 001 /administrator/db/
36e4e66.df 6dcb317c 573285 h ???????? 001 /administrator/web/
36e4e67.0d 6dcb317c 573285 h ???????? 002 /administrator/web/
36e4e67.46 6dcb317c 573285 h ???????? 001 /administrator/pma/
36e4e67.74 6dcb317c 573285 h ???????? 002 /administrator/pma/
36e4e67.ad 6dcb317c 573285 h ???????? 002 /administrator/PMA/
36e4e67.d6 6dcb317c 573285 h ???????? 002 /administrator/PMA/
36e4e68.38 6dcb317c 573285 h ???????? 002 /administrator/admin/
36e4e68.a5 6dcb317c 573285 h ???????? 002 /administrator/admin/
36e4e68.da 6dcb317c 573285 h ???????? 002 /phpMyAdmin2/
36e4e69.0f 6dcb317c 573285 h ???????? 002 /phpMyAdmin2/
36e4e69.4a 6dcb317c 573285 h ???????? 002 /phpMyAdmin3/
36e4e69.78 6dcb317c 573285 h ???????? 001 /phpMyAdmin3/
36e4e69.a8 6dcb317c 573285 h ???????? 009 /phpMyAdmin4/
36e4e69.d5 6dcb317c 573285 h ???????? 002 /phpMyAdmin4/
36e4e6a.0f 6dcb317c 573285 h ???????? 002 /phpMyAdmin-3/
36e4e6a.3b 6dcb317c 573285 h ???????? 002 /phpMyAdmin-3/
36e4e6a.74 6dcb317c 573285 h ???????? 002 /php-my-admin/
36e4e6a.ab 6dcb317c 573285 h ???????? 002 /php-my-admin/
36e4e6a.dd 6dcb317c 573285 h ???????? 002 /PMA2011/
36e4e6b.4d 6dcb317c 573285 h ???????? 002 /PMA2011/
36e4e6b.80 6dcb317c 573285 h ???????? 002 /PMA2012/
36e4e6b.ab 6dcb317c 573285 h ???????? 002 /PMA2012/
36e4e6b.e5 6dcb317c 573285 h ???????? 002 /PMA2013/
36e4e6c.15 6dcb317c 573285 h ???????? 002 /PMA2013/
36e4e6c.55 6dcb317c 573285 h ???????? 002 /PMA2014/
36e4e6c.84 6dcb317c 573285 h ???????? 001 /PMA2014/
36e4e6d.58 6dcb317c 573285 h ???????? 002 /PMA2015/
36e4e6d.82 6dcb317c 573285 h ???????? 002 /PMA2015/
36e4e6d.b4 6dcb317c 573285 h ???????? 002 /PMA2016/
36e4e6d.e3 6dcb317c 573285 h ???????? 002 /PMA2016/
36e4e6e.1d 6dcb317c 573285 h ???????? 003 /PMA2017/
36e4e6e.48 6dcb317c 573285 h ???????? 002 /PMA2017/
36e4e6e.78 6dcb317c 573285 h ???????? 002 /PMA2018/
36e4e6e.9e 6dcb317c 573285 h ???????? 002 /PMA2018/
36e4e6f.cc 6dcb317c 573285 h ???????? 002 /pma2011/
36e4e6f.fc 6dcb317c 573285 h ???????? 002 /pma2011/
36e4e70.32 6dcb317c 573285 h ???????? 002 /pma2012/
36e4e70.a5 6dcb317c 573285 h ???????? 002 /pma2012/
36e4e70.dd 6dcb317c 573285 h ???????? 002 /pma2013/
36e4e71.0b 6dcb317c 573285 h ???????? 002 /pma2013/
36e4e71.4b 6dcb317c 573285 h ???????? 002 /pma2014/
36e4e72.e0 6dcb317c 573285 h ???????? 002 /pma2014/
36e4e73.1c 6dcb317c 573285 h ???????? 002 /pma2015/
36e4e73.4d 6dcb317c 573285 h ???????? 002 /pma2015/
36e4e73.84 6dcb317c 573285 h ???????? 002 /pma2016/
36e4e73.b3 6dcb317c 573285 h ???????? 002 /pma2016/
36e4e73.f9 6dcb317c 573285 h ???????? 002 /pma2017/
36e4e74.74 6dcb317c 573285 h ???????? 002 /pma2017/
36e4e75.ad 6dcb317c 573285 h ???????? 002 /pma2018/
36e4e75.db 6dcb317c 573285 h ???????? 002 /pma2018/
36e4e76.0e 6dcb317c 573285 h ???????? 002 /phpmyadmin2011/
36e4e76.3b 6dcb317c 573285 h ???????? 002 /phpmyadmin2011/
36e4e76.7a 6dcb317c 573285 h ???????? 002 /phpmyadmin2012/
36e4e76.b4 6dcb317c 573285 h ???????? 00b /phpmyadmin2012/
36e4e76.f3 6dcb317c 573285 h ???????? 003 /phpmyadmin2013/
36e4e77.2a 6dcb317c 573285 h ???????? 002 /phpmyadmin2013/
36e4e77.66 6dcb317c 573285 h ???????? 002 /phpmyadmin2014/
36e4e77.97 6dcb317c 573285 h ???????? 002 /phpmyadmin2014/
36e4e78.cd 6dcb317c 573285 h ???????? 002 /phpmyadmin2015/
36e4e78.fe 6dcb317c 573285 h ???????? 002 /phpmyadmin2015/
36e4e79.37 6dcb317c 573285 h ???????? 002 /phpmyadmin2016/
36e4e79.6c 6dcb317c 573285 h ???????? 004 /phpmyadmin2016/
36e4e79.a5 6dcb317c 573285 h ???????? 00a /phpmyadmin2017/
36e4e79.d8 6dcb317c 573285 h ???????? 003 /phpmyadmin2017/
36e4e7a.1a 6dcb317c 573285 h ???????? 003 /phpmyadmin2018/
36e4e7a.4c 6dcb317c 573285 h ???????? 002 /phpmyadmin2018/
36e4e7a.85 6dcb317c 573285 h ???????? 002 /phpmanager/
36e4e7a.b7 6dcb317c 573285 h ???????? 002 /phpmanager/
36e50bd.96 92b9829d 31e34f h ???????? 003 //robots.txt
36e50bd.d8 92b9829d 31e34f h ???????? 004 /wiki/SingularityUniversity
36e523f.2c 408ca92a 7c930c h ???????? 025 /
36e523f.7e 408ca92a 7c930c h ???????? 062 /hls
36e5240.07 408ca92a 7c930c h ???????? 044 /ls
36e5240.a8 a4843451 eb026b s ???????? 003 /bcHead
36e5240.6f 408ca92a 7c930c h ???????? 0e3 /sh
36e5240.f9 408ca92a 7c930c h ???????? 004 /wiki/GottfriedWilhelmLeibniz
36e5241.44 408ca92a 7c930c h ???????? 004 /wiki/AlanTuring
36e5241.8f 408ca92a 7c930c h ???????? 002 /edit
36e52b2.ba 33ff4782 433e9c h ???????? 003 /sl
36e52fa.69 b44c0fa3 a04d28 h ???????? 004 /wiki/RainerWasserfuhrCvEn
36e542c.75 92b9829d 31e34f h ???????? 01c /
36e55e3.64 42f94bd4 043937 s ???????? 004 /wiki/RaWa
36e5b2d.f3 42f94bc6 043937 h ???????? 004 /wiki/NiVea
36e5b41.28 42f94bc8 043937 h ???????? 004 /wiki/TheSpore
36e5b56.58 42f94bc6 043937 h ???????? 004 /wiki/DenkAkt
36e5b7b.4c 42f94bc6 043937 h ???????? 004 /wiki/DasNetz
36e5b9c.36 36c693dd c76db1 h ???????? 002 /robots.txt
36e5b9c.8e 36c693dd c76db1 h ???????? 026 /
36e5ba3.17 36c693dd c76db1 s ???????? 003 /robots.txt
36e5ba3.a9 36c693dd c76db1 s ???????? 1969 /age
36e5be8.9c a484a2bb 433e9c h ???????? 003 /edit/22456004
36e5c01.6d 36c693dd c76db1 s ???????? 47e /memo
36e5d45.f6 4f87c4aa 573285 h ???????? 003 /mysql/admin/
36e5d46.27 4f87c4aa 573285 h ???????? 002 /mysql/admin/
36e5d46.69 4f87c4aa 573285 h ???????? 002 /mysql/dbadmin/
36e5d46.a5 4f87c4aa 573285 h ???????? 002 /mysql/dbadmin/
36e5d46.e0 4f87c4aa 573285 h ???????? 002 /mysql/sqlmanager/
36e5d47.11 4f87c4aa 573285 h ???????? 003 /mysql/sqlmanager/
36e5d47.57 4f87c4aa 573285 h ???????? 002 /mysql/mysqlmanager/
36e5d47.86 4f87c4aa 573285 h ???????? 003 /mysql/mysqlmanager/
36e5d47.ce 4f87c4aa 573285 h ???????? 003 /phpmyadmin/
36e5d48.14 4f87c4aa 573285 h ???????? 002 /phpmyadmin/
36e5d48.50 4f87c4aa 573285 h ???????? 003 /phpMyadmin/
36e5d48.85 4f87c4aa 573285 h ???????? 002 /phpMyadmin/
36e5d48.cb 4f87c4aa 573285 h ???????? 003 /phpMyAdmin/
36e5d49.01 4f87c4aa 573285 h ???????? 005 /phpMyAdmin/
36e5d49.3e 4f87c4aa 573285 h ???????? 002 /phpmyAdmin/
36e5d49.72 4f87c4aa 573285 h ???????? 003 /phpmyAdmin/
36e5d49.b2 4f87c4aa 573285 h ???????? 003 /phpmyadmin2/
36e5d49.e8 4f87c4aa 573285 h ???????? 003 /phpmyadmin2/
36e5d4d.2c 4f87c4aa 573285 h ???????? 003 /phpmyadmin4/
36e5d4d.5e 4f87c4aa 573285 h ???????? 002 /phpmyadmin4/
36e5d4d.a5 4f87c4aa 573285 h ???????? 003 /2phpmyadmin/
36e5d4d.d9 4f87c4aa 573285 h ???????? 003 /2phpmyadmin/
36e5d4e.19 4f87c4aa 573285 h ???????? 004 /phpmy/
36e5d4e.4f 4f87c4aa 573285 h ???????? 003 /phpmy/
36e5d57.96 4f87c4aa 573285 h ???????? 003 /MyAdmin/
36e5d57.cb 4f87c4aa 573285 h ???????? 002 /MyAdmin/
36e5d58.13 4f87c4aa 573285 h ???????? 003 /program/
36e5d58.44 4f87c4aa 573285 h ???????? 003 /program/
36e5d5b.81 4f87c4aa 573285 h ???????? 003 /dbadmin/
36e5d5b.b9 4f87c4aa 573285 h ???????? 003 /dbadmin/
36e5d5b.f9 4f87c4aa 573285 h ???????? 003 /pma/
36e5d5c.31 4f87c4aa 573285 h ???????? 003 /pma/
36e5d68.7b 4f87c4aa 573285 h ???????? 003 /db/phpmyadmin/
36e5d68.ba 4f87c4aa 573285 h ???????? 003 /db/phpmyadmin/
36e5d69.ff 4f87c4aa 573285 h ???????? 004 /db/phpMyAdmin/
36e5d6a.36 4f87c4aa 573285 h ???????? 003 /db/phpMyAdmin/
36e5d6a.7b 4f87c4aa 573285 h ???????? 003 /sqlmanager/
36e5d6a.b0 4f87c4aa 573285 h ???????? 003 /sqlmanager/
36e5d73.f1 4f87c4aa 573285 h ???????? 002 /mysqladmin/
36e5d74.26 4f87c4aa 573285 h ???????? 003 /mysqladmin/
36e5d74.71 4f87c4aa 573285 h ???????? 003 /mysql-admin/
36e5d75.03 4f87c4aa 573285 h ???????? 003 /mysql-admin/
36e5d75.30 4f87c4aa 573285 h ???????? 001 /admin/phpmyadmin/
36e5d75.5c 4f87c4aa 573285 h ???????? 001 /admin/phpmyadmin/
36e5d75.8e 4f87c4aa 573285 h ???????? 001 /admin/phpMyAdmin/
36e5d75.b8 4f87c4aa 573285 h ???????? 001 /admin/phpMyAdmin/
36e5d75.e8 4f87c4aa 573285 h ???????? 001 /admin/sysadmin/
36e5d76.0f 4f87c4aa 573285 h ???????? 001 /admin/sysadmin/
36e5d76.42 4f87c4aa 573285 h ???????? 006 /admin/sqladmin/
36e5d76.71 4f87c4aa 573285 h ???????? 002 /admin/sqladmin/
36e5d76.a2 4f87c4aa 573285 h ???????? 002 /admin/db/
36e5d76.c8 4f87c4aa 573285 h ???????? 002 /admin/db/
36e5d77.f9 4f87c4aa 573285 h ???????? 001 /admin/web/
36e5d78.22 4f87c4aa 573285 h ???????? 002 /admin/web/
36e5d7b.52 4f87c4aa 573285 h ???????? 001 /mysql/pma/
36e5d7b.7b 4f87c4aa 573285 h ???????? 001 /mysql/pma/
36e5d7f.aa 4f87c4aa 573285 h ???????? 002 /mysql/web/
36e5d7f.cd 4f87c4aa 573285 h ???????? 001 /mysql/web/
36e5d84.00 4f87c4aa 573285 h ???????? 001 /sql/phpmanager/
36e5d84.23 4f87c4aa 573285 h ???????? 001 /sql/phpmanager/
36e5d84.59 4f87c4aa 573285 h ???????? 002 /sql/php-myadmin/
36e5d84.85 4f87c4aa 573285 h ???????? 002 /sql/php-myadmin/
36e5d84.b7 4f87c4aa 573285 h ???????? 002 /sql/phpmy-admin/
36e5d84.df 4f87c4aa 573285 h ???????? 002 /sql/phpmy-admin/
36e5d85.10 4f87c4aa 573285 h ???????? 002 /sql/sql/
36e5d85.3a 4f87c4aa 573285 h ???????? 002 /sql/sql/
36e5d85.69 4f87c4aa 573285 h ???????? 002 /sql/myadmin/
36e5d85.90 4f87c4aa 573285 h ???????? 001 /sql/myadmin/
36e5d85.c0 4f87c4aa 573285 h ???????? 001 /sql/webadmin/
36e5d85.e5 4f87c4aa 573285 h ???????? 002 /sql/webadmin/
36e5d86.19 4f87c4aa 573285 h ???????? 002 /sql/sqlweb/
36e5d86.43 4f87c4aa 573285 h ???????? 002 /sql/sqlweb/
36e5d87.79 4f87c4aa 573285 h ???????? 002 /sql/websql/
36e5d87.9d 4f87c4aa 573285 h ???????? 002 /sql/websql/
36e5d8e.dd 4f87c4aa 573285 h ???????? 002 /sql/sql-admin/
36e5d8f.08 4f87c4aa 573285 h ???????? 001 /sql/sql-admin/
36e5d8f.3b 4f87c4aa 573285 h ???????? 002 /sql/phpmyadmin2/
36e5d8f.65 4f87c4aa 573285 h ???????? 002 /sql/phpmyadmin2/
36e5d93.a3 4f87c4aa 573285 h ???????? 002 /sql/phpMyAdmin/
36e5d93.d1 4f87c4aa 573285 h ???????? 001 /sql/phpMyAdmin/
36e5d94.0d 4f87c4aa 573285 h ???????? 002 /db/myadmin/
36e5d94.45 4f87c4aa 573285 h ???????? 002 /db/myadmin/
36e5d94.79 4f87c4aa 573285 h ???????? 002 /db/webadmin/
36e5d94.ab 4f87c4aa 573285 h ???????? 002 /db/webadmin/
36e5d94.e3 4f87c4aa 573285 h ???????? 001 /db/dbweb/
36e5d95.0d 4f87c4aa 573285 h ???????? 001 /db/dbweb/
36e5d95.4d 4f87c4aa 573285 h ???????? 002 /db/websql/
36e5d95.75 4f87c4aa 573285 h ???????? 001 /db/websql/
36e5d98.ad 4f87c4aa 573285 h ???????? 002 /db/dbadmin/
36e5d98.d4 4f87c4aa 573285 h ???????? 002 /db/dbadmin/
36e5da3.10 4f87c4aa 573285 h ???????? 002 /db/phpMyAdmin-3/
36e5da3.39 4f87c4aa 573285 h ???????? 002 /db/phpMyAdmin-3/
36e5da3.6e 4f87c4aa 573285 h ???????? 001 /administrator/phpmyadmin/
36e5da3.95 4f87c4aa 573285 h ???????? 001 /administrator/phpmyadmin/
36e5da3.c9 4f87c4aa 573285 h ???????? 001 /administrator/phpMyAdmin/
36e5da3.f2 4f87c4aa 573285 h ???????? 001 /administrator/phpMyAdmin/
36e5da4.26 4f87c4aa 573285 h ???????? 002 /administrator/db/
36e5da4.4f 4f87c4aa 573285 h ???????? 001 /administrator/db/
36e5db0.8b 4f87c4aa 573285 h ???????? 002 /phpMyAdmin2/
36e5db0.b4 4f87c4aa 573285 h ???????? 001 /phpMyAdmin2/
36e5db0.e6 4f87c4aa 573285 h ???????? 001 /phpMyAdmin3/
36e5db1.1a 4f87c4aa 573285 h ???????? 002 /phpMyAdmin3/
36e5db1.4d 4f87c4aa 573285 h ???????? 002 /phpMyAdmin4/
36e5db1.79 4f87c4aa 573285 h ???????? 001 /phpMyAdmin4/
36e5db1.ab 4f87c4aa 573285 h ???????? 002 /phpMyAdmin-3/
36e5db1.d4 4f87c4aa 573285 h ???????? 001 /phpMyAdmin-3/
36e5db3.0f 4f87c4aa 573285 h ???????? 002 /php-my-admin/
36e5db3.3c 4f87c4aa 573285 h ???????? 002 /php-my-admin/
36e5db3.71 4f87c4aa 573285 h ???????? 002 /PMA2011/
36e5db3.9b 4f87c4aa 573285 h ???????? 002 /PMA2011/
36e5db7.d1 4f87c4aa 573285 h ???????? 002 /PMA2013/
36e5db7.fb 4f87c4aa 573285 h ???????? 002 /PMA2013/
36e5dbc.45 4f87c4aa 573285 h ???????? 002 /PMA2015/
36e5dbc.6d 4f87c4aa 573285 h ???????? 002 /PMA2015/
36e5dbc.a1 4f87c4aa 573285 h ???????? 002 /PMA2016/
36e5dbc.cc 4f87c4aa 573285 h ???????? 002 /PMA2016/
36e5dbd.00 4f87c4aa 573285 h ???????? 002 /PMA2017/
36e5dbd.27 4f87c4aa 573285 h ???????? 002 /PMA2017/
36e5dbe.5c 4f87c4aa 573285 h ???????? 002 /PMA2018/
36e5dbe.8b 4f87c4aa 573285 h ???????? 002 /PMA2018/
36e5dbe.c1 4f87c4aa 573285 h ???????? 002 /pma2011/
36e5dbe.f3 4f87c4aa 573285 h ???????? 002 /pma2011/
36e5dc0.2f 4f87c4aa 573285 h ???????? 002 /pma2012/
36e5dc0.5d 4f87c4aa 573285 h ???????? 002 /pma2012/
36e5dc0.93 4f87c4aa 573285 h ???????? 002 /pma2013/
36e5dc0.bd 4f87c4aa 573285 h ???????? 009 /pma2013/
36e5dc1.03 4f87c4aa 573285 h ???????? 003 /pma2014/
36e5dc1.33 4f87c4aa 573285 h ???????? 002 /pma2014/
36e5dc1.6a 4f87c4aa 573285 h ???????? 002 /pma2015/
36e5dc1.93 4f87c4aa 573285 h ???????? 002 /pma2015/
36e5dc1.c9 4f87c4aa 573285 h ???????? 001 /pma2016/
36e5dc1.f1 4f87c4aa 573285 h ???????? 001 /pma2016/
36e5dc3.2e 4f87c4aa 573285 h ???????? 002 /pma2017/
36e5dc3.59 4f87c4aa 573285 h ???????? 002 /pma2017/
36e5dc3.8d 4f87c4aa 573285 h ???????? 009 /pma2018/
36e5dc3.c3 4f87c4aa 573285 h ???????? 002 /pma2018/
36e5dc3.f7 4f87c4aa 573285 h ???????? 002 /phpmyadmin2011/
36e5dc4.22 4f87c4aa 573285 h ???????? 002 /phpmyadmin2011/
36e5dc4.57 4f87c4aa 573285 h ???????? 002 /phpmyadmin2012/
36e5dc4.83 4f87c4aa 573285 h ???????? 002 /phpmyadmin2012/
36e5dc4.b9 4f87c4aa 573285 h ???????? 002 /phpmyadmin2013/
36e5dc4.e5 4f87c4aa 573285 h ???????? 002 /phpmyadmin2013/
36e5dc5.27 4f87c4aa 573285 h ???????? 002 /phpmyadmin2014/
36e5dc5.53 4f87c4aa 573285 h ???????? 002 /phpmyadmin2014/
36e5dce.8c 4f87c4aa 573285 h ???????? 002 /phpmyadmin2018/
36e5dce.ba 4f87c4aa 573285 h ???????? 002 /phpmyadmin2018/
36e5dce.ee 4f87c4aa 573285 h ???????? 002 /phpmanager/
36e5dcf.22 4f87c4aa 573285 h ???????? 002 /phpmanager/
36e5e3c.da bc285186 7dfab1 h ???????? 003 //rss.jsp
36e5e3d.04 bc285186 7dfab1 h ???????? 002 //rss.jsp
36e5e4b.dc 42f95be8 70a047 h ???????? 001 //rss.rdf
36e5e5b.e5 bc285186 7dfab1 h ???????? 003 //rss.jsp
36e5e5c.13 bc285186 7dfab1 h ???????? 002 //rss.jsp
36e5f14.be 42f94bc6 043937 h ???????? 005 /wiki/RePublica
36e5f82.e3 b44c0f98 a04d28 h ???????? 003 /wiki/NormSprache
36e6005.2c bc285186 7dfab1 h ???????? 002 //rss.jsp
36e6005.57 bc285186 7dfab1 h ???????? 002 //rss.jsp
36e6013.ce bc285186 7dfab1 h ???????? 003 //rss.jsp
36e6013.f8 bc285186 7dfab1 h ???????? 002 //rss.jsp
36e6053.27 c7109db4 45fe92 h ???????? 003 /robots.txt
36e6053.63 c7109db4 45fe92 h ???????? 018 /1
36e6221.aa 4a73d683 3d8b22 h ???????? 019 /
36e6246.80 42f94bc6 043937 h ???????? 003 /robots.txt
36e6246.c0 42f94bc6 043937 h ???????? 002 /robots.txt
36e626f.1e 403efca2 b5eaf4 h ???????? 003 /robots.txt
36e66f7.fc 42f94bc6 043937 h ???????? 003 //PageInfo.jsp
36e69b7.f4 42f94bc8 043937 h ???????? 004 /wiki/HarVest
36e69c3.f1 42f94bc8 043937 h ???????? 003 /wiki/DoJo
36e6a02.45 42f94bca 043937 h ???????? 003 /wiki/EhochIx
36e6a28.ca 42f94bca 043937 h ???????? 004 /wiki/OpenCyc
36e6a66.77 42f94bc8 043937 h ???????? 005 /wiki/CashCow
36e6c3a.12 4a7d4c21 55c2cd h ???????? 003 //rss.rdf
36e6e02.47 42f94bc6 043937 h ???????? 004 /wiki/WaTr
36e6e1e.4b b44c0f18 a04d28 h ???????? 004 /wiki/%3Ca%20class=%22blue%22%20href=%22/wiki/MindFloor%22%3EMindFloor%3C/a%3E
36e6ffe.61 cf2e0d38 6a88e8 h ???????? 01f /
36e70d7.b8 42f94bc8 043937 h ???????? 004 /wiki/PerceptNode
36e7100.2f 42f94bc8 043937 h ???????? 005 /wiki/DotSub
36e725c.9d 42f94bca 043937 h ???????? 004 /wiki/EchtZeit
36e72a1.cf 42f94bd2 043937 s ???????? 004 /wiki/MurPo
36e737f.36 42f94bc8 043937 h ???????? 004 /wiki/GleisAcht
36e742d.de 05c44437 96ac91 h ???????? 01c /
36e7499.cf 42f94bc6 043937 h ???????? 004 /wiki/ErikMesoy
36e7580.c9 2ea5c58e 028fc4 h ???????? 002 //robots.txt
36e7585.18 2ea5c58e 028fc4 h ???????? 01d /
36e7588.e8 2ea5c58e 028fc4 h ???????? 005 //wiki/LockSchuppen
36e7642.3b 42f94bc8 043937 h ???????? 005 /wiki/WonderFul
36e7643.8c 42f94bca 043937 h ???????? 005 /wiki/SamoBurja
36e7677.e9 33ff411d 433e9c h ???????? 004 /wiki/CoConsulting
36e771a.15 22f8ff4f 590f55 h ???????? 01d /
36e777b.5e 42f94bc8 043937 h ???????? 004 /wiki/WortLos
36e77c8.8c 42f94bc8 043937 h ???????? 005 /wiki/TinyUrl
36e77ee.28 42f94bc8 043937 h ???????? 005 /wiki/TexAi
36e780b.f8 42f94bc8 043937 h ???????? 004 /wiki/ProPhet
36e7870.59 42f94bca 043937 h ???????? 004 /wiki/DrehScheibe
36e797b.be d94585ef 399ff9 h ???????? 005 /robots.txt
36e7984.2f d94585ed 399ff9 h ???????? 002 /t
36e7aa8.71 42f94bc6 043937 h ???????? 004 /wiki/AndrewSummitt
36e7b11.5d 42f95be6 70a047 h ???????? 003 //rss.rdf
36e7dc1.c2 42f94bca 043937 h ???????? 005 /wiki/KreutzKammApp
36e7f1d.0e 4a73d688 3d8b22 h ???????? 01d /
36e805b.06 42f94bd0 043937 s ???????? 004 /wiki/JayEff
36e806a.bd 42f94bd4 043937 s ???????? 004 /wiki/WeiMan
36e8090.46 42f94bd2 043937 s ???????? 005 /wiki/DirkBach
36e809b.97 42f94bd0 043937 s ???????? 004 /wiki/TomaGrub
36e80b7.89 42f94bd2 043937 s ???????? 004 /wiki/XiJinping
36e81b6.76 42f94bc8 043937 h ???????? 004 /wiki/WebApp
36e829a.cd 42f94bc6 043937 h ???????? 005 /wiki/CliffJoslyn
36e8328.06 b44c0f9c a04d28 h ???????? 003 /Edit.jsp
36e8541.06 42f94bc8 043937 h ???????? 005 /wiki/SenSe
36e856e.5d 42f94bc8 043937 h ???????? 004 /wiki/WaveBot
36e857e.1d 42f94bc8 043937 h ???????? 005 /wiki/IAsTHzAB
36e85c2.a4 42f94bc8 043937 h ???????? 005 /wiki/ProtoTyp
36e871d.b0 42f94bc6 043937 h ???????? 003 /go
36e87bb.ab 42f94bc8 043937 h ???????? 004 /wiki/MindShare
36e87c3.a8 b99cadeb c71b0b h ???????? 003 /stalker_portal/server/adm/tv-channels/iptv-list-json
36e8af9.2c b44c0f13 a04d28 h ???????? 005 /wiki/LockOffice
36e8b2e.3b c4342b38 cf6846 h ???????? 01c /
36e8bd5.14 42f94bc8 043937 h ???????? 002 /edit
36e8ed0.c4 42f94bd4 043937 s ???????? 005 /wiki/TheoSommer
36e8f0d.9f 42f94bd4 043937 s ???????? 005 /wiki/JonBurnham
36e8f2c.54 42f94bd0 043937 s ???????? 004 /wiki/UmaThurman
36e8f57.46 bce2a991 ef60d6 s ???????? 00d /ews/exchange/
36e8f6b.cb 42f94bd2 043937 s ???????? 005 /wiki/UmbertoEco
36e8fe1.55 42f94bd4 043937 s ???????? 004 /wiki/KimJongNam
36e9027.16 42f94bd4 043937 s ???????? 004 /wiki/RudiVoeller
36e90e4.7a 42f94bca 043937 h ???????? 005 /wiki/JosLehmann
36e92c8.21 b44c0f8c a04d28 h ???????? 005 /wiki/NooPolis
36e945d.f6 42f94bc8 043937 h ???????? 005 /wiki/MindFutures
36e95cc.bc 42f94bca 043937 h ???????? 005 /wiki/MindEars
36e95dd.fb 42f94bc6 043937 h ???????? 004 /wiki/NamDo
36e9616.a4 42f94bc6 043937 h ???????? 005 /wiki/EmerGier
36e961f.bd 42f94bc6 043937 h ???????? 005 /wiki/NrW
36e9628.9e add0fdb2 6f0637 h ???????? 01e /
36e969e.ac 42f94bc6 043937 h ???????? 005 /wiki/ScorGroup
36e9762.61 42f95be6 70a047 h ???????? 003 //rss.rdf
36e9cba.14 b44c0f89 a04d28 h ???????? 02c /
36e9cfb.26 42f94bc8 622963 h ???????? 002 /go
36e9d22.34 4e22c47a 5aa285 h ???????? 005 /wiki/PieschenRobotics
36e9e0e.09 42f94bd0 043937 s ???????? 006 /wiki/DonaldTrump
36e9e66.f0 42f94bd2 043937 s ???????? 005 /wiki/SalimIsmail
36e9e72.c4 42f94bd2 043937 s ???????? 005 /wiki/EvGe
36e9e89.54 42f94bd0 043937 s ???????? 005 /wiki/LaraLiqueur
36e9e8f.36 42f94bd0 043937 s ???????? 005 /wiki/GeorgePolya
36e9e98.0e 42f94bd0 043937 s ???????? 005 /wiki/DieterEilts
36ea1f0.3e b9233f80 937971 s ???????? 031 /
36ea2d4.a0 42f94bc8 043937 h ???????? 004 /robots.txt
36ea2d5.07 42f94bca 043937 h ???????? 003 /robots.txt
36ea33c.c2 42f94bc6 043937 h ???????? 007 /wiki/OberReut
36ea378.b0 42f94bca 043937 h ???????? 005 /wiki/CollinJackson
36ea39c.66 42f94bc6 043937 h ???????? 005 /wiki/SeiMutig
36ea3f3.5b 42f94bc6 043937 h ???????? 005 /wiki/OkkamOrg
36ea48a.23 b44c0f20 a04d28 h ???????? 005 /wiki/HawaZuZie
36ea538.a0 5c9a5874 573285 h ???????? 003 
36ea538.cc 5c9a5874 573285 h ???????? 002 
36ea620.bb 42f94bc6 043937 h ???????? 005 /wiki/StockMarket
36ea9f6.53 42f94bc6 043937 h ???????? 005 /wiki/LifeDay16101
36eab50.fc 42f94bd2 043937 s ???????? 006 /wiki/AntonCorbijn
36eab74.7f 42f94bd0 043937 s ???????? 006 /wiki/KatjaBurkard
36eab96.0d 42f94bd2 043937 s ???????? 005 /wiki/RudolfEucken
36eabb2.62 42f94bd0 043937 s ???????? 005 /wiki/GeorgeShultz
36eac08.39 42f94bd0 043937 s ???????? 005 /wiki/RobertHoyzer
36eac6c.02 42f94bd2 043937 s ???????? 006 /wiki/MelaniaTrump
36eb073.d0 42f94bc8 043937 h ???????? 005 /wiki/LifeDay16073
36eb07a.16 42f94bc8 043937 h ???????? 005 /wiki/ImMersiv
36eb084.cc 42f94bc6 043937 h ???????? 004 /wiki/KauSt
36eb09b.f1 42f94bc6 043937 h ???????? 002 /wiki/SeeKabel
36eb0b7.bc 42f94bca 043937 h ???????? 001 /wiki/WereWolf
36eb0c6.50 42f94bc6 043937 h ???????? 002 /wiki/EvaLubas
36eb0e0.23 42f94bc6 043937 h ???????? 002 /wiki/ConSpire
36eb103.db 78979246 573285 h ???????? 001 /mysql/admin/
36eb104.4a 78979246 573285 h ???????? 001 /mysql/admin/
36eb105.0f 78979246 573285 h ???????? 001 /mysql/dbadmin/
36eb105.7c 78979246 573285 h ???????? 001 /mysql/dbadmin/
36eb106.3d 78979246 573285 h ???????? 002 /mysql/sqlmanager/
36eb106.ac 78979246 573285 h ???????? 001 /mysql/sqlmanager/
36eb107.6c 78979246 573285 h ???????? 001 /mysql/mysqlmanager/
36eb107.e0 78979246 573285 h ???????? 001 /mysql/mysqlmanager/
36eb108.a9 78979246 573285 h ???????? 002 /phpmyadmin/
36eb109.1c 78979246 573285 h ???????? 002 /phpmyadmin/
36eb109.e2 78979246 573285 h ???????? 002 /phpMyadmin/
36eb10a.51 78979246 573285 h ???????? 002 /phpMyadmin/
36eb10b.13 78979246 573285 h ???????? 007 /phpMyAdmin/
36eb10b.81 78979246 573285 h ???????? 001 /phpMyAdmin/
36eb10c.42 78979246 573285 h ???????? 002 /phpmyAdmin/
36eb10c.b2 78979246 573285 h ???????? 002 /phpmyAdmin/
36eb10d.78 78979246 573285 h ???????? 001 /phpmyadmin2/
36eb10d.e8 78979246 573285 h ???????? 002 /phpmyadmin2/
36eb10e.aa 78979246 573285 h ???????? 001 /phpmyadmin3/
36eb10f.1f 78979246 573285 h ???????? 003 /phpmyadmin3/
36eb10f.e4 78979246 573285 h ???????? 001 /phpmyadmin4/
36eb110.56 78979246 573285 h ???????? 002 /phpmyadmin4/
36eb111.18 78979246 573285 h ???????? 002 /2phpmyadmin/
36eb111.86 78979246 573285 h ???????? 001 /2phpmyadmin/
36eb112.47 78979246 573285 h ???????? 002 /phpmy/
36eb112.b7 78979246 573285 h ???????? 001 /phpmy/
36eb113.79 78979246 573285 h ???????? 002 /phppma/
36eb113.e7 78979246 573285 h ???????? 002 /phppma/
36eb114.a9 78979246 573285 h ???????? 002 /myadmin/
36eb115.18 78979246 573285 h ???????? 002 /myadmin/
36eb116.10 a4843451 eb026b s ???????? 002 /bcHead
36eb115.db 78979246 573285 h ???????? 0d4 /shopdb/
36eb116.a3 a4843451 eb026b s ???????? 002 /bcHead
36eb116.85 78979246 573285 h ???????? 079 /shopdb/
36eb117.67 78979246 573285 h ???????? 002 /MyAdmin/
36eb117.e0 78979246 573285 h ???????? 007 /MyAdmin/
36eb118.a4 78979246 573285 h ???????? 001 /program/
36eb119.13 78979246 573285 h ???????? 001 /program/
36eb119.d5 78979246 573285 h ???????? 001 /PMA/
36eb11a.46 78979246 573285 h ???????? 002 /PMA/
36eb11b.0c 78979246 573285 h ???????? 001 /dbadmin/
36eb11b.7e 78979246 573285 h ???????? 001 /dbadmin/
36eb11c.48 78979246 573285 h ???????? 001 /pma/
36eb11c.b9 78979246 573285 h ???????? 002 /pma/
36eb11d.7d 78979246 573285 h ???????? 002 /db/
36eb11d.ec 78979246 573285 h ???????? 001 /db/
36eb11e.b0 78979246 573285 h ???????? 002 /admin/
36eb11f.1e 78979246 573285 h ???????? 002 /admin/
36eb11f.e4 78979246 573285 h ???????? 002 /mysql/
36eb120.56 78979246 573285 h ???????? 001 /mysql/
36eb121.1b 78979246 573285 h ???????? 001 /database/
36eb121.8b 78979246 573285 h ???????? 002 /database/
36eb122.51 78979246 573285 h ???????? 002 /db/phpmyadmin/
36eb122.c1 78979246 573285 h ???????? 002 /db/phpmyadmin/
36eb123.86 78979246 573285 h ???????? 002 /db/phpMyAdmin/
36eb123.f4 78979246 573285 h ???????? 002 /db/phpMyAdmin/
36eb124.b8 78979246 573285 h ???????? 008 /sqlmanager/
36eb125.2b 78979246 573285 h ???????? 001 /sqlmanager/
36eb125.f0 78979246 573285 h ???????? 002 /mysqlmanager/
36eb126.60 78979246 573285 h ???????? 001 /mysqlmanager/
36eb127.26 78979246 573285 h ???????? 001 /php-myadmin/
36eb127.98 78979246 573285 h ???????? 002 /php-myadmin/
36eb128.5e 78979246 573285 h ???????? 001 /phpmy-admin/
36eb128.d0 78979246 573285 h ???????? 001 /phpmy-admin/
36eb129.96 78979246 573285 h ???????? 001 /mysqladmin/
36eb12a.0b 78979246 573285 h ???????? 002 /mysqladmin/
36eb12a.d9 78979246 573285 h ???????? 001 /mysql-admin/
36eb12b.4b 78979246 573285 h ???????? 002 /mysql-admin/
36eb12c.15 78979246 573285 h ???????? 003 /admin/phpmyadmin/
36eb12c.89 78979246 573285 h ???????? 002 /admin/phpmyadmin/
36eb12d.51 78979246 573285 h ???????? 002 /admin/phpMyAdmin/
36eb12d.c1 78979246 573285 h ???????? 002 /admin/phpMyAdmin/
36eb12e.88 78979246 573285 h ???????? 002 /admin/sysadmin/
36eb12e.fb 78979246 573285 h ???????? 001 /admin/sysadmin/
36eb12f.c2 78979246 573285 h ???????? 002 /admin/sqladmin/
36eb130.35 78979246 573285 h ???????? 003 /admin/sqladmin/
36eb130.fc 78979246 573285 h ???????? 002 /admin/db/
36eb131.6e 78979246 573285 h ???????? 002 /admin/db/
36eb132.37 78979246 573285 h ???????? 003 /admin/web/
36eb132.ac 78979246 573285 h ???????? 002 /admin/web/
36eb133.72 78979246 573285 h ???????? 002 /admin/pMA/
36eb133.e5 78979246 573285 h ???????? 003 /admin/pMA/
36eb134.b4 78979246 573285 h ???????? 002 /mysql/pma/
36eb135.25 78979246 573285 h ???????? 001 /mysql/pma/
36eb135.ed 78979246 573285 h ???????? 002 /mysql/db/
36eb136.60 78979246 573285 h ???????? 002 /mysql/db/
36eb137.28 78979246 573285 h ???????? 002 /mysql/web/
36eb137.9a 78979246 573285 h ???????? 002 /mysql/web/
36eb138.63 78979246 573285 h ???????? 002 /mysql/pMA/
36eb138.d6 78979246 573285 h ???????? 002 /mysql/pMA/
36eb139.a0 78979246 573285 h ???????? 001 /sql/phpmanager/
36eb13a.16 78979246 573285 h ???????? 002 /sql/phpmanager/
36eb13a.de 78979246 573285 h ???????? 002 /sql/php-myadmin/
36eb13b.53 78979246 573285 h ???????? 002 /sql/php-myadmin/
36eb13c.1f 78979246 573285 h ???????? 002 /sql/phpmy-admin/
36eb13c.91 78979246 573285 h ???????? 002 /sql/phpmy-admin/
36eb13d.57 78979246 573285 h ???????? 002 /sql/sql/
36eb13d.ca 78979246 573285 h ???????? 003 /sql/sql/
36eb13e.93 78979246 573285 h ???????? 008 /sql/myadmin/
36eb13f.0c 78979246 573285 h ???????? 002 /sql/myadmin/
36eb13f.d5 78979246 573285 h ???????? 002 /sql/webadmin/
36eb140.4b 78979246 573285 h ???????? 002 /sql/webadmin/
36eb141.14 78979246 573285 h ???????? 002 /sql/sqlweb/
36eb141.88 78979246 573285 h ???????? 002 /sql/sqlweb/
36eb142.50 78979246 573285 h ???????? 003 /sql/websql/
36eb142.c3 78979246 573285 h ???????? 003 /sql/websql/
36eb143.8c 78979246 573285 h ???????? 002 /sql/webdb/
36eb144.03 78979246 573285 h ???????? 003 /sql/webdb/
36eb144.cb 78979246 573285 h ???????? 002 /sql/sqladmin/
36eb145.3e 78979246 573285 h ???????? 002 /sql/sqladmin/
36eb146.07 78979246 573285 h ???????? 001 /sql/sql-admin/
36eb146.84 78979246 573285 h ???????? 002 /sql/sql-admin/
36eb147.4c 78979246 573285 h ???????? 002 /sql/phpmyadmin2/
36eb147.c2 78979246 573285 h ???????? 002 /sql/phpmyadmin2/
36eb148.8a 78979246 573285 h ???????? 003 /sql/phpMyAdmin2/
36eb149.04 78979246 573285 h ???????? 002 /sql/phpMyAdmin2/
36eb149.d3 78979246 573285 h ???????? 002 /sql/phpMyAdmin/
36eb14a.47 78979246 573285 h ???????? 001 /sql/phpMyAdmin/
36eb14b.16 78979246 573285 h ???????? 002 /db/myadmin/
36eb14b.33 a484a11c 433e9c h ???????? 002 /edit/30406001
36eb14b.90 78979246 573285 h ???????? 002 /db/myadmin/
36eb14c.60 78979246 573285 h ???????? 002 /db/webadmin/
36eb14c.d5 78979246 573285 h ???????? 002 /db/webadmin/
36eb14d.a5 78979246 573285 h ???????? 00b /db/dbweb/
36eb14e.1c 78979246 573285 h ???????? 005 /db/dbweb/
36eb14e.e9 78979246 573285 h ???????? 002 /db/websql/
36eb14f.5e 78979246 573285 h ???????? 003 /db/websql/
36eb150.28 78979246 573285 h ???????? 002 /db/webdb/
36eb150.9f 78979246 573285 h ???????? 002 /db/webdb/
36eb151.6d 78979246 573285 h ???????? 002 /db/dbadmin/
36eb151.e4 78979246 573285 h ???????? 002 /db/dbadmin/
36eb152.ad 78979246 573285 h ???????? 002 /db/db-admin/
36eb153.24 78979246 573285 h ???????? 002 /db/db-admin/
36eb153.f4 78979246 573285 h ???????? 003 /db/phpmyadmin3/
36eb154.6d 78979246 573285 h ???????? 001 /db/phpmyadmin3/
36eb155.37 78979246 573285 h ???????? 002 /db/phpMyAdmin3/
36eb155.ae 78979246 573285 h ???????? 002 /db/phpMyAdmin3/
36eb156.78 78979246 573285 h ???????? 002 /db/phpMyAdmin-3/
36eb156.ef 78979246 573285 h ???????? 002 /db/phpMyAdmin-3/
36eb157.b9 78979246 573285 h ???????? 002 /administrator/phpmyadmin/
36eb158.31 78979246 573285 h ???????? 002 /administrator/phpmyadmin/
36eb158.fc 78979246 573285 h ???????? 002 /administrator/phpMyAdmin/
36eb159.74 78979246 573285 h ???????? 002 /administrator/phpMyAdmin/
36eb15a.43 78979246 573285 h ???????? 003 /administrator/db/
36eb15a.bb 78979246 573285 h ???????? 003 /administrator/db/
36eb15b.85 78979246 573285 h ???????? 002 /administrator/web/
36eb15b.fb 78979246 573285 h ???????? 003 /administrator/web/
36eb15c.c6 78979246 573285 h ???????? 002 /administrator/pma/
36eb15d.3d 78979246 573285 h ???????? 00a /administrator/pma/
36eb15e.14 78979246 573285 h ???????? 002 /administrator/PMA/
36eb15e.8b 78979246 573285 h ???????? 002 /administrator/PMA/
36eb15f.57 78979246 573285 h ???????? 002 /administrator/admin/
36eb15f.cf 78979246 573285 h ???????? 003 /administrator/admin/
36eb160.9d 78979246 573285 h ???????? 002 /phpMyAdmin2/
36eb161.14 78979246 573285 h ???????? 002 /phpMyAdmin2/
36eb161.e1 78979246 573285 h ???????? 002 /phpMyAdmin3/
36eb162.57 78979246 573285 h ???????? 002 /phpMyAdmin3/
36eb163.25 78979246 573285 h ???????? 002 /phpMyAdmin4/
36eb163.9d 78979246 573285 h ???????? 003 /phpMyAdmin4/
36eb164.6a 78979246 573285 h ???????? 003 /phpMyAdmin-3/
36eb164.e1 78979246 573285 h ???????? 002 /phpMyAdmin-3/
36eb165.af 78979246 573285 h ???????? 002 /php-my-admin/
36eb166.25 78979246 573285 h ???????? 002 /php-my-admin/
36eb166.f4 78979246 573285 h ???????? 002 /PMA2011/
36eb167.6f 78979246 573285 h ???????? 003 /PMA2011/
36eb168.49 78979246 573285 h ???????? 004 /PMA2012/
36eb168.c7 78979246 573285 h ???????? 002 /PMA2012/
36eb169.94 78979246 573285 h ???????? 002 /PMA2013/
36eb16a.18 78979246 573285 h ???????? 003 /PMA2013/
36eb16a.e7 78979246 573285 h ???????? 00a /PMA2014/
36eb16b.6c 78979246 573285 h ???????? 004 /PMA2014/
36eb16c.39 78979246 573285 h ???????? 003 /PMA2015/
36eb16c.b2 78979246 573285 h ???????? 002 /PMA2015/
36eb16d.81 78979246 573285 h ???????? 002 /PMA2016/
36eb16d.fc 78979246 573285 h ???????? 002 /PMA2016/
36eb16e.c9 78979246 573285 h ???????? 003 /PMA2017/
36eb16f.42 78979246 573285 h ???????? 002 /PMA2017/
36eb170.11 78979246 573285 h ???????? 003 /PMA2018/
36eb170.8e 78979246 573285 h ???????? 002 /PMA2018/
36eb171.5d 78979246 573285 h ???????? 003 /pma2011/
36eb171.da 78979246 573285 h ???????? 003 /pma2011/
36eb172.a8 78979246 573285 h ???????? 002 /pma2012/
36eb173.25 78979246 573285 h ???????? 002 /pma2012/
36eb173.f4 78979246 573285 h ???????? 002 /pma2013/
36eb174.6d 78979246 573285 h ???????? 002 /pma2013/
36eb175.3c 78979246 573285 h ???????? 003 /pma2014/
36eb175.bd 78979246 573285 h ???????? 003 /pma2014/
36eb176.8b 78979246 573285 h ???????? 003 /pma2015/
36eb177.04 78979246 573285 h ???????? 002 /pma2015/
36eb177.d1 78979246 573285 h ???????? 003 /pma2016/
36eb178.4c 78979246 573285 h ???????? 00c /pma2016/
36eb179.20 78979246 573285 h ???????? 002 /pma2017/
36eb179.9d 78979246 573285 h ???????? 002 /pma2017/
36eb17a.6e 78979246 573285 h ???????? 002 /pma2018/
36eb17a.ed 78979246 573285 h ???????? 003 /pma2018/
36eb17b.c0 78979246 573285 h ???????? 003 /phpmyadmin2011/
36eb17c.38 78979246 573285 h ???????? 003 /phpmyadmin2011/
36eb17d.08 78979246 573285 h ???????? 002 /phpmyadmin2012/
36eb17d.87 78979246 573285 h ???????? 002 /phpmyadmin2012/
36eb17e.5b 78979246 573285 h ???????? 003 /phpmyadmin2013/
36eb17e.d7 78979246 573285 h ???????? 002 /phpmyadmin2013/
36eb17f.ad 78979246 573285 h ???????? 003 /phpmyadmin2014/
36eb180.2e 78979246 573285 h ???????? 003 /phpmyadmin2014/
36eb181.03 78979246 573285 h ???????? 003 /phpmyadmin2015/
36eb181.82 78979246 573285 h ???????? 003 /phpmyadmin2015/
36eb182.53 78979246 573285 h ???????? 002 /phpmyadmin2016/
36eb182.ce 78979246 573285 h ???????? 003 /phpmyadmin2016/
36eb183.a0 78979246 573285 h ???????? 003 /phpmyadmin2017/
36eb184.1d 78979246 573285 h ???????? 002 /phpmyadmin2017/
36eb184.f0 78979246 573285 h ???????? 003 /phpmyadmin2018/
36eb185.70 78979246 573285 h ???????? 003 /phpmyadmin2018/
36eb186.43 78979246 573285 h ???????? 00d /phpmanager/
36eb186.c2 78979246 573285 h ???????? 003 /phpmanager/
36eb39b.21 42f94bc8 043937 h ???????? 003 /film/robots.txt
36eb6f1.5f 42f94bc8 043937 h ???????? 005 /wiki/BridgeSong
36eb7bc.c3 b44c0f1b a04d28 h ???????? 003 /radio
36eb7e3.b4 42f94bc8 043937 h ???????? 004 /wiki/DeutschPost
36eb81f.18 42f94bd2 043937 s ???????? 004 /wiki/JuergenVogel
36eb838.f5 42f94bd4 043937 s ???????? 006 /wiki/SundarPichai
36eb85d.70 42f94bd2 043937 s ???????? 004 /wiki/CurdJuergens
36eb869.3d 42f94bd0 043937 s ???????? 005 /wiki/LudvigHolberg
36eb877.9b 42f95be8 70a047 h ???????? 002 //rss.rdf
36eb89b.96 42f94bd0 043937 s ???????? 005 /wiki/StephenKleene
36ebb56.c0 a4340784 7a122d h ???????? 020 /
36ebb6d.31 5cc833b4 1bc7ab h ???????? 005 /wiki/PieschenRobotics
36ebd6e.dc 42f94bc6 043937 h ???????? 005 /wiki/SharadGoel
36ebe33.e3 42f94bc6 043937 h ???????? 010 /wiki/RdfClass
36ebe4a.06 42f94bca 043937 h ???????? 005 /wiki/TimeLine
36ebe78.4f 42f94bc8 043937 h ???????? 006 /wiki/WahrNehm
36ebe86.25 42f94bca 043937 h ???????? 002 /wiki/LadenAuf
36ebe90.b3 42f94bc6 043937 h ???????? 002 /wiki/LuftGlas
36ebeb9.ad 42f94bc6 043937 h ???????? 002 /wiki/EconoSim
36ebfeb.5b 42f94bc6 043937 h ???????? 001 /earth/robots.txt
36ec0d4.e4 b44c0f0d a04d28 h ???????? 011 /
36ec1ef.33 42f94bc6 043937 h ???????? 003 /wiki/FuerRoland
36ec24d.52 2d371552 ef60d6 h ???????? 014 /
36ec346.cd 42f94bca 043937 h ???????? 003 /wiki/AlaunKonsum
36ec3ec.5a 42f94bc8 043937 h ???????? 002 /wiki/AhmadIqbal
36ec5de.c0 42f94bd4 043937 s ???????? 002 /wiki/YusnierViera
36ec730.c4 284da787 6a88e8 s ???????? 013 /
36ec8df.ae 42f94bc8 043937 h ???????? 002 /t/robots.txt
36ec8fd.85 42f94bd2 043937 s ???????? 002 /edit/64415011
36ec918.d3 42f94bd0 043937 s ???????? 001 /edit/43805003
36ec9a6.ac 42f94bca 043937 h ???????? 002 /wiki/SocialGraph
36eca69.e4 42f94bc8 622963 h ???????? 002 /film
36ecc2b.47 42f94bc6 043937 h ???????? 002 /wiki/LadyLeischner
36ece6c.b0 42f94bc8 043937 h ???????? 003 /wiki/CheckSum
36ece77.53 42f94bca 043937 h ???????? 002 /wiki/DeObdd
36ecea9.cd 2ee5a464 2e29b5 h ???????? 002 /robots.txt
36eceaa.f8 42f94bca 043937 h ???????? 002 /wiki/GeBurt
36ecec0.e4 42f94bc8 043937 h ???????? 002 /wiki/TelePort
36eced6.9a 42f94bc6 043937 h ???????? 002 /wiki/FlatRate
36eceff.99 42f94bc6 043937 h ???????? 003 /wiki/DeepLink
36ed074.ec b44c0f21 a04d28 h ???????? 003 /wiki/%3Ca%20class=%22blue%22%20href=%22/wiki/PlanetErde%22%3EPlanetErde%3C/a%3E
36ed0e7.9a 42f94bc8 043937 h ???????? 003 /wiki/OndrejSvab
36ed11f.00 42f94bc8 043937 h ???????? 002 /system/robots.txt
36ed23e.7c 42f94bc6 043937 h ???????? 001 /base/robots.txt
36ed418.81 2d371561 ef60d6 h ???????? 01c /
36ed59a.06 42f95bea 70a047 h ???????? 001 //rss.rdf
36ed710.b4 42f94bc8 043937 h ???????? 003 /wiki/PeterEmmel
36ed720.ce 42f94bd2 043937 s ???????? 002 /edit/41985003
36ed757.0c 42f94bd0 043937 s ???????? 002 /edit/51395003
36ed94d.c8 b44c0f08 a04d28 h ???????? 019 /
36edb69.af 42f94bc6 043937 h ???????? 003 /wiki/ImmerWieder
36edc0f.2b 42f94bc6 043937 h ???????? 002 /wiki/RealName
36edc17.2e 42f94bc6 043937 h ???????? 002 /wiki/DerKunde
36edc3a.3e 42f94bc6 043937 h ???????? 002 /wiki/FloTt
36edc54.37 42f94bc8 622963 h ???????? 001 /earth
36edc5c.33 42f94bc8 043937 h ???????? 003 /wiki/GloFo
36edc7f.36 42f94bca 043937 h ???????? 002 /wiki/HandOne
36edc94.af 797a8b6c 573285 h ???????? 002 /mysql/admin/
36edc96.28 797a8b6c 573285 h ???????? 001 /mysql/admin/
36edc97.f8 797a8b6c 573285 h ???????? 001 /mysql/dbadmin/
36edc98.76 797a8b6c 573285 h ???????? 002 /mysql/dbadmin/
36edc9a.57 797a8b6c 573285 h ???????? 008 /mysql/sqlmanager/
36edc9a.d3 797a8b6c 573285 h ???????? 002 /mysql/sqlmanager/
36edca3.00 4f87e674 595617 h ???????? 002 /wordpress/wp-admin/setup-config.php
36edcaa.10 797a8b6c 573285 h ???????? 007 /phpmyAdmin/
36edcaa.8b 797a8b6c 573285 h ???????? 001 /phpmyAdmin/
36edcac.60 797a8b6c 573285 h ???????? 002 /phpmyadmin2/
36edcac.de 797a8b6c 573285 h ???????? 002 /phpmyadmin2/
36edcae.ac 797a8b6c 573285 h ???????? 001 /phpmyadmin3/
36edcaf.2a 797a8b6c 573285 h ???????? 001 /phpmyadmin3/
36edcaf.f9 797a8b6c 573285 h ???????? 001 /phpmyadmin4/
36edcb1.7d 797a8b6c 573285 h ???????? 001 /phpmyadmin4/
36edcb3.53 797a8b6c 573285 h ???????? 001 /2phpmyadmin/
36edcb3.d0 797a8b6c 573285 h ???????? 002 /2phpmyadmin/
36edcb5.a3 797a8b6c 573285 h ???????? 001 /phpmy/
36edcb9.3c 797a8b6c 573285 h ???????? 002 /phpmy/
36edcbb.1f 797a8b6c 573285 h ???????? 002 /phppma/
36edcbb.9b 797a8b6c 573285 h ???????? 002 /phppma/
36edcbc.6b 797a8b6c 573285 h ???????? 002 /myadmin/
36edcbc.eb 797a8b6c 573285 h ???????? 002 /myadmin/
36edcbe.f9 a4843451 eb026b s ???????? 004 /bcHead
36edcbe.c8 797a8b6c 573285 h ???????? 0c3 /shopdb/
36edcc0.b4 a4843451 eb026b s ???????? 004 /bcHead
36edcc0.80 797a8b6c 573285 h ???????? 0d2 /shopdb/
36edcc2.8c 797a8b6c 573285 h ???????? 001 /MyAdmin/
36edcc4.17 797a8b6c 573285 h ???????? 001 /MyAdmin/
36edcce.fd 797a8b6c 573285 h ???????? 001 /pma/
36edccf.73 797a8b6c 573285 h ???????? 001 /pma/
36edcd9.49 797a8b6c 573285 h ???????? 002 /database/
36edcd9.c1 797a8b6c 573285 h ???????? 001 /database/
36edcda.94 797a8b6c 573285 h ???????? 002 /db/phpmyadmin/
36edcdc.1d 797a8b6c 573285 h ???????? 002 /db/phpmyadmin/
36edcdf.0e 797a8b6c 573285 h ???????? 001 /db/phpMyAdmin/
36edce0.9b 797a8b6c 573285 h ???????? 008 /db/phpMyAdmin/
36edce1.6f 797a8b6c 573285 h ???????? 002 /sqlmanager/
36edce1.e7 797a8b6c 573285 h ???????? 002 /sqlmanager/
36edce2.b1 797a8b6c 573285 h ???????? 008 /mysqlmanager/
36edce3.2f 797a8b6c 573285 h ???????? 001 /mysqlmanager/
36edce3.fd 797a8b6c 573285 h ???????? 001 /php-myadmin/
36edce5.86 797a8b6c 573285 h ???????? 001 /php-myadmin/
36edcf3.5a 797a8b6c 573285 h ???????? 002 /admin/phpMyAdmin/
36edcf4.e1 797a8b6c 573285 h ???????? 001 /admin/phpMyAdmin/
36edd7a.a9 cf2e0d56 6a88e8 h ???????? 016 /
36edfbd.e5 44b4e6f1 aec21f h ???????? 002 //robots.txt
36edfcd.f4 44b4e73e aec21f h ???????? 002 /robots.txt
36edfce.8b 44b4e73e aec21f h ???????? 003 /wiki/NooPolis
36ee159.91 42f94bc8 043937 h ???????? 003 /wiki/XinyingXu
36ee397.64 36e06a7c c76db1 s ???????? 002 /robots.txt
36ee398.12 a4843451 eb026b s ???????? 003 /bcHead
36ee397.e5 36e06a7c c76db1 s ???????? 0b2 /sh
36ee399.6d 42f94bd2 043937 s ???????? 001 /robots.txt
36ee39a.02 42f94bd4 043937 s ???????? 002 /ad
36ee39e.bc 42f94bd2 043937 s ???????? 002 /UrPic
36ee3a6.d4 36e06a7c c76db1 h ???????? 002 /robots.txt
36ee3a7.20 36e06a7c c76db1 h ???????? 003 /wiki/FutureLab2056
36ee3b5.ed 36e06a7c c76db1 h ???????? 003 /wiki/EdelBild
36ee3c1.18 36e06a7c c76db1 h ???????? 003 /wiki/LockSchuppenAg
36ee3cb.82 36e06a7c c76db1 h ???????? 004 /wiki/WindelWelt
36ee3d7.84 36e06a7c c76db1 h ???????? 003 /wiki/SingularityUniversity
36ee3e0.25 36e06a7c c76db1 h ???????? 003 /wiki/LockSchuppenBusinessPlan
36ee3e9.b2 36e06a7c c76db1 h ???????? 003 /wiki/LockPresention
36ee3f4.11 36e06a7c c76db1 h ???????? 003 /wiki/MindBrokerKg
36ee401.f6 36e06a7c c76db1 h ???????? 004 /wiki/RainerWasserfuhrCv
36ee40b.a8 36e06a7c c76db1 h ???????? 003 /wiki/LockSchuppen
36ee417.04 36e06a7c c76db1 s ???????? 0be /hls
36ee422.47 36e06a7c c76db1 s ???????? 051 /ls
36ee42a.52 36e06a7c c76db1 h ???????? 017 /
36ee4af.e6 6bb2c2d1 71f2b9 s ???????? 009 /put/
36ee5b1.ac 42f94bc8 043937 h ???????? 002 /go
36ee769.45 cf2e0d56 6a88e8 h ???????? 004 /wiki/MindPrize
36ee7a3.8f a3ac6948 8fe32f h ???????? 018 /
36ee846.d7 42f94bca 043937 h ???????? 003 /wiki/AusSage
36ee87c.b2 42f94bca 043937 h ???????? 003 /wiki/MetroAg
36ee8ba.65 42f94bc6 043937 h ???????? 00c /wiki/SciFi
36ee8e5.92 42f94bc6 043937 h ???????? 004 /wiki/VerDien
36ee9ec.86 42f94bc8 622963 h ???????? 002 /t
36eed4c.1b 42f94bc6 043937 h ???????? 004 /wiki/HudsonRiver
36eed79.f9 2ee5a465 2e29b5 h ???????? 002 /robots.txt
36eee2a.bd 42f94bca 622963 h ???????? 003 /system
36eee4a.27 34d3f6ad b087b0 h ???????? 01c /
36eee4a.79 34d3f6ad b087b0 s ???????? 021 /
36ef09e.47 42f94bd2 043937 s ???????? 003 /edit/70295012
36ef108.6d 42f94bd4 043937 s ???????? 003 /wiki/ThomasPiketty
36ef118.47 42f94bd2 043937 s ???????? 004 /wiki/MoNi42
36ef225.77 42f94bc6 622963 h ???????? 002 /base
36ef282.4e 42f95be6 70a047 h ???????? 002 //rss.rdf
36ef55b.06 42f94bca 043937 h ???????? 004 /wiki/DeskTop
36ef573.d2 42f94bc6 043937 h ???????? 003 /wiki/SarSa
36ef58c.d1 42f94bc6 043937 h ???????? 004 /wiki/SEmnJgD
36ef5a8.16 42f94bc6 043937 h ???????? 004 /wiki/ConDuct
36ef5b4.3a 42f94bc6 043937 h ???????? 003 /wiki/EpcOt
36ef678.b7 42f94bc8 043937 h ???????? 002 /base
36ef76c.f8 bc286647 7dfab1 h ???????? 002 //rss.jsp
36ef76d.2b bc286647 7dfab1 h ???????? 002 //rss.jsp
36ef9fe.d2 9e45fb77 c37fd8 h ???????? 002 //robots.txt
36efa0b.f8 9e45fb77 c37fd8 h ???????? 004 //wiki/%25s
36efa28.c9 9e45fb77 c37fd8 h ???????? 003 //wiki/%3C%25=session.getAttribute(
36efa40.2a 9e45fb77 c37fd8 h ???????? 004 //wiki/AnneWillSingulari%E2%80%A6
36efa52.fe 9e45fb77 c37fd8 h ???????? 003 //wiki/DresdenWiFi%E2%80%9C
36efa65.da 9e45fb77 c37fd8 h ???????? 003 //wiki/DresdenWiFi
36efa82.d3 9e45fb77 c37fd8 h ???????? 004 //wiki/LockSchuppen.%C2%A0
36efa96.73 9e45fb77 c37fd8 h ???????? 003 //wiki/LockSchuppen.%C3%82%C2%A0
36efabf.f6 42f94bc6 043937 h ???????? 002 /film
36efb2a.c9 42f94bc6 043937 h ???????? 002 /robots.txt
36efb2b.08 42f94bc6 043937 h ???????? 002 /robots.txt
36efc91.75 42f94bd2 043937 s ???????? 004 /wiki/HeinrichHeine
36efc92.19 42f94bd2 043937 s ???????? 004 /wiki/AlfredDregger
36efcbf.48 42f94bd2 043937 s ???????? 005 /wiki/GeorgeClooney
36efccb.df 42f94bd2 043937 s ???????? 004 /wiki/GarryKasparov
36efcd1.c7 42f94bd0 043937 s ???????? 004 /wiki/MindRuby
36efef0.27 42f94bc6 043937 h ???????? 005 /wiki/SchlumPhant
36eff39.47 42f94bc8 043937 h ???????? 003 /wiki/SuHe
