37e0017.d6 cf2e0dbe 6a88e8 h ???????? 027 /
37e0066.d6 42f942c8 043937 h ???????? 006 /wiki/JoergMueller
37e0288.3a 518a4895 8b7ad7 h ???????? 029 /
37e05c2.e6 9d372717 6a88e8 h ???????? 003 /robots.txt
37e05c5.2a cf2e0d81 6a88e8 h ???????? 021 /
37e0bb8.84 b44c0f8a fa643b h ???????? 003 /robots.txt
37e0bb8.84 b44c0f12 fa643b h ???????? 00b /robots.txt
37e0bb8.ac b44c0f0f fa643b h ???????? 003 /robots.txt
37e0c26.0a b44c0f99 a04d28 h ???????? 023 /
37e0e1b.90 c146203a 479811 h ???????? 007 //wiki/MindWiki
37e0e21.1f c146203a 479811 h ???????? 005 //wiki/EnterPrise
37e0e50.de c146203a 479811 h ???????? 004 //wiki/RaWa
37e0e53.a3 c146203a 479811 h ???????? 005 //wiki/MaVa
37e0e5b.f8 c146203a 479811 h ???????? 005 //wiki/SaintExupery
37e0e7f.83 d5dfddd0 479811 h ???????? 005 //wiki/BaOb
37e0f0b.97 42f942c8 043937 h ???????? 006 /wiki/StilWerk
37e0f99.52 d9b684b0 433e9c h ???????? 004 /edit/24396001
37e111a.00 a3ac0499 b8f079 h ???????? 025 /
37e1229.d6 42f942ca 043937 h ???????? 006 /wiki/SingularCamp
37e1291.5c b44c0f9d a04d28 h ???????? 005 /wiki/UmWurf
37e1a61.72 b44c0f1f a04d28 h ???????? 006 /wiki/WurzelImperium
37e1dda.02 5896e4da e28161 h ???????? 004 //rss.rdf
37e1df3.b3 6d6dfe8a e83b9c h ???????? 003 //rss.rdf
37e23ed.04 42f942c6 043937 h ???????? 009 /wiki/WalterKaplan
37e246c.05 42f95cc7 70a047 h ???????? 004 //rss.rdf
37e2520.85 a484a137 433e9c h ???????? 022 /edit/19446001
37e2843.30 33ff4781 433e9c h ???????? 003 /edit/21706001
37e299f.4b bc285186 7dfab1 h ???????? 004 //rss.jsp
37e299f.85 bc285186 7dfab1 h ???????? 003 //rss.jsp
37e29ac.fb bc285186 7dfab1 h ???????? 004 //rss.jsp
37e29ad.2d bc285186 7dfab1 h ???????? 004 //rss.jsp
37e2a01.5c b44c0f13 a04d28 h ???????? 007 /wiki/NormSprache
37e2b10.0b bc285186 7dfab1 h ???????? 004 //rss.jsp
37e2b10.41 bc285186 7dfab1 h ???????? 005 //rss.jsp
37e2b21.2a bc285186 7dfab1 h ???????? 003 //rss.jsp
37e2b21.62 bc285186 7dfab1 h ???????? 003 //rss.jsp
37e2d36.45 42f942c6 043937 h ???????? 003 /robots.txt
37e30cb.75 42f942c8 043937 h ???????? 007 /wiki/IsWc
37e3343.a1 369c55c8 2baa92 h ???????? 029 /
37e3356.75 6b16349b 2baa92 h ???????? 023 /
37e345d.c7 345a7dae 85c767 h ???????? 026 /
37e34f9.54 c73a56d1 028fc4 h ???????? 003 /robots.txt
37e34fc.b1 c73a56d1 028fc4 h ???????? 03f /
37e35af.e7 42f942c6 043937 h ???????? 008 /wiki/KevinWarwick
37e3c41.46 92b9df72 7c1e3d h ???????? 004 /wp-login.php
37e3c41.ab 92b9df72 7c1e3d h ???????? 003 /administrator/index.php
37e3c42.09 92b9df72 7c1e3d h ???????? 003 /user/
37e4266.a6 d9b68407 433e9c h ???????? 004 /edit/22006002
37e4621.03 42f942c8 043937 h ???????? 004 /Edit.jsp
37e4772.cd 42f942c6 043937 h ???????? 006 /wiki/PastProjects
37e4d46.4b 42f942d0 043937 s ???????? 004 /edit/87425003
37e4d5d.d1 42f942d0 043937 s ???????? 004 /edit/82995001
37e4d89.9d 42f95ccb 70a047 h ???????? 003 //rss.rdf
37e511f.a8 8ba277c5 976046 h ???????? 027 /
37e51a1.17 42f942d2 043937 s ???????? 004 /edit/21745001
37e528b.7f 42f942c6 043937 h ???????? 004 /robots.txt
37e528b.c9 42f942c6 043937 h ???????? 007 /wiki/RaWa
37e5941.ca 42f942ca 043937 h ???????? 007 /wiki/LockCorridor
37e5d97.c5 42f942d2 043937 s ???????? 004 /edit/54255002
37e607b.50 c146203a 479811 h ???????? 007 /wiki/MaVa
37e6539.b6 5caaf1a6 c71b0b h ???????? 005 /stalker_portal/server/adm/tv-channels/iptv-list-json
37e6af9.5e 42f942ca 043937 h ???????? 008 /wiki/AchimDresler
37e6b79.43 a484a121 433e9c h ???????? 006 /wiki/PlanetMars
37e6c40.16 33ff413b 433e9c h ???????? 01b /wiki/MindEis
37e6e79.3d d4538150 217706 h ???????? 02b /
37e6e79.85 d4538150 217706 h ???????? 003 /ncsi.txt
37e6e79.c5 d4538150 217706 h ???????? 003 /HNAP1/
37e72f0.78 a484a13d 433e9c h ???????? 032 /edit/18446001
37e744b.8c 42f942c6 043937 h ???????? 008 /wiki/SiTo
37e75dc.95 42f95cc9 70a047 h ???????? 004 //rss.rdf
37e7631.2f b29aab1e e4b041 h ???????? 004 /robots.txt
37e7635.14 b29aab1e e4b041 h ???????? 026 /
37e76da.9c d9b684f1 433e9c h ???????? 004 /edit/30406001
37e7b81.51 42f942d4 043937 s ???????? 004 /edit/48725001
37e7b81.50 42f942d0 043937 s ???????? 00a /robots.txt
37e7cbb.d8 42f942c8 043937 h ???????? 008 /wiki/OlivierAuber
37e7d8c.7b 8ba24e87 186d9a s ???????? 027 /
37e8190.56 b2ffd754 c51fdf h ???????? 005 //robots.txt
37e81b2.48 b2ffd755 c51fdf h ???????? 004 /robots.txt
37e81b2.82 b2ffd755 c51fdf h ???????? 028 /
37e81db.78 a2d2c464 028fc4 h ???????? 003 /robots.txt
37e81de.02 a2d2c464 028fc4 h ???????? 007 /wiki/AGeeksTour
37e81e2.cb a2d2c464 028fc4 h ???????? 006 /wiki/SmaVa
37e8702.93 b44c0f09 fa643b h ???????? 00c /crush
37e8702.96 b44c0f22 fa643b h ???????? 006 /crush
37e8778.4a b44c0f14 a04d28 h ???????? 005 /crush
37e8cab.ef d9b684ae 433e9c h ???????? 004 /edit/24176001
37e8e7f.08 42f942ca 043937 h ???????? 008 /wiki/LubaShumeyko
37e94db.ee 9750271b 433e9c h ???????? 001 /robots.txt
37e960b.53 42f942c6 043937 h ???????? 003 /wiki/ChLa
37e9e9b.28 a484a13d 433e9c h ???????? 001 /edit/22566001
37e9ef3.ea 42f95be8 70a047 h ???????? 001 //rss.rdf
37ea041.c0 42f94bc8 043937 h ???????? 003 /wiki/JohnMcCarthy
37ea3fa.f5 c0639364 554020 h ???????? 002 /rss.rdf
37ea6bc.b7 d9b684c1 433e9c h ???????? 001 /edit/21786003
37ea9df.8d 68eec3c4 ee113c h ???????? 012 /
37ea9e0.5e 68eec3c4 ee113c h ???????? 001 //https://floatingboat2013.appspot.com
37ea9e1.57 68eec3c4 ee113c h ???????? 002 //wiki/AlanTuring
37ea9e2.47 68eec3c4 ee113c h ???????? 002 //wiki/GottfriedWilhelmLeibniz
37ea9e3.0b 68eec3c4 ee113c h ???????? 001 //https://floatingboat2013.appspot.com/UrPic
37ea9e3.c3 68eec3c4 ee113c h ???????? 001 //https://floatingboat2013.appspot.com/ad
37ea9e4.52 68eec3c4 ee113c h ???????? 001 //https://sl4.eu/hls
37ea9e5.2f 68eec3c4 ee113c h ???????? 001 //https://sl4.eu/ls
37ea9e6.74 68eec3c4 ee113c h ???????? 001 //https://sl4.eu/sh
37ea9e7.36 68eec3c4 ee113c h ???????? 007 //https://www.youtube.com/watch
37eae1a.0e 42f94bca 043937 h ???????? 002 /edit/6663001
37eae3b.62 894acfa1 433e9c h ???????? 003 /wiki/ArBeit
37eafe9.f1 42f94bca 043937 h ???????? 002 /edit/27163006
37eb204.af 42f94bca 043937 h ???????? 004 /wiki/BauIngenieur
37eb287.4f 42f95d2a 002725 h ???????? 002 /favicon.ico
37eb7cb.6d 42f94bc8 043937 h ???????? 003 /wiki/JaiKu
37ebb5f.4d 9d37270d 6a88e8 h ???????? 001 /robots.txt
37ebb60.58 284da749 6a88e8 h ???????? 003 /wiki/MarianneEhrmann
37ebf9c.52 bc286647 7dfab1 h ???????? 001 //rss.jsp
37ebf9c.78 bc286647 7dfab1 h ???????? 001 //rss.jsp
37ec3c7.c6 42f94bca 043937 h ???????? 002 /wiki/WalterScheel
37ec5c7.86 a484a112 433e9c h ???????? 003 /edit/30136008
37ec5f9.ab 284da75e 6a88e8 h ???????? 002 /wiki/BrainCopy
37ec678.f3 a484a139 433e9c h ???????? 002 /wiki/ElonMusk
37ec85f.a2 42f95bea 70a047 h ???????? 002 //rss.rdf
37ec8b8.32 b44c0f9c a04d28 h ???????? 004 /wiki/SingularAcademy
37ed3c7.6e 5250f9f3 a62d1a h ???????? 014 /
37ed58a.e5 42f94bc8 043937 h ???????? 002 /edit
37ed5f2.f3 33ff411f 433e9c h ???????? 003 /wiki/FutureLab2056
37ed7c5.db d9b684b5 433e9c h ???????? 003 /wiki/CoConsulting
37ed98b.60 42f94bc6 043937 h ???????? 003 /wiki/PeTh
37edb59.31 93878951 013e59 h ???????? 014 /
37edb59.56 93878951 c9309b h ???????? 002 /https://floatingboat2013.appspot.com/ad
37edb5b.7b 93878951 341711 h ???????? 001 /https://floatingboat2013.appspot.com/
37edb5d.9d 93878951 341711 h ???????? 001 /https://sl4.eu/hls
37edb5f.c4 93878951 a9ca58 h ???????? 001 /https://www.youtube.com/watch
37edb61.e5 93878951 129ab5 h ???????? 001 /https://sl4.eu/ls
37edb64.05 93878951 6c0117 h ???????? 001 /https://sl4.eu/sh
37edb66.27 93878951 dbe8b4 h ???????? 001 /https://floatingboat2013.appspot.com/UrPic
37edb68.49 93878951 3fb79d h ???????? 003 /wiki/GottfriedWilhelmLeibniz
37edb6b.60 93878951 570757 h ???????? 003 /wiki/AlanTuring
37edb6e.44 93878951 6c0117 h ???????? 002 /wiki/GottfriedWilhelmLeibniz/css
37edb71.0e 93878951 6deb81 h ???????? 003 /wiki/GottfriedWilhelmLeibniz/
37edb73.f8 93878951 a0e015 h ???????? 002 /wiki/GottfriedWilhelmLeibniz/wiki/GottfriedWilhelmLeibniz
37edb76.ad 93878951 dbe8b4 h ???????? 003 /wiki/GottfriedWilhelmLeibniz/edit
37edb79.59 93878951 6c0117 h ???????? 002 /wiki/GottfriedWilhelmLeibniz/https://code.google.com/p/mindbroker/wiki/GottfriedWilhelmLeibniz.wiki
37edb7c.2f 93878951 f004c7 h ???????? 003 /wiki/GottfriedWilhelmLeibniz/wiki/IsA
37edb7e.f9 93878951 570757 h ???????? 002 /wiki/GottfriedWilhelmLeibniz/wiki/SingularityMind
37edb82.16 93878951 c9309b h ???????? 002 /wiki/GottfriedWilhelmLeibniz/wiki/InterWiki
37edb84.e0 93878951 c9309b h ???????? 002 /wiki/GottfriedWilhelmLeibniz/iw/DeWikiPedia/Gottfried_Wilhelm_Leibniz
37edb87.8f 93878951 129ab5 h ???????? 002 /wiki/GottfriedWilhelmLeibniz/iw/[OpenCyc/GottfriedWilhelmLeibniz
37edb8a.46 93878951 61fc10 h ???????? 003 /wiki/GottfriedWilhelmLeibniz/iw/[WebSeitz/GottfriedLeibniz
37edb8d.28 93878951 8fe5a2 h ???????? 003 /wiki/GottfriedWilhelmLeibniz/wiki/BornIn
37edb8f.f5 93878951 8fe5a2 h ???????? 003 /wiki/GottfriedWilhelmLeibniz/wiki/BirthDay
37edb92.a7 93878951 f15bfd h ???????? 003 /wiki/GottfriedWilhelmLeibniz/wiki/ChildOf
37edb95.72 93878951 dbe8b4 h ???????? 003 /wiki/GottfriedWilhelmLeibniz/wiki/CatherinaSchmuck
37edb98.15 93878951 a16a92 h ???????? 002 /wiki/GottfriedWilhelmLeibniz/wiki/FriedrichLeibnuetz
37edb9a.c2 93878951 f5c6b3 h ???????? 002 /wiki/GottfriedWilhelmLeibniz/wiki/DiedIn
37edb9d.60 93878951 a0e015 h ???????? 003 /wiki/GottfriedWilhelmLeibniz/wiki/ViAf
37edba0.2f 93878951 f5c6b3 h ???????? 002 /wiki/GottfriedWilhelmLeibniz/wiki/MindQuote
37edba3.f2 93878951 8fe5a2 h ???????? 003 /wiki/GottfriedWilhelmLeibniz/wiki/ErWach
37edba6.c3 93878951 42b563 h ???????? 002 /wiki/GottfriedWilhelmLeibniz/wiki/InFluenced
37edc53.7e 42f94bc8 043937 h ???????? 017 /
37edcb2.d1 33ff4126 433e9c h ???????? 003 /wiki/WohnSitz
37edce8.b9 a484a10e 433e9c h ???????? 002 /edit/27126001
37ee747.05 d9b6843a 433e9c h ???????? 002 /edit/25606001
37ee74e.21 42f94bd2 043937 s ???????? 004 /wiki/WinWin
37ee943.8c 97d825de b28cfa h ???????? 017 /
37eeb1c.b7 d9b684b8 433e9c h ???????? 002 /edit/31156002
37eec14.d7 4a7d4c22 55c2cd h ???????? 002 //rss.rdf
37ef012.a1 d9b6845f 433e9c h ???????? 003 /wiki/EtAl
37ef1a7.f4 42f94bc8 043937 h ???????? 017 //Edit.jsp
37ef1e5.de 42f95be6 70a047 h ???????? 00e //rss.rdf
37ef387.53 60535451 3eedd1 h ???????? 003 /search
37ef6af.e2 05095ecf c79d91 h ???????? 004 //wiki/AndreasDittes
37ef8e9.0a a484a147 433e9c h ???????? 003 /edit/23586001
37ef8fa.61 3e8a0019 6de661 h ???????? 002 /robots.txt
37ef8fb.f7 3e8a0019 6de661 h ???????? 018 /
37ef910.ca 42f94bc6 043937 h ???????? 004 /wiki/MindGalactic
37efb4b.72 42f94bc8 043937 h ???????? 005 /wiki/ToKyo
37efc07.ba b29aab1e e4b041 h ???????? 002 /robots.txt
37efc0b.8c b29aab1e e4b041 h ???????? 017 /
