37a000e.32 d155ee0b 70a047 h ???????? 003 //rss.rdf
37a0012.45 2d3715e6 ef60d6 h ???????? 02d /
37a0017.2d 42f94988 043937 h ???????? 004 /wiki/SesameStreet
37a0142.eb 42f94988 043937 h ???????? 005 /wiki/GeneMatch
37a0143.e7 42f9498a 043937 h ???????? 005 /wiki/StockHolmChess
37a026e.de 42f9498a 043937 h ???????? 006 /wiki/KarlsRuheChess
37a026f.b6 42f9498a 043937 h ???????? 005 /wiki/MafiaWars
37a039b.56 42f94986 043937 h ???????? 006 /wiki/LucMontagnier
37a039c.41 42f94988 043937 h ???????? 004 /wiki/JanaSchlegel2009
37a04c8.c5 42f94986 043937 h ???????? 005 /wiki/LockFutureSax2010
37a05c7.a8 4e2e2319 7dfab1 h ???????? 002 //rss.jsp
37a05c7.cc 4e2e2319 7dfab1 h ???????? 001 //rss.jsp
37a0674.b8 42f94986 043937 h ???????? 003 /wiki/LiebesSpiel
37a08da.8e 42f94988 043937 h ???????? 002 /wiki/GlobalEntrepreneurshipMonitor
37a0bca.4c 4706cac4 b28cfa h ???????? 016 /
37a1532.20 42f9498a 043937 h ???????? 002 /wiki/BallGame
37a1566.a8 42f94988 043937 h ???????? 002 /wiki/HuettenZauber
37a1599.79 42f9498a 043937 h ???????? 003 /wiki/SingularSquare
37a15cd.bc 42f94986 043937 h ???????? 002 /wiki/BildschirmText
37a1603.cb 42f94990 043937 s ???????? 005 /edit/87325002
37a1641.3a 42f94992 043937 s ???????? 001 /edit/90085003
37a1837.bc 42f94986 043937 h ???????? 004 /wiki/MoonOfEarth
37a196b.ad 284da749 6a88e8 h ???????? 003 /wiki/MartinNowak
37a1a24.bd 9750276e 433e9c h ???????? 002 //robots.txt
37a1a8b.4e 42f94986 043937 h ???????? 002 /wiki/MindMap
37a2952.62 d155ee0b 70a047 h ???????? 002 //rss.rdf
37a298d.2d 42f94988 043937 h ???????? 002 /wiki/MindSql
37a29fa.ac 42f94986 043937 h ???????? 002 /wiki/FirstDegree
37a2bc5.02 5ff14791 e1b6e9 s ???????? 014 /
37a2c3d.4e 5ff14791 e1b6e9 s ???????? 012 /
37a2cb5.a2 5ff14791 e1b6e9 s ???????? 013 /
37a2fa6.85 3ed26560 c37fd8 h ???????? 001 /robots.txt
37a2fa9.50 3ed26560 c37fd8 h ???????? 002 /wiki/CyberPort
37a36ec.17 bc285186 7dfab1 h ???????? 002 //rss.jsp
37a36ec.3c bc285186 7dfab1 h ???????? 001 //rss.jsp
37a36fd.24 bc285186 7dfab1 h ???????? 002 //rss.jsp
37a36fd.4c bc285186 7dfab1 h ???????? 001 //rss.jsp
37a3869.41 bc285186 7dfab1 h ???????? 002 //rss.jsp
37a3869.65 bc285186 7dfab1 h ???????? 002 //rss.jsp
37a3886.3e bc285186 7dfab1 h ???????? 002 //rss.jsp
37a3886.61 bc285186 7dfab1 h ???????? 001 //rss.jsp
37a39be.de b3d7317f 32c7bf h ???????? 002 /hndUnblock.cgi
37a39c1.d1 b3d7317f 32c7bf h ???????? 002 /hndUnblock.cgi
37a39c4.e0 b3d7317f 32c7bf h ???????? 002 /moo
37a3bbd.eb 42f94988 043937 h ???????? 003 /robots.txt
37a3bbe.40 42f94986 043937 h ???????? 003 /wiki/AnjaCWagner
37a3c4b.59 42f94986 043937 h ???????? 004 /wiki/MindPost
37a3cd7.18 4d4b4d6d 6a9392 s ???????? 002 /robots.txt
37a3cd8.5a a4843451 eb026b s ???????? 003 /bcHead
37a3cd8.28 4d4b4d6d 6a9392 s ???????? 0c9 /sh
37a3f5f.b3 36acafb6 85c767 h ???????? 018 /
37a475f.6b b44c0f1e a04d28 h ???????? 001 /edit/771001
37a4773.52 284da711 6a88e8 h ???????? 01e /
37a4a16.dd b29aab1e e4b041 h ???????? 006 /robots.txt
37a4a1a.ad b29aab1e e4b041 h ???????? 014 /
37a4d35.0c 42f94986 043937 h ???????? 002 /Edit.jsp
37a4d80.be 42f9498a 043937 h ???????? 004 /wiki/LateAdapter
37a4e5a.29 df491536 9130f7 h ???????? 023 /
37a5043.f5 d155ee0b 70a047 h ???????? 002 //rss.rdf
37a5e0b.b2 42f94994 043937 s ???????? 003 /wiki/JanezJansa
37a5e95.2d 42f954e8 002725 h ???????? 002 /favicon.ico
37a5f43.b3 42f94986 043937 h ???????? 003 /wiki/ZahnAerztin
37a6335.91 b29aab1e e4b041 h ???????? 021 /edit/1916002
37a6900.a3 b44c0f07 a04d28 h ???????? 024 /
37a7106.dd 42f94988 043937 h ???????? 004 /wiki/MartinsWiki
37a7299.10 8ba24e87 186d9a s ???????? 01a /
37a72ed.c2 284da749 6a88e8 h ???????? 003 /wiki/EmptyFridgeSyndrome
37a746d.37 42f94986 043937 h ???????? 004 /wiki/ProtzKarosse
37a7968.b3 5896e4da 45378f h ???????? 003 //rss.rdf
37a79e2.f0 d155ee0b 70a047 h ???????? 001 //rss.rdf
37a7fcb.c0 42f94990 043937 s ???????? 002 /robots.txt
37a7fcc.55 42f94992 043937 s ???????? 002 /AlphaSphere
37a825e.70 42f95d28 002725 h ???????? 002 /favicon.ico
37a82c9.c1 42f9498a 043937 h ???????? 004 /wiki/AaronSloman
37a847c.6e d8f442e5 2e51d1 h ???????? 002 /robots.txt
37a86b1.dc d8f442e5 2e51d1 h ???????? 01a /
37a8f62.3f cf2e0d88 6a88e8 h ???????? 028 /
37a9020.61 42f94986 043937 h ???????? 002 //PageInfo.jsp
37a9161.b2 42f94990 043937 s ???????? 002 /.well-known/apple-app-site-association
37a948c.d4 42f9498a 043937 h ???????? 003 /wiki/RoellNumber
37a9989.42 53957e62 028fc4 h ???????? 002 //robots.txt
37a998c.ae 53957e62 028fc4 h ???????? 01a /
37a9a34.cb 8ba27246 976046 h ???????? 01a /
37a9a4b.76 9d372717 6a88e8 h ???????? 008 /robots.txt
37a9a51.0b 284da711 6a88e8 h ???????? 019 /
37a9d58.24 42f94990 043937 s ???????? 002 /.well-known/assetlinks.json
37a9e8b.b4 42f94988 043937 h ???????? 004 /wiki/RsWipp
37a9fe1.ed a4845b03 9ca11e h ???????? 01c /
37aa0a3.f1 d155ee09 70a047 h ???????? 003 //rss.rdf
37aa18b.78 42f9498a 043937 h ???????? 004 /wiki/TuringAward
37aa23c.dd 42f9498a 043937 h ???????? 004 /wiki/VwPhaeton
37aa64f.d4 42f9498a 043937 h ???????? 004 /wiki/DedicatedTo
37aaa9a.ff 68eec3c4 ee113c h ???????? 01d /
37aaa9c.56 68eec3c4 ee113c h ???????? 001 //https://floatingboat2013.appspot.com
37aaaa0.83 68eec3c4 ee113c h ???????? 003 //wiki/AlanTuring
37aaaa2.66 68eec3c4 ee113c h ???????? 003 //wiki/GottfriedWilhelmLeibniz
37aaaa5.ce 68eec3c4 ee113c h ???????? 002 //https://floatingboat2013.appspot.com/UrPic
37aaaa6.67 68eec3c4 ee113c h ???????? 001 //https://floatingboat2013.appspot.com/ad
37aaaa8.a8 68eec3c4 ee113c h ???????? 003 //https://sl4.eu/hls
37aaaa9.d7 68eec3c4 ee113c h ???????? 002 //https://sl4.eu/ls
37aaaaa.8f 68eec3c4 ee113c h ???????? 002 //https://sl4.eu/sh
37aaaac.6a 68eec3c4 ee113c h ???????? 002 //https://www.youtube.com/watch
37aacd7.af 42f94988 622963 h ???????? 003 /feed
37aad0e.08 b181f0a6 ebd96b h ???????? 02a /
37aae80.36 52cfaf34 146783 h ???????? 031 /
37ab812.e4 42f9498a 043937 h ???????? 004 /wiki/BeatDoebeli
37aba4e.17 43dcb7fa 2c4d1d h ???????? 002 //logo_img.php
37abb22.cb 9d3727dd 6a88e8 h ???????? 003 /wiki/PuffCafe
37abff1.db 2ea10906 53cdd7 h ???????? 004 /wiki/RainerWasserfuhr
37ac1f5.4b 42f94986 043937 h ???????? 004 /wiki/AutoBiografie
37ac222.c1 42f95166 002725 h ???????? 002 /favicon.ico
37ac262.0c 42f94986 043937 h ???????? 004 /wiki/RsWipp
37ac4c3.76 42f9498a 043937 h ???????? 004 /wiki/NettoKom
37ac9d6.00 42f94986 043937 h ???????? 006 /wiki/ThirdDegree
37acc4f.ff d155ee07 70a047 h ???????? 004 //rss.rdf
37accc0.37 bc286647 7dfab1 h ???????? 002 //rss.jsp
37accc0.76 bc286647 7dfab1 h ???????? 001 //rss.jsp
37acdc5.44 9d3727a1 6a88e8 s ???????? 004 /wiki/SingularityUniversity
37ad0ce.bf 44b4e475 aec21f s ???????? 002 /robots.txt
37ad0cf.b7 44b4e475 aec21f s ???????? 1a8a /age
37ad109.a2 44b4e570 aec21f h ???????? 003 /robots.txt
37ad10a.41 44b4e570 aec21f h ???????? 025 /
37ad13a.ab a4843451 eb026b s ???????? 005 /bcHead
37ad13a.20 44b4e475 aec21f s ???????? 22d /sh
37ad186.e6 44b4e475 aec21f s ???????? 106 /ls
37ad1b1.d5 44b4e475 aec21f s ???????? 002 /AlphaLabs
37ad1eb.ae 42f94986 043937 h ???????? 01f /
37ad1f1.33 44b4e475 aec21f s ???????? 004 /wiki/EnErgie
37ad206.3e 44b4e475 aec21f s ???????? 005 /wiki/AriadneFaden
37ad217.32 44b4e475 aec21f s ???????? 004 /wiki/OpeningLecture
37ad253.fe 44b4e475 aec21f s ???????? 006 /wiki/WirkZentrum
37ad25d.d8 44b4e475 aec21f s ???????? 003 /blobs
37ad264.be 2d371558 ef60d6 h ???????? 01a /
37ad26b.17 6bb2c2d5 71f2b9 s ???????? 004 /bcHead
37ad27b.fc 44b4e475 aec21f s ???????? 004 /wiki/FixBugsFirst
37ad27d.37 44b4e475 aec21f s ???????? 3de /memo
37ad2d3.ee 44b4e475 aec21f s ???????? 004 /wiki/ImPrint
37ad371.50 44b4e475 aec21f s ???????? 003 /q11379
37ad3b2.35 42f95d28 002725 h ???????? 002 /favicon.ico
37ad3c5.0f 44b4e475 aec21f s ???????? 005 /wiki/LastWill
37ad483.e4 44b4e475 aec21f s ???????? 004 /wiki/InnBankSe
37ad492.51 44b4e56f aec21f h ???????? 002 //robots.txt
37ad4a6.25 44b4e475 aec21f h ???????? 002 /robots.txt
37ad4a6.a5 44b4e475 aec21f h ???????? 010 /FloatingBoats
37ad4ec.a6 44b4e475 aec21f s ???????? 003 /cards
37ad7cf.c0 68eec3c4 ee113c h ???????? 01b /
37ad7d0.9b 68eec3c4 ee113c h ???????? 002 //https://floatingboat2013.appspot.com
37ad7d1.8b 68eec3c4 ee113c h ???????? 005 //wiki/AlanTuring
37ad7d2.ba 68eec3c4 ee113c h ???????? 004 //wiki/GottfriedWilhelmLeibniz
37ad7d4.33 68eec3c4 ee113c h ???????? 002 //https://floatingboat2013.appspot.com/UrPic
37ad7d5.7b 68eec3c4 ee113c h ???????? 002 //https://floatingboat2013.appspot.com/ad
37ad7d6.80 68eec3c4 ee113c h ???????? 003 //https://sl4.eu/hls
37ad7d7.5d 68eec3c4 ee113c h ???????? 004 //https://sl4.eu/ls
37ad7d9.c2 68eec3c4 ee113c h ???????? 003 //https://sl4.eu/sh
37ad7da.a7 68eec3c4 ee113c h ???????? 003 //https://www.youtube.com/watch
37ad815.c6 44b4e475 aec21f s ???????? 003 /soccer
37ad897.71 44b4e475 aec21f s ???????? 003 /AlphaChess
37ada1f.16 44b4e475 aec21f s ???????? 005 /wiki/IchDenke
37ada72.9e 44b4e475 aec21f s ???????? 004 /wiki/NachNeuenMeeren
37adaa4.17 5da03c20 1a69b5 h ???????? 01d /
37adb98.d3 42f94988 043937 h ???????? 005 /wiki/BildSchrift
37adc13.f8 4706cacc fee6c8 h ???????? 035 /
37ae2ae.d5 4a7d4c22 55c2cd h ???????? 003 //rss.rdf
37ae390.93 b44c0f08 a04d28 h ???????? 004 /wiki/FutureLab2056
37ae50b.93 42f94988 043937 h ???????? 005 /wiki/BitchChecker
37ae61a.06 44b4e475 aec21f s ???????? 004 /wiki/IceCream
37ae638.74 05c45716 433e9c h ???????? 002 /robots.txt
37ae638.9e d9b68410 433e9c h ???????? 003 /edit/26076002
37ae79c.00 9d372720 6a88e8 h ???????? 004 //robots.txt
37ae990.12 42f9498a 622963 h ???????? 01f /
37aea39.7e 9d372717 6a88e8 s ???????? 003 /robots.txt
37aea3d.5f 9d3727a1 6a88e8 s ???????? 027 /
37aed5c.08 42f94988 043937 h ???????? 005 /wiki/AlphaQuappe
37af126.dc b99a0e15 fb810e h ???????? 01f /
37af475.ed 44b4e475 aec21f s ???????? 006 /wiki/EhochIx
37af89b.8b 44b4e475 aec21f s ???????? 004 /wiki/SchickSaal
37af8c1.2a d155ee07 70a047 h ???????? 002 //rss.rdf
37af98d.84 904c6148 18b492 h ???????? 003 /robots.txt
37af98e.3c 904c6148 18b492 h ???????? 003 /sitemap.xml
37af998.76 904c6148 18b492 h ???????? 031 /
37af99d.1e 904c6148 18b492 s ???????? 0b1 /hls
37af9a1.ab 904c6148 18b492 s ???????? 05f /ls
37af9ab.74 a4843451 eb026b s ???????? 004 /bcHead
37af9ab.31 904c6148 18b492 s ???????? 112 /sh
37af9b1.f6 904c6148 18b492 s ???????? 03b /
37af9c3.1e 904c6148 18b492 s ???????? 003 /UrPic
37af9c9.57 904c6148 18b492 s ???????? 003 /ad
37af9d2.3c 904c6148 18b492 s ???????? 003 /edit
37af9d8.cb 904c6148 18b492 h ???????? 026 /love/1e
37af9e0.6d 904c6148 18b492 h ???????? 002 /opml.php
37afb0c.4a 42f94986 043937 h ???????? 026 /
37afcc6.3b b44c0f90 a04d28 h ???????? 026 /
37aff1e.e7 42f9498a 043937 h ???????? 005 /wiki/MadameWeb20
