382019e.de 42f94bc8 043937 h ???????? 005 /wiki/NewsLetterDe
38201c1.5c c7109db6 45fe92 h ???????? 002 /hot/robots.txt
38201c1.ec c7109db5 45fe92 h ???????? 00a /robots.txt
38201c2.2a c7109db5 45fe92 h ???????? 003 /hot
38202fc.73 42f94bc6 043937 h ???????? 005 /wiki/RsWipp
382038b.67 42f94bc8 043937 h ???????? 003 /up
38203a2.a8 426608ca 70a047 h ???????? 003 //rss.rdf
38204ee.f0 d8f442c6 2e51d1 h ???????? 002 //robots.txt
382074d.26 b44c0f1e a04d28 h ???????? 013 /
38207c0.cc b44c0f9f a04d28 s ???????? 003 /wiki/LockSchuppen3D
3820f90.3a b44c0f8e a04d28 h ???????? 014 /
3821361.bd 42f94bc6 043937 h ???????? 002 /wiki/HelvetianWar
3821409.60 8ba27ca7 1066b4 h ???????? 017 /
3821760.46 b44c0f97 a04d28 h ???????? 017 /love/1e
3821bbe.0b d9b684b5 433e9c h ???????? 002 /edit/21656001
3821c3c.43 bc285186 7dfab1 h ???????? 001 //rss.jsp
3821c3c.6b bc285186 7dfab1 h ???????? 001 //rss.jsp
3821c47.20 bc285186 7dfab1 h ???????? 001 //rss.jsp
3821c47.43 bc285186 7dfab1 h ???????? 001 //rss.jsp
3821dc5.b7 bc285186 7dfab1 h ???????? 001 //rss.jsp
3821dc5.e3 bc285186 7dfab1 h ???????? 001 //rss.jsp
3821de1.74 bc285186 7dfab1 h ???????? 001 //rss.jsp
3821de1.96 bc285186 7dfab1 h ???????? 001 //rss.jsp
3821f7b.7d a484a15d 433e9c h ???????? 001 /edit/22236005
3822524.bc 42f94bc8 043937 h ???????? 003 /wiki/ThePirateBay
382254b.50 42f94bc6 043937 h ???????? 003 /wiki/PartOf
3822646.6c 33ff4153 433e9c h ???????? 001 /edit/22476002
382264d.72 42f95d28 002725 h ???????? 001 /favicon.ico
382288b.8d 738686ac be33ef h ???????? 001 //wp-login.php
382288c.7a 738686ac be33ef h ???????? 014 /
3822952.47 b44c0f07 a04d28 h ???????? 003 /wiki/BomberGate
3822982.dd a484a124 433e9c h ???????? 002 /edit/29186005
3822b7e.dd 42f95bea 70a047 h ???????? 006 //rss.rdf
3822c05.9b d8f442c6 2e51d1 h ???????? 002 //robots.txt
3822caa.1d 8ba26c35 976046 h ???????? 019 /
3822e8c.b4 cf2e0dc4 6a88e8 s ???????? 001 /robots.txt
3822e8d.45 cf2e0dc4 6a88e8 s ???????? 001 /robots.txt
3822e90.13 cf2e0daf 6a88e8 s ???????? 013 /
3822f0f.d1 d9b68436 433e9c h ???????? 003 /wiki/DistanzSpiel
38230f0.29 44b4e56f aec21f h ???????? 002 //robots.txt
3823106.bf 44b4e475 aec21f h ???????? 002 /robots.txt
3823107.54 44b4e475 aec21f h ???????? 002 /wiki/LockSchuppenLog2009
38236e7.d4 42f94bc6 043937 h ???????? 001 /SingularChess
3823939.7a b44c0fa3 a04d28 h ???????? 003 /wiki/LockCoupon
382410c.ed a484a15b 433e9c h ???????? 007 /wiki/DbLp
38241ac.6b 42f94bd2 043937 s ???????? 01c /
3824319.56 894acfa1 433e9c h ???????? 002 /edit/29076001
38245db.25 894ac964 433e9c h ???????? 002 /edit/24746001
382470b.6c 42f94bc8 043937 h ???????? 003 /wiki/HeMo
382473f.e2 a484a14b 433e9c h ???????? 003 /wiki/AubreyDeGrey
38248aa.f2 42f94bd0 043937 s ???????? 003 /wiki/ArTeum
38248f7.91 68eec3c6 dc1a18 h ???????? 014 /
38248f8.27 68eec3c6 dc1a18 h ???????? 001 //https://floatingboat2013.appspot.com
38248f8.c4 68eec3c6 dc1a18 h ???????? 002 //wiki/AlanTuring
38248f9.54 68eec3c6 dc1a18 h ???????? 003 //wiki/GottfriedWilhelmLeibniz
38248fa.07 68eec3c6 dc1a18 h ???????? 002 //https://floatingboat2013.appspot.com/UrPic
38248fa.9a 68eec3c6 dc1a18 h ???????? 002 //https://floatingboat2013.appspot.com/ad
38248fb.87 68eec3c6 dc1a18 h ???????? 001 //https://sl4.eu/hls
38248fc.13 68eec3c6 dc1a18 h ???????? 002 //https://sl4.eu/ls
38248fd.27 68eec3c6 dc1a18 h ???????? 001 //https://sl4.eu/sh
38248fd.df 68eec3c6 dc1a18 h ???????? 001 //https://www.youtube.com/watch
3825359.65 42f95be8 70a047 h ???????? 001 //rss.rdf
3825363.24 b44c0f1f a04d28 h ???????? 001 /crush
3825380.02 44b4e475 aec21f s ???????? 002 /wiki/FloatingBoats
3825381.18 33ff413a 433e9c h ???????? 002 /edit/22326003
3825591.87 d8f442c6 2e51d1 h ???????? 002 //robots.txt
3825676.a8 33ff413f 433e9c h ???????? 003 /wiki/RainerWasserfuhrCvEn
38257a6.97 cf2e0db6 6a88e8 h ???????? 015 /
3825919.70 b44c0f0b a04d28 h ???????? 016 /edit/14586002
382597a.3f d9b6849b 433e9c h ???????? 014 /edit/1676002
3825a1d.58 738686ac be33ef h ???????? 001 /wp-login.php
3825a1d.c3 738686ac be33ef h ???????? 01d /
3825a6d.d8 42f94bc8 043937 h ???????? 006 /robots.txt
3825a6d.e4 42f94bc8 043937 h ???????? 002 /wiki/JensFreydank
3825d10.ad 42f954ee 002725 h ???????? 002 /favicon.ico
3825d58.4c 284da75f 6a88e8 h ???????? 016 /
3825ffe.9d b9233f15 710215 s ???????? 015 /
3826277.d1 36d4f0fc 929843 h ???????? 01d /
3826713.b7 b3aaa597 ebd96b h ???????? 01d /
382672d.dd b3aaa597 ebd96b h ???????? 015 /
38268cb.8f 42f94bca 043937 h ???????? 003 /wiki/ViAf
3826bfb.45 58cf68b6 491225 h ???????? 01e /
3826c38.05 42f94bc8 043937 h ???????? 003 /wiki/ServiceLevel
3826c86.9b 3cbf264d 24f5f0 s ???????? 016 /
3827450.c9 b9233f54 183ee0 s ???????? 01f /
38274f6.c6 a484a15c 433e9c h ???????? 002 /edit/21636002
3827ad8.0f 45c59384 ffd63a h ???????? 002 /wp-login.php
3827af3.8b 45c59384 ffd63a h ???????? 002 /robots.txt
3827b41.86 d8f442fa 2e51d1 h ???????? 002 //robots.txt
3827cb8.7a 42f95be6 70a047 h ???????? 002 //rss.rdf
3827d1c.1d d8f442c6 2e51d1 h ???????? 002 //robots.txt
3827df4.18 42f94bca 043937 h ???????? 003 /wiki/SiriusMilieu
38287fc.07 284da75f 6a88e8 h ???????? 018 /
38288d8.ed 95cab51c 5fbabd h ???????? 020 /
3828a8b.5c 42f94bc6 043937 h ???????? 004 /wiki/HtPc
3828f9f.2b 36a6b3d6 929843 h ???????? 01f /
3828fb6.b9 42f94bc6 043937 h ???????? 002 /wiki/SecondDegree
38294be.78 a4845b03 4eff47 h ???????? 01e /
382979f.a5 2d371fe4 ef60d6 h ???????? 018 /
3829960.63 894acf6c 433e9c h ???????? 002 /edit/24566001
3829c78.f8 b9233f0c a75ac0 s ???????? 018 /
3829f9b.69 284da773 6a88e8 s ???????? 018 /
382a026.d7 284da75f 6a88e8 h ???????? 004 /wiki/MindFee
382a179.ce 42f94bc8 043937 h ???????? 004 /wiki/MonteMiersch
382a312.3e a484a152 433e9c h ???????? 004 /wiki/EdgarSchein
382a5b8.89 9750276e 433e9c h ???????? 002 //robots.txt
382a6a5.3a 42f95be8 70a047 h ???????? 002 //rss.rdf
382ac4b.60 42f94bca 043937 h ???????? 004 /wiki/UtMo
382adbd.42 4d4b4ea9 6a9392 s ???????? 003 /robots.txt
382adbe.b9 4d4b4ea9 6a9392 s ???????? 003 /wiki/EtAl
382adbf.76 4d4b4ea9 6a9392 h ???????? 002 /robots.txt
382adbf.e9 4d4b4ea9 6a9392 h ???????? 002 /AlphaLabs
382b0a4.75 9750277b 433e9c h ???????? 003 /robots.txt
382b251.81 bc286647 7dfab1 h ???????? 003 //rss.jsp
382b251.ab bc286647 7dfab1 h ???????? 002 //rss.jsp
382b33c.d0 42f94bc8 043937 h ???????? 003 /wiki/GlobusCassus
382b59d.a9 284da75f 6a88e8 h ???????? 019 /
382bb39.da 68eec3c6 dc1a18 h ???????? 019 /
382bb3a.75 68eec3c6 dc1a18 h ???????? 002 //https://floatingboat2013.appspot.com
382bb3b.3e 68eec3c6 dc1a18 h ???????? 003 //wiki/AlanTuring
382bb3b.e8 68eec3c6 dc1a18 h ???????? 003 //wiki/GottfriedWilhelmLeibniz
382bb3c.83 68eec3c6 dc1a18 h ???????? 002 //https://floatingboat2013.appspot.com/UrPic
382bb3d.1d 68eec3c6 dc1a18 h ???????? 002 //https://floatingboat2013.appspot.com/ad
382bb3d.af 68eec3c6 dc1a18 h ???????? 002 //https://sl4.eu/hls
382bb3e.4b 68eec3c6 dc1a18 h ???????? 002 //https://sl4.eu/ls
382bb3f.3a 68eec3c6 dc1a18 h ???????? 002 //https://sl4.eu/sh
382bb3f.cd 68eec3c6 dc1a18 h ???????? 001 //https://www.youtube.com/watch
382c30a.0c b384d97a ebd96b h ???????? 01a /
382c315.f5 b384d97a ebd96b h ???????? 019 /
382c500.32 42f94bca 043937 h ???????? 004 /wiki/FickPieschen
382cda1.52 42f94bca 043937 h ???????? 004 /wiki/ChristianUde
382cdaa.c1 cf2e0daf 6a88e8 s ???????? 01a /
382cdee.73 42f94bc6 043937 h ???????? 004 /wiki/KlaraBuechel
382ce0b.56 42f94bc8 043937 h ???????? 004 /wiki/LuBe
382ce17.de 42f94bc6 043937 h ???????? 003 /wiki/MindMachines
382ce63.42 42f94bca 043937 h ???????? 004 /wiki/TelefonAnruf
382cf62.33 42f94bc8 043937 h ???????? 004 /wiki/EdwardWitten
382cfe0.ab 42f95be6 70a047 h ???????? 003 //rss.rdf
382cfef.15 33ff477a 433e9c h ???????? 003 /edit/26306004
382d0a0.53 42f942c6 043937 h ???????? 004 /wiki/GuyLSteeleJr
382d0e8.1f d8f442fa 2e51d1 h ???????? 002 //robots.txt
382d231.e6 b29aab1e e4b041 h ???????? 002 /robots.txt
382d235.b7 b29aab1e e4b041 h ???????? 018 /
382d311.37 904c0765 4f089e h ???????? 00a /noopolis
382d549.91 365b98e9 85c767 h ???????? 019 /
382daf2.fc 4706cacc fee6c8 s ???????? 026 /
382dd8b.2d 284da773 6a88e8 s ???????? 01b /
382dd9e.d3 a4845b03 7c1b07 s ???????? 01a /
382e142.9c 175e0e64 a2996e h ???????? 002 //rss.rdf
382e263.09 42f942c6 043937 h ???????? 004 /wiki/WittgenStein
382ebb8.42 284da75f 6a88e8 h ???????? 004 /wiki/AugustusRex
382eea5.29 25bb3842 e3b0c4 h ???????? 002 /robots.txt
382eea7.57 25bb3842 9b6b51 h ???????? 01c /
382eee2.65 b44c0f17 a04d28 h ???????? 004 /wiki/OpeningLecture
382ef5c.02 36a55acb 013564 h ???????? 003 /robots.txt
382ef5c.53 36a55acb 013564 h ???????? 004 /wiki/RtRr
382efcb.b3 42f942d2 043937 s ???????? 004 /wiki/AdHi
382f0e7.51 5b794fb4 e3b0c4 h ???????? 003 /robots.txt
382f0e9.82 5b794fb4 2d2838 h ???????? 01c /
382f426.6e 42f942ca 043937 h ???????? 004 /wiki/HauteCouture
382f445.03 9fcbf0c2 ef60d6 s ???????? 025 /
382f517.fc 58c61608 2d63ef h ???????? 003 /robots.txt
382f53a.f4 365495dd 4ebbdb h ???????? 002 /t/robots.txt
382f565.a3 d5efcd76 b5e425 h ???????? 003 /robots.txt
382f585.72 904c5097 cecd3a h ???????? 00b /robots.txt
382f58f.46 4d4b4ea1 6a9392 h ???????? 002 /robots.txt
382f590.03 4d4b4ea1 6a9392 h ???????? 004 //wiki/PsychischeGesundheit
382f93d.3d b44c0f8f a04d28 h ???????? 005 /wiki/LockSchuppen
382f948.7b 42f95cc7 70a047 h ???????? 003 //rss.rdf
382fbbd.65 cf2e0db6 6a88e8 h ???????? 025 /
382fc9a.13 b01f7e38 e3b0c4 h ???????? 001 /robots.txt
382fc9c.37 b01f7e38 37a81c h ???????? 015 /
