39f019c.4e 42f941cc 043937 h ???????? 002 /hot
39f034f.41 42f941d2 622963 s ???????? 018 /
39f03db.d0 2d371562 ef60d6 s ???????? 019 /
39f04a5.53 d9b68457 433e9c h ???????? 003 /edit/27356001
39f0672.b2 bc285186 7dfab1 h ???????? 002 //rss.jsp
39f0672.e0 bc285186 7dfab1 h ???????? 002 //rss.jsp
39f067d.9b bc285186 7dfab1 h ???????? 002 //rss.jsp
39f067d.c3 bc285186 7dfab1 h ???????? 002 //rss.jsp
39f07e8.44 bc285186 7dfab1 h ???????? 002 //rss.jsp
39f07e8.70 bc285186 7dfab1 h ???????? 002 //rss.jsp
39f0804.f3 bc285186 7dfab1 h ???????? 002 //rss.jsp
39f0805.1d bc285186 7dfab1 h ???????? 009 //rss.jsp
39f082e.cc 42f941ce 043937 h ???????? 003 /wiki/KaisersLautern
39f0870.59 42f941ca 043937 h ???????? 003 /wiki/BeeBib
39f0d77.0f d94585ec 399ff9 h ???????? 002 /robots.txt
39f0d88.7a d94585f0 399ff9 h ???????? 004 /wiki/CommunityWiki
39f0d94.db d94585ef 399ff9 h ???????? 004 /wiki/EdnaParker
39f0da0.36 d94585ee 399ff9 h ???????? 004 /wiki/YvKl
39f0da8.74 d94585ef 399ff9 h ???????? 003 /wiki/EyeDotz
39f0db0.f9 d94585ea 399ff9 h ???????? 003 /cast/
39f0db8.1d d94585ed 399ff9 h ???????? 004 /wiki/MindWiki
39f0dc0.40 d9458546 399ff9 h ???????? 003 /wiki/MarJu
39f0dca.17 d9458546 399ff9 h ???????? 003 /wiki/ZwAn
39f1640.d1 33ff2f14 c37fd8 h ???????? 003 /robots.txt
39f1644.21 33ff2f14 c37fd8 h ???????? 004 //wiki/ChristineSchlinck
39f164e.e9 33ff2f14 c37fd8 h ???????? 003 //wiki/IdeaFestival
39f1654.99 33ff2f14 c37fd8 h ???????? 003 //wiki/IdeologieDatenschutz
39f165b.75 33ff2f14 c37fd8 h ???????? 003 //wiki/IeeeSingularity
39f165f.4b 33ff2f14 c37fd8 h ???????? 003 //wiki/IndustrialHeritage
39f1663.cb 33ff2f14 c37fd8 h ???????? 004 //wiki/IndustrieKultur
39f1667.f2 33ff2f14 c37fd8 h ???????? 004 //wiki/IndustrieKulturInSachsen
39f166b.f1 33ff2f14 c37fd8 h ???????? 004 //wiki/InfiniteLoopOne
39f1671.09 33ff2f14 c37fd8 h ???????? 003 //wiki/InfoLab
39f1675.25 33ff2f14 c37fd8 h ???????? 004 //wiki/InfoLab
39f1679.99 33ff2f14 c37fd8 h ???????? 003 //wiki/IngmarFranke
39f167e.1c 33ff2f14 c37fd8 h ???????? 004 //wiki/InnovationsForum
39f1681.d2 33ff2f14 c37fd8 h ???????? 004 //wiki/IntelligenceExplosion
39f1686.55 33ff2f14 c37fd8 h ???????? 003 //wiki/InteractiveMinds
39f168a.80 33ff2f14 c37fd8 h ???????? 003 //wiki/JoachimGauck
39f168e.86 33ff2f14 c37fd8 h ???????? 004 //wiki/JoaquinDiaz
39f1692.8a 33ff2f14 c37fd8 h ???????? 004 //wiki/JochenOehler
39f1696.93 33ff2f14 c37fd8 h ???????? 004 //wiki/JoeTsien
39f169a.62 33ff2f14 c37fd8 h ???????? 004 //wiki/JoelGarreau
39f169e.7b 33ff2f14 c37fd8 h ???????? 004 //wiki/JoelUckelman
39f16a2.96 33ff2f14 c37fd8 h ???????? 003 //wiki/JoergAufDemHoevel
39f16a6.b3 33ff2f14 c37fd8 h ???????? 004 //wiki/JoergDenzinger
39f16aa.51 33ff2f14 c37fd8 h ???????? 004 //wiki/JoergFriedrich
39f16ae.57 33ff2f14 c37fd8 h ???????? 003 //wiki/JoergKantel
39f16b2.67 33ff2f14 c37fd8 h ???????? 003 //wiki/JohannesErnst
39f16b6.3b 33ff2f14 c37fd8 h ???????? 004 //wiki/JohannesHuenich
39f16ba.d5 33ff2f14 c37fd8 h ???????? 004 //wiki/JohannesHuenich
39f16be.bb 33ff2f14 c37fd8 h ???????? 003 //wiki/JoshuaSchachter
39f16c3.af 33ff2f14 c37fd8 h ???????? 005 //wiki/JournalistinnenBund
39f16c7.e0 33ff2f14 c37fd8 h ???????? 004 //wiki/JournalistinnenBund
39f16cb.be 33ff2f14 c37fd8 h ???????? 004 //wiki/KarenWeinert
39f16cd.f1 42f95a8f 70a047 h ???????? 003 //rss.rdf
39f16d0.75 33ff2f14 c37fd8 h ???????? 004 //wiki/KarlFisch
39f16d4.e1 33ff2f14 c37fd8 h ???????? 003 //wiki/KarlLehmann
39f16d9.1d 33ff2f14 c37fd8 h ???????? 004 //wiki/KarlsPreis
39f16dd.6f 33ff2f14 c37fd8 h ???????? 003 //wiki/KarstenMenzel
39f16e1.26 33ff2f14 c37fd8 h ???????? 004 //wiki/KarstenPeters
39f16e4.fc 33ff2f14 c37fd8 h ???????? 004 //wiki/KarstenPeters
39f16e8.c4 33ff2f14 c37fd8 h ???????? 004 //wiki/KatharinaKuehnel
39f16ed.1c 33ff2f14 c37fd8 h ???????? 004 //wiki/KatharinaKuehnel
39f16f0.f1 33ff2f14 c37fd8 h ???????? 004 //wiki/KatharinaKuehnel
39f16f5.e0 33ff2f14 c37fd8 h ???????? 006 //wiki/LockFutureSax
39f16fc.f7 33ff2f14 c37fd8 h ???????? 005 //wiki/LockSchuppenDe
39f1701.c7 33ff2f14 c37fd8 h ???????? 004 //wiki/MindBrokerDe
39f1706.36 33ff2f14 c37fd8 h ???????? 005 //wiki/MindBrokerKg
39f170a.45 33ff2f14 c37fd8 h ???????? 004 //wiki/MindId
39f1710.2a 33ff2f14 c37fd8 h ???????? 004 //wiki/OpenCoffeeClubDresden
39f1715.08 33ff2f14 c37fd8 h ???????? 004 //wiki/PiratenPrognose
39f1719.1e 33ff2f14 c37fd8 h ???????? 004 //wiki/PresencingStatus
39f171d.85 33ff2f14 c37fd8 h ???????? 004 //wiki/PsychischeGesundheit
39f1723.51 33ff2f14 c37fd8 h ???????? 004 //wiki/RainerWasserfuhrCvEn
39f1727.5b 33ff2f14 c37fd8 h ???????? 004 //wiki/RealFilm
39f17eb.3c d9b6843f 433e9c h ???????? 005 /wiki/AnnoDomino2012
39f19f1.d5 42f941ca 043937 h ???????? 004 /wiki/SuggestFriends
39f1a92.78 c0285f22 aab2d1 h ???????? 003 //wp-login.php
39f1a93.0e c0285f22 aab2d1 h ???????? 002 //administrator/index.php
39f1a93.9e c0285f22 aab2d1 h ???????? 003 //user/
39f1a94.31 c0285f22 aab2d1 h ???????? 003 //admin/index.php
39f1a94.c9 c0285f22 aab2d1 h ???????? 003 //admin.php
39f1a95.6c c0285f22 aab2d1 h ???????? 003 //admin.php
39f1a95.fe c0285f22 aab2d1 h ???????? 002 //manager/
39f1a96.91 c0285f22 aab2d1 h ???????? 003 //admin.php
39f1a97.2c c0285f22 aab2d1 h ???????? 003 //typo3/
39f1a97.c9 c0285f22 aab2d1 h ???????? 003 //index.php/admin
39f212f.83 d9b68435 433e9c h ???????? 01f /edit/12726002
39f23c6.6c d94585ef 399ff9 h ???????? 003 /robots.txt
39f23d5.9a d94585ee 399ff9 h ???????? 002 /t
39f23e0.38 d94585ee 399ff9 h ???????? 005 /wiki/ZuJung
39f23e7.fc d94585ef 399ff9 h ???????? 005 /wiki/FutureLab2056
39f23ef.b0 d94585ec 399ff9 h ???????? 004 /wiki/RootHandler
39f23f6.fb d94585ee 399ff9 h ???????? 001 /NoOs
39f23fd.5a d94585eb 399ff9 h ???????? 002 /wiki/BoNyx
39f2406.1f d94585ed 399ff9 h ???????? 001 /edit/8536001
39f240c.ed d94585ec 399ff9 h ???????? 001 /wiki/ImPressum
39f2414.12 d9458546 399ff9 h ???????? 002 /wiki/ThreeMai
39f241a.21 d94585ed 399ff9 h ???????? 002 /wiki/DrMabe
39f2420.cc d94585ed 399ff9 h ???????? 003 /wiki/EtAl
39f2429.1d d94585ed 399ff9 h ???????? 001 /wiki/MarNie
39f286d.80 8ba26ab5 976046 s ???????? 014 /
39f2938.c7 284da725 6a88e8 h ???????? 003 /wiki/DerAugenblick
39f2a33.90 42f941cc 043937 h ???????? 003 /wiki/DeObdd
39f2bb4.d3 42f941ce 043937 h ???????? 003 /wiki/AbwrackPraemie
39f2c0d.a8 d9b68457 433e9c h ???????? 013 /edit/17356004
39f2d70.a7 b44c0f8b a04d28 h ???????? 002 /wiki/LockTeam
39f302a.4e 42f95d28 002725 h ???????? 001 /favicon.ico
39f31b2.9e 2ee5a462 2e29b5 h ???????? 002 /robots.txt
39f3992.e8 d94585eb 399ff9 h ???????? 002 /robots.txt
39f39a2.33 d94585ec 399ff9 h ???????? 002 /wiki/AnEi
39f39ab.1e d94585ea 399ff9 h ???????? 002 /wiki/ReDo
39f39b3.5e d94585ef 399ff9 h ???????? 002 /wiki/GrillStuebel
39f39bc.64 d94585f0 399ff9 h ???????? 001 /wiki
39f39c5.23 d94585ec 399ff9 h ???????? 002 /wiki/FunkZeit
39f39cd.c7 d94585ee 399ff9 h ???????? 002 /wiki/HerzTorte
39f39d5.dc d94585ef 399ff9 h ???????? 003 /wiki/VerFassung
39f39de.20 d94585eb 399ff9 h ???????? 002 /wiki/AntiPotemkin
39f39e7.91 d94585ed 399ff9 h ???????? 002 /wiki/WikiPage
39f3bd5.82 42f941d4 043937 s ???????? 014 /
39f3d77.cd 42f941ca 043937 h ???????? 002 /wiki/JurgenAvenhaus
39f3e1a.4a 54d1fdc7 573285 h ???????? 002 
39f3e1a.82 54d1fdc7 573285 h ???????? 006 
39f402d.94 9d3727f1 6a88e8 s ???????? 01a /
39f4124.5a 42f95a8d 70a047 h ???????? 002 //rss.rdf
39f4414.7e 42f941d2 622963 s ???????? 014 /
39f4548.9e b44c0f95 a04d28 h ???????? 001 /feed
39f49cd.f2 42f941d4 043937 s ???????? 002 /edit/23655002
39f49d3.0c 42f941d0 043937 s ???????? 001 /edit/28835003
39f4adf.4b 42f941d2 043937 s ???????? 003 /wiki/PageName
39f4b13.56 42f941d0 043937 s ???????? 002 /edit/81685010
39f4b13.9a 42f941d2 043937 s ???????? 001 /edit/89045005
39f4b1f.67 42f941d0 043937 s ???????? 001 /edit/82505001
39f4b30.a7 42f941d0 043937 s ???????? 001 /edit/91595005
39f4b3f.a3 42f941d0 043937 s ???????? 002 /edit/92485019
39f4b52.8e 42f941d0 043937 s ???????? 001 /edit/80735001
39f4bf0.61 42f941ca 043937 h ???????? 003 /wiki/AvaTar
39f4cb6.01 cd8b8d36 209ef4 h ???????? 004 //rss.rdf
39f4e27.a0 42f941d0 043937 s ???????? 001 /edit/95205011
39f4e3f.45 42f941d0 043937 s ???????? 002 /edit/90835020
39f4e47.58 42f941d2 043937 s ???????? 001 /edit/90945002
39f4ed2.b5 42f941d2 043937 s ???????? 001 /edit/90955002
39f4f3a.b8 42f941cc 043937 h ???????? 003 /wiki/GottfriedKeller
39f4fa8.8a d94585ef 399ff9 h ???????? 001 /robots.txt
39f4fb8.6f d94585ec 399ff9 h ???????? 003 /wiki/SaSiSu
39f4fc1.bd d94585eb 399ff9 h ???????? 002 /wiki/SdVw
39f4fca.5d d94585ea 399ff9 h ???????? 003 /wiki/RainerTest
39f4fd3.25 d94585f0 399ff9 h ???????? 002 /wiki/NaSt
39f4fdb.2a d94585f0 399ff9 h ???????? 003 /wiki/BetOrBett
39f4fe2.f1 d94585ed 399ff9 h ???????? 002 /edit
39f4fea.a1 d94585eb 399ff9 h ???????? 003 /wiki/GoogleWatch
39f4ff2.3c d94585ed 399ff9 h ???????? 004 /wiki/OurFuture
39f4ffa.16 d94585ea 399ff9 h ???????? 003 /wiki/RetTla
39f5001.2c d9458546 399ff9 h ???????? 001 /cast/706001
39f5007.32 d94585eb 399ff9 h ???????? 002 /wiki/LuSch
39f500e.5d d94585f0 399ff9 h ???????? 002 /wiki/BleibMir
39f5015.c4 d94585ec 399ff9 h ???????? 003 /wiki/FzKh
39f501e.2b d94585ed 399ff9 h ???????? 003 /wiki/NeuMarkt
39f5024.8d d94585f0 399ff9 h ???????? 003 /wiki/EtTag
39f502b.7e d94585ee 399ff9 h ???????? 003 /wiki/MindPost
39f5032.47 d94585ea 399ff9 h ???????? 002 /wiki/HechtRunde
39f5038.d8 d94585ed 399ff9 h ???????? 003 /wiki/LifeDay16184
39f503f.91 d94585ea 399ff9 h ???????? 003 /wiki/DampfWalzer
39f5040.8f cf2e0dcb 6a88e8 s ???????? 002 /robots.txt
39f5042.8d 9d372740 6a88e8 s ???????? 016 /
39f5045.b5 d94585ef 399ff9 h ???????? 001 /StarTime
39f504b.40 d9458546 399ff9 h ???????? 003 /wiki/FaustFrage
39f5050.55 d94585f0 399ff9 h ???????? 003 /wiki/DalvikVm
39f5058.6b d94585ee 399ff9 h ???????? 003 /wiki/DeHa
39f505f.af d94585ed 399ff9 h ???????? 003 /wiki/WegenDir
39f5065.50 d94585ea 399ff9 h ???????? 003 /wiki/IdeaPad
39f556d.65 284da725 6a88e8 h ???????? 017 /
39f56ff.df 68eec6aa ee113c h ???????? 017 /
39f5700.e3 68eec6aa ee113c h ???????? 002 //https://floatingboat2013.appspot.com
39f5701.73 68eec6aa ee113c h ???????? 003 //wiki/AlanTuring
39f5702.05 68eec6aa ee113c h ???????? 004 //wiki/GottfriedWilhelmLeibniz
39f5702.94 68eec6aa ee113c h ???????? 002 //https://floatingboat2013.appspot.com/UrPic
39f5703.2b 68eec6aa ee113c h ???????? 001 //https://floatingboat2013.appspot.com/ad
39f5703.b5 68eec6aa ee113c h ???????? 001 //https://sl4.eu/hls
39f5704.42 68eec6aa ee113c h ???????? 002 //https://sl4.eu/ls
39f5704.d4 68eec6aa ee113c h ???????? 002 //https://sl4.eu/sh
39f5705.61 68eec6aa ee113c h ???????? 002 //https://www.youtube.com/watch
39f597a.2b 42f941d2 043937 s ???????? 00a /wiki/SeaSteading
39f59b6.9a 42f941ca 043937 h ???????? 004 /wiki/SimpleDateFormat
39f5aa2.8a 42f941d2 043937 s ???????? 003 /wiki/ConStituion
39f5aa7.26 42f941d2 043937 s ???????? 003 /wiki/NormalNull
39f5bf6.8f 42f941cc 043937 h ???????? 003 /wiki/SeasteadingWiki
39f5e60.c4 4e340a68 aa645a h ???????? 019 /
39f5e66.b4 42f941d4 043937 s ???????? 01f /
39f60fd.cc 42f941ce 043937 h ???????? 004 /wiki/VolksVertretung
39f610a.57 2ee5a463 2e29b5 h ???????? 002 //robots.txt
39f6127.32 44b4e71a aec21f h ???????? 002 /robots.txt
39f6127.cc 44b4e71a aec21f h ???????? 002 /feed
39f638a.18 a2d2c482 028fc4 h ???????? 002 //robots.txt
39f638f.bb a2d2c482 028fc4 h ???????? 020 /
39f6414.d1 b44c0f0f a04d28 h ???????? 003 /wiki/%3Ca%20class=%22blue%22%20href=%22/wiki/ComPlex%22%3EComPlex%3C/a%3E
39f64a0.3a 33ff4124 433e9c h ???????? 002 /edit/23376002
39f65cd.98 d94585ef 399ff9 h ???????? 002 /robots.txt
39f65de.10 d94585ec 399ff9 h ???????? 003 /wiki/CoraHobby
39f65e7.a2 d94585ea 399ff9 h ???????? 003 /wiki/HaTo
39f65f3.cd d94585f0 399ff9 h ???????? 003 /wiki/285001
39f65fd.67 d94585ea 399ff9 h ???????? 003 /wiki/ChristianHeller
39f6606.1e d94585ed 399ff9 h ???????? 003 /wiki/SemperGo
39f6609.25 a4845b03 9b5f48 s ???????? 018 /
39f660e.a3 d94585f0 399ff9 h ???????? 003 /wiki/ScAu
39f6617.05 d94585ed 399ff9 h ???????? 004 /wiki/HaBaKi
39f661f.bf d94585eb 399ff9 h ???????? 003 /wiki/HauptHenkel
39f6629.c3 d94585f0 399ff9 h ???????? 003 /wiki/GeFab
39f6632.e3 d94585ed 399ff9 h ???????? 003 /wiki/JanNis
39f663b.4f d94585ea 399ff9 h ???????? 003 /wiki/SaLa
39f6642.e0 d94585ee 399ff9 h ???????? 002 /RecentChanges
39f664a.b3 d94585ee 399ff9 h ???????? 003 /wiki/EndMontage
39f6652.30 d94585f0 399ff9 h ???????? 003 /wiki/FermiFett
39f665b.98 d94585ef 399ff9 h ???????? 003 /wiki/ChenLen
39f6663.b7 d94585ee 399ff9 h ???????? 002 /crush
39f698a.06 9d3727ba 6a88e8 h ???????? 01b /
39f69a3.06 a484a127 433e9c h ???????? 002 /edit/29146007
39f6a87.4a 42f95a8d 70a047 h ???????? 002 //rss.rdf
39f6b37.69 4a7d4c24 55c2cd h ???????? 002 //rss.rdf
39f6b6b.37 284da720 6a88e8 h ???????? 004 /wiki/JanBoehme
39f6db0.a6 42f941d2 043937 s ???????? 004 /wiki/ReSet
39f6f3d.f4 cf2e0dcb 6a88e8 h ???????? 002 /robots.txt
39f6f45.ac 284da725 6a88e8 h ???????? 01a /
39f72c0.c2 42f941ce 043937 h ???????? 004 /wiki/RaWa
39f7529.11 d9b68417 433e9c h ???????? 002 /edit/28376001
39f78fc.38 b44c0f16 a04d28 s ???????? 002 /edit/3145002
39f7bb1.33 d94585ed 399ff9 h ???????? 003 /robots.txt
39f7bc1.78 d94585f0 399ff9 h ???????? 00c /wiki/WelCome
39f7bcc.35 d94585eb 399ff9 h ???????? 003 /wiki/DanScho
39f7bd5.66 d94585ef 399ff9 h ???????? 003 /wiki/MartinOne
39f7bdf.77 d94585ef 399ff9 h ???????? 003 /wiki/ApmTla
39f7be8.02 d94585ec 399ff9 h ???????? 003 /wiki/TouchOs
39f7bf2.92 d94585f0 399ff9 h ???????? 004 /wiki/SaiXai
39f7bfc.5d d94585ee 399ff9 h ???????? 004 /wiki/AufFrank
39f7c05.4c d94585f0 399ff9 h ???????? 004 /wiki/JeKer
39f7c0e.f7 d94585ea 399ff9 h ???????? 003 /wiki/DhpTla
39f7d4f.c1 33ff415d 433e9c h ???????? 004 /wiki/StadtDresden2056
39f7eef.1c d9b6841b 433e9c h ???????? 004 /wiki/SigmundFreud
39f8367.76 a2d2c482 028fc4 h ???????? 002 /robots.txt
39f8369.2e a2d2c482 028fc4 h ???????? 01d /
39f8484.0c 42f941ce 043937 h ???????? 004 /wiki/KlausBrockmann
39f88f5.30 7a9b500a 573285 h ???????? 003 
39f88f5.a8 7a9b500a 573285 h ???????? 003 
39f8b98.c3 42f941d0 043937 s ???????? 025 /
39f8f70.75 42f941ca 043937 h ???????? 004 /wiki/ConNect
39f91bd.c2 d94585ed 399ff9 h ???????? 002 /robots.txt
39f91cf.0d d94585ed 399ff9 h ???????? 003 /wiki/SwGa
39f91d9.d7 d94585ee 399ff9 h ???????? 004 /wiki/CitiZen
39f91e2.41 d94585ee 399ff9 h ???????? 004 /wiki/AltTraktor
39f91eb.57 d9458546 399ff9 h ???????? 00d /wiki/StFr
39f91f3.ff d94585ea 399ff9 h ???????? 004 /wiki/516001
39f91fb.ff d94585ed 399ff9 h ???????? 003 /FloatingBoats
39f9204.91 d94585ec 399ff9 h ???????? 004 /wiki/ConStitution
39f920d.46 d94585eb 399ff9 h ???????? 004 /wiki/PayPass
39f9217.3b d94585ea 399ff9 h ???????? 004 /wiki/HagenStanek
39f921f.81 d94585ec 399ff9 h ???????? 004 /wiki/HiPo
39f9227.70 d94585ef 399ff9 h ???????? 004 /wiki/GooWiki
39f922f.ce d9458546 399ff9 h ???????? 003 /wiki/KaNu
39f9237.dc d94585ec 399ff9 h ???????? 002 /SamenLotto
39f923e.ed d94585ef 399ff9 h ???????? 003 /wiki/PirnaPlatz
39f9248.42 d94585ea 399ff9 h ???????? 004 /wiki/LaufHaus
39f924f.f6 d94585ea 399ff9 h ???????? 005 /wiki/AnFang
39f931c.70 33ff4136 433e9c h ???????? 01e /
39f945c.d0 42f95a8d 70a047 h ???????? 003 //rss.rdf
39f9646.d1 42f941ca 043937 h ???????? 004 /wiki/SebastianThrun
39f97fc.45 97501f99 433e9c h ???????? 003 //robots.txt
39f99e8.69 42f941d4 043937 s ???????? 003 /robots.txt
39f99e8.b2 42f941d4 043937 s ???????? 01e /
39f9c81.42 a4845b03 5a00f3 s ???????? 028 /
39fa135.39 bc286647 7dfab1 h ???????? 003 //rss.jsp
39fa135.6a bc286647 7dfab1 h ???????? 002 //rss.jsp
39fa1d6.a0 42f941cc 043937 h ???????? 003 /edit/35926001
39fa1f0.7a 4d420161 d8841e h ???????? 003 /robots.txt
39fa1f2.3f 4d420161 d8841e h ???????? 01f /
39fa54d.92 d9b6843c 433e9c h ???????? 003 /sl
39fa56e.a2 88f3599d 0852cc h ???????? 001 /robots.txt
39fa570.8b 88f3599d 0852cc h ???????? 013 /
39fa7fe.58 d94585ec 399ff9 h ???????? 002 /robots.txt
39fa809.d9 42f941ca 043937 h ???????? 008 /wiki/WashingMachine
39fa80c.f4 d94585eb 399ff9 h ???????? 002 /wiki/MargittaKorn
39fa815.be d94585ec 399ff9 h ???????? 002 /wiki/MindBroker
39fa81d.b6 d9458546 399ff9 h ???????? 002 /wiki/OpenCoffeeClubDresden
39fa825.2d d94585ec 399ff9 h ???????? 002 /wiki/WeWa
39fa82c.85 d94585ea 399ff9 h ???????? 002 /wiki/LifeDay16181
39fa833.f4 d9458546 399ff9 h ???????? 002 /wiki/HaSt
39fa83b.85 d94585ef 399ff9 h ???????? 001 /love/4d
39fa842.8c d94585ea 399ff9 h ???????? 002 /wiki/OlafSchubert
39fa84c.05 d9458546 399ff9 h ???????? 003 /wiki/CbYs
39fa853.41 d94585ef 399ff9 h ???????? 003 /wiki/PeterThiel
39fac39.d7 90d90454 661b67 h ???????? 001 /status
39fac3a.21 90d90454 661b67 h ???????? 012 /
39fac41.78 90d90454 661b67 h ???????? 001 /script
39fac44.bf 90d90454 661b67 h ???????? 001 /jenkins/script
39fac45.0f 90d90454 661b67 h ???????? 002 /login
39fac48.5f 90d90454 661b67 h ???????? 001 /jmx-console
39fac53.b6 90d90454 661b67 h ???????? 018 /
39fac57.12 90d90454 661b67 h ???????? 002 /manager/html
39fac58.64 90d90454 661b67 h ???????? 014 /
39fac59.b6 90d90454 661b67 h ???????? 017 /
39fac5d.0b 90d90454 661b67 h ???????? 013 /
39fac5d.5a 90d90454 661b67 h ???????? 001 //administrator
39fac5e.a6 90d90454 661b67 h ???????? 001 /joomla/administrator
39fac6b.f8 90d90454 661b67 h ???????? 001 /Joomla/administrator
39fac6f.42 90d90454 661b67 h ???????? 001 /msd
39fac6f.8c 90d90454 661b67 h ???????? 001 /mySqlDumper
39fac6f.d5 90d90454 661b67 h ???????? 001 /msd1.24stable
39fac73.30 90d90454 661b67 h ???????? 001 /msd1.24.4
39fac8a.9b 90d90454 661b67 h ???????? 013 /
39fac91.f2 90d90454 661b67 h ???????? 002 /sqlite/main.php
39fac92.43 90d90454 661b67 h ???????? 001 /SQLite/SQLiteManager-1.2.4/main.php
39fac92.8f 90d90454 661b67 h ???????? 001 /SQLiteManager-1.2.4/main.php
39facb1.df 90d90454 661b67 h ???????? 001 /webdav
39facb2.25 90d90454 661b67 h ???????? 017 /
39facb3.72 90d90454 661b67 h ???????? 018 /
39facb4.be 90d90454 661b67 h ???????? 016 /
39facb6.21 90d90454 661b67 h ???????? 006 //wp-login.php
39facca.7d 90d90454 661b67 h ???????? 001 /blog/wp-login.php
39facd5.c9 90d90454 661b67 h ???????? 002 /Blog/wp-login.php
39fae39.bf 284da720 6a88e8 h ???????? 003 /wiki/TwitterKurs
39fb294.41 9d372740 6a88e8 s ???????? 01c /
39fb934.c4 42f941cc 043937 h ???????? 002 /edit/29206001
39fb9cc.c5 42f941ca 043937 h ???????? 003 /wiki/LouisenStrasse
39fba42.f4 42f941d2 043937 s ???????? 001 /edit/23835003
39fba47.e6 42f941d2 043937 s ???????? 002 /edit/33545002
39fba58.82 42f941d0 043937 s ???????? 001 /edit/34015001
39fba74.54 42f941d0 043937 s ???????? 002 /edit/28835004
39fbaa0.2d 42f941d0 043937 s ???????? 006 /edit/33195013
39fbd9c.66 42f95a8d 70a047 h ???????? 002 //rss.rdf
39fbdf6.f1 d94585ec 399ff9 h ???????? 002 /robots.txt
39fbe08.ec d94585ea 399ff9 h ???????? 003 /wiki/MindFlow
39fbe13.b7 d94585ee 399ff9 h ???????? 002 /wiki/LiebeEin
39fbe1d.65 d94585ec 399ff9 h ???????? 002 /wiki/SiSanien
39fbe27.04 d9458546 399ff9 h ???????? 003 /wiki/HaGr
39fbe30.2d d94585ec 399ff9 h ???????? 003 /wiki/InVent
39fbe38.de d94585ea 399ff9 h ???????? 003 /wiki/ImPrint
39fbe40.a7 d94585ed 399ff9 h ???????? 001 /AlphaDay
39fbe48.89 d94585eb 399ff9 h ???????? 003 /wiki/FzMk
39fbe51.cf d94585eb 399ff9 h ???????? 003 /wiki/KarlMarx
39fbe5a.3b d9458546 399ff9 h ???????? 007 /sitemap.xml
39fbe62.e5 d94585ec 399ff9 h ???????? 003 /wiki/HaTa
39fbe6b.64 d9458546 399ff9 h ???????? 002 /wiki/ShookHands
39fbe74.0e d9458546 399ff9 h ???????? 002 /wiki/ProPeh
39fbe7d.a9 d94585eb 399ff9 h ???????? 003 /wiki/SingularityUniversity%20
39fbe85.36 d94585ec 399ff9 h ???????? 002 /wiki/WikiWall
39fbe8c.3e d94585ed 399ff9 h ???????? 002 /wiki/PartOf
39fc104.8d b44c0f8e a04d28 h ???????? 003 /wiki/SemperNote2012Q2
39fc1fc.8e 8ba27ca7 1066b4 h ???????? 01e /
39fc335.d6 2ee5a850 2e29b5 h ???????? 002 /feed
39fc33e.1c 2ee5a84e 2e29b5 h ???????? 003 //wiki/LockSchuppen
39fc347.e0 2ee5a842 2e29b5 h ???????? 003 //wiki/L...
39fc358.eb 2ee5a84d 2e29b5 h ???????? 002 //wiki/NooPolis
39fc35e.6d 2ee5a850 2e29b5 h ???????? 001 /feed
39fc36e.be 2ee5a848 2e29b5 h ???????? 003 //wiki/InterNet
39fc37e.89 2ee5a848 2e29b5 h ???????? 017 /love/1e
39fc389.28 2ee5a846 2e29b5 h ???????? 003 /wiki/RaLi
39fc3af.9c 2ee5a848 2e29b5 h ???????? 002 //wiki/ChristineSchlinck
39fc3b0.f5 2ee5a848 2e29b5 h ???????? 003 //wiki/ChristineSchlinck
39fc3b7.8e 2ee5a84e 2e29b5 h ???????? 002 //wiki/LockSchuppenDe
39fc89e.2f 284da725 6a88e8 h ???????? 01d /
39fc8d4.88 b44c0f12 a04d28 h ???????? 003 /wiki/SteinBruch
39fca10.4b 42f941d0 043937 s ???????? 01f /
39fcb8f.cd 42f941ce 043937 h ???????? 004 /wiki/FrauenVersteher
39fd204.93 9d372740 6a88e8 h ???????? 004 /wiki/NetzWerk
39fd3ee.83 d9458546 399ff9 h ???????? 002 /robots.txt
39fd3f9.68 d9458546 399ff9 h ???????? 003 /wiki/SaZi
39fd403.92 d94585ea 399ff9 h ???????? 003 /wiki/EvThomas
39fd40b.53 d94585ef 399ff9 h ???????? 004 /wiki/BleField
39fd411.81 d94585ed 399ff9 h ???????? 003 /wiki/LiebeDas
39fd417.bd d94585ea 399ff9 h ???????? 004 /wiki/RoHaZoo
39fd41f.7f d9458546 399ff9 h ???????? 003 /wiki/WebSite
39fd428.6b d94585ec 399ff9 h ???????? 003 /wiki/KennDi
39fd430.05 d94585ec 399ff9 h ???????? 003 /wiki/AnSa
39fd435.d8 d9458546 399ff9 h ???????? 003 /wiki/HaUndEm
39fd43b.89 d94585ed 399ff9 h ???????? 003 /wiki/LifeDay16323
39fd443.85 d94585ec 399ff9 h ???????? 004 /wiki/SuperTramp
39fd484.56 42f941d0 043937 s ???????? 002 /edit/50005001
39fd4a9.00 42f941d0 043937 s ???????? 002 /edit/63075046
39fd8c9.e1 2ea10903 06ade7 h ???????? 003 /wiki/RainerWasserfuhr
39fd8e1.0d 42f941ca 043937 h ???????? 003 /wiki/RichardDreise
39fdd52.be 42f941ca 043937 h ???????? 003 /wiki/ReverseEngineer
39fdfeb.68 9d3727f1 6a88e8 s ???????? 01f /
39fe35e.de 894acfa1 433e9c h ???????? 003 /edit/25876002
39fe574.8c d957612d 86687a h ???????? 019 /
39fe574.e9 d957612d 86687a h ???????? 002 /favicon.ico
39fe575.1d d957612d 86687a h ???????? 002 /favicon.ico
39fe578.dc d957612d 86687a h ???????? 002 /feel/4
39fe57c.e0 d957612d 86687a h ???????? 002 /feel/8
39fe584.e5 d957612d 86687a h ???????? 018 /feel/10
39fe594.da d957612d 86687a h ???????? 002 /feel/20
39fe5a4.e0 d957612d 86687a h ???????? 002 /feel/30
39fe5b4.d8 d957612d 86687a h ???????? 002 /feel/40
39fe5c4.e2 d957612d 86687a h ???????? 002 /feel/50/tired
39fe5d4.e3 d957612d 86687a h ???????? 002 /feel/60/
39fe5e4.e9 d957612d 86687a h ???????? 002 /feel/70/
39fe5f4.df d957612d 86687a h ???????? 002 /feel/80/tired
39fe604.de d957612d 86687a h ???????? 002 /feel/90/
39fe614.d9 d957612d 86687a h ???????? 002 /feel/a0/
39fe624.e4 d957612d 86687a h ???????? 002 /feel/b0/
39fe634.db d957612d 86687a h ???????? 002 /feel/c0/
39fe644.f1 d957612d 86687a h ???????? 002 /feel/d0/
39fe655.13 d957612d 86687a h ???????? 002 /feel/e0/
39fe664.e4 d957612d 86687a h ???????? 002 /feel/f0/
39fe674.eb d957612d 86687a h ???????? 019 /feel/100/
39fe684.e1 d957612d 86687a h ???????? 021 /feel/110/
39fe694.df d957612d 86687a h ???????? 021 /feel/120/
39fe6a4.de d957612d 86687a h ???????? 020 /feel/130/
39fe6b4.e5 d957612d 86687a h ???????? 020 /feel/140/
39fe6bb.01 d957612d 86687a h ???????? 004 /wiki/GottfriedWilhelmLeibniz
39fe6c4.e0 d957612d 86687a h ???????? 020 /feel/150/
39fe6d0.2a d957612d 86687a h ???????? 021 /
39fe6d4.81 d957612d 86687a h ???????? 003 /feel/4
39fe6d8.88 d957612d 86687a h ???????? 002 /feel/8
39fe6e0.82 d957612d 86687a h ???????? 019 /feel/10
39fe742.a5 d9b6843a 433e9c h ???????? 005 /wiki/PeerAcademy
39fe796.3a 42f95a8b 70a047 h ???????? 002 //rss.rdf
39fe9d3.c9 d94585ee 399ff9 h ???????? 003 /robots.txt
39fe9e4.83 d94585ea 399ff9 h ???????? 003 /wiki/DiNe
39fe9ef.5b d9458546 399ff9 h ???????? 003 /wiki/JfSchlinck
39fe9f8.81 d94585ec 399ff9 h ???????? 004 /wiki/GlasBier
39fea02.46 d9458546 399ff9 h ???????? 004 /wiki/WebChat
39fea0b.3e d94585ef 399ff9 h ???????? 003 /wiki/WhyWeNap
39fea13.d3 d94585ee 399ff9 h ???????? 003 /wiki/SignIn
39fea1c.33 d94585ea 399ff9 h ???????? 003 /wiki/68002
39fea24.eb d94585ea 399ff9 h ???????? 002 /cast/696001
39fea2e.63 d9458546 399ff9 h ???????? 002 /wiki/ThinkIn
39fea36.8c d94585ef 399ff9 h ???????? 002 /wiki/InBox
39fea3e.f6 d94585eb 399ff9 h ???????? 004 /wiki/LifeDay16319
39fea47.7a d94585ec 399ff9 h ???????? 002 /wiki/HaSe
39fea4e.ff d94585ed 399ff9 h ???????? 002 /wiki/SuHe
39fea58.01 d94585eb 399ff9 h ???????? 004 /wiki/TeTe
39fea60.86 d94585ea 399ff9 h ???????? 001 /wiki/MindPrize
39fea68.99 d94585ef 399ff9 h ???????? 001 /wiki/KhBi
39fea6f.d8 d94585ed 399ff9 h ???????? 002 /wiki/ReFriend
39fea77.fb d9458546 399ff9 h ???????? 002 /wiki/AnnBa
39feaba.a3 d8f442e5 2e51d1 h ???????? 001 /robots.txt
39fec62.69 a484a147 433e9c h ???????? 001 /edit/28306005
39fecb2.40 42f941ca 043937 h ???????? 002 /robots.txt
39fed3d.e8 c7109db7 45fe92 h ???????? 001 /robots.txt
39fed3e.25 c7109db7 45fe92 h ???????? 028 /1
39fed3e.3f 2ebd9dd9 e55868 h ???????? 011 /1
39fef15.d3 42f94526 043937 h ???????? 002 /wiki/RolePlayingGame
39fef46.08 d8f442e5 2e51d1 h ???????? 01a /1
39ff4b0.6d 42f94526 043937 h ???????? 003 /wiki/ReView
39ff4e8.16 42f954e8 002725 h ???????? 001 /favicon.ico
39ff796.82 a5e38457 350bf6 s ???????? 014 /
39ffb71.ed 42f94528 043937 h ???????? 001 /Edit.jsp
39ffc72.8a 25bb384c e3b0c4 h ???????? 002 /robots.txt
39ffc74.b1 25bb384c 5983bc h ???????? 014 /
