3a00005.09 d94585ef 399ff9 h ???????? 002 /robots.txt
3a00012.0f d94585ed 399ff9 h ???????? 002 /wiki/DigitalTwin
3a00019.e1 d9458546 399ff9 h ???????? 002 /wiki/AdHen
3a00021.bd d94585eb 399ff9 h ???????? 002 /wiki/RaumPlan
3a0002a.92 d94585ef 399ff9 h ???????? 002 /wiki/KreuzKirche
3a00031.c7 d94585ec 399ff9 h ???????? 004 /wiki/MindMark
3a00039.5c d94585ea 399ff9 h ???????? 002 /wiki/RealFilm
3a00041.17 d9458546 399ff9 h ???????? 003 /wiki/AtemLos
3a00048.cc d94585ee 399ff9 h ???????? 002 /wiki/WbeTla
3a0004e.f7 d94585ec 399ff9 h ???????? 001 /im
3a00054.79 d94585f0 399ff9 h ???????? 002 /wiki/FreeLove
3a0005b.06 d94585eb 399ff9 h ???????? 002 /base
3a00060.e4 d94585ee 399ff9 h ???????? 002 /wiki/WiderLos
3a00068.bf d94585ee 399ff9 h ???????? 002 /wiki/MuskBusQuest
3a00070.4b d9458546 399ff9 h ???????? 002 /wiki/SeaNation
3a000dd.eb 42f94528 043937 h ???????? 002 /wiki/ThomasMetzinger
3a008c2.a9 22ea4056 479811 h ???????? 003 //wiki/LockSchuppen
3a00971.8a 9d372796 6a88e8 h ???????? 001 /robots.txt
3a0097d.21 9d3727ba 6a88e8 h ???????? 013 /
3a009dc.82 284da725 6a88e8 h ???????? 003 /wiki/WeltSprache
3a00d89.93 cb85ab4f 782faf h ???????? 001 /robots.txt
3a00d9b.4a cb85ab4f e26257 h ???????? 015 /
3a00f29.ec 284da725 6a88e8 h ???????? 01c /
3a011e0.14 42f95707 70a047 h ???????? 002 //rss.rdf
3a011f3.8e 284da725 6a88e8 h ???????? 002 /wiki/MaximusDresden
3a0129c.1d 42f94528 043937 h ???????? 003 /wiki/FriedensStrasse
3a01602.33 d94585f0 399ff9 h ???????? 002 /robots.txt
3a0160f.8f d94585f0 399ff9 h ???????? 002 /system
3a01618.c4 d94585ea 399ff9 h ???????? 001 /cal
3a01621.07 d94585eb 399ff9 h ???????? 004 /wiki/JamesSimons
3a01629.92 d94585eb 399ff9 h ???????? 003 /wiki/526001
3a01633.11 d94585ec 399ff9 h ???????? 003 /wiki/ChVal
3a0163b.1b d9458546 399ff9 h ???????? 002 /wiki/DistanzSpiel
3a01642.b4 d94585ec 399ff9 h ???????? 002 /tv
3a01649.0e d94585ef 399ff9 h ???????? 003 /wiki/PresencingStatus
3a01670.61 42f94528 043937 h ???????? 003 /wiki/MetaMan
3a01774.f1 4d4b4ca3 6a9392 h ???????? 002 /robots.txt
3a01775.aa 4d4b4ca3 6a9392 h ???????? 003 //wiki/LockSchuppen
3a0199b.65 42f94526 043937 h ???????? 003 /wiki/BigCo
3a019c3.76 68eec3c6 dc1a18 h ???????? 016 /
3a019c4.0b 68eec3c6 dc1a18 h ???????? 001 //https://floatingboat2013.appspot.com
3a019c4.9a 68eec3c6 dc1a18 h ???????? 002 //wiki/AlanTuring
3a019c5.23 68eec3c6 dc1a18 h ???????? 009 //wiki/GottfriedWilhelmLeibniz
3a019c5.ae 68eec3c6 dc1a18 h ???????? 002 //https://floatingboat2013.appspot.com/UrPic
3a019c6.3d 68eec3c6 dc1a18 h ???????? 002 //https://floatingboat2013.appspot.com/ad
3a019c6.c7 68eec3c6 dc1a18 h ???????? 001 //https://sl4.eu/hls
3a019c7.4d 68eec3c6 dc1a18 h ???????? 008 //https://sl4.eu/ls
3a019c7.e0 68eec3c6 dc1a18 h ???????? 002 //https://sl4.eu/sh
3a019c8.67 68eec3c6 dc1a18 h ???????? 001 //https://www.youtube.com/watch
3a019e8.9f 4e2e2319 7dfab1 h ???????? 002 //rss.jsp
3a019e8.cf 4e2e2319 7dfab1 h ???????? 002 //rss.jsp
3a01be4.0b c0632e59 c40cd6 h ???????? 017 /
3a01be4.8d c0632e59 e8f7bd h ???????? 017 /
3a01d0a.2c 36a13658 2baa92 h ???????? 019 /
3a0231c.b0 8ac56f6c 40b76f h ???????? 017 /
3a02326.a2 8ac56f6c 40b76f h ???????? 007 /alive/8
3a02326.b5 8ac56f6c 40b76f h ???????? 001 /feel/8
3a0245e.de 42f94526 043937 h ???????? 004 /wiki/SingularAkademy
3a02583.ac 284da72a 6a88e8 h ???????? 003 /wiki/SingularityUniversity
3a02c05.c9 d94585ef 399ff9 h ???????? 002 /robots.txt
3a02c17.1b d94585ef 399ff9 h ???????? 003 /wiki/KurzweilVortrag
3a02c22.e2 d94585ee 399ff9 h ???????? 003 /wiki/MuskBed
3a02c2d.4c d94585ec 399ff9 h ???????? 003 /wiki/DogBagBarbie
3a02c35.de d94585eb 399ff9 h ???????? 003 /wiki/536001
3a02c3f.94 d94585ed 399ff9 h ???????? 003 /wiki/DoIt
3a02c48.23 d94585ee 399ff9 h ???????? 003 /wiki/OasIs
3a02c50.c0 d9458546 399ff9 h ???????? 002 /radio
3a02c5a.18 d94585ee 399ff9 h ???????? 002 /arb
3a02c64.4e d94585f0 399ff9 h ???????? 003 /wiki/KayGroschen
3a02c6c.d1 d94585ef 399ff9 h ???????? 003 /wiki/BootUp
3a02c74.fc d9458546 399ff9 h ???????? 003 /wiki/SingularityUniversity
3a02c7d.08 d94585f0 399ff9 h ???????? 004 /wiki/FzKj
3a02c85.66 d94585ec 399ff9 h ???????? 003 /wiki/BestHash
3a02c8c.a8 d94585eb 399ff9 h ???????? 003 /wiki/GenerationYt
3a02c95.94 d94585ef 399ff9 h ???????? 003 /wiki/DaHo
3a03028.4d 52d0a0b4 2decd6 h ???????? 018 /
3a03028.88 52d0a0b4 c06a0f h ???????? 018 /
3a0321a.66 284da74b 6a88e8 h ???????? 004 /wiki/FamilienFreundKg
3a032cc.e8 44b4e46c aec21f h ???????? 002 /robots.txt
3a032ce.08 44b4e71a aec21f h ???????? 001 /robots.txt
3a032ce.af 44b4e71a aec21f h ???????? 021 /
3a0355a.53 284da725 6a88e8 h ???????? 003 /wiki/PlanetEarth
3a03621.f7 42f9452a 043937 h ???????? 002 /robots.txt
3a03621.f6 42f9452a 043937 h ???????? 008 /wiki/GoogleEarth2012
3a036ed.a8 34d3814d ae842c h ???????? 003 /robots.txt
3a03830.67 42f94526 043937 h ???????? 004 /wiki/ManKind
3a03937.1e 284da725 6a88e8 h ???????? 004 /wiki/WordNet
3a03a09.84 42f95709 70a047 h ???????? 003 //rss.rdf
3a0430b.d0 284da74b 6a88e8 h ???????? 004 /wiki/ElonMusk
3a04669.cd 897447aa 74fb1d s ???????? 003 /robots.txt
3a047bc.ec 284da725 6a88e8 h ???????? 004 /wiki/ReidHoffman
3a047e4.ee 42f94526 043937 h ???????? 003 /wiki/NachsendeAntrag
3a04915.49 42f945db 043937 s ???????? 002 /robots.txt
3a04be7.e0 4d4b4f48 6a9392 h ???????? 002 /robots.txt
3a04be8.b8 4d4b4f48 6a9392 h ???????? 009 /StarTime
3a04d52.91 bc4f72c4 be33ef h ???????? 002 /wp-login.php
3a04d52.bc bc4f72c4 be33ef h ???????? 019 /
3a05000.d2 a484a13e 433e9c h ???????? 002 /edit/29186006
3a05712.dc bc285186 7dfab1 h ???????? 002 //rss.jsp
3a05713.07 bc285186 7dfab1 h ???????? 002 //rss.jsp
3a0571d.72 bc285186 7dfab1 h ???????? 002 //rss.jsp
3a0571d.9d bc285186 7dfab1 h ???????? 002 //rss.jsp
3a0584e.94 bc285186 7dfab1 h ???????? 003 //rss.jsp
3a0584e.c2 bc285186 7dfab1 h ???????? 002 //rss.jsp
3a05865.46 bc285186 7dfab1 h ???????? 002 //rss.jsp
3a05865.71 bc285186 7dfab1 h ???????? 002 //rss.jsp
3a05884.c1 284da72a 6a88e8 h ???????? 004 /wiki/SiUnit
3a059a8.0a 42f94528 043937 h ???????? 003 /wiki/NorbertAStreitz
3a059f0.4e 42f94528 043937 h ???????? 004 /wiki/HofBurg
3a05c25.d5 33ff414c 433e9c h ???????? 003 /edit/27236001
3a06121.c9 42f95707 70a047 h ???????? 004 //rss.rdf
3a06b6a.e0 42f94526 043937 h ???????? 003 /wiki/DaimlerChrysler
3a06e03.70 42f95d2a 002725 h ???????? 003 /favicon.ico
3a072e6.b1 284da72a 6a88e8 h ???????? 004 /wiki/NamedEntity
3a07ba1.c6 05c45716 433e9c h ???????? 003 /robots.txt
3a07ba2.1c 33ff4130 433e9c h ???????? 001 /edit/26356004
3a07bc9.fe 42f9452a 043937 h ???????? 002 /wiki/DigiCam
3a07d2d.ad 42f9452a 043937 h ???????? 006 /wiki/BusinessTheater
3a082f4.54 68ec9a72 ef60d6 h ???????? 012 /
3a08834.10 d5a81e50 573285 h ???????? 003 /mysql/admin/
3a08834.7f d5a81e50 573285 h ???????? 002 /mysql/admin/
3a08834.b5 d5a81e50 573285 h ???????? 006 /mysql/dbadmin/
3a08835.a2 d5a81e50 573285 h ???????? 002 /mysql/dbadmin/
3a08836.19 d5a81e50 573285 h ???????? 001 /mysql/sqlmanager/
3a08836.45 d5a81e50 573285 h ???????? 002 /mysql/sqlmanager/
3a08837.47 d5a81e50 573285 h ???????? 002 /mysql/mysqlmanager/
3a08838.38 d5a81e50 573285 h ???????? 001 /mysql/mysqlmanager/
3a08838.b9 d5a81e50 573285 h ???????? 006 /phpmyadmin/
3a08839.b1 d5a81e50 573285 h ???????? 003 /phpmyadmin/
3a0883a.35 d5a81e50 573285 h ???????? 001 /phpMyadmin/
3a0883a.5b d5a81e50 573285 h ???????? 002 /phpMyadmin/
3a0883a.9a d5a81e50 573285 h ???????? 002 /phpMyAdmin/
3a0883b.8c d5a81e50 573285 h ???????? 001 /phpMyAdmin/
3a0883d.0a d5a81e50 573285 h ???????? 001 /phpmyAdmin/
3a0883d.36 d5a81e50 573285 h ???????? 002 /phpmyAdmin/
3a0883e.48 d5a81e50 573285 h ???????? 001 /phpmyadmin2/
3a0883e.c0 d5a81e50 573285 h ???????? 001 /phpmyadmin2/
3a0883e.f7 d5a81e50 573285 h ???????? 001 /phpmyadmin3/
3a0883f.66 d5a81e50 573285 h ???????? 001 /phpmyadmin3/
3a0883f.9d d5a81e50 573285 h ???????? 001 /phpmyadmin4/
3a0883f.d0 d5a81e50 573285 h ???????? 001 /phpmyadmin4/
3a08840.12 d5a81e50 573285 h ???????? 001 /2phpmyadmin/
3a08840.8c d5a81e50 573285 h ???????? 005 /2phpmyadmin/
3a08840.c4 d5a81e50 573285 h ???????? 002 /phpmy/
3a08844.f2 d5a81e50 573285 h ???????? 001 /phpmy/
3a08845.fe d5a81e50 573285 h ???????? 001 /phppma/
3a08846.2a d5a81e50 573285 h ???????? 001 /phppma/
3a08846.af d5a81e50 573285 h ???????? 001 /myadmin/
3a08847.b0 d5a81e50 573285 h ???????? 001 /myadmin/
3a08848.f6 a4843451 eb026b s ???????? 002 /bcHead
3a08848.bc d5a81e50 573285 h ???????? 0e6 /shopdb/
3a0884a.09 a4843451 eb026b s ???????? 002 /bcHead
3a08849.ec d5a81e50 573285 h ???????? 075 /shopdb/
3a0884a.42 d5a81e50 573285 h ???????? 001 /MyAdmin/
3a0884a.72 d5a81e50 573285 h ???????? 002 /MyAdmin/
3a0884a.ef d5a81e50 573285 h ???????? 002 /program/
3a0884b.5d d5a81e50 573285 h ???????? 001 /program/
3a0884b.d7 d5a81e50 573285 h ???????? 001 /PMA/
3a0884b.fe d5a81e50 573285 h ???????? 001 /PMA/
3a0884c.37 d5a81e50 573285 h ???????? 002 /dbadmin/
3a0884c.60 d5a81e50 573285 h ???????? 002 /dbadmin/
3a0884c.a4 d5a81e50 573285 h ???????? 001 /pma/
3a08850.e0 d5a81e50 573285 h ???????? 002 /pma/
3a08851.1e d5a81e50 573285 h ???????? 002 /db/
3a08851.9a d5a81e50 573285 h ???????? 003 /db/
3a08852.1d d5a81e50 573285 h ???????? 002 /admin/
3a08852.54 d5a81e50 573285 h ???????? 002 /admin/
3a08852.94 d5a81e50 573285 h ???????? 002 /mysql/
3a08852.c6 d5a81e50 573285 h ???????? 001 /mysql/
3a08853.0d d5a81e50 573285 h ???????? 002 /database/
3a08853.38 d5a81e50 573285 h ???????? 007 /database/
3a08853.6e d5a81e50 573285 h ???????? 001 /db/phpmyadmin/
3a08853.e1 d5a81e50 573285 h ???????? 001 /db/phpmyadmin/
3a08854.1f d5a81e50 573285 h ???????? 002 /db/phpMyAdmin/
3a08854.56 d5a81e50 573285 h ???????? 002 /db/phpMyAdmin/
3a08854.91 d5a81e50 573285 h ???????? 001 /sqlmanager/
3a08854.c8 d5a81e50 573285 h ???????? 002 /sqlmanager/
3a08855.0d d5a81e50 573285 h ???????? 002 /mysqlmanager/
3a08855.88 d5a81e50 573285 h ???????? 002 /mysqlmanager/
3a08856.10 d5a81e50 573285 h ???????? 002 /php-myadmin/
3a08857.14 d5a81e50 573285 h ???????? 002 /php-myadmin/
3a08857.58 d5a81e50 573285 h ???????? 002 /phpmy-admin/
3a08857.8d d5a81e50 573285 h ???????? 002 /phpmy-admin/
3a08858.0e d5a81e50 573285 h ???????? 001 /mysqladmin/
3a08858.3d d5a81e50 573285 h ???????? 001 /mysqladmin/
3a08859.80 d5a81e50 573285 h ???????? 002 /mysql-admin/
3a0885b.90 d5a81e50 573285 h ???????? 001 /mysql-admin/
3a0885c.9c d5a81e50 573285 h ???????? 002 /admin/phpmyadmin/
3a0885c.d4 d5a81e50 573285 h ???????? 001 /admin/phpmyadmin/
3a0885d.10 d5a81e50 573285 h ???????? 002 /admin/phpMyAdmin/
3a0885d.3d d5a81e50 573285 h ???????? 002 /admin/phpMyAdmin/
3a0885e.48 d5a81e50 573285 h ???????? 002 /admin/sysadmin/
3a0885e.c8 d5a81e50 573285 h ???????? 001 /admin/sysadmin/
3a08860.e6 d5a81e50 573285 h ???????? 001 /admin/sqladmin/
3a08861.e0 d5a81e50 573285 h ???????? 001 /admin/sqladmin/
3a08862.1d d5a81e50 573285 h ???????? 002 /admin/db/
3a08863.1f d5a81e50 573285 h ???????? 002 /admin/db/
3a08864.2d d5a81e50 573285 h ???????? 002 /admin/web/
3a08864.5e d5a81e50 573285 h ???????? 002 /admin/web/
3a08864.9c d5a81e50 573285 h ???????? 008 /admin/pMA/
3a08864.ce d5a81e50 573285 h ???????? 002 /admin/pMA/
3a08865.0d d5a81e50 573285 h ???????? 002 /mysql/pma/
3a08866.11 d5a81e50 573285 h ???????? 002 /mysql/pma/
3a08866.54 d5a81e50 573285 h ???????? 002 /mysql/db/
3a08866.c7 d5a81e50 573285 h ???????? 002 /mysql/db/
3a08867.59 d5a81e50 573285 h ???????? 002 /mysql/web/
3a08867.87 d5a81e50 573285 h ???????? 002 /mysql/web/
3a08867.c9 d5a81e50 573285 h ???????? 002 /mysql/pMA/
3a08869.e1 d5a81e50 573285 h ???????? 002 /mysql/pMA/
3a0886a.6d d5a81e50 573285 h ???????? 002 /sql/phpmanager/
3a0886a.a8 d5a81e50 573285 h ???????? 002 /sql/phpmanager/
3a0886c.04 d5a81e50 573285 h ???????? 002 /sql/php-myadmin/
3a0886c.8e d5a81e50 573285 h ???????? 002 /sql/php-myadmin/
3a0886d.ba d5a81e50 573285 h ???????? 002 /sql/phpmy-admin/
3a0886e.03 d5a81e50 573285 h ???????? 002 /sql/phpmy-admin/
3a0886e.8f d5a81e50 573285 h ???????? 002 /sql/sql/
3a0886e.bd d5a81e50 573285 h ???????? 002 /sql/sql/
3a0886f.48 d5a81e50 573285 h ???????? 002 /sql/myadmin/
3a0886f.86 d5a81e50 573285 h ???????? 002 /sql/myadmin/
3a08870.ce d5a81e50 573285 h ???????? 002 /sql/webadmin/
3a08871.00 d5a81e50 573285 h ???????? 002 /sql/webadmin/
3a08871.95 d5a81e50 573285 h ???????? 002 /sql/sqlweb/
3a08871.d2 d5a81e50 573285 h ???????? 002 /sql/sqlweb/
3a08872.12 d5a81e50 573285 h ???????? 002 /sql/websql/
3a08872.92 d5a81e50 573285 h ???????? 002 /sql/websql/
3a08873.24 d5a81e50 573285 h ???????? 002 /sql/webdb/
3a08873.5c d5a81e50 573285 h ???????? 002 /sql/webdb/
3a08873.a7 d5a81e50 573285 h ???????? 002 /sql/sqladmin/
3a08873.d4 d5a81e50 573285 h ???????? 002 /sql/sqladmin/
3a08874.69 d5a81e50 573285 h ???????? 002 /sql/sql-admin/
3a08874.ec d5a81e50 573285 h ???????? 002 /sql/sql-admin/
3a08875.37 d5a81e50 573285 h ???????? 002 /sql/phpmyadmin2/
3a08875.b0 d5a81e50 573285 h ???????? 002 /sql/phpmyadmin2/
3a08877.f7 d5a81e50 573285 h ???????? 002 /sql/phpMyAdmin2/
3a08878.38 d5a81e50 573285 h ???????? 002 /sql/phpMyAdmin2/
3a08878.7c d5a81e50 573285 h ???????? 002 /sql/phpMyAdmin/
3a08878.b3 d5a81e50 573285 h ???????? 002 /sql/phpMyAdmin/
3a08879.f0 d5a81e50 573285 h ???????? 002 /db/myadmin/
3a0887a.28 d5a81e50 573285 h ???????? 002 /db/myadmin/
3a0887a.70 d5a81e50 573285 h ???????? 002 /db/webadmin/
3a0887a.a1 d5a81e50 573285 h ???????? 009 /db/webadmin/
3a0887b.28 d5a81e50 573285 h ???????? 002 /db/dbweb/
3a0887b.63 d5a81e50 573285 h ???????? 002 /db/dbweb/
3a0887c.ed d5a81e50 573285 h ???????? 002 /db/websql/
3a0887d.6c d5a81e50 573285 h ???????? 002 /db/websql/
3a0887d.a6 d5a81e50 573285 h ???????? 002 /db/webdb/
3a0887e.30 d5a81e50 573285 h ???????? 002 /db/webdb/
3a0887e.7f d5a81e50 573285 h ???????? 002 /db/dbadmin/
3a0887e.b2 d5a81e50 573285 h ???????? 002 /db/dbadmin/
3a0887f.4c d5a81e50 573285 h ???????? 003 /db/db-admin/
3a0887f.86 d5a81e50 573285 h ???????? 002 /db/db-admin/
3a08880.1f d5a81e50 573285 h ???????? 002 /db/phpmyadmin3/
3a08880.5c d5a81e50 573285 h ???????? 003 /db/phpmyadmin3/
3a08889.4c d5a81e50 573285 h ???????? 002 /db/phpMyAdmin3/
3a08889.cd d5a81e50 573285 h ???????? 006 /db/phpMyAdmin3/
3a0888a.15 d5a81e50 573285 h ???????? 002 /db/phpMyAdmin-3/
3a0888a.4c d5a81e50 573285 h ???????? 002 /db/phpMyAdmin-3/
3a0888b.10 d5a81e50 573285 h ???????? 002 /administrator/phpmyadmin/
3a0888b.42 d5a81e50 573285 h ???????? 002 /administrator/phpmyadmin/
3a0888b.81 d5a81e50 573285 h ???????? 002 /administrator/phpMyAdmin/
3a0888b.bf d5a81e50 573285 h ???????? 003 /administrator/phpMyAdmin/
3a0888b.fc d5a81e50 573285 h ???????? 001 /administrator/db/
3a0888c.2f d5a81e50 573285 h ???????? 002 /administrator/db/
3a0888d.6f d5a81e50 573285 h ???????? 001 /administrator/web/
3a0888d.a4 d5a81e50 573285 h ???????? 001 /administrator/web/
3a0888d.e8 d5a81e50 573285 h ???????? 002 /administrator/pma/
3a0888e.1e d5a81e50 573285 h ???????? 002 /administrator/pma/
3a0888f.32 d5a81e50 573285 h ???????? 002 /administrator/PMA/
3a0888f.61 d5a81e50 573285 h ???????? 002 /administrator/PMA/
3a0888f.cf d5a81e50 573285 h ???????? 002 /administrator/admin/
3a08890.00 d5a81e50 573285 h ???????? 002 /administrator/admin/
3a08890.88 d5a81e50 573285 h ???????? 002 /phpMyAdmin2/
3a08890.c5 d5a81e50 573285 h ???????? 002 /phpMyAdmin2/
3a08891.02 d5a81e50 573285 h ???????? 002 /phpMyAdmin3/
3a08891.35 d5a81e50 573285 h ???????? 002 /phpMyAdmin3/
3a08891.81 d5a81e50 573285 h ???????? 001 /phpMyAdmin4/
3a08891.ae d5a81e50 573285 h ???????? 008 /phpMyAdmin4/
3a08892.bc d5a81e50 573285 h ???????? 002 /phpMyAdmin-3/
3a08893.bc d5a81e50 573285 h ???????? 002 /phpMyAdmin-3/
3a08894.00 d5a81e50 573285 h ???????? 002 /php-my-admin/
3a08895.0e d5a81e50 573285 h ???????? 002 /php-my-admin/
3a08895.86 d5a81e50 573285 h ???????? 002 /PMA2011/
3a08896.22 d5a81e50 573285 h ???????? 001 /PMA2011/
3a08897.be d5a81e50 573285 h ???????? 002 /PMA2012/
3a08898.49 d5a81e50 573285 h ???????? 002 /PMA2012/
3a08898.87 d5a81e50 573285 h ???????? 002 /PMA2013/
3a08899.12 d5a81e50 573285 h ???????? 002 /PMA2013/
3a0889a.56 d5a81e50 573285 h ???????? 002 /PMA2014/
3a0889a.e3 d5a81e50 573285 h ???????? 002 /PMA2014/
3a0889b.cc d5a81e50 573285 h ???????? 006 /PMA2015/
3a0889c.7e d5a81e50 573285 h ???????? 002 /PMA2015/
3a0889c.c9 d5a81e50 573285 h ???????? 002 /PMA2016/
3a0889d.77 d5a81e50 573285 h ???????? 002 /PMA2016/
3a0889e.22 d5a81e50 573285 h ???????? 002 /PMA2017/
3a0889e.55 d5a81e50 573285 h ???????? 002 /PMA2017/
3a088a1.af d5a81e50 573285 h ???????? 001 /PMA2018/
3a088a2.56 d5a81e50 573285 h ???????? 002 /PMA2018/
3a088a2.a3 d5a81e50 573285 h ???????? 002 /pma2011/
3a088a3.3d d5a81e50 573285 h ???????? 002 /pma2011/
3a088a6.33 d5a81e50 573285 h ???????? 002 /pma2012/
3a088a6.68 d5a81e50 573285 h ???????? 00a /pma2012/
3a088a7.b2 d5a81e50 573285 h ???????? 002 /pma2013/
3a088a7.ed d5a81e50 573285 h ???????? 002 /pma2013/
3a088a8.32 d5a81e50 573285 h ???????? 002 /pma2014/
3a088a8.6c d5a81e50 573285 h ???????? 003 /pma2014/
3a088a9.0d d5a81e50 573285 h ???????? 002 /pma2015/
3a088a9.9c d5a81e50 573285 h ???????? 002 /pma2015/
3a088a9.e6 d5a81e50 573285 h ???????? 001 /pma2016/
3a088aa.7b d5a81e50 573285 h ???????? 002 /pma2016/
3a088af.e4 d5a81e50 573285 h ???????? 003 /pma2017/
3a088b0.1a d5a81e50 573285 h ???????? 002 /pma2017/
3a088b0.a6 d5a81e50 573285 h ???????? 002 /pma2018/
3a088b0.da d5a81e50 573285 h ???????? 002 /pma2018/
3a088b3.58 d5a81e50 573285 h ???????? 008 /phpmyadmin2011/
3a088b3.8e d5a81e50 573285 h ???????? 002 /phpmyadmin2011/
3a088b3.d6 d5a81e50 573285 h ???????? 002 /phpmyadmin2012/
3a088b4.08 d5a81e50 573285 h ???????? 002 /phpmyadmin2012/
3a088b4.4f d5a81e50 573285 h ???????? 002 /phpmyadmin2013/
3a088b4.85 d5a81e50 573285 h ???????? 002 /phpmyadmin2013/
3a088b4.c9 d5a81e50 573285 h ???????? 003 /phpmyadmin2014/
3a088b5.da d5a81e50 573285 h ???????? 002 /phpmyadmin2014/
3a088b6.20 d5a81e50 573285 h ???????? 002 /phpmyadmin2015/
3a088b7.31 d5a81e50 573285 h ???????? 002 /phpmyadmin2015/
3a088b7.74 d5a81e50 573285 h ???????? 002 /phpmyadmin2016/
3a088b7.a6 d5a81e50 573285 h ???????? 002 /phpmyadmin2016/
3a088b7.e9 d5a81e50 573285 h ???????? 002 /phpmyadmin2017/
3a088b8.fb d5a81e50 573285 h ???????? 003 /phpmyadmin2017/
3a088b9.8a d5a81e50 573285 h ???????? 002 /phpmyadmin2018/
3a088b9.c7 d5a81e50 573285 h ???????? 002 /phpmyadmin2018/
3a088ba.0a d5a81e50 573285 h ???????? 002 /phpmanager/
3a088ba.40 d5a81e50 573285 h ???????? 003 /phpmanager/
3a08b30.0a 42f9570b 70a047 h ???????? 003 //rss.rdf
3a08bf5.5e 284da725 6a88e8 h ???????? 024 /
3a08ef0.c1 42f9452a 043937 h ???????? 005 /wiki/PostPrivacyBuch
3a08f91.78 05093cf1 c37fd8 h ???????? 003 /robots.txt
3a08f93.32 05093cf1 c37fd8 h ???????? 004 //wiki/PerspectiveNumerique
3a08f98.0c 05093cf1 c37fd8 h ???????? 004 //wiki/RainerWasserfuhr
3a08f9d.2e 05093cf1 c37fd8 h ???????? 01c /love/1e
3a08f9e.e5 05093cf1 c37fd8 h ???????? 002 /love/3b
3a08fa0.86 05093cf1 c37fd8 h ???????? 003 /love/4d
3a08fa2.2d 05093cf1 c37fd8 h ???????? 002 /love/99
3a0906a.f9 a2fdb0de 8e0e7d h ???????? 003 //rss.rdf
3a09072.51 a2d9f838 45378f h ???????? 003 //rss.rdf
3a09117.d5 5e669632 a95ea1 h ???????? 003 //rss.rdf
3a09d70.dc 42f94530 043937 s ???????? 003 /edit
3a09e6d.10 7b7d43db 7bc0a6 h ???????? 01e /
3a0a07e.96 c0285f22 aab2d1 h ???????? 002 //wp-login.php
3a0a07f.23 c0285f22 aab2d1 h ???????? 003 //administrator/index.php
3a0a07f.bb c0285f22 aab2d1 h ???????? 003 //user/
3a0a080.56 c0285f22 aab2d1 h ???????? 002 //admin/index.php
3a0a080.f2 c0285f22 aab2d1 h ???????? 002 //admin.php
3a0a081.91 c0285f22 aab2d1 h ???????? 003 //admin.php
3a0a082.21 c0285f22 aab2d1 h ???????? 003 //manager/
3a0a082.b4 c0285f22 aab2d1 h ???????? 002 //admin.php
3a0a083.4b c0285f22 aab2d1 h ???????? 002 //typo3/
3a0a084.38 c0285f22 aab2d1 h ???????? 001 //index.php/admin
3a0a0b3.a6 42f94528 043937 h ???????? 002 /wiki/FrauMitRotemTop
3a0a11a.08 7b7d43a0 7bc0a6 h ???????? 018 /
3a0a14d.1e 284da780 6a88e8 h ???????? 002 /wiki/SpeedDating
3a0a2da.de 284da74b 6a88e8 h ???????? 002 /wiki/RalfLippold
3a0a486.9b 42f95168 002725 h ???????? 001 /favicon.ico
3a0a7d5.0f 904c0c63 c37fd8 h ???????? 001 //robots.txt
3a0a7d8.54 904c0c63 c37fd8 h ???????? 002 //wiki/%25s
3a0a7de.24 904c0c63 c37fd8 h ???????? 002 //wiki/%3C%25=session.getAttribute(
3a0a7e3.26 904c0c63 c37fd8 h ???????? 002 //wiki/AnneWillSingulari%E2%80%A6
3a0a7e8.57 904c0c63 c37fd8 h ???????? 002 //wiki/DresdenWiFi%E2%80%9C
3a0a7ed.70 904c0c63 c37fd8 h ???????? 002 //wiki/DresdenWiFi
3a0a7f2.d0 904c0c63 c37fd8 h ???????? 006 //wiki/LockSchuppen.%C2%A0
3a0a7f7.9c 904c0c63 c37fd8 h ???????? 002 //wiki/LockSchuppen.%C3%82%C2%A0
3a0a7fd.9b 904c0c63 c37fd8 h ???????? 002 //wiki/PerspectiveNumerique
3a0a87d.f9 2f5a5b56 4cf3bc h ???????? 01a /
3a0ac70.6d c267335e 043937 s ???????? 002 /wiki/MaxZwo
3a0ac71.ec c267335e 043937 h ???????? 003 /wiki/MaxZwo
3a0ac79.17 c267335e 043937 h ???????? 002 /wiki/MaxZwo
3a0ac7e.b2 c267335e 043937 h ???????? 003 /wiki/MaxZwo
3a0ae10.27 a2d2c461 028fc4 h ???????? 001 //robots.txt
3a0ae15.1d a2d2c461 028fc4 h ???????? 013 /
3a0ae17.a0 a2d2c461 028fc4 h ???????? 001 /robots.txt
3a0ae1d.13 a2d2c461 028fc4 h ???????? 013 /
3a0ae65.5c 9d3727f1 6a88e8 s ???????? 015 /
3a0af66.76 cf2e0d4c 6a88e8 h ???????? 002 //robots.txt
3a0b1de.34 c13f3a53 ef60d6 h ???????? 015 /
3a0b1e4.8c 284da72a 6a88e8 h ???????? 003 /wiki/BdSm
3a0b276.c3 42f9452a 043937 h ???????? 002 /wiki/JosophRatzinger
3a0b441.fc d8f442e5 2e51d1 h ???????? 006 /robots.txt
3a0b45f.d0 42f95709 70a047 h ???????? 002 //rss.rdf
3a0b848.f4 284da74b 6a88e8 h ???????? 008 /wiki/RodneyBrooks
3a0b861.4f d8f442e5 2e51d1 h ???????? 014 /
3a0b990.14 33ff4159 433e9c h ???????? 002 /edit/23506001
3a0be4b.49 284da780 6a88e8 s ???????? 016 /
3a0bf30.9b 42f94534 043937 s ???????? 008 /wiki/DrCodd
3a0bf5c.1a 549c772c f6f3fa h ???????? 002 /wiki/ColoRadio
3a0c05c.45 22fa8b10 ae842c h ???????? 002 /robots.txt
3a0c439.c9 42f9452a 043937 h ???????? 002 /wiki/OnceAndOnlyOnce
3a0c9a5.2b 22ea4056 479811 h ???????? 003 /wiki/LockSchuppen
3a0cb9d.87 894ac96c 433e9c h ???????? 003 /wiki/LockTeam
3a0d190.8f 515d719a f5b9db h ???????? 00a /wiki/GeldWaesche
3a0d190.91 c713f9c4 f5b9db h ???????? 006 /wiki/GeldWaesche
3a0d5fc.f9 42f94526 043937 h ???????? 003 /wiki/AndersHejlsberg
3a0d85c.8f 9d3727ba 6a88e8 h ???????? 016 /
3a0d912.96 4d4b4ea1 6a9392 h ???????? 002 /robots.txt
3a0d913.37 4d4b4ea1 6a9392 h ???????? 001 /sl4
3a0d91e.e4 4a7d4c62 55c2cd h ???????? 001 //rss.rdf
3a0ddbf.5a 42f9570b 70a047 h ???????? 002 //rss.rdf
3a0de28.fb 284da725 6a88e8 h ???????? 018 /
3a0e01f.f2 42f94528 043937 h ???????? 003 /wiki/WowerMind
3a0e020.df 42f9452a 043937 h ???????? 002 /wiki/KarlSchroeder
3a0e021.49 42f94526 043937 h ???????? 003 /wiki/MindPet
3a0e021.9f 42f9452a 043937 h ???????? 003 /wiki/MyersBriggs
3a0e0d2.73 42f9452a 043937 h ???????? 003 /wiki/ScreenCast
3a0e0d3.5d 42f94528 043937 h ???????? 003 /wiki/PresuPuesto
3a0e0f0.38 42f9452a 043937 h ???????? 003 /wiki/VerBind
3a0e1fe.6f 42f94528 043937 h ???????? 003 /wiki/RussianRuble
3a0e1ff.6d 42f9452a 043937 h ???????? 003 /wiki/BiGo
3a0e329.e9 42f94528 043937 h ???????? 003 /wiki/SesameStreet
3a0e32a.c9 42f94528 043937 h ???????? 002 /wiki/BildungsSystem
3a0e3c2.6e 2d37e114 0cf351 h ???????? 002 /robots.txt
3a0e456.89 42f94526 043937 h ???????? 003 /wiki/StefanMagdalinski
3a0e457.79 42f9452a 043937 h ???????? 003 /wiki/GeneMatch
3a0e582.bd 42f94528 043937 h ???????? 003 /wiki/KarlsRuheChess
3a0e583.a8 42f94526 043937 h ???????? 002 /wiki/StockHolmChess
3a0e6ae.a6 42f94526 043937 h ???????? 003 /wiki/LucMontagnier
3a0e6af.96 42f9452a 043937 h ???????? 002 /wiki/MafiaWars
3a0e7bf.c3 42f94528 043937 h ???????? 003 /wiki/SingularAcademy
3a0e7da.24 42f94528 043937 h ???????? 003 /wiki/JanaSchlegel2009
3a0e7da.9f 42f94526 043937 h ???????? 002 /wiki/LockFutureSax2010
3a0e906.2b 42f94526 043937 h ???????? 003 /wiki/BoundingBoxCaptain
3a0ed31.3a d9b68458 433e9c h ???????? 002 /edit/26346003
3a0ed8c.6a 9d372796 6a88e8 h ???????? 002 /robots.txt
3a0ed91.05 284da780 6a88e8 h ???????? 003 /wiki/VoNa
3a0efee.f9 d9b684b8 433e9c h ???????? 002 /edit/27486001
3a0f0b4.96 22fc560b ae842c h ???????? 002 /robots.txt
3a0f116.0e 894acf74 433e9c h ???????? 002 /edit/22606002
3a0f171.50 bc286647 7dfab1 h ???????? 002 //rss.jsp
3a0f171.80 bc286647 7dfab1 h ???????? 002 //rss.jsp
3a0f4c4.a1 a484a136 433e9c h ???????? 002 /edit/30936002
3a0f565.69 cd8b8d36 209ef4 h ???????? 002 //rss.rdf
3a0f612.60 68a00e0c be37cc h ???????? 002 /wp-login.php
3a0f643.66 34128c82 ae842c h ???????? 002 /robots.txt
3a0f982.cd 42f94528 043937 h ???????? 004 /wiki/NullSummenSpiel
3a0fe7b.cc d9b6849c 433e9c h ???????? 002 /edit/25586001
