3a60035.52 42f95cc9 70a047 h ???????? 001 //rss.rdf
3a60530.8c 42f942d0 043937 s ???????? 003 /wiki/GerdRuge
3a6092f.73 8dd47a10 ef60d6 h ???????? 013 /
3a60bde.5e 42f942c8 043937 h ???????? 002 /wiki/GurkenKuss
3a60ca6.7a b29aab1e e4b041 h ???????? 002 /robots.txt
3a60caa.5b b29aab1e e4b041 h ???????? 013 /
3a60d9a.b2 42f942ca 043937 h ???????? 002 /wiki/GeschlechtsVekehr
3a61313.dd 42f9429c 043937 h ???????? 006 /robots.txt
3a61314.4e 42f9429d 043937 h ???????? 011 /
3a6133b.f6 cf2e0d7d 6a88e8 h ???????? 002 /wiki/FetLife
3a61692.14 42f942c6 043937 h ???????? 012 /
3a617c7.16 b44c0f0e a04d28 h ???????? 005 /edit/31306001
3a6197e.1c cf2e0dad 6a88e8 h ???????? 002 /wiki/BirthDay
3a61b82.8e c71e507a 38b1da h ???????? 002 //wiki/SingularityUniversity
3a61c50.f4 22fd5456 ae842c h ???????? 002 /robots.txt
3a61c8c.a4 42f94293 622963 s ???????? 013 /
3a61f2a.d3 05c45716 433e9c h ???????? 003 /robots.txt
3a61f2b.17 33ff4775 433e9c h ???????? 002 /edit/29036002
3a61f5d.cf 42f942c8 043937 h ???????? 003 /wiki/GrzegorzRozenberg
3a622fa.e3 05099184 5d5ebc h ???????? 002 /wiki/SommerSchwatz
3a624fc.5f 42f942c8 043937 h ???????? 013 /
3a626f0.8e 42f942d4 043937 s ???????? 003 /wiki/EkoFresh
3a62820.2b 42f95ccb 70a047 h ???????? 002 //rss.rdf
3a6288b.54 42f942c8 043937 h ???????? 002 /wiki/RsWipp
3a62a23.f6 2ee5a848 2e29b5 h ???????? 003 /wiki/GottfriedWilhelmLeibniz
3a62a2e.f3 2ee5a846 2e29b5 h ???????? 003 //wiki/MindPost
3a62c3d.08 5896e4da e28161 h ???????? 002 //rss.rdf
3a62d1b.66 cf2e0d7d 6a88e8 h ???????? 003 /wiki/FaceBookGroup
3a62d63.98 5e669632 a95ea1 h ???????? 001 //rss.rdf
3a62e14.4d cf2e0d5a 6a88e8 h ???????? 003 /wiki/UmLaut
3a62e98.5b 42f94295 043937 s ???????? 01b /
3a63120.c4 42f942cc 043937 h ???????? 003 /wiki/ReinerHartenstein
3a6322a.cf 22fa30c2 590f55 h ???????? 015 /
3a63352.9c 42f94212 043937 h ???????? 015 /
3a63454.89 bc286647 7dfab1 h ???????? 002 //rss.jsp
3a63454.b8 bc286647 7dfab1 h ???????? 001 //rss.jsp
3a6347c.7c b29aab1e e4b041 h ???????? 001 /robots.txt
3a63480.6b b29aab1e e4b041 h ???????? 014 /
3a636ca.79 cf2e0dad 6a88e8 h ???????? 003 /wiki/AlbanNikolaiHerbst
3a6395b.04 42f9429c 043937 h ???????? 017 /
3a639c1.30 b44c0f87 fa643b h ???????? 003 /robots.txt
3a639e5.12 b44c0f86 a04d28 h ???????? 003 /wiki/%3Ca%20class=%22blue%22%20href=%22/wiki/ComPlex%22%3EComPlex%3C/a%3E
3a63c83.a3 4d4b4d65 6a9392 s ???????? 002 /robots.txt
3a63c8d.ee 4d4b4d65 6a9392 s ???????? 003 /wiki/EtAl
3a63c8e.b5 4d4b4d65 6a9392 h ???????? 002 /robots.txt
3a63c8f.35 4d4b4d65 6a9392 h ???????? 001 /arb
3a63e25.2b 42f94299 622963 s ???????? 017 /
3a641c7.6b 4a7d4c23 55c2cd h ???????? 002 //rss.rdf
3a642e3.fb 42f942ca 043937 h ???????? 003 /wiki/RegierungsViertel
3a64538.e4 b44c0f9c a04d28 h ???????? 004 /wiki/CadCam
3a648b0.94 42f942d0 043937 s ???????? 003 /wiki/GregEgan
3a64f3e.5a 42f94295 043937 s ???????? 01d /
3a6510f.09 42f95ccb 70a047 h ???????? 002 //rss.rdf
3a652c8.c4 42f942c8 043937 h ???????? 016 /
3a6533b.71 b44c0f16 a04d28 h ???????? 003 /wiki/%3Ca%20class=%22blue%22%20href=%22/wiki/ImPressum%22%3EImPressum%3C/a%3E
3a654a4.54 a2d2c464 028fc4 h ???????? 002 //robots.txt
3a654a6.b0 42f942c6 043937 h ???????? 003 /wiki/IngridaPlunksnyte
3a654a9.1d a2d2c464 028fc4 h ???????? 01e /
3a654ae.25 a2d2c464 028fc4 h ???????? 002 /robots.txt
3a654b3.60 a2d2c464 028fc4 h ???????? 016 /
3a65a03.6e 42f942c8 043937 h ???????? 003 /wiki/RsWipp
3a65c25.ba 76f3bafe 573285 h ???????? 002 /mysql/admin/
3a65c26.23 76f3bafe 573285 h ???????? 001 /mysql/admin/
3a65c27.d0 76f3bafe 573285 h ???????? 002 /mysql/dbadmin/
3a65c28.36 76f3bafe 573285 h ???????? 002 /mysql/dbadmin/
3a65c28.e6 76f3bafe 573285 h ???????? 002 /mysql/sqlmanager/
3a65c29.50 76f3bafe 573285 h ???????? 002 /mysql/sqlmanager/
3a65c29.ff 76f3bafe 573285 h ???????? 003 /mysql/mysqlmanager/
3a65c2a.61 76f3bafe 573285 h ???????? 002 /mysql/mysqlmanager/
3a65c2b.15 76f3bafe 573285 h ???????? 002 /phpmyadmin/
3a65c2b.82 76f3bafe 573285 h ???????? 002 /phpmyadmin/
3a65c2c.3b 76f3bafe 573285 h ???????? 002 /phpMyadmin/
3a65c2c.a3 76f3bafe 573285 h ???????? 008 /phpMyadmin/
3a65c2d.55 76f3bafe 573285 h ???????? 002 /phpMyAdmin/
3a65c2d.b9 76f3bafe 573285 h ???????? 002 /phpMyAdmin/
3a65c2e.65 76f3bafe 573285 h ???????? 009 /phpmyAdmin/
3a65c2e.cb 76f3bafe 573285 h ???????? 002 /phpmyAdmin/
3a65c2f.74 76f3bafe 573285 h ???????? 002 /phpmyadmin2/
3a65c2f.d6 76f3bafe 573285 h ???????? 008 /phpmyadmin2/
3a65c30.8c 76f3bafe 573285 h ???????? 002 /phpmyadmin3/
3a65c30.f5 76f3bafe 573285 h ???????? 002 /phpmyadmin3/
3a65c31.ac 76f3bafe 573285 h ???????? 002 /phpmyadmin4/
3a65c32.16 76f3bafe 573285 h ???????? 001 /phpmyadmin4/
3a65c32.c1 76f3bafe 573285 h ???????? 001 /2phpmyadmin/
3a65c33.2e 76f3bafe 573285 h ???????? 002 /2phpmyadmin/
3a65c34.be 76f3bafe 573285 h ???????? 001 /phpmy/
3a65c35.28 76f3bafe 573285 h ???????? 001 /phpmy/
3a65c37.c5 76f3bafe 573285 h ???????? 002 /phppma/
3a65c38.36 76f3bafe 573285 h ???????? 002 /phppma/
3a65c38.eb 76f3bafe 573285 h ???????? 001 /myadmin/
3a65c39.59 76f3bafe 573285 h ???????? 001 /myadmin/
3a65c3a.4e a4843451 eb026b s ???????? 003 /bcHead
3a65c3a.0b 76f3bafe 573285 h ???????? 10c /shopdb/
3a65c3a.e0 a4843451 eb026b s ???????? 003 /bcHead
3a65c3a.b9 76f3bafe 573285 h ???????? 09a /shopdb/
3a65c3b.8f 76f3bafe 573285 h ???????? 002 /MyAdmin/
3a65c3b.fa 76f3bafe 573285 h ???????? 002 /MyAdmin/
3a65c42.b1 76f3bafe 573285 h ???????? 002 /dbadmin/
3a65c43.b5 76f3bafe 573285 h ???????? 002 /dbadmin/
3a65c45.64 76f3bafe 573285 h ???????? 001 /pma/
3a65c45.cf 76f3bafe 573285 h ???????? 002 /pma/
3a65c46.7c 76f3bafe 573285 h ???????? 001 /db/
3a65c46.e2 76f3bafe 573285 h ???????? 002 /db/
3a65c48.8e 76f3bafe 573285 h ???????? 002 /admin/
3a65c48.fb 76f3bafe 573285 h ???????? 003 /admin/
3a65c49.ab 76f3bafe 573285 h ???????? 002 /mysql/
3a65c4a.17 76f3bafe 573285 h ???????? 002 /mysql/
3a65c4a.c8 76f3bafe 573285 h ???????? 002 /database/
3a65c4b.30 76f3bafe 573285 h ???????? 002 /database/
3a65c4e.e8 76f3bafe 573285 h ???????? 002 /db/phpMyAdmin/
3a65c4f.5c 76f3bafe 573285 h ???????? 002 /db/phpMyAdmin/
3a65c51.12 76f3bafe 573285 h ???????? 002 /sqlmanager/
3a65c51.80 76f3bafe 573285 h ???????? 002 /sqlmanager/
3a65c53.33 76f3bafe 573285 h ???????? 002 /mysqlmanager/
3a65c53.9d 76f3bafe 573285 h ???????? 002 /mysqlmanager/
3a65c54.50 76f3bafe 573285 h ???????? 002 /php-myadmin/
3a65c54.c3 76f3bafe 573285 h ???????? 002 /php-myadmin/
3a65c5c.7f 76f3bafe 573285 h ???????? 002 /mysql-admin/
3a65c5c.f0 76f3bafe 573285 h ???????? 002 /mysql-admin/
3a65c64.a1 76f3bafe 573285 h ???????? 002 /admin/sysadmin/
3a65c65.15 76f3bafe 573285 h ???????? 002 /admin/sysadmin/
3a65c6b.c4 76f3bafe 573285 h ???????? 002 /admin/web/
3a65c6c.29 76f3bafe 573285 h ???????? 001 /admin/web/
3a65c9f.e8 76f3bafe 573285 h ???????? 002 /sql/phpMyAdmin2/
3a65ca0.53 76f3bafe 573285 h ???????? 002 /sql/phpMyAdmin2/
3a65ca1.0e 76f3bafe 573285 h ???????? 002 /sql/phpMyAdmin/
3a65ca1.7a 76f3bafe 573285 h ???????? 002 /sql/phpMyAdmin/
3a65ca3.2d 76f3bafe 573285 h ???????? 002 /db/myadmin/
3a65ca3.91 76f3bafe 573285 h ???????? 002 /db/myadmin/
3a65ca4.41 76f3bafe 573285 h ???????? 006 /db/webadmin/
3a65ca4.aa 76f3bafe 573285 h ???????? 002 /db/webadmin/
3a65ca6.5e 76f3bafe 573285 h ???????? 002 /db/dbweb/
3a65ca6.c9 76f3bafe 573285 h ???????? 002 /db/dbweb/
3a65ca7.7a 76f3bafe 573285 h ???????? 002 /db/websql/
3a65ca7.e5 76f3bafe 573285 h ???????? 002 /db/websql/
3a65ca8.98 76f3bafe 573285 h ???????? 003 /db/webdb/
3a65caa.77 76f3bafe 573285 h ???????? 002 /db/webdb/
3a65cab.28 76f3bafe 573285 h ???????? 003 /db/dbadmin/
3a65cab.90 76f3bafe 573285 h ???????? 002 /db/dbadmin/
3a65cac.3c 76f3bafe 573285 h ???????? 002 /db/db-admin/
3a65cad.47 76f3bafe 573285 h ???????? 003 /db/db-admin/
3a65caf.04 76f3bafe 573285 h ???????? 003 /db/phpmyadmin3/
3a65caf.6c 76f3bafe 573285 h ???????? 002 /db/phpmyadmin3/
3a65cb1.22 76f3bafe 573285 h ???????? 002 /db/phpMyAdmin3/
3a65cb1.8c 76f3bafe 573285 h ???????? 002 /db/phpMyAdmin3/
3a65cb2.44 76f3bafe 573285 h ???????? 002 /db/phpMyAdmin-3/
3a65cb2.b1 76f3bafe 573285 h ???????? 002 /db/phpMyAdmin-3/
3a65cb3.61 76f3bafe 573285 h ???????? 002 /administrator/phpmyadmin/
3a65cb3.cb 76f3bafe 573285 h ???????? 002 /administrator/phpmyadmin/
3a65cb4.7c 76f3bafe 573285 h ???????? 002 /administrator/phpMyAdmin/
3a65cb4.e6 76f3bafe 573285 h ???????? 002 /administrator/phpMyAdmin/
3a65cb5.a1 76f3bafe 573285 h ???????? 003 /administrator/db/
3a65cb6.13 76f3bafe 573285 h ???????? 003 /administrator/db/
3a65cb6.d3 76f3bafe 573285 h ???????? 002 /administrator/web/
3a65cb7.46 76f3bafe 573285 h ???????? 002 /administrator/web/
3a65cb8.01 76f3bafe 573285 h ???????? 003 /administrator/pma/
3a65cb8.6c 76f3bafe 573285 h ???????? 002 /administrator/pma/
3a65cb9.22 76f3bafe 573285 h ???????? 003 /administrator/PMA/
3a65cb9.90 76f3bafe 573285 h ???????? 003 /administrator/PMA/
3a65cbb.42 76f3bafe 573285 h ???????? 002 /administrator/admin/
3a65cbb.aa 76f3bafe 573285 h ???????? 002 /administrator/admin/
3a65cbc.66 76f3bafe 573285 h ???????? 003 /phpMyAdmin2/
3a65cbc.d2 76f3bafe 573285 h ???????? 002 /phpMyAdmin2/
3a65cbd.89 76f3bafe 573285 h ???????? 002 /phpMyAdmin3/
3a65cbd.ff 76f3bafe 573285 h ???????? 003 /phpMyAdmin3/
3a65cbf.b4 76f3bafe 573285 h ???????? 003 /phpMyAdmin4/
3a65cc0.21 76f3bafe 573285 h ???????? 00b /phpMyAdmin4/
3a65cc3.dc 76f3bafe 573285 h ???????? 002 /php-my-admin/
3a65cc4.45 76f3bafe 573285 h ???????? 002 /php-my-admin/
3a65cc4.fc 76f3bafe 573285 h ???????? 003 /PMA2011/
3a65cc5.68 76f3bafe 573285 h ???????? 003 /PMA2011/
3a65cc6.20 76f3bafe 573285 h ???????? 002 /PMA2012/
3a65cc6.8c 76f3bafe 573285 h ???????? 002 /PMA2012/
3a65cca.3f 76f3bafe 573285 h ???????? 002 /PMA2014/
3a65cca.ab 76f3bafe 573285 h ???????? 002 /PMA2014/
3a65ccb.68 76f3bafe 573285 h ???????? 003 /PMA2015/
3a65ccb.d3 76f3bafe 573285 h ???????? 002 /PMA2015/
3a65ccd.89 76f3bafe 573285 h ???????? 002 /PMA2016/
3a65ccd.fa 76f3bafe 573285 h ???????? 002 /PMA2016/
3a65cce.ab 76f3bafe 573285 h ???????? 002 /PMA2017/
3a65ccf.1a 76f3bafe 573285 h ???????? 003 /PMA2017/
3a65ccf.d7 76f3bafe 573285 h ???????? 003 /PMA2018/
3a65cd0.46 76f3bafe 573285 h ???????? 003 /PMA2018/
3a65cd1.fc 76f3bafe 573285 h ???????? 002 /pma2011/
3a65cd2.73 76f3bafe 573285 h ???????? 002 /pma2011/
3a65cd3.32 76f3bafe 573285 h ???????? 003 /pma2012/
3a65cd3.a4 76f3bafe 573285 h ???????? 002 /pma2012/
3a65cd4.5a 76f3bafe 573285 h ???????? 003 /pma2013/
3a65cd4.cd 76f3bafe 573285 h ???????? 003 /pma2013/
3a65cd5.8d 76f3bafe 573285 h ???????? 003 /pma2014/
3a65cd6.06 76f3bafe 573285 h ???????? 002 /pma2014/
3a65cd9.c0 76f3bafe 573285 h ???????? 003 /pma2016/
3a65cda.32 76f3bafe 573285 h ???????? 008 /pma2016/
3a65cde.f2 76f3bafe 573285 h ???????? 003 /pma2018/
3a65cdf.68 76f3bafe 573285 h ???????? 003 /pma2018/
3a65cec.27 76f3bafe 573285 h ???????? 00d /phpmyadmin2015/
3a65cec.97 76f3bafe 573285 h ???????? 003 /phpmyadmin2015/
3a65f16.fc b29aab1e e4b041 h ???????? 003 /robots.txt
3a65f1a.cb b29aab1e e4b041 h ???????? 01e /
3a66036.85 36a13658 2baa92 h ???????? 01f /
3a6621f.72 b29aab1e e4b041 h ???????? 022 /
3a66381.94 42f94f95 043937 h ???????? 02c /
3a6643e.6d 6271ddc5 573285 h ???????? 007 /mysql/admin/
3a6643e.b3 6271ddc5 573285 h ???????? 003 /mysql/admin/
3a6643f.83 6271ddc5 573285 h ???????? 001 /mysql/dbadmin/
3a6643f.b7 6271ddc5 573285 h ???????? 001 /mysql/dbadmin/
3a66440.2a 6271ddc5 573285 h ???????? 001 /mysql/sqlmanager/
3a66440.5a 6271ddc5 573285 h ???????? 001 /mysql/sqlmanager/
3a66440.c7 6271ddc5 573285 h ???????? 001 /mysql/mysqlmanager/
3a66440.fd 6271ddc5 573285 h ???????? 001 /mysql/mysqlmanager/
3a66441.65 6271ddc5 573285 h ???????? 001 /phpmyadmin/
3a66441.9f 6271ddc5 573285 h ???????? 001 /phpmyadmin/
3a66442.0d 6271ddc5 573285 h ???????? 001 /phpMyadmin/
3a66442.3f 6271ddc5 573285 h ???????? 001 /phpMyadmin/
3a66442.a9 6271ddc5 573285 h ???????? 001 /phpMyAdmin/
3a66442.e2 6271ddc5 573285 h ???????? 001 /phpMyAdmin/
3a66443.32 6271ddc5 573285 h ???????? 001 /phpmyAdmin/
3a66443.64 6271ddc5 573285 h ???????? 002 /phpmyAdmin/
3a66443.b2 6271ddc5 573285 h ???????? 001 /phpmyadmin2/
3a66443.e5 6271ddc5 573285 h ???????? 001 /phpmyadmin2/
3a66444.39 6271ddc5 573285 h ???????? 002 /phpmyadmin3/
3a66444.71 6271ddc5 573285 h ???????? 001 /phpmyadmin3/
3a66444.c5 6271ddc5 573285 h ???????? 004 /phpmyadmin4/
3a66444.fa 6271ddc5 573285 h ???????? 001 /phpmyadmin4/
3a66445.56 6271ddc5 573285 h ???????? 006 /2phpmyadmin/
3a66445.89 6271ddc5 573285 h ???????? 001 /2phpmyadmin/
3a66445.e2 6271ddc5 573285 h ???????? 001 /phpmy/
3a66446.17 6271ddc5 573285 h ???????? 001 /phpmy/
3a66446.73 6271ddc5 573285 h ???????? 001 /phppma/
3a66446.a5 6271ddc5 573285 h ???????? 001 /phppma/
3a66447.0a 6271ddc5 573285 h ???????? 001 /myadmin/
3a66447.3a 6271ddc5 573285 h ???????? 001 /myadmin/
3a66448.e0 a4843451 eb026b s ???????? 002 /bcHead
3a66448.9e 6271ddc5 573285 h ???????? 105 /shopdb/
3a66449.34 a4843451 eb026b s ???????? 002 /bcHead
3a66449.16 6271ddc5 573285 h ???????? 07a /shopdb/
3a66449.9a 6271ddc5 573285 h ???????? 001 /MyAdmin/
3a66449.ce 6271ddc5 573285 h ???????? 001 /MyAdmin/
3a6644a.35 6271ddc5 573285 h ???????? 002 /program/
3a6644a.70 6271ddc5 573285 h ???????? 001 /program/
3a6644a.d2 6271ddc5 573285 h ???????? 001 /PMA/
3a6644b.0f 6271ddc5 573285 h ???????? 002 /PMA/
3a6644b.83 6271ddc5 573285 h ???????? 001 /dbadmin/
3a6644b.be 6271ddc5 573285 h ???????? 001 /dbadmin/
3a6644c.34 6271ddc5 573285 h ???????? 001 /pma/
3a6644c.68 6271ddc5 573285 h ???????? 002 /pma/
3a6644c.d8 6271ddc5 573285 h ???????? 001 /db/
3a6644d.a8 6271ddc5 573285 h ???????? 001 /db/
3a6644d.fa 6271ddc5 573285 h ???????? 001 /admin/
3a6644e.3a 6271ddc5 573285 h ???????? 001 /admin/
3a6644e.8d 6271ddc5 573285 h ???????? 001 /mysql/
3a6644e.c3 6271ddc5 573285 h ???????? 002 /mysql/
3a6644f.21 6271ddc5 573285 h ???????? 002 /database/
3a6644f.5d 6271ddc5 573285 h ???????? 001 /database/
3a6644f.b1 6271ddc5 573285 h ???????? 001 /db/phpmyadmin/
3a6644f.ed 6271ddc5 573285 h ???????? 002 /db/phpmyadmin/
3a66450.53 6271ddc5 573285 h ???????? 001 /db/phpMyAdmin/
3a66450.89 6271ddc5 573285 h ???????? 002 /db/phpMyAdmin/
3a66450.e4 6271ddc5 573285 h ???????? 007 /sqlmanager/
3a66451.22 6271ddc5 573285 h ???????? 001 /sqlmanager/
3a66451.87 6271ddc5 573285 h ???????? 004 /mysqlmanager/
3a66451.c0 6271ddc5 573285 h ???????? 002 /mysqlmanager/
3a66452.25 6271ddc5 573285 h ???????? 002 /php-myadmin/
3a66452.5c 6271ddc5 573285 h ???????? 002 /php-myadmin/
3a66452.c3 6271ddc5 573285 h ???????? 005 /phpmy-admin/
3a66452.ff 6271ddc5 573285 h ???????? 002 /phpmy-admin/
3a66453.83 6271ddc5 573285 h ???????? 008 /mysqladmin/
3a66453.c2 6271ddc5 573285 h ???????? 002 /mysqladmin/
3a66454.37 6271ddc5 573285 h ???????? 002 /mysql-admin/
3a66454.6f 6271ddc5 573285 h ???????? 001 /mysql-admin/
3a66454.d3 6271ddc5 573285 h ???????? 001 /admin/phpmyadmin/
3a66455.08 6271ddc5 573285 h ???????? 001 /admin/phpmyadmin/
3a66455.7a 6271ddc5 573285 h ???????? 002 /admin/phpMyAdmin/
3a66455.b1 6271ddc5 573285 h ???????? 002 /admin/phpMyAdmin/
3a66456.23 6271ddc5 573285 h ???????? 002 /admin/sysadmin/
3a66458.7d 6271ddc5 573285 h ???????? 001 /admin/sysadmin/
3a66458.df 6271ddc5 573285 h ???????? 002 /admin/sqladmin/
3a66459.1e 6271ddc5 573285 h ???????? 001 /admin/sqladmin/
3a66459.87 6271ddc5 573285 h ???????? 001 /admin/db/
3a66459.be 6271ddc5 573285 h ???????? 002 /admin/db/
3a6645a.1c 6271ddc5 573285 h ???????? 002 /admin/web/
3a6645a.5a 6271ddc5 573285 h ???????? 002 /admin/web/
3a6645a.cc 6271ddc5 573285 h ???????? 001 /admin/pMA/
3a6645b.0d 6271ddc5 573285 h ???????? 002 /admin/pMA/
3a6645b.74 6271ddc5 573285 h ???????? 002 /mysql/pma/
3a6645b.af 6271ddc5 573285 h ???????? 009 /mysql/pma/
3a6645c.18 6271ddc5 573285 h ???????? 001 /mysql/db/
3a6645c.59 6271ddc5 573285 h ???????? 002 /mysql/db/
3a6645c.d3 6271ddc5 573285 h ???????? 002 /mysql/web/
3a6645d.15 6271ddc5 573285 h ???????? 002 /mysql/web/
3a6645d.86 6271ddc5 573285 h ???????? 002 /mysql/pMA/
3a6645d.c5 6271ddc5 573285 h ???????? 002 /mysql/pMA/
3a6645e.3b 6271ddc5 573285 h ???????? 002 /sql/phpmanager/
3a6645e.7d 6271ddc5 573285 h ???????? 002 /sql/phpmanager/
3a6645f.79 6271ddc5 573285 h ???????? 004 /sql/php-myadmin/
3a6645f.b5 6271ddc5 573285 h ???????? 002 /sql/php-myadmin/
3a66460.28 6271ddc5 573285 h ???????? 001 /sql/phpmy-admin/
3a66460.67 6271ddc5 573285 h ???????? 002 /sql/phpmy-admin/
3a66461.2a 6271ddc5 573285 h ???????? 002 /sql/sql/
3a66461.65 6271ddc5 573285 h ???????? 002 /sql/sql/
3a66461.c1 6271ddc5 573285 h ???????? 002 /sql/myadmin/
3a66462.01 6271ddc5 573285 h ???????? 004 /sql/myadmin/
3a66462.56 6271ddc5 573285 h ???????? 002 /sql/webadmin/
3a66462.93 6271ddc5 573285 h ???????? 002 /sql/webadmin/
3a66462.e7 6271ddc5 573285 h ???????? 001 /sql/sqlweb/
3a66463.27 6271ddc5 573285 h ???????? 002 /sql/sqlweb/
3a66463.8a 6271ddc5 573285 h ???????? 002 /sql/websql/
3a66463.c7 6271ddc5 573285 h ???????? 002 /sql/websql/
3a66464.29 6271ddc5 573285 h ???????? 002 /sql/webdb/
3a66464.68 6271ddc5 573285 h ???????? 001 /sql/webdb/
3a66464.d8 6271ddc5 573285 h ???????? 002 /sql/sqladmin/
3a66465.13 6271ddc5 573285 h ???????? 002 /sql/sqladmin/
3a66469.d2 6271ddc5 573285 h ???????? 002 /sql/sql-admin/
3a6646a.16 6271ddc5 573285 h ???????? 002 /sql/sql-admin/
3a6646a.8c 6271ddc5 573285 h ???????? 002 /sql/phpmyadmin2/
3a6646a.cc 6271ddc5 573285 h ???????? 002 /sql/phpmyadmin2/
3a6646b.42 6271ddc5 573285 h ???????? 002 /sql/phpMyAdmin2/
3a6646b.84 6271ddc5 573285 h ???????? 002 /sql/phpMyAdmin2/
3a6646b.e5 6271ddc5 573285 h ???????? 002 /sql/phpMyAdmin/
3a6646c.29 6271ddc5 573285 h ???????? 002 /sql/phpMyAdmin/
3a6646c.8c 6271ddc5 573285 h ???????? 002 /db/myadmin/
3a6646c.d1 6271ddc5 573285 h ???????? 001 /db/myadmin/
3a6646d.37 6271ddc5 573285 h ???????? 002 /db/webadmin/
3a6646d.7b 6271ddc5 573285 h ???????? 002 /db/webadmin/
3a6646d.d8 6271ddc5 573285 h ???????? 002 /db/dbweb/
3a6646e.1c 6271ddc5 573285 h ???????? 002 /db/dbweb/
3a6646e.7c 6271ddc5 573285 h ???????? 002 /db/websql/
3a6646e.c0 6271ddc5 573285 h ???????? 002 /db/websql/
3a6646f.27 6271ddc5 573285 h ???????? 002 /db/webdb/
3a6646f.6c 6271ddc5 573285 h ???????? 002 /db/webdb/
3a6646f.d5 6271ddc5 573285 h ???????? 002 /db/dbadmin/
3a66470.1f 6271ddc5 573285 h ???????? 002 /db/dbadmin/
3a66470.92 6271ddc5 573285 h ???????? 003 /db/db-admin/
3a66470.ce 6271ddc5 573285 h ???????? 002 /db/db-admin/
3a66471.3f 6271ddc5 573285 h ???????? 002 /db/phpmyadmin3/
3a66471.84 6271ddc5 573285 h ???????? 002 /db/phpmyadmin3/
3a66472.3d 6271ddc5 573285 h ???????? 003 /db/phpMyAdmin3/
3a66472.83 6271ddc5 573285 h ???????? 002 /db/phpMyAdmin3/
3a66472.f8 6271ddc5 573285 h ???????? 002 /db/phpMyAdmin-3/
3a66473.35 6271ddc5 573285 h ???????? 002 /db/phpMyAdmin-3/
3a66473.a7 6271ddc5 573285 h ???????? 002 /administrator/phpmyadmin/
3a66473.e4 6271ddc5 573285 h ???????? 002 /administrator/phpmyadmin/
3a66481.5d 6271ddc5 573285 h ???????? 003 /administrator/phpMyAdmin/
3a66481.a3 6271ddc5 573285 h ???????? 002 /administrator/phpMyAdmin/
3a66482.07 6271ddc5 573285 h ???????? 002 /administrator/db/
3a66482.4c 6271ddc5 573285 h ???????? 002 /administrator/db/
3a66482.b0 6271ddc5 573285 h ???????? 002 /administrator/web/
3a66482.ef 6271ddc5 573285 h ???????? 002 /administrator/web/
3a66483.5b 6271ddc5 573285 h ???????? 002 /administrator/pma/
3a66483.98 6271ddc5 573285 h ???????? 002 /administrator/pma/
3a66484.06 6271ddc5 573285 h ???????? 002 /administrator/PMA/
3a66484.46 6271ddc5 573285 h ???????? 002 /administrator/PMA/
3a66484.ae 6271ddc5 573285 h ???????? 002 /administrator/admin/
3a66484.ed 6271ddc5 573285 h ???????? 00b /administrator/admin/
3a66485.71 6271ddc5 573285 h ???????? 002 /phpMyAdmin2/
3a66485.b5 6271ddc5 573285 h ???????? 002 /phpMyAdmin2/
3a6648d.be 6271ddc5 573285 h ???????? 002 /phpMyAdmin3/
3a6648e.0a 6271ddc5 573285 h ???????? 002 /phpMyAdmin3/
3a6648e.7c 6271ddc5 573285 h ???????? 002 /phpMyAdmin4/
3a6648e.c0 6271ddc5 573285 h ???????? 002 /phpMyAdmin4/
3a6648f.25 6271ddc5 573285 h ???????? 002 /phpMyAdmin-3/
3a6648f.63 6271ddc5 573285 h ???????? 002 /phpMyAdmin-3/
3a6648f.db 6271ddc5 573285 h ???????? 003 /php-my-admin/
3a66490.1a 6271ddc5 573285 h ???????? 003 /php-my-admin/
3a66490.90 6271ddc5 573285 h ???????? 002 /PMA2011/
3a66490.d0 6271ddc5 573285 h ???????? 002 /PMA2011/
3a66491.52 6271ddc5 573285 h ???????? 003 /PMA2012/
3a66491.97 6271ddc5 573285 h ???????? 002 /PMA2012/
3a66492.0c 6271ddc5 573285 h ???????? 002 /PMA2013/
3a66492.54 6271ddc5 573285 h ???????? 002 /PMA2013/
3a66492.d9 6271ddc5 573285 h ???????? 003 /PMA2014/
3a66493.22 6271ddc5 573285 h ???????? 003 /PMA2014/
3a66493.9d 6271ddc5 573285 h ???????? 00c /PMA2015/
3a66493.e0 6271ddc5 573285 h ???????? 003 /PMA2015/
3a66494.3c 6271ddc5 573285 h ???????? 002 /PMA2016/
3a66494.85 6271ddc5 573285 h ???????? 002 /PMA2016/
3a66494.ef 6271ddc5 573285 h ???????? 003 /PMA2017/
3a66495.37 6271ddc5 573285 h ???????? 002 /PMA2017/
3a66495.a1 6271ddc5 573285 h ???????? 002 /PMA2018/
3a66495.e8 6271ddc5 573285 h ???????? 002 /PMA2018/
3a66496.4f 6271ddc5 573285 h ???????? 003 /pma2011/
3a66496.94 6271ddc5 573285 h ???????? 003 /pma2011/
3a66496.f8 6271ddc5 573285 h ???????? 003 /pma2012/
3a66497.41 6271ddc5 573285 h ???????? 003 /pma2012/
3a66497.b1 6271ddc5 573285 h ???????? 003 /pma2013/
3a66497.f9 6271ddc5 573285 h ???????? 002 /pma2013/
3a66498.71 6271ddc5 573285 h ???????? 002 /pma2014/
3a66498.b7 6271ddc5 573285 h ???????? 003 /pma2014/
3a66499.33 6271ddc5 573285 h ???????? 002 /pma2015/
3a66499.77 6271ddc5 573285 h ???????? 002 /pma2015/
3a66499.fd 6271ddc5 573285 h ???????? 003 /pma2016/
3a6649a.47 6271ddc5 573285 h ???????? 00d /pma2016/
3a6649a.c6 6271ddc5 573285 h ???????? 002 /pma2017/
3a6649b.11 6271ddc5 573285 h ???????? 002 /pma2017/
3a6649b.90 6271ddc5 573285 h ???????? 003 /pma2018/
3a6649b.db 6271ddc5 573285 h ???????? 003 /pma2018/
3a6649c.5c 6271ddc5 573285 h ???????? 003 /phpmyadmin2011/
3a6649d.23 6271ddc5 573285 h ???????? 003 /phpmyadmin2011/
3a6649d.a1 6271ddc5 573285 h ???????? 003 /phpmyadmin2012/
3a6649d.e5 6271ddc5 573285 h ???????? 003 /phpmyadmin2012/
3a6649e.57 6271ddc5 573285 h ???????? 002 /phpmyadmin2013/
3a6649e.a0 6271ddc5 573285 h ???????? 002 /phpmyadmin2013/
3a6649f.0d 6271ddc5 573285 h ???????? 003 /phpmyadmin2014/
3a6649f.5a 6271ddc5 573285 h ???????? 003 /phpmyadmin2014/
3a6649f.b4 6271ddc5 573285 h ???????? 003 /phpmyadmin2015/
3a6649f.f8 6271ddc5 573285 h ???????? 002 /phpmyadmin2015/
3a664a0.67 6271ddc5 573285 h ???????? 002 /phpmyadmin2016/
3a664a0.ad 6271ddc5 573285 h ???????? 003 /phpmyadmin2016/
3a664a1.2b 6271ddc5 573285 h ???????? 003 /phpmyadmin2017/
3a664a1.70 6271ddc5 573285 h ???????? 003 /phpmyadmin2017/
3a664a1.e0 6271ddc5 573285 h ???????? 003 /phpmyadmin2018/
3a664a2.24 6271ddc5 573285 h ???????? 003 /phpmyadmin2018/
3a664a2.8e 6271ddc5 573285 h ???????? 002 /phpmanager/
3a664a2.d4 6271ddc5 573285 h ???????? 003 /phpmanager/
3a665d8.fa 42f94f18 043937 h ???????? 022 /
3a6666a.30 42f94f28 043937 h ???????? 006 /wiki/AluminiumSchmiede
3a6689a.7e b44c0f0c a04d28 h ???????? 004 /crush
3a66a88.60 42f94f2e 043937 h ???????? 005 /wiki/VoiceBase
3a66ceb.50 42f94f1b 622963 s ???????? 015 /
3a67143.2d 58cf6be1 491225 h ???????? 015 /
3a67542.fd d8f442e3 2e51d1 h ???????? 002 //robots.txt
3a6760e.b7 894acf77 433e9c h ???????? 013 /edit/1696001
3a6782c.d6 42f94f2b 043937 h ???????? 002 /wiki/HeinzZuellighoven
3a678d4.60 480ec7ad 70a047 h ???????? 002 //rss.rdf
3a67a18.71 42f94f2e 043937 h ???????? 002 /wiki/RsWipp
3a67a59.cf 8ba27246 976046 h ???????? 012 /
3a67d84.97 528617da 573285 h ???????? 001 /mysql/admin/
3a67d84.ba 528617da 573285 h ???????? 001 /mysql/admin/
3a67d84.eb 528617da 573285 h ???????? 002 /mysql/dbadmin/
3a67d85.0e 528617da 573285 h ???????? 001 /mysql/dbadmin/
3a67d85.3b 528617da 573285 h ???????? 001 /mysql/sqlmanager/
3a67d85.61 528617da 573285 h ???????? 001 /mysql/sqlmanager/
3a67d85.8c 528617da 573285 h ???????? 001 /mysql/mysqlmanager/
3a67d85.b0 528617da 573285 h ???????? 002 /mysql/mysqlmanager/
3a67d85.db 528617da 573285 h ???????? 001 /phpmyadmin/
3a67d85.fc 528617da 573285 h ???????? 005 /phpmyadmin/
3a67d86.2a 528617da 573285 h ???????? 001 /phpMyadmin/
3a67d86.4c 528617da 573285 h ???????? 001 /phpMyadmin/
3a67d86.7b 528617da 573285 h ???????? 001 /phpMyAdmin/
3a67d86.9e 528617da 573285 h ???????? 001 /phpMyAdmin/
3a67d86.cc 528617da 573285 h ???????? 001 /phpmyAdmin/
3a67d86.ed 528617da 573285 h ???????? 001 /phpmyAdmin/
3a67d87.19 528617da 573285 h ???????? 001 /phpmyadmin2/
3a67d87.48 528617da 573285 h ???????? 001 /phpmyadmin2/
3a67d88.78 528617da 573285 h ???????? 001 /phpmyadmin3/
3a67d88.9c 528617da 573285 h ???????? 001 /phpmyadmin3/
3a67d88.c9 528617da 573285 h ???????? 001 /phpmyadmin4/
3a67d88.ed 528617da 573285 h ???????? 001 /phpmyadmin4/
3a67d89.1c 528617da 573285 h ???????? 001 /2phpmyadmin/
3a67d89.40 528617da 573285 h ???????? 001 /2phpmyadmin/
3a67d89.6f 528617da 573285 h ???????? 001 /phpmy/
3a67d89.93 528617da 573285 h ???????? 001 /phpmy/
3a67d89.c4 528617da 573285 h ???????? 001 /phppma/
3a67d89.e7 528617da 573285 h ???????? 001 /phppma/
3a67d8a.15 528617da 573285 h ???????? 001 /myadmin/
3a67d8a.36 528617da 573285 h ???????? 001 /myadmin/
3a67d8a.a2 a4843451 eb026b s ???????? 002 /bcHead
3a67d8a.64 528617da 573285 h ???????? 0f3 /shopdb/
3a67d8a.e8 a4843451 eb026b s ???????? 002 /bcHead
3a67d8a.c9 528617da 573285 h ???????? 079 /shopdb/
3a67d8b.1c 528617da 573285 h ???????? 001 /MyAdmin/
3a67d8b.45 528617da 573285 h ???????? 001 /MyAdmin/
3a67d8b.73 528617da 573285 h ???????? 007 /program/
3a67d8b.9c 528617da 573285 h ???????? 002 /program/
3a67d8b.d1 528617da 573285 h ???????? 001 /PMA/
3a67d8b.f8 528617da 573285 h ???????? 001 /PMA/
3a67d8c.2a 528617da 573285 h ???????? 002 /dbadmin/
3a67d8c.51 528617da 573285 h ???????? 001 /dbadmin/
3a67d8c.83 528617da 573285 h ???????? 002 /pma/
3a67d8c.a8 528617da 573285 h ???????? 001 /pma/
3a67d8c.dd 528617da 573285 h ???????? 002 /db/
3a67d8d.0b 528617da 573285 h ???????? 001 /db/
3a67d8d.3c 528617da 573285 h ???????? 001 /admin/
3a67d8d.61 528617da 573285 h ???????? 002 /admin/
3a67d8d.94 528617da 573285 h ???????? 001 /mysql/
3a67d8d.b9 528617da 573285 h ???????? 001 /mysql/
3a67d8d.ea 528617da 573285 h ???????? 002 /database/
3a67d8e.16 528617da 573285 h ???????? 002 /database/
3a67d8e.48 528617da 573285 h ???????? 001 /db/phpmyadmin/
3a67d8e.6e 528617da 573285 h ???????? 001 /db/phpmyadmin/
3a67d8e.9e 528617da 573285 h ???????? 001 /db/phpMyAdmin/
3a67d8e.ca 528617da 573285 h ???????? 001 /db/phpMyAdmin/
3a67d8e.fb 528617da 573285 h ???????? 002 /sqlmanager/
3a67d8f.20 528617da 573285 h ???????? 002 /sqlmanager/
3a67d8f.53 528617da 573285 h ???????? 001 /mysqlmanager/
3a67d8f.7b 528617da 573285 h ???????? 002 /mysqlmanager/
3a67d8f.b1 528617da 573285 h ???????? 002 /php-myadmin/
3a67d8f.d8 528617da 573285 h ???????? 002 /php-myadmin/
3a67d90.0c 528617da 573285 h ???????? 008 /phpmy-admin/
3a67d90.33 528617da 573285 h ???????? 001 /phpmy-admin/
3a67d90.66 528617da 573285 h ???????? 001 /mysqladmin/
3a67d90.8e 528617da 573285 h ???????? 001 /mysqladmin/
3a67d90.bd 528617da 573285 h ???????? 001 /mysql-admin/
3a67d90.e6 528617da 573285 h ???????? 001 /mysql-admin/
3a67d91.17 528617da 573285 h ???????? 002 /admin/phpmyadmin/
3a67d91.3d 528617da 573285 h ???????? 002 /admin/phpmyadmin/
3a67d91.71 528617da 573285 h ???????? 002 /admin/phpMyAdmin/
3a67d91.97 528617da 573285 h ???????? 002 /admin/phpMyAdmin/
3a67d91.cb 528617da 573285 h ???????? 001 /admin/sysadmin/
3a67d91.f1 528617da 573285 h ???????? 002 /admin/sysadmin/
3a67d92.26 528617da 573285 h ???????? 002 /admin/sqladmin/
3a67d92.4d 528617da 573285 h ???????? 002 /admin/sqladmin/
3a67d92.7e 528617da 573285 h ???????? 002 /admin/db/
3a67d92.a7 528617da 573285 h ???????? 002 /admin/db/
3a67d92.d9 528617da 573285 h ???????? 002 /admin/web/
3a67d93.03 528617da 573285 h ???????? 002 /admin/web/
3a67d93.37 528617da 573285 h ???????? 002 /admin/pMA/
3a67d93.60 528617da 573285 h ???????? 008 /admin/pMA/
3a67d93.96 528617da 573285 h ???????? 002 /mysql/pma/
3a67d93.c3 528617da 573285 h ???????? 002 /mysql/pma/
3a67d93.f8 528617da 573285 h ???????? 001 /mysql/db/
3a67d94.20 528617da 573285 h ???????? 002 /mysql/db/
3a67d94.56 528617da 573285 h ???????? 001 /mysql/web/
3a67d94.7f 528617da 573285 h ???????? 001 /mysql/web/
3a67d94.b3 528617da 573285 h ???????? 002 /mysql/pMA/
3a67d94.dd 528617da 573285 h ???????? 002 /mysql/pMA/
3a67d95.12 528617da 573285 h ???????? 001 /sql/phpmanager/
3a67d95.3e 528617da 573285 h ???????? 001 /sql/phpmanager/
3a67d95.74 528617da 573285 h ???????? 001 /sql/php-myadmin/
3a67d95.9f 528617da 573285 h ???????? 002 /sql/php-myadmin/
3a67d95.dc 528617da 573285 h ???????? 002 /sql/phpmy-admin/
3a67d96.08 528617da 573285 h ???????? 002 /sql/phpmy-admin/
3a67d96.3f 528617da 573285 h ???????? 002 /sql/sql/
3a67d96.6a 528617da 573285 h ???????? 002 /sql/sql/
3a67d96.a4 528617da 573285 h ???????? 002 /sql/myadmin/
3a67d96.cc 528617da 573285 h ???????? 002 /sql/myadmin/
3a67d97.01 528617da 573285 h ???????? 001 /sql/webadmin/
3a67d97.28 528617da 573285 h ???????? 001 /sql/webadmin/
3a67d97.5d 528617da 573285 h ???????? 002 /sql/sqlweb/
3a67d97.88 528617da 573285 h ???????? 001 /sql/sqlweb/
3a67d97.bb 528617da 573285 h ???????? 002 /sql/websql/
3a67d97.e6 528617da 573285 h ???????? 001 /sql/websql/
3a67d98.1b 528617da 573285 h ???????? 002 /sql/webdb/
3a67d98.44 528617da 573285 h ???????? 001 /sql/webdb/
3a67d98.79 528617da 573285 h ???????? 002 /sql/sqladmin/
3a67d98.a4 528617da 573285 h ???????? 002 /sql/sqladmin/
3a67d98.dc 528617da 573285 h ???????? 002 /sql/sql-admin/
3a67d99.06 528617da 573285 h ???????? 001 /sql/sql-admin/
3a67d99.3c 528617da 573285 h ???????? 002 /sql/phpmyadmin2/
3a67d99.65 528617da 573285 h ???????? 002 /sql/phpmyadmin2/
3a67d99.9a 528617da 573285 h ???????? 001 /sql/phpMyAdmin2/
3a67d99.c4 528617da 573285 h ???????? 002 /sql/phpMyAdmin2/
3a67d99.f9 528617da 573285 h ???????? 002 /sql/phpMyAdmin/
3a67d9a.26 528617da 573285 h ???????? 002 /sql/phpMyAdmin/
3a67d9a.65 528617da 573285 h ???????? 001 /db/myadmin/
3a67d9a.92 528617da 573285 h ???????? 002 /db/myadmin/
3a67d9a.d2 528617da 573285 h ???????? 002 /db/webadmin/
3a67d9b.01 528617da 573285 h ???????? 004 /db/webadmin/
3a67d9b.3f 528617da 573285 h ???????? 002 /db/dbweb/
3a67d9b.6c 528617da 573285 h ???????? 002 /db/dbweb/
3a67d9b.a3 528617da 573285 h ???????? 002 /db/websql/
3a67d9b.d7 528617da 573285 h ???????? 002 /db/websql/
3a67d9c.14 528617da 573285 h ???????? 009 /db/webdb/
3a67d9c.4d 528617da 573285 h ???????? 003 /db/webdb/
3a67d9c.8a 528617da 573285 h ???????? 002 /db/dbadmin/
3a67d9c.c0 528617da 573285 h ???????? 002 /db/dbadmin/
3a67d9c.f8 528617da 573285 h ???????? 001 /db/db-admin/
3a67d9d.28 528617da 573285 h ???????? 002 /db/db-admin/
3a67d9d.63 528617da 573285 h ???????? 002 /db/phpmyadmin3/
3a67d9d.98 528617da 573285 h ???????? 002 /db/phpmyadmin3/
3a67d9d.d8 528617da 573285 h ???????? 002 /db/phpMyAdmin3/
3a67d9e.09 528617da 573285 h ???????? 002 /db/phpMyAdmin3/
3a67d9e.4c 528617da 573285 h ???????? 002 /db/phpMyAdmin-3/
3a67d9e.78 528617da 573285 h ???????? 002 /db/phpMyAdmin-3/
3a67d9e.b2 528617da 573285 h ???????? 002 /administrator/phpmyadmin/
3a67d9e.e1 528617da 573285 h ???????? 002 /administrator/phpmyadmin/
3a67d9f.22 528617da 573285 h ???????? 002 /administrator/phpMyAdmin/
3a67d9f.56 528617da 573285 h ???????? 002 /administrator/phpMyAdmin/
3a67d9f.91 528617da 573285 h ???????? 003 /administrator/db/
3a67d9f.c2 528617da 573285 h ???????? 003 /administrator/db/
3a67d9f.fe 528617da 573285 h ???????? 002 /administrator/web/
3a67da0.33 528617da 573285 h ???????? 002 /administrator/web/
3a67da0.76 528617da 573285 h ???????? 002 /administrator/pma/
3a67da0.a3 528617da 573285 h ???????? 003 /administrator/pma/
3a67da0.e0 528617da 573285 h ???????? 002 /administrator/PMA/
3a67da1.0f 528617da 573285 h ???????? 003 /administrator/PMA/
3a67da1.4a 528617da 573285 h ???????? 002 /administrator/admin/
3a67da1.80 528617da 573285 h ???????? 003 /administrator/admin/
3a67da1.c1 528617da 573285 h ???????? 003 /phpMyAdmin2/
3a67da1.f8 528617da 573285 h ???????? 002 /phpMyAdmin2/
3a67da2.38 528617da 573285 h ???????? 002 /phpMyAdmin3/
3a67da2.6f 528617da 573285 h ???????? 002 /phpMyAdmin3/
3a67da2.aa 528617da 573285 h ???????? 002 /phpMyAdmin4/
3a67da2.db 528617da 573285 h ???????? 002 /phpMyAdmin4/
3a67da3.16 528617da 573285 h ???????? 002 /phpMyAdmin-3/
3a67da3.48 528617da 573285 h ???????? 002 /phpMyAdmin-3/
3a67da3.8c 528617da 573285 h ???????? 002 /php-my-admin/
3a67da3.fd 528617da 573285 h ???????? 003 /php-my-admin/
3a67da4.3d 528617da 573285 h ???????? 002 /PMA2011/
3a67da4.6d 528617da 573285 h ???????? 002 /PMA2011/
3a67da4.a6 528617da 573285 h ???????? 00b /PMA2012/
3a67da4.d8 528617da 573285 h ???????? 002 /PMA2012/
3a67da5.1d 528617da 573285 h ???????? 002 /PMA2013/
3a67da5.54 528617da 573285 h ???????? 003 /PMA2013/
3a67da5.92 528617da 573285 h ???????? 002 /PMA2014/
3a67da5.cc 528617da 573285 h ???????? 002 /PMA2014/
3a67da7.11 528617da 573285 h ???????? 003 /PMA2015/
3a67da7.47 528617da 573285 h ???????? 002 /PMA2015/
3a67da7.88 528617da 573285 h ???????? 002 /PMA2016/
3a67da7.c1 528617da 573285 h ???????? 003 /PMA2016/
3a67da8.09 528617da 573285 h ???????? 003 /PMA2017/
3a67da8.46 528617da 573285 h ???????? 003 /PMA2017/
3a67da8.88 528617da 573285 h ???????? 003 /PMA2018/
3a67da8.bc 528617da 573285 h ???????? 003 /PMA2018/
3a67da8.fb 528617da 573285 h ???????? 002 /pma2011/
3a67da9.33 528617da 573285 h ???????? 003 /pma2011/
3a67da9.72 528617da 573285 h ???????? 002 /pma2012/
3a67da9.a6 528617da 573285 h ???????? 003 /pma2012/
3a67da9.e1 528617da 573285 h ???????? 003 /pma2013/
3a67daa.1d 528617da 573285 h ???????? 002 /pma2013/
3a67daa.58 528617da 573285 h ???????? 002 /pma2014/
3a67daa.8f 528617da 573285 h ???????? 002 /pma2014/
3a67dab.cc 528617da 573285 h ???????? 003 /pma2015/
3a67dac.04 528617da 573285 h ???????? 003 /pma2015/
3a67dac.7e 528617da 573285 h ???????? 002 /pma2016/
3a67dac.ab 528617da 573285 h ???????? 002 /pma2016/
3a67dac.e8 528617da 573285 h ???????? 002 /pma2017/
3a67dad.1a 528617da 573285 h ???????? 002 /pma2017/
3a67dad.59 528617da 573285 h ???????? 002 /pma2018/
3a67dad.87 528617da 573285 h ???????? 002 /pma2018/
3a67dae.c7 528617da 573285 h ???????? 002 /phpmyadmin2011/
3a67dae.f3 528617da 573285 h ???????? 002 /phpmyadmin2011/
3a67daf.35 528617da 573285 h ???????? 002 /phpmyadmin2012/
3a67daf.63 528617da 573285 h ???????? 002 /phpmyadmin2012/
3a67daf.a0 528617da 573285 h ???????? 003 /phpmyadmin2013/
3a67daf.d4 528617da 573285 h ???????? 00a /phpmyadmin2013/
3a67db0.14 528617da 573285 h ???????? 002 /phpmyadmin2014/
3a67db0.4c 528617da 573285 h ???????? 003 /phpmyadmin2014/
3a67db0.88 528617da 573285 h ???????? 002 /phpmyadmin2015/
3a67db0.b4 528617da 573285 h ???????? 002 /phpmyadmin2015/
3a67db0.f0 528617da 573285 h ???????? 002 /phpmyadmin2016/
3a67db1.1d 528617da 573285 h ???????? 002 /phpmyadmin2016/
3a67db1.5b 528617da 573285 h ???????? 002 /phpmyadmin2017/
3a67db1.8d 528617da 573285 h ???????? 002 /phpmyadmin2017/
3a67db1.c4 528617da 573285 h ???????? 002 /phpmyadmin2018/
3a67db1.ef 528617da 573285 h ???????? 002 /phpmyadmin2018/
3a67db3.2d 528617da 573285 h ???????? 002 /phpmanager/
3a67db3.5a 528617da 573285 h ???????? 003 /phpmanager/
3a6837f.03 42f94f1c 043937 h ???????? 026 /
3a683bc.09 b07efc0b c78c03 h ???????? 003 /wp-login.php
3a68467.0a 43cdb86d 7404fb h ???????? 01b /
3a685bf.88 12dca469 2bf8b4 h ???????? 002 /wp-login.php
3a686bd.f7 43cdb86d 7404fb s ???????? 01c /
3a6874e.53 b23e4828 72196d s ???????? 003 /robots.txt
3a6874e.93 b23e4828 72196d s ???????? 019 /
3a68848.ec 42f94f1d 622963 s ???????? 028 /
3a688bd.37 22ccc2da bec53a s ???????? 003 /robots.txt
3a688bd.c1 22ccc2da bec53a s ???????? 01b /
3a6899e.f3 9d372749 6a88e8 h ???????? 01a /
3a689f0.00 42f94f2b 043937 h ???????? 006 /wiki/NobelPrizeLaureate
3a68ae1.91 9d372708 6a88e8 h ???????? 003 /robots.txt
3a68aec.a3 cf2e0db9 6a88e8 h ???????? 01c /
3a68c30.86 42f94f2e 043937 h ???????? 004 /wiki/SummitClj
3a68dae.59 b23e4828 72196d h ???????? 002 /robots.txt
3a68dae.8e b23e4828 72196d h ???????? 01c /
3a68fa1.09 284da73a 6a88e8 h ???????? 004 /wiki/JeromeCGlenn
3a691d7.c6 42f94f28 043937 h ???????? 002 /crush
3a69249.ae b23e4828 72196d s ???????? 003 /robots.txt
3a69249.f4 b23e4828 72196d s ???????? 01d /
3a6928b.8c bca5e922 e3b0c4 h ???????? 003 /robots.txt
3a6928d.bd bca5e922 1200b3 h ???????? 01b /
3a692aa.af 42f94f28 043937 h ???????? 002 /crush
3a69423.d3 42f94f28 043937 h ???????? 005 /wiki/TuiLuna
3a69427.58 42f94f2b 043937 h ???????? 004 /wiki/AcceleratingChange
3a698de.e7 42f94f19 043937 s ???????? 01b /
3a698e0.04 cf2e0d7d 6a88e8 h ???????? 005 /wiki/LinPack
3a69bb3.36 42f94f94 043937 h ???????? 004 /wiki/TeilhardDeChardein
3a69c5c.53 4d4b4ca6 6a9392 h ???????? 003 /robots.txt
3a69c5d.50 4d4b4ca6 6a9392 h ???????? 002 /sl4
3a69da7.5e 43cdb8b1 7404fb h ???????? 01b /
3a6a228.3a 42f94f94 043937 h ???????? 003 /hot/robots.txt
3a6a280.09 42f94f92 622963 h ???????? 003 /hot
3a6a3ec.63 426608c8 70a047 h ???????? 003 //rss.rdf
3a6a4bd.bb 42f94f92 043937 h ???????? 028 /
3a6a7a5.85 51cf4681 573285 h ???????? 003 /mysql/admin/
3a6a7a5.c1 51cf4681 573285 h ???????? 002 /mysql/admin/
3a6a7a6.1f 51cf4681 573285 h ???????? 003 /mysql/dbadmin/
3a6a7a6.61 51cf4681 573285 h ???????? 003 /mysql/dbadmin/
3a6a7a6.be 51cf4681 573285 h ???????? 003 /mysql/sqlmanager/
3a6a7a6.fd 51cf4681 573285 h ???????? 003 /mysql/sqlmanager/
3a6a7a7.5a 51cf4681 573285 h ???????? 003 /mysql/mysqlmanager/
3a6a7a7.9a 51cf4681 573285 h ???????? 002 /mysql/mysqlmanager/
3a6a7a7.f8 51cf4681 573285 h ???????? 002 /phpmyadmin/
3a6a7a8.3a 51cf4681 573285 h ???????? 003 /phpmyadmin/
3a6a7a8.9c 51cf4681 573285 h ???????? 002 /phpMyadmin/
3a6a7a8.de 51cf4681 573285 h ???????? 00c /phpMyadmin/
3a6a7a9.39 51cf4681 573285 h ???????? 003 /phpMyAdmin/
3a6a7a9.77 51cf4681 573285 h ???????? 003 /phpMyAdmin/
3a6a7a9.da 51cf4681 573285 h ???????? 002 /phpmyAdmin/
3a6a7aa.1e 51cf4681 573285 h ???????? 002 /phpmyAdmin/
3a6a7aa.7c 51cf4681 573285 h ???????? 002 /phpmyadmin2/
3a6a7aa.c7 51cf4681 573285 h ???????? 002 /phpmyadmin2/
3a6a7ab.26 51cf4681 573285 h ???????? 002 /phpmyadmin3/
3a6a7ab.6d 51cf4681 573285 h ???????? 003 /phpmyadmin3/
3a6a7ab.d4 51cf4681 573285 h ???????? 003 /phpmyadmin4/
3a6a7ac.17 51cf4681 573285 h ???????? 003 /phpmyadmin4/
3a6a7ac.7a 51cf4681 573285 h ???????? 003 /2phpmyadmin/
3a6a7ac.bd 51cf4681 573285 h ???????? 002 /2phpmyadmin/
3a6a7ad.17 51cf4681 573285 h ???????? 003 /phpmy/
3a6a7ad.58 51cf4681 573285 h ???????? 002 /phpmy/
3a6a7ae.a6 51cf4681 573285 h ???????? 002 /phppma/
3a6a7ae.d4 51cf4681 573285 h ???????? 003 /phppma/
3a6a7b0.0d 51cf4681 573285 h ???????? 003 /myadmin/
3a6a7b0.3f 51cf4681 573285 h ???????? 003 /myadmin/
3a6a7b0.b3 a4843451 eb026b s ???????? 004 /bcHead
3a6a7b0.7e 51cf4681 573285 h ???????? 0d6 /shopdb/
3a6a7b1.0f a4843451 eb026b s ???????? 004 /bcHead
3a6a7b0.e0 51cf4681 573285 h ???????? 0bd /shopdb/
3a6a7b1.4d 51cf4681 573285 h ???????? 003 /MyAdmin/
3a6a7b1.7d 51cf4681 573285 h ???????? 003 /MyAdmin/
3a6a7b1.bd 51cf4681 573285 h ???????? 002 /program/
3a6a7b1.f6 51cf4681 573285 h ???????? 003 /program/
3a6a7b2.38 51cf4681 573285 h ???????? 003 /PMA/
3a6a7b2.6c 51cf4681 573285 h ???????? 003 /PMA/
3a6a7b2.b1 51cf4681 573285 h ???????? 003 /dbadmin/
3a6a7b2.ec 51cf4681 573285 h ???????? 003 /dbadmin/
3a6a7b3.3e 51cf4681 573285 h ???????? 003 /pma/
3a6a7b3.81 51cf4681 573285 h ???????? 003 /pma/
3a6a7b3.d3 51cf4681 573285 h ???????? 003 /db/
3a6a7b4.12 51cf4681 573285 h ???????? 003 /db/
3a6a7b4.6b 51cf4681 573285 h ???????? 002 /admin/
3a6a7b4.aa 51cf4681 573285 h ???????? 003 /admin/
3a6a7b5.0e 51cf4681 573285 h ???????? 003 /mysql/
3a6a7b5.51 51cf4681 573285 h ???????? 003 /mysql/
3a6a7b5.ac 51cf4681 573285 h ???????? 002 /database/
3a6a7b5.f1 51cf4681 573285 h ???????? 003 /database/
3a6a7b6.4c 51cf4681 573285 h ???????? 002 /db/phpmyadmin/
3a6a7b6.8d 51cf4681 573285 h ???????? 003 /db/phpmyadmin/
3a6a7b6.e8 51cf4681 573285 h ???????? 00d /db/phpMyAdmin/
3a6a7b7.2c 51cf4681 573285 h ???????? 003 /db/phpMyAdmin/
3a6a7b7.8c 51cf4681 573285 h ???????? 003 /sqlmanager/
3a6a7b7.cc 51cf4681 573285 h ???????? 002 /sqlmanager/
3a6a7b8.2b 51cf4681 573285 h ???????? 003 /mysqlmanager/
3a6a7b8.6f 51cf4681 573285 h ???????? 003 /mysqlmanager/
3a6a7b8.cc 51cf4681 573285 h ???????? 003 /php-myadmin/
3a6a7b9.12 51cf4681 573285 h ???????? 003 /php-myadmin/
3a6a7b9.c7 51cf4681 573285 h ???????? 001 /phpmy-admin/
3a6a7ba.05 51cf4681 573285 h ???????? 002 /phpmy-admin/
3a6a7ba.57 51cf4681 573285 h ???????? 001 /mysqladmin/
3a6a7ba.8e 51cf4681 573285 h ???????? 001 /mysqladmin/
3a6a7ba.dd 51cf4681 573285 h ???????? 001 /mysql-admin/
3a6a7bb.13 51cf4681 573285 h ???????? 002 /mysql-admin/
3a6a7bc.65 51cf4681 573285 h ???????? 001 /admin/phpmyadmin/
3a6a7bc.9d 51cf4681 573285 h ???????? 001 /admin/phpmyadmin/
3a6a7bc.f4 51cf4681 573285 h ???????? 001 /admin/phpMyAdmin/
3a6a7bd.29 51cf4681 573285 h ???????? 001 /admin/phpMyAdmin/
3a6a7bd.7b 51cf4681 573285 h ???????? 001 /admin/sysadmin/
3a6a7bd.ae 51cf4681 573285 h ???????? 001 /admin/sysadmin/
3a6a7bd.fe 51cf4681 573285 h ???????? 002 /admin/sqladmin/
3a6a7be.38 51cf4681 573285 h ???????? 002 /admin/sqladmin/
3a6a7be.8c 51cf4681 573285 h ???????? 001 /admin/db/
3a6a7be.c4 51cf4681 573285 h ???????? 001 /admin/db/
3a6a7bf.1c 51cf4681 573285 h ???????? 003 /admin/web/
3a6a7bf.52 51cf4681 573285 h ???????? 001 /admin/web/
3a6a7bf.a5 51cf4681 573285 h ???????? 001 /admin/pMA/
3a6a7bf.dd 51cf4681 573285 h ???????? 001 /admin/pMA/
3a6a7c0.33 51cf4681 573285 h ???????? 002 /mysql/pma/
3a6a7c0.6a 51cf4681 573285 h ???????? 001 /mysql/pma/
3a6a7c0.c1 51cf4681 573285 h ???????? 001 /mysql/db/
3a6a7c0.f8 51cf4681 573285 h ???????? 002 /mysql/db/
3a6a7c1.4f 51cf4681 573285 h ???????? 001 /mysql/web/
3a6a7c1.85 51cf4681 573285 h ???????? 001 /mysql/web/
3a6a7c1.db 51cf4681 573285 h ???????? 001 /mysql/pMA/
3a6a7c2.11 51cf4681 573285 h ???????? 001 /mysql/pMA/
3a6a7c2.66 51cf4681 573285 h ???????? 002 /sql/phpmanager/
3a6a7c2.9f 51cf4681 573285 h ???????? 002 /sql/phpmanager/
3a6a7c2.f6 51cf4681 573285 h ???????? 001 /sql/php-myadmin/
3a6a7c3.2d 51cf4681 573285 h ???????? 002 /sql/php-myadmin/
3a6a7c3.85 51cf4681 573285 h ???????? 001 /sql/phpmy-admin/
3a6a7c3.c0 51cf4681 573285 h ???????? 001 /sql/phpmy-admin/
3a6a7c4.1c 51cf4681 573285 h ???????? 002 /sql/sql/
3a6a7c4.57 51cf4681 573285 h ???????? 002 /sql/sql/
3a6a7c4.aa 51cf4681 573285 h ???????? 002 /sql/myadmin/
3a6a7c4.e4 51cf4681 573285 h ???????? 002 /sql/myadmin/
3a6a7c5.3d 51cf4681 573285 h ???????? 002 /sql/webadmin/
3a6a7c5.73 51cf4681 573285 h ???????? 001 /sql/webadmin/
3a6a7c5.c8 51cf4681 573285 h ???????? 002 /sql/sqlweb/
3a6a7c6.09 51cf4681 573285 h ???????? 002 /sql/sqlweb/
3a6a7c6.5f 51cf4681 573285 h ???????? 002 /sql/websql/
3a6a7c6.93 51cf4681 573285 h ???????? 002 /sql/websql/
3a6a7c6.e9 51cf4681 573285 h ???????? 001 /sql/webdb/
3a6a7c7.20 51cf4681 573285 h ???????? 001 /sql/webdb/
3a6a7c7.73 51cf4681 573285 h ???????? 001 /sql/sqladmin/
3a6a7c7.ae 51cf4681 573285 h ???????? 001 /sql/sqladmin/
3a6a7c8.05 51cf4681 573285 h ???????? 008 /sql/sql-admin/
3a6a7c8.3e 51cf4681 573285 h ???????? 002 /sql/sql-admin/
3a6a7c8.93 51cf4681 573285 h ???????? 002 /sql/phpmyadmin2/
3a6a7c8.cb 51cf4681 573285 h ???????? 001 /sql/phpmyadmin2/
3a6a7c9.24 51cf4681 573285 h ???????? 002 /sql/phpMyAdmin2/
3a6a7c9.5e 51cf4681 573285 h ???????? 002 /sql/phpMyAdmin2/
3a6a7c9.b5 51cf4681 573285 h ???????? 001 /sql/phpMyAdmin/
3a6a7c9.f7 51cf4681 573285 h ???????? 002 /sql/phpMyAdmin/
3a6a7ca.4f 51cf4681 573285 h ???????? 001 /db/myadmin/
3a6a7ca.86 51cf4681 573285 h ???????? 002 /db/myadmin/
3a6a7ca.dd 51cf4681 573285 h ???????? 001 /db/webadmin/
3a6a7cb.17 51cf4681 573285 h ???????? 002 /db/webadmin/
3a6a7cb.6e 51cf4681 573285 h ???????? 002 /db/dbweb/
3a6a7cb.ab 51cf4681 573285 h ???????? 002 /db/dbweb/
3a6a7cc.05 51cf4681 573285 h ???????? 002 /db/websql/
3a6a7cc.46 51cf4681 573285 h ???????? 002 /db/websql/
3a6a7cc.9b 51cf4681 573285 h ???????? 002 /db/webdb/
3a6a7cc.e0 51cf4681 573285 h ???????? 002 /db/webdb/
3a6a7cd.42 51cf4681 573285 h ???????? 002 /db/dbadmin/
3a6a7cd.81 51cf4681 573285 h ???????? 002 /db/dbadmin/
3a6a7cd.d4 51cf4681 573285 h ???????? 002 /db/db-admin/
3a6a7ce.20 51cf4681 573285 h ???????? 002 /db/db-admin/
3a6a7ce.7c 51cf4681 573285 h ???????? 001 /db/phpmyadmin3/
3a6a7ce.b9 51cf4681 573285 h ???????? 002 /db/phpmyadmin3/
3a6a7cf.11 51cf4681 573285 h ???????? 002 /db/phpMyAdmin3/
3a6a7cf.48 51cf4681 573285 h ???????? 002 /db/phpMyAdmin3/
3a6a7cf.9f 51cf4681 573285 h ???????? 009 /db/phpMyAdmin-3/
3a6a7cf.e8 51cf4681 573285 h ???????? 002 /db/phpMyAdmin-3/
3a6a7d0.3e 51cf4681 573285 h ???????? 002 /administrator/phpmyadmin/
3a6a7d0.7d 51cf4681 573285 h ???????? 002 /administrator/phpmyadmin/
3a6a7d0.d5 51cf4681 573285 h ???????? 002 /administrator/phpMyAdmin/
3a6a7d1.18 51cf4681 573285 h ???????? 002 /administrator/phpMyAdmin/
3a6a7d1.6f 51cf4681 573285 h ???????? 002 /administrator/db/
3a6a7d1.a9 51cf4681 573285 h ???????? 002 /administrator/db/
3a6a7d2.08 51cf4681 573285 h ???????? 002 /administrator/web/
3a6a7d2.41 51cf4681 573285 h ???????? 002 /administrator/web/
3a6a7d2.91 51cf4681 573285 h ???????? 002 /administrator/pma/
3a6a7d2.d5 51cf4681 573285 h ???????? 002 /administrator/pma/
3a6a7d3.31 51cf4681 573285 h ???????? 002 /administrator/PMA/
3a6a7d3.6f 51cf4681 573285 h ???????? 002 /administrator/PMA/
3a6a7d3.c4 51cf4681 573285 h ???????? 002 /administrator/admin/
3a6a7d4.01 51cf4681 573285 h ???????? 002 /administrator/admin/
3a6a7d4.59 51cf4681 573285 h ???????? 002 /phpMyAdmin2/
3a6a7d4.96 51cf4681 573285 h ???????? 002 /phpMyAdmin2/
3a6a7d4.ea 51cf4681 573285 h ???????? 002 /phpMyAdmin3/
3a6a7d5.2f 51cf4681 573285 h ???????? 003 /phpMyAdmin3/
3a6a7d5.84 51cf4681 573285 h ???????? 002 /phpMyAdmin4/
3a6a7d5.bc 51cf4681 573285 h ???????? 002 /phpMyAdmin4/
3a6a7d6.12 51cf4681 573285 h ???????? 002 /phpMyAdmin-3/
3a6a7d6.57 51cf4681 573285 h ???????? 002 /phpMyAdmin-3/
3a6a7d6.b0 51cf4681 573285 h ???????? 003 /php-my-admin/
3a6a7d6.f1 51cf4681 573285 h ???????? 002 /php-my-admin/
3a6a7d7.50 51cf4681 573285 h ???????? 002 /PMA2011/
3a6a7d7.8e 51cf4681 573285 h ???????? 002 /PMA2011/
3a6a7d7.ef 51cf4681 573285 h ???????? 003 /PMA2012/
3a6a7d8.31 51cf4681 573285 h ???????? 002 /PMA2012/
3a6a7d8.84 51cf4681 573285 h ???????? 002 /PMA2013/
3a6a7d8.c4 51cf4681 573285 h ???????? 002 /PMA2013/
3a6a7d9.17 51cf4681 573285 h ???????? 002 /PMA2014/
3a6a7d9.56 51cf4681 573285 h ???????? 003 /PMA2014/
3a6a7d9.ad 51cf4681 573285 h ???????? 003 /PMA2015/
3a6a7d9.f0 51cf4681 573285 h ???????? 002 /PMA2015/
3a6a7da.43 51cf4681 573285 h ???????? 002 /PMA2016/
3a6a7da.7c 51cf4681 573285 h ???????? 002 /PMA2016/
3a6a7da.d3 51cf4681 573285 h ???????? 002 /PMA2017/
3a6a7db.0c 51cf4681 573285 h ???????? 002 /PMA2017/
3a6a7db.58 51cf4681 573285 h ???????? 002 /PMA2018/
3a6a7db.90 51cf4681 573285 h ???????? 00a /PMA2018/
3a6a7db.e1 51cf4681 573285 h ???????? 002 /pma2011/
3a6a7dc.27 51cf4681 573285 h ???????? 002 /pma2011/
3a6a7dc.7a 51cf4681 573285 h ???????? 002 /pma2012/
3a6a7dc.b4 51cf4681 573285 h ???????? 002 /pma2012/
3a6a7dd.00 51cf4681 573285 h ???????? 004 /pma2013/
3a6a7dd.43 51cf4681 573285 h ???????? 002 /pma2013/
3a6a7dd.98 51cf4681 573285 h ???????? 002 /pma2014/
3a6a7dd.de 51cf4681 573285 h ???????? 003 /pma2014/
3a6a7de.33 51cf4681 573285 h ???????? 002 /pma2015/
3a6a7de.72 51cf4681 573285 h ???????? 003 /pma2015/
3a6a7de.bb 51cf4681 573285 h ???????? 002 /pma2016/
3a6a7de.ef 51cf4681 573285 h ???????? 002 /pma2016/
3a6a7e0.30 51cf4681 573285 h ???????? 003 /pma2017/
3a6a7e0.5b 51cf4681 573285 h ???????? 002 /pma2017/
3a6a7e0.8f 51cf4681 573285 h ???????? 003 /pma2018/
3a6a7e0.bb 51cf4681 573285 h ???????? 002 /pma2018/
3a6a7e0.f8 51cf4681 573285 h ???????? 003 /phpmyadmin2011/
3a6a7e1.28 51cf4681 573285 h ???????? 003 /phpmyadmin2011/
3a6a7e1.5d 51cf4681 573285 h ???????? 002 /phpmyadmin2012/
3a6a7e1.90 51cf4681 573285 h ???????? 003 /phpmyadmin2012/
3a6a7e1.c7 51cf4681 573285 h ???????? 002 /phpmyadmin2013/
3a6a7e2.09 51cf4681 573285 h ???????? 004 /phpmyadmin2013/
3a6a7e2.46 51cf4681 573285 h ???????? 004 /phpmyadmin2014/
3a6a7e2.72 51cf4681 573285 h ???????? 002 /phpmyadmin2014/
3a6a7e2.a6 51cf4681 573285 h ???????? 003 /phpmyadmin2015/
3a6a7e2.d1 51cf4681 573285 h ???????? 003 /phpmyadmin2015/
3a6a7e3.0b 51cf4681 573285 h ???????? 002 /phpmyadmin2016/
3a6a7e3.36 51cf4681 573285 h ???????? 003 /phpmyadmin2016/
3a6a7e3.6a 51cf4681 573285 h ???????? 002 /phpmyadmin2017/
3a6a7e3.97 51cf4681 573285 h ???????? 003 /phpmyadmin2017/
3a6a7e4.ca 51cf4681 573285 h ???????? 002 /phpmyadmin2018/
3a6a7e4.f9 51cf4681 573285 h ???????? 003 /phpmyadmin2018/
3a6a7e6.2d 51cf4681 573285 h ???????? 002 /phpmanager/
3a6a7e6.5b 51cf4681 573285 h ???????? 003 /phpmanager/
3a6a9ec.9d 4e2e2319 7dfab1 h ???????? 003 //rss.jsp
3a6a9ec.d5 4e2e2319 7dfab1 h ???????? 003 //rss.jsp
3a6ac64.20 284da73a 6a88e8 h ???????? 006 /wiki/LarryPage
3a6ad77.71 42f94f90 043937 h ???????? 005 /wiki/KokzrO3
3a6adf0.ce 42f94f90 043937 s ???????? 005 /wiki/EnzoBiagi
3a6ae15.a2 d8f442c6 2e51d1 h ???????? 003 //robots.txt
3a6b0ca.b7 42f94f92 043937 h ???????? 005 /wiki/RsWipp
3a6b0cb.ad 42f94f90 043937 h ???????? 004 /wiki/RsWipp
3a6b3ae.b6 9d372744 6a88e8 s ???????? 003 /robots.txt
3a6b3af.53 9d372744 6a88e8 s ???????? 002 /robots.txt
3a6b3b5.71 9d3727f1 6a88e8 s ???????? 021 /
3a6b681.a8 05c45716 433e9c s ???????? 003 /robots.txt
3a6b681.e3 a484a29a 433e9c s ???????? 01d /
3a6b7d0.ed 1b942ebc ebd96b h ???????? 020 /
3a6bb42.55 284da73a 6a88e8 h ???????? 005 /wiki/DeWikiPedia
3a6beae.05 8ba27485 976046 s ???????? 020 /
3a6bf39.84 42f94f90 043937 h ???????? 006 /wiki/EOkUth3r
3a6c17c.fd 42f94f94 043937 h ???????? 005 /wiki/RsWipp
3a6c382.b9 cf2e0dc8 6a88e8 s ???????? 003 /robots.txt
3a6c388.45 cf2e0d5c 6a88e8 s ???????? 029 /
3a6c45c.38 b23e4625 72196d h ???????? 003 /robots.txt
3a6c45c.6b b23e4625 72196d h ???????? 020 /
3a6c5dd.0e 2d37db5d 0cf351 h ???????? 004 //robots.txt
3a6cc0b.59 b44c0f21 a04d28 h ???????? 006 /wiki/FutureLab2056
3a6ce4e.4e 480ec755 70a047 h ???????? 00e //rss.rdf
3a6ce9c.d1 42f94f94 043937 h ???????? 01f /
3a6cfb0.d8 42f94f90 043937 s ???????? 005 /wiki/SteveCase
3a6d0fb.f9 42f94f92 043937 h ???????? 005 /wiki/ZrS968oWr
3a6d227.17 d8f442fa 2e51d1 h ???????? 003 /robots.txt
3a6d3db.68 b44c0f05 a04d28 h ???????? 006 /wiki/LockTeam
3a6d859.97 b44c0f96 a04d28 h ???????? 023 /
3a6daa2.d6 5da03c20 1a69b5 h ???????? 020 /
3a6db0b.87 a484a12f 433e9c h ???????? 003 /edit/30196001
3a6dcbb.d9 cf2e0db9 6a88e8 h ???????? 02b /
3a6dd3f.ac b29aab1e e4b041 s ???????? 003 /robots.txt
3a6dd43.62 b29aab1e e4b041 s ???????? 1f58 /math
3a6e1b7.b9 42f94f90 043937 h ???????? 004 /robots.txt
3a6e1b8.19 42f94f94 043937 h ???????? 011 /
3a6e268.d1 cf2e0dc8 6a88e8 h ???????? 001 /robots.txt
3a6e26d.1b 284da753 6a88e8 h ???????? 013 /
3a6e2be.c1 42f94f94 043937 h ???????? 002 /wiki/AnnoDomini2029
3a6e3af.0a cf2e0d7d 6a88e8 h ???????? 003 /wiki/VernorVinge
3a6e3f9.64 42f954d4 002725 h ???????? 001 /favicon.ico
3a6e670.89 42f94f92 043937 h ???????? 003 /wiki/RsWipp
3a6e8d3.47 42f94f5f 043937 h ???????? 014 /
3a6e977.00 bc285186 7dfab1 h ???????? 001 //rss.jsp
3a6e977.28 bc285186 7dfab1 h ???????? 001 //rss.jsp
3a6e984.19 bc285186 7dfab1 h ???????? 001 //rss.jsp
3a6e984.3e bc285186 7dfab1 h ???????? 001 //rss.jsp
3a6eab6.58 42f94f94 043937 h ???????? 003 /wiki/XinQi
3a6eac8.b5 bc285186 7dfab1 h ???????? 001 //rss.jsp
3a6eac8.dc bc285186 7dfab1 h ???????? 001 //rss.jsp
3a6eadf.de bc285186 7dfab1 h ???????? 001 //rss.jsp
3a6eae0.01 bc285186 7dfab1 h ???????? 003 //rss.jsp
3a6eaee.f3 9e457636 fdc79c h ???????? 019 /
3a6ecfc.43 d9b684f0 433e9c h ???????? 002 /wiki/PiratenPrognose
3a6ef23.37 b44c0f9d a04d28 h ???????? 002 /wiki/GlobalWafer
3a6f170.a9 42f94f90 043937 h ???????? 002 /wiki/PirnaischPlatz
3a6f481.d5 42f94f90 043937 h ???????? 002 /wiki/SpuerschtWieIDenk
3a6f54b.e8 5896e4da 6314aa h ???????? 002 //rss.rdf
3a6f568.b6 67d62c0a 6314aa h ???????? 001 //rss.rdf
3a6f884.1b db9b5d57 6c4865 h ???????? 015 /
3a6f88b.0f 7c5a3369 ae88d8 s ???????? 014 /
3a6f9a4.c8 d9b68437 433e9c h ???????? 002 /edit/28466001
3a6f9df.1c 480ec753 70a047 h ???????? 001 //rss.rdf
3a6fa99.ac 9750276e 433e9c h ???????? 001 //robots.txt
3a6fd10.11 42f94f94 043937 h ???????? 003 /wiki/XinLi
3a6fd49.4d cf2e0dcc 6a88e8 h ???????? 001 //robots.txt
3a6fdaf.fb 42f94f92 043937 h ???????? 003 /wiki/GoogleStollen
3a6fdc9.e1 42f94f92 043937 h ???????? 002 /wiki/QiuJI
3a6ff2a.61 57f73e8b 573285 h ???????? 002 /mysql/admin/
3a6ff2a.a6 57f73e8b 573285 h ???????? 001 /mysql/admin/
3a6ff2b.0b 57f73e8b 573285 h ???????? 002 /mysql/dbadmin/
3a6ff2b.51 57f73e8b 573285 h ???????? 002 /mysql/dbadmin/
3a6ff2b.b7 57f73e8b 573285 h ???????? 001 /mysql/sqlmanager/
3a6ff2c.02 57f73e8b 573285 h ???????? 002 /mysql/sqlmanager/
3a6ff2c.67 57f73e8b 573285 h ???????? 002 /mysql/mysqlmanager/
3a6ff2c.a5 57f73e8b 573285 h ???????? 001 /mysql/mysqlmanager/
3a6ff2d.0c 57f73e8b 573285 h ???????? 001 /phpmyadmin/
3a6ff2d.51 57f73e8b 573285 h ???????? 001 /phpmyadmin/
3a6ff2d.af 57f73e8b 573285 h ???????? 002 /phpMyadmin/
3a6ff2d.ee 57f73e8b 573285 h ???????? 002 /phpMyadmin/
3a6ff2e.58 57f73e8b 573285 h ???????? 001 /phpMyAdmin/
3a6ff2e.99 57f73e8b 573285 h ???????? 002 /phpMyAdmin/
3a6ff2f.ff 57f73e8b 573285 h ???????? 002 /phpmyAdmin/
3a6ff30.41 57f73e8b 573285 h ???????? 001 /phpmyAdmin/
3a6ff30.a4 57f73e8b 573285 h ???????? 002 /phpmyadmin2/
3a6ff30.e5 57f73e8b 573285 h ???????? 002 /phpmyadmin2/
3a6ff31.49 57f73e8b 573285 h ???????? 001 /phpmyadmin3/
3a6ff31.8d 57f73e8b 573285 h ???????? 008 /phpmyadmin3/
3a6ff31.f1 57f73e8b 573285 h ???????? 002 /phpmyadmin4/
3a6ff32.33 57f73e8b 573285 h ???????? 001 /phpmyadmin4/
3a6ff33.92 57f73e8b 573285 h ???????? 002 /2phpmyadmin/
3a6ff33.d6 57f73e8b 573285 h ???????? 002 /2phpmyadmin/
3a6ff34.35 57f73e8b 573285 h ???????? 002 /phpmy/
3a6ff34.76 57f73e8b 573285 h ???????? 001 /phpmy/
3a6ff34.d5 57f73e8b 573285 h ???????? 002 /phppma/
3a6ff35.13 57f73e8b 573285 h ???????? 002 /phppma/
3a6ff35.74 57f73e8b 573285 h ???????? 001 /myadmin/
3a6ff35.b2 57f73e8b 573285 h ???????? 001 /myadmin/
3a6ff36.5a a4843451 eb026b s ???????? 003 /bcHead
3a6ff36.0e 57f73e8b 573285 h ???????? 12e /shopdb/
3a6ff36.b8 a4843451 eb026b s ???????? 002 /bcHead
3a6ff36.94 57f73e8b 573285 h ???????? 090 /shopdb/
3a6ff37.14 57f73e8b 573285 h ???????? 002 /MyAdmin/
3a6ff37.57 57f73e8b 573285 h ???????? 001 /MyAdmin/
3a6ff37.b7 57f73e8b 573285 h ???????? 002 /program/
3a6ff37.f6 57f73e8b 573285 h ???????? 001 /program/
3a6ff38.53 57f73e8b 573285 h ???????? 002 /PMA/
3a6ff38.91 57f73e8b 573285 h ???????? 001 /PMA/
3a6ff38.f1 57f73e8b 573285 h ???????? 001 /dbadmin/
3a6ff39.36 57f73e8b 573285 h ???????? 001 /dbadmin/
3a6ff39.8c 57f73e8b 573285 h ???????? 001 /pma/
3a6ff39.c6 57f73e8b 573285 h ???????? 002 /pma/
3a6ff3a.2d 57f73e8b 573285 h ???????? 002 /db/
3a6ff3a.6d 57f73e8b 573285 h ???????? 002 /db/
3a6ff3a.ca 57f73e8b 573285 h ???????? 001 /admin/
3a6ff3b.11 57f73e8b 573285 h ???????? 002 /admin/
3a6ff3b.71 57f73e8b 573285 h ???????? 002 /mysql/
3a6ff3b.ad 57f73e8b 573285 h ???????? 002 /mysql/
3a6ff3c.0d 57f73e8b 573285 h ???????? 002 /database/
3a6ff3c.51 57f73e8b 573285 h ???????? 002 /database/
3a6ff3c.af 57f73e8b 573285 h ???????? 001 /db/phpmyadmin/
3a6ff3c.f2 57f73e8b 573285 h ???????? 001 /db/phpmyadmin/
3a6ff3e.4f 57f73e8b 573285 h ???????? 002 /db/phpMyAdmin/
3a6ff3e.8a 57f73e8b 573285 h ???????? 002 /db/phpMyAdmin/
3a6ff3e.e7 57f73e8b 573285 h ???????? 002 /sqlmanager/
3a6ff3f.21 57f73e8b 573285 h ???????? 001 /sqlmanager/
3a6ff3f.82 57f73e8b 573285 h ???????? 002 /mysqlmanager/
3a6ff3f.c7 57f73e8b 573285 h ???????? 001 /mysqlmanager/
3a6ff40.26 57f73e8b 573285 h ???????? 002 /php-myadmin/
3a6ff40.67 57f73e8b 573285 h ???????? 002 /php-myadmin/
3a6ff40.c3 57f73e8b 573285 h ???????? 002 /phpmy-admin/
3a6ff41.03 57f73e8b 573285 h ???????? 002 /phpmy-admin/
3a6ff41.61 57f73e8b 573285 h ???????? 002 /mysqladmin/
3a6ff41.a4 57f73e8b 573285 h ???????? 002 /mysqladmin/
3a6ff42.07 57f73e8b 573285 h ???????? 002 /mysql-admin/
3a6ff42.44 57f73e8b 573285 h ???????? 002 /mysql-admin/
3a6ff42.a0 57f73e8b 573285 h ???????? 002 /admin/phpmyadmin/
3a6ff42.e2 57f73e8b 573285 h ???????? 002 /admin/phpmyadmin/
3a6ff43.3d 57f73e8b 573285 h ???????? 001 /admin/phpMyAdmin/
3a6ff43.7f 57f73e8b 573285 h ???????? 001 /admin/phpMyAdmin/
3a6ff43.da 57f73e8b 573285 h ???????? 002 /admin/sysadmin/
3a6ff44.1f 57f73e8b 573285 h ???????? 002 /admin/sysadmin/
3a6ff44.7c 57f73e8b 573285 h ???????? 002 /admin/sqladmin/
3a6ff44.bf 57f73e8b 573285 h ???????? 002 /admin/sqladmin/
3a6ff45.22 57f73e8b 573285 h ???????? 002 /admin/db/
3a6ff45.6a 57f73e8b 573285 h ???????? 002 /admin/db/
3a6ff45.c6 57f73e8b 573285 h ???????? 002 /admin/web/
3a6ff46.0c 57f73e8b 573285 h ???????? 002 /admin/web/
3a6ff49.6e 57f73e8b 573285 h ???????? 002 /mysql/pma/
3a6ff49.af 57f73e8b 573285 h ???????? 002 /mysql/pma/
3a6ff4a.0c 57f73e8b 573285 h ???????? 002 /mysql/db/
3a6ff4a.52 57f73e8b 573285 h ???????? 002 /mysql/db/
3a6ff4a.b4 57f73e8b 573285 h ???????? 002 /mysql/web/
3a6ff4a.fd 57f73e8b 573285 h ???????? 002 /mysql/web/
3a6ff4b.5f 57f73e8b 573285 h ???????? 002 /mysql/pMA/
3a6ff4b.a6 57f73e8b 573285 h ???????? 002 /mysql/pMA/
3a6ff4d.07 57f73e8b 573285 h ???????? 00b /sql/phpmanager/
3a6ff4d.50 57f73e8b 573285 h ???????? 002 /sql/phpmanager/
3a6ff4e.b0 57f73e8b 573285 h ???????? 002 /sql/php-myadmin/
3a6ff4e.f6 57f73e8b 573285 h ???????? 002 /sql/php-myadmin/
3a6ff4f.5a 57f73e8b 573285 h ???????? 002 /sql/phpmy-admin/
3a6ff4f.a2 57f73e8b 573285 h ???????? 003 /sql/phpmy-admin/
3a6ff51.0c 57f73e8b 573285 h ???????? 002 /sql/sql/
3a6ff51.4e 57f73e8b 573285 h ???????? 002 /sql/sql/
3a6ff51.b2 57f73e8b 573285 h ???????? 003 /sql/myadmin/
3a6ff51.f4 57f73e8b 573285 h ???????? 003 /sql/myadmin/
3a6ff52.52 57f73e8b 573285 h ???????? 002 /sql/webadmin/
3a6ff52.97 57f73e8b 573285 h ???????? 003 /sql/webadmin/
3a6ff56.f8 57f73e8b 573285 h ???????? 002 /sql/websql/
3a6ff57.40 57f73e8b 573285 h ???????? 002 /sql/websql/
3a6ff57.a5 57f73e8b 573285 h ???????? 003 /sql/webdb/
3a6ff57.e8 57f73e8b 573285 h ???????? 002 /sql/webdb/
3a6ff58.4b 57f73e8b 573285 h ???????? 002 /sql/sqladmin/
3a6ff58.8f 57f73e8b 573285 h ???????? 002 /sql/sqladmin/
3a6ff58.ee 57f73e8b 573285 h ???????? 002 /sql/sql-admin/
3a6ff59.38 57f73e8b 573285 h ???????? 002 /sql/sql-admin/
3a6ff59.9e 57f73e8b 573285 h ???????? 002 /sql/phpmyadmin2/
3a6ff59.e8 57f73e8b 573285 h ???????? 002 /sql/phpmyadmin2/
3a6ff5a.48 57f73e8b 573285 h ???????? 002 /sql/phpMyAdmin2/
3a6ff5a.93 57f73e8b 573285 h ???????? 002 /sql/phpMyAdmin2/
3a6ff5a.f4 57f73e8b 573285 h ???????? 002 /sql/phpMyAdmin/
3a6ff5b.35 57f73e8b 573285 h ???????? 003 /sql/phpMyAdmin/
3a6ff5b.9a 57f73e8b 573285 h ???????? 00b /db/myadmin/
3a6ff5b.e4 57f73e8b 573285 h ???????? 002 /db/myadmin/
3a6ff5c.49 57f73e8b 573285 h ???????? 002 /db/webadmin/
3a6ff5c.8b 57f73e8b 573285 h ???????? 002 /db/webadmin/
3a6ff5d.f3 57f73e8b 573285 h ???????? 002 /db/dbweb/
3a6ff5e.38 57f73e8b 573285 h ???????? 002 /db/dbweb/
3a6ff5e.9b 57f73e8b 573285 h ???????? 002 /db/websql/
3a6ff5e.e2 57f73e8b 573285 h ???????? 002 /db/websql/
3a6ff5f.41 57f73e8b 573285 h ???????? 002 /db/webdb/
3a6ff5f.8a 57f73e8b 573285 h ???????? 002 /db/webdb/
3a6ff5f.e8 57f73e8b 573285 h ???????? 002 /db/dbadmin/
3a6ff60.29 57f73e8b 573285 h ???????? 002 /db/dbadmin/
3a6ff60.88 57f73e8b 573285 h ???????? 002 /db/db-admin/
3a6ff60.d0 57f73e8b 573285 h ???????? 003 /db/db-admin/
3a6ff61.2e 57f73e8b 573285 h ???????? 002 /db/phpmyadmin3/
3a6ff61.75 57f73e8b 573285 h ???????? 002 /db/phpmyadmin3/
3a6ff61.d7 57f73e8b 573285 h ???????? 002 /db/phpMyAdmin3/
3a6ff62.1a 57f73e8b 573285 h ???????? 002 /db/phpMyAdmin3/
3a6ff62.7e 57f73e8b 573285 h ???????? 002 /db/phpMyAdmin-3/
3a6ff62.cc 57f73e8b 573285 h ???????? 002 /db/phpMyAdmin-3/
3a6ff64.31 57f73e8b 573285 h ???????? 002 /administrator/phpmyadmin/
3a6ff64.7a 57f73e8b 573285 h ???????? 002 /administrator/phpmyadmin/
3a6ff64.e0 57f73e8b 573285 h ???????? 003 /administrator/phpMyAdmin/
3a6ff65.27 57f73e8b 573285 h ???????? 002 /administrator/phpMyAdmin/
3a6ff65.8c 57f73e8b 573285 h ???????? 003 /administrator/db/
3a6ff65.d0 57f73e8b 573285 h ???????? 003 /administrator/db/
3a6ff66.2c 57f73e8b 573285 h ???????? 003 /administrator/web/
3a6ff66.72 57f73e8b 573285 h ???????? 002 /administrator/web/
3a6ff66.d7 57f73e8b 573285 h ???????? 003 /administrator/pma/
3a6ff67.21 57f73e8b 573285 h ???????? 003 /administrator/pma/
3a6ff67.86 57f73e8b 573285 h ???????? 00d /administrator/PMA/
3a6ff67.d2 57f73e8b 573285 h ???????? 002 /administrator/PMA/
3a6ff68.35 57f73e8b 573285 h ???????? 002 /administrator/admin/
3a6ff68.7b 57f73e8b 573285 h ???????? 003 /administrator/admin/
3a6ff68.e4 57f73e8b 573285 h ???????? 003 /phpMyAdmin2/
3a6ff69.31 57f73e8b 573285 h ???????? 002 /phpMyAdmin2/
3a6ff69.93 57f73e8b 573285 h ???????? 003 /phpMyAdmin3/
3a6ff69.da 57f73e8b 573285 h ???????? 003 /phpMyAdmin3/
3a6ff6a.43 57f73e8b 573285 h ???????? 003 /phpMyAdmin4/
3a6ff6a.90 57f73e8b 573285 h ???????? 003 /phpMyAdmin4/
3a6ff6a.f4 57f73e8b 573285 h ???????? 003 /phpMyAdmin-3/
3a6ff6b.3d 57f73e8b 573285 h ???????? 003 /phpMyAdmin-3/
3a6ff6b.a6 57f73e8b 573285 h ???????? 003 /php-my-admin/
3a6ff6b.f2 57f73e8b 573285 h ???????? 002 /php-my-admin/
3a6ff6c.57 57f73e8b 573285 h ???????? 003 /PMA2011/
3a6ff6c.a4 57f73e8b 573285 h ???????? 002 /PMA2011/
3a6ff6d.10 57f73e8b 573285 h ???????? 002 /PMA2012/
3a6ff6d.5c 57f73e8b 573285 h ???????? 003 /PMA2012/
3a6ff6d.c0 57f73e8b 573285 h ???????? 002 /PMA2013/
3a6ff6e.0d 57f73e8b 573285 h ???????? 003 /PMA2013/
3a6ff6e.73 57f73e8b 573285 h ???????? 003 /PMA2014/
3a6ff6e.b8 57f73e8b 573285 h ???????? 002 /PMA2014/
3a6ff6f.19 57f73e8b 573285 h ???????? 003 /PMA2015/
3a6ff6f.70 57f73e8b 573285 h ???????? 003 /PMA2015/
3a6ff6f.d7 57f73e8b 573285 h ???????? 003 /PMA2016/
3a6ff70.1c 57f73e8b 573285 h ???????? 003 /PMA2016/
3a6ff71.81 57f73e8b 573285 h ???????? 00d /PMA2017/
3a6ff71.cf 57f73e8b 573285 h ???????? 003 /PMA2017/
3a6ff72.36 57f73e8b 573285 h ???????? 003 /PMA2018/
3a6ff72.82 57f73e8b 573285 h ???????? 003 /PMA2018/
3a6ff72.f0 57f73e8b 573285 h ???????? 003 /pma2011/
3a6ff73.88 57f73e8b 573285 h ???????? 003 /pma2011/
3a6ff73.e9 57f73e8b 573285 h ???????? 002 /pma2012/
3a6ff74.2e 57f73e8b 573285 h ???????? 003 /pma2012/
3a6ff74.8c 57f73e8b 573285 h ???????? 002 /pma2013/
3a6ff74.cd 57f73e8b 573285 h ???????? 003 /pma2013/
3a6ff75.2d 57f73e8b 573285 h ???????? 002 /pma2014/
3a6ff75.6f 57f73e8b 573285 h ???????? 003 /pma2014/
3a6ff75.cf 57f73e8b 573285 h ???????? 002 /pma2015/
3a6ff76.16 57f73e8b 573285 h ???????? 002 /pma2015/
3a6ff76.7a 57f73e8b 573285 h ???????? 002 /pma2016/
3a6ff76.c0 57f73e8b 573285 h ???????? 002 /pma2016/
3a6ff77.1b 57f73e8b 573285 h ???????? 002 /pma2017/
3a6ff77.5e 57f73e8b 573285 h ???????? 002 /pma2017/
3a6ff77.b7 57f73e8b 573285 h ???????? 002 /pma2018/
3a6ff77.fb 57f73e8b 573285 h ???????? 00b /pma2018/
3a6ff79.65 57f73e8b 573285 h ???????? 002 /phpmyadmin2011/
3a6ff79.ab 57f73e8b 573285 h ???????? 002 /phpmyadmin2011/
3a6ff7a.0e 57f73e8b 573285 h ???????? 002 /phpmyadmin2012/
3a6ff7a.58 57f73e8b 573285 h ???????? 003 /phpmyadmin2012/
3a6ff7a.b3 57f73e8b 573285 h ???????? 002 /phpmyadmin2013/
3a6ff7a.f9 57f73e8b 573285 h ???????? 002 /phpmyadmin2013/
3a6ff7b.56 57f73e8b 573285 h ???????? 002 /phpmyadmin2014/
3a6ff7b.a0 57f73e8b 573285 h ???????? 002 /phpmyadmin2014/
3a6ff7d.04 57f73e8b 573285 h ???????? 002 /phpmyadmin2015/
3a6ff7d.4a 57f73e8b 573285 h ???????? 002 /phpmyadmin2015/
3a6ff7d.a5 57f73e8b 573285 h ???????? 004 /phpmyadmin2016/
3a6ff7d.f0 57f73e8b 573285 h ???????? 003 /phpmyadmin2016/
3a6ff7e.4f 57f73e8b 573285 h ???????? 002 /phpmyadmin2017/
3a6ff7e.91 57f73e8b 573285 h ???????? 002 /phpmyadmin2017/
3a6ff7e.ed 57f73e8b 573285 h ???????? 002 /phpmyadmin2018/
3a6ff7f.36 57f73e8b 573285 h ???????? 002 /phpmyadmin2018/
3a6ff80.92 57f73e8b 573285 h ???????? 002 /phpmanager/
3a6ff80.d6 57f73e8b 573285 h ???????? 002 /phpmanager/
3a6ff8d.9c 42f94f92 043937 h ???????? 004 /wiki/PeterFox2
3a6ff91.89 42f94f90 043937 h ???????? 003 /wiki/RameshJain
