3be02f6.fc 25c9c30e eaf401 h ???????? 02a /
3be03b0.b0 42f9421b 043937 s ???????? 005 /wiki/LogIn
3be0486.c3 42f94217 043937 h ???????? 003 /hear/a20664ead951d7cc6b4ea22c9e5042c8
3be0616.2d bc282844 e2e0c5 h ???????? 003 /robots.txt
3be0616.b5 bc282844 e2e0c5 h ???????? 01e /
3be0617.5a bc282844 e2e0c5 h ???????? 01d /
3be0746.03 44b4e71a aec21f s ???????? 005 /robots.txt
3be0747.71 44b4e71a aec21f s ???????? 05a /ls
3be0e93.e0 44b4e71a aec21f h ???????? 005 /wiki/KaPa
3be0fcf.a7 22e637a6 a86ffb h ???????? 021 /
3be1649.dd 42f94217 043937 h ???????? 021 /hear/1965363e332fd06544e9a06885b2a5db
3be1bd5.62 42f95c18 70a047 h ???????? 004 //rss.rdf
3be258a.31 42f9421c 043937 s ???????? 005 /wiki/$1
3be2626.54 a484a29c 433e9c h ???????? 005 /wiki/WahnBach
3be26fa.b0 a484a130 433e9c h ???????? 020 /edit/17596002
3be280c.d3 42f94217 043937 h ???????? 003 /hear/8e8b9af4b8322afab79740233dda5d81
3be283c.22 adfc54c5 4ca585 h ???????? 003 /WikiWall
3be2a5b.a2 b44c0f88 a04d28 h ???????? 005 /wiki/GeekIq
3be2b52.a5 33ff415d 433e9c h ???????? 003 /edit/28216001
3be2b99.01 a484a4b4 433e9c h ???????? 005 /edit/28986001
3be2cb0.27 a484a108 433e9c h ???????? 003 /edit/986001
3be2e3a.70 284da779 6a88e8 h ???????? 020 /
3be2e7a.2f 42f9516a 002725 h ???????? 004 /favicon.ico
3be2ecf.86 42f954eb 002725 h ???????? 003 /favicon.ico
3be360f.a9 d9b68493 433e9c h ???????? 004 /edit/26446005
3be38ad.c3 6a4b6add 2e46fb s ???????? 020 /
3be39d0.0b 42f94218 043937 h ???????? 006 /wiki/DoTheSimplestThingThatCouldPossiblyWork
3be3a15.7e 42f94218 043937 h ???????? 005 /wiki/TwentyFirstCentury
3be3a38.60 d8f442fa 2e51d1 h ???????? 00d //robots.txt
3be3d80.77 42f95c18 70a047 h ???????? 004 //rss.rdf
3be4402.c5 44b4e71a aec21f h ???????? 005 /wiki/DaPo
3be469a.44 9d37273d 6a88e8 s ???????? 020 /
3be4730.71 42f94218 043937 h ???????? 005 /wiki/EnErgie
3be4b92.da 42f94216 043937 h ???????? 005 /wiki/[http://www.earlham.edu/~peters/]
3be5182.01 b44c0f0d a04d28 h ???????? 003 /t
3be5189.5d a484a10a 433e9c h ???????? 003 /edit/24286001
3be5671.97 9d3727f6 6a88e8 s ???????? 021 /
3be59f7.ea 42f95c18 70a047 h ???????? 005 //rss.rdf
3be5a43.61 88f3438b 19eaf2 h ???????? 024 /
3be5a43.fd 88f3438b afa503 h ???????? 035 /
3be5d55.d4 42f94218 043937 h ???????? 006 /wiki/%3Ca%20class=%22blue%22%20href=%22/wiki/TheSingularity%22%3ETheSingularity%3C/a%3E
3be5f24.d8 05275551 e3b0c4 h ???????? 004 /robots.txt
3be5f27.17 05275551 f22684 h ???????? 022 /
3be6038.c9 22cf8992 a86ffb h ???????? 02c /
3be6121.f9 b44c0fa0 a04d28 h ???????? 006 /wiki/AiGore
3be68cf.12 05c45716 433e9c h ???????? 003 /robots.txt
3be68cf.4c 33ff414c 433e9c h ???????? 001 /edit/26126001
3be6cec.b8 2e6964b7 e3b0c4 h ???????? 003 /robots.txt
3be6cf4.63 2e6964b7 9e065f h ???????? 012 /
3be6ec2.64 b44c0f1f a04d28 s ???????? 465 /memo
3be6f18.b4 42f94216 043937 h ???????? 003 /wiki/AyOExvu
3be76d7.ca ab19c114 fee6c8 h ???????? 013 /
3be76e2.42 97501f96 433e9c h ???????? 001 /robots.txt
3be76e2.71 97501f97 433e9c h ???????? 016 /
3be7d7f.bc 42f95c18 70a047 h ???????? 003 //rss.rdf
3be7e83.36 33ff4140 433e9c h ???????? 001 /edit/30896004
3be80db.c1 42f94216 043937 h ???????? 003 /wiki/[http://www.maggi.de/Rezepte/unternehmen/produkte/alleprodukte/default.htm
3be8b8d.9f 68df7b62 fee6c8 h ???????? 03e /index.php
3be92ab.79 42f94218 043937 h ???????? 003 /wiki/[http://en.wikipedia.org/wiki/Intertel_(group)]
3be92fa.09 bc285186 7dfab1 h ???????? 001 //rss.jsp
3be92fa.30 bc285186 7dfab1 h ???????? 005 //rss.jsp
3be9306.f3 bc285186 7dfab1 h ???????? 004 //rss.jsp
3be9307.16 bc285186 7dfab1 h ???????? 006 //rss.jsp
3be936e.9c d9b68436 433e9c h ???????? 001 /edit/27596001
3be9403.3f bc285186 7dfab1 h ???????? 002 //rss.jsp
3be9403.63 bc285186 7dfab1 h ???????? 001 //rss.jsp
3be9411.64 bc285186 7dfab1 h ???????? 002 //rss.jsp
3be9411.8a bc285186 7dfab1 h ???????? 002 //rss.jsp
3be9ad6.b5 42f95c16 70a047 h ???????? 002 //rss.rdf
3be9c62.11 9a109523 fee6c8 h ???????? 001 //index.php
3be9dbf.c9 a484a103 433e9c h ???????? 002 /edit/22446004
3bea462.50 42f9421d 043937 s ???????? 044 /hls
3bea550.b2 a484a10a 433e9c h ???????? 003 /wiki/RainerWasserfuhr
3bea650.0c a434008d 7a122d h ???????? 015 /
3beac7c.6c 68c63966 95ca67 h ???????? 014 /
3beac7c.e9 68c63966 95ca67 h ???????? 002 /favicon.ico
3beae3e.81 36a13658 2baa92 h ???????? 014 /
3beb2ce.aa 42f94217 043937 h ???????? 002 /robots.txt
3beb317.b4 42f94218 043937 h ???????? 002 /PageInfo.jsp
3beb624.b8 42f94217 043937 h ???????? 002 /wiki/MadBag
3beb6c1.9d 33ff412b 433e9c h ???????? 001 /edit/23706001
3beb748.dd 42f95c16 70a047 h ???????? 001 //rss.rdf
3beb7f8.3f a4340783 7a122d s ???????? 014 /
3beb990.06 a3ac6589 636043 h ???????? 014 /
3bec133.21 b44c0f12 a04d28 h ???????? 016 /
3bec7e7.ba 42f94217 043937 h ???????? 003 /wiki/ErFahr
3becd18.60 33ff4130 433e9c h ???????? 003 /wiki/BeatriceBaranov
3bed2b0.9c 44b4e71a aec21f s ???????? 001 /robots.txt
3bed349.f1 42f9421b 043937 s ???????? 001 /robots.txt
3bed34a.7c 42f9421d 043937 s ???????? 003 /wiki/KommUnion
3bed474.b8 42f9421c 043937 s ???????? 002 /wiki/TheUniverseWakingUp
3bed475.93 42f9421c 043937 s ???????? 002 /wiki/WeltFormel
3bed476.70 42f9421d 043937 s ???????? 003 /wiki/HasKnistered
3bed477.88 42f9421b 043937 s ???????? 002 /wiki/ShookHandsWith
3bed477.c0 42f9421d 043937 s ???????? 003 /wiki/PierreTeilhardDeChardin
3bed47c.40 42f9421c 043937 s ???????? 003 /wiki/HasHugged
3bed4d4.98 42f94218 043937 h ???????? 003 /wiki/KommUnion
3bed58f.b3 42f9421b 043937 s ???????? 004 /wiki/TerraMind
3bed5a7.c8 42f9421d 043937 s ???????? 002 /wiki/FriedrichStrasse
3bed5a8.06 42f9421d 043937 s ???????? 003 /wiki/WakingUp
3bed5a8.95 42f9421b 043937 s ???????? 003 /wiki/BitPoint
3bed5a9.08 42f9421d 043937 s ???????? 002 /wiki/SanMateo
3bed5ab.11 42f9421d 043937 s ???????? 004 /wiki/StadtWien
3bed5ad.02 42f9421b 043937 s ???????? 003 /wiki/StadtMuenchen
3bed5bd.3e 42f94216 043937 h ???????? 002 /wiki/LiebesRinge
3bed5e3.e1 42f94217 043937 h ???????? 003 /wiki/TheUniverseWakingUp
3bed5ff.24 42f94216 043937 h ???????? 003 /wiki/HasHugged
3bed632.76 42f94216 043937 h ???????? 003 /wiki/WeltFormel
3bed649.4d 42f95c17 70a047 h ???????? 002 //rss.rdf
3bed667.33 42f94217 043937 h ???????? 003 /wiki/HasKnistered
3bed6a3.bf 42f94218 043937 h ???????? 004 /wiki/ShookHandsWith
3bed6b6.f0 42f9421b 043937 s ???????? 003 /wiki/AisThesis
3bed6bb.15 42f9421b 043937 s ???????? 003 /wiki/AsCii
3bed6cf.44 42f9421c 043937 s ???????? 003 /wiki/SchlossSchoenbrunn
3bed6d1.7d 42f9421d 043937 s ???????? 003 /wiki/NordPol
3bed6e6.5c 42f9421c 043937 s ???????? 003 /wiki/EcEf
3bed709.c1 42f9421b 043937 s ???????? 003 /wiki/MashUp
3bed712.98 42f9421c 043937 s ???????? 003 /wiki/IqProQm
3bed720.b6 42f9421b 043937 s ???????? 003 /wiki/HofBurg
3bed72e.34 42f9421b 043937 s ???????? 002 /wiki/BitForce
3bed73b.c7 42f9421b 043937 s ???????? 003 /wiki/TomStonier
3bed749.58 42f9421b 043937 s ???????? 004 /wiki/HeldenPlatz
3bed756.e8 42f9421c 043937 s ???????? 003 /wiki/OesterReich
3bed764.a1 42f94216 043937 h ???????? 003 /wiki/GrueterichEins
3bed772.13 42f94216 043937 h ???????? 003 /wiki/AsCii
3bed77f.d3 42f94217 043937 h ???????? 003 /wiki/BitPoint
3bed78d.5f 42f94217 043937 h ???????? 003 /wiki/SanMateo
3bed79b.0f 42f94216 043937 h ???????? 003 /wiki/WakingUp
3bed7a8.cf 42f94216 043937 h ???????? 003 /wiki/StadtWien
3bed7b6.a5 42f94216 043937 h ???????? 003 /wiki/TerraMind
3bed7c4.b2 42f94217 043937 h ???????? 003 /wiki/AisThesis
3bed7d3.37 42f94216 043937 h ???????? 004 /wiki/StadtMuenchen
3bed7e3.c5 42f94216 043937 h ???????? 004 /wiki/PierreTeilhardDeChardin
3bed7f4.b5 42f9421b 043937 s ???????? 003 /wiki/VisitorAttraction
3bed7f7.29 42f9421b 043937 s ???????? 00a /wiki/PartOt
3bed7f7.97 42f9421b 043937 s ???????? 003 /wiki/FormalistManifesto
3bed7f8.67 42f9421b 043937 s ???????? 003 /wiki/RegelWerk
3bed818.56 42f9421b 043937 s ???????? 003 /wiki/MindForce
3bed83a.bb 42f9421b 043937 s ???????? 003 /wiki/InnerStadt
3bed846.94 42f9421c 043937 s ???????? 003 /wiki/HeinzFischer
3bed84e.ec 42f94216 043937 h ???????? 003 /wiki/JuergenRuettgers
3bed857.c2 42f94216 043937 h ???????? 006 /wiki/LockOfficeBerlin
3bed860.6f 42f94216 043937 h ???????? 003 /wiki/DresdenFutureGroupOne
3bed869.87 42f94216 043937 h ???????? 003 /wiki/EcEf
3bed873.37 42f94218 043937 h ???????? 003 /wiki/MashUp
3bed87e.fe 42f94216 043937 h ???????? 003 /wiki/IqProQm
3bed893.1f 42f94216 043937 h ???????? 002 /wiki/HofBurg
3bed8a6.16 42f94216 043937 h ???????? 003 /wiki/NordPol
3bed8b9.54 42f94218 043937 h ???????? 003 /wiki/BitForce
3bed8cc.d4 42f94217 043937 h ???????? 004 /wiki/TomStonier
3bed8e0.45 42f94216 043937 h ???????? 004 /wiki/HeldenPlatz
3bed8f4.b7 42f94217 043937 h ???????? 004 /wiki/FriedrichStrasse
3bed90b.d2 42f94216 043937 h ???????? 004 /wiki/SchlossSchoenbrunn
3bed92e.70 42f9421d 043937 s ???????? 003 /wiki/BlogPost
3bed931.5f 42f9421c 043937 s ???????? 004 /wiki/NeoFeudal
3bed935.4b 42f9421c 043937 s ???????? 003 /wiki/CuYa
3bed948.76 42f94216 043937 h ???????? 005 /wiki/OesterReich
3bed980.7e 42f94217 043937 h ???????? 004 /wiki/RamonaKurzweil
3bed981.cb 42f94216 043937 h ???????? 004 /wiki/TrattoriaLaPiazzetta
3bed98e.7a 42f94217 043937 h ???????? 003 /wiki/DeObdd
3bed9aa.9b 42f94216 043937 h ???????? 006 /wiki/ZuKunst
3beda22.bd 42f94218 043937 h ???????? 004 /wiki/BrainCopy
3beda4e.25 42f9421d 043937 s ???????? 004 /wiki/CurtisYarvin
3beda4f.9a 42f9421c 043937 s ???????? 003 /wiki/ReStauration
3beda53.46 42f9421c 043937 s ???????? 004 /wiki/PostNeoFeudal
3beda6f.d5 42f94216 043937 h ???????? 008 /wiki/TerryGrossman
3beda81.59 42f94216 043937 h ???????? 003 /wiki/CuYa
3beda8b.d8 42f94218 043937 h ???????? 004 /wiki/MustSee
3beda94.03 42f94216 043937 h ???????? 006 /wiki/ProGress
3beda9c.81 42f94216 043937 h ???????? 005 /wiki/JFIXKcJK
3bedaac.bc 42f94216 043937 h ???????? 004 /wiki/IglOTxmJb
3bedabd.37 42f94216 043937 h ???????? 003 /wiki/MikeTreder
3bedacd.cb 42f94217 043937 h ???????? 003 /wiki/DieAnotherDay
3bedade.35 42f94216 043937 h ???????? 004 /wiki/PartOt
3bedaee.c7 42f94216 043937 h ???????? 004 /wiki/BlogPost
3bedaff.51 42f94216 043937 h ???????? 003 /wiki/RegelWerk
3bedb0f.f6 42f94217 043937 h ???????? 004 /wiki/NeoFeudal
3bedb20.9f 42f94217 043937 h ???????? 004 /wiki/MindForce
3bedb31.68 42f94216 043937 h ???????? 003 /wiki/InnerStadt
3bedb42.89 42f94218 043937 h ???????? 004 /wiki/HeinzFischer
3bedb54.06 42f94217 043937 h ???????? 004 /wiki/VisitorAttraction
3bedb64.4c 42f9421b 043937 s ???????? 006 /wiki/MenciusMoldbug
3bedb6a.3e 42f94216 043937 h ???????? 004 /wiki/FormalistManifesto
3bedb83.ee 42f9421b 043937 s ???????? 004 /wiki/NeoReaction
3bedbc0.07 42f94216 043937 h ???????? 004 /wiki/PostNeoFeudal
3bedbd8.ef 42f94216 043937 h ???????? 004 /wiki/PierceBrosnan
3bedbf9.49 42f94216 043937 h ???????? 003 /wiki/CurtisYarvin
3bedc29.75 42f94216 043937 h ???????? 008 /wiki/ReStauration
3bedc82.f0 42f94216 043937 h ???????? 004 /wiki/MenciusMoldbug
3bedcbd.4c 33ff4116 433e9c h ???????? 004 /wiki/LockSchuppen
3bedce2.6e 42f94218 043937 h ???????? 004 /wiki/NeoReaction
3bedff2.0b d9b68437 433e9c h ???????? 004 /wiki/LibbThims
3bee044.35 59900c0f 636043 h ???????? 01c /
3bee139.bd 5896e4da e28161 h ???????? 003 //rss.rdf
3bee1db.d8 42f94217 043937 h ???????? 004 /wiki/BananaWare
3bee331.fe bfb53433 32c7bf h ???????? 002 /cgi/common.cgi
3bee334.ea bfb53433 32c7bf h ???????? 002 /stssys.htm
3bee337.ec bfb53433 32c7bf h ???????? 025 /
3bee33b.ab bfb53433 32c7bf h ???????? 003 /command.php
3bee49f.f9 a484a12e 433e9c h ???????? 003 /edit/28516001
3bee72c.35 d8f442fa 2e51d1 h ???????? 00b //robots.txt
3bee8fa.7a 44b4e46c aec21f h ???????? 003 /robots.txt
3bee908.05 44b4e71a aec21f h ???????? 002 /robots.txt
3bee908.d3 44b4e71a aec21f h ???????? 003 /wiki/LockSchuppenBusinessPlan
3beeb6e.0f 42f94216 043937 h ???????? 003 /feel/
3beebe4.93 42f9421d 043937 s ???????? 005 /wiki/DasNetz
3beec83.b4 9d372796 6a88e8 s ???????? 002 /robots.txt
3beee5a.87 9b5e583a 66e770 h ???????? 01b /
3beef25.c2 33ff415d 433e9c h ???????? 002 /edit/29976001
3beef62.bd b44c0f08 a04d28 h ???????? 01c /
3bef12a.9c 7b7d43da 7bc0a6 h ???????? 003 /robots.txt
3bef182.7d 7b7d43e2 7bc0a6 h ???????? 01e /
3bef242.c7 9d3727f6 6a88e8 s ???????? 01e /
3bef288.2b a2d2c482 028fc4 h ???????? 003 /robots.txt
3bef28a.08 a2d2c482 028fc4 h ???????? 01c /
3bef28f.30 42f95c16 70a047 h ???????? 003 //rss.rdf
3bef298.7f 7b7d43e4 7bc0a6 h ???????? 025 /
3bef98b.cb 4dde62de 13603e h ???????? 003 //index.php
3befa7b.20 43152402 ef60d6 s ???????? 030 /
3befd30.e3 42f94217 043937 h ???????? 003 /alive/
3befe30.cb 5da03c20 1a69b5 h ???????? 020 /
