3bb049f.cf 9d372730 6a88e8 h ???????? 003 //robots.txt
3bb051a.1e bc644377 aa645a h ???????? 026 /
3bb0649.24 4d4b4ca9 6a9392 h ???????? 003 /robots.txt
3bb064d.68 4d4b4ca9 6a9392 h ???????? 023 /1
3bb06b5.f5 42f94217 043937 h ???????? 004 /robots.txt
3bb06b5.f6 42f94217 043937 h ???????? 003 /hear/e04aeb017b173b5b42b3d06b5e6fae80
3bb0944.ec 42f95c18 70a047 h ???????? 003 //rss.rdf
3bb0d0b.34 b44c0f89 a04d28 h ???????? 009 /wiki/SobTla
3bb1079.c1 a2d2c462 028fc4 h ???????? 003 //robots.txt
3bb107f.ba a2d2c462 028fc4 h ???????? 01f /
3bb1878.dc 42f94218 043937 h ???????? 003 /hear/cfc024b02169b66ccd7d26093e75bcf0
3bb1b90.ad 284da769 6a88e8 h ???????? 385 /memo
3bb1d30.a0 42f9421b 043937 s ???????? 003 /edit/32845001
3bb1d87.4f 2d371393 ef60d6 s ???????? 01e /
3bb2193.a3 4d4b4ea4 6a9392 s ???????? 003 /robots.txt
3bb2194.c9 4d4b4ea4 6a9392 s ???????? 004 /wiki/EtAl
3bb2195.b5 4d4b4ea4 6a9392 h ???????? 002 /robots.txt
3bb2196.3c 4d4b4ea4 6a9392 h ???????? 008 /wiki/EtAl
3bb25fe.de 2d371246 ef60d6 s ???????? 01e /
3bb2645.59 42f95c16 70a047 h ???????? 003 //rss.rdf
3bb2674.f4 68832698 0cf351 h ???????? 003 /robots.txt
3bb28c1.d6 7a605db5 53f294 h ???????? 003 //favicon.ico
3bb2a3b.c9 42f94217 043937 h ???????? 005 /wiki/AiGame
3bb2b66.66 36d3f78e a86ffb h ???????? 028 /
3bb2d4f.23 c73a56d3 028fc4 h ???????? 003 /robots.txt
3bb2d52.34 c73a56d3 028fc4 h ???????? 026 /
3bb2daf.b5 33ff4765 433e9c h ???????? 003 /edit/22586001
3bb319d.01 284da769 6a88e8 s ???????? 027 /
3bb37a4.14 a484a11f 433e9c h ???????? 003 /edit/23226001
3bb3a74.9b d8f442e5 2e51d1 h ???????? 003 /robots.txt
3bb3aab.fb 4a7d4c20 55c2cd h ???????? 003 //rss.rdf
3bb3bac.5c 44b4e71a aec21f s ???????? 003 /robots.txt
3bb3bad.53 44b4e71a aec21f s ???????? 053 /hls
3bb3bf5.13 d8f442e5 2e51d1 h ???????? 005 /wiki/RainerWasserfuhr
3bb3bfe.d1 42f94216 043937 h ???????? 004 /wiki/LysannB
3bb3c83.1e 5bc80c07 d13de7 h ???????? 004 /wiki/RainerWasserfuhr
3bb3eb7.09 bc286647 7dfab1 h ???????? 002 //rss.jsp
3bb3eb7.2e bc286647 7dfab1 h ???????? 001 //rss.jsp
3bb3ef0.8b 42f9421d 043937 s ???????? 001 /edit/64305004
3bb3ef2.74 5bc80c07 1b5057 h ???????? 003 /wiki/RainerWasserfuhr
3bb44a1.d0 42f9421b 043937 s ???????? 003 /wiki/AnSatz
3bb4508.6b 42f94216 043937 h ???????? 002 /wiki/AnSatz
3bb4696.c4 42f95c18 70a047 h ???????? 002 //rss.rdf
3bb4b39.60 33ff4771 433e9c h ???????? 001 /edit/23716001
3bb4cbb.c4 cf2e0d46 6a88e8 h ???????? 001 /robots.txt
3bb4dc1.e6 42f94218 043937 h ???????? 002 /wiki/AufGabe
3bb4ebd.b1 44b4e71a aec21f s ???????? 002 /touch
3bb52cd.ac 42f9421c 043937 s ???????? 003 /wiki/LackmusTest
3bb5456.e1 cf2e0d65 6a88e8 h ???????? 02b /
3bb550d.3d a484a125 433e9c h ???????? 002 /edit/30396001
3bb56b1.90 9fcb4be7 6c7e2d h ???????? 013 /
3bb56bf.78 9fcb4be7 4dcc2e h ???????? 001 /robots.txt
3bb56ca.17 9fcb4be7 e7cc9f s ???????? 098 /hls
3bb56ca.29 9fcb4be7 64f341 s ???????? 0ad /ls
3bb56ca.77 a4843451 eb026b s ???????? 001 /bcHead
3bb56ca.27 9fcb4be7 b80f03 s ???????? 13e /sh
3bb56cf.43 9fcb4be7 22aac5 s ???????? 001 /AtJs
3bb5994.41 42f9421c 043937 s ???????? 013 /
3bb5c79.3e 42f94216 043937 h ???????? 003 /wiki/YuccaThree
3bb5c7b.b9 42f94216 043937 h ???????? 003 /wiki/VerLust
3bb5c8f.ac 42f94216 043937 h ???????? 003 /wiki/PerCeive
3bb5c95.dc 42f94216 043937 h ???????? 002 /wiki/ViAf
3bb5c9b.19 42f94216 043937 h ???????? 002 /wiki/RwTh
3bb5c9f.88 42f94216 043937 h ???????? 002 /wiki/AlGore
3bb5ca4.21 42f94218 043937 h ???????? 003 /wiki/KitEdu
3bb5ca8.8f 42f94216 043937 h ???????? 003 /wiki/IchAtme
3bb5cad.12 42f94216 043937 h ???????? 002 /wiki/JohnAbbe
3bb5cb1.97 42f94216 043937 h ???????? 003 /wiki/YuccaTwo
3bb5cb6.13 42f94216 043937 h ???????? 002 /wiki/DieLinke
3bb5cba.9a 42f94216 043937 h ???????? 002 /wiki/TransForm
3bb5cbf.35 42f94216 043937 h ???????? 002 /wiki/LinkeWiki
3bb5cc3.98 42f94216 043937 h ???????? 002 /wiki/MarketGap
3bb5cc8.23 42f94216 043937 h ???????? 002 /wiki/FutureLab
3bb5ccc.9d 42f94216 043937 h ???????? 002 /wiki/PhilJones
3bb5cd1.20 42f94216 043937 h ???????? 002 /wiki/TantekWiki
3bb5cd5.a3 42f94216 043937 h ???????? 003 /wiki/KoenigsUfer
3bb5cda.22 42f94216 043937 h ???????? 003 /wiki/MichaelGlos
3bb5cde.ca 42f94217 043937 h ???????? 005 /wiki/FutureTrick
3bb5ce3.22 42f94216 043937 h ???????? 003 /wiki/BackTracking
3bb5ce7.a9 42f94216 043937 h ???????? 003 /wiki/HubertusHeil
3bb5cec.31 42f94216 043937 h ???????? 002 /wiki/EdmundHusserl
3bb5cf0.ad 42f94216 043937 h ???????? 002 /wiki/ParteiZwoNull
3bb5cf5.39 42f94216 043937 h ???????? 003 /wiki/MgmGrandOrion
3bb5cf9.ba 42f94216 043937 h ???????? 003 /wiki/AshtonKutcher
3bb5cfe.3e 42f94216 043937 h ???????? 003 /wiki/JenniferSertl
3bb5d02.c0 42f94216 043937 h ???????? 002 /wiki/ThomasRichter
3bb5d07.41 42f94216 043937 h ???????? 002 /wiki/CharlesPeralo
3bb5d0b.c6 42f94216 043937 h ???????? 003 /wiki/JamesParkinson
3bb5d10.44 42f94216 043937 h ???????? 003 /wiki/PhaetonBallett
3bb5d14.c7 42f94216 043937 h ???????? 002 /wiki/DavidHawthorne
3bb5d19.51 42f94216 043937 h ???????? 002 /wiki/AnnalieKillian
3bb5d1d.d8 42f94216 043937 h ???????? 002 /wiki/GottfriedSemper
3bb5d22.57 42f94216 043937 h ???????? 003 /wiki/JensSeipenbusch
3bb5d26.e1 42f94216 043937 h ???????? 003 /wiki/KunstGeschichte
3bb5d2b.6a 42f94216 043937 h ???????? 003 /wiki/DolphinDynamicPlus
3bb5d2f.f1 42f94216 043937 h ???????? 003 /wiki/MilleTellerMachine
3bb5d34.82 42f94216 043937 h ???????? 003 /wiki/DresdenFutureForum
3bb5d39.1b 42f94216 043937 h ???????? 003 /wiki/EisenbergerStrasse
3bb5d3d.aa 42f94216 043937 h ???????? 002 /wiki/SchlinckRealEstate
3bb5d42.57 42f94216 043937 h ???????? 003 /wiki/RichardVonWeizsaecker
3bb5d47.22 42f94216 043937 h ???????? 003 /wiki/BusinessModelGeneration
3bb5d4c.a4 42f94216 043937 h ???????? 003 /wiki/OpticalCharacterRecognition
3bb5e0b.98 42f94217 043937 h ???????? 003 /wiki/ChatLog
3bb5e13.be 42f94217 043937 h ???????? 003 /wiki/JahrGang
3bb5e18.5f 42f94216 043937 h ???????? 003 /wiki/SitIn
3bb5e1d.24 42f94216 043937 h ???????? 003 /wiki/SameAs
3bb5e22.37 42f94216 043937 h ???????? 002 /wiki/HerKunft
3bb5e24.bd 42f94216 043937 h ???????? 002 /wiki/DemiMoore
3bb5e27.64 42f94216 043937 h ???????? 003 /wiki/VUUaQOIy2
3bb5e2a.16 42f94216 043937 h ???????? 003 /wiki/FalkNeubert
3bb5e2c.e5 42f94216 043937 h ???????? 003 /wiki/HeikoHilker
3bb5e2f.da 42f94216 043937 h ???????? 002 /wiki/BorisBirger
3bb5e32.dc 42f94216 043937 h ???????? 003 /wiki/PeterMichel
3bb5e37.90 42f94216 043937 h ???????? 003 /wiki/KatjaKipping
3bb5e3d.b6 42f94216 043937 h ???????? 003 /wiki/HorstHippler
3bb5e43.a6 42f94216 043937 h ???????? 002 /wiki/FutureNumber
3bb5e49.b6 42f94217 043937 h ???????? 003 /wiki/TorfNasenClub
3bb5e4f.bf 42f94217 043937 h ???????? 003 /wiki/KamiLockOffice
3bb5e55.c2 42f94216 043937 h ???????? 003 /wiki/EberhardUmbach
3bb5e5b.d3 42f94216 043937 h ???????? 003 /wiki/ArminMuehlhoff
3bb5e61.f3 42f94216 043937 h ???????? 002 /wiki/SchimmelSchloss
3bb5e68.24 42f94216 043937 h ???????? 003 /wiki/LockOfficeBayArea
3bb5e6e.8a 42f94216 043937 h ???????? 003 /wiki/RegierungsViertel
3bb5e75.da 42f94216 043937 h ???????? 002 /wiki/ErnstSchmachtenberg
3bb5f89.ee 42f94218 043937 h ???????? 002 /hear/27a42bcc376b18379016cdbfcc0ad62e
3bb60b0.91 42f9421c 043937 s ???????? 002 /edit/70345004
3bb6211.65 4d4b4ca3 6a9392 h ???????? 008 /robots.txt
3bb6212.16 4d4b4ca3 6a9392 h ???????? 003 //wiki/SingularityUniversity
3bb63db.d5 cf2e0d2d 6a88e8 s ???????? 002 /robots.txt
3bb63dc.95 cf2e0d2d 6a88e8 s ???????? 001 /robots.txt
3bb6474.bc b44c0f07 a04d28 h ???????? 004 /wiki/LockTeam
3bb65d8.eb 34ce70b5 646bf4 h ???????? 002 /WikiWall
3bb6923.58 42f95c17 70a047 h ???????? 003 //rss.rdf
3bb695e.69 42f94216 043937 h ???????? 004 /wiki/LupusAter
3bb6dbf.b0 9d3727bf 6a88e8 s ???????? 017 /
3bb6e23.e4 577a6b58 ea3c0a h ???????? 003 /wiki/SommerSchwatz
3bb6e64.c1 a3ac0499 a9a475 h ???????? 021 /
3bb6f8b.ca 284da769 6a88e8 s ???????? 01a /
3bb7008.da 3cbf264d 24f5f0 s ???????? 02f /
3bb7148.3f 42f94216 043937 h ???????? 004 /wiki/BeFore
3bb73d5.8e 42f94217 043937 h ???????? 004 /wiki/MaxDresden
3bb7414.ae b44c0f17 a04d28 h ???????? 004 /wiki/SingularityUniversity
3bb7502.bd 42f94217 043937 h ???????? 004 /wiki/MichaelSchroeder
3bb758e.a3 369f7e15 2baa92 h ???????? 01a /
3bb75f3.30 33ff4153 433e9c h ???????? 002 /css
3bb761d.d6 42f94218 043937 h ???????? 004 /wiki/RosenGarten
3bb7780.be 42f94218 043937 h ???????? 003 /wiki/LebensErwartung
3bb782b.98 d9b68435 433e9c h ???????? 018 /edit/17626002
3bb7881.d2 42f94217 043937 h ???????? 00b /wiki/CafeTalisman
3bb788a.b1 42f94217 043937 h ???????? 003 /wiki/BusinessLuder
3bb78c7.5b 8ba277c5 976046 h ???????? 020 /
3bb79b0.95 42f94217 043937 h ???????? 007 /wiki/PetrusMaschine
3bb7adf.19 42f94217 043937 h ???????? 004 /wiki/ErLoeser
3bb7d44.90 42f94216 043937 h ???????? 004 /wiki/JayTenenbaum
3bb7dd3.16 9750276e 433e9c h ???????? 002 //robots.txt
3bb7e58.80 42f94218 043937 h ???????? 004 /wiki/TheExperiment
3bb7f95.ff 42f94217 043937 h ???????? 004 /wiki/ZukunftsAngst
3bb7f97.49 b44c0f07 a04d28 s ???????? 04f /hls
3bb8051.bb 9fcbf227 ef60d6 h ???????? 023 /
3bb8145.2e cf2e0d6f 6a88e8 h ???????? 00b /wiki/RobertBasic
3bb81c9.3e 42f94216 043937 h ???????? 004 /wiki/MariaMaschine
3bb82a3.72 42f94216 043937 h ???????? 004 /wiki/LogIn
3bb830a.b2 42f94216 043937 h ???????? 004 /wiki/SwissRe
3bb830c.56 42f94217 043937 h ???????? 003 /wiki/DokDo
3bb8330.b7 33ff41e0 433e9c h ???????? 009 /edit/28566001
3bb842f.a0 cf2e0d2d 6a88e8 h ???????? 009 /robots.txt
3bb843b.d1 42f94218 043937 h ???????? 003 /wiki/NooPoly
3bb865d.87 42f95c17 70a047 h ???????? 003 //rss.rdf
3bb8692.a3 42f94217 043937 h ???????? 005 /wiki/PeakOil
3bb88e5.2e 42f94217 043937 h ???????? 004 /wiki/ErZaehlung
3bb8b4c.e8 42f94217 043937 h ???????? 004 /wiki/GrueneEbene
3bb8ce9.40 d9b68457 433e9c h ???????? 003 /edit/27226001
3bb8e00.d5 42f94216 043937 h ???????? 004 /wiki/TheQuestion
3bb8eca.19 42f94218 043937 h ???????? 004 /wiki/SirenenGesang
3bb8edb.81 42f94216 043937 h ???????? 003 /wiki/PaySenseCents
3bb8f2a.6a 33ff4771 433e9c h ???????? 002 /edit/24446001
3bb8f9c.40 a484a14b 433e9c h ???????? 003 /edit/27106002
3bb8ffb.85 42f94216 043937 h ???????? 004 /wiki/ZenZentrumDresden
3bb91af.39 cf2e0dc6 6a88e8 h ???????? 003 /robots.txt
3bb9372.25 42f94218 043937 h ???????? 004 /wiki/TeleTubbies
3bb949b.bf b29aab1e e4b041 h ???????? 002 /robots.txt
3bb949f.ad b29aab1e e4b041 h ???????? 002 /rss.rdf
3bb94a5.0a b29aab1e e4b041 h ???????? 023 /
3bb94c9.52 cf2e0d65 6a88e8 h ???????? 019 /
3bb94cd.b3 42f94218 043937 h ???????? 004 /hear/0860b90c882a90ddb13ddcd0c0e2d798
3bb95d7.08 42f94217 043937 h ???????? 004 /wiki/LaaLaa
3bb95e8.43 42f94216 043937 h ???????? 004 /wiki/WorldLanguages
3bb982b.2f 42f94218 043937 h ???????? 004 /wiki/TinkyWinky
3bb9953.c2 3ed6bf41 a829a5 s ???????? 01b /
3bb9958.38 3ed6bf41 a829a5 s ???????? 002 /alive/4
3bb9958.38 3ed6bf41 a829a5 s ???????? 005 /feel/4
3bb995c.33 3ed6bf41 a829a5 s ???????? 002 /alive/8
3bb995c.3f 3ed6bf41 a829a5 s ???????? 002 /feel/8
3bb9964.36 3ed6bf41 a829a5 s ???????? 037 /alive/10
3bb9964.47 3ed6bf41 a829a5 s ???????? 032 /feel/10
3bb9967.e8 3ed6bf41 a829a5 s ???????? 004 /wiki/GottfriedWilhelmLeibniz
3bb9974.30 3ed6bf41 a829a5 s ???????? 00b /alive/20
3bb9974.3e 3ed6bf41 a829a5 s ???????? 002 /feel/20
3bb9afc.b0 b29aab1e e4b041 h ???????? 003 /NooPolis
3bb9bbe.6f cf2e0d34 6a88e8 h ???????? 004 /wiki/RobertBasic
3bb9ca2.e1 bca5d01d e3b0c4 h ???????? 003 /robots.txt
3bb9ca5.18 bca5d01d 58771d h ???????? 01a /
3bba0cf.55 c05f1d74 e3b0c4 h ???????? 003 /robots.txt
3bba0d1.d3 c05f1d74 4c528d h ???????? 025 /
3bba301.36 42f95c18 70a047 h ???????? 003 //rss.rdf
3bba38d.74 b44c0f9a a04d28 h ???????? 005 /wiki/NooPolis
3bba430.5a 42f94218 043937 h ???????? 005 /wiki/EtAl
3bba460.42 cf2e0d65 6a88e8 h ???????? 004 /wiki/PageIndex
3bba4a6.af 4e2e2319 7dfab1 h ???????? 002 //rss.jsp
3bba4a6.e5 4e2e2319 7dfab1 h ???????? 002 //rss.jsp
3bba690.c4 42f94216 043937 h ???????? 005 /hear/8b4cb1d8d5b13e559160688878f45857
3bbb853.ee 42f94218 043937 h ???????? 003 /hear/56d8853836817b3ae6d7d590a3cc6d61
3bbba63.e8 8e04d774 e3b0c4 h ???????? 003 /robots.txt
3bbba66.75 8e04d774 d9ec50 h ???????? 026 /
3bbbc97.6e 05c45716 433e9c h ???????? 003 /robots.txt
3bbbcb4.48 33ff476e 433e9c h ???????? 002 /edit/30006002
3bbbd93.26 904c2cb4 aabbd7 h ???????? 01e /
3bbbfd6.52 5896e4da 55c4a0 h ???????? 003 //rss.rdf
3bbbfde.0f 42f95c16 70a047 h ???????? 003 //rss.rdf
3bbc08b.6d 6bb7f802 4ac579 h ???????? 002 //rss.rdf
3bbc4a2.7b d9b6840e 433e9c h ???????? 003 /edit/3002
3bbc4bf.54 6a0b9f8d 80aeb5 h ???????? 031 /
3bbc4c4.48 bfbfa747 32c7bf h ???????? 003 /hndUnblock.cgi
3bbc4c7.4b bfbfa747 32c7bf h ???????? 002 /hndUnblock.cgi
3bbc4ca.5d bfbfa747 32c7bf h ???????? 002 /moo
3bbc4cd.59 bfbfa747 32c7bf h ???????? 01d /
3bbc5c5.57 b44c0f95 fa643b h ???????? 003 /radio/robots.txt
3bbc5c6.43 b44c0f06 fa643b h ???????? 003 /radio/robots.txt
3bbc5f0.8e 42f9421d 043937 s ???????? 003 /edit/72705004
3bbc651.02 b44c0f18 a04d28 h ???????? 003 /radio
3bbc725.31 c0632e59 c40cd6 h ???????? 020 /
3bbc725.d2 c0632e59 e8f7bd h ???????? 032 /
3bbca16.cf 42f94217 043937 h ???????? 005 /wiki/CogSys
3bbcaca.05 ac686c6d 1066b4 h ???????? 020 /
3bbcae0.e0 05c45712 433e9c h ???????? 003 /t/robots.txt
3bbcae2.c7 975027a3 433e9c s ???????? 003 /robots.txt
3bbcaf7.99 33ff4778 433e9c h ???????? 003 /edit/21796002
3bbcc1f.6b 68df7b62 fee6c8 h ???????? 02a /
3bbcc6d.09 d9b68415 433e9c h ???????? 003 /edit/31136001
3bbce55.1e d8f442e3 2e51d1 h ???????? 003 //robots.txt
3bbd067.c3 3ddc80bc 573285 h ???????? 003 /mysql/admin/
3bbd068.39 3ddc80bc 573285 h ???????? 002 /mysql/admin/
3bbd068.f8 3ddc80bc 573285 h ???????? 003 /mysql/dbadmin/
3bbd069.77 3ddc80bc 573285 h ???????? 00b /mysql/dbadmin/
3bbd06a.4b 3ddc80bc 573285 h ???????? 003 /mysql/sqlmanager/
3bbd06a.c7 3ddc80bc 573285 h ???????? 002 /mysql/sqlmanager/
3bbd06b.d9 3ddc80bc 573285 h ???????? 001 /mysql/mysqlmanager/
3bbd06c.46 3ddc80bc 573285 h ???????? 001 /mysql/mysqlmanager/
3bbd06d.00 3ddc80bc 573285 h ???????? 001 /phpmyadmin/
3bbd06d.6e 3ddc80bc 573285 h ???????? 001 /phpmyadmin/
3bbd06e.25 3ddc80bc 573285 h ???????? 001 /phpMyadmin/
3bbd06e.95 3ddc80bc 573285 h ???????? 001 /phpMyadmin/
3bbd06f.51 3ddc80bc 573285 h ???????? 001 /phpMyAdmin/
3bbd06f.b5 3ddc80bc 573285 h ???????? 001 /phpMyAdmin/
3bbd070.65 3ddc80bc 573285 h ???????? 001 /phpmyAdmin/
3bbd070.d1 3ddc80bc 573285 h ???????? 001 /phpmyAdmin/
3bbd071.84 3ddc80bc 573285 h ???????? 005 /phpmyadmin2/
3bbd071.f4 3ddc80bc 573285 h ???????? 001 /phpmyadmin2/
3bbd072.ad 3ddc80bc 573285 h ???????? 001 /phpmyadmin3/
3bbd073.18 3ddc80bc 573285 h ???????? 002 /phpmyadmin3/
3bbd073.d4 3ddc80bc 573285 h ???????? 001 /phpmyadmin4/
3bbd074.42 3ddc80bc 573285 h ???????? 001 /phpmyadmin4/
3bbd075.00 3ddc80bc 573285 h ???????? 001 /2phpmyadmin/
3bbd075.6c 3ddc80bc 573285 h ???????? 001 /2phpmyadmin/
3bbd076.2e 3ddc80bc 573285 h ???????? 002 /phpmy/
3bbd076.9e 3ddc80bc 573285 h ???????? 001 /phpmy/
3bbd077.5a 3ddc80bc 573285 h ???????? 001 /phppma/
3bbd077.c6 3ddc80bc 573285 h ???????? 002 /phppma/
3bbd078.7e 3ddc80bc 573285 h ???????? 001 /myadmin/
3bbd078.e7 3ddc80bc 573285 h ???????? 005 /myadmin/
3bbd079.ea a4843451 eb026b s ???????? 004 /bcHead
3bbd079.a0 3ddc80bc 573285 h ???????? 125 /shopdb/
3bbd07a.79 a4843451 eb026b s ???????? 002 /bcHead
3bbd07a.55 3ddc80bc 573285 h ???????? 090 /shopdb/
3bbd07b.3e 3ddc80bc 573285 h ???????? 001 /MyAdmin/
3bbd07b.a8 3ddc80bc 573285 h ???????? 001 /MyAdmin/
3bbd07c.60 3ddc80bc 573285 h ???????? 001 /program/
3bbd07c.ce 3ddc80bc 573285 h ???????? 001 /program/
3bbd07d.8f 3ddc80bc 573285 h ???????? 001 /PMA/
3bbd07e.02 3ddc80bc 573285 h ???????? 001 /PMA/
3bbd07e.b7 3ddc80bc 573285 h ???????? 001 /dbadmin/
3bbd07f.28 3ddc80bc 573285 h ???????? 001 /dbadmin/
3bbd07f.e1 3ddc80bc 573285 h ???????? 001 /pma/
3bbd080.4c 3ddc80bc 573285 h ???????? 001 /pma/
3bbd081.0d 3ddc80bc 573285 h ???????? 002 /db/
3bbd081.7e 3ddc80bc 573285 h ???????? 001 /db/
3bbd082.45 3ddc80bc 573285 h ???????? 002 /admin/
3bbd082.af 3ddc80bc 573285 h ???????? 001 /admin/
3bbd083.67 3ddc80bc 573285 h ???????? 001 /mysql/
3bbd083.d7 3ddc80bc 573285 h ???????? 001 /mysql/
3bbd084.91 3ddc80bc 573285 h ???????? 001 /database/
3bbd084.f8 3ddc80bc 573285 h ???????? 001 /database/
3bbd085.b4 3ddc80bc 573285 h ???????? 001 /db/phpmyadmin/
3bbd086.1f 3ddc80bc 573285 h ???????? 002 /db/phpmyadmin/
3bbd086.e2 3ddc80bc 573285 h ???????? 001 /db/phpMyAdmin/
3bbd087.51 3ddc80bc 573285 h ???????? 002 /db/phpMyAdmin/
3bbd088.08 3ddc80bc 573285 h ???????? 001 /sqlmanager/
3bbd088.7c 3ddc80bc 573285 h ???????? 001 /sqlmanager/
3bbd089.37 3ddc80bc 573285 h ???????? 001 /mysqlmanager/
3bbd089.a5 3ddc80bc 573285 h ???????? 001 /mysqlmanager/
3bbd08a.61 3ddc80bc 573285 h ???????? 001 /php-myadmin/
3bbd08a.c6 3ddc80bc 573285 h ???????? 001 /php-myadmin/
3bbd08b.85 3ddc80bc 573285 h ???????? 001 /phpmy-admin/
3bbd08b.ea 3ddc80bc 573285 h ???????? 001 /phpmy-admin/
3bbd08c.a2 3ddc80bc 573285 h ???????? 001 /mysqladmin/
3bbd08d.0e 3ddc80bc 573285 h ???????? 002 /mysqladmin/
3bbd08d.c7 3ddc80bc 573285 h ???????? 002 /mysql-admin/
3bbd08e.3c 3ddc80bc 573285 h ???????? 002 /mysql-admin/
3bbd08e.fb 3ddc80bc 573285 h ???????? 002 /admin/phpmyadmin/
3bbd08f.66 3ddc80bc 573285 h ???????? 001 /admin/phpmyadmin/
3bbd090.1b 3ddc80bc 573285 h ???????? 001 /admin/phpMyAdmin/
3bbd090.87 3ddc80bc 573285 h ???????? 001 /admin/phpMyAdmin/
3bbd091.3f 3ddc80bc 573285 h ???????? 001 /admin/sysadmin/
3bbd091.a8 3ddc80bc 573285 h ???????? 001 /admin/sysadmin/
3bbd092.5c 3ddc80bc 573285 h ???????? 002 /admin/sqladmin/
3bbd092.c6 3ddc80bc 573285 h ???????? 002 /admin/sqladmin/
3bbd093.79 3ddc80bc 573285 h ???????? 002 /admin/db/
3bbd093.e3 3ddc80bc 573285 h ???????? 001 /admin/db/
3bbd094.96 3ddc80bc 573285 h ???????? 001 /admin/web/
3bbd094.fe 3ddc80bc 573285 h ???????? 001 /admin/web/
3bbd095.c1 3ddc80bc 573285 h ???????? 001 /admin/pMA/
3bbd096.2e 3ddc80bc 573285 h ???????? 001 /admin/pMA/
3bbd096.e1 3ddc80bc 573285 h ???????? 001 /mysql/pma/
3bbd097.49 3ddc80bc 573285 h ???????? 002 /mysql/pma/
3bbd098.02 3ddc80bc 573285 h ???????? 002 /mysql/db/
3bbd098.71 3ddc80bc 573285 h ???????? 002 /mysql/db/
3bbd099.25 3ddc80bc 573285 h ???????? 002 /mysql/web/
3bbd099.8d 3ddc80bc 573285 h ???????? 002 /mysql/web/
3bbd09a.56 3ddc80bc 573285 h ???????? 002 /mysql/pMA/
3bbd09a.c0 3ddc80bc 573285 h ???????? 002 /mysql/pMA/
3bbd09b.82 3ddc80bc 573285 h ???????? 001 /sql/phpmanager/
3bbd09b.ed 3ddc80bc 573285 h ???????? 002 /sql/phpmanager/
3bbd09c.b1 3ddc80bc 573285 h ???????? 002 /sql/php-myadmin/
3bbd09d.23 3ddc80bc 573285 h ???????? 002 /sql/php-myadmin/
3bbd09d.e0 3ddc80bc 573285 h ???????? 001 /sql/phpmy-admin/
3bbd09e.48 3ddc80bc 573285 h ???????? 002 /sql/phpmy-admin/
3bbd09f.04 3ddc80bc 573285 h ???????? 001 /sql/sql/
3bbd09f.75 3ddc80bc 573285 h ???????? 002 /sql/sql/
3bbd0a0.38 3ddc80bc 573285 h ???????? 001 /sql/myadmin/
3bbd0a0.a8 3ddc80bc 573285 h ???????? 003 /sql/myadmin/
3bbd0a1.6b 3ddc80bc 573285 h ???????? 002 /sql/webadmin/
3bbd0a1.dd 3ddc80bc 573285 h ???????? 002 /sql/webadmin/
3bbd0a2.98 3ddc80bc 573285 h ???????? 002 /sql/sqlweb/
3bbd0a3.0f 3ddc80bc 573285 h ???????? 002 /sql/sqlweb/
3bbd0a3.cc 3ddc80bc 573285 h ???????? 002 /sql/websql/
3bbd0a4.38 3ddc80bc 573285 h ???????? 001 /sql/websql/
3bbd0a4.fc 3ddc80bc 573285 h ???????? 002 /sql/webdb/
3bbd0a5.68 3ddc80bc 573285 h ???????? 002 /sql/webdb/
3bbd0a6.27 3ddc80bc 573285 h ???????? 002 /sql/sqladmin/
3bbd0a6.93 3ddc80bc 573285 h ???????? 002 /sql/sqladmin/
3bbd0a7.49 3ddc80bc 573285 h ???????? 002 /sql/sql-admin/
3bbd0a7.b6 3ddc80bc 573285 h ???????? 002 /sql/sql-admin/
3bbd0a8.6f 3ddc80bc 573285 h ???????? 002 /sql/phpmyadmin2/
3bbd0a8.df 3ddc80bc 573285 h ???????? 002 /sql/phpmyadmin2/
3bbd0a9.a1 3ddc80bc 573285 h ???????? 002 /sql/phpMyAdmin2/
3bbd0aa.0f 3ddc80bc 573285 h ???????? 002 /sql/phpMyAdmin2/
3bbd0aa.cc 3ddc80bc 573285 h ???????? 002 /sql/phpMyAdmin/
3bbd0ab.37 3ddc80bc 573285 h ???????? 001 /sql/phpMyAdmin/
3bbd0ab.fd 3ddc80bc 573285 h ???????? 002 /db/myadmin/
3bbd0ac.6c 3ddc80bc 573285 h ???????? 002 /db/myadmin/
3bbd0ad.2d 3ddc80bc 573285 h ???????? 001 /db/webadmin/
3bbd0ad.a7 3ddc80bc 573285 h ???????? 002 /db/webadmin/
3bbd0ae.69 3ddc80bc 573285 h ???????? 001 /db/dbweb/
3bbd0ae.db 3ddc80bc 573285 h ???????? 002 /db/dbweb/
3bbd0af.98 3ddc80bc 573285 h ???????? 002 /db/websql/
3bbd0b0.0b 3ddc80bc 573285 h ???????? 002 /db/websql/
3bbd0b0.c6 3ddc80bc 573285 h ???????? 002 /db/webdb/
3bbd0b1.3a 3ddc80bc 573285 h ???????? 002 /db/webdb/
3bbd0b1.f6 3ddc80bc 573285 h ???????? 001 /db/dbadmin/
3bbd0b2.67 3ddc80bc 573285 h ???????? 002 /db/dbadmin/
3bbd0b3.2f 3ddc80bc 573285 h ???????? 003 /db/db-admin/
3bbd0b3.9c 3ddc80bc 573285 h ???????? 002 /db/db-admin/
3bbd0b4.66 3ddc80bc 573285 h ???????? 002 /db/phpmyadmin3/
3bbd0b4.d8 3ddc80bc 573285 h ???????? 002 /db/phpmyadmin3/
3bbd0b5.92 3ddc80bc 573285 h ???????? 002 /db/phpMyAdmin3/
3bbd0b6.0d 3ddc80bc 573285 h ???????? 003 /db/phpMyAdmin3/
3bbd0b6.d3 3ddc80bc 573285 h ???????? 002 /db/phpMyAdmin-3/
3bbd0b7.48 3ddc80bc 573285 h ???????? 002 /db/phpMyAdmin-3/
3bbd0b8.09 3ddc80bc 573285 h ???????? 003 /administrator/phpmyadmin/
3bbd0b8.75 3ddc80bc 573285 h ???????? 002 /administrator/phpmyadmin/
3bbd0b9.39 3ddc80bc 573285 h ???????? 002 /administrator/phpMyAdmin/
3bbd0b9.aa 3ddc80bc 573285 h ???????? 002 /administrator/phpMyAdmin/
3bbd0ba.7d 3ddc80bc 573285 h ???????? 003 /administrator/db/
3bbd0ba.f4 3ddc80bc 573285 h ???????? 002 /administrator/db/
3bbd0bb.b2 3ddc80bc 573285 h ???????? 002 /administrator/web/
3bbd0bc.26 3ddc80bc 573285 h ???????? 003 /administrator/web/
3bbd0bc.e5 3ddc80bc 573285 h ???????? 002 /administrator/pma/
3bbd0bd.58 3ddc80bc 573285 h ???????? 009 /administrator/pma/
3bbd0be.18 3ddc80bc 573285 h ???????? 002 /administrator/PMA/
3bbd0be.8a 3ddc80bc 573285 h ???????? 002 /administrator/PMA/
3bbd0bf.4b 3ddc80bc 573285 h ???????? 002 /administrator/admin/
3bbd0bf.be 3ddc80bc 573285 h ???????? 002 /administrator/admin/
3bbd0c0.82 3ddc80bc 573285 h ???????? 002 /phpMyAdmin2/
3bbd0c0.f7 3ddc80bc 573285 h ???????? 002 /phpMyAdmin2/
3bbd0c1.b1 3ddc80bc 573285 h ???????? 002 /phpMyAdmin3/
3bbd0c2.24 3ddc80bc 573285 h ???????? 002 /phpMyAdmin3/
3bbd0c2.e8 3ddc80bc 573285 h ???????? 003 /phpMyAdmin4/
3bbd0c3.61 3ddc80bc 573285 h ???????? 002 /phpMyAdmin4/
3bbd0c4.30 3ddc80bc 573285 h ???????? 002 /phpMyAdmin-3/
3bbd0c4.a7 3ddc80bc 573285 h ???????? 002 /phpMyAdmin-3/
3bbd0c5.70 3ddc80bc 573285 h ???????? 002 /php-my-admin/
3bbd0c5.e8 3ddc80bc 573285 h ???????? 002 /php-my-admin/
3bbd0c6.b0 3ddc80bc 573285 h ???????? 002 /PMA2011/
3bbd0c7.24 3ddc80bc 573285 h ???????? 002 /PMA2011/
3bbd0c7.ed 3ddc80bc 573285 h ???????? 002 /PMA2012/
3bbd0c8.66 3ddc80bc 573285 h ???????? 002 /PMA2012/
3bbd0c9.26 3ddc80bc 573285 h ???????? 002 /PMA2013/
3bbd0c9.9c 3ddc80bc 573285 h ???????? 002 /PMA2013/
3bbd0ca.5b 3ddc80bc 573285 h ???????? 002 /PMA2014/
3bbd0ca.cc 3ddc80bc 573285 h ???????? 002 /PMA2014/
3bbd0cb.8e 3ddc80bc 573285 h ???????? 002 /PMA2015/
3bbd0cc.04 3ddc80bc 573285 h ???????? 002 /PMA2015/
3bbd0cc.bf 3ddc80bc 573285 h ???????? 002 /PMA2016/
3bbd0cd.2b 3ddc80bc 573285 h ???????? 00a /PMA2016/
3bbd0cd.ee 3ddc80bc 573285 h ???????? 002 /PMA2017/
3bbd0ce.60 3ddc80bc 573285 h ???????? 003 /PMA2017/
3bbd0cf.4b 3ddc80bc 573285 h ???????? 007 /PMA2018/
3bbd0cf.c0 3ddc80bc 573285 h ???????? 002 /PMA2018/
3bbd0d0.8c 3ddc80bc 573285 h ???????? 002 /pma2011/
3bbd0d1.00 3ddc80bc 573285 h ???????? 002 /pma2011/
3bbd0d1.ca 3ddc80bc 573285 h ???????? 002 /pma2012/
3bbd0d2.41 3ddc80bc 573285 h ???????? 002 /pma2012/
3bbd0d3.03 3ddc80bc 573285 h ???????? 002 /pma2013/
3bbd0d3.74 3ddc80bc 573285 h ???????? 002 /pma2013/
3bbd0d4.32 3ddc80bc 573285 h ???????? 002 /pma2014/
3bbd0d4.a3 3ddc80bc 573285 h ???????? 002 /pma2014/
3bbd0d5.69 3ddc80bc 573285 h ???????? 002 /pma2015/
3bbd0d5.dc 3ddc80bc 573285 h ???????? 002 /pma2015/
3bbd0d6.9c 3ddc80bc 573285 h ???????? 002 /pma2016/
3bbd0d7.0f 3ddc80bc 573285 h ???????? 003 /pma2016/
3bbd0d7.ce 3ddc80bc 573285 h ???????? 002 /pma2017/
3bbd0d8.45 3ddc80bc 573285 h ???????? 003 /pma2017/
3bbd0d9.06 3ddc80bc 573285 h ???????? 003 /pma2018/
3bbd0d9.82 3ddc80bc 573285 h ???????? 002 /pma2018/
3bbd0da.4b 3ddc80bc 573285 h ???????? 003 /phpmyadmin2011/
3bbd0da.c1 3ddc80bc 573285 h ???????? 003 /phpmyadmin2011/
3bbd0db.87 3ddc80bc 573285 h ???????? 003 /phpmyadmin2012/
3bbd0db.fb 3ddc80bc 573285 h ???????? 003 /phpmyadmin2012/
3bbd0dc.bd 3ddc80bc 573285 h ???????? 002 /phpmyadmin2013/
3bbd0dd.34 3ddc80bc 573285 h ???????? 00a /phpmyadmin2013/
3bbd0dd.f4 3ddc80bc 573285 h ???????? 003 /phpmyadmin2014/
3bbd0de.6a 3ddc80bc 573285 h ???????? 002 /phpmyadmin2014/
3bbd0df.2c 3ddc80bc 573285 h ???????? 003 /phpmyadmin2015/
3bbd0df.a6 3ddc80bc 573285 h ???????? 003 /phpmyadmin2015/
3bbd0e0.6d 3ddc80bc 573285 h ???????? 003 /phpmyadmin2016/
3bbd0e0.ea 3ddc80bc 573285 h ???????? 002 /phpmyadmin2016/
3bbd0e1.b0 3ddc80bc 573285 h ???????? 003 /phpmyadmin2017/
3bbd0e2.2b 3ddc80bc 573285 h ???????? 002 /phpmyadmin2017/
3bbd0e2.e7 3ddc80bc 573285 h ???????? 002 /phpmyadmin2018/
3bbd0e3.56 3ddc80bc 573285 h ???????? 003 /phpmyadmin2018/
3bbd0e4.1e 3ddc80bc 573285 h ???????? 002 /phpmanager/
3bbd0e4.d5 3ddc80bc 573285 h ???????? 002 /phpmanager/
3bbd3ae.a6 52d0a0b4 2decd6 h ???????? 032 /
3bbd3ae.fd 52d0a0b4 c06a0f h ???????? 01f /
3bbd47f.7b d9b68450 433e9c h ???????? 003 /edit/22446003
3bbd506.91 9d372790 6a88e8 s ???????? 002 /robots.txt
3bbd76a.63 c7d965e0 ea8cd4 h ???????? 003 /rss.jsp
3bbd76a.a2 c7d965e0 ea8cd4 h ???????? 002 /rss.jsp
3bbd76a.e3 c7d965e0 ea8cd4 h ???????? 002 /rss.jsp
3bbd76b.27 c7d965e0 ea8cd4 h ???????? 002 /rss.jsp
3bbd76b.6b c7d965e0 ea8cd4 h ???????? 002 /rss.jsp
3bbd76b.b2 c7d965e0 ea8cd4 h ???????? 002 /rss.jsp
3bbd7fe.b7 cf2e0d34 6a88e8 h ???????? 005 /wiki/ParteiWiki
3bbd903.d9 44b4e570 aec21f h ???????? 003 /robots.txt
3bbd904.71 44b4e570 aec21f h ???????? 01d /
3bbd915.4b a484a112 433e9c h ???????? 002 /edit/26556004
3bbdbd9.e0 42f94217 043937 h ???????? 005 /wiki/PePiAr
3bbde8a.c7 42f95c16 70a047 h ???????? 002 //rss.rdf
3bbdead.47 b9aa2a12 fee6c8 h ???????? 01b /
3bbe225.08 d9b68451 433e9c h ???????? 003 /edit/30886007
3bbe844.56 cf2e0dc6 6a88e8 h ???????? 003 /robots.txt
3bbe9dd.15 97502777 433e9c h ???????? 003 /robots.txt
3bbea9b.5e 3ed6bf41 a829a5 s ???????? 17ac /age
3bbeaa6.bd 3ed6bf41 a829a5 s ???????? 003 /favicon.ico
3bbed9c.c9 42f94217 043937 h ???????? 003 /hear/272808e5c8b1c55e0585742cf4186a1e
3bbefc0.73 44b4e71a aec21f h ???????? 003 /robots.txt
3bbefc1.13 44b4e71a aec21f h ???????? 005 /wiki/AnLicht
3bbf08e.d6 bc285186 7dfab1 h ???????? 003 //rss.jsp
3bbf08f.07 bc285186 7dfab1 h ???????? 002 //rss.jsp
3bbf09d.a6 bc285186 7dfab1 h ???????? 003 //rss.jsp
3bbf09d.df bc285186 7dfab1 h ???????? 002 //rss.jsp
3bbf188.19 44b4e71a aec21f s ???????? 002 /robots.txt
3bbf1b2.f3 bc285186 7dfab1 h ???????? 00b //rss.jsp
3bbf1b3.24 bc285186 7dfab1 h ???????? 002 //rss.jsp
3bbf1c1.6b bc285186 7dfab1 h ???????? 003 //rss.jsp
3bbf1c1.9e bc285186 7dfab1 h ???????? 002 //rss.jsp
3bbf657.5b 44b4e71a aec21f s ???????? 002 /edit
3bbf786.f3 9d372720 6a88e8 h ???????? 002 /robots.txt
3bbf7f3.8b b2eee55d c37fd8 h ???????? 003 /robots.txt
3bbf7f5.3e b2eee55d c37fd8 h ???????? 00d /wiki/BrandEins
3bbfba0.91 42f95c17 70a047 h ???????? 003 //rss.rdf
3bbfbbf.f9 b44c0f8a a04d28 h ???????? 005 /wiki/FutureLab2056
3bbfc16.60 add4f966 c37fd8 h ???????? 002 /robots.txt
3bbfc1f.65 add4f966 c37fd8 h ???????? 004 /wiki/BrandEins
3bbfc2f.e0 add4f966 c37fd8 h ???????? 004 /wiki/BusmannsBrazil
3bbfde4.4a 34ce70b5 646bf4 h ???????? 01e /1
3bbfeae.b7 8ba24e87 186d9a s ???????? 01e /
3bbff5f.db 42f94217 043937 h ???????? 003 /hear/97081cfceb56669ec9060051c108323e
