3cd00d4.4a 42f94526 043937 h ???????? 001 /system
3cd02d6.60 4e2e2319 7dfab1 h ???????? 003 //rss.jsp
3cd02d6.96 4e2e2319 7dfab1 h ???????? 001 //rss.jsp
3cd0461.96 42f9452a 043937 h ???????? 002 /wiki/NeWs
3cd04b8.23 42f9570f 70a047 h ???????? 001 //rss.rdf
3cd0552.99 42f9452a 043937 h ???????? 001 /crush
3cd0607.58 bc285186 7dfab1 h ???????? 002 //rss.jsp
3cd0607.87 bc285186 7dfab1 h ???????? 002 //rss.jsp
3cd066e.95 bc285186 7dfab1 h ???????? 002 //rss.jsp
3cd066e.b6 bc285186 7dfab1 h ???????? 005 //rss.jsp
3cd07e8.1e 42f94526 043937 h ???????? 002 /wiki/JaBB
3cd08a7.c3 bc285186 7dfab1 h ???????? 002 //rss.jsp
3cd08a7.e6 bc285186 7dfab1 h ???????? 001 //rss.jsp
3cd08c0.f9 bc285186 7dfab1 h ???????? 002 //rss.jsp
3cd08c1.1a bc285186 7dfab1 h ???????? 001 //rss.jsp
3cd08fd.a7 42f94528 043937 h ???????? 003 /wiki/KathedralForum
3cd0988.b8 9d372735 6a88e8 s ???????? 007 /robots.txt
3cd0989.58 9d372735 6a88e8 s ???????? 002 /robots.txt
3cd0999.c2 cf2e0d6f 6a88e8 s ???????? 01e /
3cd0bc0.fc 42f9452a 043937 h ???????? 004 /wiki/ChristianKlaes
3cd0ce2.69 42f94526 043937 h ???????? 003 /wiki/HotelNewBerlin
3cd0d12.25 45c5b132 c37fd8 h ???????? 001 //robots.txt
3cd0d16.a1 45c5b132 c37fd8 h ???????? 002 //wiki/%25s
3cd0d24.a5 45c5b132 c37fd8 h ???????? 003 //wiki/%3C%25=session.getAttribute(
3cd0d2b.c4 45c5b132 c37fd8 h ???????? 002 //wiki/AnneWillSingulari%E2%80%A6
3cd0d32.6b 45c5b132 c37fd8 h ???????? 002 //wiki/DresdenWiFi%E2%80%9C
3cd0d38.ae 45c5b132 c37fd8 h ???????? 002 //wiki/DresdenWiFi
3cd0d3f.90 45c5b132 c37fd8 h ???????? 003 //wiki/LockSchuppen.%C2%A0
3cd0d46.76 45c5b132 c37fd8 h ???????? 003 //wiki/LockSchuppen.%C3%82%C2%A0
3cd0ddb.ae 42f94528 043937 h ???????? 003 /wiki/FloCk
3cd0de7.9c 42f94526 043937 h ???????? 006 /earth
3cd0e91.5e 5f6cb561 e4b041 h ???????? 002 /robots.txt
3cd0e95.39 5f6cb561 e4b041 h ???????? 015 /
3cd0ed5.a6 42f9452a 043937 h ???????? 003 /wiki/DelIq
3cd10d9.0b 44b4e71a aec21f h ???????? 003 /wiki/BuergerInnen
3cd10f2.2c b44c0f93 a04d28 h ???????? 003 /wiki/MindZip
3cd1141.80 42f9452a 043937 h ???????? 004 /wiki/PotUi
3cd126e.10 42f9452a 043937 h ???????? 003 /wiki/LeoNet
3cd1394.38 42f94526 043937 h ???????? 003 /wiki/AndreasMalessa
3cd13af.fb 42f94526 622963 h ???????? 002 /go
3cd157a.24 b44c0fa0 a04d28 h ???????? 003 /wiki/MirkoSwillus
3cd171a.a2 42f94526 043937 h ???????? 003 /wiki/GriebenSchmalz
3cd1721.4d 42f94528 043937 h ???????? 003 /wiki/MenSch
3cd17d5.a9 a484a110 433e9c h ???????? 002 /edit/30166001
3cd1806.43 4a7d4c24 55c2cd h ???????? 002 //rss.rdf
3cd18c9.11 42f94526 043937 h ???????? 002 /base
3cd1982.e4 42f94526 043937 h ???????? 003 /wiki/TauSch
3cd1983.d1 42f94526 043937 h ???????? 002 /wiki/DeSign
3cd1998.58 9d372727 6a88e8 h ???????? 002 /wiki/MortalIsm
3cd199f.b0 42f94526 622963 h ???????? 001 /earth
3cd19a5.7a 9d37279c 6a88e8 s ???????? 015 /
3cd1a02.02 44b4e71a aec21f s ???????? 001 /robots.txt
3cd1a02.df 44b4e71a aec21f s ???????? 001 /AlphaCat
3cd1a9d.87 42f94528 043937 h ???????? 003 /wiki/GertrudeBaines
3cd1b11.a3 284da73f 6a88e8 h ???????? 003 /wiki/EstTla
3cd1d0c.18 42f94528 043937 h ???????? 003 /wiki/XingBus
3cd1dcd.7d 5f6cb561 e4b041 h ???????? 01e /
3cd1dde.2e 42f94526 622963 h ???????? 005 /wiki/WikiBasiert
3cd1e25.1a 42f9452a 043937 h ???????? 004 /wiki/KlausLandfried
3cd1f8d.71 42f94526 043937 h ???????? 003 /wiki/BilDung
3cd1fa7.59 42f94526 043937 h ???????? 003 /wiki/TorstenMauksch
3cd2092.5f b44c0f1d a04d28 h ???????? 003 /wiki/SingularAcademy
3cd21b8.61 42f94526 043937 h ???????? 003 /wiki/JackPot
3cd22df.5f 42f94528 043937 h ???????? 003 /wiki/RaUshna
3cd2407.a4 42f9452a 043937 h ???????? 004 /wiki/VebMind
3cd2531.da 0585b70e 7454d3 h ???????? 003 //rss.rdf
3cd253a.75 42f94528 043937 h ???????? 003 /wiki/DennisJ
3cd253c.5a 42f94526 043937 h ???????? 003 /wiki/JuliZeh
3cd27b2.d2 5f6cb561 e4b041 s ???????? 002 /robots.txt
3cd27b4.77 5f6cb561 e4b041 s ???????? 27af /math
3cd27fd.a4 42f9452a 043937 h ???????? 004 /wiki/EmPfang
3cd2810.2d 42f94526 043937 h ???????? 004 /wiki/LingnerSchloss
3cd28d8.36 42f94528 043937 h ???????? 003 /wiki/BizStone
3cd293f.91 3cbf28c4 057297 h ???????? 003 www.baidu.com:443
3cd2c3f.37 42f9570b 70a047 h ???????? 002 //rss.rdf
3cd2c47.8b 42f94528 043937 h ???????? 003 /wiki/SpouseOf
3cd2c50.5a 7db003a4 f54af9 h ???????? 018 /
3cd2ca2.34 42f9452a 622963 h ???????? 003 /t
3cd2cd8.e0 5f6cb561 e4b041 h ???????? 01a /
3cd2cec.d0 bc286647 7dfab1 h ???????? 002 //rss.jsp
3cd2cec.f9 bc286647 7dfab1 h ???????? 002 //rss.jsp
3cd2e96.3c 42f94528 043937 h ???????? 004 /wiki/KonzepTe
3cd2faa.9c 42f94526 043937 h ???????? 003 /wiki/SysAdmin
3cd31a0.a6 a484a130 433e9c h ???????? 002 /edit/21716001
3cd321a.79 975027b4 433e9c s ???????? 003 /robots.txt
3cd32b5.93 42f94528 043937 h ???????? 003 /wiki/RobGreen
3cd32b6.71 42f94528 622963 h ???????? 002 /system
3cd356f.a9 42f94526 043937 h ???????? 004 /wiki/StatusQuo
3cd35b0.0e 284da73c 6a88e8 h ???????? 019 /
3cd3622.62 42f9452a 043937 h ???????? 004 /wiki/InClusion
3cd36ae.6f 52c40c11 31e34f h ???????? 002 /robots.txt
3cd36ae.a0 52c40c11 31e34f h ???????? 004 /wiki/NooPolis
3cd36f4.65 42f94526 043937 h ???????? 003 /wiki/AusBlicke
3cd3865.93 9d372710 e39fc8 h ???????? 003 //wiki/AcceleratingFuturePeopleDatabase
3cd386a.65 cf2e0dbf e39fc8 h ???????? 004 //wiki/SingularityUniversity
3cd38ff.c0 42f94528 622963 h ???????? 003 /go
3cd3952.ee 42f94526 043937 h ???????? 004 /wiki/EinBlicke
3cd3c9d.83 42f9452a 043937 h ???????? 003 /wiki/TicTacToe
3cd3dce.58 42f9452a 043937 h ???????? 004 /wiki/PowerUser
3cd3eca.18 44b4e5da aec21f s ???????? 00a /robots.txt
3cd3ecb.34 44b4e5da aec21f s ???????? 423 /memo
3cd3efa.ec 42f9452a 043937 h ???????? 002 /film
3cd402b.8a 42f94528 043937 h ???????? 005 /wiki/RiceVille
3cd403f.05 42f94526 043937 h ???????? 003 /wiki/NewFlowerPower
3cd4152.11 42f94528 043937 h ???????? 00c /wiki/BenchMark
3cd4161.12 42f94528 043937 h ???????? 004 /wiki/HelgeSchneider
3cd420a.80 44b4e71a aec21f s ???????? 003 /lance
3cd428c.fe 42f9452a 043937 h ???????? 004 /wiki/FilmKunst
3cd431e.66 284da73f 6a88e8 h ???????? 023 /
3cd43a8.10 42f94528 043937 h ???????? 004 /wiki/SecretwarsBlog
3cd44bf.3a 42f94528 043937 h ???????? 00a /system
3cd461a.bc 42f94526 043937 h ???????? 004 /wiki/RaKu
3cd4649.d3 42f94526 043937 h ???????? 003 /wiki/ReisBauer
3cd464a.ab 42f94526 043937 h ???????? 004 /wiki/PantaRhei
3cd46de.dd 9b5e583a 66e770 h ???????? 01b /
3cd4837.b8 42f94528 043937 h ???????? 004 /wiki/DresdenProhlis
3cd489c.bb 42f94526 043937 h ???????? 004 /wiki/BackKunst
3cd4981.2b 42f94528 043937 h ???????? 009 /wiki/FloorPlan
3cd498e.28 42f94526 043937 h ???????? 00b /wiki/MitmachWeb
3cd4a49.96 42f94528 622963 h ???????? 002 /film
3cd4ac5.65 42f9452a 043937 h ???????? 004 /wiki/ShakeHands
3cd4d0d.78 42f9452a 043937 h ???????? 004 /wiki/PaedAgogik
3cd4d0e.77 42f94526 043937 h ???????? 003 /wiki/SecondLips
3cd4e34.4d 42f94526 043937 h ???????? 003 /wiki/DomainAgnostic
3cd4e38.ad 42f94526 043937 h ???????? 004 /wiki/RdfsString
3cd4f29.42 9d37270f 6a88e8 h ???????? 002 //robots.txt
3cd4f31.bc cf2e0dbf e39fc8 h ???????? 004 //wiki/JanBoehme
3cd503f.53 42f94528 043937 h ???????? 003 /crush
3cd50a8.72 42f94528 043937 h ???????? 004 /wiki/FachWissen
3cd50a9.cd 42f94528 043937 h ???????? 004 /wiki/QuantumJvm
3cd51bc.36 42f94528 043937 h ???????? 00d /wiki/JohannesFr
3cd52e8.16 42f94528 043937 h ???????? 005 /wiki/FreeLancer
3cd5479.3a 42f9452a 043937 h ???????? 005 /wiki/QuerDenken
3cd5669.e5 42f94528 622963 h ???????? 003 /earth
3cd56a2.66 42f95707 70a047 h ???????? 003 //rss.rdf
3cd5723.f7 a93c8063 bee07d h ???????? 003 /robots.txt
3cd5724.68 a93c8063 bee07d h ???????? 004 /wiki/NeuroSemanticWeb
3cd57c5.59 33ff4152 433e9c h ???????? 01b /edit/12726002
3cd58b1.64 42f9452a 043937 h ???????? 005 /wiki/NySe
3cd59ec.12 426608c8 002725 h ???????? 003 /favicon.ico
3cd5a61.3e 284da73f 6a88e8 s ???????? 1b3d /age
3cd5b96.30 3ee3cd47 057297 h ???????? 004 /wiki/NettoKom
3cd5bd5.da 42f945d9 043937 s ???????? 003 /robots.txt
3cd5bd6.7e 42f945db 043937 s ???????? 025 /
3cd5c02.51 42f94526 043937 h ???????? 004 /wiki/GoTo
3cd5e98.7a 42f9452a 043937 h ???????? 004 /wiki/ToKyo
3cd607e.af 42f9452a 043937 h ???????? 003 /base/robots.txt
3cd6105.b6 36e5cea5 3bd86e h ???????? 01e /
3cd618d.f1 42f94526 622963 h ???????? 002 /t
3cd621a.09 42f9452a 043937 h ???????? 005 /wiki/JeWus
3cd634f.6f 42f94528 043937 h ???????? 005 /wiki/FanTi
3cd647e.f5 42f94526 043937 h ???????? 004 /wiki/KaIoo
3cd667f.8c 5f6cb561 e4b041 h ???????? 003 /robots.txt
3cd6683.63 5f6cb561 e4b041 h ???????? 01e /
3cd66a5.12 42f9452a 043937 h ???????? 002 /base
3cd6834.52 42f9404a 043937 h ???????? 007 /wiki/MaFa
3cd6b66.8d 33ff4138 433e9c h ???????? 002 /edit/23296002
3cd6c2f.7a 42f94528 622963 h ???????? 003 /system
3cd6c91.cb 9d372710 e39fc8 h ???????? 005 //wiki/BluePedia
3cd6de9.5c 42f9452a 043937 h ???????? 005 /wiki/UrKuss
3cd6f10.28 42f94528 043937 h ???????? 005 /wiki/ZuLRqr
3cd7281.13 42f94526 043937 h ???????? 004 /wiki/PieschenTv
3cd7284.3a 42f94528 043937 h ???????? 002 /wiki/FugenEs
3cd72fb.dc 42f94528 622963 h ???????? 001 /go
3cd738e.35 d9b68444 433e9c h ???????? 001 /edit/25386001
3cd74e6.0c 42f94528 043937 h ???????? 002 /wiki/PerCent
3cd771b.d3 b44c0f98 a04d28 h ???????? 003 /wiki/%3Ca%20class=%22blue%22%20href=%22/wiki/ViewSource%22%3EViewSource%3C/a%3E
3cd7869.1f 42f9452a 043937 h ???????? 002 /wiki/HongKong
3cd79a2.d1 42f94528 043937 h ???????? 003 /wiki/GoogleOs
3cd79d5.72 42f9452a 043937 h ???????? 002 /go
3cd7ac2.62 42f94526 043937 h ???????? 002 /wiki/AlwaysOn
3cd7ae4.90 42f94526 622963 h ???????? 001 /base
3cd7afd.3d 548426ac aa645a h ???????? 013 /
3cd7ba3.df 284da73f 6a88e8 h ???????? 003 /wiki/MindBot
3cd7bed.10 42f94528 043937 h ???????? 002 /wiki/FarFuture
3cd7d20.50 42f94528 043937 h ???????? 002 /wiki/EarthLife
3cd7f77.84 42f9452a 043937 h ???????? 003 /wiki/JohnPerry
3cd7ff7.85 42f95707 70a047 h ???????? 001 //rss.rdf
3cd82f1.b7 42f94528 043937 h ???????? 003 /wiki/HenryHelm
3cd86a7.a8 894acf77 433e9c h ???????? 002 /edit/24606001
3cd8782.42 42f94526 043937 h ???????? 002 /wiki/TelePresence
3cd8799.08 42f9455f 043937 h ???????? 019 /
3cd879b.f3 42f9455d 043937 h ???????? 011 /feel/10
3cd88d1.99 42f94528 043937 h ???????? 002 /wiki/JamSession
3cd88e5.73 42f94528 043937 h ???????? 002 /crush
3cd8a44.7a 42f94526 043937 h ???????? 003 /wiki/ThKu
3cd8c6c.e4 42f9452a 043937 h ???????? 007 /wiki/JoseTajada
3cd8cf7.ae b9bfcc0c 7822a7 h ???????? 002 /hot
3cd8d6c.ee 4d4b4f24 6a9392 s ???????? 002 /robots.txt
3cd8d6d.e3 4d4b4f24 6a9392 s ???????? 002 /wiki/EtAl
3cd8d6e.80 4d4b4f24 6a9392 h ???????? 002 /robots.txt
3cd8d6e.df 4d4b4f24 6a9392 h ???????? 002 //wiki/LockSchuppen
3cd8d99.73 42f945da 043937 h ???????? 002 /robots.txt
3cd8d99.ab 42f945da 043937 h ???????? 013 /
3cd8dbd.00 cf2e0dbf e39fc8 h ???????? 003 //wiki/MindFee
3cd8e38.80 4706cac6 ef60d6 s ???????? 002 /xxbb
3cd8f50.88 42f9452a 043937 h ???????? 002 /earth/robots.txt
3cd8fb6.db 9e457636 fdc79c h ???????? 019 /
3cd9100.81 42f94526 043937 h ???????? 003 /wiki/SchallWelle
3cd92cf.de b44c0f8b a04d28 h ???????? 001 /edit/22776001
3cd9368.62 42f94526 043937 h ???????? 002 /film
3cd94c6.28 b44c0f17 a04d28 h ???????? 002 /wiki/%3Ca%20class=%22blue%22%20href=%22/wiki/PlanetErde%22%3EPlanetErde%3C/a%3E
3cd95c0.d9 42f9452a 043937 h ???????? 002 /wiki/BriefKasten
3cd9778.e4 17e44a62 458e86 h ???????? 015 /
3cd98e5.cf cd8b8d36 209ef4 h ???????? 002 //rss.rdf
3cd9931.4a 42f94526 043937 h ???????? 003 /wiki/ChristineSt
3cd9a5d.c7 42f9452a 043937 h ???????? 002 /system
3cd9a9f.df b44c0f1f a04d28 h ???????? 002 /wiki/RePl
3cd9b87.29 42f9452a 043937 h ???????? 002 /wiki/JohnColtrane
3cd9cb8.bc 42f94526 043937 h ???????? 003 /wiki/EightyTwenty
3cd9e2a.39 42f94528 043937 h ???????? 002 /t/robots.txt
3cda03c.0e 42f94526 043937 h ???????? 003 /wiki/HansOlafHenkel
3cda154.68 42f94526 622963 h ???????? 002 /film
3cda16e.d4 42f94528 043937 h ???????? 003 /wiki/DanielMehner
3cda28e.ee 42f94528 043937 h ???????? 003 /wiki/GrosseSpruenge
3cda30a.54 42f94528 043937 h ???????? 001 /system/robots.txt
3cda39c.96 44b4e71a aec21f h ???????? 001 /robots.txt
3cda39d.2e 44b4e71a aec21f h ???????? 002 /wiki/LogIn
3cda40c.c2 42f9452a 043937 h ???????? 003 /wiki/PietMondrian
3cda432.e5 284da77f 6a88e8 s ???????? 01c /
3cda5f9.26 4b7f0a98 45378f h ???????? 002 //rss.rdf
3cda61d.44 42f9452a 043937 h ???????? 003 /wiki/StammKapital
3cda728.b0 42f9452a 043937 h ???????? 001 /crush
3cda739.51 42f94528 043937 h ???????? 003 /wiki/MatthiasNaumann
3cda746.cb 42f94528 043937 h ???????? 003 /wiki/TomoCerovsek
3cda7b4.c2 42f94526 043937 h ???????? 002 /go
3cda8e5.c7 42f9452a 043937 h ???????? 003 /wiki/IntegritasPerfectioConsonantiaCommensuratioConvenientiaClaritas
3cda911.57 d8f442fa 2e51d1 h ???????? 002 //robots.txt
3cda9a1.40 42f94528 043937 h ???????? 003 /wiki/SafariBrowser
3cdaa7a.77 42f9570b 70a047 h ???????? 002 //rss.rdf
3cdaa85.d2 44b4e71a aec21f s ???????? 003 /wiki/MaVa
3cdabcf.f7 42f9452a 043937 h ???????? 003 /wiki/PharmaIndustrie
3cdabf7.de 42f94526 043937 h ???????? 003 /wiki/PressConference
3cdac02.61 42f94528 043937 h ???????? 004 /wiki/LinusTorvalds
3cdad2e.f1 42f94528 622963 h ???????? 002 /earth
3cdadee.8b a646cf02 cc9bbb h ???????? 016 /
3cdae49.a9 42f94526 043937 h ???????? 003 /wiki/CoLlaboration
3cdaec7.c7 c2bbaa7e ac35e0 h ???????? 002 //robots.txt
3cdafcd.7f 44b4e71a aec21f h ???????? 002 /feed
3cdafd4.bf b44c0f0c a04d28 h ???????? 016 /
3cdb002.1e 42f9452a 043937 h ???????? 003 /wiki/WissensKapser
3cdb1aa.0b 33ff4158 433e9c h ???????? 002 /edit/29146007
3cdb300.3e 42f94526 043937 h ???????? 003 /wiki/SpencerTunick
3cdb311.ef 42f94528 622963 h ???????? 002 /t
3cdb437.5c 284da73f 6a88e8 h ???????? 004 /wiki/KeineWerbungGesetz
3cdb490.fb 6c3b0846 028fc4 h ???????? 002 /robots.txt
3cdb492.c2 6c3b0846 028fc4 h ???????? 020 /
3cdb6bc.a3 b96e84ef 323110 h ???????? 017 /
3cdb7b0.cb 42f94526 043937 h ???????? 003 /wiki/AlexanderBass
3cdb867.e1 42f94528 043937 h ???????? 002 /base
3cdba0a.f2 42f9452a 043937 h ???????? 003 /wiki/BilanzPflicht
3cdba1e.a8 284da73f 6a88e8 h ???????? 017 /
3cdbb16.bc 894acfa4 433e9c h ???????? 004 /wiki/WahrSchein
3cdbb37.f4 42f94526 043937 h ???????? 009 /wiki/SuchMaschinen
3cdbb37.f8 42f94528 043937 h ???????? 001 /robots.txt
3cdbbeb.0a 88f35310 278398 s ???????? 002 /robots.txt
3cdbbeb.98 a4843451 eb026b s ???????? 002 /bcHead
3cdbbeb.43 88f35310 278398 s ???????? 151 /sh
3cdbc60.d4 42f9452a 043937 h ???????? 003 /wiki/JohnEHopcroft
3cdbcc5.82 42f94530 043937 s ???????? 002 /robots.txt
3cdbd22.73 42f94534 043937 s ???????? 051 /ls
3cdbd80.5a a2d2c462 028fc4 h ???????? 007 //robots.txt
3cdbd84.7a a2d2c462 028fc4 h ???????? 017 /
3cdbd8e.d1 42f94528 043937 h ???????? 003 /wiki/SteffenBecker
3cdbdd9.69 42f94526 622963 h ???????? 002 /system
3cdbe96.d1 26633e5d 1a71c7 h ???????? 021 /
3cdc10d.87 42f94528 043937 h ???????? 00a /wiki/OneNightStand
3cdc242.b3 42f9452a 043937 h ???????? 003 /wiki/DavidRGilbert
3cdc36a.db 42f9452a 043937 h ???????? 003 /wiki/StartingPoint
3cdc3dc.0e 42f94528 622963 h ???????? 002 /go
3cdc434.af 5b42f3d0 435935 h ???????? 019 /
3cdc435.10 5b42f3d0 435935 h ???????? 002 /favicon.ico
3cdc439.0e 5b42f3d0 435935 h ???????? 002 /feel/4
3cdc499.5c 42f94526 043937 h ???????? 004 /wiki/KatjaMoosdorf
3cdc52e.f8 d9b68498 433e9c h ???????? 004 /wiki/StadtDresden2056
3cdc5ed.f3 42f9452a 043937 h ???????? 004 /wiki/TauschSysteme
3cdc940.a5 42f9452a 043937 h ???????? 003 /wiki/EtielPetrinja
3cdc946.78 42f94528 043937 h ???????? 003 /wiki/UnitedKingdom
3cdca5d.50 d94585ec 399ff9 h ???????? 003 /robots.txt
3cdca5e.53 42f9453a 043937 s ???????? 002 /.well-known/apple-app-site-association
3cdca62.91 d94585f0 399ff9 h ???????? 003 /wiki/TuerAn
3cdca67.5a 42f9452e 043937 h ???????? 005 /wiki/DanijelRebolj
3cdccc4.06 42f94528 043937 h ???????? 004 /wiki/NahOstKonflikt
3cdce48.8e 42f94526 043937 h ???????? 003 /wiki/TiBr
3cdce66.22 42f94528 043937 h ???????? 003 /film/robots.txt
3cdceeb.e0 88f35310 278398 s ???????? 003 /robots.txt
3cdceec.17 88f35310 278398 s ???????? 002 /edit
3cdd048.b2 42f94526 043937 h ???????? 002 /go
3cdd050.e8 42f94528 043937 h ???????? 003 /wiki/SaxoniaSystems
3cdd18d.ac 9d3727da 6a88e8 s ???????? 01a /
3cdd1a7.6a 42f94530 043937 h ???????? 003 /wiki/EmmaZeitschrift
3cdd1b2.bc 42f9452c 043937 h ???????? 003 /wiki/KindOderKarriere
3cdd26d.12 36c415f3 2baa92 h ???????? 019 /
3cdd29d.69 42f9452c 043937 h ???????? 004 /wiki/EnricoSkottnik
3cdd3c0.c4 33ff412d 433e9c h ???????? 003 /wiki/LockOffice
3cdd3f5.0a 42f9452a 043937 h ???????? 008 /wiki/JosefSchneider
3cdd3f5.26 33ff4144 433e9c h ???????? 002 /edit/30966001
3cdd43a.f8 bca5e74d 976046 h ???????? 004 /wiki/RainerWasserfuhr
3cdd4c7.19 42f95707 70a047 h ???????? 002 //rss.rdf
3cdd628.ab 42f94526 622963 h ???????? 002 /base
3cdd79a.a3 42f94526 043937 h ???????? 004 /wiki/LandschaftsArchitekt
3cddc09.19 42f94526 043937 h ???????? 003 /wiki/MichaelJuenger
3cddc53.d6 5571d02b b28cfa h ???????? 01a /
3cddd87.3a 42f945d9 622963 s ???????? 024 /
3cdde59.2c 42f9452a 043937 h ???????? 004 /wiki/AndreRauschert
3cdde5a.7a 42f94526 043937 h ???????? 003 /wiki/ColinSchlueter
3cde03a.eb c8af94c3 ebd96b h ???????? 01c /
3cde178.ee 284da77f 6a88e8 s ???????? 023 /
3cde1ea.b6 42f94526 043937 h ???????? 004 /wiki/ChristianWende
3cde1eb.94 42f94526 043937 h ???????? 003 /wiki/FlightSecurity
3cde31a.4e b44c0f97 a04d28 h ???????? 01b /
3cde435.59 42f94528 043937 h ???????? 004 /wiki/HueblerStrasse
3cde436.42 42f94528 043937 h ???????? 004 /wiki/RainerWasserfuhr
3cde561.54 42f9452a 043937 h ???????? 004 /wiki/GeierSturzflug
3cde6a2.a6 42f94528 043937 h ???????? 004 /wiki/UnternehmensBeratung
3cde7c4.3b 42f94526 043937 h ???????? 004 /wiki/HolgerBertling
3cde7c4.f1 44b4e71a aec21f s ???????? 002 /edit/81055005
3cdea2f.ca 42f94528 043937 h ???????? 003 /film
3cdea4f.19 42f94526 043937 h ???????? 004 /wiki/MarkusBracklow
3cded97.af 42f9452a 043937 h ???????? 004 /wiki/ElseBuschheuer
3cded98.a5 42f94526 043937 h ???????? 003 /wiki/DenkKoordinate
3cdeeae.f1 42f94526 043937 h ???????? 004 /wiki/PhilippeGreier
3cdeefa.53 42f9452a 043937 h ???????? 004 /wiki/ExPo
3cdefdb.7c 42f94526 043937 h ???????? 003 /system
3cdf0d5.42 bd233cd3 32c7bf h ???????? 003 /hndUnblock.cgi
3cdf0d8.33 bd233cd3 32c7bf h ???????? 002 /hndUnblock.cgi
3cdf0db.42 bd233cd3 32c7bf h ???????? 002 /moo
3cdf0de.59 bd233cd3 32c7bf h ???????? 024 /
3cdf250.7c 42f94526 043937 h ???????? 004 /wiki/InnovationGraph
3cdf39c.bd a484a29e 433e9c h ???????? 002 /edit/30936002
3cdf49b.1c 42f94526 043937 h ???????? 004 /wiki/RMoziB
3cdf563.d7 42f94526 622963 h ???????? 002 /film
3cdf57d.47 42f94530 043937 s ???????? 002 /edit/23835003
3cdf823.29 42f94528 043937 h ???????? 004 /wiki/ProVinz
3cdf93b.63 42f9452a 043937 h ???????? 004 /wiki/SeeAlso
3cdf968.58 42f9452a 043937 h ???????? 003 /see/756dd445c83285926544d9bc3445d121
3cdfa75.9f 42f9452a 043937 h ???????? 002 /see/8d148e9839750b83cd40dfceb96e9d24
3cdfaf8.72 9d372760 6a88e8 h ???????? 021 /
3cdfb87.bb 5aae849c 573285 h ???????? 003 /mysql/admin/
3cdfb87.ed 5aae849c 573285 h ???????? 003 /mysql/admin/
3cdfb88.30 5aae849c 573285 h ???????? 002 /mysql/dbadmin/
3cdfb88.a6 5aae849c 573285 h ???????? 001 /mysql/dbadmin/
3cdfb88.d3 5aae849c 573285 h ???????? 001 /mysql/sqlmanager/
3cdfb88.f6 5aae849c 573285 h ???????? 000 /mysql/sqlmanager/
3cdfb89.29 5aae849c 573285 h ???????? 001 /mysql/mysqlmanager/
3cdfb89.4e 5aae849c 573285 h ???????? 001 /mysql/mysqlmanager/
3cdfb89.89 5aae849c 573285 h ???????? 002 /phpmyadmin/
3cdfb89.b1 5aae849c 573285 h ???????? 001 /phpmyadmin/
3cdfb89.e5 5aae849c 573285 h ???????? 005 /phpMyadmin/
3cdfb8a.0a 5aae849c 573285 h ???????? 002 /phpMyadmin/
3cdfb8a.3a 5aae849c 573285 h ???????? 001 /phpMyAdmin/
3cdfb8a.60 5aae849c 573285 h ???????? 001 /phpMyAdmin/
3cdfb8a.92 5aae849c 573285 h ???????? 001 /phpmyAdmin/
3cdfb8a.b7 5aae849c 573285 h ???????? 002 /phpmyAdmin/
3cdfb8a.e8 5aae849c 573285 h ???????? 001 /phpmyadmin2/
3cdfb8b.0b 5aae849c 573285 h ???????? 001 /phpmyadmin2/
3cdfb8b.3c 5aae849c 573285 h ???????? 001 /phpmyadmin3/
3cdfb8b.5f 5aae849c 573285 h ???????? 001 /phpmyadmin3/
3cdfb8b.95 5aae849c 573285 h ???????? 001 /phpmyadmin4/
3cdfb8b.c2 5aae849c 573285 h ???????? 001 /phpmyadmin4/
3cdfb8b.fb 5aae849c 573285 h ???????? 001 /2phpmyadmin/
3cdfb8c.2a 5aae849c 573285 h ???????? 001 /2phpmyadmin/
3cdfb8c.5d 5aae849c 573285 h ???????? 001 /phpmy/
3cdfb8c.88 5aae849c 573285 h ???????? 001 /phpmy/
3cdfb8c.bd 5aae849c 573285 h ???????? 001 /phppma/
3cdfb8c.e6 5aae849c 573285 h ???????? 001 /phppma/
3cdfb8d.1e 5aae849c 573285 h ???????? 002 /myadmin/
3cdfb8d.49 5aae849c 573285 h ???????? 002 /myadmin/
3cdfb8d.c8 a4843451 eb026b s ???????? 002 /bcHead
3cdfb8d.84 5aae849c 573285 h ???????? 10b /shopdb/
3cdfb8e.0c a4843451 eb026b s ???????? 002 /bcHead
3cdfb8d.ee 5aae849c 573285 h ???????? 076 /shopdb/
3cdfb8e.45 5aae849c 573285 h ???????? 001 /MyAdmin/
3cdfb8e.73 5aae849c 573285 h ???????? 001 /MyAdmin/
3cdfb8e.a8 5aae849c 573285 h ???????? 001 /program/
3cdfb8e.d4 5aae849c 573285 h ???????? 001 /program/
3cdfb8f.0d 5aae849c 573285 h ???????? 001 /PMA/
3cdfb8f.3c 5aae849c 573285 h ???????? 002 /PMA/
3cdfb8f.76 5aae849c 573285 h ???????? 001 /dbadmin/
3cdfb8f.9a 5aae849c 573285 h ???????? 001 /dbadmin/
3cdfb8f.d0 5aae849c 573285 h ???????? 001 /pma/
3cdfb8f.f6 5aae849c 573285 h ???????? 001 /pma/
3cdfb90.29 5aae849c 573285 h ???????? 001 /db/
3cdfb90.51 5aae849c 573285 h ???????? 001 /db/
3cdfb90.83 5aae849c 573285 h ???????? 001 /admin/
3cdfb90.a9 5aae849c 573285 h ???????? 001 /admin/
3cdfb90.e0 5aae849c 573285 h ???????? 002 /mysql/
3cdfb91.12 5aae849c 573285 h ???????? 002 /mysql/
3cdfb91.4b 5aae849c 573285 h ???????? 002 /database/
3cdfb91.7b 5aae849c 573285 h ???????? 002 /database/
3cdfb91.b1 5aae849c 573285 h ???????? 002 /db/phpmyadmin/
3cdfb91.e2 5aae849c 573285 h ???????? 001 /db/phpmyadmin/
3cdfb92.1a 5aae849c 573285 h ???????? 001 /db/phpMyAdmin/
3cdfb92.3f 5aae849c 573285 h ???????? 002 /db/phpMyAdmin/
3cdfb92.73 5aae849c 573285 h ???????? 002 /sqlmanager/
3cdfb92.99 5aae849c 573285 h ???????? 002 /sqlmanager/
3cdfb92.cb 5aae849c 573285 h ???????? 002 /mysqlmanager/
3cdfb94.c7 42f9452a 043937 h ???????? 002 /see/9b8a52768a04dfd94f1416883cd0ffcd
3cdfb95.ca 42f94526 043937 h ???????? 002 /crush
3cdfba3.42 42f94526 043937 h ???????? 002 /wiki/CodeCheck
3cdfc8e.d7 5aae849c 573285 h ???????? 002 /mysqlmanager/
3cdfc8e.d9 5aae849c 573285 h ???????? 001 /php-myadmin/
3cdfc8e.fe 5aae849c 573285 h ???????? 001 /php-myadmin/
3cdfc8f.39 5aae849c 573285 h ???????? 002 /phpmy-admin/
3cdfc8f.6a 5aae849c 573285 h ???????? 002 /phpmy-admin/
3cdfc8f.a7 5aae849c 573285 h ???????? 008 /mysqladmin/
3cdfc8f.cd 5aae849c 573285 h ???????? 001 /mysqladmin/
3cdfc90.02 5aae849c 573285 h ???????? 001 /mysql-admin/
3cdfc90.2e 5aae849c 573285 h ???????? 001 /mysql-admin/
3cdfc90.69 5aae849c 573285 h ???????? 002 /admin/phpmyadmin/
3cdfc90.92 5aae849c 573285 h ???????? 002 /admin/phpmyadmin/
3cdfc90.c9 5aae849c 573285 h ???????? 001 /admin/phpMyAdmin/
3cdfc90.f2 5aae849c 573285 h ???????? 002 /admin/phpMyAdmin/
3cdfc91.2b 5aae849c 573285 h ???????? 001 /admin/sysadmin/
3cdfc91.57 5aae849c 573285 h ???????? 007 /admin/sysadmin/
3cdfc91.8e 5aae849c 573285 h ???????? 002 /admin/sqladmin/
3cdfc91.bb 5aae849c 573285 h ???????? 001 /admin/sqladmin/
3cdfc91.ed 5aae849c 573285 h ???????? 001 /admin/db/
3cdfc92.1b 5aae849c 573285 h ???????? 002 /admin/db/
3cdfc92.55 5aae849c 573285 h ???????? 002 /admin/web/
3cdfc92.84 5aae849c 573285 h ???????? 002 /admin/web/
3cdfc92.b9 5aae849c 573285 h ???????? 002 /admin/pMA/
3cdfc92.e5 5aae849c 573285 h ???????? 001 /admin/pMA/
3cdfc93.17 5aae849c 573285 h ???????? 007 /mysql/pma/
3cdfc93.41 5aae849c 573285 h ???????? 002 /mysql/pma/
3cdfc93.7b 5aae849c 573285 h ???????? 002 /mysql/db/
3cdfc93.a3 5aae849c 573285 h ???????? 002 /mysql/db/
3cdfc93.d9 5aae849c 573285 h ???????? 002 /mysql/web/
3cdfc94.05 5aae849c 573285 h ???????? 001 /mysql/web/
3cdfc94.3d 5aae849c 573285 h ???????? 002 /mysql/pMA/
3cdfc94.75 5aae849c 573285 h ???????? 002 /mysql/pMA/
3cdfc94.b3 5aae849c 573285 h ???????? 002 /sql/phpmanager/
3cdfc94.db 5aae849c 573285 h ???????? 008 /sql/phpmanager/
3cdfc95.20 5aae849c 573285 h ???????? 002 /sql/php-myadmin/
3cdfc95.4e 5aae849c 573285 h ???????? 002 /sql/php-myadmin/
3cdfc95.8a 5aae849c 573285 h ???????? 002 /sql/phpmy-admin/
3cdfc95.bb 5aae849c 573285 h ???????? 001 /sql/phpmy-admin/
3cdfc95.f9 5aae849c 573285 h ???????? 002 /sql/sql/
3cdfc96.32 5aae849c 573285 h ???????? 002 /sql/sql/
3cdfc96.6c 5aae849c 573285 h ???????? 002 /sql/myadmin/
3cdfc96.a3 5aae849c 573285 h ???????? 002 /sql/myadmin/
3cdfc96.dd 5aae849c 573285 h ???????? 008 /sql/webadmin/
3cdfc97.10 5aae849c 573285 h ???????? 002 /sql/webadmin/
3cdfc97.4e 5aae849c 573285 h ???????? 002 /sql/sqlweb/
3cdfc97.79 5aae849c 573285 h ???????? 001 /sql/sqlweb/
3cdfc97.b8 5aae849c 573285 h ???????? 002 /sql/websql/
3cdfc97.e5 5aae849c 573285 h ???????? 002 /sql/websql/
3cdfc98.23 5aae849c 573285 h ???????? 001 /sql/webdb/
3cdfcf7.53 42f94526 043937 h ???????? 002 /see/06341cf41c2cac4ea19dae0fbfd521ed
3cdfcf9.69 42f9452a 043937 h ???????? 002 /see/d953289a6f6be845a55b3980f8c0f16b
3cdfd4f.02 68ecd999 0cf351 h ???????? 003 //robots.txt
3cdfdfe.c6 42f94526 043937 h ???????? 002 /see/97b900490bd6b3c6366842dd7e0cd9c0
3cdfe32.4c b44c0f0b a04d28 h ???????? 003 /wiki/MindPrize
3cdfe34.c7 44b4e71a aec21f s ???????? 002 /robots.txt
3cdfe36.0b 44b4e71a aec21f s ???????? 003 /wiki/ZeitPunkt
3cdfef8.c1 5aae849c 573285 h ???????? 003 /sql/sqladmin/
3cdfef8.ef 5aae849c 573285 h ???????? 002 /sql/sqladmin/
3cdfef9.2b 5aae849c 573285 h ???????? 002 /sql/sql-admin/
3cdfef9.59 5aae849c 573285 h ???????? 002 /sql/sql-admin/
3cdfef9.9c 5aae849c 573285 h ???????? 002 /sql/phpmyadmin2/
3cdfef9.d3 5aae849c 573285 h ???????? 002 /sql/phpmyadmin2/
3cdfefa.0d 5aae849c 573285 h ???????? 002 /sql/phpMyAdmin2/
3cdfefa.3f 5aae849c 573285 h ???????? 002 /sql/phpMyAdmin2/
3cdfefa.80 5aae849c 573285 h ???????? 002 /sql/phpMyAdmin/
3cdfefa.b7 5aae849c 573285 h ???????? 002 /sql/phpMyAdmin/
3cdfefa.f2 5aae849c 573285 h ???????? 002 /db/myadmin/
3cdfefb.1c 5aae849c 573285 h ???????? 002 /db/myadmin/
3cdfefb.5b 5aae849c 573285 h ???????? 002 /db/webadmin/
3cdfefb.8f 5aae849c 573285 h ???????? 001 /db/webadmin/
3cdfefb.c9 5aae849c 573285 h ???????? 001 /db/dbweb/
3cdfefb.f8 5aae849c 573285 h ???????? 002 /db/dbweb/
3cdfefc.2f 5aae849c 573285 h ???????? 002 /db/websql/
3cdfefc.5a 5aae849c 573285 h ???????? 002 /db/websql/
3cdfefc.9c 5aae849c 573285 h ???????? 002 /db/webdb/
3cdfefc.cc 5aae849c 573285 h ???????? 002 /db/webdb/
3cdfefd.07 5aae849c 573285 h ???????? 002 /db/dbadmin/
3cdfefd.36 5aae849c 573285 h ???????? 002 /db/dbadmin/
3cdfefd.71 5aae849c 573285 h ???????? 003 /db/db-admin/
3cdfefd.a3 5aae849c 573285 h ???????? 002 /db/db-admin/
3cdfefd.e3 5aae849c 573285 h ???????? 002 /db/phpmyadmin3/
3cdfefe.12 5aae849c 573285 h ???????? 002 /db/phpmyadmin3/
3cdfefe.4e 5aae849c 573285 h ???????? 002 /db/phpMyAdmin3/
3cdfefe.7e 5aae849c 573285 h ???????? 002 /db/phpMyAdmin3/
3cdfefe.bd 5aae849c 573285 h ???????? 002 /db/phpMyAdmin-3/
3cdfefe.ea 5aae849c 573285 h ???????? 002 /db/phpMyAdmin-3/
3cdfeff.23 5aae849c 573285 h ???????? 002 /administrator/phpmyadmin/
3cdfeff.52 5aae849c 573285 h ???????? 002 /administrator/phpmyadmin/
3cdfeff.98 5aae849c 573285 h ???????? 002 /administrator/phpMyAdmin/
3cdfeff.cd 5aae849c 573285 h ???????? 002 /administrator/phpMyAdmin/
3cdff00.0e 5aae849c 573285 h ???????? 002 /administrator/db/
3cdff00.82 5aae849c 573285 h ???????? 002 /administrator/db/
3cdff00.c5 5aae849c 573285 h ???????? 002 /administrator/web/
3cdff00.f7 5aae849c 573285 h ???????? 002 /administrator/web/
3cdff01.38 5aae849c 573285 h ???????? 002 /administrator/pma/
3cdff01.6c 5aae849c 573285 h ???????? 002 /administrator/pma/
3cdff01.b1 5aae849c 573285 h ???????? 002 /administrator/PMA/
3cdff01.e4 5aae849c 573285 h ???????? 002 /administrator/PMA/
3cdff02.29 5aae849c 573285 h ???????? 002 /administrator/admin/
3cdff02.61 5aae849c 573285 h ???????? 002 /administrator/admin/
3cdff02.a3 5aae849c 573285 h ???????? 002 /phpMyAdmin2/
3cdff02.d7 5aae849c 573285 h ???????? 003 /phpMyAdmin2/
3cdff03.26 5aae849c 573285 h ???????? 002 /phpMyAdmin3/
3cdff03.5c 5aae849c 573285 h ???????? 003 /phpMyAdmin3/
3cdff03.9f 5aae849c 573285 h ???????? 002 /phpMyAdmin4/
3cdff03.d5 5aae849c 573285 h ???????? 002 /phpMyAdmin4/
3cdff04.11 5aae849c 573285 h ???????? 002 /phpMyAdmin-3/
3cdff04.49 5aae849c 573285 h ???????? 00c /phpMyAdmin-3/
3cdff04.85 5aae849c 573285 h ???????? 002 /php-my-admin/
3cdff04.ba 5aae849c 573285 h ???????? 002 /php-my-admin/
3cdff04.fc 5aae849c 573285 h ???????? 003 /PMA2011/
3cdff05.30 5aae849c 573285 h ???????? 003 /PMA2011/
3cdff05.78 5aae849c 573285 h ???????? 002 /PMA2012/
3cdff05.b2 5aae849c 573285 h ???????? 003 /PMA2012/
3cdff05.f2 5aae849c 573285 h ???????? 002 /PMA2013/
3cdff06.2d 5aae849c 573285 h ???????? 002 /PMA2013/
3cdff06.73 5aae849c 573285 h ???????? 003 /PMA2014/
3cdff06.ae 5aae849c 573285 h ???????? 002 /PMA2014/
3cdff07.31 5aae849c 573285 h ???????? 002 /PMA2015/
3cdff07.5e 5aae849c 573285 h ???????? 001 /PMA2015/
3cdff07.97 5aae849c 573285 h ???????? 001 /PMA2016/
3cdff07.c2 5aae849c 573285 h ???????? 002 /PMA2016/
3cdff07.f1 5aae849c 573285 h ???????? 001 /PMA2017/
3cdff08.16 5aae849c 573285 h ???????? 002 /PMA2017/
3cdff08.54 5aae849c 573285 h ???????? 002 /PMA2018/
3cdff08.83 5aae849c 573285 h ???????? 006 /PMA2018/
3cdff08.b2 5aae849c 573285 h ???????? 002 /pma2011/
3cdff08.da 5aae849c 573285 h ???????? 002 /pma2011/
3cdff09.08 5aae849c 573285 h ???????? 002 /pma2012/
3cdff09.2e 5aae849c 573285 h ???????? 002 /pma2012/
3cdff0a.60 5aae849c 573285 h ???????? 003 /pma2013/
3cdff0a.8b 5aae849c 573285 h ???????? 001 /pma2013/
3cdff0a.c6 5aae849c 573285 h ???????? 001 /pma2014/
3cdff0a.f5 5aae849c 573285 h ???????? 001 /pma2014/
3cdff0b.3f 5aae849c 573285 h ???????? 001 /pma2015/
3cdff0b.74 5aae849c 573285 h ???????? 001 /pma2015/
3cdff0b.b5 5aae849c 573285 h ???????? 001 /pma2016/
3cdff0b.e4 5aae849c 573285 h ???????? 001 /pma2016/
3cdff0c.1a 5aae849c 573285 h ???????? 001 /pma2017/
3cdff0c.47 5aae849c 573285 h ???????? 001 /pma2017/
3cdff0c.86 5aae849c 573285 h ???????? 002 /pma2018/
3cdff0c.b9 5aae849c 573285 h ???????? 002 /pma2018/
3cdff0c.f9 5aae849c 573285 h ???????? 002 /phpmyadmin2011/
3cdff0d.26 5aae849c 573285 h ???????? 001 /phpmyadmin2011/
3cdff0d.5e 5aae849c 573285 h ???????? 002 /phpmyadmin2012/
3cdff0d.8f 5aae849c 573285 h ???????? 001 /phpmyadmin2012/
3cdff0d.c9 5aae849c 573285 h ???????? 001 /phpmyadmin2013/
3cdff0d.f4 5aae849c 573285 h ???????? 002 /phpmyadmin2013/
3cdff0e.27 5aae849c 573285 h ???????? 002 /phpmyadmin2014/
3cdff0e.53 5aae849c 573285 h ???????? 001 /phpmyadmin2014/
3cdff0e.87 5aae849c 573285 h ???????? 002 /phpmyadmin2015/
3cdff0e.b8 5aae849c 573285 h ???????? 001 /phpmyadmin2015/
3cdff0e.ee 5aae849c 573285 h ???????? 001 /phpmyadmin2016/
3cdff0f.19 5aae849c 573285 h ???????? 002 /phpmyadmin2016/
3cdff0f.52 5aae849c 573285 h ???????? 001 /phpmyadmin2017/
3cdff0f.7a 5aae849c 573285 h ???????? 002 /phpmyadmin2017/
3cdff0f.b8 5aae849c 573285 h ???????? 001 /phpmyadmin2018/
3cdff0f.de 5aae849c 573285 h ???????? 002 /phpmyadmin2018/
3cdff10.17 5aae849c 573285 h ???????? 002 /phpmanager/
3cdff10.3f 5aae849c 573285 h ???????? 002 /phpmanager/
3cdff27.89 42f94528 043937 h ???????? 002 /see/9827c2963c89498426bf9fe7c83a55a8
3cdffd7.1e 426608c6 70a047 h ???????? 002 //rss.rdf
