3cf022f.8a a4845b03 9ca11e s ???????? 013 /
3cf037c.b0 42f945c8 043937 h ???????? 003 /wiki/DeFect
3cf060d.62 c765bb32 a9aabd h ???????? 013 /
3cf060d.d2 c765bb32 a9aabd h ???????? 001 //https://floatingboat2013.appspot.com
3cf060e.70 c765bb32 a9aabd h ???????? 002 //wiki/AlanTuring
3cf060f.02 c765bb32 a9aabd h ???????? 002 //wiki/GottfriedWilhelmLeibniz
3cf060f.70 c765bb32 a9aabd h ???????? 001 //https://floatingboat2013.appspot.com/UrPic
3cf0610.0f c765bb32 a9aabd h ???????? 001 //https://floatingboat2013.appspot.com/ad
3cf0610.79 c765bb32 a9aabd h ???????? 001 //https://sl4.eu/hls
3cf0610.e4 c765bb32 a9aabd h ???????? 001 //https://sl4.eu/ls
3cf0611.5e c765bb32 a9aabd h ???????? 001 //https://sl4.eu/sh
3cf0612.26 c765bb32 a9aabd h ???????? 001 //https://www.youtube.com/watch
3cf076c.66 90d9a336 fee6c8 h ???????? 014 /
3cf077f.f6 82d0486b e5c941 h ???????? 002 /wiki/AlexanderKopf
3cf0a99.1e 9d372760 6a88e8 h ???????? 019 /
3cf0aa6.6a 9d372727 6a88e8 h ???????? 001 /robots.txt
3cf0b6f.e4 92405171 d31227 h ???????? 002 /home/wp-login.php
3cf0b83.65 a3ac6589 cc9bbb h ???????? 013 /
3cf0dbf.da 92405171 d31227 h ???????? 002 /en/wp-login.php
3cf0ee2.26 33ff4112 433e9c h ???????? 002 /wiki/AlphaName
3cf10e7.4f 92405171 d31227 h ???????? 001 /new/wp-login.php
3cf11b5.bd b44c0f9c a04d28 h ???????? 014 /
3cf142c.a7 9d372727 6a88e8 s ???????? 013 /
3cf1698.a0 a2d2c482 028fc4 h ???????? 002 /robots.txt
3cf169c.b9 92405171 d31227 h ???????? 002 /wordpress/wp-login.php
3cf169e.61 a2d2c482 028fc4 h ???????? 013 /
3cf1799.63 3e60f876 a829a5 s ???????? 01b /
3cf179d.e7 3e60f876 a829a5 s ???????? 002 /alive/4
3cf179d.eb 3e60f876 a829a5 s ???????? 001 /feel/4
3cf17a2.af 3e60f876 a829a5 s ???????? 007 /alive/8
3cf17a2.b3 3e60f876 a829a5 s ???????? 001 /feel/8
3cf17a9.f0 3e60f876 a829a5 s ???????? 023 /alive/10
3cf17aa.03 3e60f876 a829a5 s ???????? 019 /feel/10
3cf18d8.dd 26633e5c 22aac5 h ???????? 014 /
3cf18dd.29 26633e5c 22aac5 h ???????? 002 /feel/4
3cf18de.05 894a2e67 fee6c8 h ???????? 01a /
3cf18e1.43 26633e5c 22aac5 h ???????? 001 /feel/8
3cf18e1.43 26633e5c 22aac5 h ???????? 001 /alive/8
3cf1bea.d9 92405171 d31227 h ???????? 002 /news/wp-login.php
3cf1dd6.8f 42f95b6b 70a047 h ???????? 002 /rss.rdf
3cf1e63.6c 42f95b67 70a047 h ???????? 002 //rss.rdf
3cf1fe0.31 9c436a1e cc9bbb h ???????? 016 /
3cf2407.6f 9d372734 6a88e8 s ???????? 001 /robots.txt
3cf24ed.48 bf60f96e cc9bbb h ???????? 012 /
3cf294e.74 92405171 d31227 h ???????? 002 /cms/wp-login.php
3cf2be6.d2 5fd3f799 646bf4 h ???????? 001 /status
3cf2be6.f9 5fd3f799 646bf4 h ???????? 012 /
3cf2be7.28 5fd3f799 646bf4 h ???????? 001 /script
3cf2be8.52 5fd3f799 646bf4 h ???????? 001 /jenkins/script
3cf2be8.7d 5fd3f799 646bf4 h ???????? 001 /login
3cf2be8.a7 5fd3f799 646bf4 h ???????? 001 /jmx-console
3cf2be8.d1 5fd3f799 646bf4 h ???????? 012 /
3cf2be8.f8 5fd3f799 646bf4 h ???????? 017 /
3cf2be9.28 5fd3f799 646bf4 h ???????? 002 /manager/html
3cf2be9.50 5fd3f799 646bf4 h ???????? 011 /
3cf2be9.7c 5fd3f799 646bf4 h ???????? 01d /
3cf2be9.a4 5fd3f799 646bf4 h ???????? 010 /
3cf2be9.d1 5fd3f799 646bf4 h ???????? 001 //administrator
3cf2be9.f7 5fd3f799 646bf4 h ???????? 001 /joomla/administrator
3cf2bea.1b 5fd3f799 646bf4 h ???????? 001 /cms/administrator
3cf2bea.3c 5fd3f799 646bf4 h ???????? 001 /Joomla/administrator
3cf2bea.63 5fd3f799 646bf4 h ???????? 002 /msd
3cf2bea.8c 5fd3f799 646bf4 h ???????? 001 /mySqlDumper
3cf2bea.b7 5fd3f799 646bf4 h ???????? 001 /msd1.24stable
3cf2bea.dd 5fd3f799 646bf4 h ???????? 001 /msd1.24.4
3cf2bea.fe 5fd3f799 646bf4 h ???????? 001 /mysqldumper
3cf2beb.23 5fd3f799 646bf4 h ???????? 001 /MySQLDumper
3cf2beb.45 5fd3f799 646bf4 h ???????? 001 /mysql
3cf2beb.6d 5fd3f799 646bf4 h ???????? 001 /sql
3cf2beb.8e 5fd3f799 646bf4 h ???????? 002 /cgi-bin/php
3cf2beb.b6 5fd3f799 646bf4 h ???????? 002 /cgi-bin/php5
3cf2bf2.e7 5fd3f799 646bf4 h ???????? 002 /phpmyadmin
3cf2bf6.0b 5fd3f799 646bf4 h ???????? 001 /phpMyAdmin
3cf2bf6.2e 5fd3f799 646bf4 h ???????? 001 /mysql
3cf2bf6.57 5fd3f799 646bf4 h ???????? 001 /sql
3cf2bf6.81 5fd3f799 646bf4 h ???????? 002 /myadmin
3cf2bf6.a9 5fd3f799 646bf4 h ???????? 002 /phpMyAdmin-4.2.1-all-languages
3cf2bf6.d1 5fd3f799 646bf4 h ???????? 001 /phpMyAdmin-4.2.1-english
3cf2bf6.f3 5fd3f799 646bf4 h ???????? 001 /xampp/phpmyadmin
3cf2bf7.17 5fd3f799 646bf4 h ???????? 001 /typo3/phpmyadmin
3cf2bf7.42 5fd3f799 646bf4 h ???????? 002 /webadmin
3cf2bf7.6d 5fd3f799 646bf4 h ???????? 013 /
3cf2bf7.9c 5fd3f799 646bf4 h ???????? 001 /sqlite/main.php
3cf2bf7.bd 5fd3f799 646bf4 h ???????? 001 /SQLite/SQLiteManager-1.2.4/main.php
3cf2bf7.e2 5fd3f799 646bf4 h ???????? 001 /SQLiteManager-1.2.4/main.php
3cf2bfb.0a 5fd3f799 646bf4 h ???????? 002 /sqlitemanager/main.php
3cf2bfb.34 5fd3f799 646bf4 h ???????? 001 /SQlite/main.php
3cf2bfb.59 5fd3f799 646bf4 h ???????? 001 /SQLiteManager/main.php
3cf2bfb.7e 5fd3f799 646bf4 h ???????? 001 /webdav
3cf2bfb.a8 5fd3f799 646bf4 h ???????? 013 /
3cf2bfb.d9 5fd3f799 646bf4 h ???????? 013 /
3cf2bfc.09 5fd3f799 646bf4 h ???????? 014 /
3cf2bfd.3b 5fd3f799 646bf4 h ???????? 001 //wp-login.php
3cf2bfd.63 5fd3f799 646bf4 h ???????? 002 /wordpress/wp-login.php
3cf2bfd.89 5fd3f799 646bf4 h ???????? 003 /wp/wp-login.php
3cf2bfd.af 5fd3f799 646bf4 h ???????? 001 /blog/wp-login.php
3cf2bfd.dc 5fd3f799 646bf4 h ???????? 002 /Wordpress/wp-login.php
3cf2bfe.05 5fd3f799 646bf4 h ???????? 001 /Blog/wp-login.php
3cf2c1e.5a 92405171 d31227 h ???????? 002 /main/wp-login.php
3cf2e3b.d6 90d9a71f fee6c8 h ???????? 015 /
3cf2e50.ae b44c0f9a a04d28 h ???????? 01b /
3cf30d6.da 92405171 d31227 h ???????? 002 /wp/wp-login.php
3cf3176.c7 42f945c6 043937 h ???????? 002 /robots.txt
3cf3177.24 42f945c8 043937 h ???????? 003 /wiki/DoIt
3cf3380.42 284da779 6a88e8 s ???????? 01d /
3cf3455.c1 33ff4779 433e9c h ???????? 002 /edit/26376001
3cf37f2.7b 42f945c8 043937 h ???????? 004 /wiki/HasSex
3cf3d75.bb 9d372760 6a88e8 h ???????? 01c /
3cf3ea7.2b 5d48b61f 3a579e h ???????? 002 /Comment.jsp
3cf3ea7.71 5d48b61f 3a579e h ???????? 015 /
3cf3fdb.03 90d9a71e fee6c8 h ???????? 015 /
3cf41c7.f4 a4845b03 80f282 h ???????? 015 /
3cf4370.fe cf2e0d9e 6a88e8 h ???????? 018 /
3cf43df.df 92405171 d31227 h ???????? 002 /web/wp-login.php
3cf43f2.b9 a484a149 433e9c h ???????? 001 /edit/25496002
3cf46a5.42 42f95b69 70a047 h ???????? 002 //rss.rdf
3cf4d34.85 cf2e0dbf e39fc8 h ???????? 004 //wiki/JanBoehme
3cf4d67.d4 5482c924 573285 h ???????? 002 /mysql/admin/
3cf4d68.0d 5482c924 573285 h ???????? 001 /mysql/admin/
3cf4d6a.95 5482c924 573285 h ???????? 002 /mysql/dbadmin/
3cf4d6a.d0 5482c924 573285 h ???????? 001 /mysql/dbadmin/
3cf4d6b.16 5482c924 573285 h ???????? 001 /mysql/sqlmanager/
3cf4d6b.40 5482c924 573285 h ???????? 002 /mysql/sqlmanager/
3cf4d6d.aa 5482c924 573285 h ???????? 002 /mysql/mysqlmanager/
3cf4d6d.e4 5482c924 573285 h ???????? 002 /mysql/mysqlmanager/
3cf4d6e.2c 5482c924 573285 h ???????? 002 /phpmyadmin/
3cf4d6e.6a 5482c924 573285 h ???????? 002 /phpmyadmin/
3cf4d6e.b5 5482c924 573285 h ???????? 002 /phpMyadmin/
3cf4d6e.f2 5482c924 573285 h ???????? 001 /phpMyadmin/
3cf4d73.d0 5482c924 573285 h ???????? 002 /phpMyAdmin/
3cf4d74.0b 5482c924 573285 h ???????? 001 /phpMyAdmin/
3cf4d76.a1 5482c924 573285 h ???????? 001 /phpmyAdmin/
3cf4d77.23 5482c924 573285 h ???????? 002 /phpmyAdmin/
3cf4d78.78 5482c924 573285 h ???????? 002 /phpmyadmin2/
3cf4d79.5d 5482c924 573285 h ???????? 002 /phpmyadmin2/
3cf4d79.ad 5482c924 573285 h ???????? 002 /phpmyadmin3/
3cf4d79.e7 5482c924 573285 h ???????? 002 /phpmyadmin3/
3cf4d7b.44 5482c924 573285 h ???????? 001 /phpmyadmin4/
3cf4d7b.cd 5482c924 573285 h ???????? 002 /phpmyadmin4/
3cf4d7d.2c 5482c924 573285 h ???????? 001 /2phpmyadmin/
3cf4d7d.6d 5482c924 573285 h ???????? 001 /2phpmyadmin/
3cf4d7d.b9 5482c924 573285 h ???????? 002 /phpmy/
3cf4d7d.eb 5482c924 573285 h ???????? 002 /phpmy/
3cf4d7e.3c 5482c924 573285 h ???????? 002 /phppma/
3cf4d7e.c6 5482c924 573285 h ???????? 005 /phppma/
3cf4d7f.13 5482c924 573285 h ???????? 002 /myadmin/
3cf4d7f.46 5482c924 573285 h ???????? 002 /myadmin/
3cf4d81.fa a4843451 eb026b s ???????? 003 /bcHead
3cf4d81.c6 5482c924 573285 h ???????? 0cf /shopdb/
3cf4d82.55 a4843451 eb026b s ???????? 003 /bcHead
3cf4d82.2e 5482c924 573285 h ???????? 09d /shopdb/
3cf4d83.9d 5482c924 573285 h ???????? 002 /MyAdmin/
3cf4d83.d7 5482c924 573285 h ???????? 008 /MyAdmin/
3cf4d85.36 5482c924 573285 h ???????? 002 /program/
3cf4d85.79 5482c924 573285 h ???????? 003 /program/
3cf4d85.d1 5482c924 573285 h ???????? 002 /PMA/
3cf4d86.0f 5482c924 573285 h ???????? 002 /PMA/
3cf4d86.5b 5482c924 573285 h ???????? 002 /dbadmin/
3cf4d86.97 5482c924 573285 h ???????? 002 /dbadmin/
3cf4d87.33 5482c924 573285 h ???????? 002 /pma/
3cf4d87.70 5482c924 573285 h ???????? 002 /pma/
3cf4d87.c9 5482c924 573285 h ???????? 001 /db/
3cf4d88.57 5482c924 573285 h ???????? 003 /db/
3cf4d89.a4 5482c924 573285 h ???????? 009 /admin/
3cf4d89.e8 5482c924 573285 h ???????? 002 /admin/
3cf4d8a.8f 5482c924 573285 h ???????? 002 /mysql/
3cf4d8b.12 5482c924 573285 h ???????? 002 /mysql/
3cf4d8b.4d 5482c924 573285 h ???????? 003 /database/
3cf4d8b.89 5482c924 573285 h ???????? 002 /database/
3cf4d8b.ea 5482c924 573285 h ???????? 002 /db/phpmyadmin/
3cf4d8c.28 5482c924 573285 h ???????? 002 /db/phpmyadmin/
3cf4d8e.7f 5482c924 573285 h ???????? 002 /db/phpMyAdmin/
3cf4d8e.c1 5482c924 573285 h ???????? 002 /db/phpMyAdmin/
3cf4d8f.17 5482c924 573285 h ???????? 002 /sqlmanager/
3cf4d8f.5c 5482c924 573285 h ???????? 009 /sqlmanager/
3cf4d8f.b4 5482c924 573285 h ???????? 002 /mysqlmanager/
3cf4d8f.f4 5482c924 573285 h ???????? 002 /mysqlmanager/
3cf4d90.93 5482c924 573285 h ???????? 002 /php-myadmin/
3cf4d90.ce 5482c924 573285 h ???????? 002 /php-myadmin/
3cf4d91.28 5482c924 573285 h ???????? 002 /phpmy-admin/
3cf4d91.5b 5482c924 573285 h ???????? 002 /phpmy-admin/
3cf4d91.b1 5482c924 573285 h ???????? 003 /mysqladmin/
3cf4d91.eb 5482c924 573285 h ???????? 002 /mysqladmin/
3cf4d92.5b 5482c924 573285 h ???????? 003 /mysql-admin/
3cf4d92.9b 5482c924 573285 h ???????? 002 /mysql-admin/
3cf4d93.f0 5482c924 573285 h ???????? 002 /admin/phpmyadmin/
3cf4d94.33 5482c924 573285 h ???????? 003 /admin/phpmyadmin/
3cf4d94.93 5482c924 573285 h ???????? 003 /admin/phpMyAdmin/
3cf4d95.22 5482c924 573285 h ???????? 002 /admin/phpMyAdmin/
3cf4d95.7b 5482c924 573285 h ???????? 002 /admin/sysadmin/
3cf4d95.fa 5482c924 573285 h ???????? 002 /admin/sysadmin/
3cf4d9b.82 5482c924 573285 h ???????? 002 /admin/db/
3cf4d9b.c7 5482c924 573285 h ???????? 002 /admin/db/
3cf4d9c.26 5482c924 573285 h ???????? 002 /admin/web/
3cf4d9c.af 5482c924 573285 h ???????? 002 /admin/web/
3cf4d9d.86 5482c924 573285 h ???????? 002 /admin/pMA/
3cf4d9d.c7 5482c924 573285 h ???????? 002 /admin/pMA/
3cf4da0.1c 5482c924 573285 h ???????? 003 /mysql/pma/
3cf4da0.57 5482c924 573285 h ???????? 002 /mysql/pma/
3cf4da0.b0 5482c924 573285 h ???????? 002 /mysql/db/
3cf4da0.ef 5482c924 573285 h ???????? 002 /mysql/db/
3cf4da1.43 5482c924 573285 h ???????? 003 /mysql/web/
3cf4da1.7e 5482c924 573285 h ???????? 003 /mysql/web/
3cf4da2.5e 5482c924 573285 h ???????? 002 /mysql/pMA/
3cf4da2.99 5482c924 573285 h ???????? 003 /mysql/pMA/
3cf4da2.f5 5482c924 573285 h ???????? 002 /sql/phpmanager/
3cf4da3.30 5482c924 573285 h ???????? 002 /sql/phpmanager/
3cf4da4.05 5482c924 573285 h ???????? 003 /sql/php-myadmin/
3cf4da4.8d 5482c924 573285 h ???????? 003 /sql/php-myadmin/
3cf4da5.ec 5482c924 573285 h ???????? 002 /sql/phpmy-admin/
3cf4da6.29 5482c924 573285 h ???????? 002 /sql/phpmy-admin/
3cf4da6.bd 5482c924 573285 h ???????? 00b /sql/sql/
3cf4da7.00 5482c924 573285 h ???????? 002 /sql/sql/
3cf4da7.5d 5482c924 573285 h ???????? 002 /sql/myadmin/
3cf4da7.a0 5482c924 573285 h ???????? 002 /sql/myadmin/
3cf4da8.12 5482c924 573285 h ???????? 003 /sql/webadmin/
3cf4da8.4d 5482c924 573285 h ???????? 002 /sql/webadmin/
3cf4daa.1a 5482c924 573285 h ???????? 003 /sql/sqlweb/
3cf4daa.4d 5482c924 573285 h ???????? 003 /sql/sqlweb/
3cf4dab.a0 5482c924 573285 h ???????? 002 /sql/websql/
3cf4dab.e2 5482c924 573285 h ???????? 002 /sql/websql/
3cf4daf.3a 5482c924 573285 h ???????? 002 /sql/sqladmin/
3cf4daf.79 5482c924 573285 h ???????? 003 /sql/sqladmin/
3cf4daf.cf 5482c924 573285 h ???????? 003 /sql/sql-admin/
3cf4db0.0a 5482c924 573285 h ???????? 002 /sql/sql-admin/
3cf4db0.67 5482c924 573285 h ???????? 003 /sql/phpmyadmin2/
3cf4db0.a9 5482c924 573285 h ???????? 003 /sql/phpmyadmin2/
3cf4db1.0f 5482c924 573285 h ???????? 002 /sql/phpMyAdmin2/
3cf4db1.58 5482c924 573285 h ???????? 003 /sql/phpMyAdmin2/
3cf4db2.b7 5482c924 573285 h ???????? 002 /sql/phpMyAdmin/
3cf4db3.ac 5482c924 573285 h ???????? 003 /sql/phpMyAdmin/
3cf4db4.45 5482c924 573285 h ???????? 002 /db/myadmin/
3cf4db6.08 5482c924 573285 h ???????? 002 /db/myadmin/
3cf4db6.6e 5482c924 573285 h ???????? 003 /db/webadmin/
3cf4db6.be 5482c924 573285 h ???????? 003 /db/webadmin/
3cf4db8.19 5482c924 573285 h ???????? 002 /db/dbweb/
3cf4db8.57 5482c924 573285 h ???????? 003 /db/dbweb/
3cf4db8.cd 5482c924 573285 h ???????? 003 /db/websql/
3cf4db9.0b 5482c924 573285 h ???????? 003 /db/websql/
3cf4dba.5e 5482c924 573285 h ???????? 002 /db/webdb/
3cf4dba.a6 5482c924 573285 h ???????? 003 /db/webdb/
3cf4dbb.1f 5482c924 573285 h ???????? 002 /db/dbadmin/
3cf4dbb.57 5482c924 573285 h ???????? 003 /db/dbadmin/
3cf4dbc.b3 5482c924 573285 h ???????? 003 /db/db-admin/
3cf4dbd.48 5482c924 573285 h ???????? 003 /db/db-admin/
3cf4dbd.b4 5482c924 573285 h ???????? 002 /db/phpmyadmin3/
3cf4dbd.f7 5482c924 573285 h ???????? 003 /db/phpmyadmin3/
3cf4dc1.d1 5482c924 573285 h ???????? 003 /db/phpMyAdmin-3/
3cf4dc2.19 5482c924 573285 h ???????? 00c /db/phpMyAdmin-3/
3cf4dc5.71 5482c924 573285 h ???????? 003 /administrator/phpMyAdmin/
3cf4dc5.b4 5482c924 573285 h ???????? 003 /administrator/phpMyAdmin/
3cf4dc9.1b 5482c924 573285 h ???????? 002 /administrator/db/
3cf4dc9.60 5482c924 573285 h ???????? 003 /administrator/db/
3cf4dca.c6 5482c924 573285 h ???????? 002 /administrator/web/
3cf4dcb.06 5482c924 573285 h ???????? 003 /administrator/web/
3cf4dcb.62 5482c924 573285 h ???????? 002 /administrator/pma/
3cf4dcb.f1 5482c924 573285 h ???????? 003 /administrator/pma/
3cf4dcc.56 5482c924 573285 h ???????? 002 /administrator/PMA/
3cf4dcc.e7 5482c924 573285 h ???????? 003 /administrator/PMA/
3cf4dcd.35 5482c924 573285 h ???????? 00c /administrator/admin/
3cf4dcd.c9 5482c924 573285 h ???????? 003 /administrator/admin/
3cf4dce.1b 5482c924 573285 h ???????? 003 /phpMyAdmin2/
3cf4dce.aa 5482c924 573285 h ???????? 002 /phpMyAdmin2/
3cf4dcf.04 5482c924 573285 h ???????? 003 /phpMyAdmin3/
3cf4dcf.46 5482c924 573285 h ???????? 003 /phpMyAdmin3/
3cf4dcf.b4 5482c924 573285 h ???????? 002 /phpMyAdmin4/
3cf4dcf.f4 5482c924 573285 h ???????? 003 /phpMyAdmin4/
3cf4dd0.be 5482c924 573285 h ???????? 002 /phpMyAdmin-3/
3cf4dd1.50 5482c924 573285 h ???????? 002 /phpMyAdmin-3/
3cf4dd1.ae 5482c924 573285 h ???????? 003 /php-my-admin/
3cf4dd2.36 5482c924 573285 h ???????? 003 /php-my-admin/
3cf4dd2.8e 5482c924 573285 h ???????? 003 /PMA2011/
3cf4dd2.d3 5482c924 573285 h ???????? 002 /PMA2011/
3cf4dd3.dc 5482c924 573285 h ???????? 003 /PMA2012/
3cf4dd4.77 5482c924 573285 h ???????? 003 /PMA2012/
3cf4dd4.f3 5482c924 573285 h ???????? 003 /PMA2013/
3cf4dd5.35 5482c924 573285 h ???????? 003 /PMA2013/
3cf4dd6.d3 5482c924 573285 h ???????? 003 /PMA2014/
3cf4dd7.1d 5482c924 573285 h ???????? 002 /PMA2014/
3cf4ddb.7b 5482c924 573285 h ???????? 003 /PMA2016/
3cf4ddb.c4 5482c924 573285 h ???????? 003 /PMA2016/
3cf4ddc.d6 5482c924 573285 h ???????? 002 /PMA2017/
3cf4ddd.74 5482c924 573285 h ???????? 002 /PMA2017/
3cf4ddd.c7 5482c924 573285 h ???????? 001 /PMA2018/
3cf4dde.5a 5482c924 573285 h ???????? 002 /PMA2018/
3cf4dde.b2 5482c924 573285 h ???????? 002 /pma2011/
3cf4dde.f1 5482c924 573285 h ???????? 003 /pma2011/
3cf4de0.47 5482c924 573285 h ???????? 004 /pma2012/
3cf4de0.8b 5482c924 573285 h ???????? 002 /pma2012/
3cf4de1.de 5482c924 573285 h ???????? 001 /pma2013/
3cf4de2.1d 5482c924 573285 h ???????? 001 /pma2013/
3cf4de3.ad 5482c924 573285 h ???????? 002 /pma2014/
3cf4de3.eb 5482c924 573285 h ???????? 002 /pma2014/
3cf4de4.42 5482c924 573285 h ???????? 002 /pma2015/
3cf4de4.7c 5482c924 573285 h ???????? 002 /pma2015/
3cf4de4.d2 5482c924 573285 h ???????? 002 /pma2016/
3cf4de5.55 5482c924 573285 h ???????? 002 /pma2016/
3cf4de5.a7 5482c924 573285 h ???????? 002 /pma2017/
3cf4de5.dc 5482c924 573285 h ???????? 002 /pma2017/
3cf4de6.1a 5482c924 573285 h ???????? 002 /pma2018/
3cf4de6.50 5482c924 573285 h ???????? 003 /pma2018/
3cf4de8.d6 5482c924 573285 h ???????? 001 /phpmyadmin2011/
3cf4de9.0c 5482c924 573285 h ???????? 002 /phpmyadmin2011/
3cf4de9.4e 5482c924 573285 h ???????? 002 /phpmyadmin2012/
3cf4de9.93 5482c924 573285 h ???????? 002 /phpmyadmin2012/
3cf4de9.ea 5482c924 573285 h ???????? 002 /phpmyadmin2013/
3cf4dea.30 5482c924 573285 h ???????? 002 /phpmyadmin2013/
3cf4deb.8d 5482c924 573285 h ???????? 00a /phpmyadmin2014/
3cf4dec.14 5482c924 573285 h ???????? 002 /phpmyadmin2014/
3cf4dec.61 5482c924 573285 h ???????? 002 /phpmyadmin2015/
3cf4dec.a0 5482c924 573285 h ???????? 003 /phpmyadmin2015/
3cf4ded.0f 5482c924 573285 h ???????? 002 /phpmyadmin2016/
3cf4ded.4b 5482c924 573285 h ???????? 002 /phpmyadmin2016/
3cf4dee.a1 5482c924 573285 h ???????? 002 /phpmyadmin2017/
3cf4def.2f 5482c924 573285 h ???????? 002 /phpmyadmin2017/
3cf4def.91 5482c924 573285 h ???????? 003 /phpmyadmin2018/
3cf4df0.24 5482c924 573285 h ???????? 002 /phpmyadmin2018/
3cf4df1.7c 5482c924 573285 h ???????? 002 /phpmanager/
3cf4df1.c0 5482c924 573285 h ???????? 003 /phpmanager/
3cf502b.f9 d9b68417 433e9c h ???????? 002 /edit/29166002
3cf5218.aa 92405171 d31227 h ???????? 002 /blogs/wp-login.php
3cf52fd.0e 44b4e71a aec21f s ???????? 003 /robots.txt
3cf52fe.13 44b4e71a aec21f s ???????? 003 /wiki/MannOhneGeheimnisse
3cf544e.b4 92405171 d31227 h ???????? 002 /blog/wp-login.php
3cf5476.2e 9750276e 433e9c h ???????? 002 //robots.txt
3cf5618.34 90d9a317 fee6c8 h ???????? 019 /
3cf5664.5d 9d372730 6a88e8 h ???????? 002 /robots.txt
3cf583f.b4 48360f85 573285 h ???????? 002 /mysql/admin/
3cf5840.09 48360f85 573285 h ???????? 002 /mysql/admin/
3cf5840.83 48360f85 573285 h ???????? 002 /mysql/dbadmin/
3cf5840.d7 48360f85 573285 h ???????? 003 /mysql/dbadmin/
3cf5841.53 48360f85 573285 h ???????? 003 /mysql/sqlmanager/
3cf5841.aa 48360f85 573285 h ???????? 002 /mysql/sqlmanager/
3cf5842.26 48360f85 573285 h ???????? 003 /mysql/mysqlmanager/
3cf5842.7a 48360f85 573285 h ???????? 002 /mysql/mysqlmanager/
3cf5842.f4 48360f85 573285 h ???????? 002 /phpmyadmin/
3cf5843.4a 48360f85 573285 h ???????? 002 /phpmyadmin/
3cf5843.c4 48360f85 573285 h ???????? 002 /phpMyadmin/
3cf5844.11 48360f85 573285 h ???????? 002 /phpMyadmin/
3cf5844.95 48360f85 573285 h ???????? 002 /phpMyAdmin/
3cf5844.ed 48360f85 573285 h ???????? 002 /phpMyAdmin/
3cf5845.6a 48360f85 573285 h ???????? 002 /phpmyAdmin/
3cf5845.bd 48360f85 573285 h ???????? 003 /phpmyAdmin/
3cf5846.39 48360f85 573285 h ???????? 002 /phpmyadmin2/
3cf5846.88 48360f85 573285 h ???????? 003 /phpmyadmin2/
3cf5847.09 48360f85 573285 h ???????? 003 /phpmyadmin3/
3cf5847.57 48360f85 573285 h ???????? 002 /phpmyadmin3/
3cf5847.d6 48360f85 573285 h ???????? 002 /phpmyadmin4/
3cf5848.30 48360f85 573285 h ???????? 003 /phpmyadmin4/
3cf5848.b1 48360f85 573285 h ???????? 002 /2phpmyadmin/
3cf5849.02 48360f85 573285 h ???????? 002 /2phpmyadmin/
3cf5849.87 48360f85 573285 h ???????? 003 /phpmy/
3cf5849.dc 48360f85 573285 h ???????? 002 /phpmy/
3cf584a.57 48360f85 573285 h ???????? 002 /phppma/
3cf584a.aa 48360f85 573285 h ???????? 00a /phppma/
3cf584b.26 48360f85 573285 h ???????? 002 /myadmin/
3cf584b.73 48360f85 573285 h ???????? 002 /myadmin/
3cf584c.27 a4843451 eb026b s ???????? 003 /bcHead
3cf584b.ee 48360f85 573285 h ???????? 0e4 /shopdb/
3cf584c.a2 a4843451 eb026b s ???????? 003 /bcHead
3cf584c.78 48360f85 573285 h ???????? 0ab /shopdb/
3cf584d.1f 48360f85 573285 h ???????? 002 /MyAdmin/
3cf584d.6f 48360f85 573285 h ???????? 002 /MyAdmin/
3cf584d.e9 48360f85 573285 h ???????? 003 /program/
3cf584e.3a 48360f85 573285 h ???????? 003 /program/
3cf584e.b4 48360f85 573285 h ???????? 002 /PMA/
3cf584f.05 48360f85 573285 h ???????? 002 /PMA/
3cf584f.84 48360f85 573285 h ???????? 002 /dbadmin/
3cf584f.d3 48360f85 573285 h ???????? 003 /dbadmin/
3cf5850.4f 48360f85 573285 h ???????? 003 /pma/
3cf5850.a6 48360f85 573285 h ???????? 002 /pma/
3cf5851.2d 48360f85 573285 h ???????? 002 /db/
3cf5851.7f 48360f85 573285 h ???????? 003 /db/
3cf5851.fb 48360f85 573285 h ???????? 003 /admin/
3cf5852.4a 48360f85 573285 h ???????? 002 /admin/
3cf5852.c7 48360f85 573285 h ???????? 002 /mysql/
3cf5853.1d 48360f85 573285 h ???????? 002 /mysql/
3cf5853.a2 48360f85 573285 h ???????? 003 /database/
3cf5853.f2 48360f85 573285 h ???????? 002 /database/
3cf5854.6f 48360f85 573285 h ???????? 003 /db/phpmyadmin/
3cf5854.c1 48360f85 573285 h ???????? 002 /db/phpmyadmin/
3cf5855.3d 48360f85 573285 h ???????? 003 /db/phpMyAdmin/
3cf5855.93 48360f85 573285 h ???????? 002 /db/phpMyAdmin/
3cf5856.12 48360f85 573285 h ???????? 003 /sqlmanager/
3cf5856.65 48360f85 573285 h ???????? 002 /sqlmanager/
3cf5856.e2 48360f85 573285 h ???????? 002 /mysqlmanager/
3cf5857.38 48360f85 573285 h ???????? 00b /mysqlmanager/
3cf5857.b7 48360f85 573285 h ???????? 002 /php-myadmin/
3cf5858.09 48360f85 573285 h ???????? 003 /php-myadmin/
3cf5858.8e 48360f85 573285 h ???????? 002 /phpmy-admin/
3cf5858.e8 48360f85 573285 h ???????? 002 /phpmy-admin/
3cf5859.68 48360f85 573285 h ???????? 002 /mysqladmin/
3cf5859.bf 48360f85 573285 h ???????? 003 /mysqladmin/
3cf585a.3c 48360f85 573285 h ???????? 003 /mysql-admin/
3cf585a.8f 48360f85 573285 h ???????? 003 /mysql-admin/
3cf585b.0f 48360f85 573285 h ???????? 003 /admin/phpmyadmin/
3cf585b.61 48360f85 573285 h ???????? 003 /admin/phpmyadmin/
3cf585b.e2 48360f85 573285 h ???????? 003 /admin/phpMyAdmin/
3cf585c.36 48360f85 573285 h ???????? 003 /admin/phpMyAdmin/
3cf585c.b6 48360f85 573285 h ???????? 003 /admin/sysadmin/
3cf585d.0b 48360f85 573285 h ???????? 003 /admin/sysadmin/
3cf585d.8a 48360f85 573285 h ???????? 003 /admin/sqladmin/
3cf585d.e2 48360f85 573285 h ???????? 003 /admin/sqladmin/
3cf585e.5f 48360f85 573285 h ???????? 002 /admin/db/
3cf585e.b2 48360f85 573285 h ???????? 003 /admin/db/
3cf585f.32 48360f85 573285 h ???????? 003 /admin/web/
3cf585f.84 48360f85 573285 h ???????? 003 /admin/web/
3cf5860.0b 48360f85 573285 h ???????? 003 /admin/pMA/
3cf5860.5e 48360f85 573285 h ???????? 003 /admin/pMA/
3cf5860.e4 48360f85 573285 h ???????? 003 /mysql/pma/
3cf5861.36 48360f85 573285 h ???????? 003 /mysql/pma/
3cf5861.b3 48360f85 573285 h ???????? 002 /mysql/db/
3cf5862.0e 48360f85 573285 h ???????? 003 /mysql/db/
3cf5862.8f 48360f85 573285 h ???????? 003 /mysql/web/
3cf5862.e6 48360f85 573285 h ???????? 003 /mysql/web/
3cf5863.6b 48360f85 573285 h ???????? 003 /mysql/pMA/
3cf5863.c7 48360f85 573285 h ???????? 002 /mysql/pMA/
3cf5864.46 48360f85 573285 h ???????? 003 /sql/phpmanager/
3cf5864.a2 48360f85 573285 h ???????? 003 /sql/phpmanager/
3cf5865.23 48360f85 573285 h ???????? 003 /sql/php-myadmin/
3cf5865.7e 48360f85 573285 h ???????? 002 /sql/php-myadmin/
3cf5866.02 48360f85 573285 h ???????? 002 /sql/phpmy-admin/
3cf5866.60 48360f85 573285 h ???????? 003 /sql/phpmy-admin/
3cf5866.e4 48360f85 573285 h ???????? 00d /sql/sql/
3cf5867.42 48360f85 573285 h ???????? 003 /sql/sql/
3cf5867.c5 48360f85 573285 h ???????? 003 /sql/myadmin/
3cf5868.25 48360f85 573285 h ???????? 003 /sql/myadmin/
3cf5868.ac 48360f85 573285 h ???????? 003 /sql/webadmin/
3cf5869.09 48360f85 573285 h ???????? 003 /sql/webadmin/
3cf5869.92 48360f85 573285 h ???????? 003 /sql/sqlweb/
3cf5869.eb 48360f85 573285 h ???????? 003 /sql/sqlweb/
3cf586a.76 48360f85 573285 h ???????? 002 /sql/websql/
3cf586a.cf 48360f85 573285 h ???????? 003 /sql/websql/
3cf586b.56 48360f85 573285 h ???????? 002 /sql/webdb/
3cf586b.f2 48360f85 573285 h ???????? 001 /sql/webdb/
3cf586c.6c 48360f85 573285 h ???????? 001 /sql/sqladmin/
3cf586c.bc 48360f85 573285 h ???????? 002 /sql/sqladmin/
3cf586d.32 48360f85 573285 h ???????? 001 /sql/sql-admin/
3cf586d.83 48360f85 573285 h ???????? 002 /sql/sql-admin/
3cf586d.f8 48360f85 573285 h ???????? 002 /sql/phpmyadmin2/
3cf586e.46 48360f85 573285 h ???????? 002 /sql/phpmyadmin2/
3cf586e.bb 48360f85 573285 h ???????? 003 /sql/phpMyAdmin2/
3cf586f.05 48360f85 573285 h ???????? 002 /sql/phpMyAdmin2/
3cf586f.79 48360f85 573285 h ???????? 002 /sql/phpMyAdmin/
3cf586f.c8 48360f85 573285 h ???????? 002 /sql/phpMyAdmin/
3cf5870.43 48360f85 573285 h ???????? 002 /db/myadmin/
3cf5870.96 48360f85 573285 h ???????? 003 /db/myadmin/
3cf5871.12 48360f85 573285 h ???????? 002 /db/webadmin/
3cf5871.60 48360f85 573285 h ???????? 003 /db/webadmin/
3cf5871.d9 48360f85 573285 h ???????? 00b /db/dbweb/
3cf5872.2d 48360f85 573285 h ???????? 002 /db/dbweb/
3cf5872.a3 48360f85 573285 h ???????? 002 /db/websql/
3cf5872.ef 48360f85 573285 h ???????? 002 /db/websql/
3cf5873.6a 48360f85 573285 h ???????? 002 /db/webdb/
3cf5873.bc 48360f85 573285 h ???????? 003 /db/webdb/
3cf5874.32 48360f85 573285 h ???????? 002 /db/dbadmin/
3cf5874.82 48360f85 573285 h ???????? 001 /db/dbadmin/
3cf5875.01 48360f85 573285 h ???????? 004 /db/db-admin/
3cf5875.4d 48360f85 573285 h ???????? 002 /db/db-admin/
3cf5875.c6 48360f85 573285 h ???????? 002 /db/phpmyadmin3/
3cf5876.11 48360f85 573285 h ???????? 002 /db/phpmyadmin3/
3cf5876.8a 48360f85 573285 h ???????? 002 /db/phpMyAdmin3/
3cf5876.d6 48360f85 573285 h ???????? 002 /db/phpMyAdmin3/
3cf5877.50 48360f85 573285 h ???????? 002 /db/phpMyAdmin-3/
3cf5877.9d 48360f85 573285 h ???????? 002 /db/phpMyAdmin-3/
3cf5878.17 48360f85 573285 h ???????? 001 /administrator/phpmyadmin/
3cf5878.67 48360f85 573285 h ???????? 001 /administrator/phpmyadmin/
3cf5878.e0 48360f85 573285 h ???????? 002 /administrator/phpMyAdmin/
3cf5879.2f 48360f85 573285 h ???????? 004 /administrator/phpMyAdmin/
3cf5879.aa 48360f85 573285 h ???????? 002 /administrator/db/
3cf5879.f7 48360f85 573285 h ???????? 00c /administrator/db/
3cf587a.77 48360f85 573285 h ???????? 001 /administrator/web/
3cf587a.c9 48360f85 573285 h ???????? 001 /administrator/web/
3cf587b.42 48360f85 573285 h ???????? 001 /administrator/pma/
3cf587b.94 48360f85 573285 h ???????? 002 /administrator/pma/
3cf587c.13 48360f85 573285 h ???????? 001 /administrator/PMA/
3cf587c.69 48360f85 573285 h ???????? 003 /administrator/PMA/
3cf587c.e2 48360f85 573285 h ???????? 001 /administrator/admin/
3cf587d.36 48360f85 573285 h ???????? 002 /administrator/admin/
3cf587d.b6 48360f85 573285 h ???????? 001 /phpMyAdmin2/
3cf587e.00 48360f85 573285 h ???????? 002 /phpMyAdmin2/
3cf587e.7a 48360f85 573285 h ???????? 002 /phpMyAdmin3/
3cf587e.cc 48360f85 573285 h ???????? 002 /phpMyAdmin3/
3cf587f.44 48360f85 573285 h ???????? 002 /phpMyAdmin4/
3cf587f.94 48360f85 573285 h ???????? 002 /phpMyAdmin4/
3cf5880.0b 48360f85 573285 h ???????? 002 /phpMyAdmin-3/
3cf5880.5d 48360f85 573285 h ???????? 009 /phpMyAdmin-3/
3cf5880.de 48360f85 573285 h ???????? 001 /php-my-admin/
3cf5881.2c 48360f85 573285 h ???????? 002 /php-my-admin/
3cf5881.a5 48360f85 573285 h ???????? 003 /PMA2011/
3cf5881.f1 48360f85 573285 h ???????? 001 /PMA2011/
3cf5882.6f 48360f85 573285 h ???????? 003 /PMA2012/
3cf5882.c2 48360f85 573285 h ???????? 002 /PMA2012/
3cf5883.40 48360f85 573285 h ???????? 001 /PMA2013/
3cf5883.90 48360f85 573285 h ???????? 002 /PMA2013/
3cf5884.14 48360f85 573285 h ???????? 002 /PMA2014/
3cf5884.65 48360f85 573285 h ???????? 002 /PMA2014/
3cf5884.e5 48360f85 573285 h ???????? 002 /PMA2015/
3cf5885.37 48360f85 573285 h ???????? 002 /PMA2015/
3cf5885.ad 48360f85 573285 h ???????? 002 /PMA2016/
3cf5885.f8 48360f85 573285 h ???????? 002 /PMA2016/
3cf5886.7b 48360f85 573285 h ???????? 002 /PMA2017/
3cf5886.c6 48360f85 573285 h ???????? 002 /PMA2017/
3cf5887.3d 48360f85 573285 h ???????? 002 /PMA2018/
3cf5887.91 48360f85 573285 h ???????? 002 /PMA2018/
3cf5888.0c 48360f85 573285 h ???????? 002 /pma2011/
3cf5888.5b 48360f85 573285 h ???????? 002 /pma2011/
3cf5888.d5 48360f85 573285 h ???????? 002 /pma2012/
3cf5889.22 48360f85 573285 h ???????? 002 /pma2012/
3cf5889.9b 48360f85 573285 h ???????? 002 /pma2013/
3cf5889.ec 48360f85 573285 h ???????? 002 /pma2013/
3cf588a.66 48360f85 573285 h ???????? 002 /pma2014/
3cf588a.b7 48360f85 573285 h ???????? 002 /pma2014/
3cf588b.34 48360f85 573285 h ???????? 003 /pma2015/
3cf588b.8a 48360f85 573285 h ???????? 002 /pma2015/
3cf588c.04 48360f85 573285 h ???????? 002 /pma2016/
3cf588c.56 48360f85 573285 h ???????? 002 /pma2016/
3cf588c.d6 48360f85 573285 h ???????? 002 /pma2017/
3cf588d.2c 48360f85 573285 h ???????? 002 /pma2017/
3cf588d.aa 48360f85 573285 h ???????? 002 /pma2018/
3cf588e.0c 48360f85 573285 h ???????? 003 /pma2018/
3cf588e.8a 48360f85 573285 h ???????? 003 /phpmyadmin2011/
3cf588e.dd 48360f85 573285 h ???????? 002 /phpmyadmin2011/
3cf588f.5e 48360f85 573285 h ???????? 00a /phpmyadmin2012/
3cf588f.b3 48360f85 573285 h ???????? 002 /phpmyadmin2012/
3cf5890.35 48360f85 573285 h ???????? 002 /phpmyadmin2013/
3cf5890.84 48360f85 573285 h ???????? 002 /phpmyadmin2013/
3cf5891.05 48360f85 573285 h ???????? 002 /phpmyadmin2014/
3cf5891.53 48360f85 573285 h ???????? 002 /phpmyadmin2014/
3cf5891.cc 48360f85 573285 h ???????? 002 /phpmyadmin2015/
3cf5892.1b 48360f85 573285 h ???????? 002 /phpmyadmin2015/
3cf5892.96 48360f85 573285 h ???????? 002 /phpmyadmin2016/
3cf5892.e4 48360f85 573285 h ???????? 002 /phpmyadmin2016/
3cf5893.62 48360f85 573285 h ???????? 002 /phpmyadmin2017/
3cf5893.b2 48360f85 573285 h ???????? 002 /phpmyadmin2017/
3cf5894.2e 48360f85 573285 h ???????? 002 /phpmyadmin2018/
3cf5894.7b 48360f85 573285 h ???????? 002 /phpmyadmin2018/
3cf5894.f2 48360f85 573285 h ???????? 002 /phpmanager/
3cf5895.46 48360f85 573285 h ???????? 002 /phpmanager/
3cf596f.59 92405171 d31227 h ???????? 003 /site/wp-login.php
3cf5d9f.71 cf2e0d74 6a88e8 h ???????? 005 /wiki/AudiVision
3cf61ac.d4 bca5d01d e3b0c4 h ???????? 003 /robots.txt
3cf61ae.fe bca5d01d 58771d h ???????? 01c /
3cf63c2.c9 05275551 e3b0c4 h ???????? 002 /robots.txt
3cf63c4.fc 05275551 f22684 h ???????? 01f /
3cf6667.a4 c2bbaa93 ac35e0 h ???????? 003 //robots.txt
3cf67b0.ba 91ef59f5 fee6c8 h ???????? 01e /
3cf67c9.dd b44c0f0f a04d28 h ???????? 025 /
3cf6936.db 2e6962a6 e3b0c4 h ???????? 003 /robots.txt
3cf6939.10 2e6962a6 aa5504 h ???????? 026 /
3cf6cc2.82 42f945c6 043937 h ???????? 005 /wiki/WikiSym
3cf6d64.02 42f95b69 70a047 h ???????? 00c //rss.rdf
3cf72a2.fd 5da03c20 1a69b5 h ???????? 01f /
3cf740f.cf 589398e7 5df81b h ???????? 003 /Edit.jsp
3cf7410.84 589398e7 5df81b h ???????? 027 /
3cf7511.ca d94585ec 399ff9 s ???????? 003 /robots.txt
3cf7513.72 d94585ea 399ff9 s ???????? 1ab4 /age
3cf7581.e7 42f9453b 043937 h ???????? 003 /robots.txt
3cf76ec.25 42f9453b 043937 h ???????? 01d /
3cf78ce.36 42f945d2 043937 s ???????? 003 /robots.txt
3cf78ce.d9 a4843451 eb026b s ???????? 004 /bcHead
3cf78ce.86 42f945d2 043937 s ???????? 14b /sh
3cf78e8.5a 42f945d0 043937 s ???????? 052 /ls
3cf78f8.48 42f945d4 043937 s ???????? 049 /hls
3cf7c03.c2 42f945ca 043937 h ???????? 006 /wiki/Kai-Ropers
3cf7e00.22 a4846b5a fee6c8 h ???????? 027 /
3cf852a.5b 9d372734 6a88e8 s ???????? 003 /robots.txt
3cf8531.1b cf2e0d65 6a88e8 s ???????? 01f /
3cf8547.9c 3ed25a6d a463ca h ???????? 027 /
3cf8ee0.58 8ba27246 976046 h ???????? 028 /
3cf9002.5e a4846b61 fee6c8 h ???????? 028 /
3cf914f.26 a484a2a4 433e9c h ???????? 01f /edit/18796001
3cf91da.42 9fcb5bc6 22aac5 h ???????? 028 /
3cf91ee.0f 9fcb5bc6 65acd4 h ???????? 003 /robots.txt
3cf9210.9d 9fcb5bc6 e7cc9f s ???????? 062 /hls
3cf9211.b1 9fcb5bc6 466c55 s ???????? 085 /ls
3cf9212.20 a4843451 eb026b s ???????? 004 /bcHead
3cf9211.dd 9fcb5bc6 40b76f s ???????? 113 /sh
3cf9213.c4 9fcb5bc6 b80f03 s ???????? 003 /AtJs
3cf940b.3e a484a103 433e9c h ???????? 001 /edit/26356004
3cf94e3.86 b44c0f19 a04d28 h ???????? 012 /edit/10586001
3cf95b0.a0 d5abdc98 a95ea1 h ???????? 001 //rss.rdf
3cf99a6.bf 42f95b6b 70a047 h ???????? 001 //rss.rdf
3cf9c05.b3 42f945c8 043937 h ???????? 003 /wiki/SeaNation
3cf9c08.d1 42f945ca 043937 h ???????? 002 /wiki/RainerTest
3cf9c0c.86 42f945c8 043937 h ???????? 002 /wiki/VladoStankovski
3cf9c0d.12 42f945c6 043937 h ???????? 002 /wiki/GoogleMapsMobile
3cf9c0e.7b 42f945c8 043937 h ???????? 002 /wiki/AltMensa
3cf9c0f.b2 42f945c8 043937 h ???????? 002 /wiki/BoChristerBjoerk
3cf9c1f.e5 42f945c6 043937 h ???????? 002 /wiki/ConSonan
3cf9c23.81 42f945c8 043937 h ???????? 002 /wiki/WirkMarkt
3cf9c27.08 42f945c8 043937 h ???????? 002 /wiki/RuSirius
3cf9c29.44 42f945c8 043937 h ???????? 002 /wiki/GeBiet
3cf9c2b.09 42f945c6 043937 h ???????? 002 /wiki/DeMail
3cf9c2c.88 42f945c6 043937 h ???????? 002 /wiki/NextId
3cf9c2e.1e 42f945c6 043937 h ???????? 001 /wiki/ProTect
3cf9c2f.69 42f945c6 043937 h ???????? 002 /wiki/PerFect
3cf9c30.cc 42f945c6 043937 h ???????? 002 /wiki/PbWorks
3cf9c32.23 42f945c6 043937 h ???????? 003 /wiki/SendLove
3cf9c33.81 42f945c6 043937 h ???????? 002 /wiki/PullMall
3cf9c34.e2 42f945c6 043937 h ???????? 002 /wiki/EtherNet
3cf9c36.fd 42f945c6 043937 h ???????? 002 /wiki/AuerLH09
3cf9c39.cb 42f945c6 043937 h ???????? 003 /wiki/UnTil2108
3cf9c3c.7f 42f945c6 043937 h ???????? 002 /wiki/BlauCouch
3cf9c3f.41 42f945c6 043937 h ???????? 002 /wiki/FreibergerArena
3cf9c42.05 42f945c6 043937 h ???????? 002 /wiki/FourNobleTruths
3cf9c44.c0 42f945c6 043937 h ???????? 002 /wiki/VornameNachname
3cf9c47.81 42f945c6 043937 h ???????? 002 /wiki/KommunalPolitik
3cf9c4a.43 42f945c6 043937 h ???????? 003 /wiki/AdvocataDiaboli
3cf9c4d.02 42f945c6 043937 h ???????? 002 /wiki/BildungsAuftrag
3cf9c4f.c9 42f945c6 043937 h ???????? 003 /wiki/TwentiethCentury
3cf9c52.8a 42f945c6 043937 h ???????? 002 /wiki/RegionalWaehrung
3cf9c55.4c 42f945c6 043937 h ???????? 002 /wiki/InstantMessaging
3cf9c58.12 42f945c6 043937 h ???????? 003 /wiki/HinterGrundWissen
3cf9c5a.ce 42f945c6 043937 h ???????? 002 /wiki/UrsprungDeinerWelt
3cf9c5d.8c 42f945c6 043937 h ???????? 002 /wiki/MichaelaSchaffrath
3cf9c60.54 42f945c6 043937 h ???????? 003 /wiki/CoOrpheumBreakEven
3cf9c63.0c 42f945c6 043937 h ???????? 002 /wiki/KindElternAkademie
3cf9c65.d8 42f945c6 043937 h ???????? 002 /wiki/RegionalEntwicklung
3cf9c68.9a 42f945c6 043937 h ???????? 002 /wiki/VirtuelleWirtschaft
3cf9c6b.56 42f945c6 043937 h ???????? 002 /wiki/MarkenKommunikation
3cf9c6e.1b 42f945c6 043937 h ???????? 002 /wiki/InformationContainer
3cf9c70.e9 42f945c6 043937 h ???????? 003 /wiki/ClosedWorldAssumption
3cf9c73.af 42f945c6 043937 h ???????? 002 /wiki/LicheDienstLeistungen
3cf9c76.7a 42f945c6 043937 h ???????? 002 /wiki/KommanditGesellschaft
3cf9c79.5a 42f945c6 043937 h ???????? 003 /wiki/DiakonissenKrankenhaus
3cf9c7c.3c 42f945c6 043937 h ???????? 002 /wiki/MitarbeiterKommunikation
3cf9c7f.a1 42f945c6 043937 h ???????? 003 /wiki/RainerWasserfuhrWikiWall
3cf9d64.c3 42f945ca 043937 h ???????? 003 /wiki/JavaClass
3cf9d6a.fc 42f945c6 043937 h ???????? 003 /wiki/FahrenheitMuffins
3cf9d6b.dc 42f945c8 043937 h ???????? 002 /wiki/GoTt
3cf9d6e.9e 42f945c8 043937 h ???????? 002 /wiki/RalfLippoldWikiWall
3cf9da8.7a 42f945c8 043937 h ???????? 003 /wiki/KundenKommunikation
3cf9e03.a8 44b4e56f aec21f h ???????? 002 //robots.txt
3cf9e16.69 44b4e71a aec21f h ???????? 002 /robots.txt
3cf9e17.18 44b4e71a aec21f h ???????? 002 /wiki/WwWebLern
3cf9f2b.6c c7d965df ea8cd4 h ???????? 002 /rss.jsp
3cf9f2b.ac c7d965df ea8cd4 h ???????? 002 /rss.jsp
3cf9f2b.eb c7d965df ea8cd4 h ???????? 001 /rss.jsp
3cf9f2c.2e c7d965df ea8cd4 h ???????? 001 /rss.jsp
3cf9f2c.74 c7d965df ea8cd4 h ???????? 002 /rss.jsp
3cf9f2c.b9 c7d965df ea8cd4 h ???????? 002 /rss.jsp
3cf9fc1.77 42f945c6 043937 h ???????? 003 /wiki/OntoClean
3cf9fc4.90 42f945c6 043937 h ???????? 003 /wiki/WikiParty
3cfa0e8.77 33ff477e 433e9c h ???????? 002 /edit/22446001
3cfa1b8.bc 42f945c6 043937 h ???????? 003 /wiki/TheFuture
3cfa21e.ad 42f945c8 043937 h ???????? 002 /wiki/KunstRaum
3cfa2cc.38 42f945ca 043937 h ???????? 003 /wiki/MindClick
3cfa3c0.33 4e2e2319 7dfab1 h ???????? 002 //rss.jsp
3cfa3c0.59 4e2e2319 7dfab1 h ???????? 002 //rss.jsp
3cfa50e.e4 42f945c8 043937 h ???????? 004 /wiki/CampusBar
3cfa637.15 42f945ca 043937 h ???????? 004 /wiki/HackSpace
3cfa63a.b9 42f945ca 043937 h ???????? 003 /wiki/UnTil2040
3cfa6ed.6d d9b648c8 fee6c8 h ???????? 01c /
3cfa6f3.a4 bc285186 7dfab1 h ???????? 001 //rss.jsp
3cfa6f3.cb bc285186 7dfab1 h ???????? 001 //rss.jsp
3cfa707.d9 bc285186 7dfab1 h ???????? 001 //rss.jsp
3cfa708.02 bc285186 7dfab1 h ???????? 002 //rss.jsp
3cfa764.40 42f945c8 043937 h ???????? 003 /wiki/GoggleEyes
3cfa95b.b3 bc285186 7dfab1 h ???????? 002 //rss.jsp
3cfa95b.da bc285186 7dfab1 h ???????? 002 //rss.jsp
3cfa96b.9c bc285186 7dfab1 h ???????? 001 //rss.jsp
3cfa96b.c2 bc285186 7dfab1 h ???????? 001 //rss.jsp
3cfa9b4.96 42f945c8 043937 h ???????? 003 /wiki/StefanNaher
3cfa9b5.f1 42f945ca 043937 h ???????? 002 /wiki/AndreasMoench
3cfac12.74 42f945c8 043937 h ???????? 004 /wiki/CoWorkingWiki
3cfac5d.fb 904c0886 c37fd8 h ???????? 002 /robots.txt
3cfac61.0e 904c0886 c37fd8 h ???????? 016 /
3cfac62.22 904c0886 c37fd8 h ???????? 002 /robots.txt
3cfac65.48 904c0886 c37fd8 h ???????? 01f /
3cfac66.5a 904c0886 c37fd8 h ???????? 002 /robots.txt
3cfac69.8d 904c0886 c37fd8 h ???????? 017 /
3cfad25.87 42f945ca 043937 h ???????? 003 /wiki/MichaelJunger
3cfafb5.a7 42f945ca 043937 h ???????? 003 /wiki/CoWorkingDresden
3cfb10f.ac 42f945c8 043937 h ???????? 004 /wiki/MargaretaMueller
3cfb293.2d 9d372760 6a88e8 h ???????? 018 /
3cfb29b.b4 9d372727 6a88e8 h ???????? 002 /robots.txt
3cfb2e3.44 cf2e0dcc 6a88e8 s ???????? 002 /robots.txt
3cfb2e3.ff cf2e0dcc 6a88e8 s ???????? 002 /robots.txt
3cfb2e6.b4 9d372727 6a88e8 s ???????? 016 /
3cfb324.61 42f945c6 043937 h ???????? 003 /wiki/CoWorkingResearch
3cfb44c.f6 42f945ca 043937 h ???????? 004 /wiki/FritzFoersterPlatz
3cfb4db.48 d9b68417 433e9c h ???????? 004 /wiki/CoOrpheum
3cfb6f3.95 d9b68436 433e9c h ???????? 003 /edit/30906001
3cfb8e9.68 d408f00a 94e186 s ???????? 002 //assets/Ultimatex.php
3cfb8ff.ed a4846b3e fee6c8 h ???????? 017 /
3cfbae3.39 d20e4e5b ef60d6 h ???????? 019 /
3cfbbd7.76 9b5e583a 66e770 h ???????? 01a /
3cfbd7a.3d a484a14d 433e9c h ???????? 004 /wiki/AnnoDomino2012
3cfbe81.ea b0245027 c37fd8 h ???????? 002 /robots.txt
3cfbe84.f1 b0245027 c37fd8 h ???????? 002 /edit
3cfbe89.72 b0245027 c37fd8 h ???????? 003 /wiki/WaldSchloesschen
3cfc020.1c cf2e0d65 6a88e8 h ???????? 003 /wiki/TwitterHolic
3cfc28d.70 42f95b6b 70a047 h ???????? 003 //rss.rdf
3cfc331.75 cf2e0d65 6a88e8 s ???????? 018 /
3cfc76c.19 5f6cb561 e4b041 h ???????? 002 /robots.txt
3cfc76f.fc 5f6cb561 e4b041 h ???????? 002 /cal
3cfc7f9.0a 33ff4147 433e9c h ???????? 003 /edit/22606002
3cfc8b5.d2 36c12e8e 10067b h ???????? 01c /
3cfc994.78 5bc80c5f 3a5a31 h ???????? 002 /wp-login.php
3cfc994.ab 5bc80c5f 3a5a31 h ???????? 002 //wp-login.php
3cfca42.a9 42f945ca 043937 h ???????? 003 /wiki/ReichTum
3cfca45.70 42f945c8 043937 h ???????? 003 /wiki/AufLage
3cfcb40.b4 42f945d4 043937 s ???????? 002 /edit/51815011
3cfcb48.f9 42f945d2 043937 s ???????? 002 /edit/82865004
3cfce50.e4 bc286647 7dfab1 h ???????? 003 //rss.jsp
3cfce51.1b bc286647 7dfab1 h ???????? 003 //rss.jsp
3cfcff2.cc 284da73e 6a88e8 h ???????? 004 /wiki/JuliaSeeliger
3cfd01f.2f a4846b61 fee6c8 h ???????? 01a /
3cfd374.0c 42f945ca 043937 h ???????? 004 /wiki/PolyBody
3cfd453.1b d9b68419 433e9c h ???????? 003 /edit/30876001
3cfd638.19 42f945d2 043937 s ???????? 003 /edit/79755002
3cfd8a3.ee 36c12e8e 10067b h ???????? 019 /
3cfda35.78 33ff413a 433e9c h ???????? 002 /edit/28346001
3cfdf3a.7b 8ac56f73 b80f03 h ???????? 019 /
3cfdf4b.a0 8ac56f73 b80f03 h ???????? 035 /alive/10
3cfdf4b.be 8ac56f73 b80f03 h ???????? 01a /feel/10
3cfdf90.48 42f945c8 043937 h ???????? 003 /wiki/ErKenn
3cfe20b.d6 33ff4107 433e9c h ???????? 002 /edit/28996002
3cfe225.92 9d372760 6a88e8 h ???????? 01b /
3cfe284.15 90d9a336 fee6c8 h ???????? 023 /
3cfe2f6.76 451ee9bb ffd63a h ???????? 002 /wp-login.php
3cfe305.70 451ee9bb ffd63a h ???????? 002 /robots.txt
3cfe5be.59 42f945ca 043937 h ???????? 004 /wiki/HellerAu
3cfe622.8c d9458546 399ff9 h ???????? 003 /robots.txt
3cfe62b.eb d94585ea 399ff9 h ???????? 004 /wiki/NaSt
3cfe632.8f d94585ef 399ff9 h ???????? 003 /wiki/ReDo
3cfe638.a1 d94585ed 399ff9 h ???????? 004 /wiki/DampfWalzer
3cfe75d.ad 33ff412e 433e9c h ???????? 002 /edit/23596002
3cfec1c.33 42f95b69 70a047 h ???????? 003 //rss.rdf
3cfec7f.b0 9d37274a 6a88e8 h ???????? 027 /
3cfec99.08 9d37274a 6a88e8 h ???????? 004 /wiki/FriendlyAi
3cfefc9.91 68ab7a94 ee113c h ???????? 01d /
3cfefca.9d 68ab7a94 ee113c h ???????? 002 //https://floatingboat2013.appspot.com
3cfefcb.5e 68ab7a94 ee113c h ???????? 003 //wiki/AlanTuring
3cfefcb.ef 68ab7a94 ee113c h ???????? 003 //wiki/GottfriedWilhelmLeibniz
3cfefcd.7a 68ab7a94 ee113c h ???????? 003 //https://floatingboat2013.appspot.com/UrPic
3cfefcf.f3 68ab7a94 ee113c h ???????? 003 //https://floatingboat2013.appspot.com/ad
3cfefd0.b7 68ab7a94 ee113c h ???????? 003 //https://sl4.eu/hls
3cfefd1.4d 68ab7a94 ee113c h ???????? 002 //https://sl4.eu/ls
3cfefd2.0a 68ab7a94 ee113c h ???????? 003 //https://sl4.eu/sh
3cfefd4.68 68ab7a94 ee113c h ???????? 002 //https://www.youtube.com/watch
3cff19f.69 d9b68499 433e9c h ???????? 005 /wiki/SommerSchwatz
3cff1bb.2b d8f442e5 2e51d1 h ???????? 003 /robots.txt
3cff39f.9c d8f442e5 2e51d1 h ???????? 004 /wiki/AnneWillSingularity
3cff3a2.aa d8f442e5 2e51d1 h ???????? 004 /wiki/SchachProgramm
3cff6c4.a0 44b4e71a aec21f h ???????? 004 /wiki/GiantGlobalGraph
3cff7d3.a0 a484a104 433e9c h ???????? 003 /edit/30866001
3cffa59.43 90d9a71e fee6c8 h ???????? 01e /
3cffc13.03 d94585ef 399ff9 h ???????? 003 /robots.txt
3cffc18.f5 d94585f0 399ff9 h ???????? 003 /edit/8536001
3cffc20.a9 d94585ef 399ff9 h ???????? 004 /wiki/KhBi
3cffc27.f0 d94585ef 399ff9 h ???????? 005 /wiki/LifeDay
3cffc2f.69 d94585eb 399ff9 h ???????? 004 /wiki/MindBroker
3cffc35.18 d94585ec 399ff9 h ???????? 004 /wiki/ToMo
3cffc3a.86 d94585ea 399ff9 h ???????? 005 /wiki/ScAu
3cffc40.4a d94585ee 399ff9 h ???????? 002 /sitemap.xml
3cffcc4.0f d8f442e5 2e51d1 h ???????? 003 /robots.txt
3cffe7e.94 d8f442e5 2e51d1 h ???????? 005 /wiki/ZugWiki
