3ca00c1.04 42f942c8 043937 h ???????? 003 /wiki/ReinerWeiss
3ca02a8.6b 42f942c8 043937 h ???????? 003 /wiki/HerrEichler
3ca02cc.75 a484a130 433e9c h ???????? 017 /edit/17356004
3ca03c3.0c 42f942c6 622963 h ???????? 017 /
3ca03c4.a7 42f94295 043937 s ???????? 002 /robots.txt
3ca040b.9d 42f942ca 043937 h ???????? 00a /wiki/FuturityNow
3ca0449.0f 42f942ca 043937 h ???????? 003 /wiki/OffenBarung
3ca04cc.2b 44b4e71a aec21f h ???????? 002 /robots.txt
3ca04cc.b2 44b4e71a aec21f h ???????? 003 /wiki/ThKu
3ca04e2.da 284da780 6a88e8 h ???????? 018 /
3ca056d.af acf5697c 661b67 h ???????? 018 /
3ca05f8.22 44b4e71a aec21f h ???????? 004 /wiki/AnWa
3ca0693.d5 a484a127 433e9c h ???????? 004 /wiki/NorbertStreitz
3ca075a.7b 42f942ca 043937 h ???????? 004 /wiki/EspritArena
3ca0807.43 42f942c6 043937 h ???????? 003 /wiki/NrwWahl2010
3ca08a0.45 42f942c8 043937 h ???????? 003 /wiki/RockTheTram
3ca09d8.81 42f942c6 043937 h ???????? 003 /wiki/CapitolHill
3ca0a42.37 42f942c6 043937 h ???????? 004 /wiki/JensOsthues
3ca0a4f.74 42f942c8 043937 h ???????? 003 /wiki/UnTil2009Q1
3ca0ccb.d3 42f942c8 043937 h ???????? 003 /wiki/CockerWiese
3ca0d48.0d 42f942c8 043937 h ???????? 003 /wiki/PeterLehmann
3ca0d57.f4 42f942c6 043937 h ???????? 003 /wiki/PolterAbend
3ca0d65.3e b29aab1e e4b041 h ???????? 002 /robots.txt
3ca0d69.c7 b29aab1e e4b041 h ???????? 017 /
3ca0dfc.8a d87ee0e3 f93269 h ???????? 002 //rss.rdf
3ca0e73.90 42f942c6 043937 h ???????? 003 /wiki/MariaDeJesus
3ca0f97.e2 b3da60d3 5484ba h ???????? 004 /wiki/RainerWasserfuhr
3ca0fc6.79 42f942c8 043937 h ???????? 003 /wiki/HelgaNowotny
3ca0fc7.5a 42f942c8 043937 h ???????? 00a /wiki/GuyLSteeleJr
3ca1081.9e 42f942c6 043937 h ???????? 004 /wiki/JochenOehler
3ca11d4.76 42f942c6 043937 h ???????? 004 /wiki/AtomsAndBits
3ca1248.64 b44c0f0a a04d28 h ???????? 003 /wiki/%3Ca%20class=%22blue%22%20href=%22/wiki/MoonOfEarth%22%3EMoonOfEarth%3C/a%3E
3ca131e.c7 42f942c8 043937 h ???????? 004 /wiki/MarcusKuehne
3ca15c7.39 9d3727c7 6a88e8 h ???????? 004 /wiki/ZugStrom
3ca184e.0f 42f95cc7 70a047 h ???????? 002 //rss.rdf
3ca1a18.73 b44c0f88 a04d28 h ???????? 01a /
3ca1af9.32 4a7d4c64 55c2cd h ???????? 002 //rss.rdf
3ca1b8f.5e 42f942ca 043937 h ???????? 003 /wiki/StadtMeissen
3ca1bab.2a 42f942c6 043937 h ???????? 003 /wiki/SchwarzMarkt
3ca1bb0.34 42f942c6 043937 h ???????? 004 /wiki/SingularTalk
3ca1bbc.78 42f942c6 043937 h ???????? 003 /wiki/BussiToBussi
3ca1be3.f8 42f942c8 043937 h ???????? 003 /wiki/JoergKrueger
3ca1bfc.78 42f942c8 043937 h ???????? 003 /wiki/DresdenPreis
3ca1ff9.2c 42f942ca 043937 h ???????? 004 /wiki/HowWeWork
3ca2014.5c 9d372734 6a88e8 s ???????? 002 /robots.txt
3ca2017.62 cf2e0d6d 6a88e8 s ???????? 01a /
3ca208a.f5 42f942c8 043937 h ???????? 004 /wiki/ThomasKirche
3ca20ab.c1 42f942ca 043937 h ???????? 003 /wiki/CelineBerger
3ca21fe.bb b29aab1e e4b041 h ???????? 01b /
3ca2408.77 42f942d2 043937 s ???????? 003 /robots.txt
3ca2408.bc 42f942d2 043937 s ???????? 004 /wiki/WorldEconomy
3ca2586.5d 42f942ca 043937 h ???????? 004 /wiki/DcTitle
3ca290b.8a 42f942ca 043937 h ???????? 004 /wiki/StrongAi
3ca290c.95 42f942c6 043937 h ???????? 00b /wiki/RoadRunner
3ca290c.f9 42f942c8 043937 h ???????? 004 /wiki/BrittaJonas
3ca2910.eb 42f942c6 043937 h ???????? 008 /wiki/NbIc
3ca2e47.08 330f54b7 fee6c8 h ???????? 05e /index.php
3ca2ec1.8a 25bb3851 e3b0c4 h ???????? 003 /robots.txt
3ca2ec9.36 25bb3851 46ab9b h ???????? 024 /
3ca2f71.4e 25bb3851 e3b0c4 h ???????? 002 /robots.txt
3ca2f73.77 25bb3851 46ab9b h ???????? 01b /
3ca3245.91 42f942c8 043937 h ???????? 004 /wiki/CognitiveModel
3ca324a.34 42f942c6 043937 h ???????? 004 /wiki/PowersOfTen
3ca324d.e1 42f942c6 043937 h ???????? 004 /wiki/ErdApfel
3ca325e.6c 42f942c6 043937 h ???????? 004 /wiki/CassAndra
3ca3295.58 42f942ca 043937 h ???????? 004 /wiki/JohnLaw
3ca32eb.e3 284da726 6a88e8 h ???????? 004 /wiki/LockPresentation
3ca34de.49 42f95cc9 70a047 h ???????? 002 //rss.rdf
3ca3596.15 42f942d0 043937 s ???????? 004 /wiki/BaOb
3ca3598.69 42f942d0 043937 s ???????? 003 /wiki/StHe
3ca359a.b0 42f942d0 043937 s ???????? 004 /wiki/PeBu
3ca359d.be 42f942d2 043937 s ???????? 003 /wiki/HoJo
3ca359f.34 42f942d0 043937 s ???????? 004 /wiki/ThKu
3ca35a1.a8 42f942d0 043937 s ???????? 004 /wiki/LaHi
3ca35a4.28 42f942d0 043937 s ???????? 003 /wiki/TiBr
3ca35a6.89 42f942d0 043937 s ???????? 004 /wiki/TiBo
3ca35a8.ef 42f942d0 043937 s ???????? 004 /wiki/DeNa
3ca35ab.6d 42f942d0 043937 s ???????? 004 /wiki/BeGo
3ca35ac.37 42f942d0 043937 s ???????? 004 /wiki/MaVa
3ca35ae.19 42f942d0 043937 s ???????? 004 /wiki/MaNa
3ca35af.6b 42f942d0 043937 s ???????? 003 /wiki/MaAm
3ca36da.d9 42f942d0 043937 s ???????? 004 /wiki/GoLe
3ca375d.1d 9d372778 6a88e8 h ???????? 025 /
3ca3770.a6 c61b5090 e3b0c4 h ???????? 003 /robots.txt
3ca3773.31 c61b5090 f7800e h ???????? 01c /
3ca3814.65 42f942d4 043937 s ???????? 003 /edit
3ca38f7.1d bca5c419 e3b0c4 h ???????? 001 /robots.txt
3ca38f9.41 bca5c419 76fdb3 h ???????? 016 /
3ca3a11.94 42f942ca 043937 h ???????? 003 /wiki/BalticDryIndex
3ca3a6c.a6 42f942d2 043937 s ???????? 002 /wiki/HaJo
3ca3a85.ab 42f942d2 043937 s ???????? 002 /wiki/MatthiasNaumann
3ca3a8a.74 42f942d0 043937 s ???????? 002 /wiki/FaVi
3ca3b4d.d0 284da726 6a88e8 h ???????? 002 /wiki/PickiHH
3ca3b63.36 26633e5d e5647d h ???????? 01a /
3ca3ce2.ac 97501f96 433e9c h ???????? 002 /robots.txt
3ca3db0.c7 42f942c6 043937 h ???????? 003 /wiki/TiBr
3ca3dbd.b8 42f942ca 043937 h ???????? 002 /wiki/HoJo
3ca3dcf.8c 42f942c6 043937 h ???????? 002 /wiki/ThKu
3ca3dda.1a 42f942c6 043937 h ???????? 002 /wiki/LaHi
3ca3e2e.7c 42f942d0 043937 s ???????? 002 /wiki/MatzeSanOnline
3ca3e2f.8a 42f942d0 043937 s ???????? 001 /wiki/GlFo
3ca3e43.97 42f942d2 043937 s ???????? 002 /wiki/DresDenDarfDas
3ca3e67.96 42f942ca 043937 h ???????? 002 /wiki/MaVa
3ca3ef0.5f 42f942ca 043937 h ???????? 002 /wiki/GoLe
3ca3faf.53 42f942ca 043937 h ???????? 002 /wiki/HaJo
3ca402d.44 b44c0f8f a04d28 h ???????? 013 /
3ca407e.da 42f942d4 043937 s ???????? 003 /wiki/SemperLust
3ca4082.1d 42f942d0 043937 s ???????? 003 /wiki/MaAn
3ca4083.18 42f942c8 043937 h ???????? 002 /wiki/FaVi
3ca41f1.d9 42f942c6 043937 h ???????? 003 /wiki/TimeToCome
3ca4211.a1 42f942d0 043937 s ???????? 002 /wiki/ChSt
3ca4224.90 42f942d0 043937 s ???????? 002 /wiki/BoDerek
3ca422a.8a 42f942d0 043937 s ???????? 002 /wiki/GuEm
3ca422b.2a 42f942d0 043937 s ???????? 002 /wiki/VeTi
3ca4232.79 42f942d0 043937 s ???????? 002 /wiki/UvSt
3ca4238.58 42f942d0 043937 s ???????? 002 /wiki/UlSt
3ca423d.36 42f942d0 043937 s ???????? 002 /wiki/BuRi
3ca4242.93 42f942d0 043937 s ???????? 003 /wiki/FrOf
3ca4246.32 42f942d0 043937 s ???????? 002 /wiki/UdJu
3ca424c.7a 42f942d0 043937 s ???????? 003 /wiki/MiOb
3ca42a1.ba a484a106 433e9c h ???????? 001 /edit/24576001
3ca42e1.ef 42f942d2 043937 s ???????? 003 /wiki/PeLi
3ca4399.46 42f942d0 043937 s ???????? 002 /wiki/VlPu
3ca4424.28 43152402 ef60d6 s ???????? 01a /
3ca446c.c7 42f942d2 043937 s ???????? 003 /wiki/GaKa
3ca4523.d1 42f942ca 043937 h ???????? 003 /wiki/OutLook
3ca454f.e3 42f942d0 043937 s ???????? 002 /wiki/SuHe
3ca457f.ce 5bc80c99 3a5a31 h ???????? 002 /wp-login.php
3ca4588.09 5bc80c99 3a5a31 h ???????? 002 //wp-login.php
3ca4632.e4 42f942d0 043937 s ???????? 003 /wiki/BeaGe
3ca4718.51 42f942d2 043937 s ???????? 003 /wiki/StaTi
3ca4740.3b cf2e0d6d 6a88e8 h ???????? 003 /wiki/BallhausWatzke
3ca47f9.41 42f942d0 043937 s ???????? 003 /wiki/ViBra
3ca48d1.23 05097006 31e254 h ???????? 003 /wiki/SommerSchwatz
3ca48db.e0 42f942d4 043937 s ???????? 003 /wiki/SySch
3ca48df.b4 cf2e0d6d 6a88e8 h ???????? 002 /wiki/HerKunft
3ca49af.aa b44c0f12 a04d28 h ???????? 003 /wiki/SobTla
3ca49be.e3 42f942d4 043937 s ???????? 003 /wiki/KeDeSch
3ca4ac5.8b 42f942d0 043937 s ???????? 003 /wiki/BeaGeier
3ca4b85.39 42f942d4 043937 s ???????? 003 /wiki/BerndAust
3ca4c67.ae 42f942c8 043937 h ???????? 003 /wiki/FolieEtDeraison
3ca4ce7.ec 75796118 108040 h ???????? 002 /passwordrecovered.cgi
3ca4d4a.b9 42f942c8 043937 h ???????? 003 /wiki/WarrenMcCulloch
3ca4e3c.92 42f942c6 043937 h ???????? 003 /wiki/MarkGranovetter
3ca4ec8.e1 9d372790 6a88e8 s ???????? 002 /robots.txt
3ca4ec9.a1 9d372790 6a88e8 s ???????? 001 /robots.txt
3ca4edd.f4 cf2e0d9e 6a88e8 s ???????? 01b /
3ca4f11.05 42f942c6 043937 h ???????? 003 /wiki/MartinKornmeier
3ca4ff3.b7 42f942c8 043937 h ???????? 003 /wiki/ide
3ca50d6.c7 42f942c8 043937 h ???????? 004 /wiki/WernerVonSeelen
3ca51b9.b7 42f942c6 043937 h ???????? 003 /wiki/ScI
3ca51e9.42 a484a110 433e9c h ???????? 002 /edit/27516001
3ca52c6.26 42f942c6 043937 h ???????? 003 /wiki/AnthonyWilliams
3ca5380.0a 42f942ca 043937 h ???????? 003 /wiki/SsId
3ca5462.b2 42f942c8 043937 h ???????? 003 /wiki/WealthOfNations
3ca5545.bb 42f942ca 043937 h ???????? 003 /wiki/ClaudiaLandmann
3ca5619.c3 42f95cc7 70a047 h ???????? 002 //rss.rdf
3ca5628.b1 42f942c6 043937 h ???????? 003 /wiki/SchreitHarvester
3ca570b.b9 42f942ca 043937 h ???????? 003 /wiki/SamuelHuntington
3ca57ee.b9 42f942c8 043937 h ???????? 003 /wiki/PieschenArtGroup
3ca5846.f7 42f942c6 043937 h ???????? 003 /wiki/MindBroker
3ca58d1.ad 42f942ca 043937 h ???????? 003 /wiki/WolfgangReinecke
3ca5914.8e a484a2a4 433e9c h ???????? 002 /edit/23706002
3ca59b4.bb 42f942ca 043937 h ???????? 003 /wiki/ByronProtopsaltis
3ca5a26.ee 42f942d0 043937 s ???????? 002 /ad
3ca5a97.c1 42f942c8 043937 h ???????? 003 /wiki/ThomasChristaller
3ca5b7a.b3 42f942c8 043937 h ???????? 003 /wiki/KrzysztofKurowski
3ca5c5d.b3 42f942c6 043937 h ???????? 003 /wiki/DanielaWasserfuhr
3ca5d40.be 42f942ca 043937 h ???????? 003 /wiki/OlGo
3ca5e1e.71 330f2bcd fee6c8 h ???????? 003 //index.php
3ca5e23.ab 42f942c8 043937 h ???????? 003 /wiki/AlexanderFriedland
3ca5e4b.4f a484a105 433e9c h ???????? 002 /edit/28376001
3ca5ee7.52 cf2e0d4e 6a88e8 s ???????? 016 /
3ca5f06.ab 42f942ca 043937 h ???????? 003 /wiki/MethusalemKomplott
3ca5f1e.f8 42f942c6 043937 h ???????? 003 /wiki/WikiBasiert
3ca5fe9.c1 42f942ca 043937 h ???????? 004 /wiki/ClashOfCivilizations
3ca6103.43 42f942ca 043937 h ???????? 003 /wiki/TheInteliGridPlatform
3ca61b0.11 42f942c8 043937 h ???????? 004 /wiki/WorldStateIsInevitable
3ca6244.43 4e2e2319 7dfab1 h ???????? 002 //rss.jsp
3ca6244.70 4e2e2319 7dfab1 h ???????? 001 //rss.jsp
3ca6292.bc 42f942c8 043937 h ???????? 004 /wiki/ComputingMachineryAndIntelligence
3ca6521.86 44b4e71a aec21f s ???????? 002 /robots.txt
3ca6522.82 44b4e71a aec21f s ???????? 002 /AlphaDay
3ca66b7.bc bc285186 7dfab1 h ???????? 002 //rss.jsp
3ca66b7.e7 bc285186 7dfab1 h ???????? 002 //rss.jsp
3ca6704.e5 bc285186 7dfab1 h ???????? 002 //rss.jsp
3ca6705.0d bc285186 7dfab1 h ???????? 002 //rss.jsp
3ca6854.73 bc285186 7dfab1 h ???????? 002 //rss.jsp
3ca6854.a4 bc285186 7dfab1 h ???????? 002 //rss.jsp
3ca686c.49 bc285186 7dfab1 h ???????? 002 //rss.jsp
3ca686c.70 bc285186 7dfab1 h ???????? 002 //rss.jsp
3ca699a.91 42f942c8 043937 h ???????? 004 /wiki/DoNt
3ca699f.83 d9b68457 433e9c h ???????? 002 /edit/25346008
3ca6d03.86 88f3599d 0852cc h ???????? 003 /robots.txt
3ca6d04.da 88f3599d 0852cc h ???????? 031 /
3ca7289.d3 42f95cc7 70a047 h ???????? 002 //rss.rdf
3ca73f0.53 42f942c8 043937 h ???????? 003 /feel/
3ca7499.48 42f942c6 043937 h ???????? 002 /alive/
3ca773a.0f d9b684b2 433e9c h ???????? 003 /sl
3ca77e6.3d 42f942ce 043937 h ???????? 004 /wiki/PepeLienhard
3ca7812.a1 cf2e0d4e 6a88e8 h ???????? 003 /wiki/NewMind
3ca7857.26 33ff415d 433e9c h ???????? 002 /edit/22236004
3ca78c9.3d 284da75d 6a88e8 h ???????? 019 /
3ca7932.65 42f942ce 043937 h ???????? 003 /wiki/RonaldReagan
3ca79ff.33 42f942ce 043937 h ???????? 004 /wiki/CwbFx
3ca7bd9.d4 33ff4150 433e9c h ???????? 003 /edit/25456004
3ca7e96.10 42f942cc 043937 h ???????? 003 /wiki/RegEx
3ca7e9b.d6 42f942ca 043937 h ???????? 003 /wiki/VillaWeigang
3ca7ee0.1e cf2e0d39 6a88e8 h ???????? 01a /
3ca8244.d4 42f942c6 043937 h ???????? 004 /wiki/SciBb
3ca8474.a4 a484a142 433e9c h ???????? 002 /edit/30166002
3ca8487.e8 42f942ca 043937 h ???????? 003 /wiki/FelixDresden
3ca8496.30 42f942c8 043937 h ???????? 004 /wiki/OlafSchubert
3ca86cf.09 42f942ca 043937 h ???????? 004 /wiki/InAuguration
3ca8817.b3 42f942c6 043937 h ???????? 004 /wiki/PhiLe
3ca892e.86 42f942c8 043937 h ???????? 005 /wiki/OfNow
3ca8c0f.f2 bc286647 7dfab1 h ???????? 003 //rss.jsp
3ca8c10.24 bc286647 7dfab1 h ???????? 002 //rss.jsp
3ca8ca3.8a 42f942ca 043937 h ???????? 004 /wiki/GoodSex
3ca8cc0.18 42f942ca 043937 h ???????? 003 /wiki/GitScm
3ca8fe6.38 d5abdc98 a95ea1 h ???????? 003 //rss.rdf
3ca8ff5.54 c6392f4f e83b9c h ???????? 002 //rss.rdf
3ca915c.2b 42f942c6 043937 h ???????? 004 /wiki/GuenterGrass
3ca91b5.64 3650fda0 2baa92 h ???????? 01b /
3ca929c.6e 42f942c6 043937 h ???????? 005 /wiki/HechtViertel
3ca9414.02 42f942c6 043937 h ???????? 002 /robots.txt
3ca94dc.cb 33ff477d 433e9c h ???????? 01b /edit/14306003
3ca961a.7e 42f942c8 043937 h ???????? 004 /wiki/HarryRowohlt
3ca962d.e7 42f942c6 043937 h ???????? 004 /wiki/MontagsKreis
3ca9747.fb cf2e0dc0 6a88e8 h ???????? 002 //robots.txt
3ca9862.04 9b5e583a 66e770 h ???????? 01a /
3ca9879.a5 42f942ca 043937 h ???????? 004 /wiki/SaxSys
3ca99ad.4e 42f942ca 043937 h ???????? 004 /wiki/GrassiMuseum
3ca99b2.2f 42f942c8 043937 h ???????? 003 /wiki/HeiligenDamm
3ca9c04.7a 42f942c6 043937 h ???????? 004 /wiki/IchLese
3ca9cc0.67 42f95cc7 70a047 h ???????? 003 //rss.rdf
3ca9d1e.9a 42f942c6 043937 h ???????? 004 /wiki/LexBill
3ca9e3d.fe 42f942ca 043937 h ???????? 005 /wiki/CuchiDresden
3ca9f75.31 42f942c8 043937 h ???????? 004 /wiki/CupCino
3caa1dc.3d 42f942c8 043937 h ???????? 005 /wiki/RufName
3caa323.e8 a484a135 433e9c h ???????? 004 /wiki/
3caa351.c4 b44c0f20 a04d28 h ???????? 023 /
3caa550.2d 42f942c6 043937 h ???????? 004 /wiki/KulturFabrik
3caa555.f8 42f942c8 043937 h ???????? 004 /wiki/MindTag
3caa557.6d 42f942c8 043937 h ???????? 003 /wiki/SchlossPlatz
3caa68f.3d 42f942c8 043937 h ???????? 006 /wiki/OddMuse
3caa742.9d 7ac0204f 330447 h ???????? 002 /.git/HEAD
3caa743.81 7ac0204f 330447 h ???????? 003 /.git/config
3caa743.a6 7ac0204f 330447 h ???????? 002 /.svn/entries
3caa743.c8 7ac0204f 330447 h ???????? 002 /.svn/wc.db
3caa743.ed 7ac0204f 330447 h ???????? 002 /.bzr/branch-format
3caa744.11 7ac0204f 330447 h ???????? 002 /.hg/hgrc
3caa744.36 7ac0204f 330447 h ???????? 002 /.hg/requires
3caa744.58 7ac0204f 330447 h ???????? 002 /.hg/dirstate
3caa744.7c 7ac0204f 330447 h ???????? 002 /CVS/Root
3caa744.9f 7ac0204f 330447 h ???????? 003 /CVS/Entries
3caa744.c4 7ac0204f 330447 h ???????? 002 /cvs/Root
3caa744.e5 7ac0204f 330447 h ???????? 002 /cvs/Entries
3caa86d.1e 4e6d1701 fee6c8 h ???????? 01c /
3caa8e2.44 42f942c8 043937 h ???????? 004 /wiki/UndDuDe
3caa950.3a d9b684ae 433e9c h ???????? 004 /wiki/JohannKoenitz
3caa99a.9d 3cd0d140 76a555 h ???????? 12c /
3caa9af.ad 7820458b 76a555 s ???????? 011 /
3caa9f3.28 42f942ca 043937 h ???????? 003 /wiki/GLatLng
3caab30.20 42f942c6 043937 h ???????? 002 /wiki/KodakTheatre
3caacfd.ce b0741ea9 85c767 h ???????? 015 /
3caad93.3a 42f942c6 043937 h ???????? 003 /wiki/TakeTwo
3caadd8.49 b44c0f9e fa643b h ???????? 005 /crush
3caadd8.4d b44c0f08 fa643b h ???????? 001 /crush
3caae2a.14 b44c0f92 a04d28 h ???????? 001 /crush
3caaf14.26 b44c0f0d a04d28 h ???????? 013 /
3caaf96.f7 a93c8068 bee07d h ???????? 002 //robots.txt
3caafde.9f 42f942ca 043937 h ???????? 002 /wiki/OwnedBy
3caafdf.a5 42f942c8 043937 h ???????? 002 /wiki/ThomasAnders
3cab0ae.a0 9387c54b 8a1caf s ???????? 467 /memo
3cab1d6.5b a93c807d bee07d h ???????? 001 /robots.txt
3cab1d6.ea a93c807d bee07d h ???????? 002 /wiki/MamaZwoNull
3cab227.a3 42f942c6 043937 h ???????? 002 /wiki/ApplePng
3cab236.26 42f942ca 043937 h ???????? 002 /wiki/PropName
3cab26e.59 d9b68411 433e9c h ???????? 001 /edit/21766002
3cab28c.c3 9108b4df 8c1a73 h ???????? 002 //wiki/WikiWall
3cab36b.6c 42f942ca 043937 h ???????? 002 /wiki/TurnTableOne
3cab36d.9c 42f942c8 043937 h ???????? 002 /wiki/GurkenSorbet
3cab490.8d 42f942ca 043937 h ???????? 002 /wiki/XingPate
3cab578.9d 42f942d0 043937 s ???????? 003 /wiki/HasSex
3cab5ca.26 42f942c6 043937 h ???????? 002 /wiki/IchBiete
3cab6ef.d5 42f942c6 043937 h ???????? 002 /wiki/ClemensMaass
3cab6f3.27 42f942ca 043937 h ???????? 003 /wiki/CallSign
3cab828.f2 d9b68496 433e9c h ???????? 002 /edit/7446001
3caba98.06 42f942ca 043937 h ???????? 002 /wiki/InFinite
3cabab0.9e 8ba26ab5 976046 s ???????? 019 /
3cabc09.c5 42f942ca 043937 h ???????? 003 /wiki/CarCount
3cabcca.2c 2ee5a463 2e29b5 h ???????? 002 /robots.txt
3cabce9.22 a930425d bee07d h ???????? 002 /robots.txt
3cabce9.80 a930425d bee07d h ???????? 001 /edit
3cabcee.e3 a930425d bee07d h ???????? 003 /wiki/ChildOf
3cabcf4.90 a930425d bee07d h ???????? 003 /wiki/EtAl
3cabd06.af 44b4e71a aec21f s ???????? 001 /robots.txt
3cabd07.a2 44b4e71a aec21f s ???????? 006 /wiki/DaPo
3cabf11.d8 42f942ca 043937 h ???????? 003 /wiki/CafeBlumenau
3cabf5a.17 b01fe70a 433e9c h ???????? 002 /edit/27286002
3cac110.70 b44c0f95 a04d28 h ???????? 003 /wiki/%3Ca%20class=%22blue%22%20href=%22/wiki/MicroNation%22%3EMicroNation%3C/a%3E
3cac168.78 42f942ca 043937 h ???????? 003 /wiki/KulturPalast
3cac1d6.73 33ff411f 433e9c h ???????? 001 /edit/22456006
3cac239.c4 a93c807d bee07d h ???????? 002 /robots.txt
3cac23a.26 a93c807d bee07d h ???????? 002 /wiki/IpAddress
3cac23f.89 a93c807d bee07d h ???????? 002 /wiki/LogIn
3cac245.05 a93c807d bee07d h ???????? 002 /wiki/HerKunft
3cac24a.77 a93c807d bee07d h ???????? 003 /wiki/PapaZwoNull
3cac256.b8 44b4e71a aec21f h ???????? 002 /robots.txt
3cac257.30 44b4e71a aec21f h ???????? 002 /SamenLotto
3cac293.c6 42f942c8 043937 h ???????? 003 /wiki/MercedesBunz
3cac4d4.76 42f95cc7 70a047 h ???????? 001 //rss.rdf
3cac4e9.0a 42f942c6 043937 h ???????? 003 /wiki/DieterBohlen
3cac643.da 42f942ca 043937 h ???????? 003 /wiki/KunadStrasse
3cac818.d8 a930425e bee07d h ???????? 002 /robots.txt
3cac819.37 a930425e bee07d h ???????? 003 /wiki/RdfProperty
3cac899.63 a484a13d 433e9c h ???????? 002 /edit/26406001
3cac982.27 42f942c6 043937 h ???????? 003 /wiki/JamesCameron
3cac9b6.77 42f942c8 043937 h ???????? 003 /wiki/YuriGurevich
3caca10.7d a484a10b 433e9c h ???????? 007 /edit/26446001
3cacc2a.a8 42f942c8 043937 h ???????? 003 /wiki/EclipseHorse
3cacd3a.2f 42f942c8 043937 h ???????? 003 /wiki/PieschenRado
3cad0e9.43 42f942c6 043937 h ???????? 003 /wiki/SchnittPoint
3cad0ea.83 68285950 31252c h ???????? 015 /
3cad0fb.c8 42f942c6 043937 h ???????? 003 /wiki/WinfriedLueg
3cad310.19 42f942c6 043937 h ???????? 003 /wiki/RosisDresden
3cad312.49 b29aab1e e4b041 h ???????? 001 /robots.txt
3cad319.28 b29aab1e e4b041 h ???????? 01d /
3cad368.79 a9304255 bee07d h ???????? 002 /robots.txt
3cad368.de a9304255 bee07d h ???????? 003 /wiki/PageIndex
3cad36e.76 a9304255 bee07d h ???????? 003 /wiki/FoAf
3cad373.ef a9304255 bee07d h ???????? 002 /wiki/DeFine
3cad379.55 a9304255 bee07d h ???????? 007 /wiki/PageContent
3cad37e.e6 a9304255 bee07d h ???????? 003 /wiki/MindIp
3cad384.4f a9304255 bee07d h ???????? 003 /wiki/WikiPage
3cad38a.1f a9304255 bee07d h ???????? 003 /wiki/NextGeneration
3cad432.40 42f942c8 043937 h ???????? 003 /wiki/OliverPocher
3cad434.c2 42f942c8 043937 h ???????? 003 /wiki/MontagsRunde
3cad57d.72 42f942c8 043937 h ???????? 003 /wiki/CamelCase
3cad5f8.15 2ee5a464 2e29b5 h ???????? 002 /robots.txt
3cad612.87 8ba26c35 976046 h ???????? 017 /
3cad8f0.6f 42f942c6 043937 h ???????? 003 /wiki/SilkeGeithner
3cad901.25 a930425c bee07d h ???????? 002 /robots.txt
3cad901.87 a930425c bee07d h ???????? 003 /wiki/ConTent
3cadb3c.8b 42f942c8 043937 h ???????? 003 /wiki/ThomasRGruber
3cadd07.d3 a93c8065 bee07d h ???????? 002 /robots.txt
3cadd08.2f a93c8065 bee07d h ???????? 003 /wiki/RdfClass
3cadd0e.23 a93c8065 bee07d h ???????? 004 /wiki/DeFin
3cadd13.cb a93c8065 bee07d h ???????? 003 /wiki/ReichsTag
3cadd8c.db 42f942c6 043937 h ???????? 003 /wiki/DresdnerReden
3cadfcc.d4 9d372727 6a88e8 h ???????? 004 /wiki/GriebenSchmalz
3cae14b.80 42f942c8 043937 h ???????? 003 /wiki/ChampsElysees
3cae151.46 a930425c bee07d h ???????? 002 /robots.txt
3cae151.a6 a930425c bee07d h ???????? 003 /wiki/OpenStreetMap
3cae22b.bd 42f95d18 002725 h ???????? 002 /favicon.ico
3cae35c.e9 b44c0f91 a04d28 s ???????? 009 /wiki/TheOne
3cae5d9.12 d9b684b3 433e9c h ???????? 004 /wiki/OttoScharmer
3cae5df.87 42f942ca 043937 h ???????? 003 /wiki/GruenderTreff
3cae6d9.ec 284da755 6a88e8 s ???????? 018 /
3cae6e1.1b 42f942c6 043937 h ???????? 003 /wiki/DavidFerrucci
3cae86d.85 45c5b3aa 3a5a31 h ???????? 002 /static/js/tiny_mce/plugins/tinybrowser/upload.php
3cae86d.ce 45c5b3aa 3a5a31 h ???????? 002 /admin/lib/tiny_mce/plugins/tinybrowser/upload.php
3cae86e.18 45c5b3aa 3a5a31 h ???????? 002 /tiny_mce/plugins/tinybrowser/upload.php
3cae86e.63 45c5b3aa 3a5a31 h ???????? 001 /editors/tinymce/jscripts/tiny_mce/plugins/tinybrowser/upload.php
3cae86e.d1 45c5b3aa 9c5581 h ???????? 002 /uploadify/uploadify.php
3cae870.74 45c5b3aa 3a5a31 h ???????? 002 /8d50a74a8ed5f6c.php
3cae870.e3 45c5b3aa 9c5581 h ???????? 002 /wp-admin/admin-ajax.php
3cae872.31 45c5b3aa 3a5a31 h ???????? 002 /wp-content/plugins/revslider/temp/update_extract/8d50a74aa279510.php
3cae872.97 45c5b3aa 9c5581 h ???????? 001 /license.php
3cae874.5b 45c5b3aa 3a5a31 h ???????? 002 /8d50a74ab322f2f.php
3cae874.cd 45c5b3aa 3a5a31 h ???????? 002 /wp-admin/admin-ajax.php
3caecca.62 42f942c6 043937 h ???????? 004 /wiki/FutureRisotto
3caed7d.22 42f95cc7 70a047 h ???????? 002 //rss.rdf
3caeddd.fe 44b4e72b aec21f h ???????? 002 /crush
3caede4.3f 44b4e71a aec21f h ???????? 002 /crush
3caee39.b0 a93c806a bee07d h ???????? 002 /robots.txt
3caee3a.1a a93c806a bee07d h ???????? 004 /wiki/UserGenerated
3caefad.e3 6c3b0846 028fc4 h ???????? 002 /robots.txt
3caefb9.19 6c3b0846 028fc4 h ???????? 020 /
3caf004.58 42f942c8 043937 h ???????? 003 /wiki/GlFo
3caf129.e3 42f942c6 043937 h ???????? 003 /wiki/MaAn
3caf1aa.e3 42f942ca 043937 h ???????? 003 /wiki/HomeMage
3caf1ab.c0 42f942c6 043937 h ???????? 003 /wiki/SamLoyd
3caf1c2.62 42f942c8 043937 h ???????? 00a /wiki/DeadLine
3caf1c3.0c 42f942c6 043937 h ???????? 003 /wiki/[http://www.ba-mannheim.de/index.php
3caf1c3.e9 42f942c8 043937 h ???????? 003 /wiki/[http://www.doc.ic.ac.uk/~rak/]
3caf1c5.77 42f942ca 043937 h ???????? 003 /wiki/LastName
3caf1c5.dd 42f942ca 043937 h ???????? 003 /wiki/ArtAgent
3caf1c6.4e 42f942c6 043937 h ???????? 003 /wiki/DejaVu
3caf1c6.c7 42f942c6 043937 h ???????? 003 /wiki/HellSeh
3caf1c8.ab 42f942c8 043937 h ???????? 003 /wiki/MaeWest
3caf1c9.e5 42f942c8 043937 h ???????? 003 /wiki/MagaZine
3caf1e7.20 a484a106 433e9c h ???????? 002 /edit/23666003
3caf23c.52 42f942c6 043937 h ???????? 004 /wiki/FullNess
3caf262.52 42f942c6 043937 h ???????? 002 //robots.txt
3caf35b.bc 42f942d2 043937 s ???????? 004 /wiki/PostPep
3caf3cc.47 42f942c6 043937 h ???????? 004 //wiki/PiratenPrognose
3caf477.e0 42f942c8 043937 h ???????? 005 /wiki/MgmGrand
3caf6a2.2c b44c0f9d a04d28 s ???????? 004 /wiki/JspWiki
3caf77c.af 42f942ca 043937 h ???????? 004 /wiki/DreiSat
3caf79e.92 42f942c6 043937 h ???????? 004 /wiki/ShareHolder
3cafa51.f6 42f942c8 043937 h ???????? 01a /
3cafc0f.83 42f942c6 043937 h ???????? 003 /wiki/CharCode
3cafc9b.5b 9d372773 6a88e8 h ???????? 010 /
3cafce6.72 44b4e56f aec21f h ???????? 001 //robots.txt
3cafcf7.d9 44b4e71a aec21f h ???????? 002 /wiki/RainerWasserfuhrCv
3cafe66.44 42f942ca 043937 h ???????? 003 /wiki/PreVents
