3d503c7.48 9fcb599a 6a9be8 h ???????? 028 /
3d50b41.7d 05099b25 c37fd8 h ???????? 001 /robots.txt
3d50b44.8b 05099b25 c37fd8 h ???????? 002 /wiki/ValeriaSolomonoff
3d50b4a.4d 05099b25 c37fd8 h ???????? 002 /wiki/WernerVonSeelen
3d50b4c.fd 05099b25 c37fd8 h ???????? 002 /robots.txt
3d50b4f.e3 05099b25 c37fd8 h ???????? 002 /wiki/WikiWall
3d50b55.a4 05099b25 c37fd8 h ???????? 002 /wiki/YesWeCan
3d50b5a.4a 05099b25 c37fd8 h ???????? 002 /wiki/YvonneSchubert
3d50b5f.2e 05099b25 c37fd8 h ???????? 003 /wiki/ZeitenStroemung
3d50b61.e7 05099b25 c37fd8 h ???????? 001 /robots.txt
3d50b64.e7 05099b25 c37fd8 h ???????? 002 /wiki/ABeautifulMind
3d50b69.a7 05099b25 c37fd8 h ???????? 002 /wiki/AgrartechnikSachsen
3d50b6e.a8 05099b25 c37fd8 h ???????? 002 /wiki/AlbrechtButtolo
3d50b73.ac 05099b25 c37fd8 h ???????? 002 /wiki/AntonyFedrigotti
3d51094.3a bc286647 7dfab1 h ???????? 001 //rss.jsp
3d51094.65 bc286647 7dfab1 h ???????? 002 //rss.jsp
3d5110e.68 42f95987 70a047 h ???????? 003 //rss.rdf
3d51196.83 d94585ea 399ff9 h ???????? 002 /robots.txt
3d5119c.c4 d9458546 399ff9 h ???????? 003 /wiki/AnSa
3d511a1.c3 d94585eb 399ff9 h ???????? 002 /wiki/MuskBed
3d511a7.28 d94585ea 399ff9 h ???????? 001 /edit
3d511b0.5c d94585ee 399ff9 h ???????? 002 /wiki/EyeDotz
3d512c0.13 5b2f26d3 4e9599 h ???????? 002 //wiki/RainerWasserfuhrCv
3d514fe.09 42f94046 043937 h ???????? 003 /wiki/AmbItio
3d5158f.c9 b44c0f17 a04d28 h ???????? 002 /edit/8976001
3d5168a.26 cf2e0d90 6a88e8 h ???????? 012 /
3d5219a.ae 4d4b4f5f 6a9392 h ???????? 002 /robots.txt
3d5219b.a8 4d4b4f5f 6a9392 h ???????? 004 /wiki/EtAl
3d52472.5d 9b5e583a 66e770 h ???????? 01c /
3d524ab.c7 42f94046 043937 h ???????? 002 /wiki/ErstKontakt
3d5254e.37 65ec247a 37cdb0 h ???????? 013 /
3d52552.bc 65ec247a 37cdb0 h ???????? 012 /
3d52594.e4 8af6fd13 b5326e s ???????? 013 /
3d5260c.24 682ae540 31252c h ???????? 01d /
3d52617.30 36b04529 922ee0 h ???????? 001 /robots.txt
3d52617.a4 36b04529 922ee0 h ???????? 01d /
3d527f0.42 d94585ee 399ff9 h ???????? 002 /robots.txt
3d527fa.60 d94585ee 399ff9 h ???????? 002 /wiki/AnnBa
3d52802.91 d9458546 399ff9 h ???????? 003 /wiki/RainerTest
3d5280b.6e d94585ea 399ff9 h ???????? 003 /wiki/MuskBusQuest
3d52812.4b d94585ee 399ff9 h ???????? 002 /wiki/PeterThiel
3d52819.0f d94585ec 399ff9 h ???????? 001 /cast/
3d52825.48 3ed26560 c37fd8 h ???????? 002 //robots.txt
3d52830.d4 3ed26560 c37fd8 h ???????? 003 //wiki/%25s
3d52852.e9 3ed26560 c37fd8 h ???????? 002 //wiki/%3C%25=session.getAttribute(
3d52865.6c 3ed26560 c37fd8 h ???????? 002 //wiki/AnneWillSingulari%E2%80%A6
3d52875.44 3ed26560 c37fd8 h ???????? 002 //wiki/DresdenWiFi%E2%80%9C
3d52888.10 3ed26560 c37fd8 h ???????? 003 //wiki/DresdenWiFi
3d5289e.bc 3ed26560 c37fd8 h ???????? 003 //wiki/LockSchuppen.%C2%A0
3d528b2.7d 3ed26560 c37fd8 h ???????? 002 //wiki/LockSchuppen.%C3%82%C2%A0
3d52ad2.c4 65ec24d7 37cdb0 h ???????? 025 /
3d52de6.54 65ec247a 37cdb0 h ???????? 016 /
3d530e3.0b b44c0fa2 a04d28 s ???????? 003 /wiki/FloatingBoats
3d530eb.e1 3f8dec62 ffd63a h ???????? 002 /wp-login.php
3d530ec.24 3f8dec62 ffd63a h ???????? 007 /wp-login.php
3d530ee.b8 3f8dec62 ffd63a h ???????? 001 /robots.txt
3d530ee.e4 3f8dec62 ffd63a h ???????? 001 /robots.txt
3d53521.2a 73a0ab2a 3eedd1 h ???????? 002 /manager/html
3d537ec.8d 42f95987 70a047 h ???????? 002 //rss.rdf
3d5396e.2d 65ec11ec 37cdb0 h ???????? 018 /
3d53a0c.98 88f3599d 0852cc h ???????? 002 /robots.txt
3d53a0d.d0 88f3599d 0852cc h ???????? 016 /
3d53c18.f1 8ac527e7 03bc36 h ???????? 01c /
3d53de4.8c d94585eb 399ff9 h ???????? 002 /robots.txt
3d53ded.72 d94585ed 399ff9 h ???????? 002 /system
3d53df3.1d d94585f0 399ff9 h ???????? 002 /wiki/RainerWasserfuhrCvEn
3d53df9.1a d94585ec 399ff9 h ???????? 003 /wiki/RoHaZoo
3d53dff.6a d94585eb 399ff9 h ???????? 003 /wiki/AufFrank
3d53e06.37 d94585f0 399ff9 h ???????? 003 /wiki/ToMo
3d53e0d.06 d94585ef 399ff9 h ???????? 002 /wiki/FzKj
3d53e17.8a d94585f0 399ff9 h ???????? 003 /wiki/WiderLos
3d53e20.2e d94585ef 399ff9 h ???????? 002 /AlphaDay
3d53fae.8c 65ec24ad 37cdb0 h ???????? 016 /
3d540b4.df c19f1627 4e9599 h ???????? 017 /1
3d540b5.50 c19f1627 4e9599 h ???????? 002 /favicon.ico
3d540b9.29 c19f1627 4e9599 h ???????? 002 /feel/4
3d540bd.2e c19f1627 4e9599 h ???????? 002 /feel/8
3d540c5.26 c19f1627 4e9599 h ???????? 019 /feel/10
3d540d5.25 c19f1627 4e9599 h ???????? 002 /feel/20
3d5456e.b9 d17e8804 7404fb h ???????? 017 /
3d54678.18 43152402 ef60d6 s ???????? 002 /robots.txt
3d54691.7e 42f94046 043937 h ???????? 003 /wiki/WorldEconomy
3d5472c.8a 175e0e64 55c4a0 h ???????? 002 //rss.rdf
3d5472e.2d 5896e4da 1c75e1 h ???????? 002 //rss.rdf
3d549de.e8 42f94046 043937 h ???????? 004 /wiki/CovenTry
3d54f9b.75 68ab7a90 ee113c h ???????? 017 /
3d54f9d.1e 68ab7a90 ee113c h ???????? 002 //https://floatingboat2013.appspot.com
3d54f9d.f8 68ab7a90 ee113c h ???????? 003 //wiki/AlanTuring
3d54f9e.6a 68ab7a90 ee113c h ???????? 003 //wiki/GottfriedWilhelmLeibniz
3d54f9e.e3 68ab7a90 ee113c h ???????? 002 //https://floatingboat2013.appspot.com/UrPic
3d54f9f.e2 68ab7a90 ee113c h ???????? 002 //https://floatingboat2013.appspot.com/ad
3d54fa1.f3 68ab7a90 ee113c h ???????? 002 //https://sl4.eu/hls
3d54fa5.9d 68ab7a90 ee113c h ???????? 002 //https://sl4.eu/ls
3d54fa6.0c 68ab7a90 ee113c h ???????? 001 //https://sl4.eu/sh
3d54fa6.82 68ab7a90 ee113c h ???????? 002 //https://www.youtube.com/watch
3d55058.96 b44c0f13 a04d28 h ???????? 020 /
3d552a3.0f 7b7e7194 09810e s ???????? 018 /
3d55406.23 d94585ea 399ff9 h ???????? 002 /robots.txt
3d5540f.0d d94585eb 399ff9 h ???????? 004 /wiki/LinieDrei
3d55416.bb d94585eb 399ff9 h ???????? 003 /wiki/AnFang
3d5541e.af d94585ec 399ff9 h ???????? 003 /wiki/285001
3d55424.b4 d94585eb 399ff9 h ???????? 003 /wiki/NooPolis
3d5542c.32 d94585ee 399ff9 h ???????? 003 /wiki/93001
3d55433.e1 d94585eb 399ff9 h ???????? 003 /wiki/ApmTla
3d5547c.f7 6a0b9b18 80aeb5 h ???????? 018 /
3d55857.c6 65ec29df 37cdb0 h ???????? 01a /
3d55d4f.be 9d372796 6a88e8 h ???????? 003 //robots.txt
3d55d58.65 cf2e0d42 e39fc8 h ???????? 004 //wiki/MindFee
3d55f94.a1 3da0c31c cc1f66 h ???????? 019 /
3d561ac.a6 42f9598b 70a047 h ???????? 002 //rss.rdf
3d561dc.2d b68cd7a9 ebd96b h ???????? 021 /
3d561dc.e1 b68cd7a9 ebd96b h ???????? 018 /
3d561dd.d8 b68cd7a9 ebd96b h ???????? 023 /
3d561df.3c b68cd7a9 ebd96b h ???????? 01a /
3d561e1.85 b68cd7a9 ebd96b h ???????? 018 /
3d56889.56 42f94046 043937 h ???????? 004 /wiki/StadtDresden
3d568cc.4e b44c0f0c a04d28 h ???????? 003 /wiki/NooPolis
3d56fd8.af 369f1186 12df02 h ???????? 003 /ads.txt
3d57076.d0 42f9404a 043937 h ???????? 004 /wiki/LandBayern
3d5709c.52 b44c0f9d a04d28 h ???????? 003 /wiki/RainerWasserfuhrCvEn
3d571c3.ac 42f94046 043937 h ???????? 004 /wiki/ThomasDeMaiziere
3d571d1.46 42f94048 043937 h ???????? 003 /wiki/DieterWedel
3d571dc.7a 42f94046 043937 h ???????? 003 /wiki/WolfgangTiefensee
3d5729e.51 2bf1e599 37cdb0 h ???????? 01b /
3d573dd.1c 44b4e56f aec21f h ???????? 003 //robots.txt
3d573df.21 44b4e71a aec21f h ???????? 003 /robots.txt
3d573df.c7 44b4e71a aec21f h ???????? 00b /wiki/WwWebLern
3d579bb.80 65ec3cbb 37cdb0 h ???????? 01b /
3d57a36.fc b211ae0e cc9bbb h ???????? 020 /
3d57ea5.9b 42f94048 043937 h ???????? 004 /wiki/AltStadt
3d57f6b.3c 284da73a 6a88e8 h ???????? 004 /wiki/MachineSuperIntelligence
3d581c1.4a cd8b8d36 209ef4 h ???????? 003 //rss.rdf
3d58663.67 b44c0f9e a04d28 h ???????? 004 /wiki/LockSchuppen
3d58914.d2 8ba27485 976046 s ???????? 01d /
3d58b5d.5e 42f95989 70a047 h ???????? 003 //rss.rdf
3d58fce.29 adc77b26 eaf401 h ???????? 01c /
3d59148.65 42f9404a 043937 h ???????? 004 /wiki/ContRol
3d5933c.81 284da73a 6a88e8 h ???????? 004 /wiki/MinisTer
3d59517.7d 44b4e71a aec21f h ???????? 005 /wiki/MindPrize
3d595fc.6b 42f94048 043937 h ???????? 005 /wiki/MindJail
3d595fd.6e 42f9404a 043937 h ???????? 004 /wiki/SalzBurg
3d59856.c7 42f9404a 043937 h ???????? 005 /wiki/BauPortal
3d5987a.34 b44c0f96 a04d28 h ???????? 004 /wiki/ChinaBook
3d598a6.66 a2d2c482 028fc4 h ???????? 003 /robots.txt
3d598ae.22 a2d2c482 028fc4 h ???????? 01c /
3d599de.ea 68ec7b71 6a9be8 s ???????? 028 /
3d59a51.98 9d372708 6a88e8 s ???????? 002 /robots.txt
3d59b02.72 403efca2 b5eaf4 h ???????? 003 /robots.txt
3d59fe0.a4 284da73f 6a88e8 s ???????? 01d /
3d5a329.54 d8f442fa 2e51d1 h ???????? 003 //robots.txt
3d5a428.83 284da718 6a88e8 h ???????? 004 /wiki/FutureMap
3d5a58e.c7 43152403 ef60d6 h ???????? 027 /
3d5a75d.04 b44c0f0c a04d28 s ???????? 004 /wiki/LockSchuppen3D
3d5a9d2.e7 284da718 6a88e8 h ???????? 01e /
3d5ab8d.c9 42f9404a 043937 h ???????? 005 /wiki/AcceleratingChange
3d5ada9.5c 42f9404a 043937 h ???????? 005 /wiki/SiliconWiki
3d5aeae.3d 42f9404a 043937 h ???????? 004 /wiki/PhotoMask
3d5aeaf.05 42f9404a 043937 h ???????? 004 /wiki/WaferRoute
3d5aeb0.53 42f94046 043937 h ???????? 004 /wiki/ToolGroup
3d5aeb1.54 42f9404a 043937 h ???????? 006 /wiki/FabTool
3d5aeb1.c1 42f9404a 043937 h ???????? 005 /wiki/WaferLot
3d5aeb2.4b 42f94048 043937 h ???????? 005 /wiki/MicroChip
3d5aeb2.a3 42f94046 043937 h ???????? 004 /wiki/LoadPort
3d5aeb3.19 42f94048 043937 h ???????? 005 /wiki/TranSistor
3d5aeb3.92 42f94046 043937 h ???????? 004 /wiki/ChipFab
3d5aeb5.98 42f94046 043937 h ???????? 004 /wiki/SemiConductor
3d5afd7.a4 42f9404a 043937 h ???????? 004 /wiki/TokyoElectron
3d5afda.a1 42f94048 043937 h ???????? 004 /wiki/KlaTencor
3d5afe1.b8 42f94046 043937 h ???????? 005 /wiki/RetiCle
3d5b107.88 42f9404a 043937 h ???????? 005 /wiki/DeutschWerkstaetten
3d5b108.7a 42f94046 043937 h ???????? 004 /wiki/EighteenInch
3d5b24c.2e 42f94048 043937 h ???????? 004 /wiki/JensDrews
3d5b251.9c 42f94048 043937 h ???????? 004 /wiki/DeutscheWerkstaettenHellerau
3d5b256.3c 42f94046 043937 h ???????? 004 /wiki/KlausDieterLang
3d5b392.a5 42f94046 043937 h ???????? 006 /wiki/FraunHofer
3d5b3a0.34 42f94048 043937 h ???????? 005 /wiki/FritzStraub
3d5b530.94 42f9598b 70a047 h ???????? 003 //rss.rdf
3d5c168.cf 42f94f48 043937 h ???????? 005 /wiki/ConCert
3d5c462.20 ac3a46cb cd60dc s ???????? 01f /
3d5c4a0.0e 26501798 f56621 h ???????? 02a /
3d5cf94.a6 cf2e0d96 6a88e8 s ???????? 01e /
3d5d51a.77 cf2e0d96 6a88e8 h ???????? 005 /wiki/HeikeRibke
3d5d66a.cd b29f250b 7404fb h ???????? 003 /Comment.jsp
3d5d66b.0c b29f250b 7404fb h ???????? 029 /
3d5de4c.e3 480ec78b 70a047 h ???????? 004 //rss.rdf
3d5e540.f5 9d3727f6 6a88e8 h ???????? 01f /
3d5ea4b.38 3e8a0019 6de661 h ???????? 003 //robots.txt
3d5ea4b.77 3e8a0019 6de661 h ???????? 00d //wiki/TeufelsPakt
3d5ef3a.32 4a7d4c22 55c2cd h ???????? 003 //rss.rdf
3d5ef83.ae 42f94f48 043937 h ???????? 003 /robots.txt
3d5ef84.23 42f94f46 043937 h ???????? 005 /wiki/EtAl
3d5f449.ba 6828543d 31252c h ???????? 012 /
3d5f626.ca 42f94f48 043937 h ???????? 002 /wiki/GeLassen
3d5f64d.68 8af6fd13 b5326e s ???????? 013 /
3d5faf5.d3 42f94f46 043937 h ???????? 003 /wiki/MobLogs
3d5fc5a.79 42f94f48 043937 h ???????? 002 /wiki/WolframBurgard
3d5fca5.ab 5f6cb561 e4b041 h ???????? 002 /robots.txt
3d5fca9.8c 5f6cb561 e4b041 h ???????? 011 /
3d5fce7.14 9d372715 6a88e8 s ???????? 001 /robots.txt
3d5fce8.46 9d372715 6a88e8 s ???????? 001 /robots.txt
3d5fced.f1 284da753 6a88e8 s ???????? 017 /
3d5fe34.a1 25bb3842 e3b0c4 h ???????? 002 /robots.txt
3d5fe36.c6 25bb3842 9b6b51 h ???????? 012 /
