3e80079.e6 42f94568 043937 h ???????? 004 /wiki/MatthiasPohler
3e80091.15 42f94568 043937 h ???????? 003 /wiki/MinhNgocNguyen
3e80434.9a d94586b1 399ff9 h ???????? 002 /robots.txt
3e80436.c1 d94586ae 399ff9 h ???????? 016 /love/1e
3e80443.6d 7bcf270d 99d427 s ???????? 001 /ApacheTomcatJBoss
3e804f9.ce 9d372764 6a88e8 h ???????? 003 /wiki/RecentChanges
3e8057f.01 42f95d26 002725 h ???????? 004 /favicon.ico
3e8066a.36 781827a7 99d427 s ???????? 001 /ApacheTomcatJBoss
3e80831.0a cf2e0d87 6a88e8 h ???????? 01b /
3e808ba.c9 42f9456a 043937 h ???????? 003 /wiki/WilfriedSchulz
3e80979.99 b01f2d03 fee6c8 h ???????? 002 /id_rsa
3e8097a.06 b01f2d03 fee6c8 h ???????? 002 /.ssh/id_rsa
3e8097a.73 b01f2d03 fee6c8 h ???????? 001 /root/.ssh/id_rsa
3e8097a.e5 b01f2d03 fee6c8 h ???????? 002 /id_dsa
3e8097b.4e b01f2d03 fee6c8 h ???????? 002 /.ssh/id_dsa
3e8097b.c0 b01f2d03 fee6c8 h ???????? 002 /root/.ssh/id_dsa
3e809bb.46 a484a102 433e9c h ???????? 001 /edit/27416001
3e80a01.99 42f94568 043937 h ???????? 00a /wiki/BornIn
3e80a50.6b 68ecbf11 ef60d6 h ???????? 017 /
3e80b09.97 9d3727a7 6a88e8 h ???????? 003 /wiki/CamelCase
3e80b29.4b 42f9456a 043937 h ???????? 003 /wiki/PrimaBallerina
3e80b89.aa 025fbbe3 f99431 h ???????? 017 /
3e80b89.f9 025fbbe3 f99431 h ???????? 002 //index.php
3e80b8a.90 025fbbe3 f99431 h ???????? 001 //index.php
3e80e90.7a 42f94568 043937 h ???????? 003 /wiki/WikiPrinciples
3e810d9.47 dca65fc3 99d427 s ???????? 002 /ApacheTomcatJBoss
3e81235.b3 42f94568 043937 h ???????? 004 /wiki/JuergenHubbert
3e81256.15 80c7a572 99d427 s ???????? 002 /ApacheTomcatJBoss
3e8125b.49 a484a155 433e9c h ???????? 003 /wiki/PieschenTv
3e813ac.bf 68ecb220 ef60d6 h ???????? 018 /
3e8148e.9f 42f9456a 043937 h ???????? 003 /wiki/StefanieRathje
3e815fc.b6 42f95727 70a047 h ???????? 002 //rss.rdf
3e817a6.ac 5bc80c41 3a5a31 h ???????? 002 /wp-login.php
3e817a6.e5 5bc80c41 3a5a31 h ???????? 002 //wp-login.php
3e817d9.47 42f94566 043937 h ???????? 003 /wiki/FranzFerdinand
3e818c4.5d 6a26f16e 09810e h ???????? 003 /robots.txt
3e818c4.dc 6a26f16e f165e1 h ???????? 01f /
3e81937.b5 42f9456a 043937 h ???????? 004 /wiki/KlausZumWinkel
3e8193a.27 42f9456a 043937 h ???????? 003 /wiki/YuriyVulkovsky
3e81a2f.31 a484a110 433e9c h ???????? 003 /wiki/EtAi
3e81c27.5b 33ff4135 433e9c h ???????? 002 /edit/22396001
3e81cbe.7b 42f94566 043937 h ???????? 004 /wiki/ThorstenRehling
3e81de2.91 b96457cf cc9bbb h ???????? 022 /
3e81ef1.90 42f94566 043937 h ???????? 004 /wiki/MittRomney
3e81fcf.c3 36bcffa5 12df02 h ???????? 002 /ads.txt
3e8213b.b5 8c82aa0d 99d427 s ???????? 003 /ApacheTomcatJBoss
3e822ae.2b 42f94568 043937 h ???????? 004 /wiki/BirthDay
3e822b8.9a 9d372735 6a88e8 s ???????? 002 /robots.txt
3e823bf.94 42f9456a 043937 h ???????? 004 /wiki/NicoleKleimann
3e823cf.97 9d37279e 6a88e8 s ???????? 018 /
3e82652.6b 8dd47a51 ef60d6 h ???????? 019 /
3e82767.b5 d945869a 399ff9 h ???????? 003 /robots.txt
3e827c7.38 d94586b0 399ff9 h ???????? 018 /
3e82865.c0 42f9456a 043937 h ???????? 003 /wiki/SingularHerbst
3e829ee.43 de67887b 99d427 s ???????? 002 /ApacheTomcatJBoss
3e82b45.cd 68ecba7e ef60d6 h ???????? 01a /
3e82bf9.88 42f9456a 043937 h ???????? 004 /wiki/StuartHameroff
3e82c02.97 42f94566 043937 h ???????? 003 /wiki/RentenAnspruch
3e82f91.6f 9d37277b 6a88e8 h ???????? 002 /wiki/ImMortal
3e83078.15 3da0294e 99d427 s ???????? 004 /ApacheTomcatJBoss
3e83080.9b 42f94566 043937 h ???????? 002 /wiki/HelmaOrosz
3e831ca.80 42f9456a 043937 h ???????? 006 /wiki/BioTechZentrum
3e831d8.88 68ec9bbc ef60d6 s ???????? 012 /
3e832f4.dc 42f94568 043937 h ???????? 002 /wiki/AssoziativHumus
3e832f8.a3 42f95729 70a047 h ???????? 001 //rss.rdf
3e835e5.4d cbea4856 99d427 s ???????? 002 /ApacheTomcatJBoss
3e8372a.69 a484a119 433e9c h ???????? 002 /wiki/BusinessModel
3e838b6.fe 9d3727b0 6a88e8 h ???????? 015 /
3e83ab5.f1 d9b6843e 433e9c h ???????? 003 /wiki/ThorstenPrante
3e83e84.a6 42f94566 043937 h ???????? 002 /wiki/WunschWyrdWahr
3e83e86.e2 42f9456a 043937 h ???????? 002 /wiki/PieschenUndine
3e83fbf.17 33ff4128 433e9c h ???????? 001 /edit/3002
3e83fd9.4a d9b6845f 433e9c h ???????? 001 /edit/24006001
3e84009.b8 b44c0f13 a04d28 h ???????? 012 /edit/10766002
3e842b7.5d 43152402 ef60d6 s ???????? 002 /robots.txt
3e84362.32 42f9456a 043937 h ???????? 003 /wiki/EdvDolmetscher
3e84467.15 44b4e71a aec21f s ???????? 001 /robots.txt
3e84468.4d a4843451 eb026b s ???????? 002 /bcHead
3e84468.02 44b4e71a aec21f s ???????? 125 /sh
3e8456c.3c b44c0f86 a04d28 h ???????? 018 /
3e84618.be d9b68450 433e9c h ???????? 001 /edit/20926002
3e84803.4d 42f94566 043937 h ???????? 002 /wiki/RiekoYoshizumi
3e84937.e8 42f94568 043937 h ???????? 003 /wiki/FredericChopin
3e849fe.53 44b4e56f aec21f h ???????? 002 //robots.txt
3e84a06.62 44b4e71a aec21f h ???????? 005 /robots.txt
3e84a06.73 a484a108 433e9c h ???????? 002 /edit/30336002
3e84a06.d6 44b4e71a aec21f h ???????? 002 /wiki/GcCa
3e84a62.de de67885e 99d427 s ???????? 001 /ApacheTomcatJBoss
3e84dbe.5e 44b4e71a aec21f h ???????? 002 /wiki/ExtremeNormalForm
3e84e21.41 42f94568 043937 h ???????? 002 /wiki/MarcusSteyer
3e84f6e.be a484a139 433e9c h ???????? 002 /wiki/AubreyDeGrey
3e85034.21 42f9456a 043937 h ???????? 002 /wiki/DefaultQueue
3e8503d.b5 d9b68454 433e9c h ???????? 001 /edit/23036004
3e850bc.90 9d37271c 6a88e8 s ???????? 002 /robots.txt
3e850bd.32 9d37271c 6a88e8 s ???????? 001 /robots.txt
3e850bf.88 9d372722 6a88e8 s ???????? 013 /
3e852ba.77 42f9456a 043937 h ???????? 003 /wiki/MartinFowler
3e8534e.bc 42f95727 70a047 h ???????? 001 //rss.rdf
3e8543f.b3 cf2e0d87 6a88e8 h ???????? 01b /
3e854d8.d7 42f9456a 043937 h ???????? 003 /wiki/HappyMaids
3e8560a.8d 731ddccd 99d427 s ???????? 002 /ApacheTomcatJBoss
3e8560c.ad 42f9456a 043937 h ???????? 007 /wiki/DresdenChess
3e85890.bd 42f94568 043937 h ???????? 002 /wiki/UploadSociety
3e85ab9.fb 42f9456a 043937 h ???????? 003 /wiki/BradTempleton
3e85cbe.ef b44c0f96 a04d28 s ???????? 01a /edit/12685001
3e85cc2.9b 7ae4c304 99d427 s ???????? 001 /ApacheTomcatJBoss
3e85e64.c8 33ff412d 433e9c h ???????? 002 /edit/30306001
3e86094.e1 9d37277b 6a88e8 s ???????? 015 /
3e860bd.d6 42f9456a 043937 h ???????? 003 /wiki/ZeugenJehovas
3e8617f.cb cf2e0d8f 6a88e8 h ???????? 003 /wiki/PieschenBank
3e861b7.70 3ed6bf41 a829a5 s ???????? 014 /
3e861b7.fd 3ed6bf41 a829a5 s ???????? 002 /favicon.ico
3e861bc.4c 3ed6bf41 a829a5 s ???????? 002 /feel/4
3e8630b.cd 42f9456a 043937 h ???????? 003 /wiki/BahnChefSpiel
3e863d6.cd 9750277b 433e9c h ???????? 002 /robots.txt
3e86424.9c 42f94566 043937 h ???????? 003 /wiki/DerAugenblick
3e8646a.3e 42f94566 043937 h ???????? 003 /wiki/MindShop
3e8666a.94 42f94566 043937 h ???????? 003 /wiki/UdkBerlin
3e8666f.fc 42f94568 043937 h ???????? 002 /wiki/StefanHummert
3e86677.b4 42f94566 043937 h ???????? 003 /wiki/SusanaMarques
3e86a7b.2e b44c0f99 a04d28 h ???????? 003 /wiki/LockSchuppen
3e86a89.25 4a7d4c64 55c2cd h ???????? 002 //rss.rdf
3e86efa.73 42f94566 043937 h ???????? 003 /wiki/BohrPlattform
3e86f04.75 25bb3842 e3b0c4 h ???????? 001 /robots.txt
3e86f06.98 25bb3842 9b6b51 h ???????? 015 /
3e86f90.dd 42f9572b 70a047 h ???????? 002 //rss.rdf
3e870c1.cc 9d37277b 6a88e8 h ???????? 003 /wiki/VoNa
3e874b3.0e 44b4e71a aec21f h ???????? 002 /cam
3e879fc.ae d9458543 399ff9 h ???????? 002 /robots.txt
3e87a03.87 d94585d9 399ff9 h ???????? 016 /
3e87a63.59 9d372701 6a88e8 h ???????? 002 /robots.txt
3e87a7b.60 cf2e0d87 6a88e8 h ???????? 01d /
3e87dbb.0f 3b0fd55f 99d427 s ???????? 002 /ApacheTomcatJBoss
3e87e41.0b 42f9456a 043937 h ???????? 003 /wiki/AbundanceBook
3e87e41.da 42f9456a 043937 h ???????? 003 /wiki/KoetzschenBroda
3e87ee4.b8 42f94568 043937 h ???????? 003 /wiki/TomaaPodivinsky
3e88011.5b 42f94566 043937 h ???????? 003 /wiki/GiovanniAgnelli
3e8805d.12 9d3727b0 6a88e8 h ???????? 022 /
3e88256.31 b44c0f8d fa643b h ???????? 007 /t/robots.txt
3e88257.2f b44c0fa1 fa643b h ???????? 002 /t/robots.txt
3e88318.23 b44c0f9a a04d28 h ???????? 002 /t
3e8862a.96 42f94568 043937 h ???????? 004 /wiki/DigitalEwigkeit
3e88643.b0 42f94568 043937 h ???????? 003 /wiki/WechselKurs
3e88708.af cf2e0d8f 6a88e8 h ???????? 004 /wiki/CharlesVanDerHaegen
3e887a7.79 42f954d0 002725 h ???????? 002 /favicon.ico
3e887ad.e1 42f94568 043937 h ???????? 003 /wiki/KiloKayGroschen
3e889d2.db 44b4e46c aec21f h ???????? 002 /robots.txt
3e889dd.4a 44b4e71a aec21f h ???????? 003 /wiki/RainerWasserfuhr
3e88aeb.4b 42f9456a 043937 h ???????? 003 /wiki/HomePage
3e88aec.37 42f94568 043937 h ???????? 002 /wiki/FriedrichIlgner
3e88bf8.8b 42f94568 043937 h ???????? 003 /wiki/HoerSaalZentrum
3e88d73.11 5896e4da e28161 h ???????? 002 //rss.rdf
3e88e8a.1c 4d4b4ca5 6a9392 s ???????? 002 /robots.txt
3e88e8b.9c 4d4b4ca5 6a9392 s ???????? 04a /hls
3e88e8c.9f 4d4b4ca5 6a9392 h ???????? 001 /robots.txt
3e88e8d.16 4d4b4ca5 6a9392 h ???????? 002 /sl4
3e88f4d.65 5e8247ed ea8cd4 h ???????? 002 /rss.jsp
3e88f4d.8b 5e8247ed ea8cd4 h ???????? 002 /rss.jsp
3e88f4d.b0 5e8247ed ea8cd4 h ???????? 002 /rss.jsp
3e88f4d.d4 5e8247ed ea8cd4 h ???????? 002 /rss.jsp
3e88f4d.f6 5e8247ed ea8cd4 h ???????? 002 /rss.jsp
3e88f4e.1a 5e8247ed ea8cd4 h ???????? 008 /rss.jsp
3e88f99.b4 cf2e0dc8 6a88e8 h ???????? 002 //robots.txt
3e8918f.96 b65da815 99d427 s ???????? 003 /ApacheTomcatJBoss
3e891a9.21 6a4b6b49 99d427 s ???????? 002 /ApacheTomcatJBoss
3e89240.3a 42f9572b 70a047 h ???????? 003 //rss.rdf
3e89584.f2 33ff4136 433e9c h ???????? 002 /edit/25346003
3e897b4.83 42f94568 043937 h ???????? 003 /wiki/CynthiaBreazeal
3e897ca.71 42f94566 043937 h ???????? 002 /akypchwjlbztp.html
3e898f6.de 42f9456a 043937 h ???????? 003 /wiki/[http://web.media.mit.edu/~cynthiab/]
3e899e7.e1 42f95d26 002725 h ???????? 003 /favicon.ico
3e89a1d.86 4e2e2319 7dfab1 h ???????? 002 //rss.jsp
3e89a1d.b2 4e2e2319 7dfab1 h ???????? 002 //rss.jsp
3e89c84.a1 42f94048 043937 h ???????? 004 /wiki/NiklasZennstrom
3e89c85.a5 42f94048 043937 h ???????? 003 /wiki/GeneralAssembly
3e89fa4.4c 284da72d 6a88e8 h ???????? 004 /wiki/AaaiFellow
3e89fb8.0c 33ff4161 433e9c h ???????? 002 /edit/28086002
3e8a0cd.d8 79275813 c85d4f h ???????? 002 50.117.38.171:443
3e8a28b.d9 b44c0f9a a04d28 h ???????? 004 /wiki/MindPaper
3e8a2b7.c0 bc285186 7dfab1 h ???????? 002 //rss.jsp
3e8a2b7.ec bc285186 7dfab1 h ???????? 002 //rss.jsp
3e8a2d2.1d bc285186 7dfab1 h ???????? 002 //rss.jsp
3e8a2d2.51 bc285186 7dfab1 h ???????? 002 //rss.jsp
3e8a363.bf 42f94046 043937 h ???????? 008 /wiki/AufnahmeKriterien
3e8a363.c4 42f94046 043937 h ???????? 002 /robots.txt
3e8a49e.88 42f94048 043937 h ???????? 003 /wiki/KarlHeineStrasse
3e8a4dc.b4 d9458554 399ff9 h ???????? 001 /robots.txt
3e8a4e3.45 d94585d8 399ff9 h ???????? 017 /edit/1001
3e8a4e5.77 bc285186 7dfab1 h ???????? 001 //rss.jsp
3e8a4e5.99 bc285186 7dfab1 h ???????? 001 //rss.jsp
3e8a4e8.a7 d9458554 399ff9 h ???????? 012 /wiki/119001
3e8a503.6a bc285186 7dfab1 h ???????? 001 //rss.jsp
3e8a503.8c bc285186 7dfab1 h ???????? 001 //rss.jsp
3e8a64a.2b 33ff411b 433e9c h ???????? 003 /wiki/AlphaForce
3e8a826.85 42f94048 043937 h ???????? 003 /wiki/DeclinationIsDead
3e8a855.69 7a72cf02 99d427 s ???????? 001 /ApacheTomcatJBoss
3e8a85e.87 42f94048 043937 h ???????? 002 /wiki/OpenStreetMap
3e8a8b1.6a 79275813 be709c h ???????? 002 50.117.38.171:443
3e8a90c.d1 33ff2ed6 99d427 s ???????? 002 /phpmyadmin/scripts/setup.php
3e8a910.80 33ff2ed6 99d427 s ???????? 001 /phpMyAdmin/scripts/setup.php
3e8a913.f9 33ff2ed6 99d427 s ???????? 001 /mysql/scripts/setup.php
3e8a917.70 33ff2ed6 99d427 s ???????? 001 /pma/scripts/setup.php
3e8a91a.db 33ff2ed6 99d427 s ???????? 001 /MyAdmin/scripts/setup.php
3e8a91e.5e 33ff2ed6 99d427 s ???????? 002 /xampp/phpmyadmin/scripts/setup.php
3e8a921.f0 33ff2ed6 99d427 s ???????? 001 /scripts/setup.php
3e8a925.94 33ff2ed6 99d427 s ???????? 002 /PMA/scripts/setup.php
3e8a929.15 33ff2ed6 99d427 s ???????? 002 /sql/scripts/setup.php
3e8a92c.02 42f9404a 043937 h ???????? 002 /wiki/BoehmischStrasse
3e8a92c.8f 33ff2ed6 99d427 s ???????? 001 /mysqladmin/scripts/setup.php
3e8a930.04 33ff2ed6 99d427 s ???????? 001 /phpmyadmin2/scripts/setup.php
3e8a933.90 33ff2ed6 99d427 s ???????? 001 /phpMyAdmin2/scripts/setup.php
3e8a936.f9 33ff2ed6 99d427 s ???????? 001 /myadmin/scripts/setup.php
3e8a93a.8a 33ff2ed6 99d427 s ???????? 002 /db/scripts/setup.php
3e8ab77.5e 9750270a 433e9c h ???????? 002 /t/robots.txt
3e8ab82.b3 42f94048 043937 h ???????? 003 /wiki/SingularityMovie
3e8af37.53 42f94046 043937 h ???????? 002 /wiki/AluminiumTechnik
3e8b042.b7 9d3727ff 6a88e8 h ???????? 003 /wiki/KayGroschen
3e8b391.1e 42f9404a 043937 h ???????? 003 /wiki/VentureWednesday
3e8b53f.b6 5e8685f1 aa645a h ???????? 01a /
3e8b630.68 42f95987 70a047 h ???????? 001 //rss.rdf
3e8b652.2e b9bfcc04 7822a7 h ???????? 001 /hot
3e8b661.ad 42f94046 043937 h ???????? 002 /wiki/GottschedStrasse
3e8b6aa.b9 50f8e14f dcff6e h ???????? 002 /robots.txt
3e8b6ab.2b 50f8e14f dcff6e h ???????? 013 /
3e8b834.f2 42f94054 043937 s ???????? 001 /robots.txt
3e8b835.75 42f94052 043937 s ???????? 002 /wiki/GodBlessUs
3e8b849.c4 42f94052 043937 s ???????? 003 /wiki/OesterFeld
3e8b84a.27 42f94052 043937 s ???????? 003 /wiki/KaesePark
3e8b84a.e7 42f94050 043937 s ???????? 002 /wiki/EuRopa
3e8b84b.1c 42f94052 043937 s ???????? 002 /wiki/HotelAdler
3e8b84b.b7 42f94052 043937 s ???????? 002 /wiki/CasaLatina
3e8b84d.1f 42f94054 043937 s ???????? 003 /wiki/UniStuttGart
3e8b84d.c1 42f94052 043937 s ???????? 003 /wiki/CafeOle
3e8b870.c0 42f94050 043937 s ???????? 003 /wiki/FaUn
3e8b899.a8 42f94054 043937 s ???????? 003 /wiki/TurnHalle
3e8b8dd.76 42f94054 043937 s ???????? 003 /wiki/NudelTurm
3e8b944.75 42f94050 043937 s ???????? 003 /wiki/EchterDingen
3e8bd37.6c 42f94046 622963 h ???????? 002 /wiki/KackUndBack
3e8c0b9.69 42f94046 043937 h ???????? 003 /wiki/SingularNeustadt
3e8c34b.63 da04fc0c 99d427 s ???????? 002 /ApacheTomcatJBoss
3e8c56b.d3 42f9404a 043937 h ???????? 004 /wiki/PirateGeneration
3e8c6c0.21 79275813 c85d4f h ???????? 002 50.117.38.171:443
3e8c9cb.31 bc286647 7dfab1 h ???????? 002 //rss.jsp
3e8c9cb.5f bc286647 7dfab1 h ???????? 001 //rss.jsp
3e8cd3d.15 79275813 be709c h ???????? 002 50.117.38.171:443
3e8ce5d.8a 79275813 c85d4f h ???????? 001 50.117.38.171:443
3e8cea5.b0 79275813 be709c h ???????? 002 50.117.38.171:443
3e8ceb5.80 8ba277c5 976046 h ???????? 01b /
3e8cec5.90 79275813 be709c h ???????? 002 50.117.38.171:443
3e8cecb.d2 42f94048 043937 h ???????? 003 /wiki/HubertusDessloch
3e8cf2c.28 79275813 c85d4f h ???????? 002 50.117.38.171:443
3e8cf4e.7d 79275813 c85d4f h ???????? 001 50.117.38.171:443
3e8cf6f.b2 79275813 c85d4f h ???????? 002 50.117.38.171:443
3e8cf72.6e 79275813 be709c h ???????? 002 50.117.38.171:443
3e8cf7b.56 79275813 be709c h ???????? 002 50.117.38.171:443
3e8cf86.57 79275813 c85d4f h ???????? 002 50.117.38.171:443
3e8cf8c.d9 79275813 be709c h ???????? 002 50.117.38.171:443
3e8cf9c.48 79275813 be709c h ???????? 002 50.117.38.171:443
3e8cfc6.6f 79275813 be709c h ???????? 002 50.117.38.171:443
3e8d085.c3 79275813 c85d4f h ???????? 008 50.117.38.171:443
3e8d08d.5c 79275813 be709c h ???????? 001 50.117.38.171:443
3e8d0d5.e8 79275813 be709c h ???????? 002 50.117.38.171:443
3e8d0da.61 79275813 be709c h ???????? 001 50.117.38.171:443
3e8d118.3d 79275813 be709c h ???????? 002 50.117.38.171:443
3e8d13c.4a 33ff4125 433e9c h ???????? 003 /wiki/PieschenRevolution
3e8d1a7.6b 79275813 be709c h ???????? 002 50.117.38.171:443
3e8d256.91 42f94046 043937 h ???????? 003 /wiki/KerstinWalter
3e8d345.f2 88f3438b 19eaf2 h ???????? 01d /
3e8d34a.f7 88f3438b 68adb6 h ???????? 016 /
3e8d371.86 42f95989 70a047 h ???????? 002 //rss.rdf
3e8d3c0.8f 79275813 be709c h ???????? 002 50.117.38.171:443
3e8d424.a2 79275813 c85d4f h ???????? 008 50.117.38.171:443
3e8d439.85 79275813 c85d4f h ???????? 008 50.117.38.171:443
3e8d44a.5a 79275813 c85d4f h ???????? 008 50.117.38.171:443
3e8d44c.8b 79275813 c85d4f h ???????? 002 50.117.38.171:443
3e8d47c.5e 79275813 be709c h ???????? 002 50.117.38.171:443
3e8d4b5.1c 79275813 be709c h ???????? 001 50.117.38.171:443
3e8d4c2.3d 79275813 be709c h ???????? 001 50.117.38.171:443
3e8d4d5.b5 79275813 be709c h ???????? 002 50.117.38.171:443
3e8d4df.ce 79275813 c85d4f h ???????? 002 50.117.38.171:443
3e8d500.be 42f94048 622963 h ???????? 003 /wiki/VoiceInterConnect
3e8d522.25 79275813 c85d4f h ???????? 001 50.117.38.171:443
3e8d55f.19 79275813 c85d4f h ???????? 002 50.117.38.171:443
3e8d56b.d5 79275813 be709c h ???????? 002 50.117.38.171:443
3e8d570.f4 79275813 c85d4f h ???????? 001 50.117.38.171:443
3e8d595.f2 79275813 be709c h ???????? 002 50.117.38.171:443
3e8d59c.8d 79275813 be709c h ???????? 002 50.117.38.171:443
3e8d5a3.ed 79275813 be709c h ???????? 002 50.117.38.171:443
3e8d5ba.f6 79275813 c85d4f h ???????? 002 50.117.38.171:443
3e8d5ce.d1 42f94046 043937 h ???????? 003 /wiki/ClaudeDebussy
3e8d5d3.cd 79275813 c85d4f h ???????? 002 50.117.38.171:443
3e8d630.49 79275813 c85d4f h ???????? 002 50.117.38.171:443
3e8d638.f2 79275813 be709c h ???????? 002 50.117.38.171:443
3e8d645.17 79275813 be709c h ???????? 002 50.117.38.171:443
3e8d653.d2 79275813 be709c h ???????? 002 50.117.38.171:443
3e8d671.94 79275813 be709c h ???????? 002 50.117.38.171:443
3e8d678.54 79275813 c85d4f h ???????? 002 50.117.38.171:443
3e8d67a.c9 79275813 c85d4f h ???????? 002 50.117.38.171:443
3e8d67d.7f 79275813 c85d4f h ???????? 002 50.117.38.171:443
3e8d694.92 726cb055 99d427 s ???????? 002 /ApacheTomcatJBoss
3e8d69a.b3 79275813 c85d4f h ???????? 002 50.117.38.171:443
3e8d6a3.a0 79275813 c85d4f h ???????? 002 50.117.38.171:443
3e8d6b3.ef 79275813 c85d4f h ???????? 002 50.117.38.171:443
3e8d6b6.43 79275813 c85d4f h ???????? 008 50.117.38.171:443
3e8d6d6.64 79275813 c85d4f h ???????? 003 50.117.38.171:443
3e8d6dc.87 79275813 c85d4f h ???????? 008 50.117.38.171:443
3e8d6e1.62 79275813 be709c h ???????? 002 50.117.38.171:443
3e8d6e4.b0 79275813 be709c h ???????? 002 50.117.38.171:443
3e8d704.05 79275813 c85d4f h ???????? 009 50.117.38.171:443
3e8d70c.7b 79275813 c85d4f h ???????? 003 50.117.38.171:443
3e8d830.08 42f94048 043937 h ???????? 003 /wiki/IntegralSalon
3e8dbab.09 9d3727b0 6a88e8 h ???????? 018 /
3e8dcdb.cf de6787db 99d427 s ???????? 001 /ApacheTomcatJBoss
3e8dceb.fc 42f9404a 043937 h ???????? 002 /wiki/ZweiVerrueckte
3e8df3b.1c 5f6cb561 e4b041 h ???????? 002 /robots.txt
3e8df3e.fe 5f6cb561 e4b041 h ???????? 001 /cal
3e8e059.5a 42f9404a 043937 h ???????? 003 /wiki/FrankPankotsch
3e8e089.a1 b211aec6 cc9bbb h ???????? 013 /
3e8e0b0.5c add0a652 ffd63a h ???????? 002 /wp-login.php
3e8e0ee.eb add0a652 ffd63a h ???????? 002 /robots.txt
3e8e135.07 79275813 be709c h ???????? 001 50.117.38.171:443
3e8e1a7.a7 79275813 c85d4f h ???????? 002 50.117.38.171:443
3e8e1a7.b2 79275813 c85d4f h ???????? 005 50.117.38.171:443
3e8e217.ac 79275813 c85d4f h ???????? 001 50.117.38.171:443
3e8e228.40 79275813 be709c h ???????? 001 50.117.38.171:443
3e8e259.1b 79275813 be709c h ???????? 001 50.117.38.171:443
3e8e276.cd 7c7fddbb 266422 h ???????? 001 www.voanews.com:443
3e8e276.f3 71806838 320a55 h ???????? 090 /
3e8e277.2f b6653881 266422 h ???????? 001 www.baidu.com:443
3e8e277.33 b6653dda 320a55 h ???????? 059 /
3e8e277.62 7730a747 320a55 h ???????? 03c /
3e8e277.63 ab22da06 872cc9 h ???????? 042 /
3e8e277.6c ab22dafc ae88d8 h ???????? 021 /english/
3e8e277.73 24200fcb ae88d8 h ???????? 015 /
3e8e277.ac b6653dda 320a55 h ???????? 02a /
3e8e277.c6 7ba0e971 266422 h ???????? 001 boxun.com:443
3e8e277.f1 ab22da06 872cc9 h ???????? 011 /
3e8e279.27 743662d2 266422 h ???????? 001 cn.bing.com:443
3e8e2a0.66 65ec24ad 37cdb0 h ???????? 019 /
3e8e4ae.fc 42f94054 043937 s ???????? 3e2 /memo
3e8e634.ac 33ff410b 433e9c h ???????? 01c /edit/1036002
3e8e6a6.54 1f114784 c37fd8 h ???????? 002 /robots.txt
3e8e6c4.e8 050959aa c37fd8 h ???????? 002 /robots.txt
3e8e6c7.28 050959aa c37fd8 h ???????? 002 //Login.jsp
3e8e6c7.5d 1f114784 c37fd8 h ???????? 003 /wiki/KlausPeterWiedmann
3e8e6c8.aa 050959aa c37fd8 h ???????? 002 /Login.jsp
3e8e6ca.2f 050959aa c37fd8 h ???????? 002 /wiki/KlausPeterWiedmann
3e8e717.16 1f114784 c37fd8 h ???????? 001 /robots.txt
3e8e72f.f0 1f114784 c37fd8 h ???????? 002 /wiki/TuttukiBako
3e8e870.7d 9d3727ff 6a88e8 h ???????? 003 /wiki/MindCourt
3e8e9c4.94 0585b70e e83b9c h ???????? 002 //rss.rdf
3e8e9c7.1a d5abdc98 a95ea1 h ???????? 002 //rss.rdf
3e8ea8e.e3 68839370 a8c6c1 h ???????? 01a /
3e8ee7c.4c 42f94048 043937 h ???????? 003 /wiki/WikiInterview
3e8efc1.ac b7b81e80 f15949 h ???????? 002 
3e8f0c8.0b 42f94048 043937 h ???????? 003 /wiki/GabrieleBauer
3e8f0d3.90 42f94048 043937 h ???????? 003 /wiki/FrankMueller2
3e8f2dd.f9 a484a15c 433e9c h ???????? 002 /edit/31136001
3e8f353.f9 6c3b0850 c37fd8 h ???????? 002 //robots.txt
3e8f358.67 6c3b0850 c37fd8 h ???????? 002 //Login.jsp
3e8f45d.33 42f94046 043937 h ???????? 003 /wiki/SylviaHanzsch
3e8f5ca.b4 b7863e8d 99d427 s ???????? 001 /ApacheTomcatJBoss
3e8f6cb.7c 7a72a53c 99d427 s ???????? 002 /ApacheTomcatJBoss
3e8f7ca.15 42f9404a 043937 h ???????? 003 /wiki/ReinoDeEspana
3e8fa48.92 42f9404a 043937 h ???????? 002 /robots.txt
3e8fa8f.e7 42f94046 043937 h ???????? 003 /wiki/BwCC7h6mtA
3e8face.ae 42f94046 043937 h ???????? 002 /Edit.jsp
3e8fb19.da 42f94046 043937 h ???????? 009 /wiki/TollKuehn
3e8fb21.5e 42f95987 70a047 h ???????? 001 //rss.rdf
3e8fb2b.6e 5da03c20 1a69b5 h ???????? 01c /
3e8fba1.cf 42f94046 043937 h ???????? 003 /wiki/HolgerZastrow
3e8fbb0.9b 42f94048 043937 h ???????? 002 /wiki/FansOfIso8601
3e8ff2a.47 a484a15d 433e9c h ???????? 016 /edit/18446001
3e8ff47.07 a31268f2 99d427 s ???????? 002 /ApacheTomcatJBoss
