3ea00b3.13 42f945c6 043937 h ???????? 003 /wiki/AlexandraWalter
3ea01ee.d6 42f945ca 043937 h ???????? 003 /wiki/OpenSocialGraph
3ea02e4.14 42f945c6 043937 h ???????? 003 /wiki/RtRr
3ea030f.ac 42f945c8 043937 h ???????? 003 /wiki/StimmeAusDemOff
3ea046a.8d 284da70a 6a88e8 h ???????? 01c /
3ea04af.25 b44c0f99 a04d28 h ???????? 003 /wiki/LockCoupon
3ea0577.50 42f945c6 043937 h ???????? 003 /wiki/HumanScaleObject
3ea0691.83 42f945ca 043937 h ???????? 003 /wiki/JahrhundertRoman
3ea07bd.6d 42f945c6 043937 h ???????? 003 /wiki/MichaelSchefzyck
3ea0b05.b4 d9b684c0 433e9c h ???????? 015 /
3ea0b78.18 b44c0f95 a04d28 h ???????? 016 /
3ea0b83.e9 52d0a0b4 2decd6 h ???????? 016 /
3ea0b84.1c 52d0a0b4 c06a0f h ???????? 01c /
3ea0cb9.fb 42f945c6 043937 h ???????? 003 /wiki/SabineSchorlemer
3ea0cd2.3c 42f945c6 043937 h ???????? 003 /wiki/AlexanderGerlach
3ea0e61.46 7529b96c 99d427 s ???????? 002 /ApacheTomcatJBoss
3ea0fc4.0e 42f945c8 043937 h ???????? 003 /wiki/BahnhofStrasse15
3ea1100.23 42f945c6 043937 h ???????? 003 /wiki/ModestMussorgsky
3ea1102.3a 42f945c6 043937 h ???????? 003 /wiki/IvanGotti
3ea137c.5b 5f6cb561 e4b041 h ???????? 002 /robots.txt
3ea137c.a4 8d088e6f e4b041 s ???????? 002 /robots.txt
3ea1380.3d 5f6cb561 e4b041 h ???????? 01c /
3ea1380.70 8d088e6f e4b041 s ???????? 01c /
3ea1497.8b 42f945c6 043937 h ???????? 004 /wiki/LateinConsulting
3ea17f3.9d 42f945c6 043937 h ???????? 003 /wiki/InnovationsForum
3ea185f.1b 42f945c8 043937 h ???????? 003 /wiki/SingularityMovie
3ea1a6a.43 42f945ca 043937 h ???????? 002 /live
3ea1a87.4e bc286647 7dfab1 h ???????? 002 //rss.jsp
3ea1a87.7d bc286647 7dfab1 h ???????? 002 //rss.jsp
3ea1bc7.18 42f945ca 043937 h ???????? 003 /wiki/PanschwitzKuckau
3ea1c02.c5 42f945ca 043937 h ???????? 002 /t
3ea1e0e.10 5f6cb561 e4b041 h ???????? 01d /
3ea1e0e.5f 8d088e6f e4b041 s ???????? 015 /
3ea1ee2.23 42f95b6b 70a047 h ???????? 002 //rss.rdf
3ea1f86.5d 42f945d2 043937 s ???????? 002 /robots.txt
3ea1f86.f6 42f945d4 622963 s ???????? 01d /
3ea1f89.ee 42f945d4 043937 s ???????? 01c /feel/10
3ea1f8e.bc 284da753 6a88e8 h ???????? 003 /wiki/HomePage
3ea2039.9e 42f945ca 043937 h ???????? 002 /robots.txt
3ea20a1.8d 42f945c6 622963 h ???????? 002 /base
3ea22a7.54 42f945c8 043937 h ???????? 003 /wiki/JanKreuter
3ea22b2.d6 42f945c8 043937 h ???????? 004 /wiki/AscensionOfJesus
3ea2411.96 42f945ca 043937 h ???????? 004 /wiki/SingularPieschen
3ea2628.0d 42f945c8 043937 h ???????? 003 /wiki/WeSeeThePossible
3ea262d.66 42f945c6 043937 h ???????? 003 /wiki/AssoziativerHumus
3ea2756.f5 42f945ca 043937 h ???????? 003 /wiki/GovernmentBudget
3ea29d7.74 42f945ca 043937 h ???????? 004 /wiki/ClaudiaMoennicke
3ea2ada.22 42f945c6 043937 h ???????? 004 /wiki/StephanSchneider
3ea2d31.42 42f945c8 043937 h ???????? 004 /wiki/AnjaMorgenschweis
3ea3023.4e b44c0f99 a04d28 h ???????? 004 /wiki/NooPolis
3ea309a.54 42f945ca 043937 h ???????? 002 /robots.txt
3ea30ab.dc 42f945c6 043937 h ???????? 004 /wiki/CharlotteMeentzen
3ea30ac.c5 42f945c6 043937 h ???????? 018 /
3ea30b2.3e c0979152 c37fd8 h ???????? 002 /robots.txt
3ea30b5.b8 c0979152 c37fd8 h ???????? 003 /wiki/RobCarlson
3ea30bb.ab c0979152 c37fd8 h ???????? 003 /wiki/RobOt
3ea30e5.c5 b44c0f1c a04d28 h ???????? 004 /wiki/BaseHash
3ea3148.72 897447aa 74fb1d s ???????? 002 /robots.txt
3ea317f.bd adf9054d c37fd8 h ???????? 002 /robots.txt
3ea3187.52 adf9054d c37fd8 h ???????? 003 /wiki/DaliaRoxanaFloresSeabra
3ea31a1.6b adf9054d c37fd8 h ???????? 003 /wiki/DanBarry
3ea31ab.87 adf9054d c37fd8 h ???????? 003 /wiki/DanielDrechsel
3ea31b6.2d adf9054d c37fd8 h ???????? 003 /wiki/DanielGoleman
3ea31c0.25 adf9054d c37fd8 h ???????? 003 /wiki/DanielGroezinger
3ea31c8.13 adf9054d c37fd8 h ???????? 003 /wiki/DeformationProfessionnelle
3ea31d9.7d adf9054d c37fd8 h ???????? 004 /wiki/DemiNackt
3ea31e3.a4 adf9054d c37fd8 h ???????? 003 /wiki/DeutschForschungsgemeinschaft
3ea31ef.ba adf9054d c37fd8 h ???????? 004 /wiki/EmBodiment
3ea31f8.05 adf9054d c37fd8 h ???????? 003 /wiki/ForgottenPassword
3ea3204.52 adf9054d c37fd8 h ???????? 004 /wiki/FrankHaring
3ea3216.25 adf9054d c37fd8 h ???????? 003 /wiki/FrankRosenblatt
3ea3223.a9 adf9054d c37fd8 h ???????? 003 /wiki/RobCarlson
3ea322e.7d adf9054d c37fd8 h ???????? 003 /wiki/RobOt
3ea323a.64 adf9054d c37fd8 h ???????? 003 /wiki/ScottMonty
3ea3248.16 adf9054d c37fd8 h ???????? 003 /wiki/SecondInterest
3ea324a.71 2ee5a464 2e29b5 h ???????? 003 /robots.txt
3ea3255.94 adf9054d c37fd8 h ???????? 002 /wiki/WikiWallCandidate
3ea355f.3f 42f945ca 043937 h ???????? 002 /wiki/WolframsEschenbach
3ea3b3b.af 42f945c6 043937 h ???????? 013 /
3ea3c25.2d d9b68492 433e9c h ???????? 001 /edit/28306002
3ea3c43.0c 8ba24e87 186d9a s ???????? 01c /
3ea3cb3.90 42f945c6 043937 h ???????? 002 /wiki/UrsulaVonDerLeyen
3ea4006.65 42f945ca 043937 h ???????? 002 /wiki/PartiallyTangible
3ea425e.ce 42f945ca 043937 h ???????? 003 /wiki/VolksEigenBetrieb
3ea4358.6f 42f945ca 043937 h ???????? 002 /wiki/SaechsischStaatsbetrieb
3ea4380.b2 42f945c6 043937 h ???????? 002 /wiki/MitteleuropaeischSommerzeit
3ea447d.38 44b4e71a aec21f h ???????? 001 /robots.txt
3ea447d.f9 44b4e71a aec21f h ???????? 002 /SingularChess
3ea449e.70 42f945c6 043937 h ???????? 002 /wiki/ExIf
3ea44be.bb 65ec24ad 37cdb0 h ???????? 017 /
3ea45ca.42 42f945c6 043937 h ???????? 003 /wiki/AvantGarde
3ea4700.0b 42f945ca 043937 h ???????? 003 /wiki/CaTia
3ea489b.9a 42f95b67 70a047 h ???????? 001 //rss.rdf
3ea4902.fd 42f945ca 043937 h ???????? 01a /
3ea49b3.d5 42f945c6 043937 h ???????? 003 /wiki/HansJ
3ea49bf.25 a2f3906e ef60d6 h ???????? 013 /
3ea4bae.8a 42f945ca 043937 h ???????? 003 /wiki/KoRil
3ea4cd0.e5 42f945c8 043937 h ???????? 003 /wiki/WiMax
3ea4ddf.48 42f945c6 043937 h ???????? 002 /wiki/LaRue
3ea4e54.f3 284da70a 6a88e8 h ???????? 004 /wiki/KeeleyHazell
3ea4f81.44 42f945c6 043937 h ???????? 003 /wiki/ThaSt
3ea4fe4.0a 42f945ca 043937 h ???????? 003 /wiki/DirectCurrent
3ea50ac.36 42f945c8 043937 h ???????? 003 /wiki/MagLev
3ea5207.b1 42f945c8 043937 h ???????? 002 /wiki/UsState
3ea52f2.c4 42f945c6 043937 h ???????? 008 /wiki/HaTiKi
3ea5513.ed 42f945c6 043937 h ???????? 003 /wiki/MsWord
3ea5537.4c 42f945c8 622963 h ???????? 019 /
3ea575a.2d 42f945c8 043937 h ???????? 007 /wiki/CamelCase
3ea5926.17 5896e4da ea6e3c h ???????? 002 //rss.rdf
3ea592b.86 6bbf66bb e28161 h ???????? 002 //rss.rdf
3ea592d.08 c0e3eafd bbc470 h ???????? 002 //rss.rdf
3ea5933.15 d5abdc98 a95ea1 h ???????? 002 //rss.rdf
3ea5b69.dd 42f945c6 043937 h ???????? 003 /wiki/MailTo
3ea5c90.dd 590fee58 a2d5f8 h ???????? 003 /wiki/FickPuschen
3ea5d4e.ba 42f945ca 043937 h ???????? 003 /wiki/HaBuRi
3ea5d77.ff 65ec24ad 37cdb0 h ???????? 01d /
3ea5f16.4e c7109db6 45fe92 h ???????? 002 /robots.txt
3ea5f16.86 c7109db6 45fe92 h ???????? 003 /wiki/DasNetz
3ea602c.5f 42f945ca 043937 h ???????? 00a /wiki/ToiToi
3ea60fd.8f 42f945ca 043937 h ???????? 003 /wiki/JanDie
3ea610d.84 42f945c8 043937 h ???????? 003 /wiki/TinChen
3ea6354.24 42f945ca 622963 h ???????? 007 /t
3ea6457.af 42f945c6 043937 h ???????? 004 /wiki/TraumDm
3ea6487.6f 4a73d692 3d8b22 h ???????? 01c /
3ea6576.5b 42f945ca 043937 h ???????? 003 /wiki/WebCam
3ea66b6.86 d9b6841e 433e9c h ???????? 001 /edit/22976001
3ea66f3.cd cf2e0d11 6a88e8 s ???????? 016 /
3ea67d0.09 42f945c8 043937 h ???????? 003 /wiki/FiWPEz
3ea683c.fe a4843451 eb026b s ???????? 002 /bcHead
3ea683c.b9 b44c0fa1 a04d28 s ???????? 111 /sh
3ea690c.e0 42f945c6 043937 h ???????? 003 /wiki/EachPeter
3ea693d.e8 42f954d2 002725 h ???????? 002 /favicon.ico
3ea69d4.ca cf2e0d11 6a88e8 h ???????? 003 /wiki/MosesZnaimer
3ea6a53.12 42f945c8 622963 h ???????? 002 /go
3ea6a5d.78 42f945c6 043937 h ???????? 002 /wiki/MindN3
3ea6b48.dd 42f945c8 043937 h ???????? 003 /wiki/ExPose
3ea6b5c.39 42f945c6 043937 h ???????? 003 /wiki/NtGD1M
3ea6ec4.b5 42f945c6 043937 h ???????? 003 /wiki/MustDo
3ea6fb5.28 284da753 6a88e8 h ???????? 003 /wiki/SingularAcademy
3ea6ffa.73 42f945ca 043937 h ???????? 009 /wiki/ExPand
3ea7252.e0 42f945c6 622963 h ???????? 007 /system
3ea72b4.0f 42f95b69 70a047 h ???????? 002 //rss.rdf
3ea7376.6c 42f945c6 043937 h ???????? 003 /wiki/DbNetz
3ea74f8.b8 b44c0f8c a04d28 h ???????? 004 /wiki/LockOffice
3ea760f.c9 42f945c8 043937 h ???????? 003 /wiki/TaiPei
3ea76f2.a3 340658d8 e2dc7f h ???????? 002 //rss.rdf
3ea7886.29 42f945d4 043937 s ???????? 018 /
3ea7907.bf 44b4e71a aec21f s ???????? 002 /robots.txt
3ea7908.c6 44b4e71a aec21f s ???????? 003 /wiki/RoadMap
3ea7957.49 42f945c6 043937 h ???????? 003 /wiki/JustDoIt
3ea7a74.b5 42f945c6 043937 h ???????? 004 /wiki/MindGroup
3ea7a80.e5 42f945c8 043937 h ???????? 003 /wiki/WikiTuev
3ea7a84.f8 42f945c6 043937 h ???????? 003 /wiki/AyOExvu
3ea7e1f.e7 42f945ca 043937 h ???????? 003 /wiki/FeZiSop
3ea7f4c.ab 42f945d4 043937 s ???????? 002 /.well-known/apple-app-site-association
3ea7fee.ee cf2e0d11 6a88e8 h ???????? 003 /wiki/MindBau
3ea8064.71 42f945ca 043937 h ???????? 003 /wiki/AltWelt
3ea817e.a6 42f945c8 043937 h ???????? 003 /wiki/ManchMal
3ea81ed.20 65ec24ad 37cdb0 h ???????? 020 /
3ea821a.b3 284da753 6a88e8 h ???????? 003 /wiki/JahrGang
3ea8266.55 42f95d26 002725 h ???????? 002 /favicon.ico
3ea8514.9e 42f945c6 043937 h ???????? 003 /wiki/LdsBlond
3ea864b.a8 42f945c8 043937 h ???????? 002 /film
3ea866b.50 7b3b94ea 99d427 s ???????? 002 /ApacheTomcatJBoss
3ea8762.bf cf2e0d11 6a88e8 h ???????? 004 /wiki/NooPolisFaqDe
3ea877a.68 9b5e583a 66e770 h ???????? 017 /
3ea883b.9f 33ff414e 433e9c h ???????? 003 /edit/25496001
3ea88a7.0d 42f945c8 043937 h ???????? 004 /wiki/LinguBox
3ea88a9.19 42f945c8 043937 h ???????? 002 /wiki/KernTeam
3ea8d3b.f2 42f945c8 043937 h ???????? 003 /wiki/GeSpraech
3ea8dc0.79 42f94216 043937 h ???????? 002 /base
3ea8fa2.e9 42f945ca 043937 h ???????? 003 /wiki/DdAb1908
3ea90f1.a5 42f945c8 043937 h ???????? 003 /wiki/FreyHeit
3ea9159.7d 284da70a 6a88e8 h ???????? 019 /
3ea9218.a2 689ba316 ef32ab h ???????? 020 /
3ea94d3.74 b44c0f92 a04d28 h ???????? 018 /
3ea957b.ca 42f945ca 043937 h ???????? 002 /system
3ea97f0.95 42f945ca 043937 h ???????? 004 /wiki/ManfredVonArdenne
3ea99d7.81 8e36bb32 ffd63a h ???????? 009 /wp-login.php
3ea99e8.0f 8e36bb32 ffd63a h ???????? 009 /robots.txt
3ea9a98.89 cf2e0d8f 6a88e8 h ???????? 003 /wiki/TimBonnemann
3ea9b17.d3 42f95b6b 70a047 h ???????? 002 //rss.rdf
3ea9ca1.20 42f945c6 622963 h ???????? 002 /film
3ea9ddc.b7 b44c0f1f a04d28 h ???????? 018 /
3eaa09b.bf 42f945c8 043937 h ???????? 004 /wiki/ThoughtsPerSecond
3eaa123.ee 8e36bb32 ffd63a h ???????? 003 /wp-login.php
3eaa137.ed 8e36bb32 ffd63a h ???????? 003 /robots.txt
3eaa160.c8 42f945c8 043937 h ???????? 004 /wiki/BerndGuggenberger
3eaa224.30 42f945c8 043937 h ???????? 004 /wiki/ArminMaellerStahl
3eaa389.f7 42f945c8 622963 h ???????? 001 /earth
3eaa473.29 b44c0fa1 a04d28 h ???????? 017 /
3eaa4d0.1f 42f945ca 043937 h ???????? 002 /wiki/SebastianDrichelt
3eaa62a.61 42f945c8 043937 h ???????? 002 /wiki/AwrahamSoetendorp
3eaa6e8.b4 42f945c6 043937 h ???????? 003 /wiki/AluminiumSchmiede
3eaa70e.b3 d9b684bf 433e9c h ???????? 001 /edit/26296003
3eaa798.34 42f945ca 043937 h ???????? 002 /wiki/RaptureOfTheNerds
3eaa902.9f 8ba27485 976046 s ???????? 017 /
3eaa919.5c 42f945d2 043937 s ???????? 001 /edit/32765001
3eaaaab.0d 42f945c6 043937 h ???????? 002 /wiki/FriederikeLanzsch
3eaaae4.bb 42f945d4 043937 s ???????? 001 /apple-app-site-association
3eaad0c.2f 42f945c6 043937 h ???????? 002 /wiki/PhysicalComputing
3eaadb7.7a d9b68453 433e9c h ???????? 002 /edit/26256002
3eaadeb.f0 42f945c8 043937 h ???????? 002 //robots.txt
3eaae28.9f 42f945c6 043937 h ???????? 002 /wiki/EntbindungsKlinik
3eab060.be 42f945c6 043937 h ???????? 002 /wiki/WunderKind
3eab072.eb 42f945c8 043937 h ???????? 002 /wiki/RichardDavidPrecht
3eab3f7.67 42f945ca 043937 h ???????? 001 /go
3eab4ab.91 5d48b61f d48ef3 h ???????? 018 /
3eab50d.43 42f945c8 043937 h ???????? 003 /wiki/FriedrichHoertkorn
3eab5b0.e1 42f95b6b 70a047 h ???????? 001 //rss.rdf
3eab650.f1 42f945c6 043937 h ???????? 002 /wiki/NameAlreadyInvited
3eab7bc.36 33ff4764 433e9c h ???????? 001 /edit/23476001
3eab89e.c9 42f945ca 043937 h ???????? 002 /wiki/ChristophHeinemann
3eabb58.df 42f945c8 622963 h ???????? 001 /base
3eabd59.fc 9d372722 6a88e8 s ???????? 014 /
3eac07a.40 d8f442c6 2e51d1 h ???????? 002 /robots.txt
3eac1cd.9b 784e3c66 99d427 s ???????? 002 /ApacheTomcatJBoss
3eac20e.cb 42f945c6 043937 h ???????? 002 /wiki/UnivPress
3eac354.3d 42f945c8 043937 h ???????? 002 /t
3eac43f.30 42f945c8 043937 h ???????? 003 /wiki/SelbstOrganisation
3eac52d.1d b44c0f9b a04d28 h ???????? 003 /wiki/RainerWasserfuhrCvEn
3eac588.cd 42f95b69 70a047 h ???????? 002 //rss.rdf
3eac64d.47 42f945ca 043937 h ???????? 003 /wiki/PensionMorgenstern
3eac8d3.ae 42f945c6 043937 h ???????? 004 /wiki/ReichenbachStrasse
3eac926.72 5f6cb561 e4b041 s ???????? 002 /robots.txt
3eac92a.3a 5f6cb561 e4b041 s ???????? 28c5 /math
3eacaeb.b1 42f945c6 043937 h ???????? 003 /wiki/KurtGeorgKiesinger
3eacaf8.da 42f945c8 043937 h ???????? 003 /wiki/KleineUnterschiede
3eacbd4.24 42f945d4 043937 s ???????? 001 /.well-known/assetlinks.json
3eace02.b5 44b4e56f aec21f h ???????? 002 //robots.txt
3eace03.c9 44b4e71a aec21f h ???????? 001 /robots.txt
3eace04.65 44b4e71a aec21f h ???????? 002 /wiki/LockOffice
3eacf34.4e 33ff4137 433e9c h ???????? 016 /edit/12366001
3ead383.ef 42f945c6 043937 h ???????? 002 /wiki/XFuerEinU
3ead398.e5 42f945c6 043937 h ???????? 002 /wiki/CarstenKohlschmidt
3ead5f8.b9 42f945ca 043937 h ???????? 003 /wiki/SriSriRaviSchankar
3ead6dc.78 42f945c8 043937 h ???????? 016 /
3ead85d.21 42f945c8 043937 h ???????? 003 /wiki/CharlesTazeRussell
3ead91a.cc 284da753 6a88e8 h ???????? 003 /wiki/SingularAcademy
3ead932.a6 cf2e0d11 6a88e8 s ???????? 015 /
3ead969.11 42f945c8 043937 h ???????? 002 /wiki/TranSubstantiation
3eada46.f2 b44c0f0c a04d28 h ???????? 015 /
3eada90.1f 42f945c8 043937 h ???????? 002 /wiki/WuenscheWerdenWahr
3eadd30.f3 738569d8 be33ef h ???????? 002 /wp-login.php
3eadd31.6b 738569d8 be33ef h ???????? 015 /
3eae1bb.db 5d48b61f 0da4cc h ???????? 004 /wiki/LockConsultIndividual/
3eae249.1b cf2e0d8f 6a88e8 h ???????? 003 /wiki/TimBonnemann
3eae292.0a 42f94b87 043937 s ???????? 001 /robots.txt
3eae292.a1 42f94b85 043937 s ???????? 001 /.well-known/assetlinks.json
3eae2b6.ff 4d4b4cac 6a9392 h ???????? 002 /robots.txt
3eae2ba.80 4d4b4cac 6a9392 h ???????? 003 /wiki/CoConsulting
3eae408.eb 42f945c8 043937 h ???????? 003 /wiki/SingularitaetsKekse
3eae429.f4 42f945c8 043937 h ???????? 003 /wiki/AnnaCatarinaMueller
3eae515.7a 42f945c6 043937 h ???????? 003 /wiki/TomKnight
3eae5ec.0c 0585b70e 7454d3 h ???????? 001 //rss.rdf
3eae5f5.d7 d5abdc98 a95ea1 h ???????? 006 //rss.rdf
3eae762.67 42f945ca 043937 h ???????? 003 /wiki/VisitTheLockSchuppen
3eae8af.80 42f945ca 043937 h ???????? 003 /wiki/ProcessOptimization
3eaea80.86 3ed6bf41 a829a5 s ???????? 017 /
3eaea85.4f 3ed6bf41 a829a5 s ???????? 002 /alive/4
3eaea85.59 3ed6bf41 a829a5 s ???????? 001 /feel/4
3eaea89.0b 3ed6bf41 a829a5 s ???????? 001 /alive/8
3eaea89.1a 3ed6bf41 a829a5 s ???????? 001 /feel/8
3eaea91.a9 3ed6bf41 a829a5 s ???????? 014 /feel/10
3eaeaa1.d5 3ed6bf41 a829a5 s ???????? 002 /alive/20
3eaeaa1.e1 3ed6bf41 a829a5 s ???????? 001 /feel/20
3eaeaf9.ed 42f945c6 043937 h ???????? 009 /wiki/WirkenStattArbeiten
3eaee6c.9d 42f945ca 043937 h ???????? 003 /wiki/AllEyesAreConnected
3eaee9f.2c 42f94b85 043937 s ???????? 002 /.well-known/apple-app-site-association
3eaef79.51 5f6cb561 e4b041 h ???????? 002 /robots.txt
3eaef7d.30 5f6cb561 e4b041 h ???????? 01d /
3eaefa5.61 42f95b69 70a047 h ???????? 002 //rss.rdf
3eaefaf.8e 42f945c6 043937 h ???????? 003 /wiki/BastiHirschWikiWall
3eaf173.f4 d9b6845e 433e9c h ???????? 003 /wiki/WikiPage
3eaf20c.ed 42f945c8 043937 h ???????? 009 /wiki/AnDerChristuskirche
3eaf31c.4f 9d37273e 6a88e8 h ???????? 01d /
3eaf59c.70 5e663f11 42637e h ???????? 002 //
3eaf72b.67 d94586ae 399ff9 h ???????? 002 /robots.txt
3eaf72b.f2 d94586a1 399ff9 h ???????? 017 /
3eaf7ad.33 5dae5d47 cc9bbb h ???????? 01a /
3eaf7d7.c8 42f945c6 043937 h ???????? 003 /wiki/TeleKinet
3eaf834.4c a936e97b c5c81c h ???????? 01d /
3eaf8e8.26 284da748 6a88e8 h ???????? 01d /
3eaf910.9e 42f945ca 043937 h ???????? 003 /wiki/EducationExpedition
3eafaac.fe 42f94b85 043937 s ???????? 002 /apple-app-site-association
3eafb0f.c3 42f945ca 043937 h ???????? 004 /wiki/SchuleDerIntelligenz
3eaff00.74 42f945c6 043937 h ???????? 003 /wiki/SingularLandschaften
