3e70111.bb 42f94294 043937 h ???????? 005 /wiki/DueDiligence
3e70143.ad 284da751 6a88e8 h ???????? 01a /
3e7018b.ab 44b4e71a aec21f s ???????? 003 /robots.txt
3e7018c.a5 44b4e71a aec21f s ???????? 004 /wiki/RaWa
3e701ae.83 42f94294 043937 h ???????? 004 /wiki/TopFivehundred
3e70351.48 42f94292 043937 h ???????? 004 /wiki/PlanetErde
3e70374.d7 42f94292 043937 h ???????? 006 /wiki/GottlobFrege
3e70442.fd a4845b03 9ca11e h ???????? 01d /
3e70690.f4 94fb51b0 4ece31 h ???????? 01b /
3e7078c.3d b44c0f17 a04d28 h ???????? 004 /wiki/EnterPrise
3e7081b.9f 42f94292 043937 h ???????? 004 /wiki/GesineSchwan
3e708de.fe b68cd78e ebd96b h ???????? 01f /
3e70945.67 6a4b5738 99d427 s ???????? 00b /ApacheTomcatJBoss
3e7096c.50 894ac96c 433e9c h ???????? 003 /edit/23226001
3e70a80.10 cf2e0d8f 6a88e8 h ???????? 004 /wiki/IntraBroker
3e70b5b.dc 42f94292 043937 h ???????? 004 /wiki/VoNa
3e70ba6.88 42f94290 043937 h ???????? 004 /wiki/MoGo
3e70c37.61 42f94294 043937 h ???????? 004 /wiki/DaPo
3e70ca7.04 42f94294 043937 h ???????? 004 /wiki/PieschenerRevolution
3e70d22.43 dc84ee4c 99d427 s ???????? 003 /ApacheTomcatJBoss
3e71348.0e 42f94294 043937 h ???????? 005 /wiki/MarcoRipanti
3e7134f.69 42f94290 043937 h ???????? 004 /wiki/SystemOnChip
3e716a2.ee 9d372730 6a88e8 h ???????? 003 /robots.txt
3e716b7.b4 0585b70e 161c85 h ???????? 003 //rss.rdf
3e7181e.3e a484a12f 433e9c h ???????? 006 /edit/26306004
3e7181e.43 2511ac7a dec4fd h ???????? 01c /
3e7182e.a2 2511ac7a dec4fd s ???????? 083 /ls
3e71835.a3 33ff415e 433e9c h ???????? 004 /wiki/KonradKleinknecht
3e71839.a2 a4843451 eb026b s ???????? 003 /bcHead
3e71839.53 2511ac7a dec4fd s ???????? 138 /sh
3e7184d.f9 2511ac7a dec4fd s ???????? 073 /hls
3e71862.6f 2511ac7a dec4fd s ???????? 003 /AtJs
3e71870.b7 2511ac7a dec4fd s ???????? 002 /edit
3e7187b.57 9d372722 6a88e8 s ???????? 01c /
3e71889.c0 42f94294 043937 h ???????? 004 /wiki/RuzenaBajcsy
3e718a7.7b 284da730 6a88e8 h ???????? 004 /wiki/JanBoehme
3e718d5.f0 42f94290 043937 h ???????? 003 /robots.txt
3e719e2.f7 42f94292 043937 h ???????? 01d /
3e71adc.8c 42f94290 043937 h ???????? 003 /edit
3e71b5b.b7 42f94294 043937 h ???????? 004 /wiki/TiBo
3e71e6c.10 42f94292 043937 h ???????? 00c /wiki/MoleskineOne
3e71eda.d1 25bb3842 e3b0c4 h ???????? 003 /robots.txt
3e71edc.fc 25bb3842 9b6b51 h ???????? 01f /
3e71f3e.96 b29f6466 5484ba h ???????? 026 /
3e71f8e.fe 42f94294 043937 h ???????? 001 /wiki/IntelligenceExplosion
3e71fe1.5e b01f7e38 e3b0c4 h ???????? 001 /robots.txt
3e71fe3.81 b01f7e38 37a81c h ???????? 010 /
3e71ff7.5b a484a15e 433e9c h ???????? 001 /edit/4936001
3e720b4.88 42f94292 043937 h ???????? 002 /wiki/HomeComputer
3e72111.93 42f95c55 70a047 h ???????? 001 //rss.rdf
3e72158.bf 8ba24e87 186d9a s ???????? 016 /
3e721e9.f8 42f94290 043937 h ???????? 002 /wiki/LifeDay15902
3e722eb.ea 42f94290 043937 h ???????? 002 /wiki/LifeDay16254
3e7246a.ac 59a392ec a6744e s ???????? 002 /recordings//theme/main.css
3e724e4.4b 59a392ec a6744e s ???????? 001 /elastix_warning_authentication.php
3e72559.80 42f94290 043937 h ???????? 002 /wiki/WerteKostuem
3e7255a.5a 42f94290 043937 h ???????? 002 /wiki/StadtViertel
3e725dc.3b 42f94294 043937 h ???????? 002 /wiki/ChSi
3e7267a.16 8ba26ab5 976046 s ???????? 013 /
3e726aa.3e 42f94292 043937 h ???????? 002 /wiki/VerbThing
3e727e0.84 25bb384c e3b0c4 h ???????? 002 /robots.txt
3e727e8.2b 25bb384c 5983bc h ???????? 018 /
3e72841.4d 9d3727aa 6a88e8 s ???????? 019 /
3e729b1.2d b44c0f21 a04d28 h ???????? 001 /radio
3e72a3a.f2 71699dc3 99d427 s ???????? 002 /ApacheTomcatJBoss
3e72a40.10 bca5e922 e3b0c4 h ???????? 001 /robots.txt
3e72a42.33 bca5e922 1200b3 h ???????? 018 /
3e72bf0.77 d9b68441 433e9c h ???????? 002 /edit/23666001
3e72dbd.8b 7d58b154 99d427 s ???????? 001 /ApacheTomcatJBoss
3e72ec1.cd 42f94292 043937 h ???????? 003 /wiki/GruenWunder
3e72f77.80 ad33de7b 043937 h ???????? 013 /
3e731e9.98 cf2e0d8f 6a88e8 h ???????? 003 /wiki/PostSingular
3e7323b.b5 42f94294 043937 h ???????? 002 /wiki/BitsOnWheels
3e732e7.bf 42f94290 043937 h ???????? 008 /wiki/HeMo
3e73437.fb b73f467d 99d427 s ???????? 002 /ApacheTomcatJBoss
3e734ac.2e 42f94290 043937 h ???????? 003 /wiki/DigitalSpiel
3e7374f.c2 42f94290 622963 h ???????? 008 //wiki/PolyTreu
3e73807.71 42f94290 043937 h ???????? 002 /wiki/TimeStamp
3e73a59.6f 44b4e56f aec21f h ???????? 002 //robots.txt
3e73a5a.be 44b4e71a aec21f h ???????? 001 /robots.txt
3e73a5b.92 44b4e71a aec21f h ???????? 016 /
3e73a9b.c9 44b4e71a aec21f h ???????? 002 /wiki/MindPost
3e73e08.34 5e8247ed ea8cd4 h ???????? 002 /rss.jsp
3e73e08.5b 5e8247ed ea8cd4 h ???????? 002 /rss.jsp
3e73e08.7c 5e8247ed ea8cd4 h ???????? 001 /rss.jsp
3e73e08.9a 5e8247ed ea8cd4 h ???????? 001 /rss.jsp
3e73e08.bb 5e8247ed ea8cd4 h ???????? 007 /rss.jsp
3e73e08.de 5e8247ed ea8cd4 h ???????? 002 /rss.jsp
3e73fa2.1b 42f95c53 70a047 h ???????? 002 //rss.rdf
3e742a9.cd 42f94292 043937 h ???????? 003 /wiki/ArtikelPreis
3e74373.93 b44c0f9a a04d28 h ???????? 016 /
3e744ed.28 9e457636 fdc79c h ???????? 01e /
3e74734.66 9d3727a7 6a88e8 h ???????? 01d /
3e74772.8e 42f94568 043937 h ???????? 003 /wiki/RobertLanger
3e74988.32 42f94566 043937 h ???????? 003 /wiki/PeterRuzicka
3e74a4f.81 4e2e2319 7dfab1 h ???????? 001 //rss.jsp
3e74a4f.ac 4e2e2319 7dfab1 h ???????? 002 //rss.jsp
3e74b0a.62 42f94566 043937 h ???????? 003 /wiki/RossMayfield
3e74d7a.0e 42f94568 043937 h ???????? 003 /wiki/PeTh
3e74dca.f5 42f94568 043937 h ???????? 003 /wiki/UtMo
3e74efc.c0 42f94572 043937 s ???????? 015 /
3e74f05.b8 42f94572 043937 s ???????? 001 /feel/4
3e74f06.d2 42f94572 043937 s ???????? 001 /feel/8
3e74f89.cd 42f9456a 043937 h ???????? 003 /wiki/SerialNumber
3e75053.52 b44c0f1e fa643b h ???????? 002 /robots.txt
3e75053.52 b44c0f21 fa643b h ???????? 005 /robots.txt
3e750d2.38 42f94566 043937 h ???????? 008 /wiki/LifeDay15900
3e750d2.37 42f94566 043937 h ???????? 00c /robots.txt
3e7524a.61 8ac560d1 86687a h ???????? 01a /
3e7524f.08 8ac560d1 86687a h ???????? 001 /alive/4
3e7524f.17 8ac560d1 86687a h ???????? 002 /feel/4
3e75253.28 8ac560d1 86687a h ???????? 001 /alive/8
3e75253.39 8ac560d1 86687a h ???????? 001 /feel/8
3e7526e.a1 bc285186 7dfab1 h ???????? 002 //rss.jsp
3e7526e.c7 bc285186 7dfab1 h ???????? 002 //rss.jsp
3e75287.8b bc285186 7dfab1 h ???????? 002 //rss.jsp
3e75287.ba bc285186 7dfab1 h ???????? 002 //rss.jsp
3e7544d.b5 42f94566 043937 h ???????? 003 /wiki/MarshallBrain
3e75487.45 bc285186 7dfab1 h ???????? 002 //rss.jsp
3e75487.73 bc285186 7dfab1 h ???????? 007 //rss.jsp
3e75499.1f bc285186 7dfab1 h ???????? 002 //rss.jsp
3e75499.4b bc285186 7dfab1 h ???????? 001 //rss.jsp
3e7577b.b6 3b7efe62 99d427 s ???????? 002 /ApacheTomcatJBoss
3e75820.73 602ca6b6 bbc470 h ???????? 002 //rss.rdf
3e758a0.34 d9b684ab 433e9c h ???????? 004 /wiki/RainerWasserfuhrCv
3e75a2e.16 42f94568 043937 h ???????? 003 /wiki/GlennZorpette
3e75d97.32 42f94566 043937 h ???????? 003 /wiki/GoogleVsChina
3e75e89.b9 42f94568 043937 h ???????? 003 /wiki/YvSc
3e7602b.d6 42f95727 70a047 h ???????? 002 //rss.rdf
3e7611f.f3 42f94566 043937 h ???????? 003 /wiki/OliverSchlupp
3e7648a.72 42f9456a 043937 h ???????? 003 /wiki/WolfgangGrupp
3e7666a.80 3d6dffa2 99d427 s ???????? 002 /ApacheTomcatJBoss
3e7672e.c5 42f94566 043937 h ???????? 004 /wiki/LutherDenkmal
3e76779.4d d9b6841f 433e9c h ???????? 004 /wiki/WikiMind
3e76861.d5 8ac5584f 03bc36 h ???????? 017 /
3e768d9.56 b44c0f1f fa643b h ???????? 007 /robots.txt
3e768d9.5c b44c0f21 fa643b h ???????? 002 /robots.txt
3e76963.e9 42f94566 043937 h ???????? 00a /wiki/LockCloudCamp
3e76a99.96 cb7a1593 99d427 s ???????? 002 /cgi-bin/test-cgi.pl
3e76bb2.be 42f9456a 043937 h ???????? 003 /wiki/HaraldBorutta
3e76e14.4c 42f94568 043937 h ???????? 004 /wiki/HelmutEwering
3e76e1d.7c 42f94566 043937 h ???????? 003 /wiki/BeisammenSein
3e76ef2.5e cff1e1ec babc19 h ???????? 009 /robots.txt
3e76ef2.61 cff1e2ea babc19 h ???????? 002 /robots.txt
3e77070.a4 42f94566 043937 h ???????? 003 /wiki/OccupyDresden
3e7718d.ef 42f94568 043937 h ???????? 003 /wiki/OpenFutureSax
3e772c3.f5 a484a149 433e9c h ???????? 003 /edit/28566001
3e77311.1b 42f94566 043937 h ???????? 003 /wiki/BaHi
3e77329.19 42f94568 043937 h ???????? 003 /wiki/StHe
3e774bb.77 de6788b5 99d427 s ???????? 003 /ApacheTomcatJBoss
3e7752e.4b 42f94568 043937 h ???????? 003 /wiki/MichelSigloch
3e77830.a9 bc286647 7dfab1 h ???????? 002 //rss.jsp
3e77830.df bc286647 7dfab1 h ???????? 002 //rss.jsp
3e77896.ba 42f94566 043937 h ???????? 004 /wiki/MarkKorzilius
3e77923.e4 42f9456a 043937 h ???????? 003 /wiki/KaPa
3e77af2.45 b1206771 32c7bf h ???????? 003 /hndUnblock.cgi
3e77af5.4c b1206771 32c7bf h ???????? 002 /hndUnblock.cgi
3e77af8.58 b1206771 32c7bf h ???????? 002 /moo
3e77afb.68 b1206771 32c7bf h ???????? 01b /
3e77c59.28 a484a137 433e9c h ???????? 002 /feed
3e77c7e.95 42f9572b 70a047 h ???????? 002 //rss.rdf
3e77d70.e8 42f94568 043937 h ???????? 003 /wiki/OleWintermann
3e77fa7.a3 42f9456a 043937 h ???????? 004 /wiki/NorbertWiener
3e780d6.87 42f9456a 043937 h ???????? 004 /wiki/LindenStrasse
3e7840d.aa 42f94566 043937 h ???????? 003 /wiki/BogenSchuetze
3e7862c.f1 42f94568 043937 h ???????? 004 /wiki/KarstenReichel
3e78697.8f 65ec24ad 37cdb0 h ???????? 019 /
3e7873b.17 d2362667 99d427 s ???????? 002 /ApacheTomcatJBoss
3e788b5.70 7b7e7168 09810e s ???????? 018 /
3e78961.5c 9d3727aa 6a88e8 s ???????? 01a /
3e789b2.31 42f94566 043937 h ???????? 004 /wiki/VolksZaehlung
3e789b3.46 42f94566 043937 h ???????? 003 /wiki/MichelleObama
3e789f5.8b 44b4e71a aec21f h ???????? 002 /robots.txt
3e789f6.26 44b4e71a aec21f h ???????? 003 /wiki/PriVat
3e78c10.64 42f9456a 043937 h ???????? 004 /wiki/StefanGumhold
3e78ee9.e5 42f94568 043937 h ???????? 004 /wiki/KorneliaSimon
3e7926a.8c 42f94568 043937 h ???????? 004 /wiki/MarionNiemand
3e79396.68 42f94566 043937 h ???????? 004 /wiki/KarinaMatthes
3e79656.dd 42f9456a 043937 h ???????? 002 //robots.txt
3e79680.4b 42f94566 043937 h ???????? 004 /wiki/JackNicholson
3e79767.90 42f94566 043937 h ???????? 003 //wiki/LockSchuppenDe
3e7983c.04 42f94568 043937 h ???????? 004 /wiki/MartinLindner
3e79a0f.c1 4f4e95b8 99d427 s ???????? 003 /phpmyadmin/scripts/setup.php
3e79a13.22 4f4e95b8 99d427 s ???????? 002 /phpMyAdmin/scripts/setup.php
3e79a16.83 4f4e95b8 99d427 s ???????? 002 /mysql/scripts/setup.php
3e79a19.f3 4f4e95b8 99d427 s ???????? 003 /pma/scripts/setup.php
3e79a2d.79 4f4e95b8 99d427 s ???????? 003 /scripts/setup.php
3e79a30.e6 4f4e95b8 99d427 s ???????? 002 /PMA/scripts/setup.php
3e79a3d.73 4f4e95b8 99d427 s ???????? 002 /mysqladmin/scripts/setup.php
3e79a40.cb 4f4e95b8 99d427 s ???????? 003 /phpmyadmin2/scripts/setup.php
3e79a48.96 4f4e95b8 99d427 s ???????? 003 /phpMyAdmin2/scripts/setup.php
3e79a49.16 4f4e95b8 99d427 s ???????? 002 /myadmin/scripts/setup.php
3e79a49.97 4f4e95b8 99d427 s ???????? 002 /db/scripts/setup.php
3e79a8d.8c 42f94566 043937 h ???????? 004 /wiki/InaDoettinger
3e79bc2.5e 42f94568 043937 h ???????? 004 /wiki/ChildhoodsEnd
3e79cff.0d af13cebd 99d427 s ???????? 002 /ApacheTomcatJBoss
3e79ed9.77 42f95729 70a047 h ???????? 002 //rss.rdf
3e79f43.12 42f9456a 043937 h ???????? 004 /wiki/MelaEckenfels
3e79fd5.fb 42f9456a 043937 h ???????? 004 /wiki/EkkehardBoesche
3e7a2b6.7b 42f94568 043937 h ???????? 004 /wiki/TeSystems
3e7a2e7.03 65e4d005 99d427 s ???????? 003 /ApacheTomcatJBoss
3e7a40a.fd 42f9456a 043937 h ???????? 005 /wiki/KaiserLautern
3e7a410.0d 77893617 99d427 s ???????? 002 /ApacheTomcatJBoss
3e7a5ec.6e 9d3727a7 6a88e8 h ???????? 024 /
3e7a7ac.5b 44b4e71a aec21f h ???????? 003 /edit
3e7a7b6.b9 42f9456a 043937 h ???????? 004 /wiki/GeorgeDvorsky
3e7a8f7.ca 42f94572 043937 s ???????? 005 /wiki/RaWa
3e7aa45.dc 79275813 c85d4f h ???????? 003 50.117.38.171:443
3e7aa86.f8 42f94566 043937 h ???????? 004 /wiki/InVest
3e7ab25.83 8dd479c0 ef60d6 h ???????? 014 /
3e7ac69.ca 42f9456a 043937 h ???????? 002 /wiki/GernotWolfram
3e7ac6d.d6 42f94568 043937 h ???????? 002 /wiki/OpenFloorPlan
3e7b005.16 42f94566 043937 h ???????? 002 //wiki/BrianWang
3e7b5df.b1 42f9456a 043937 h ???????? 002 //wiki/NewWorldOne
3e7b78a.2f 65ec113b 37cdb0 h ???????? 013 /
3e7ba55.e7 42f94566 043937 h ???????? 002 /wiki/NewWorld
3e7bb31.24 42f95727 70a047 h ???????? 002 //rss.rdf
3e7bb58.92 9d3727a7 6a88e8 h ???????? 002 /wiki/BirthDay
3e7bcac.36 42f9456a 043937 h ???????? 003 /wiki/AppleStore
3e7bedd.90 42f94568 043937 h ???????? 003 /wiki/PersonalWiki
3e7c281.65 42f94566 043937 h ???????? 002 /wiki/GoldHochzeit
3e7c574.6b 3dde2e0a ebd96b h ???????? 018 /
3e7c5ef.c6 44b4e71a aec21f h ???????? 002 /wiki/MassachusettsInstituteOfTechnology
3e7c66d.af 5f6cb561 e4b041 h ???????? 001 /robots.txt
3e7c671.98 5f6cb561 e4b041 h ???????? 012 /
3e7c6aa.b1 9d372722 6a88e8 s ???????? 016 /
3e7c8a9.e8 42f94566 043937 h ???????? 002 /wiki/BrianWang
3e7c9f2.ee 9b5e583a 66e770 h ???????? 014 /
3e7cb12.5d 70d8147e 99d427 s ???????? 001 /ApacheTomcatJBoss
3e7cbea.56 42f9456a 043937 h ???????? 003 /wiki/KatjaErfurth
3e7cce8.bb 9d3727aa 6a88e8 h ???????? 002 /wiki/MoegLich
3e7ceca.a9 c063430d 702dd8 s ???????? 1567 /age
3e7d088.5b 42f94566 043937 h ???????? 003 /wiki/BurkhardJung
3e7d12b.83 33ff4137 433e9c h ???????? 002 /edit/27356002
3e7d1b9.df b44c0f94 a04d28 h ???????? 002 /wiki/MindPaper
3e7d3be.e3 05c45716 433e9c s ???????? 002 /robots.txt
3e7d3bf.3a 33ff4129 433e9c s ???????? 013 /
3e7d3f8.1b 42f9456a 043937 h ???????? 003 /wiki/GeorgeMiller
3e7d69a.10 42f9456a 043937 h ???????? 003 /wiki/QueueFactory
3e7d847.1b 42f95727 70a047 h ???????? 002 //rss.rdf
3e7d89d.48 42f94566 043937 h ???????? 002 /wiki/EchoLogic
3e7dafc.e8 42f9456a 043937 h ???????? 003 /wiki/OneSmallStep
3e7dc35.0c 42f94566 043937 h ???????? 003 /wiki/ReneObermann
3e7df9c.07 b44c0f86 a04d28 h ???????? 002 /wiki
3e7e375.d6 b44c0f99 a04d28 h ???????? 002 /edit/8096001
3e7e3ef.72 9d3727aa 6a88e8 h ???????? 003 /wiki/EmotivSystems
3e7e478.da 9d3727aa 6a88e8 s ???????? 01b /
3e7e694.06 d17e8804 7404fb h ???????? 014 /
3e7e715.4e 92b9df2d e8aace h ???????? 002 /edit/2001
3e7e715.8d 92b9df2d e8aace h ???????? 014 /
3e7e91e.97 42f9456a 043937 h ???????? 003 /wiki/SchattenBild
3e7e9a6.a6 a484a29a 433e9c h ???????? 002 /edit/26456003
3e7eb98.a0 5896e4da ea6e3c h ???????? 002 //rss.rdf
3e7eba8.e2 d5abdc98 a95ea1 h ???????? 001 //rss.rdf
3e7edd7.0f 42f9456a 043937 h ???????? 003 /wiki/ErlemannTurm
3e7f164.c1 42f9456a 043937 h ???????? 003 /wiki/OpenStreetView
3e7f283.75 42f94566 043937 h ???????? 004 /wiki/FriseurGehestr
3e7f406.b2 42f94568 043937 h ???????? 003 /wiki/TheLordsSupper
3e7f55e.bf da1c486f 99d427 s ???????? 002 /ApacheTomcatJBoss
3e7f5f1.a2 42f94568 043937 h ???????? 003 /wiki/UrsprungDerWelt
3e7f726.a8 42f94566 043937 h ???????? 003 /wiki/NealStephenson
3e7f906.b3 42f9572b 70a047 h ???????? 001 //rss.rdf
3e7f961.13 d9b684aa 433e9c h ???????? 01b /edit/19486001
3e7f97a.f1 65ec2848 99d427 s ???????? 002 /ApacheTomcatJBoss
3e7f97e.93 42f94566 043937 h ???????? 003 /wiki/KennenlernDuell
3e7fb41.c5 dde259d2 99d427 s ???????? 002 /ApacheTomcatJBoss
3e7fbc8.f9 42f94568 043937 h ???????? 003 /wiki/SmartPhone
3e7fe27.e4 42f9456a 043937 h ???????? 003 /wiki/InterDisziplin
