3f9052e.3e 284da733 6a88e8 h ???????? 003 /wiki/FamilienWortschatz
3f908f7.5c ac686c6d 1066b4 h ???????? 017 /
3f908f8.57 44b4e56f aec21f h ???????? 002 //robots.txt
3f908f9.a7 44b4e59c aec21f h ???????? 002 /robots.txt
3f908fa.44 44b4e59c aec21f h ???????? 003 /wiki/WwWebLern
3f90b38.53 b44c0f9b a04d28 h ???????? 01a /
3f90b38.d4 42f9404a 043937 h ???????? 004 /wiki/RichardScase
3f90df6.b9 34221821 830dc2 s ???????? 01a /
3f90df8.f7 34221821 830dc2 h ???????? 017 /
3f90f09.fc 422df3c8 3d8b22 h ???????? 01a /
3f91104.40 44b4e59c aec21f s ???????? 002 /robots.txt
3f91105.17 44b4e59c aec21f s ???????? 2f3 /memo
3f9148f.31 b44c0f9e a04d28 h ???????? 021 /
3f917e7.9a 42f9598b 70a047 h ???????? 003 //rss.rdf
3f91805.a2 d8f442e5 2e51d1 h ???????? 002 /robots.txt
3f918a9.da 9d372752 6a88e8 h ???????? 004 /wiki/MrBien
3f91a72.ab cd8b8d36 209ef4 h ???????? 002 //rss.rdf
3f91c61.08 a4843451 eb026b s ???????? 003 /bcHead
3f91c60.b3 d8f442e5 2e51d1 h ???????? 153 /sh
3f91cfb.d5 42f94046 043937 h ???????? 004 /wiki/SuedVorstadt
3f91fa2.94 cf2e0dc0 6a88e8 s ???????? 003 /robots.txt
3f91fa3.2e cf2e0dc0 6a88e8 s ???????? 003 /robots.txt
3f91fa6.16 cf2e0d13 6a88e8 s ???????? 01a /
3f921f5.cf 9b5e583a 66e770 h ???????? 024 /
3f922bb.b0 d9b68498 433e9c h ???????? 004 /wiki/MindPeople
3f923b2.91 7a605db5 53f294 h ???????? 003 //favicon.ico
3f92417.f4 42f9404a 043937 h ???????? 004 /wiki/SpesChen
3f926da.1f d94586b1 399ff9 h ???????? 002 /robots.txt
3f926ec.e2 d94586a1 399ff9 h ???????? 002 /sitemap.xml
3f92ebe.da 42f9404a 043937 h ???????? 003 /wiki/RolandBerger
3f92fbb.bf 42f94046 043937 h ???????? 01c /edit/1001
3f930bf.4f 6a26f19e 09810e h ???????? 003 /robots.txt
3f930bf.d6 6a26f19e 09810e h ???????? 003 /wiki/SobTla
3f93463.79 42f95987 70a047 h ???????? 002 //rss.rdf
3f93598.91 d94586b0 399ff9 h ???????? 002 /robots.txt
3f9359b.14 d94586b0 399ff9 h ???????? 01a /
3f935eb.84 6a78ad9d 09810e h ???????? 003 /robots.txt
3f935ec.06 6a78ad9d 09810e h ???????? 004 /wiki/SobTla
3f9374e.de a4845b03 75fc8a h ???????? 01d /
3f937ef.e4 42f94046 043937 h ???????? 004 /wiki/GunterDueck
3f93930.b0 b44c0f11 a04d28 h ???????? 01c /
3f93a81.24 a484a137 433e9c h ???????? 01c /edit/17356004
3f93c78.d1 6a78ad85 09810e h ???????? 003 /robots.txt
3f93c79.5d 6a78ad85 09810e h ???????? 003 /wiki/SobTla
3f93ce8.7d 9d37270f 6a88e8 s ???????? 003 /robots.txt
3f93ced.dd 9d372752 6a88e8 s ???????? 01b /
3f93d7a.9b 4a7d4c23 55c2cd h ???????? 003 //rss.rdf
3f93e52.ae a2fdb0de 161c85 h ???????? 002 //rss.rdf
3f93e58.51 5896e4da ea6e3c h ???????? 002 //rss.rdf
3f94494.ac 42f94048 043937 h ???????? 005 /wiki/DaxUnternehmen
3f948ba.a1 9d3727cc 6a88e8 h ???????? 004 /wiki/PayPalMafia
3f94f50.b8 9d372752 6a88e8 h ???????? 004 /wiki/RecentChangesPlugin
3f9539f.14 6bb2c2f2 71f2b9 s ???????? 004 /bcHead
3f953e6.93 42f94046 043937 h ???????? 004 /wiki/SprungTraum
3f955ed.68 42f95987 70a047 h ???????? 003 //rss.rdf
3f9575d.f4 d94586a1 399ff9 h ???????? 003 /robots.txt
3f95775.cf d94586ae 399ff9 h ???????? 026 /
3f957af.86 9d37270e 6a88e8 h ???????? 003 /robots.txt
3f957b1.26 284da70e 6a88e8 h ???????? 021 /
3f957f0.07 b9bccf08 8ce5d7 h ???????? 003 /xmlrpc.php
3f95a7d.d9 33ff4111 433e9c h ???????? 003 /edit/30966001
3f95b11.7c 42f94048 043937 h ???????? 004 /wiki/DiedIn
3f95d97.58 d94586ae 399ff9 h ???????? 003 /robots.txt
3f95d99.b0 d94586ae 399ff9 h ???????? 01d /
3f95e2d.ee d94586af 399ff9 h ???????? 003 /robots.txt
3f95e30.2c d94586b0 399ff9 h ???????? 01c /
3f95ead.0d 5f6cb561 e4b041 h ???????? 003 /robots.txt
3f95eb0.d7 5f6cb561 e4b041 h ???????? 003 /cal
3f95f09.7a 9d37270f 6a88e8 h ???????? 003 /robots.txt
3f95f0b.b3 9d372772 6a88e8 h ???????? 01f /
3f964b0.61 a4845b03 b09e01 s ???????? 028 /
3f96721.e6 b44c0f1b a04d28 s ???????? 42e /memo
3f967ef.11 c7579aff fee6c8 h ???????? 003 /utility/convert/index.php
3f96b8b.63 42f9405a 043937 s ???????? 004 /wiki/WurzelImperium
3f96ec4.c9 768c2606 139dc4 s ???????? 3a7 /memo
3f97089.35 a484a15e 433e9c h ???????? 003 /edit/23516001
3f970cb.a3 b44c0f13 a04d28 h ???????? 003 /crush
3f97132.c1 42f9404a 043937 h ???????? 005 /wiki/GoogleMail
3f974ae.9d 05c45716 433e9c h ???????? 003 /robots.txt
3f974af.00 894acf6d 433e9c h ???????? 005 /edit/28316001
3f9772e.1b cf2e0d8f 6a88e8 h ???????? 005 /wiki/TwittEr
3f978b4.9c 42f95987 70a047 h ???????? 003 //rss.rdf
3f97bd6.11 a484a127 433e9c h ???????? 003 /edit/30456002
3f981d1.07 d9b68418 433e9c h ???????? 004 /edit/30876001
3f987c6.86 d9b68438 433e9c h ???????? 004 /t
3f9896b.b7 33ff410c 433e9c h ???????? 003 /edit/24576001
3f98c8f.8c 2ea6c789 5deb59 h ???????? 004 /wiki/AbdaCom/
3f98ee8.a2 d94586ae 399ff9 h ???????? 003 /robots.txt
3f98f02.ab d94586af 399ff9 h ???????? 003 /sitemap.xml
3f98fb1.75 42f94046 043937 h ???????? 005 /wiki/AgiTla
3f99023.50 d9b684ae 433e9c h ???????? 004 /wiki/LockTeam
3f991ec.67 42f94048 043937 h ???????? 005 /wiki/GagfAh
3f99299.0a 9d372714 6a88e8 h ???????? 004 //robots.txt
3f9951c.0a 42f9598b 70a047 h ???????? 004 //rss.rdf
3f99688.5f da1de86b 99d427 h ???????? 003 /cgi-bin/test-cgi
3f99689.4c da1de86b 99d427 h ???????? 004 /cgi-bin/test
3f9968a.39 da1de86b 99d427 h ???????? 003 /cgi-bin/test.cgi
3f9968b.25 da1de86b 99d427 h ???????? 003 /cgi-bin/test.sh
3f9968c.15 da1de86b 99d427 h ???????? 004 /cgi-bin/test/test.cgi
3f9968c.fd da1de86b 99d427 h ???????? 003 /cgi-bin/test-cgi.pl
3f9968d.e9 da1de86b 99d427 h ???????? 003 /cgi-bin-sdb/printenv
3f9968e.d8 da1de86b 99d427 h ???????? 003 /cgi-sys/entropysearch.cgi
3f9968f.ce da1de86b 99d427 h ???????? 003 /cgi-sys/redirect.cgi
3f99690.b7 da1de86b 99d427 h ???????? 002 /cgi-sys/suspendedpage.cgi
3f99691.a2 da1de86b 99d427 h ???????? 003 /cgi-sys/test-cgi
3f99bef.c7 3ed6bf41 1f51e8 s ???????? 022 /
3f99e92.88 b44c0f19 a04d28 h ???????? 005 /wiki/PieschenTv
3f9a109.b3 a484a116 433e9c h ???????? 003 /edit/27296001
3f9a19b.0f 9e457636 fdc79c h ???????? 025 /
3f9a2ca.64 d94586a0 399ff9 h ???????? 003 /robots.txt
3f9a2cd.e7 d94586b1 399ff9 h ???????? 020 /
3f9a3bf.5c 42f94052 043937 s ???????? 003 /.well-known/apple-app-site-association
3f9a3da.db bca5c419 e3b0c4 h ???????? 004 /robots.txt
3f9a3dd.18 bca5c419 76fdb3 h ???????? 020 /
3f9a3f9.42 284da759 6a88e8 s ???????? 01e /
3f9a4a9.91 bca5e9e4 e3b0c4 h ???????? 003 /robots.txt
3f9a4ab.cb bca5e9e4 36ad42 h ???????? 02c /
3f9a506.23 d9b684b7 433e9c h ???????? 005 /wiki/CitiZen
3f9a78e.0d c0d28d0d 1669ae h ???????? 007 //rss.rdf
3f9a78f.bc 5896e4da ea6e3c h ???????? 003 //rss.rdf
3f9a790.58 d5abdc98 a95ea1 h ???????? 003 //rss.rdf
3f9ae23.65 a3acaba3 cc9bbb h ???????? 021 /
3f9ae26.e5 42f94046 043937 h ???????? 004 /wiki/CaptainFutre
3f9af1f.15 42f94048 043937 h ???????? 006 /wiki/LarsPohlmann
3f9b0c8.ba 42f9404a 043937 h ???????? 004 /hot/robots.txt
3f9b100.2a 42f94046 043937 h ???????? 018 /hot
3f9b177.43 44b4e56f aec21f h ???????? 004 //robots.txt
3f9b179.22 44b4e59c aec21f h ???????? 003 /robots.txt
3f9b179.c1 44b4e59c aec21f h ???????? 005 /wiki/FutureLab2056
3f9b290.a6 42f9598b 70a047 h ???????? 003 //rss.rdf
3f9b4e9.a0 44b4e59c aec21f h ???????? 005 /wiki/KaPa
3f9b52a.8c 59f8a783 a397c6 h ???????? 02e /
3f9b536.1e 59f8a783 45a6bf h ???????? 004 /favicon.ico
3f9b5ac.93 42f94052 043937 s ???????? 004 /apple-app-site-association
3f9b65f.c3 4e2e2319 7dfab1 h ???????? 003 //rss.jsp
3f9b65f.f8 4e2e2319 7dfab1 h ???????? 003 //rss.jsp
3f9b822.8d 4d4b4ea3 6a9392 h ???????? 004 /robots.txt
3f9b823.73 4d4b4ea3 6a9392 h ???????? 005 /wiki/EdgarSchein
3f9b9b3.d7 9d372700 6a88e8 h ???????? 003 /robots.txt
3f9b9b4.fd 9d372772 6a88e8 h ???????? 026 /
3f9bb32.6a cf2e0d8f 6a88e8 h ???????? 006 /wiki/SiUnit
3f9bb5b.78 25bb382f e3b0c4 h ???????? 004 /robots.txt
3f9bb5d.ab 25bb382f 87f8b1 h ???????? 023 /
3f9bbf0.ba a484a113 433e9c h ???????? 004 /edit/23546002
3f9bcd9.63 42f94046 043937 h ???????? 006 /wiki/KarlValentin
3f9bea2.d7 d9b6841f 433e9c h ???????? 004 /edit/22536001
3f9c1ab.2c 5e8247ed ea8cd4 h ???????? 003 /rss.jsp
3f9c1ab.5c 5e8247ed ea8cd4 h ???????? 004 /rss.jsp
3f9c1ab.8b 5e8247ed ea8cd4 h ???????? 004 /rss.jsp
3f9c1ab.bc 5e8247ed ea8cd4 h ???????? 003 /rss.jsp
3f9c1ab.ea 5e8247ed ea8cd4 h ???????? 003 /rss.jsp
3f9c1ac.17 5e8247ed ea8cd4 h ???????? 004 /rss.jsp
3f9c2ad.8b bc285186 7dfab1 h ???????? 004 //rss.jsp
3f9c2ad.c3 bc285186 7dfab1 h ???????? 003 //rss.jsp
3f9c47c.82 bc285186 7dfab1 h ???????? 004 //rss.jsp
3f9c47c.bf bc285186 7dfab1 h ???????? 004 //rss.jsp
3f9c787.02 bc285186 7dfab1 h ???????? 005 //rss.jsp
3f9c787.3d bc285186 7dfab1 h ???????? 003 //rss.jsp
3f9c79f.90 bc285186 7dfab1 h ???????? 004 //rss.jsp
3f9c79f.ca bc285186 7dfab1 h ???????? 004 //rss.jsp
3f9cbad.b1 d94586a0 399ff9 h ???????? 004 /robots.txt
3f9cc0b.2a d94586a1 399ff9 h ???????? 003 /sitemap.xml
3f9ce2b.bc c61b5090 e3b0c4 h ???????? 003 /robots.txt
3f9ce2e.45 c61b5090 f7800e h ???????? 021 /
3f9ce9c.09 42f94046 043937 h ???????? 005 /wiki/BankDirector
3f9cfb2.52 a484a148 433e9c h ???????? 003 /edit/22456006
3f9d0e1.4e 42f9598b 70a047 h ???????? 004 //rss.rdf
3f9d11b.e5 36c12e8e 10067b h ???????? 024 /
3f9d163.27 cf2e0d13 6a88e8 s ???????? 035 /
3f9d1f1.7e 44b4e59c aec21f h ???????? 006 /wiki/SingularityUniversity
3f9d3a9.51 b44c0f8b a04d28 h ???????? 004 /hear/d05ac127ec4c3f7f309da71727472ff3
3f9d43c.f1 92b9df05 4e9599 h ???????? 028 /
3f9d43d.38 92b9df05 4e9599 h ???????? 004 /wp-includes/wlwmanifest.xml
3f9d43d.76 92b9df05 4e9599 h ???????? 004 /xmlrpc.php
3f9d43d.ba 92b9df05 4e9599 h ???????? 027 /
3f9d43e.04 92b9df05 4e9599 h ???????? 004 /blog/wp-includes/wlwmanifest.xml
3f9d43e.45 92b9df05 4e9599 h ???????? 003 /wordpress/wp-includes/wlwmanifest.xml
3f9d43e.83 92b9df05 4e9599 h ???????? 003 /wp/wp-includes/wlwmanifest.xml
3f9d43e.c1 92b9df05 4e9599 h ???????? 003 /site/wp-includes/wlwmanifest.xml
3f9d43f.06 92b9df05 4e9599 h ???????? 004 /cms/wp-includes/wlwmanifest.xml
3f9d5b7.57 5da03c20 1a69b5 h ???????? 027 /
3f9d61c.d3 33ff477a 433e9c h ???????? 004 /wiki
3f9d675.a4 d9b68435 433e9c h ???????? 005 /edit/27946004
3f9d709.5b 42f94050 043937 s ???????? 001 /.well-known/assetlinks.json
3f9d93b.c9 9750276e 433e9c h ???????? 001 //robots.txt
3f9de24.ee dcb57c8a 09810e h ???????? 002 /robots.txt
3f9de25.67 dcb57c8a 09810e h ???????? 002 /wiki/SobTla
3f9dffc.99 cf2e0db5 6a88e8 h ???????? 003 /wiki/MindWiki
3f9e05f.13 42f94050 043937 s ???????? 003 /wiki/HolIs
3f9e11f.4f 284da759 6a88e8 s ???????? 013 /
3f9e1c1.f2 7b7e71a7 09810e h ???????? 001 /robots.txt
3f9e1ee.1e 7b7e71a7 09810e h ???????? 002 /wiki/SobTla
3f9e396.c2 d17e8804 7404fb h ???????? 014 /
3f9e765.a9 d94586b1 399ff9 h ???????? 002 /robots.txt
3f9e787.b8 d945869a 399ff9 h ???????? 002 /wiki/TuerAn
3f9eb0c.d4 a484a29f 433e9c h ???????? 002 /edit/28286008
3f9ef60.bb 44b4e59c aec21f h ???????? 003 /wiki/SiSanien
3f9f12c.60 bc286647 7dfab1 h ???????? 002 //rss.jsp
3f9f12c.8b bc286647 7dfab1 h ???????? 002 //rss.jsp
3f9f222.09 42f9404a 043937 h ???????? 002 /robots.txt
3f9f222.56 42f94048 043937 h ???????? 002 /wiki/EntwederOder
3f9f288.e3 8ba27485 976046 s ???????? 012 /
3f9f2ed.3e a484a12a 433e9c h ???????? 002 /edit/22416001
3f9f3ed.b3 284da759 6a88e8 h ???????? 003 /wiki/GregoryFahy
3f9f40b.47 42f9598b 70a047 h ???????? 006 //rss.rdf
3f9f618.a0 6b963e8e c5e558 h ???????? 001 /wp-login.php
