42400a1.b2 42f94048 043937 h ???????? 003 /wiki/TagesMutter
42403d4.32 42f9404a 043937 h ???????? 003 /wiki/XingHeadCount
424043c.1e bc286647 7dfab1 h ???????? 001 //rss.jsp
424043c.4a bc286647 7dfab1 h ???????? 001 //rss.jsp
42405e7.c7 42f95987 70a047 h ???????? 001 /rss.rdf
4240707.0d 2e777cd8 28886e h ???????? 002 /wiki/AbdaCom
4240822.16 33ff411b 433e9c h ???????? 002 /edit/8696001
424087e.98 42f94046 043937 h ???????? 002 /wiki/FelixWillLiebe
42409b8.17 42f94046 043937 h ???????? 002 /wiki/JensHoffsommer
4240a0a.f0 42f9598b 70a047 h ???????? 001 //rss.rdf
4240ae3.90 42f94046 043937 h ???????? 002 /wiki/ChristophHille
4240b14.a2 894acf74 433e9c h ???????? 001 /edit/30886004
4240bf9.53 42f94046 043937 h ???????? 003 /wiki/HansPeterWeber
4240bfc.3d 42f9404a 043937 h ???????? 002 /wiki/BurkhardVester
4240d34.f0 42f9404a 043937 h ???????? 003 /wiki/AndreasSchmitz
4240f83.47 42f9404a 043937 h ???????? 002 /wiki/JohannesLichdi
4240f86.60 42f94046 043937 h ???????? 002 /wiki/AnniDomino2013
4240f95.81 42f94048 043937 h ???????? 002 /wiki/InBrunst
424103a.ae 42f94048 043937 h ???????? 004 /wiki/BrianWandell
42411e2.9c 42f94046 043937 h ???????? 002 /wiki/HorstReichardt
4241264.a0 42f94046 043937 h ???????? 002 /wiki/GunterDueck
4241309.d9 42f94046 043937 h ???????? 002 /wiki/ElkeZimmermann
4241431.18 42f94048 043937 h ???????? 002 /wiki/DietmarHassler
4241689.00 42f94048 043937 h ???????? 003 /wiki/ChristaMueller
4241734.2a d06e5d34 c37fd8 h ???????? 002 /robots.txt
4241736.3a d06e5d34 c37fd8 h ???????? 001 //PageInfo.jsp
4241738.0d d06e5d34 c37fd8 h ???????? 001 //PageInfo.jsp
4241739.bb d06e5d34 c37fd8 h ???????? 001 //PageModified.jsp
424173b.7b d06e5d34 c37fd8 h ???????? 001 //rss.jsp
424173d.38 d06e5d34 c37fd8 h ???????? 001 //rss.jsp
424173e.f6 d06e5d34 c37fd8 h ???????? 003 //wiki/AmplitudeCapital
4241743.90 d06e5d34 c37fd8 h ???????? 002 //wiki/AndreasHeuberger
4241748.52 d06e5d34 c37fd8 h ???????? 003 //wiki/AndreasHeuberger
424174c.a1 d06e5d34 c37fd8 h ???????? 002 //wiki/BettinaBunge
4241751.4d d06e5d34 c37fd8 h ???????? 003 //wiki/BettinaBunge
4241755.c3 d06e5d34 c37fd8 h ???????? 002 //wiki/BettinaBunge
4241759.c4 d06e5d34 c37fd8 h ???????? 002 //wiki/BettinaWermter
424175d.53 d06e5d34 c37fd8 h ???????? 002 //wiki/BeyerBau
4241760.c3 d06e5d34 c37fd8 h ???????? 003 //wiki/BiBu
4241764.c7 d06e5d34 c37fd8 h ???????? 002 //wiki/BiCycle
4241768.3c d06e5d34 c37fd8 h ???????? 003 //wiki/BiGa
424176c.06 d06e5d34 c37fd8 h ???????? 003 //wiki/BiTaNo
4241770.5b d06e5d34 c37fd8 h ???????? 003 //wiki/BibLounge
4241774.7c d06e5d34 c37fd8 h ???????? 002 //wiki/BidMc
4241778.ec d06e5d34 c37fd8 h ???????? 002 //wiki/BigDog
424177e.21 d06e5d34 c37fd8 h ???????? 003 //wiki/BigGrep
4241782.74 d06e5d34 c37fd8 h ???????? 003 //wiki/BigMother
4241786.bd d06e5d34 c37fd8 h ???????? 002 //wiki/BigPlayer
424178b.2e d06e5d34 c37fd8 h ???????? 002 //wiki/BigPoint
424178f.36 d06e5d34 c37fd8 h ???????? 003 //wiki/BigShot
4241795.5e d06e5d34 c37fd8 h ???????? 003 //wiki/BigVision
4241798.e5 d06e5d34 c37fd8 h ???????? 003 //wiki/BikeZwo
424179f.5c d06e5d34 c37fd8 h ???????? 002 //wiki/BildBlog
42417a4.37 d06e5d34 c37fd8 h ???????? 002 //wiki/BildungsBurg
42417a9.7a d06e5d34 c37fd8 h ???????? 003 //wiki/BillGross
42417ae.c6 d06e5d34 c37fd8 h ???????? 003 //wiki/BioGas
42417b3.9c d06e5d34 c37fd8 h ???????? 002 //wiki/BirthDay
42417b7.43 d06e5d34 c37fd8 h ???????? 003 //wiki/BitBot
42417bc.d2 d06e5d34 c37fd8 h ???????? 003 //wiki/BitCoin
42417c0.f7 d06e5d34 c37fd8 h ???????? 002 //wiki/BitKom
42417c6.e0 d06e5d34 c37fd8 h ???????? 003 //wiki/BitKom
42417cc.82 d06e5d34 c37fd8 h ???????? 003 //wiki/BitNami
42417d1.69 d06e5d34 c37fd8 h ???????? 002 //wiki/BitProQm
42417d5.9b d06e5d34 c37fd8 h ???????? 002 //wiki/BjorkGudmundsdottir
42417db.52 d06e5d34 c37fd8 h ???????? 003 //wiki/BjornLomborg
42417e4.31 d06e5d34 c37fd8 h ???????? 003 //wiki/BlackBull
42417e8.8b d06e5d34 c37fd8 h ???????? 002 //wiki/BlackRock
42417ec.cc d06e5d34 c37fd8 h ???????? 002 //wiki/BlauWunder
42417f1.35 d06e5d34 c37fd8 h ???????? 002 //wiki/BlauWunder
42417f6.85 d06e5d34 c37fd8 h ???????? 002 //wiki/BlauWunder
42417fc.31 d06e5d34 c37fd8 h ???????? 003 //wiki/BleepFilm
4241800.7f d06e5d34 c37fd8 h ???????? 003 //wiki/BlipFm
4241805.88 d06e5d34 c37fd8 h ???????? 002 //wiki/BlogDump
424180a.13 d06e5d34 c37fd8 h ???????? 009 //wiki/BloodBrainBarrier
424180e.a8 d06e5d34 c37fd8 h ???????? 003 //wiki/BluRay
4241812.d3 d06e5d34 c37fd8 h ???????? 003 //wiki/BlueClub
4241817.fd d06e5d34 c37fd8 h ???????? 003 //wiki/BlueDanceClub
424181c.3a d06e5d34 c37fd8 h ???????? 003 //wiki/BlueOcean
4241820.ea d06e5d34 c37fd8 h ???????? 003 //wiki/BlueOcean
4241825.26 d06e5d34 c37fd8 h ???????? 003 //wiki/BlutBuche
4241829.42 d06e5d34 c37fd8 h ???????? 003 //wiki/BmBf
424182d.c5 d06e5d34 c37fd8 h ???????? 004 //wiki/BmwAg
4241832.9e d06e5d34 c37fd8 h ???????? 003 //wiki/BoBama
4241837.32 d06e5d34 c37fd8 h ???????? 002 //wiki/BoBama
424183c.06 d06e5d34 c37fd8 h ???????? 003 //wiki/BoHu
4241840.8f d06e5d34 c37fd8 h ???????? 002 //wiki/BoHu
4241846.fb d06e5d34 c37fd8 h ???????? 003 //wiki/BoTox
424184b.13 d06e5d34 c37fd8 h ???????? 003 //wiki/BobBemer
4241850.6b d06e5d34 c37fd8 h ???????? 002 //wiki/BodenSee
4241856.51 d06e5d34 c37fd8 h ???????? 003 //wiki/BodoGesswein
424185a.6b d06e5d34 c37fd8 h ???????? 002 //wiki/BodoHaas
424185e.48 d06e5d34 c37fd8 h ???????? 004 //wiki/BodoHaas
4241863.5f d06e5d34 c37fd8 h ???????? 003 //wiki/BonRisi
4241868.9c d06e5d34 c37fd8 h ???????? 003 //wiki/BoneyEm
424186d.16 d06e5d34 c37fd8 h ???????? 002 //wiki/BookMark
4241870.ff d06e5d34 c37fd8 h ???????? 003 //wiki/BookShelved
4241875.35 d06e5d34 c37fd8 h ???????? 003 //wiki/BookTitle
4241879.25 d06e5d34 c37fd8 h ???????? 003 //wiki/BornIn
424187d.23 d06e5d34 c37fd8 h ???????? 004 //wiki/BoundingBox
4241880.f8 d06e5d34 c37fd8 h ???????? 003 //wiki/BrCa1
4241886.be d06e5d34 c37fd8 h ???????? 003 //wiki/BrDo
424188a.a7 d06e5d34 c37fd8 h ???????? 003 //wiki/BradAcker
4241890.64 d06e5d34 c37fd8 h ???????? 003 //wiki/BrainBar
4241894.5c d06e5d34 c37fd8 h ???????? 003 //wiki/BrainCase
4241898.f1 d06e5d34 c37fd8 h ???????? 003 //wiki/BrigitteNielsen
424189d.04 d06e5d34 c37fd8 h ???????? 003 //wiki/BrlCad
42418a0.f1 d06e5d34 c37fd8 h ???????? 003 //wiki/BrokerChat:
42418a4.de d06e5d34 c37fd8 h ???????? 003 //wiki/BrotMarkt
42418a9.14 d06e5d34 c37fd8 h ???????? 003 //wiki/BrownBag
42418af.0b d06e5d34 c37fd8 h ???????? 003 //wiki/BruNei
42418b3.37 d06e5d34 c37fd8 h ???????? 004 //wiki/BruceWillis
42418b6.e6 d06e5d34 c37fd8 h ???????? 003 //wiki/BruegEl
42418bc.64 d06e5d34 c37fd8 h ???????? 003 //wiki/BrunoGiacometti
42418c0.89 d06e5d34 c37fd8 h ???????? 003 //wiki/BuPrae
42418c5.3a d06e5d34 c37fd8 h ???????? 003 //wiki/BuRg
42418c9.36 d06e5d34 c37fd8 h ???????? 003 //wiki/BuckyBase
42418cd.4b d06e5d34 c37fd8 h ???????? 003 //wiki/BuergerInnen
42418d1.a5 d06e5d34 c37fd8 h ???????? 003 //wiki/BuergerTv
42418d6.97 d06e5d34 c37fd8 h ???????? 003 //wiki/BurgRuine
42418dc.35 d06e5d34 c37fd8 h ???????? 003 //wiki/BuzzDe
42418e1.eb d06e5d34 c37fd8 h ???????? 003 //wiki/BuzzwordBingo
42418e5.8d d06e5d34 c37fd8 h ???????? 004 //wiki/CDreiDd
42418ec.a7 d06e5d34 c37fd8 h ???????? 004 //wiki/CaCert
42418f1.76 d06e5d34 c37fd8 h ???????? 003 //wiki/CaJu
42418f5.f8 d06e5d34 c37fd8 h ???????? 004 //wiki/CaLibre
42418fa.3b d06e5d34 c37fd8 h ???????? 003 //wiki/CabiNetElection
42418fe.e0 d06e5d34 c37fd8 h ???????? 003 //wiki/CafeToday
4241903.2a d06e5d34 c37fd8 h ???????? 003 //wiki/CafeWorld
4241909.17 d06e5d34 c37fd8 h ???????? 003 //wiki/CallBoy
424190e.0e d06e5d34 c37fd8 h ???????? 003 //wiki/CampAct
4241912.63 d06e5d34 c37fd8 h ???????? 004 //wiki/CanDo
4241918.84 d06e5d34 c37fd8 h ???????? 004 //wiki/CanapeBar
424191d.22 d06e5d34 c37fd8 h ???????? 004 //wiki/CapsLock
4241922.6a d06e5d34 c37fd8 h ???????? 004 //wiki/CargoCult
4241928.09 d06e5d34 c37fd8 h ???????? 003 //wiki/CarlSagan
424192c.7e d06e5d34 c37fd8 h ???????? 003 //wiki/CarlWoese
4241930.54 d06e5d34 c37fd8 h ???????? 003 //wiki/CarolaSee
4241936.e4 d06e5d34 c37fd8 h ???????? 003 //wiki/CarpeCom
424193a.e7 d06e5d34 c37fd8 h ???????? 00b //wiki/CarpeWiki
4241942.05 d06e5d34 c37fd8 h ???????? 004 //wiki/CaseMatch
4241945.fb d06e5d34 c37fd8 h ???????? 004 //wiki/CeWolff
424194a.93 d06e5d34 c37fd8 h ???????? 004 //wiki/CeeLevel
424194f.86 d06e5d34 c37fd8 h ???????? 004 //wiki/ChaosCommunicationCongress
4241953.d4 d06e5d34 c37fd8 h ???????? 003 //wiki/ChaosCommunicationCongress
4241958.03 d06e5d34 c37fd8 h ???????? 004 //wiki/CharlesDarwin2
424195c.0c d06e5d34 c37fd8 h ???????? 003 //wiki/ChatCode
4241960.c4 d06e5d34 c37fd8 h ???????? 004 //wiki/CheckList
4241966.6e d06e5d34 c37fd8 h ???????? 004 //wiki/ChernoByl
424196a.59 d06e5d34 c37fd8 h ???????? 003 //wiki/ChiefTechnologyOfficer
4241970.9a d06e5d34 c37fd8 h ???????? 004 //wiki/ChildArt
4241974.cd d06e5d34 c37fd8 h ???????? 006 //wiki/ChriSchu
4241978.80 d06e5d34 c37fd8 h ???????? 005 //wiki/FutureLab2056
424197e.64 d06e5d34 c37fd8 h ???????? 003 //wiki/LernenDurchLehren
4241982.d0 d06e5d34 c37fd8 h ???????? 002 /rss.jsp
4241985.46 d06e5d34 c37fd8 h ???????? 002 /wiki/GoogleLatitude
424198a.c3 d06e5d34 c37fd8 h ???????? 003 /wiki/GoogleLatitude
424198e.9b d06e5d34 c37fd8 h ???????? 003 /wiki/LeitBild
4241992.a2 d06e5d34 c37fd8 h ???????? 002 /wiki/LeonardoDaPisa
4241996.5d d06e5d34 c37fd8 h ???????? 007 /wiki/LiLog
424199d.74 d06e5d34 c37fd8 h ???????? 002 /wiki/LichtSchwert
42419a1.67 d06e5d34 c37fd8 h ???????? 003 /wiki/LimitsOfGrowth
42419a5.37 d06e5d34 c37fd8 h ???????? 003 /wiki/LinkeWiki
42419aa.10 d06e5d34 c37fd8 h ???????? 003 /wiki/LiquidFeedback
42419b0.53 d06e5d34 c37fd8 h ???????? 003 /wiki/LisaGerrard
42419b4.df d06e5d34 c37fd8 h ???????? 002 /wiki/LisaRosa
42419ba.7d d06e5d34 c37fd8 h ???????? 002 /wiki/LizMohn
42419c3.81 d06e5d34 c37fd8 h ???????? 003 /wiki/LocalMaximum
42419ca.fb d06e5d34 c37fd8 h ???????? 003 /wiki/LockConsultClassic
42419ce.de d06e5d34 c37fd8 h ???????? 003 /wiki/LockFutureSax2010
42419d6.5c d06e5d34 c37fd8 h ???????? 003 /wiki/LockPresentation
42419dc.87 d06e5d34 c37fd8 h ???????? 002 /wiki/LockTools
42419e1.bf d06e5d34 c37fd8 h ???????? 002 /wiki/LockTools
42419e7.83 d06e5d34 c37fd8 h ???????? 003 /wiki/LokiSchmidt
42419ec.0c d06e5d34 c37fd8 h ???????? 003 /wiki/LukaszGadowski
42419f1.fe d06e5d34 c37fd8 h ???????? 003 /wiki/LutherVandross
42419f9.80 d06e5d34 c37fd8 h ???????? 003 /wiki/MaChina
42419fd.3b d06e5d34 c37fd8 h ???????? 004 /wiki/MaDonna
4241a02.f1 d06e5d34 c37fd8 h ???????? 003 /wiki/MadBhs
4241a07.db d06e5d34 c37fd8 h ???????? 008 /wiki/MadeiraMind
4241a0c.ee d06e5d34 c37fd8 h ???????? 003 /wiki/MadeleineVonMohl
4241c00.2b 9d3727fb 6a88e8 s ???????? 01b /
4241c24.92 42f94048 043937 h ???????? 003 /wiki/ChristopherKello
4241de2.86 c0bb6452 c5e558 h ???????? 002 /wp-login.php
4241ec9.7f 42f94048 043937 h ???????? 003 /wiki/UnterTitel
424211d.c6 50f1d67b c37fd8 h ???????? 002 /robots.txt
424212c.72 50f1d67b c37fd8 h ???????? 014 /
4242132.b3 50f1d67b c37fd8 h ???????? 001 /robots.txt
4242143.2f 50f1d67b c37fd8 h ???????? 01c /
4242150.db 50f1d67b c37fd8 h ???????? 002 /robots.txt
4242159.7c 50f1d67b c37fd8 h ???????? 015 /
424215c.b2 50f1d67b c37fd8 h ???????? 002 /robots.txt
4242162.83 50f1d67b c37fd8 h ???????? 015 /
4242428.0b 42f94048 043937 h ???????? 003 /wiki/GlaesernAkt
42426e6.7b 42f94054 043937 s ???????? 002 /apple-app-site-association
424292f.83 c0bb6452 0805c1 h ???????? 002 /wp-login.php
4242d33.56 9d3727cb 6a88e8 s ???????? 01d /
424327a.a5 42f95989 70a047 h ???????? 002 //rss.rdf
42432d6.3e 42f94050 043937 s ???????? 002 /.well-known/apple-app-site-association
4243316.6e cf2e0d68 6a88e8 h ???????? 003 /wiki/DusselStein
4243484.79 d8f442c7 2e51d1 h ???????? 002 /robots.txt
42435ea.c1 42f94048 043937 h ???????? 003 /wiki/ClosedWorld
4243636.c6 42f9404a 043937 h ???????? 003 /wiki/HelfriedReuther
4243760.90 42f94046 043937 h ???????? 003 /wiki/GerdKohlgrueber
42438a3.87 42f94048 043937 h ???????? 004 /wiki/SchmirgelPapier
42439c0.e3 42f94046 043937 h ???????? 003 /wiki/AngelikaMalberg
42439dd.df 42f94052 043937 s ???????? 002 /.well-known/assetlinks.json
4243b6c.33 44b4e56f aec21f h ???????? 002 //robots.txt
4243b6d.60 44b4e59c aec21f h ???????? 002 /robots.txt
4243b6e.05 44b4e59c aec21f h ???????? 002 /wiki/SeaNation
424408b.8d a484a159 433e9c h ???????? 002 /edit/26346003
42441ef.a7 42f94046 043937 h ???????? 004 /wiki/LarsDetlefKluger
4244324.5a 42f94048 043937 h ???????? 003 /wiki/UnternehmerGeist
4244450.c1 42f94048 043937 h ???????? 003 /wiki/HaraldKoppelberg
4244492.a9 42f94054 043937 s ???????? 017 /
42447ad.c3 42f94048 043937 h ???????? 003 /wiki/GiftSchrank
42448ca.c9 9d372734 6a88e8 h ???????? 003 /robots.txt
42448d0.fb cf2e0d41 6a88e8 h ???????? 01a /
4244a79.73 d9b68437 433e9c h ???????? 003 /wiki/DeWikiPedia
4244bb1.e4 b44c0f92 a04d28 h ???????? 004 /wiki/FutureLab2056
4244db9.e0 42f94046 043937 h ???????? 003 /wiki/FranzJosefFischer
424504b.ac 284da788 6a88e8 h ???????? 018 /
42452b2.d9 904c08e7 c37fd8 h ???????? 002 //robots.txt
42452b5.ef 904c08e7 c37fd8 h ???????? 002 //PageInfo.jsp
42452b9.1b 904c08e7 c37fd8 h ???????? 002 //PageInfo.jsp
42452bc.3f 904c08e7 c37fd8 h ???????? 002 //PageModified.jsp
42452bf.48 904c08e7 c37fd8 h ???????? 002 //rss.jsp
42452c2.4d 904c08e7 c37fd8 h ???????? 002 //rss.jsp
42452c5.74 904c08e7 c37fd8 h ???????? 003 //wiki/AmplitudeCapital
42452cb.32 904c08e7 c37fd8 h ???????? 005 //wiki/AndreasHeuberger
42452d0.78 904c08e7 c37fd8 h ???????? 003 //wiki/AndreasHeuberger
42452d5.96 904c08e7 c37fd8 h ???????? 004 //wiki/BettinaBunge
42452da.9e 904c08e7 c37fd8 h ???????? 003 //wiki/BettinaBunge
42452df.7c 904c08e7 c37fd8 h ???????? 003 //wiki/BettinaBunge
42452e4.ab 904c08e7 c37fd8 h ???????? 003 //wiki/BettinaWermter
42452e9.5e 904c08e7 c37fd8 h ???????? 003 //wiki/BeyerBau
42452ee.68 904c08e7 c37fd8 h ???????? 004 //wiki/BiBu
42452f3.8f 904c08e7 c37fd8 h ???????? 004 //wiki/BiCycle
42452f8.51 904c08e7 c37fd8 h ???????? 005 //wiki/BiGa
42452fd.59 904c08e7 c37fd8 h ???????? 003 //wiki/BiTaNo
4245302.79 904c08e7 c37fd8 h ???????? 004 //wiki/BibLounge
4245307.79 904c08e7 c37fd8 h ???????? 004 //wiki/BidMc
424530c.57 904c08e7 c37fd8 h ???????? 004 //wiki/BigDog
4245311.50 904c08e7 c37fd8 h ???????? 004 //wiki/BigGrep
4245316.4a 904c08e7 c37fd8 h ???????? 003 //wiki/BigMother
424531b.70 904c08e7 c37fd8 h ???????? 004 //wiki/BigPlayer
4245320.66 904c08e7 c37fd8 h ???????? 004 //wiki/BigPoint
4245325.85 904c08e7 c37fd8 h ???????? 004 //wiki/BigShot
424532a.5a 904c08e7 c37fd8 h ???????? 004 //wiki/BigVision
424532f.36 904c08e7 c37fd8 h ???????? 006 //wiki/BikeZwo
4245334.19 904c08e7 c37fd8 h ???????? 005 //wiki/BildBlog
4245339.10 904c08e7 c37fd8 h ???????? 005 //wiki/BildungsBurg
424533e.8a 904c08e7 c37fd8 h ???????? 003 //wiki/BillGross
4245343.76 904c08e7 c37fd8 h ???????? 00a //wiki/BioGas
4245348.7e 904c08e7 c37fd8 h ???????? 004 //wiki/BirthDay
424534d.cc 904c08e7 c37fd8 h ???????? 003 //wiki/BitBot
4245352.b3 904c08e7 c37fd8 h ???????? 004 //wiki/BitCoin
4245357.da 904c08e7 c37fd8 h ???????? 004 //wiki/BitKom
424535c.f7 904c08e7 c37fd8 h ???????? 002 //wiki/BitKom
4245361.af 904c08e7 c37fd8 h ???????? 002 //wiki/BitNami
4245366.b7 904c08e7 c37fd8 h ???????? 001 //wiki/BitProQm
424536b.6e 904c08e7 c37fd8 h ???????? 002 //wiki/BjorkGudmundsdottir
4245370.77 904c08e7 c37fd8 h ???????? 002 //wiki/BjornLomborg
4245375.4b 904c08e7 c37fd8 h ???????? 002 //wiki/BlackBull
424537a.57 904c08e7 c37fd8 h ???????? 002 //wiki/BlackRock
424537f.32 904c08e7 c37fd8 h ???????? 002 //wiki/BlauWunder
4245384.0e 904c08e7 c37fd8 h ???????? 002 //wiki/BlauWunder
4245388.e4 904c08e7 c37fd8 h ???????? 002 //wiki/BlauWunder
424538d.cb 904c08e7 c37fd8 h ???????? 002 //wiki/BleepFilm
4245392.63 904c08e7 c37fd8 h ???????? 002 //wiki/BlipFm
4245397.61 904c08e7 c37fd8 h ???????? 002 //wiki/BlogDump
424539c.60 904c08e7 c37fd8 h ???????? 002 //wiki/BloodBrainBarrier
42453a1.3d 904c08e7 c37fd8 h ???????? 002 //wiki/BluRay
42453a5.f7 904c08e7 c37fd8 h ???????? 002 //wiki/BlueClub
42453aa.ce 904c08e7 c37fd8 h ???????? 002 //wiki/BlueDanceClub
42453af.d1 904c08e7 c37fd8 h ???????? 003 //wiki/BlueOcean
42453b4.ae 904c08e7 c37fd8 h ???????? 002 //wiki/BlueOcean
42453b9.a4 904c08e7 c37fd8 h ???????? 002 //wiki/BlutBuche
42453be.84 904c08e7 c37fd8 h ???????? 002 //wiki/BmBf
42453c3.59 904c08e7 c37fd8 h ???????? 002 //wiki/BmwAg
42453c8.2f 904c08e7 c37fd8 h ???????? 003 //wiki/BoBama
42453cc.e1 904c08e7 c37fd8 h ???????? 002 //wiki/BoBama
42453d1.e2 904c08e7 c37fd8 h ???????? 002 //wiki/BoHu
42453d6.b8 904c08e7 c37fd8 h ???????? 002 //wiki/BoHu
42453db.b2 904c08e7 c37fd8 h ???????? 002 //wiki/BoTox
42453e0.95 904c08e7 c37fd8 h ???????? 002 //wiki/BobBemer
42453e5.6a 904c08e7 c37fd8 h ???????? 003 //wiki/BodenSee
42453ea.52 904c08e7 c37fd8 h ???????? 002 //wiki/BodoGesswein
42453ef.51 904c08e7 c37fd8 h ???????? 002 //wiki/BodoHaas
42453f4.2c 904c08e7 c37fd8 h ???????? 002 //wiki/BodoHaas
42453f9.53 904c08e7 c37fd8 h ???????? 002 //wiki/BonRisi
42453fe.2f 904c08e7 c37fd8 h ???????? 002 //wiki/BoneyEm
4245403.0b 904c08e7 c37fd8 h ???????? 002 //wiki/BookMark
4245407.e7 904c08e7 c37fd8 h ???????? 002 //wiki/BookShelved
424540c.ad 904c08e7 c37fd8 h ???????? 003 //wiki/BookTitle
4245411.d3 904c08e7 c37fd8 h ???????? 002 //wiki/BornIn
4245416.d3 904c08e7 c37fd8 h ???????? 002 //wiki/BoundingBox
424541b.d8 904c08e7 c37fd8 h ???????? 003 //wiki/BrCa1
4245420.e4 904c08e7 c37fd8 h ???????? 002 //wiki/BrDo
4245425.e2 904c08e7 c37fd8 h ???????? 002 //wiki/BradAcker
424542a.a9 904c08e7 c37fd8 h ???????? 005 //wiki/BrainBar
424542f.a0 904c08e7 c37fd8 h ???????? 003 //wiki/BrainCase
4245434.5e 904c08e7 c37fd8 h ???????? 002 //wiki/BrigitteNielsen
4245438.f6 904c08e7 c37fd8 h ???????? 003 //wiki/BrlCad
424543e.17 904c08e7 c37fd8 h ???????? 003 //wiki/BrokerChat:
4245442.f5 904c08e7 c37fd8 h ???????? 003 //wiki/BrotMarkt
4245447.d8 904c08e7 c37fd8 h ???????? 003 //wiki/BrownBag
424544c.fb 904c08e7 c37fd8 h ???????? 002 //wiki/BruNei
424544f.25 33ff414e 433e9c h ???????? 001 /edit/27546001
4245451.a8 904c08e7 c37fd8 h ???????? 002 //wiki/BruceWillis
4245456.dd 904c08e7 c37fd8 h ???????? 002 //wiki/BruegEl
424545b.b4 904c08e7 c37fd8 h ???????? 003 //wiki/BrunoGiacometti
4245460.c3 904c08e7 c37fd8 h ???????? 009 //wiki/BuPrae
4245466.cd 904c08e7 c37fd8 h ???????? 003 //wiki/BuRg
424546b.a7 904c08e7 c37fd8 h ???????? 003 //wiki/BuckyBase
4245470.9a 904c08e7 c37fd8 h ???????? 002 //wiki/BuergerInnen
4245475.a0 904c08e7 c37fd8 h ???????? 003 //wiki/BuergerTv
424547a.9e 904c08e7 c37fd8 h ???????? 002 //wiki/BurgRuine
424547f.bc 904c08e7 c37fd8 h ???????? 002 //wiki/BuzzDe
4245484.b5 904c08e7 c37fd8 h ???????? 002 //wiki/BuzzwordBingo
4245489.b0 904c08e7 c37fd8 h ???????? 003 //wiki/CDreiDd
424548e.86 904c08e7 c37fd8 h ???????? 002 //wiki/CaCert
4245493.5e 904c08e7 c37fd8 h ???????? 002 //wiki/CaJu
4245498.06 904c08e7 c37fd8 h ???????? 003 //wiki/CaLibre
424549c.d8 904c08e7 c37fd8 h ???????? 003 //wiki/CabiNetElection
42454a1.d8 904c08e7 c37fd8 h ???????? 002 //wiki/CafeToday
42454a6.f8 904c08e7 c37fd8 h ???????? 003 //wiki/CafeWorld
42454ab.fb 904c08e7 c37fd8 h ???????? 004 //wiki/CallBoy
42454b1.13 904c08e7 c37fd8 h ???????? 002 //wiki/CampAct
42454b5.ef 904c08e7 c37fd8 h ???????? 003 //wiki/CanDo
42454bb.14 904c08e7 c37fd8 h ???????? 002 //wiki/CanapeBar
42454c0.12 904c08e7 c37fd8 h ???????? 003 //wiki/CapsLock
42454c4.ed 904c08e7 c37fd8 h ???????? 003 //wiki/CargoCult
42454c6.53 a484a14a 433e9c h ???????? 002 /edit/28216001
42454c9.e7 904c08e7 c37fd8 h ???????? 003 //wiki/CarlSagan
42454ce.b4 904c08e7 c37fd8 h ???????? 004 //wiki/CarlWoese
42454d3.b7 904c08e7 c37fd8 h ???????? 003 //wiki/CarolaSee
42454d8.c3 904c08e7 c37fd8 h ???????? 003 //wiki/CarpeCom
42454dd.e6 904c08e7 c37fd8 h ???????? 003 //wiki/CarpeWiki
42454e2.cf 904c08e7 c37fd8 h ???????? 003 //wiki/CaseMatch
42454e7.f1 904c08e7 c37fd8 h ???????? 002 //wiki/CeWolff
42454ec.d8 904c08e7 c37fd8 h ???????? 003 //wiki/CeeLevel
42454f1.e8 904c08e7 c37fd8 h ???????? 003 //wiki/ChaosCommunicationCongress
42454f6.f1 904c08e7 c37fd8 h ???????? 003 //wiki/ChaosCommunicationCongress
42454fb.f2 904c08e7 c37fd8 h ???????? 003 //wiki/CharlesDarwin2
4245501.20 904c08e7 c37fd8 h ???????? 003 //wiki/ChatCode
4245506.20 904c08e7 c37fd8 h ???????? 003 //wiki/CheckList
424550b.2b 904c08e7 c37fd8 h ???????? 003 //wiki/ChernoByl
4245510.0d 904c08e7 c37fd8 h ???????? 003 //wiki/ChiefTechnologyOfficer
4245514.fd 904c08e7 c37fd8 h ???????? 003 //wiki/ChildArt
424551a.26 904c08e7 c37fd8 h ???????? 003 //wiki/ChriSchu
424551f.2f 904c08e7 c37fd8 h ???????? 003 //wiki/FutureLab2056
4245524.32 904c08e7 c37fd8 h ???????? 003 //wiki/LernenDurchLehren
4245528.eb 904c08e7 c37fd8 h ???????? 002 //wiki/TonyWoodcock
424552d.d8 904c08e7 c37fd8 h ???????? 003 //wiki/WolfgangCoy
4245530.dd 904c08e7 c37fd8 h ???????? 002 /robots.txt
4245533.c4 904c08e7 c37fd8 h ???????? 003 /wiki/LeitBild
4245538.c7 904c08e7 c37fd8 h ???????? 003 /wiki/LeonardoDaPisa
424553d.a1 904c08e7 c37fd8 h ???????? 003 /wiki/LiLog
4245542.7f 904c08e7 c37fd8 h ???????? 003 /wiki/LichtSchwert
4245547.6b 904c08e7 c37fd8 h ???????? 003 /wiki/LichtenStein
424554c.69 904c08e7 c37fd8 h ???????? 003 /wiki/LimitsOfGrowth
4245551.73 904c08e7 c37fd8 h ???????? 003 /wiki/LinkeWiki
4245556.7c 904c08e7 c37fd8 h ???????? 003 /wiki/LiquidFeedback
424555b.57 904c08e7 c37fd8 h ???????? 004 /wiki/LisaGerrard
4245560.66 904c08e7 c37fd8 h ???????? 003 /wiki/LisaRosa
4245565.45 904c08e7 c37fd8 h ???????? 003 /wiki/LizMohn
4245569.f9 904c08e7 c37fd8 h ???????? 003 /wiki/LocalMaximum
424556e.fb 904c08e7 c37fd8 h ???????? 004 /wiki/LockConsultClassic
4245573.d4 904c08e7 c37fd8 h ???????? 003 /wiki/LockFutureSax2010
4245579.5d 904c08e7 c37fd8 h ???????? 003 /wiki/LockPresentation
424557e.a1 904c08e7 c37fd8 h ???????? 003 /wiki/LockTools
4245583.a5 904c08e7 c37fd8 h ???????? 003 /wiki/LockTools
4245588.8d 904c08e7 c37fd8 h ???????? 003 /wiki/LokiSchmidt
424558d.71 904c08e7 c37fd8 h ???????? 003 /wiki/LukaszGadowski
4245592.54 904c08e7 c37fd8 h ???????? 004 /wiki/LutherVandross
4245597.58 904c08e7 c37fd8 h ???????? 003 /wiki/MaChina
424559c.7b 904c08e7 c37fd8 h ???????? 003 /wiki/MaDonna
42455a1.43 904c08e7 c37fd8 h ???????? 003 /wiki/MadBhs
42455a6.45 904c08e7 c37fd8 h ???????? 003 /wiki/MadeiraMind
42455ab.4c 904c08e7 c37fd8 h ???????? 003 /wiki/MadeleineVonMohl
42455b0.43 904c08e7 c37fd8 h ???????? 003 /wiki/MahmoudAlMabhouh
42455b2.fb 904c08e7 c37fd8 h ???????? 002 /robots.txt
42455b6.0c 904c08e7 c37fd8 h ???????? 003 /wiki/GoogleBuzz
42455bb.09 904c08e7 c37fd8 h ???????? 004 /wiki/GoogleLatitude
42455bf.db 904c08e7 c37fd8 h ???????? 003 /wiki/GoogleLatitude
42455c4.d2 904c08e7 c37fd8 h ???????? 003 /wiki/GoogleTranslate
42455c9.b6 904c08e7 c37fd8 h ???????? 003 /wiki/KronenBaeckerei
424561a.48 d9b68492 433e9c h ???????? 002 /edit/31156002
42458a0.bb d4539626 eaf401 s ???????? 002 /a2billing/common/javascript/misc.js
4245970.cf 42f9404a 043937 h ???????? 004 /wiki/RegenSchirm
4245a21.78 42f94619 043937 s ???????? 002 /robots.txt
4245a22.01 42f9461b 622963 s ???????? 01a /
4245c48.7e 42f9598b 70a047 h ???????? 003 //rss.rdf
4245f41.4f cf2e0d68 6a88e8 s ???????? 095 /ls
4246065.78 42f9404a 043937 h ???????? 00b /wiki/InspectorWasserfuhr
4246175.c8 cf2e0d68 6a88e8 h ???????? 004 /wiki/BrainCopy
4246184.90 0585b70e 7454d3 h ???????? 003 //rss.rdf
424619e.48 42f94046 043937 h ???????? 004 /wiki/EmmerichSingularity
4246274.f9 42f94619 043937 s ???????? 01a /
4246353.16 59a3fbb8 6885c6 h ???????? 003 /.env
42463f8.8a 42f94050 d1bc37 s ???????? 002 /favicon.ico
4246448.69 d94585d8 399ff9 h ???????? 001 /robots.txt
4246450.52 d9458554 399ff9 h ???????? 010 /1
424655c.c5 42f95987 70a047 h ???????? 001 //rss.rdf
424671f.80 c6ccf45a c37fd8 h ???????? 001 //robots.txt
4246725.46 c6ccf45a c37fd8 h ???????? 002 //wiki/LockFutureSax
4246736.c4 c6ccf45a c37fd8 h ???????? 002 //wiki/RainerWasserfuhrCvEn
424679e.7c c6ccf45a c37fd8 h ???????? 002 //wiki/RealFilm
42467f3.c7 d9b68444 433e9c h ???????? 002 /wiki/XiNao
4246af6.74 42f94048 043937 h ???????? 003 /wiki/DirectorOfEngineering
4246af8.5d 42f94046 043937 h ???????? 003 /wiki/ChristianeFiliusJehne
4246b33.94 42f94048 043937 h ???????? 002 /wiki/NorbertKuhn
4246c17.4c 42f94054 d1bc37 s ???????? 001 /favicon.ico
4246e98.49 4113a783 cc9bbb h ???????? 017 /
42479c8.4b 42f94054 622963 s ???????? 011 /
4247a9e.9d d94585da 399ff9 h ???????? 001 /robots.txt
4247aa6.d0 d9458555 399ff9 h ???????? 010 /wiki/116001
4247aa8.77 5f6cb561 e4b041 h ???????? 001 /robots.txt
4247aac.70 5f6cb561 e4b041 h ???????? 011 /
4247cf6.bc 42f94048 043937 h ???????? 002 /wiki/PostPrivacy
4247eb4.10 5f6cb561 e4b041 h ???????? 018 /
42484df.b8 42f9598b 70a047 h ???????? 001 //rss.rdf
4248613.ea a484a138 433e9c h ???????? 002 /edit/23286001
42487a8.a0 a484a124 433e9c h ???????? 002 /wiki/DeFugee
424882f.8d 44b4e59c aec21f s ???????? 001 /robots.txt
4248830.7b 44b4e59c aec21f s ???????? 001 /bike
4248e91.e5 a484a112 433e9c h ???????? 001 /edit/28516001
4248eb9.bf 42f94046 043937 h ???????? 002 /wiki/SchatzKiste
42490da.d5 d94585db 399ff9 h ???????? 001 /robots.txt
42490e2.fb d94585d7 399ff9 h ???????? 013 /wiki/137001
42490e6.4f d94585d9 399ff9 h ???????? 011 /wiki/118001
4249202.29 d9b6845d 433e9c h ???????? 001 /edit/30106002
424920e.0a 9d372706 6a88e8 s ???????? 001 /robots.txt
4249216.e9 9d3727b5 6a88e8 s ???????? 017 /
42492cb.82 42f94046 043937 h ???????? 003 /wiki/STHdDWXAs
42492cc.63 42f94046 043937 h ???????? 002 /wiki/GoIn
424964c.f6 42f94046 043937 h ???????? 002 /wiki/LeinFelden
4249659.a3 a484a11e 433e9c h ???????? 002 /wiki/OpenEeg
424966b.a2 42f94046 043937 h ???????? 012 /
42499f6.e6 42f9404a 043937 h ???????? 002 /wiki/KunstSprache
4249af4.23 42f94048 043937 h ???????? 003 /wiki/PitLockBoy
4249c1d.dd 42f94046 043937 h ???????? 003 /wiki/BroadGroup
4249d98.24 42f9461c 043937 h ???????? 002 /robots.txt
4249d98.76 42f94618 043937 h ???????? 012 /
424a07c.fc 42f9404a 043937 h ???????? 003 /wiki/StaatsSpiel
424a201.37 42f94048 043937 h ???????? 002 /wiki/WikiWeibern
424a517.74 42f95d26 002725 h ???????? 001 /favicon.ico
424a519.66 42f95168 002725 h ???????? 001 /favicon.ico
424a7cc.0f 284da788 6a88e8 h ???????? 019 /
424a7d5.1e 42f94046 043937 h ???????? 003 /wiki/AlojsAndricki
424a905.c5 42f94048 043937 h ???????? 002 /wiki/ThomasRainer
424a906.bf 42f94046 043937 h ???????? 002 /wiki/SchaeferOptik
424aa39.4a 42f9404a 043937 h ???????? 003 /wiki/LifeDay16111
424abd9.c3 a2d2c461 028fc4 h ???????? 002 /robots.txt
424abdd.77 a2d2c461 028fc4 h ???????? 013 /
424ae29.fb 42f9404a 622963 h ???????? 019 /
424ae35.8e 42f9598b 70a047 h ???????? 002 //rss.rdf
424aee2.a7 42f94048 043937 h ???????? 002 /wiki/[https://en.wikipedia.org/wiki/Millennium_Tower_(Vienna)]
424b1b8.98 dcb57c6d 09810e h ???????? 001 /robots.txt
424b1c9.17 dcb57c6d 09810e h ???????? 003 /wiki/SobTla
424b23f.b9 42f94048 043937 h ???????? 003 /wiki/SchaetzQual
424b24f.51 dcb57c6d 09810e h ???????? 003 /wiki/SobTla
424b301.d0 42f94050 043937 s ???????? 014 /
424b302.cd 42f94054 043937 s ???????? 016 /
424b3ca.3e b8ae761f 85c767 h ???????? 01a /
424b4c4.72 6a0b9aa8 80aeb5 h ???????? 013 /
424b72c.f1 42f9404a 043937 h ???????? 003 /wiki/DiamantSchloss
424b757.21 d8ef5a13 cc9bbb h ???????? 014 /
424b81e.ae 05c45716 433e9c h ???????? 001 /robots.txt
424b81e.db 33ff415e 433e9c h ???????? 002 /edit/23676001
424b855.80 42f94046 043937 h ???????? 003 /wiki/BusinessDueruem
424bb0a.d6 33ff4117 433e9c h ???????? 002 /edit/29376001
424bc1b.94 42f9404a 043937 h ???????? 003 /wiki/DasIchErinnertSich
424bd01.99 42f9404a 043937 h ???????? 003 /wiki/AspirantIn
424bd06.8c 42f94046 043937 h ???????? 002 /wiki/AusGabe
424c38e.cf d9b68460 433e9c h ???????? 003 /wiki/LibbThims
424c402.a8 42f94048 043937 h ???????? 003 /wiki/RayGroschen
424c573.ad 403efca3 b5eaf4 h ???????? 002 /robots.txt
424c8c7.f6 9d37270a 6a88e8 s ???????? 01b /
424d2f5.57 d9b68438 433e9c h ???????? 004 /wiki/CoWorkingSpace
424d476.20 42f9404a 043937 h ???????? 003 /wiki/GeldAutomat
424d5c5.b0 42f94048 043937 h ???????? 002 /wiki/WantedPages
424d754.b8 42f940df 043937 h ???????? 001 /robots.txt
424d755.09 42f940db 043937 h ???????? 001 /vhjxcrhndku.html
424d788.4a 42f9598b 70a047 h ???????? 002 //rss.rdf
424da33.25 33ff412f 433e9c h ???????? 001 /edit/22326007
424e22c.40 33ff4785 433e9c h ???????? 001 /edit/27316001
424e53d.93 9d3727b5 6a88e8 s ???????? 015 /
424e556.4f 42f9461d 622963 s ???????? 015 /
424e60c.ca 3f8de19c 6c4865 h ???????? 015 /
424e788.d3 42f94048 043937 h ???????? 003 /wiki/DeutschPost
424e884.dc 5f5b934e 182013 h ???????? 003 //wiki/LockSchuppen
424e885.37 adfc73c0 4ca585 h ???????? 003 /wiki/LockSchuppen
424e92f.ea cf2e0d68 6a88e8 h ???????? 003 /wiki/SingularityUniversity
424e967.78 45abf010 17614e h ???????? 003 /wiki/LockSchuppen
424ea06.e6 d8f442c7 2e51d1 h ???????? 002 /robots.txt
424ea2e.8a d9458555 399ff9 h ???????? 002 /robots.txt
424ea37.8d d9458554 399ff9 h ???????? 015 /wiki/119001
424ed5a.17 6bb31d06 3a5a31 h ???????? 002 /default/PF.html
424eef1.15 44b4e56f aec21f h ???????? 002 //robots.txt
424eef2.60 44b4e59c aec21f h ???????? 002 /robots.txt
424eef3.21 44b4e59c aec21f h ???????? 003 /wiki/RainerWasserfuhrCv
424f1ef.a0 42f9404a 043937 h ???????? 014 /
424f7a6.ad 4e2e2319 7dfab1 h ???????? 002 //rss.jsp
424f7a6.db 4e2e2319 7dfab1 h ???????? 002 //rss.jsp
424f922.0b 42f9461d 043937 s ???????? 015 /
424f94b.cf 42f94048 043937 h ???????? 003 /wiki/JakobVicari
424fa38.b0 9d37270c 6a88e8 h ???????? 002 /robots.txt
424fb77.eb 42f94054 043937 s ???????? 002 /robots.txt
424fb78.7c 42f94052 622963 s ???????? 017 /
424fbc5.4a 9d372786 6a88e8 h ???????? 003 /wiki/MindFee
