42b00c9.b4 26633e5d 9af3e3 h ???????? 136 /
42b0205.5d d8f442e3 2e51d1 h ???????? 002 //robots.txt
42b0377.36 2ec4c452 9e007c h ???????? 00a //wiki/FutureLab2056
42b06a0.2b d8f442c7 2e51d1 h ???????? 001 /robots.txt
42b07ff.ea 42f9598b 70a047 h ???????? 001 //rss.rdf
42b0bdc.a5 42f94048 043937 h ???????? 001 /idchoxstuv.html
42b0e56.d7 5896e4da c1d740 h ???????? 001 //rss.rdf
42b0f7d.c1 68839370 a8c6c1 h ???????? 011 /
42b1171.95 68839370 a8c6c1 h ???????? 016 /
42b135f.91 52d0a0b5 2decd6 h ???????? 012 /
42b135f.c2 52d0a0b5 c06a0f h ???????? 010 /
42b1455.b4 cf2e0d74 6a88e8 h ???????? 012 /
42b1781.65 c6144672 a397c6 h ???????? 011 /
42b1786.97 c6144672 45a6bf h ???????? 001 /favicon.ico
42b1b1c.bd 4a7d4c23 55c2cd h ???????? 001 //rss.rdf
42b1c86.6b 44b4e59c aec21f h ???????? 003 /wiki/SourceCode
42b1e4f.17 33ff415a 433e9c h ???????? 001 /edit/30966001
42b27d5.17 58c64345 c37fd8 h ???????? 002 //robots.txt
42b27d8.3c 58c64345 c37fd8 h ???????? 002 //wiki/%25s
42b27de.27 58c64345 c37fd8 h ???????? 001 //wiki/%3C%25=session.getAttribute(
42b27e4.b1 58c64345 c37fd8 h ???????? 002 //wiki/AnneWillSingulari%E2%80%A6
42b27e9.6d 58c64345 c37fd8 h ???????? 002 //wiki/DresdenWiFi%E2%80%9C
42b27ef.69 58c64345 c37fd8 h ???????? 001 //wiki/DresdenWiFi
42b27f4.77 58c64345 c37fd8 h ???????? 002 //wiki/LockSchuppen.%C2%A0
42b27f9.73 58c64345 c37fd8 h ???????? 003 //wiki/LockSchuppen.%C3%82%C2%A0
42b2848.30 b44c0f86 a04d28 h ???????? 011 /
42b2a0a.7b 42f9598b 70a047 h ???????? 002 //rss.rdf
42b2a9c.8f 68809083 79af88 h ???????? 018 /
42b2a9d.08 68809083 79af88 h ???????? 001 /redirect.php
42b2cfb.74 5f6cb561 e4b041 h ???????? 001 /robots.txt
42b2cff.5d 5f6cb561 e4b041 h ???????? 018 /
42b3687.57 9d37271a 6a88e8 h ???????? 001 //robots.txt
42b3f43.b8 9d3727dd 6a88e8 s ???????? 013 /
42b4056.49 d453b6ff 606c70 h ???????? 001 //far.php
42b4056.76 d453b6ff 606c70 h ???????? 001 //rep.php
42b4056.9c d453b6ff 606c70 h ???????? 002 //replace.php
42b4056.c5 d453b6ff 606c70 h ???????? 001 //tools/replace.php
42b4056.f3 d453b6ff 606c70 h ???????? 001 //administrator/replace.php
42b4c44.40 42f95989 70a047 h ???????? 002 //rss.rdf
42b5304.14 253a3fa9 2b626e h ???????? 002 /robots.txt
42b5304.3c 253a3fa9 2b626e h ???????? 012 /
42b5304.71 253a3fa9 2b626e h ???????? 002 /xmlrpc.php
42b5304.9e 253a3fa9 2b626e h ???????? 006 /blog/robots.txt
42b5304.c2 253a3fa9 2b626e h ???????? 002 /blog/
42b5304.e3 253a3fa9 2b626e h ???????? 001 /wordpress/
42b5305.0b 253a3fa9 2b626e h ???????? 002 /wp/
42b5305.36 253a3fa9 2b626e h ???????? 002 /robots.txt
42b5305.5a 253a3fa9 2b626e h ???????? 001 /administrator/index.php
42b5305.7b 253a3fa9 2b626e h ???????? 006 /blog/robots.txt
42b5305.9b 253a3fa9 2b626e h ???????? 002 /blog/administrator/index.php
42b5305.c2 253a3fa9 2b626e h ???????? 001 /joomla/robots.txt
42b5305.e3 253a3fa9 2b626e h ???????? 001 /joomla/administrator/index.php
42b5a23.87 d9b68446 433e9c h ???????? 003 /wiki/NooPolis
42b5f9d.51 894acf78 433e9c h ???????? 002 /edit/29146004
42b6149.06 a4845b03 80f282 h ???????? 014 /
42b6174.a0 3e8a0019 6de661 h ???????? 002 //robots.txt
42b6176.24 3e8a0019 6de661 h ???????? 003 //wiki/RainerWasserfuhrCv
42b651d.10 5519d2ea 6de661 h ???????? 003 //robots.txt
42b651d.a4 5519d2ea 6de661 h ???????? 002 //wiki/TwitterKurs
42b6989.c3 42f9598b 70a047 h ???????? 002 //rss.rdf
42b706f.f3 d8f442c7 2e51d1 h ???????? 003 /robots.txt
42b764f.d1 5519d2ea 6de661 h ???????? 002 //robots.txt
42b7ad6.74 42f94054 043937 s ???????? 003 /wiki/UsDollar
42b7b02.8e 42f94048 043937 h ???????? 001 /robots.txt
42b7b02.c4 42f94048 043937 h ???????? 003 /wiki/JeromeKerviel
42b7b45.6a 42f94046 043937 h ???????? 003 /wiki/FacebookFalle
42b7bdc.f6 42f9404a 043937 h ???????? 003 //%20rel=
42b7f83.32 a4845b03 71c997 s ???????? 015 /
42b7fdc.e6 42f94046 043937 h ???????? 004 /wiki/MindPixel
42b837f.5b 5896e4da 45378f h ???????? 001 //rss.rdf
42b8380.08 d5abdc98 a95ea1 h ???????? 002 //rss.rdf
42b8648.05 4e2e2319 7dfab1 h ???????? 002 //rss.jsp
42b8648.31 4e2e2319 7dfab1 h ???????? 002 //rss.jsp
42b8a87.50 42f95a6d 70a047 h ???????? 002 //rss.rdf
42b8aa8.bd 9d3727d8 6a88e8 h ???????? 01f /
42b8bc6.c8 2536025d 2c84d7 h ???????? 003 /wiki/RainerWasserfuhr
42b8d22.60 8d14d9de 5ec1d2 s ???????? 019 /
42b8dba.5e d8f442c7 2e51d1 h ???????? 001 /robots.txt
42b8fb8.54 4f16418f be33ef h ???????? 002 /wp-login.php
42b8fb8.94 4f16418f be33ef h ???????? 015 /
42b8fee.7a d8f442c7 2e51d1 h ???????? 003 /wiki/LockOfficeAnfahrt
42b9460.f2 2ea10903 e5c941 h ???????? 003 /wiki/NoamChomsky
42b954f.9b 9d37272d 6a88e8 h ???????? 01e /
42b9ceb.94 9750276e 433e9c h ???????? 002 //robots.txt
42ba65b.e9 bc285186 7dfab1 h ???????? 002 //rss.jsp
42ba65c.11 bc285186 7dfab1 h ???????? 001 //rss.jsp
42ba778.fe 42f95a6b 70a047 h ???????? 003 //rss.rdf
42ba901.c1 bc285186 7dfab1 h ???????? 002 //rss.jsp
42ba901.e8 bc285186 7dfab1 h ???????? 002 //rss.jsp
42baa00.50 a484a134 433e9c h ???????? 004 /wiki/StundenBuch
42babb8.40 42f954d4 002725 h ???????? 008 /favicon.ico
42bac71.23 5f6cb561 e4b041 h ???????? 008 /robots.txt
42bac75.0d 5f6cb561 e4b041 h ???????? 002 /cal
42bb062.21 9d37271a 6a88e8 h ???????? 002 //robots.txt
42bb1f2.76 bc285186 7dfab1 h ???????? 001 //rss.jsp
42bb1f2.9b bc285186 7dfab1 h ???????? 002 //rss.jsp
42bb201.21 bc285186 7dfab1 h ???????? 002 //rss.jsp
42bb201.47 bc285186 7dfab1 h ???????? 002 //rss.jsp
42bb3b6.db d945869a 399ff9 h ???????? 002 /robots.txt
42bb3c1.af d9458502 399ff9 h ???????? 008 /sitemap.xml
42bb3cd.58 d94585cb 399ff9 h ???????? 023 /
42bb7e8.04 d8f442e3 2e51d1 h ???????? 002 //robots.txt
42bb9b6.8e 9d37271a 6a88e8 h ???????? 002 //robots.txt
42bb9e0.38 5e171ba6 e3b0c4 h ???????? 002 /robots.txt
42bb9e2.63 5e171ba6 4556ce h ???????? 016 /
42bbca3.56 bca5e9e4 e3b0c4 h ???????? 002 /robots.txt
42bbca5.80 bca5e9e4 36ad42 h ???????? 016 /
42bc0e2.2e d8f442c7 2e51d1 h ???????? 002 /robots.txt
42bc0ec.07 25c9e548 5a4294 s ???????? 003 /wiki/GriebenSchmalz
42bc22b.ad a484a104 433e9c h ???????? 00e /wiki/SourceCode
42bc3c2.b6 42f95a6d 70a047 h ???????? 003 //rss.rdf
42bc563.11 a484a12d 433e9c h ???????? 002 /edit/21426001
42bc64d.5e bca5e922 e3b0c4 h ???????? 002 /robots.txt
42bc64f.88 bca5e922 1200b3 h ???????? 01e /
42bc9cc.51 d94585cb 399ff9 h ???????? 002 /robots.txt
42bc9dd.34 d94586bc 399ff9 h ???????? 003 /sitemap.xml
42bce56.24 d9458502 399ff9 h ???????? 002 /robots.txt
42bce63.99 d94586ae 399ff9 h ???????? 018 /
42bd38f.1a 33ff415d 433e9c h ???????? 008 /edit/22256002
42bd654.83 d8f442c7 2e51d1 h ???????? 002 /robots.txt
42bd6f2.23 5f6cb561 e4b041 h ???????? 002 /robots.txt
42bd6f6.0c 5f6cb561 e4b041 h ???????? 066 /ls
42bd707.60 d94585c2 399ff9 h ???????? 002 /robots.txt
42bd70b.80 d94585c2 399ff9 h ???????? 01f /
42bd7a1.9b 42f9414e 043937 h ???????? 004 /wiki/SebastianGruenwaldt
42bd7a2.a4 42f9414a 043937 h ???????? 003 /wiki/FabioBacigalupo
42bd7a3.5d 42f9414c 043937 h ???????? 003 /wiki/MatthiasLJugel
42bd7a3.d3 42f9414e 043937 h ???????? 004 /wiki/HassanSchroeder
42bd7a4.3a 42f9414a 043937 h ???????? 003 /wiki/ThomasMadsenMygdal
42bd7a4.b0 42f9414e 043937 h ???????? 003 /wiki/SilviaKoestner
42bd7a5.ba 42f9414a 043937 h ???????? 003 /wiki/StefanMeissner
42bd7b8.40 42f9414c 043937 h ???????? 005 /wiki/MarkusGrutzeck
42bd7be.a7 42f9414c 043937 h ???????? 003 /wiki/MoritzPetersen
42bd7c3.cb 42f9414a 043937 h ???????? 006 /wiki/TineWasserfuhr
42bd7c9.00 d94585cb 399ff9 h ???????? 006 /robots.txt
42bd7c9.0d 42f9414a 043937 h ???????? 003 /wiki/ChristophWilke
42bd7ce.14 42f9414a 043937 h ???????? 006 /wiki/SilviaTeschner
42bd7ce.7b d94586b1 399ff9 h ???????? 005 /sitemap.xml
42bd7d3.2b 42f9414a 043937 h ???????? 003 /wiki/OliverThylmann
42bd7d8.47 42f9414a 043937 h ???????? 003 /wiki/BernhardSauter
42bd7dd.5f 42f9414a 043937 h ???????? 003 /wiki/MatthewLangham
42bd7e2.7c 42f9414a 043937 h ???????? 004 /wiki/BjoernOgnibeni
42bd7e7.98 42f9414a 043937 h ???????? 004 /wiki/StephanHermann
42bd7ec.bd 42f9414a 043937 h ???????? 004 /wiki/AugustinaMensah
42bd7f1.d0 42f9414e 043937 h ???????? 004 /wiki/KarlHeinzTeuber
42bd7f6.eb 42f9414c 043937 h ???????? 004 /wiki/MichaelHerrling
42bd7fc.4c 42f9414a 043937 h ???????? 003 /wiki/AnjaKFliessbach
42bd801.1d 42f9414a 043937 h ???????? 002 /wiki/ChristianJunius
42bd806.39 42f9414a 043937 h ???????? 002 /wiki/BenediktKoehler
42bd80b.62 42f9414a 043937 h ???????? 001 /wiki/BjoernNegelmann
42bd810.70 42f9414a 043937 h ???????? 002 /wiki/ChristianMenzel
42bd815.88 42f9414a 043937 h ???????? 002 /wiki/MartinaPickhardt
42bd81a.a1 42f9414a 043937 h ???????? 002 /wiki/SeonKwangHaengja
42bd81f.be 42f9414a 043937 h ???????? 002 /wiki/KarthikNatarajan
42bd824.d8 42f9414a 043937 h ???????? 002 /wiki/MichaelFlossbach
42bd829.f6 42f9414a 043937 h ???????? 002 /wiki/ThomasChristinck
42bd82f.13 42f9414a 043937 h ???????? 002 /wiki/AlexanderOelling
42bd834.33 42f9414a 043937 h ???????? 001 /wiki/InesSchwabKeller
42bd839.50 42f9414a 043937 h ???????? 002 /wiki/OliverWittenburg
42bd83e.72 42f9414a 043937 h ???????? 002 /wiki/HolgerAssenmacher
42bd843.85 42f9414a 043937 h ???????? 002 /wiki/ChristophMatschie
42bd848.a2 42f9414a 043937 h ???????? 002 /wiki/DoreenBrueggemann
42bd84d.bf 42f9414a 043937 h ???????? 003 /wiki/MaximilianHalstrup
42bd852.e1 42f9414a 043937 h ???????? 002 /wiki/AndreuGinestetMenke
42bd857.fd 42f9414a 043937 h ???????? 002 /wiki/WalterMatthiasKunze
42bd85d.1f 42f9414a 043937 h ???????? 002 /wiki/OliverLeonUeberholz
42bd862.39 42f9414a 043937 h ???????? 002 /wiki/GundaFriedrichEbert
42bd867.59 42f9414a 043937 h ???????? 002 /wiki/BeatDoebeliHonegger
42bd86c.7a 42f9414e 043937 h ???????? 002 /wiki/SparacelloHenryMarc
42bd871.a0 42f9414a 043937 h ???????? 002 /wiki/AndreasMediniGaebler
42bd876.cc 42f9414a 043937 h ???????? 002 /wiki/FrankWaldschmidtDietz
42bd87b.f6 42f9414a 043937 h ???????? 002 /wiki/ChristianReissmueller
42bd881.1d 42f9414a 043937 h ???????? 002 /wiki/RolandKuehlvPuttkamer
42bd886.5c 42f9414a 043937 h ???????? 002 /wiki/MatthieudeChanciliaere
42bd88b.9c 42f9414a 043937 h ???????? 002 /wiki/ThorstenSchaeferGuembel
42bd891.15 42f9414a 043937 h ???????? 002 /wiki/RitchieBlogfriedPettauer
42bd897.49 42f9414a 043937 h ???????? 002 /wiki/HelmutHofferVonAnkershoffen
42bd920.8b 42f9414e 043937 h ???????? 002 /wiki/KarenWitter
42bd929.76 42f9414c 043937 h ???????? 002 /wiki/MiMaX
42bd933.9c 42f9414a 043937 h ???????? 003 /wiki/TomHulce
42bd93e.37 42f9414a 043937 h ???????? 002 /wiki/StrukTuren
42bd94f.7b 42f9414a 043937 h ???????? 003 /wiki/JeffStryker
42bd965.2b 42f9414e 043937 h ???????? 002 /wiki/MilosForman
42bd97a.16 42f9414a 043937 h ???????? 002 /wiki/HolgerPeine
42bd98f.87 42f9414a 043937 h ???????? 003 /wiki/ReinhardSchwarz
42bd9a5.ad 42f9414c 043937 h ???????? 002 /wiki/RosaVonPraunheim
42bd9be.f4 42f9414a 043937 h ???????? 003 /wiki/FriedemannMattern
42bdbff.08 d8f442c7 2e51d1 h ???????? 013 /1
42be043.c2 42f9414a 043937 h ???????? 002 //wiki/%3Ca%20class=%22blue%22%20href=%22/wiki/BuergerInnen%22%3EBuergerInnen%3C/a%3E
42be0b4.92 42f95a6b 70a047 h ???????? 002 //rss.rdf
42be34f.3e 42f9414e 043937 h ???????? 003 /wiki/StefanWenske
42be681.c2 bc286647 7dfab1 h ???????? 002 //rss.jsp
42be681.e5 bc286647 7dfab1 h ???????? 001 //rss.jsp
42beca4.ea 8ac56f59 487ce2 h ???????? 013 /
42becaa.42 8ac56f59 487ce2 h ???????? 002 /alive/4
42becaa.52 8ac56f59 487ce2 h ???????? 001 /feel/4
42becb6.25 8ac56f59 487ce2 h ???????? 02a /alive/10
42becb6.3b 8ac56f59 487ce2 h ???????? 018 /feel/10
42befab.a1 5f6cb561 e4b041 s ???????? 002 /robots.txt
42befaf.71 5f6cb561 e4b041 s ???????? 17f8 /phim
42bf008.e1 d945869b 399ff9 h ???????? 002 /robots.txt
42bf011.f6 d9458506 399ff9 h ???????? 013 /
42bf1ae.e9 42f94999 043937 s ???????? 002 /robots.txt
42bf2c9.ac 33ff477b 433e9c h ???????? 001 /edit/27486001
42bf3a0.0a 9d37272d 6a88e8 h ???????? 019 /
42bf5cd.ed 0585b70e bbc470 h ???????? 001 //rss.rdf
42bf5d1.26 d5abdc98 a95ea1 h ???????? 002 //rss.rdf
42bfce5.92 42f95a6f 70a047 h ???????? 002 //rss.rdf
