4270063.52 d5abdc98 a95ea1 h ???????? 002 //rss.rdf
42700c1.c1 42f9516a 002725 h ???????? 003 /favicon.ico
427021a.ef 42f94046 043937 h ???????? 004 /wiki/GalileoGalilei
427035d.a0 42f94046 043937 h ???????? 004 /wiki/MichaelGazzaniga
42703d6.bc d9b684c1 433e9c h ???????? 002 /edit/24356002
42704bd.7f 44b4e59c aec21f s ???????? 003 /robots.txt
42704be.ac 44b4e59c aec21f s ???????? 004 /wiki/AlFr
42704c3.86 42f95987 70a047 h ???????? 003 //rss.rdf
42705cf.c4 42f9404a 043937 h ???????? 004 /wiki/MatthiasHorx
42709d7.fb a772017c 028fc4 h ???????? 003 //robots.txt
4270a19.24 42f94054 043937 s ???????? 002 /robots.txt
4270a19.9f 42f94054 043937 s ???????? 002 /wiki/LifeDay15711
4270a37.e1 a772017c 028fc4 h ???????? 001 //wiki/%25s
4270a60.da a772017c 028fc4 h ???????? 001 //wiki/%3C%25=session.getAttribute(
4270a81.fd a772017c 028fc4 h ???????? 002 //wiki/AnneWillSingulari%E2%80%A6
4270aad.a9 a772017c 028fc4 h ???????? 002 //wiki/DresdenWiFi%E2%80%9C
4270b06.41 a772017c 028fc4 h ???????? 002 //wiki/DresdenWiFi
4270b17.a0 a772017c 028fc4 h ???????? 002 //wiki/LockSchuppen.%C2%A0
4270b21.bc a772017c 028fc4 h ???????? 001 //wiki/LockSchuppen.%C3%82%C2%A0
4270c8f.05 cc55bf1e cc9bbb h ???????? 010 /
4270d43.6e d9b684b3 433e9c h ???????? 001 /edit/21576001
42710e0.95 34d33dd2 590f55 h ???????? 011 /
42713e7.0c d94585d7 399ff9 h ???????? 002 /robots.txt
42713e8.ce d9458555 399ff9 h ???????? 002 /wiki/MartinOne
4271792.bf 42f94048 043937 h ???????? 002 /wiki/ManageMyLove
4271d79.9e 284da7ba 6a88e8 s ???????? 015 /
4272186.85 42f95989 70a047 h ???????? 001 //rss.rdf
42722d8.83 d8f442c7 2e51d1 h ???????? 001 /robots.txt
42723d6.bd 44b4e59c aec21f h ???????? 002 /robots.txt
42723d7.50 44b4e59c aec21f h ???????? 002 /wiki/RaWa
4272955.d2 42f94046 043937 h ???????? 002 /wiki/GedankenWelt
42729c7.d8 d94585da 399ff9 h ???????? 001 /robots.txt
42729c9.40 d94585d8 399ff9 h ???????? 002 /wiki/EtAi
4272c88.09 a484a149 433e9c h ???????? 001 /edit/30396002
4272ed7.7f 8ac93b22 0852cc h ???????? 001 /robots.txt
4272ed8.cf 8ac93b22 0852cc h ???????? 011 /
427330a.2d 2ee5a848 2e29b5 h ???????? 002 /wiki/DataConscious
427331a.d3 2ee5a850 2e29b5 h ???????? 002 /wiki/WohnSitz
427332d.55 2ee5a841 2e29b5 h ???????? 002 /wiki/RePost
4273339.7c 2ee5a84f 2e29b5 h ???????? 002 /wiki/AngelaGott
4273354.6e 2ee5a849 2e29b5 s ???????? 002 /wiki/RainerWasserfuhr
4273365.34 2ee5a850 2e29b5 h ???????? 002 /wiki/SemperComputing101
4273371.86 2ee5a843 2e29b5 h ???????? 003 /wiki/DrFloyd
427338c.1b 2ee5a842 2e29b5 h ???????? 003 /wiki/RevNum
4273392.73 2ee5a848 2e29b5 h ???????? 002 /wiki/ShaleGas
42733a7.52 2ee5a847 2e29b5 h ???????? 002 /wiki/IrSco
42733b8.8b 2ee5a841 2e29b5 h ???????? 002 /wiki/AriEs
42733cc.16 2ee5a84c 2e29b5 h ???????? 003 /wiki/GitScm
42733dd.2c 2ee5a845 2e29b5 h ???????? 002 /wiki/NullenUndEinsen
42733f2.ca 2ee5a844 2e29b5 h ???????? 002 /wiki/BlueScreen
4273404.2f 2ee5a845 2e29b5 h ???????? 002 /wiki/LifeDay16209
4273413.71 2ee5a843 2e29b5 h ???????? 002 /wiki/AacTla
427342a.57 2ee5a84a 2e29b5 h ???????? 003 /wiki/EdSn
4273437.8a 2ee5a846 2e29b5 h ???????? 002 /wiki/BaumGaertel
427344a.44 2ee5a848 2e29b5 h ???????? 011 /
4273461.43 2ee5a845 2e29b5 h ???????? 002 /wiki/OpeningLecture
4273472.1f 2ee5a84c 2e29b5 h ???????? 002 /wiki/FilterInputStream
4273483.58 2ee5a849 2e29b5 h ???????? 002 /wiki/RainerTest
4273496.ae 2ee5a848 2e29b5 h ???????? 002 /wiki/TomHenzinger
42734a5.c4 2ee5a841 2e29b5 h ???????? 002 /wiki/HhJH
42734b7.51 2ee5a843 2e29b5 h ???????? 002 /wiki/JavaBug
42734cf.10 2ee5a846 2e29b5 h ???????? 003 /wiki/MindOne
42734e2.50 2ee5a842 2e29b5 s ???????? 013 /
42734ed.58 2ee5a84c 2e29b5 h ???????? 003 /wiki/DashBoard
42734ff.e0 2ee5a850 2e29b5 h ???????? 002 /wiki/JavaNio
4273515.29 2ee5a847 2e29b5 h ???????? 003 /wiki/SklavenZentrale
4273527.8a 2ee5a850 2e29b5 h ???????? 003 /wiki/SqLite
4273538.80 2ee5a84a 2e29b5 h ???????? 002 /wiki/AboutBlank
427354b.25 2ee5a847 2e29b5 h ???????? 002 /wiki/DosBox
427354e.96 9d372734 6a88e8 h ???????? 001 /robots.txt
427355e.16 9d3727ea 6a88e8 h ???????? 013 /
427355e.94 2ee5a848 2e29b5 h ???????? 002 /wiki/QvH
427356e.37 2ee5a84f 2e29b5 h ???????? 002 /wiki/HcStroebele
427357f.e3 2ee5a84a 2e29b5 h ???????? 002 /wiki/WhoCares
4273595.0a 2ee5a846 2e29b5 h ???????? 002 /wiki/GoogleTime
42735a2.db 2ee5a841 2e29b5 h ???????? 003 /wiki/SiBe
42735b3.8f 2ee5a84f 2e29b5 h ???????? 003 /wiki/SpaceFile
42735c8.f9 2ee5a850 2e29b5 h ???????? 002 /wiki/UcJH
42735dd.47 2ee5a842 2e29b5 h ???????? 003 /wiki/IccId
42735ed.86 2ee5a84f 2e29b5 h ???????? 002 /wiki/ThomasHenzinger
4273601.25 2ee5a847 2e29b5 h ???????? 002 /wiki/SiggiBecker
4273614.19 2ee5a848 2e29b5 h ???????? 002 /wiki/HappyBirthday
4273621.92 2ee5a850 2e29b5 h ???????? 002 /wiki/KurzweilVortrag
4273639.5a 2ee5a845 2e29b5 h ???????? 009 /wiki/FaCa
4273648.94 2ee5a84d 2e29b5 h ???????? 003 /wiki/CaughtInTheShell
4273659.69 2ee5a84f 2e29b5 h ???????? 002 /wiki/RayBlue
427367a.59 2ee5a84d 2e29b5 h ???????? 015 /
427367f.c5 2ee5a84c 2e29b5 h ???????? 003 /wiki/UrbuPedia
4273680.0b 2ee5a84d 2e29b5 h ???????? 01b /
4273694.3b 2ee5a848 2e29b5 h ???????? 002 /wiki/DvbTram2506
42736a3.03 2ee5a844 2e29b5 h ???????? 003 /wiki/CastHash
42736b7.2e 2ee5a845 2e29b5 h ???????? 003 /wiki/FbNot
42736c8.98 2ee5a848 2e29b5 h ???????? 014 /1
42736dd.79 2ee5a84d 2e29b5 h ???????? 003 /wiki/AtomFeed
42736ed.c6 2ee5a84c 2e29b5 h ???????? 003 /wiki/LinieSechs
4273703.93 2ee5a84d 2e29b5 h ???????? 002 /wiki/MindMark
4273710.52 2ee5a84f 2e29b5 h ???????? 003 /wiki/RsWipp
4273722.13 2ee5a84a 2e29b5 h ???????? 003 /wiki/UnterNehmen
4273733.87 2ee5a843 2e29b5 h ???????? 003 /wiki/IsA
4273747.41 2ee5a84a 2e29b5 h ???????? 003 /wiki/TerraDrive
4273756.f5 2ee5a848 2e29b5 h ???????? 003 /wiki/ChristianGuenzl
427376d.51 2ee5a842 2e29b5 h ???????? 003 /wiki/FuffiApp
427377b.48 2ee5a84e 2e29b5 h ???????? 014 /
427378b.81 2ee5a842 2e29b5 h ???????? 002 /wiki/FireFox
42737a1.4a 2ee5a847 2e29b5 h ???????? 002 /wiki/SoFar
42737b9.e1 2ee5a849 2e29b5 h ???????? 002 /wiki/NepTun
42739f3.0e d17e8807 7404fb s ???????? 014 /
4273b18.d8 42f9404a 043937 h ???????? 003 /wiki/WissensPhysik
4273b6e.cb 284da70f 6a88e8 h ???????? 01e /
4273e08.37 42f95989 70a047 h ???????? 002 //rss.rdf
4274cdb.e2 42f94048 043937 h ???????? 003 /wiki/SosukeUno
4274f6a.e6 d8f442c7 2e51d1 h ???????? 002 /robots.txt
42756aa.fb d8f442c7 2e51d1 h ???????? 002 /robots.txt
4275bc4.a7 22cbc77e e67f0d h ???????? 003 /wiki/BoersenSpiel
4275e61.7e 42f95989 70a047 h ???????? 002 //rss.rdf
4275e93.a2 5f6cb561 e4b041 h ???????? 001 /robots.txt
4275e97.87 5f6cb561 e4b041 h ???????? 01d /
4275e9e.b1 42f94048 043937 h ???????? 003 /wiki/OnlineBanking
4275ec5.39 d3735d43 b28cfa h ???????? 016 /
4275f93.b3 5f6cb561 e4b041 h ???????? 01e /
4275f94.03 8d088e6f e4b041 s ???????? 002 /robots.txt
4275f97.f5 5f6cb561 e4b041 s ???????? 016 /
4276032.25 d8f442e3 2e51d1 h ???????? 002 //robots.txt
4276541.31 6a78ad41 09810e h ???????? 002 /robots.txt
42766a7.23 6a78ad41 09810e h ???????? 003 /wiki/SobTla
4276a9e.93 d8f442e3 2e51d1 h ???????? 002 //robots.txt
4276b88.48 d9458555 399ff9 h ???????? 002 /robots.txt
4276b8a.4a d94585d9 399ff9 h ???????? 003 /wiki/NooPolis
4276b8b.e4 d94585d9 399ff9 h ???????? 003 /wiki/ImPrint
4277061.d3 42f9404a 043937 h ???????? 003 /wiki/BusinessPlan
4277392.b9 d8f442e3 2e51d1 h ???????? 002 //robots.txt
427775c.c9 42f9404a 043937 h ???????? 003 /wiki/HeikkiToivanen
4277896.e1 42f94046 043937 h ???????? 003 /wiki/ThomasJorberg
4277bfe.68 42f94048 043937 h ???????? 003 /wiki/HsHss
4277ea1.5b d8f442c7 2e51d1 h ???????? 002 /robots.txt
42780d9.3e 42f9598b 70a047 h ???????? 002 //rss.rdf
427818b.a9 44b4e59c aec21f h ???????? 002 /AlphaCat
4278224.b7 42f9404a 043937 h ???????? 004 /wiki/RolfWiehagen
427857e.a5 85826e43 371ef8 h ???????? 004 //wiki/RalfLippold
427895d.0c d4539626 eaf401 s ???????? 002 /a2billing/common/javascript/misc.js
4278c13.4c c73a56d1 028fc4 h ???????? 002 /robots.txt
4278c15.2f c73a56d1 028fc4 h ???????? 016 /
42790e7.51 d8f442e3 2e51d1 h ???????? 002 //robots.txt
427934b.61 68ecb066 ef60d6 h ???????? 018 /
42793e7.c3 42f94046 043937 h ???????? 004 /wiki/AngelaMerkel
4279720.70 4e2e2319 7dfab1 h ???????? 002 //rss.jsp
4279720.9d 4e2e2319 7dfab1 h ???????? 002 //rss.jsp
427977d.70 d94585d8 399ff9 h ???????? 002 /robots.txt
427977f.3a d9458555 399ff9 h ???????? 003 /wiki/KiDh
427999c.72 d8f442e3 2e51d1 h ???????? 002 //robots.txt
4279b26.d3 42f94046 043937 h ???????? 003 /wiki/FreyZeit
427a1c4.e9 42f95989 70a047 h ???????? 002 //rss.rdf
427a1f0.50 05c45716 433e9c h ???????? 002 /robots.txt
427a1f0.95 33ff4779 433e9c h ???????? 003 /wiki/LongBetOne
427a5aa.c8 42f94046 043937 h ???????? 004 /wiki/GoTurnier
427a64e.b9 c73a56d3 028fc4 h ???????? 002 //robots.txt
427a652.72 c73a56d3 028fc4 h ???????? 003 //wiki/LockSchuppen
427ad69.56 d9458555 399ff9 h ???????? 003 /robots.txt
427ad6a.c6 d94585d7 399ff9 h ???????? 004 /wiki/MuskBed
427ad6c.4b d94585d9 399ff9 h ???????? 004 /wiki/BootUp
427b1bb.25 42f945e7 043937 h ???????? 004 /wiki/DienstWeg
427b323.da 118e9fb9 4d4314 h ???????? 019 /
427b4dd.e2 bc285186 7dfab1 h ???????? 002 //rss.jsp
427b4de.0f bc285186 7dfab1 h ???????? 002 //rss.jsp
427b719.6e d8f442c7 2e51d1 h ???????? 002 /robots.txt
427b724.4c b9c31834 98c9c4 h ???????? 018 /
427b726.3e b9c31834 8888c3 h ???????? 022 /
427b728.92 b9c31834 39cdf5 h ???????? 002 /admin/
427b72a.de b9c31834 4d541e h ???????? 003 /manager/
427b72d.43 b9c31834 b0c858 h ???????? 002 /admin/content/sitetree/
427b72f.92 b9c31834 ca7f4c h ???????? 002 /simpla/
427b72f.d9 b9c31834 d9dbe8 h ???????? 003 /js/mage/cookies.js
427b77b.ae 42f9404a 043937 h ???????? 004 /wiki/OfficialLegislativeProposals
427b86a.64 bc285186 7dfab1 h ???????? 003 //rss.jsp
427b86a.92 bc285186 7dfab1 h ???????? 002 //rss.jsp
427b968.75 c2bbaa75 ac35e0 h ???????? 002 //robots.txt
427b9b6.73 9d37272f 6a88e8 s ???????? 002 /robots.txt
427b9bc.df 9d372791 6a88e8 s ???????? 018 /
427bb14.60 a484a125 433e9c h ???????? 003 /edit/22416001
427bba8.28 d8f442c7 2e51d1 h ???????? 01b /1
427be13.f4 9e457636 fdc79c h ???????? 01b /
427bff7.76 bc285186 7dfab1 h ???????? 002 //rss.jsp
427bff7.a1 bc285186 7dfab1 h ???????? 003 //rss.jsp
427bfff.82 bc285186 7dfab1 h ???????? 002 //rss.jsp
427bfff.ab bc285186 7dfab1 h ???????? 002 //rss.jsp
427c157.fe 42f9598b 70a047 h ???????? 003 //rss.rdf
427c35a.06 d9458543 399ff9 h ???????? 003 /robots.txt
427c35b.67 d94585da 399ff9 h ???????? 004 /wiki/EvThomas
427c88e.71 403efca4 b5eaf4 h ???????? 003 /robots.txt
427cabf.42 5e172817 e3b0c4 h ???????? 002 /robots.txt
427cac1.75 5e172817 fd196b h ???????? 01a /
427d00a.a5 cf2e0d4e 6a88e8 h ???????? 024 /
427d082.94 42f94046 043937 h ???????? 004 /wiki/CarenLust
427d2d7.61 42f94048 043937 h ???????? 004 /wiki/RainerWasserfuhr2011
427d950.86 d9458554 399ff9 h ???????? 002 /robots.txt
427d952.1a d9458543 399ff9 h ???????? 004 /wiki/IdeaPad
427d984.0b 68ec7fa1 487ce2 h ???????? 01a /
427ddaa.d9 42f94048 043937 h ???????? 004 /wiki/ZwangsJacke
427dddf.d8 d8f442c7 2e51d1 h ???????? 002 /robots.txt
427e47f.b0 42f95989 70a047 h ???????? 002 //rss.rdf
427e6d1.a0 33ff4133 433e9c h ???????? 003 /edit/23516001
427e894.2c 284da76b 6a88e8 s ???????? 019 /
427e8f0.9b 8dd47a40 ef60d6 h ???????? 01b /
427e991.13 5089222d 270e8b h ???????? 025 /
427e992.19 5089222d 270e8b s ???????? 065 /hls
427e994.85 5089222d 270e8b h ???????? 003 /alive/
427e996.f4 5089222d 270e8b h ???????? 003 /feel/
427e999.70 5089222d 270e8b h ???????? 004 /wiki/GottfriedWilhelmLeibniz
427e9aa.3c 5089222d 270e8b h ???????? 005 /wiki/AlanTuring
427ebf7.0e 42f94046 043937 h ???????? 006 /wiki/SingularDefinition
427ee58.f8 44b4e59c aec21f h ???????? 002 /robots.txt
427ee59.9c 44b4e59c aec21f h ???????? 002 /StarTime
427ef3b.b1 d94585d7 399ff9 h ???????? 003 /robots.txt
427ef3d.17 d9458543 399ff9 h ???????? 004 /wiki/ReFriend
427ef3e.9e d94585d7 399ff9 h ???????? 004 /wiki/BleField
427ef3f.ed d94585d7 399ff9 h ???????? 004 /wiki/FreeLove
427ef41.42 d9458543 399ff9 h ???????? 004 /wiki/SingularityUniversity%20
427f62b.8b 9d37270c 6a88e8 h ???????? 001 /robots.txt
427f674.b7 44b4e56f aec21f h ???????? 001 //robots.txt
427f675.ce 44b4e59c aec21f h ???????? 001 /wiki/CreateYourself
427f6ab.c5 bc286647 7dfab1 h ???????? 001 //rss.jsp
427f6ab.e5 bc286647 7dfab1 h ???????? 001 //rss.jsp
427f88f.17 9d372791 6a88e8 s ???????? 011 /
427fb12.b0 d8f442c7 2e51d1 h ???????? 002 /wiki/LockSchuppen
427fe90.cc d4539626 eaf401 s ???????? 001 /a2billing/common/javascript/misc.js
