42c00ef.15 3cbf264d 24f5f0 s ???????? 014 /
42c02d1.e6 8ac54d46 487ce2 h ???????? 015 /
42c02e9.90 8ac54d46 3f7fe2 h ???????? 001 /robots.txt
42c031e.af 8ac54d46 487ce2 s ???????? 0f5 /hls
42c031e.b5 8ac54d46 487ce2 s ???????? 132 /ls
42c031f.26 a4843451 eb026b s ???????? 002 /bcHead
42c031e.ae 8ac54d46 487ce2 s ???????? 1d8 /sh
42c0325.60 8ac54d46 487ce2 s ???????? 002 /AtJs
42c0e6c.eb 9d3727d0 6a88e8 s ???????? 014 /
42c165b.70 9d372709 6a88e8 h ???????? 004 /wiki/CafeNeustadt
42c194e.36 42f95a6f 70a047 h ???????? 002 //rss.rdf
42c198f.ee d8f442c6 2e51d1 h ???????? 002 //robots.txt
42c1b8a.d6 9d37272f 6a88e8 s ???????? 002 /robots.txt
42c1b94.8e 9d3727a7 6a88e8 s ???????? 015 /
42c1dad.ac b44c0fa3 fa643b h ???????? 002 /robots.txt
42c313d.38 5f6cb561 e4b041 h ???????? 002 /robots.txt
42c3141.14 5f6cb561 e4b041 h ???????? 759 /memo
42c32fa.66 904c99c6 22200b h ???????? 015 /
42c3637.41 5f6cb561 e4b041 h ???????? 01d /
42c382b.74 42f95a6f 70a047 h ???????? 002 //rss.rdf
42c39a3.a3 9d3727c0 6a88e8 h ???????? 015 /
42c3b09.0e 42f9414c 043937 h ???????? 003 /wiki/UnserGrid
42c3f88.fb 9d37272f 6a88e8 h ???????? 002 /robots.txt
42c400f.6c 9d372740 6a88e8 h ???????? 026 /
42c4054.df d9b68439 433e9c h ???????? 004 /wiki/ContainerRevolution
42c40f4.bd 8d14d9de 5ec1d2 s ???????? 015 /
42c43bb.8f 42f95166 002725 h ???????? 002 /favicon.ico
42c45b9.fc 42f9414c 043937 h ???????? 003 /wiki/PyMk
42c4958.22 3692bd6e 12df02 h ???????? 002 /robots.txt
42c4966.f6 3692bd6e 0ae858 h ???????? 002 /robots.txt
42c4971.d8 3692bd6e b8fef7 h ???????? 003 /wiki/FutureLab2056
42c4cb8.d1 cf2e0da8 6a88e8 h ???????? 005 /wiki/HappyBirthdayQ2
42c4f75.b0 365761aa 12df02 h ???????? 002 /robots.txt
42c4f82.13 365761aa 0ae858 h ???????? 002 /robots.txt
42c4f8c.e5 365761aa b8fef7 h ???????? 003 /wiki/FutureLab2056
42c505c.5d d94586b1 399ff9 h ???????? 002 /robots.txt
42c505e.9f d94585c2 399ff9 h ???????? 001 /sitemap.xml
42c51be.c0 42f9414c 043937 h ???????? 003 /wiki/RainerWasserfuhr2008
42c5549.04 42f95a6f 70a047 h ???????? 008 //rss.rdf
42c5624.c0 44b4e59c aec21f h ???????? 002 /robots.txt
42c5625.68 44b4e59c aec21f h ???????? 008 /love/4d
42c5cad.4d 33ff412b 433e9c h ???????? 002 /edit/30876001
42c5dda.7b a484a10a 433e9c h ???????? 003 /wiki/NorbertStreitz
42c60e4.d4 68830b2f 03bc36 h ???????? 017 /
42c64a0.5f 42f9414c 043937 h ???????? 008 /wiki/EdelMind
42c690f.40 cf2e0da8 6a88e8 h ???????? 003 /wiki/SimoneRebentisch
42c6964.74 42f9414c 043937 h ???????? 006 /wiki/HaiGirl
42c70a5.0e d94586ae 399ff9 h ???????? 008 /robots.txt
42c70a6.16 d94586b2 399ff9 h ???????? 017 /
42c72d6.87 5ec79716 d7494b h ???????? 002 /robots.txt
42c72eb.c6 5ec79716 d7494b h ???????? 01f /
42c7476.f3 42f95a6f 70a047 h ???????? 002 //rss.rdf
42c75a7.91 5f6cb561 e4b041 h ???????? 002 /robots.txt
42c75ab.7d 5f6cb561 e4b041 h ???????? 018 /
42c773a.6d ac686c6d 1066b4 h ???????? 018 /
42c7f12.62 0ed7b005 0672c9 h ???????? 004 //wiki/LockSchuppen&wd=test
42c7fdd.56 b2ffd755 c51fdf h ???????? 002 /robots.txt
42c7fdd.e6 b2ffd755 c51fdf h ???????? 019 /
42c831b.8a 4a7d4c22 55c2cd h ???????? 003 //rss.rdf
42c8734.26 42f9414c 043937 h ???????? 003 /wiki/OptIn
42c8756.7b 42f9414a 043937 h ???????? 003 /wiki/IhBay
42c877d.ee 42f9414a 043937 h ???????? 003 /wiki/XingLe
42c87a4.33 42f9414c 043937 h ???????? 003 /wiki/FaceBook
42c87cb.0b 42f9414a 043937 h ???????? 003 /wiki/HiroShima
42c87f2.90 42f9414a 043937 h ???????? 002 /wiki/TelePolis
42c881b.13 42f9414e 043937 h ???????? 002 /wiki/JoergStuebing
42c8849.bc 42f9414e 043937 h ???????? 002 /wiki/JuergenRuettgers
42c91dc.5c 42f95a6b 70a047 h ???????? 001 //rss.rdf
42c91e5.6b 42f9414c 043937 h ???????? 002 /wiki/LifeDay16093
42c939d.fc 5f6cb561 e4b041 h ???????? 002 /wiki/LockFutureSax
42c986a.17 cf2e0da8 6a88e8 h ???????? 01a /
42c9958.c1 44b4e56f aec21f h ???????? 001 //robots.txt
42c9966.d0 44b4e59c aec21f h ???????? 002 /wiki/WwWebLern
42c99a0.54 d9b68498 433e9c h ???????? 001 /edit/30946003
42c9b72.91 4706cac6 aadf09 h ???????? 002 /ccvv
42c9da6.1f b2d12a55 cc9bbb h ???????? 016 /
42ca86d.89 17143698 2baa92 h ???????? 012 /
42ca871.fd 369f7e15 2baa92 h ???????? 017 /
42cad2a.da 33ff4774 433e9c h ???????? 002 /edit/30296001
42cb26d.08 42f95a6d 70a047 h ???????? 001 //rss.rdf
42cb7e3.89 d9b68425 433e9c h ???????? 001 /edit/28346001
42cb959.f1 284da748 6a88e8 s ???????? 015 /
42cc985.07 44b4e59c aec21f h ???????? 002 /wiki
42cd154.45 42f9414c 043937 h ???????? 001 /robots.txt
42cd154.9a 42f9414a 043937 h ???????? 002 /wiki/ForschungszentrumJuelich
42cd156.15 b9dc6518 cc9bbb h ???????? 012 /
42cd472.e4 42f95a6d 70a047 h ???????? 002 //rss.rdf
42cd4cc.6e 8ba26ab5 976046 s ???????? 011 /
42cd5b7.9e 4e2e2319 7dfab1 h ???????? 001 //rss.jsp
42cd5b7.be 4e2e2319 7dfab1 h ???????? 001 //rss.jsp
42cd689.8a 9d3727a8 6a88e8 s ???????? 013 /
42cd73e.ba a3ac0499 0121e1 h ???????? 011 /
42cd775.85 33ff4136 433e9c h ???????? 001 /edit/27256001
42cdc57.55 b96457f7 011120 s ???????? 011 /
42cde6a.fd 33ff4783 433e9c h ???????? 002 /edit/25346008
42ce20c.79 42f94f3f 043937 s ???????? 002 /robots.txt
42ce20d.34 42f94f3c 043937 s ???????? 013 /
42ce5a4.47 42f94f28 043937 h ???????? 003 /wiki/SchlossMilkersdorf
42cec13.4f b289a520 4e9599 h ???????? 014 /
42cec13.7a b289a520 4e9599 h ???????? 001 /wp-includes/wlwmanifest.xml
42cec13.9f b289a520 4e9599 h ???????? 002 /xmlrpc.php
42cec13.c3 b289a520 4e9599 h ???????? 017 /
42cec13.f6 b289a520 4e9599 h ???????? 001 /blog/wp-includes/wlwmanifest.xml
42cec14.22 b289a520 4e9599 h ???????? 001 /wordpress/wp-includes/wlwmanifest.xml
42cec14.4f b289a520 4e9599 h ???????? 001 /wp/wp-includes/wlwmanifest.xml
42cec14.76 b289a520 4e9599 h ???????? 001 /site/wp-includes/wlwmanifest.xml
42cec14.9c b289a520 4e9599 h ???????? 001 /cms/wp-includes/wlwmanifest.xml
42cec89.d0 0585b70e a2996e h ???????? 002 //rss.rdf
42cf6cb.93 480ec7b0 70a047 h ???????? 006 //rss.rdf
42cf6fe.da bc285186 7dfab1 h ???????? 001 //rss.jsp
42cf6fe.fd bc285186 7dfab1 h ???????? 001 //rss.jsp
42cf987.04 33ff4154 433e9c h ???????? 002 /edit/24706001
42cf98e.40 bc285186 7dfab1 h ???????? 002 //rss.jsp
42cf98e.66 bc285186 7dfab1 h ???????? 001 //rss.jsp
