4300143.ab 5da03c20 1a69b5 h ???????? 01d /
4300203.a4 2ee5aac5 f523a4 h ???????? 019 /
4300224.83 5519d2ea 6de661 h ???????? 002 //robots.txt
4300718.40 58c61608 98ff8b h ???????? 007 /robots.txt
430091a.56 8ac56f8d 487ce2 h ???????? 01b /
430091f.53 8ac56f8d 487ce2 h ???????? 002 /alive/4
430091f.80 8ac56f8d 487ce2 h ???????? 001 /feel/4
4300aeb.cc 44b4e59c aec21f h ???????? 001 /blobs
4300c34.3a d8f442c7 2e51d1 h ???????? 002 /robots.txt
4300f24.13 42f94574 043937 s ???????? 004 /robots.txt
4300f24.a8 42f94570 043937 s ???????? 002 /wiki/AbFall
4300fe4.50 8ac56809 487ce2 h ???????? 015 /
43012c9.34 cf2e0d3e 6a88e8 h ???????? 003 /wiki/ShockLevel
43012ca.98 d8f442c7 2e51d1 h ???????? 01b /1
43013da.8b 44b4e59c aec21f h ???????? 002 /wiki/GeorgBaselitz
4301543.09 44b4e59c aec21f s ???????? 001 /robots.txt
4301543.e9 44b4e59c aec21f s ???????? 48e /memo
430177d.a2 0d38e541 c8c944 h ???????? 012 /
4301b70.07 42f95729 70a047 h ???????? 002 //rss.rdf
43023de.d7 42f9456a 043937 h ???????? 004 /wiki/LifeBacklog
43024f2.02 9d37270e 6a88e8 s ???????? 001 /robots.txt
430256e.41 284da720 6a88e8 s ???????? 01a /
43025c5.81 8dd47a90 ef60d6 h ???????? 016 /
4302c37.47 b44c0f17 a04d28 h ???????? 002 /wiki/FutureLab2056
43032b9.26 26633e5d c60c62 h ???????? 029 /
4303a58.e6 af2b703b 6c880a h ???????? 008 //wiki/
4303ba5.a3 6fce248c 0672c9 h ???????? 003 //wiki/
4303bdd.07 6fce2492 0672c9 h ???????? 002 //wiki/
4303c17.73 2eeb9ec4 e93a4d h ???????? 004 /wiki/OmniMetrie
4303c1b.32 c2289114 e93a4d h ???????? 002 /wiki/OmniMetrie
4303de4.5c 17161c0f 12df02 h ???????? 001 /robots.txt
4303df6.c2 17161c0f 0ae858 h ???????? 001 /robots.txt
4303e01.69 17161c0f b8fef7 h ???????? 004 /wiki/FutureLab2056
4303e3c.40 42f9572b 70a047 h ???????? 002 //rss.rdf
4303f53.8a 050952b7 6b78b5 h ???????? 024 /
4303f53.b9 050952b7 6b78b5 h ???????? 001 /robots.txt
4303f53.dd 050952b7 6b78b5 h ???????? 016 /
4303f90.2e 36a62a5a 12df02 h ???????? 002 /robots.txt
4303f9d.49 36a62a5a 0ae858 h ???????? 002 /robots.txt
4303fa8.2e 36a62a5a b8fef7 h ???????? 006 /wiki/FutureLab2056
4304162.49 44b4e732 aec21f h ???????? 008 /robots.txt
4304163.4a 44b4e59c aec21f h ???????? 002 /robots.txt
4304163.e3 44b4e59c aec21f h ???????? 002 /wiki/LockSchuppen
4304345.be d8f442e3 2e51d1 h ???????? 002 //robots.txt
4304d5e.94 284da737 6a88e8 s ???????? 017 /
430580f.29 d9b684ad 433e9c h ???????? 002 /edit/27466001
43058f4.ca 44b4e59c aec21f s ???????? 005 /robots.txt
43058f5.f7 44b4e59c aec21f s ???????? 013 /
4305c46.74 42f94566 043937 h ???????? 003 /wiki/UnParty
4305c47.f5 42f94568 043937 h ???????? 002 /wiki/KaiRopers
4305c67.e0 42f94566 043937 h ???????? 003 /wiki/JoyClub
4305c6d.e3 42f94568 043937 h ???????? 003 /wiki/FreyTrip
4305c75.65 42f94566 043937 h ???????? 003 /wiki/MoewChen
4305c7d.09 42f94566 043937 h ???????? 003 /wiki/BallChef
4305c84.ab 42f94566 043937 h ???????? 004 /wiki/CaptureIt
4305c8c.4d 42f94566 043937 h ???????? 006 /wiki/SimpleFax
4305c93.f5 42f94566 043937 h ???????? 002 /wiki/WebHistory
4305c9b.99 42f94568 043937 h ???????? 002 /wiki/FormSpring
4305ca3.43 42f94568 043937 h ???????? 002 /wiki/WikiTravel
4305caa.ea 42f94566 043937 h ???????? 003 /wiki/AppWikiWall
4305cb2.8e 42f94566 043937 h ???????? 003 /wiki/MissionPage
4305cba.46 42f94566 043937 h ???????? 003 /wiki/LiveAuskunft
4305cc1.e2 42f94566 043937 h ???????? 00a /wiki/EmpireAvenue
4305cc9.87 42f94566 043937 h ???????? 003 /wiki/ThirtyThings
4305cd1.31 42f94566 043937 h ???????? 003 /wiki/SingularTime
4305cd8.f0 42f94566 043937 h ???????? 004 /wiki/ThreePillars
4305ce0.80 42f94566 043937 h ???????? 002 /wiki/EricWahlforss
4305ce8.25 42f94566 043937 h ???????? 002 /wiki/PeoplePerHour
4305cef.c6 42f94566 043937 h ???????? 002 /wiki/GoogleHistory
4305cf7.75 42f94566 043937 h ???????? 002 /wiki/AgnesApotheke
4305cff.20 42f94566 043937 h ???????? 002 /wiki/GoogleLatitude
4305d06.ce 42f94566 043937 h ???????? 002 /wiki/AlexanderLjung
4305d0e.80 42f94568 043937 h ???????? 002 /wiki/PageNameCreator
4305d16.38 42f94566 043937 h ???????? 005 /wiki/GoogleTranslate
4305d1d.f7 42f94566 043937 h ???????? 002 /wiki/WikiWallBacklog
4305d25.b3 42f94566 043937 h ???????? 005 /wiki/FifthDiscipline
4305d2d.7f 42f94566 043937 h ???????? 002 /wiki/BundesPresseCamp
4305d35.68 42f94566 043937 h ???????? 002 /wiki/PamelaPaquinHall
4305d3d.a4 42f94566 043937 h ???????? 006 /wiki/YouTubeAnalytics
4305d88.4f 42f94566 043937 h ???????? 002 /wiki/StefanFeig
4305da4.1d 42f94568 043937 h ???????? 002 /wiki/TighTech
4305dc3.02 42f9456a 043937 h ???????? 003 /wiki/OneToAll
4305ddf.60 42f94568 043937 h ???????? 002 /wiki/InKorrupt
4305dfc.a3 42f94566 043937 h ???????? 003 /wiki/KeinAngst
4305e1a.3a 42f94568 043937 h ???????? 003 /wiki/ThomasRauh
4305e2a.73 5f6cb561 e4b041 h ???????? 002 /robots.txt
4305e2e.5d 5f6cb561 e4b041 h ???????? 013 /
4305e38.c4 42f94566 043937 h ???????? 003 /wiki/UlrichDeppendorf
4305e5b.ce 42f94566 043937 h ???????? 003 /wiki/LockSchuppenGroup
430608d.58 42f9572b 70a047 h ???????? 005 //rss.rdf
4306407.b5 9d37276f 6a88e8 h ???????? 017 /
4306454.e0 365b1edf 590f55 h ???????? 017 /
43064a4.27 4a5b17c2 c5e558 h ???????? 009 /wp-login.php
430679b.42 42f94574 043937 s ???????? 006 /apple-app-site-association
43068de.0c 4a5b17c2 0805c1 h ???????? 002 /wp-login.php
4307245.1a 42f94574 043937 s ???????? 005 /.well-known/apple-app-site-association
43079df.9e d5abdc98 a95ea1 h ???????? 004 //rss.rdf
4307be0.30 cf2e0d20 6a88e8 s ???????? 015 /
4307ca6.1d 44b4e59c aec21f h ???????? 003 /wiki/MassachusettsInstituteOfTechnology
4307e21.2a c0f33533 2e29b5 h ???????? 001 /robots.txt
4307e41.b5 c0f33533 ead292 h ???????? 002 /wiki/MarktJagd
43081a4.02 5f6cb561 e4b041 h ???????? 018 /
430830a.5b 42f9572b 70a047 h ???????? 002 //rss.rdf
4308c14.ce 9d37270e 6a88e8 s ???????? 001 /robots.txt
4308c2a.3d 284da737 6a88e8 s ???????? 02a /
4308da1.c7 05bc5707 1066b4 h ???????? 019 /
4309050.7d 9d37276f 6a88e8 s ???????? 1865 /age
43093ed.a3 cf2e0d4c 6a88e8 h ???????? 002 //robots.txt
4309da5.ce 42f94242 043937 h ???????? 008 /robots.txt
4309e40.df 42f9424c 043937 s ???????? 005 /.well-known/assetlinks.json
4309e52.f9 42f9425f 043937 h ???????? 029 /
4309ff8.f7 42f95c81 70a047 h ???????? 002 //rss.rdf
430a02c.d8 a4845b03 0be8c4 h ???????? 022 /
430a165.f7 55f8e3a4 cc9bbb h ???????? 014 /
430acf2.a2 42f94240 043937 h ???????? 001 /robots.txt
430ae21.13 9d372739 6a88e8 h ???????? 004 /robots.txt
430ae23.fe 9d37277a 6a88e8 h ???????? 013 /
430aefa.4c cf2e0d4c 6a88e8 h ???????? 002 //robots.txt
430b33d.48 9d37276f 6a88e8 h ???????? 003 /wiki/DataExplosion
430b38a.57 42f942d9 043937 s ???????? 015 /
430b8a8.ec 9d37276f 6a88e8 h ???????? 01e /
430bd07.df 42f95c81 70a047 h ???????? 004 //rss.rdf
430bf91.f0 3cbf264d 24f5f0 h ???????? 016 /
430c4c6.4a 4e2e2319 7dfab1 h ???????? 004 //rss.jsp
430c4c6.6f 4e2e2319 7dfab1 h ???????? 002 //rss.jsp
430c81d.05 42f95d28 3e1e22 h ???????? 02c /
430c81d.41 42f95d2a 3e1e22 h ???????? 002 /favicon.ico
430c92f.3a 8ba26c35 976046 h ???????? 012 /
430d06a.12 4a7d4c23 55c2cd h ???????? 002 //rss.rdf
430d2e5.7b 284da737 6a88e8 h ???????? 006 /wiki/WikiMind
430d7ab.1e 42f94240 043937 h ???????? 002 /hot/robots.txt
430d7c2.db 42f94240 622963 h ???????? 001 /hot
430d96b.ef a4845b03 959bc8 s ???????? 018 /
430dca0.9f 42f95c83 70a047 h ???????? 002 //rss.rdf
430df38.32 42f94240 043937 h ???????? 002 /robots.txt
430dffb.21 42f94240 043937 h ???????? 002 /crush
430e11e.69 42f9425f 622963 h ???????? 002 /crush
430e69c.40 bc285186 7dfab1 h ???????? 002 //rss.jsp
430e69c.65 bc285186 7dfab1 h ???????? 001 //rss.jsp
430e908.41 bc285186 7dfab1 h ???????? 002 //rss.jsp
430e908.68 bc285186 7dfab1 h ???????? 005 //rss.jsp
430e917.b1 364c4434 5132e1 h ???????? 013 /
430ec84.43 4d4b4ea6 6a9392 h ???????? 002 /robots.txt
430ec85.35 4d4b4ea6 6a9392 h ???????? 003 //wiki/LockSchuppen
430f20a.a2 bc285186 7dfab1 h ???????? 007 //rss.jsp
430f20a.ca bc285186 7dfab1 h ???????? 002 //rss.jsp
430f20f.91 42f94242 043937 h ???????? 003 /wiki/LpE
430f210.78 42f94242 043937 h ???????? 002 /wiki/IsA
430f212.6c 42f9425f 043937 h ???????? 003 /wiki/PeP
430f23b.af bc285186 7dfab1 h ???????? 002 //rss.jsp
430f23b.d3 bc285186 7dfab1 h ???????? 001 //rss.jsp
430f600.43 9e457636 fdc79c h ???????? 019 /
430f77e.f2 543db865 691b9e h ???????? 01e /
430f79e.fe 42f9425f 622963 h ???????? 01f /
430f7ce.1b b218dca1 8d2e23 h ???????? 002 /company/index.jsp
430f97d.5b 42f95c83 70a047 h ???????? 002 //rss.rdf
430fa0a.aa 462a83aa bcf9bf h ???????? 002 /manager/html
430fad3.0f a434008d 7a122d h ???????? 017 /
430fb07.c8 22fbab82 042261 h ???????? 002 /robots.txt
430fb08.aa 22fbab82 042261 h ???????? 012 /
