445052e.b6 36249517 433e9c h ???????? 003 /edit/29146006
44508ac.0d 42f95a6f 70a047 h ???????? 003 //rss.rdf
4450aaa.c2 42f9414c 043937 h ???????? 005 /wiki/RealLife
4450ccf.1e 362494ba 433e9c h ???????? 003 /edit/28016003
4450ea9.76 b9a5a937 cc9bbb h ???????? 04f /
4451733.a0 36249458 433e9c h ???????? 003 /noo
445176b.3b b44c0f8c a04d28 h ???????? 01e /
445180b.99 44b4e59c aec21f h ???????? 007 /wiki/EmotivEpoc
4451a6c.e4 3ed2a2f3 646bf4 h ???????? 003 /phpmyadmin/import.php
4451a6d.0e 3ed2a2f3 646bf4 h ???????? 002 /phpMyAdmin/import.php
4451a6d.37 3ed2a2f3 646bf4 h ???????? 003 /pma/import.php
4451a6d.62 3ed2a2f3 646bf4 h ???????? 002 /mysql/import.php
4451a6d.94 3ed2a2f3 646bf4 h ???????? 003 /sqlmanager/import.php
4451a6d.c0 3ed2a2f3 646bf4 h ???????? 003 /msd/main.php
4451a6d.f4 3ed2a2f3 646bf4 h ???????? 003 /msd1.24.4/main.php
4451a6e.23 3ed2a2f3 646bf4 h ???????? 003 /mysqldumper/main.php
4451a6e.50 3ed2a2f3 646bf4 h ???????? 003 /mysql/main.php
4451a6e.7f 3ed2a2f3 646bf4 h ???????? 004 /dumper/main.php
4451afc.43 586313f2 028fc4 h ???????? 003 /robots.txt
4451b02.e3 586313f2 028fc4 h ???????? 003 /rss.jsp
4451b08.3c 586313f2 028fc4 h ???????? 003 /rss.jsp
4451b0e.ba 586313f2 028fc4 h ???????? 003 /rss.jsp
4451b14.2b 586313f2 028fc4 h ???????? 003 /rss.jsp
4451b1e.f5 586313f2 028fc4 h ???????? 003 /rss.jsp
4451b2a.08 586313f2 028fc4 h ???????? 004 /rss.jsp
4451b2e.86 586313f2 028fc4 h ???????? 003 /rss.jsp
4451b39.42 586313f2 028fc4 h ???????? 003 /rss.jsp
4451b40.ae 586313f2 028fc4 h ???????? 003 /rss.jsp
4451b46.af 586313f2 028fc4 h ???????? 003 /rss.jsp
4451b52.38 586313f2 028fc4 h ???????? 003 /rss.jsp
4451b5a.cf 586313f2 028fc4 h ???????? 003 /rss.jsp
4451b60.80 586313f2 028fc4 h ???????? 004 /rss.jsp
4451b68.0a 586313f2 028fc4 h ???????? 003 /rss.jsp
4451b6e.37 586313f2 028fc4 h ???????? 003 /rss.jsp
4451b76.2b 586313f2 028fc4 h ???????? 003 /rss.jsp
4451b80.b6 586313f2 028fc4 h ???????? 003 /rss.jsp
4451b89.a6 586313f2 028fc4 h ???????? 003 /rss.jsp
4451b90.2e 586313f2 028fc4 h ???????? 003 /rss.jsp
4451b96.75 586313f2 028fc4 h ???????? 003 /rss.jsp
4451b9b.e3 586313f2 028fc4 h ???????? 003 /rss.jsp
4451ba1.fb 586313f2 028fc4 h ???????? 003 /rss.jsp
4451ba8.91 586313f2 028fc4 h ???????? 003 /rss.jsp
4451bb6.99 586313f2 028fc4 h ???????? 003 /rss.jsp
4451bbb.b9 586313f2 028fc4 h ???????? 003 /rss.jsp
4451bc4.91 586313f2 028fc4 h ???????? 003 /rss.jsp
4451bcc.9b 586313f2 028fc4 h ???????? 003 /rss.jsp
4451bd3.4d 586313f2 028fc4 h ???????? 003 /rss.jsp
4451be1.6a 586313f2 028fc4 h ???????? 004 /rss.jsp
4451bee.8f 586313f2 028fc4 h ???????? 004 /rss.jsp
4451bf4.c5 586313f2 028fc4 h ???????? 004 /rss.jsp
4451c06.6b 586313f2 028fc4 h ???????? 003 /rss.jsp
4451c0d.ca 586313f2 028fc4 h ???????? 003 /rss.jsp
4451c14.ce 586313f2 028fc4 h ???????? 003 /rss.jsp
4451c22.d1 586313f2 028fc4 h ???????? 003 /rss.jsp
4451c2c.db 586313f2 028fc4 h ???????? 003 /rss.jsp
4451c32.6c 586313f2 028fc4 h ???????? 003 /rss.jsp
4451c3a.77 586313f2 028fc4 h ???????? 003 /rss.jsp
4451c43.16 586313f2 028fc4 h ???????? 003 /rss.jsp
4451c4b.7b 586313f2 028fc4 h ???????? 003 /rss.jsp
4451c53.94 586313f2 028fc4 h ???????? 003 /rss.jsp
4451c59.46 586313f2 028fc4 h ???????? 003 /rss.jsp
4451c61.08 586313f2 028fc4 h ???????? 004 /rss.jsp
4451c69.ce 586313f2 028fc4 h ???????? 003 /rss.jsp
4451c6d.cc 42f9414c 043937 h ???????? 006 /wiki/MindGene
4451c71.a5 586313f2 028fc4 h ???????? 003 /rss.jsp
4451c77.45 586313f2 028fc4 h ???????? 003 /rss.jsp
4451c80.14 586313f2 028fc4 h ???????? 003 /rss.jsp
4451c84.ec 586313f2 028fc4 h ???????? 003 /rss.jsp
4451c8c.4c 586313f2 028fc4 h ???????? 003 /rss.jsp
4451c98.95 586313f2 028fc4 h ???????? 003 /rss.jsp
4451ca0.d1 586313f2 028fc4 h ???????? 003 /rss.jsp
4451ca8.3b 586313f2 028fc4 h ???????? 004 /rss.jsp
4451cb4.f9 586313f2 028fc4 h ???????? 004 /rss.jsp
4451cbd.1b 586313f2 028fc4 h ???????? 004 /rss.jsp
4451ccb.21 586313f2 028fc4 h ???????? 004 /rss.jsp
4451cd1.b0 586313f2 028fc4 h ???????? 004 /rss.jsp
4451cd8.b8 586313f2 028fc4 h ???????? 003 /rss.jsp
4451cdf.7f 586313f2 028fc4 h ???????? 003 /rss.jsp
4451ce6.54 586313f2 028fc4 h ???????? 003 /rss.jsp
4451cef.5c 586313f2 028fc4 h ???????? 004 /rss.jsp
4451cf9.4b 586313f2 028fc4 h ???????? 004 /rss.jsp
4451d03.58 586313f2 028fc4 h ???????? 003 /rss.jsp
4451d11.61 586313f2 028fc4 h ???????? 004 /rss.jsp
4451d1e.e9 586313f2 028fc4 h ???????? 004 /rss.jsp
4451d27.4d 586313f2 028fc4 h ???????? 004 /rss.jsp
4451d2c.0c 586313f2 028fc4 h ???????? 003 /rss.jsp
4451d34.87 586313f2 028fc4 h ???????? 006 /wiki/AlGore
4451d4e.5d 586313f2 028fc4 h ???????? 005 /wiki/AlterMarkt
4451d5c.c8 586313f2 028fc4 h ???????? 006 /wiki/AlternateReality
4451d72.bc 586313f2 028fc4 h ???????? 005 /wiki/AlvaroGraves
4451d81.ad 586313f2 028fc4 h ???????? 006 /wiki/AlvinToffler
4451d8e.7f 586313f2 028fc4 h ???????? 005 /wiki/AmartyaSen
4451daa.d8 586313f2 028fc4 h ???????? 005 /wiki/AmeedeeCourbet
4451db9.1e 586313f2 028fc4 h ???????? 005 /wiki/AmySmith
4451dc6.cd 586313f2 028fc4 h ???????? 006 /wiki/AnDroid
4451dd3.93 586313f2 028fc4 h ???????? 006 /wiki/AnOnym
4451de1.a3 586313f2 028fc4 h ???????? 006 /wiki/AndreKoehler
4451ded.d4 586313f2 028fc4 h ???????? 006 /wiki/AndreaBack
4451dff.72 586313f2 028fc4 h ???????? 006 /wiki/AndreasAbecker
4451e0c.45 586313f2 028fc4 h ???????? 005 /wiki/ArtKleiner
4451e1c.90 586313f2 028fc4 h ???????? 005 /wiki/BlipFm
4451e2c.71 586313f2 028fc4 h ???????? 006 /wiki/BrasilBecher
4451e3a.d2 586313f2 028fc4 h ???????? 006 /wiki/CatzAndDogz
4451e4f.77 586313f2 028fc4 h ???????? 006 /wiki/CeSarTrackingTool
4451e64.1c 586313f2 028fc4 h ???????? 006 /wiki/ChristianSery
4451e70.9a 586313f2 028fc4 h ???????? 005 /wiki/ChristofKoch
4451e83.81 586313f2 028fc4 h ???????? 005 /wiki/CloJure
4451e92.2a 586313f2 028fc4 h ???????? 005 /wiki/ConTribute
4451ea4.c1 586313f2 028fc4 h ???????? 006 /wiki/CondicioHumana
4451eb4.bb 586313f2 028fc4 h ???????? 005 /wiki/DanielTammet
4451ec8.45 586313f2 028fc4 h ???????? 006 /wiki/EdgarSchein
4451ed4.d6 586313f2 028fc4 h ???????? 006 /wiki/EmPolis
4451eec.c0 586313f2 028fc4 h ???????? 006 /wiki/FolieEtDeraison
4451f00.07 586313f2 028fc4 h ???????? 006 /wiki/FrankaBaddura
4451f11.de 586313f2 028fc4 h ???????? 006 /wiki/FsmKodex
4451f21.ad 586313f2 028fc4 h ???????? 006 /wiki/GerdPriebe
4451f34.9b 586313f2 028fc4 h ???????? 006 /wiki/GoIchijo
4451f49.a2 586313f2 028fc4 h ???????? 006 /wiki/GoldschmiedeLehmann
4451f56.0f 586313f2 028fc4 h ???????? 007 /wiki/GoodRelations
4451f67.f8 586313f2 028fc4 h ???????? 006 /wiki/GottfriedVossen
4451f77.46 586313f2 028fc4 h ???????? 006 /wiki/GranTorino
4451f85.0c 586313f2 028fc4 h ???????? 005 /wiki/GruenderFoyer
4451f9a.31 586313f2 028fc4 h ???????? 024 /wiki/HotelKipping
4451faa.b1 586313f2 028fc4 h ???????? 006 /wiki/HowardRheingold
4451fbf.3d 586313f2 028fc4 h ???????? 007 /wiki/JcrLicklider
4451fd5.3e 586313f2 028fc4 h ???????? 006 /wiki/JeannineErler
4451fe1.54 586313f2 028fc4 h ???????? 006 /wiki/JensLehmann2
4451ff0.d3 586313f2 028fc4 h ???????? 006 /wiki/JoachimVonRibbentrop
4452002.a7 586313f2 028fc4 h ???????? 006 /wiki/JoanFeigenbaum
445200f.3a 586313f2 028fc4 h ???????? 006 /wiki/JochenBaumeister
445201e.87 586313f2 028fc4 h ???????? 007 /wiki/JochenBaumeister
445202c.4b 586313f2 028fc4 h ???????? 007 /wiki/JosephRosen
445203a.34 586313f2 028fc4 h ???????? 006 /wiki/JosephSmarr
4452048.74 586313f2 028fc4 h ???????? 006 /wiki/JuliaSeeliger
4452058.60 586313f2 028fc4 h ???????? 006 /wiki/JuliusHuebner
4452067.a6 586313f2 028fc4 h ???????? 006 /wiki/JumeirahBeach
445207e.71 586313f2 028fc4 h ???????? 006 /wiki/JupiterBrain
4452093.8a 586313f2 028fc4 h ???????? 006 /wiki/JustinTv
445209c.f2 9d372790 6a88e8 h ???????? 005 /robots.txt
445209e.59 284da74e 6a88e8 h ???????? 006 /wiki/MindProps
44520a1.78 586313f2 028fc4 h ???????? 006 /wiki/KahnaLetto
44520b5.33 586313f2 028fc4 h ???????? 006 /wiki/KaiREmde
44520ca.5c 586313f2 028fc4 h ???????? 006 /wiki/KayGroschen
44520da.a8 586313f2 028fc4 h ???????? 007 /wiki/KinWahLoh
44520eb.f2 586313f2 028fc4 h ???????? 007 /wiki/KlausHommels
44520fa.b6 586313f2 028fc4 h ???????? 006 /wiki/KoboldMaki
4452111.99 586313f2 028fc4 h ???????? 007 /wiki/KuehlungsBorn
4452121.ec 586313f2 028fc4 h ???????? 006 /wiki/LeAnder
4452135.35 586313f2 028fc4 h ???????? 006 /wiki/LeanEnterpriseInstitute
4452149.a0 586313f2 028fc4 h ???????? 006 /wiki/LebensStile2020
445215b.d9 586313f2 028fc4 h ???????? 006 /wiki/LockConsult
445216f.4f 586313f2 028fc4 h ???????? 007 /wiki/MarcusBertelsmeier
445217a.ce 586313f2 028fc4 h ???????? 006 /wiki/MarcusHutter
445218a.d1 586313f2 028fc4 h ???????? 007 /wiki/MarkosKyprianou
4452199.f1 586313f2 028fc4 h ???????? 006 /wiki/MindGame
44521b2.45 586313f2 028fc4 h ???????? 007 /wiki/MissionOne
44521c2.e8 586313f2 028fc4 h ???????? 006 /wiki/PiratesSociety
44521ce.bc 586313f2 028fc4 h ???????? 006 /wiki/RachelGoshorn
44521ea.52 586313f2 028fc4 h ???????? 007 /wiki/RainaldSchueckens
44521fa.10 586313f2 028fc4 h ???????? 007 /wiki/RamuYalamanchi
4452205.e4 586313f2 028fc4 h ???????? 007 /wiki/RePower
4452217.04 586313f2 028fc4 h ???????? 006 /wiki/RobertGreifeld
4452226.21 586313f2 028fc4 h ???????? 00a /wiki/SchubLade
445223f.88 586313f2 028fc4 h ???????? 006 /wiki/SchuppenClj
4452250.e3 586313f2 028fc4 h ???????? 007 /wiki/SchwarzMarkt
4452262.76 586313f2 028fc4 h ???????? 008 /wiki/SchwarzUndWeiss
445226f.38 586313f2 028fc4 h ???????? 007 /wiki/SchwebeBahn
445227b.a5 586313f2 028fc4 h ???????? 002 /wiki/SchwedtOder
445228a.d5 586313f2 028fc4 h ???????? 002 /wiki/SchweigeSpirale
44522a5.1c 586313f2 028fc4 h ???????? 002 /wiki/SciFi
44522b9.73 586313f2 028fc4 h ???????? 002 /wiki/ScottAaronson
44522cd.49 586313f2 028fc4 h ???????? 002 /wiki/ScreenCast
44522e2.e5 586313f2 028fc4 h ???????? 001 /wiki/ScreenR
44522f2.80 586313f2 028fc4 h ???????? 002 /wiki/ScrumProcess
4452306.8d 586313f2 028fc4 h ???????? 002 /wiki/SdCard
4452316.c2 586313f2 028fc4 h ???????? 002 /wiki/SdRm
445232c.cb 586313f2 028fc4 h ???????? 002 /wiki/SeMaTech
4452344.c5 586313f2 028fc4 h ???????? 002 /wiki/SeNs
4452358.9f 586313f2 028fc4 h ???????? 002 /wiki/SeTo
4452364.4b 9d372756 6a88e8 h ???????? 011 /
445236b.b0 586313f2 028fc4 h ???????? 002 /wiki/SeaBlue
445237a.f7 586313f2 028fc4 h ???????? 002 /wiki/SeaLaunch
445238e.e0 586313f2 028fc4 h ???????? 002 /wiki/SeaLevel
44523a0.8b 586313f2 028fc4 h ???????? 002 /wiki/SeaMeWe3
44523b0.74 586313f2 028fc4 h ???????? 002 /wiki/SeaNation
44523c1.81 586313f2 028fc4 h ???????? 003 /wiki/SeaSteading
44523d2.b3 586313f2 028fc4 h ???????? 002 /wiki/SebastianBoehm
44523e3.25 586313f2 028fc4 h ???????? 002 /wiki/SebastianBoehm2
44523ea.fd 36249433 433e9c h ???????? 002 /edit/27386001
44523f5.e6 586313f2 028fc4 h ???????? 002 /wiki/SebastianHellmann
4452405.7e 586313f2 028fc4 h ???????? 002 /wiki/SebastianKuepers
445241a.2c 586313f2 028fc4 h ???????? 002 /wiki/SebastianPelzer
445242b.42 586313f2 028fc4 h ???????? 002 /wiki/SebastianRudolph
4452439.70 586313f2 028fc4 h ???????? 002 /wiki/SebastianSylvester
445244d.b8 586313f2 028fc4 h ???????? 002 /wiki/SebastianThrun
445245b.f5 586313f2 028fc4 h ???????? 002 /wiki/SebastienPaquet
445246d.3b 586313f2 028fc4 h ???????? 002 /wiki/SecessionsBau
4452480.1c 586313f2 028fc4 h ???????? 003 /wiki/SechsDreiFuenf
445248e.19 586313f2 028fc4 h ???????? 002 /wiki/SecondBeethoven
44524a0.a0 586313f2 028fc4 h ???????? 002 /wiki/SecondHalfOfTheChessboard
44524ba.0c 586313f2 028fc4 h ???????? 003 /wiki/SecondManassas
44524cb.83 586313f2 028fc4 h ???????? 003 /wiki/SecondMind
44524df.94 586313f2 028fc4 h ???????? 002 /wiki/SeeBenisch
44524f6.20 586313f2 028fc4 h ???????? 002 /wiki/SeeReal
4452507.ba 586313f2 028fc4 h ???????? 003 /wiki/SeedMatch
445251e.e8 586313f2 028fc4 h ???????? 002 /wiki/SegWay
4452528.cc 586313f2 028fc4 h ???????? 002 /wiki/SeiMutig
4452537.a2 586313f2 028fc4 h ???????? 002 /wiki/SemanticDresden
4452546.5d 586313f2 028fc4 h ???????? 003 /wiki/SemanticSystem
4452551.7f 586313f2 028fc4 h ???????? 002 /wiki/SemanticWebChallenge
4452568.4d 586313f2 028fc4 h ???????? 003 /wiki/SemperOpernBall
445257d.80 586313f2 028fc4 h ???????? 003 /wiki/SenSe
4452589.a7 586313f2 028fc4 h ???????? 002 /wiki/SensitivityAnalysis
445259a.61 586313f2 028fc4 h ???????? 002 /wiki/SeoUl
44525ab.f0 586313f2 028fc4 h ???????? 003 /wiki/SerialNumber
44525bc.70 586313f2 028fc4 h ???????? 002 /wiki/SeriousGame
44525cc.82 586313f2 028fc4 h ???????? 002 /wiki/SessionOne
44525e1.a0 586313f2 028fc4 h ???????? 003 /wiki/SethLloyd
44525f3.f8 586313f2 028fc4 h ???????? 002 /wiki/SetoSocial
4452606.19 586313f2 028fc4 h ???????? 002 /wiki/ShangHai
4452619.c5 586313f2 028fc4 h ???????? 003 /wiki/ShashiSeth
445262b.5d 586313f2 028fc4 h ???????? 003 /wiki/SiAi
445263f.08 586313f2 028fc4 h ???????? 002 /wiki/SiSanien
4452652.b9 586313f2 028fc4 h ???????? 003 /wiki/SiedePunkt
4452662.7d 586313f2 028fc4 h ???????? 002 /wiki/SilkeGeithner
4452673.c0 586313f2 028fc4 h ???????? 002 /wiki/SilkeSchulze
4452683.de 586313f2 028fc4 h ???????? 003 /wiki/SilvioPfundt
445268c.da 586313f2 028fc4 h ???????? 002 /wiki/SimCard
445269d.48 586313f2 028fc4 h ???????? 003 /wiki/SimoneDeBeauvoir
44526b1.93 586313f2 028fc4 h ???????? 002 /wiki/SimoneRebentisch
44526c8.53 586313f2 028fc4 h ???????? 003 /wiki/SimpleFax
44526d6.d0 586313f2 028fc4 h ???????? 003 /wiki/SingCom
44526e7.15 586313f2 028fc4 h ???????? 002 /wiki/SingleTon
44526fb.c4 586313f2 028fc4 h ???????? 003 /wiki/SingularAcademy
445270a.b6 586313f2 028fc4 h ???????? 003 /wiki/SingularBeer
445271c.a5 586313f2 028fc4 h ???????? 003 /wiki/SingularBooster
445272c.c8 586313f2 028fc4 h ???????? 003 /wiki/SingularLeuchtTurm
4452740.05 586313f2 028fc4 h ???????? 003 /wiki/SingularMaus
4452751.ee 586313f2 028fc4 h ???????? 003 /wiki/SingularSummerDresden
4452762.8e 586313f2 028fc4 h ???????? 003 /wiki/SingularWiki
4452773.62 586313f2 028fc4 h ???????? 003 /wiki/StottMeister
4452789.4d 586313f2 028fc4 h ???????? 003 /wiki/SusiMueller
44527a0.7a 586313f2 028fc4 h ???????? 002 /wiki/WeinKult
44527b6.db 586313f2 028fc4 h ???????? 003 /wiki/WikiLender
44527cf.be 586313f2 028fc4 h ???????? 003 /wiki/WollnerVilla
44527e1.ce 586313f2 028fc4 h ???????? 003 /wiki/ZettDeEff
44527f9.27 586313f2 028fc4 h ???????? 003 /wiki/ZollHof
4452809.24 586313f2 028fc4 h ???????? 003 /wiki/ZuKuenfte
445286c.aa 284da766 6a88e8 h ???????? 003 /wiki/EstherDyson
4452e30.e2 42f9414c 043937 h ???????? 003 /wiki/FreeBase
4452eb5.70 5f6cb561 e4b041 h ???????? 003 /robots.txt
4452eb9.58 5f6cb561 e4b041 h ???????? 003 /wiki/SeaNation
4452ebd.51 8d088e6f e4b041 h ???????? 003 /wiki/RainerTest
44530db.cb 42f95a6b 70a047 h ???????? 002 //rss.rdf
4453275.7f 4a7d4c23 55c2cd h ???????? 002 //rss.rdf
44533a6.0d 68831ed0 6a9be8 h ???????? 019 /
44534a3.40 284da74e 6a88e8 h ???????? 003 /wiki/KarlSchaum
4453739.b5 22eb87e8 b9a45b h ???????? 01c /1
4453824.8d 9d372756 6a88e8 h ???????? 004 /wiki/CamelCase
4453a5e.9e 88f344e2 028fc4 h ???????? 003 /robots.txt
4453a61.94 88f344e2 028fc4 h ???????? 002 /rss.jsp
4453a64.a4 88f344e2 028fc4 h ???????? 002 /rss.jsp
4453a67.80 88f344e2 028fc4 h ???????? 001 /rss.jsp
4453a6a.65 88f344e2 028fc4 h ???????? 002 /rss.jsp
4453a6d.5a 88f344e2 028fc4 h ???????? 002 /rss.jsp
4453a70.3a 88f344e2 028fc4 h ???????? 002 /rss.jsp
4453a73.43 88f344e2 028fc4 h ???????? 001 /rss.jsp
4453a76.2b 88f344e2 028fc4 h ???????? 002 /wiki/WpiEdu
4453a7c.96 88f344e2 028fc4 h ???????? 003 /wiki/XingId
4453a81.78 88f344e2 028fc4 h ???????? 003 /wiki/XingMas2008
4453a86.8a 88f344e2 028fc4 h ???????? 003 /wiki/XingPolicy
4453a8b.65 88f344e2 028fc4 h ???????? 003 /wiki/XinkaiLi
4453a90.6b 88f344e2 028fc4 h ???????? 003 /wiki/XmPp
4453a95.74 88f344e2 028fc4 h ???????? 003 /wiki/XpathLanguage
4453a9a.6e 88f344e2 028fc4 h ???????? 003 /wiki/YenidzeDresden
4453a9f.71 88f344e2 028fc4 h ???????? 003 /wiki/YossiVardi
4453aa4.73 88f344e2 028fc4 h ???????? 003 /wiki/ZahaHadid
4453aa9.30 88f344e2 028fc4 h ???????? 003 /wiki/ZettDeEff
4453aae.14 88f344e2 028fc4 h ???????? 003 /wiki/ZollHof
4453ab3.3b 88f344e2 028fc4 h ???????? 003 /wiki/ZuKuenfte
4453ab8.5e 88f344e2 028fc4 h ???????? 004 /wiki/ZugStrom
4453abd.20 88f344e2 028fc4 h ???????? 003 /wiki/ZukunftsForum
4453ac2.46 88f344e2 028fc4 h ???????? 003 /wiki/ZunaVision
4453ac7.2a 88f344e2 028fc4 h ???????? 003 /wiki/ZwickMuehle
4453acc.13 88f344e2 028fc4 h ???????? 004 /wiki/ZyngaInc
4453acf.17 88f344e2 028fc4 h ???????? 002 /robots.txt
4453ad2.27 88f344e2 028fc4 h ???????? 001 /rss.jsp
4453ad5.53 88f344e2 028fc4 h ???????? 002 /rss.jsp
4453ad8.5a 88f344e2 028fc4 h ???????? 002 /rss.jsp
4453adb.67 88f344e2 028fc4 h ???????? 002 /rss.jsp
4453ade.94 88f344e2 028fc4 h ???????? 002 /rss.jsp
4453ae1.74 88f344e2 028fc4 h ???????? 002 /rss.jsp
4453ae4.82 88f344e2 028fc4 h ???????? 002 /rss.jsp
4453ae7.95 88f344e2 028fc4 h ???????? 002 /rss.jsp
4453aea.a6 88f344e2 028fc4 h ???????? 002 /rss.jsp
4453aed.b7 88f344e2 028fc4 h ???????? 002 /rss.jsp
4453af0.c3 88f344e2 028fc4 h ???????? 002 /rss.jsp
4453af3.d5 88f344e2 028fc4 h ???????? 002 /rss.jsp
4453af6.c0 88f344e2 028fc4 h ???????? 01d /rss.jsp
4453af9.f3 88f344e2 028fc4 h ???????? 002 /rss.jsp
4453afc.d8 88f344e2 028fc4 h ???????? 002 /rss.jsp
4453aff.e1 88f344e2 028fc4 h ???????? 003 /rss.jsp
4453b02.ec 88f344e2 028fc4 h ???????? 002 /rss.jsp
4453b05.c7 88f344e2 028fc4 h ???????? 00b /rss.jsp
4453b08.fc 88f344e2 028fc4 h ???????? 002 /rss.jsp
4453b0c.1f 88f344e2 028fc4 h ???????? 002 /rss.jsp
4453b0f.1c 88f344e2 028fc4 h ???????? 002 /rss.jsp
4453b12.10 88f344e2 028fc4 h ???????? 002 /rss.jsp
4453b15.3b 88f344e2 028fc4 h ???????? 002 /rss.jsp
4453b18.0e 88f344e2 028fc4 h ???????? 002 /rss.jsp
4453b1b.1c 88f344e2 028fc4 h ???????? 002 /rss.jsp
4453b1e.28 88f344e2 028fc4 h ???????? 002 /rss.jsp
4453b21.3d 88f344e2 028fc4 h ???????? 002 /rss.jsp
4453b24.67 88f344e2 028fc4 h ???????? 002 /rss.jsp
4453b27.70 88f344e2 028fc4 h ???????? 003 /rss.jsp
4453b2a.79 88f344e2 028fc4 h ???????? 003 /rss.jsp
4453b2d.a5 88f344e2 028fc4 h ???????? 002 /rss.jsp
4453b30.a9 88f344e2 028fc4 h ???????? 002 /rss.jsp
4453b33.ac 88f344e2 028fc4 h ???????? 002 /rss.jsp
4453b36.8d 88f344e2 028fc4 h ???????? 002 /rss.jsp
4453b39.94 88f344e2 028fc4 h ???????? 002 /rss.jsp
4453b3c.7a 88f344e2 028fc4 h ???????? 003 /rss.jsp
4453b3f.a8 88f344e2 028fc4 h ???????? 002 /rss.jsp
4453b42.b3 88f344e2 028fc4 h ???????? 002 /rss.jsp
4453b45.e5 88f344e2 028fc4 h ???????? 002 /rss.jsp
4453b49.09 88f344e2 028fc4 h ???????? 002 /rss.jsp
4453b4c.1a 88f344e2 028fc4 h ???????? 002 /rss.jsp
4453b4f.50 88f344e2 028fc4 h ???????? 009 /rss.jsp
4453b52.77 88f344e2 028fc4 h ???????? 004 /rss.jsp
4453b56.ae 88f344e2 028fc4 h ???????? 002 /rss.jsp
4453b59.9d 88f344e2 028fc4 h ???????? 003 /rss.jsp
4453b5c.6b 88f344e2 028fc4 h ???????? 002 /rss.jsp
4453b5f.5e 88f344e2 028fc4 h ???????? 002 /rss.jsp
4453b62.87 88f344e2 028fc4 h ???????? 002 /rss.jsp
4453b65.a0 88f344e2 028fc4 h ???????? 002 /rss.jsp
4453b68.c0 88f344e2 028fc4 h ???????? 002 /rss.jsp
4453b6b.b2 88f344e2 028fc4 h ???????? 003 /rss.jsp
4453b6e.cc 88f344e2 028fc4 h ???????? 002 /rss.jsp
4453b71.dc 88f344e2 028fc4 h ???????? 002 /rss.jsp
4453b74.f3 88f344e2 028fc4 h ???????? 004 /rss.jsp
4453b78.34 88f344e2 028fc4 h ???????? 004 /rss.jsp
4453b7b.56 88f344e2 028fc4 h ???????? 003 /rss.jsp
4453b7e.79 88f344e2 028fc4 h ???????? 003 /rss.jsp
4453b81.99 88f344e2 028fc4 h ???????? 003 /rss.jsp
4453b84.71 88f344e2 028fc4 h ???????? 002 /rss.jsp
4453b87.b9 88f344e2 028fc4 h ???????? 002 /rss.jsp
4453b8a.cf 88f344e2 028fc4 h ???????? 003 /rss.jsp
4453b8d.f5 88f344e2 028fc4 h ???????? 003 /rss.jsp
4453b91.11 88f344e2 028fc4 h ???????? 004 /wiki/AlGore
4453b95.ef 88f344e2 028fc4 h ???????? 003 /wiki/AlterMarkt
4453b9b.16 88f344e2 028fc4 h ???????? 004 /wiki/AlternateReality
4453b9f.b8 88f344e2 028fc4 h ???????? 003 /wiki/AlvaroGraves
4453bad.51 88f344e2 028fc4 h ???????? 004 /wiki/AlvinToffler
4453bb2.6a 88f344e2 028fc4 h ???????? 004 /wiki/AmartyaSen
4453bb7.47 88f344e2 028fc4 h ???????? 004 /wiki/AmeedeeCourbet
4453bbc.27 88f344e2 028fc4 h ???????? 003 /wiki/AmySmith
4453bc0.ce 88f344e2 028fc4 h ???????? 004 /wiki/AnDroid
4453bc5.f5 88f344e2 028fc4 h ???????? 004 /wiki/AnOnym
4453bcb.38 88f344e2 028fc4 h ???????? 004 /wiki/AndreKoehler
4453bd0.9d 88f344e2 028fc4 h ???????? 003 /wiki/AndreaBack
4453bd5.a9 88f344e2 028fc4 h ???????? 004 /wiki/AndreasAbecker
4453bda.c7 88f344e2 028fc4 h ???????? 004 /wiki/BrasilBecher
4453bdf.80 88f344e2 028fc4 h ???????? 004 /wiki/GoIchijo
4453be4.87 88f344e2 028fc4 h ???????? 004 /wiki/MarcusBertelsmeier
4453be9.8b 88f344e2 028fc4 h ???????? 004 /wiki/MarcusHutter
4453bf1.64 88f344e2 028fc4 h ???????? 00e /robots.txt
4453bf4.58 88f344e2 028fc4 h ???????? 004 /wiki/GoldschmiedeLehmann
4453bf9.4a 88f344e2 028fc4 h ???????? 004 /wiki/GoodByeLenin
4453bfe.6e 88f344e2 028fc4 h ???????? 004 /wiki/GoodRelations
4453c03.70 88f344e2 028fc4 h ???????? 004 /wiki/GoodRelations
4453c08.b4 88f344e2 028fc4 h ???????? 004 /wiki/GoogleApocalypse
4453c0d.62 88f344e2 028fc4 h ???????? 004 /wiki/HallenProjekt
4453c12.6d 88f344e2 028fc4 h ???????? 004 /wiki/HotelKipping
4453c17.97 88f344e2 028fc4 h ???????? 005 /wiki/HowardRheingold
4453c1d.85 88f344e2 028fc4 h ???????? 004 /wiki/JcrLicklider
4453c22.b2 88f344e2 028fc4 h ???????? 004 /wiki/JeanneMoreau
4453c27.f6 88f344e2 028fc4 h ???????? 004 /wiki/JeannineErler
4453c2d.08 88f344e2 028fc4 h ???????? 004 /wiki/JeffJarvis
4453c32.37 88f344e2 028fc4 h ???????? 004 /wiki/JensKnoblich
4453c37.3f 88f344e2 028fc4 h ???????? 004 /wiki/JensLehmann2
4453c38.88 a801803e c5c81c h ???????? 01f /
4453c3c.39 88f344e2 028fc4 h ???????? 005 /wiki/JensUweSommerschuh
4453c41.43 88f344e2 028fc4 h ???????? 004 /wiki/JessicaScorpio
4453c46.48 88f344e2 028fc4 h ???????? 004 /wiki/JieTang
4453c4b.43 88f344e2 028fc4 h ???????? 004 /wiki/JimMorrison
4453c50.24 88f344e2 028fc4 h ???????? 004 /wiki/JipDeKort
4453c54.c9 88f344e2 028fc4 h ???????? 005 /wiki/JoachimDeckarm
4453c59.f1 88f344e2 028fc4 h ???????? 004 /wiki/JoachimVonRibbentrop
4453c5f.06 88f344e2 028fc4 h ???????? 004 /wiki/JoanFeigenbaum
4453c64.3a 88f344e2 028fc4 h ???????? 004 /wiki/JochenBaumeister
4453c69.49 88f344e2 028fc4 h ???????? 005 /wiki/JochenBaumeister
4453c6e.40 88f344e2 028fc4 h ???????? 004 /wiki/JoeTsien
4453c73.59 88f344e2 028fc4 h ???????? 005 /wiki/JonathanSchwartz
4453c78.88 88f344e2 028fc4 h ???????? 004 /wiki/JormaOllila
4453c7d.55 88f344e2 028fc4 h ???????? 004 /wiki/JoselinMane
4453c82.35 88f344e2 028fc4 h ???????? 004 /wiki/JosephRosen
4453c87.41 88f344e2 028fc4 h ???????? 005 /wiki/JosephSmarr
4453c8c.41 88f344e2 028fc4 h ???????? 005 /wiki/JosephStift
4453c91.65 88f344e2 028fc4 h ???????? 004 /wiki/JosephVonFraunhofer
4453c96.6b 88f344e2 028fc4 h ???????? 005 /wiki/JozsefMindszenty
4453c9b.07 88f344e2 028fc4 h ???????? 004 /wiki/JuergenKohn
4453c9f.f4 88f344e2 028fc4 h ???????? 005 /wiki/JuergenNagel
4453ca6.41 88f344e2 028fc4 h ???????? 005 /wiki/JuergenSchmidhuber
4453cab.1a 88f344e2 028fc4 h ???????? 004 /wiki/JuergenUmbrich
4453caf.fb 88f344e2 028fc4 h ???????? 005 /wiki/JuliaBonk
4453cb4.f7 88f344e2 028fc4 h ???????? 005 /wiki/JuliaSeeliger
4453cba.2d 88f344e2 028fc4 h ???????? 005 /wiki/JuliusHuebner
4453cbb.dc 9d3727fa 6a88e8 s ???????? 01e /
4453cbf.1e 88f344e2 028fc4 h ???????? 004 /wiki/JuliusHuebner
4453cc3.e2 88f344e2 028fc4 h ???????? 005 /wiki/JumeirahBeach
4453cc8.c4 88f344e2 028fc4 h ???????? 005 /wiki/JupiterBrain
4453ccd.c8 88f344e2 028fc4 h ???????? 004 /wiki/JustinTv
4453cd2.f1 88f344e2 028fc4 h ???????? 004 /wiki/KahnaLetto
4453cd7.c6 88f344e2 028fc4 h ???????? 005 /wiki/KaiREmde
4453cdc.e5 88f344e2 028fc4 h ???????? 004 /wiki/KaiREmde
4453ce2.1e 88f344e2 028fc4 h ???????? 004 /wiki/KaiUweRicke
4453ce7.4c 88f344e2 028fc4 h ???????? 004 /wiki/KinWahLoh
4453cec.7e 88f344e2 028fc4 h ???????? 005 /wiki/KlausHommels
4453cf1.90 88f344e2 028fc4 h ???????? 005 /wiki/KoWi
4453cfa.5d 88f344e2 028fc4 h ???????? 005 /wiki/KoboldMaki
4453cff.89 88f344e2 028fc4 h ???????? 005 /wiki/KonradGyorgy
4453d04.98 88f344e2 028fc4 h ???????? 005 /wiki/KuehlungsBorn
4453d09.c2 88f344e2 028fc4 h ???????? 005 /wiki/LangZh
4453d0e.d2 88f344e2 028fc4 h ???????? 004 /wiki/LarryBrilliant
4453d13.ed 88f344e2 028fc4 h ???????? 005 /wiki/LarsPohlmann
4453d19.9e 88f344e2 028fc4 h ???????? 005 /wiki/LauraJames
4453d1e.a4 88f344e2 028fc4 h ???????? 004 /wiki/LeAnder
4453d23.d1 88f344e2 028fc4 h ???????? 005 /wiki/LeanEnterpriseInstitute
4453d2b.19 88f344e2 028fc4 h ???????? 004 /wiki/LebensErwartung
4453d30.44 88f344e2 028fc4 h ???????? 005 /wiki/LebensStile2020
4453d33.5f 88f344e2 028fc4 h ???????? 003 /robots.txt
4453d36.7d 88f344e2 028fc4 h ???????? 005 /wiki/AlbertBartlett
4453d3b.95 88f344e2 028fc4 h ???????? 005 /wiki/UweKaempf
4453d40.88 88f344e2 028fc4 h ???????? 005 /wiki/VernorVinge
4453d45.98 88f344e2 028fc4 h ???????? 005 /wiki/WeinKult
4453d4a.c8 88f344e2 028fc4 h ???????? 005 /wiki/WikiLender
4453d51.6a 88f344e2 028fc4 h ???????? 005 /wiki/WikiTchen
4453d56.bd 88f344e2 028fc4 h ???????? 005 /wiki/WollnerVilla
4453d59.b7 88f344e2 028fc4 h ???????? 003 /robots.txt
4453d5d.b6 88f344e2 028fc4 h ???????? 005 /wiki/CeSarTrackingTool
4453d62.d7 88f344e2 028fc4 h ???????? 005 /wiki/ChristianSery
4453d68.20 88f344e2 028fc4 h ???????? 005 /wiki/ChristopherAlexander
4453d6d.1c 88f344e2 028fc4 h ???????? 005 /wiki/ChronologieKritik
4453d71.c1 88f344e2 028fc4 h ???????? 005 /wiki/CloJure
4453d77.03 88f344e2 028fc4 h ???????? 005 /wiki/CobbleStoneAi
4453d7c.0e 88f344e2 028fc4 h ???????? 005 /wiki/ConTribute
4453d81.1c 88f344e2 028fc4 h ???????? 005 /wiki/CondicioHumana
4453d86.06 88f344e2 028fc4 h ???????? 005 /wiki/ConnyGrotsch
4453d8b.23 88f344e2 028fc4 h ???????? 005 /wiki/DanielPoodratchi
4453d90.38 88f344e2 028fc4 h ???????? 005 /wiki/DanielTammet
4453d95.71 88f344e2 028fc4 h ???????? 005 /wiki/FalkLueke
4453d9a.87 88f344e2 028fc4 h ???????? 005 /wiki/FrankaBaddura
4453da0.16 88f344e2 028fc4 h ???????? 006 /wiki/GeoUrl
4453da5.0f 88f344e2 028fc4 h ???????? 005 /wiki/GerdPriebe
4453daa.3e 88f344e2 028fc4 h ???????? 005 /wiki/GranTorino
4453daf.36 88f344e2 028fc4 h ???????? 005 /wiki/GruenderFoyer
4453db2.43 88f344e2 028fc4 h ???????? 003 /robots.txt
4453db5.7a 88f344e2 028fc4 h ???????? 004 /wiki/BeethovensSechste
4453dba.77 88f344e2 028fc4 h ???????? 005 /wiki/BenediktKoehler
4453dbf.8f 88f344e2 028fc4 h ???????? 005 /wiki/BlipFm
4453dc4.d5 88f344e2 028fc4 h ???????? 005 /wiki/BookMark
4453dca.1b 88f344e2 028fc4 h ???????? 005 /wiki/BryanAdams
4453dcf.34 88f344e2 028fc4 h ???????? 005 /wiki/CatzAndDogz
4453dd4.36 88f344e2 028fc4 h ???????? 005 /wiki/CemBasman
4453dd9.3a 88f344e2 028fc4 h ???????? 005 /wiki/DresdenNetworking
4453dde.a2 88f344e2 028fc4 h ???????? 006 /wiki/EcZwo
4453de3.a3 88f344e2 028fc4 h ???????? 006 /wiki/EdgarSchein
4453de8.da 88f344e2 028fc4 h ???????? 005 /wiki/EmPolis
4453ded.ec 88f344e2 028fc4 h ???????? 005 /wiki/EricBaum
4453df3.25 88f344e2 028fc4 h ???????? 005 /wiki/EuropeanFuturistsConference
4453df8.1a 88f344e2 028fc4 h ???????? 016 /wiki/FiglMueller
4453dfd.33 88f344e2 028fc4 h ???????? 005 /wiki/FilmnaechteAmElbufer
4453e02.48 88f344e2 028fc4 h ???????? 006 /wiki/FolieEtDeraison
4453e07.5a 88f344e2 028fc4 h ???????? 005 /wiki/FrankSchoenefeld
4453e0c.45 88f344e2 028fc4 h ???????? 006 /wiki/FsmKodex
4453e11.0f 88f344e2 028fc4 h ???????? 006 /wiki/GottfriedVossen
4453e16.55 88f344e2 028fc4 h ???????? 005 /wiki/GregorRothfuss
4453e1b.67 88f344e2 028fc4 h ???????? 005 /wiki/HaeufigkeitsKlasse
4453e20.59 88f344e2 028fc4 h ???????? 005 /wiki/HandInHand
4453e25.58 88f344e2 028fc4 h ???????? 006 /wiki/KarlFisch
4453e2b.4d 88f344e2 028fc4 h ???????? 005 /wiki/MarkDilley
4453e30.36 88f344e2 028fc4 h ???????? 005 /wiki/MarkosKyprianou
4453e35.34 88f344e2 028fc4 h ???????? 005 /wiki/MartinVarsavsky
4453e3a.48 88f344e2 028fc4 h ???????? 005 /wiki/MattisManzel
4453e3f.1e 88f344e2 028fc4 h ???????? 013 /wiki/MichelBauwens
4453e44.60 88f344e2 028fc4 h ???????? 006 /wiki/MindGame
4453e49.99 88f344e2 028fc4 h ???????? 005 /wiki/MissionOne
4453e4e.57 88f344e2 028fc4 h ???????? 007 /wiki/MonteMiersch
4453e53.43 88f344e2 028fc4 h ???????? 005 /wiki/NastyLoveClub
4453e58.4f 88f344e2 028fc4 h ???????? 005 /wiki/NickCassimatis
4453e5d.59 88f344e2 028fc4 h ???????? 006 /wiki/NiemalsInNewYorkFoundation
4453e60.69 88f344e2 028fc4 h ???????? 003 /robots.txt
4453e63.74 88f344e2 028fc4 h ???????? 006 /wiki/StephanMagnus
4453e68.85 88f344e2 028fc4 h ???????? 006 /wiki/StoryTelling
4453e6d.84 88f344e2 028fc4 h ???????? 005 /wiki/StottMeister
4453e72.8d 88f344e2 028fc4 h ???????? 006 /wiki/StuartRussell
4453e77.ba 88f344e2 028fc4 h ???????? 005 /wiki/SusiMueller
4453ff3.e7 42f9414a 043937 h ???????? 006 /wiki/NaNo
44540b6.2f b9123f22 1066b4 h ???????? 004 /stalker_portal/c/
445423a.a1 3ed26724 c37fd8 h ???????? 004 /robots.txt
445423c.de 3ed26724 c37fd8 h ???????? 006 /wiki/XingPolicy
4454245.a1 3ed26724 c37fd8 h ???????? 006 /wiki/XmPp
445424b.72 3ed26724 c37fd8 h ???????? 005 /wiki/YenidzeDresden
4454252.b1 3ed26724 c37fd8 h ???????? 006 /wiki/YossiVardi
4454317.9e d8f442c6 2e51d1 h ???????? 004 //robots.txt
445434c.97 5896e4da 1c75e1 h ???????? 004 //rss.rdf
44543cc.93 57fae0d5 e4b041 h ???????? 004 /robots.txt
44543d0.34 57fae0d5 e4b041 h ???????? 024 /edit/10976006
44543eb.01 57fae0d5 e4b041 h ???????? 047 /edit/1996001
44547be.62 58c6f13c 1bcc11 h ???????? 005 /robots.txt
44547be.95 58c6f13c 1bcc11 h ???????? 025 /
4454a11.1b d8f442c6 2e51d1 h ???????? 004 //robots.txt
4454b8c.79 d481329b 606c70 h ???????? 005 //far.php
4454b8c.be d481329b 606c70 h ???????? 003 //rep.php
4454b8d.08 d481329b 606c70 h ???????? 004 //replace.php
4454b8d.4d d481329b 606c70 h ???????? 003 //uploadify/uploadify.css
4454b8d.8c d481329b 606c70 h ???????? 003 //assets/modules/evogallery/js/uploadify/uploadify.css
4454b8d.d2 d481329b 606c70 h ???????? 004 //js/jquery.uploadify/uploadify.css
4454b8e.17 d481329b 606c70 h ???????? 004 //admin/include/uploadify/uploadify.css
4454b8e.5e d481329b 606c70 h ???????? 004 //includes/uploadify/uploadify.css
4454b8e.a6 d481329b 606c70 h ???????? 004 //sites/all/modules/uploadify/uploadify/uploadify.css
4454b8e.f2 d481329b 606c70 h ???????? 004 //plugins/community/uploadify/uploadify.css
4454e9c.60 b44c0f8c fa643b h ???????? 008 /robots.txt
4454e9d.45 b44c0f8d fa643b h ???????? 004 /robots.txt
4454f11.9b b44c0f97 a04d28 h ???????? 063 /
4454f67.1e 5b869545 e2df46 h ???????? 065 /
4454ff7.09 c3167fc3 5d5bf6 h ???????? 008 /wiki/lifenaut
44551b7.82 42f9414e 043937 h ???????? 007 /wiki/DeBugger
445560c.54 8ba271cc 976046 s ???????? 03a /
445591d.89 284da766 6a88e8 s ???????? 06a /
4455a81.c9 36249653 433e9c h ???????? 004 /robots.txt
4455a82.11 3624950e 433e9c h ???????? 004 /edit/23666001
4455b5e.01 426608c8 70a047 h ???????? 006 //rss.rdf
4456379.dc 42f9414a 043937 h ???????? 006 /wiki/FrHe
4456470.7a b9dc6529 cc9bbb h ???????? 028 /
445678a.bb 36249448 433e9c h ???????? 007 /wiki/CockerWiese
4456839.f0 284da766 6a88e8 h ???????? 029 /edit/107456002
4456a7e.f6 3624946e 433e9c h ???????? 005 /edit/28556001
4456b1b.fd 284da766 6a88e8 h ???????? 008 /wiki/BluePedia
4456f56.fd 362494a8 433e9c h ???????? 005 /edit/23036004
445724c.9c 362494a1 433e9c h ???????? 029 /edit/15296001
445727c.af 9d3727b5 6a88e8 h ???????? 02c /
4457506.7b b9233f4c e20882 h ???????? 028 /
445753d.6c 42f9414a 043937 h ???????? 002 /wiki/ThinkBig
4457649.52 36249444 433e9c h ???????? 002 /edit/27416001
44576b9.cc 284da78f 6a88e8 h ???????? 001 /edit
44577eb.6a 284da78f 6a88e8 h ???????? 016 /edit/108746001
4457826.1a 284da7a4 6a88e8 h ???????? 010 /edit/111976002
4457b00.f7 d8f442e3 2e51d1 h ???????? 002 //robots.txt
4457c6f.da 904cdd95 4f089e h ???????? 011 /1
445822e.b8 5f6cb561 e4b041 h ???????? 001 /robots.txt
4458232.97 5f6cb561 e4b041 h ???????? 015 /edit/1966001
4458503.af 42f95a6b 70a047 h ???????? 001 //rss.rdf
44586ff.c2 42f9414c 043937 h ???????? 002 /wiki/InfinEon
44587f3.1a d8f442e3 2e51d1 h ???????? 002 //robots.txt
4458904.1d 3624940d 433e9c h ???????? 001 /css
4458f7b.db 3624946a 433e9c h ???????? 011 /edit/12726002
4458f8e.6f ac686c6d 1066b4 h ???????? 011 /
44594c9.65 33ff4785 433e9c h ???????? 001 /edit/22236005
44598c2.ee 42f9414e 043937 h ???????? 003 /wiki/ToDo
44599f1.9b 5f6cb561 e4b041 h ???????? 012 /
4459c02.04 44b4e59c aec21f h ???????? 001 /robots.txt
4459c02.a0 44b4e59c aec21f h ???????? 002 /wiki/UtMo
4459d8d.4f 9d3727b5 6a88e8 h ???????? 48f /memo
4459dbb.c9 42f94152 043937 s ???????? 017 /
4459fbe.ba 42f954e8 002725 h ???????? 002 /favicon.ico
445a2d4.c4 362494f2 433e9c h ???????? 001 /edit/28566001
445a359.22 2d37bbf9 6a9be8 h ???????? 012 /
445a439.51 6883a469 6a9be8 h ???????? 01a /
445a4a1.46 a77267b5 c40cd6 h ???????? 013 /
445a4a1.c7 a77267b5 e8f7bd h ???????? 012 /
445a57f.40 4a73d69b 3d8b22 h ???????? 011 /
445a94e.cc 33ff477f 433e9c h ???????? 001 /edit/30226003
445aa85.e4 42f9414a 043937 h ???????? 003 /wiki/BeSucher
445af65.06 42f95a6f 70a047 h ???????? 001 //rss.rdf
445b002.f8 a4845b03 40ccd5 s ???????? 012 /
445b124.52 c7109db7 45fe92 h ???????? 001 /robots.txt
445b124.84 c7109db7 45fe92 h ???????? 019 /1
445b630.e9 b44c0f93 a04d28 h ???????? 013 /
445b6be.44 284da77f 6a88e8 h ???????? 017 /edit/111926004
445b78a.a4 284da766 6a88e8 h ???????? 002 /robots.txt
445bb46.5e 36249527 433e9c h ???????? 00d /edit/27376002
445bc48.fc 42f9414c 043937 h ???????? 003 /wiki/DoNt
445bd60.7d 3624951e 433e9c h ???????? 002 /wiki/BusinessModel
445bf1d.12 cf2e0dc7 6a88e8 s ???????? 002 /robots.txt
445bf2b.cc 4e2e2319 7dfab1 h ???????? 001 //rss.jsp
445bf2b.f7 4e2e2319 7dfab1 h ???????? 002 //rss.jsp
445bff1.d6 284da766 6a88e8 s ???????? 013 /
445c1a5.1f 44b4e56f aec21f h ???????? 002 //robots.txt
445c1af.7b 44b4e59c aec21f h ???????? 003 /wiki/ImPressum
445c4da.04 426607ac 002725 h ???????? 001 /favicon.ico
445ce0d.e3 42f9414a 043937 h ???????? 007 /wiki/MindBall
445d0d6.6e 362494b0 433e9c h ???????? 002 /edit/31106001
445d0e1.64 468ac901 0c5542 h ???????? 019 /
445d0e3.2d 468ac901 0c5542 h ???????? 001 //https://floatingboat2013.appspot.com
445d0e5.b6 468ac901 0c5542 h ???????? 003 //wiki/AlanTuring
445d0e7.41 468ac901 0c5542 h ???????? 003 //wiki/GottfriedWilhelmLeibniz
445d30b.be 59b3697a 2b96f8 h ???????? 014 /
445d679.dc 42f95a6f 70a047 h ???????? 001 //rss.rdf
445d9b2.ef 4ff03365 a7429c h ???????? 004 //wiki/NextGuest
445d9b3.77 adfc7c7a 4ca585 h ???????? 003 /wiki/NextGuest
445da9c.cd adfc5d11 17614e h ???????? 002 /wiki/NextGuest
445db3d.55 44b4e59c aec21f s ???????? 001 /robots.txt
445db3e.9a 44b4e59c aec21f s ???????? 002 /ad
445dbb6.6c 6d3fec45 3e2c30 h ???????? 015 /
445de94.90 d8f442c6 2e51d1 h ???????? 003 //robots.txt
445dfce.e7 42f9414c 043937 h ???????? 003 /wiki/BullShit
445e8cd.08 bc285186 7dfab1 h ???????? 003 //rss.jsp
445e8cd.39 bc285186 7dfab1 h ???????? 001 //rss.jsp
445eb67.dc b44c0f1e a04d28 h ???????? 003 /BollekeFarm
445ee86.d9 bc285186 7dfab1 h ???????? 002 //rss.jsp
445ee87.02 bc285186 7dfab1 h ???????? 003 //rss.jsp
445f192.04 42f9414c 043937 h ???????? 006 /wiki/DoOcracy
445f724.27 23e1dd57 c47824 h ???????? 003 /robots.txt
445f7a2.7c bc285186 7dfab1 h ???????? 003 //rss.jsp
445f7a2.a2 bc285186 7dfab1 h ???????? 002 //rss.jsp
445f7a5.80 bc285186 7dfab1 h ???????? 002 //rss.jsp
445f7a5.ac bc285186 7dfab1 h ???????? 001 //rss.jsp
445f813.cd 23e1dd57 c47824 h ???????? 002 /robots.txt
445fa39.62 23e1dd57 c47824 h ???????? 002 /robots.txt
445fb6e.2f 23e1dd57 c47824 h ???????? 002 /robots.txt
445fe33.46 42f95a6b 70a047 h ???????? 002 //rss.rdf
