4550051.5d 566e753c 02efb1 h ???????? 018 /
455020e.4e 36e3069c c76db1 s ???????? 002 /robots.txt
455020e.ca 36e3069c c76db1 s ???????? 137a /age
455021f.35 36e3069c c76db1 s ???????? 3f06 /memo
4550281.ff 8d088ed6 e4b041 h ???????? 002 /robots.txt
4550285.37 8d088ed6 e4b041 h ???????? 006 /robots.txt
455076c.af 36e0772e 590f55 h ???????? 016 /
45508c3.43 42f9404a 622963 h ???????? 001 /hot
4550c57.34 42f9404a 622963 h ???????? 014 /
4550ec2.94 42f95989 70a047 h ???????? 002 //rss.rdf
45510d1.31 c61467f2 ef60d6 s ???????? 016 /
45510d5.41 6b06b7e2 ef60d6 s ???????? 014 /
45510d9.58 d8f442c6 2e51d1 h ???????? 001 //robots.txt
455186e.05 284da770 6a88e8 h ???????? 003 /wiki/TranslateTheConstitution
455190e.b4 8ba27246 976046 h ???????? 01a /
45519f7.d2 c68f859a ef60d6 s ???????? 012 /
4551b96.db 2ee5a844 2e29b5 h ???????? 003 /wiki/LockTeam
4551ba8.a4 2ee5a84a 2e29b5 h ???????? 002 /wiki/ZeugenKurzweils
4551ca8.66 d8f442c6 2e51d1 h ???????? 002 //robots.txt
4551dc8.67 8ba271cc 976046 s ???????? 011 /
45520eb.a0 5896e4da 45378f h ???????? 001 //rss.rdf
45521a7.b6 36549ba2 3983f7 h ???????? 011 /
455234a.e8 42f95989 70a047 h ???????? 001 /rss.rdf
45523f9.5c 362496b1 433e9c h ???????? 002 /robots.txt
4552a91.aa d94586c8 399ff9 h ???????? 002 /robots.txt
4552aab.4d d94586af 399ff9 h ???????? 003 /wiki/RaumPlan
4552acd.4e d94586af 399ff9 h ???????? 003 /wiki/RealFilm
4552ae8.ea d94585cb 399ff9 h ???????? 002 /wiki/MindPost
4552c1b.8f 9d3727b0 6a88e8 s ???????? 011 /
4552e4f.3e 42f9598b 70a047 h ???????? 002 //rss.rdf
4553220.08 2ee5a463 2e29b5 h ???????? 001 /robots.txt
4553284.51 c68f9eb2 ef60d6 s ???????? 019 /
4553285.7d 3624954a 433e9c h ???????? 001 /edit/23406002
455334b.74 36249466 433e9c h ???????? 003 /wiki/SebastianThrun
455360e.d2 36249426 433e9c h ???????? 002 /edit/28276001
4553b4e.ad d8f442fa 2e51d1 h ???????? 001 /robots.txt
4553b4f.b9 d8f442fa 2e51d1 h ???????? 001 //robots.txt
4553c1c.09 cf2e0d93 6a88e8 s ???????? 012 /
4553d15.f9 171477e0 d0d720 h ???????? 013 /
4553e09.b7 cf2e0d93 6a88e8 h ???????? 005 /wiki/VerFassung
4553e77.75 5f6cb561 e4b041 h ???????? 001 /robots.txt
4553e7b.57 5f6cb561 e4b041 h ???????? 01b /
4553f59.a5 8ac5608f 487ce2 h ???????? 012 /
4553f5e.16 8ac5608f 487ce2 h ???????? 001 /alive/4
4553f5e.24 8ac5608f 487ce2 h ???????? 002 /feel/4
4553f62.0d 8ac5608f 487ce2 h ???????? 002 /alive/8
4553f62.1e 8ac5608f 487ce2 h ???????? 006 /feel/8
4554178.8e d8f442f6 2e51d1 h ???????? 002 /robots.txt
45542b6.22 5f6cb561 e4b041 h ???????? 013 /
4554315.9f c0f33533 2e29b5 h ???????? 002 /robots.txt
4554335.8f c0f33533 ead292 h ???????? 002 /wiki/MarktJagd
45547a1.45 d8f442c7 2e51d1 h ???????? 001 /robots.txt
4554b3f.4a 42f95987 70a047 h ???????? 001 //rss.rdf
45550e8.a4 3624945a 433e9c h ???????? 002 /edit/29076001
4555101.8d 36249556 433e9c h ???????? 001 /edit/31116001
4555238.88 cf2e0d93 6a88e8 h ???????? 003 /wiki/RedBlueGame
45555fe.dd 9d372775 6a88e8 h ???????? 01a /
4555b77.af 3624941d 433e9c h ???????? 003 /wiki/TonyBates
4555ba4.87 cf2e0d34 6a88e8 h ???????? 014 /
4555cfe.ee d8f442f6 2e51d1 h ???????? 003 /wiki/WwWebLern
455617f.58 6b962d6c dc1a18 h ???????? 014 /
455617f.d0 6b962d6c dc1a18 h ???????? 001 //https://floatingboat2013.appspot.com
4556180.9f 6b962d6c dc1a18 h ???????? 003 //wiki/AlanTuring
4556181.18 6b962d6c dc1a18 h ???????? 003 //wiki/GottfriedWilhelmLeibniz
4556181.8a 6b962d6c dc1a18 h ???????? 002 //https://floatingboat2013.appspot.com/UrPic
4556181.fd 6b962d6c dc1a18 h ???????? 002 //https://floatingboat2013.appspot.com/ad
4556182.7d 6b962d6c dc1a18 h ???????? 001 //https://sl4.eu/hls
4556182.f7 6b962d6c dc1a18 h ???????? 002 //https://sl4.eu/ls
4556183.6d 6b962d6c dc1a18 h ???????? 002 //https://sl4.eu/sh
4556183.e4 6b962d6c dc1a18 h ???????? 001 //https://www.youtube.com/watch
455625e.6e d8f442fa 2e51d1 h ???????? 002 /robots.txt
45563e5.77 d9458509 399ff9 h ???????? 002 /robots.txt
45563e6.fe d94586af 399ff9 h ???????? 001 /cast/706001
45563e9.b2 d9458504 399ff9 h ???????? 003 /wiki/HaTa
45563ed.03 d94586b6 399ff9 h ???????? 003 /wiki/LaufHaus
4556535.b9 362494e5 433e9c h ???????? 002 /edit/23466001
45566e2.90 5f5496e6 458e86 h ???????? 016 /
4556874.c8 bd1f7ce1 740935 h ???????? 015 /
4556bbc.32 42f95987 70a047 h ???????? 002 //rss.rdf
4556f84.46 d8f442f6 2e51d1 h ???????? 007 /robots.txt
455721b.b2 42f95166 002725 h ???????? 001 /favicon.ico
455774b.de 6b0696f2 ef60d6 s ???????? 01b /
45578b6.76 3624941c 433e9c h ???????? 002 /edit/22586001
4557a32.91 4e2e2319 7dfab1 h ???????? 002 //rss.jsp
4557a32.b9 4e2e2319 7dfab1 h ???????? 001 //rss.jsp
4557c56.d0 36249518 433e9c h ???????? 002 /edit/24406004
4557e7f.64 36249653 433e9c h ???????? 002 /robots.txt
4557e7f.ea 36249423 433e9c h ???????? 003 /wiki/SindyHoehne
4557f8b.b8 42f94054 043937 s ???????? 002 /robots.txt
4557f8c.40 42f94050 043937 s ???????? 002 /love
455851f.64 44b4e56f aec21f h ???????? 002 //robots.txt
4558530.60 44b4e59c aec21f h ???????? 003 /robots.txt
4558531.04 44b4e59c aec21f h ???????? 003 /wiki/ChristianHeller
45587fa.43 c68f9e52 ef60d6 s ???????? 015 /
4558829.b1 cf2e0d04 6a88e8 h ???????? 003 /wiki/SingularityIsNear
45588cc.b9 607f9eea ef60d6 s ???????? 016 /
455891b.ee 42f9598b 70a047 h ???????? 002 //rss.rdf
4558952.0d 44b4e59c aec21f s ???????? 002 /robots.txt
4558af0.d1 d8f442f6 2e51d1 h ???????? 003 /wiki/ChristianHeller
4558af4.00 d8f442f6 2e51d1 h ???????? 003 /wiki/RealFilm
4558d9b.dc ac686c6d 1066b4 h ???????? 017 /
4559366.69 3624941d 433e9c h ???????? 004 /wiki/OpenEeg
4559370.d7 a4845b03 7c1b07 s ???????? 017 /
455942e.be c61b4427 57819b h ???????? 002 /up.php
455961e.80 5f6cb561 e4b041 s ???????? 002 /robots.txt
4559622.4c 5f6cb561 e4b041 s ???????? 1c3e /phim
455983c.6c c2997164 855c06 h ???????? 002 /robots.txt
455983c.94 c2997164 855c06 h ???????? 017 /
455983c.ce c2997164 855c06 h ???????? 002 /edit
455983d.00 c2997164 855c06 h ???????? 002 /AlphaCat
455983d.2e c2997164 855c06 h ???????? 002 /PeterWill
455983d.57 c2997164 855c06 h ???????? 002 /chat
455983d.86 c2997164 855c06 h ???????? 002 /love
455983d.b5 c2997164 855c06 h ???????? 002 /live
455983d.e0 c2997164 855c06 h ???????? 002 /up
455983e.0d c2997164 855c06 h ???????? 002 /sl4
455983e.3d c2997164 855c06 h ???????? 002 /feed
455983e.67 c2997164 855c06 h ???????? 002 /wiki
455983e.96 c2997164 855c06 h ???????? 002 /WikiWall
455983e.be c2997164 855c06 h ???????? 002 /AlphaChess
455983e.e8 c2997164 855c06 h ???????? 002 /AlphaWeek
455983f.13 c2997164 855c06 h ???????? 009 /bday
455983f.46 c2997164 855c06 h ???????? 002 /RecentChanges
4559962.79 34359561 0bc284 s ???????? 018 /
45599ff.49 9d3727b3 6a88e8 h ???????? 004 /wiki/SingularSummitEurope
4559f90.cd cf2e0d93 6a88e8 s ???????? 018 /
455a101.67 5f6cb561 e4b041 h ???????? 002 /robots.txt
455a105.43 5f6cb561 e4b041 h ???????? 01d /
455a176.43 3624945f 433e9c h ???????? 003 /edit/22436001
455a236.2e 6bb585a2 c1d740 h ???????? 001 //rss.rdf
455a244.ed d5abdc98 a95ea1 h ???????? 001 //rss.rdf
455a641.68 8677fd37 845c62 h ???????? 002 /SemperGeil
455a641.8c 8677fd37 845c62 h ???????? 001 /SemperGeil
455a7a5.0c 26633e5d 99cc80 h ???????? 011 /
455a8dd.13 42f95989 70a047 h ???????? 001 //rss.rdf
455a901.5e 9e457636 fdc79c h ???????? 011 /
455a982.c0 5b40558d 1c415e h ???????? 016 /
455a983.4b 5b40558d 1c415e h ???????? 001 /favicon.ico
455a987.22 5b40558d 1c415e h ???????? 001 /feel/4
455a98b.18 5b40558d 1c415e h ???????? 001 /feel/8
455af0e.cf bc285186 7dfab1 h ???????? 001 //rss.jsp
455af0e.ef bc285186 7dfab1 h ???????? 001 //rss.jsp
455b5e0.61 bc285186 7dfab1 h ???????? 002 //rss.jsp
455b5e0.8b bc285186 7dfab1 h ???????? 001 //rss.jsp
455bb07.77 bc285186 7dfab1 h ???????? 001 //rss.jsp
455bb07.97 bc285186 7dfab1 h ???????? 001 //rss.jsp
455bb08.5b bc285186 7dfab1 h ???????? 001 //rss.jsp
455bb08.7d bc285186 7dfab1 h ???????? 002 //rss.jsp
455bfe6.a0 05097006 8b0160 h ???????? 003 /wiki/SommerSchwatz
455c395.14 cf2e0d34 6a88e8 h ???????? 011 /
455c757.71 a4845b03 5df2a8 h ???????? 012 /
455c958.a1 36249433 433e9c h ???????? 003 /wiki/ZugWiki
455cbe1.79 42f95987 70a047 h ???????? 002 //rss.rdf
455cc00.3b 42f95989 70a047 h ???????? 001 //rss.rdf
455d682.b0 5f6cb561 e4b041 h ???????? 002 /robots.txt
455d686.a3 5f6cb561 e4b041 h ???????? 001 /cal
455d6aa.7f 8d14d9de 5ec1d2 h ???????? 016 /1
455d6b3.f0 8d14d9de 5ec1d2 h ???????? 015 /1
455d6b4.68 8d14d9de 5ec1d2 h ???????? 002 /favicon.ico
455d6f1.4a b89a4a42 ef60d6 s ???????? 01a /
455d8d6.f2 68ecb051 ef60d6 s ???????? 014 /
455e0b8.d2 33ff4783 433e9c h ???????? 002 /edit/23236007
455e205.36 362494b8 433e9c h ???????? 002 /edit/23436001
455e6dc.45 cf2e0d85 6a88e8 h ???????? 003 /wiki/ZiiTrend
455ea06.3a 42f9598b 70a047 h ???????? 002 //rss.rdf
455ea63.dc bca5e9e4 e3b0c4 h ???????? 001 /robots.txt
455ea66.00 bca5e9e4 36ad42 h ???????? 018 /
455eaaf.26 d8f442c7 2e51d1 h ???????? 001 /robots.txt
455ec0f.66 c05f1d74 e3b0c4 h ???????? 002 /robots.txt
455ec11.e2 c05f1d74 4c528d h ???????? 012 /
455f0e1.77 42f9404a 043937 h ???????? 002 /robots.txt
455f0e1.cb 42f94046 043937 h ???????? 003 /wiki/CoolWater
455f0fe.f6 42f9404a 043937 h ???????? 003 /wiki/MindLinks
455f104.ba 42f94046 043937 h ???????? 002 /wiki/LarryPage
455f105.56 42f94048 043937 h ???????? 003 /wiki/GarageFab
455f597.ab bc286647 7dfab1 h ???????? 002 //rss.jsp
455f597.d9 bc286647 7dfab1 h ???????? 001 //rss.jsp
455f75e.45 05275551 e3b0c4 h ???????? 002 /robots.txt
455f760.71 05275551 f22684 h ???????? 021 /
455f83e.28 9d3727be 6a88e8 s ???????? 013 /
