45e009c.7f 42f9598b 70a047 h ???????? 003 //rss.rdf
45e0291.e0 36249547 433e9c h ???????? 004 /edit/24746001
45e0331.cf 42f94048 043937 h ???????? 004 /wiki/EtherCoin
45e033b.15 36249536 433e9c h ???????? 001 /edit/22256002
45e0485.d9 682d8f5c 9615ff h ???????? 011 /1
45e05e1.e7 42f94046 043937 h ???????? 002 /wiki/TabulaRasa
45e0c0d.a2 9d372737 6a88e8 s ???????? 011 /
45e0c3a.cf 6a78a144 e59e1c h ???????? 012 /
45e0cab.81 65c76c77 5fd7d7 h ???????? 013 /
45e1881.77 42f94046 043937 h ???????? 002 /wiki/GoogleName
45e21b6.6a 44b4e59c aec21f h ???????? 001 /hear/d05ac127ec4c3f7f309da71727472ff3
45e226b.37 3624954b 433e9c h ???????? 001 /edit/30856001
45e22b2.42 362494cd 433e9c h ???????? 001 /edit/24936001
45e24a6.5a 365b105f c76db1 s ???????? 001 /robots.txt
45e24a6.e3 365b105f c76db1 s ???????? 011 /edit/122215008
45e24b6.73 365b105f c76db1 h ???????? 001 /robots.txt
45e24b6.cb 365b105f c76db1 h ???????? 011 /
45e259c.ad 42f9404a 043937 h ???????? 002 /wiki/ServerName
45e2681.20 9d3727af 6a88e8 h ???????? 011 /
45e2792.fd 42f94048 043937 h ???????? 002 /wiki/HeikeRibke
45e27cb.0e 42f94046 043937 h ???????? 002 /wiki/WeinBoehla
45e2823.b9 d945853c 399ff9 h ???????? 001 /robots.txt
45e2829.78 d945851c 399ff9 h ???????? 014 /wiki/116001
45e29d9.5b 42f9598b 70a047 h ???????? 002 //rss.rdf
45e29e2.ac 42f94046 043937 h ???????? 003 /wiki/TimesSales
45e29e6.e5 42f94048 043937 h ???????? 003 /wiki/FutureCash
45e2c36.d6 284da71b 6a88e8 h ???????? 018 /
45e33c2.a1 42f9404a 043937 h ???????? 002 /wiki/BlackList
45e33c2.a5 42f94048 043937 h ???????? 001 /robots.txt
45e3a5c.a2 b91a5c4a 04f65a s ???????? 464 /memo
45e3d7e.f4 a4843451 eb026b s ???????? 002 /bcHead
45e3d7e.a3 42f94054 622963 s ???????? 142 /sh
45e4114.9d 3ed29d5f c37fd8 h ???????? 002 /robots.txt
45e4116.77 3ed29d5f c37fd8 h ???????? 002 //wiki/ZugWiki
45e424e.40 c61b4583 57819b h ???????? 001 /up.php
45e438f.df 36e36828 c76db1 h ???????? 002 /robots.txt
45e4390.51 36e36828 c76db1 h ???????? 01d /
45e457f.d2 42f9404a 043937 h ???????? 003 /wiki/LebensEnde
45e4599.50 58cf1288 1bc7ab h ???????? 014 /
45e4840.7d 5eb52da6 d76915 h ???????? 014 /
45e4842.82 05096f46 028fc4 h ???????? 002 //robots.txt
45e4845.cc 05096f46 028fc4 h ???????? 001 //rss.jsp
45e484a.32 05096f46 028fc4 h ???????? 002 //wiki/MindShop
45e4852.5b 05096f46 028fc4 h ???????? 002 //wiki/ZugWiki
45e4855.42 05096f46 028fc4 h ???????? 001 /robots.txt
45e4858.b2 05096f46 028fc4 h ???????? 002 /wiki/JackSmith
45e485d.ea 05096f46 028fc4 h ???????? 003 /wiki/JackStack
45e4863.60 05096f46 028fc4 h ???????? 003 /wiki/JacquelineNovogratz
45e4868.c3 05096f46 028fc4 h ???????? 002 /wiki/JacquesAttali
45e486e.f0 05096f46 028fc4 h ???????? 002 /wiki/JacquesBarzun
45e4875.38 05096f46 028fc4 h ???????? 002 /wiki/JacquesDerrida
45e487a.92 05096f46 028fc4 h ???????? 003 /wiki/JacquesHerbrand
45e4886.24 05096f46 028fc4 h ???????? 002 /wiki/JaiKu
45e488b.8d 05096f46 028fc4 h ???????? 003 /wiki/JamesDean
45e4891.0b 05096f46 028fc4 h ???????? 002 /wiki/JamesGosling
45e4896.ad 05096f46 028fc4 h ???????? 003 /wiki/JamesJoyce
45e489f.9f 05096f46 028fc4 h ???????? 003 /wiki/JamesLighthill
45e48a5.70 05096f46 028fc4 h ???????? 003 /wiki/JamesWindsor
45e48aa.8e 05096f46 028fc4 h ???????? 002 /wiki/JanErikSolem
45e48b2.3d 05096f46 028fc4 h ???????? 003 /wiki/JanKegelberg
45e48b9.a9 05096f46 028fc4 h ???????? 002 /wiki/JanKreuter
45e48bf.0b 05096f46 028fc4 h ???????? 003 /wiki/JanNorthoff
45e48c5.79 05096f46 028fc4 h ???????? 002 /wiki/JanPeterBalkenende
45e48cc.8c 05096f46 028fc4 h ???????? 003 /wiki/JanRabaey
45e48d3.1e 05096f46 028fc4 h ???????? 005 /wiki/JanZemanek
45e48da.be 05096f46 028fc4 h ???????? 003 /wiki/JanaDiesner
45e48e0.f1 05096f46 028fc4 h ???????? 003 /wiki/JaneMcGonigal
45e48e6.44 05096f46 028fc4 h ???????? 003 /wiki/JanetteKothe
45e48eb.7d 05096f46 028fc4 h ???????? 002 /wiki/JanezJansa
45e48f1.60 05096f46 028fc4 h ???????? 002 /wiki/JankoRoettgers
45e48f6.cb 05096f46 028fc4 h ???????? 002 /wiki/JapanPrize
45e48fc.4f 05096f46 028fc4 h ???????? 003 /wiki/JaredDiamond
45e4901.84 05096f46 028fc4 h ???????? 002 /wiki/JavaVm
45e4909.fb 05096f46 028fc4 h ???????? 003 /wiki/JaziratAlArab
45e490f.12 05096f46 028fc4 h ???????? 002 /wiki/JeanBaudrillard
45e4913.e3 05096f46 028fc4 h ???????? 003 /wiki/JeanJacquesLauble
45e4919.29 05096f46 028fc4 h ???????? 002 /wiki/JeanLucSingularity
45e491e.fc 05096f46 028fc4 h ???????? 003 /wiki/JeanPiaget
45e4924.5c 05096f46 028fc4 h ???????? 003 /wiki/JeanPolMartin
45e4929.92 05096f46 028fc4 h ???????? 003 /wiki/JeanneMoreau
45e492e.9c 05096f46 028fc4 h ???????? 003 /wiki/JeffBezos
45e4936.62 05096f46 028fc4 h ???????? 003 /wiki/JeffHawkins
45e493c.01 05096f46 028fc4 h ???????? 005 /wiki/JeffJarvis
45e4941.c7 05096f46 028fc4 h ???????? 003 /wiki/JeffStryker
45e4946.e0 05096f46 028fc4 h ???????? 003 /wiki/JenTower
45e494b.0e c66270e2 e1a3af h ???????? 002 //rss.rdf
45e494c.d2 05096f46 028fc4 h ???????? 003 /wiki/JenniferFlorin
45e4952.50 05096f46 028fc4 h ???????? 003 /wiki/JensBemme
45e4957.ab 05096f46 028fc4 h ???????? 003 /wiki/JensKorte
45e495c.f1 05096f46 028fc4 h ???????? 003 /wiki/JensKrzywinski
45e4962.ce 05096f46 028fc4 h ???????? 003 /wiki/JensUweSauer
45e4969.0f 05096f46 028fc4 h ???????? 003 /wiki/JesseSchell
45e496f.b3 05096f46 028fc4 h ???????? 003 /wiki/JesusChrist
45e4975.bd 05096f46 028fc4 h ???????? 003 /wiki/JgBallard
45e497b.0f 05096f46 028fc4 h ???????? 003 /wiki/JimmyWales
45e4980.83 05096f46 028fc4 h ???????? 004 /wiki/JlAustin
45e4985.73 05096f46 028fc4 h ???????? 003 /wiki/JoachimBiskup
45e498c.cf 05096f46 028fc4 h ???????? 003 /wiki/JoachimDeckarm
45e4992.02 05096f46 028fc4 h ???????? 002 /wiki/JoachimNiemeier
45e4998.13 05096f46 028fc4 h ???????? 002 /wiki/JoachimTreusch
45e499e.64 05096f46 028fc4 h ???????? 003 /wiki/JoaquinDiaz
45e49a7.42 05096f46 028fc4 h ???????? 003 /wiki/JoaquinDiaz
45e49ad.88 05096f46 028fc4 h ???????? 003 /wiki/JoeBiden
45e49b2.e0 05096f46 028fc4 h ???????? 003 /wiki/JoelKaczmarek
45e49bc.1a 05096f46 028fc4 h ???????? 003 /wiki/JoergKeller
45e49c1.67 05096f46 028fc4 h ???????? 003 /wiki/JoergKopp
45e49c6.61 05096f46 028fc4 h ???????? 003 /wiki/JoergNoennig
45e49cb.87 05096f46 028fc4 h ???????? 003 /wiki/JoergNoennig
45e49d1.d1 05096f46 028fc4 h ???????? 003 /wiki/JohnMalkovich
45e49d8.5f 05096f46 028fc4 h ???????? 003 /wiki/JohnMcCarthy
45e49de.52 05096f46 028fc4 h ???????? 004 /wiki/JohnNaisbitt
45e49e7.f8 05096f46 028fc4 h ???????? 003 /wiki/JohnRobb
45e49ed.b7 05096f46 028fc4 h ???????? 004 /wiki/JohnSearle
45e49f3.3f 05096f46 028fc4 h ???????? 003 /wiki/JohnSterman
45e49f6.8a a2d8e39d 4ac579 h ???????? 00a //rss.rdf
45e49f9.6f 5896e4da f93269 h ???????? 002 //rss.rdf
45e49fa.83 05096f46 028fc4 h ???????? 003 /wiki/JohnWalker
45e4a05.c5 05096f46 028fc4 h ???????? 003 /wiki/JonasBirgersson
45e4a06.5d ade8e30f ea6e3c h ???????? 003 //rss.rdf
45e4a0c.5f 05096f46 028fc4 h ???????? 004 /wiki/JoomlaCms
45e4a13.c4 05096f46 028fc4 h ???????? 003 /wiki/JorgeGomondai
45e4a1a.ee 05096f46 028fc4 h ???????? 004 /wiki/JoseSaramago
45e4a20.a6 05096f46 028fc4 h ???????? 003 /wiki/JosefBuechel
45e4a40.13 05096f46 028fc4 h ???????? 003 /wiki/JoselinMane
45e4a45.fb 05096f46 028fc4 h ???????? 003 /wiki/KaiKrause
45e4a4c.27 05096f46 028fc4 h ???????? 003 /wiki/MaikKrause
45e4a77.3a 407838d2 028fc4 h ???????? 002 /robots.txt
45e4a7f.8b 407838d2 028fc4 h ???????? 003 /wiki/JesusChrist
45e4a99.2c 407838d2 028fc4 h ???????? 004 /wiki/JimmyWales
45e4aa9.4c 407838d2 028fc4 h ???????? 003 /wiki/JlAustin
45e4ab9.53 407838d2 028fc4 h ???????? 004 /wiki/JoachimBiskup
45e4acc.f9 407838d2 028fc4 h ???????? 003 /wiki/JoachimNiemeier
45e4ada.64 407838d2 028fc4 h ???????? 003 /wiki/JoachimTreusch
45e4ae6.cc 407838d2 028fc4 h ???????? 00c /wiki/JoaquinDiaz
45e4afc.90 407838d2 028fc4 h ???????? 003 /wiki/JoaquinDiaz
45e4b0d.fc 407838d2 028fc4 h ???????? 004 /wiki/JoeBiden
45e4b1e.06 407838d2 028fc4 h ???????? 004 /wiki/JoelKaczmarek
45e4b2d.5b 407838d2 028fc4 h ???????? 003 /wiki/JoergKeller
45e4b3e.d1 407838d2 028fc4 h ???????? 004 /wiki/JoergKopp
45e4b4b.f7 407838d2 028fc4 h ???????? 003 /wiki/JoergNoennig
45e4b5d.78 407838d2 028fc4 h ???????? 003 /wiki/JoergNoennig
45e4b72.a7 407838d2 028fc4 h ???????? 005 /wiki/JohannesLichdi
45e4b80.c6 407838d2 028fc4 h ???????? 004 /wiki/JohnHolger
45e4b8e.d0 407838d2 028fc4 h ???????? 003 /wiki/JohnMalkovich
45e4b9e.a9 407838d2 028fc4 h ???????? 004 /wiki/JohnMcCarthy
45e4bad.8e 407838d2 028fc4 h ???????? 004 /wiki/JohnNaisbitt
45e4bb7.b6 407838d2 028fc4 h ???????? 003 /wiki/JohnSearle
45e4bc4.fd 407838d2 028fc4 h ???????? 003 /wiki/JohnSterman
45e4bd2.75 42f94050 043937 s ???????? 004 /wiki/LeakKrieg
45e4bdc.af 407838d2 028fc4 h ???????? 003 /wiki/JohnWalker
45e4be9.89 407838d2 028fc4 h ???????? 004 /wiki/JonasBirgersson
45e4bf8.f8 407838d2 028fc4 h ???????? 003 /wiki/JoomlaCms
45e4c0c.02 407838d2 028fc4 h ???????? 004 /wiki/JorgeGomondai
45e4c20.d1 407838d2 028fc4 h ???????? 004 /wiki/JoseSaramago
45e4c33.29 407838d2 028fc4 h ???????? 004 /wiki/JosefBuechel
45e4c4e.46 407838d2 028fc4 h ???????? 003 /wiki/KarstenMenzel
45e4c65.61 407838d2 028fc4 h ???????? 004 /wiki/KiPo
45e4c76.87 407838d2 028fc4 h ???????? 004 /wiki/KirstinWalther
45e4c85.7a 407838d2 028fc4 h ???????? 003 /wiki/KurlaenderPalais
45e4c94.c3 407838d2 028fc4 h ???????? 003 /wiki/LinieElf
45e4ca8.85 407838d2 028fc4 h ???????? 003 /wiki/LockConsultClassic
45e4cc1.ab 407838d2 028fc4 h ???????? 003 /wiki/LockContribute
45e4cd3.a5 407838d2 028fc4 h ???????? 003 /wiki/LockSchuppen
45e4ce2.71 407838d2 028fc4 h ???????? 003 /wiki/LockSchuppenOpening
45e4cef.61 407838d2 028fc4 h ???????? 004 /wiki/LoveParade
45e4cff.2e 407838d2 028fc4 h ???????? 004 /wiki/LysannSeifert
45e4d0b.91 407838d2 028fc4 h ???????? 009 /wiki/MagicCities
45e4d22.13 407838d2 028fc4 h ???????? 00a /wiki/MaikKrause
45e4d2d.19 407838d2 028fc4 h ???????? 003 /wiki/MailArt
45e4d3d.40 407838d2 028fc4 h ???????? 003 /wiki/MailIsDead
45e4d4a.d2 407838d2 028fc4 h ???????? 004 /wiki/MamaObama
45e4d5c.53 407838d2 028fc4 h ???????? 003 /wiki/MamaZwoNull
45e4d6e.48 407838d2 028fc4 h ???????? 004 /wiki/ManHattan
45e4d7b.1e 407838d2 028fc4 h ???????? 004 /wiki/ManTra
45e4d8d.de 407838d2 028fc4 h ???????? 003 /wiki/MandySchuetze
45e4d9e.05 407838d2 028fc4 h ???????? 004 /wiki/ManfredOsten
45e4daa.c8 407838d2 028fc4 h ???????? 004 /wiki/ManfredSpitzer
45e4db7.b0 407838d2 028fc4 h ???????? 003 /wiki/ManfredVonArdenne
45e4dc4.a7 407838d2 028fc4 h ???????? 004 /wiki/MaritaMatzk
45e4dd0.fb 407838d2 028fc4 h ???????? 004 /wiki/MarketingClubDresden
45e4ddd.6c 407838d2 028fc4 h ???????? 004 /wiki/MartinFrindt
45e4de8.19 407838d2 028fc4 h ???????? 003 /wiki/MarvinMinsky
45e4df7.59 407838d2 028fc4 h ???????? 004 /wiki/MmBuckner
45e4e03.9b 407838d2 028fc4 h ???????? 004 /wiki/ModelUnitedNations
45e4e0f.4c 407838d2 028fc4 h ???????? 004 /wiki/MusseEaswaran
45e4e1b.1e 407838d2 028fc4 h ???????? 004 /wiki/PersonenWiki
45e4e2a.cd 407838d2 028fc4 h ???????? 004 /wiki/ReneDescartes
45e4e37.53 407838d2 028fc4 h ???????? 004 /wiki/RkbExplorer
45e4e44.b5 407838d2 028fc4 h ???????? 003 /wiki/RobertBasic
45e4e58.82 407838d2 028fc4 h ???????? 003 /wiki/SaEna
45e4e64.ed 407838d2 028fc4 h ???????? 003 /wiki/SaundersMacLane
45e4e72.41 407838d2 028fc4 h ???????? 002 /wiki/SebastianGottschall
45e4e7c.29 407838d2 028fc4 h ???????? 002 /wiki/SebastianKnorr
45e4e8a.4b 407838d2 028fc4 h ???????? 002 /wiki/SebastianWeigelt
45e4e95.e5 407838d2 028fc4 h ???????? 002 /wiki/SlUb
45e4ea2.7b 407838d2 028fc4 h ???????? 002 /wiki/SlUb
45e4eaf.3e 407838d2 028fc4 h ???????? 002 /wiki/SocialBusiness
45e4ec2.84 407838d2 028fc4 h ???????? 003 /wiki/SoerenRogoll
45e4ecd.f0 407838d2 028fc4 h ???????? 002 /wiki/SpazierGang
45e4eda.f8 407838d2 028fc4 h ???????? 002 /wiki/SpazierGang
45e4ee5.19 407838d2 028fc4 h ???????? 002 /wiki/StadtLeipzig
45e4ef1.3a 407838d2 028fc4 h ???????? 003 /wiki/TerryBisson
45e4efc.40 407838d2 028fc4 h ???????? 002 /wiki/ThomasScheufler
45e4f09.20 407838d2 028fc4 h ???????? 002 /wiki/ThorstenPrante
45e4f1d.14 407838d2 028fc4 h ???????? 002 /wiki/ThorstenWolfer
45e4f29.3e 407838d2 028fc4 h ???????? 002 /wiki/TouchTable
45e4f33.d9 407838d2 028fc4 h ???????? 002 /wiki/TransnationalParty
45e4f3c.bd 407838d2 028fc4 h ???????? 002 /wiki/TwoThreeHq
45e4f48.65 407838d2 028fc4 h ???????? 002 /wiki/UiRr
45e4f52.9b 407838d2 028fc4 h ???????? 002 /wiki/UlrichNortmann
45e4f5c.29 407838d2 028fc4 h ???????? 002 /wiki/UweAlbrecht
45e4f69.09 407838d2 028fc4 h ???????? 002 /wiki/VisualImageReconstructionFromHumanBrainActivity
45e4f75.14 407838d2 028fc4 h ???????? 002 /wiki/VolkerSchmidt2
45e4f8c.47 407838d2 028fc4 h ???????? 003 /wiki/WeiMar
45e5134.d3 3a61080a ef32ab h ???????? 002 /phpinfo.php
45e5338.34 42f9598b 70a047 h ???????? 002 //rss.rdf
45e5746.40 42f94048 043937 h ???????? 003 /wiki/FrankAppel
45e5747.56 1f81aa2a 57819b h ???????? 013 /
45e58f6.fc 904c0886 028fc4 h ???????? 002 /robots.txt
45e58f8.91 904c0886 028fc4 h ???????? 001 //rss.jsp
45e58fa.1d 904c0886 028fc4 h ???????? 003 //wiki/MindShop
45e58fe.c0 904c0886 028fc4 h ???????? 001 /mvnrepo/
45e5900.7c 904c0886 028fc4 h ???????? 002 /wiki/BailamorClub
45e5904.3f 904c0886 028fc4 h ???????? 002 /wiki/BarnebyDresden
45e5907.c1 904c0886 028fc4 h ???????? 002 /wiki/ChristianHeinrichHeineken
45e590b.6e 904c0886 028fc4 h ???????? 003 /wiki/ElmarHolenstein
45e590e.b1 904c0886 028fc4 h ???????? 003 /wiki/ErasmusDarwin
45e5912.57 904c0886 028fc4 h ???????? 002 /wiki/EricBaum
45e5915.cf 904c0886 028fc4 h ???????? 002 /wiki/EricPoscher
45e5919.4c 904c0886 028fc4 h ???????? 004 /wiki/EricSchlufter
45e591c.ed 904c0886 028fc4 h ???????? 004 /wiki/ErikBenson
45e5920.67 904c0886 028fc4 h ???????? 002 /wiki/ErnstAlbrecht
45e5923.c2 904c0886 028fc4 h ???????? 003 /wiki/ErnstBenda
45e5927.42 904c0886 028fc4 h ???????? 002 /wiki/ErnstJandl
45e592a.8d 904c0886 028fc4 h ???????? 003 /wiki/EspritArena
45e592d.ee 904c0886 028fc4 h ???????? 003 /wiki/EtaHoffmann
45e5931.3c 904c0886 028fc4 h ???????? 003 /wiki/EvaMariaSchwartz
45e5934.bc 904c0886 028fc4 h ???????? 003 /wiki/ExistentialRisk
45e5938.46 904c0886 028fc4 h ???????? 003 /wiki/FarScape
45e593c.0c 904c0886 028fc4 h ???????? 002 /wiki/FatihAkin
45e593f.47 904c0886 028fc4 h ???????? 002 /wiki/FeinbaeckereiWalther
45e5942.e9 904c0886 028fc4 h ???????? 002 /wiki/FelixDresden
45e5946.1e 904c0886 028fc4 h ???????? 002 /wiki/FelixHaas
45e5949.97 904c0886 028fc4 h ???????? 003 /wiki/ForumHochbegabteErwachsene
45e594c.d4 904c0886 028fc4 h ???????? 002 /wiki/FrankVanHarmelen
45e5950.77 904c0886 028fc4 h ???????? 003 /wiki/FrankWedekind
45e5953.c7 904c0886 028fc4 h ???????? 002 /wiki/FrankoHoffmannSamaga
45e5957.16 904c0886 028fc4 h ???????? 003 /wiki/FranziskaDrohsel
45e595a.85 904c0886 028fc4 h ???????? 003 /wiki/FrauenImKopf
45e595d.ff 904c0886 028fc4 h ???????? 003 /wiki/FrauenInfoBoerse
45e5961.90 904c0886 028fc4 h ???????? 002 /wiki/FredBrooks
45e5965.72 904c0886 028fc4 h ???????? 002 /wiki/FriedhelmMeyerAufDerHeide
45e5968.db 904c0886 028fc4 h ???????? 003 /wiki/GalleriaVittorioEmanuele
45e596b.f3 904c0886 028fc4 h ???????? 003 /wiki/GodfriedAugenbroe
45e5970.75 904c0886 028fc4 h ???????? 003 /wiki/GoogleAi
45e5973.ca 904c0886 028fc4 h ???????? 002 /wiki/GooseBumps
45e5977.3b 904c0886 028fc4 h ???????? 002 /wiki/GuoQiangZhang
45e597a.e0 904c0886 028fc4 h ???????? 003 /wiki/HandyTicket
45e597e.76 904c0886 028fc4 h ???????? 003 /wiki/HartmutNeven
45e5982.10 904c0886 028fc4 h ???????? 003 /wiki/HerbertSimon
45e5985.7d 904c0886 028fc4 h ???????? 002 /wiki/HolgerHelas
45e5989.17 904c0886 028fc4 h ???????? 003 /wiki/IanHorrocks
45e598c.b2 904c0886 028fc4 h ???????? 003 /wiki/ImMers
45e5990.1e 904c0886 028fc4 h ???????? 002 /wiki/IrisMayer
45e5993.71 904c0886 028fc4 h ???????? 003 /wiki/ItamarArel
45e5997.0a 904c0886 028fc4 h ???????? 003 /wiki/JackSmith
45e599a.7a 904c0886 028fc4 h ???????? 003 /wiki/JackStack
45e599d.b9 904c0886 028fc4 h ???????? 003 /wiki/JacquelineNovogratz
45e59a1.2b 904c0886 028fc4 h ???????? 003 /wiki/JacquesAttali
45e59a4.9a 904c0886 028fc4 h ???????? 002 /wiki/JacquesBarzun
45e59a7.ea 904c0886 028fc4 h ???????? 003 /wiki/JacquesDerrida
45e59ab.4d 904c0886 028fc4 h ???????? 003 /wiki/JaiKu
45e59ae.ca 904c0886 028fc4 h ???????? 002 /wiki/JamesDean
45e59b2.10 904c0886 028fc4 h ???????? 002 /wiki/JamesGosling
45e59b5.28 904c0886 028fc4 h ???????? 005 /wiki/JamesJoyce
45e59b8.73 904c0886 028fc4 h ???????? 004 /wiki/JamesLighthill
45e59bb.a8 904c0886 028fc4 h ???????? 003 /wiki/JamesWindsor
45e59bf.33 904c0886 028fc4 h ???????? 003 /wiki/JanKegelberg
45e59c2.5b 904c0886 028fc4 h ???????? 003 /wiki/JanKreuter
45e59c6.44 904c0886 028fc4 h ???????? 004 /wiki/JanKreuter
45e59c9.79 904c0886 028fc4 h ???????? 003 /wiki/JanNorthoff
45e59cd.20 904c0886 028fc4 h ???????? 005 /wiki/JanPeterBalkenende
45e59d0.9e 904c0886 028fc4 h ???????? 003 /wiki/JanRabaey
45e59d4.10 904c0886 028fc4 h ???????? 003 /wiki/JanZemanek
45e59d7.b0 904c0886 028fc4 h ???????? 003 /wiki/JanaDiesner
45e59db.45 904c0886 028fc4 h ???????? 003 /wiki/JaneMcGonigal
45e59de.a1 904c0886 028fc4 h ???????? 003 /wiki/JanezJansa
45e59e1.e5 904c0886 028fc4 h ???????? 003 /wiki/JankoRoettgers
45e59e5.94 904c0886 028fc4 h ???????? 003 /wiki/JaredDiamond
45e59e8.d0 904c0886 028fc4 h ???????? 003 /wiki/JavaVm
45e59ec.21 904c0886 028fc4 h ???????? 003 /wiki/JaziratAlArab
45e59ef.3d 904c0886 028fc4 h ???????? 00b /wiki/JeanBaudrillard
45e59f2.d0 904c0886 028fc4 h ???????? 002 /wiki/JeanLucSingularity
45e59f6.46 904c0886 028fc4 h ???????? 003 /wiki/JeanPiaget
45e59f9.89 904c0886 028fc4 h ???????? 003 /wiki/JeffBezos
45e59fc.e3 904c0886 028fc4 h ???????? 004 /wiki/JeffHawkins
45e5a00.4e 904c0886 028fc4 h ???????? 003 /wiki/JeffStryker
45e5a03.89 904c0886 028fc4 h ???????? 003 /wiki/JenTower
45e5a07.3a 904c0886 028fc4 h ???????? 003 /wiki/JensKorte
45e5a0a.b8 904c0886 028fc4 h ???????? 003 /wiki/JensKrzywinski
45e5a0e.3e 904c0886 028fc4 h ???????? 003 /wiki/JesseSchell
45e60e1.76 362494ec 433e9c h ???????? 003 /edit/24706001
45e645a.5c 904c2649 028fc4 h ???????? 009 /robots.txt
45e645d.63 904c2649 028fc4 h ???????? 003 /wiki/MailArt
45e6463.a6 904c2649 028fc4 h ???????? 004 /wiki/MailIsDead
45e6468.9e 904c2649 028fc4 h ???????? 003 /wiki/MamaObama
45e646d.be 904c2649 028fc4 h ???????? 003 /wiki/MamaZwoNull
45e6472.9d 904c2649 028fc4 h ???????? 003 /wiki/ManHattan
45e6477.9e 904c2649 028fc4 h ???????? 004 /wiki/ManTra
45e647c.3c 904c2649 028fc4 h ???????? 003 /wiki/MandySchuetze
45e6481.18 904c2649 028fc4 h ???????? 003 /wiki/ManfredOsten
45e6486.0c 904c2649 028fc4 h ???????? 003 /wiki/ManfredSpitzer
45e648b.16 904c2649 028fc4 h ???????? 00b /wiki/ManfredVonArdenne
45e6490.05 904c2649 028fc4 h ???????? 003 /wiki/MaritaMatzk
45e6494.bd 904c2649 028fc4 h ???????? 003 /wiki/MartinFrindt
45e6499.c5 904c2649 028fc4 h ???????? 003 /wiki/MarvinMinsky
45e649e.e7 904c2649 028fc4 h ???????? 006 /wiki/SaundersMacLane
45e64a2.14 904c2649 028fc4 h ???????? 00a /robots.txt
45e64a5.52 904c2649 028fc4 h ???????? 003 /wiki/TwoThreeHq
45e64a8.22 904c2649 028fc4 h ???????? 004 /robots.txt
45e64ab.3a 904c2649 028fc4 h ???????? 003 /wiki/BailamorClub
45e64ae.7a 904c2649 028fc4 h ???????? 002 /robots.txt
45e64b1.91 904c2649 028fc4 h ???????? 003 /wiki/SocialBusiness
45e64b8.ab 904c2649 028fc4 h ???????? 003 /robots.txt
45e64bb.b6 904c2649 028fc4 h ???????? 003 /wiki/BaRt
45e64c1.06 904c2649 028fc4 h ???????? 003 /wiki/BarnebyDresden
45e64c6.0a 904c2649 028fc4 h ???????? 003 /wiki/ChristianHeinrichHeineken
45e64cb.5d 904c2649 028fc4 h ???????? 004 /wiki/ErnstAlbrecht
45e64d0.81 904c2649 028fc4 h ???????? 003 /wiki/ForumHochbegabteErwachsene
45e64d5.9a 904c2649 028fc4 h ???????? 003 /wiki/FrankoHoffmannSamaga
45e64da.4f 904c2649 028fc4 h ???????? 004 /wiki/FranziskaDrohsel
45e64df.8a 904c2649 028fc4 h ???????? 003 /wiki/HandyTicket
45e64e4.52 904c2649 028fc4 h ???????? 004 /wiki/IngridaPlunksnyte
45e64e9.65 904c2649 028fc4 h ???????? 003 /wiki/JensUweSauer
45e64ee.8b 904c2649 028fc4 h ???????? 003 /wiki/KiPo
45e64f3.b0 904c2649 028fc4 h ???????? 004 /wiki/ManuelaSchwesig
45e64f8.7a 904c2649 028fc4 h ???????? 003 /wiki/MmBuckner
45e64fd.57 904c2649 028fc4 h ???????? 004 /wiki/OstPol
45e6500.8c 904c2649 028fc4 h ???????? 002 /robots.txt
45e6503.b2 904c2649 028fc4 h ???????? 003 /wiki/ElenaFerrari
45e6508.c5 904c2649 028fc4 h ???????? 004 /wiki/EricBaum
45e650d.f1 904c2649 028fc4 h ???????? 004 /wiki/ErnstJandl
45e6513.1c 904c2649 028fc4 h ???????? 00c /wiki/EvaMariaSchwartz
45e6518.60 904c2649 028fc4 h ???????? 004 /wiki/ExistentialRisk
45e651d.5a 904c2649 028fc4 h ???????? 004 /wiki/FrankVanHarmelen
45e6522.37 904c2649 028fc4 h ???????? 003 /wiki/FrauenImKopf
45e6527.54 904c2649 028fc4 h ???????? 004 /wiki/FredBrooks
45e652c.70 904c2649 028fc4 h ???????? 004 /wiki/FriedhelmMeyerAufDerHeide
45e6531.46 904c2649 028fc4 h ???????? 003 /wiki/GalleriaVittorioEmanuele
45e6536.73 904c2649 028fc4 h ???????? 004 /wiki/GodfriedAugenbroe
45e653b.52 904c2649 028fc4 h ???????? 004 /wiki/GoogleAi
45e6540.43 904c2649 028fc4 h ???????? 004 /wiki/GoogleSea
45e6740.80 904c2649 028fc4 h ???????? 004 /wiki/GoogleTranslate
45e6745.8a 904c2649 028fc4 h ???????? 004 /wiki/GooseBumps
45e674a.a9 904c2649 028fc4 h ???????? 004 /wiki/GuidoStepken
45e6750.79 904c2649 028fc4 h ???????? 004 /wiki/GuoQiangZhang
45e6755.86 904c2649 028fc4 h ???????? 004 /wiki/HallenProjekt
45e675a.c0 904c2649 028fc4 h ???????? 004 /wiki/HandyTicket
45e675f.e4 904c2649 028fc4 h ???????? 004 /wiki/HangarOne
45e6765.17 904c2649 028fc4 h ???????? 004 /wiki/HartmutNeven
45e676a.5f 904c2649 028fc4 h ???????? 005 /wiki/HeikoStoermer
45e676f.a3 904c2649 028fc4 h ???????? 004 /wiki/HerbertSimon
45e6774.a2 904c2649 028fc4 h ???????? 003 /wiki/HolgerHelas
45e6779.db 904c2649 028fc4 h ???????? 003 /wiki/IanHorrocks
45e677e.ce 904c2649 028fc4 h ???????? 004 /wiki/ImMers
45e6784.2f 904c2649 028fc4 h ???????? 004 /wiki/IrisMayer
45e6789.4e 904c2649 028fc4 h ???????? 004 /wiki/ItamarArel
45e678e.2d 904c2649 028fc4 h ???????? 005 /wiki/JackDongarra
45e6793.40 904c2649 028fc4 h ???????? 004 /wiki/JamesSurowiecki
45e6798.4e 904c2649 028fc4 h ???????? 005 /wiki/JanKreuter
45e679d.9b 904c2649 028fc4 h ???????? 004 /wiki/JensBemme
45e67a2.6d 904c2649 028fc4 h ???????? 004 /wiki/JensUweSauer
45e67a7.92 904c2649 028fc4 h ???????? 004 /wiki/JimmyWales
45e67ac.b3 904c2649 028fc4 h ???????? 003 /wiki/JohannWolfgangVonGoethe
45e67b1.cc 904c2649 028fc4 h ???????? 005 /wiki/JohannesLichdi
45e67b7.0b 904c2649 028fc4 h ???????? 004 /wiki/JohnHolger
45e67bc.1d 904c2649 028fc4 h ???????? 004 /wiki/JohnYoung
45e67c1.59 904c2649 028fc4 h ???????? 004 /wiki/JournalistinnenBund
45e67c6.9d 904c2649 028fc4 h ???????? 002 /wiki/JuliaBonk
45e67cb.98 904c2649 028fc4 h ???????? 002 /wiki/JyvasKyla
45e67d0.75 904c2649 028fc4 h ???????? 002 /wiki/KarenWeinert
45e67d5.52 904c2649 028fc4 h ???????? 002 /wiki/KarstenMenzel
45e67da.34 904c2649 028fc4 h ???????? 002 /wiki/KauSt
45e67df.1a 904c2649 028fc4 h ???????? 002 /wiki/KerstinGriese
45e67e4.00 904c2649 028fc4 h ???????? 003 /wiki/KirstinWalther
45e67e8.f3 904c2649 028fc4 h ???????? 002 /wiki/KitaNordstrasse
45e67ed.d7 904c2649 028fc4 h ???????? 002 /wiki/KurlaenderPalais
45e67f2.99 904c2649 028fc4 h ???????? 002 /wiki/KyotoPrize
45e67f7.75 904c2649 028fc4 h ???????? 002 /wiki/LangNachtDerWissenschaften
45e67fc.47 904c2649 028fc4 h ???????? 002 /wiki/LimbicSystem
45e6800.f1 904c2649 028fc4 h ???????? 002 /wiki/LinieElf
45e6805.ee 904c2649 028fc4 h ???????? 002 /wiki/LockConsultClassic
45e680b.f9 904c2649 028fc4 h ???????? 002 /wiki/LockContribute
45e6810.f5 904c2649 028fc4 h ???????? 002 /wiki/LockSchuppen
45e6816.49 904c2649 028fc4 h ???????? 002 /wiki/LockSchuppenBusinessPlan
45e681c.f6 904c2649 028fc4 h ???????? 003 /wiki/LockSchuppenOpening
45e6821.f8 904c2649 028fc4 h ???????? 002 /wiki/LoveParade
45e6827.10 904c2649 028fc4 h ???????? 002 /wiki/LuftBallong
45e682b.d9 904c2649 028fc4 h ???????? 002 /wiki/LysannSeifert
45e6830.b1 904c2649 028fc4 h ???????? 002 /wiki/MagdalenaBoettger
45e6835.9a 904c2649 028fc4 h ???????? 003 /wiki/MagicCities
45e683a.95 904c2649 028fc4 h ???????? 002 /wiki/MarketingClubDresden
45e683f.7a 904c2649 028fc4 h ???????? 002 /wiki/MartinKoser
45e6844.70 904c2649 028fc4 h ???????? 002 /wiki/MartinRoell
45e6849.9a 904c2649 028fc4 h ???????? 003 /wiki/MichaelJackson
45e684e.7b 904c2649 028fc4 h ???????? 002 /wiki/MichelBauwens
45e6853.4f 904c2649 028fc4 h ???????? 003 /wiki/ModelUnitedNations
45e6868.68 904c2649 028fc4 h ???????? 002 /wiki/MusseEaswaran
45e686d.3d 904c2649 028fc4 h ???????? 002 /wiki/PersonenWiki
45e6872.1c 904c2649 028fc4 h ???????? 003 /wiki/ReinhardKeilSlawik
45e6877.14 904c2649 028fc4 h ???????? 002 /wiki/ReleaseEarlyReleaseOften
45e687b.fe 904c2649 028fc4 h ???????? 002 /wiki/ReneDescartes
45e6880.ea 904c2649 028fc4 h ???????? 003 /wiki/RkbExplorer
45e6886.0e 904c2649 028fc4 h ???????? 003 /wiki/RolandStenzel
45e688a.ea 904c2649 028fc4 h ???????? 008 /wiki/RoswithaHunold
45e68bb.c5 904c2649 028fc4 h ???????? 003 /wiki/SaEna
45e68c0.ce 904c2649 028fc4 h ???????? 002 /wiki/SlUb
45e68c5.ec 904c2649 028fc4 h ???????? 003 /wiki/SlUb
45e68ca.c6 904c2649 028fc4 h ???????? 003 /wiki/SoerenRogoll
45e68cf.d1 904c2649 028fc4 h ???????? 002 /wiki/SpazierGang
45e68d4.b8 904c2649 028fc4 h ???????? 003 /wiki/SpazierGang
45e68d9.c3 904c2649 028fc4 h ???????? 003 /wiki/StadtLeipzig
45e68de.bf 904c2649 028fc4 h ???????? 002 /wiki/TerryBisson
45e68e3.94 904c2649 028fc4 h ???????? 002 /wiki/TimoHeuer
45e68e6.52 904c2649 028fc4 h ???????? 002 /robots.txt
45e68e9.58 904c2649 028fc4 h ???????? 001 /mvnrepo/
45e68ea.3b 904c2649 028fc4 h ???????? 002 /robots.txt
45e68ed.4e 904c2649 028fc4 h ???????? 002 /wiki/RobertBasic
45e68f2.28 904c2649 028fc4 h ???????? 002 /wiki/SebastianGottschall
45e68f7.16 904c2649 028fc4 h ???????? 003 /wiki/SebastianKnorr
45e68fb.e1 904c2649 028fc4 h ???????? 002 /wiki/SebastianWeigelt
45e6900.a7 904c2649 028fc4 h ???????? 003 /wiki/TheSocialNetwork
45e6905.9d 904c2649 028fc4 h ???????? 005 /wiki/ThomasScheufler
45e6905.a4 42f9404a 043937 h ???????? 003 /wiki/WebBrowser
45e690a.ad 904c2649 028fc4 h ???????? 002 /wiki/ThorstenPrante
45e690f.86 904c2649 028fc4 h ???????? 002 /wiki/ThorstenWolfer
45e6914.85 904c2649 028fc4 h ???????? 003 /wiki/TouchTable
45e6919.5f 904c2649 028fc4 h ???????? 002 /wiki/TransnationalParty
45e691e.a7 904c2649 028fc4 h ???????? 002 /wiki/TruePeople
45e6923.c3 904c2649 028fc4 h ???????? 002 /wiki/UiRr
45e6928.79 904c2649 028fc4 h ???????? 003 /wiki/UlrichNortmann
45e692d.31 904c2649 028fc4 h ???????? 003 /wiki/UmairHaque
45e6932.1f 904c2649 028fc4 h ???????? 003 /wiki/UrsHoelzle
45e6937.24 904c2649 028fc4 h ???????? 002 /wiki/UrsulaViljoen
45e6937.61 5dd1076e 028fc4 h ???????? 001 /robots.txt
45e693c.16 904c2649 028fc4 h ???????? 003 /wiki/UweAlbrecht
45e6940.a0 5dd1076e 028fc4 h ???????? 002 /wiki/JyvasKyla
45e6941.0a 904c2649 028fc4 h ???????? 002 /wiki/UweWerner
45e6946.1b 904c2649 028fc4 h ???????? 003 /wiki/VisualImageReconstructionFromHumanBrainActivity
45e694a.fc 904c2649 028fc4 h ???????? 003 /wiki/VolkerSchmidt2
45e694f.de 904c2649 028fc4 h ???????? 002 /wiki/WeiMar
45e6952.c5 904c2649 028fc4 h ???????? 002 /robots.txt
45e6955.d2 904c2649 028fc4 h ???????? 003 /wiki/ElmarHolenstein
45e695a.d3 904c2649 028fc4 h ???????? 003 /wiki/ErasmusDarwin
45e6960.02 904c2649 028fc4 h ???????? 003 /wiki/EricPoscher
45e6964.a5 904c2649 028fc4 h ???????? 003 /wiki/EricSchlufter
45e6969.a9 904c2649 028fc4 h ???????? 003 /wiki/ErikBenson
45e696e.44 904c2649 028fc4 h ???????? 003 /wiki/ErnstBenda
45e6973.9d 904c2649 028fc4 h ???????? 003 /wiki/EspritArena
45e6978.7f 904c2649 028fc4 h ???????? 003 /wiki/EtaHoffmann
45e697d.7a 904c2649 028fc4 h ???????? 003 /wiki/EthanKurzweil
45e6982.39 904c2649 028fc4 h ???????? 003 /wiki/EventBrite
45e6987.24 904c2649 028fc4 h ???????? 003 /wiki/ExzellenzInitiative
45e698c.3e 904c2649 028fc4 h ???????? 003 /wiki/FarScape
45e6990.da 904c2649 028fc4 h ???????? 003 /wiki/FatihAkin
45e6995.a2 904c2649 028fc4 h ???????? 004 /wiki/FeinbaeckereiWalther
45e699a.89 904c2649 028fc4 h ???????? 003 /wiki/FelixDresden
45e699f.b4 904c2649 028fc4 h ???????? 003 /wiki/FelixHaas
45e69a4.b8 904c2649 028fc4 h ???????? 003 /wiki/FrankWedekind
45e69a9.b9 904c2649 028fc4 h ???????? 003 /wiki/FrauenInfoBoerse
45e69ae.b0 904c2649 028fc4 h ???????? 003 /wiki/FriedhelmMeyerAufDerHeide
45e69b1.bd 904c2649 028fc4 h ???????? 003 /robots.txt
45e69b4.a5 904c2649 028fc4 h ???????? 003 /wiki/LockSchuppen
45e6bd0.4b 22f288c9 590f55 h ???????? 01e /
45e6e64.b7 6dec57ca 7c1e3d h ???????? 002 /webtop/version.properties
45e7030.0f 50f1d67c 028fc4 h ???????? 002 /robots.txt
45e7033.5a 50f1d67c 028fc4 h ???????? 004 /wiki/PeterNeumann
45e703b.f1 50f1d67c 028fc4 h ???????? 003 /wiki/PeterTuri
45e7043.4a 50f1d67c 028fc4 h ???????? 003 /wiki/PeterWegner
45e7048.fc 50f1d67c 028fc4 h ???????? 003 /wiki/PhilipGlass
45e7052.6c 50f1d67c 028fc4 h ???????? 003 /wiki/PierreOmidyar
45e705a.bd 50f1d67c 028fc4 h ???????? 003 /wiki/PieschenTv
45e7060.47 50f1d67c 028fc4 h ???????? 003 /wiki/PippiLangstrumpf
45e7067.3d 50f1d67c 028fc4 h ???????? 003 /wiki/PizzaMario
45e706d.d4 50f1d67c 028fc4 h ???????? 003 /wiki/PkOst
45e7075.27 50f1d67c 028fc4 h ???????? 003 /wiki/PlUrk
45e707a.fa 50f1d67c 028fc4 h ???????? 003 /wiki/PlanWirtschaft
45e7082.3a 50f1d67c 028fc4 h ???????? 004 /wiki/PlasticLogic
45e708a.82 50f1d67c 028fc4 h ???????? 003 /wiki/PolyOmino
45e7091.22 50f1d67c 028fc4 h ???????? 004 /wiki/PostPrivacy
45e7098.2c 50f1d67c 028fc4 h ???????? 003 /wiki/PowerLawOfParticipation
45e709f.40 50f1d67c 028fc4 h ???????? 003 /wiki/PowerSet
45e70a5.b6 50f1d67c 028fc4 h ???????? 003 /wiki/PradoEarth
45e70ac.c7 50f1d67c 028fc4 h ???????? 003 /wiki/PraestabilierteHarmonie
45e70b3.25 50f1d67c 028fc4 h ???????? 003 /wiki/PreSingularityAbundanceMilestones
45e70b9.8f 50f1d67c 028fc4 h ???????? 003 /wiki/QueenslandOne
45e70c1.1f 50f1d67c 028fc4 h ???????? 003 /wiki/RabIf
45e70c8.99 50f1d67c 028fc4 h ???????? 003 /wiki/RachidaDati
45e70ce.f9 50f1d67c 028fc4 h ???????? 003 /wiki/RadeBerg
45e70d5.53 50f1d67c 028fc4 h ???????? 004 /wiki/RainerNiess
45e70dc.00 50f1d67c 028fc4 h ???????? 004 /wiki/RainierTower
45e70e1.70 50f1d67c 028fc4 h ???????? 003 /wiki/RalfLippold
45e70eb.14 50f1d67c 028fc4 h ???????? 004 /wiki/RamonaKurzweil
45e70f3.e0 50f1d67c 028fc4 h ???????? 003 /wiki/RasKolNiKoff
45e70fb.6f 50f1d67c 028fc4 h ???????? 003 /wiki/RauMobil
45e7102.26 50f1d67c 028fc4 h ???????? 003 /wiki/RauschenBach
45e7109.25 50f1d67c 028fc4 h ???????? 004 /wiki/RayBradbury
45e710f.48 50f1d67c 028fc4 h ???????? 004 /wiki/ReNaissance
45e7115.61 50f1d67c 028fc4 h ???????? 003 /wiki/RePl
45e711b.44 50f1d67c 028fc4 h ???????? 003 /wiki/RedUnda
45e7121.a3 50f1d67c 028fc4 h ???????? 004 /wiki/RedeWendung
45e7129.7a 50f1d67c 028fc4 h ???????? 003 /wiki/RegEx
45e712f.3b 50f1d67c 028fc4 h ???????? 003 /wiki/ReidsPalace
45e7135.d1 50f1d67c 028fc4 h ???????? 004 /wiki/ReinerAnderl
45e713a.ad 50f1d67c 028fc4 h ???????? 004 /wiki/ReinoDeEspana
45e7141.5c 50f1d67c 028fc4 h ???????? 004 /wiki/ResourceDescriptionFramework
45e7146.d8 50f1d67c 028fc4 h ???????? 003 /wiki/RichardWasserfuhr
45e714c.b8 50f1d67c 028fc4 h ???????? 004 /wiki/RichardWasserfuhr
45e7153.10 50f1d67c 028fc4 h ???????? 004 /wiki/RobertBigelow
45e7158.ba 50f1d67c 028fc4 h ???????? 003 /wiki/RobertWeichert
45e715e.d9 50f1d67c 028fc4 h ???????? 005 /wiki/RobinMilner
45e7164.df 50f1d67c 028fc4 h ???????? 004 /wiki/RocketScience
45e716a.d1 50f1d67c 028fc4 h ???????? 004 /wiki/RolandEmmerich
45e7170.26 50f1d67c 028fc4 h ???????? 003 /wiki/RomanWasserfuhr
45e7176.03 50f1d67c 028fc4 h ???????? 004 /wiki/RomySchneider
45e717b.42 50f1d67c 028fc4 h ???????? 004 /wiki/RonConway
45e7180.1c 50f1d67c 028fc4 h ???????? 004 /wiki/RonEckhardt
45e7185.d5 50f1d67c 028fc4 h ???????? 003 /wiki/RonEckhardt
45e718a.67 50f1d67c 028fc4 h ???????? 003 /wiki/RonSun
45e718f.46 50f1d67c 028fc4 h ???????? 004 /wiki/RonaldCoase
45e7194.f5 50f1d67c 028fc4 h ???????? 003 /wiki/RonaldPerelman
45e719a.14 50f1d67c 028fc4 h ???????? 004 /wiki/RoyAmara
45e719f.3b 50f1d67c 028fc4 h ???????? 004 /wiki/RubeGoldberg
45e71a4.cb 50f1d67c 028fc4 h ???????? 003 /wiki/RubenBohnet
45e71a9.d8 50f1d67c 028fc4 h ???????? 004 /wiki/RubenBohnet
45e71af.85 50f1d67c 028fc4 h ???????? 003 /wiki/RubensMuse
45e71b4.f8 50f1d67c 028fc4 h ???????? 004 /wiki/RudolfHarbigStadion
45e71ba.85 50f1d67c 028fc4 h ???????? 003 /wiki/RudyGiuliani
45e71bf.d5 50f1d67c 028fc4 h ???????? 003 /wiki/RudyRucker
45e71c5.cf 50f1d67c 028fc4 h ???????? 003 /wiki/RuedigerGrube
45e71cb.cb 50f1d67c 028fc4 h ???????? 004 /wiki/RuettenScheid
45e71d0.c4 50f1d67c 028fc4 h ???????? 003 /wiki/SBahnDresden
45e71d5.bb 50f1d67c 028fc4 h ???????? 003 /wiki/SaLoppe
45e71da.ea 50f1d67c 028fc4 h ???????? 004 /wiki/SamPa
45e71e1.1b 50f1d67c 028fc4 h ???????? 004 /wiki/SandyLeatonGray
45e71e7.7d 50f1d67c 028fc4 h ???????? 003 /wiki/SantiagoRamonYCajal
45e71ed.a2 50f1d67c 028fc4 h ???????? 004 /wiki/SarSa
45e71f4.10 50f1d67c 028fc4 h ???????? 004 /wiki/SchlossNickern
45e71f9.36 50f1d67c 028fc4 h ???????? 003 /wiki/SchoolOfEverything
45e7200.25 50f1d67c 028fc4 h ???????? 004 /wiki/SchwarzMarkt
45e7204.8b 50f1d67c 028fc4 h ???????? 004 /wiki/SchwarzMarkt
45e7209.9b 50f1d67c 028fc4 h ???????? 004 /wiki/SchwarzMarkt
45e720e.db 50f1d67c 028fc4 h ???????? 004 /wiki/ScottMonty
45e7214.4b 50f1d67c 028fc4 h ???????? 003 /wiki/SebastianGruenwaldt
45e7219.a1 50f1d67c 028fc4 h ???????? 003 /wiki/SieMens
45e721e.af 50f1d67c 028fc4 h ???????? 004 /wiki/SingularCamp
45e7223.d9 50f1d67c 028fc4 h ???????? 004 /wiki/SingularityIsNearFilm
45e7229.75 50f1d67c 028fc4 h ???????? 003 /wiki/SingularityOs
45e722e.49 50f1d67c 028fc4 h ???????? 004 /wiki/SingularityRoom
45e7234.07 50f1d67c 028fc4 h ???????? 005 /wiki/SingularitySummit
45e723d.49 50f1d67c 028fc4 h ???????? 004 /wiki/SintFlut
45e7244.24 50f1d67c 028fc4 h ???????? 004 /wiki/SintflutPrinzip
45e724a.43 50f1d67c 028fc4 h ???????? 004 /wiki/SippenHaft
45e7250.ba 50f1d67c 028fc4 h ???????? 004 /wiki/SissaIbnDahir
45e7256.df 50f1d67c 028fc4 h ???????? 004 /wiki/SketchUp
45e725f.91 50f1d67c 028fc4 h ???????? 00d /wiki/SklavenMoral
45e7266.92 50f1d67c 028fc4 h ???????? 004 /wiki/SklavenZentrale
45e726e.4d 50f1d67c 028fc4 h ???????? 006 /wiki/SkyNet
45e7274.d2 50f1d67c 028fc4 h ???????? 005 /wiki/SmokeyBear
45e727b.c1 50f1d67c 028fc4 h ???????? 004 /wiki/SmsDresdenZwo
45e7282.c6 50f1d67c 028fc4 h ???????? 004 /wiki/SnipSnap
45e7288.4c 50f1d67c 028fc4 h ???????? 004 /wiki/SocialSingularity
45e728d.9f 50f1d67c 028fc4 h ???????? 004 /wiki/StewartBrand
45e7298.91 50f1d67c 028fc4 h ???????? 005 /wiki/StockSplit
45e72a0.30 50f1d67c 028fc4 h ???????? 004 /wiki/SylterRunde
45e72a7.cb 50f1d67c 028fc4 h ???????? 004 /wiki/SynAxon
45e72ae.84 50f1d67c 028fc4 h ???????? 004 /wiki/TerrySejnowski
45e72b4.92 50f1d67c 028fc4 h ???????? 004 /wiki/TerryWinograd
45e72bc.7d 50f1d67c 028fc4 h ???????? 004 /wiki/TraumZwei
45e72c2.ba 50f1d67c 028fc4 h ???????? 004 /wiki/UnitedNations
45e72cc.1c 50f1d67c 028fc4 h ???????? 002 /wiki/UniversumBremen
45e72d4.5c 50f1d67c 028fc4 h ???????? 002 /wiki/UnserAdVocat
45e72db.53 50f1d67c 028fc4 h ???????? 003 /wiki/UnserNotar
45e72e2.5a 50f1d67c 028fc4 h ???????? 002 /wiki/UnternehmerForum
45e72e9.80 50f1d67c 028fc4 h ???????? 002 /wiki/UrsulaVonDerLeyen
45e72f0.f6 50f1d67c 028fc4 h ???????? 003 /wiki/UsElection08
45e72f6.eb 50f1d67c 028fc4 h ???????? 002 /wiki/UsState
45e72fb.bd 50f1d67c 028fc4 h ???????? 002 /wiki/UstId
45e7301.ac 50f1d67c 028fc4 h ???????? 002 /wiki/UtcConspiracy
45e730a.0c 50f1d67c 028fc4 h ???????? 002 /wiki/UweKellermann
45e730f.f0 50f1d67c 028fc4 h ???????? 002 /wiki/UweLeck
45e7315.2f 50f1d67c 028fc4 h ???????? 002 /wiki/UweTellkamp
45e731b.8a 50f1d67c 028fc4 h ???????? 002 /wiki/VaclavHavel
45e7322.45 50f1d67c 028fc4 h ???????? 002 /wiki/VanCouver
45e7329.9a 50f1d67c 028fc4 h ???????? 002 /wiki/VentureCapital
45e732f.b4 50f1d67c 028fc4 h ???????? 003 /wiki/VolkmarPipek
45e7335.19 50f1d67c 028fc4 h ???????? 002 /wiki/VoyagerGoldenRecord
45e733b.66 50f1d67c 028fc4 h ???????? 002 /wiki/VsrCi
45e7342.6e 50f1d67c 028fc4 h ???????? 002 /wiki/WaMu
45e74ca.25 50f1d67c 028fc4 h ???????? 003 /wiki/WaMu
45e74d5.0f 42f9404a 043937 h ???????? 003 /wiki/MartinTest
45e74d5.c7 50f1d67c 028fc4 h ???????? 002 /wiki/WahrSchein
45e74e4.c9 50f1d67c 028fc4 h ???????? 002 /wiki/WahrerMensch
45e74f9.6d 50f1d67c 028fc4 h ???????? 002 /wiki/WaldemarCierpinski
45e7506.bd 50f1d67c 028fc4 h ???????? 002 /wiki/WalkedOnTheMoon
45e7515.5a 50f1d67c 028fc4 h ???????? 002 /wiki/WalterBischofberger
45e751e.b4 50f1d67c 028fc4 h ???????? 003 /wiki/WalterFTichy
45e7529.01 50f1d67c 028fc4 h ???????? 003 /wiki/WalterReinholdUhlig
45e7533.8f 50f1d67c 028fc4 h ???????? 002 /wiki/WaltherRathenau
45e753d.5c 50f1d67c 028fc4 h ???????? 003 /wiki/WilliSchroll
45e7545.8b 50f1d67c 028fc4 h ???????? 003 /wiki/WilliamGibson
45e754c.22 50f1d67c 028fc4 h ???????? 002 /wiki/WillmsBuhse
45e7553.ba 50f1d67c 028fc4 h ???????? 003 /wiki/WinfriedLachnit
45e755a.f3 50f1d67c 028fc4 h ???????? 003 /wiki/WinfriedLueg
45e7563.ee 50f1d67c 028fc4 h ???????? 003 /wiki/ZwoVierCcc
45e7a5e.b6 362494b0 433e9c h ???????? 003 /edit/28286008
45e7b5b.81 9d372737 6a88e8 s ???????? 015 /
45e7c2c.19 42f95987 70a047 h ???????? 002 //rss.rdf
45e8009.5d c0032ee2 ded6f2 h ???????? 015 /
45e861a.05 05099c2b 028fc4 h ???????? 002 //robots.txt
45e861c.e4 05099c2b 028fc4 h ???????? 002 //wiki/%25s
45e8623.4e 05099c2b 028fc4 h ???????? 003 //wiki/%3C%25=session.getAttribute(
45e8628.18 05099c2b 028fc4 h ???????? 003 //wiki/AnneWillSingulari%E2%80%A6
45e862d.45 05099c2b 028fc4 h ???????? 002 //wiki/DresdenWiFi%E2%80%9C
45e8632.28 05099c2b 028fc4 h ???????? 003 //wiki/DresdenWiFi
45e8636.e9 05099c2b 028fc4 h ???????? 003 //wiki/LockSchuppen.%C2%A0
45e863b.da 05099c2b 028fc4 h ???????? 003 //wiki/LockSchuppen.%C3%82%C2%A0
45e8f66.83 9d372737 6a88e8 h ???????? 003 /wiki/ImMortal
45e917f.ec 284da71b 6a88e8 h ???????? 01c /
45e96c8.58 44b4e59c aec21f s ???????? 003 /robots.txt
45e96c9.53 44b4e59c aec21f s ???????? 002 /radio
45e9b5f.64 d17e8807 7404fb s ???????? 020 /
45e9c33.68 34247dae 91e338 h ???????? 002 /robots.txt
45e9c3c.fd 34247dae 91e338 h ???????? 019 /
45e9c3e.a2 34247dae 91e338 h ???????? 015 /
45e9c3f.dd 34247dae 91e338 s ???????? 07f /ls
45e9c40.fc a4843451 eb026b s ???????? 003 /bcHead
45e9c40.c1 34247dae 91e338 s ???????? 0ee /sh
45e9c41.e4 34247dae 91e338 s ???????? 073 /hls
45e9c42.c6 34247dae 91e338 s ???????? 002 /edit
45e9cc6.c1 b44c0f8c fa643b h ???????? 006 /robots.txt
45e9cc6.c1 b44c0f22 fa643b h ???????? 003 /robots.txt
45e9d88.7b b44c0f0e a04d28 h ???????? 01c /
45e9f22.02 44b4e59c aec21f h ???????? 004 /wiki/ConCept
45e9f61.54 5b79463a 60d7db h ???????? 01e /
45ea054.eb 6baae325 ef60d6 s ???????? 016 /
45ea0d2.a8 44b4e59c aec21f s ???????? 018 /
45ea32f.6e 42f9598b 70a047 h ???????? 002 //rss.rdf
45ea54d.72 5f6cb561 e4b041 h ???????? 002 /robots.txt
45ea54d.72 57fae04d e4b041 h ???????? 005 /robots.txt
45ea551.12 5f6cb561 e4b041 h ???????? 025 /
45ea551.42 57fae04d e4b041 h ???????? 002 /robots.txt
45ea555.3e 57fae04d e4b041 h ???????? 002 /robots.txt
45ea559.19 57fae04d e4b041 h ???????? 001 /robots.txt
45ea55c.f0 57fae04d e4b041 h ???????? 002 /robots.txt
45ea560.c3 57fae04d e4b041 h ???????? 002 /robots.txt
45ea564.8c 57fae04d e4b041 h ???????? 001 /robots.txt
45ea568.50 57fae04d e4b041 h ???????? 002 /robots.txt
45ea56b.f7 57fae04d e4b041 h ???????? 002 /robots.txt
45ea56f.a9 57fae04d e4b041 h ???????? 002 /robots.txt
45ea573.4d 57fae04d e4b041 h ???????? 003 /robots.txt
45ea576.e2 57fae04d e4b041 h ???????? 002 /robots.txt
45ea57a.7f 57fae04d e4b041 h ???????? 002 /robots.txt
45ea57e.03 57fae04d e4b041 h ???????? 002 /robots.txt
45ea581.83 57fae04d e4b041 h ???????? 00b /robots.txt
45ea585.06 57fae04d e4b041 h ???????? 002 /robots.txt
45ea588.72 57fae04d e4b041 h ???????? 002 /robots.txt
45ea58b.e0 57fae04d e4b041 h ???????? 002 /robots.txt
45ea58f.43 57fae04d e4b041 h ???????? 003 /robots.txt
45ea592.a1 57fae04d e4b041 h ???????? 002 /robots.txt
45ea7c7.59 4e2e2319 7dfab1 h ???????? 002 //rss.jsp
45ea7c7.86 4e2e2319 7dfab1 h ???????? 002 //rss.jsp
45ea870.53 05096f46 028fc4 h ???????? 002 //robots.txt
45ea873.87 05096f46 028fc4 h ???????? 003 //wiki/SingularityUniversity
45ea915.77 cf2e0dbc 6a88e8 s ???????? 018 /
45eb142.67 44b4e59c aec21f h ???????? 004 /wiki/NetzTeil
45eb292.b7 bce2c4d5 31e34f h ???????? 003 //robots.txt
45eb292.e9 bce2c4d5 31e34f h ???????? 003 /wiki/SingularAcademy
45eb2c8.68 bce2c4d5 31e34f h ???????? 004 /wiki/SingularityUniversity
45eb30a.68 5eb52da6 cd1157 h ???????? 019 /
45eb47f.26 bce2c4d5 31e34f h ???????? 003 /wiki/OttoScharmer
45eb4bb.56 36ea0002 c76db1 s ???????? 003 /robots.txt
45eb4f7.a9 bce2c4d5 31e34f h ???????? 003 /wiki/TonyBates
45eb618.c4 2e0457cd 028fc4 h ???????? 002 /robots.txt
45eb61a.77 2e0457cd 028fc4 h ???????? 003 /wiki/DaliaRoxanaFloresSeabra
45eb61f.eb 2e0457cd 028fc4 h ???????? 003 /wiki/DanBarry
45eb624.3e 2e0457cd 028fc4 h ???????? 004 /wiki/DanielDrechsel
45eb627.99 2e0457cd 028fc4 h ???????? 003 /wiki/DanielGoleman
45eb62f.1e 2e0457cd 028fc4 h ???????? 004 /wiki/DanielGroezinger
45eb632.f6 2e0457cd 028fc4 h ???????? 003 /wiki/DeformationProfessionnelle
45eb636.c0 2e0457cd 028fc4 h ???????? 004 /wiki/DemiNackt
45eb63a.ed 2e0457cd 028fc4 h ???????? 004 /wiki/DeutschForschungsgemeinschaft
45eb63e.b7 2e0457cd 028fc4 h ???????? 004 /wiki/EmBodiment
45eb642.39 2e0457cd 028fc4 h ???????? 004 /wiki/ForgottenPassword
45eb646.7a 2e0457cd 028fc4 h ???????? 005 /wiki/FrankHaring
45eb64a.0b 2e0457cd 028fc4 h ???????? 004 /wiki/FrankRosenblatt
45eb64d.cc 2e0457cd 028fc4 h ???????? 004 /wiki/RobCarlson
45eb651.37 2e0457cd 028fc4 h ???????? 005 /wiki/RobOt
45eb656.70 2e0457cd 028fc4 h ???????? 004 /wiki/ScottMonty
45eb65e.78 2e0457cd 028fc4 h ???????? 004 /wiki/SecondInterest
45eb663.b0 2e0457cd 028fc4 h ???????? 004 /wiki/WikiWallCandidate
45eb787.27 cd8b8d36 209ef4 h ???????? 003 //rss.rdf
45eb870.88 bce2c4d5 31e34f h ???????? 01a /
45ebb85.02 5f6cb561 e4b041 h ???????? 003 /robots.txt
45ebb85.77 b29aab43 e4b041 s ???????? 003 /robots.txt
45ebb88.f0 5f6cb561 e4b041 h ???????? 01a /
45ebb89.32 b29aab43 e4b041 s ???????? 01a /
45ebbcb.d2 57fae04d e4b041 h ???????? 003 /robots.txt
45ebbd4.cc 57fae04d e4b041 h ???????? 003 /robots.txt
45ebbd9.ac 57fae04d e4b041 h ???????? 003 /robots.txt
45ebbdc.f6 57fae04d e4b041 h ???????? 003 /robots.txt
45ebbe0.28 57fae04d e4b041 h ???????? 002 /robots.txt
45ebbe3.62 57fae04d e4b041 h ???????? 002 /robots.txt
45ebbe6.8d 57fae04d e4b041 h ???????? 003 /robots.txt
45ebbe9.ba 57fae04d e4b041 h ???????? 002 /robots.txt
45ebbec.da 57fae04d e4b041 h ???????? 003 /robots.txt
45ebbef.e8 57fae04d e4b041 h ???????? 003 /robots.txt
45ebbf3.20 57fae04d e4b041 h ???????? 003 /robots.txt
45ebbf6.0d 57fae04d e4b041 h ???????? 002 /robots.txt
45ebbf9.1d 57fae04d e4b041 h ???????? 003 /robots.txt
45ebbfc.34 57fae04d e4b041 h ???????? 002 /robots.txt
45ebbff.4f 57fae04d e4b041 h ???????? 001 /robots.txt
45ebc02.16 57fae04d e4b041 h ???????? 001 /robots.txt
45ebc4d.bb 9d372737 6a88e8 s ???????? 01b /
45ebced.e9 4a7d4c21 55c2cd h ???????? 001 //rss.rdf
45ebefe.1d 8dd47a80 ef60d6 h ???????? 011 /
45ec7fd.c6 26633e5d 99cc80 h ???????? 011 /
45eca03.ff d945851f 399ff9 h ???????? 001 /robots.txt
45eca0b.62 d945851c 399ff9 h ???????? 010 /wiki/119001
45ecb74.52 36249476 433e9c h ???????? 002 /wiki/MindPeople
45ecb81.be 5f6cb561 e4b041 h ???????? 002 /robots.txt
45ecb85.a9 5f6cb561 e4b041 h ???????? 016 /
45ecb9a.37 42f95989 70a047 h ???????? 002 //rss.rdf
45ecc9c.84 a3accfbe 5af48c h ???????? 001 /downloader/
45ecf1a.ad 8ac56fc2 487ce2 h ???????? 014 /
45ecf2f.f1 8ac56fc2 03bc36 h ???????? 001 /robots.txt
45ecf3f.fd 8ac56fc2 487ce2 s ???????? 068 /hls
45ecf40.7f 8ac56fc2 487ce2 s ???????? 095 /ls
45ecf40.dd a4843451 eb026b s ???????? 002 /bcHead
45ecf40.8a 8ac56fc2 487ce2 s ???????? 147 /sh
45ecf42.6f 8ac56fc2 487ce2 s ???????? 002 /AtJs
45ed5c7.5a 9d372791 6a88e8 h ???????? 01a /
45ed5d7.2b 5f6cb561 e4b041 h ???????? 012 /
45eda4b.e6 3cbf264e 24f5f0 h ???????? 012 /
45eda97.2b 3db0deab d68fbd h ???????? 001 /ip_js.php
45ee317.79 bc285186 7dfab1 h ???????? 001 //rss.jsp
45ee317.a1 bc285186 7dfab1 h ???????? 001 //rss.jsp
45ee473.a0 42f94046 043937 h ???????? 003 /wiki/ConnectsTo
45ee49b.96 42f94046 043937 h ???????? 002 /wiki/HausBecker
45ee4d4.1e 42f9404a 043937 h ???????? 002 /wiki/WebZwoNull
45ee508.f2 42f94046 043937 h ???????? 002 /wiki/DoppelHaus
45ee541.7c 42f94048 043937 h ???????? 002 /wiki/SolarZelle
45ee580.bd 42f94048 043937 h ???????? 002 /wiki/SceneGraph
45ee78b.a4 5f6cb561 e4b041 h ???????? 001 /robots.txt
45ee78f.88 5f6cb561 e4b041 h ???????? 14c2 /age
45ee876.57 bc285186 7dfab1 h ???????? 003 //rss.jsp
45ee876.81 bc285186 7dfab1 h ???????? 001 //rss.jsp
45eea93.3d 42f94046 043937 h ???????? 002 /wiki/JamesCarse
45eedda.04 bc285186 7dfab1 h ???????? 002 //rss.jsp
45eedda.28 bc285186 7dfab1 h ???????? 001 //rss.jsp
45eeddb.a4 bc285186 7dfab1 h ???????? 001 //rss.jsp
45eeddb.d0 bc285186 7dfab1 h ???????? 002 //rss.jsp
45eeffb.9b 3db0deaa d68fbd h ???????? 001 /ip_js.php
45ef14c.29 4df7b5a2 cc9bbb h ???????? 01c /
45ef157.df 6a0b9cbe 80aeb5 h ???????? 014 /
45ef28a.77 42f9598b 70a047 h ???????? 001 //rss.rdf
45ef384.ea c4342b5f c5c81c h ???????? 019 /
45ef508.72 44b4e59c aec21f h ???????? 002 /robots.txt
45ef509.0e 44b4e59c aec21f h ???????? 003 /wiki/WissensArchitektur
45efaa6.da d8f442fa 2e51d1 h ???????? 007 //robots.txt
45efb5c.db 42f94046 043937 h ???????? 003 /wiki/HaikoHebig
45efc7a.3c c1b7abc5 043937 s ???????? 002 /wiki/LionKimbro
45efc7b.b9 c1b7abc5 043937 h ???????? 002 /wiki/LionKimbro
45efc92.b1 c0473695 043937 h ???????? 003 /wiki/LionKimbro
45efdb9.d3 3db0deab d68fbd h ???????? 006 /ip_js.php
45efdee.db 6baae80a ef60d6 h ???????? 014 /
