48f00a5.1a 42f94048 043937 h ???????? 004 /wiki/HermannHeineke
48f0208.8c 42f94048 043937 h ???????? 003 /wiki/FriedrichLoofs
48f0210.e2 42f94050 043937 s ???????? 004 /wiki/LaNu
48f04b1.b0 42f9461b 043937 s ???????? 002 /robots.txt
48f06f0.56 369f990a 617ca7 h ???????? 01d /
48f071a.f9 42f94052 043937 s ???????? 004 /wiki/AhGe
48f0840.04 42f94048 043937 h ???????? 003 /wiki/WilhelmvonGaza
48f08ef.a9 0e8612de 2e46fb s ???????? 017 /
48f08fd.ef 0e861301 2e46fb s ???????? 017 /
48f09f1.d1 42f94046 043937 h ???????? 004 /wiki/HerbertAssmann
48f0a3a.5a 42f94048 043937 h ???????? 003 /wiki/GoSpiel
48f0a67.a0 9750278f 433e9c h ???????? 002 /robots.txt
48f0b05.9b 42f94046 043937 h ???????? 003 /wiki/ArnoldSchering
48f0b1d.4c 42f94046 043937 h ???????? 003 /wiki/FriedrichFuchs
48f0b5f.5a 8af6fd13 b5326e s ???????? 018 /
48f0c29.3d 42f94046 043937 h ???????? 004 /wiki/RichardLambert
48f0d6b.07 42f94048 043937 h ???????? 004 /wiki/GustavBillroth
48f0d71.51 42f94050 043937 s ???????? 003 /wiki/SiMa
48f0eb4.d2 42f94046 043937 h ???????? 003 /wiki/AugustCarlBock
48f0fcc.5e 42f94048 043937 h ???????? 003 /wiki/AdolfvonHarles
48f0fcd.40 42f94048 043937 h ???????? 003 /wiki/HermannOsthoff
48f10f7.0a 42f94048 043937 h ???????? 004 /wiki/HugoSchuchardt
48f1241.3a 42f94048 043937 h ???????? 004 /wiki/HeinrichBohmer
48f1294.af 90d90fc6 5321f0 h ???????? 002 /robots.txt
48f129f.ba 90d90fc6 5321f0 h ???????? 019 /
48f1309.d3 42f94050 043937 s ???????? 003 /robots.txt
48f130a.67 42f94054 043937 s ???????? 003 /wiki/DiVa
48f134f.f4 42f94048 043937 h ???????? 004 /wiki/FerdinandSchmid
48f1482.93 42f9404a 043937 h ???????? 003 /wiki/HeinrichTriepel
48f152c.18 42f9404a 043937 h ???????? 004 /wiki/GlobalWafer
48f15a2.24 42f9404a 043937 h ???????? 003 /wiki/KarlOttoFrenzel
48f16d1.bb 42f94046 043937 h ???????? 004 /wiki/RobertSchneider
48f16d4.43 42f9404a 043937 h ???????? 003 /wiki/FelixSieglbauer
48f1801.88 42f9404a 043937 h ???????? 007 /wiki/WilhelmSandrock
48f1822.6f 42f94048 043937 h ???????? 004 /wiki/MarRo
48f192f.50 42f9404a 043937 h ???????? 004 /wiki/FelixZimmermann
48f1a54.9f 42f94048 043937 h ???????? 004 /wiki/FriedrichRatzel
48f1a58.80 42f94048 043937 h ???????? 003 /wiki/RoderichSievers
48f1b80.30 42f9404a 043937 h ???????? 004 /wiki/KarlFredenhagen
48f1bfd.a8 42f94046 043937 h ???????? 004 /wiki/CottBus
48f1ca9.dd 42f94048 043937 h ???????? 004 /wiki/KarlAugustFeder
48f1d72.3a 42f9404a 043937 h ???????? 004 /wiki/LogIn
48f1d7c.00 3624941c 433e9c h ???????? 004 /edit/23306002
48f1dc4.a7 42f94048 043937 h ???????? 001 /wiki/JuliusvonMichel
48f1f10.3a 42f94046 043937 h ???????? 002 /wiki/MoritzTrautmann
48f20c1.6a 42f9598b 70a047 h ???????? 001 //rss.rdf
48f2163.6b 42f94048 043937 h ???????? 002 /wiki/WilhelmStrecker
48f2169.bc 42f94050 043937 s ???????? 001 /.well-known/apple-app-site-association
48f2232.cd 42f9404a 043937 h ???????? 002 /wiki/AaAz
48f22d8.51 42f9404a 043937 h ???????? 002 /wiki/PaulLudolfKritz
48f23dd.68 42f94046 043937 h ???????? 002 /wiki/RudolfKotzschke
48f24c1.c4 42f9404a 043937 h ???????? 002 /wiki/ArthurErichHaas
48f24da.c6 42f94048 043937 h ???????? 002 /wiki/HeinrichGlitsch
48f2615.ed 42f9404a 043937 h ???????? 004 /wiki/WilliamMarshall
48f2625.8e 4e2e2319 7dfab1 h ???????? 001 //rss.jsp
48f2625.b1 4e2e2319 7dfab1 h ???????? 001 //rss.jsp
48f2638.03 42f94046 043937 h ???????? 002 /wiki/BtnWikiUser
48f26d6.25 42f94054 043937 s ???????? 006 /wiki/AaBc
48f273a.eb 42f94046 043937 h ???????? 002 /wiki/FerdinandSommer
48f288a.30 42f9404a 043937 h ???????? 002 /wiki/NathanSoderblom
48f288e.f5 42f94046 043937 h ???????? 003 /wiki/RudolfEngelmann
48f2991.eb 42f9404a 043937 h ???????? 006 /wiki/RobertFriedberg
48f2ae3.a9 42f94048 043937 h ???????? 002 /wiki/GustavvonHufner
48f2bcc.a6 42f9404a 043937 h ???????? 002 /wiki/ErnstEggebrecht
48f2bdf.d5 42f94046 043937 h ???????? 002 /wiki/ArturBlachstein
48f2c05.dd 42f94048 043937 h ???????? 003 /wiki/PbWiki
48f2d18.ff 42f94048 043937 h ???????? 003 /wiki/GustavSeyffarth
48f2dc1.02 42f94048 043937 h ???????? 003 /wiki/BadBoll
48f2e49.e3 42f9404a 043937 h ???????? 002 /wiki/HieronymusLange
48f2e90.fc 5776740c 2b5077 h ???????? 01a /
48f2e92.cb 5776740c 2b5077 h ???????? 018 /
48f2e94.7b 5776740c 2b5077 h ???????? 001 //wp-login.php
48f2e96.a7 894aa9f1 2b5077 h ???????? 013 /
48f2e98.56 894aa9f1 2b5077 h ???????? 002 //index.php
48f2e99.9e 894aa9f1 2b5077 h ???????? 011 /
48f2e9b.49 894aa9f1 2b5077 h ???????? 001 //user/register
48f2ec4.c4 362494f1 433e9c h ???????? 002 /edit/30386002
48f2f73.3a 42f94046 043937 h ???????? 004 /wiki/JohannesVolkelt
48f30da.e1 42f94048 043937 h ???????? 003 /wiki/WolfgangOstwald
48f30dd.43 42f9404a 043937 h ???????? 003 /wiki/FranzWindscheid
48f3143.3a 42f94052 043937 s ???????? 002 /wiki/InUk
48f3216.d8 42f94050 043937 s ???????? 015 /
48f32ff.3b 42f9404a 043937 h ???????? 002 /wiki/SiegfriedGarten
48f3426.90 42f94046 043937 h ???????? 003 /wiki/LudwigFriedheim
48f3429.d6 42f9404a 043937 h ???????? 003 /wiki/KarlGustavCarus
48f3550.90 42f9404a 043937 h ???????? 002 /wiki/ConradCichorius
48f35c9.51 42f94052 043937 s ???????? 002 /wiki/EnDe
48f3609.f3 22f4902e 5132e1 h ???????? 018 /
48f3674.ec 42f94046 043937 h ???????? 003 /wiki/FranzPogatscher
48f36f0.b6 c7656545 befe45 h ???????? 001 //rss.rdf
48f36fa.3e b9a74e72 c1d740 h ???????? 002 //rss.rdf
48f377d.71 2efb51d3 057297 h ???????? 013 /
48f3781.87 42f9404a 043937 h ???????? 002 /wiki/KarlAugustHaase
48f3782.6c 2efb51d3 057297 h ???????? 001 /feel/4
48f3782.c8 2efb51d3 057297 h ???????? 002 /alive/4
48f3786.b4 2efb51d3 057297 h ???????? 001 /alive/8
48f3786.c0 2efb51d3 057297 h ???????? 002 /feel/8
48f37a3.8d 9750278f 433e9c h ???????? 001 //robots.txt
48f38d6.5e 42f94046 043937 h ???????? 002 /wiki/HermannPreysing
48f3928.a7 42f94054 043937 s ???????? 001 /.well-known/assetlinks.json
48f39fd.1e 42f94046 043937 h ???????? 002 /wiki/CarlGottlobKuhn
48f3a50.8f 42f94052 043937 s ???????? 003 /wiki/NoRo
48f3a8b.f0 42f95d26 002725 h ???????? 007 /favicon.ico
48f3aea.1b 95ac3223 35290f h ???????? 01d /
48f3aea.78 95ac3223 35290f h ???????? 002 /favicon.ico
48f3aea.a3 95ac3223 35290f h ???????? 001 /favicon.ico
48f3aee.6c 95ac3223 35290f h ???????? 001 /feel/4
48f3b23.e6 42f94046 043937 h ???????? 003 /wiki/FranzSchweigger
48f3caa.bf 42f94046 043937 h ???????? 003 /wiki/ErnstvonRomberg
48f3d43.56 ac68941c 2b5077 h ???????? 013 /
48f3d44.9a ac68941c 2b5077 h ???????? 018 /
48f3d45.f0 ac68941c 2b5077 h ???????? 002 /wp-login.php
48f3d47.8f ac68941c 2b5077 h ???????? 018 /
48f3d49.0a ac68941c 2b5077 h ???????? 042 /index.php
48f3d4b.4b 25bb074a 2b5077 h ???????? 013 /
48f3d4d.17 25bb074a 2b5077 h ???????? 002 /user/register
48f3d58.fe 42f94048 043937 h ???????? 003 /wiki/OddMuse
48f3d7b.ba 42f94046 043937 h ???????? 002 /wiki/AusLand
48f3d9d.a2 42f94046 043937 h ???????? 002 /wiki/ErnstHugoBerger
48f3db4.41 42f94048 043937 h ???????? 003 /wiki/StopDst
48f3deb.9e 42f94046 043937 h ???????? 003 /wiki/CupCino
48f3e2d.5a 42f94046 043937 h ???????? 002 /wiki/DjOetzi
48f3ea9.a7 42f9404a 043937 h ???????? 005 /wiki/VictorEhrenberg
48f3eae.b3 42f94048 043937 h ???????? 002 /wiki/WilhelmKirchner
48f3f64.ae 42f94052 043937 s ???????? 003 /wiki/OsEx
48f3ffa.27 42f94048 043937 h ???????? 003 /wiki/AlbertDoderlein
48f4079.4d 42f94046 043937 h ???????? 003 /wiki/EhochIx
48f40f3.f7 42f9404a 043937 h ???????? 003 /wiki/DasNetz
48f411a.bb 42f9404a 043937 h ???????? 003 /wiki/PaulFrangenheim
48f4234.b7 42f94048 043937 h ???????? 003 /wiki/GeorgSteindorff
48f4235.90 42f94048 043937 h ???????? 003 /wiki/CarlEduardVehse
48f4368.e8 42f94046 043937 h ???????? 003 /wiki/EugenRosenstock
48f4465.72 42f94050 043937 s ???????? 003 /wiki/AaAa
48f44a0.ff 42f94046 043937 h ???????? 004 /wiki/ErnstCarstanjen
48f45b1.cf 42f9404a 043937 h ???????? 003 /wiki/GerhardSeeliger
48f4626.5a b44c0fa3 a04d28 h ???????? 016 /
48f47ca.d1 42f9598b 70a047 h ???????? 002 //rss.rdf
48f4ad8.aa 9d3727eb 6a88e8 h ???????? 016 /
48f4ae8.41 9d3727eb 6a88e8 h ???????? 01d /
48f4b4d.89 9d372732 6a88e8 h ???????? 002 /robots.txt
48f4b8c.18 9d3727eb 6a88e8 h ???????? 01b /
48f4c25.4e 42f94052 043937 s ???????? 004 /wiki/YaCy
48f4c3e.34 d8f442c7 2e51d1 h ???????? 002 /robots.txt
48f4c6f.79 284da780 6a88e8 s ???????? 016 /
48f4ea5.bf 42f94052 043937 s ???????? 002 /apple-app-site-association
48f50a4.7d d8f442c7 2e51d1 h ???????? 01e /1
48f517b.84 42f951e7 002725 h ???????? 002 /favicon.ico
48f522a.d2 42f94048 043937 h ???????? 003 /wiki/VorTrag
48f522b.fc 42f94050 043937 s ???????? 00a /wiki/AaBa
48f5829.48 5f6cb561 e4b041 h ???????? 002 /robots.txt
48f582d.0a 5f6cb561 e4b041 h ???????? 017 /
48f59a0.94 42f94054 043937 s ???????? 004 /wiki/ZeBu
48f5dc2.33 42f94046 043937 h ???????? 002 //robots.txt
48f5dca.d2 42f94046 043937 h ???????? 003 //wiki/RecentChanges
48f5f52.0f 42f9404a 043937 h ???????? 004 /wiki/MrBien
48f5fb8.f3 36433b83 c8c944 h ???????? 017 /
48f61db.45 6bb2c3c3 71f2b9 s ???????? 004 /bcHead
48f63ee.2c 42f94046 043937 h ???????? 003 /wiki/SynApse
48f6419.c9 cf2e0db4 6a88e8 h ???????? 01e /
48f6444.92 42f94050 043937 s ???????? 002 /UrPic
48f6952.6f 42f94050 043937 s ???????? 004 /wiki/RegEx
48f6a12.5d 42f94052 043937 s ???????? 002 /edit/55995015
48f6a13.ec 42f94052 043937 s ???????? 017 /edit/131875001
48f6a7d.90 b96457cf cc9bbb h ???????? 017 /
48f6ac3.12 d9b6c171 042261 h ???????? 002 /robots.txt
48f6b4b.42 42f94054 043937 s ???????? 020 /edit/138365001
48f6b70.49 42f94050 043937 s ???????? 003 /alive/
48f6ba2.b4 3624941f 433e9c h ???????? 004 /wiki/SourceCode
48f6cf5.84 d8f442c7 2e51d1 h ???????? 017 /1
48f6d75.be 362494cd 433e9c h ???????? 002 /edit/22256002
48f6e17.76 23e1ba89 c47824 h ???????? 002 /robots.txt
48f6e85.6c 42f94046 043937 h ???????? 003 /wiki/DeFine
48f6f38.6b 42f95987 70a047 h ???????? 002 //rss.rdf
48f72ef.9c caef04c0 62edf8 h ???????? 00a /robots.txt
48f7362.66 42f9404a 043937 h ???????? 003 /wiki/LinkedTo
48f7381.6b 5f6cb561 e4b041 h ???????? 003 /cal
48f7400.8b 42f94046 043937 h ???????? 004 /wiki/CoWork
48f74ec.25 42f94046 043937 h ???????? 004 /wiki/WantedPage
48f754f.9a 42f94048 043937 h ???????? 004 /wiki/FastSkandal
48f7589.5d 7a605db5 53f294 h ???????? 003 //favicon.ico
48f75a6.f0 b44c0f9d a04d28 h ???????? 003 /wiki/LockSchuppen
48f75b1.64 42f94048 043937 h ???????? 003 /wiki/WysiWyt
48f75b4.e9 42f94046 043937 h ???????? 003 /wiki/DePrecated
48f7829.8e 42f94048 043937 h ???????? 003 /wiki/HalbTrocken
48f797e.07 c063938e c40cd6 h ???????? 019 /
48f797e.92 c063938e e8f7bd h ???????? 01a /
48f79be.dd 42f9404a 043937 h ???????? 004 /wiki/UeberLegung
48f7acb.ee 42f9404a 043937 h ???????? 004 /wiki/RePort
48f7c2f.05 d453b2ac 606c70 h ???????? 00b /default.php
48f7cc8.a6 42f9404a 043937 h ???????? 004 /wiki/PferdeSchwanz
48f7ccb.5a 42f94046 043937 h ???????? 004 /wiki/MondPalast
48f7ddc.bc 42f94046 043937 h ???????? 003 /wiki/ObjectProperty
48f7f32.a9 42f94046 043937 h ???????? 004 /wiki/RechenLeistung
48f8047.d3 42f9404a 043937 h ???????? 003 /wiki/TuGend
48f804e.a5 42f94048 043937 h ???????? 003 /wiki/LineNumberReader
48f8086.31 d8f442e3 2e51d1 h ???????? 004 //robots.txt
48f829e.ec 42f94048 043937 h ???????? 003 /wiki/GruppenAufstellung
48f83cd.81 42f94046 043937 h ???????? 003 /wiki/SingularEquilibrium
48f83d3.39 42f94046 043937 h ???????? 003 /wiki/ProgramOrBeProgrammed
48f84fa.2b 42f94046 043937 h ???????? 004 /wiki/KunsthofPassage
48f859f.b4 42f94050 043937 s ???????? 004 /wiki/MindId
48f8678.45 42f94048 622963 h ???????? 01a /
48f86ae.a5 a4845b03 63f12e h ???????? 01f /
48f8774.f7 42f94048 043937 h ???????? 004 /wiki/ComPare
48f87ad.ca 42f94046 043937 h ???????? 002 /wiki/BootStrap
48f8830.da bc285186 7dfab1 h ???????? 002 //rss.jsp
48f8830.fe bc285186 7dfab1 h ???????? 001 //rss.jsp
48f8879.59 42f94046 043937 h ???????? 002 /wiki/MindShop
48f88e6.e6 42f94046 043937 h ???????? 002 /wiki/SmartPhone
48f88e7.67 42f94048 043937 h ???????? 001 /wiki/FaehrGaesschen
48f8ae9.59 42f94046 043937 h ???????? 002 /wiki/WordNet
48f8be3.a0 cf2e0d85 6a88e8 s ???????? 011 /
48f8c03.6b 42f94046 043937 h ???????? 002 /wiki/KarlHugoHuppert
48f8d2c.44 42f94048 043937 h ???????? 002 /wiki/TheodorKolliker
48f8d42.9f bc285186 7dfab1 h ???????? 001 //rss.jsp
48f8d42.ca bc285186 7dfab1 h ???????? 001 //rss.jsp
48f8e66.61 42f9404a 043937 h ???????? 004 /wiki/FranzStudniczka
48f8e69.ec 42f94048 043937 h ???????? 006 /wiki/HeinrichSchurtz
48f8eda.1c c3167fe0 6885c6 h ???????? 001 /wp-includes/wlwmanifest.xml
48f8f8a.96 42f94048 043937 h ???????? 002 /wiki/LudwigCasarRoux
48f9005.db bc285186 7dfab1 h ???????? 002 //rss.jsp
48f9006.05 bc285186 7dfab1 h ???????? 002 //rss.jsp
48f900a.d2 bc285186 7dfab1 h ???????? 001 //rss.jsp
48f900a.fb bc285186 7dfab1 h ???????? 001 //rss.jsp
48f9055.8f 42f94046 043937 h ???????? 002 /wiki/DePloy
48f90ba.5f 42f9404a 043937 h ???????? 003 /wiki/LudwigBoltzmann
48f91e9.ff 42f9404a 043937 h ???????? 003 /wiki/RudolfvonWagner
48f930a.6f 42f94048 043937 h ???????? 002 /wiki/ArthurSchneider
48f93a0.b3 26633e5d 99cc80 h ???????? 01a /
48f953b.50 42f94050 043937 s ???????? 002 /wiki/AbsTra
48f95e6.7c 42f94052 622963 s ???????? 01c /
48f95fc.59 42f9598b 70a047 h ???????? 001 //rss.rdf
48f9691.2f d8f442e3 2e51d1 h ???????? 002 //robots.txt
48f96d1.75 42f9404a 043937 h ???????? 002 /wiki/FranzAntonPiltz
48f97b8.aa 42f94048 043937 h ???????? 002 /wiki/AugustSchmarsow
48f98ea.2f 42f94046 043937 h ???????? 003 /wiki/TheodorMarezoll
48f9938.3d 42f9404a 043937 h ???????? 002 /wiki/SandBox
48f9a17.ca 42f94048 043937 h ???????? 003 /wiki/PaulHuebschmann
48f9a1f.64 42f94046 043937 h ???????? 002 /wiki/KarlLudwigPfuhl
48f9a27.e5 42f94050 043937 s ???????? 002 /wiki/GeHirn
48f9b3a.02 42f94046 043937 h ???????? 003 /wiki/HeinrichWichern
48f9c6c.97 42f9404a 043937 h ???????? 003 /wiki/FerdinandZirkel
48f9d92.17 42f9404a 043937 h ???????? 003 /wiki/HermannLenhartz
48f9d98.29 42f94046 043937 h ???????? 002 /wiki/MaxFriedlaender
48f9ec8.af 42f9404a 043937 h ???????? 002 /wiki/HugovonSeeliger
48f9f99.fe 42f94052 043937 s ???????? 002 /wiki/EiPott
48fa13a.ad 42f94048 043937 h ???????? 002 /wiki/HeinrichZimmern
48fa22e.35 42f94048 043937 h ???????? 002 /wiki/OttozurStrassen
48fa37f.6b 42f94046 043937 h ???????? 002 /wiki/HeinrichSimroth
48fa487.55 42f94052 043937 s ???????? 003 /wiki/UmLaut
48fa49b.3c 42f94046 043937 h ???????? 002 /wiki/WoldemarSchmidt
48fa4a3.93 42f94046 043937 h ???????? 002 /wiki/LudwigHolzapfel
48fa5a6.44 cf2e0dc5 6a88e8 h ???????? 001 /robots.txt
48fa5a9.2b 9d3727b5 6a88e8 h ???????? 015 /
48fa5ca.dc d453b2ac 606c70 h ???????? 001 //default.php
48fa5d0.7d 42f9404a 043937 h ???????? 002 /wiki/WilhelmHolscher
48fa6f6.f7 42f94046 043937 h ???????? 003 /wiki/KarlvonderMuhll
48fa825.9b 42f9404a 043937 h ???????? 003 /wiki/AdolfvonHarnack
48faa82.b7 42f94046 043937 h ???????? 003 /wiki/HermannSchiller
48faafb.9a 42f94048 043937 h ???????? 004 /wiki/NewYork
48fab12.49 3624947e 433e9c h ???????? 002 /edit/30006002
48fab71.36 cf2e0db4 6a88e8 h ???????? 014 /
48faba0.02 42f94048 043937 h ???????? 003 /wiki/AntonWestermann
48faba2.c7 42f94046 043937 h ???????? 002 /wiki/SamuelHahnemann
48facb8.22 42f9404a 043937 h ???????? 002 /wiki/FriedrichMeurer
48fae08.4f 42f94048 043937 h ???????? 003 /wiki/FriedrichKuster
48faf23.21 42f94048 043937 h ???????? 003 /wiki/RichardSeefelder
48faf24.92 42f9404a 043937 h ???????? 002 /wiki/TheodorHorstmann
48fb054.c7 42f94048 043937 h ???????? 002 /wiki/RichardAvenarius
48fb08d.fb a4845b03 75fc8a s ???????? 01b /
48fb15b.8f 42f94048 043937 h ???????? 003 /wiki/GitCoin
48fb1ca.b1 42f94046 043937 h ???????? 003 /wiki/WernerSpalteholz
48fb2d3.c0 42f94048 043937 h ???????? 003 /wiki/FelixVictorBirch
48fb2fd.19 8ba26c35 976046 h ???????? 027 /
48fb304.34 d5abdc98 a95ea1 h ???????? 001 //rss.rdf
48fb3d4.2e 426f390f 1066b4 h ???????? 002 /administrator/index.php
48fb3df.c8 42f94048 043937 h ???????? 002 /wiki/FriedrichQuensel
48fb3e1.7e 42f94046 043937 h ???????? 002 /wiki/FriedrichHanssen
48fb3fb.a9 5f6cb561 e4b041 h ???????? 001 /robots.txt
48fb3ff.76 5f6cb561 e4b041 h ???????? 016 /
48fb51c.c0 42f94048 043937 h ???????? 003 /wiki/OttoBernhardKuhn
48fb630.24 42f94048 043937 h ???????? 003 /wiki/HeinrichGoldhorn
48fb767.7a 42f94048 043937 h ???????? 002 /wiki/WilhelmScheibner
48fb768.6a 42f9404a 043937 h ???????? 003 /wiki/MaxAdolfGuthzeit
48fb88f.a3 42f94048 043937 h ???????? 005 /wiki/EilhardWiedemann
48fb9cb.c3 42f94046 043937 h ???????? 003 /wiki/ErnstAugustCarus
48fbadf.4c 42f94048 043937 h ???????? 003 /wiki/FernandBlondeaux
48fbc29.30 42f94052 043937 s ???????? 003 /wiki/CoAuth
48fbcbe.fc 42f94046 043937 h ???????? 003 /wiki/ChatLog
48fbcc6.17 42f94048 043937 h ???????? 003 /wiki/JuliusEduardKuhn
48fbd1f.10 42f95989 70a047 h ???????? 002 //rss.rdf
48fbde9.77 42f9404a 043937 h ???????? 004 /wiki/HeinrichHoffmann
48fbeca.5e 42f94048 043937 h ???????? 003 /wiki/ReinholdReinisch
48fbecc.89 42f9404a 043937 h ???????? 003 /wiki/FriedrichRitschl
48fbf91.4e 42f94048 043937 h ???????? 004 /wiki/OttoLinneErdmann
48fc0c6.63 42f9404a 043937 h ???????? 003 /wiki/FriedrichBrauell
48fc1f0.ec 42f94046 043937 h ???????? 003 /wiki/KarlWilhelmKunze
48fc1fb.0b 42f94046 043937 h ???????? 003 /wiki/CarlMoritzSemmel
48fc31a.82 42f94046 043937 h ???????? 003 /wiki/DiedrichBischoff
48fc376.04 36ea1e08 966592 h ???????? 015 /
48fc45d.ef 42f9404a 043937 h ???????? 004 /wiki/ErnstKarlWieland
48fc582.f5 42f94048 043937 h ???????? 009 /wiki/FriedrichLipsius
48fc65f.65 36249490 433e9c h ???????? 002 /edit/22316004
48fc69a.58 42f9404a 043937 h ???????? 003 /wiki/LouisBernardelli
48fc80c.30 42f9404a 043937 h ???????? 004 /wiki/TheodorSchreiber
48fc8d3.f9 42f94048 043937 h ???????? 003 /wiki/HansTeschemacher
48fc8f1.e3 42f94046 043937 h ???????? 003 /wiki/ReinholdSpranger
48fc92b.1f c7f70112 f37925 h ???????? 002 /app/mailer/
48fca31.f9 42f94046 043937 h ???????? 003 /wiki/TheodorDependorf
48fca63.96 d8f442e3 2e51d1 h ???????? 002 /robots.txt
48fcb61.52 42f94048 043937 h ???????? 005 /wiki/TheodorPuschmann
48fcc72.08 42f94046 043937 h ???????? 003 /wiki/JohannLudwigBouc
48fcc78.39 42f94046 043937 h ???????? 003 /wiki/PaulJuliusMobius
48fcda6.a0 42f9404a 043937 h ???????? 003 /wiki/JohannesKromayer
48fce68.be 23e217f0 c47824 h ???????? 003 /robots.txt
48fce82.5b 42f94048 043937 h ???????? 003 /wiki/KnowHow
48fcece.47 4d420161 d8841e s ???????? 003 /robots.txt
48fcece.8f 4d420161 d8841e s ???????? 35b /memo
48fced2.06 42f94048 043937 h ???????? 004 /wiki/RichardWoltereck
48fceda.99 23e217f0 c47824 h ???????? 004 /wiki/PerspectiveNumerique
48fcedf.68 42f94048 043937 h ???????? 004 /wiki/EmilvonFriedberg
48fcfd9.b9 36249460 433e9c h ???????? 002 /edit/27476001
48fcfff.22 42f94048 043937 h ???????? 004 /wiki/HendrikEnnoBoeke
48fd129.8c 42f94046 043937 h ???????? 004 /wiki/ErichBrandenburg
48fd267.54 42f94048 043937 h ???????? 003 /wiki/CarlAdolphRuling
48fd38d.24 42f94046 043937 h ???????? 004 /wiki/JohannesvonKries
48fd493.68 42f9404a 043937 h ???????? 003 /wiki/GottfriedHermann
48fd4b3.03 42f94046 043937 h ???????? 003 /wiki/IsraelIssarKahan
48fd4ca.af 42f94054 043937 s ???????? 002 /bsLog
48fd8b1.fc d8f442e3 2e51d1 h ???????? 003 //robots.txt
48fda59.27 42f94f28 043937 h ???????? 003 /wiki/RudolfHildebrand
48fda6b.31 42f94052 043937 s ???????? 003 /wiki/PreFix
48fdafa.60 42f94048 043937 h ???????? 003 /wiki/HermannBrockhaus
48fdb2b.6b 42f94048 043937 h ???????? 003 /wiki/KarlEduardSieber
48fdbdd.dc 42f94048 043937 h ???????? 003 /wiki/KarlLeopoldWeber
48fdc57.81 42f9404a 043937 h ???????? 004 /wiki/AdolphBarkhausen
48fdcce.33 42f9404a 043937 h ???????? 004 /wiki/EduardBurckhardt
48fddb0.c4 42f9404a 043937 h ???????? 003 /wiki/KarlGustavHosler
48fdec9.d0 42f94046 043937 h ???????? 004 /wiki/WilhelmWachsmuth
48fdef6.29 42f9404a 043937 h ???????? 003 /wiki/FriedrichZarncke
48fdf59.34 42f9404a 043937 h ???????? 004 /wiki/GeorgRichardFunk
48fdfa2.13 d8f442e3 2e51d1 h ???????? 003 //robots.txt
48fdff9.33 42f94046 043937 h ???????? 004 /wiki/KarlGustavLincke
48fe008.f2 42f9461b 622963 s ???????? 02d /
48fe045.9b 42f94046 043937 h ???????? 003 /wiki/KeyWord
48fe1be.db 42f9404a 043937 h ???????? 004 /wiki/JohannesScheiber
48fe1ed.59 12c51c6b e04f63 h ???????? 003 /robots.txt
48fe1ee.81 12c51c6b e04f63 h ???????? 004 /wiki/KuchenProblem
48fe384.bd 42f9404a 043937 h ???????? 003 /wiki/HeinrichKoerting
48fe467.c3 42f9404a 043937 h ???????? 004 /wiki/WilhelmHallwachs
48fe54a.b5 42f94048 043937 h ???????? 004 /wiki/KarlGottlobFranz
48fe62d.c3 42f9404a 043937 h ???????? 004 /wiki/CarlRobertSachse
48fe697.3b 42f9598b 70a047 h ???????? 002 //rss.rdf
48fe710.d9 42f9404a 043937 h ???????? 004 /wiki/HeinrichGeffcken
48fe7f3.c1 42f94048 043937 h ???????? 005 /wiki/HeinrichLiebmann
48fe8d6.ca 42f94046 043937 h ???????? 004 /wiki/JohannesLeipoldt
48fe8f1.a3 239d1325 e04f63 h ???????? 002 /robots.txt
48fe8f2.cf 239d1325 e04f63 h ???????? 004 /wiki/KuchenProblem
48fea9c.be 42f94046 043937 h ???????? 004 /wiki/ClemensBrockhaus
48feb7f.e8 42f94046 043937 h ???????? 004 /wiki/CarlLudwigMerkel
48fec62.c7 42f94046 043937 h ???????? 004 /wiki/WilhelmFriedmann
48fed45.b2 42f94046 043937 h ???????? 003 /wiki/BrunovonWatzdorf
48fee28.b7 42f94048 043937 h ???????? 005 /wiki/HubertJanitschek
48fef0b.c7 42f94048 043937 h ???????? 007 /wiki/HermannSchneider
48fef6d.ad 42f94619 043937 s ???????? 029 /
48fefee.bb 42f94048 043937 h ???????? 004 /wiki/JohannesOverbeck
48ff0d1.d8 42f94046 043937 h ???????? 004 /wiki/JuliusLudwigKlee
48ff1b4.c8 42f9404a 043937 h ???????? 004 /wiki/GerhartvonSchulze
48ff1db.36 42f94046 043937 h ???????? 003 /wiki/AgenturFuerArbeit
48ff209.21 42f94048 043937 h ???????? 004 /wiki/GigaFab
48ff246.27 c7f70112 f37925 h ???????? 004 /app/mailer/
48ff571.8e 42f9461c 043937 h ???????? 002 /robots.txt
48ff571.e8 42f94618 043937 h ???????? 15d /
48ff6cd.19 d8f442e5 2e51d1 h ???????? 002 /robots.txt
48ff813.35 42f94046 043937 h ???????? 002 /wiki/EduardOttoSchulze
48ff815.b1 42f94046 043937 h ???????? 002 /wiki/GustavHartenstein
48ff818.46 42f94048 043937 h ???????? 002 /wiki/PaulEmanuelLanger
48ff81d.73 42f94046 043937 h ???????? 003 /wiki/RichardHildebrand
48ff821.5f 42f94046 043937 h ???????? 002 /wiki/JacobAntonOlivier
48ff821.bf 42f94046 043937 h ???????? 002 /wiki/HeinrichBrockhaus
48ff971.e5 d8f442e5 2e51d1 h ???????? 002 /wiki/AtariSt
48ffb90.71 42f94048 043937 h ???????? 003 /wiki/OpenCyc
48ffe2b.af 4d420161 d8841e h ???????? 002 /robots.txt
48ffe2b.da 4d420161 d8841e h ???????? 012 /
48ffec7.1f 42f94046 043937 h ???????? 003 /wiki/HanseHub
48fff87.32 42f940dd 043937 h ???????? 002 /robots.txt
48fff87.86 42f940df 043937 h ???????? 015 /
