4b901ee.d5 c39ab167 f92876 h ???????? 001 //license.txt
4b90358.f0 42f94240 043937 h ???????? 003 /wiki/AufBau
4b903aa.06 362494ae 433e9c h ???????? 002 /edit/27916001
4b903df.d9 bc286647 7dfab1 h ???????? 002 //rss.jsp
4b903e0.04 bc286647 7dfab1 h ???????? 001 //rss.jsp
4b90420.a6 b44c0f96 a04d28 h ???????? 003 /wiki/RainerWasserfuhrCvEn
4b905c8.e1 c0639364 554020 h ???????? 002 /rss.rdf
4b9097a.93 362494ac 433e9c h ???????? 002 /edit/29466001
4b90aa8.7c 403efca9 b5eaf4 h ???????? 002 /robots.txt
4b90d8e.c6 d94586a1 399ff9 h ???????? 003 /robots.txt
4b90d90.8c c39aac4c f92876 h ???????? 001 /license.txt
4b90d99.0d d94586b7 399ff9 h ???????? 016 /
4b90e9c.ee 3624949a 433e9c h ???????? 002 /edit/25566001
4b90f59.7b 754e2fe9 42637e h ???????? 002 /wls-wsat/CoordinatorPortType
4b91078.99 2ea1376c eaf401 s ???????? 001 /_asterisk/
4b91152.6c b39e29cf 32c7bf h ???????? 001 /hndUnblock.cgi
4b91155.72 b39e29cf 32c7bf h ???????? 001 /hndUnblock.cgi
4b91158.7c b39e29cf 32c7bf h ???????? 001 /moo
4b9115b.85 b39e29cf 32c7bf h ???????? 014 /
4b9135d.67 42f95c83 70a047 h ???????? 001 //rss.rdf
4b9137b.9a 362494df 433e9c h ???????? 001 /edit/24016005
4b91409.ac 36249511 433e9c h ???????? 002 /edit/29136002
4b91470.36 42f94242 043937 h ???????? 002 /robots.txt
4b9151c.79 42f9424e 043937 s ???????? 001 /robots.txt
4b9151d.01 42f9424c 043937 s ???????? 006 /wiki/DelIm
4b9158a.e7 42f9425f 043937 h ???????? 020 /
4b915e8.ec 362494cc 433e9c h ???????? 001 /edit/4886001
4b91603.cd 3624949d 433e9c h ???????? 002 /wiki/WikiWall
4b91861.3c 9d3727c5 6a88e8 h ???????? 002 /wiki/SingularSummitEurope
4b91bbf.f3 3624943c 433e9c h ???????? 002 /edit/29076003
4b91f67.16 b44c0f22 a04d28 h ???????? 002 /OnTime
4b9229c.61 54354197 cc9bbb h ???????? 015 /
4b92548.29 3624949e 433e9c h ???????? 001 /edit/30446002
4b9255d.43 9d3727c5 6a88e8 h ???????? 005 /wiki/InterWiki
4b92575.5c 894a5c4d 042261 h ???????? 005 /robots.txt
4b92589.9f 894a5c4d 042261 h ???????? 001 /feed
4b9259d.c5 894a5c4d 042261 h ???????? 015 /love/1e
4b926df.c2 42f94242 043937 h ???????? 004 /wiki/WebCam
4b9284f.0e d9458503 399ff9 h ???????? 001 /robots.txt
4b9285a.1b d94586a1 399ff9 h ???????? 002 /wiki/TuerAn
4b92866.11 d94586b0 399ff9 h ???????? 002 /wiki/DistanzSpiel
4b92873.61 d9458504 399ff9 h ???????? 002 /wiki/ZuJung
4b9287f.c2 d9458506 399ff9 h ???????? 006 /wiki/DoIt
4b9288e.1a d94586b1 399ff9 h ???????? 005 /wiki/LuSch
4b9289d.2d d94586b9 399ff9 h ???????? 002 /wiki/KreuzKirche
4b928af.d4 d9458502 399ff9 h ???????? 003 /wiki/ChristianHeller
4b928c2.45 d94586dc 399ff9 h ???????? 002 /wiki/EyeDotz
4b928d9.0e d9458505 399ff9 h ???????? 002 /wiki/RaumPlan
4b928ef.1c d94586b7 399ff9 h ???????? 002 /wiki/ThinkIn
4b928ff.84 d94586b2 399ff9 h ???????? 003 /wiki/KayGroschen
4b9290f.ee d9458506 399ff9 h ???????? 002 /wiki/LaufHaus
4b92923.35 d94586af 399ff9 h ???????? 002 /wiki/536001
4b92931.62 d94586b0 399ff9 h ???????? 002 /wiki/AnEi
4b9293d.7a d94586a1 399ff9 h ???????? 002 /wiki/OasIs
4b9294c.e6 d94585c2 399ff9 h ???????? 003 /wiki/WikiPage
4b92989.fc ac686c6d 1066b4 h ???????? 019 /
4b92ab5.88 36249553 433e9c h ???????? 002 /edit/30376002
4b92da7.4f d94586a0 399ff9 h ???????? 002 /robots.txt
4b92dc7.7d d94586dc 399ff9 h ???????? 002 /wiki/HaTa
4b92de5.18 d94585c2 399ff9 h ???????? 004 /wiki/LinieDrei
4b92e01.b8 d94586b6 399ff9 h ???????? 003 /wiki/ShookHands
4b93102.4d b2ffd755 c51fdf h ???????? 001 /robots.txt
4b93102.6e b2ffd755 c51fdf h ???????? 018 /
4b931b0.f7 d94586c8 399ff9 h ???????? 002 /robots.txt
4b931bb.a1 d94586a1 399ff9 h ???????? 008 /wiki/HerzTorte
4b931c8.a5 d94586b0 399ff9 h ???????? 003 /wiki/VerFassung
4b931d9.62 d94586a0 399ff9 h ???????? 002 /wiki/DeHa
4b931e8.64 d94586b2 399ff9 h ???????? 003 /wiki/RilkePanther
4b93528.ee 42f95c9f 70a047 h ???????? 006 //rss.rdf
4b936cc.0d d94586b6 399ff9 h ???????? 003 /robots.txt
4b936df.0d d94586bc 399ff9 h ???????? 001 /sitemap.xml
4b938a3.42 42f9424c 043937 s ???????? 005 /wiki/EcZwo
4b93c18.78 d94585c2 399ff9 h ???????? 002 /robots.txt
4b93c23.50 d94586a0 399ff9 h ???????? 003 /wiki/LifeDay16184
4b93c30.0d d94586bc 399ff9 h ???????? 003 /wiki/LiebeDas
4b93c45.4b d9458509 399ff9 h ???????? 003 /wiki/HiPo
4b93c58.ef d945869b 399ff9 h ???????? 004 /wiki/CoraHobby
4b93c70.da d9458504 399ff9 h ???????? 002 /wiki/KhBi
4b93db1.0c 42f942dc 043937 h ???????? 001 /robots.txt
4b93db1.54 42f942da 043937 h ???????? 001 /kbxkdfciyew.html
4b93fb2.07 36249563 433e9c h ???????? 001 /edit/22436001
4b93fe6.b1 3624944b 433e9c h ???????? 002 /edit/24216001
4b943ec.bd d94586b7 399ff9 h ???????? 001 /robots.txt
4b943f1.a6 d94586b2 399ff9 h ???????? 002 /wiki/RealFilm
4b9448d.e4 3624948e 433e9c h ???????? 002 /edit/29216001
4b944be.38 d9458509 399ff9 h ???????? 002 /robots.txt
4b944d9.25 d9458502 399ff9 h ???????? 002 /wiki/WegenDir
4b944f3.1d d94586dc 399ff9 h ???????? 003 /wiki/SiSanien
4b9458a.08 5e17d908 57819b h ???????? 002 //modules/mod_simplefileuploadv1.3/elements/udd.php
4b9478c.91 d94586b7 399ff9 h ???????? 002 /robots.txt
4b94793.75 d9458504 399ff9 h ???????? 003 /wiki/RaumPlan
4b94a66.ab 42f9424d 043937 s ???????? 003 /wiki/ToKyo
4b94db4.94 362494d7 433e9c h ???????? 001 /edit/22446003
4b94ea0.f7 9d372753 6a88e8 h ???????? 012 /
4b9522c.8d d453b2ac 606c70 h ???????? 002 /ckupload.php
4b95298.77 42f95c9f 70a047 h ???????? 001 //rss.rdf
4b95618.43 362494c8 433e9c h ???????? 003 /edit/26446005
4b95878.53 362494e4 433e9c h ???????? 002 /love/4d
4b959af.82 362494c3 433e9c h ???????? 001 /edit/26586001
4b95a0d.3e 36249555 433e9c h ???????? 001 /edit/28986001
4b95c29.f1 42f94242 043937 h ???????? 003 /wiki/EisFee
4b95dbf.39 bc2019d1 b9ee31 h ???????? 013 /
4b95eac.2f 9750278f 433e9c h ???????? 002 //robots.txt
4b9621f.a1 d94586a0 399ff9 h ???????? 002 /robots.txt
4b96262.2b d94585cb 399ff9 h ???????? 002 /cast/706001
4b962ac.88 d94586a1 399ff9 h ???????? 002 /film
4b962fb.a9 d94586b0 399ff9 h ???????? 002 /AlphaDay
4b9634d.ef d94586a1 399ff9 h ???????? 001 /RecentChanges
4b964d4.41 cf2e0dcd 6a88e8 h ???????? 002 //robots.txt
4b965b5.3e b44c0f9b fa643b h ???????? 002 /robots.txt
4b965b5.bc 5dbc27a3 0abfd7 h ???????? 003 /wiki/rainerwasserfuhr/
4b965b6.29 b44c0f9e fa643b h ???????? 002 /robots.txt
4b96668.06 b44c0f14 a04d28 h ???????? 01a /
4b967cf.4e 9d372706 6a88e8 s ???????? 001 /robots.txt
4b967d0.2c 9d372706 6a88e8 s ???????? 001 /robots.txt
4b967e7.e0 9d372758 6a88e8 s ???????? 014 /
4b96d45.e0 7a468023 2da35a h ???????? 014 /
4b96d46.4e 7a468023 99d427 h ???????? 045 /index.action
4b96ded.38 42f9425f 043937 h ???????? 003 /wiki/WasWar
4b97176.47 362494a7 433e9c h ???????? 002 /edit/27376002
4b972d3.89 42f95c9f 70a047 h ???????? 001 //rss.rdf
4b972ec.98 5f6cb561 e4b041 s ???????? 001 /robots.txt
4b972f0.47 5f6cb561 e4b041 s ???????? 01b /
4b974ac.3a 36249427 433e9c h ???????? 002 /edit/28996002
4b9752c.ef 362494b6 433e9c h ???????? 004 /wiki/RainerWasserfuhrCv
4b97557.37 d453b2ac 606c70 h ???????? 001 //ckupload.php
4b9775c.72 5bc8516c 10fac4 h ???????? 02a /
4b977d8.48 5bc8516c 10fac4 h ???????? 01c /
4b9791e.ca a7634644 f38332 h ???????? 003 /resources/style/images/login/btn.png
4b97a05.12 42f9424e 043937 s ???????? 027 /
4b97a15.df d94586b1 399ff9 h ???????? 006 /robots.txt
4b97a24.c3 d9458509 399ff9 h ???????? 003 /wiki/MindPost
4b97fb0.a0 42f94242 043937 h ???????? 003 /wiki/MarkFi
4b98105.f7 5bc80c0c ffd63a h ???????? 002 /wp-login.php
4b9821e.ac 362494ba 433e9c h ???????? 002 /wiki/KeineWerbungGesetz
4b98336.c0 b9dc64fe 77f49e h ???????? 002 /hot
4b9854e.3d 42f9424c 043937 s ???????? 005 /wiki/DougEngelbart
4b98848.37 42f9424c 043937 s ???????? 002 /wiki/VolksKonto
4b98d97.8c 6da91d1e fe5218 h ???????? 002 /robots.txt
4b98d99.dc 6da91d1e fe5218 h ???????? 023 /
4b98d9b.17 6da91d1e fe5218 h ???????? 013 /
4b98d9c.55 6da91d1e fe5218 h ???????? 002 /feel/0
4b98d9d.df 6da91d1e fe5218 s ???????? 085 /hls
4b98d9f.67 6da91d1e fe5218 s ???????? 083 /ls
4b98da1.3f a4843451 eb026b s ???????? 002 /bcHead
4b98da0.ef 6da91d1e fe5218 s ???????? 13c /sh
4b98da5.71 6da91d1e fe5218 s ???????? 001 /AtJs
4b98da6.a5 6da91d1e fe5218 s ???????? 014 /
4b98da7.dd 6da91d1e fe5218 s ???????? 001 /feel/0
4b98da9.15 6da91d1e fe5218 s ???????? 001 /edit
4b98e03.7a d8f442fa 2e51d1 h ???????? 001 /robots.txt
4b990cc.d3 362494dc 433e9c h ???????? 00c /wiki/OrionBelt
4b9910c.a7 36249436 433e9c h ???????? 003 /wiki/HuaLi
4b99173.f0 42f9425f 043937 h ???????? 003 /wiki/DasMan
4b991c6.1a 42f9424c 043937 s ???????? 003 /wiki/EdelMind
4b992fb.4e 42f9424c 043937 s ???????? 003 /wiki/RaLi
4b993e3.fc cf2e0da5 6a88e8 h ???????? 019 /
4b99433.fd 42f9424e 043937 s ???????? 003 /wiki/MindZip
4b994cb.a7 42f95c9f 70a047 h ???????? 002 //rss.rdf
4b99602.0a dcbdf963 aaa5a7 h ???????? 002 /manager/html
4b998ca.4a 9d372753 6a88e8 h ???????? 002 /wiki/CalculationsPerSecondPerDollar
4b99901.68 42f94240 043937 h ???????? 003 /wiki/PsychoPhilosophie
4b99add.d4 362494b1 433e9c h ???????? 002 /wiki/PeterDiamandis
4b99ae5.45 9d372753 6a88e8 h ???????? 016 /
4b99dc2.1f 362494a9 433e9c h ???????? 006 /edit/23316001
4b99dc3.8f 42f9424e 043937 s ???????? 003 /wiki/GottfriedWilhelmLeibniz
4b99fbd.17 4a7d4c20 55c2cd h ???????? 001 //rss.rdf
4b9a08b.8d 9d3727c5 6a88e8 h ???????? 002 /wiki/SingularAcademy
4b9a0f8.57 b020204f 595617 h ???????? 019 /
4b9a164.61 42f942d8 043937 h ???????? 003 /wiki/GottfriedWilhelmLeibniz
4b9a280.e8 a2d2c464 028fc4 h ???????? 002 /robots.txt
4b9a286.20 a2d2c464 028fc4 h ???????? 013 /
4b9a337.96 42f9424c 043937 s ???????? 007 /wiki/PotUs
4b9a6c7.cb 8ba277c5 976046 h ???????? 021 /
4b9a863.74 42f9425f 043937 h ???????? 002 /feed
4b9a936.c9 b9c3183e dd31fa h ???????? 01a /
4b9a937.52 b9c3183e 9e90f2 h ???????? 014 /
4b9a939.bd b9c3183e 0cb4f1 h ???????? 001 /admin/
4b9a93c.0f b9c3183e a581cc h ???????? 002 /manager/
4b9a93e.5d b9c3183e 022850 h ???????? 001 /admin/content/sitetree/
4b9a942.1c b9c3183e 14a255 h ???????? 002 /simpla/
4b9a942.6b b9c3183e 35d64e h ???????? 001 /js/mage/cookies.js
4b9aac8.50 42f942d9 043937 s ???????? 002 /robots.txt
4b9aac8.db 42f942dd 043937 s ???????? 02e /
4b9ad1d.65 42f9424d 043937 s ???????? 003 /wiki/PreSingularityAbundanceMilestones
4b9ae38.c0 cd8b8d36 209ef4 h ???????? 001 //rss.rdf
4b9b465.b6 3624949d 433e9c h ???????? 003 /wiki/LifeBox
4b9b4fa.cc 42f94242 043937 h ???????? 004 /wiki/RohBau
4b9b67f.da 42f95c83 70a047 h ???????? 003 //rss.rdf
4b9b70e.7d d94586c8 399ff9 h ???????? 003 /robots.txt
4b9b724.ce d94586b6 399ff9 h ???????? 002 /edit/8536001
4b9b7be.28 42f94240 043937 h ???????? 003 /wiki/LockSchuppen3D
4b9bc31.4a 36249451 433e9c h ???????? 002 /edit/25276002
4b9bee5.9f b89a4a46 ef60d6 h ???????? 014 /
4b9befc.7a 8ac590dc 670234 h ???????? 02e /
4b9befc.ae 9f41bfe0 670234 h ???????? 022 /
4b9befe.90 12db2bbe 670234 h ???????? 01f /
4b9bf07.6b 32ffdc59 670234 h ???????? 028 /
4b9bf07.88 ca568eda 670234 h ???????? 01b /
4b9bf0d.12 518c0aff 670234 h ???????? 013 /
4b9c115.8b 362494d5 433e9c h ???????? 004 /edit/27316001
4b9c14d.25 42f9424c 043937 s ???????? 003 /wiki/GoogleFog
4b9c282.f4 42f9424e 043937 s ???????? 003 /wiki/DeTrans
4b9c2fd.be 36249455 433e9c h ???????? 002 /edit/27266003
4b9c6be.0a 42f9425f 043937 h ???????? 003 /wiki/GeSetz
4b9c823.ae 72214b20 4325fe h ???????? 002 /wp-content/plugins/cherry-plugin/admin/js/cherry-admin-plugin.js
4b9c96b.37 9d3727c5 6a88e8 h ???????? 002 /wiki/RecentChanges
4b9ca4a.08 9d372753 6a88e8 h ???????? 002 /wiki/KunstSprache
4b9cab1.af b96457cf cc9bbb h ???????? 025 /
4b9cc27.e9 26633e5d 99cc80 h ???????? 022 /
4b9cce6.08 12e9ab7c 670234 h ???????? 029 /
4b9cce6.14 36afab42 670234 h ???????? 029 /
4b9ccec.46 36f8c186 670234 h ???????? 015 /
4b9ccec.f5 76bac8d2 670234 h ???????? 01c /
4b9ccef.f1 93d2b314 670234 h ???????? 017 /
4b9ccf2.be 98f9f544 670234 h ???????? 012 /
4b9ccf8.d1 b9824cad 670234 h ???????? 01d /
4b9d0a0.f8 343905e8 670234 h ???????? 015 /
4b9d0a3.91 70bbc71e 670234 h ???????? 013 /
4b9d0c8.b7 4fe7a5e0 670234 h ???????? 012 /
4b9d0cc.f6 42f9425f 043937 h ???????? 006 /wiki/TageBuch2010
4b9d251.30 42f9425f 043937 h ???????? 003 /wiki/GesagtGetan
4b9d2fc.fc 42f95c83 70a047 h ???????? 002 //rss.rdf
4b9d32e.ea 42f9425f 043937 h ???????? 003 /wiki/TransZen
4b9d73b.3e 362494ca 433e9c h ???????? 001 /edit/30886003
4b9d745.b7 36249472 433e9c h ???????? 025 /edit/17626002
4b9d881.6f 42f94240 043937 h ???????? 004 /wiki/MitEdu
4b9d8cf.68 53b180de 1f7721 h ???????? 027 /
4b9dad0.07 36249460 433e9c h ???????? 005 /wiki/KonradKleinknecht
4b9dec3.8a a4845b03 a397c6 h ???????? 017 /
4b9df1d.c9 42f94242 043937 h ???????? 003 /wiki/SingInst
4b9e02e.da d8f442fa 2e51d1 h ???????? 002 //robots.txt
4b9e02f.6e d8f442fa 2e51d1 h ???????? 002 /robots.txt
4b9e359.60 42f9425f 043937 h ???????? 003 /wiki/RainerWasserfuhr
4b9e5ad.52 36249533 433e9c h ???????? 002 /wiki/DistanzSpiel
4b9e8e8.33 42f94242 043937 h ???????? 002 /t/robots.txt
4b9e935.f4 42f94240 622963 h ???????? 001 /t
4b9e9ca.f8 42f94297 043937 h ???????? 006 /robots.txt
4b9e9cb.30 42f94297 043937 h ???????? 02c /
4b9ea44.ab 42f94240 043937 h ???????? 002 /wiki/SiggiB
4b9ea66.c4 284da758 6a88e8 s ???????? 017 /
4b9ee45.3c 3624947c 433e9c h ???????? 003 /wiki/TonyBates
4b9eec0.f4 36249486 433e9c h ???????? 003 /wiki/ChristineSchlinck
4b9efb2.b4 42f9424c 043937 s ???????? 003 /wiki/WebApp
4b9f025.3c d17e8807 7404fb s ???????? 026 /
4b9f0de.70 42f94240 043937 h ???????? 003 /wiki/RealGames
4b9f335.fb 42f94240 043937 h ???????? 003 /wiki/UnternehmensRegister
4b9f3e0.c3 42f95c83 70a047 h ???????? 002 //rss.rdf
4b9f5a5.e6 3624941b 433e9c h ???????? 014 /love/1e
4b9f63e.b5 3624950b 433e9c h ???????? 002 /edit/23696002
4b9f6c3.aa 42f9424c 043937 s ???????? 003 /wiki/WeltFormel
4b9f92f.44 3624952e 433e9c h ???????? 002 /edit/25436002
4b9f986.e3 3624949f 433e9c h ???????? 002 /edit/21426002
4b9f9c7.68 3624945b 433e9c h ???????? 002 /edit/22556002
4b9fd37.be 42f9425f 043937 h ???????? 004 /wiki/AufWand
4b9fead.41 a5e378b4 0cf351 h ???????? 001 //robots.txt
4b9ff0a.86 42f9425f 043937 h ???????? 003 /wiki/PayMent
4b9ff47.7d 42f94240 043937 h ???????? 002 /wiki/GePlant
4b9ff86.a2 42f94242 043937 h ???????? 003 /wiki/MindSet
4b9ffba.21 42f94240 043937 h ???????? 002 /wiki/WebSite
