4c100d5.82 2ea1376a eaf401 s ???????? 001 /_asterisk/
4c1087a.2e 6b0696f5 35cc52 s ???????? 013 /
4c110d9.c9 b9dc652d cc9bbb h ???????? 016 /
4c1117b.e1 add36e05 85c767 h ???????? 018 /
4c114b3.fc 36ae5534 f72eb6 h ???????? 016 /
4c117ca.57 42f9598b 70a047 h ???????? 002 //rss.rdf
4c1187b.27 113a676c 4d4314 h ???????? 002 //robots.txt
4c1187b.98 113a676c 4d4314 h ???????? 002 /robots.txt
4c1187b.e9 113a676c 4d4314 h ???????? 002 //wiki/MindWiki
4c11893.48 d94588d0 399ff9 h ???????? 001 /robots.txt
4c11894.bf d94588cd 399ff9 h ???????? 001 /now
4c11adf.e9 42f94050 043937 s ???????? 003 /wiki/LockLog
4c11b4e.7d 42f94050 043937 s ???????? 003 /wiki/VerTrag
4c11bcf.50 42f94052 043937 s ???????? 002 /wiki/UberHack
4c11e07.56 6a0b9deb 80aeb5 h ???????? 015 /
4c11eaf.f4 9d372735 6a88e8 h ???????? 002 //robots.txt
4c1203a.b8 25bb5e56 cc9bbb h ???????? 014 /
4c123d5.4a 36ad51d8 95df39 h ???????? 001 /robots.txt
4c12443.f7 36ad51d8 95df39 h ???????? 008 /wiki/ChristianHeller
4c124ac.ce 36ad51d8 95df39 h ???????? 013 /
4c12832.e4 42f94048 043937 h ???????? 002 /robots.txt
4c12833.3c 42f94046 043937 h ???????? 003 /wiki/DslRouter
4c1287f.3c 4a7d4c23 55c2cd h ???????? 002 //rss.rdf
4c12dd5.49 d94588cd 399ff9 h ???????? 002 /robots.txt
4c12dd9.70 d94588ce 399ff9 h ???????? 002 /wiki/MarNie
4c132ae.b5 9d372764 6a88e8 s ???????? 018 /
4c132b4.93 9d372764 6a88e8 h ???????? 002 /robots.txt
4c1335b.7c d8f442fa 2e51d1 h ???????? 007 /robots.txt
4c1335b.85 d8f442fa 2e51d1 h ???????? 002 //robots.txt
4c134a1.e8 42f95987 70a047 h ???????? 001 //rss.rdf
4c13893.53 9d372764 6a88e8 s ???????? 014 /
4c139f5.d4 42f94048 043937 h ???????? 003 /wiki/KunstForm
4c13f87.d5 3624942b 433e9c h ???????? 003 /wiki/ConTainer
4c143a8.a3 d94588cf 399ff9 h ???????? 002 /robots.txt
4c143ad.e0 d94588cf 399ff9 h ???????? 003 /wiki/KarlMarx
4c14bb9.1e 42f94054 043937 s ???????? 003 /wiki/FreeBook
4c14e6a.6b 92b9df6f 4a788f h ???????? 014 /
4c14e93.81 284da7ca 6a88e8 h ???????? 014 /
4c15569.f6 362494bf 433e9c h ???????? 002 /edit/31196001
4c15623.0b 42f95987 70a047 h ???????? 002 //rss.rdf
4c15720.fe 9750278f 433e9c h ???????? 002 /robots.txt
4c15a8d.a6 cdd1807a 8fdf6a h ???????? 015 /
4c15b37.2b cdd1807a 330447 h ???????? 002 /sdk
4c15b39.0c cdd1807a 330447 h ???????? 001 /nmaplowercheck1523189088
4c15b39.a5 cdd1807a 330447 h ???????? 003 /NmapUpperCheck1523189088
4c15b3a.3a cdd1807a 330447 h ???????? 008 /Nmap/folder/check1523189088
4c15d7b.f6 42f94048 043937 h ???????? 003 /wiki/KommUnion
4c160cf.e4 3690f0b3 95df39 h ???????? 002 /robots.txt
4c160d0.41 3690f0b3 95df39 h ???????? 003 /edit
4c165b8.08 cf2e0dcc 6a88e8 s ???????? 002 /robots.txt
4c165b8.e6 cf2e0dcc 6a88e8 s ???????? 002 /robots.txt
4c165bf.56 cf2e0d7d 6a88e8 s ???????? 015 /
4c16656.5e c39aac4c f92876 h ???????? 003 /license.txt
4c169c1.48 b44c0fa3 fa643b h ???????? 002 /robots.txt
4c169c2.30 b44c0f92 fa643b h ???????? 002 /robots.txt
4c16a26.a8 b44c0f8c a04d28 h ???????? 003 /wiki/RainerWasserfuhrCvEn
4c16b85.71 42f94052 043937 s ???????? 195f /age
4c16f06.44 3624953d 433e9c h ???????? 002 /edit/4206001
4c16f3f.19 42f94050 043937 s ???????? 004 /wiki/KronBerg
4c16fd4.23 b44c0f9a a04d28 s ???????? 003 /wiki/IceCream
4c17295.72 42f95989 70a047 h ???????? 002 //rss.rdf
4c174f0.a5 362494aa 433e9c h ???????? 002 /edit/24746002
4c1753b.80 8ba26ab5 976046 s ???????? 01d /
4c17599.5e 9f41fdc9 0cf351 h ???????? 002 /robots.txt
4c175fb.d6 cf2e0dcb 6a88e8 s ???????? 002 /robots.txt
4c175fd.96 9d372764 6a88e8 s ???????? 016 /
4c176a8.8c 284da7ca 6a88e8 h ???????? 004 /wiki/TotalRecall
4c17941.a9 d9458505 399ff9 h ???????? 002 /robots.txt
4c17942.90 d94586b0 399ff9 h ???????? 004 /wiki/MindPost
4c17a05.dc 36249496 433e9c h ???????? 002 /edit/28236001
4c17ab1.20 362494bf 433e9c h ???????? 003 /edit/30886006
4c17e63.38 36249472 433e9c h ???????? 003 /wiki/DeserTec
4c180e3.26 362494f1 433e9c h ???????? 004 /wiki/StundenBuch
4c18102.1f 42f94050 043937 s ???????? 003 /wiki/OberReut
4c18279.da 3624947d 433e9c h ???????? 003 /wiki/HaAi
4c18639.60 d94588cd 399ff9 h ???????? 002 /robots.txt
4c18640.66 d94588cf 399ff9 h ???????? 017 /wiki/116001
4c1871c.75 68ec05ae 6a9be8 s ???????? 018 /
4c18a45.03 284da77c 6a88e8 h ???????? 005 /wiki/RecentChanges
4c18b88.00 cdd1b093 8fdf6a h ???????? 020 /
4c18bfb.c5 cdd1b093 330447 h ???????? 002 /stats
4c18bfc.77 cdd1b093 330447 h ???????? 002 /nmaplowercheck1523201583
4c18bfd.04 cdd1b093 330447 h ???????? 002 /NmapUpperCheck1523201583
4c18bfd.97 cdd1b093 330447 h ???????? 002 /Nmap/folder/check1523201583
4c18bfe.e2 cdd1b093 330447 h ???????? 002 /sdk
4c18c02.0d cdd1b093 330447 h ???????? 002 /nmaplowercheck1523201581
4c18c02.a5 cdd1b093 330447 h ???????? 008 /NmapUpperCheck1523201581
4c18c03.44 cdd1b093 330447 h ???????? 002 /Nmap/folder/check1523201581
4c18d61.e8 2ee5a462 2e29b5 h ???????? 003 /robots.txt
4c18d8b.72 b44c0f19 a04d28 h ???????? 018 /
4c18eba.67 42f95989 70a047 h ???????? 001 //rss.rdf
4c18f3f.22 9d372701 6a88e8 h ???????? 001 /robots.txt
4c18f49.1a cf2e0dbe 6a88e8 h ???????? 010 /
4c192c4.d8 42f94048 043937 h ???????? 003 /wiki/FussBoden
4c193cc.3b 3624952c 433e9c h ???????? 002 /edit/23406001
4c194ed.b1 284da7ca 6a88e8 h ???????? 015 /
4c197f2.cf 2ee5a465 2e29b5 h ???????? 002 /robots.txt
4c197f9.9f cd8b8d36 209ef4 h ???????? 001 //rss.rdf
4c19d34.67 3624942e 433e9c h ???????? 004 /edit/25356007
4c19d41.6c d94588cf 399ff9 h ???????? 001 /robots.txt
4c19d49.05 d94588d1 399ff9 h ???????? 017 /wiki/118001
4c1a407.82 5f6cb561 e4b041 h ???????? 002 /robots.txt
4c1a407.cc 8d088e98 e4b041 s ???????? 001 /robots.txt
4c1a40b.4c 5f6cb561 e4b041 h ???????? 01c /
4c1a40b.85 8d088e98 e4b041 s ???????? 017 /
4c1a419.1e 5f6cb561 e4b041 h ???????? 013 /
4c1a487.dd 42f9404a 043937 h ???????? 002 /wiki/UteMoritz
4c1a71b.fc 9750278f 433e9c h ???????? 002 //robots.txt
4c1a8e7.83 589906c3 925bde h ???????? 013 /1
4c1a8e7.e7 589906c3 925bde h ???????? 001 /favicon.ico
4c1a8eb.ec 589906c3 925bde h ???????? 001 /feel/4
4c1a8ef.e7 589906c3 925bde h ???????? 002 /feel/8
4c1ae7f.e1 42f95987 70a047 h ???????? 002 //rss.rdf
4c1ae9e.00 b44c0f8a a04d28 h ???????? 019 /
4c1b004.56 284da77c 6a88e8 h ???????? 002 /wiki/EmptyFridgeSyndrome
4c1b026.ae a2d2c482 028fc4 h ???????? 001 /robots.txt
4c1b02a.10 a2d2c482 028fc4 h ???????? 015 /
4c1b534.95 284da77c 6a88e8 h ???????? 003 /wiki/MarianneEhrmann
4c1b64a.e6 42f9404a 043937 h ???????? 002 /wiki/DatenNetz
4c1b979.ae 42f94050 043937 s ???????? 003 /wiki/JanetTorres
4c1bd61.3b b2ffd754 c51fdf h ???????? 006 /robots.txt
4c1bd66.b5 b2ffd755 c51fdf h ???????? 001 /robots.txt
4c1bd66.dc b2ffd755 c51fdf h ???????? 01f /
4c1be2a.d5 26633e5d 99cc80 h ???????? 012 /
4c1c075.66 d8f442e5 2e51d1 h ???????? 002 /robots.txt
4c1c148.0c d8f442e5 2e51d1 h ???????? 003 /wiki/LockPresentation
4c1c1cd.a3 362494f9 433e9c h ???????? 014 /edit/16236008
4c1c661.df d8f442e5 2e51d1 h ???????? 002 /robots.txt
4c1c6c8.8e cf2e0dbe 6a88e8 h ???????? 449 /memo
4c1c6e6.4b 36249471 433e9c h ???????? 003 /wiki/WasaPlatz
4c1c737.20 d8f442e5 2e51d1 h ???????? 002 /wiki/TwentyThreeAndMe
4c1c75f.35 d8f442e5 2e51d1 h ???????? 002 /wiki/EtAl
4c1c761.c4 d8f442e5 2e51d1 h ???????? 002 /wiki/RaLi
4c1c80d.fd 42f94050 043937 s ???????? 002 /wiki/AmmonHof
4c1c8e3.29 36249464 433e9c h ???????? 002 /edit/28266001
4c1c906.d7 b9c6a71e f7153a h ???????? 013 /
4c1c9aa.ae 3624954f 433e9c h ???????? 003 /edit/30336002
4c1cb44.5e d94588d1 399ff9 h ???????? 002 /robots.txt
4c1cb4a.da d94588cd 399ff9 h ???????? 013 /wiki/119001
4c1cb53.7c d94588cc 399ff9 h ???????? 013 /wiki/137001
4c1ccf9.58 d8f442fa 2e51d1 h ???????? 002 //robots.txt
4c1d01f.8b 42f95987 70a047 h ???????? 002 //rss.rdf
4c1d1a7.c0 0e983be2 86687a h ???????? 00c //wiki/MindPost
4c1d269.57 d8f442e5 2e51d1 h ???????? 002 /robots.txt
4c1d2a9.29 362494ad 433e9c h ???????? 002 /edit/27296001
4c1d320.a7 a4845b03 a397c6 h ???????? 01b /
4c1d46d.4b d8f442e5 2e51d1 h ???????? 009 /wiki/CitiZen
4c1d520.1d 36249422 433e9c h ???????? 003 /wiki/KarinaMatthes
4c1d699.03 9d372764 6a88e8 s ???????? 015 /
4c1d7dd.61 2ee5a466 2e29b5 h ???????? 002 /robots.txt
4c1d85b.e5 d8f442e5 2e51d1 h ???????? 002 /robots.txt
4c1d922.62 d8f442e5 2e51d1 h ???????? 003 /wiki/RainerWasserfuhrCvEn
4c1d932.94 d8f442e5 2e51d1 h ???????? 003 /wiki/LockSchuppenOpening
4c1d944.be d8f442e5 2e51d1 h ???????? 003 /wiki/ImPrint
4c1d9d1.68 42f94f3c 043937 s ???????? 003 /wiki/PureJava
4c1daa9.24 36249436 433e9c h ???????? 001 /edit/23306002
4c1dee5.69 362494df 433e9c h ???????? 002 /edit/21376003
4c1e1ec.39 d8f442c6 2e51d1 h ???????? 002 /robots.txt
4c1e4f8.dc 3e8a0019 afa0df h ???????? 002 //robots.txt
4c1e500.67 3e8a0019 afa0df h ???????? 003 //wiki/RainerWasserfuhrCv
4c1e73b.20 b44c0f16 a04d28 h ???????? 003 /wiki/CastId
4c1e9ef.b1 36ec3689 95df39 h ???????? 002 /robots.txt
4c1eab4.11 3690f0b3 95df39 h ???????? 002 /robots.txt
4c1eabb.39 5d735fca cc9bbb h ???????? 015 /
4c1eaf2.93 3690f0b3 95df39 h ???????? 003 /wiki/MindWiki
4c1eb4a.e9 5f6cb561 e4b041 s ???????? 002 /robots.txt
4c1eb4e.9a 5f6cb561 e4b041 s ???????? 2286 /phim
4c1eb93.e9 42f94f2e 043937 h ???????? 003 /wiki/WolkeEins
4c1ec37.a3 9d3727bc 6a88e8 h ???????? 016 /
4c1ee3c.cb 36249412 433e9c h ???????? 003 /wiki/RainerWasserfuhrCvEn
4c1f1ec.c3 480ec7b0 70a047 h ???????? 002 //rss.rdf
4c1f45a.04 362494c0 433e9c h ???????? 015 /edit/19446001
4c1f6fc.46 b44c0f1a a04d28 h ???????? 004 /wiki/LockSchuppen
4c1f8b8.05 c61b5090 e3b0c4 h ???????? 002 /robots.txt
4c1f8ba.84 c61b5090 f7800e h ???????? 015 /
4c1fd57.03 42f94f2b 043937 h ???????? 003 /wiki/StuttGart
4c1ff14.33 36249473 433e9c h ???????? 003 /wiki/PageNumber
