4cc003c.b2 42f95c81 70a047 h ???????? 003 //rss.rdf
4cc01ef.92 362494c0 433e9c h ???????? 003 /edit/27396006
4cc02ba.9a 36249506 433e9c h ???????? 004 /wiki/CoOrpheum
4cc0554.f8 05fe4f42 cc9bbb h ???????? 01b /
4cc05dc.9e 42f9425f 043937 h ???????? 003 //robots.txt
4cc0618.e4 42f94240 043937 h ???????? 003 /robots.txt
4cc064f.cd 42f94240 622963 h ???????? 020 /
4cc078d.54 97502791 433e9c h ???????? 003 /robots.txt
4cc086c.d8 42f951e5 002725 h ???????? 003 /favicon.ico
4cc08ad.c2 42f94242 043937 h ???????? 006 /wiki/StaatsSpiel
4cc09c3.33 9e45fb77 c37fd8 h ???????? 002 //robots.txt
4cc09d4.c9 9e45fb77 c37fd8 h ???????? 005 //wiki/%25s
4cc0a06.7d 9e45fb77 c37fd8 h ???????? 004 //wiki/%3C%25=session.getAttribute(
4cc0a1f.58 9e45fb77 c37fd8 h ???????? 004 //wiki/AnneWillSingulari%E2%80%A6
4cc0a38.02 9e45fb77 c37fd8 h ???????? 004 //wiki/DresdenWiFi%E2%80%9C
4cc0a4b.be 9e45fb77 c37fd8 h ???????? 004 //wiki/DresdenWiFi
4cc0a5e.60 9e45fb77 c37fd8 h ???????? 004 //wiki/LockSchuppen.%C2%A0
4cc0a7a.22 9e45fb77 c37fd8 h ???????? 004 //wiki/LockSchuppen.%C3%82%C2%A0
4cc0ba3.10 42f9424e 043937 s ???????? 004 /wiki/WeWa
4cc0df0.e2 362494a4 433e9c h ???????? 004 /wiki/FlashNoon
4cc11d1.70 5f6cb561 e4b041 h ???????? 003 /robots.txt
4cc11d5.30 5f6cb561 e4b041 h ???????? 01b /
4cc11ef.b4 5f6cb561 e4b041 h ???????? 01c /
4cc127c.ce 362494bb 433e9c h ???????? 003 /edit/30396002
4cc142f.b1 42f94240 043937 h ???????? 004 /robots.txt
4cc156a.5e 42f94242 622963 h ???????? 004 /earth
4cc156c.be 42f94240 043937 h ???????? 002 /crush
4cc166e.61 2e5d6afc 3fa874 h ???????? 003 /wls-wsat/CoordinatorPortType
4cc166e.ac 2e5d6afc 670234 h ???????? 01d /
4cc166e.e9 2e5d6afc 3fa874 h ???????? 002 /user/register
4cc166f.22 2e5d6afc 670234 h ???????? 01e /
4cc166f.60 2e5d6afc 670234 h ???????? 039 /
4cc166f.ab 2e5d6afc 670234 h ???????? 002 /rss.php
4cc19e8.a0 b90a44e3 24f16f s ???????? 017 /
4cc1a6a.c3 5da03c20 1a69b5 h ???????? 011 /
4cc1a70.de 42f9424c 043937 s ???????? 002 /wiki/AgGro
4cc1bfd.98 3651d86c c76db1 h ???????? 002 /robots.txt
4cc1bfd.e4 3651d86c c76db1 h ???????? 016 /
4cc1c8f.54 42f95c9f 70a047 h ???????? 001 //rss.rdf
4cc1d20.a7 42f94240 622963 h ???????? 002 /base
4cc1e26.9f 36249483 433e9c h ???????? 002 /edit/26296003
4cc25ff.01 284da78d 6a88e8 h ???????? 005 /wiki/SingularityUniversity
4cc2674.b3 42f9425f 622963 h ???????? 001 /crush
4cc2709.2a 36c6a453 c76db1 h ???????? 001 //robots.txt
4cc2709.9e 36c6a453 c76db1 h ???????? 015 /
4cc28f1.d2 42f9424d 043937 s ???????? 003 /wiki/AnnoDomino2012
4cc2b13.81 3624953b 433e9c h ???????? 002 /css
4cc2c33.fe 42f9424d 043937 s ???????? 004 /wiki/CeBIT
4cc2ef7.1b 36249530 433e9c h ???????? 003 /wiki/DeWikiPedia
4cc2fe2.49 d8f442fa 2e51d1 h ???????? 007 //robots.txt
4cc30f5.9d 3624940d 433e9c h ???????? 002 /edit/24006001
4cc311e.69 362494a8 433e9c h ???????? 001 /edit/30946002
4cc3185.ee 36249475 433e9c h ???????? 002 /edit/27546001
4cc32e9.28 a2d2c481 028fc4 h ???????? 002 /robots.txt
4cc32eb.a5 a2d2c481 028fc4 h ???????? 016 /
4cc33d0.76 9750278f 433e9c h ???????? 002 //robots.txt
4cc3691.9c 42f94240 622963 h ???????? 002 /t
4cc3b25.08 36c62dce 95df39 h ???????? 001 /robots.txt
4cc3b25.41 36c62dce 95df39 h ???????? 003 /wiki/TheSingularity
4cc3c13.16 3651d86c c76db1 s ???????? 002 /robots.txt
4cc3c13.ff a4843451 eb026b s ???????? 004 /bcHead
4cc3c13.b5 3651d86c c76db1 s ???????? 127 /sh
4cc3db7.0b 42f95c9f 70a047 h ???????? 002 //rss.rdf
4cc3df6.e5 42f9424e 043937 s ???????? 003 /wiki/UWFBfW1mfF
4cc432e.14 3651d86c c76db1 s ???????? 0a8 /hls
4cc4488.0e 5896e4da e28161 h ???????? 002 //rss.rdf
4cc4495.6a b44c0f13 a04d28 h ???????? 005 /wiki/CastId
4cc449d.e4 d5abdc98 a95ea1 h ???????? 001 //rss.rdf
4cc46d6.78 42f9425f 043937 h ???????? 002 /crush
4cc4889.5b 42f9424d 043937 s ???????? 003 /wiki/VorGehen
4cc4bfb.6f 3624944a 433e9c h ???????? 003 /wiki/BeDeut
4cc4c87.26 36249491 433e9c h ???????? 002 /wiki/PresencingStatus
4cc4cad.bc 26633e5d 99cc80 h ???????? 01b /
4cc4cda.84 3651d86c c76db1 s ???????? 0be /ls
4cc4ea6.42 345b7498 95df39 h ???????? 001 /robots.txt
4cc4f7a.f9 362494d0 433e9c h ???????? 014 /edit/12816001
4cc4fb9.b8 42f94242 043937 h ???????? 003 /wiki/AusErwaehlt
4cc5080.47 b208ffac ea3c0a h ???????? 019 /
4cc5081.1c b208ffac 6c4fa8 h ???????? 002 /apple-touch-icon-152x152-precomposed.png
4cc5081.4b b208ffac 6c4fa8 h ???????? 001 /apple-touch-icon-152x152.png
4cc5081.78 b208ffac 6c4fa8 h ???????? 001 /apple-touch-icon.png
4cc5081.a5 b208ffac 6c4fa8 h ???????? 001 /apple-touch-icon.png
4cc5081.d1 b208ffac 6c4fa8 h ???????? 001 /apple-touch-icon-precomposed.png
4cc5082.04 b208ffac 6c4fa8 h ???????? 002 /favicon.ico
4cc5084.bc b208ffac ea3c0a h ???????? 002 /alive/4
4cc5084.c8 b208ffac ea3c0a h ???????? 002 /feel/4
4cc50e1.22 3e8a0019 afa0df h ???????? 002 //robots.txt
4cc51ea.97 36c62dce 95df39 h ???????? 002 /robots.txt
4cc51ea.c8 36c62dce 95df39 h ???????? 002 /wiki/MindSkill
4cc5341.81 d94586b1 399ff9 h ???????? 002 /robots.txt
4cc5347.96 d94586b6 399ff9 h ???????? 004 /wiki/AnEi
4cc534d.e9 d94585c2 399ff9 h ???????? 003 /wiki/DistanzSpiel
4cc5353.aa d94586ae 399ff9 h ???????? 003 /wiki/OasIs
4cc5359.01 d94586dc 399ff9 h ???????? 004 /wiki/CoraHobby
4cc535e.26 d9458506 399ff9 h ???????? 003 /wiki/ChristianHeller
4cc5362.1e d94586af 399ff9 h ???????? 002 /wiki/KayGroschen
4cc5366.08 d9458506 399ff9 h ???????? 003 /wiki/KreuzKirche
4cc536a.36 d94585c2 399ff9 h ???????? 003 /wiki/EyeDotz
4cc536b.1d 9d372714 6a88e8 h ???????? 005 /robots.txt
4cc536d.52 d94586b9 399ff9 h ???????? 003 /wiki/LinieDrei
4cc5370.e7 d94586b7 399ff9 h ???????? 004 /wiki/RilkePanther
4cc5374.53 d94586b6 399ff9 h ???????? 003 /wiki/ShookHands
4cc5378.3a d94586e3 399ff9 h ???????? 003 /wiki/HerzTorte
4cc537b.88 d9458502 399ff9 h ???????? 005 /wiki/ThinkIn
4cc537e.a8 d945869a 399ff9 h ???????? 002 /wiki/536001
4cc5381.5e d94585c2 399ff9 h ???????? 003 /wiki/VerFassung
4cc5385.c1 d94586ae 399ff9 h ???????? 004 /wiki/DoIt
4cc5388.96 d9458506 399ff9 h ???????? 003 /wiki/HaTa
4cc538b.f6 d94586bc 399ff9 h ???????? 002 /wiki/LaufHaus
4cc538f.6e d94586af 399ff9 h ???????? 002 /wiki/WikiPage
4cc5390.fc d9458506 399ff9 h ???????? 003 /wiki/LuSch
4cc539e.72 9d372705 6a88e8 h ???????? 003 /wiki/AubreyDeGrey
4cc577c.1b d94586a0 399ff9 h ???????? 002 /robots.txt
4cc577d.6e d9458505 399ff9 h ???????? 004 /wiki/DeHa
4cc57f8.b8 22cc3c1e 2f6918 h ???????? 018 /
4cc58f3.1d be5e8b22 3fa874 h ???????? 002 /wls-wsat/CoordinatorPortType
4cc58f4.69 be5e8b22 670234 h ???????? 01d /
4cc58f5.28 be5e8b22 3fa874 h ???????? 001 /user/register
4cc58f5.d6 be5e8b22 670234 h ???????? 01d /
4cc58f6.92 be5e8b22 670234 h ???????? 015 /
4cc58f7.44 be5e8b22 670234 h ???????? 002 /rss.php
4cc59e5.b6 36249449 433e9c h ???????? 003 /wiki/TerryWinograd
4cc5b19.87 42f9500a 002725 h ???????? 002 /favicon.ico
4cc5b49.2b 426608c8 002725 h ???????? 002 /favicon.ico
4cc5f7d.8b 42f95c83 70a047 h ???????? 002 //rss.rdf
4cc617c.bb 42f94240 043937 h ???????? 004 /wiki/UnSterblich
4cc63bd.51 5bc80c0c d2236a h ???????? 002 //admin/images/cal_date_over.gif
4cc63c2.f4 5bc80c0c d2236a h ???????? 001 //admin/login.php
4cc63c7.6a 5bc80c0c d2236a h ???????? 002 //templates/system/css/system.css
4cc63cc.5d 5bc80c0c d2236a h ???????? 023 /
4cc63d0.f7 5bc80c0c 82b60a h ???????? 01b /
4cc63d5.20 5bc80c0c 82b60a h ???????? 016 /
4cc63d8.a8 5bc80c0c d2236a h ???????? 002 //images/vuln2.php
4cc63dd.32 5bc80c0c d2236a h ???????? 003 //tmp/vuln2.php
4cc63e1.ca 5bc80c0c d2236a h ???????? 003 //images/vuln.php
4cc63e7.53 5bc80c0c d2236a h ???????? 002 //tmp/vuln.php
4cc63ec.c9 5bc80c0c d2236a h ???????? 003 //language/en-GB/en-GB.xml
4cc63f2.e7 5bc80c0c d2236a h ???????? 002 //index.php
4cc63f7.db 5bc80c0c d2236a h ???????? 002 //administrator/components/com_alberghi/upload.alberghi.php
4cc63fc.d4 5bc80c0c d2236a h ???????? 002 //index.php
4cc6402.d7 5bc80c0c d2236a h ???????? 002 //index.php
4cc6407.8b 5bc80c0c d2236a h ???????? 002 //media/vuln.txt
4cc640d.51 5bc80c0c d2236a h ???????? 002 //components/com_hdflvplayer/hdflvplayer/download.php
4cc6412.6f 5bc80c0c d2236a h ???????? 002 //index.php
4cc6417.ef 5bc80c0c d2236a h ???????? 002 //index.php
4cc641c.43 5bc80c0c d2236a h ???????? 002 //index.php
4cc6420.c0 5bc80c0c d2236a h ???????? 002 //index.php
4cc6425.46 5bc80c0c d2236a h ???????? 002 //images/pwn.gif
4cc6428.32 5bc80c0c d2236a h ???????? 002 //index.php
4cc642b.be 5bc80c0c d2236a h ???????? 002 //index.php
4cc642f.6e 5bc80c0c d2236a h ???????? 002 //index.php
4cc6433.9f 5bc80c0c d2236a h ???????? 002 //index.php
4cc6438.22 5bc80c0c d2236a h ???????? 003 //plugins/content/s5_media_player/helper.php
4cc643c.f0 5bc80c0c d2236a h ???????? 002 //fckeditor/editor/filemanager/connectors/php/upload.php
4cc6570.f5 36249424 433e9c h ???????? 004 /wiki/Nadia%20Zaboura
4cc6602.c1 42f94240 043937 h ???????? 004 /wiki/KusanowskyTest
4cc6718.d2 42f94240 043937 h ???????? 004 /wiki/KaIh
4cc6729.1c 42f9425f 043937 h ???????? 003 /wiki/CatSex
4cc674e.34 42f9425f 043937 h ???????? 003 /wiki/MariaLuhmann
4cc677f.c6 42f94242 043937 h ???????? 004 /wiki/GottVater
4cc67a5.90 42f94240 043937 h ???????? 004 /wiki/OffenBarer
4cc67a8.a1 42f94240 043937 h ???????? 003 /wiki/SechtenGrades
4cc6a80.e9 cf2e0d92 6a88e8 h ???????? 004 /wiki/FreistaatSachsen
4cc709f.9c d8f442fa 2e51d1 h ???????? 002 //robots.txt
4cc7340.0b 42f94246 043937 s ???????? 003 /wiki/BauArt
4cc78c7.99 36249446 433e9c h ???????? 006 /edit/21676001
4cc7c85.aa 42f95c83 70a047 h ???????? 003 //rss.rdf
4cc7d8b.dd cf2e0d41 6a88e8 h ???????? 01d /
4cc7f69.3e 84f8144b 3fa874 h ???????? 002 /wls-wsat/CoordinatorPortType
4cc7f73.d4 84f8144b 670234 h ???????? 022 /
4cc7f74.74 84f8144b 3fa874 h ???????? 002 /user/register
4cc7f75.06 84f8144b 670234 h ???????? 01b /
4cc7f75.97 84f8144b 670234 h ???????? 017 /
4cc7f76.34 84f8144b 670234 h ???????? 002 /rss.php
4cc81a2.45 b44c0f9e a04d28 h ???????? 004 /wiki/%3Ca%20class=%22blue%22%20href=%22/wiki/StartUp%22%3EStartUp%3C/a%3E
4cc81be.3c bc285186 7dfab1 h ???????? 002 //rss.jsp
4cc81be.6f bc285186 7dfab1 h ???????? 002 //rss.jsp
4cc8212.d5 bc285186 7dfab1 h ???????? 002 //rss.jsp
4cc8213.01 bc285186 7dfab1 h ???????? 002 //rss.jsp
4cc8467.57 b01f7e38 e3b0c4 h ???????? 002 /robots.txt
4cc8469.87 b01f7e38 37a81c h ???????? 01a /
4cc8511.d6 42f9424d 043937 s ???????? 003 /wiki/BeBold
4cc86b7.53 bca5e9e4 e3b0c4 h ???????? 003 /robots.txt
4cc86bf.04 bca5e9e4 36ad42 h ???????? 029 /
4cc8822.ef 42f9425f 043937 h ???????? 002 /robots.txt
4cc8914.e5 bc285186 7dfab1 h ???????? 003 //rss.jsp
4cc8915.18 bc285186 7dfab1 h ???????? 002 //rss.jsp
4cc8917.64 bc285186 7dfab1 h ???????? 002 //rss.jsp
4cc8917.8e bc285186 7dfab1 h ???????? 002 //rss.jsp
4cc8a14.17 42f9424e 043937 s ???????? 004 /wiki/CafeAha
4cc8a49.16 42f9424d 043937 s ???????? 004 /wiki/DayOfDeath
4cc8a79.d4 42f9424d 043937 s ???????? 004 /wiki/BiblioThek
4cc8aad.0f 42f9424e 043937 s ???????? 004 /wiki/AvantGarde
4cc8ae0.dc 42f9424d 043937 s ???????? 004 /wiki/NewEconomy
4cc8dd9.9f 42f94242 043937 h ???????? 004 //wiki/OpenCoffeeClubDresden
4cc9694.05 4e2e2319 7dfab1 h ???????? 003 //rss.jsp
4cc9694.3a 4e2e2319 7dfab1 h ???????? 002 //rss.jsp
4cc96cb.c7 42f9425f 043937 h ???????? 004 //wiki/FutureLab2056
4cc983c.ee 36c47b2e c76db1 s ???????? 003 /robots.txt
4cc983d.99 36c47b2e c76db1 s ???????? 003 /edit
4cc9bde.e3 36a4fe32 3fa874 h ???????? 003 /wls-wsat/CoordinatorPortType
4cc9bdf.6c 36a4fe32 670234 h ???????? 01b /
4cc9bdf.c9 36a4fe32 3fa874 h ???????? 002 /user/register
4cc9be0.1e 36a4fe32 670234 h ???????? 01a /
4cc9be0.89 36a4fe32 670234 h ???????? 022 /
4cc9be0.e6 36a4fe32 670234 h ???????? 003 /rss.php
4cc9cd6.78 42f95c9f 70a047 h ???????? 003 //rss.rdf
4cc9d67.a6 9d372737 6a88e8 s ???????? 022 /
4cc9e42.10 362494be 433e9c h ???????? 002 /edit/24516001
4cc9e4d.7a 36249427 433e9c h ???????? 007 /edit/21656001
4cca533.9d 26633e5d 99cc80 h ???????? 003 /ads.txt
4cca6bd.4b c61b5090 e3b0c4 h ???????? 003 /robots.txt
4cca6bf.de c61b5090 f7800e h ???????? 01c /
4cca6f4.54 3624944b 433e9c h ???????? 004 /wiki/ContainerRevolution
4cca88f.1e 42f9424c 043937 s ???????? 005 /wiki/MindWay
4ccab29.bf b44c0f90 a04d28 h ???????? 01b /
4ccab92.f0 9750278f 433e9c h ???????? 003 /robots.txt
4ccac7e.d7 42f94242 622963 h ???????? 005 //wiki/KurzweilVortrag
4ccaef4.da cd8b8d36 209ef4 h ???????? 002 //rss.rdf
4ccb219.19 c4342b39 c5c81c h ???????? 017 /
4ccb32f.c9 36c47b2e c76db1 s ???????? 013 /
4ccb638.e4 5f6cb561 e4b041 h ???????? 003 /robots.txt
4ccb63c.af 5f6cb561 e4b041 h ???????? 011 /
4ccb658.8f a3ac0499 f80c00 h ???????? 017 /
4ccb78d.69 6177638b c733b3 s ???????? 011 /
4ccb805.fb 6177638b 5358d0 s ???????? 012 /
4ccb87e.9d 6177638b 5358d0 s ???????? 011 /
4ccb8f7.42 6177638b 5358d0 s ???????? 013 /
4ccb90e.2d 42f95c81 70a047 h ???????? 002 //rss.rdf
4ccba51.e5 42f9424d 043937 s ???????? 003 /wiki/VerLust
4ccbc28.4d bc286647 7dfab1 h ???????? 002 //rss.jsp
4ccbc28.70 bc286647 7dfab1 h ???????? 001 //rss.jsp
4ccc329.1c d05cdaa2 e78e5f h ???????? 012 /
4ccc329.71 d05cdaa2 e78e5f h ???????? 005 //favicon.ico
4ccc3d2.03 9200bd99 3fa874 h ???????? 001 /wls-wsat/CoordinatorPortType
4ccc3d2.31 9200bd99 670234 h ???????? 015 /
4ccc3d2.58 9200bd99 3fa874 h ???????? 002 /user/register
4ccc3d2.7f 9200bd99 670234 h ???????? 017 /
4ccc3d2.a6 9200bd99 670234 h ???????? 010 /
4ccc3d2.d4 9200bd99 670234 h ???????? 001 /rss.php
4ccc41e.0c 2e057437 f262fc h ???????? 017 /
4ccc5dc.1f 36e1155e 2baa92 h ???????? 01e /
4ccc8c4.97 d8f442e3 2e51d1 h ???????? 001 //robots.txt
4cccc15.08 42f9424c 043937 s ???????? 002 /robots.txt
4cccf5e.cb 362494fc 433e9c h ???????? 002 /wiki/PeterThiel
4ccd11e.8b 345b7498 95df39 h ???????? 002 /robots.txt
4ccd400.98 42f9425f 622963 h ???????? 002 //wiki/OpenCoffeeClubDresden
4ccd5e7.88 36c62dce 95df39 h ???????? 002 /robots.txt
4ccd5e7.c2 36c62dce 95df39 h ???????? 003 /wiki/PeerAcademy
4ccd5fa.e5 42f95c83 70a047 h ???????? 001 //rss.rdf
4ccd7a1.f5 362494aa 433e9c h ???????? 002 /edit/24716001
4ccd7be.fc 9d372779 6a88e8 h ???????? 017 /
4ccd836.c9 42f94240 043937 h ???????? 002 /robots.txt
4ccda56.c3 362494e1 433e9c h ???????? 004 /wiki/RalfSteinmetz
4ccdd30.e8 5e172817 e3b0c4 h ???????? 002 /robots.txt
4ccdd33.37 5e172817 fd196b h ???????? 018 /
4ccddda.26 42f9424e 043937 s ???????? 003 /wiki/MindSex
4ccdf8b.b9 345b7498 95df39 h ???????? 002 /robots.txt
4cce3d6.ee b44c0f9c a04d28 h ???????? 013 /
4cce457.13 36c62dce 95df39 h ???????? 002 /robots.txt
4cce457.4b 36c62dce 95df39 h ???????? 003 /wiki/LongBetOne
4ccec38.01 3ed298f8 5484ba h ???????? 019 /
4ccef9b.08 42f9424d 043937 s ???????? 003 /wiki/BirthPlace
4ccf28b.1d 42f95c81 70a047 h ???????? 002 //rss.rdf
4ccf459.f3 bca5fb2e 57819b h ???????? 001 /:8880/get_password.php
4ccff75.b3 284da740 6a88e8 h ???????? 003 /wiki/BluePedia
