4c9002d.eb 9d37271b 6a88e8 h ???????? 002 /robots.txt
4c9006c.b7 cf2e0d0a 6a88e8 h ???????? 017 /
4c90308.7c d94586b9 399ff9 h ???????? 001 /robots.txt
4c90314.b6 d9458503 399ff9 h ???????? 015 /
4c903b1.0c a4843451 eb026b s ???????? 002 /bcHead
4c903b0.c7 b44c0f8c a04d28 s ???????? 111 /sh
4c903db.33 36249496 433e9c h ???????? 002 /edit/28306005
4c9083f.38 a2d2c481 028fc4 h ???????? 002 /robots.txt
4c90848.a9 a2d2c481 028fc4 h ???????? 01e /
4c908de.af 36249416 433e9c h ???????? 002 /edit/27406003
4c909bd.3a b2ffd754 c51fdf h ???????? 003 //robots.txt
4c909ca.f2 b2ffd755 c51fdf h ???????? 002 /robots.txt
4c909cb.1a b2ffd755 c51fdf h ???????? 015 /
4c90c06.30 d8f442fa 2e51d1 h ???????? 002 //robots.txt
4c90cec.f9 42f9404a 043937 h ???????? 003 /wiki/MindBrummi
4c90e7d.a2 cf2e0deb 6a88e8 h ???????? 00a /wiki/SingularSummitEurope
4c90edf.1e 36249439 433e9c h ???????? 01b /edit/19486001
4c91350.53 b44c0f1b a04d28 h ???????? 016 /
4c91761.04 6e0e4815 670234 h ???????? 017 /
4c91761.b1 6e0e4815 3fa874 h ???????? 002 /user/register
4c91762.52 6e0e4815 670234 h ???????? 015 /
4c91768.04 6e0e4815 670234 h ???????? 003 /rss.php
4c9176d.ad 6e0e4815 670234 h ???????? 001 /t6nv
4c91b70.c3 42f95987 70a047 h ???????? 002 //rss.rdf
4c91c69.12 05bc570e 1066b4 h ???????? 017 /
4c91eaf.ca 42f94048 043937 h ???????? 004 /wiki/MindSchule
4c91f1f.d0 5f6cb561 e4b041 s ???????? 002 /robots.txt
4c91f23.77 5f6cb561 e4b041 s ???????? 28dd /math
4c91f42.c8 4e9bf01a f262fc h ???????? 017 /
4c92be6.f8 c063f701 cc9bbb h ???????? 017 /
4c92d78.ab 6baae592 ef60d6 s ???????? 024 /
4c92f0f.c9 36abf789 670234 h ???????? 016 /
4c92f10.04 36abf789 3fa874 h ???????? 002 /user/register
4c92f10.33 36abf789 670234 h ???????? 01e /
4c92f15.76 36abf789 670234 h ???????? 002 /rss.php
4c92f1a.b5 36abf789 670234 h ???????? 002 /t6nv
4c93038.48 bc72eec5 d22962 h ???????? 016 /
4c9303c.d2 bc72eec5 d22962 h ???????? 002 /feel/4
4c9303c.d2 bc72eec5 d22962 h ???????? 006 /alive/4
4c93072.ff 42f9404a 043937 h ???????? 003 /wiki/JuergenAnke
4c93739.fc 450c42d5 57819b h ???????? 01c /
4c93828.df 42f95987 70a047 h ???????? 002 //rss.rdf
4c93c0a.39 85826f26 371ef8 h ???????? 004 //wiki/RalfLippold
4c93c58.42 5f6cb561 e4b041 s ???????? 002 /robots.txt
4c93c5b.f3 5f6cb561 e4b041 s ???????? 17a3 /age
4c93df2.88 68cf82d8 670234 h ???????? 017 /
4c93df2.bc 68cf82d8 3fa874 h ???????? 002 /user/register
4c93df2.ee 68cf82d8 670234 h ???????? 01f /
4c93df8.2f 68cf82d8 670234 h ???????? 002 /rss.php
4c93dfd.68 68cf82d8 670234 h ???????? 002 /t6nv
4c93f50.b4 b9687804 cc9bbb h ???????? 018 /
4c9405e.bd 17ed041a c1686e h ???????? 019 /
4c94061.4c 17ed041a c1686e h ???????? 084 /hls
4c94064.18 17ed041a c1686e h ???????? 08c /ls
4c94067.93 a4843451 eb026b s ???????? 004 /bcHead
4c94067.39 17ed041a c1686e h ???????? 165 /sh
4c9406a.03 17ed041a c1686e h ???????? 004 /wiki/GottfriedWilhelmLeibniz
4c9406c.7c 17ed041a c1686e h ???????? 003 /wiki/AlanTuring
4c9406f.05 17ed041a c1686e h ???????? 002 /edit
4c94071.6a 8e04d774 e3b0c4 h ???????? 002 /robots.txt
4c94071.c1 8e04d774 d9ec50 h ???????? 024 /
4c94074.96 8e04d774 d9ec50 s ???????? 09c /hls
4c94077.30 8e04d774 d9ec50 s ???????? 0ab /ls
4c94079.fc a4843451 eb026b s ???????? 00b /bcHead
4c94079.d2 8e04d774 d9ec50 s ???????? 0af /sh
4c9407c.3e 8e04d774 d9ec50 h ???????? 005 /wiki/GottfriedWilhelmLeibniz
4c9407e.81 8e04d774 d9ec50 h ???????? 005 /wiki/AlanTuring
4c94080.cb 8e04d774 d9ec50 s ???????? 018 /
4c94083.10 8e04d774 d9ec50 s ???????? 003 /edit
4c9408a.97 8e04d774 d9ec50 s ???????? 003 /wiki/GottfriedWilhelmLeibniz
4c9408c.e0 8e04d774 d9ec50 s ???????? 004 /wiki/AlanTuring
4c94236.18 42f94050 043937 s ???????? 004 /wiki/FabioLuisi
4c943ac.51 42f954e8 002725 h ???????? 003 /favicon.ico
4c943af.96 5b87aeb4 670234 h ???????? 029 /
4c943af.db 5b87aeb4 3fa874 h ???????? 003 /user/register
4c943b0.0a 5b87aeb4 670234 h ???????? 019 /
4c943b5.4a 5b87aeb4 670234 h ???????? 002 /rss.php
4c943ba.7d 5b87aeb4 670234 h ???????? 003 /t6nv
4c9475d.3f b2086f3e 5ec1d2 s ???????? 01d /
4c9475d.f7 b2086f3e 5ec1d2 s ???????? 002 /favicon.ico
4c953f9.3f 42f94052 043937 s ???????? 004 /wiki/SourceCode
4c9554c.09 d9458505 399ff9 h ???????? 003 /robots.txt
4c95577.4d d9458503 399ff9 h ???????? 002 /hot
4c955c7.54 42f9598b 70a047 h ???????? 003 //rss.rdf
4c9567f.11 5dbc27a3 d6ce70 h ???????? 004 /wiki/rainerwasserfuhr/
4c95685.ff 602308cf 670234 h ???????? 01e /
4c95686.76 602308cf 3fa874 h ???????? 00b /user/register
4c95686.e3 602308cf 670234 h ???????? 019 /
4c9568c.56 602308cf 670234 h ???????? 003 /rss.php
4c95691.c0 602308cf 670234 h ???????? 003 /t6nv
4c956ce.72 9d3727bc 6a88e8 s ???????? 01d /
4c95959.10 239df6e3 e04f63 h ???????? 003 /robots.txt
4c9595c.51 239df6e3 e04f63 h ???????? 002 /AlphaLabs
4c959bc.9e b2086f3e 5ec1d2 s ???????? 023 /
4c959c1.1e b2086f3e 5ec1d2 s ???????? 003 /feel/4
4c95eeb.63 b2086f3e 5ec1d2 s ???????? 01b /
4c963ad.14 42f94048 043937 h ???????? 005 /wiki/RinterZelt
4c965bb.cb 42f9404a 043937 h ???????? 00c /wiki/DeutschBahn
4c966a3.f1 c3c921ca 028fc4 h ???????? 002 //robots.txt
4c966a8.f1 c3c921ca 028fc4 h ???????? 005 //wiki/VorName
4c966b3.53 c3c921ca 028fc4 h ???????? 002 /robots.txt
4c966b9.21 c3c921ca 028fc4 h ???????? 002 /rss.jsp
4c966bc.a3 c3c921ca 028fc4 h ???????? 003 /robots.txt
4c966c2.b6 c3c921ca 028fc4 h ???????? 004 /wiki/KarlHeinzTeuber
4c966c8.21 c3c921ca 028fc4 h ???????? 003 /robots.txt
4c966ce.f8 c3c921ca 028fc4 h ???????? 004 /wiki/GermanIsm
4c966d1.a7 c3c921ca 028fc4 h ???????? 003 /robots.txt
4c966d6.c7 c3c921ca 028fc4 h ???????? 004 /wiki/CraigMundie
4c96874.a1 42f94052 622963 s ???????? 028 /
4c968b7.f8 ac686c6d 1066b4 h ???????? 01e /
4c968cd.db c16a1e63 b14930 h ???????? 003 //user/register
4c968df.3d c16a1e63 b14930 h ???????? 004 //multi.accept.php
4c96a7a.a8 5f6cb561 e4b041 h ???????? 003 /robots.txt
4c96a7e.6d 5f6cb561 e4b041 h ???????? 01c /
4c96afa.3c b44c0f97 a04d28 h ???????? 004 /wiki/LockSchuppen
4c96b5c.59 d8f442e3 2e51d1 h ???????? 004 //robots.txt
4c96f6a.65 a2d2c461 028fc4 h ???????? 003 //robots.txt
4c96f6d.ec a2d2c461 028fc4 h ???????? 01c /
4c9760d.24 b90a44e3 24f16f s ???????? 01e /
4c9777e.f7 42f9404a 043937 h ???????? 005 /wiki/RegenSchirm
4c97789.1e d94586b7 399ff9 h ???????? 003 /robots.txt
4c97792.27 d94586af 399ff9 h ???????? 02e /
4c977b6.cb 9d37271d 6a88e8 h ???????? 004 /wiki/RatDerWeisen
4c977bc.38 42f95989 70a047 h ???????? 003 //rss.rdf
4c978ec.66 42f94048 043937 h ???????? 003 //robots.txt
4c97991.38 42f9404a 043937 h ???????? 01e /
4c97bf1.d5 9d3727bc 6a88e8 s ???????? 01d /
4c97c0a.23 2ea1376a eaf401 s ???????? 003 /_asterisk/
4c97c5b.8f d94585d7 399ff9 h ???????? 001 /robots.txt
4c97c64.54 d94585d7 399ff9 h ???????? 006 /wiki/TeTe
4c97c80.91 42f94046 043937 h ???????? 002 /wiki/SecessionsBau
4c97cd7.62 42f9404a 043937 h ???????? 002 /wiki/SolarSystem
4c97e5f.1f d94586dc 399ff9 h ???????? 002 /robots.txt
4c97e63.1f d94586bc 399ff9 h ???????? 002 /wiki/TuerAn
4c97e68.cf d94586b6 399ff9 h ???????? 002 /wiki/HiPo
4c97e70.bd d94586bc 399ff9 h ???????? 002 /wiki/LiebeDas
4c97e7a.0e d94586b7 399ff9 h ???????? 002 /wiki/ZuJung
4c97e87.46 d9458503 399ff9 h ???????? 001 /wiki/SiSanien
4c97e8e.a3 d94585c2 399ff9 h ???????? 002 /wiki/WegenDir
4c97e94.7b d94586c8 399ff9 h ???????? 002 /wiki/KreuzKirche
4c97e99.cc d94586b9 399ff9 h ???????? 002 /wiki/RaumPlan
4c97eb1.96 d94586b7 399ff9 h ???????? 002 /wiki/EyeDotz
4c97eba.0e d94586c8 399ff9 h ???????? 002 /wiki/AnEi
4c97ec2.c9 d94586b7 399ff9 h ???????? 002 /wiki/HerzTorte
4c97ec9.12 d94585cb 399ff9 h ???????? 002 /wiki/ThinkIn
4c97ed1.e5 d94586e3 399ff9 h ???????? 002 /wiki/WikiPage
4c97edf.fa d94586b7 399ff9 h ???????? 002 /wiki/ChristianHeller
4c97eeb.77 d94586b7 399ff9 h ???????? 002 /wiki/CoraHobby
4c97eff.bd d94586a0 399ff9 h ???????? 002 /wiki/LaufHaus
4c97f06.d9 d94586b1 399ff9 h ???????? 002 /wiki/HaTa
4c97f11.d5 d94586b6 399ff9 h ???????? 002 /wiki/DoIt
4c97f1b.54 d94586b2 399ff9 h ???????? 002 /wiki/LuSch
4c97f23.71 d945869a 399ff9 h ???????? 002 /wiki/VerFassung
4c97f2f.85 d94586e3 399ff9 h ???????? 002 /wiki/OasIs
4c97f38.7e d9458503 399ff9 h ???????? 003 /wiki/DistanzSpiel
4c97f41.6d d9458503 399ff9 h ???????? 002 /wiki/RilkePanther
4c97f50.7f d94586e3 399ff9 h ???????? 004 /wiki/ShookHands
4c97f5c.08 d9458509 399ff9 h ???????? 002 /wiki/DeHa
4c97f65.dc d94586b1 399ff9 h ???????? 002 /wiki/536001
4c97f6e.52 d94586dc 399ff9 h ???????? 002 /wiki/KayGroschen
4c97f76.3b 3624946b 433e9c h ???????? 013 /edit/10566003
4c97f77.05 d9458502 399ff9 h ???????? 003 /wiki/LinieDrei
4c97f94.1a cf2e0deb 6a88e8 h ???????? 002 /wiki/MindEyes
4c9813b.a8 cd8b8d36 209ef4 h ???????? 001 //rss.rdf
4c98461.73 94fb34c6 028fc4 h ???????? 001 //robots.txt
4c98464.f1 94fb34c6 028fc4 h ???????? 001 //rss.jsp
4c98468.09 94fb34c6 028fc4 h ???????? 002 //wiki/MindShop
4c98471.b4 94fb34c6 028fc4 h ???????? 002 //wiki/SingularityUniversity
4c98477.a7 94fb34c6 028fc4 h ???????? 003 //wiki/ZugWiki
4c9847d.36 94fb34c6 028fc4 h ???????? 001 /robots.txt
4c98480.c4 94fb34c6 028fc4 h ???????? 002 /wiki/JackSmith
4c98487.a5 94fb34c6 028fc4 h ???????? 002 /wiki/JackStack
4c9848d.0c 94fb34c6 028fc4 h ???????? 002 /wiki/JacquelineNovogratz
4c98492.f9 94fb34c6 028fc4 h ???????? 003 /wiki/JacquesAttali
4c98499.20 94fb34c6 028fc4 h ???????? 002 /wiki/JacquesBarzun
4c9849f.60 94fb34c6 028fc4 h ???????? 003 /wiki/JacquesDerrida
4c984a5.c7 94fb34c6 028fc4 h ???????? 002 /wiki/JacquesHerbrand
4c984ac.3e 94fb34c6 028fc4 h ???????? 002 /wiki/JaiKu
4c984b2.6e 94fb34c6 028fc4 h ???????? 002 /wiki/JamesDean
4c984b8.3e 94fb34c6 028fc4 h ???????? 002 /wiki/JamesGosling
4c984c0.e9 94fb34c6 028fc4 h ???????? 003 /wiki/JamesJoyce
4c984c7.8d 94fb34c6 028fc4 h ???????? 003 /wiki/JamesLighthill
4c984cd.65 94fb34c6 028fc4 h ???????? 003 /wiki/JamesWindsor
4c984d2.a4 94fb34c6 028fc4 h ???????? 002 /wiki/JanErikSolem
4c984d8.3e 94fb34c6 028fc4 h ???????? 002 /wiki/JanKegelberg
4c984df.f4 94fb34c6 028fc4 h ???????? 002 /wiki/JanKreuter
4c984e5.2a 94fb34c6 028fc4 h ???????? 002 /wiki/JanNorthoff
4c984ea.99 94fb34c6 028fc4 h ???????? 003 /wiki/JanPeterBalkenende
4c984f0.23 94fb34c6 028fc4 h ???????? 002 /wiki/JanRabaey
4c984f5.7b 94fb34c6 028fc4 h ???????? 002 /wiki/JanZemanek
4c984fa.c5 94fb34c6 028fc4 h ???????? 004 /wiki/JanaDiesner
4c98500.68 94fb34c6 028fc4 h ???????? 003 /wiki/JaneMcGonigal
4c98505.b2 94fb34c6 028fc4 h ???????? 002 /wiki/JanetteKothe
4c9850d.ab 94fb34c6 028fc4 h ???????? 002 /wiki/JanezJansa
4c98513.0e 94fb34c6 028fc4 h ???????? 003 /wiki/JankoRoettgers
4c98519.0b 94fb34c6 028fc4 h ???????? 003 /wiki/JapanPrize
4c98520.1e 94fb34c6 028fc4 h ???????? 002 /wiki/JaredDiamond
4c98525.cb 94fb34c6 028fc4 h ???????? 003 /wiki/JavaVm
4c9852b.63 94fb34c6 028fc4 h ???????? 003 /wiki/JaziratAlArab
4c98532.bb 94fb34c6 028fc4 h ???????? 003 /wiki/JeanBaudrillard
4c98538.df 94fb34c6 028fc4 h ???????? 004 /wiki/JeanJacquesLauble
4c9853e.08 94fb34c6 028fc4 h ???????? 002 /wiki/JeanLucSingularity
4c98543.1e 94fb34c6 028fc4 h ???????? 003 /wiki/JeanPiaget
4c98548.b4 94fb34c6 028fc4 h ???????? 003 /wiki/JeanPolMartin
4c9854d.fc 94fb34c6 028fc4 h ???????? 002 /wiki/JeanneMoreau
4c98553.25 94fb34c6 028fc4 h ???????? 002 /wiki/JeffBezos
4c9855b.bc 94fb34c6 028fc4 h ???????? 003 /wiki/JeffHawkins
4c9855b.fe c73a56d1 028fc4 h ???????? 001 /robots.txt
4c9855d.cb c73a56d1 028fc4 h ???????? 015 /
4c98563.14 94fb34c6 028fc4 h ???????? 003 /wiki/JeffJarvis
4c98569.44 94fb34c6 028fc4 h ???????? 004 /wiki/JeffStryker
4c9856e.f3 94fb34c6 028fc4 h ???????? 002 /wiki/JenTower
4c98575.b9 94fb34c6 028fc4 h ???????? 003 /wiki/JenniferFlorin
4c9857b.9b 94fb34c6 028fc4 h ???????? 003 /wiki/JensBemme
4c98581.1e 94fb34c6 028fc4 h ???????? 003 /wiki/JensKorte
4c98586.8d 94fb34c6 028fc4 h ???????? 003 /wiki/JensKrzywinski
4c9858f.33 94fb34c6 028fc4 h ???????? 003 /wiki/JensUweSauer
4c98594.5c 94fb34c6 028fc4 h ???????? 003 /wiki/JesseSchell
4c98599.a9 94fb34c6 028fc4 h ???????? 004 /wiki/JesusChrist
4c9859f.3f 94fb34c6 028fc4 h ???????? 003 /wiki/JgBallard
4c985a5.09 94fb34c6 028fc4 h ???????? 002 /wiki/JimmyWales
4c985aa.7c 94fb34c6 028fc4 h ???????? 004 /wiki/JlAustin
4c985b0.ee 94fb34c6 028fc4 h ???????? 003 /wiki/JoachimBiskup
4c985b6.9b 94fb34c6 028fc4 h ???????? 003 /wiki/JoachimDeckarm
4c985bd.10 94fb34c6 028fc4 h ???????? 004 /wiki/JoachimNiemeier
4c985bd.ae 362494e2 433e9c h ???????? 002 /base
4c985c3.38 94fb34c6 028fc4 h ???????? 003 /wiki/JoachimTreusch
4c985c8.96 94fb34c6 028fc4 h ???????? 003 /wiki/JoaquinDiaz
4c985cf.16 94fb34c6 028fc4 h ???????? 003 /wiki/JoaquinDiaz
4c985d4.68 94fb34c6 028fc4 h ???????? 003 /wiki/JoeBiden
4c985da.6e 94fb34c6 028fc4 h ???????? 003 /wiki/JoelKaczmarek
4c985df.9c 94fb34c6 028fc4 h ???????? 003 /wiki/JoergKeller
4c985e5.d4 94fb34c6 028fc4 h ???????? 003 /wiki/JoergKopp
4c985ed.0f 94fb34c6 028fc4 h ???????? 003 /wiki/JoergNoennig
4c985f2.1e 94fb34c6 028fc4 h ???????? 002 /wiki/JoergNoennig
4c985f8.7a 94fb34c6 028fc4 h ???????? 003 /wiki/JohnMalkovich
4c985ff.38 94fb34c6 028fc4 h ???????? 003 /wiki/JohnMcCarthy
4c98606.66 94fb34c6 028fc4 h ???????? 003 /wiki/JohnNaisbitt
4c9860b.ae 94fb34c6 028fc4 h ???????? 003 /wiki/JohnRobb
4c98612.54 94fb34c6 028fc4 h ???????? 003 /wiki/JohnSearle
4c98618.11 94fb34c6 028fc4 h ???????? 003 /wiki/JohnSterman
4c9861e.78 94fb34c6 028fc4 h ???????? 004 /wiki/JohnWalker
4c98624.09 94fb34c6 028fc4 h ???????? 003 /wiki/JonasBirgersson
4c98629.49 94fb34c6 028fc4 h ???????? 004 /wiki/JoomlaCms
4c9862e.f3 94fb34c6 028fc4 h ???????? 003 /wiki/JorgeGomondai
4c98635.02 94fb34c6 028fc4 h ???????? 006 /wiki/JoseSaramago
4c9863b.40 94fb34c6 028fc4 h ???????? 003 /wiki/JosefBuechel
4c98642.00 94fb34c6 028fc4 h ???????? 004 /wiki/JoselinMane
4c98648.65 94fb34c6 028fc4 h ???????? 003 /wiki/KaiKrause
4c9864d.ca 94fb34c6 028fc4 h ???????? 003 /wiki/MaikKrause
4c98651.76 94fb34c6 028fc4 h ???????? 002 /robots.txt
4c98654.b9 94fb34c6 028fc4 h ???????? 004 /wiki/AbsTra
4c9865b.53 94fb34c6 028fc4 h ???????? 005 /wiki/AccelerAndo
4c98660.cd 94fb34c6 028fc4 h ???????? 006 /wiki/AcceleratingFuturePeopleDatabase
4c98667.c7 94fb34c6 028fc4 h ???????? 004 /wiki/AchimBachem
4c9866d.0e 94fb34c6 028fc4 h ???????? 004 /wiki/ActuarialEscapeVelocity
4c98673.3b 94fb34c6 028fc4 h ???????? 003 /wiki/AdJective
4c9867a.6f 94fb34c6 028fc4 h ???????? 003 /wiki/AdVent
4c9867f.c3 94fb34c6 028fc4 h ???????? 003 /wiki/AdaptiveAi
4c98685.2d 94fb34c6 028fc4 h ???????? 003 /wiki/ChristophMariaHerbst
4c9868a.42 94fb34c6 028fc4 h ???????? 004 /wiki/ChronologieKritik
4c9868f.e5 94fb34c6 028fc4 h ???????? 003 /wiki/ChuckYeager
4c98696.6e 94fb34c6 028fc4 h ???????? 004 /wiki/ClareWGraves
4c9869f.cb 94fb34c6 028fc4 h ???????? 003 /wiki/ClassicoItaliano
4c986a5.b3 94fb34c6 028fc4 h ???????? 003 /wiki/ClaudeShannon
4c986ab.33 94fb34c6 028fc4 h ???????? 003 /wiki/ClaudioAbbado
4c986b0.9c 94fb34c6 028fc4 h ???????? 004 /wiki/ClausJacob
4c986b5.e7 94fb34c6 028fc4 h ???????? 004 /wiki/LoewenJagd
4c986bb.5a 94fb34c6 028fc4 h ???????? 004 /wiki/LongBetOne
4c986c2.2c 94fb34c6 028fc4 h ???????? 003 /wiki/LotteInWeimarFilm
4c986c7.72 94fb34c6 028fc4 h ???????? 003 /wiki/LudwigWittgenstein
4c986d2.28 94fb34c6 028fc4 h ???????? 004 /wiki/MichaelHorton
4c986d7.96 94fb34c6 028fc4 h ???????? 006 /wiki/MichaelKoch
4c986dd.21 94fb34c6 028fc4 h ???????? 004 /wiki/MindBomb2
4c986e3.13 94fb34c6 028fc4 h ???????? 003 /wiki/MultipleChoice
4c986e8.7e 94fb34c6 028fc4 h ???????? 004 /wiki/NanoCity
4c986ee.8a 94fb34c6 028fc4 h ???????? 004 /wiki/NicoHagenburger
4c986f4.54 94fb34c6 028fc4 h ???????? 004 /wiki/NomicWorld
4c986fd.1a 94fb34c6 028fc4 h ???????? 003 /wiki/NooMnesia
4c98702.fb 94fb34c6 028fc4 h ???????? 004 /wiki/ObWahlDresden08
4c98708.87 94fb34c6 028fc4 h ???????? 004 /wiki/OberHolz
4c9870e.2d 94fb34c6 028fc4 h ???????? 003 /wiki/OdenThal
4c98715.87 94fb34c6 028fc4 h ???????? 004 /wiki/OliverGuenther
4c9871a.e6 94fb34c6 028fc4 h ???????? 005 /wiki/OliverThylmann
4c98720.f8 94fb34c6 028fc4 h ???????? 003 /wiki/OmniMetrie
4c9872b.b5 94fb34c6 028fc4 h ???????? 003 /wiki/OostEinde
4c98731.c8 94fb34c6 028fc4 h ???????? 003 /wiki/OpenBts
4c98737.30 94fb34c6 028fc4 h ???????? 003 /wiki/OsCar
4c9873c.9d 94fb34c6 028fc4 h ???????? 004 /wiki/PhilipGlass
4c98741.d9 94fb34c6 028fc4 h ???????? 004 /wiki/PierreBourdieu
4c98749.b6 94fb34c6 028fc4 h ???????? 003 /wiki/PierreOmidyar
4c9874e.d6 94fb34c6 028fc4 h ???????? 004 /wiki/PieschenTv
4c98757.13 94fb34c6 028fc4 h ???????? 00c /wiki/PippiLangstrumpf
4c98759.15 9d37270d 6a88e8 h ???????? 002 //robots.txt
4c9875c.ee 94fb34c6 028fc4 h ???????? 005 /wiki/PizzaMario
4c98762.e9 94fb34c6 028fc4 h ???????? 003 /wiki/PkOst
4c98768.5a 94fb34c6 028fc4 h ???????? 003 /wiki/PostPrivacy
4c9876d.f4 94fb34c6 028fc4 h ???????? 010 /wiki/QueenslandOne
4c98774.4a 94fb34c6 028fc4 h ???????? 004 /wiki/RabIf
4c98779.9a 94fb34c6 028fc4 h ???????? 005 /wiki/RachidaDati
4c9877f.0a 94fb34c6 028fc4 h ???????? 006 /wiki/RadeBerg
4c98788.1b 94fb34c6 028fc4 h ???????? 004 /wiki/RainerMaria
4c9878f.6c 94fb34c6 028fc4 h ???????? 00d /wiki/RainerNiess
4c98794.e6 94fb34c6 028fc4 h ???????? 003 /wiki/RainierTower
4c9879a.d5 94fb34c6 028fc4 h ???????? 004 /wiki/RalfLippold
4c987a2.07 94fb34c6 028fc4 h ???????? 004 /wiki/RamonaKurzweil
4c987a7.9f 94fb34c6 028fc4 h ???????? 003 /wiki/RasKolNiKoff
4c987ac.fa 94fb34c6 028fc4 h ???????? 004 /wiki/RauMobil
4c987b4.3d 94fb34c6 028fc4 h ???????? 004 /wiki/RauschenBach
4c987bb.86 94fb34c6 028fc4 h ???????? 004 /wiki/RayBradbury
4c987c1.9f 94fb34c6 028fc4 h ???????? 004 /wiki/ReNaissance
4c987c7.a2 94fb34c6 028fc4 h ???????? 004 /wiki/RePl
4c987ce.26 94fb34c6 028fc4 h ???????? 003 /wiki/RedUnda
4c987d4.6b 94fb34c6 028fc4 h ???????? 004 /wiki/RedeWendung
4c987d9.f2 94fb34c6 028fc4 h ???????? 004 /wiki/RegEx
4c987e4.70 94fb34c6 028fc4 h ???????? 003 /wiki/ReidsPalace
4c987e9.dc 94fb34c6 028fc4 h ???????? 004 /wiki/ReinerAnderl
4c987ef.f6 94fb34c6 028fc4 h ???????? 00e /wiki/ReinerWeiss
4c987f5.92 94fb34c6 028fc4 h ???????? 004 /wiki/RiesterRente
4c987fb.2e 94fb34c6 028fc4 h ???????? 004 /wiki/RobertAmor
4c98801.57 94fb34c6 028fc4 h ???????? 004 /wiki/RobertBigelow
4c98806.63 94fb34c6 028fc4 h ???????? 004 /wiki/RobertEttinger
4c9880c.d8 94fb34c6 028fc4 h ???????? 003 /wiki/RobertFreitas
4c98812.a6 94fb34c6 028fc4 h ???????? 002 /wiki/RobertReich
4c98818.e5 94fb34c6 028fc4 h ???????? 002 /wiki/RobertSchumann
4c9881e.83 94fb34c6 028fc4 h ???????? 003 /wiki/RocketScience
4c98823.b8 94fb34c6 028fc4 h ???????? 002 /wiki/RoisinMurphy
4c98828.f7 94fb34c6 028fc4 h ???????? 002 /wiki/RolandEmmerich
4c9882f.b8 94fb34c6 028fc4 h ???????? 003 /wiki/RomanWasserfuhr
4c9883a.90 94fb34c6 028fc4 h ???????? 003 /wiki/RonConway
4c98840.3c 94fb34c6 028fc4 h ???????? 002 /wiki/RonaldPerelman
4c98845.db 94fb34c6 028fc4 h ???????? 002 /wiki/RoswithaHunold
4c9884d.91 94fb34c6 028fc4 h ???????? 008 /wiki/RoyAmara
4c98854.4a 94fb34c6 028fc4 h ???????? 003 /wiki/RubeGoldberg
4c98859.a4 94fb34c6 028fc4 h ???????? 003 /wiki/RubensMuse
4c9885f.83 94fb34c6 028fc4 h ???????? 003 /wiki/RudyRucker
4c98868.0c 94fb34c6 028fc4 h ???????? 003 /wiki/RuettenScheid
4c9886e.ca 94fb34c6 028fc4 h ???????? 003 /wiki/SBahnDresden
4c98874.23 94fb34c6 028fc4 h ???????? 002 /wiki/SaLoppe
4c9887a.25 94fb34c6 028fc4 h ???????? 002 /wiki/SingularitaetsKekse
4c9887f.9d 94fb34c6 028fc4 h ???????? 002 /wiki/SingularityInside
4c98886.40 94fb34c6 028fc4 h ???????? 002 /wiki/SingularityIsNearFilm
4c9888c.38 94fb34c6 028fc4 h ???????? 00a /wiki/SingularityUniversity
4c98896.18 94fb34c6 028fc4 h ???????? 002 /wiki/SintFlut
4c9889b.7b 94fb34c6 028fc4 h ???????? 003 /wiki/SkyNet
4c988a1.79 94fb34c6 028fc4 h ???????? 003 /wiki/SmokeyBear
4c988a7.83 94fb34c6 028fc4 h ???????? 002 /wiki/SmsDresdenZwo
4c988ad.22 94fb34c6 028fc4 h ???????? 003 /wiki/SnipSnap
4c988b2.3a 94fb34c6 028fc4 h ???????? 002 /wiki/SocialSingularity
4c988b7.86 94fb34c6 028fc4 h ???????? 002 /wiki/TraumZwei
4c988bb.97 94fb34c6 028fc4 h ???????? 001 /robots.txt
4c988c0.7c 94fb34c6 028fc4 h ???????? 003 /wiki/EichsFeld
4c988c5.cf 94fb34c6 028fc4 h ???????? 003 /wiki/ErnemannTurm
4c988cb.67 94fb34c6 028fc4 h ???????? 003 /wiki/IngridaPlunksnyte
4c988d0.9d 94fb34c6 028fc4 h ???????? 003 /wiki/LouisBecker
4c988d8.70 94fb34c6 028fc4 h ???????? 003 /wiki/MarikaRoekk
4c988e0.40 94fb34c6 028fc4 h ???????? 003 /wiki/MarissaMayer
4c988e5.be 94fb34c6 028fc4 h ???????? 00b /wiki/MichelFoucault
4c988f0.70 94fb34c6 028fc4 h ???????? 002 /wiki/MortenLund
4c988f6.83 94fb34c6 028fc4 h ???????? 002 /wiki/MuenzSalon
4c988fc.92 94fb34c6 028fc4 h ???????? 003 /wiki/MultipleChoice
4c98903.40 94fb34c6 028fc4 h ???????? 003 /wiki/MutterPass
4c98908.b1 94fb34c6 028fc4 h ???????? 003 /wiki/NanoCity
4c9890f.6f 94fb34c6 028fc4 h ???????? 003 /wiki/NightHawks
4c98915.41 94fb34c6 028fc4 h ???????? 003 /wiki/NooMicJsp
4c9891d.ba 94fb34c6 028fc4 h ???????? 005 /wiki/NowHere
4c98924.ab 94fb34c6 028fc4 h ???????? 003 /wiki/ObDach
4c9892a.e4 94fb34c6 028fc4 h ???????? 003 /wiki/OezNemrut
4c98931.5d 94fb34c6 028fc4 h ???????? 003 /wiki/OleNydahl
4c98936.b1 94fb34c6 028fc4 h ???????? 003 /wiki/OliverBerger
4c9893c.75 94fb34c6 028fc4 h ???????? 003 /wiki/OliverGuenther
4c98942.15 42f94054 043937 s ???????? 003 /wiki/NachHaltig
4c98942.26 94fb34c6 028fc4 h ???????? 003 /wiki/OliverKrueger
4c9894a.ad 94fb34c6 028fc4 h ???????? 003 /wiki/OliverThylmann
4c98950.6c 94fb34c6 028fc4 h ???????? 003 /wiki/OlivierAuber
4c98957.18 94fb34c6 028fc4 h ???????? 004 /wiki/OmniMetrie
4c9895d.b2 94fb34c6 028fc4 h ???????? 003 /wiki/OneWattOneYearOneDollar
4c98963.81 94fb34c6 028fc4 h ???????? 003 /wiki/OostEinde
4c98969.24 94fb34c6 028fc4 h ???????? 003 /wiki/OpenAerialMap
4c9896e.62 94fb34c6 028fc4 h ???????? 003 /wiki/OpenBts
4c98975.68 94fb34c6 028fc4 h ???????? 003 /wiki/OpenEducation
4c9897b.a9 94fb34c6 028fc4 h ???????? 004 /wiki/OrganSpende
4c98981.1c 94fb34c6 028fc4 h ???????? 00b /wiki/OrganizationalSingularity
4c98987.c0 94fb34c6 028fc4 h ???????? 002 /wiki/OsCar
4c9898e.91 94fb34c6 028fc4 h ???????? 004 /wiki/OstPol
4c98994.48 94fb34c6 028fc4 h ???????? 003 /wiki/OttoDix
4c9899a.2b 94fb34c6 028fc4 h ???????? 003 /wiki/OvercomingBias
4c989a8.d3 94fb34c6 028fc4 h ???????? 003 /wiki/PanoMeter
4c989ae.d8 94fb34c6 028fc4 h ???????? 004 /wiki/ParaDies
4c989b4.a2 94fb34c6 028fc4 h ???????? 003 /wiki/ParseTree
4c989ba.76 94fb34c6 028fc4 h ???????? 004 /wiki/PatHayes
4c989c0.ae 94fb34c6 028fc4 h ???????? 003 /wiki/PaulRackwitzBar
4c98a42.43 94fb34c6 028fc4 h ???????? 005 /wiki/PeiWang
4c98a47.e6 94fb34c6 028fc4 h ???????? 003 /wiki/PenguiCon
4c98a4d.44 94fb34c6 028fc4 h ???????? 004 /wiki/PennerGame
4c98a53.98 94fb34c6 028fc4 h ???????? 003 /wiki/PentaCon
4c98a58.c2 94fb34c6 028fc4 h ???????? 004 /wiki/PerSona
4c98a5e.7c 94fb34c6 028fc4 h ???????? 003 /wiki/PeterNeumann
4c98a63.99 94fb34c6 028fc4 h ???????? 003 /wiki/PeterTuri
4c98a6a.1a 94fb34c6 028fc4 h ???????? 004 /wiki/PeterVoss
4c98a70.1b 94fb34c6 028fc4 h ???????? 004 /wiki/PeterWegner
4c98a75.f0 94fb34c6 028fc4 h ???????? 003 /wiki/PhilipGlass
4c98a7c.51 94fb34c6 028fc4 h ???????? 003 /wiki/PierreOmidyar
4c98a82.15 94fb34c6 028fc4 h ???????? 003 /wiki/PkOst
4c98a88.20 94fb34c6 028fc4 h ???????? 004 /wiki/PlUrk
4c98a8d.fb 94fb34c6 028fc4 h ???????? 004 /wiki/PlanWirtschaft
4c98a94.92 94fb34c6 028fc4 h ???????? 004 /wiki/PlasticLogic
4c98a9c.9f 94fb34c6 028fc4 h ???????? 004 /wiki/PolyOmino
4c98aa1.85 94fb34c6 028fc4 h ???????? 003 /wiki/PowerLawOfParticipation
4c98aa7.23 94fb34c6 028fc4 h ???????? 003 /wiki/PowerSet
4c98aac.3b 94fb34c6 028fc4 h ???????? 004 /wiki/PradoEarth
4c98ab1.ab 94fb34c6 028fc4 h ???????? 004 /wiki/PraestabilierteHarmonie
4c98ab6.f3 94fb34c6 028fc4 h ???????? 008 /wiki/PreSingularityAbundanceMilestones
4c98aba.33 94fb34c6 028fc4 h ???????? 002 /robots.txt
4c98abd.57 94fb34c6 028fc4 h ???????? 004 /wiki/ArapahoeHighSchool
4c98ac3.8d 94fb34c6 028fc4 h ???????? 003 /wiki/ArapahoeHighSchool
4c98acb.85 94fb34c6 028fc4 h ???????? 004 /wiki/ArchiCad
4c98ad0.e7 94fb34c6 028fc4 h ???????? 005 /wiki/ArchiTekt
4c98ad6.64 94fb34c6 028fc4 h ???????? 004 /wiki/AristidLindenmayer
4c98adc.37 94fb34c6 028fc4 h ???????? 003 /wiki/ArmLimited
4c98ae1.6f 94fb34c6 028fc4 h ???????? 003 /wiki/ArmLimited
4c98ae6.a4 94fb34c6 028fc4 h ???????? 004 /wiki/ArminGrunwald
4c98aec.35 94fb34c6 028fc4 h ???????? 006 /wiki/ArminGrunwald
4c98af3.f0 94fb34c6 028fc4 h ???????? 004 /wiki/AvaLanche
4c98af9.7a 94fb34c6 028fc4 h ???????? 004 /wiki/AvaTar
4c98aff.9a 94fb34c6 028fc4 h ???????? 004 /wiki/AxelKlarmann
4c98b06.25 94fb34c6 028fc4 h ???????? 004 /wiki/BautznerStrasse82
4c98b0c.27 94fb34c6 028fc4 h ???????? 003 /wiki/BeckenHusserl
4c98b11.ec 94fb34c6 028fc4 h ???????? 003 /wiki/BeeGroup
4c98b17.f9 94fb34c6 028fc4 h ???????? 003 /wiki/BeeGroup
4c98b20.c7 94fb34c6 028fc4 h ???????? 004 /wiki/BeerWare
4c98b26.8b 94fb34c6 028fc4 h ???????? 003 /wiki/GerhardWeikum
4c98b2c.a0 94fb34c6 028fc4 h ???????? 004 /wiki/GlasHuette
4c98b32.77 94fb34c6 028fc4 h ???????? 003 /wiki/HavelBluete
4c98b37.c0 94fb34c6 028fc4 h ???????? 004 /wiki/HechtFest
4c98b3d.2c 94fb34c6 028fc4 h ???????? 003 /wiki/HerzBlatt
4c98b43.e7 94fb34c6 028fc4 h ???????? 004 /wiki/HetjensMuseum
4c98b4c.56 94fb34c6 028fc4 h ???????? 005 /wiki/HeyJoePrinzip
4c98b53.35 94fb34c6 028fc4 h ???????? 004 /wiki/HighTechGruenderfonds
4c98b58.a9 94fb34c6 028fc4 h ???????? 004 /wiki/HitlerSpeaks
4c98b5e.04 94fb34c6 028fc4 h ???????? 004 /wiki/HochschulRektorenKonferenz
4c98b65.b2 94fb34c6 028fc4 h ???????? 005 /wiki/HolgerWache
4c98b6b.2d 94fb34c6 028fc4 h ???????? 003 /wiki/HollywoodPrinciple
4c98b71.d5 94fb34c6 028fc4 h ???????? 005 /wiki/HonoraryProfessor
4c98b7a.14 94fb34c6 028fc4 h ???????? 004 /wiki/HorstNickels
4c98b81.59 94fb34c6 028fc4 h ???????? 004 /wiki/HorstNowacki
4c98b88.17 94fb34c6 028fc4 h ???????? 003 /wiki/HorstWHamacher
4c98b8e.0d 94fb34c6 028fc4 h ???????? 005 /wiki/HowardCarpendale
4c98b93.62 94fb34c6 028fc4 h ???????? 004 /wiki/HpGarage
4c98b98.ad 94fb34c6 028fc4 h ???????? 003 /wiki/HugoDeGaris
4c98b9e.4f 94fb34c6 028fc4 h ???????? 005 /wiki/JanaSchlegel
4c98ba8.3e 94fb34c6 028fc4 h ???????? 004 /wiki/JanetteKothe
4c98bad.aa 94fb34c6 028fc4 h ???????? 004 /wiki/JapanPrize
4c98bb3.8b 94fb34c6 028fc4 h ???????? 004 /wiki/JaronLanier
4c98bb9.0c 94fb34c6 028fc4 h ???????? 00d /wiki/JavaHouse
4c98bbf.fd 94fb34c6 028fc4 h ???????? 004 /wiki/JeanJacquesLauble
4c98bc5.14 94fb34c6 028fc4 h ???????? 003 /wiki/KnowledgeNavigator
4c98bca.8c 94fb34c6 028fc4 h ???????? 004 /wiki/KnowledgeWorker20
4c98bcf.f7 94fb34c6 028fc4 h ???????? 004 /wiki/MahmoudAlMabhouh
4c98bda.71 94fb34c6 028fc4 h ???????? 003 /wiki/MahnOrt16
4c98bdf.bc 94fb34c6 028fc4 h ???????? 005 /wiki/MalcolmGladwell
4c98be2.41 8bc2741b 670234 h ???????? 025 /
4c98be2.fd 8bc2741b 3fa874 h ???????? 003 /user/register
4c98be3.b1 8bc2741b 670234 h ???????? 032 /
4c98be5.85 94fb34c6 028fc4 h ???????? 003 /wiki/ManiFest
4c98be9.7c 8bc2741b 670234 h ???????? 002 /rss.php
4c98bec.63 94fb34c6 028fc4 h ???????? 004 /wiki/ManuelaSchwesig
4c98bef.41 8bc2741b 670234 h ???????? 003 /t6nv
4c98bf1.c3 94fb34c6 028fc4 h ???????? 005 /wiki/MarcelBeyer
4c98bf8.39 94fb34c6 028fc4 h ???????? 003 /wiki/MarcheDresden
4c98c02.1a 94fb34c6 028fc4 h ???????? 004 /wiki/MarcoWildner
4c98c09.6c 94fb34c6 028fc4 h ???????? 004 /wiki/MarcusAnhaeuser
4c98c0e.ad 94fb34c6 028fc4 h ???????? 004 /wiki/MarcusBuckingham
4c98c14.1c 94fb34c6 028fc4 h ???????? 005 /wiki/MarekMeyer
4c98c1a.5e 94fb34c6 028fc4 h ???????? 005 /wiki/MariaSharapova
4c98c20.23 94fb34c6 028fc4 h ???????? 004 /wiki/MariemeJamme
4c98c25.8b 94fb34c6 028fc4 h ???????? 004 /wiki/MarioBarth
4c98c2d.8a 94fb34c6 028fc4 h ???????? 004 /wiki/MarioJeckle
4c98c34.3d 94fb34c6 028fc4 h ???????? 004 /wiki/MarioNeugebauer
4c990e7.89 362494a8 433e9c h ???????? 01b /edit/15626003
4c991af.5f 3624942b 433e9c h ???????? 005 /wiki/DeFugee
4c991ea.32 9d372712 6a88e8 h ???????? 002 /robots.txt
4c991f3.47 284da784 6a88e8 h ???????? 026 /
4c99530.f6 42f95987 70a047 h ???????? 003 //rss.rdf
4c99582.8e 734a704c 670234 h ???????? 014 /
4c99583.5b 734a704c 3fa874 h ???????? 001 /user/register
4c99584.24 734a704c 670234 h ???????? 014 /
4c99589.f5 734a704c 670234 h ???????? 001 /rss.php
4c9958f.c0 734a704c 670234 h ???????? 001 /t6nv
4c996b7.f2 d94586b9 399ff9 h ???????? 001 /robots.txt
4c996be.78 d94586b2 399ff9 h ???????? 014 /
4c998c7.86 36249433 433e9c h ???????? 001 /edit/26406001
4c99980.9f b91a5c4a 04f65a h ???????? 001 /robots.txt
4c99980.cd b91a5c4a 04f65a h ???????? 012 /1
4c99a78.ad b44c0f18 a04d28 h ???????? 003 /wiki/DiffusionOfInnovations
4c99b05.1a 42f94050 043937 s ???????? 003 /wiki/NooPolisDe
4c99b55.0f 6883b9e0 670234 h ???????? 014 /
4c99b55.5f 6883b9e0 3fa874 h ???????? 006 /user/register
4c99b55.a7 6883b9e0 670234 h ???????? 011 /
4c99b5a.f4 6883b9e0 670234 h ???????? 001 /rss.php
4c99b60.40 6883b9e0 670234 h ???????? 001 /t6nv
4c99b9c.2d 0d3b0eaa 670234 h ???????? 017 /
4c99b9c.a5 0d3b0eaa 3fa874 h ???????? 002 /user/register
4c99b9d.11 0d3b0eaa 670234 h ???????? 014 /
4c99b9d.85 55f0be14 670234 h ???????? 013 /
4c99b9d.c9 55f0be14 3fa874 h ???????? 002 /user/register
4c99b9e.05 55f0be14 670234 h ???????? 01c /
4c99ba2.94 0d3b0eaa 670234 h ???????? 001 /rss.php
4c99ba3.47 55f0be14 670234 h ???????? 001 /rss.php
4c99ba8.0b 0d3b0eaa 670234 h ???????? 002 /t6nv
4c99ba8.8b 55f0be14 670234 h ???????? 001 /t6nv
4c99bf4.a5 7348b99b 670234 h ???????? 017 /
4c99bf5.38 7348b99b 3fa874 h ???????? 001 /user/register
4c99bf5.c6 7348b99b 670234 h ???????? 015 /
4c99c00.60 7348b99b 670234 h ???????? 002 /t6nv
4c99c2a.73 1b4b2678 670234 h ???????? 014 /
4c99c2b.04 1b4b2678 3fa874 h ???????? 001 /user/register
4c99c2d.64 9c43dce9 670234 h ???????? 012 /
4c99c2d.e1 9c43dce9 3fa874 h ???????? 007 /user/register
4c99c2e.56 9c43dce9 670234 h ???????? 013 /
4c99c33.d4 9c43dce9 670234 h ???????? 001 /rss.php
4c99c39.48 9c43dce9 670234 h ???????? 002 /t6nv
4c99c56.8c 3d3a5d91 670234 h ???????? 018 /
4c99c57.4f 3d3a5d91 3fa874 h ???????? 002 /user/register
4c99c58.0a 3d3a5d91 670234 h ???????? 01b /
4c99c5d.d2 3d3a5d91 670234 h ???????? 002 /rss.php
4c99c63.95 3d3a5d91 670234 h ???????? 001 /t6nv
4c99c64.07 3e8a0019 afa0df h ???????? 002 //robots.txt
4c99c7b.68 746cc101 670234 h ???????? 01a /
4c99c7c.04 746cc101 3fa874 h ???????? 002 /user/register
4c99c7c.9a 746cc101 670234 h ???????? 027 /
4c99c7d.f0 344284d0 670234 h ???????? 018 /
4c99c7e.50 344284d0 3fa874 h ???????? 001 /user/register
4c99c7e.af 344284d0 670234 h ???????? 014 /
4c99c82.42 746cc101 670234 h ???????? 002 /rss.php
4c99c84.18 344284d0 670234 h ???????? 001 /rss.php
4c99c87.dd 746cc101 670234 h ???????? 008 /t6nv
4c99c89.7f 344284d0 670234 h ???????? 002 /t6nv
4c99c9f.78 3626f5e7 670234 h ???????? 01a /
4c99c9f.a0 3626f5e7 3fa874 h ???????? 002 /user/register
4c99c9f.cc 3626f5e7 670234 h ???????? 01c /
4c99ca4.f7 3626f5e7 670234 h ???????? 002 /rss.php
4c99caa.1d 3626f5e7 670234 h ???????? 002 /t6nv
4c99cb8.d1 a7639793 670234 h ???????? 01a /
4c99cb9.2e a7639793 3fa874 h ???????? 002 /user/register
4c99cb9.79 a7639793 670234 h ???????? 015 /
4c99cbb.52 abf9ee3a 670234 h ???????? 014 /
4c99cbb.ef abf9ee3a 3fa874 h ???????? 001 /user/register
4c99cbc.8e abf9ee3a 670234 h ???????? 014 /
4c99cbe.97 be5e87b4 670234 h ???????? 014 /
4c99cbe.d4 a7639793 670234 h ???????? 002 /rss.php
4c99cbf.3a be5e87b4 3fa874 h ???????? 002 /user/register
4c99cbf.cc be5e87b4 670234 h ???????? 015 /
4c99cc2.31 abf9ee3a 670234 h ???????? 002 /rss.php
4c99cc4.27 a7639793 670234 h ???????? 002 /t6nv
4c99cc5.72 be5e87b4 670234 h ???????? 002 /rss.php
4c99cc7.d1 abf9ee3a 670234 h ???????? 002 /t6nv
4c99ccb.21 be5e87b4 670234 h ???????? 002 /t6nv
4c99cd1.dd c1894df1 670234 h ???????? 017 /
4c99cd2.2d c1894df1 3fa874 h ???????? 002 /user/register
4c99cd2.6b c1894df1 670234 h ???????? 020 /
4c99cd7.bd c1894df1 670234 h ???????? 002 /rss.php
4c99cdd.07 c1894df1 670234 h ???????? 003 /t6nv
4c99d1f.81 be5e944c 670234 h ???????? 016 /
4c99d22.98 be5e944c 3fa874 h ???????? 002 /user/register
4c99d26.59 be5e944c 670234 h ???????? 018 /
4c99d2f.02 be5e944c 670234 h ???????? 002 /rss.php
4c99d38.4e be5e944c 670234 h ???????? 002 /t6nv
4c99d48.54 c673501f 670234 h ???????? 01d /
4c99d48.ad c673501f 3fa874 h ???????? 002 /user/register
4c99d49.02 c673501f 670234 h ???????? 01c /
4c99d4a.4e be5e8cf2 670234 h ???????? 01e /
4c99d4b.4e be5e8cf2 3fa874 h ???????? 002 /user/register
4c99d4c.04 be5e8cf2 670234 h ???????? 01c /
4c99d4e.63 c673501f 670234 h ???????? 002 /rss.php
4c99d51.b3 be5e8cf2 670234 h ???????? 002 /rss.php
4c99d53.c1 c673501f 670234 h ???????? 002 /t6nv
4c99d57.a3 be5e8cf2 670234 h ???????? 002 /t6nv
4c99e48.dd 7464a2af 670234 h ???????? 01c /
4c99e49.76 7464a2af 3fa874 h ???????? 002 /user/register
4c99e4a.07 7464a2af 670234 h ???????? 016 /
4c99ea6.91 bed80252 670234 h ???????? 018 /
4c99ea8.47 c9ee9adc 670234 h ???????? 017 /
4c99ea8.f4 c9ee9adc 3fa874 h ???????? 003 /user/register
4c99ea9.97 c9ee9adc 670234 h ???????? 016 /
4c99eaa.57 bed80252 3fa874 h ???????? 002 /user/register
4c99eae.60 bed80252 670234 h ???????? 016 /
4c99eaf.4f c9ee9adc 670234 h ???????? 002 /rss.php
4c99eb4.f4 c9ee9adc 670234 h ???????? 002 /t6nv
4c99eb8.5f bed80252 670234 h ???????? 002 /rss.php
4c99ec2.d2 bed80252 670234 h ???????? 002 /t6nv
4c99f1a.f0 68836bde 670234 h ???????? 017 /
4c99f1b.45 68836bde 3fa874 h ???????? 004 /user/register
4c99f1b.96 68836bde 670234 h ???????? 01b /
4c99f20.f1 68836bde 670234 h ???????? 001 /rss.php
4c99f26.42 68836bde 670234 h ???????? 002 /t6nv
4c9a0cb.5a 5896e4da 6314aa h ???????? 003 //rss.rdf
4c9a0d9.7a 67494212 55c4a0 h ???????? 002 //rss.rdf
4c9a1a8.28 362494cc 433e9c h ???????? 004 /wiki/MindPost
4c9a1b5.53 67e74ee4 44743f h ???????? 002 /cgi-bin/firmware.cgi
4c9a31c.81 36c62dce 95df39 h ???????? 002 /robots.txt
4c9a31c.bd 36c62dce 95df39 h ???????? 497 /memo
4c9a325.90 6fe74cb4 42637e h ???????? 002 /wls-wsat/CoordinatorPortType
4c9a33c.3d 36c62dce 95df39 h ???????? 003 /wiki/AnFang
4c9a33c.7b 36c62dce 95df39 h ???????? 003 /wiki/AnLicht
4c9a366.fd 362494a9 433e9c h ???????? 002 /edit/21576002
4c9a3e6.53 3e8a0019 afa0df h ???????? 002 //robots.txt
4c9a3e8.08 3e8a0019 afa0df h ???????? 003 //wiki/RainerTest
4c9a560.f1 2574264c 670234 h ???????? 018 /
4c9a561.2d 2574264c 3fa874 h ???????? 002 /user/register
4c9a561.6c 5d965e6e 670234 h ???????? 031 /
4c9a561.80 2574264c 670234 h ???????? 018 /
4c9a566.7f 5d965e6e 3fa874 h ???????? 003 /user/register
4c9a566.c6 2574264c 670234 h ???????? 002 /rss.php
4c9a56b.9a 5d965e6e 670234 h ???????? 018 /
4c9a571.28 5d965e6e 670234 h ???????? 002 /rss.php
4c9a572.ee 9f59e24f 670234 h ???????? 018 /
4c9a573.46 9f59e24f 3fa874 h ???????? 003 /user/register
4c9a573.9b 9f59e24f 670234 h ???????? 018 /
4c9a578.fb 9f59e24f 670234 h ???????? 003 /rss.php
4c9a57a.b3 4aca141a 670234 h ???????? 019 /
4c9a57b.25 4aca141a 3fa874 h ???????? 002 /user/register
4c9a57b.8b 4aca141a 670234 h ???????? 018 /
4c9a57e.d5 c35e90d2 670234 h ???????? 019 /
4c9a57f.11 c35e90d2 3fa874 h ???????? 003 /user/register
4c9a57f.52 c35e90d2 670234 h ???????? 01a /
4c9a581.0a 4aca141a 670234 h ???????? 002 /rss.php
4c9a583.92 348a8dba 670234 h ???????? 019 /
4c9a583.d2 348a8dba 3fa874 h ???????? 003 /user/register
4c9a584.0c 348a8dba 670234 h ???????? 019 /
4c9a584.92 c35e90d2 670234 h ???????? 002 /rss.php
4c9a589.4e 348a8dba 670234 h ???????? 003 /rss.php
4c9a58b.09 29e737cc 670234 h ???????? 023 /
4c9a58b.71 29e737cc 3fa874 h ???????? 002 /user/register
4c9a58b.cc 29e737cc 670234 h ???????? 023 /
4c9a590.f3 36bb714c 670234 h ???????? 02d /
4c9a591.1d 29e737cc 670234 h ???????? 002 /rss.php
4c9a591.83 36bb714c 3fa874 h ???????? 002 /user/register
4c9a592.0e 36bb714c 670234 h ???????? 023 /
4c9a595.07 12dd349d 670234 h ???????? 022 /
4c9a596.5d 12dd349d 3fa874 h ???????? 003 /user/register
4c9a597.79 12dd349d 670234 h ???????? 02f /
4c9a597.a3 36bb714c 670234 h ???????? 002 /rss.php
4c9a599.e7 4931e40e 670234 h ???????? 019 /
4c9a59a.61 4931e40e 3fa874 h ???????? 003 /user/register
4c9a59a.d7 4931e40e 670234 h ???????? 01a /
4c9a59d.f8 12dd349d 670234 h ???????? 003 /rss.php
4c9a5a0.79 4931e40e 670234 h ???????? 002 /rss.php
4c9a5a1.16 2d4cd5cf 670234 h ???????? 01e /
4c9a5a1.cb 2d4cd5cf 3fa874 h ???????? 002 /user/register
4c9a5a2.74 2d4cd5cf 670234 h ???????? 01a /
4c9a5a8.22 2d4cd5cf 670234 h ???????? 003 /rss.php
4c9a5a8.9b bca65672 670234 h ???????? 01a /
4c9a5a8.d3 bca65672 3fa874 h ???????? 003 /user/register
4c9a5a9.06 bca65672 670234 h ???????? 01a /
4c9a5ae.40 bca65672 670234 h ???????? 002 /rss.php
4c9a5b1.99 68ec0fcb 670234 h ???????? 01c /
4c9a5b1.f7 68ec0fcb 3fa874 h ???????? 003 /user/register
4c9a5b2.4d 68ec0fcb 670234 h ???????? 01b /
4c9a5b2.b9 a5e36bd9 670234 h ???????? 024 /
4c9a5b3.11 a5e36bd9 3fa874 h ???????? 002 /user/register
4c9a5b3.61 a5e36bd9 670234 h ???????? 025 /
4c9a5b7.a7 68ec0fcb 670234 h ???????? 002 /rss.php
4c9a5b8.be a5e36bd9 670234 h ???????? 003 /rss.php
4c9a5c7.a8 0d7f534a 670234 h ???????? 020 /
4c9a5c8.1c 0d7f534a 3fa874 h ???????? 002 /user/register
4c9a5c8.7d 0d7f534a 670234 h ???????? 023 /
4c9a5cd.ee 0d7f534a 670234 h ???????? 002 /rss.php
4c9a5e5.87 a92f28a4 670234 h ???????? 01b /
4c9a5e5.e9 a92f28a4 3fa874 h ???????? 003 /user/register
4c9a5e6.3f a92f28a4 670234 h ???????? 01e /
4c9a5eb.a5 a92f28a4 670234 h ???????? 002 /rss.php
4c9a5f1.a1 3ab50651 670234 h ???????? 01b /
4c9a5f2.4c 276ed5e3 670234 h ???????? 046 /
4c9a5f2.72 3ab50651 3fa874 h ???????? 003 /user/register
4c9a5f3.45 276ed5e3 3fa874 h ???????? 002 /user/register
4c9a5f3.4b 3ab50651 670234 h ???????? 01d /
4c9a5f4.0c 276ed5e3 670234 h ???????? 027 /
4c9a5f9.58 3ab50651 670234 h ???????? 001 /rss.php
4c9a5f9.d2 276ed5e3 670234 h ???????? 001 /rss.php
4c9a600.b6 be5e90f2 670234 h ???????? 01b /
4c9a602.48 be5e90f2 3fa874 h ???????? 001 /user/register
4c9a603.91 be5e90f2 670234 h ???????? 022 /
4c9a60a.22 be5e90f2 670234 h ???????? 001 /rss.php
4c9a62f.0c 23c4afc1 670234 h ???????? 01a /
4c9a62f.88 23c4afc1 3fa874 h ???????? 002 /user/register
4c9a630.01 23c4afc1 670234 h ???????? 01d /
4c9a630.50 0e8b583a 670234 h ???????? 01b /
4c9a630.ce 0e8b583a 3fa874 h ???????? 002 /user/register
4c9a631.3e 0e8b583a 670234 h ???????? 014 /
4c9a635.87 23c4afc1 670234 h ???????? 001 /rss.php
4c9a636.ba 0e8b583a 670234 h ???????? 002 /rss.php
4c9a867.21 d49342f9 670234 h ???????? 015 /
4c9a867.54 d49342f9 3fa874 h ???????? 002 /user/register
4c9a867.83 d49342f9 670234 h ???????? 01d /
4c9a86c.ba d49342f9 670234 h ???????? 001 /rss.php
4c9acc8.11 42f94054 043937 s ???????? 006 /wiki/GoogleDocs
4c9aceb.13 5519d2ea afa0df h ???????? 009 //robots.txt
4c9acec.f7 5519d2ea afa0df h ???????? 005 //wiki/SeaNation
4c9af5a.8e 26633e5d 99cc80 h ???????? 020 /
4c9b032.f4 33260c17 a397c6 h ???????? 015 /
4c9b4ac.07 36249566 433e9c h ???????? 002 /edit/29326002
4c9b50c.a7 42f95989 70a047 h ???????? 002 //rss.rdf
4c9b5cc.fb 3624956b 433e9c h ???????? 002 /edit/27216004
4c9b5f9.8b 3624944c 433e9c h ???????? 005 /wiki/ObDach
4c9b8b9.b2 5a45581d 670234 h ???????? 017 /
4c9b8ba.2d 5a45581d 3fa874 h ???????? 001 /user/register
4c9b8ba.ae 5a45581d 670234 h ???????? 018 /
4c9b8c0.17 5a45581d 670234 h ???????? 002 /rss.php
4c9b8c5.6c 5a45581d 670234 h ???????? 002 /t6nv
4c9b9d0.3f 369f6280 2baa92 h ???????? 016 /
4c9bb58.e3 9d3727bc 6a88e8 s ???????? 016 /
4c9bca5.a0 d9458554 399ff9 h ???????? 002 /robots.txt
4c9bcaf.c4 d94585d7 399ff9 h ???????? 004 /wiki/ImPrint
4c9be8b.11 42f9404a 043937 h ???????? 002 /robots.txt
4c9be8b.48 42f9404a 043937 h ???????? 00c /wiki/BuergerLich
4c9bf31.3c b44c0f96 a04d28 h ???????? 01f /
4c9c22c.cb 36c62dce 95df39 h ???????? 002 /robots.txt
4c9c22d.01 36c62dce 95df39 h ???????? 007 /wiki/KurzweilShrine
4c9c24b.51 36c62dce 95df39 h ???????? 003 /wiki/SpaceLift
4c9cab3.96 2ea1376a eaf401 s ???????? 002 /_asterisk/
4c9cdc0.9a 6a0b9981 80aeb5 h ???????? 017 /
4c9d04e.0d 42f94052 043937 s ???????? 004 /wiki/AgoraNomic
4c9d200.da 36249420 433e9c h ???????? 003 /edit/31126001
4c9d219.ae d9458554 399ff9 h ???????? 002 /robots.txt
4c9d221.c0 d9458554 399ff9 h ???????? 003 /wiki/AltTraktor
4c9d5c3.24 239cd266 e04f63 h ???????? 002 /robots.txt
4c9d5d1.2b 239cd266 e04f63 h ???????? 003 /wiki/VolksKonto
4c9d6ad.64 42f9598b 70a047 h ???????? 002 //rss.rdf
4c9d789.55 3624956b 433e9c h ???????? 003 /wiki/GustavMahler
4c9d871.2b 12c257ce e04f63 h ???????? 002 /robots.txt
4c9d872.53 12c257ce e04f63 h ???????? 002 /SamenLotto
4c9d889.8d b2086f3e 5ec1d2 s ???????? 017 /
4c9d8cc.93 36249497 433e9c h ???????? 002 /edit/30486001
4c9daa9.30 3624952d 433e9c h ???????? 017 /edit/19436002
4c9e0f5.2c bc285186 7dfab1 h ???????? 002 //rss.jsp
4c9e0f5.60 bc285186 7dfab1 h ???????? 002 //rss.jsp
4c9e19e.b7 d8f442fa 2e51d1 h ???????? 002 //robots.txt
4c9e210.e9 42f94046 043937 h ???????? 003 /wiki/FrankLorenz
4c9e225.5f bc285186 7dfab1 h ???????? 002 //rss.jsp
4c9e225.88 bc285186 7dfab1 h ???????? 002 //rss.jsp
4c9e315.43 33260c17 a397c6 s ???????? 018 /
4c9e4c5.c4 bca5d01d e3b0c4 h ???????? 003 /robots.txt
4c9e4c7.f6 bca5d01d 58771d h ???????? 017 /
4c9e931.51 bc285186 7dfab1 h ???????? 002 //rss.jsp
4c9e931.84 bc285186 7dfab1 h ???????? 002 //rss.jsp
4c9e934.23 bc285186 7dfab1 h ???????? 002 //rss.jsp
4c9e934.56 bc285186 7dfab1 h ???????? 002 //rss.jsp
4c9eb76.14 362494c7 433e9c h ???????? 002 /edit/26426004
4c9ee3a.04 54f2b4fc 0f83be h ???????? 002 //rss.rdf
4c9ee94.0b 345b7498 95df39 h ???????? 002 /robots.txt
4c9eec2.99 362494e4 433e9c h ???????? 003 /edit/23666003
4c9f003.de 36c62dce 95df39 h ???????? 002 /robots.txt
4c9f004.19 36c62dce 95df39 h ???????? 003 /wiki/LockOffice
4c9f022.6d 36c62dce 95df39 h ???????? 003 /wiki/LockCoupon
4c9f19c.dd 92b9df8f 6752e8 h ???????? 003 /wiki/rainerwasserfuhr/
4c9f3d4.29 42f94050 043937 s ???????? 004 /wiki/DownAndOut
4c9f3fd.d5 42f95987 70a047 h ???????? 002 //rss.rdf
4c9f7f5.f4 4e2e2319 7dfab1 h ???????? 002 //rss.jsp
4c9f7f6.1f 4e2e2319 7dfab1 h ???????? 002 //rss.jsp
4c9f81d.5e bca5c419 e3b0c4 h ???????? 002 /robots.txt
4c9f81f.9b bca5c419 76fdb3 h ???????? 01c /
4c9f84a.b0 5b5395da 670234 h ???????? 018 /
4c9f84e.24 5b5395da 670234 h ???????? 019 /
4c9f851.86 5b5395da 670234 h ???????? 019 /
