4c8017b.5f 36c62dce 95df39 h ???????? 005 /robots.txt
4c80199.ee 36c62dce 95df39 h ???????? 007 /AlphaCat
4c80252.b5 36433b83 c8c944 h ???????? 031 /
4c80342.f4 5f6cb561 e4b041 h ???????? 09c /
4c80396.34 3624941a 433e9c h ???????? 006 /edit/21786001
4c80402.13 c0a9e247 646bf4 h ???????? 034 /
4c8040c.c7 c0a9e247 646bf4 h ???????? 006 /script
4c80414.d7 c0a9e247 646bf4 h ???????? 006 /jenkins/script
4c80418.9c c0a9e247 646bf4 h ???????? 005 /login
4c8041d.44 c0a9e247 646bf4 h ???????? 005 /jmx-console
4c80426.20 c0a9e247 646bf4 h ???????? 030 /
4c8042d.1d c0a9e247 646bf4 h ???????? 033 /
4c80435.77 c0a9e247 646bf4 h ???????? 005 /manager/html
4c80439.aa c0a9e247 646bf4 h ???????? 032 /
4c80444.67 c0a9e247 646bf4 h ???????? 02f /
4c8044d.52 c0a9e247 646bf4 h ???????? 006 /msd
4c80453.9c c0a9e247 646bf4 h ???????? 006 /mySqlDumper
4c8045a.d4 c0a9e247 646bf4 h ???????? 006 /msd1.24stable
4c8045f.39 d9acb7b1 b28cfa h ???????? 005 /user/register
4c80468.63 c0a9e247 646bf4 h ???????? 005 /msd1.24.4
4c8046a.19 c0a9e247 646bf4 h ???????? 005 /mysqldumper
4c8046e.80 c0a9e247 646bf4 h ???????? 006 /MySQLDumper
4c8047c.11 c0a9e247 646bf4 h ???????? 006 /mysql
4c80487.c0 c0a9e247 646bf4 h ???????? 005 /sql
4c80491.73 c0a9e247 646bf4 h ???????? 006 /phpmyadmin
4c804a1.9f c0a9e247 646bf4 h ???????? 005 /phpMyAdmin
4c804a9.a8 c0a9e247 646bf4 h ???????? 005 /mysql
4c804b9.0f c0a9e247 646bf4 h ???????? 005 /sql
4c804c4.05 c0a9e247 646bf4 h ???????? 006 /myadmin
4c804cc.42 c0a9e247 646bf4 h ???????? 005 /phpMyAdmin-4.2.1-all-languages
4c804d4.1d c0a9e247 646bf4 h ???????? 005 /phpMyAdmin-4.2.1-english
4c804de.18 c0a9e247 646bf4 h ???????? 033 /
4c804ff.e0 c0a9e247 646bf4 h ???????? 005 /SQLite/SQLiteManager-1.2.4/main.php
4c80506.74 c0a9e247 646bf4 h ???????? 005 /SQLiteManager-1.2.4/main.php
4c8050d.99 c0a9e247 646bf4 h ???????? 006 /sqlitemanager/main.php
4c80515.c9 c0a9e247 646bf4 h ???????? 005 /SQlite/main.php
4c8051a.3f c0a9e247 646bf4 h ???????? 007 /SQLiteManager/main.php
4c8054a.2c 36249568 433e9c h ???????? 009 /wiki/GarryKasparov
4c80594.7a 362494e4 433e9c h ???????? 006 /edit/23456003
4c805a1.51 d8f442e3 2e51d1 h ???????? 006 //robots.txt
4c80998.ed 65fe95e2 aaa5a7 h ???????? 006 /manager/html
4c80b64.14 4706cac6 aadf09 h ???????? 007 /ccvv
4c80c11.fe cf2e0db9 6a88e8 h ???????? 00b /wiki/KabiNett
4c80d73.8a bc6a3bdf ea3c0a h ???????? 09c /
4c80d78.65 bc6a3bdf ea3c0a h ???????? 009 /alive/4
4c80d78.71 bc6a3bdf ea3c0a h ???????? 005 /feel/4
4c80d7c.63 bc6a3bdf ea3c0a h ???????? 006 /alive/8
4c80d7c.73 bc6a3bdf ea3c0a h ???????? 005 /feel/8
4c80d84.66 bc6a3bdf ea3c0a h ???????? 0b6 /alive/10
4c80d84.8e bc6a3bdf ea3c0a h ???????? 03d /feel/10
4c80e0c.09 cf2e0d9a 6a88e8 s ???????? 038 /
4c80e93.3f d8f442fa 2e51d1 h ???????? 009 /robots.txt
4c80e93.3d d8f442fa 2e51d1 h ???????? 00e //robots.txt
4c80ecd.cf 36249492 433e9c h ???????? 009 /wiki/AcCelerate
4c80eea.53 36249547 433e9c h ???????? 009 /wiki/ThorstenPrante
4c8107f.21 42f94054 043937 s ???????? 009 /wiki/OpenSource
4c8111a.4c 42f9598b 70a047 h ???????? 006 //rss.rdf
4c8124f.50 d8f442e3 2e51d1 h ???????? 006 //robots.txt
4c81278.32 bc6a3bdf ea3c0a h ???????? 033 /
4c813f2.c9 bca6bb03 7a8d82 h ???????? 006 /CHANGELOG.txt
4c813f4.ba bca6bb03 7a8d82 h ???????? 006 /license.txt
4c813f7.af bca6bb03 7a8d82 h ???????? 006 /README.txt
4c813f9.58 bca6bb03 7a8d82 h ???????? 005 /media/system/js/core.js
4c813fa.d9 bca6bb03 7a8d82 h ???????? 036 /
4c813fc.6d bca6bb03 7a8d82 h ???????? 034 /
4c813fe.27 bca6bb03 7a8d82 h ???????? 006 /README.txt
4c813ff.99 bca6bb03 7a8d82 h ???????? 033 /
4c81402.73 bca6bb03 7a8d82 h ???????? 032 /
4c81404.6f bca6bb03 7a8d82 h ???????? 034 /
4c81406.05 bca6bb03 7a8d82 h ???????? 031 /
4c81407.aa bca6bb03 7a8d82 h ???????? 032 /
4c81409.3b bca6bb03 7a8d82 h ???????? 035 /
4c8140a.bd bca6bb03 7a8d82 h ???????? 006 /js/admin.js
4c8140c.59 bca6bb03 7a8d82 h ???????? 03a /
4c8140d.d3 bca6bb03 7a8d82 h ???????? 035 /
4c81688.bd b495f036 e6e855 h ???????? 006 /cgi-bin/php
4c8168b.e2 b495f036 e6e855 h ???????? 005 /cgi-bin/php5
4c8168f.f0 b495f036 e6e855 h ???????? 006 /cgi-bin/php.cgi
4c81691.08 b495f036 e6e855 h ???????? 006 /cgi-bin/php4
4c81696.22 b495f036 e6e855 h ???????? 006 /cgi-bin/test.cgi
4c816a3.5b cf2e0d32 6a88e8 h ???????? 009 /wiki/ImMortal
4c819bf.d5 bce94749 3a5a31 h ???????? 04a /
4c81a2a.2a 36249556 433e9c h ???????? 00a /wiki/MitGift
4c81d0b.40 3624951e 433e9c h ???????? 006 /edit/27116001
4c81e4d.5c 36249468 433e9c h ???????? 009 /wiki/RalfLippold
4c81ea2.82 d8f442e3 2e51d1 h ???????? 007 //robots.txt
4c81eed.ca b90a44e3 24f16f s ???????? 010 /
4c81f3f.42 5d735fce cc9bbb h ???????? 01c /
4c81f81.ee cf2e0d32 6a88e8 s ???????? 014 /
4c81fcd.08 9d37278c 6a88e8 h ???????? 002 /wiki/NuttenFruehstueck
4c8211c.cc b9dc64fd cc9bbb h ???????? 013 /
4c82241.c1 42f94046 043937 h ???????? 003 /wiki/GooglePlus
4c8229a.04 36c62dce 95df39 h ???????? 00b /robots.txt
4c8229a.54 36c62dce 95df39 h ???????? 003 /wiki/TwentyFirstCentury
4c822b8.a0 36c62dce 95df39 h ???????? 003 /wiki/EmotivEpoc
4c825c3.bb 3624943e 433e9c h ???????? 001 /edit/30966002
4c82829.08 3e9c0f98 270e8b h ???????? 01c /
4c8282b.57 3e9c0f98 270e8b s ???????? 080 /hls
4c8282d.cb 3e9c0f98 270e8b h ???????? 002 /alive/
4c82830.33 3e9c0f98 270e8b h ???????? 001 /feel/
4c82832.ae 3e9c0f98 270e8b h ???????? 002 /wiki/GottfriedWilhelmLeibniz
4c82842.55 3e9c0f98 270e8b h ???????? 002 /wiki/AlanTuring
4c82bbd.e8 d8f442e3 2e51d1 h ???????? 001 //robots.txt
4c82c8e.7e b44c0f14 a04d28 h ???????? 012 /
4c82e58.d6 42f9598b 70a047 h ???????? 002 //rss.rdf
4c82fb2.e4 3e8a0019 afa0df h ???????? 001 //robots.txt
4c82fb6.d2 3e8a0019 afa0df h ???????? 019 /
4c830d2.6d 3624949a 433e9c h ???????? 002 /edit/23376002
4c83404.c9 42f94046 043937 h ???????? 003 /wiki/MapTheMind
4c83483.19 362494a5 433e9c h ???????? 002 /wiki/DbLp
4c837cb.db 9d3727fb 6a88e8 h ???????? 014 /
4c83d8b.45 9d37278c 6a88e8 h ???????? 014 /
4c83e65.85 36249549 433e9c h ???????? 002 /noo
4c83f1f.01 68ec5123 7f9181 h ???????? 004 /robots.txt
4c83f1f.3b 3624953b 433e9c h ???????? 002 /edit/27596001
4c83f45.ce 42f94054 043937 s ???????? 003 /wiki/TotesHolz
4c83f69.47 42f9404a 043937 h ???????? 002 /wiki/SaschaLobo
4c83fa2.72 42f94052 043937 s ???????? 003 /wiki/PerlNomic
4c83fd7.fc 42f94052 043937 s ???????? 002 /wiki/ThinkTank
4c8400d.57 42f94050 043937 s ???????? 002 /wiki/RegioGeld
4c8402f.cd a7630359 7f9181 h ???????? 002 /robots.txt
4c84060.1b d8f442e3 2e51d1 h ???????? 001 //robots.txt
4c8443e.3f 362494d2 433e9c h ???????? 002 /edit/29146006
4c84501.6e 23bdc80d 43c310 h ???????? 01b /
4c849a6.b6 42f94052 043937 s ???????? 002 /wiki/FgkEW1uA2
4c849fc.b3 5f6cb561 e4b041 h ???????? 001 /robots.txt
4c84a00.80 5f6cb561 e4b041 h ???????? 01a /
4c84a74.98 5f6cb561 e4b041 h ???????? 015 /
4c84a74.ef 8d088e98 e4b041 s ???????? 002 /robots.txt
4c84a78.c7 5f6cb561 e4b041 s ???????? 014 /
4c84aaa.48 42f95989 70a047 h ???????? 001 //rss.rdf
4c84ac0.da 362494a0 433e9c h ???????? 002 /feed
4c84c34.e6 3624952e 433e9c h ???????? 029 /edit/17356004
4c8573b.3f 36249534 433e9c h ???????? 002 /edit/27386007
4c859c8.16 26633e5d 99cc80 h ???????? 02c /
4c85b68.f6 42f94046 043937 h ???????? 002 /robots.txt
4c85b69.48 42f9404a 043937 h ???????? 002 /wiki/IsabelJohn
4c85c1e.e0 cf2e0d9a 6a88e8 s ???????? 014 /
4c85d23.8c cf2e0d13 6a88e8 h ???????? 002 /wiki/CabiNet
4c85d9e.ab 2ea1376a eaf401 s ???????? 002 /_asterisk/
4c8621a.b2 113a676c 4d4314 h ???????? 002 //robots.txt
4c8621b.22 113a676c 4d4314 h ???????? 002 /robots.txt
4c8621b.67 113a676c 4d4314 h ???????? 003 //wiki/RainerTest
4c862aa.fb b44c0f09 a04d28 h ???????? 003 /wiki/MindZip
4c86636.b0 23bb8415 71f2b9 s ???????? 003 /bcHead
4c8667a.d4 362494aa 433e9c h ???????? 003 /edit/22476002
4c86789.5a 42f95989 70a047 h ???????? 003 //rss.rdf
4c867c7.26 cf2e0d13 6a88e8 h ???????? 003 /wiki/AudiVision
4c86d2b.cc 42f9404a 043937 h ???????? 005 /wiki/FriendLess
4c86ef3.bb 36249427 433e9c h ???????? 004 /wiki/SommerSchwatz
4c8792a.1b 3624947b 433e9c h ???????? 002 /edit/30936002
4c879ef.7f d8f442e3 2e51d1 h ???????? 003 //robots.txt
4c87b68.1e 8677da16 a9f236 h ???????? 002 /wiki/RainerWasserfuhr
4c87ddd.97 4246b66f 702dd8 s ???????? 13c3 /age
4c87eee.d0 42f94048 043937 h ???????? 002 /wiki/RoterFaden
4c8802b.75 bc442a94 d0756d h ???????? 01c /
4c8802b.a2 bc442a94 64afed h ???????? 01a /
4c8816d.ab 9b5ede0c ef60d6 s ???????? 015 /
4c882c7.6c 9d3727d2 6a88e8 s ???????? 016 /
4c88472.9c d94586c8 399ff9 h ???????? 002 /robots.txt
4c88485.4e d94586b1 399ff9 h ???????? 003 /wiki/RealFilm
4c88546.7f 113a676c 4d4314 h ???????? 002 //robots.txt
4c88547.3a 113a676c 4d4314 h ???????? 002 //wiki/LockSchuppenDe
4c887b2.b6 b44c0f93 a04d28 h ???????? 002 /BollekeFarm
4c88871.da d94586b9 399ff9 h ???????? 002 /robots.txt
4c88880.b3 d94586bc 399ff9 h ???????? 002 /sitemap.xml
4c88901.65 42f9598d 70a047 h ???????? 002 //rss.rdf
4c88a0e.7a 3624942f 433e9c h ???????? 003 /im
4c88adc.90 bbb7d0d9 32c7bf h ???????? 002 /hndUnblock.cgi
4c88adf.87 bbb7d0d9 32c7bf h ???????? 002 /hndUnblock.cgi
4c88ae2.ba bbb7d0d9 32c7bf h ???????? 002 /moo
4c88ae5.9a bbb7d0d9 32c7bf h ???????? 016 /
4c89090.6b bc285186 7dfab1 h ???????? 002 //rss.jsp
4c89090.b3 bc285186 7dfab1 h ???????? 006 //rss.jsp
4c890b1.c9 42f9404a 043937 h ???????? 003 /wiki/RodneyKing
4c892c2.32 bc285186 7dfab1 h ???????? 002 //rss.jsp
4c892c2.61 bc285186 7dfab1 h ???????? 002 //rss.jsp
4c8990a.c2 9d37276d 6a88e8 h ???????? 021 /
4c899e5.61 bc285186 7dfab1 h ???????? 002 //rss.jsp
4c899e5.92 bc285186 7dfab1 h ???????? 002 //rss.jsp
4c899ec.c2 bc285186 7dfab1 h ???????? 002 //rss.jsp
4c899ec.ea bc285186 7dfab1 h ???????? 002 //rss.jsp
4c89bcc.0c d9458505 399ff9 h ???????? 002 /robots.txt
4c89bd6.cc d94585cb 399ff9 h ???????? 003 /wiki/MindPost
4c8a275.19 42f94050 043937 s ???????? 002 /robots.txt
4c8a275.b2 42f94054 043937 s ???????? 004 /wiki/BanKiMoon
4c8a2c4.58 42f9598b 70a047 h ???????? 002 /rss.rdf
4c8a347.a8 d94586ae 399ff9 h ???????? 002 /robots.txt
4c8a35c.0d d9458509 399ff9 h ???????? 002 /sitemap.xml
4c8a54b.63 42f95989 70a047 h ???????? 003 //rss.rdf
4c8a5b7.48 42f94054 043937 s ???????? 004 /wiki/UnTil2012
4c8a5e2.9c 42f94052 043937 s ???????? 003 /wiki/JensBemme
4c8a60a.fb 42f94052 043937 s ???????? 004 /wiki/AtomKraft
4c8a62b.6b 42f94050 043937 s ???????? 008 /wiki/PostTower
4c8a641.f8 42f94048 043937 h ???????? 003 /wiki/BrainStorm
4c8a898.19 c7656545 4ac579 h ???????? 003 //rss.rdf
4c8a8a3.88 4e2e2319 7dfab1 h ???????? 002 //rss.jsp
4c8a8a3.b0 4e2e2319 7dfab1 h ???????? 002 //rss.jsp
4c8a8ba.8c 68df40ce 45378f h ???????? 003 //rss.rdf
4c8a941.6d 0585b70e bbc470 h ???????? 002 //rss.rdf
4c8a945.03 5896e4da e28161 h ???????? 002 //rss.rdf
4c8ab29.7f 97502791 433e9c h ???????? 002 /robots.txt
4c8accd.d7 23bb8411 71f2b9 s ???????? 003 /bcHead
4c8b191.00 bf640908 670234 h ???????? 01b /
4c8b193.d3 bf640908 3fa874 h ???????? 002 /user/register
4c8b196.91 bf640908 670234 h ???????? 017 /
4c8b19e.7d bf640908 670234 h ???????? 002 /rss.php
4c8b1a5.de bf640908 670234 h ???????? 002 /t6nv
4c8b2d8.d4 9d372771 6a88e8 s ???????? 019 /
4c8b37b.06 3624942a 433e9c h ???????? 002 /edit/21706001
4c8b41e.26 42f94052 043937 s ???????? 004 /wiki/KissOlogy
4c8b445.a8 9750278f 433e9c h ???????? 002 /robots.txt
4c8b54b.e7 36249480 433e9c h ???????? 002 /edit/27536001
4c8b56f.ab 3624948e 433e9c h ???????? 002 /edit/20526001
4c8b909.c4 2e043a82 028fc4 h ???????? 002 /robots.txt
4c8b90c.ed 2e043a82 028fc4 h ???????? 003 /wiki/MarkGraban
4c8b912.f8 2e043a82 028fc4 h ???????? 003 /wiki/MarkPesce
4c8b917.d9 2e043a82 028fc4 h ???????? 004 /wiki/MarkPincus
4c8b91d.16 2e043a82 028fc4 h ???????? 003 /wiki/MarkTrappmann
4c8b922.57 2e043a82 028fc4 h ???????? 004 /wiki/MarkZuckerberg
4c8b927.4e 2e043a82 028fc4 h ???????? 004 /wiki/MarktHalle
4c8b92c.53 2e043a82 028fc4 h ???????? 004 /wiki/MarktJagd
4c8b931.27 2e043a82 028fc4 h ???????? 004 /wiki/MarktLeipzig
4c8b937.11 2e043a82 028fc4 h ???????? 004 /wiki/MarkusFix
4c8b93c.22 2e043a82 028fc4 h ???????? 003 /wiki/MarkusWacker
4c8b940.d1 2e043a82 028fc4 h ???????? 004 /wiki/MarkwartFaussner
4c8b946.0a 2e043a82 028fc4 h ???????? 003 /wiki/MarshallBrain
4c8b94a.e5 2e043a82 028fc4 h ???????? 004 /wiki/MartinBredl
4c8b950.12 2e043a82 028fc4 h ???????? 006 /wiki/MartinDoermann
4c8b955.3e 2e043a82 028fc4 h ???????? 005 /wiki/MartinFischer
4c8b95a.3a 2e043a82 028fc4 h ???????? 005 /wiki/MartinGrothe
4c8b95f.78 2e043a82 028fc4 h ???????? 004 /wiki/MartinKoser
4c8b964.ad 2e043a82 028fc4 h ???????? 005 /wiki/MartinRoell
4c8b96a.2d 2e043a82 028fc4 h ???????? 004 /wiki/MaryCatherineBateson
4c8b96f.99 2e043a82 028fc4 h ???????? 004 /wiki/MichaelWilson
4c8b974.d5 2e043a82 028fc4 h ???????? 003 /wiki/MichaelWinkler
4c8b977.ce 2e043a82 028fc4 h ???????? 002 /robots.txt
4c8b97a.c1 2e043a82 028fc4 h ???????? 006 /wiki/RobCarlson
4c8b97f.dd 2e043a82 028fc4 h ???????? 004 /wiki/RobOt
4c8b983.08 2e043a82 028fc4 h ???????? 002 /robots.txt
4c8b986.20 2e043a82 028fc4 h ???????? 005 /wiki/UnternehmerForum
4c8b989.13 2e043a82 028fc4 h ???????? 002 /robots.txt
4c8b98c.47 2e043a82 028fc4 h ???????? 004 /wiki/HaikoHebig
4c8b991.5b 2e043a82 028fc4 h ???????? 006 /wiki/HechtFest
4c8b996.68 2e043a82 028fc4 h ???????? 004 /wiki/SchoolOfEverything
4c8b999.80 2e043a82 028fc4 h ???????? 002 /robots.txt
4c8b99c.d2 2e043a82 028fc4 h ???????? 004 /wiki/VoyagerGoldenRecord
4c8b9a1.66 05275551 e3b0c4 h ???????? 003 /robots.txt
4c8b9a1.e6 2e043a82 028fc4 h ???????? 004 /wiki/WikiSd
4c8b9a3.9b 05275551 f22684 h ???????? 020 /
4c8b9a5.09 2e043a82 028fc4 h ???????? 003 /robots.txt
4c8b9a8.1d 2e043a82 028fc4 h ???????? 004 /wiki/FilippoTommasoMarinetti
4c8b9ad.12 2e043a82 028fc4 h ???????? 005 /wiki/FlorianMatthes
4c8b9b2.3a 2e043a82 028fc4 h ???????? 004 /wiki/FlorianVogelmaier
4c8b9b7.8c 2e043a82 028fc4 h ???????? 005 /wiki/FosterSchucker
4c8b9bf.68 2e043a82 028fc4 h ???????? 004 /wiki/FosterSchucker
4c8b9c7.2c 2e043a82 028fc4 h ???????? 004 /wiki/FrancoisBry
4c8b9cc.72 2e043a82 028fc4 h ???????? 004 /wiki/FritzWysotzki
4c8b9d1.b5 2e043a82 028fc4 h ???????? 004 /wiki/GlasHuette
4c8b9d6.d9 2e043a82 028fc4 h ???????? 004 /wiki/GunterHellmann
4c8b9dc.2c 2e043a82 028fc4 h ???????? 004 /wiki/JosephVonFraunhofer
4c8b9e1.04 2e043a82 028fc4 h ???????? 004 /wiki/JozsefMindszenty
4c8b9e6.55 2e043a82 028fc4 h ???????? 004 /wiki/JuliaBonk
4c8b9eb.71 2e043a82 028fc4 h ???????? 004 /wiki/JuniorenFirma
4c8b9f0.5b 2e043a82 028fc4 h ???????? 004 /wiki/JyvasKyla
4c8b9f5.e0 2e043a82 028fc4 h ???????? 006 /wiki/KarlBeucke
4c8b9fa.e5 2e043a82 028fc4 h ???????? 004 /wiki/KarlFisch
4c8b9ff.d9 2e043a82 028fc4 h ???????? 004 /wiki/KatharinenStrasse1
4c8ba05.04 2e043a82 028fc4 h ???????? 004 /wiki/KaufLand4180
4c8ba0a.1c 2e043a82 028fc4 h ???????? 004 /wiki/KellerFamily
4c8ba0f.97 2e043a82 028fc4 h ???????? 004 /wiki/KennethEBoulding
4c8ba14.ba 2e043a82 028fc4 h ???????? 004 /wiki/KlausDaessler
4c8ba19.b8 2e043a82 028fc4 h ???????? 004 /wiki/KronenBaeckerei
4c8ba1e.bc 2e043a82 028fc4 h ???????? 004 /wiki/LangNachtDerWissenschaften
4c8ba23.bf 2e043a82 028fc4 h ???????? 004 /wiki/LeanBrainManagement
4c8ba28.ed 2e043a82 028fc4 h ???????? 004 /wiki/ReinforcementLearning
4c8ba2d.c6 2e043a82 028fc4 h ???????? 004 /wiki/ReinhardKeilSlawik
4c8ba32.c8 2e043a82 028fc4 h ???????? 004 /wiki/ReinoDeEspana
4c8ba37.cc 2e043a82 028fc4 h ???????? 004 /wiki/ResourceDescriptionFramework
4c8ba3c.f0 2e043a82 028fc4 h ???????? 004 /wiki/RichardCyganiak
4c8ba42.2a 2e043a82 028fc4 h ???????? 004 /wiki/RichardStrauss
4c8ba47.2f 2e043a82 028fc4 h ???????? 004 /wiki/RichardWasserfuhr
4c8ba4c.5d 2e043a82 028fc4 h ???????? 004 /wiki/RichardWasserfuhr
4c8ba51.56 2e043a82 028fc4 h ???????? 005 /wiki/RitaRodin
4c8ba56.5c 2e043a82 028fc4 h ???????? 004 /wiki/RitchiePettauer
4c8ba5b.8c 2e043a82 028fc4 h ???????? 004 /wiki/RobertEndreTarjan
4c8ba60.a0 2e043a82 028fc4 h ???????? 004 /wiki/RobertHechtNielsen
4c8ba65.4f 2e043a82 028fc4 h ???????? 004 /wiki/RobertWeichert
4c8ba6a.71 2e043a82 028fc4 h ???????? 004 /wiki/RobinMilner
4c8ba6f.75 2e043a82 028fc4 h ???????? 004 /wiki/RokoMijic
4c8ba74.e0 2e043a82 028fc4 h ???????? 004 /wiki/RomySchneider
4c8ba79.f8 2e043a82 028fc4 h ???????? 004 /wiki/RonEckhardt
4c8ba7f.10 2e043a82 028fc4 h ???????? 006 /wiki/RonEckhardt
4c8ba83.e6 2e043a82 028fc4 h ???????? 004 /wiki/RonSun
4c8ba88.ff 2e043a82 028fc4 h ???????? 006 /wiki/RubenBohnet
4c8ba8e.40 2e043a82 028fc4 h ???????? 005 /wiki/RubenBohnet
4c8ba93.18 2e043a82 028fc4 h ???????? 004 /wiki/SamPa
4c8ba98.2d 2e043a82 028fc4 h ???????? 006 /wiki/SandraBlakeslee
4c8ba9d.49 2e043a82 028fc4 h ???????? 005 /wiki/SarSa
4c8baa2.6e 2e043a82 028fc4 h ???????? 005 /wiki/SchloesserNacht
4c8baa7.98 2e043a82 028fc4 h ???????? 005 /wiki/SchlossNickern
4c8baac.5e 2e043a82 028fc4 h ???????? 005 /wiki/SchwarzMarkt
4c8bab1.94 2e043a82 028fc4 h ???????? 005 /wiki/SchwarzMarkt
4c8bab6.68 2e043a82 028fc4 h ???????? 005 /wiki/SchwarzMarkt
4c8babb.54 2e043a82 028fc4 h ???????? 004 /wiki/ScottMonty
4c8bb86.6d 9750278f 433e9c h ???????? 002 //robots.txt
4c8bc26.3c 97502791 433e9c h ???????? 003 /t/robots.txt
4c8bdfe.89 d8f442c6 2e51d1 h ???????? 003 /robots.txt
4c8c234.2d 42f9598b 70a047 h ???????? 003 //rss.rdf
4c8c5e1.0c 42f94052 043937 s ???????? 005 /wiki/MarriedTo
4c8c5f8.0f 36c62dce 95df39 h ???????? 003 /robots.txt
4c8c5f8.82 36c62dce 95df39 h ???????? 002 /AlphaLabs
4c8c81a.8e 9d3727d2 6a88e8 s ???????? 024 /
4c8c9b0.22 cc0ce21a 028fc4 h ???????? 004 //robots.txt
4c8c9bb.d1 cc0ce21a 028fc4 h ???????? 003 //rss.jsp
4c8c9c5.00 cc0ce21a 028fc4 h ???????? 004 //rss.jsp
4c8c9d1.38 cc0ce21a 028fc4 h ???????? 003 //rss.jsp
4c8c9da.e3 cc0ce21a 028fc4 h ???????? 003 //rss.jsp
4c8c9e5.02 cc0ce21a 028fc4 h ???????? 003 //rss.jsp
4c8c9ef.e6 cc0ce21a 028fc4 h ???????? 004 //rss.jsp
4c8c9fa.22 cc0ce21a 028fc4 h ???????? 003 //rss.jsp
4c8ca02.93 cc0ce21a 028fc4 h ???????? 003 //rss.jsp
4c8ca0d.4f cc0ce21a 028fc4 h ???????? 003 //rss.jsp
4c8ca17.71 cc0ce21a 028fc4 h ???????? 004 //rss.jsp
4c8ca21.82 cc0ce21a 028fc4 h ???????? 003 //rss.jsp
4c8ca2b.6c cc0ce21a 028fc4 h ???????? 003 //rss.jsp
4c8ca35.59 cc0ce21a 028fc4 h ???????? 003 //rss.jsp
4c8ca3f.87 cc0ce21a 028fc4 h ???????? 005 //rss.jsp
4c8ca49.f9 cc0ce21a 028fc4 h ???????? 003 //rss.jsp
4c8ca54.86 cc0ce21a 028fc4 h ???????? 003 //rss.jsp
4c8ca61.78 cc0ce21a 028fc4 h ???????? 003 //rss.jsp
4c8ca6c.38 cc0ce21a 028fc4 h ???????? 003 //rss.jsp
4c8ca77.49 cc0ce21a 028fc4 h ???????? 003 //rss.jsp
4c8ca80.54 cc0ce21a 028fc4 h ???????? 005 //rss.jsp
4c8ca89.88 cc0ce21a 028fc4 h ???????? 003 //rss.jsp
4c8ca94.47 cc0ce21a 028fc4 h ???????? 003 //rss.jsp
4c8ca9f.03 cc0ce21a 028fc4 h ???????? 004 //rss.jsp
4c8caab.05 cc0ce21a 028fc4 h ???????? 005 //rss.jsp
4c8cab6.4c cc0ce21a 028fc4 h ???????? 003 //rss.jsp
4c8cac1.1f cc0ce21a 028fc4 h ???????? 003 //rss.jsp
4c8cacb.10 cc0ce21a 028fc4 h ???????? 004 //rss.jsp
4c8cad3.ad cc0ce21a 028fc4 h ???????? 004 //rss.jsp
4c8cade.26 cc0ce21a 028fc4 h ???????? 003 //rss.jsp
4c8cae7.ef cc0ce21a 028fc4 h ???????? 003 //rss.jsp
4c8caef.72 cc0ce21a 028fc4 h ???????? 004 //rss.jsp
4c8caf7.ae cc0ce21a 028fc4 h ???????? 003 //rss.jsp
4c8cb02.4e cc0ce21a 028fc4 h ???????? 003 //rss.jsp
4c8cb0a.d8 cc0ce21a 028fc4 h ???????? 003 //rss.jsp
4c8cb13.46 cc0ce21a 028fc4 h ???????? 003 //rss.jsp
4c8cb1b.07 cc0ce21a 028fc4 h ???????? 003 //rss.jsp
4c8cb24.f6 cc0ce21a 028fc4 h ???????? 003 //rss.jsp
4c8cb30.60 cc0ce21a 028fc4 h ???????? 003 //rss.jsp
4c8cb39.6f cc0ce21a 028fc4 h ???????? 003 //rss.jsp
4c8cb42.89 cc0ce21a 028fc4 h ???????? 003 //rss.jsp
4c8cb4b.4b cc0ce21a 028fc4 h ???????? 003 //rss.jsp
4c8cb54.08 cc0ce21a 028fc4 h ???????? 004 //rss.jsp
4c8cb5d.fb cc0ce21a 028fc4 h ???????? 003 //rss.jsp
4c8cb67.af cc0ce21a 028fc4 h ???????? 004 //rss.jsp
4c8cb70.af cc0ce21a 028fc4 h ???????? 003 //rss.jsp
4c8cb79.bb cc0ce21a 028fc4 h ???????? 003 //rss.jsp
4c8cb82.3a cc0ce21a 028fc4 h ???????? 003 //rss.jsp
4c8cb8a.12 cc0ce21a 028fc4 h ???????? 004 //rss.jsp
4c8cb92.e9 cc0ce21a 028fc4 h ???????? 003 //rss.jsp
4c8cb9b.95 cc0ce21a 028fc4 h ???????? 004 //rss.jsp
4c8cba3.10 cc0ce21a 028fc4 h ???????? 003 //rss.jsp
4c8cbaa.c1 cc0ce21a 028fc4 h ???????? 004 //rss.jsp
4c8cbb2.d9 cc0ce21a 028fc4 h ???????? 003 //rss.jsp
4c8cbbb.57 cc0ce21a 028fc4 h ???????? 003 //rss.jsp
4c8cbc3.30 cc0ce21a 028fc4 h ???????? 004 //rss.jsp
4c8cbca.a9 cc0ce21a 028fc4 h ???????? 002 //rss.jsp
4c8cbd3.27 cc0ce21a 028fc4 h ???????? 001 //rss.jsp
4c8cbe1.7b cc0ce21a 028fc4 h ???????? 001 //rss.jsp
4c8cbea.01 cc0ce21a 028fc4 h ???????? 002 //rss.jsp
4c8cbf1.82 cc0ce21a 028fc4 h ???????? 002 //rss.jsp
4c8cbfa.b2 cc0ce21a 028fc4 h ???????? 001 //rss.jsp
4c8cc04.cd cc0ce21a 028fc4 h ???????? 001 //rss.jsp
4c8cc0d.b3 cc0ce21a 028fc4 h ???????? 002 //rss.jsp
4c8cc17.6c bc286647 7dfab1 h ???????? 009 //rss.jsp
4c8cc17.90 bc286647 7dfab1 h ???????? 002 //rss.jsp
4c8cc18.82 cc0ce21a 028fc4 h ???????? 002 //rss.jsp
4c8cc22.96 cc0ce21a 028fc4 h ???????? 002 //rss.jsp
4c8cc2d.ab cc0ce21a 028fc4 h ???????? 001 //rss.jsp
4c8cc37.40 cc0ce21a 028fc4 h ???????? 002 //rss.jsp
4c8cc40.66 cc0ce21a 028fc4 h ???????? 002 //rss.jsp
4c8cc47.d8 cc0ce21a 028fc4 h ???????? 001 //rss.jsp
4c8cc52.09 cc0ce21a 028fc4 h ???????? 001 //rss.jsp
4c8cc5c.36 cc0ce21a 028fc4 h ???????? 007 //rss.jsp
4c8cc66.0f cc0ce21a 028fc4 h ???????? 001 //rss.jsp
4c8cc6f.7b cc0ce21a 028fc4 h ???????? 002 //rss.jsp
4c8cc78.24 cc0ce21a 028fc4 h ???????? 001 //rss.jsp
4c8cc82.f8 cc0ce21a 028fc4 h ???????? 001 //rss.jsp
4c8cc8c.25 cc0ce21a 028fc4 h ???????? 001 //rss.jsp
4c8cc94.59 cc0ce21a 028fc4 h ???????? 001 //rss.jsp
4c8cc9c.c0 cc0ce21a 028fc4 h ???????? 001 //rss.jsp
4c8cca7.de cc0ce21a 028fc4 h ???????? 002 //rss.jsp
4c8ccb0.20 cc0ce21a 028fc4 h ???????? 001 //rss.jsp
4c8ccb7.f0 cc0ce21a 028fc4 h ???????? 002 //rss.jsp
4c8ccc0.c1 cc0ce21a 028fc4 h ???????? 001 //rss.jsp
4c8ccca.29 cc0ce21a 028fc4 h ???????? 001 //rss.jsp
4c8ccd6.9b cc0ce21a 028fc4 h ???????? 002 //rss.jsp
4c8cce0.68 cc0ce21a 028fc4 h ???????? 001 //rss.jsp
4c8cce9.58 cc0ce21a 028fc4 h ???????? 001 //rss.jsp
4c8ccf3.db cc0ce21a 028fc4 h ???????? 002 //rss.jsp
4c8ccfb.a2 cc0ce21a 028fc4 h ???????? 002 //rss.jsp
4c8cd05.96 cc0ce21a 028fc4 h ???????? 002 //rss.jsp
4c8cd0e.00 cc0ce21a 028fc4 h ???????? 002 //rss.jsp
4c8cd16.5e cc0ce21a 028fc4 h ???????? 002 //rss.jsp
4c8cd22.de cc0ce21a 028fc4 h ???????? 002 //rss.jsp
4c8cd2b.f1 cc0ce21a 028fc4 h ???????? 009 //rss.jsp
4c8cd35.25 cc0ce21a 028fc4 h ???????? 002 //rss.jsp
4c8cd3e.e5 cc0ce21a 028fc4 h ???????? 002 //rss.jsp
4c8cd4a.a0 cc0ce21a 028fc4 h ???????? 002 //rss.jsp
4c8cd55.e1 cc0ce21a 028fc4 h ???????? 002 //rss.jsp
4c8cd5d.ca 362494c9 433e9c h ???????? 002 /edit/23236007
4c8cd60.7a cc0ce21a 028fc4 h ???????? 002 //rss.jsp
4c8cd69.8c cc0ce21a 028fc4 h ???????? 002 //rss.jsp
4c8cd72.c9 cc0ce21a 028fc4 h ???????? 002 //rss.jsp
4c8cd7c.d3 cc0ce21a 028fc4 h ???????? 002 //rss.jsp
4c8cd87.1e cc0ce21a 028fc4 h ???????? 001 //rss.jsp
4c8cd90.dc cc0ce21a 028fc4 h ???????? 002 //rss.jsp
4c8cd9d.c9 cc0ce21a 028fc4 h ???????? 002 //rss.jsp
4c8cda7.c7 cc0ce21a 028fc4 h ???????? 00a //rss.jsp
4c8cdb1.5d cc0ce21a 028fc4 h ???????? 002 //rss.jsp
4c8cdba.9b cc0ce21a 028fc4 h ???????? 002 //rss.jsp
4c8cdc6.c4 cc0ce21a 028fc4 h ???????? 002 //rss.jsp
4c8cdd1.89 cc0ce21a 028fc4 h ???????? 002 //rss.jsp
4c8cddc.f6 cc0ce21a 028fc4 h ???????? 002 //rss.jsp
4c8cdeb.2f cc0ce21a 028fc4 h ???????? 002 //rss.jsp
4c8cdf4.0f cc0ce21a 028fc4 h ???????? 001 //rss.jsp
4c8cdfd.d1 cc0ce21a 028fc4 h ???????? 002 //rss.jsp
4c8ce06.33 cc0ce21a 028fc4 h ???????? 002 //rss.jsp
4c8ce10.88 cc0ce21a 028fc4 h ???????? 002 //rss.jsp
4c8ce1e.c2 cc0ce21a 028fc4 h ???????? 001 //rss.jsp
4c8ce2a.47 cc0ce21a 028fc4 h ???????? 001 //rss.jsp
4c8ce33.62 cc0ce21a 028fc4 h ???????? 002 //rss.jsp
4c8ce3e.e3 cc0ce21a 028fc4 h ???????? 002 //rss.jsp
4c8ce46.db cc0ce21a 028fc4 h ???????? 002 //rss.jsp
4c8ce50.21 cc0ce21a 028fc4 h ???????? 002 //rss.jsp
4c8ce58.05 cc0ce21a 028fc4 h ???????? 002 //rss.jsp
4c8ce64.0b cc0ce21a 028fc4 h ???????? 002 //rss.jsp
4c8ce6e.ad cc0ce21a 028fc4 h ???????? 002 //rss.jsp
4c8ce79.65 cc0ce21a 028fc4 h ???????? 002 //rss.jsp
4c8ce80.81 cc0ce21a 028fc4 h ???????? 002 //rss.jsp
4c8ce8b.24 cc0ce21a 028fc4 h ???????? 002 //rss.jsp
4c8ce95.23 cc0ce21a 028fc4 h ???????? 002 //rss.jsp
4c8cea1.4d cc0ce21a 028fc4 h ???????? 002 //rss.jsp
4c8ceac.28 cc0ce21a 028fc4 h ???????? 002 //rss.jsp
4c8ceb7.29 cc0ce21a 028fc4 h ???????? 00c //rss.jsp
4c8cebc.cc cf2e0deb 6a88e8 h ???????? 004 /wiki/RecentChanges
4c8cec3.88 cc0ce21a 028fc4 h ???????? 002 //rss.jsp
4c8cece.e4 cc0ce21a 028fc4 h ???????? 002 //rss.jsp
4c8ced8.d1 cc0ce21a 028fc4 h ???????? 003 //rss.jsp
4c8cee3.a3 cc0ce21a 028fc4 h ???????? 002 //rss.jsp
4c8ceed.3b cc0ce21a 028fc4 h ???????? 002 //rss.jsp
4c8cef7.39 cc0ce21a 028fc4 h ???????? 002 //rss.jsp
4c8cf00.ed cc0ce21a 028fc4 h ???????? 001 //rss.jsp
4c8cf0c.06 cc0ce21a 028fc4 h ???????? 002 //rss.jsp
4c8cf15.d5 cc0ce21a 028fc4 h ???????? 002 //rss.jsp
4c8cf20.ba cc0ce21a 028fc4 h ???????? 001 //rss.jsp
4c8cf2c.a5 cc0ce21a 028fc4 h ???????? 002 //rss.jsp
4c8cf35.be cc0ce21a 028fc4 h ???????? 003 //rss.jsp
4c8cf3f.59 cc0ce21a 028fc4 h ???????? 002 //rss.jsp
4c8cf48.87 cc0ce21a 028fc4 h ???????? 002 //rss.jsp
4c8cf53.49 cc0ce21a 028fc4 h ???????? 002 //rss.jsp
4c8cf5a.d9 cc0ce21a 028fc4 h ???????? 002 //rss.jsp
4c8cf65.02 cc0ce21a 028fc4 h ???????? 002 //rss.jsp
4c8cf6d.25 cc0ce21a 028fc4 h ???????? 002 //rss.jsp
4c8cf79.71 cc0ce21a 028fc4 h ???????? 002 //rss.jsp
4c8cf84.f4 cc0ce21a 028fc4 h ???????? 002 //rss.jsp
4c8cf8e.b1 cc0ce21a 028fc4 h ???????? 002 //rss.jsp
4c8cf98.d1 cc0ce21a 028fc4 h ???????? 002 //rss.jsp
4c8cfa1.de cc0ce21a 028fc4 h ???????? 002 //rss.jsp
4c8cfad.04 cc0ce21a 028fc4 h ???????? 002 //rss.jsp
4c8cfba.66 cc0ce21a 028fc4 h ???????? 003 //rss.jsp
4c8cfc5.ed cc0ce21a 028fc4 h ???????? 002 //rss.jsp
4c8cfcd.7a cc0ce21a 028fc4 h ???????? 002 //rss.jsp
4c8cfd6.80 cc0ce21a 028fc4 h ???????? 002 //rss.jsp
4c8cfe0.45 cc0ce21a 028fc4 h ???????? 002 //rss.jsp
4c8cfeb.6a cc0ce21a 028fc4 h ???????? 002 //rss.jsp
4c8cff6.9d cc0ce21a 028fc4 h ???????? 002 //rss.jsp
4c8d002.0d cc0ce21a 028fc4 h ???????? 002 //rss.jsp
4c8d00e.2b cc0ce21a 028fc4 h ???????? 002 //rss.jsp
4c8d010.0d 36249533 433e9c h ???????? 003 /wiki/SebastianThrun
4c8d016.cd 26633e5d 99cc80 h ???????? 019 /
4c8d018.03 cc0ce21a 028fc4 h ???????? 002 //rss.jsp
4c8d01e.c5 cc0ce21a 028fc4 h ???????? 002 //rss.jsp
4c8d02a.ad cc0ce21a 028fc4 h ???????? 002 //rss.jsp
4c8d034.59 cc0ce21a 028fc4 h ???????? 002 //rss.jsp
4c8d03c.81 cc0ce21a 028fc4 h ???????? 002 //rss.jsp
4c8d044.c9 cc0ce21a 028fc4 h ???????? 002 //rss.jsp
4c8d04d.c8 cc0ce21a 028fc4 h ???????? 002 //rss.jsp
4c8d057.99 cc0ce21a 028fc4 h ???????? 002 //rss.jsp
4c8d065.80 cc0ce21a 028fc4 h ???????? 002 //rss.jsp
4c8d070.f8 cc0ce21a 028fc4 h ???????? 003 //rss.jsp
4c8d07b.4e cc0ce21a 028fc4 h ???????? 002 //rss.jsp
4c8d085.e1 cc0ce21a 028fc4 h ???????? 002 //rss.jsp
4c8d08f.09 cc0ce21a 028fc4 h ???????? 003 //rss.jsp
4c8d099.6d cc0ce21a 028fc4 h ???????? 002 //rss.jsp
4c8d0a5.65 cc0ce21a 028fc4 h ???????? 002 //rss.jsp
4c8d0ae.33 cc0ce21a 028fc4 h ???????? 002 //rss.jsp
4c8d0b5.c8 cc0ce21a 028fc4 h ???????? 002 //rss.jsp
4c8d0c0.b7 cc0ce21a 028fc4 h ???????? 002 //rss.jsp
4c8d0ca.78 cc0ce21a 028fc4 h ???????? 002 //rss.jsp
4c8d0d4.e0 cc0ce21a 028fc4 h ???????? 002 //rss.jsp
4c8d0e3.07 cc0ce21a 028fc4 h ???????? 003 //rss.jsp
4c8d0ee.85 cc0ce21a 028fc4 h ???????? 002 //rss.jsp
4c8d0f9.1f cc0ce21a 028fc4 h ???????? 002 //rss.jsp
4c8d104.23 cc0ce21a 028fc4 h ???????? 002 //rss.jsp
4c8d10c.79 cc0ce21a 028fc4 h ???????? 002 //rss.jsp
4c8d118.f1 cc0ce21a 028fc4 h ???????? 002 //rss.jsp
4c8d122.b3 cc0ce21a 028fc4 h ???????? 002 //rss.jsp
4c8d12d.a5 cc0ce21a 028fc4 h ???????? 003 //rss.jsp
4c8d138.91 cc0ce21a 028fc4 h ???????? 00c //rss.jsp
4c8d144.ce cc0ce21a 028fc4 h ???????? 003 //rss.jsp
4c8d14e.85 cc0ce21a 028fc4 h ???????? 002 //rss.jsp
4c8d158.63 cc0ce21a 028fc4 h ???????? 002 //rss.jsp
4c8d161.48 cc0ce21a 028fc4 h ???????? 003 //rss.jsp
4c8d169.d1 cc0ce21a 028fc4 h ???????? 002 //rss.jsp
4c8d172.bd cc0ce21a 028fc4 h ???????? 002 //rss.jsp
4c8d17d.55 cc0ce21a 028fc4 h ???????? 004 //wiki/AchimPochert
4c8d18d.3c cc0ce21a 028fc4 h ???????? 004 //wiki/AtomsAndBits
4c8d19e.a9 cc0ce21a 028fc4 h ???????? 004 //wiki/BamAg
4c8d1ab.e9 cc0ce21a 028fc4 h ???????? 004 //wiki/BarackObama
4c8d1bd.69 cc0ce21a 028fc4 h ???????? 006 //wiki/BarbaraOehlke
4c8d1cb.85 cc0ce21a 028fc4 h ???????? 004 //wiki/BarcoLounge
4c8d1dd.6b cc0ce21a 028fc4 h ???????? 004 //wiki/BarneyPell
4c8d1ed.4e cc0ce21a 028fc4 h ???????? 003 //wiki/BasicLotto
4c8d1fc.57 cc0ce21a 028fc4 h ???????? 004 //wiki/BauPiloten
4c8d20f.af cc0ce21a 028fc4 h ???????? 004 //wiki/BauVOGrid
4c8d21f.d2 cc0ce21a 028fc4 h ???????? 004 //wiki/BauchTanz
4c8d230.8a cc0ce21a 028fc4 h ???????? 004 //wiki/BaumwollSpinnerei
4c8d23e.5a cc0ce21a 028fc4 h ???????? 004 //wiki/BautznerStrasse82
4c8d24e.f8 cc0ce21a 028fc4 h ???????? 005 //wiki/BayerAg
4c8d25f.8b cc0ce21a 028fc4 h ???????? 005 //wiki/BcBerlin3
4c8d26f.53 cc0ce21a 028fc4 h ???????? 004 //wiki/BeBold
4c8d27c.3b cc0ce21a 028fc4 h ???????? 004 //wiki/BenGoertzel
4c8d289.ab cc0ce21a 028fc4 h ???????? 004 //wiki/BertelsPedia
4c8d299.4b cc0ce21a 028fc4 h ???????? 004 //wiki/BibLounge
4c8d2a9.c7 cc0ce21a 028fc4 h ???????? 003 //wiki/BibelleSebund
4c8d2b9.1e cc0ce21a 028fc4 h ???????? 004 //wiki/BieneVier
4c8d2c9.6f cc0ce21a 028fc4 h ???????? 005 //wiki/BigCo
4c8d2d9.eb cc0ce21a 028fc4 h ???????? 004 //wiki/BigMind
4c8d2e8.4c cc0ce21a 028fc4 h ???????? 004 //wiki/BillClinton
4c8d2f8.8c cc0ce21a 028fc4 h ???????? 00e //wiki/BillSeitz
4c8d308.30 cc0ce21a 028fc4 h ???????? 004 //wiki/BillSeitz
4c8d317.48 cc0ce21a 028fc4 h ???????? 004 //wiki/BillSeitz
4c8d325.fd cc0ce21a 028fc4 h ???????? 005 //wiki/BioMind
4c8d334.01 cc0ce21a 028fc4 h ???????? 005 //wiki/BirgitSpannerUlmer
4c8d345.37 cc0ce21a 028fc4 h ???????? 004 //wiki/CafeKontinental
4c8d354.0a cc0ce21a 028fc4 h ???????? 004 //wiki/CafeWorld
4c8d361.ed cc0ce21a 028fc4 h ???????? 004 //wiki/CapeCod
4c8d371.92 cc0ce21a 028fc4 h ???????? 004 //wiki/ClaudiaHoffmann
4c8d381.a7 cc0ce21a 028fc4 h ???????? 004 //wiki/ClaudiaHoffmann
4c8d390.b9 cc0ce21a 028fc4 h ???????? 004 //wiki/CoLab
4c8d39f.78 cc0ce21a 028fc4 h ???????? 004 //wiki/ColLaboration
4c8d3b0.17 cc0ce21a 028fc4 h ???????? 004 //wiki/ColinSchlueter
4c8d3bd.e2 cc0ce21a 028fc4 h ???????? 004 //wiki/ConTainer
4c8d3cb.19 cc0ce21a 028fc4 h ???????? 004 //wiki/ConstanceWolter
4c8d3db.78 cc0ce21a 028fc4 h ???????? 004 //wiki/ConstanceWolter
4c8d3ec.33 cc0ce21a 028fc4 h ???????? 005 //wiki/ConstanceWolter
4c8d3fc.dc cc0ce21a 028fc4 h ???????? 004 //wiki/CoolHunting
4c8d40e.4e cc0ce21a 028fc4 h ???????? 004 //wiki/CoolHunting
4c8d41e.a7 cc0ce21a 028fc4 h ???????? 004 //wiki/CoolHunting
4c8d42c.41 cc0ce21a 028fc4 h ???????? 004 //wiki/CorinnaFiedlerVascotti
4c8d43a.71 cc0ce21a 028fc4 h ???????? 004 //wiki/CorneliusBoersch
4c8d44a.15 cc0ce21a 028fc4 h ???????? 005 //wiki/CorneliusBoersch
4c8d46a.c7 cc0ce21a 028fc4 h ???????? 004 //wiki/CreativeClass
4c8d478.d0 cc0ce21a 028fc4 h ???????? 005 //wiki/CreativeDestruction
4c8d486.fd cc0ce21a 028fc4 h ???????? 005 //wiki/CyberSax
4c8d495.6f cc0ce21a 028fc4 h ???????? 004 //wiki/DaAd
4c8d4a3.22 cc0ce21a 028fc4 h ???????? 005 //wiki/DamienBroderick
4c8d4b6.27 cc0ce21a 028fc4 h ???????? 005 //wiki/DanielMueller
4c8d4c2.9c cc0ce21a 028fc4 h ???????? 004 //wiki/DanielPink
4c8d4d0.4e cc0ce21a 028fc4 h ???????? 004 //wiki/DanielPink
4c8d4e1.6f cc0ce21a 028fc4 h ???????? 006 //wiki/DanielPoodratchi
4c8d4f1.22 cc0ce21a 028fc4 h ???????? 005 //wiki/DanielPoodratchi
4c8d4ff.21 cc0ce21a 028fc4 h ???????? 004 //wiki/DanielPoodratchi
4c8d50c.4c cc0ce21a 028fc4 h ???????? 005 //wiki/DanielPoodratchi
4c8d51e.41 cc0ce21a 028fc4 h ???????? 005 //wiki/DarmStadt
4c8d52e.e6 cc0ce21a 028fc4 h ???????? 005 //wiki/DaveBing
4c8d53c.a8 cc0ce21a 028fc4 h ???????? 005 //wiki/DaveBing
4c8d54c.1e cc0ce21a 028fc4 h ???????? 005 //wiki/DaveGahan
4c8d55f.56 cc0ce21a 028fc4 h ???????? 005 //wiki/DaveSnowden
4c8d56f.cf cc0ce21a 028fc4 h ???????? 005 //wiki/DaveTroy
4c8d57f.88 cc0ce21a 028fc4 h ???????? 005 //wiki/DavidBowie
4c8d58c.99 cc0ce21a 028fc4 h ???????? 004 //wiki/DavidEppstein
4c8d59d.09 cc0ce21a 028fc4 h ???????? 005 //wiki/DavidFriedman
4c8d5af.37 cc0ce21a 028fc4 h ???????? 004 //wiki/DavidHasselhoff
4c8d5bd.b3 cc0ce21a 028fc4 h ???????? 005 //wiki/DavidKeirsey
4c8d5cd.cd cc0ce21a 028fc4 h ???????? 004 //wiki/DavidKushner
4c8d5db.cc cc0ce21a 028fc4 h ???????? 005 //wiki/DavidLetterman
4c8d5ed.ba cc0ce21a 028fc4 h ???????? 005 //wiki/DavidLynch
4c8d5fb.57 cc0ce21a 028fc4 h ???????? 005 //wiki/DeSy
4c8d60e.01 cc0ce21a 028fc4 h ???????? 006 //wiki/DebatePedia
4c8d620.1b cc0ce21a 028fc4 h ???????? 004 //wiki/FrankLorenz
4c8d62e.ac cc0ce21a 028fc4 h ???????? 005 //wiki/FrankTheys
4c8d63d.f8 cc0ce21a 028fc4 h ???????? 005 //wiki/FranksBar
4c8d652.ff cc0ce21a 028fc4 h ???????? 003 //wiki/KeineWerbungGesetz
4c8d662.33 cc0ce21a 028fc4 h ???????? 002 //wiki/KurzweilVortrag
4c8d676.ae cc0ce21a 028fc4 h ???????? 002 //wiki/L
4c8d685.1a cc0ce21a 028fc4 h ???????? 002 //wiki/L...
4c8d693.52 cc0ce21a 028fc4 h ???????? 002 //wiki/LockSchuppenAg%3E
4c8d6a4.ae cc0ce21a 028fc4 h ???????? 002 //wiki/LockSchuppenBusinessPlan
4c8d6b5.bb cc0ce21a 028fc4 h ???????? 004 //wiki/LotrAi
4c8d6c9.0c cc0ce21a 028fc4 h ???????? 003 //wiki/StadtDresden2056
4c8d6da.40 cc0ce21a 028fc4 h ???????? 002 //wiki/TeufelsPakt
4c8d6ec.65 cc0ce21a 028fc4 h ???????? 002 //wiki/TkKg
4c8d6fe.ac cc0ce21a 028fc4 h ???????? 002 //wiki/TorstenEymann
4c8d70e.f0 cc0ce21a 028fc4 h ???????? 002 //wiki/TorstenNahm
4c8d71c.15 cc0ce21a 028fc4 h ???????? 002 //wiki/TorstenWiesener
4c8d72c.cd cc0ce21a 028fc4 h ???????? 002 //wiki/TorstenWiesener
4c8d73d.f8 cc0ce21a 028fc4 h ???????? 003 //wiki/TorstenWiesener
4c8d74f.31 cc0ce21a 028fc4 h ???????? 002 //wiki/TouchTable
4c8d75f.65 cc0ce21a 028fc4 h ???????? 003 //wiki/TraDi
4c8d770.ed cc0ce21a 028fc4 h ???????? 002 //wiki/TransparentSociety
4c8d782.27 cc0ce21a 028fc4 h ???????? 002 //wiki/TraumGruppe
4c8d794.cb cc0ce21a 028fc4 h ???????? 002 //wiki/TraumZwei
4c8d7a2.a5 cc0ce21a 028fc4 h ???????? 003 //wiki/TuerSchild
4c8d7a3.bb 42f94046 043937 h ???????? 002 /wiki/InDerRegel
4c8d7b2.db cc0ce21a 028fc4 h ???????? 003 //wiki/VirginGalactic
4c8d7b9.b1 50524d21 a397c6 h ???????? 013 /
4c8d7ba.fc 50524d21 ca0366 h ???????? 002 /favicon.ico
4c8d7c6.2b cc0ce21a 028fc4 h ???????? 002 //wiki/VolkerBraun
4c8e194.2c 42f95987 70a047 h ???????? 001 //rss.rdf
4c8e278.9e 2ee5a464 2e29b5 h ???????? 001 /robots.txt
4c8e30f.d9 602308cf 670234 h ???????? 014 /
4c8e310.41 602308cf 3fa874 h ???????? 002 /user/register
4c8e310.9e 602308cf 670234 h ???????? 012 /
4c8e316.0c 602308cf 670234 h ???????? 002 /rss.php
4c8e31b.6a 602308cf 670234 h ???????? 002 /t6nv
4c8e6ea.02 b44c0f86 a04d28 h ???????? 003 /LifeDay
4c8e868.55 36c62dce 95df39 h ???????? 002 /robots.txt
4c8e868.92 36c62dce 95df39 h ???????? 003 /wiki/MindEyes
4c8e886.e7 36c62dce 95df39 h ???????? 003 /wiki/TransparentMan
4c8e966.fc 42f94054 043937 s ???????? 003 /wiki/OberStufe
4c8e990.48 36249478 433e9c h ???????? 001 /edit/22176001
4c8ec4b.5b b44c0f92 fa643b h ???????? 006 /robots.txt
4c8ec4b.5e b44c0f10 fa643b h ???????? 001 /robots.txt
4c8ec4c.a0 b44c0f22 fa643b h ???????? 001 /robots.txt
4c8ec71.3c b44c0f99 a04d28 h ???????? 003 /wiki/%3Ca%20class=%22blue%22%20href=%22/wiki/ViewSource%22%3EViewSource%3C/a%3E
4c8ee7f.1b 2ea1376a eaf401 s ???????? 002 /_asterisk/
4c8f28d.e6 4a7d4c24 55c2cd h ???????? 002 //rss.rdf
4c8f4bb.d9 36249410 433e9c h ???????? 002 /edit/22266003
4c8f601.35 d8f442fa 2e51d1 h ???????? 002 //robots.txt
4c8f654.7d 426f29fa 5cacb4 h ???????? 002 /Hello.World
4c8f71c.93 9d3727fb 6a88e8 h ???????? 016 /
4c8f7a5.38 362494aa 433e9c h ???????? 002 /edit/23746002
4c8f7cd.d4 345b7498 95df39 h ???????? 002 /robots.txt
4c8fafb.d2 36c62dce 95df39 h ???????? 002 /robots.txt
4c8fb1a.5b 36c62dce 95df39 h ???????? 002 /wiki/WikiWeiberZwo
4c8fb2a.12 42f94052 043937 s ???????? 003 /wiki/CodeIsLaw
4c8fc11.51 b44c0f1f a04d28 h ???????? 01b /
4c8fd16.b0 a7634643 f38332 h ???????? 001 /login.php
4c8fdc4.22 d94586e3 399ff9 h ???????? 001 /robots.txt
4c8fdd4.f5 d94586ae 399ff9 h ???????? 015 /
4c8fea9.74 42f95987 70a047 h ???????? 004 //rss.rdf
