4d4016e.c2 42f95c81 70a047 h ???????? 002 //rss.rdf
4d401a2.db b20ce3d8 5ec1d2 s ???????? 018 /
4d402e0.86 b44c0f17 a04d28 h ???????? 004 /wiki/MindZip
4d4042c.24 5da03c20 1a69b5 h ???????? 018 /
4d40436.cd 42f94242 043937 h ???????? 003 /wiki/LockAction
4d4043d.21 36a26906 c76db1 h ???????? 002 /robots.txt
4d4043d.77 36a26906 c76db1 h ???????? 018 /
4d404e3.0d 36a26906 c76db1 s ???????? 003 /robots.txt
4d404e3.b4 36a26906 c76db1 s ???????? 089 /ls
4d40514.f4 a4843451 eb026b s ???????? 003 /bcHead
4d40514.b2 36a26906 c76db1 s ???????? 108 /sh
4d4053b.ef 36a26906 c76db1 s ???????? 086 /hls
4d40561.24 36a26906 c76db1 s ???????? 002 /edit
4d40584.d3 36a26906 c76db1 h ???????? 004 /wiki/SystemWiki
4d4068c.ef 42f9424e 043937 s ???????? 003 /wiki/BaLanc
4d40698.2d 42f9424d 043937 s ???????? 005 /wiki/MondMaedchen
4d40872.e3 b90a44e3 24f16f s ???????? 023 /
4d4096c.8c 362494ac 433e9c h ???????? 003 /edit/26196001
4d413b3.2f 42f94242 043937 h ???????? 004 /wiki/LockAction
4d4184f.f0 42f9424c 043937 s ???????? 004 /wiki/TamagOtchi
4d41b92.50 22cbe542 e3b0c4 h ???????? 003 /robots.txt
4d423cf.00 42f95c81 70a047 h ???????? 003 //rss.rdf
4d4254b.60 cf2e0d6d 6a88e8 s ???????? 023 /
4d42a12.c4 42f9425f 043937 h ???????? 004 /wiki/DvbTram2608
4d42dd1.9a a4843451 eb026b s ???????? 003 /bcHead
4d42dd1.62 b44c0f08 a04d28 s ???????? 0e2 /sh
4d42fc2.4b 9d372711 6a88e8 h ???????? 4d8 /memo
4d43262.ba c617e69c bbc470 h ???????? 002 //rss.rdf
4d439da.4e 36c62dce 95df39 h ???????? 00a /robots.txt
4d439da.8b 36c62dce 95df39 h ???????? 002 /box
4d43bd6.16 42f9424d 043937 s ???????? 004 /wiki/StreetView
4d43cbd.a2 2ee5aac5 76c6dd h ???????? 026 /
4d44088.77 42f95c83 70a047 h ???????? 002 //rss.rdf
4d440e2.8b 9d3727e1 6a88e8 h ???????? 101 /
4d44401.e3 cf2e0d6d 6a88e8 h ???????? 002 /wiki/WikiMind
4d44794.68 a2d03306 a86df0 h ???????? 014 /
4d44796.84 a2d03306 a86df0 h ???????? 002 //wiki/GottfriedWilhelmLeibniz
4d447b9.d7 a2d03306 a86df0 h ???????? 001 //css
4d447be.bd a2d03306 a86df0 h ???????? 002 //wiki/AlanTuring
4d447cc.7a a2d03306 a86df0 h ???????? 001 //AtJs
4d44d98.f7 42f9424d 043937 s ???????? 003 /wiki/LockCoupon
4d455a9.06 b9aeaec5 cc9bbb h ???????? 011 /
4d45856.19 5276f280 cc9bbb h ???????? 011 /
4d4591e.2f 22cbe542 e3b0c4 s ???????? 001 /robots.txt
4d4591e.5b 22cbe542 e3b0c4 s ???????? 001 /ads.txt
4d45b31.61 36ad6e0b e3b0c4 h ???????? 001 /robots.txt
4d45b31.8f 36ad6e0b e3b0c4 h ???????? 001 /ads.txt
4d45f5c.28 42f94570 043937 s ???????? 002 /wiki/ConFidence
4d4610c.fe 42f95727 70a047 h ???????? 001 //rss.rdf
4d4640f.ec 5f6cb561 e4b041 h ???????? 002 /robots.txt
4d46413.bc 5f6cb561 e4b041 h ???????? 011 /
4d46806.a2 cf2e0d6d 6a88e8 s ???????? 010 /
4d468e9.a1 36ad6e0b e3b0c4 s ???????? 001 /robots.txt
4d468e9.d2 36ad6e0b e3b0c4 s ???????? 001 /ads.txt
4d46b25.7b b44c0f89 a04d28 h ???????? 011 /
4d46d1d.00 94fb362c 42507e h ???????? 002 //wiki/MindEis
4d46d41.64 2e6962a6 e3b0c4 h ???????? 001 //robots.txt
4d46d43.90 2e6962a6 aa5504 h ???????? 012 /
4d4702d.85 8e04d774 e3b0c4 h ???????? 001 /robots.txt
4d47030.02 8e04d774 d9ec50 h ???????? 018 /
4d4711f.06 42f94574 043937 s ???????? 001 /robots.txt
4d4711f.3b 42f94574 043937 s ???????? 003 /wiki/SecondLife
4d47289.a7 4e2e2319 7dfab1 h ???????? 002 //rss.jsp
4d47289.d0 4e2e2319 7dfab1 h ???????? 002 //rss.jsp
4d475e2.68 05099184 180050 h ???????? 002 //wiki/UnserDesigner
4d4775d.f7 5e171ba6 e3b0c4 h ???????? 002 /robots.txt
4d47760.20 5e171ba6 4556ce h ???????? 018 /
4d47b49.75 25bb382f e3b0c4 h ???????? 001 /robots.txt
4d47b4b.9e 25bb382f 87f8b1 h ???????? 019 /
4d47e81.ed 42f95727 70a047 h ???????? 002 //rss.rdf
4d47f00.a1 2e6962a6 e3b0c4 h ???????? 001 /robots.txt
4d47f02.c8 2e6962a6 aa5504 h ???????? 012 /
4d482e2.02 42f94570 043937 s ???????? 003 /wiki/TimeToCome
4d486ff.99 9d3727ad 6a88e8 h ???????? 003 /wiki/DasIchErinnertSich
4d4875e.ec 42f9456a 043937 h ???????? 002 /robots.txt
4d487a5.54 42f94566 043937 h ???????? 013 /
4d48a69.f0 42f9456a 043937 h ???????? 003 /wiki/LockAction
4d48b68.8a 340b1e03 0bc284 h ???????? 013 /
4d48ba0.23 9d3727e1 6a88e8 h ???????? 013 /
4d494a4.ff 42f94572 043937 s ???????? 004 /wiki/PlanetEarth
4d4968c.f3 5e172143 57819b h ???????? 002 ///wp-content/plugins/xaisyndicate/idx.php
4d4968c.f8 5e172143 57819b h ???????? 002 //license.php
4d4979e.d4 42f94572 043937 s ???????? 003 /wiki/MondMaedchen
4d49815.55 cd8b8d36 209ef4 h ???????? 001 //rss.rdf
4d49b56.e6 42f9572b 70a047 h ???????? 002 //rss.rdf
4d49bd7.34 9d3727e1 6a88e8 h ???????? 003 /wiki/PageIndex
4d4a081.bd bc286647 7dfab1 h ???????? 001 //rss.jsp
4d4a081.e9 bc286647 7dfab1 h ???????? 001 //rss.jsp
4d4a5cc.c8 362494a4 433e9c h ???????? 001 /edit/25496002
4d4a668.1b 42f94570 043937 s ???????? 003 /wiki/MichaelOtto
4d4a76b.7e 36d327ab 22aac5 h ???????? 012 /
4d4a76b.be 36d327ab 7e53f4 h ???????? 007 /favicon.ico
4d4a78e.bb c3c917c6 028fc4 h ???????? 001 /robots.txt
4d4a790.92 c3c917c6 028fc4 h ???????? 002 /feed
4d4a7f8.e4 36249542 433e9c h ???????? 001 /edit/29096001
4d4a849.ef 9d3727b2 6a88e8 h ???????? 003 /wiki/MarianneEhrmann
4d4a896.60 97502791 433e9c h ???????? 001 /robots.txt
4d4ab72.2b 9d3727e1 6a88e8 h ???????? 003 /wiki/SimoneRebentisch
4d4acc5.d0 4a7d4c20 55c2cd h ???????? 001 //rss.rdf
4d4b152.46 0585b70e bbc470 h ???????? 002 //rss.rdf
4d4b158.9e c7a71e68 8e0e7d h ???????? 001 //rss.rdf
4d4b162.98 d5abdc98 a95ea1 h ???????? 001 //rss.rdf
4d4b820.f6 42f9572b 70a047 h ???????? 007 //rss.rdf
4d4b82a.e8 42f94572 043937 s ???????? 003 /wiki/GladwynJebb
4d4bd88.91 42f94566 043937 h ???????? 002 /go
4d4bd8d.9a 42f94566 622963 h ???????? 002 /go
4d4bf48.4f 5da03c16 48d7fa h ???????? 003 //wiki/TwitterKurs
4d4c357.51 c0639364 554020 h ???????? 002 /rss.rdf
4d4c6ab.f0 97502791 433e9c h ???????? 001 /earth/robots.txt
4d4c777.25 50440f67 eecba2 h ???????? 033 /love/1e
4d4c777.44 50440f67 eecba2 h ???????? 002 /feed
4d4c9ee.26 42f94572 043937 s ???????? 003 /wiki/TransParenz
4d4cc48.5d 36249423 433e9c h ???????? 002 /edit/28086002
4d4cd51.5b 5f6cb561 e4b041 h ???????? 002 /robots.txt
4d4cd55.26 5f6cb561 e4b041 h ???????? 002 /cal
4d4d4d8.03 42f95729 70a047 h ???????? 002 //rss.rdf
4d4d68d.5b 9d3727b2 6a88e8 h ???????? 003 /wiki/MindWidget
4d4d841.ef add4c9fb 028fc4 h ???????? 002 /robots.txt
4d4d949.e3 add4c9fb 028fc4 h ???????? 003 /wiki/EdBoyden
4d4dbb0.cf 42f94566 043937 h ???????? 002 /robots.txt
4d4dbb1.28 42f94568 043937 h ???????? 003 /wiki/StadtDresden
4d4e55f.7a 32022688 a397c6 h ???????? 016 /
4d4e6a5.73 9750278f 433e9c h ???????? 002 //robots.txt
4d4ec0a.f9 b44c0f19 a04d28 h ???????? 003 /wiki/KleineUnterschiede
4d4ec16.a6 59a3d37a dc1a18 h ???????? 016 /
4d4ec17.09 59a3d37a dc1a18 h ???????? 001 //https://floatingboat2013.appspot.com
4d4ec17.6d 59a3d37a dc1a18 h ???????? 003 //wiki/AlanTuring
4d4ec17.c7 59a3d37a dc1a18 h ???????? 002 //wiki/GottfriedWilhelmLeibniz
4d4ec18.27 59a3d37a dc1a18 h ???????? 002 //https://floatingboat2013.appspot.com/UrPic
4d4ec18.81 59a3d37a dc1a18 h ???????? 002 //https://floatingboat2013.appspot.com/ad
4d4ec18.da 59a3d37a dc1a18 h ???????? 002 //https://sl4.eu/hls
4d4ec19.37 59a3d37a dc1a18 h ???????? 002 //https://sl4.eu/ls
4d4ec19.98 59a3d37a dc1a18 h ???????? 002 //https://sl4.eu/sh
4d4ec19.f2 59a3d37a dc1a18 h ???????? 002 //https://www.youtube.com/watch
4d4ec83.4d 92b9df6f 6e5699 h ???????? 002 /edit/2001
4d4ec83.90 92b9df6f 6e5699 h ???????? 01d /
4d4ed25.2e 3624953b 433e9c h ???????? 008 /edit/31156004
4d4ed74.01 42f94574 043937 s ???????? 004 /wiki/RomanStarke
4d4ef79.83 451ecdda 028fc4 h ???????? 002 //robots.txt
4d4ef83.e7 451ecdda 028fc4 h ???????? 003 //wiki/PresencingStatus
4d4efec.ec 33ff8fa3 646bf4 h ???????? 002 /status
4d4efed.18 33ff8fa3 646bf4 h ???????? 017 /
4d4efed.51 33ff8fa3 646bf4 h ???????? 002 /script
4d4efed.73 33ff8fa3 646bf4 h ???????? 002 /jenkins/script
4d4efed.a0 33ff8fa3 646bf4 h ???????? 002 /login
4d4efed.c3 33ff8fa3 646bf4 h ???????? 002 /jmx-console
4d4efed.ed 33ff8fa3 646bf4 h ???????? 014 /
4d4efee.17 33ff8fa3 646bf4 h ???????? 016 /
4d4efee.3d 33ff8fa3 646bf4 h ???????? 002 /manager/html
4d4efee.6f 33ff8fa3 646bf4 h ???????? 016 /
4d4efee.9b 33ff8fa3 646bf4 h ???????? 017 /
4d4efee.ce 33ff8fa3 646bf4 h ???????? 01d /
4d4efef.02 33ff8fa3 646bf4 h ???????? 002 //administrator
4d4efef.27 33ff8fa3 646bf4 h ???????? 002 /joomla/administrator
4d4efef.4b 33ff8fa3 646bf4 h ???????? 002 /cms/administrator
4d4efef.72 33ff8fa3 646bf4 h ???????? 002 /Joomla/administrator
4d4efef.96 33ff8fa3 646bf4 h ???????? 002 /msd
4d4efef.bd 33ff8fa3 646bf4 h ???????? 002 /mySqlDumper
4d4efef.e2 33ff8fa3 646bf4 h ???????? 002 /msd1.24stable
4d4eff0.15 33ff8fa3 646bf4 h ???????? 002 /msd1.24.4
4d4eff0.3d 33ff8fa3 646bf4 h ???????? 002 /mysqldumper
4d4eff0.6b 33ff8fa3 646bf4 h ???????? 002 /MySQLDumper
4d4eff0.92 33ff8fa3 646bf4 h ???????? 009 /mysql
4d4eff0.c2 33ff8fa3 646bf4 h ???????? 002 /sql
4d4eff0.e8 33ff8fa3 646bf4 h ???????? 002 /cgi-bin/php
4d4eff1.17 33ff8fa3 646bf4 h ???????? 002 /cgi-bin/php5
4d4eff1.4f 33ff8fa3 646bf4 h ???????? 002 /phpmyadmin
4d4eff1.7d 33ff8fa3 646bf4 h ???????? 002 /phpMyAdmin
4d4eff1.ad 33ff8fa3 646bf4 h ???????? 002 /mysql
4d4eff1.d8 33ff8fa3 646bf4 h ???????? 002 /sql
4d4eff1.fd 33ff8fa3 646bf4 h ???????? 002 /myadmin
4d4eff2.21 33ff8fa3 646bf4 h ???????? 002 /phpMyAdmin-4.2.1-all-languages
4d4eff2.48 33ff8fa3 646bf4 h ???????? 002 /phpMyAdmin-4.2.1-english
4d4eff2.75 33ff8fa3 646bf4 h ???????? 002 /xampp/phpmyadmin
4d4eff2.9e 33ff8fa3 646bf4 h ???????? 002 /typo3/phpmyadmin
4d4eff2.c9 33ff8fa3 646bf4 h ???????? 002 /webadmin
4d4eff2.fb 33ff8fa3 646bf4 h ???????? 01a /
4d4eff3.29 33ff8fa3 646bf4 h ???????? 002 /sqlite/main.php
4d4eff3.55 33ff8fa3 646bf4 h ???????? 002 /SQLite/SQLiteManager-1.2.4/main.php
4d4eff3.82 33ff8fa3 646bf4 h ???????? 002 /SQLiteManager-1.2.4/main.php
4d4eff3.ab 33ff8fa3 646bf4 h ???????? 002 /sqlitemanager/main.php
4d4eff3.d5 33ff8fa3 646bf4 h ???????? 002 /SQlite/main.php
4d4eff3.f9 33ff8fa3 646bf4 h ???????? 003 /SQLiteManager/main.php
4d4eff4.22 33ff8fa3 646bf4 h ???????? 002 /webdav
4d4eff4.48 33ff8fa3 646bf4 h ???????? 017 /
4d4eff4.74 33ff8fa3 646bf4 h ???????? 017 /
4d4eff4.a1 33ff8fa3 646bf4 h ???????? 019 /
4d4eff4.d0 33ff8fa3 646bf4 h ???????? 002 //wp-login.php
4d4eff4.f5 33ff8fa3 646bf4 h ???????? 002 /wordpress/wp-login.php
4d4eff5.1d 33ff8fa3 646bf4 h ???????? 002 /wp/wp-login.php
4d4eff5.45 33ff8fa3 646bf4 h ???????? 002 /blog/wp-login.php
4d4eff5.6d 33ff8fa3 646bf4 h ???????? 002 /Wordpress/wp-login.php
4d4eff5.98 33ff8fa3 646bf4 h ???????? 002 /Blog/wp-login.php
4d4f22a.85 bc285186 7dfab1 h ???????? 002 //rss.jsp
4d4f22a.b1 bc285186 7dfab1 h ???????? 002 //rss.jsp
4d4f252.cb bc285186 7dfab1 h ???????? 002 //rss.jsp
4d4f252.fd bc285186 7dfab1 h ???????? 002 //rss.jsp
4d4f2cd.e0 bc285186 7dfab1 h ???????? 002 //rss.jsp
4d4f2ce.0c bc285186 7dfab1 h ???????? 002 //rss.jsp
4d4f2d7.88 bc285186 7dfab1 h ???????? 002 //rss.jsp
4d4f2d7.ed bc285186 7dfab1 h ???????? 001 //rss.jsp
4d4f3da.f0 b44c0f99 a04d28 h ???????? 003 /wiki/DiffusionOfInnovations
4d4f5a6.01 c188c09f 0354f7 h ???????? 005 /robots.txt
4d4f5ee.6f c188c09f 0354f7 h ???????? 001 //robots.txt
4d4f612.b9 c188c09f 0354f7 h ???????? 002 //wiki/SingularityUniversity
4d4f63d.99 42f95727 70a047 h ???????? 001 //rss.rdf
4d4f74f.81 362494a0 433e9c h ???????? 002 /edit/24716001
4d4f91b.d1 c73a56d1 028fc4 h ???????? 002 /robots.txt
4d4f91d.90 c73a56d1 028fc4 h ???????? 013 /
4d4fbab.85 b44c0f06 a04d28 s ???????? 001 /edit/28935001
4d4fbd7.51 d8f442c6 2e51d1 h ???????? 001 /robots.txt
4d4fd35.5d 8677bbd3 cdfc4d h ???????? 011 /
4d4ff36.ed 42f9456a 043937 h ???????? 003 /wiki/AnGebot
