4ed00d6.7d 42f9404a 043937 h ???????? 006 /wiki/MiNd
4ed01e2.3c ab19c14e e154aa h ???????? 004 /searchreplacedb2.php
4ed0210.4d 3ed2fc7e c6a33d h ???????? 005 //searchreplacedb2.php
4ed034c.92 be5e953e 670234 h ???????? 029 /
4ed03c2.57 bd986f4a 670234 h ???????? 025 /
4ed05be.4b 42f940df 043937 h ???????? 026 /
4ed0756.fe 362494bc 433e9c h ???????? 004 /edit/25476001
4ed07d3.68 b44c0f1e a04d28 h ???????? 006 /wiki/SingularityUniversity
4ed08a0.65 2ee5a855 2e29b5 h ???????? 005 /robots.txt
4ed0a8e.38 42f9404a 043937 h ???????? 004 //robots.txt
4ed0ae8.1d 7a605db5 53f294 h ???????? 004 //favicon.ico
4ed0bb2.2a bd913058 670234 h ???????? 029 /
4ed0c34.7e 2ee5a855 2e29b5 h ???????? 004 /robots.txt
4ed1066.c8 42f9404a 043937 h ???????? 006 /wiki/TheQuestion
4ed1148.e4 42f94046 043937 h ???????? 007 //wiki/RainerWasserfuhr
4ed13b4.85 42f94046 043937 h ???????? 007 /wiki/SpaceShuttle
4ed13ba.07 42f94046 043937 h ???????? 004 /edit/59383015
4ed13c1.70 42f94046 043937 h ???????? 006 /wiki/SteuerNummer
4ed13f1.ca 42f94046 043937 h ???????? 007 /wiki/ZukunftsRoman
4ed1401.a7 42f94048 043937 h ???????? 009 /wiki/HyperRoman
4ed1402.af 42f94046 043937 h ???????? 006 /wiki/MicroFormat
4ed140e.6e 42f94046 043937 h ???????? 007 /wiki/SadoMaso
4ed1413.df 42f9404a 043937 h ???????? 006 /wiki/MountainView
4ed1423.82 42f94046 043937 h ???????? 006 /wiki/LoebnerLich
4ed143c.c7 42f94046 043937 h ???????? 006 /wiki/IsIn
4ed1454.0f 42f9404a 043937 h ???????? 006 /wiki/NewXing
4ed1468.7a 42f94048 043937 h ???????? 006 /wiki/EnsId
4ed1476.c8 42f94046 043937 h ???????? 007 /wiki/CloJure
4ed1483.cc 42f94046 043937 h ???????? 004 /edit/78123020
4ed1491.a8 42f9404a 043937 h ???????? 006 /wiki/TirNaNog
4ed149b.d2 42f94048 043937 h ???????? 006 /wiki/LinieAcht
4ed14a4.9b 42f94046 043937 h ???????? 006 /wiki/PatenLand
4ed14ad.03 42f94046 043937 h ???????? 006 /wiki/DvbLinie61
4ed14b5.41 42f94046 043937 h ???????? 007 /wiki/LangMarsch
4ed14bb.4d 42f94046 043937 h ???????? 006 /wiki/HauptPost
4ed14c0.fe 42f94046 043937 h ???????? 007 /wiki/BarParadox
4ed14c7.90 42f9404a 043937 h ???????? 006 /wiki/WipperFeld
4ed14cc.b7 42f94048 043937 h ???????? 006 /wiki/SicherHeit
4ed14d2.22 42f94046 043937 h ???????? 006 /wiki/DeutschBahn
4ed14d7.92 42f94046 043937 h ???????? 006 /wiki/SelfImprove
4ed14dc.f7 42f94046 043937 h ???????? 006 /wiki/SingularWiki
4ed14e2.7b 42f94046 043937 h ???????? 006 /wiki/HansaStrasse
4ed14e7.f9 42f94046 043937 h ???????? 006 /wiki/TomVarsavsky
4ed14ed.d2 42f94046 043937 h ???????? 007 /wiki/SachsenWahl09
4ed14f4.12 42f94046 043937 h ???????? 007 /wiki/KleineWeltReise
4ed14f4.7c 42f94046 043937 h ???????? 006 /wiki/PeterSenge
4ed14ff.b9 42f94046 043937 h ???????? 004 /edit/59383014
4ed1500.69 42f94046 043937 h ???????? 006 /wiki/WaveAddress
4ed1503.89 42f94046 043937 h ???????? 007 /wiki/GonnSumm
4ed150b.9e 42f94046 043937 h ???????? 007 /wiki/NightLife
4ed150e.f6 42f94046 043937 h ???????? 006 /wiki/FriendRequest
4ed1528.18 42f94046 043937 h ???????? 007 /wiki/AcceleratingReturns
4ed1528.8c 42f94046 043937 h ???????? 006 /wiki/YongYu
4ed155a.36 42f94048 043937 h ???????? 007 /wiki/StefanInDresden
4ed157b.06 42f9404a 043937 h ???????? 007 /wiki/CataPult
4ed1596.f9 42f94048 043937 h ???????? 007 /wiki/NotToPlay
4ed15ae.41 42f94046 043937 h ???????? 007 /wiki/UnserGrid
4ed15b5.aa 42f94046 043937 h ???????? 007 /wiki/LouisenStrasse
4ed15bb.dd 97502791 433e9c h ???????? 004 /robots.txt
4ed15e8.fc 42f94048 043937 h ???????? 007 /wiki/LebenOhneTelefon
4ed15f8.f2 42f94048 043937 h ???????? 006 /wiki/WikiClj
4ed1610.96 6baae812 ef60d6 s ???????? 02a /
4ed16e3.98 42f94046 043937 h ???????? 006 /wiki/YouCantGetThereFromHere
4ed183a.2b d94585ef 399ff9 h ???????? 004 /robots.txt
4ed1843.71 d94585ea 399ff9 h ???????? 029 /1
4ed18b5.c1 42f94048 043937 h ???????? 007 /wiki/RdfsDomain
4ed18e3.76 42f9404a 043937 h ???????? 01a /wiki/UrObjekt
4ed18e8.8f 42f94046 043937 h ???????? 007 /wiki/NooMicJsp
4ed18f4.06 42f94046 043937 h ???????? 009 /wiki/LoftHouse
4ed18fb.42 42f94046 043937 h ???????? 006 /wiki/RoPu
4ed1903.18 42f94046 043937 h ???????? 007 /wiki/ShowBar
4ed190b.3e 42f94048 043937 h ???????? 008 /wiki/LinieVier
4ed1913.fc 42f94046 043937 h ???????? 007 /wiki/LinieZehn
4ed1920.0e 42f94046 043937 h ???????? 006 /wiki/FressBude
4ed192f.3f 42f94046 043937 h ???????? 006 /wiki/OpenNess
4ed193e.bc 42f9404a 043937 h ???????? 006 /wiki/WebOfTrust
4ed194d.ef 42f94048 043937 h ???????? 007 /wiki/HenryMiller
4ed1953.c8 bd9f0a61 670234 h ???????? 02c /
4ed195d.49 42f94046 043937 h ???????? 007 /wiki/GottesDienst
4ed196c.c2 42f94046 043937 h ???????? 007 /wiki/DeziPetaFlops
4ed197c.48 42f94048 043937 h ???????? 007 /wiki/BigTableNomic
4ed198c.98 42f94046 043937 h ???????? 007 /wiki/QuantenLehrer
4ed199e.de 42f94046 043937 h ???????? 006 /wiki/ReinerZieschank
4ed19e1.5f 42f94046 043937 h ???????? 007 /wiki/BahnhofNeustadt
4ed1a4c.53 42f94048 043937 h ???????? 007 /wiki/HubertusPlatz
4ed1a8f.81 42f94046 043937 h ???????? 007 /wiki/MarcusBertelsmeier
4ed1b28.e9 42f9404a 043937 h ???????? 007 /wiki/YangLi
4ed1c7e.0a 42f9404a 043937 h ???????? 007 /wiki/HaoYan
4ed1d26.a7 c39ab167 f92876 h ???????? 005 /README.txt
4ed1d9f.66 42f95989 70a047 h ???????? 005 //rss.rdf
4ed1ea0.5b 42f94048 043937 h ???????? 007 /wiki/EinHorn
4ed1f57.ba 54369087 cedf5c h ???????? 02c /
4ed21d2.99 42f9404a 043937 h ???????? 007 /wiki/WeiFan
4ed222a.09 42f9404a 043937 h ???????? 009 /wiki/JosephStift
4ed226e.74 b1819c41 cdfc4d h ???????? 050 /
4ed226e.73 b1819c41 702dd8 h ???????? 054 /
4ed2296.a4 42f94052 043937 s ???????? 008 /wiki/ZzZz
4ed22b9.66 42f94048 043937 h ???????? 007 /wiki/JianHu
4ed2350.a3 42f94048 043937 h ???????? 007 /wiki/YingLi
4ed2506.93 bde7d33c 670234 h ???????? 02c /
4ed2510.e8 c06324e3 57819b h ???????? 02b /
4ed2530.a5 b44c0f91 a04d28 h ???????? 008 /wiki/PieschenTv
4ed253f.31 2399623a 95df39 s ???????? 004 /robots.txt
4ed253f.81 2399623a 95df39 s ???????? 02a /
4ed25f9.9c 42f94046 622963 h ???????? 007 //wiki/RainerWasserfuhr
4ed2797.94 b941cd0a 057297 h ???????? 02b /
4ed27af.33 42f9404a 043937 h ???????? 008 /wiki/DengCai
4ed2953.26 42f94048 043937 h ???????? 009 /wiki/SocialBackup
4ed29b2.42 42f94048 043937 h ???????? 008 /wiki/StartUpSaxony
4ed29b7.16 42f94048 043937 h ???????? 007 /wiki/InHaber
4ed2afa.da 76190167 42637e h ???????? 005 /wls-wsat/CoordinatorPortType
4ed2aff.44 76190167 1066b4 h ???????? 0b1 /index.php
4ed2b03.12 76190167 1066b4 h ???????? 0b1 /index.php
4ed2b04.11 76190167 1066b4 h ???????? 004 /phpmyadmin/index.php
4ed2b06.c0 76190167 1066b4 h ???????? 004 /phpmyadmin/index.php
4ed2b07.df 76190167 1066b4 h ???????? 004 /phpMyAdmin/index.php
4ed2b0e.ab 76190167 1066b4 h ???????? 005 /phpMyAdmin/index.php
4ed2b0f.36 76190167 1066b4 h ???????? 004 /pmd/index.php
4ed2b12.42 76190167 1066b4 h ???????? 004 /pmd/index.php
4ed2b12.fe 76190167 1066b4 h ???????? 005 /pma/index.php
4ed2b15.bc 76190167 1066b4 h ???????? 005 /pma/index.php
4ed2b16.fb 76190167 1066b4 h ???????? 005 /PMA/index.php
4ed2b19.86 76190167 1066b4 h ???????? 005 /PMA/index.php
4ed2b1a.11 76190167 1066b4 h ???????? 005 /PMA2/index.php
4ed2b1c.fb 76190167 1066b4 h ???????? 004 /PMA2/index.php
4ed2b1d.85 76190167 1066b4 h ???????? 004 /pmamy/index.php
4ed2b20.13 76190167 1066b4 h ???????? 005 /pmamy/index.php
4ed2b20.a7 76190167 1066b4 h ???????? 005 /pmamy2/index.php
4ed2b23.33 76190167 1066b4 h ???????? 005 /pmamy2/index.php
4ed2b24.08 76190167 1066b4 h ???????? 005 /mysql/index.php
4ed2b29.15 76190167 1066b4 h ???????? 005 /mysql/index.php
4ed2b2a.9a 76190167 1066b4 h ???????? 005 /admin/index.php
4ed2b2d.1f 76190167 1066b4 h ???????? 005 /admin/index.php
4ed2b2e.84 76190167 1066b4 h ???????? 005 /db/index.php
4ed2b31.0f 76190167 1066b4 h ???????? 005 /db/index.php
4ed2b32.0b 76190167 1066b4 h ???????? 004 /dbadmin/index.php
4ed2b34.b9 76190167 1066b4 h ???????? 005 /dbadmin/index.php
4ed2b35.d4 76190167 1066b4 h ???????? 005 /web/phpMyAdmin/index.php
4ed2b39.08 76190167 1066b4 h ???????? 005 /web/phpMyAdmin/index.php
4ed2b39.a7 76190167 1066b4 h ???????? 005 /admin/pma/index.php
4ed2b3d.a8 76190167 1066b4 h ???????? 005 /admin/pma/index.php
4ed2b3e.30 76190167 1066b4 h ???????? 005 /admin/PMA/index.php
4ed2b40.fa 76190167 1066b4 h ???????? 004 /admin/PMA/index.php
4ed2b41.7c 76190167 1066b4 h ???????? 005 /admin/mysql/index.php
4ed2b44.04 76190167 1066b4 h ???????? 005 /admin/mysql/index.php
4ed2b44.8c 76190167 1066b4 h ???????? 005 /admin/mysql2/index.php
4ed2b47.1e 76190167 1066b4 h ???????? 005 /admin/mysql2/index.php
4ed2b47.a5 76190167 1066b4 h ???????? 005 /admin/phpmyadmin/index.php
4ed2b4a.c0 76190167 1066b4 h ???????? 004 /admin/phpmyadmin/index.php
4ed2b4b.4d 76190167 1066b4 h ???????? 006 /admin/phpMyAdmin/index.php
4ed2b4d.d8 76190167 1066b4 h ???????? 005 /admin/phpMyAdmin/index.php
4ed2b4e.60 76190167 1066b4 h ???????? 005 /admin/phpmyadmin2/index.php
4ed2b51.e9 76190167 1066b4 h ???????? 005 /admin/phpmyadmin2/index.php
4ed2b53.02 76190167 1066b4 h ???????? 006 /mysqladmin/index.php
4ed2b56.8e 76190167 1066b4 h ???????? 005 /mysqladmin/index.php
4ed2b56.f5 bb9eea55 670234 h ???????? 031 /
4ed2b57.b8 76190167 1066b4 h ???????? 005 /mysql-admin/index.php
4ed2b5a.9e 76190167 1066b4 h ???????? 005 /mysql-admin/index.php
4ed2b5b.2e 76190167 1066b4 h ???????? 005 /phpadmin/index.php
4ed2b5f.00 76190167 1066b4 h ???????? 007 /phpadmin/index.php
4ed2b5f.92 76190167 1066b4 h ???????? 005 /phpmyadmin0/index.php
4ed2b62.e1 76190167 1066b4 h ???????? 006 /phpmyadmin0/index.php
4ed2b63.6e 76190167 1066b4 h ???????? 005 /phpmyadmin1/index.php
4ed2b66.49 76190167 1066b4 h ???????? 005 /phpmyadmin1/index.php
4ed2b67.05 76190167 1066b4 h ???????? 005 /phpmyadmin2/index.php
4ed2b69.a7 76190167 1066b4 h ???????? 005 /phpmyadmin2/index.php
4ed2b6b.08 76190167 1066b4 h ???????? 006 /myadmin/index.php
4ed2b6f.04 76190167 1066b4 h ???????? 009 /myadmin/index.php
4ed2b6f.95 76190167 1066b4 h ???????? 005 /myadmin2/index.php
4ed2b73.06 76190167 1066b4 h ???????? 005 /myadmin2/index.php
4ed2b73.97 76190167 1066b4 h ???????? 006 /xampp/phpmyadmin/index.php
4ed2b77.14 76190167 1066b4 h ???????? 005 /xampp/phpmyadmin/index.php
4ed2b77.a0 76190167 1066b4 h ???????? 005 /phpMyadmin_bak/index.php
4ed2b7a.5f 76190167 1066b4 h ???????? 006 /phpMyadmin_bak/index.php
4ed2b7b.04 76190167 1066b4 h ???????? 005 /www/phpMyAdmin/index.php
4ed2b7d.96 76190167 1066b4 h ???????? 006 /www/phpMyAdmin/index.php
4ed2b7e.20 76190167 1066b4 h ???????? 005 /tools/phpMyAdmin/index.php
4ed2b81.08 76190167 1066b4 h ???????? 006 /tools/phpMyAdmin/index.php
4ed2b81.a2 76190167 1066b4 h ???????? 005 /phpmyadmin-old/index.php
4ed2b84.c7 76190167 1066b4 h ???????? 005 /phpmyadmin-old/index.php
4ed2b87.05 76190167 1066b4 h ???????? 005 /phpMyAdminold/index.php
4ed2b8b.02 76190167 1066b4 h ???????? 006 /phpMyAdminold/index.php
4ed2b8b.af 76190167 1066b4 h ???????? 005 /phpMyAdmin.old/index.php
4ed2b8f.14 76190167 1066b4 h ???????? 005 /phpMyAdmin.old/index.php
4ed2b8f.ce 76190167 1066b4 h ???????? 008 /pma-old/index.php
4ed2b93.3f 76190167 1066b4 h ???????? 005 /pma-old/index.php
4ed2b93.ee 76190167 1066b4 h ???????? 005 /claroline/phpMyAdmin/index.php
4ed2b97.3b 76190167 1066b4 h ???????? 005 /claroline/phpMyAdmin/index.php
4ed2b97.f7 76190167 1066b4 h ???????? 005 /typo3/phpmyadmin/index.php
4ed2b9e.ec 76190167 1066b4 h ???????? 005 /typo3/phpmyadmin/index.php
4ed2b9f.a6 76190167 1066b4 h ???????? 005 /phpma/index.php
4ed2ba2.ea 76190167 1066b4 h ???????? 006 /phpma/index.php
4ed2ba3.98 76190167 1066b4 h ???????? 005 /phpmyadmin/phpmyadmin/index.php
4ed2ba7.09 76190167 1066b4 h ???????? 005 /phpmyadmin/phpmyadmin/index.php
4ed2ba8.4c 76190167 1066b4 h ???????? 005 /phpMyAdmin/phpMyAdmin/index.php
4ed2bab.13 76190167 1066b4 h ???????? 006 /phpMyAdmin/phpMyAdmin/index.php
4ed2d26.c3 05285176 cedf5c h ???????? 031 /
4ed2d2a.16 42f9404a 043937 h ???????? 008 /wiki/FrankLorenz
4ed2d67.8f bd924abc 19c6c4 h ???????? 072 /
4ed2d67.8e bd924abc cdfc4d h ???????? 076 /
4ed2deb.bf 42f94048 043937 h ???????? 009 /wiki/PlUrk
4ed2f20.88 42f9404a 043937 h ???????? 009 /wiki/BoZhang
4ed2f53.3f bd83cb29 670234 h ???????? 031 /
4ed2f57.1d d94585eb 399ff9 h ???????? 005 /robots.txt
4ed2f60.6c d94585ee 399ff9 h ???????? 032 /edit/1001
4ed31ce.3d 42f94048 043937 h ???????? 009 /wiki/TrachenbergerPlatz
4ed32d9.3d bf640809 670234 h ???????? 033 /
4ed33ed.cb 42f94050 043937 s ???????? 009 /wiki/MindAbi
4ed3424.d8 9e45fe67 028fc4 h ???????? 006 //robots.txt
4ed3548.e5 9e45fe67 028fc4 h ???????? 009 //wiki/UnusedPages
4ed35cc.2f 42f94048 043937 h ???????? 008 /wiki/OmeGa
4ed35db.06 5f6cb561 e4b041 s ???????? 007 /robots.txt
4ed35de.b3 5f6cb561 e4b041 s ???????? 035 /
4ed3613.8e 42f9404a 043937 h ???????? 008 /wiki/OlPe
4ed3905.f4 42f94048 043937 h ???????? 009 /wiki/PageMatch
4ed39bb.66 42f94050 043937 s ???????? 034 /
4ed39d0.b1 42f9598b 70a047 h ???????? 005 //rss.rdf
4ed3a40.f1 42f94054 043937 s ???????? 009 /wiki/PlatForm
4ed3a7c.05 42f94054 043937 s ???????? 009 /wiki/BiLingual
4ed3a94.38 bb97ffa7 670234 h ???????? 035 /
4ed3abc.6f 42f94048 043937 h ???????? 009 /wiki/ZeroDefects
4ed3afa.b6 42f94046 043937 h ???????? 00a /wiki/WeltMeister
4ed3afb.c6 0565db99 0da4cc h ???????? 034 /
4ed3b37.d7 42f94046 043937 h ???????? 002 /wiki/StateBugdet
4ed3bbe.ec 244422c2 19c6c4 h ???????? 012 /
4ed3bfd.86 c989e0a5 670234 h ???????? 013 /
4ed3c06.d7 284da72c 6a88e8 h ???????? 011 /
4ed3c72.9f bd9f0598 670234 h ???????? 012 /
4ed3c80.96 42f94046 043937 h ???????? 002 /wiki/BoweiDu
4ed3cc3.59 42f94048 043937 h ???????? 002 /wiki/DigitalTwin
4ed3d0e.2f 42f94046 043937 h ???????? 003 /wiki/HiFive
4ed3d3f.a9 42f94048 043937 h ???????? 003 /wiki/IngridaPlunksnyte
4ed3d61.7a bdeee714 670234 h ???????? 017 /
4ed3d8b.dd 26633e5d 99cc80 h ???????? 01f /
4ed40a1.0e c2bbaa73 ac35e0 h ???????? 002 //robots.txt
4ed4244.2d 42f94046 043937 h ???????? 002 /wiki/HaiZhuge
4ed428b.77 bf082ba9 702dd8 h ???????? 015 /
4ed42bb.8c bbc71bb1 cedf5c h ???????? 013 /
4ed4496.a0 42f94046 043937 h ???????? 002 /wiki/HomePage
4ed4599.b1 bdafd6bc 670234 h ???????? 013 /
4ed4643.11 d94585ee 399ff9 h ???????? 001 /robots.txt
4ed4647.ef d94585eb 399ff9 h ???????? 010 /wiki/127001
4ed4684.ad c967d337 670234 h ???????? 011 /
4ed46d5.0e 4e83cfeb cdfc4d h ???????? 015 /
4ed46fe.e9 bbc34c6d 670234 h ???????? 011 /
4ed4826.d1 9750278f 433e9c h ???????? 002 //robots.txt
4ed485e.ba 42f94046 043937 h ???????? 003 /wiki/KamalAli
4ed4926.87 2ee5a852 2e29b5 h ???????? 002 /robots.txt
4ed4a4f.ec 01ab59d3 670234 h ???????? 013 /
4ed4ca1.6f 42f9404a 043937 h ???????? 002 /wiki/BenAdida
4ed4e57.93 42f94046 043937 h ???????? 003 /wiki/SchaetzQual
4ed4f90.cb ca4af1ea cedf5c h ???????? 015 /
4ed501b.d7 42f94048 043937 h ???????? 003 /wiki/JihieKim
4ed50c7.c8 42f94048 043937 h ???????? 003 /wiki/GunterDueck
4ed50f4.72 42f94046 043937 h ???????? 003 /wiki/NextGeneration
4ed5105.c1 42f94048 043937 h ???????? 002 /wiki/MyWikiPedia
4ed5108.4f 42f94046 043937 h ???????? 002 /wiki/LastGeneration
4ed5113.b6 bdeeda4f 670234 h ???????? 012 /
4ed514d.1d d06e5d34 028fc4 h ???????? 002 //robots.txt
4ed514d.6d 42f94054 043937 s ???????? 003 /wiki/WeltSprache
4ed5151.00 d06e5d34 028fc4 h ???????? 002 //wiki/NooPolisDe
4ed5179.dc 42f94052 043937 s ???????? 002 /wiki/NeuroMatrix
4ed5246.c2 52cac83e eaf401 s ???????? 002 /admin/assets/js/views/login.js
4ed5258.94 904c6c15 028fc4 h ???????? 002 //robots.txt
4ed525d.66 904c6c15 028fc4 h ???????? 002 //wiki/SingularFernUni
4ed5304.1e 42f94050 043937 s ???????? 003 /wiki/ErdMaschine
4ed533f.8f 42f9404a 043937 h ???????? 001 /robots.txt
4ed53b3.9a 42f94048 043937 h ???????? 002 /PageInfo.jsp
4ed5413.ee 42f94048 043937 h ???????? 003 /wiki/NaYungYu
4ed549e.2e bb953156 670234 h ???????? 013 /
4ed5559.bb 42f94048 043937 h ???????? 002 /wiki/DingZhou
4ed56d3.a0 0d38e8f3 c8c944 h ???????? 016 /
4ed56f0.ac bd9282ac 670234 h ???????? 014 /
4ed573e.4e 4e2e2319 7dfab1 h ???????? 002 //rss.jsp
4ed573e.78 4e2e2319 7dfab1 h ???????? 001 //rss.jsp
4ed57b3.35 5fd80590 028fc4 h ???????? 002 /robots.txt
4ed57b4.af 5fd80590 028fc4 h ???????? 002 /wiki/WillmsBuhse
4ed5804.cd c9ee9b68 670234 h ???????? 031 /
4ed5893.eb 42f94048 043937 h ???????? 003 /wiki/JuanPane
4ed58f8.94 42f9404a 043937 h ???????? 003 /wiki/ByronDom
4ed59f1.f1 42f9404a 043937 h ???????? 002 /wiki/MinyiGuo
4ed5a3e.6e 42f95987 70a047 h ???????? 002 //rss.rdf
4ed5b6e.08 d0641ae6 011120 h ???????? 001 /sdk
4ed5b6e.06 d0641ae6 011120 h ???????? 00b /nmaplowercheck1526072728
4ed5b6e.01 d0641ae6 011120 h ???????? 03c /
4ed5b6e.98 d0641ae6 011120 h ???????? 002 /NmapUpperCheck1526072728
4ed5b6f.06 d0641ae6 011120 h ???????? 002 /Nmap/folder/check1526072728
4ed5c00.a2 8d658469 0da4cc h ???????? 014 /
4ed5c8f.df 42f9404a 043937 h ???????? 002 /wiki/KleinHaus
4ed5cc5.3d c39ab167 f92876 h ???????? 002 /README.txt
4ed5ccd.b5 42f94050 043937 s ???????? 003 /wiki/AgileSaxony
4ed5d08.03 42f94052 043937 s ???????? 005 /wiki/RdfProperty
4ed5d41.8e 42f94048 043937 h ???????? 004 /wiki/RolfWiehagen
4ed5d58.10 42f94046 043937 h ???????? 003 /wiki/AktProtokoll
4ed5d95.55 42f94052 622963 s ???????? 03a /
4ed605d.8b 42f94046 043937 h ???????? 003 /wiki/JuanziLi
4ed6102.60 bd9f525c 670234 h ???????? 018 /
4ed61cf.74 42f94048 043937 h ???????? 003 /wiki/YangWang
4ed62b7.49 42f94048 043937 h ???????? 003 /wiki/DieBlondine
4ed64df.06 cf2e0d82 6a88e8 s ???????? 019 /
4ed663b.79 42f94048 043937 h ???????? 004 /wiki/EmmaRose
4ed66c3.be 42f94048 043937 h ???????? 003 /wiki/DbLp
4ed671f.a5 42f9404a 043937 h ???????? 003 /wiki/DavidPal
4ed67fc.3e 42f94046 043937 h ???????? 004 /wiki/YingZhou
4ed68dd.c0 42f9404a 043937 h ???????? 003 /wiki/MengWang
4ed690c.f1 42f9404a 043937 h ???????? 003 /wiki/UnTil2010Q1
4ed696e.15 42f94046 043937 h ???????? 002 /wiki/HosenTasche
4ed699e.c1 33ffca42 c2bd49 h ???????? 026 /
4ed6a89.ec b90a4484 24f16f h ???????? 01a /
4ed6add.6e b1570368 670234 h ???????? 01c /
4ed6b15.c7 c96983f1 670234 h ???????? 016 /
4ed6b4c.48 b44c0f05 a04d28 h ???????? 017 /
4ed6b87.7e 42f9404a 043937 h ???????? 003 /wiki/QiangLiu
4ed6b8e.eb bb897582 670234 h ???????? 01a /
4ed6d74.27 42f94054 043937 s ???????? 003 /wiki/BuchStabe
4ed6d81.a7 42f94052 043937 s ???????? 004 /wiki/JanKreuter
4ed7016.93 42f94046 043937 h ???????? 003 /wiki/TripleSpace
4ed705c.c0 362494df 433e9c h ???????? 003 /edit/26576001
4ed70f0.e9 42f9404a 043937 h ???????? 004 /wiki/InMediasRes
4ed7122.9c 42f94046 043937 h ???????? 003 /wiki/MamaZwoNull
4ed73f3.b5 42f94048 043937 h ???????? 004 /wiki/SuperMarket
4ed73f4.e4 36249456 433e9c h ???????? 002 /edit/27506002
4ed73ff.b7 42f94048 043937 h ???????? 003 /wiki/BeuteSchema
4ed7466.2f 36249433 433e9c h ???????? 003 /wiki/PageNumber
4ed76a5.b1 be6dbd67 cdfc4d h ???????? 019 /
4ed783d.64 2d73b19f 702dd8 h ???????? 018 /
4ed7a38.3c b10b8e0a cdfc4d h ???????? 01c /
4ed7af3.a2 36249526 433e9c h ???????? 003 /wiki/TheSingularity
4ed7c10.cc 42f95987 70a047 h ???????? 002 //rss.rdf
4ed7caa.a5 bda364f7 670234 h ???????? 01d /
4ed7cad.7b 42f9404a 622963 h ???????? 019 /
4ed7f0c.4c 42f9404a 043937 h ???????? 003 /robots.txt
4ed7f12.39 42f94048 043937 h ???????? 002 /PageInfo.jsp
4ed8057.45 42f94048 043937 h ???????? 003 /wiki/IsaacAsimov
4ed808e.fa 36ede299 95df39 h ???????? 002 /robots.txt
4ed80c4.3e 42f94054 043937 s ???????? 003 /wiki/ATheLetter
4ed80cf.57 36249562 433e9c h ???????? 00d /edit/21736001
4ed80ff.a2 2399623a 95df39 h ???????? 002 /robots.txt
4ed80ff.df 2399623a 95df39 h ???????? 003 /wiki/MindWiki
4ed8456.f2 284da72c 6a88e8 h ???????? 01b /
4ed85a4.66 3624946d 433e9c h ???????? 002 /edit/22336007
4ed85c8.4e bb66471d be37cc h ???????? 018 /
4ed8661.6d 42f95989 70a047 h ???????? 002 //rss.rdf
4ed87ee.62 bda39ed1 670234 h ???????? 051 /
4ed8840.f5 42f94048 043937 h ???????? 003 /wiki/MindOne
4ed8a14.69 42f94050 043937 s ???????? 005 /wiki/RadiKal
4ed8d3f.1b 42f94052 043937 s ???????? 002 /edit/94425002
4ed8d64.91 42f94050 043937 s ???????? 01a /edit/155655001
4ed8d71.05 42f940db 043937 h ???????? 002 /robots.txt
4ed8d71.48 42f940db 043937 h ???????? 028 /
4ed8f62.71 bca5ea34 e3b0c4 h ???????? 003 /robots.txt
4ed8f64.a7 bca5ea34 147e59 h ???????? 01a /
4ed9242.c7 3ab06e25 670234 h ???????? 01b /
4ed94d8.7e 5fd81011 028fc4 h ???????? 003 /robots.txt
4ed94da.34 5fd81011 028fc4 h ???????? 004 /wiki/NooPolisDe
4ed956f.60 42f94048 043937 h ???????? 004 /wiki/PaulDoran
4ed95a4.f1 36249410 433e9c h ???????? 002 /edit/28146003
4ed9661.76 bc286647 7dfab1 h ???????? 003 //rss.jsp
4ed9661.ac bc286647 7dfab1 h ???????? 002 //rss.jsp
4ed9839.64 5f6cb561 e4b041 h ???????? 003 /robots.txt
4ed983d.34 5f6cb561 e4b041 h ???????? 003 /cal
4ed989b.96 b9dc651a cc9bbb h ???????? 058 /
4ed9a72.05 bd9baacd 670234 h ???????? 01e /
4ed9b60.0e bdaedc80 670234 h ???????? 056 /
4ed9b88.5c 42f94052 043937 s ???????? 004 /wiki/FamWis02
4ed9c52.70 bd9121ad 670234 h ???????? 01e /
4ed9dfc.5d 42f95989 70a047 h ???????? 003 //rss.rdf
4ed9ece.ba 36ede299 95df39 h ???????? 002 /robots.txt
4ed9f41.51 2399623a 95df39 h ???????? 003 /robots.txt
4ed9f41.92 2399623a 95df39 h ???????? 004 /wiki/SingularityUniversity
4eda2af.65 36249502 433e9c h ???????? 01d /
4eda31b.e6 bd912105 670234 h ???????? 01e /
4eda618.e5 c1464cba 0d0a34 s ???????? 38a /memo
4eda80b.87 5563f6e1 702dd8 h ???????? 020 /
4eda9f8.b0 42f941d0 043937 s ???????? 005 /wiki/JoinNow
4edad4b.c1 42f94054 043937 s ???????? 004 /wiki/FamWis01
4edadb3.3f b1352b93 be37cc h ???????? 01f /
4edaffa.7c 3624946b 433e9c h ???????? 002 /edit/30876001
4edb127.f1 5f6cb561 e4b041 h ???????? 01c /
4edb18a.03 3624950a 433e9c h ???????? 003 /edit/30126002
4edb37c.2a be5e8a11 670234 h ???????? 01d /
4edb5a2.56 9f411816 1d5a65 h ???????? 01e /
4edb5bf.1a 42f94050 622963 s ???????? 01c /
4edb617.b8 36249425 433e9c h ???????? 005 /wiki/MindBroker
4edb810.7f 42f94048 043937 h ???????? 005 /wiki/SchnittchenBuffet
4edba37.5e 42f9404a 043937 h ???????? 004 /wiki/HtMl
4edba40.62 42f95989 70a047 h ???????? 002 //rss.rdf
4edbf0f.0f 42f94054 043937 s ???????? 004 /wiki/EheRinge
4edc0cf.12 86ec2b35 702dd8 h ???????? 020 /
4edc0dd.65 bbc0e4f7 cedf5c h ???????? 01d /
4edc19d.39 42f9404a 043937 h ???????? 004 /wiki/AusserboerslicherHandel
4edc542.83 42f9404a 043937 h ???????? 003 /robots.txt
4edc542.f9 42f94048 043937 h ???????? 004 /wiki/EcCd
4edc56d.16 3624944e 433e9c h ???????? 003 /edit/29166006
4edc5a4.b4 2ea6819c cc9bbb h ???????? 01f /
4edc660.34 42f94048 043937 h ???????? 004 /wiki/ThumbOne
4edc6b8.ad bdf30cc5 670234 h ???????? 01d /
4edc71a.93 42f94048 043937 h ???????? 005 /wiki/CodeNomic
4edc7f8.87 42f9404a 043937 h ???????? 005 /wiki/LineageIi
4edc806.9e cf2e0d4c 6a88e8 s ???????? 003 /robots.txt
4edc821.c0 cf2e0d0d 6a88e8 s ???????? 02a /
4edc9da.33 42f94048 043937 h ???????? 005 /wiki/GoogleAccount
4edcb1d.4b 36249434 433e9c h ???????? 069 /edit/18796001
4edcb56.5c 42f9404a 043937 h ???????? 004 /wiki/MindBlog
4edcb84.7a 42f94048 043937 h ???????? 004 /wiki/AdrianLeverkuehn
4edcd86.fe bd981c3c 670234 h ???????? 021 /
4edd0d2.66 42f94052 043937 s ???????? 005 /wiki/SintFlut
4edd1bb.f8 42f94048 043937 h ???????? 005 /wiki/MaHe
4edd295.d2 42f94046 043937 h ???????? 005 /wiki/IsDead
4edd36d.ed 42f94048 043937 h ???????? 002 /system/robots.txt
4edd4d5.1a 42f94046 043937 h ???????? 003 /system
4edd6e4.fc bd9f225a 670234 h ???????? 021 /
4edd7ad.9e 42f9598b 70a047 h ???????? 004 //rss.rdf
4edd7d7.b3 51dbbd1a 19c6c4 h ???????? 01f /
4edd7f7.7b 5fd81319 028fc4 h ???????? 003 //robots.txt
4edd7fa.90 5fd81319 028fc4 h ???????? 004 //wiki/AdiDas
4edd86b.3f 5fd81319 028fc4 h ???????? 003 /robots.txt
4edd86e.7e 5fd81319 028fc4 h ???????? 005 /wiki/RockZipfel
4edd872.0f 5fd81319 028fc4 h ???????? 005 /wiki/SigmundFreud
4edd875.7e 5fd81319 028fc4 h ???????? 004 /wiki/SingularityDiscussion
4edd876.fd 5fd81319 028fc4 h ???????? 003 /robots.txt
4edd87a.1b 5fd81319 028fc4 h ???????? 01e /
4edd8dd.91 42f94048 043937 h ???????? 005 /wiki/RedVsBlue
4eddab8.a5 42f94048 043937 h ???????? 005 /wiki/MetaMoral
4eddb98.ef b211ae0e cc9bbb h ???????? 069 /
4eddc63.81 5e65fd3b 670234 h ???????? 023 /
4eddcbc.d4 42f94046 043937 h ???????? 005 /wiki/AgoraNomic
4edde8d.49 42f94048 622963 h ???????? 022 /
4eddf76.74 42f94052 043937 s ???????? 003 /robots.txt
4eddf76.c2 42f94052 043937 s ???????? 005 /wiki/PierreUllmann
4eddf80.d6 42f94050 043937 s ???????? 005 /wiki/ChristianeWinter
4ede07d.ad 42f94054 043937 s ???????? 004 /edit/64355001
4ede084.f9 42f94052 043937 s ???????? 003 /edit/58825003
4ede091.f8 42f94050 043937 s ???????? 004 /edit/60765012
4ede0ad.f5 42f94050 043937 s ???????? 003 /edit/64355002
4ede1ae.57 bd98e9c0 670234 h ???????? 020 /
4ede1f8.86 42f94054 043937 s ???????? 005 /wiki/JohnBoyd
4ede295.c8 42f94052 043937 s ???????? 005 /wiki/SeaLevel
4ede3a8.74 42f94046 043937 h ???????? 005 /wiki/FluesterPost
4ede4b4.7e 67e97ac7 19c6c4 h ???????? 01f /
4ede4bf.19 9fcbc44f b0202e h ???????? 040 /
4ede4fa.38 bd9f185a 670234 h ???????? 01e /
4ede602.1c 362494f7 433e9c h ???????? 004 /edit/22456004
4ede745.a3 40eb6c52 cedf5c h ???????? 023 /
4ede8c8.34 42f9404a 043937 h ???????? 006 /wiki/AtlanticOcean
4ede8f5.95 36249459 433e9c h ???????? 004 /edit/30886006
4edeb12.55 0585b70e 4ac579 h ???????? 003 //rss.rdf
4edec0b.4a 9d372785 6a88e8 h ???????? 003 /robots.txt
4edec0e.a4 cf2e0d6d 6a88e8 h ???????? 005 /wiki/EvanEhrenberg
4edecbc.27 42f9404a 043937 h ???????? 021 /edit/16066001
4eded16.af 42f94050 043937 s ???????? 005 /wiki/EcoNomic
4eded5c.d5 36ede299 95df39 h ???????? 004 /robots.txt
4eded77.ad 2399623a 95df39 h ???????? 003 /robots.txt
4eded77.ed 2399623a 95df39 h ???????? 005 /wiki/SeminarWissen
4eded85.ee 9d372749 6a88e8 h ???????? 01f /
4edeea8.bb 362494da 433e9c h ???????? 006 /wiki/PerSon
4edeed5.2a bc285186 7dfab1 h ???????? 003 //rss.jsp
4edeed5.62 bc285186 7dfab1 h ???????? 003 //rss.jsp
4edeeee.22 bc285186 7dfab1 h ???????? 003 //rss.jsp
4edeeee.53 bc285186 7dfab1 h ???????? 003 //rss.jsp
4edef49.3a 6baae3c1 ef60d6 h ???????? 021 /
4edef6a.d1 bc285186 7dfab1 h ???????? 003 //rss.jsp
4edef6b.18 bc285186 7dfab1 h ???????? 00c //rss.jsp
4edef6b.2e bc285186 7dfab1 h ???????? 003 //rss.jsp
4edef6b.67 bc285186 7dfab1 h ???????? 003 //rss.jsp
4edeff6.bc 6dc9040e 19c6c4 h ???????? 022 /
4edf04b.ff 5f6cb561 e4b041 h ???????? 003 /robots.txt
4edf04f.b7 5f6cb561 e4b041 h ???????? 021 /edit/12956004
4edf459.09 42f9404a 043937 h ???????? 005 /wiki/PeterSchaar
4edf480.e1 42f9598b 70a047 h ???????? 004 //rss.rdf
4edf56d.14 df1dcf86 702dd8 h ???????? 06e /
4edf5c3.12 bbc0a83b cedf5c h ???????? 023 /
4edf5d9.8c bdaf11c1 670234 h ???????? 022 /
4edf60f.bc 42f9404a 043937 h ???????? 005 /wiki/GbR
4edf8d6.ee 42f94046 043937 h ???????? 005 /wiki/LaLeLu
4edf9d1.49 b44c0f19 a04d28 h ???????? 005 /wiki/LockSchuppen
4edfa82.58 bd9967a5 670234 h ???????? 070 /
4edfb63.ac 42f94048 043937 h ???????? 006 /wiki/KoenigsBrueck
4edfbed.d1 c73a56ce 028fc4 h ???????? 004 /robots.txt
4edfbf1.b4 c73a56ce 028fc4 h ???????? 023 /
4edfc9d.92 c2bbaa85 ac35e0 h ???????? 004 //robots.txt
4edfcc2.c6 d94585ee 399ff9 h ???????? 003 /robots.txt
4edfccc.50 d94585ee 399ff9 h ???????? 022 /wiki/116001
4edfcd8.45 42f94048 043937 h ???????? 005 /wiki/%22%20person%20%22
4edfd67.f8 59f8a8ab de59e5 h ???????? 004 /GponForm/diag_Form
4edfe01.cd 42f94046 043937 h ???????? 006 /wiki/MiTp
4edff24.43 36512175 2baa92 h ???????? 024 /
4edffd7.1f 42f9404a 043937 h ???????? 006 /wiki/EatThis
