4fe001f.5b 42f9414e 043937 h ???????? 002 /wiki/EconomyOfScale
4fe00ed.37 1fb8c19a 94b52a h ???????? 017 /
4fe0156.fe 42f9414a 043937 h ???????? 00a /robots.txt
4fe0157.00 42f9414c 043937 h ???????? 005 /wiki/CatholicChurch
4fe01d6.5e 42f9414c 043937 h ???????? 002 /wiki/OpenUniversity
4fe0252.6e b2086ead ea3c0a h ???????? 012 /
4fe0278.b0 42f9414c 043937 h ???????? 002 /wiki/EmergentDesign
4fe0391.3c 42f9414a 043937 h ???????? 002 /wiki/GaryatriSpivak
4fe040a.df 40e9ad84 002725 h ???????? 001 /favicon.ico
4fe0490.53 42f9414c 043937 h ???????? 002 /wiki/UrLaub
4fe04bc.f3 42f9414c 043937 h ???????? 002 /wiki/CategoryCancer
4fe05b4.c9 42f9414e 043937 h ???????? 002 /wiki/SelfHealthCare
4fe05fd.76 42f9414a 043937 h ???????? 002 /wiki/SocioBiologist
4fe06cc.94 42f9414a 043937 h ???????? 002 /wiki/HowToSaveEmail
4fe0726.06 b2086ead ea3c0a h ???????? 012 /
4fe0728.e6 b2086ead 6c4fa8 h ???????? 001 /apple-touch-icon-152x152-precomposed.png
4fe0729.16 b2086ead 6c4fa8 h ???????? 002 /apple-touch-icon-152x152.png
4fe0729.43 b2086ead 6c4fa8 h ???????? 002 /apple-touch-icon.png
4fe0729.6d b2086ead 6c4fa8 h ???????? 001 /apple-touch-icon.png
4fe0729.93 b2086ead 6c4fa8 h ???????? 001 /apple-touch-icon-precomposed.png
4fe0729.ba b2086ead 6c4fa8 h ???????? 001 /favicon.ico
4fe072a.b0 b2086ead ea3c0a h ???????? 003 /feel/4
4fe0854.0c 36249463 433e9c h ???????? 001 /edit/23236007
4fe087e.3d b2086ead ea3c0a h ???????? 012 /
4fe0882.a3 b2086ead ea3c0a h ???????? 001 /alive/4
4fe0882.bb b2086ead ea3c0a h ???????? 001 /feel/4
4fe0887.14 b2086ead ea3c0a h ???????? 009 /alive/8
4fe0887.24 b2086ead ea3c0a h ???????? 001 /feel/8
4fe089b.8d 42f942c6 043937 h ???????? 002 /wiki/NanoTechnology
4fe0983.8a 42f942c8 043937 h ???????? 002 /wiki/WasabiLanguage
4fe0a3f.68 42f942c6 043937 h ???????? 009 /wiki/JohnSeelyBrown
4fe0b8c.b7 42f942c8 043937 h ???????? 002 /wiki/VisualLiteracy
4fe0cf1.1a 42f942c6 043937 h ???????? 003 /wiki/NetworkLinkBin
4fe0d03.23 42f942c6 043937 h ???????? 002 /wiki/AntiPolitician
4fe0e13.7c 42f942ca 043937 h ???????? 007 /wiki/TestingMarxism
4fe0f71.6a 42f942ca 043937 h ???????? 003 /wiki/LanguageSqueak
4fe1089.64 42f942c8 043937 h ???????? 002 /wiki/RaidOnTumbolia
4fe108a.41 42f942c8 043937 h ???????? 003 /wiki/MarketThinking
4fe113d.0f 3624960b 433e9c h ???????? 002 /wiki/PartOf
4fe11b6.8e 42f942c6 043937 h ???????? 003 /wiki/RobotDinosaurs
4fe1269.a9 42f942c6 043937 h ???????? 002 /wiki/OnTheCluetrain
4fe13a7.a4 6e4e8d49 be37cc h ???????? 015 /
4fe140d.2a 42f942c6 043937 h ???????? 003 /wiki/ErlangLanguage
4fe140e.22 42f942ca 043937 h ???????? 003 /wiki/OneRoomMansion
4fe1423.24 92c42b0e 702dd8 h ???????? 01b /
4fe144c.8c 42f942c6 043937 h ???????? 002 /wiki/StraTo
4fe14f6.07 42f942c6 622963 h ???????? 002 /wiki/ReDu
4fe1502.24 42f942c8 043937 h ???????? 002 /wiki/ValueOfArguing
4fe15a2.c0 966d3422 d22d36 h ???????? 002 /core/CHANGELOG.txt
4fe160e.04 42f942c8 043937 h ???????? 002 /wiki/SwarmOfServers
4fe1652.f2 42f942c8 043937 h ???????? 003 /wiki/UmLaut
4fe1722.7a 42f942c6 043937 h ???????? 002 /wiki/FluidMechanics
4fe178e.a5 42f942c8 043937 h ???????? 002 /wiki/WeblogsAndWiki
4fe18e3.96 9d372733 6a88e8 h ???????? 002 //robots.txt
4fe18fd.36 42f942c8 043937 h ???????? 003 /wiki/TypesOfMarkets
4fe1a2b.0b 42f942c6 043937 h ???????? 002 /wiki/CategoryEthics
4fe1a52.e8 42f942ca 043937 h ???????? 002 /wiki/MusicalEcology
4fe1ad0.6e 253b2ca8 a42462 h ???????? 002 /Comment.jsp
4fe1ad0.99 253b2ca8 a42462 h ???????? 01c /
4fe1b14.3a 42f942c8 043937 h ???????? 003 /wiki/SpimeWranglers
4fe1c40.3e 42f942ca 043937 h ???????? 003 /wiki/MarketPopulism
4fe1c90.50 42f942c8 043937 h ???????? 009 /wiki/ZiLino
4fe1d6b.6f 42f942c8 043937 h ???????? 002 /wiki/PythonLanguage
4fe1db8.0d 42f942ca 043937 h ???????? 002 /wiki/WhatIsAnObject
4fe1dc1.08 25bb94dd bcf95d h ???????? 001 //user/password
4fe1dc1.7e 25bb94dd 8e5c7b h ???????? 001 //kurd.php
4fe1e89.29 42f942d0 622963 s ???????? 003 /wiki/DirkHengst
4fe1ee8.ed 42f942c6 043937 h ???????? 003 /wiki/PlaTin
4fe1fd6.40 42f942c8 043937 h ???????? 002 /wiki/InternetPlayas
4fe1fd7.7e 42f942c6 043937 h ???????? 003 /wiki/WikiComparason
4fe20cc.a2 42f95cc9 70a047 h ???????? 002 //rss.rdf
4fe20df.81 42f942ca 043937 h ???????? 003 /wiki/DoomSlayerBets
4fe21cc.22 42f942c8 043937 h ???????? 003 /wiki/BusinessModels
4fe2229.25 0585d450 043937 h ???????? 003 /wiki/ThorstenPrante
4fe228e.54 0585d450 043937 h ???????? 002 /wiki/ThomasChristaller
4fe22b0.fb 42f942ca 043937 h ???????? 003 /wiki/RdfVsTopicMaps
4fe2322.65 8b515e15 85c767 h ???????? 016 /
4fe2337.5c b9dc652e cc9bbb h ???????? 016 /
4fe2348.11 42f942c6 043937 h ???????? 00a /wiki/OnOrganization
4fe2397.ce 42f942c6 043937 h ???????? 003 /wiki/SdCard
4fe2475.0c 42f942c6 043937 h ???????? 003 /wiki/CoWorkingVenue
4fe24e5.23 25bb94dd bcf95d h ???????? 002 /user/password
4fe24e5.71 25bb94dd eaf401 h ???????? 016 /
4fe24e5.b5 25bb94dd 8e5c7b h ???????? 002 /kurd.php
4fe24ea.76 7a605db5 53f294 h ???????? 001 //favicon.ico
4fe259e.60 42f942cc 043937 h ???????? 003 /wiki/RssAsAPlatform
4fe260c.34 42f942d0 043937 h ???????? 003 /wiki/NoSilverBullet
4fe26d0.28 42f942cc 043937 h ???????? 003 /wiki/ManuelCastells
4fe26df.35 4ddc641b 19c6c4 h ???????? 017 /
4fe2721.bb b97cacba cdfc4d h ???????? 016 /
4fe2804.1d 42f942ca 622963 h ???????? 00a /wiki/RonaldCoase
4fe2884.ad 42f942c6 043937 h ???????? 003 /wiki/TheAgeOfAccess
4fe288c.54 3624961e 433e9c h ???????? 003 /wiki/WasaPlatz
4fe28d7.9e 42f942c8 043937 h ???????? 003 /wiki/SystemFailures
4fe2944.b2 36249523 433e9c h ???????? 002 /edit/27376008
4fe297c.ab 42f942c6 043937 h ???????? 003 /wiki/WeiMar
4fe2997.a9 36249561 433e9c h ???????? 002 /edit/23146001
4fe2a77.88 42f942c8 043937 h ???????? 003 /wiki/WiPe
4fe2ab1.e5 42f942c6 043937 h ???????? 003 /wiki/AgWiki
4fe2ab2.c5 b44c0f1a a04d28 h ???????? 017 /
4fe2af1.c8 42f942ca 043937 h ???????? 003 /wiki/DuGu
4fe2bf3.ce 42f942c6 043937 h ???????? 003 /wiki/LaSe
4fe2dfe.d3 42f942c8 622963 h ???????? 004 /wiki/MirkoGlaser
4fe2e7c.87 42f942c8 043937 h ???????? 003 /wiki/SiKu
4fe2f3a.f6 42f942ca 043937 h ???????? 003 /wiki/BrTa
4fe3041.25 42f942c6 043937 h ???????? 003 /wiki/LoBol
4fe3050.ae 42f942c6 043937 h ???????? 003 /wiki/HjFrey
4fe31b1.1f 42f942ca 043937 h ???????? 003 /wiki/RotHock
4fe3200.6c 0585b70e e83b9c h ???????? 002 //rss.rdf
4fe3200.7f d5abdc98 a95ea1 h ???????? 002 //rss.rdf
4fe328c.65 5896e4da ea6e3c h ???????? 002 //rss.rdf
4fe3347.31 42f942c6 043937 h ???????? 003 /wiki/ElevatorPitch
4fe33db.2e 42f942ca 043937 h ???????? 003 /wiki/DasMan
4fe3445.b9 b15f4d45 19c6c4 h ???????? 018 /
4fe3446.4b 42f942c8 043937 h ???????? 004 /wiki/QualityControl
4fe344e.fc bf6409ad 670234 h ???????? 019 /
4fe34ac.79 3624943b 433e9c h ???????? 003 /wiki/CoConsulting
4fe34ad.a6 7da181a4 be37cc h ???????? 018 /
4fe34f3.c9 3624949a 433e9c h ???????? 003 /wiki/PeterThiel
4fe351f.33 42f942c8 043937 h ???????? 003 /wiki/RichardGabriel
4fe3728.43 8ba27485 12bd58 s ???????? 020 /
4fe379d.80 67595b79 ee113c h ???????? 019 /
4fe37a0.95 67595b79 ee113c h ???????? 00a //https://floatingboat2013.appspot.com
4fe37a1.88 67595b79 ee113c h ???????? 003 //wiki/AlanTuring
4fe37a4.c6 67595b79 ee113c h ???????? 003 //wiki/GottfriedWilhelmLeibniz
4fe37a6.bd 67595b79 ee113c h ???????? 002 //https://floatingboat2013.appspot.com/UrPic
4fe37a8.0c 67595b79 ee113c h ???????? 002 //https://floatingboat2013.appspot.com/ad
4fe37ac.2f 67595b79 ee113c h ???????? 002 //https://sl4.eu/hls
4fe37ad.21 67595b79 ee113c h ???????? 002 //https://sl4.eu/ls
4fe37b1.f7 67595b79 ee113c h ???????? 002 //https://sl4.eu/sh
4fe37b3.59 67595b79 ee113c h ???????? 002 //https://www.youtube.com/watch
4fe3bb0.c5 97502791 433e9c h ???????? 003 /t/robots.txt
4fe3c0f.72 42f942ca 043937 h ???????? 003 /wiki/WebEditor
4fe3dba.cc 36249657 433e9c h ???????? 003 /wiki/PoolOfIdeas
4fe3dc6.06 2deadf36 19c6c4 h ???????? 019 /
4fe3edc.8b 42f942d0 043937 h ???????? 00d /wiki/WaSc
4fe3f15.1d 8d4c2d5b ca0366 h ???????? 019 /1
4fe3fc8.93 42f942c8 043937 h ???????? 004 /wiki/MindOrganizer
4fe40e6.53 36249439 433e9c h ???????? 01a /edit/14306003
4fe411e.1d 3624965e 433e9c h ???????? 004 /wiki/TraumBetriebsWirtschaftsLehre
4fe42f1.bd 42f942c6 043937 h ???????? 003 /wiki/WasWar
4fe432a.10 cf2e0d52 6a88e8 s ???????? 01d /
4fe4383.f2 5f6cb561 e4b041 h ???????? 003 /robots.txt
4fe4387.bc 5f6cb561 e4b041 h ???????? 018 /
4fe43b4.10 42f942c6 043937 h ???????? 004 /wiki/BackUp
4fe4521.f2 42f942c8 043937 h ???????? 004 /wiki/FbLeak
4fe4597.8d bdae716a be37cc h ???????? 01a /
4fe4679.d5 5f6cb561 e4b041 h ???????? 01a /
4fe467a.69 8d088e98 e4b041 s ???????? 001 /robots.txt
4fe467d.ef 5f6cb561 e4b041 s ???????? 010 /
4fe4728.c7 42f942ca 043937 h ???????? 002 /wiki/SeaBlue
4fe4781.79 810a6e30 6272d4 h ???????? 002 //wiki/realfilm
4fe4873.c7 5f6cb561 e4b041 h ???????? 012 /
4fe48a2.76 3624954d 433e9c h ???????? 001 /edit/26426003
4fe493f.d5 42f95ccb 70a047 h ???????? 001 //rss.rdf
4fe4a31.56 42f942ca 043937 h ???????? 002 /wiki/JuAv
4fe4a3f.80 bcf6bb8e be37cc h ???????? 010 /
4fe4b1d.75 42f942c8 043937 h ???????? 002 /wiki/PlUrk
4fe4b20.cf 42f942ca 043937 h ???????? 002 /wiki/SshTla
4fe4b30.40 42f942c8 043937 h ???????? 002 /wiki/TwitterClone
4fe4b82.1e 42f942c6 043937 h ???????? 001 /wiki/AjpPort
4fe4c4e.77 42f942c8 043937 h ???????? 002 /wiki/SimonTatham
4fe4d3b.fc 362494a6 433e9c h ???????? 001 /coPlatte_4845.jpg
4fe4d3e.c5 3624960d 433e9c h ???????? 002 /wiki/ComPlex
4fe4e0b.7d 36249413 433e9c h ???????? 001 /edit/23496009
4fe4f67.86 42f942c6 043937 h ???????? 002 /wiki/InSider
4fe506e.60 42f942c8 043937 h ???????? 002 /wiki/MartinRiemer
4fe50d7.25 b44c0f0a a04d28 h ???????? 011 /
4fe51cc.7a 36249569 433e9c h ???????? 002 /wiki/WasWyrd
4fe523e.55 42f942ce 043937 h ???????? 002 /wiki/HagenStanel
4fe5279.55 b5e77780 702dd8 h ???????? 012 /
4fe54c8.f0 42f942c6 043937 h ???????? 002 /wiki/EwanMcIntosh
4fe5525.6b 5f6cb561 e4b041 h ???????? 013 /
4fe5759.15 42f942c8 043937 h ???????? 002 /wiki/PhilippSchmidt
4fe590a.3e 9d372753 6a88e8 h ???????? 012 /
4fe5a67.a3 36249647 433e9c h ???????? 002 /wiki/PagePath
4fe5a74.47 6e4de861 cdfc4d h ???????? 012 /
4fe5abe.f3 42f942c8 043937 h ???????? 003 /wiki/SanJose
4fe5ac3.e7 42f942c8 622963 h ???????? 002 /wiki/EmpresaColectiva
4fe5b49.44 52c16695 028fc4 h ???????? 002 //robots.txt
4fe5b4e.20 52c16695 028fc4 h ???????? 002 //wiki/%25s
4fe5b5c.a9 52c16695 028fc4 h ???????? 002 //wiki/%3C%25=session.getAttribute(
4fe5b65.0d 52c16695 028fc4 h ???????? 002 //wiki/AnneWillSingulari%E2%80%A6
4fe5b6c.fb 52c16695 028fc4 h ???????? 002 //wiki/DresdenWiFi%E2%80%9C
4fe5b78.54 52c16695 028fc4 h ???????? 002 //wiki/DresdenWiFi
4fe5b88.de c68f9b8a ce42d0 h ???????? 018 /
4fe5b8d.cc 52c16695 028fc4 h ???????? 002 //wiki/LockSchuppen.%C2%A0
4fe5b99.b4 52c16695 028fc4 h ???????? 002 //wiki/LockSchuppen.%C3%82%C2%A0
4fe606e.3d 4e2e2319 7dfab1 h ???????? 002 //rss.jsp
4fe606e.67 4e2e2319 7dfab1 h ???????? 001 //rss.jsp
4fe6253.a8 42f942c6 043937 h ???????? 003 /wiki/MindTwo
4fe6400.db 36249667 433e9c h ???????? 003 /wiki/GarryKasparov
4fe6477.b7 36249616 433e9c h ???????? 002 /wiki/IpAddress
4fe64c7.3b 1fb8c19a 94b52a h ???????? 014 /
4fe6595.22 42f942c6 043937 h ???????? 002 /wiki/EconoPhysics
4fe65fa.a0 c22cf045 702dd8 h ???????? 013 /
4fe6924.23 42f942c8 043937 h ???????? 003 /wiki/RolfSchulmeister
4fe6995.55 67fbdee1 702dd8 h ???????? 014 /
4fe69eb.c0 42f942c8 043937 h ???????? 002 /wiki/SaLoppe
4fe6ad7.cb 68df87a7 458e86 h ???????? 01a /
4fe6dfe.b5 8677d457 f606d2 h ???????? 001 /echo.php
4fe6e00.e8 42f942c6 043937 h ???????? 002 /wiki/CoBoter
4fe6f62.24 42f942c6 043937 h ???????? 003 /wiki/CategoryPerson
4fe7076.b9 362494e8 433e9c h ???????? 002 /edit/22536001
4fe7091.a7 bb905207 702dd8 h ???????? 014 /
4fe70ba.70 c68f859a ce42d0 h ???????? 002 /t
4fe70d2.43 b44c0f1f fa643b h ???????? 001 /robots.txt
4fe70d2.44 b44c0f97 fa643b h ???????? 002 /robots.txt
4fe70ea.b8 42f942c8 043937 h ???????? 003 /wiki/CategoryScript
4fe712c.50 42f942ca 043937 h ???????? 002 /wiki/HyperTextMusic
4fe712c.c2 42f942ca 043937 h ???????? 003 /wiki/AtlanticForest
4fe7171.b9 b44c0f97 a04d28 h ???????? 003 /wiki/LockOffice
4fe7175.23 42f942d4 043937 s ???????? 014 /
4fe71e8.9f 42f942ca 043937 h ???????? 003 /wiki/TheCareEconomy
4fe72a4.07 36249636 433e9c h ???????? 003 /wiki/StundenBuch
4fe72b3.9c 42f942c8 043937 h ???????? 003 /wiki/AtrocityCasino
4fe73e0.ce 42f942ca 043937 h ???????? 003 /wiki/CategoryPython
4fe7413.ea 42f942ca 043937 h ???????? 002 /wiki/UsabilityStuff
4fe747d.58 42f95d2c 70a047 h ???????? 001 //rss.rdf
4fe753f.80 42f942c6 043937 h ???????? 003 /wiki/SpimeWrangling
4fe7598.e8 42f942c6 043937 h ???????? 002 /wiki/EtAl
4fe75bd.3d 42f942d4 043937 s ???????? 003 /wiki/ManKind
4fe75dd.35 42f942d0 043937 s ???????? 003 /wiki/FavIcon
4fe7603.05 42f942d0 043937 s ???????? 003 /wiki/KeyNote
4fe761d.16 42f942c6 043937 h ???????? 003 /wiki/TheMiddleClass
4fe762d.e3 42f942d2 043937 s ???????? 003 /wiki/ChildOf
4fe765b.da 42f942d0 043937 s ???????? 002 /wiki/WaveBot
4fe76a1.f0 42f942c8 043937 h ???????? 003 /wiki/PeerProduction
4fe7773.67 42f94293 043937 s ???????? 002 /robots.txt
4fe7797.60 42f942ca 043937 h ???????? 003 /wiki/ErnestoSorelli
4fe78bd.09 42f942c8 043937 h ???????? 002 /wiki/SmartContracts
4fe7947.19 42f942c6 043937 h ???????? 003 /wiki/MappersProcess
4fe7a77.f9 42f942c6 043937 h ???????? 003 /wiki/GroupSelection
4fe7b83.7b 42f942ca 043937 h ???????? 003 /wiki/InteractiveArt
4fe7c3e.7a 42f942c6 043937 h ???????? 003 /wiki/SystemsBiology
4fe7c7d.f3 b3719f64 19c6c4 h ???????? 01b /
4fe7cff.e7 36249478 433e9c h ???????? 002 /edit/9826001
4fe7d05.4e d94586c8 399ff9 h ???????? 002 /robots.txt
4fe7d28.7d 57d21156 7202bb h ???????? 015 /
4fe7d29.2e 57d21156 7202bb h ???????? 001 //https://floatingboat2013.appspot.com
4fe7d29.cc 57d21156 7202bb h ???????? 003 //wiki/AlanTuring
4fe7d2a.83 57d21156 7202bb h ???????? 003 //wiki/GottfriedWilhelmLeibniz
4fe7d30.26 d94586b7 399ff9 h ???????? 003 /wiki/LifeDay16184
4fe7dc9.5d 42f942c6 043937 h ???????? 003 /wiki/OmidyarNetwork
4fe7eb4.d9 42f942ca 043937 h ???????? 003 /wiki/OnConservatism
4fe7f94.65 42f942ca 043937 h ???????? 003 /wiki/ChineseWriting
4fe8043.0f cbdf22c5 702dd8 h ???????? 016 /
4fe805d.42 42f942ca 043937 h ???????? 003 /wiki/MicroPatronage
4fe808d.72 9d37275a 6a88e8 s ???????? 016 /
4fe813f.df 42f942c6 043937 h ???????? 003 /wiki/ShearingLayers
4fe8219.f4 6baaf5fa ef60d6 s ???????? 016 /
4fe825b.fd 42f942d0 622963 s ???????? 022 /
4fe8308.58 42f942ca 043937 h ???????? 003 /wiki/WhatIsaNetwork
4fe8430.93 42f942ca 043937 h ???????? 003 /wiki/EconoSim
4fe843d.b6 42f942c6 043937 h ???????? 003 /wiki/CodeGeneration
4fe84d9.bf 42f942c8 043937 h ???????? 003 /wiki/RyzeNetworking
4fe8523.f1 42f942c8 043937 h ???????? 002 /wiki/LockBibo
4fe852b.ec bdeb497f cedf5c h ???????? 01f /
4fe85d4.98 42f942c6 043937 h ???????? 004 /wiki/AuckLand
4fe85f2.63 42f942c8 043937 h ???????? 003 /wiki/MagicInterface
4fe8690.48 42f942ca 043937 h ???????? 003 /wiki/PovertyLinkBin
4fe87fc.1b 42f942ca 043937 h ???????? 003 /wiki/NicheJobBoards
4fe8855.a8 42f942c8 043937 h ???????? 003 /wiki/SacredGeometry
4fe8941.cf 42f942c6 043937 h ???????? 003 /wiki/HumanSacrifice
4fe898f.7d 42f942ca 043937 h ???????? 004 /wiki/TunaFish
4fe8a2e.85 c2bbaa7b ac35e0 h ???????? 002 //robots.txt
4fe8a5b.ae 42f942ca 043937 h ???????? 003 /wiki/ReclaimTheCity
4fe8ba5.ac 42f942c6 043937 h ???????? 004 /wiki/EdgeCompetence
4fe8bbb.c0 42f942c8 043937 h ???????? 018 /
4fe8bbf.ee 42f942c6 ab3bd9 h ???????? 002 /feel/4
4fe8c91.47 42f942ca 043937 h ???????? 003 /wiki/NeuralNetworks
4fe8cb0.e6 97502791 433e9c h ???????? 002 /robots.txt
4fe8cb1.a2 3624954b 433e9c h ???????? 002 /edit/27486001
4fe8d24.7d 362494c0 433e9c h ???????? 002 /edit/23496001
4fe8d54.bc 42f942ca 043937 h ???????? 004 /wiki/WorstConnected
4fe8de8.63 42f942c8 043937 h ???????? 003 /wiki/WeinRot
4fe8e4d.00 42f942c8 043937 h ???????? 004 /wiki/TheOpenSociety
4fe8eed.c1 b90a4484 24f16f h ???????? 02b /
4fe9043.f9 42f942c6 043937 h ???????? 004 /wiki/FactorLanguage
4fe905a.14 42f942c6 043937 h ???????? 003 /wiki/NeoMedievalism
4fe9154.cb 42f942c6 043937 h ???????? 003 /wiki/ObjectOriented
4fe9186.57 c901db75 be37cc h ???????? 018 /
4fe9260.3a 42f942c8 043937 h ???????? 004 /wiki/AudioInterface
4fe9339.0c 42f942ca 043937 h ???????? 004 /wiki/CommonsProblem
4fe9400.80 42f942c8 043937 h ???????? 004 /wiki/SpatialBrowser
4fe94d7.cd 42f942c8 043937 h ???????? 004 /wiki/AlgebraOfFeeds
4fe951b.b9 42f942c8 622963 h ???????? 004 /wiki/FreeMium
4fe9588.fe 42f942d2 043937 s ???????? 004 /wiki/FahrRad
4fe95a5.e4 42f942c6 043937 h ???????? 003 /wiki/CopsAndRobbers
4fe9695.f3 42f942c8 043937 h ???????? 003 /wiki/JohnnyChungLee
4fe96b1.e6 42f942c6 043937 h ???????? 003 /wiki/EuroCent
4fe9777.0c 6764d008 42637e h ???????? 00a /wls-wsat/CoordinatorPortType
4fe9777.ba 6764d008 1066b4 h ???????? 060 /index.php
4fe977a.3e 6764d008 1066b4 h ???????? 059 /index.php
4fe977a.b8 6764d008 1066b4 h ???????? 002 /phpmyadmin/index.php
4fe977d.1f 6764d008 1066b4 h ???????? 003 /phpmyadmin/index.php
4fe977d.8a 6764d008 1066b4 h ???????? 002 /phpMyAdmin/index.php
4fe977f.f9 6764d008 1066b4 h ???????? 002 /phpMyAdmin/index.php
4fe9780.62 6764d008 1066b4 h ???????? 00a /pmd/index.php
4fe9782.d3 6764d008 1066b4 h ???????? 003 /pmd/index.php
4fe9783.43 6764d008 1066b4 h ???????? 002 /pma/index.php
4fe9785.b3 6764d008 1066b4 h ???????? 002 /pma/index.php
4fe9786.24 6764d008 1066b4 h ???????? 002 /PMA/index.php
4fe9788.88 6764d008 1066b4 h ???????? 002 /PMA/index.php
4fe9788.ef 6764d008 1066b4 h ???????? 002 /PMA2/index.php
4fe978b.59 6764d008 1066b4 h ???????? 003 /PMA2/index.php
4fe978b.c4 6764d008 1066b4 h ???????? 002 /pmamy/index.php
4fe978e.2e 6764d008 1066b4 h ???????? 003 /pmamy/index.php
4fe978e.9b 6764d008 1066b4 h ???????? 002 /pmamy2/index.php
4fe9791.08 6764d008 1066b4 h ???????? 002 /pmamy2/index.php
4fe9791.72 6764d008 1066b4 h ???????? 00a /mysql/index.php
4fe9793.e2 6764d008 1066b4 h ???????? 003 /mysql/index.php
4fe9794.50 6764d008 1066b4 h ???????? 002 /admin/index.php
4fe9796.bd 6764d008 1066b4 h ???????? 003 /admin/index.php
4fe9797.2b 6764d008 1066b4 h ???????? 002 /db/index.php
4fe9799.9d 6764d008 1066b4 h ???????? 003 /db/index.php
4fe979a.0c 6764d008 1066b4 h ???????? 002 /dbadmin/index.php
4fe979c.7f 6764d008 1066b4 h ???????? 003 /dbadmin/index.php
4fe979c.e9 6764d008 1066b4 h ???????? 002 /web/phpMyAdmin/index.php
4fe979f.56 6764d008 1066b4 h ???????? 002 /web/phpMyAdmin/index.php
4fe979f.f6 6764d008 1066b4 h ???????? 001 /admin/pma/index.php
4fe97a2.59 6764d008 1066b4 h ???????? 001 /admin/pma/index.php
4fe97a2.ba 6764d008 1066b4 h ???????? 002 /admin/PMA/index.php
4fe97a5.18 6764d008 1066b4 h ???????? 001 /admin/PMA/index.php
4fe97a5.7a 6764d008 1066b4 h ???????? 001 /admin/mysql/index.php
4fe97a7.dc 6764d008 1066b4 h ???????? 001 /admin/mysql/index.php
4fe97a8.41 6764d008 1066b4 h ???????? 001 /admin/mysql2/index.php
4fe97aa.9f 6764d008 1066b4 h ???????? 001 /admin/mysql2/index.php
4fe97aa.f8 6764d008 1066b4 h ???????? 001 /admin/phpmyadmin/index.php
4fe97ad.5c 6764d008 1066b4 h ???????? 006 /admin/phpmyadmin/index.php
4fe97ad.be 6764d008 1066b4 h ???????? 001 /admin/phpMyAdmin/index.php
4fe97b0.1d 6764d008 1066b4 h ???????? 002 /admin/phpMyAdmin/index.php
4fe97b0.7f 6764d008 1066b4 h ???????? 001 /admin/phpmyadmin2/index.php
4fe97b2.e3 6764d008 1066b4 h ???????? 002 /admin/phpmyadmin2/index.php
4fe97b3.3f 6764d008 1066b4 h ???????? 002 /mysqladmin/index.php
4fe97b5.a5 6764d008 1066b4 h ???????? 002 /mysqladmin/index.php
4fe97b6.03 6764d008 1066b4 h ???????? 001 /mysql-admin/index.php
4fe97b8.63 6764d008 1066b4 h ???????? 001 /mysql-admin/index.php
4fe97b8.c7 6764d008 1066b4 h ???????? 002 /phpadmin/index.php
4fe97bb.25 6764d008 1066b4 h ???????? 001 /phpadmin/index.php
4fe97bb.8b 6764d008 1066b4 h ???????? 001 /phpmyadmin0/index.php
4fe97bd.ea 6764d008 1066b4 h ???????? 001 /phpmyadmin0/index.php
4fe97be.4c 6764d008 1066b4 h ???????? 001 /phpmyadmin1/index.php
4fe97c0.b4 6764d008 1066b4 h ???????? 001 /phpmyadmin1/index.php
4fe97c1.16 6764d008 1066b4 h ???????? 002 /phpmyadmin2/index.php
4fe97c3.7c 6764d008 1066b4 h ???????? 001 /phpmyadmin2/index.php
4fe97c3.e0 6764d008 1066b4 h ???????? 001 /myadmin/index.php
4fe97c4.3c 42f942ca 043937 h ???????? 002 /wiki/TwipCast
4fe97c6.46 6764d008 1066b4 h ???????? 008 /myadmin/index.php
4fe97c6.a8 6764d008 1066b4 h ???????? 001 /myadmin2/index.php
4fe97c9.14 6764d008 1066b4 h ???????? 002 /myadmin2/index.php
4fe97c9.79 6764d008 1066b4 h ???????? 002 /xampp/phpmyadmin/index.php
4fe97cb.e1 6764d008 1066b4 h ???????? 001 /xampp/phpmyadmin/index.php
4fe97cc.43 6764d008 1066b4 h ???????? 001 /phpMyadmin_bak/index.php
4fe97ce.ad 6764d008 1066b4 h ???????? 001 /phpMyadmin_bak/index.php
4fe97cf.15 6764d008 1066b4 h ???????? 002 /www/phpMyAdmin/index.php
4fe97d1.7d 6764d008 1066b4 h ???????? 001 /www/phpMyAdmin/index.php
4fe97d1.dc 6764d008 1066b4 h ???????? 002 /tools/phpMyAdmin/index.php
4fe97d4.44 6764d008 1066b4 h ???????? 002 /tools/phpMyAdmin/index.php
4fe97d4.aa 6764d008 1066b4 h ???????? 001 /phpmyadmin-old/index.php
4fe97d7.11 6764d008 1066b4 h ???????? 002 /phpmyadmin-old/index.php
4fe97d7.7c 6764d008 1066b4 h ???????? 001 /phpMyAdminold/index.php
4fe97d9.e4 6764d008 1066b4 h ???????? 002 /phpMyAdminold/index.php
4fe97da.43 6764d008 1066b4 h ???????? 002 /phpMyAdmin.old/index.php
4fe97dc.ab 6764d008 1066b4 h ???????? 002 /phpMyAdmin.old/index.php
4fe97dd.09 6764d008 1066b4 h ???????? 002 /pma-old/index.php
4fe97df.6c 6764d008 1066b4 h ???????? 001 /pma-old/index.php
4fe97df.cc 6764d008 1066b4 h ???????? 001 /claroline/phpMyAdmin/index.php
4fe97e2.2e 6764d008 1066b4 h ???????? 001 /claroline/phpMyAdmin/index.php
4fe97e2.93 6764d008 1066b4 h ???????? 002 /typo3/phpmyadmin/index.php
4fe97e4.f4 6764d008 1066b4 h ???????? 001 /typo3/phpmyadmin/index.php
4fe97e5.54 6764d008 1066b4 h ???????? 002 /phpma/index.php
4fe97e7.be 6764d008 1066b4 h ???????? 002 /phpma/index.php
4fe97e8.26 6764d008 1066b4 h ???????? 001 /phpmyadmin/phpmyadmin/index.php
4fe97ea.8e 6764d008 1066b4 h ???????? 001 /phpmyadmin/phpmyadmin/index.php
4fe97ea.ec 6764d008 1066b4 h ???????? 001 /phpMyAdmin/phpMyAdmin/index.php
4fe97ed.52 6764d008 1066b4 h ???????? 002 /phpMyAdmin/phpMyAdmin/index.php
4fe97f3.4e 36249549 433e9c h ???????? 003 /wiki/ChristianGuenzl
4fe97f4.7d 42f942ca 043937 h ???????? 002 /wiki/CategoryHealth
4fe988b.25 42f942c8 043937 h ???????? 002 /wiki/NeuroEconomics
4fe9914.5d 1b00b79b 702dd8 h ???????? 015 /
4fe99a6.7b 42f942c6 043937 h ???????? 003 /wiki/JackGreenfield
4fe9acf.f2 42f942c6 043937 h ???????? 002 /wiki/MoneyAsAMedium
4fe9b80.ff 42f942c8 043937 h ???????? 003 /wiki/QuickNotations
4fe9bfb.89 42f942ca 043937 h ???????? 003 /wiki/CodeIsNotATree
4fe9c67.05 cf2e0dba 6a88e8 h ???????? 003 /wiki/NanoBeton
4fe9cb7.63 42f942ca 043937 h ???????? 003 /wiki/CategoryDesign
4fe9cb8.f3 55f8e3a3 cc9bbb h ???????? 015 /
4fe9dbd.45 42f942ca 043937 h ???????? 003 /wiki/PrologLanguage
4fe9dfe.48 42f942c8 043937 h ???????? 002 /wiki/CoLiving
4fe9e7b.cc 42f9420e 043937 h ???????? 001 /robots.txt
4fe9e7c.22 42f94210 043937 h ???????? 01e /
4fe9e8c.ae 42f942ca 043937 h ???????? 003 /wiki/PhilsInterests
4fe9e8f.36 42f95ccb 70a047 h ???????? 002 //rss.rdf
4fe9f38.2e bbd6eaaf be37cc h ???????? 016 /
4fe9f67.ff 42f942ca 043937 h ???????? 004 /wiki/MoneyVsSociety
4fea084.77 42f942c6 043937 h ???????? 003 /wiki/WeblogOrdering
4fea08f.70 5f6cb561 e4b041 h ???????? 002 /robots.txt
4fea093.38 5f6cb561 e4b041 h ???????? 01d /
4fea0af.a4 a7f9678c be37cc h ???????? 015 /
4fea140.8c 67595b79 ee113c h ???????? 016 /
4fea141.e7 67595b79 ee113c h ???????? 001 //https://floatingboat2013.appspot.com
4fea142.6f 42f942c8 043937 h ???????? 002 /wiki/RobertNeuwirth
4fea143.50 67595b79 ee113c h ???????? 003 //wiki/AlanTuring
4fea144.9e 67595b79 ee113c h ???????? 003 //wiki/GottfriedWilhelmLeibniz
4fea146.74 67595b79 ee113c h ???????? 002 //https://floatingboat2013.appspot.com/UrPic
4fea148.ac 67595b79 ee113c h ???????? 001 //https://floatingboat2013.appspot.com/ad
4fea14a.8b 67595b79 ee113c h ???????? 002 //https://sl4.eu/hls
4fea14d.4a 67595b79 ee113c h ???????? 002 //https://sl4.eu/ls
4fea14e.44 67595b79 ee113c h ???????? 002 //https://sl4.eu/sh
4fea14f.46 67595b79 ee113c h ???????? 002 //https://www.youtube.com/watch
4fea20e.5e 42f942c8 043937 h ???????? 003 /wiki/EdgePrinciples
4fea319.31 42f942c6 043937 h ???????? 003 /wiki/JohnRobb
4fea34c.9c 36249518 433e9c h ???????? 003 /wiki/VladimirPutin
4fea35e.0b 42f942c8 043937 h ???????? 003 /wiki/ArgueAgainstMe
4fea363.0e 42f942c8 043937 h ???????? 003 /wiki/GustavMahler
4fea3fc.6d 42f942c6 043937 h ???????? 003 /wiki/HernandoDeSoto
4fea4c0.78 42f942c8 043937 h ???????? 003 /wiki/LooseAccounting
4fea4e4.bb 362494b2 433e9c h ???????? 003 /edit/29996001
4fea595.bd 42f942ca 043937 h ???????? 004 /wiki/WebTwoPointZero
4fea5b4.47 330f4b79 c2bd49 h ???????? 017 /
4fea5b7.c8 42f942c8 622963 h ???????? 018 /
4fea693.32 42f942ca 043937 h ???????? 003 /wiki/WiredSweatshops
4fea74b.c1 42f942ca 043937 h ???????? 003 /wiki/JefRaskin
4fea767.a6 42f942c8 043937 h ???????? 003 /wiki/CommonResources
4fea845.45 42f942ca 043937 h ???????? 003 /wiki/BigVisibleChart
4fea8d4.70 bc286647 7dfab1 h ???????? 002 //rss.jsp
4fea8d4.99 bc286647 7dfab1 h ???????? 002 //rss.jsp
4feaa0f.a4 42f942c8 043937 h ???????? 004 /wiki/InternetCulture
4feaa80.d9 bf640a10 670234 h ???????? 01a /
4feaa98.ad bf640a10 3fa874 h ???????? 003 /GponForm/diag_Form
4feaab7.0b 36249470 433e9c h ???????? 002 /edit/27596001
4feab27.d3 42f942ca 043937 h ???????? 003 /wiki/WarPersonalized
4feabce.5f 42f942c6 043937 h ???????? 004 /wiki/EmotionalLabour
4feacb7.c6 42f942c8 043937 h ???????? 003 /wiki/FirstLawOfUsers
4fead99.93 42f942c8 043937 h ???????? 004 /wiki/StateOfTheMedia
4feadd9.9e 3624941c 433e9c h ???????? 002 /edit/29186006
4feae86.60 b92fa3d2 cdfc4d h ???????? 018 /
4feaebd.42 42f942c6 043937 h ???????? 003 /wiki/InnovationMyths
4feaf55.da 42f942ca 043937 h ???????? 004 /wiki/AnEasyInterface
4feb09e.8c 42f942ca 043937 h ???????? 003 /wiki/WikiIsACauldron
4feb142.dd 42f942ca 043937 h ???????? 003 /wiki/GoldBackedMoney
4feb23f.0b 42f942c8 043937 h ???????? 003 /wiki/RichardStallman
4feb35c.19 42f942ca 043937 h ???????? 004 /wiki/HowCitiesEvolve
4feb389.51 42f942d0 043937 s ???????? 018 /
4feb389.89 42f942d0 043937 s ???????? 003 /robots.txt
4feb53b.d1 42f942d0 622963 s ???????? 022 /
4feb670.36 42f942ca 043937 h ???????? 004 /wiki/ParadoxOfVoting
4feb67b.ce 6e4d9e92 cedf5c h ???????? 019 /
4feb6d6.19 36249492 433e9c h ???????? 003 /edit/22176001
4feb6dd.88 42f942ca 043937 h ???????? 004 /wiki/GraphicalModels
4feb739.54 362494fe 433e9c h ???????? 004 /wiki/SoerenRogoll
4feb751.ce 42f942c8 043937 h ???????? 004 /wiki/WhatAreClosures
4feb78d.e2 6895d8c3 be7255 h ???????? 018 /
4feb78e.34 6895d8c3 be7255 h ???????? 002 /api
4feb8bb.56 42f942c8 043937 h ???????? 003 /wiki/SoftwarePatents
4feb8d9.d4 42f942c8 043937 h ???????? 003 /wiki/MetroAg
4feb90e.fe 42f942d4 043937 s ???????? 004 /wiki/MyVideo
4feba01.36 42f942ca 043937 h ???????? 004 /wiki/TransitionTowns
4feba30.bc 42f942ca 043937 h ???????? 003 /wiki/BeSucher
4febaf6.0b 5f6cb561 e4b041 s ???????? 003 /robots.txt
4febaf9.ad 5f6cb561 e4b041 s ???????? 13b6 /age
4febb19.60 42f942c6 043937 h ???????? 002 /wiki/TheEndOfHistory
4febce4.1a 42f942c8 043937 h ???????? 002 /wiki/BeSichtigung
4febe9d.71 42f942c6 043937 h ???????? 002 /wiki/AnBu
4febf7b.c8 42f942c6 043937 h ???????? 002 /wiki/HaKa
4fec31e.9a 42f954eb 002725 h ???????? 002 /favicon.ico
4fec405.76 42f942c8 043937 h ???????? 002 /wiki/LiebesWeg
4fec5de.b7 42f942d2 043937 s ???????? 011 /
4fec6a2.88 42f942c8 043937 h ???????? 002 /wiki/LebowskiLady
4fec70d.4c 42f95cc7 70a047 h ???????? 001 //rss.rdf
4fec79e.02 8e04d774 e3b0c4 h ???????? 001 /robots.txt
4fec7a0.76 8e04d774 d9ec50 h ???????? 011 /
4fecad1.f3 42f942d2 043937 s ???????? 002 /wiki/UbiGrate
4fece47.28 42f942c6 043937 h ???????? 002 /wiki/TankNavi
4fecf02.c4 bcf0d01a 57819b h ???????? 02b /
4fecf02.d2 36510016 c76db1 s ???????? 001 /robots.txt
4fecf03.74 36510016 c76db1 s ???????? 145d /age
4fed0c8.a2 36249480 433e9c h ???????? 002 /edit/26416006
4fed0d9.3d c90d483f 19c6c4 h ???????? 012 /
4fed15f.32 59fb6b12 19c6c4 h ???????? 016 /
4fed30f.57 5f6cb561 e4b041 h ???????? 001 /robots.txt
4fed313.14 5f6cb561 e4b041 h ???????? 001 /cal
4fed33c.d1 42f942ca 043937 h ???????? 002 /wiki/TeleBabySitting
4fed347.81 4df75da8 19c6c4 h ???????? 017 /
4fed72e.84 42f942ca 043937 h ???????? 012 /
4fed747.38 c0473736 043937 h ???????? 012 /
4fed812.ec 42f942ca 043937 h ???????? 002 /wiki/HuisClos
4fed84b.09 42f942ca 043937 h ???????? 002 /wiki/NesnesitelnaLehkostByti
4fedbe8.24 b12e8eec 670234 h ???????? 017 /
4fedbe8.bf b12e8eec 670234 h ???????? 013 /
4fedbea.3b b12e8eec 3fa874 h ???????? 001 /GponForm/diag_Form
4fedc94.f2 42f942d0 043937 s ???????? 003 /wiki/ErlemannTurm
4fedc97.e4 36249530 433e9c h ???????? 012 /edit/19486001
4fedcb1.1c 42f942c6 043937 h ???????? 002 /wiki/LockPhase
4feddab.bd c967a2e1 cdfc4d h ???????? 012 /
4feddb5.2b 42f942c8 043937 h ???????? 002 /wiki/MilanKundera
4feddd9.cc 58e1d5f9 be37cc h ???????? 018 /
4fede37.ee 3624950f 433e9c h ???????? 001 /edit/22306001
4fee3a7.cd cf2e0d91 6a88e8 s ???????? 012 /
4fee4f5.fa 42f942ca 043937 h ???????? 002 /wiki/BeetHoven
4fee5af.fd 6a0b9acc 80aeb5 h ???????? 015 /
4fee9ee.73 42f94210 043937 h ???????? 019 /
4feeb21.22 b788caf4 eaf401 s ???????? 001 /plugins/weathermap/configs/conn.php
4feeb21.4f b788caf4 eaf401 s ???????? 002 /jbossmq-httpil/HTTPServerILServlet
4feeb22.08 b788caf4 eaf401 s ???????? 043 /invoker/readonly
4feeb22.84 b788caf4 5af48c s ???????? 001 /wls-wsat/CoordinatorPortType
4feec09.3c 6b0696f2 ce42d0 h ???????? 012 /
4feee57.d9 42f942c6 043937 h ???????? 002 /wiki/ApolloMission
4feef31.92 3624952d 433e9c h ???????? 002 /edit/31206001
4fef24a.a1 42f95d28 70a047 h ???????? 002 //rss.rdf
4fef34e.89 42f942c6 622963 h ???????? 01a /
4fef586.bc 42f942c6 043937 h ???????? 003 /wiki/ExCel
4fef860.56 d94586a1 399ff9 h ???????? 002 /robots.txt
4fef86d.f0 d94586b1 399ff9 h ???????? 001 /hot
4fef9b4.62 9d37272f 6a88e8 h ???????? 002 /robots.txt
4fef9b6.7e cf2e0d71 6a88e8 h ???????? 01a /
4fefb21.6d 42f942ca 043937 h ???????? 003 /wiki/FoafKnows
4fefcae.b0 42f942d4 622963 s ???????? 014 /
4fefeea.65 9750278f 433e9c h ???????? 001 //robots.txt
4feff1d.b0 42f942ca 043937 h ???????? 002 /wiki/CorpPedia
4feff70.f7 4706cac6 aadf09 h ???????? 002 /ccvv
4feff75.45 36249638 433e9c h ???????? 002 /wiki/ObDach
