50400b5.7a 42f9459e 043937 h ???????? 002 /wiki/ProductivityAndWages
504015e.74 42f9459c 043937 h ???????? 003 /wiki/DesktopManufacturing
50401fd.b3 9750278f 433e9c h ???????? 002 /robots.txt
5040244.af 42f9459e 043937 h ???????? 002 /wiki/ToolsForConviviality
5040321.80 42f9459d 043937 h ???????? 003 /wiki/WebloggingPhenomenon
5040437.b8 42f9459d 043937 h ???????? 003 /wiki/EnergyBackedCurrency
5040514.5e 42f9459e 043937 h ???????? 003 /wiki/AutomatedComposition
50405d3.3f 42f9459d 043937 h ???????? 003 /wiki/BloggingPersonalizes
50406af.21 42f9459d 043937 h ???????? 003 /wiki/ProgrammingLanguages
5040706.78 c05f1f2a 57819b h ???????? 002 /administrator/components/com_jinc/classes/graphics/php-ofc-library/ofc_upload_image.php
5040751.9a 42f94586 622963 s ???????? 016 /
5040753.e6 42f94586 622963 s ???????? 015 /feel/10
5040797.09 42f9459d 043937 h ???????? 003 /wiki/ZombiesAndCapitalism
5040801.05 42f9459d 043937 h ???????? 003 /wiki/NooMicJsp
504084d.c4 d8f442f3 2e51d1 h ???????? 002 /robots.txt
5040879.62 284da74b 6a88e8 h ???????? 016 /
5040879.d4 42f9459e 043937 h ???????? 003 /wiki/TheUserIsThePlatform
5040938.d3 d8f442f3 2e51d1 h ???????? 003 /wiki/PerSon
5040949.fe 674e673a 42637e h ???????? 002 /wls-wsat/CoordinatorPortType
504094a.db 674e673a 1066b4 h ???????? 050 /index.php
504094d.99 674e673a 1066b4 h ???????? 052 /index.php
5040953.5a 674e673a 1066b4 h ???????? 002 /phpmyadmin/index.php
5040955.d6 674e673a 1066b4 h ???????? 002 /phpmyadmin/index.php
5040956.52 674e673a 1066b4 h ???????? 008 /phpMyAdmin/index.php
5040958.d1 674e673a 1066b4 h ???????? 002 /phpMyAdmin/index.php
5040959.54 674e673a 1066b4 h ???????? 002 /pmd/index.php
504095b.cf 674e673a 1066b4 h ???????? 001 /pmd/index.php
504095c.46 674e673a 1066b4 h ???????? 002 /pma/index.php
504095e.ba 674e673a 1066b4 h ???????? 002 /pma/index.php
504095f.3b 674e673a 1066b4 h ???????? 002 /PMA/index.php
5040961.b4 674e673a 1066b4 h ???????? 001 /PMA/index.php
5040962.2c 674e673a 1066b4 h ???????? 002 /PMA2/index.php
5040964.a6 674e673a 1066b4 h ???????? 001 /PMA2/index.php
5040965.1c 674e673a 1066b4 h ???????? 001 /pmamy/index.php
5040967.98 674e673a 1066b4 h ???????? 002 /pmamy/index.php
5040968.12 674e673a 1066b4 h ???????? 001 /pmamy2/index.php
504096a.91 674e673a 1066b4 h ???????? 002 /pmamy2/index.php
504096b.0c 674e673a 1066b4 h ???????? 002 /mysql/index.php
504096d.92 674e673a 1066b4 h ???????? 002 /mysql/index.php
504097b.c1 674e673a 1066b4 h ???????? 002 /admin/index.php
5040985.e3 674e673a 1066b4 h ???????? 002 /admin/index.php
5040986.64 674e673a 1066b4 h ???????? 002 /db/index.php
5040988.f7 674e673a 1066b4 h ???????? 001 /db/index.php
5040989.76 674e673a 1066b4 h ???????? 002 /dbadmin/index.php
504098b.8d 42f9459c 622963 h ???????? 017 /
504098b.f0 674e673a 1066b4 h ???????? 002 /dbadmin/index.php
504098c.6d 674e673a 1066b4 h ???????? 002 /web/phpMyAdmin/index.php
504098d.dc 42f9459c 043937 h ???????? 009 /feel/4
504098e.44 42f9459c 043937 h ???????? 002 /feel/8
504098e.eb 674e673a 1066b4 h ???????? 002 /web/phpMyAdmin/index.php
504098f.6c 674e673a 1066b4 h ???????? 002 /admin/pma/index.php
5040991.e5 674e673a 1066b4 h ???????? 002 /admin/pma/index.php
5040992.5d 674e673a 1066b4 h ???????? 002 /admin/PMA/index.php
5040994.db 674e673a 1066b4 h ???????? 002 /admin/PMA/index.php
5040995.56 674e673a 1066b4 h ???????? 009 /admin/mysql/index.php
5040997.d6 674e673a 1066b4 h ???????? 001 /admin/mysql/index.php
5040998.52 674e673a 1066b4 h ???????? 002 /admin/mysql2/index.php
504099a.cc 674e673a 1066b4 h ???????? 002 /admin/mysql2/index.php
504099b.49 674e673a 1066b4 h ???????? 002 /admin/phpmyadmin/index.php
504099d.c5 674e673a 1066b4 h ???????? 002 /admin/phpmyadmin/index.php
504099e.4c 674e673a 1066b4 h ???????? 003 /admin/phpMyAdmin/index.php
50409a0.c9 674e673a 1066b4 h ???????? 00a /admin/phpMyAdmin/index.php
50409a1.44 674e673a 1066b4 h ???????? 002 /admin/phpmyadmin2/index.php
50409a3.c5 674e673a 1066b4 h ???????? 002 /admin/phpmyadmin2/index.php
50409a4.46 674e673a 1066b4 h ???????? 002 /mysqladmin/index.php
50409a6.c6 674e673a 1066b4 h ???????? 002 /mysqladmin/index.php
50409a7.4c 674e673a 1066b4 h ???????? 002 /mysql-admin/index.php
50409a9.c7 674e673a 1066b4 h ???????? 002 /mysql-admin/index.php
50409aa.71 674e673a 1066b4 h ???????? 005 /phpadmin/index.php
50409ac.e4 674e673a 1066b4 h ???????? 001 /phpadmin/index.php
50409ad.53 674e673a 1066b4 h ???????? 002 /phpmyadmin0/index.php
50409af.c8 674e673a 1066b4 h ???????? 001 /phpmyadmin0/index.php
50409b0.42 674e673a 1066b4 h ???????? 001 /phpmyadmin1/index.php
50409b2.ac 674e673a 1066b4 h ???????? 001 /phpmyadmin1/index.php
50409b3.22 674e673a 1066b4 h ???????? 001 /phpmyadmin2/index.php
50409b5.99 674e673a 1066b4 h ???????? 001 /phpmyadmin2/index.php
50409b6.08 674e673a 1066b4 h ???????? 001 /myadmin/index.php
50409b8.7b 674e673a 1066b4 h ???????? 002 /myadmin/index.php
50409b8.f1 674e673a 1066b4 h ???????? 001 /myadmin2/index.php
50409bb.63 674e673a 1066b4 h ???????? 001 /myadmin2/index.php
50409bb.db 674e673a 1066b4 h ???????? 002 /xampp/phpmyadmin/index.php
50409be.55 674e673a 1066b4 h ???????? 002 /xampp/phpmyadmin/index.php
50409be.cf 674e673a 1066b4 h ???????? 002 /phpMyadmin_bak/index.php
50409c1.47 674e673a 1066b4 h ???????? 002 /phpMyadmin_bak/index.php
50409c1.bf 674e673a 1066b4 h ???????? 002 /www/phpMyAdmin/index.php
50409c4.f3 674e673a 1066b4 h ???????? 002 /www/phpMyAdmin/index.php
50409c5.71 674e673a 1066b4 h ???????? 001 /tools/phpMyAdmin/index.php
50409c7.eb 674e673a 1066b4 h ???????? 002 /tools/phpMyAdmin/index.php
50409c8.63 674e673a 1066b4 h ???????? 002 /phpmyadmin-old/index.php
50409ca.da 674e673a 1066b4 h ???????? 002 /phpmyadmin-old/index.php
50409cb.4f 674e673a 1066b4 h ???????? 001 /phpMyAdminold/index.php
50409cd.c8 674e673a 1066b4 h ???????? 001 /phpMyAdminold/index.php
50409ce.40 674e673a 1066b4 h ???????? 001 /phpMyAdmin.old/index.php
50409d0.b7 674e673a 1066b4 h ???????? 002 /phpMyAdmin.old/index.php
50409d1.2a 674e673a 1066b4 h ???????? 001 /pma-old/index.php
50409d3.9f 674e673a 1066b4 h ???????? 001 /pma-old/index.php
50409d4.16 674e673a 1066b4 h ???????? 001 /claroline/phpMyAdmin/index.php
50409d6.88 674e673a 1066b4 h ???????? 002 /claroline/phpMyAdmin/index.php
50409d6.f9 674e673a 1066b4 h ???????? 001 /typo3/phpmyadmin/index.php
50409d9.8c 674e673a 1066b4 h ???????? 001 /typo3/phpmyadmin/index.php
50409d9.fb 674e673a 1066b4 h ???????? 002 /phpma/index.php
50409dc.72 674e673a 1066b4 h ???????? 001 /phpma/index.php
50409dc.e7 674e673a 1066b4 h ???????? 002 /phpmyadmin/phpmyadmin/index.php
50409df.8d 674e673a 1066b4 h ???????? 002 /phpmyadmin/phpmyadmin/index.php
50409df.fc 674e673a 1066b4 h ???????? 001 /phpMyAdmin/phpMyAdmin/index.php
50409e2.74 674e673a 1066b4 h ???????? 001 /phpMyAdmin/phpMyAdmin/index.php
50409ee.d3 42f9459e 043937 h ???????? 003 /wiki/DoesAbstractionScale
5040a85.16 42f9459c 043937 h ???????? 004 /wiki/SocialModellingTools
5040b0a.89 42f9459c 043937 h ???????? 003 /wiki/DisruptiveTechnology
5040b71.ef 42f95b5d 70a047 h ???????? 002 //rss.rdf
5040b7f.ce 42f9459d 043937 h ???????? 002 /wiki/LawOfComputerEntropy
5040c10.52 42f9459c 043937 h ???????? 003 /wiki/AutocatalyticNetwork
5040c28.d3 42f9459e 043937 h ???????? 003 /wiki/ProblemOfParallelism
5040ca7.c2 b44c0f8d a04d28 h ???????? 003 /wiki/SingularityUniversity
5040cf8.f6 42f9459e 043937 h ???????? 003 /wiki/ThinkingAntiPatterns
5040db4.2c 42f9459d 043937 h ???????? 003 /wiki/ComputersInEducation
5040e2f.41 34e0ea2d 028fc4 h ???????? 002 //robots.txt
5040e32.72 34e0ea2d 028fc4 h ???????? 016 /
5040e55.89 cd8b8d36 209ef4 h ???????? 001 //rss.rdf
5040eb1.e7 42f9459d 043937 h ???????? 002 /wiki/NetworksAndStandards
5040f7c.14 42f9459e 043937 h ???????? 003 /wiki/HypertextVsHierarchy
50410c9.4b 42f9459d 043937 h ???????? 003 /wiki/SpecialDrawingRights
504113e.ab 42f9459c 043937 h ???????? 003 /wiki/InternetCultureStuff
5041245.f4 42f9459d 043937 h ???????? 003 /wiki/EmergentIntelligence
5041332.f7 42f9459e 043937 h ???????? 003 /wiki/BetweenSkinAndGarden
5041409.73 42f9459e 043937 h ???????? 003 /wiki/WikiIsTheNewFrontier
50414cc.f7 42f9459c 043937 h ???????? 00a /wiki/ElectronicGovernment
5041572.22 bbc0e28b 702dd8 h ???????? 017 /
50415b2.60 42f9459d 043937 h ???????? 003 /wiki/AmericaAsMalignDeity
50416a7.db 42f9459c 043937 h ???????? 003 /wiki/AllTechnicalExamples
504177f.3b 42f9459e 043937 h ???????? 003 /wiki/NewEconomyCurriculum
5041866.18 42f9459c 043937 h ???????? 003 /wiki/EvolutionaryDynamics
50418fe.33 42f94586 043937 s ???????? 002 /robots.txt
50418fe.d0 42f94582 043937 s ???????? 01e /
5041939.f9 42f9459d 043937 h ???????? 002 /wiki/IntellectualProperty
504197a.a6 42f94b9a 043937 h ???????? 002 /robots.txt
504197b.09 42f94b98 043937 h ???????? 016 /
50419c4.79 42f9459e 043937 h ???????? 003 /wiki/AtemZuege
5041a1c.b4 42f9459d 043937 h ???????? 003 /wiki/SoftwareMaintainence
5041b1d.ee 42f9459d 043937 h ???????? 003 /wiki/CyclomaticComplexity
5041b56.05 97502791 433e9c h ???????? 002 /robots.txt
5041b56.3a 3624963e 433e9c h ???????? 003 /wiki/VerSteh
5041be7.5f 42f9459c 043937 h ???????? 003 /wiki/DefendingAdaptionism
5041d2c.1f be5e904c 670234 h ???????? 017 /
5041d30.67 be5e904c 670234 h ???????? 016 /
5041d40.4d be5e904c 3fa874 h ???????? 002 /GponForm/diag_Form
5041d5d.08 42f9459e 043937 h ???????? 003 /wiki/JonUdellsTwoCultures
5041daa.31 42f9459e 043937 h ???????? 003 /wiki/CategoryFreeSoftware
5041dec.50 c4342b66 c5c81c h ???????? 01f /
5041e8e.46 42f9459d 043937 h ???????? 003 /wiki/RecombinantComputing
5041f75.b6 42f9459c 043937 h ???????? 004 /wiki/ClassicalProgressive
5042052.e7 d58aa29b 670234 h ???????? 002 /phpmyadmin/
5042053.1a d58aa29b 670234 h ???????? 002 /phpmyadmin/
5042053.53 d58aa29b 670234 h ???????? 001 /PMA/
5042053.84 d58aa29b 670234 h ???????? 002 /PMA/
5042053.b8 d58aa29b 670234 h ???????? 002 /dbadmin/
5042053.e8 d58aa29b 670234 h ???????? 008 /dbadmin/
5042054.5c d58aa29b 670234 h ???????? 002 /pma/
5042054.93 d58aa29b 670234 h ???????? 002 /pma/
5042055.0a d58aa29b 670234 h ???????? 002 /db/
5042055.3c d58aa29b 670234 h ???????? 002 /db/
5042055.f2 42f9459e 043937 h ???????? 004 /wiki/ThePowerOfNightmares
5042058.fc 36249608 433e9c h ???????? 003 /wiki/SchachProgramm
5042152.5c 42f9459e 043937 h ???????? 004 /wiki/AgainstProfessionals
504221d.80 42f9459d 043937 h ???????? 003 /wiki/SugarOperatingSystem
50422d6.7e bca6e15f 670234 h ???????? 002 /phpmyadmin/
50422d6.f5 bca6e15f 670234 h ???????? 002 /phpmyadmin/
50422d7.71 bca6e15f 670234 h ???????? 001 /PMA/
50422d7.ed bca6e15f 670234 h ???????? 002 /PMA/
50422d8.6b bca6e15f 670234 h ???????? 002 /dbadmin/
50422d8.eb bca6e15f 670234 h ???????? 01d /dbadmin/
50422d9.70 bca6e15f 670234 h ???????? 002 /pma/
50422d9.e7 bca6e15f 670234 h ???????? 002 /pma/
50422da.94 bca6e15f 670234 h ???????? 001 /db/
50422db.05 bca6e15f 670234 h ???????? 001 /db/
50422fd.88 42f9459d 043937 h ???????? 001 /wiki/CsTb
50423e0.ae 42f9459c 043937 h ???????? 002 /wiki/BioMass
50424c3.b3 42f9459c 043937 h ???????? 002 /wiki/HackFwd
50425a6.b4 42f9459e 043937 h ???????? 002 /wiki/MaxVonBock
5042622.e2 36249481 433e9c h ???????? 001 /edit/22346002
5042689.b7 42f9459c 043937 h ???????? 002 /wiki/GastStaette
504276c.b6 42f9459d 043937 h ???????? 002 /wiki/AugustOetker2
50427ae.82 42f95b5c 70a047 h ???????? 001 //rss.rdf
504284f.ba 42f9459e 043937 h ???????? 002 /wiki/MichaelJacobs
50428a1.9e b029ac86 cedf5c h ???????? 016 /
5042932.ba 42f9459c 043937 h ???????? 003 /wiki/SousVeillance
5042985.2f 36251e07 646bf4 h ???????? 002 /status
5042985.50 36251e07 646bf4 h ???????? 011 /
5042985.6f 36251e07 646bf4 h ???????? 001 /script
5042985.90 36251e07 646bf4 h ???????? 002 /jenkins/script
5042985.b1 36251e07 646bf4 h ???????? 001 /login
5042985.cb 36251e07 646bf4 h ???????? 005 /jmx-console
5042985.e8 36251e07 646bf4 h ???????? 015 /
5042986.08 36251e07 646bf4 h ???????? 014 /
5042986.2d 36251e07 646bf4 h ???????? 001 /manager/html
5042986.49 36251e07 646bf4 h ???????? 015 /
5042986.67 36251e07 646bf4 h ???????? 010 /
5042986.90 36251e07 646bf4 h ???????? 001 /tomcat-cms/cmd.jsp
5042986.ab 36251e07 646bf4 h ???????? 011 /
5042986.cc 36251e07 646bf4 h ???????? 011 /
5042986.f3 36251e07 646bf4 h ???????? 002 /dfn/nman.jsp
5042987.0f 36251e07 646bf4 h ???????? 012 /
5042987.36 36251e07 646bf4 h ???????? 013 /
5042987.5d 36251e07 646bf4 h ???????? 002 /dfn/df.jsp
5042987.78 36251e07 646bf4 h ???????? 012 /
5042987.95 36251e07 646bf4 h ???????? 011 /
5042987.b3 36251e07 646bf4 h ???????? 001 /Catalina/df.jsp
5042987.cd 36251e07 646bf4 h ???????? 012 /
5042987.ea 36251e07 646bf4 h ???????? 017 /
5042988.09 36251e07 646bf4 h ???????? 002 /host/cmd.jsp
5042988.2a 36251e07 646bf4 h ???????? 018 /
5042988.51 36251e07 646bf4 h ???????? 018 /
5042988.72 36251e07 646bf4 h ???????? 012 /
5042988.9c 36251e07 646bf4 h ???????? 001 //administrator
5042988.c0 36251e07 646bf4 h ???????? 007 /joomla/administrator
5042988.dc 36251e07 646bf4 h ???????? 001 /cms/administrator
5042988.f7 36251e07 646bf4 h ???????? 002 /Joomla/administrator
5042989.12 36251e07 646bf4 h ???????? 002 /msd
5042989.2d 36251e07 646bf4 h ???????? 001 /mySqlDumper
5042989.49 36251e07 646bf4 h ???????? 001 /msd1.24stable
5042989.65 36251e07 646bf4 h ???????? 002 /msd1.24.4
5042989.7f 36251e07 646bf4 h ???????? 001 /mysqldumper
5042989.a6 36251e07 646bf4 h ???????? 001 /MySQLDumper
5042989.c2 36251e07 646bf4 h ???????? 001 /mysql
5042989.e8 36251e07 646bf4 h ???????? 001 /sql
504298a.0b 36251e07 646bf4 h ???????? 001 /cgi-bin/php
504298a.26 36251e07 646bf4 h ???????? 001 /cgi-bin/php5
504298a.42 36251e07 646bf4 h ???????? 002 /phpmyadmin
504298a.5e 36251e07 646bf4 h ???????? 002 /phpMyAdmin
504298a.79 36251e07 646bf4 h ???????? 001 /mysql
504298a.9d 36251e07 646bf4 h ???????? 002 /sql
504298a.b9 36251e07 646bf4 h ???????? 001 /myadmin
504298a.d7 36251e07 646bf4 h ???????? 002 /phpMyAdmin-4.2.1-all-languages
504298a.f3 36251e07 646bf4 h ???????? 002 /phpMyAdmin-4.2.1-english
504298b.11 36251e07 646bf4 h ???????? 002 /xampp/phpmyadmin
504298b.2b 36251e07 646bf4 h ???????? 002 /typo3/phpmyadmin
504298b.49 36251e07 646bf4 h ???????? 001 /webadmin
504298b.66 36251e07 646bf4 h ???????? 013 /
504298b.87 36251e07 646bf4 h ???????? 001 /sqlite/main.php
504298b.a2 36251e07 646bf4 h ???????? 002 /SQLite/SQLiteManager-1.2.4/main.php
504298b.bd 36251e07 646bf4 h ???????? 001 /SQLiteManager-1.2.4/main.php
504298b.df 36251e07 646bf4 h ???????? 002 /sqlitemanager/main.php
504298b.fc 36251e07 646bf4 h ???????? 002 /SQlite/main.php
504298c.1d 36251e07 646bf4 h ???????? 006 /SQLiteManager/main.php
504298c.3b 36251e07 646bf4 h ???????? 002 /webdav
504298c.5e 36251e07 646bf4 h ???????? 013 /
504298c.7e 36251e07 646bf4 h ???????? 01a /
504298c.a1 36251e07 646bf4 h ???????? 01c /
504298c.c6 36251e07 646bf4 h ???????? 002 //wp-login.php
504298c.e8 36251e07 646bf4 h ???????? 002 /wordpress/wp-login.php
504298d.06 36251e07 646bf4 h ???????? 002 /wp/wp-login.php
504298d.23 36251e07 646bf4 h ???????? 002 /blog/wp-login.php
504298d.40 36251e07 646bf4 h ???????? 001 /Wordpress/wp-login.php
504298d.5d 36251e07 646bf4 h ???????? 002 /Blog/wp-login.php
5042a15.be 42f9459e 043937 h ???????? 003 /wiki/AsiaSueppchen
5042a96.71 3624963f 433e9c h ???????? 003 /wiki/SebastianThrun
5042af8.c1 42f9459e 043937 h ???????? 003 /wiki/KartoffelLinda
5042b87.e0 42f9459c 043937 h ???????? 002 /wiki/EntScheid
5042bdb.a4 42f9459c 043937 h ???????? 003 /wiki/BrucknersNeunte
5042cbe.c2 42f9459d 043937 h ???????? 003 /wiki/MartinsMonologe
5042da1.b7 42f9459d 043937 h ???????? 003 /wiki/ScaleFreeNetwork
5042e84.e4 42f9459e 043937 h ???????? 003 /wiki/AndreasSchoenherr
5042f67.b5 42f9459e 043937 h ???????? 003 /wiki/SensitivityAnalysis
5042f93.8a 9d3727a2 6a88e8 s ???????? 002 /robots.txt
5042f99.3c cf2e0dbe 6a88e8 s ???????? 01b /
504304a.bc 42f9459e 043937 h ???????? 002 /wiki/WeltPlusFuenfProzent
504307e.68 42f94584 622963 s ???????? 01d /
504312f.20 42f9459e 043937 h ???????? 003 /wiki/ManufakturInGruendung
5043211.17 42f9459c 043937 h ???????? 003 /wiki/MutterDesGrundgesetzes
5043305.bf 558fdd16 670234 h ???????? 002 /phpmyadmin/
5043305.ef 558fdd16 670234 h ???????? 002 /phpmyadmin/
5043306.24 558fdd16 670234 h ???????? 002 /PMA/
5043306.57 558fdd16 670234 h ???????? 002 /PMA/
5043306.84 558fdd16 670234 h ???????? 002 /dbadmin/
5043306.b7 558fdd16 670234 h ???????? 002 /dbadmin/
5043306.e5 558fdd16 670234 h ???????? 002 /pma/
5043307.10 558fdd16 670234 h ???????? 001 /pma/
5043307.3e 558fdd16 670234 h ???????? 002 /db/
5043307.6f 558fdd16 670234 h ???????? 002 /db/
504359b.05 42f9459c 043937 h ???????? 004 /wiki/AirForceOne
50436bf.8f 42f9459c 043937 h ???????? 003 /wiki/HuMa
5043755.05 42f9459d 043937 h ???????? 003 /wiki/OstSee
5043841.ff 42f94b98 043937 h ???????? 002 /ikvoswatfwuzi.html
5043943.49 42f9459c 043937 h ???????? 004 /wiki/VampirRoman
50439e0.a4 bd991e47 19c6c4 h ???????? 017 /
50439eb.a5 c989e387 be37cc h ???????? 017 /
5043a04.70 42f9459d 043937 h ???????? 003 /wiki/SeaLife
5043ad8.ae 42f9459d 043937 h ???????? 003 /wiki/MaDeira
5043bb5.53 42f9459d 043937 h ???????? 003 /wiki/TalWiki
5043bf8.ef 36a2dcc1 8600b4 h ???????? 020 /
5043c8b.d5 42f9459c 043937 h ???????? 003 /wiki/NewMoney
5043c9a.51 42f9459d 043937 h ???????? 003 /wiki/InConcert
5043d4b.3e 42f9459d 043937 h ???????? 003 /wiki/SaftLaden
5043d7c.23 42f9459c 043937 h ???????? 004 /wiki/AlleAugen
5043e57.a5 42f9459c 043937 h ???????? 004 /wiki/EssLingen
5043f41.ac 42f9459d 043937 h ???????? 003 /wiki/AnSprache
5044024.b8 5f6cb561 e4b041 s ???????? 003 /robots.txt
5044027.82 42f9459e 043937 h ???????? 003 /wiki/InNewYork
5044028.61 5f6cb561 e4b041 s ???????? 3f4 /memo
5044130.06 42f9459c 043937 h ???????? 001 /wiki/MindMiezen
5044219.b7 42f9459d 043937 h ???????? 002 /wiki/SommerZeit
5044229.5e c1c9e0df b16a42 h ???????? 014 /
50443cc.68 42f9459e 043937 h ???????? 002 /wiki/LeWebTrois
50444c4.69 42f9459e 043937 h ???????? 002 /wiki/ZwoVierCcc
5044587.4d 42f9459e 043937 h ???????? 003 /wiki/AnjaHornke
5044688.e0 42f9459c 043937 h ???????? 002 /wiki/StadtParis
504473e.ac 42f9459d 043937 h ???????? 002 /wiki/RussenDisko
50447b3.6e 42f9459d 043937 h ???????? 007 /wiki/DirectedBy
504480f.79 bca60252 670234 h ???????? 001 /phpmyadmin/
504480f.94 bca60252 670234 h ???????? 005 /phpmyadmin/
504480f.b1 bca60252 670234 h ???????? 001 /PMA/
504480f.cc bca60252 670234 h ???????? 001 /PMA/
504480f.e7 bca60252 670234 h ???????? 001 /dbadmin/
5044810.04 bca60252 670234 h ???????? 001 /dbadmin/
5044810.20 bca60252 670234 h ???????? 001 /pma/
5044810.3b bca60252 670234 h ???????? 001 /pma/
5044810.55 bca60252 670234 h ???????? 001 /db/
5044810.71 bca60252 670234 h ???????? 001 /db/
504483a.f6 42f9459d 043937 h ???????? 002 /wiki/HolgerBiege
5044868.39 42f9459d 043937 h ???????? 002 /robots.txt
5044890.8d 5f6cb561 e4b041 h ???????? 001 /robots.txt
5044894.52 5f6cb561 e4b041 h ???????? 011 /edit/1946001
5044896.46 42f95b5e 70a047 h ???????? 001 //rss.rdf
5044924.0e 42f9459d 043937 h ???????? 002 /wiki/AnkeVondung
50449e2.b8 42f9459d 043937 h ???????? 002 /wiki/JahrWechsel
5044a41.7d 581a519c 702dd8 h ???????? 012 /
5044a9b.c7 42f9459d 043937 h ???????? 002 /wiki/BryanSmith
5044ae6.05 42f9459d 043937 h ???????? 002 /wiki/LuftBallons
5044bc6.6d 42f9459d 043937 h ???????? 002 /wiki/AbholService
5044ce7.0b 42f9459e 043937 h ???????? 002 /wiki/StadtZuerich
5044cef.6e 42f9459d 043937 h ???????? 002 /wiki/DesignForHackability
5044d19.b4 bc285186 7dfab1 h ???????? 001 //rss.jsp
5044d19.e0 bc285186 7dfab1 h ???????? 001 //rss.jsp
5044d2d.10 bc285186 7dfab1 h ???????? 001 //rss.jsp
5044d2d.3b bc285186 7dfab1 h ???????? 007 //rss.jsp
5044d33.87 500f2ef7 670234 h ???????? 001 /phpmyadmin/
5044d34.a8 500f2ef7 670234 h ???????? 002 /phpmyadmin/
5044d36.ec 500f2ef7 670234 h ???????? 001 /PMA/
5044d38.01 500f2ef7 670234 h ???????? 001 /PMA/
5044d3a.44 500f2ef7 670234 h ???????? 001 /dbadmin/
5044d3b.58 500f2ef7 670234 h ???????? 002 /dbadmin/
5044d3c.75 500f2ef7 670234 h ???????? 001 /pma/
5044d3c.f5 500f2ef7 670234 h ???????? 002 /pma/
5044d3d.2c 500f2ef7 670234 h ???????? 001 /db/
5044d3d.5e 500f2ef7 670234 h ???????? 001 /db/
5044d9d.7c 42f9459d 043937 h ???????? 003 /wiki/BusinessTrip
5044dc7.e1 bc285186 7dfab1 h ???????? 001 //rss.jsp
5044dc8.08 bc285186 7dfab1 h ???????? 002 //rss.jsp
5044dcb.a4 bc285186 7dfab1 h ???????? 001 //rss.jsp
5044dcb.d4 bc285186 7dfab1 h ???????? 001 //rss.jsp
5044e75.0c 42f9459c 043937 h ???????? 003 /wiki/OpenSourceInnovation
5044eb0.07 42f9459d 043937 h ???????? 003 /wiki/MarilynManson
5044ed2.7b cf2e0d87 6a88e8 h ???????? 019 /
5044f0e.7d 42f9459d 043937 h ???????? 003 /wiki/MindForth
5044f4d.93 42f9459c 043937 h ???????? 003 /wiki/LifePerformer
5044f54.db 2d73aceb 19c6c4 h ???????? 019 /
5045054.e4 42f9459d 043937 h ???????? 002 /wiki/BirthTelevisionDeath
5045065.62 42f9459d 043937 h ???????? 002 /wiki/CamillaNylund
5045128.e8 42f9459d 043937 h ???????? 002 /wiki/MadeiraBrunch
50451a3.ad 42f9459d 043937 h ???????? 003 /wiki/SaraSchley
50451f6.60 42f9459c 043937 h ???????? 003 /wiki/MahlersZweite
5045221.e9 42f9459c 043937 h ???????? 003 /wiki/ChaordicOrganization
50452ed.00 42f9459e 043937 h ???????? 003 /wiki/GirlGeekDinner
5045408.b1 42f9459e 043937 h ???????? 003 /wiki/VerdampferTuer
50454b3.1d 42f9459d 043937 h ???????? 002 /wiki/WladimirKaminer
5045506.b9 113a676c 4d4314 h ???????? 002 //robots.txt
5045507.33 113a676c 4d4314 h ???????? 002 /robots.txt
5045507.7a 113a676c 4d4314 h ???????? 002 //cast
5045533.bd 113a676c 4d4314 h ???????? 002 /feed
5045595.c5 42f9459c 043937 h ???????? 003 /wiki/BergGiessHuebel
50455db.96 c852f744 19c6c4 h ???????? 015 /
5045678.c0 42f9459d 043937 h ???????? 003 /wiki/BlogCampSwitzerland
504578d.6a 42f9459d 043937 h ???????? 003 /wiki/DesignTagKonferenzZentrum
504583f.17 42f9459d 043937 h ???????? 002 /wiki/AchtAugen
504587b.ce bdae0e7b be37cc h ???????? 014 /
504587e.52 330ff024 670234 h ???????? 001 /phpmyadmin/
504587e.7f 330ff024 670234 h ???????? 002 /phpmyadmin/
504587e.b2 330ff024 670234 h ???????? 002 /PMA/
504587e.d2 330ff024 670234 h ???????? 002 /PMA/
504587e.f6 330ff024 670234 h ???????? 002 /dbadmin/
504587f.20 330ff024 670234 h ???????? 001 /dbadmin/
504587f.4e 330ff024 670234 h ???????? 001 /pma/
504587f.7b 330ff024 670234 h ???????? 002 /pma/
504587f.9d 330ff024 670234 h ???????? 002 /db/
504587f.cc 330ff024 670234 h ???????? 008 /db/
50458ab.cd 42f9459c 043937 h ???????? 008 /feed
5045921.d2 42f9459e 043937 h ???????? 003 /wiki/TerraDrive
5045a01.74 d8f442f3 2e51d1 h ???????? 002 /robots.txt
5045b56.42 d8f442f3 2e51d1 h ???????? 01d /edit/106001
5045c24.ff d8f442f3 2e51d1 h ???????? 003 //robots.txt
5045d01.93 c73a56d1 028fc4 h ???????? 002 /robots.txt
5045d03.4d c73a56d1 028fc4 h ???????? 01e /
5045da1.d7 2d73ac4f 19c6c4 h ???????? 015 /
5045eff.ae 42f9459c 043937 h ???????? 008 /robots.txt
5045f94.5f 42f9459c ab3bd9 h ???????? 016 /feel/10
5045fb3.a4 42f9459c 043937 h ???????? 015 /
50460d2.3c 42f94582 043937 s ???????? 004 /wiki/ShortHash
5046138.77 42f9459c 043937 h ???????? 003 /wiki/CriticalRationalists
5046206.00 42f9459e 043937 h ???????? 004 /wiki/WhatDoYouDoInAMarket
50462f6.7a 42f9459d 043937 h ???????? 003 /wiki/TypesOfWikiCommunity
5046326.c9 2ee5a853 c89f4f h ???????? 003 /robots.txt
5046327.78 2ee5a843 c89f4f h ???????? 004 /wiki/NooPolis
5046329.45 2ee5a843 c89f4f h ???????? 003 /wiki/ZeugenKurzweils
5046345.09 2ee5a843 c89f4f h ???????? 003 /wiki/KayGroschen
504634a.83 2ee5a843 c89f4f h ???????? 003 /wiki/WikiWeiberZwo
50463ba.18 42f9459d 043937 h ???????? 003 /wiki/StrategicVotingModel
504641a.6b b9c6a4ae f7153a h ???????? 01e /
5046431.a1 b24f85ad 670234 h ???????? 002 /phpmyadmin/
5046431.c3 b24f85ad 670234 h ???????? 008 /phpmyadmin/
5046431.ec b24f85ad 670234 h ???????? 002 /PMA/
5046432.10 b24f85ad 670234 h ???????? 002 /PMA/
5046432.35 b24f85ad 670234 h ???????? 002 /dbadmin/
5046432.5b b24f85ad 670234 h ???????? 002 /dbadmin/
5046432.81 b24f85ad 670234 h ???????? 003 /pma/
5046432.a7 b24f85ad 670234 h ???????? 002 /pma/
5046432.d2 b24f85ad 670234 h ???????? 002 /db/
5046432.fd b24f85ad 670234 h ???????? 002 /db/
5046433.47 3624946e 433e9c h ???????? 002 /edit/30456001
5046498.c4 bd928bb7 19c6c4 h ???????? 020 /
50464a6.79 42f9459e 043937 h ???????? 003 /wiki/SearchingSynaesmedia
5046573.19 42f9459e 043937 h ???????? 004 /wiki/GeographicClustering
50465c2.34 42f95b5d 70a047 h ???????? 002 //rss.rdf
50466bb.d1 42f9459c 043937 h ???????? 003 /wiki/EdgarGeffroy
50466cf.d0 8ba26ab5 12bd58 h ???????? 018 /
504676b.b0 42f9459c 043937 h ???????? 004 /wiki/TypingNotClassifying
5046791.79 42f9459d 043937 h ???????? 003 /wiki/ChecklandMethodology
5046834.3e 42f9459c 043937 h ???????? 003 /wiki/AutomatingInnovation
504691f.d8 42f9459d 043937 h ???????? 004 /wiki/ReligionAgainstMoney
5046a26.e8 42f9459c 043937 h ???????? 003 /wiki/WretchedAndDangerous
5046af8.8b 42f9459e 043937 h ???????? 003 /wiki/EuropeanCivilization
5046bbb.91 42f9459d 043937 h ???????? 003 /wiki/TypesOfComplexSystem
5046c97.19 42f9459d 043937 h ???????? 003 /wiki/GuiltAndIndebtedness
5046d87.3d 42f9459c 043937 h ???????? 004 /wiki/AggregatingAttention
5046dc4.01 42f9459d 043937 h ???????? 001 /wiki/DanielJones
5046e5e.5d 42f9459e 043937 h ???????? 002 /wiki/BangTheRocksTogether
5046e79.8b 3624946b 433e9c h ???????? 002 /wiki/GcCa
5046f36.da 42f9459d 043937 h ???????? 002 /wiki/GoogleWillRuleTheWeb
504704f.98 42f9459c 043937 h ???????? 002 /wiki/MillionHeadedMobster
504711f.7b 42f9459e 043937 h ???????? 002 /wiki/PlentyOfRoomAtTheTop
5047234.37 42f9459d 043937 h ???????? 002 /wiki/AlternativeEconomics
5047295.32 42f9459d 043937 h ???????? 002 /wiki/CreditCard
50472c6.d3 1b9b5758 eaf401 h ???????? 005 /phpmyadmin/index.php
50472e3.cc 42f9459e 043937 h ???????? 002 /wiki/TestingAndModularity
50473ce.ec 42f9459c 043937 h ???????? 002 /wiki/ResourceBibliography
504741c.02 4f8fb7a0 5833b0 h ???????? 002 //wiki/LockSchuppenBusinessPlan
5047465.be 36249540 433e9c h ???????? 001 /edit/27216003
5047499.62 42f9459d 043937 h ???????? 002 /wiki/IndividualResilience
5047532.42 550d630c be37cc h ???????? 012 /
5047588.2b d94586dc 399ff9 h ???????? 002 /robots.txt
504758e.c3 42f9459c 043937 h ???????? 002 /wiki/ThirdGenerationGangs
50475ac.f7 8d1e5beb d4bfc5 h ???????? 010 /
50475ad.4d 8d1e5beb d4bfc5 h ???????? 001 /favicon.ico
5047656.9b 42f9459e 043937 h ???????? 002 /wiki/CulturalConservatism
504776c.12 42f9459c 043937 h ???????? 002 /wiki/CurrencyDataFountain
5047838.8b 42f9459e 043937 h ???????? 002 /wiki/OpenSpacesConsulting
50478fe.32 42f9459c 043937 h ???????? 002 /wiki/JoelsDiscussionForum
50479f4.c4 42f9459d 043937 h ???????? 002 /wiki/SecondSystemSyndrome
5047ad1.f8 42f9459c 043937 h ???????? 007 /wiki/BecomingConservative
5047b1b.ca 1fb8c19a 94b52a h ???????? 011 /
5047b25.33 bb905ef5 be37cc h ???????? 011 /
5047c04.91 42f9459d 043937 h ???????? 002 /wiki/EthnoClassificiation
5047c9f.d3 42f9459e 043937 h ???????? 002 /wiki/SelfEntanglingSystem
5047d0a.3f 42f9459e 043937 h ???????? 001 /robots.txt
5047d45.d9 42f94582 043937 s ???????? 002 /wiki/SuNo108
5047d56.c9 42f94582 043937 s ???????? 003 /wiki/PpMos
5047d72.b2 42f9459c 043937 h ???????? 002 /wiki/GroupFormingSoftware
5047e65.4f 42f9459d 043937 h ???????? 002 /wiki/PoliticalBlogosphere
5047e7d.55 be6edabe be37cc h ???????? 013 /
5047f37.9d 42f9459d 043937 h ???????? 002 /wiki/ConservationOfEnergy
504804a.f8 bb011c9f be37cc h ???????? 018 /
50481f8.a6 42f9459c 043937 h ???????? 002 /wiki/ConnectionismVsGOFAI
50482db.c8 42f9459e 043937 h ???????? 003 /wiki/PeterBlock
50482dd.c9 42f9459c 043937 h ???????? 002 /wiki/CodeGenerationInXSLT
5048391.02 9d372733 6a88e8 h ???????? 003 //robots.txt
5048400.45 6dac1a3e 19c6c4 h ???????? 012 /
5048458.da 42f9459c 043937 h ???????? 002 /wiki/PannaCotta
504849a.3b 42f9459c 043937 h ???????? 003 /wiki/LatentSocialSoftware
50484c0.1e 113a676c 4d4314 h ???????? 002 //robots.txt
50484c0.d3 113a676c 4d4314 h ???????? 002 //wiki/PartOf
504857d.4c 42f9459e 043937 h ???????? 002 /wiki/SeekingSimilarStatus
50485a1.07 42f95b5d 70a047 h ???????? 001 //rss.rdf
5048671.d1 42f9459c 043937 h ???????? 002 /wiki/SoftwareArchitecture
50486bf.91 6baae388 ef60d6 h ???????? 013 /
5048864.16 42f9459c 043937 h ???????? 003 /wiki/MTVAndCycleOfPoverty
504886a.be 42f9459c 043937 h ???????? 002 /wiki/InDividual
504889d.0a 42f9459c 043937 h ???????? 002 /wiki/PhonedWith
50488e0.f9 42f9459d 043937 h ???????? 002 /wiki/HudsonRiver
5048902.39 52ca63e9 19c6c4 h ???????? 014 /
504890d.2e ca2b723e 702dd8 h ???????? 013 /
504890d.f0 42f9459e 043937 h ???????? 002 /wiki/BrightonSanctuarians
504891c.d1 42f9459c 043937 h ???????? 003 /wiki/LabourParty
5048967.a8 42f9459c 043937 h ???????? 003 /wiki/IntelliTics
504899c.3e b2143710 cc9bbb h ???????? 013 /
50489e3.b7 42f9459c 043937 h ???????? 003 /wiki/RegressiveGasTax
50489ee.7c 42f9459d 043937 h ???????? 003 /wiki/DissipativeStructure
5048ab9.0a 42f9459d 043937 h ???????? 003 /wiki/HermannIlgen
5048abb.eb 42f9459c 043937 h ???????? 003 /wiki/DisruptiveInnovation
5048ba1.5a 42f9459e 043937 h ???????? 002 /wiki/PolymorphicMessaging
5048c27.0f 42f9459d 043937 h ???????? 002 /robots.txt
5048c4e.be 42f9459d ab3bd9 h ???????? 01a /feel/10
5048d11.48 b44c0f0c a04d28 h ???????? 013 /
5048d7b.4f 42f9459c 043937 h ???????? 003 /wiki/TaxonomyAndExistence
5048e72.ca 42f9459e 043937 h ???????? 003 /wiki/WhatsEssentialInWiki
5048f1b.f3 2e69655f 57819b h ???????? 002 /license.php
5048f5d.83 42f9459e 043937 h ???????? 003 /wiki/ConfigurationAndCode
5049049.76 42f9459e 043937 h ???????? 003 /wiki/OpenMediaEquivalence
5049064.61 bba9f183 19c6c4 h ???????? 01c /
50490eb.cc 42f9459c 043937 h ???????? 003 /wiki/LockOffice
5049209.a3 42f9459c 043937 h ???????? 003 /wiki/YouHaveToEarnALiving
50492a8.c9 2e35a98a cedf5c h ???????? 015 /
50492e4.f3 42f9459e 043937 h ???????? 003 /wiki/BetweenArtAndScience
50493b4.49 c23113a4 8bf7d8 h ???????? 003 /wiki/LinguWerk
5049419.a6 42f9459e 043937 h ???????? 003 /wiki/LeftAndRightAndScale
50494af.0c 42f9459e 043937 h ???????? 003 /wiki/SchedulingAlgorithms
504956e.44 42f9459c 043937 h ???????? 002 /wiki/AndMediaTransactions
504965d.90 42f9459e 043937 h ???????? 009 /wiki/InformationEconomies
504970d.b1 b90a4484 24f16f s ???????? 015 /
504979d.fc 42f9459c 043937 h ???????? 002 /wiki/ProgrammingNotations
50497c9.65 b20028ea 5ec1d2 s ???????? 017 /
50497ca.0c b20028ea 5ec1d2 s ???????? 001 /favicon.ico
50497f3.af 42f9459c 043937 h ???????? 002 /wiki/JamesAbbott
5049812.ec 42f9459d 043937 h ???????? 003 /wiki/AutoCatalyticNetwork
5049909.64 42f9459e 043937 h ???????? 003 /wiki/PlsPrivateConnection
50499f8.68 42f9459e 043937 h ???????? 003 /wiki/DefencesOfInequality
5049ad5.d9 42f9459d 043937 h ???????? 003 /wiki/MiscellaneousLinkBin
5049b4f.f4 4e87ff1e cdfc4d h ???????? 014 /
5049b99.58 42f9459c 043937 h ???????? 003 /wiki/ScalesOfOrganization
5049bd9.93 36249673 433e9c h ???????? 003 /wiki/PerSon
5049c4d.29 42f9459e 043937 h ???????? 003 /wiki/BerndHelfert
5049c88.ea 42f9459e 043937 h ???????? 003 /wiki/MediaAgainstTheState
5049d7a.99 42f9459d 043937 h ???????? 003 /wiki/ObjectionsToSymmetry
5049e79.f3 42f9459e 043937 h ???????? 003 /wiki/NetworksVsHierarchies
5049f20.71 42f9459e 043937 h ???????? 003 /wiki/WhyIsntEverythingWiki
5049f9f.67 42f9459e 043937 h ???????? 00b /wiki/FranzXaverBea
5049f9f.74 42f9459c 043937 h ???????? 001 /robots.txt
504a006.a3 42f9459e 043937 h ???????? 003 /wiki/BirthOfTheSpreadsheet
504a01d.d6 9750278f 433e9c h ???????? 002 //robots.txt
504a0f3.39 42f9459d 043937 h ???????? 003 /wiki/PlsEasyClassification
504a225.ce 42f9459d 043937 h ???????? 004 /wiki/InnovationVsInvention
504a241.df 42f9459d 043937 h ???????? 002 //robots.txt
504a264.69 42f95b5c 70a047 h ???????? 001 //rss.rdf
504a2b6.e4 59f8a783 a397c6 h ???????? 018 /
504a2c6.ba 59f8a783 45a6bf h ???????? 009 /favicon.ico
504a2c9.6b 42f9459d 043937 h ???????? 003 /wiki/ObjectsWithoutClasses
504a39f.27 42f9459c 043937 h ???????? 003 /wiki/SyntheticOrganization
504a47b.a2 42f9459c 043937 h ???????? 00b /wiki/LocationBasedSecurity
504a56d.a1 42f9459d 043937 h ???????? 003 /wiki/MappingTheBlogosphere
504a647.d1 42f9459d 043937 h ???????? 003 /wiki/CityInformationSystem
504a733.09 42f9459d 043937 h ???????? 003 /wiki/FunctionalProgramming
504a74a.ec 42f9459d 043937 h ???????? 003 /wiki/DominikLandwehr
504a811.63 6f492e27 2da35a h ???????? 018 /
504a811.d2 6f492e27 99d427 h ???????? 055 /index.action
504a81b.c9 42f9459d 043937 h ???????? 003 /wiki/TypingNotCategorizing
504a8ed.e7 42f9459d 043937 h ???????? 003 /wiki/CategoryCopyrightRisk
504a9c2.07 42f9459c 043937 h ???????? 004 /wiki/PrintingAndUniformity
504aac8.b3 42f9459c 043937 h ???????? 003 /wiki/PsychologyAmateurized
504ab59.0c bfc1cbe9 19c6c4 h ???????? 01f /
504abd5.cd 42f9459c 043937 h ???????? 003 /wiki/PlsConventionalLayout
504abef.de 2be1a9d4 702dd8 h ???????? 01d /
504ac84.03 b023fe22 19c6c4 h ???????? 017 /
504ac8d.ec 42f9459c 043937 h ???????? 003 /wiki/CodeGenerationNetwork
504acc8.35 d8f442f3 2e51d1 h ???????? 002 /robots.txt
504ad36.be d8f442f3 2e51d1 h ???????? 003 /wiki/GcCa
504ad5d.ab 42f9459e 043937 h ???????? 003 /wiki/TheEfficiencyQuestion
504ae10.cf 42f94584 043937 s ???????? 004 /wiki/AlphaWeb
504ae9f.a6 42f9459c 043937 h ???????? 004 /wiki/ThreadedConversations
504aef6.9b 42f9459c 043937 h ???????? 003 //wiki/RainerWasserfuhr
504af36.d5 42f9459d 043937 h ???????? 003 /wiki/RefactoringToPatterns
504af45.72 2943886a 702dd8 h ???????? 019 /
504b019.24 42f9459e 043937 h ???????? 004 /wiki/TheCultOfTheExecutive
504b0dd.00 42f9459e 043937 h ???????? 005 /wiki/TechnologyPredictions
504b1b3.67 42f9459c 043937 h ???????? 002 /wiki/UbiquitousInformation
504b2c0.e7 42f9459c 043937 h ???????? 002 /wiki/FractionalAbstraction
504b2d8.c9 ba6f0d72 be37cc h ???????? 015 /
504b388.ba 42f9459d 043937 h ???????? 002 /wiki/CluetrainAndCyberpunk
504b477.9b 42f9459d 043937 h ???????? 002 /wiki/StigmergicInspiration
504b54e.94 42f9459d 043937 h ???????? 001 /wiki/GlobalProcessNetworks
504b63b.78 42f9459e 043937 h ???????? 002 /wiki/WorldDemocracyNetwork
504b66c.7d 42f9459d 043937 h ???????? 002 /robots.txt
504b67e.d3 42f9459d 043937 h ???????? 001 /earth/robots.txt
504b6a2.2f 42f9459d 622963 h ???????? 002 //wiki/RainerWasserfuhr
504b742.aa 42f9459d 043937 h ???????? 002 /wiki/KnowledgeMappingTools
504b8d7.1d 42f9459e 043937 h ???????? 002 /wiki/WikiBasedApplications
504ba00.f2 42f9459d 043937 h ???????? 002 /wiki/HistoricalCaseStudies
504baa6.5a 42f9459d 043937 h ???????? 003 /wiki/InformationManagement
504bbad.c8 42f9459d 043937 h ???????? 002 /wiki/PlsGrassRootsProjects
504bc48.bd 42f9459d 043937 h ???????? 002 /wiki/CoLab
504bc4a.eb 42f9459d 043937 h ???????? 001 /wiki/ProgamDirector
504bc5c.e3 42f9459c 043937 h ???????? 001 /wiki/NasaAmesResearchCenter
504bc67.a9 42f9459d 043937 h ???????? 002 /wiki/KfZ
504bc9b.e3 42f9459d 043937 h ???????? 003 /wiki/HaKi
504bce9.f2 42f9459e 043937 h ???????? 002 /wiki/MichaelHupe
504bd09.ed 42f9459c 043937 h ???????? 002 /wiki/PartyPeople
504bd0f.a8 42f9459d 043937 h ???????? 002 /wiki/TobiasGuertler
504be4d.f7 42f9459e 622963 h ???????? 003 /wiki/TerraDrive
504be6c.4a 36249679 433e9c h ???????? 002 /wiki/PieschenRevolution
504bfd3.e4 42f9459d 043937 h ???????? 002 /wiki/AroniaBeere
504c054.2b cf2e0dbe 6a88e8 s ???????? 012 /
504c1d4.f7 36249412 433e9c h ???????? 001 /edit/28496002
504c1d9.0e 42f95b5c 70a047 h ???????? 001 //rss.rdf
504c21f.6c 92004d0d 7f3550 h ???????? 018 /
504c5f9.99 42f9459c 622963 h ???????? 001 /earth
504c6b0.2e 36249669 433e9c h ???????? 003 /wiki/ThorstenPrante
504caad.a5 2bf06527 702dd8 h ???????? 012 /
504cb0a.69 42f94b87 043937 s ???????? 001 /robots.txt
504cb1c.08 42f9459c 043937 h ???????? 002 /film/robots.txt
504cb2c.d1 42f9459c 043937 h ???????? 002 /wiki/SokolSocialTextAffair
504cb5c.4b 42f9459e 043937 h ???????? 002 /system/robots.txt
504cb74.d4 42f9459c 043937 h ???????? 002 /wiki/UserInterfacePatterns
504cba0.a1 42f9459d 043937 h ???????? 001 /robots.txt
504cc2f.c4 c99800e5 19c6c4 h ???????? 017 /
504cc38.03 42f94b87 043937 s ???????? 3a0 /memo
504cc7b.07 42f9459d 043937 h ???????? 003 /wiki/EconomiesOfSimulation
504cda5.3e 42f9459e 043937 h ???????? 003 /wiki/KinderLandVerschickung
504cdaa.67 42f9459c 043937 h ???????? 002 /wiki/FacetedClassification
504ceb2.53 42f9459c 043937 h ???????? 007 /wiki/ProgramTransformation
504cf26.bc 42f9459c 043937 h ???????? 002 /wiki/AppropriateTechnology
504d00e.3a 42f9459e 043937 h ???????? 002 /wiki/TheNextEconomyOfIdeas
504d0d1.ff 42f9459e 043937 h ???????? 003 /wiki/DeliberativeDemocracy
504d0d6.6e 8dd47a70 ef60d6 h ???????? 015 /
504d0e6.e2 0585b70e bbc470 h ???????? 001 //rss.rdf
504d197.43 42f9459e 043937 h ???????? 002 /wiki/NextProject
504d1b0.c0 42f9459e 043937 h ???????? 003 /wiki/TheInformationEconomy
504d23a.85 5f6cb561 e4b041 h ???????? 007 /robots.txt
504d23e.4c 5f6cb561 e4b041 h ???????? 01a /
504d296.41 42f9459e 043937 h ???????? 003 /wiki/PartySelfOrganization
504d375.61 42f9459e 043937 h ???????? 003 /wiki/PlsCommunityBoundries
504d46d.90 42f9459c 043937 h ???????? 003 /wiki/EvolutionOfComplexity
504d550.e8 42f9459d 622963 h ???????? 003 /wiki/HistVv
504d556.ec 42f9459d 043937 h ???????? 008 /wiki/ChooseYourCompetition
504d61f.67 42f9459d 043937 h ???????? 003 /wiki/EthicsOfCollaboration
504d637.82 cf2e0d87 6a88e8 h ???????? 015 /
504d717.92 42f9459d 043937 h ???????? 003 /wiki/FavourUserConventions
504d800.e2 42f9459d 043937 h ???????? 003 /wiki/MediaAsFlowsAndStocks
504d8dd.9c 42f9459e 043937 h ???????? 002 /wiki/UniversalCommunicator
504d903.ad bde24868 19c6c4 h ???????? 014 /
504d9d5.ad 42f9459e 043937 h ???????? 003 /wiki/MetaDataForTheDesktop
504da4b.51 d8f442f3 2e51d1 h ???????? 001 //robots.txt
504da8d.a7 42f9459c 043937 h ???????? 003 /wiki/SocialContractProblem
504db70.18 42f9459c 043937 h ???????? 003 /wiki/InteractiveTelevision
504dc71.69 42f9459e 043937 h ???????? 002 /wiki/BrazilianMilitaryCoup
504dcfc.86 42f9459c 622963 h ???????? 001 /film
504dd8e.f6 42f9459c 043937 h ???????? 002 /wiki/SellingScrewsThingsUp
504de68.59 42f9459d 043937 h ???????? 003 /wiki/MoreThanJustTinkering
504deaa.60 42f9459d 622963 h ???????? 014 /
504defc.cd 42f9459c 043937 h ???????? 002 /wiki/HierarchicalSolutions
504dff1.6e 42f9459e 043937 h ???????? 003 /wiki/ComputationalThinking
504e159.2c 42f9459e 043937 h ???????? 002 /wiki/CompositionTechniques
504e1d7.12 42f9459e 043937 h ???????? 008 /wiki/ThoughtStormsBackedUp
504e35a.b1 42f9459e 043937 h ???????? 003 /wiki/GiftSchrank
504e3e9.42 42f95b5d 70a047 h ???????? 003 //rss.rdf
504e44f.df 42f9459e 043937 h ???????? 003 /wiki/MultiDimensionalMoney
504e4a8.26 42f9459d 622963 h ???????? 001 /system
504e627.39 42f9459e 043937 h ???????? 002 /wiki/NetworkSocietyLinkBin
504e67c.f0 42f9459e 043937 h ???????? 003 /wiki/TheCathedralAndBazaar
504e6d5.8c 4ff0ef83 bfff12 h ???????? 01c /1
504e6d9.dc 4ff0ef83 bfff12 h ???????? 002 /alive/4
504e6d9.f2 4ff0ef83 bfff12 h ???????? 002 /feel/4
504e751.6e 42f9459c 043937 h ???????? 003 /wiki/SocialNetworkAnalysis
504e80b.9e 42f9459e 043937 h ???????? 003 /wiki/PantheonisticThinking
504e8bf.3f 42f9459e 043937 h ???????? 003 /wiki/WikiInterchangeFormat
504e99f.f0 42f9459d 043937 h ???????? 002 /wiki/InterestingOtherWikis
504eaa0.ec 42f9459d 043937 h ???????? 003 /wiki/BewareNumberFetishism
504eb9d.e0 42f9459c 043937 h ???????? 003 /wiki/WhyCantThingsBeEasier
504ec53.cc 42f9459e 043937 h ???????? 003 /wiki/SwDf
504ec86.3c 42f9459d 043937 h ???????? 003 /wiki/RadicalSimplification
504eca5.85 42f9459e 043937 h ???????? 003 /wiki/DavideBalzarotti
504ecef.45 42f9459d 043937 h ???????? 003 /wiki/OlivierCorby
504ed13.67 42f9459c 043937 h ???????? 003 /wiki/ChantalReynaud
504ed21.b7 42f9459c 043937 h ???????? 004 /wiki/SebastianDietzold
504ed3d.07 42f9459c 043937 h ???????? 003 /wiki/PopperianEpistemology
504ed46.f2 4e2e2319 7dfab1 h ???????? 002 //rss.jsp
504ed47.20 4e2e2319 7dfab1 h ???????? 001 //rss.jsp
504edd8.0e d8f442f3 2e51d1 h ???????? 002 /robots.txt
504ee1d.ef 42f9459e 043937 h ???????? 003 /wiki/GettingPaidForContent
504ee75.e0 d8f442f3 2e51d1 h ???????? 003 /wiki/SingularAcademy
504ef0f.cf 42f9459d 043937 h ???????? 003 /wiki/IndividualRecognition
504efe4.bc 42f9459d 043937 h ???????? 003 /wiki/ContinentalPhilosophy
504f121.a4 42f9459d 043937 h ???????? 003 /wiki/MarketAsUserInterface
504f1ae.3b 5c4be6ac b3b254 h ???????? 017 /
504f1b6.40 42f9459d 043937 h ???????? 003 /wiki/ThreeTierArchitecture
504f27f.9d 42f9459e 043937 h ???????? 003 /wiki/DemocratizeScepticism
504f312.b5 5e1712c2 57819b h ???????? 002 /administrator/components/com_jinc/classes/graphics/php-ofc-library/ofc_upload_image.php
504f37d.8a 42f9459d 043937 h ???????? 003 /wiki/NavierStokesEquations
504f3ff.77 42f9459c 622963 h ???????? 003 /wiki/MmsTower
504f4c3.99 42f9459c 043937 h ???????? 003 /wiki/WittgensteinVsShannon
504f51d.fb 42f9459c 043937 h ???????? 003 /wiki/WatchingAnts
504f523.b6 42f9459c 043937 h ???????? 003 /wiki/InventionVsInnovation
504f57b.75 c3167fe3 ef2af4 s ???????? 003 /wiki/nachsendeantrag
504f652.5f 42f9459e 043937 h ???????? 003 /wiki/SpammingThoughtStorms
504f6f5.3c 42f9459e 043937 h ???????? 003 /wiki/ProgrammersAndWriters
504f708.09 42f9459d 043937 h ???????? 003 /wiki/JanPedersen
504f755.8d 42f9459c 043937 h ???????? 003 /wiki/TaoXie
504f7aa.fc 42f9459d 043937 h ???????? 003 /wiki/NaijunZhou
504f7ac.36 42f9459d 043937 h ???????? 003 /wiki/LikeLiu
504f7bf.46 42f9459c 043937 h ???????? 002 /wiki/JeMinKim
504f7c4.1b 42f9459c 043937 h ???????? 003 /wiki/JureFerlez
504f7e0.d1 42f9459d 043937 h ???????? 003 /wiki/UbiCompMarkupLanguage
504f7e3.98 42f9459c 043937 h ???????? 003 /wiki/MohamedAly
504f7f6.c2 42f9459d 043937 h ???????? 004 /wiki/EeroHyvoenen
504f7fa.7c 42f9459c 043937 h ???????? 003 /wiki/MichaelDorf
504f7fd.c5 42f9459c 043937 h ???????? 004 /wiki/CarstenLutz
504f813.b0 42f9459c 043937 h ???????? 003 /wiki/KendallClark
504f83d.08 42f9459d 043937 h ???????? 002 /wiki/AdrianaBudura
504f84d.24 42f9459c 043937 h ???????? 001 /wiki/SergeyChernov
504f867.1f 42f9459c 043937 h ???????? 002 /wiki/HermannDeMeer
504f890.1b 42f9459e 043937 h ???????? 002 /wiki/CarloAldoCurino
504f8a6.86 42f9459c 043937 h ???????? 002 /wiki/WitoldAbramowicz
504f8b9.2c 42f9459c 043937 h ???????? 002 /wiki/GueorgiKossinets
504f8c2.72 42f9459c 043937 h ???????? 002 /wiki/SougataMukherjea
504f8d5.4a 42f9459e 043937 h ???????? 002 /wiki/SimonaSassatelli
504f96a.b5 42f9459c 043937 h ???????? 002 /wiki/StefaniaCostache
504f9ef.9c 42f9459d 043937 h ???????? 002 /wiki/GregoryGrefenstette
504fac6.63 42f9459e 043937 h ???????? 002 /wiki/GoodVsBadConnectivity
504fba9.b4 42f9459c 043937 h ???????? 002 /wiki/TouchGraphWikiBrowser
504fbab.06 42f9459e 043937 h ???????? 002 /wiki/NacktSchach
504fc8c.ac 42f9459d 043937 h ???????? 002 /wiki/HelicopterArchipelago
504fd6f.b5 42f9459e 043937 h ???????? 003 /wiki/MoneyInAnUnequalWorld
504fe52.bb 42f9459c 043937 h ???????? 002 /wiki/CirculatingObjectLink
504fe53.36 26633e5d 99cc80 h ???????? 019 /
504ff35.b8 42f9459c 043937 h ???????? 002 /wiki/OnWritingAndAlphabets
