5030072.9b 42f942c8 043937 h ???????? 003 /wiki/ZapatistaMovement
50300b2.08 b44c0f94 a04d28 h ???????? 003 /wiki/LockSchuppen
503011a.81 42f942c8 043937 h ???????? 003 /wiki/ArchitectureAtWar
50301fd.d2 42f942c6 043937 h ???????? 003 /wiki/ThePerfectRewrite
5030246.08 d8f442f3 2e51d1 h ???????? 002 /robots.txt
5030267.75 6c3b0846 028fc4 h ???????? 008 /robots.txt
503027a.70 6c3b0846 028fc4 h ???????? 01d /
50302db.3f c0f1c237 ef60d6 s ???????? 016 /
50302ef.4d 42f942c6 043937 h ???????? 004 /wiki/TaggingAndFraming
503046e.66 42f942c6 043937 h ???????? 003 /wiki/MetropolisProject
50304a1.57 42f942c6 043937 h ???????? 003 /wiki/NonLinearThinking
50305e9.85 42f942c8 043937 h ???????? 003 /wiki/PlsSomethingFunny
5030679.dd 42f942ca 043937 h ???????? 004 /wiki/ResultsOrientedUi
503070b.11 3659f7c0 670234 h ???????? 002 /phpmyadmin/
503070b.4c 3659f7c0 670234 h ???????? 002 /phpmyadmin/
503070b.8b 3659f7c0 670234 h ???????? 002 /PMA/
503070b.c6 3659f7c0 670234 h ???????? 002 /PMA/
503070c.03 3659f7c0 670234 h ???????? 002 /dbadmin/
503070c.42 3659f7c0 670234 h ???????? 002 /dbadmin/
503070c.87 3659f7c0 670234 h ???????? 002 /pma/
503070c.c7 3659f7c0 670234 h ???????? 002 /pma/
503070c.fe 3659f7c0 670234 h ???????? 002 /db/
503070d.34 3659f7c0 670234 h ???????? 002 /db/
503072d.5f bd98bfef 670234 h ???????? 01e /
5030760.76 42f942ca 043937 h ???????? 003 /wiki/ProtestStrategies
5030786.c7 36249462 433e9c h ???????? 003 /edit/24286001
5030822.70 42f942ca 043937 h ???????? 003 /wiki/NacktSichtBrille
503083f.bc 42f942c6 043937 h ???????? 003 /wiki/CommunistVampires
503091d.24 42f942c6 043937 h ???????? 004 /wiki/IfYouDontPayForIt
5030a17.6d 42f942c6 043937 h ???????? 004 /wiki/HandicapPrinciple
5030b53.77 42f942ca 043937 h ???????? 003 /wiki/CategoryEmergence
5030bbd.b4 42f942ca 043937 h ???????? 004 /wiki/VoluntaryPayments
5030bbd.d5 d8f442f3 2e51d1 h ???????? 002 //robots.txt
5030c21.9f 42f942d0 043937 s ???????? 01f /
5030ca6.4d 42f942ca 043937 h ???????? 003 /wiki/RightWingBlogMobs
5030d87.34 42f942ca 043937 h ???????? 004 /wiki/NetworksAreRobust
5030e49.44 36249432 433e9c h ???????? 003 /edit/25076001
5030e6d.aa 42f942c8 043937 h ???????? 003 /wiki/WikiIsASmallWorld
5030e88.ce 42f95d26 70a047 h ???????? 002 //rss.rdf
5030f52.03 42f942c6 043937 h ???????? 003 /wiki/GraDient
5030f69.91 42f942c6 043937 h ???????? 003 /wiki/DoorsOfPerception
5030f73.b3 42f942c6 043937 h ???????? 003 /wiki/GeoOs
5031031.90 42f942c8 043937 h ???????? 003 /wiki/ScaleFreeNetworks
5031202.e5 42f942c6 043937 h ???????? 004 /wiki/ScienceVsPolitics
50312da.a1 42f942c8 043937 h ???????? 003 /wiki/PublicGoodProblem
50313c4.ff 42f942c8 043937 h ???????? 004 /wiki/AddressableThings
503149e.29 42f942ca 043937 h ???????? 003 /wiki/ProzacAndFeminism
50315b4.e2 42f942c6 043937 h ???????? 004 /wiki/WikiInTheNewsRoom
5031667.7d 42f942c6 043937 h ???????? 003 /wiki/PersonalInfocloud
5031746.2f 42f942ca 043937 h ???????? 004 /wiki/TheMechanicalTurk
503182d.cb 42f942c6 043937 h ???????? 004 /wiki/InterestingOrBunk
5031901.31 42f942c6 043937 h ???????? 004 /wiki/DissipativeSystem
50319f0.64 42f942c8 043937 h ???????? 003 /wiki/EnterpriseMashups
5031aed.86 42f942c6 043937 h ???????? 002 /wiki/AspectOrientation
5031bd7.e6 42f942ca 043937 h ???????? 002 /wiki/GiveMeaningToShops
5031ccb.e8 42f942c6 043937 h ???????? 003 /wiki/TheCourtOfKingBlog
5031d7f.23 42f942ca 043937 h ???????? 002 /wiki/WhiteLabel
5031e20.fe 36249663 433e9c h ???????? 002 /wiki/AcCelerate
5031e7a.1d 42f942c6 043937 h ???????? 002 /wiki/ADocumentIsNotATree
5031efb.8b 36249644 433e9c h ???????? 002 /wiki/GeorgeClooney
5031f44.29 42f942c6 043937 h ???????? 002 /wiki/HundredDollarLaptop
5031f64.b3 42f942c6 043937 h ???????? 002 /wiki/RobOter
5032024.60 42f942c6 043937 h ???????? 002 /wiki/DesigningAWiredLife
5032108.14 42f942c6 043937 h ???????? 002 /wiki/PublishAndSubscribe
5032115.31 42f942c6 043937 h ???????? 002 /wiki/VorStufe
5032178.1d bd92d193 cdfc4d h ???????? 011 /
50322cb.d8 42f942ca 043937 h ???????? 002 /wiki/VerticalTechnoratae
5032325.17 42f942ca 043937 h ???????? 002 /wiki/AutomMat
50323ce.c3 42f94212 043937 h ???????? 016 /
5032406.51 42f942c6 043937 h ???????? 001 /wiki/NewMediaAndThinking
5032497.33 42f942c8 043937 h ???????? 002 /wiki/AnarchistUniversity
5032679.4f 42f942ca 043937 h ???????? 002 /wiki/PoliticalSimulation
5032681.b6 42f942c6 043937 h ???????? 002 /wiki/PosiTron
50326ea.92 67edafc3 19c6c4 h ???????? 012 /
5032842.c7 42f942ca 043937 h ???????? 002 /wiki/RaymondDonaldPairan
5032847.41 42f942c6 043937 h ???????? 002 /wiki/HerBrand
503294d.a4 42f942c8 043937 h ???????? 002 /wiki/SchuBert
50329ee.22 42f942c6 043937 h ???????? 002 /wiki/SpreadsheetsAndWiki
5032baa.33 42f942c6 043937 h ???????? 003 /wiki/DevilIsInTheDetails
5032bc9.ba 42f942c6 043937 h ???????? 002 /wiki/MindMusic
5032bce.43 42f942d2 622963 s ???????? 012 /
5032d96.c4 42f942ca 043937 h ???????? 002 /wiki/UrbanTransitSystems
5032e2f.e2 42f942d4 043937 s ???????? 014 /
5032e60.1d 42f942c6 043937 h ???????? 002 /wiki/WikiAndSpreadsheets
5032e98.b2 42f942ca 043937 h ???????? 002 /wiki/PrakTisch
5032fe6.e8 36249552 433e9c h ???????? 001 /edit/26196001
50330a1.a5 6759fcde cdfc4d h ???????? 013 /
50330fd.7c 42f942ca 043937 h ???????? 002 /wiki/UrbanVsRuralPoverty
50331ec.03 42f942c8 043937 h ???????? 002 /wiki/ScienceVsHumanities
5033218.96 42f942c8 043937 h ???????? 003 /wiki/TineRoyal
50332d8.b1 42f942c8 043937 h ???????? 003 /wiki/RdfClass
5033369.3a 42f942c8 043937 h ???????? 003 /wiki/TafelBerg
5033410.ef 42f942c6 043937 h ???????? 002 /wiki/StrongBuy
50334a5.a9 42f942ca 043937 h ???????? 003 /wiki/PasDeDeux
50334e6.ed 42f942ca 043937 h ???????? 002 /wiki/ZettelKasten
5033605.a4 0d38e8f3 c8c944 h ???????? 01a /
5033727.f2 42f942ca 043937 h ???????? 009 /wiki/LarsHinrichs
503377b.36 36249469 433e9c h ???????? 003 /wiki/RealFilm
5033813.19 42f942c8 043937 h ???????? 003 /wiki/TippingPoint
5033857.9d 42f95cc7 70a047 h ???????? 001 //rss.rdf
50339ed.04 42f942c8 043937 h ???????? 003 /wiki/HelloTeenageAmerica
5033a98.f5 32cc6bfd 670234 h ???????? 001 /phpmyadmin/
5033a99.29 32cc6bfd 670234 h ???????? 007 /phpmyadmin/
5033a99.5f 32cc6bfd 670234 h ???????? 002 /PMA/
5033a99.92 32cc6bfd 670234 h ???????? 002 /PMA/
5033a99.c9 32cc6bfd 670234 h ???????? 001 /dbadmin/
5033a99.fb 32cc6bfd 670234 h ???????? 001 /dbadmin/
5033a9a.2e 32cc6bfd 670234 h ???????? 001 /pma/
5033a9a.65 32cc6bfd 670234 h ???????? 001 /pma/
5033a9a.99 32cc6bfd 670234 h ???????? 002 /db/
5033a9a.cf 32cc6bfd 670234 h ???????? 001 /db/
5033abd.c2 a32b1cdc 670234 h ???????? 002 /phpmyadmin/
5033abe.1f a32b1cdc 670234 h ???????? 001 /phpmyadmin/
5033abe.7c a32b1cdc 670234 h ???????? 001 /PMA/
5033abe.de a32b1cdc 670234 h ???????? 001 /PMA/
5033abf.3c a32b1cdc 670234 h ???????? 002 /dbadmin/
5033abf.9c a32b1cdc 670234 h ???????? 001 /dbadmin/
5033abf.f8 a32b1cdc 670234 h ???????? 002 /pma/
5033ac0.5a a32b1cdc 670234 h ???????? 001 /pma/
5033ac0.bd a32b1cdc 670234 h ???????? 002 /db/
5033ac1.1d a32b1cdc 670234 h ???????? 001 /db/
5033ac1.62 42f942c8 043937 h ???????? 003 /wiki/PostSpectacularCity
5033ba0.e8 42f942c8 043937 h ???????? 002 /wiki/VirtualWelfareState
5033c99.2a 42f94215 043937 h ???????? 014 /
5033c9e.a6 42f942c6 043937 h ???????? 002 /wiki/PythonDesktopServer
5033ca6.aa a2d2c482 028fc4 h ???????? 001 /robots.txt
5033caa.92 a2d2c482 028fc4 h ???????? 014 /
5033d66.8b 42f942c6 043937 h ???????? 003 /wiki/TheLogicOfTheFuture
5033eb7.03 42f942c6 043937 h ???????? 003 /wiki/BiologyAndComputing
5033efd.a1 c989ef93 19c6c4 h ???????? 015 /
5033f38.04 42f942ca 043937 h ???????? 002 /wiki/KnowledgeIsNotATree
5033f68.75 42f942c8 043937 h ???????? 002 /wiki/DerStudent
5034043.a0 42f942c6 043937 h ???????? 003 /wiki/DependencyInjection
50342bc.8d 42f942c6 043937 h ???????? 003 /wiki/TheAttentionEconomy
5034362.a3 d8f442f3 2e51d1 h ???????? 002 //robots.txt
5034377.bf beb7323c cedf5c h ???????? 015 /
5034398.33 42f942c6 043937 h ???????? 003 /wiki/PoliticalOrganizing
50343fe.de b90a4484 24f16f s ???????? 01c /
5034415.ff be934e1a 19c6c4 h ???????? 016 /
5034430.7d 42f942c8 043937 h ???????? 002 /wiki/PooDratchi
5034482.d2 42f942ca 043937 h ???????? 003 /wiki/LanguagesAsNetworks
503449c.06 42f942c6 043937 h ???????? 003 /wiki/UREuBC8y4
50344da.f4 42f942c6 043937 h ???????? 003 /wiki/AlainZarli
50345a8.c1 42f942ca 043937 h ???????? 003 /wiki/AccraMatch
5034676.df 42f942c8 043937 h ???????? 003 /wiki/PlsPeopleHatePopups
50346b8.51 42f942c8 043937 h ???????? 003 /wiki/NochJemand
5034757.c3 42f942d4 622963 s ???????? 01d /
5034837.46 7a605db5 53f294 h ???????? 001 //favicon.ico
5034838.17 42f942ca 043937 h ???????? 003 /wiki/SteckDosen
50348cd.6d 284da71b 6a88e8 h ???????? 002 /edit/28146002
503497c.58 5f6cb561 e4b041 h ???????? 002 /robots.txt
5034980.23 5f6cb561 e4b041 h ???????? 002 /cal
5034aa5.bf 9d372703 6a88e8 h ???????? 002 /robots.txt
5034aa9.51 284da71b 6a88e8 h ???????? 003 /wiki/TranslateTheConstitution
5034b48.5b cf2e0dbe 6a88e8 s ???????? 016 /
5034b4c.66 9750278f 433e9c h ???????? 001 //robots.txt
5034c66.62 42f954ee 002725 h ???????? 002 /favicon.ico
5034d75.35 36249607 433e9c h ???????? 003 /wiki/AiMachine
5034db4.90 42f942c6 043937 h ???????? 002 /robots.txt
5034db4.ec 42f942c8 043937 h ???????? 003 /wiki/LaVieEnRose
5034e42.da 42f942c8 043937 h ???????? 003 /wiki/CorporateDashboards
5034e68.06 42f942c6 043937 h ???????? 003 /wiki/UnTil2007Q4
5034e87.6c 42f942d0 043937 s ???????? 017 /
5034f67.4a 42f942ca 043937 h ???????? 003 /wiki/WeinholdBau
503525d.d4 362494f7 433e9c h ???????? 002 /edit/25876002
5035279.1b 36249484 433e9c h ???????? 003 /wiki/WikiPage
503542e.f7 42f942c6 043937 h ???????? 003 /wiki/AmazonOfPaidContent
503546d.42 c154ba0c cedf5c h ???????? 01e /
503559a.00 42f942c6 043937 h ???????? 004 /wiki/PhilipAndAlexsGuide
50355dc.08 42f942ca 043937 h ???????? 003 /wiki/RasKolNiKoff
503565f.f1 42f942d2 043937 s ???????? 003 /wiki/BffTla
5035687.52 42f942c6 043937 h ???????? 003 /wiki/TheWealthOfNetworks
5035688.e5 42f942c6 043937 h ???????? 003 /wiki/NetworksCreateValue
50356c6.63 b983f024 19c6c4 h ???????? 017 /
5035997.a5 42f942ca 043937 h ???????? 003 /wiki/RefactoringBrowsers
5035a10.29 42f942c6 043937 h ???????? 003 /wiki/CodeCleaningCompany
5035a7d.04 36249417 433e9c h ???????? 002 /edit/26216001
5035b32.5d 36249629 433e9c h ???????? 003 /wiki/LockSchuppen
5035b3e.50 42f942c6 043937 h ???????? 003 /wiki/EverythingIsForSale
5035c1d.ef 42f942c8 043937 h ???????? 004 /wiki/AgentBasedModelling
5035c29.e2 42f942c6 043937 h ???????? 003 /wiki/StadtHeidenau
5035ceb.de 42f942c6 043937 h ???????? 003 /wiki/WindKraft
5035cef.e3 42f942c8 043937 h ???????? 003 /wiki/KnowledgeManagement
5035f91.8d 42f942c8 043937 h ???????? 003 /wiki/EdmundStoiber
5036074.3c 83dda407 702dd8 h ???????? 01f /
50360c8.c7 cf2e0dbe 6a88e8 h ???????? 003 /robots.txt
50361a8.f1 42f95ccb 70a047 h ???????? 002 //rss.rdf
5036230.9c 42f942ca 043937 h ???????? 003 /wiki/SemanticIntegration
503626f.2c 2d37cfe3 d1bfbb h ???????? 017 /
5036283.00 2d37cfe3 3f7fe2 h ???????? 003 /robots.txt
50362a3.d8 2d37cfe3 d1bfbb s ???????? 110 /ls
50362a3.d7 2d37cfe3 d1bfbb s ???????? 11e /hls
50362a4.4b a4843451 eb026b s ???????? 001 /bcHead
50362a3.fc 2d37cfe3 d1bfbb s ???????? 136 /sh
50362a7.b2 2d37cfe3 d1bfbb s ???????? 001 /AtJs
50362bd.44 42f942c8 043937 h ???????? 002 /wiki/FITTestingFramework
503637f.36 aa5269d8 670234 h ???????? 015 /
5036380.e7 aa5269d8 670234 h ???????? 014 /
5036387.4b 42f942c8 043937 h ???????? 002 /wiki/HyperMediaDiscourse
503642c.b0 57fae0d5 e4b041 h ???????? 001 /robots.txt
5036430.71 57fae0d5 e4b041 h ???????? 012 /
5036498.e8 42f942c6 043937 h ???????? 002 /wiki/DigitalBackchannels
50364cf.62 36249445 433e9c h ???????? 002 /wiki/FamWis02
503650a.ec 42f9420e 043937 h ???????? 016 /
50365a4.f8 42f942c8 043937 h ???????? 002 /wiki/LincolnMemorial
50365ac.d8 42f942ca 043937 h ???????? 002 /wiki/YouWillDieOfPoverty
50366d7.04 8ba24e87 186d9a s ???????? 012 /
5036771.14 42f942ca 043937 h ???????? 002 /wiki/AlGoreInternetStory
5036808.d4 42f942c8 043937 h ???????? 002 /wiki/AuthorityVsAutonomy
5036822.fe 42f942d0 043937 s ???????? 002 /wiki/KanBan
5036827.51 42f942c6 043937 h ???????? 002 /wiki/WeChooseTheMoon
5036927.34 d8f442f3 2e51d1 h ???????? 001 /robots.txt
50369aa.df d8f442f3 2e51d1 h ???????? 002 /wiki/SeaNation
50369b4.6a d8f442f3 2e51d1 h ???????? 002 //robots.txt
50369c3.c1 42f942c8 043937 h ???????? 002 /wiki/AestheticVideoGames
5036a9e.fc 42f942c8 043937 h ???????? 002 /wiki/TheNetworkIsTheBlog
5036acd.d6 42f942c6 043937 h ???????? 003 /wiki/TearDownThisWall
5036b9d.94 42f942c6 043937 h ???????? 002 /wiki/FourthGenerationWar
5036c67.90 42f942ca 043937 h ???????? 002 /wiki/NetocracyVsAcademia
5036c82.87 42f942ca 043937 h ???????? 002 /wiki/IchBinEinBerliner
5036e30.ac 42f942c6 043937 h ???????? 002 /wiki/RightWingThinkTanks
5036e7b.5e 42f942c8 043937 h ???????? 002 /wiki/RainerWasserfuhr2
5036fff.04 42f942c8 043937 h ???????? 002 /wiki/ObjectsAndFunctions
50370d6.ce 42f942c8 043937 h ???????? 002 /wiki/ChieftainsAndDruids
5037118.dc 42f942d4 622963 s ???????? 013 /
503711d.0b 42f942c8 043937 h ???????? 002 /wiki/KennedySpaceCenter
50371ff.e0 42f942c6 043937 h ???????? 002 /wiki/CamelCaseKorrektur
50373c9.81 d8f442f3 2e51d1 h ???????? 001 /robots.txt
5037454.2c d8f442f3 2e51d1 h ???????? 002 /wiki/PiratenPrognose
5037493.ad 42f942ca 043937 h ???????? 002 /wiki/AdminOcracy
50374c9.d2 42f942c8 043937 h ???????? 003 /wiki/CranbourneLodgeStud
503752e.da d8f442f3 2e51d1 h ???????? 007 /wiki/MyWikiWall
50375b2.b4 42f942c6 043937 h ???????? 003 /wiki/PoliticalTheory
50375fa.29 bc676a34 ea3c0a h ???????? 013 /
50375fb.4c bc676a34 6c4fa8 h ???????? 001 /apple-touch-icon-152x152-precomposed.png
50375fb.7c bc676a34 6c4fa8 h ???????? 001 /apple-touch-icon-152x152.png
50375fb.ad bc676a34 6c4fa8 h ???????? 002 /apple-touch-icon.png
50375fb.da bc676a34 6c4fa8 h ???????? 002 /apple-touch-icon.png
50375fc.09 bc676a34 6c4fa8 h ???????? 002 /apple-touch-icon-precomposed.png
50375fc.38 bc676a34 6c4fa8 h ???????? 001 /favicon.ico
5037625.ac 42f942c6 043937 h ???????? 003 /wiki/SelfOrganizingKnots
5037847.c6 42f942c6 043937 h ???????? 003 /wiki/EcosystemManagement
5037904.93 42f942c6 043937 h ???????? 003 /wiki/DavidBrinsFourMemes
50379a6.a1 42f942c6 043937 h ???????? 003 /wiki/CriticalRationalism
50379e6.65 42f942d4 043937 s ???????? 003 /wiki/MsExcel
50379fb.31 42f942c8 043937 h ???????? 002 /wiki/InternationalBusinessMachines
5037a9e.63 42f942ca 043937 h ???????? 002 /wiki/JamshidGharajedaghi
5037b40.bc 42f942c6 622963 h ???????? 007 /feel/4
5037bd8.ed 42f942c8 043937 h ???????? 002 /wiki/LifeDay15775
5037cdc.c9 42f942ca 043937 h ???????? 002 /wiki/FinancialRegulation
5037d76.0a 42f942c6 043937 h ???????? 003 /wiki/TheOriginalFreeUnix
5037e24.db 42f942ca 043937 h ???????? 003 /wiki/CategoryAbstraction
5037f27.c5 42f942c6 043937 h ???????? 003 /wiki/BrokerageAndClosure
5037ffa.5b 42f942c8 043937 h ???????? 003 /wiki/TheAgeOfInformation
5038072.de 674f9ca5 cdfc4d h ???????? 014 /
50380cb.58 42f942c6 ab3bd9 h ???????? 01a /feel/10
50380e8.17 42f942ca 043937 h ???????? 002 /wiki/TheCultOfTheProduct
50381d2.d7 42f942ca 043937 h ???????? 002 /wiki/IdeaCollectingSites
503820f.ae c06324e3 57819b h ???????? 001 /license.php
503828f.86 42f942ca 043937 h ???????? 002 /wiki/PlsGrandioseProject
5038379.02 42f942c6 043937 h ???????? 003 /wiki/ConspiracyGenerator
503849f.9a 42f942c8 043937 h ???????? 002 /wiki/CommunityAndCulture
5038566.ca 42f942ca 043937 h ???????? 003 /wiki/SilenceOrCompliance
503862f.58 42f942c8 043937 h ???????? 003 /wiki/GeneticModification
50386e1.84 42f942c8 043937 h ???????? 003 /wiki/GeburtsTag
503870f.de 42f942ca 043937 h ???????? 003 /wiki/FaceToFace
50387c4.53 42f942d2 043937 s ???????? 01c /
50387e6.5e 42f942ca 043937 h ???????? 003 /wiki/BernhardThalheim
50388de.a7 d8f442f3 2e51d1 h ???????? 002 /robots.txt
503894f.29 42f942ca 043937 h ???????? 003 /wiki/TechnologischBeschleunigung
5038964.05 bb6f2272 be37cc h ???????? 01c /
5038a06.eb 36249493 433e9c h ???????? 002 /edit/30926001
5038a49.a4 d8f442f3 2e51d1 h ???????? 002 /wiki/JayForrester
5038a57.87 d8f442f3 2e51d1 h ???????? 003 /wiki/KnowledgeWork
5038a6a.f9 42f95cc9 70a047 h ???????? 002 //rss.rdf
5038ac0.72 42f942ca 043937 h ???????? 003 /wiki/TextFreeProgramming
5038b89.86 36249566 433e9c h ???????? 003 /wiki/HaAi
5038b8d.71 42f942c8 043937 h ???????? 002 /wiki/PoliticalDataMining
5038ba9.c2 42f942d0 043937 s ???????? 003 /wiki/BackEnd
5038c55.74 42f942c8 043937 h ???????? 003 /wiki/TransientDataStores
5038d0e.cb cf2e0dbe 6a88e8 s ???????? 01c /
5038d37.43 42f942ca 043937 h ???????? 003 /wiki/ArborialBipedTheory
5038e2d.f0 42f942c8 043937 h ???????? 003 /wiki/ManagementByMarkets
5038f0a.a7 42f942c8 043937 h ???????? 003 /wiki/ConditionMonitoring
5038f31.38 5f6cb561 e4b041 h ???????? 001 /robots.txt
5038f35.00 5f6cb561 e4b041 h ???????? 01a /
5038fc0.da 5f6cb561 e4b041 h ???????? 016 /
5039014.6b 3624963b 433e9c h ???????? 003 /wiki/LockSchuppenOpening
5039034.c6 3624950e 433e9c h ???????? 002 /edit/25266001
5039081.e9 5bdb8c50 670234 h ???????? 018 /
5039082.37 5bdb8c50 670234 h ???????? 016 /
5039085.b8 5bdb8c50 3fa874 h ???????? 001 /GponForm/diag_Form
503909f.93 42f942c8 043937 h ???????? 003 /wiki/SellSideAdvertising
50390f3.8f 42f942c6 043937 h ???????? 003 /wiki/PhilsFavouriteBands
50391a2.0c 42f942c6 043937 h ???????? 004 /wiki/PinkArmyCooperative
50391ea.ba 5f6cb561 e4b041 h ???????? 01f /
50391eb.14 5f6cb561 e4b041 s ???????? 002 /robots.txt
50391ee.b6 5f6cb561 e4b041 s ???????? 016 /
5039290.8e 42f942c6 043937 h ???????? 003 /wiki/WikiPoweredArgument
5039296.29 728112ba cedf5c h ???????? 016 /
50392c8.d6 b44c0f07 a04d28 h ???????? 020 /
503937e.5a d8f442f3 2e51d1 h ???????? 002 /robots.txt
50393d1.f9 42f942d4 043937 s ???????? 002 /.well-known/assetlinks.json
50393f0.9d 42f942ca 043937 h ???????? 003 /wiki/SustainableCultures
50393f6.c2 5f6cb561 e4b041 h ???????? 021 /
50393f7.0c 8d088e98 e4b041 s ???????? 020 /
5039424.aa d8f442f3 2e51d1 h ???????? 004 /wiki/SiSanien
503945b.e9 42f942c6 043937 h ???????? 003 /wiki/RadiophonicWorkshop
50394ab.c0 bde879a3 be37cc h ???????? 018 /
5039531.73 42f942c8 043937 h ???????? 004 /wiki/SimonBuckinghamShum
503953d.38 1fb8c19a 94b52a h ???????? 024 /
5039620.67 42f942c6 043937 h ???????? 003 /wiki/DigitalDiplomaMills
5039716.63 42f942c8 043937 h ???????? 002 /wiki/ListenToTheMachines
503977c.4c 5e7e3c5d cedf5c h ???????? 010 /
50397f6.98 42f942ca 043937 h ???????? 002 /wiki/QualitativeResearch
50398bb.70 42f942ca 043937 h ???????? 002 /wiki/ListeningToCigarros
5039a8b.f3 42f942ca 043937 h ???????? 002 /wiki/BarackObama
5039d6c.ff 42f942ca 043937 h ???????? 014 /
5039e01.5a 4e2e2319 7dfab1 h ???????? 001 //rss.jsp
5039e01.83 4e2e2319 7dfab1 h ???????? 001 //rss.jsp
5039e07.4d bdbd1e43 19c6c4 h ???????? 016 /
5039e51.78 d8f442f3 2e51d1 h ???????? 001 /robots.txt
5039ee5.bd d8f442f3 2e51d1 h ???????? 002 /wiki/Sing
5039eeb.df d8f442f3 2e51d1 h ???????? 002 /wiki/LockSchuppenBusinessPlan
5039ef6.4c d8f442f3 2e51d1 h ???????? 002 /wiki/LockCoupon
5039f34.e2 42f942c6 043937 h ???????? 003 /wiki/ChristineWestermann
5039fdf.78 42f94210 043937 h ???????? 011 /
503a032.b7 d8f442f3 2e51d1 h ???????? 002 /wiki/DrankBeerWith
503a034.cf d8f442f3 2e51d1 h ???????? 002 /wiki/HansJuergenCrede
503a163.b2 c8e8cdcc cdfc4d h ???????? 015 /
503a30f.d9 284da781 6a88e8 h ???????? 003 /wiki/RalfLippold
503a38f.27 d8f442f3 2e51d1 h ???????? 001 /robots.txt
503a6ea.b5 42f9459d 043937 h ???????? 002 /wiki/KurtBurchard
503a821.5d 42f9459d 043937 h ???????? 002 /wiki/HermannGuthe
503a8b2.b9 42f9459d 043937 h ???????? 002 /wiki/EmilJungmann
503a9ba.29 42f9459d 043937 h ???????? 002 /wiki/HeinrichLouisD
503aac4.9a 42f9459c 043937 h ???????? 002 /wiki/BernhardWagner
503ab6c.73 42f9459e 043937 h ???????? 002 /wiki/GustavSchwalbe
503abb4.84 362494ae 433e9c h ???????? 001 /edit/31156004
503abed.a6 42f94f3f 622963 s ???????? 015 /
503ac47.4c 42f9459c 043937 h ???????? 003 /wiki/TheodorvonZahn
503ad9a.87 9d3727a2 6a88e8 h ???????? 001 /robots.txt
503ad9d.70 284da73e 6a88e8 h ???????? 018 /
503af30.5a 42f9459c 043937 h ???????? 003 /wiki/MetroAg
503af88.af 997ffbcc 670234 h ???????? 001 /phpmyadmin/
503af89.0f 997ffbcc 670234 h ???????? 002 /phpmyadmin/
503af89.6b 997ffbcc 670234 h ???????? 001 /PMA/
503af89.d0 997ffbcc 670234 h ???????? 002 /PMA/
503af8a.2e 997ffbcc 670234 h ???????? 001 /dbadmin/
503af8a.8d 997ffbcc 670234 h ???????? 001 /dbadmin/
503af8a.e8 997ffbcc 670234 h ???????? 001 /pma/
503af8b.4b 997ffbcc 670234 h ???????? 002 /pma/
503af8b.ab 997ffbcc 670234 h ???????? 001 /db/
503af8c.0f 997ffbcc 670234 h ???????? 001 /db/
503affe.39 42f9459d 043937 h ???????? 003 /wiki/TheNewConcentration
503b0ae.ac 42f9459d 043937 h ???????? 002 /wiki/CreativeDestruction
503b0dd.f7 48ff246d cedf5c h ???????? 019 /
503b102.89 42f95b5d 70a047 h ???????? 001 //rss.rdf
503b1af.4a 42f9459d 043937 h ???????? 002 /wiki/PersonalInformatics
503b2a4.4f 42f9459c 043937 h ???????? 003 /wiki/InventionIsHolistic
503b2d5.49 d5abdc98 a95ea1 h ???????? 001 //rss.rdf
503b2da.a4 175f46b0 e1a3af h ???????? 001 //rss.rdf
503b3d2.30 42f9459c 043937 h ???????? 002 /wiki/HouseAsSimpleSystem
503b43b.c7 42f9459e 043937 h ???????? 002 /wiki/MoneyAndInformation
503b54c.83 42f9459c 043937 h ???????? 002 /wiki/TaguchiLossFunction
503b65a.c3 42f9459d 043937 h ???????? 002 /wiki/SoftwareSupplyChain
503b719.91 42f9459d 043937 h ???????? 002 /wiki/JonesFirstLawOfWiki
503b7c7.fb 42f9459c 043937 h ???????? 002 /wiki/PhilosophicalMarkup
503b7fb.6a 42f94586 043937 s ???????? 013 /
503b8d2.8d 42f9459d 043937 h ???????? 002 /wiki/ManagementByObjects
503b9e1.53 42f9459d 043937 h ???????? 002 /wiki/WhatIsObjectSlicing
503baac.de 42f9459c 043937 h ???????? 003 /wiki/SingularityThinking
503bbc6.3b 42f9459e 043937 h ???????? 003 /wiki/StevenBerlinJohnson
503bc65.c6 42f9459c 043937 h ???????? 002 /wiki/LiterateProgramming
503bd49.44 42f9459e 043937 h ???????? 003 /wiki/PrefabricatedHouses
503be0a.fd 42f9459e 043937 h ???????? 003 /wiki/TooManyCoOrdinators
503bee7.b3 42f9459e 043937 h ???????? 003 /wiki/OrganicArchitecture
503bfbf.c5 42f9459d 043937 h ???????? 003 /wiki/CalifornianDreaming
503c016.77 bb78817f cdfc4d h ???????? 014 /
503c0d3.65 42f9459c 043937 h ???????? 003 /wiki/AWorldPurelyMusical
503c0f3.dc 42f94586 043937 s ???????? 003 /wiki/TuiLuna
503c186.e5 42f9459d 043937 h ???????? 003 /wiki/GranularityMistakes
503c209.04 42f945df 043937 h ???????? 01a /
503c2ae.95 42f9459c 043937 h ???????? 003 /wiki/SeriousFreeSoftware
503c34d.8c 42f9459e 043937 h ???????? 003 /wiki/GbloinkInstructions
503c408.d4 d8f442f3 2e51d1 h ???????? 002 //robots.txt
503c43e.c5 42f9459e 043937 h ???????? 002 /wiki/AboutWikiNavigation
503c49b.5a b44c0f8e a04d28 h ???????? 014 /
503c553.02 42f9459d 043937 h ???????? 004 /wiki/DomainsAndParticles
503c5a7.6a 36249461 433e9c h ???????? 002 /edit/23806001
503c639.d9 42f9459d 043937 h ???????? 003 /wiki/TheIntentionEconomy
503c6d6.fd 42f9459d 043937 h ???????? 003 /wiki/ThePrisonersDilemma
503c7b8.79 42f9459d 043937 h ???????? 003 /wiki/CreatingCommunities
503c931.7c 42f9459e 043937 h ???????? 002 /wiki/CriticalRationalist
503c97f.01 42f9459c 043937 h ???????? 003 /wiki/SelfProgrammingWiki
503c9c0.e9 42f9459e 043937 h ???????? 003 /wiki/EdRugero
503c9d8.28 5c1a22e1 702dd8 h ???????? 01c /
503ca5c.d4 42f9459d 043937 h ???????? 003 /wiki/YasnsBusinessModels
503ca82.b5 1fb8c19a 94b52a h ???????? 016 /
503ca8d.07 42f9459e 043937 h ???????? 002 /wiki/BeerGame
503cb57.c7 42f9459d 043937 h ???????? 003 /wiki/EpistemicExhaustion
503cc60.16 42f9459c 043937 h ???????? 003 /wiki/JeffBoyer
503cd22.e6 59250a15 cdfc4d h ???????? 016 /
503ce6d.8e 42f95b5c 70a047 h ???????? 002 //rss.rdf
503ced0.19 42f9459e 043937 h ???????? 003 /wiki/InformationForaging
503cf0a.6e 42f9459e 043937 h ???????? 003 /wiki/ArtKleiner
503cf71.46 b44c0f22 a04d28 h ???????? 003 /wiki/WwWebLern
503cfc4.7b 42f9459e 043937 h ???????? 003 /wiki/MultiParadigmCoding
503cff0.e1 42f9459d 043937 h ???????? 003 /wiki/AltMensaFb
503d017.c3 42f945db ab3bd9 h ???????? 002 /feel/4
503d194.f0 42f9459d 043937 h ???????? 003 /wiki/CodeAsDocumentation
503d2a3.af 42f9459c 043937 h ???????? 003 /wiki/FrankHaring
503d2b6.e4 42f9459c 043937 h ???????? 003 /wiki/DemiMoore
503d37c.d2 42f9459d 043937 h ???????? 003 /wiki/PieschenMedia
503d481.8f 42f9459e 043937 h ???????? 003 /wiki/MariaBoeckmann
503d528.48 42f9459d 043937 h ???????? 003 /wiki/EpidemiologyOfPower
503d578.f0 42f9459d 043937 h ???????? 003 /wiki/RobbieSchingler
503d5fc.f9 42f9459e 043937 h ???????? 003 /wiki/JamesHowardKunstler
503d60d.1d 42f9459d 043937 h ???????? 003 /wiki/ChristophAnders
503d798.00 23b46205 670234 h ???????? 003 /phpmyadmin/
503d798.2e 23b46205 670234 h ???????? 001 /phpmyadmin/
503d798.64 23b46205 670234 h ???????? 002 /PMA/
503d798.98 23b46205 670234 h ???????? 002 /PMA/
503d798.ce 23b46205 670234 h ???????? 003 /dbadmin/
503d799.04 23b46205 670234 h ???????? 002 /dbadmin/
503d799.30 23b46205 670234 h ???????? 002 /pma/
503d799.5d 23b46205 670234 h ???????? 002 /pma/
503d799.94 23b46205 670234 h ???????? 002 /db/
503d799.c1 23b46205 670234 h ???????? 001 /db/
503d7a7.41 cf2e0dbe 6a88e8 h ???????? 003 /wiki/TineTest
503d7cc.a2 42f9459c 043937 h ???????? 00b /wiki/SketchingInHardware
503d842.64 5ee7a40b be37cc h ???????? 018 /
503da75.31 42f9459e 043937 h ???????? 003 /wiki/RedirectingOutLinks
503db52.9f 36a55acb 013564 h ???????? 002 /robots.txt
503db52.f2 36a55acb 013564 h ???????? 003 /wiki/LockSchuppen3D
503db7e.0f 42f9459e 043937 h ???????? 003 /wiki/CategoryProgramming
503db85.78 42f9459c 043937 h ???????? 003 /wiki/BusinessEnglishBachelor
503dc14.71 42f9459c 043937 h ???????? 003 /wiki/ExplicitProgramming
503dc24.60 42f94582 622963 s ???????? 020 /
503dc51.e0 c8c42df2 cedf5c h ???????? 018 /
503de0a.e2 42f9459d 043937 h ???????? 004 /wiki/TragedyOfTheCommons
503de22.dd cf2e0dbe 6a88e8 h ???????? 004 /wiki/SourceCode
503de2e.d2 42f9459e 043937 h ???????? 004 /wiki/NeonGrau
503dfb3.92 42f9459c 043937 h ???????? 003 /wiki/MicrocontentClients
503dff4.00 42f9459d 043937 h ???????? 005 /wiki/SoerenAuer
503e0be.a3 42f9459d 043937 h ???????? 002 /wiki/RiverOfBottledWater
503e0d9.c5 42f9459c 043937 h ???????? 002 /wiki/BautznerTor
503e0ec.c7 42f9459c 043937 h ???????? 001 /wiki/MindTags
503e175.2b 42f9459c 043937 h ???????? 002 /wiki/CollectiveIgnorance
503e1a2.88 42f9459d 043937 h ???????? 002 /wiki/DresdenAirport
503e43c.43 42f9459c 043937 h ???????? 002 /wiki/WillsteQuatschen
503e47a.56 42f9459e 043937 h ???????? 002 /wiki/WwWebLern
503e533.5f 42f9459d 043937 h ???????? 002 /wiki/SandyEisenloeffel
503e622.76 bc286647 7dfab1 h ???????? 001 //rss.jsp
503e622.97 bc286647 7dfab1 h ???????? 001 //rss.jsp
503e699.d7 bca5e922 e3b0c4 h ???????? 001 /robots.txt
503e69b.fb bca5e922 1200b3 h ???????? 012 /
503e7c3.2a 42f9459c 043937 h ???????? 002 /wiki/PlsSearchEverywhere
503e831.a8 42f9459c 622963 h ???????? 016 /
503e850.a0 7a744b55 670234 h ???????? 001 /phpmyadmin/
503e851.0e 7a744b55 670234 h ???????? 002 /phpmyadmin/
503e851.7d 7a744b55 670234 h ???????? 002 /PMA/
503e851.ea 7a744b55 670234 h ???????? 001 /PMA/
503e852.54 7a744b55 670234 h ???????? 001 /dbadmin/
503e852.c1 7a744b55 670234 h ???????? 001 /dbadmin/
503e853.2e 7a744b55 670234 h ???????? 001 /pma/
503e853.9a 7a744b55 670234 h ???????? 006 /pma/
503e854.05 7a744b55 670234 h ???????? 001 /db/
503e854.6f 7a744b55 670234 h ???????? 001 /db/
503e87e.6a 42f9459d 043937 h ???????? 002 /wiki/WebDangerToThinking
503e8de.af 2e6962a6 e3b0c4 h ???????? 001 /robots.txt
503e8e0.dd 2e6962a6 aa5504 h ???????? 017 /
503ea36.39 42f9459e 043937 h ???????? 003 /wiki/ObjectsAndRelations
503ea4f.d0 42f9459c 043937 h ???????? 002 /wiki/HotballingHoneybees
503eb3d.e1 42f9459c 043937 h ???????? 002 /wiki/PublicGoodsProblems
503eb96.50 42f95b5e 70a047 h ???????? 001 //rss.rdf
503ec16.08 42f9459c 043937 h ???????? 007 /wiki/BlackPlasticBagChic
503ecfc.9f 42f9459e 043937 h ???????? 002 /wiki/AutomatingInvention
503edb0.ec d17e8807 7404fb s ???????? 012 /
503ee1b.fd 42f9459d 043937 h ???????? 003 /wiki/AfricanFreeSoftware
503eecf.5d 42f9459e 043937 h ???????? 007 /wiki/TheAgeOfAggregators
503ef6d.96 42f94584 043937 s ???????? 018 /
503ef70.50 25bb382f e3b0c4 h ???????? 001 /robots.txt
503ef72.77 25bb382f 87f8b1 h ???????? 012 /
503ef92.4e 2e6964b7 e3b0c4 h ???????? 001 /robots.txt
503ef97.37 42f9459c 043937 h ???????? 002 /wiki/TopicsDiscussedHere
503f10e.b4 42f9459e 043937 h ???????? 003 /wiki/PovertyIsIncreasing
503f15c.3f b23e75f8 670234 h ???????? 002 /phpmyadmin/
503f15c.5d b23e75f8 670234 h ???????? 001 /phpmyadmin/
503f15c.7a b23e75f8 670234 h ???????? 001 /PMA/
503f15c.9e b23e75f8 670234 h ???????? 002 /PMA/
503f15c.bd b23e75f8 670234 h ???????? 001 /dbadmin/
503f15c.d9 b23e75f8 670234 h ???????? 001 /dbadmin/
503f15c.f7 b23e75f8 670234 h ???????? 002 /pma/
503f15d.15 b23e75f8 670234 h ???????? 001 /pma/
503f15d.34 b23e75f8 670234 h ???????? 001 /db/
503f15d.51 b23e75f8 670234 h ???????? 001 /db/
503f16e.57 42f9459e 043937 h ???????? 002 /wiki/FirstDayAtNewSchool
503f255.7d 42f9459d 043937 h ???????? 002 /wiki/GiftsAndReciprocity
503f297.e7 cf2e0dbe 6a88e8 s ???????? 018 /
503f330.1a 42f9459c 043937 h ???????? 002 /wiki/AgainstFinishedness
503f424.31 42f9459e 043937 h ???????? 003 /wiki/CategoryIndividuals
503f4aa.78 362494ff 433e9c h ???????? 003 /wiki/StudiVz
503f4f5.86 42f9459c 043937 h ???????? 003 /wiki/TheMusicOfTheFuture
503f5da.94 42f9459e 043937 h ???????? 003 /wiki/ArtificialStupidity
503f63d.b6 42f9459d 043937 h ???????? 003 /wiki/MerckKgaa
503f6d5.48 42f9459e 043937 h ???????? 002 /wiki/FreeSoftwareLinkBin
503f7ac.94 42f9459d 043937 h ???????? 003 /wiki/TheHilariousTragedy
503f887.47 42f9459d 043937 h ???????? 003 /wiki/LooseCategorization
503f966.60 42f9459c 043937 h ???????? 003 /wiki/ModelViewController
503fa99.d2 42f9459c 043937 h ???????? 003 /wiki/NetworkEpistemology
503fb6f.e6 586302d7 5cb068 h ???????? 019 /
503fb86.da 42f9459c 043937 h ???????? 002 /wiki/TheRightAbstraction
503fc19.e4 42f9459d 043937 h ???????? 003 /wiki/LDTqH7FzVph
503fce7.92 42f9459e 043937 h ???????? 003 /wiki/NooTopistin
503fd86.ac 3624940f 433e9c h ???????? 001 /edit/27396003
503fde1.8c 42f9459d 043937 h ???????? 002 /wiki/AnotherAntInTheSwarm
503fec6.c8 55f8e3a5 cc9bbb h ???????? 01b /
503fedd.d3 42f9459e 043937 h ???????? 003 /wiki/FinishednessThinking
503ff92.5c 42f9459e 043937 h ???????? 003 /wiki/CategoryEpistemology
