524030c.de 36249505 433e9c h ???????? 002 /edit/24706001
52403e1.24 42f942d0 043937 s ???????? 002 /wiki/DeTrans
52405c7.03 5e66344d 726fe5 h ???????? 011 /
5240601.9d b1893fc2 be37cc h ???????? 017 /
52406e5.ca 42f942ca 043937 h ???????? 002 /wiki/JiaweiHan
52408dd.a4 3624954f 433e9c h ???????? 002 /wiki/ChristianHeller
5240b84.77 42f95cc7 70a047 h ???????? 001 //rss.rdf
5240c86.64 c4342b74 c5c81c h ???????? 017 /
5240c97.3e 42f94291 043937 s ???????? 001 /robots.txt
5240f0c.93 36249516 433e9c h ???????? 001 /edit/26656001
524108e.28 4d9d1e76 03675a h ???????? 001 /login.cgi
52415ca.11 42f942d4 622963 s ???????? 011 /
52416c0.b4 9d372702 6a88e8 h ???????? 001 //robots.txt
5241737.62 4e818234 971257 h ???????? 002 /xmlrpc.php
52417b2.a6 43152402 ef60d6 s ???????? 002 /robots.txt
52418a8.c0 42f942c6 043937 h ???????? 002 /wiki/OsvilleWright
52419b0.41 96f2ffc5 be37cc h ???????? 016 /
5241a2a.24 36249511 433e9c h ???????? 002 /wiki/ConTainer
5241a90.9a 5f6cb561 e4b041 h ???????? 001 /robots.txt
5241a94.66 5f6cb561 e4b041 h ???????? 011 /
5241d62.13 904c2cb4 aabbd7 h ???????? 012 /
5241d83.9f 36249535 433e9c h ???????? 002 /wiki/WasaPlatz
5241eba.04 42f942c8 043937 h ???????? 002 /wiki/DeTrans
5241f16.65 cf2e0dd7 6a88e8 s ???????? 001 /robots.txt
5241f17.62 cf2e0dd7 6a88e8 s ???????? 002 /robots.txt
5241f1a.7a cf2e0dbc 6a88e8 s ???????? 013 /
524231e.47 362494fa 433e9c h ???????? 002 /wiki/AlexanderJobst
5242459.20 42f942c6 043937 h ???????? 003 /wiki/KunstWort
5242512.12 dcbff934 aaa5a7 h ???????? 002 /manager/html
5242a6b.bd 42f942ca 043937 h ???????? 002 /wiki/DrankBeerWith
52430a6.19 42f942c6 043937 h ???????? 002 /wiki/MichaelAchenbach
52430d9.d4 b20ce702 ea3c0a h ???????? 017 /
52430da.92 b20ce702 6c4fa8 h ???????? 002 /apple-touch-icon-152x152-precomposed.png
52430da.c1 b20ce702 6c4fa8 h ???????? 001 /apple-touch-icon-152x152.png
52430da.ea b20ce702 6c4fa8 h ???????? 002 /apple-touch-icon.png
52430db.10 b20ce702 6c4fa8 h ???????? 001 /apple-touch-icon.png
52430db.37 b20ce702 6c4fa8 h ???????? 001 /apple-touch-icon-precomposed.png
52430db.62 b20ce702 6c4fa8 h ???????? 002 /favicon.ico
52430de.40 b20ce702 ea3c0a h ???????? 008 /alive/4
52430de.45 b20ce702 ea3c0a h ???????? 001 /feel/4
52430de.96 b20ce702 ea3c0a h ???????? 013 /
52430e3.06 b20ce702 ea3c0a h ???????? 001 /alive/4
52430e3.0d b20ce702 ea3c0a h ???????? 001 /feel/4
5243352.74 8ac560d7 d1bfbb h ???????? 018 /
5243394.13 42f95ccb 70a047 h ???????? 001 //rss.rdf
52434a9.a4 5f6cb561 e4b041 h ???????? 019 /edit/12056001
5243815.f1 52d0a0b5 2decd6 h ???????? 01b /
5243816.2c 52d0a0b5 c06a0f h ???????? 017 /
52439dc.b6 cf2e0dbc 6a88e8 h ???????? 003 /wiki/ImMortal
5243af8.bf 3624948a 433e9c h ???????? 002 /edit/29426002
5243c2e.c5 42f9404a 043937 h ???????? 003 /wiki/FantasyTaenze
5243ded.42 b90a44ea 24f16f s ???????? 014 /
5243e76.0c 36249519 433e9c h ???????? 013 /edit/19446001
5243f8d.a3 cf2e0dd7 6a88e8 h ???????? 001 /robots.txt
5243f8f.62 9d3727cc 6a88e8 h ???????? 01c /
5244216.66 a3ac0499 dbffba h ???????? 01a /
524436f.60 22d3afb2 3480ef h ???????? 003 //wiki/WwWebLern
5244b3e.a4 29d0d8d8 be37cc h ???????? 014 /
5244df1.dc 42f942ca 043937 h ???????? 003 /wiki/SlaveMorality
5244f89.8d a2d2c464 028fc4 h ???????? 002 //robots.txt
5244f95.b3 a2d2c464 028fc4 h ???????? 01c /
52451b2.da 1fb8c26d 94b52a h ???????? 016 /
52451de.af 362494bd 433e9c h ???????? 002 /edit/25356004
52453cd.b3 36249489 433e9c h ???????? 002 /edit/30386001
5245535.98 a2d2c482 028fc4 h ???????? 002 /robots.txt
5245537.a2 a2d2c482 028fc4 h ???????? 015 /
52456d0.61 36249511 433e9c h ???????? 002 /edit/22336007
524570a.b4 9d3727cc 6a88e8 h ???????? 003 /wiki/PageIndex
52457a3.4e c1c9e0de 3a5a31 h ???????? 002 /wp-login.php
52457a3.82 c1c9e0de 3a5a31 h ???????? 002 //wp-login.php
5245828.b8 9d3727cc 6a88e8 h ???????? 003 /wiki/PageView
5245910.0b 36249467 433e9c h ???????? 002 /edit/22346001
5245b0f.8d 42f95cc9 70a047 h ???????? 002 //rss.rdf
5245b55.43 0585b70e 8e0e7d h ???????? 002 //rss.rdf
5245b56.37 d5abdc98 a95ea1 h ???????? 002 //rss.rdf
5245e4c.99 36249535 433e9c h ???????? 002 /edit/29146004
5245f88.1c 42f942c8 043937 h ???????? 004 /wiki/WiredSweatshops
5245fb5.11 42f942d2 043937 s ???????? 003 /wiki/AloisBoxberg
5246003.ec 5f6cb561 e4b041 h ???????? 001 /robots.txt
5246007.af 5f6cb561 e4b041 h ???????? 010 /
5246236.0a 3624944a 433e9c h ???????? 001 /edit/25346003
5246af3.4e be491112 be37cc h ???????? 011 /
5246c51.a6 cf2e0de3 6a88e8 h ???????? 002 /edit/27086003
5246c74.f9 284da7a0 6a88e8 h ???????? 001 /robots.txt
5246e75.4e 68833acf 6a9be8 s ???????? 015 /
5246ea9.bb 5fa3ff27 399ff9 h ???????? 001 /robots.txt
5246eac.43 5fa3ff27 399ff9 h ???????? 002 /wiki/LockSchuppenDe
5246ec5.b1 9f41a980 6a9be8 s ???????? 015 /
5247178.14 42f942d4 043937 s ???????? 002 /wiki/CubeOs
52471e3.9e 42f94291 043937 s ???????? 015 /
52471f1.ad 42f94291 ab3bd9 s ???????? 001 /feel/4
52471f2.73 42f94295 ab3bd9 s ???????? 001 /feel/8
52477dc.22 2454e50f cedf5c h ???????? 012 /
5247aa4.7a 5fa3ff74 399ff9 h ???????? 001 /robots.txt
5247aa5.01 5fa3ff67 399ff9 h ???????? 004 /wiki/LifeDay16184
5247aaa.de 5fa3ff6c 399ff9 h ???????? 012 /wiki/127001
5247ab0.9f 5fa3ff74 399ff9 h ???????? 015 /love/1e
5247c03.86 3624966d 433e9c h ???????? 002 /t/robots.txt
5247c54.ac 42f942c6 043937 h ???????? 002 /robots.txt
5247c55.37 42f942ca 043937 h ???????? 001 /live
5247c7c.36 42f942c6 043937 h ???????? 003 /wiki/KeuTa
5247e66.bb 42f942ca 043937 h ???????? 002 /wiki/GoldEsel
5247e7d.22 42f942c6 043937 h ???????? 002 /wiki/PowerBank
5247e8a.1e 42f942c6 043937 h ???????? 002 /wiki/KuchenTheater
5247f53.fe 3624949b 433e9c h ???????? 003 /wiki/AnnoDomino2012
524813f.ed 3624952c 433e9c h ???????? 002 /wiki/ImPrint
5248254.94 362494f2 433e9c h ???????? 002 /edit/25346008
524833b.1b 42f942c8 043937 h ???????? 003 /wiki/MichaSharir
52484a2.06 42f95ccb 70a047 h ???????? 002 //rss.rdf
5248923.39 3624944f 433e9c h ???????? 002 /wiki/StundenBuch
5248a39.07 42f942ca 043937 h ???????? 003 /wiki/CastId
5248b2e.49 3624966a 433e9c h ???????? 002 //robots.txt
5248bd1.79 57fae0d5 e4b041 h ???????? 001 /robots.txt
5248bd5.4e 57fae0d5 e4b041 h ???????? 012 /
5248bf4.62 42f942ce 043937 h ???????? 002 /wiki/EngelsTag
5248c30.a3 450c42c8 f92876 h ???????? 002 /t/modules/index.html
5248cd7.af 42f942ca 043937 h ???????? 002 /wiki/GoogleChrome
5248cfb.9d 3ed29790 f92876 h ???????? 002 /t/README.txt
5248e0a.b5 2d73ac2e 19c6c4 h ???????? 019 /
5249017.05 42f942c6 043937 h ???????? 003 /wiki/SteffenGrosche
5249178.d1 5beaa554 cedf5c h ???????? 019 /
5249192.a2 3624943a 433e9c h ???????? 002 /edit
524929a.d5 a2d8e39d f93269 h ???????? 001 //rss.rdf
52493b3.0f 42f942c6 043937 h ???????? 003 /wiki/ThomasGigold
52494fe.47 42f942c8 043937 h ???????? 003 /wiki/OpenStreetMap
5249711.af 362494a3 433e9c h ???????? 001 /edit/21806001
52497b1.97 5c9a5fec ef60d6 h ???????? 017 /
52499a2.35 42f942cc 043937 h ???????? 003 /wiki/MenschMaschinenMensch
5249a0d.4b 1fb8c26d 94b52a h ???????? 014 /
5249ba0.36 42f942ca 043937 h ???????? 003 /wiki/MauerFall
5249c50.2c 42f942ca 043937 h ???????? 003 /wiki/RoboCup
5249d44.b1 42f942ca 043937 h ???????? 003 /wiki/ReZession
5249dac.e5 284da7a0 6a88e8 s ???????? 01d /
5249e29.68 42f942ca 043937 h ???????? 003 /wiki/JamesWatson
5249eda.ad 42f942d0 043937 s ???????? 015 /
5249f20.45 42f942ca 043937 h ???????? 003 /wiki/KapitalIsmus
524a056.bb 42f9429c 043937 h ???????? 002 /robots.txt
524a057.0c 42f9429e 043937 h ???????? 004 /nddkjxooejar.html
524a0a7.18 42f942ca 043937 h ???????? 002 /wiki/KuenstlicheIntelligenz
524a194.09 b11581cd 19c6c4 h ???????? 01a /
524a292.93 8ba27485 12bd58 s ???????? 032 /
524a6c1.00 42f942c6 043937 h ???????? 004 /wiki/CharlesStross
524a78c.83 b280af68 72196d h ???????? 002 /robots.txt
524a8ee.4e 3624948b 433e9c h ???????? 002 /edit/24446001
524ab9a.aa 42f942c8 043937 h ???????? 003 /wiki/MatthiasSchrader
524ae01.25 42f95ccb 70a047 h ???????? 002 //rss.rdf
524b238.ca 362494d1 433e9c h ???????? 002 /edit/27236001
524b367.d2 b280abe9 72196d s ???????? 002 /robots.txt
524b3f4.a7 9d3727cc 6a88e8 h ???????? 01c /
524b883.d3 42f942c6 043937 h ???????? 003 /wiki/AcademyCanvas
524be86.dc 36249439 433e9c h ???????? 002 /edit/29416002
524c0f1.6b 36249561 433e9c h ???????? 002 /edit/22606002
524c1a8.e2 3435c94e c8c944 h ???????? 01d /
524c33c.93 36249450 433e9c h ???????? 003 /wiki/ParadigmShift
524c486.fd be6cd8fe be37cc h ???????? 018 /
524c60e.05 b9233fa0 ab5b62 s ???????? 019 /
524c70b.88 b280a3bb 72196d s ???????? 002 /robots.txt
524c757.be 5f6cb561 e4b041 h ???????? 002 /robots.txt
524c75b.84 5f6cb561 e4b041 h ???????? 002 /cal
524ca47.09 42f942d2 043937 s ???????? 001 /robots.txt
524ca47.8d 42f942d4 043937 s ???????? 002 /wiki/SaintExupery
524cf62.25 42f942d2 043937 s ???????? 002 /wiki/HueckesWagen
524cfa0.f3 42f942d4 043937 s ???????? 002 /wiki/SanfteStaerke
524cfe4.7e 42f942c6 043937 h ???????? 002 /wiki/DiegoVelazquez
524d030.54 42f942c8 043937 h ???????? 002 /wiki/UnsereProjekte
524d088.c8 5c9a5fec ef60d6 h ???????? 011 /
524d143.9d ab78651f aaa5a7 h ???????? 001 /manager/html
524d2d0.5d 42f942ca 043937 h ???????? 002 /wiki/MuseumPrototyp
524d3f1.f2 42f942c8 043937 h ???????? 002 /wiki/VrMl
524d42a.9c b14b8f5e be37cc h ???????? 016 /
524d4b7.ad 42f95cc9 70a047 h ???????? 001 //rss.rdf
524d5c2.da 6d5e73d1 19c6c4 h ???????? 015 /
524d93d.3d 22e54404 95df39 h ???????? 002 /robots.txt
524d942.d2 22cb1d09 95df39 h ???????? 001 /robots.txt
524d943.14 22cb1d09 95df39 h ???????? 016 /
524d9b7.8e 22e54404 95df39 h ???????? 002 /robots.txt
524d9bc.56 22cb1d09 95df39 h ???????? 001 /wiki/RainerWasserfuhrCv
524db3b.13 cf2e0d07 6a88e8 s ???????? 011 /
524dd6c.15 5fa3ff23 399ff9 h ???????? 002 /robots.txt
524dd6d.85 5fa3ff23 399ff9 h ???????? 002 /wiki/KiDh
524dd9b.b9 22cb1d09 95df39 h ???????? 002 /wiki/LockSchuppen
524dfa6.85 22cb1d09 95df39 h ???????? 002 /wiki/LockSchuppenDe
524e053.af 284da799 6a88e8 h ???????? 003 /wiki/PennerGame
524e0c7.ec 22cb1d09 95df39 h ???????? 002 /robots.txt
524e0c8.21 22cb1d09 95df39 h ???????? 002 /wiki/PieschenTv
524e193.72 5c9a5fec ef60d6 h ???????? 011 /
524e1b7.25 22e54404 95df39 h ???????? 002 /robots.txt
524e1d8.92 22cb1d09 95df39 h ???????? 002 /wiki/MindPost
524e20f.79 22cb1d09 95df39 h ???????? 002 /wiki/NooPolis
524e42e.29 3624956b 433e9c h ???????? 001 /edit/31106001
524e55e.30 42f942c8 043937 h ???????? 002 /wiki/OptimisticThoughtExperiment
524e5b4.ec 42f942d0 043937 s ???????? 003 /wiki/NettVerkaufen
524e713.bd 42f942c8 043937 h ???????? 002 /wiki/KarlMarx
524e7e7.86 42f942c8 043937 h ???????? 003 /wiki/RogerLowenstein
524e9da.51 b20ce702 ea3c0a h ???????? 013 /
524e9db.16 b20ce702 6c4fa8 h ???????? 002 /apple-touch-icon-152x152-precomposed.png
524e9db.44 b20ce702 6c4fa8 h ???????? 001 /apple-touch-icon-152x152.png
524e9db.6f b20ce702 6c4fa8 h ???????? 002 /apple-touch-icon.png
524e9db.93 b20ce702 6c4fa8 h ???????? 002 /apple-touch-icon.png
524e9db.b7 b20ce702 6c4fa8 h ???????? 006 /apple-touch-icon-precomposed.png
524e9db.dd b20ce702 6c4fa8 h ???????? 001 /favicon.ico
524e9de.c1 b20ce702 ea3c0a h ???????? 002 /feel/4
524e9e2.ca b20ce702 ea3c0a h ???????? 002 /alive/8
524e9e2.d1 b20ce702 ea3c0a h ???????? 001 /feel/8
524e9ea.c7 b20ce702 ea3c0a h ???????? 028 /alive/10
524e9ea.d3 b20ce702 ea3c0a h ???????? 016 /feel/10
524e9fa.fd b20ce702 ea3c0a h ???????? 005 /alive/20
524e9fb.0b b20ce702 ea3c0a h ???????? 001 /feel/20
524ea09.f9 b20ce702 6c4fa8 h ???????? 001 /apple-touch-icon-152x152-precomposed.png
524ea0a.d3 b20ce702 ea3c0a h ???????? 001 /alive/30/
524ea0a.d8 b20ce702 ea3c0a h ???????? 001 /feel/30
524ea0b.81 b20ce702 6c4fa8 h ???????? 002 /apple-touch-icon-152x152.png
524ea0b.d7 b20ce702 6c4fa8 h ???????? 002 /apple-touch-icon.png
524ea0c.05 b20ce702 6c4fa8 h ???????? 001 /apple-touch-icon.png
524ea1a.d5 b20ce702 ea3c0a h ???????? 002 /alive/40/
524ea1a.df b20ce702 ea3c0a h ???????? 001 /feel/40
524ea88.e6 42f942c8 043937 h ???????? 003 /wiki/JulianRobertson
524eab8.97 5da03c16 48d7fa h ???????? 003 //wiki/TwitterKurs
524eb68.c5 22e54404 95df39 h ???????? 001 /robots.txt
524eb74.f0 22cb1d09 95df39 h ???????? 001 /robots.txt
524eb75.29 22cb1d09 95df39 h ???????? 002 /wiki/ZugWiki
524ecaa.dc 8e04d774 e3b0c4 h ???????? 002 /robots.txt
524ecad.5c 8e04d774 d9ec50 h ???????? 015 /
524eced.79 22cb1d09 95df39 h ???????? 002 /wiki/PsychischeGesundheit
524ed64.ac 362494cb 433e9c h ???????? 002 /edit/22526001
524ee7f.91 b20ce702 ea3c0a h ???????? 014 /
524ee83.f9 b20ce702 ea3c0a h ???????? 002 /alive/4
524ee83.fe b20ce702 ea3c0a h ???????? 007 /feel/4
524ee87.e2 b20ce702 ea3c0a h ???????? 001 /feel/8
524ee9f.68 36249415 433e9c h ???????? 001 /edit/22456006
524f35d.88 5fa3ff24 399ff9 h ???????? 002 /robots.txt
524f360.2f 5fa3ff21 399ff9 h ???????? 009 /wiki/ZugWiki
524f382.c5 3624966a 433e9c h ???????? 001 /robots.txt
524f4c1.80 bb656afb cdfc4d h ???????? 014 /
524f6da.73 b44c0f8a a04d28 h ???????? 01b /
524f777.fc 42f942d2 043937 s ???????? 003 /wiki/AurelienEyoum
524f95e.a7 5fa3ff72 399ff9 h ???????? 001 /robots.txt
524f961.36 5fa3ff70 399ff9 h ???????? 008 /wiki/HerzTorte
524f96b.34 5fa3ff72 399ff9 h ???????? 003 /wiki/LinieDrei
524f975.f5 5fa3ff73 399ff9 h ???????? 003 /wiki/ChristianHeller
524f981.41 5fa3ff77 399ff9 h ???????? 003 /wiki/OasIs
524f98d.1c 5fa3ff68 399ff9 h ???????? 007 /wiki/LaufHaus
524f995.af 5fa3ff76 399ff9 h ???????? 002 /wiki/HaTa
524f99e.5e 5fa3ff77 399ff9 h ???????? 002 /wiki/KhBi
524f9a6.52 5fa3ff74 399ff9 h ???????? 003 /wiki/KreuzKirche
524f9ad.bf 5fa3ff71 399ff9 h ???????? 003 /wiki/LuSch
524f9b8.7c 5fa3ff75 399ff9 h ???????? 002 /wiki/TuerAn
524f9bf.77 5fa3ff6c 399ff9 h ???????? 003 /wiki/CoraHobby
524f9c9.6f 5fa3ff71 399ff9 h ???????? 009 /wiki/WikiPage
524fa3d.b5 8af6fd05 b5326e s ???????? 016 /
524fa46.bb cf2e0d8b 6a88e8 h ???????? 015 /
524fb69.c5 502f2deb cedf5c h ???????? 018 /
524fd9f.a5 42f942c6 043937 h ???????? 003 /wiki/NigelMelville
524fedd.2f 42f95cc7 70a047 h ???????? 002 //rss.rdf
