52c009e.06 36249419 433e9c h ???????? 003 /wiki/CarolaFee
52c0138.d3 c5f5d7ef 19c6c4 h ???????? 016 /
52c01a8.e3 42f94585 043937 s ???????? 001 /robots.txt
52c01a9.75 42f94589 622963 s ???????? 014 /
52c01c4.b6 362494f1 433e9c h ???????? 001 /edit/28466001
52c026d.8d 42f94b05 043937 s ???????? 002 /wiki/CheckSum
52c02c7.83 5f6cb561 e4b041 h ???????? 002 /robots.txt
52c02cb.30 5f6cb561 e4b041 h ???????? 001 /FloatingBoats
52c04ee.25 42f94b07 043937 s ???????? 001 /lance
52c0540.0e 42f9459c 043937 h ???????? 001 /robots.txt
52c0540.66 42f9459d 043937 h ???????? 012 /
52c06c6.4e 42f95b9e 70a047 h ???????? 001 //rss.rdf
52c0741.0f 6c3b0850 028fc4 h ???????? 005 /robots.txt
52c0744.ba 6c3b0850 028fc4 h ???????? 012 /
52c0793.d9 42f94b1d 622963 h ???????? 017 /
52c08c3.9f 42f94b1d 043937 h ???????? 012 /
52c08c5.ab 42f94b1c ab3bd9 h ???????? 001 /feel/8
52c0ca3.79 12b80533 e04f63 h ???????? 001 /robots.txt
52c0ca4.9f 12b80533 e04f63 h ???????? 002 /wiki/VolksKonto
52c0d25.46 284da7c5 6a88e8 s ???????? 012 /
52c0fc2.c0 674691e6 be37cc h ???????? 013 /
52c10a7.88 1fb8c36c 94b52a h ???????? 012 /
52c13b0.e4 8d696cf3 19c6c4 h ???????? 017 /
52c13da.c3 dcbff934 aaa5a7 h ???????? 002 /manager/html
52c1515.83 bf6563ad 85c767 h ???????? 018 /
52c16e2.a5 5fa3ff20 399ff9 h ???????? 002 /robots.txt
52c16e6.27 5fa3ff22 399ff9 h ???????? 002 /wiki/JfSchlinck
52c16e8.f8 5fa3ff20 399ff9 h ???????? 003 /wiki/DogBagBarbie
52c16eb.b0 5fa3ff22 399ff9 h ???????? 002 /wiki/AnEi
52c1b07.44 b44c0f87 a04d28 h ???????? 002 /wiki/LockSchuppen
52c1b12.80 97fc1956 043937 s ???????? 003 /wiki/MaxZwo
52c1b13.99 97fc1956 043937 h ???????? 002 /wiki/MaxZwo
52c1b16.22 97fc1956 043937 h ???????? 002 /wiki/MaxDresden
52c1b18.bf 97fc1956 043937 s ???????? 002 /wiki/MaxDresden
52c1b1a.5c 97fc1956 043937 h ???????? 002 /wiki/MaxZwo
52c1b1a.88 97fc1956 043937 h ???????? 002 /wiki/MaxDresden
52c1b1a.98 97fc1956 043937 s ???????? 002 /wiki/MaxDresden
52c1b1c.c7 97fc1956 043937 h ???????? 003 /wiki/MaxDresden
52c1b31.64 c0799e6d 043937 h ???????? 018 /
52c20cf.ca 113a676c 4d4314 h ???????? 002 /robots.txt
52c20d0.14 113a676c 4d4314 h ???????? 018 /love/1e
52c22e9.3b b90a44ea 24f16f s ???????? 013 /
52c266e.99 113a676c 4d4314 h ???????? 001 //robots.txt
52c266f.09 113a676c 4d4314 h ???????? 003 //wiki/LockSchuppen
52c2850.74 36249439 433e9c h ???????? 015 /edit/10566003
52c28d5.63 42f94b4f 043937 h ???????? 019 /
52c2a12.fb 3624948d 433e9c h ???????? 003 /wiki/RalfLippold
52c2b0d.af 36249528 433e9c h ???????? 003 /wiki/VladimirPutin
52c2e5e.09 42f95b9d 70a047 h ???????? 002 //rss.rdf
52c346b.46 c1cc3905 be37cc h ???????? 019 /
52c34c2.0e 42f94b15 622963 s ???????? 019 /
52c353d.35 6e4de2e5 cedf5c h ???????? 015 /
52c380c.b6 a3ac29e4 cc9bbb h ???????? 01a /
52c40b3.ba 29d3148a cdfc4d h ???????? 015 /
52c40c4.f0 36249465 433e9c h ???????? 003 /wiki/CoWorkingSpace
52c4168.44 4e1a8d66 9caa3e h ???????? 001 /tv.m3u
52c4217.ba a2d2c481 028fc4 h ???????? 002 //robots.txt
52c421b.f6 a2d2c481 028fc4 h ???????? 015 /
52c421d.9a a2d2c481 028fc4 h ???????? 001 /robots.txt
52c4222.52 a2d2c481 028fc4 h ???????? 01a /
52c46a3.1a 672fd8bf cdfc4d h ???????? 01c /
52c4785.76 362494a5 433e9c h ???????? 003 /wiki/EricSchmidt
52c4ab1.05 36249552 433e9c h ???????? 002 /edit/31066001
52c533a.0f cf2e0dc5 6a88e8 s ???????? 001 /robots.txt
52c533b.23 cf2e0dc5 6a88e8 s ???????? 002 /robots.txt
52c5341.4d 284da7c5 6a88e8 s ???????? 01b /
52c53ca.f8 42f94585 622963 s ???????? 01c /
52c54b1.b5 b9280418 726fe5 h ???????? 002 /a2billing/admin/Public/index.php
52c55af.d2 3624952f 433e9c h ???????? 002 /edit/31136001
52c560a.b5 42f95b9c 70a047 h ???????? 002 //rss.rdf
52c5997.ea 3624941d 433e9c h ???????? 002 /edit/21176001
52c5a13.8f 5fa3ff21 399ff9 h ???????? 002 /robots.txt
52c5a18.ee 5fa3ff25 399ff9 h ???????? 01b /wiki/119001
52c5a1e.4f 5fa3ff20 399ff9 h ???????? 015 /wiki/137001
52c5a21.fd 5fa3ff21 399ff9 h ???????? 003 /wiki/GlasBier
52c624c.42 36249493 433e9c h ???????? 003 /wiki/HomePage
52c6468.bc 42f9459e 043937 h ???????? 017 /
52c6469.b4 42f9459d 043937 h ???????? 01a /
52c6558.ed 36249529 433e9c h ???????? 002 /edit/29026002
52c6734.4d 2bfc9e6b cedf5c h ???????? 016 /
52c6928.9d 36249411 433e9c h ???????? 002 /edit/25206002
52c6942.35 42f94b1e 622963 h ???????? 01b /
52c6a05.88 8ba271cc 12bd58 s ???????? 014 /
52c6b85.07 36249538 433e9c h ???????? 001 /edit/31056001
52c6b93.75 42f94b1c 043937 h ???????? 002 /wiki/LeibnizPreis
52c6c8d.e0 42f94b1d 043937 h ???????? 002 /wiki/MartinCarrier
52c6cb0.32 42f94b1d 043937 h ???????? 002 /wiki/WolfgangDahmen
52c6cc1.92 1fb8c36c 94b52a h ???????? 011 /
52c6d59.5a 42f94b1e 043937 h ???????? 002 /wiki/WolfgangLueck
52c6d7e.4b b9280418 726fe5 h ???????? 001 /a2billing/admin/Public/index.php
52c6dd4.49 36249497 433e9c h ???????? 005 /edit/24516001
52c6ddd.73 42f94b1c 043937 h ???????? 002 /wiki/NetzWerk
52c6e8c.a5 42f94b1e 043937 h ???????? 002 /wiki/AnLicht
52c6f15.8d 42f94b1e 043937 h ???????? 003 /wiki/DiaperWorld
52c6f1d.84 42f94b1d 043937 h ???????? 002 /wiki/JochenMannhart
52c70c2.04 36249527 433e9c h ???????? 002 /wiki/CoConsulting
52c70cf.45 42f94b1e 043937 h ???????? 002 /wiki/FrankKirchhoff
52c714e.8f 5fa3ff22 399ff9 h ???????? 001 /robots.txt
52c7153.8f 5fa3ff22 399ff9 h ???????? 002 /wiki/InBox
52c7156.83 5fa3ff24 399ff9 h ???????? 002 /wiki/LifeDay16319
52c7159.81 5fa3ff21 399ff9 h ???????? 016 /1
52c715d.65 5fa3ff25 399ff9 h ???????? 002 /wiki/BestHash
52c7168.44 67f9b518 702dd8 h ???????? 010 /
52c716e.72 42f94b1d 043937 h ???????? 015 /
52c7170.d2 42f94b1e ab3bd9 h ???????? 001 /feel/4
52c7171.26 42f94b1d ab3bd9 h ???????? 012 /feel/10
52c7299.b3 42f94b1c 043937 h ???????? 002 /wiki/JoachimMilberg
52c72b7.5b 42f94b1c 043937 h ???????? 002 /wiki/BlondineInOrange
52c737e.d3 42f94b1c 043937 h ???????? 003 /wiki/ReinhardGenzel
52c745e.05 42f94b1c 043937 h ???????? 002 /wiki/DominikPerler
52c74fd.ca 42f94b53 043937 h ???????? 012 /
52c7616.32 42f94b1d 043937 h ???????? 002 /wiki/PetraSchwille
52c76e7.50 42f94b1d 043937 h ???????? 003 /wiki/JoachimReitner
52c7892.a4 42f94b1d 043937 h ???????? 003 /wiki/PeterSchneider
52c7992.2e 42f94b1d 043937 h ???????? 002 /wiki/BurkhardMonien
52c7a44.b0 5e171ade 0b306c h ???????? 002 //pv/000000000000.cfg
52c7a59.45 42f94b1e 043937 h ???????? 002 /wiki/ChristophKlein
52c7af4.ee 42f94b1e 043937 h ???????? 003 /wiki/ArtificialIntelligenceResearchers
52c7bfb.9d 42f94b1e 043937 h ???????? 003 /wiki/DavidVernon
52c7d93.90 5f6cb561 e4b041 h ???????? 002 /robots.txt
52c7d97.5e 5f6cb561 e4b041 h ???????? 001 /cal
52c7e2b.c5 42f95b9e 70a047 h ???????? 002 //rss.rdf
52c7e8e.59 42f94b03 622963 s ???????? 018 /
52c7eae.8d 42f94b1c 043937 h ???????? 002 /wiki/JamesHendler
52c7f6f.5b 42f94b1d 043937 h ???????? 003 /wiki/WolfgangErtmer
52c7fc3.be 42f94589 622963 s ???????? 012 /
52c8128.eb 42f94b1d 043937 h ???????? 002 /wiki/RichardWagner2
52c8132.57 42f94b1c 043937 h ???????? 002 /wiki/WolframSaenger
52c817d.54 113a676c 4d4314 h ???????? 001 //robots.txt
52c817d.c7 113a676c 4d4314 h ???????? 001 /robots.txt
52c817e.0c 113a676c 4d4314 h ???????? 001 //edit/952001
52c8251.6e 36249546 433e9c h ???????? 002 /edit/24116001
52c82e7.12 42f94b1c 043937 h ???????? 001 /robots.txt
52c82e7.13 42f94b1d 043937 h ???????? 003 /wiki/HerbertGleiter
52c832e.9f b9280418 726fe5 h ???????? 018 /
52c83dd.f1 42f94b1e 043937 h ???????? 003 /wiki/HerbertJaeckle
52c84ad.1d 36249500 433e9c h ???????? 019 /
52c857d.c5 42f94b1d 043937 h ???????? 003 /wiki/WolfgangSchnick
52c85c1.f1 42f94b4f 043937 h ???????? 014 /
52c85c5.88 42f94b53 ab3bd9 h ???????? 001 /feel/8
52c864f.3d 42f94b1c 043937 h ???????? 002 /wiki/MatthiasKleiner
52c8760.8b 5fa3ff23 399ff9 h ???????? 002 /robots.txt
52c8766.81 5fa3ff20 399ff9 h ???????? 002 /wiki/ConStitution
52c883e.23 42f94b1e 043937 h ???????? 003 /wiki/JensClausBruening
52c8a41.11 12da4a9b 502286 h ???????? 013 /
52c8a9c.93 42f94b1d 043937 h ???????? 002 /wiki/HolgerBraunschweig
52c8bee.53 12da4a9b d4d470 h ???????? 013 /
52c8c53.22 42f94b1d 043937 h ???????? 003 /wiki/GuinevereKauffmann
52c8d30.9a 42f94b1e 043937 h ???????? 004 /wiki/BernhardJussen
52c8dd6.c6 5edfbccb ea3c0a h ???????? 019 /
52c8e0d.c1 42f94b1c 043937 h ???????? 003 /wiki/AndreasKablitz
52c8e70.c9 b1260394 cedf5c h ???????? 019 /
52c8fd3.6f 42f94b1d 043937 h ???????? 003 /wiki/ReinhardZimmermann
52c90a0.58 42f94b1c 043937 h ???????? 003 /wiki/ChristianeNuessleinVolhard
52c9255.81 42f94b1c 043937 h ???????? 003 /wiki/MatthiasBeller
52c9341.03 42f94b1d 043937 h ???????? 003 /wiki/MagdalenaGoetz
52c9412.7a 42f94b1d 043937 h ???????? 003 /wiki/BurkhardWilking
52c9577.09 3624942c 433e9c h ???????? 002 /edit/3856001
52c95d3.d6 42f94b1d 043937 h ???????? 003 /wiki/OttoLudwigLange
52c96c2.57 42f94b1d 043937 h ???????? 004 /wiki/HolgerFleischer
52c979a.db 42f94b1d 043937 h ???????? 003 /wiki/WinfriedSchulze
52c9812.50 5f6cb561 e4b041 h ???????? 014 /
52c98e9.96 5fa3ff6b 399ff9 h ???????? 002 /robots.txt
52c9942.fc 42f94b1c 043937 h ???????? 002 /wiki/DieterLangewiesche
52c995e.a1 5fa3ff68 399ff9 h ???????? 002 /wiki/AnEi
52c9974.81 5f6cb561 e4b041 h ???????? 015 /
52c9a15.d0 42f94b1c 043937 h ???????? 003 /wiki/KarlLenhardRudolph
52c9a4f.5b 5f6cb561 e4b041 h ???????? 017 /
52c9a4f.a6 8d088e98 e4b041 s ???????? 002 /robots.txt
52c9a53.71 5f6cb561 e4b041 s ???????? 015 /
52c9b09.4e 42f94b1e 043937 h ???????? 004 /wiki/ClausWilhelmCanaris
52c9c46.9d 42f94b05 043937 s ???????? 002 /.well-known/assetlinks.json
52c9d26.c9 42f94b1c 043937 h ???????? 003 /wiki/ChristopherDeninger
52c9d88.6c 42f94b1c 043937 h ???????? 003 /wiki/JuergenMittelstrass
52c9d93.f6 5fa3ff21 399ff9 h ???????? 002 /robots.txt
52c9d97.c9 5fa3ff21 399ff9 h ???????? 016 /edit/1001
52c9da1.6b 5fa3ff22 399ff9 h ???????? 002 /t
52c9f2e.9c 4e1a8d66 9caa3e h ???????? 002 /iptv.m3u
52c9f4c.53 42f94b1e 043937 h ???????? 003 /wiki/GeorgeMichaelSheldrick
52ca27a.6b bd6fb171 1066b4 h ???????? 002 /xw.php
52ca27e.24 bd6fb171 1066b4 h ???????? 002 /s.php
52ca27e.de bd6fb171 1066b4 h ???????? 002 /w.php
52ca282.d0 bd6fb171 1066b4 h ???????? 002 /db_session.init.php
52ca294.34 bd6fb171 1066b4 h ???????? 002 /phpMyAdmin/index.php
52ca296.ee bd6fb171 1066b4 h ???????? 001 /phpMyAdmin/index.php
52ca297.69 bd6fb171 1066b4 h ???????? 002 /pmd/index.php
52ca2a0.56 bd6fb171 1066b4 h ???????? 002 /pmd/index.php
52ca2a0.d2 bd6fb171 1066b4 h ???????? 002 /pma/index.php
52ca2a4.36 bd6fb171 1066b4 h ???????? 002 /pma/index.php
52ca2a4.bd bd6fb171 1066b4 h ???????? 001 /PMA/index.php
52ca2a7.ae bd6fb171 1066b4 h ???????? 001 /PMA/index.php
52ca2a8.25 bd6fb171 1066b4 h ???????? 002 /PMA2/index.php
52ca2aa.b3 bd6fb171 1066b4 h ???????? 002 /PMA2/index.php
52ca2ab.ea bd6fb171 1066b4 h ???????? 002 /pmamy/index.php
52ca2b1.4f bd6fb171 1066b4 h ???????? 002 /pmamy/index.php
52ca2c8.8f bd6fb171 1066b4 h ???????? 001 /pmamy2/index.php
52ca2db.a0 b371330b cdfc4d h ???????? 015 /
52ca2f0.fc bd6fb171 1066b4 h ???????? 001 /dbadmin/index.php
52ca2f7.4d bd6fb171 1066b4 h ???????? 001 /dbadmin/index.php
52ca2f7.cc bd6fb171 1066b4 h ???????? 002 /web/phpMyAdmin/index.php
52ca2fa.80 bd6fb171 1066b4 h ???????? 001 /web/phpMyAdmin/index.php
52ca2fb.d7 bd6fb171 1066b4 h ???????? 001 /admin/pma/index.php
52ca2fe.87 bd6fb171 1066b4 h ???????? 001 /admin/pma/index.php
52ca300.8c bd6fb171 1066b4 h ???????? 001 /admin/PMA/index.php
52ca308.bd bd6fb171 1066b4 h ???????? 001 /admin/PMA/index.php
52ca309.39 bd6fb171 1066b4 h ???????? 005 /admin/mysql/index.php
52ca30b.bf bd6fb171 1066b4 h ???????? 001 /admin/mysql/index.php
52ca30d.5b bd6fb171 1066b4 h ???????? 001 /admin/mysql2/index.php
52ca312.af bd6fb171 1066b4 h ???????? 001 /admin/mysql2/index.php
52ca317.c7 bd6fb171 1066b4 h ???????? 001 /admin/phpmyadmin/index.php
52ca31b.53 bd6fb171 1066b4 h ???????? 001 /admin/phpmyadmin/index.php
52ca31b.c3 bd6fb171 1066b4 h ???????? 001 /admin/phpMyAdmin/index.php
52ca31e.39 bd6fb171 1066b4 h ???????? 001 /admin/phpMyAdmin/index.php
52ca31e.f3 bd6fb171 1066b4 h ???????? 001 /admin/phpmyadmin2/index.php
52ca325.06 bd6fb171 1066b4 h ???????? 001 /admin/phpmyadmin2/index.php
52ca325.78 bd6fb171 1066b4 h ???????? 001 /mysqladmin/index.php
52ca327.f1 bd6fb171 1066b4 h ???????? 005 /mysqladmin/index.php
52ca328.6a bd6fb171 1066b4 h ???????? 001 /mysql-admin/index.php
52ca32a.e5 bd6fb171 1066b4 h ???????? 001 /mysql-admin/index.php
52ca32c.f8 bd6fb171 1066b4 h ???????? 001 /phpadmin/index.php
52ca32f.6f bd6fb171 1066b4 h ???????? 002 /phpadmin/index.php
52ca32f.eb bd6fb171 1066b4 h ???????? 001 /phpmyadmin0/index.php
52ca332.ab bd6fb171 1066b4 h ???????? 001 /phpmyadmin0/index.php
52ca336.d9 bd6fb171 1066b4 h ???????? 002 /phpmyadmin1/index.php
52ca33a.14 bd6fb171 1066b4 h ???????? 001 /phpmyadmin1/index.php
52ca33b.61 bd6fb171 1066b4 h ???????? 001 /phpmyadmin2/index.php
52ca341.4a bd6fb171 1066b4 h ???????? 002 /phpmyadmin2/index.php
52ca346.71 bd6fb171 1066b4 h ???????? 002 /myadmin/index.php
52ca34a.4a bd6fb171 1066b4 h ???????? 001 /myadmin/index.php
52ca352.d9 bd6fb171 1066b4 h ???????? 001 /myadmin2/index.php
52ca355.df bd6fb171 1066b4 h ???????? 002 /myadmin2/index.php
52ca357.42 bd6fb171 1066b4 h ???????? 002 /xampp/phpmyadmin/index.php
52ca35a.06 bd6fb171 1066b4 h ???????? 001 /xampp/phpmyadmin/index.php
52ca35b.42 bd6fb171 1066b4 h ???????? 001 /phpMyadmin_bak/index.php
52ca35f.4f bd6fb171 1066b4 h ???????? 001 /phpMyadmin_bak/index.php
52ca35f.c1 bd6fb171 1066b4 h ???????? 002 /www/phpMyAdmin/index.php
52ca362.e3 bd6fb171 1066b4 h ???????? 001 /www/phpMyAdmin/index.php
52ca36e.23 bd6fb171 1066b4 h ???????? 006 /tools/phpMyAdmin/index.php
52ca389.0c bd6fb171 1066b4 h ???????? 002 /phpmyadmin-old/index.php
52ca38b.85 bd6fb171 1066b4 h ???????? 001 /phpmyadmin-old/index.php
52ca38c.ec bd6fb171 1066b4 h ???????? 001 /phpMyAdminold/index.php
52ca397.75 bd6fb171 1066b4 h ???????? 002 /phpMyAdminold/index.php
52ca3b6.b8 bd6fb171 1066b4 h ???????? 002 /claroline/phpMyAdmin/index.php
52ca3b9.48 bd6fb171 1066b4 h ???????? 001 /claroline/phpMyAdmin/index.php
52ca3b9.d7 bd6fb171 1066b4 h ???????? 002 /typo3/phpmyadmin/index.php
52ca3bc.68 bd6fb171 1066b4 h ???????? 001 /typo3/phpmyadmin/index.php
52ca3bd.93 bd6fb171 1066b4 h ???????? 006 /phpma/index.php
52ca3c0.12 bd6fb171 1066b4 h ???????? 002 /phpma/index.php
52ca3c2.74 bd6fb171 1066b4 h ???????? 002 /phpmyadmin/phpmyadmin/index.php
52ca3c9.45 bd6fb171 1066b4 h ???????? 001 /phpmyadmin/phpmyadmin/index.php
52ca3d6.92 bd6fb171 1066b4 h ???????? 001 /phpMyAdmin/phpMyAdmin/index.php
52ca3d9.12 bd6fb171 1066b4 h ???????? 001 /phpMyAdmin/phpMyAdmin/index.php
52ca529.66 b90a44ea 5e739d h ???????? 01a /
52ca737.a8 42f95b9e 70a047 h ???????? 002 //rss.rdf
52ca7de.5b 42f94b1e 043937 h ???????? 003 /wiki/EnerNet
52ca7f7.54 42f94b1d 043937 h ???????? 003 /wiki/OttoScharmer
52ca82c.16 42f9459e 043937 h ???????? 014 /
52ca82f.2b 42f9459e ab3bd9 h ???????? 002 /feel/4
52ca8ec.0f 42f94b07 043937 s ???????? 002 /AlphaChess
52ca91a.94 42f94b1d 043937 h ???????? 002 /wiki/SwOt
52ca9bb.6b 3624951f 433e9c h ???????? 002 /wiki/PagePath
52caa88.f9 42f94b1c 043937 h ???????? 002 /bday
52caa8b.a4 42f94b1d 043937 h ???????? 003 /wiki/WolfgangWahlster
52cadd8.dd 42f94b1d 043937 h ???????? 002 /wiki/MartineRothblatt
52cae0d.56 42f94b1c 043937 h ???????? 006 /edit
52caed1.e1 42f94b1d 043937 h ???????? 003 /wiki/BigHealth
52cb09f.3e 42f94b1e 043937 h ???????? 003 /wiki/RobertHeinlein
52cb157.ea 1f0d71c3 4ca585 h ???????? 002 /WikiWall
52cb31a.e2 42f94b1d 043937 h ???????? 003 /wiki/OctaviaButler
52cb4a7.51 3624950b 433e9c h ???????? 002 /edit/24016005
52cb4e0.ec 42f94b1c 043937 h ???????? 003 /wiki/BobMetcalfe
52cb575.d1 5fa3ff67 399ff9 h ???????? 001 /robots.txt
52cb578.40 5fa3ff67 399ff9 h ???????? 01b /love/1e
52cb581.cc 5fa3ff71 399ff9 h ???????? 014 /wiki/127001
52cb5f7.49 9d3727be 6a88e8 s ???????? 015 /
52cb671.93 5fa3ff20 399ff9 h ???????? 002 /robots.txt
52cb675.55 5fa3ff20 399ff9 h ???????? 003 /wiki/BoNyx
52cb675.b4 42f94b1e 622963 h ???????? 016 /
52cb75d.d6 42f94b1c 043937 h ???????? 003 /wiki/SupportNr0100
52cb868.1e 365a8acc 84e6c2 h ???????? 002 /ads.txt
52cbadc.49 42f94b1c 043937 h ???????? 003 /wiki/GmbH
52cbbb6.50 42f94b1d 043937 h ???????? 003 /wiki/ImMers
52cbbcc.be 42f94b03 043937 s ???????? 003 /wiki/UrJure
52cbc17.32 42f94b07 043937 s ???????? 003 /wiki/GitScm
52cbc90.09 42f94b03 043937 s ???????? 003 /wiki/WirkLich
52cbf2c.0c 42f94b1c 043937 h ???????? 003 /wiki/GeBiss
52cbf80.c0 4ea63d54 19c6c4 h ???????? 015 /
52cc031.38 5f6cb561 e4b041 h ???????? 001 /robots.txt
52cc035.09 5f6cb561 e4b041 h ???????? 015 /
52cc061.89 36249525 433e9c h ???????? 002 /edit/22446004
52cc0f9.d1 42f94b1c 043937 h ???????? 003 /wiki/SingularIro
52cc112.d2 9d372721 6a88e8 h ???????? 002 //robots.txt
52cc1a0.7d 42f94b1c 043937 h ???????? 003 /wiki/MindFilm
52cc257.53 42f94b1e 043937 h ???????? 017 /
52cc41c.53 42f94b1e 043937 h ???????? 003 /wiki/FutureLab2056
52cc42c.7a 5393f48a 702dd8 h ???????? 016 /
52cc434.9b 42f94b1d 043937 h ???????? 003 /wiki/DonGreer
52cc4b4.f0 bca5d01d e3b0c4 h ???????? 002 /robots.txt
52cc4b7.1e bca5d01d 58771d h ???????? 021 /
52cc92b.8d 362494f3 433e9c h ???????? 002 /edit/30936002
52cc98d.85 5fa3ff26 399ff9 h ???????? 001 /robots.txt
52cc991.4d 5fa3ff21 399ff9 h ???????? 002 /wiki/SingularityUniversity%20
52cca82.2f 42f94b1c 043937 h ???????? 002 /wiki/SaftTante
52ccac8.5b 42f94b1d 043937 h ???????? 001 /wiki/DpIts
52ccaea.f5 3624951a 433e9c h ???????? 002 /wiki/LockSchuppenOpening
52ccbd1.9c 253b3780 e3b0c4 h ???????? 001 /robots.txt
52ccbd3.ce 253b3780 0fa94d h ???????? 014 /
52ccc85.a9 36249421 433e9c h ???????? 001 /rss.rdf
52cccc9.e4 42f94b1d 043937 h ???????? 002 /wiki/AlexanderGoetze
52ccce6.cf 9d37270f 6a88e8 h ???????? 001 /robots.txt
52cccea.d5 9d372713 6a88e8 h ???????? 015 /
52cccec.7e 3624966a 433e9c h ???????? 002 //robots.txt
52cce2e.3d 42f94b07 622963 s ???????? 011 /
52cce3e.73 42f94b03 622963 s ???????? 001 /feel/8
52ccf3f.3f 05275551 e3b0c4 h ???????? 001 /robots.txt
52ccf41.70 05275551 f22684 h ???????? 011 /
52ccfa7.10 42f94b1e 043937 h ???????? 001 /robots.txt
52cd059.4d 42f95b9e 70a047 h ???????? 001 //rss.rdf
52cd06f.92 42f94b1d 043937 h ???????? 005 /PageInfo.jsp
52cd0c9.67 b9ead995 cc9bbb h ???????? 011 /
52cd147.1b 253b3780 e3b0c4 h ???????? 001 /robots.txt
52cd149.3c 253b3780 0fa94d h ???????? 011 /
52cd416.90 42f94b1e 043937 h ???????? 002 /wiki/UnRead
52cd486.19 42f94b1e 043937 h ???????? 002 /wiki/LeakBox
52cd5de.b1 42f94b1e 043937 h ???????? 002 /wiki/MicroCelebrity
52cd6c0.71 36249525 433e9c h ???????? 002 /edit/26536002
52cd74c.f9 42f94b1d 043937 h ???????? 002 /wiki/3D%22mailto:rainerwasserfuhr@googlemail.com%22
52cd85c.d6 42f94b1c 043937 h ???????? 002 /wiki/KorrekTur
52cd976.af 3624950e 433e9c h ???????? 003 /wiki/AnneWillSingularity
52cd9c9.c7 42f94b1e 043937 h ???????? 002 /wiki/IrSco
52cda9a.8c 42f94b1d 043937 h ???????? 003 /wiki/UnbWNfdH1EVlBKZlIDnOiTX9sdI9s8dJrIsDfe3
52cdb5f.ec 42f94589 622963 s ???????? 013 /
52cde52.5d 362494ab 433e9c h ???????? 002 /edit/31056004
52cdee9.9a 42f94b1c 043937 h ???????? 012 /
52cdeec.b2 42f94b1d ab3bd9 h ???????? 002 /feel/4
52ce01b.a7 362494cb 433e9c h ???????? 001 /edit/30396001
52ce086.fc 42f94b1c 043937 h ???????? 003 /wiki/BigGrep
52ce33d.8f 3624946a 433e9c h ???????? 005 /edit/22326004
52ce53e.a6 42f94b1d 043937 h ???????? 005 /robots.txt
52ce586.79 42f94b1c 043937 h ???????? 002 /Edit.jsp
52ce614.77 42f94b51 043937 h ???????? 018 /
52ce6b9.a7 4a4f580f 028fc4 h ???????? 001 /robots.txt
52ce6bb.92 4a4f580f 028fc4 h ???????? 002 /wiki/OttoSpaniol
52ce6c0.45 4a4f580f 028fc4 h ???????? 003 /wiki/PamelaPaquinHall
52ce6c3.af 4a4f580f 028fc4 h ???????? 002 /wiki/PaulHolmstrom
52ce6c7.4d 4a4f580f 028fc4 h ???????? 002 /wiki/PeterWaldvogel
52ce6cb.4d 4a4f580f 028fc4 h ???????? 002 /wiki/ScottMonty
52ce6ce.fb 4a4f580f 028fc4 h ???????? 003 /wiki/StadtDresden2056
52ce6d2.d7 4a4f580f 028fc4 h ???????? 002 /wiki/TomHenzinger
52ce6d6.94 4a4f580f 028fc4 h ???????? 003 /wiki/TomHenzinger
52ce6da.1a 4a4f580f 028fc4 h ???????? 002 /wiki/TomHenzinger
52ce6e0.42 4a4f580f 028fc4 h ???????? 002 /wiki/TomHenzinger
52ce6e4.04 4a4f580f 028fc4 h ???????? 003 /wiki/UllrichBemmann
52ce6e8.1e 4a4f580f 028fc4 h ???????? 003 /wiki/WerKenntWen
52ce6eb.ba 4a4f580f 028fc4 h ???????? 002 /wiki/WiKi
52ce6ef.8e 4a4f580f 028fc4 h ???????? 002 /wiki/WiKi
52ce6f2.f7 4a4f580f 028fc4 h ???????? 002 /wiki/WikiMind
52ce6f7.09 4a4f580f 028fc4 h ???????? 002 /wiki/WikiWall
52ce6fb.4c 4a4f580f 028fc4 h ???????? 003 /wiki/WikiWall
52ce6ff.b4 4a4f580f 028fc4 h ???????? 003 /wiki/WilliamShatner
52ce703.a8 4a4f580f 028fc4 h ???????? 002 /wiki/WilliamSimsBainbridge
52ce708.40 4a4f580f 028fc4 h ???????? 002 /wiki/XingId
52ce70e.dc 4a4f580f 028fc4 h ???????? 002 /wiki/XingLe
52ce713.02 4a4f580f 028fc4 h ???????? 002 /wiki/XingLe
52ce716.a3 4a4f580f 028fc4 h ???????? 002 /wiki/XingLe
52ce71a.4e 4a4f580f 028fc4 h ???????? 003 /wiki/YuriGurevich
52ce71d.d1 4a4f580f 028fc4 h ???????? 003 /wiki/YvonneKoenig
52ce7a1.b9 42f94b1e 043937 h ???????? 004 /wiki/WhatIsAnObject
52ce895.b4 362494f6 433e9c h ???????? 001 /edit/30276001
52ce981.bb 9d3727bf 6a88e8 h ???????? 003 /wiki/CabiNet
52ce9b4.16 42f94b1e 043937 h ???????? 003 /wiki/EtherCash
52cea0c.82 c87dca9a 19c6c4 h ???????? 015 /
52cebbc.a3 3624949e 433e9c h ???????? 002 /edit/22186001
52cee2a.1a b9280418 726fe5 h ???????? 015 /
52cf328.0b 3624955f 433e9c h ???????? 002 /edit/23286001
52cf43d.fc 9d3727be 6a88e8 s ???????? 01d /
52cf7af.1b 3624955e 433e9c h ???????? 003 /wiki/MindPost
52cf870.b3 5fa3ff27 399ff9 h ???????? 002 /robots.txt
52cf874.6e 5fa3ff27 399ff9 h ???????? 003 /wiki/StLu
52cf878.07 5fa3ff23 399ff9 h ???????? 003 /wiki/ScAu
52cf87a.b0 5fa3ff24 399ff9 h ???????? 003 /wiki/TuerAn
52cf87d.c2 5fa3ff26 399ff9 h ???????? 003 /wiki/285001
52cf893.6b 42f95b9d 70a047 h ???????? 002 //rss.rdf
52cf8cc.97 6d79a340 702dd8 h ???????? 015 /
52cf964.ae 42f94b1e 043937 h ???????? 003 /wiki/CategoryEthics
52cf97f.53 9d3727bf 6a88e8 h ???????? 003 /wiki/ZiiTrend
52cff06.cc b20846fc ea3c0a h ???????? 01b /
52cff07.de b20846fc 6c4fa8 h ???????? 002 /apple-touch-icon-152x152-precomposed.png
52cff08.15 b20846fc 6c4fa8 h ???????? 002 /apple-touch-icon-152x152.png
52cff08.46 b20846fc 6c4fa8 h ???????? 002 /apple-touch-icon.png
52cff08.77 b20846fc 6c4fa8 h ???????? 001 /apple-touch-icon.png
52cff08.a9 b20846fc 6c4fa8 h ???????? 001 /apple-touch-icon-precomposed.png
52cff08.d9 b20846fc 6c4fa8 h ???????? 002 /favicon.ico
