52000ea.2f 42f9498a 622963 h ???????? 012 /
520047e.6e 05bc570e 1066b4 h ???????? 015 /
5200590.a8 dad3a8b0 1066b4 h ???????? 010 /
5200717.ce 68ec1346 7404fb s ???????? 012 /
5200ce2.94 42f94990 043937 s ???????? 001 /crush
5200cf5.fc b0e38919 702dd8 h ???????? 016 /
52011f6.a0 42f9495d 043937 h ???????? 001 /robots.txt
52011f6.df 42f9495d 043937 h ???????? 017 /
5201242.70 d155ee09 70a047 h ???????? 001 //rss.rdf
520191f.bd 5f6cb561 e4b041 h ???????? 002 /robots.txt
5201923.84 5f6cb561 617ee0 h ???????? 001 /fileData.jsp
5201948.06 36249494 433e9c h ???????? 001 /edit/30896010
5201c52.fb 42f94986 622963 h ???????? 001 /system
5201def.1d 4d4b4ea4 6a9392 h ???????? 002 /robots.txt
5201def.b2 4d4b4ea4 6a9392 h ???????? 002 //wiki/CoConsulting
5201ea2.b5 42f94988 043937 h ???????? 002 /wiki/JavaClass
52021f3.e0 8ba27485 12bd58 s ???????? 013 /
5202548.3d d4146889 19c6c4 h ???????? 012 /
5202698.c7 42f9498a 622963 h ???????? 002 /base
520284f.79 b20884d1 ea3c0a h ???????? 013 /
5202851.0d b20884d1 6c4fa8 h ???????? 007 /apple-touch-icon-152x152-precomposed.png
5202851.68 b20884d1 6c4fa8 h ???????? 001 /apple-touch-icon-152x152.png
5202851.8f b20884d1 6c4fa8 h ???????? 002 /apple-touch-icon.png
5202851.b6 b20884d1 6c4fa8 h ???????? 002 /apple-touch-icon.png
5202851.df b20884d1 6c4fa8 h ???????? 001 /apple-touch-icon-precomposed.png
5202852.0a b20884d1 6c4fa8 h ???????? 002 /favicon.ico
520286a.f0 3624945d 433e9c h ???????? 001 /edit/23306002
520287d.ae 2d4cfb35 2d32d4 h ???????? 018 /
5202a27.9f 362494e0 433e9c h ???????? 002 /edit/29276001
5202ee8.61 5fecae0e 03675a h ???????? 001 /login.cgi
5203052.03 0140d067 03675a h ???????? 018 /
5203065.b7 42f94988 043937 h ???????? 002 /wiki/SecondMind
520316a.ad b20884d1 ea3c0a h ???????? 013 /
520316f.0e b20884d1 ea3c0a h ???????? 001 /feel/4
5203173.81 b20884d1 ea3c0a h ???????? 002 /alive/8
5203173.86 b20884d1 ea3c0a h ???????? 002 /feel/8
5203361.94 42f94986 622963 h ???????? 007 /t
52034fe.1d 02ecf3de be37cc h ???????? 014 /
52037d4.2b 51a24c94 be37cc h ???????? 01b /
5203b95.84 d155ee0b 70a047 h ???????? 001 //rss.rdf
5203bbe.71 36249564 433e9c h ???????? 003 /wiki/RainerWasserfuhr
5204219.ac 4f67560d cedf5c h ???????? 019 /
5204228.f3 42f94994 043937 s ???????? 003 /wiki/JobSearch
5204386.0b 42f951e7 002725 h ???????? 001 /favicon.ico
520474e.42 42f94994 622963 s ???????? 019 /
5204797.28 362494d1 433e9c h ???????? 001 /edit/24366001
52047cf.e4 2d73accc 702dd8 h ???????? 01b /
5204c41.b0 1fb8c26d 94b52a h ???????? 01a /
5204d5d.70 17ed041a c1686e h ???????? 014 /
5204d5f.dc 17ed041a c1686e h ???????? 077 /hls
5204d62.9d 17ed041a c1686e h ???????? 077 /ls
5204d68.3f 17ed041a c1686e h ???????? 003 /wiki/GottfriedWilhelmLeibniz
5204d6a.a7 17ed041a c1686e h ???????? 003 /wiki/AlanTuring
5204e4b.3f 42f94986 043937 h ???????? 001 //AiBook
5205087.48 5bce9226 b91966 s ???????? 015 /
52050e8.cd cf2e0d4c 6a88e8 h ???????? 002 /robots.txt
52050ee.25 9d3727cc 6a88e8 h ???????? 01d /
520510d.63 9d3727cc 6a88e8 h ???????? 003 /wiki/WillsteQuatschen
52053ec.03 42f94994 043937 s ???????? 003 /wiki/NewZealand
520549d.3f a2d2c482 028fc4 h ???????? 002 //robots.txt
52054a0.93 a2d2c482 028fc4 h ???????? 01a /
52054a2.0c a2d2c482 028fc4 h ???????? 002 /robots.txt
52054a5.b8 a2d2c482 028fc4 h ???????? 016 /
5205dfb.0b dcbff934 aaa5a7 h ???????? 002 /manager/html
520629b.80 d155ee09 70a047 h ???????? 002 //rss.rdf
52062a6.f6 42f94990 043937 s ???????? 010 /
52062b5.d6 42f94986 043937 h ???????? 014 /
5206509.f6 1fa56931 c71b0b h ???????? 001 /stalker_portal/server/adm/tv-channels/iptv-list-json
52065ae.ae 42f94988 043937 h ???????? 002 /wiki/ApacheMaven
5206638.9b 4d4b4ca6 6a9392 h ???????? 001 /robots.txt
5206639.c4 4d4b4ca6 6a9392 h ???????? 017 /
5206672.c7 42f94986 043937 h ???????? 001 /robots.txt
5206bd2.40 b20884d1 5ec1d2 s ???????? 015 /
5206bd2.fb b20884d1 5ec1d2 s ???????? 001 /favicon.ico
5206bd6.b0 b20884d1 5ec1d2 s ???????? 002 /feel/4
5206db2.2a 59900c11 cc9bbb h ???????? 016 /
5206db9.8e 22f6b8de a0c9bf h ???????? 001 /robots.txt
5206e19.a0 4d4b4ca6 6a9392 h ???????? 001 /robots.txt
5206e1a.31 4d4b4ca6 6a9392 h ???????? 015 /
520701b.10 76a77cb3 702dd8 h ???????? 012 /
520709d.e0 5fec5e51 be37cc h ???????? 013 /
52071e2.70 4ebd6c08 03675a h ???????? 015 /
52071fb.69 2d378bad 7404fb s ???????? 011 /
5207236.20 5fa3ff66 399ff9 h ???????? 001 /robots.txt
520723b.e1 5fa3ff72 399ff9 h ???????? 01e /love/1e
5207247.dc 5fa3ff68 399ff9 h ???????? 017 /wiki/127001
5207513.31 c43d152f 702dd8 h ???????? 016 /
520764f.78 abe40d72 03675a h ???????? 002 /login.cgi
5207771.c2 42f94986 043937 h ???????? 002 /robots.txt
5207771.fb 42f94986 043937 h ???????? 003 /wiki/MjI2NTl8Njk4
5207b17.d7 36249503 433e9c h ???????? 003 /wiki/NooPolis
5207b69.0b 3624940f 433e9c h ???????? 002 /wiki/BigTableNomic
5207b9d.c1 2d73ace1 702dd8 h ???????? 016 /
5207ee1.ad d17e8807 7404fb s ???????? 012 /
52082a0.ee 36249567 433e9c h ???????? 002 /wiki/RaWa
52084f8.32 362494b2 433e9c h ???????? 003 /wiki/KayGroschen
5208935.0e 42f94992 043937 s ???????? 005 /wiki/RayImmelman
520898f.75 d155ee07 70a047 h ???????? 002 //rss.rdf
52090e7.fe d8f442f3 2e51d1 h ???????? 002 //robots.txt
520938b.96 3ed29790 f92876 h ???????? 001 /t/README.txt
52093fd.6e 42f94988 043937 h ???????? 005 /wiki/BleiStift
520953e.8e 362494fd 433e9c h ???????? 003 /wiki/HassoPlattner
5209af7.f9 42f94994 043937 s ???????? 001 /robots.txt
5209af8.36 42f94994 043937 s ???????? 003 /wiki/FictioMatrix
5209b25.f6 42f94988 622963 h ???????? 013 /
5209c2f.81 b44c0f97 a04d28 h ???????? 014 /
520a02c.04 450c42c8 f92876 h ???????? 002 /t/CHANGELOG.txt
520a055.1a 56f23d0d 49e57f h ???????? 013 /
520a327.f2 362494bf 433e9c h ???????? 002 /wiki/EtAi
520a33b.98 36249488 433e9c h ???????? 001 /edit/22476002
520a4d0.cd 36249490 433e9c h ???????? 003 /wiki/MindBroker
520a5f0.b8 d5abdc98 a95ea1 h ???????? 002 //rss.rdf
520a5f0.be 0585b70e 7454d3 h ???????? 002 //rss.rdf
520a5f4.4f 5896e4da f93269 h ???????? 001 //rss.rdf
520a6ba.ca d8f442f3 2e51d1 h ???????? 002 //robots.txt
520ab89.0b cf2e0dbc 6a88e8 h ???????? 008 /wiki/MenschMaschinenMensch
520ac22.46 42f942ca 043937 h ???????? 004 /wiki/EdwinRHancock
520acba.b7 42f942ca 043937 h ???????? 003 /wiki/BerlinZeitung
520acd7.a6 d8f442f3 2e51d1 h ???????? 002 //robots.txt
520b0f3.d4 42f95cc7 70a047 h ???????? 002 //rss.rdf
520b22e.f2 42f942c8 043937 h ???????? 001 /crush
520b31f.ac 42f942c6 043937 h ???????? 002 /earth/robots.txt
520b363.c9 9d3727cc 6a88e8 h ???????? 015 /
520b3ea.eb 1fb8c26d 94b52a h ???????? 014 /
520b5b0.c2 33260c17 a397c6 h ???????? 016 /
520b6d3.ae 6c3b0846 028fc4 h ???????? 002 /robots.txt
520b6d5.7b 6c3b0846 028fc4 h ???????? 01a /
520bb26.32 42f942c6 043937 h ???????? 002 /base/robots.txt
520bb50.8c 42f942c8 043937 h ???????? 002 /hot
520bb51.66 42f942c8 043937 h ???????? 006 /t
520bb51.cf 42f942c8 043937 h ???????? 001 /film
520bc49.d5 36249513 433e9c h ???????? 002 /edit/23146002
520bc6a.84 42f942c6 043937 h ???????? 002 /system
520bd57.e9 42f942ca 043937 h ???????? 002 /go
520be7d.c8 42f942c8 043937 h ???????? 003 /wiki/MegaTrend
520c07e.66 36249510 433e9c h ???????? 009 /wiki/DiscussionForum
520c0f1.06 42f942d4 043937 s ???????? 003 /wiki/TaiichiOhno
520c11e.66 42f942d2 043937 s ???????? 003 /wiki/MindBrokerDe
520c125.d1 36249458 433e9c h ???????? 002 /edit/26016001
520c161.7a 42f942d2 043937 s ???????? 003 /wiki/GesellSchaft
520c1a0.38 42f942d4 043937 s ???????? 003 /wiki/SemanticWiki
520c1ea.48 42f942c8 043937 h ???????? 003 /wiki/HerbieHancock
520c386.ed 3624955a 433e9c h ???????? 003 /wiki/PlanetEarth
520c55c.50 42f942c8 043937 h ???????? 003 /wiki/ValdasAdamkus
520c5a5.da 42f942ca 043937 h ???????? 002 /hot/robots.txt
520c6df.e5 2f5acba4 670234 h ???????? 017 /
520c6e0.55 2f5acba4 670234 h ???????? 01d /
520ca33.fc 42f942c6 043937 h ???????? 002 /crush
520cae2.fc 340194ae 6154e9 h ???????? 002 /ads.txt
520cd65.f0 05c45709 433e9c h ???????? 004 /wiki/WikiMind
520cde7.9d d8f442f3 2e51d1 h ???????? 001 /robots.txt
520ce6d.3d d8f442f3 2e51d1 h ???????? 002 /wiki/MatthiasBauer
520d062.e1 36249457 433e9c h ???????? 002 /wiki/CockerWiese
520d453.ad 42f942ca 622963 h ???????? 001 /go
520d71e.bd 42f942ca 043937 h ???????? 002 /wiki/SiciliaLevel4
520d91d.2b 59171731 cedf5c h ???????? 011 /
520d969.e5 42f942ca 043937 h ???????? 001 /earth
520db49.f5 42f95ccb 70a047 h ???????? 001 //rss.rdf
520dbc4.74 186b2e68 be37cc h ???????? 010 /
520ded6.ec 33260c17 a397c6 s ???????? 017 /
520e07a.4c 42f942c6 622963 h ???????? 001 /hot
520e07b.2e 42f942c6 043937 h ???????? 001 /go
520e07b.bb 42f942c8 043937 h ???????? 002 /base
520e07c.21 42f942ca 622963 h ???????? 001 /earth
520e157.67 5f6cb561 e4b041 h ???????? 002 /robots.txt
520e15b.29 5f6cb561 e4b041 h ???????? 010 /edit/1996001
520e16e.06 739fb747 1066b4 h ???????? 03a /index.php
520e181.b5 739fb747 1066b4 h ???????? 03b /index.php
520e187.19 739fb747 1066b4 h ???????? 001 /phpmyadmin/index.php
520e191.b1 739fb747 1066b4 h ???????? 001 /phpmyadmin/index.php
520e196.92 739fb747 1066b4 h ???????? 001 /phpMyAdmin/index.php
520e19d.b1 739fb747 1066b4 h ???????? 001 /phpMyAdmin/index.php
520e1a2.92 739fb747 1066b4 h ???????? 002 /pmd/index.php
520e1a9.b8 739fb747 1066b4 h ???????? 001 /pmd/index.php
520e1ae.38 739fb747 1066b4 h ???????? 005 /pma/index.php
520e1b5.50 739fb747 1066b4 h ???????? 001 /pma/index.php
520e1ba.15 739fb747 1066b4 h ???????? 002 /PMA/index.php
520e1c1.b0 739fb747 1066b4 h ???????? 002 /PMA/index.php
520e1c3.60 739fb747 1066b4 h ???????? 001 /PMA2/index.php
520e1c5.f7 739fb747 1066b4 h ???????? 002 /PMA2/index.php
520e1ca.c9 739fb747 1066b4 h ???????? 001 /pmamy/index.php
520e1d1.b8 739fb747 1066b4 h ???????? 001 /pmamy/index.php
520e1d5.e2 739fb747 1066b4 h ???????? 001 /pmamy2/index.php
520e1dc.8a 739fb747 1066b4 h ???????? 001 /pmamy2/index.php
520e1ed.ba 739fb747 1066b4 h ???????? 001 /mysql/index.php
520e1f5.bc 739fb747 1066b4 h ???????? 001 /mysql/index.php
520e202.6e 739fb747 1066b4 h ???????? 001 /admin/index.php
520e208.df 25bb382f e3b0c4 h ???????? 001 /robots.txt
520e210.89 25bb382f 87f8b1 h ???????? 013 /
520e215.b4 739fb747 1066b4 h ???????? 005 /admin/index.php
520e222.6e 739fb747 1066b4 h ???????? 001 /db/index.php
520e234.32 739fb747 1066b4 h ???????? 001 /db/index.php
520e23a.b6 739fb747 1066b4 h ???????? 001 /dbadmin/index.php
520e245.b0 739fb747 1066b4 h ???????? 001 /dbadmin/index.php
520e24a.9c 739fb747 1066b4 h ???????? 001 /web/phpMyAdmin/index.php
520e251.b7 739fb747 1066b4 h ???????? 001 /web/phpMyAdmin/index.php
520e256.9e 739fb747 1066b4 h ???????? 002 /admin/pma/index.php
520e25d.af 739fb747 1066b4 h ???????? 002 /admin/pma/index.php
520e261.ce 739fb747 1066b4 h ???????? 006 /admin/PMA/index.php
520e267.eb 739fb747 1066b4 h ???????? 001 /admin/PMA/index.php
520e26b.da 739fb747 1066b4 h ???????? 002 /admin/mysql/index.php
520e271.c2 739fb747 1066b4 h ???????? 001 /admin/mysql/index.php
520e274.6c 739fb747 1066b4 h ???????? 002 /admin/mysql2/index.php
520e279.d1 739fb747 1066b4 h ???????? 001 /admin/mysql2/index.php
520e27c.7f 739fb747 1066b4 h ???????? 002 /admin/phpmyadmin/index.php
520e281.e8 739fb747 1066b4 h ???????? 001 /admin/phpmyadmin/index.php
520e285.b1 739fb747 1066b4 h ???????? 001 /admin/phpMyAdmin/index.php
520e28a.44 739fb747 1066b4 h ???????? 001 /admin/phpMyAdmin/index.php
520e28c.db 739fb747 1066b4 h ???????? 001 /admin/phpmyadmin2/index.php
520e2b0.3a 739fb747 1066b4 h ???????? 002 /admin/phpmyadmin2/index.php
520e2c6.2e 739fb747 1066b4 h ???????? 003 /mysqladmin/index.php
520e2d8.0e 739fb747 1066b4 h ???????? 001 /mysqladmin/index.php
520e2e6.2c 739fb747 1066b4 h ???????? 001 /mysql-admin/index.php
520e2ec.f2 739fb747 1066b4 h ???????? 001 /mysql-admin/index.php
520e2f2.42 739fb747 1066b4 h ???????? 001 /phpadmin/index.php
520e2f9.2e 739fb747 1066b4 h ???????? 002 /phpadmin/index.php
520e2fe.03 739fb747 1066b4 h ???????? 007 /phpmyadmin0/index.php
520e304.d6 739fb747 1066b4 h ???????? 002 /phpmyadmin0/index.php
520e30a.18 739fb747 1066b4 h ???????? 002 /phpmyadmin1/index.php
520e310.fb 739fb747 1066b4 h ???????? 001 /phpmyadmin1/index.php
520e315.db 739fb747 1066b4 h ???????? 001 /phpmyadmin2/index.php
520e31c.4d 739fb747 1066b4 h ???????? 002 /phpmyadmin2/index.php
520e322.08 739fb747 1066b4 h ???????? 002 /myadmin/index.php
520e328.43 739fb747 1066b4 h ???????? 001 /myadmin/index.php
520e32e.28 739fb747 1066b4 h ???????? 002 /myadmin2/index.php
520e334.3e 739fb747 1066b4 h ???????? 009 /myadmin2/index.php
520e336.30 739fb747 1066b4 h ???????? 001 /xampp/phpmyadmin/index.php
520e339.69 739fb747 1066b4 h ???????? 001 /xampp/phpmyadmin/index.php
520e33c.3c 739fb747 1066b4 h ???????? 002 /phpMyadmin_bak/index.php
520e341.d6 739fb747 1066b4 h ???????? 002 /phpMyadmin_bak/index.php
520e369.d9 739fb747 1066b4 h ???????? 002 /www/phpMyAdmin/index.php
520e384.29 739fb747 1066b4 h ???????? 002 /www/phpMyAdmin/index.php
520e39a.7b 739fb747 1066b4 h ???????? 002 /tools/phpMyAdmin/index.php
520e3a1.c9 739fb747 1066b4 h ???????? 002 /tools/phpMyAdmin/index.php
520e3a6.d3 739fb747 1066b4 h ???????? 002 /phpmyadmin-old/index.php
520e3ae.00 739fb747 1066b4 h ???????? 004 /phpmyadmin-old/index.php
520e3b3.06 739fb747 1066b4 h ???????? 002 /phpMyAdminold/index.php
520e3bb.df 739fb747 1066b4 h ???????? 002 /phpMyAdminold/index.php
520e3bd.bd 739fb747 1066b4 h ???????? 002 /phpMyAdmin.old/index.php
520e3c2.02 739fb747 1066b4 h ???????? 001 /phpMyAdmin.old/index.php
520e3c6.e6 739fb747 1066b4 h ???????? 002 /pma-old/index.php
520e3cd.cc 739fb747 1066b4 h ???????? 001 /pma-old/index.php
520e3d2.91 739fb747 1066b4 h ???????? 001 /claroline/phpMyAdmin/index.php
520e3d9.bc 739fb747 1066b4 h ???????? 001 /claroline/phpMyAdmin/index.php
520e3de.b3 739fb747 1066b4 h ???????? 002 /typo3/phpmyadmin/index.php
520e3e5.bc 739fb747 1066b4 h ???????? 002 /typo3/phpmyadmin/index.php
520e3ea.a6 739fb747 1066b4 h ???????? 001 /phpma/index.php
520e3f1.c1 739fb747 1066b4 h ???????? 001 /phpma/index.php
520e3f5.01 739fb747 1066b4 h ???????? 002 /phpmyadmin/phpmyadmin/index.php
520e428.0a 739fb747 1066b4 h ???????? 001 /phpmyadmin/phpmyadmin/index.php
520e446.14 739fb747 1066b4 h ???????? 002 /phpMyAdmin/phpMyAdmin/index.php
520e455.e2 739fb747 1066b4 h ???????? 002 /phpMyAdmin/phpMyAdmin/index.php
520e45d.58 739fb747 1066b4 h ???????? 001 /wuwu11.php
520e45e.6f 739fb747 1066b4 h ???????? 002 /xw.php
520e45f.9f 739fb747 1066b4 h ???????? 001 /xx.php
520e464.34 739fb747 1066b4 h ???????? 002 /w.php
520e592.eb bb2d783a 03675a h ???????? 002 /login.cgi
520e5db.05 36249556 433e9c h ???????? 003 /edit/28226003
520e765.6f 2399105d 95df39 h ???????? 002 /robots.txt
520e768.86 2399e7d3 95df39 h ???????? 001 /robots.txt
520e768.c5 2399e7d3 95df39 h ???????? 003 /wiki/MindPost
520e835.53 d8f442f3 2e51d1 h ???????? 002 /robots.txt
520e8e2.34 42f942d4 043937 s ???????? 002 /wiki/WirMachenDas
520e8e8.42 2399105d 95df39 h ???????? 002 /robots.txt
520e8e9.30 2399e7d3 95df39 h ???????? 013 /
520e992.4f d8f442f3 2e51d1 h ???????? 002 /wiki/LongBetOne
520ea8b.f7 2399e7d3 95df39 h ???????? 002 /wiki/LockSchuppen
520ec6d.d1 2399e7d3 95df39 h ???????? 002 /wiki/PieschenTv
520ecbe.c8 d8f442f3 2e51d1 h ???????? 002 //robots.txt
520ee28.bb 2399e7d3 95df39 h ???????? 002 /wiki/RainerWasserfuhrCv
520eeb2.05 2399105d 95df39 h ???????? 001 /robots.txt
520eeb9.27 2399e7d3 95df39 h ???????? 001 /robots.txt
520eeb9.85 2399e7d3 95df39 h ???????? 002 /wiki/NooPolis
520ef0f.f1 c4342b6d c5c81c h ???????? 012 /
520efef.69 1fb8c26d 94b52a h ???????? 010 /
520f0b4.69 2399e7d3 95df39 h ???????? 002 /wiki/LockSchuppenDe
520f2ad.88 d8f442f3 2e51d1 h ???????? 002 /robots.txt
520f31e.94 42f942ca 622963 h ???????? 002 /crush
520f42b.ae 5b794fb4 e3b0c4 h ???????? 001 /robots.txt
520f42d.d6 5b794fb4 2d2838 h ???????? 011 /
520f483.80 d8f442f3 2e51d1 h ???????? 002 /wiki/RalfLippold
520f4a3.78 5f6cb561 e4b041 h ???????? 001 /cal
520f619.22 cf2e0dbc 6a88e8 s ???????? 016 /
520f73f.6f 6d666f5c cb707c h ???????? 012 /
520f73f.c8 6d666f5c cb707c h ???????? 002 //https://floatingboat2013.appspot.com
520f740.18 6d666f5c cb707c h ???????? 002 //wiki/AlanTuring
520f740.65 6d666f5c cb707c h ???????? 002 //wiki/GottfriedWilhelmLeibniz
520f740.b8 6d666f5c cb707c h ???????? 001 //https://floatingboat2013.appspot.com/UrPic
520f741.18 6d666f5c cb707c h ???????? 002 //https://floatingboat2013.appspot.com/ad
520f741.6d 6d666f5c cb707c h ???????? 005 //https://sl4.eu/hls
520f741.bc 6d666f5c cb707c h ???????? 002 //https://sl4.eu/ls
520f742.0e 6d666f5c cb707c h ???????? 001 //https://sl4.eu/sh
520f742.66 6d666f5c cb707c h ???????? 002 //https://www.youtube.com/watch
520f7a8.28 42f94291 043937 s ???????? 002 /robots.txt
520f963.a8 362494dc 433e9c h ???????? 001 /edit/30446001
520faa4.c7 42f942c8 043937 h ???????? 002 /wiki/DavidEppstein
520fb76.03 05275551 e3b0c4 h ???????? 001 /robots.txt
520fb78.31 05275551 f22684 h ???????? 018 /
520fb9a.91 2e6509d8 1d5a65 h ???????? 012 /
520fc3f.f2 3624945f 433e9c h ???????? 002 /wiki/OrionBelt
520fccb.e8 3624942d 433e9c h ???????? 002 /edit/27356002
520fd3d.aa 42f942c8 043937 h ???????? 012 /
520fed7.d0 8ac93b22 0852cc h ???????? 002 /robots.txt
520fed9.4e 8ac93b22 0852cc h ???????? 012 /
520ffb9.3b 362494f6 433e9c h ???????? 002 /edit/26366002
