568025b.e1 d8f442f3 2e51d1 h ???????? 003 /robots.txt
568025e.ae 42f94606 043937 h ???????? 02d /love/1e
56802d4.1a d8f442f3 2e51d1 h ???????? 004 /wiki/FutureLab2056
56804b7.c3 42f94059 622963 s ???????? 027 /
56804ba.47 42f9405d 622963 s ???????? 002 /feel/4
56804bb.1b 42f9405b 622963 s ???????? 003 /feel/8
56804bb.ab 42f94059 622963 s ???????? 024 /feel/10
568062a.29 3cbf264d 24f5f0 s ???????? 018 /
568079b.e7 d8f442f3 2e51d1 h ???????? 003 /robots.txt
568080e.72 d8f442f3 2e51d1 h ???????? 004 /wiki/NanoRaceCar
5680abe.8d 42f9405b 043937 s ???????? 023 /
5680b7b.ce 57fae0d5 e4b041 h ???????? 002 /robots.txt
5680b7f.8e 57fae0d5 e4b041 h ???????? 018 /
5680cbe.ab d8f442f3 2e51d1 h ???????? 003 /robots.txt
5680d0a.ee 42f94610 043937 s ???????? 004 /wiki/SemperBase
5680d39.8f d8f442f3 2e51d1 h ???????? 004 /wiki/DistanzSpiel
5680d3d.24 d8f442f3 2e51d1 h ???????? 003 /wiki/RainerTest
5680d40.da d8f442f3 2e51d1 h ???????? 004 /wiki/IsA
5680d51.e9 42f94610 043937 s ???????? 002 /LifeDay
5680ea9.23 42f9460a 043937 h ???????? 00a /wiki/SixDegrees
5680ec1.1e 2ee5a853 c89f4f h ???????? 003 /robots.txt
5680ec1.82 2ee5a850 c89f4f h ???????? 004 /wiki/EtAl
5680f51.b9 42f9405c 043937 h ???????? 019 /
5681061.68 4e1e0b89 703ee7 h ???????? 01b /
5681065.7c 4e1e0b89 703ee7 h ???????? 002 //https://floatingboat2013.appspot.com
5681065.fc 4e1e0b89 703ee7 h ???????? 003 //wiki/AlanTuring
5681066.7d 4e1e0b89 703ee7 h ???????? 004 //wiki/GottfriedWilhelmLeibniz
5681066.e6 4e1e0b89 703ee7 h ???????? 003 //https://floatingboat2013.appspot.com/UrPic
5681067.50 4e1e0b89 703ee7 h ???????? 002 //https://floatingboat2013.appspot.com/ad
5681067.e0 4e1e0b89 703ee7 h ???????? 002 //https://sl4.eu/hls
5681068.4b 4e1e0b89 703ee7 h ???????? 002 //https://sl4.eu/ls
5681068.c0 4e1e0b89 703ee7 h ???????? 002 //https://sl4.eu/sh
5681069.33 4e1e0b89 703ee7 h ???????? 004 //https://www.youtube.com/watch
56811af.5a 5d4e0723 cdfc4d h ???????? 02c /
56811e6.40 d8f442f3 2e51d1 h ???????? 002 /robots.txt
568126c.86 d8f442f3 2e51d1 h ???????? 004 /wiki/ClaDd
568126f.18 d8f442f3 2e51d1 h ???????? 003 /wiki/FriendFeed
5681271.aa d8f442f3 2e51d1 h ???????? 003 /wiki/MindFloor
5681378.16 42f9460a 043937 h ???????? 004 /wiki/SemperBase
5681407.a5 42f94610 043937 s ???????? 006 /wiki/LockAgora
568150b.19 5fa3ff48 399ff9 h ???????? 003 /robots.txt
568150c.5c 5fa3ff48 399ff9 h ???????? 01a /
5681532.ee 42f9460a 043937 h ???????? 004 /wiki/XianFa
5681708.7c 42f94606 043937 h ???????? 008 /wiki/LockAgora
5681853.4e bca5e9e4 e3b0c4 h ???????? 003 /robots.txt
5681855.7b bca5e9e4 36ad42 h ???????? 019 /
5681923.04 b10962f3 be37cc h ???????? 01d /
5681a03.6e be6daa4d 19c6c4 h ???????? 019 /
5681b93.bd bca5e922 e3b0c4 h ???????? 002 /robots.txt
5681b95.ea bca5e922 1200b3 h ???????? 023 /
5681c93.14 42f94610 043937 s ???????? 01b /eval/188295002
5681d0b.13 25bb384c e3b0c4 h ???????? 003 //robots.txt
5681d0d.3c 25bb384c 5983bc h ???????? 01b /
5681dbf.b1 42f95929 70a047 h ???????? 002 //rss.rdf
5681e16.b1 70c52e35 19c6c4 h ???????? 01f /
5681fb5.6d 42f94608 043937 h ???????? 004 /wiki/BauInformatik
568206c.ac 42f94612 043937 s ???????? 01d /edit/195795003
5682088.c4 47069ea6 a397c6 h ???????? 023 /
568208d.45 47069ea6 45a6bf h ???????? 003 /favicon.ico
56820ee.3d bca5d01d e3b0c4 h ???????? 003 /robots.txt
56820f0.77 bca5d01d 58771d h ???????? 01d /
5682290.5c 42f94614 043937 s ???????? 004 /wiki/JanRain
5682897.39 bca5c419 e3b0c4 h ???????? 003 /robots.txt
5682899.6b bca5c419 76fdb3 h ???????? 026 /
568293e.0d 42f9460a 043937 h ???????? 004 /wiki/IpAddress
5682ac1.00 566e75d5 be34ee h ???????? 002 //wp-login.php
5682b55.2e bca5e9e4 e3b0c4 h ???????? 003 /robots.txt
5682b57.6e bca5e9e4 36ad42 h ???????? 01d /
5682ba0.cb 566e75d5 be34ee h ???????? 003 //xmlrpc.php
5682efc.a9 7bc80422 cdfc4d h ???????? 01c /
5682f31.a1 8b636391 661b67 s ???????? 01c /
5682f32.6d 8b636391 661b67 h ???????? 02f /
5682f32.b9 8b636391 661b67 s ???????? 004 /drupal/
5682f32.f8 8b636391 661b67 h ???????? 003 /drupal/
5682f33.87 8b636391 661b67 h ???????? 002 /cms/
5682f34.1e 8b636391 661b67 h ???????? 002 /status
5682f34.d4 8b636391 661b67 h ???????? 012 /
5682f35.41 8b636391 661b67 h ???????? 001 /script
5682f35.a5 8b636391 661b67 h ???????? 001 /jenkins/script
5682f36.7b 8b636391 661b67 s ???????? 001 /cms/
5682f37.3d 8b636391 661b67 s ???????? 001 /status
5682f38.fc 8b636391 661b67 s ???????? 014 /
5682f39.cb 8b636391 661b67 s ???????? 001 /script
5682f3b.97 8b636391 661b67 s ???????? 001 /jenkins/script
5682f3e.17 8b636391 661b67 h ???????? 002 /jmx-console
5682f3e.7d 8b636391 661b67 h ???????? 016 /
5682f3e.f8 8b636391 661b67 h ???????? 011 /
5682f3f.6d 8b636391 661b67 s ???????? 001 /login
5682f3f.75 8b636391 661b67 h ???????? 001 /manager/html
5682f41.35 8b636391 661b67 s ???????? 001 /jmx-console
5682f45.40 8b636391 661b67 s ???????? 017 /
5682f46.10 8b636391 661b67 s ???????? 012 /
5682f46.ec 8b636391 661b67 s ???????? 001 /manager/html
5682f47.46 8b636391 661b67 h ???????? 001 /tomcat-cms/cmd.jsp
5682f47.b2 8b636391 661b67 s ???????? 010 /
5682f48.ae 8b636391 661b67 h ???????? 012 /
5682f49.22 8b636391 661b67 h ???????? 01a /
5682f49.8f 8b636391 661b67 s ???????? 02a /
5682f49.a2 8b636391 661b67 h ???????? 001 /dfn/nman.jsp
5682f4b.69 8b636391 661b67 s ???????? 001 /tomcat-cms/cmd.jsp
5682f4c.36 8b636391 661b67 s ???????? 011 /
5682f4d.09 8b636391 661b67 h ???????? 017 /
5682f4e.75 8b636391 661b67 h ???????? 010 /
5682f4f.e2 8b636391 661b67 h ???????? 001 /dfn/df.jsp
5682f50.71 8b636391 661b67 h ???????? 013 /
5682f50.e9 8b636391 661b67 h ???????? 011 /
5682f51.5e 8b636391 661b67 h ???????? 001 /Catalina/df.jsp
5682f52.cd 8b636391 661b67 h ???????? 013 /
5682f54.46 8b636391 661b67 h ???????? 012 /
5682f55.b6 8b636391 661b67 h ???????? 001 /host/cmd.jsp
5682f57.20 8b636391 661b67 s ???????? 002 /dfn/nman.jsp
5682f57.f1 8b636391 661b67 s ???????? 018 /
5682f58.cd 8b636391 661b67 s ???????? 013 /
5682f5c.a5 8b636391 661b67 s ???????? 002 /dfn/df.jsp
5682f5d.2d 8b636391 661b67 h ???????? 013 /
5682f5d.6f 8b636391 661b67 s ???????? 013 /
5682f65.55 8b636391 661b67 s ???????? 002 /Catalina/df.jsp
5682f67.be 8b636391 661b67 h ???????? 001 //administrator
5682f68.29 8b636391 661b67 h ???????? 002 /joomla/administrator
5682f68.9b 8b636391 661b67 h ???????? 001 /cms/administrator
5682f6c.0d 8b636391 661b67 h ???????? 001 /Joomla/administrator
5682f6c.80 8b636391 661b67 h ???????? 002 /msd
5682f6c.fa 8b636391 661b67 h ???????? 002 /mySqlDumper
5682f6d.63 8b636391 661b67 h ???????? 003 /msd1.24stable
5682f6e.ce 8b636391 661b67 h ???????? 002 /msd1.24.4
5682f70.46 8b636391 661b67 s ???????? 026 /
5682f70.54 8b636391 661b67 h ???????? 001 /mysqldumper
5682f70.c0 8b636391 661b67 h ???????? 001 /MySQLDumper
5682f71.46 8b636391 661b67 h ???????? 001 /mysql
5682f71.4f 8b636391 661b67 s ???????? 002 /host/cmd.jsp
5682f72.2c 8b636391 661b67 s ???????? 01b /
5682f73.21 8b636391 661b67 s ???????? 015 /
5682f73.ee 8b636391 661b67 s ???????? 013 /
5682f74.b7 8b636391 661b67 h ???????? 002 /sql
5682f74.d1 8b636391 661b67 s ???????? 001 //administrator
5682f75.9b 8b636391 661b67 s ???????? 001 /joomla/administrator
5682f76.22 8b636391 661b67 h ???????? 001 /cgi-bin/php
5682f77.9e 8b636391 661b67 s ???????? 002 /cms/administrator
5682f77.b2 8b636391 661b67 h ???????? 003 /cgi-bin/php5
5682f78.1e 8b636391 661b67 h ???????? 002 /phpmyadmin
5682f78.b6 8b636391 661b67 s ???????? 001 /Joomla/administrator
5682f78.b9 8b636391 661b67 h ???????? 002 /phpMyAdmin
5682f79.5c 8b636391 661b67 h ???????? 002 /mysql
5682f79.dd 8b636391 661b67 h ???????? 002 /sql
5682f7a.c1 8b636391 661b67 s ???????? 002 /msd
5682f7b.4d 8b636391 661b67 h ???????? 001 /myadmin
5682f7b.f1 8b636391 661b67 s ???????? 002 /mySqlDumper
5682f7b.f4 8b636391 661b67 h ???????? 002 /phpMyAdmin-4.2.1-all-languages
5682f7d.1e 8b636391 661b67 s ???????? 007 /msd1.24stable
5682f7d.8b 8b636391 661b67 h ???????? 002 /phpMyAdmin-4.2.1-english
5682f7e.31 8b636391 661b67 h ???????? 002 /xampp/phpmyadmin
5682f7e.d3 8b636391 661b67 h ???????? 002 /typo3/phpmyadmin
5682f7f.29 8b636391 661b67 s ???????? 002 /msd1.24.4
5682f7f.5f 8b636391 661b67 h ???????? 002 /webadmin
5682f80.20 8b636391 661b67 h ???????? 01d /
5682f80.e4 8b636391 661b67 h ???????? 00a /sqlite/main.php
5682f80.f4 8b636391 661b67 s ???????? 002 /mysqldumper
5682f81.b8 8b636391 661b67 h ???????? 003 /SQLite/SQLiteManager-1.2.4/main.php
5682f82.24 8b636391 661b67 s ???????? 002 /MySQLDumper
5682f83.17 8b636391 661b67 s ???????? 002 /mysql
5682f83.ad 8b636391 661b67 h ???????? 002 /SQLiteManager-1.2.4/main.php
5682f84.21 8b636391 661b67 h ???????? 002 /sqlitemanager/main.php
5682f84.3f 8b636391 661b67 s ???????? 002 /sql
5682f84.e3 8b636391 661b67 h ???????? 001 /SQlite/main.php
5682f85.6d 8b636391 661b67 h ???????? 00b /SQLiteManager/main.php
5682f85.8c 8b636391 661b67 s ???????? 006 /cgi-bin/php
5682f85.f8 8b636391 661b67 h ???????? 002 /webdav
5682f87.05 8b636391 661b67 s ???????? 002 /cgi-bin/php5
5682f88.2f 8b636391 661b67 h ???????? 01a /
5682f88.6c 8b636391 661b67 s ???????? 001 /phpmyadmin
5682f8a.6f 8b636391 661b67 s ???????? 001 /phpMyAdmin
5682f8b.7c 8b636391 661b67 s ???????? 006 /mysql
5682f8c.67 8b636391 661b67 s ???????? 006 /sql
5682f8d.5b 8b636391 661b67 s ???????? 002 /myadmin
5682f8e.50 8b636391 661b67 s ???????? 002 /phpMyAdmin-4.2.1-all-languages
5682f8f.49 8b636391 661b67 s ???????? 00a /phpMyAdmin-4.2.1-english
5682f90.3e 8b636391 661b67 s ???????? 001 /xampp/phpmyadmin
5682f90.df 8b636391 661b67 h ???????? 017 /
5682f91.05 8b636391 661b67 s ???????? 002 /typo3/phpmyadmin
5682f91.5a 8b636391 661b67 h ???????? 002 //wp-login.php
5682f91.f9 8b636391 661b67 h ???????? 006 /wordpress/wp-login.php
5682f92.03 8b636391 661b67 s ???????? 002 /webadmin
5682f92.71 8b636391 661b67 h ???????? 002 /wp/wp-login.php
5682f93.16 8b636391 661b67 s ???????? 037 /
5682f94.0e 8b636391 661b67 s ???????? 006 /sqlite/main.php
5682f95.0d 8b636391 661b67 s ???????? 006 /SQLite/SQLiteManager-1.2.4/main.php
5682f96.0d 8b636391 661b67 h ???????? 002 /blog/wp-login.php
5682f96.14 8b636391 661b67 s ???????? 002 /SQLiteManager-1.2.4/main.php
5682f97.28 8b636391 661b67 s ???????? 002 /sqlitemanager/main.php
5682f98.21 8b636391 661b67 s ???????? 002 /SQlite/main.php
5682f99.99 8b636391 661b67 h ???????? 002 /Wordpress/wp-login.php
5682f9a.14 8b636391 661b67 h ???????? 002 /Blog/wp-login.php
5682f9c.12 8b636391 661b67 s ???????? 002 /SQLiteManager/main.php
5682f9e.37 8b636391 661b67 s ???????? 002 /webdav
5682f9f.1e 8b636391 661b67 s ???????? 019 /
5682fa0.07 8b636391 661b67 s ???????? 01b /
5682fa1.e3 8b636391 661b67 s ???????? 027 /
5682fa3.1e 8b636391 661b67 s ???????? 002 //wp-login.php
5682fa3.fd 8b636391 661b67 s ???????? 002 /wordpress/wp-login.php
5682fa5.d6 8b636391 661b67 s ???????? 002 /wp/wp-login.php
5682fa9.b8 8b636391 661b67 s ???????? 002 /blog/wp-login.php
5682faa.e2 8b636391 661b67 s ???????? 002 /Wordpress/wp-login.php
5682fac.c8 8b636391 661b67 s ???????? 002 /Blog/wp-login.php
5683110.ed d8f442f3 2e51d1 h ???????? 003 /robots.txt
5683186.16 d8f442f3 2e51d1 h ???????? 00c /wiki/RainerWasserfuhrCvEn
568318a.29 d8f442f3 2e51d1 h ???????? 006 /wiki/ImPrint
56831c1.10 d8f442f3 2e51d1 h ???????? 003 /wiki/LockSchuppenOpening
5683230.2e 42f94614 043937 s ???????? 019 /edit/192345002
568326d.7a 42f94606 043937 h ???????? 004 /wiki/KasimirNummer
5683506.df 42f9460a 043937 h ???????? 005 /wiki/GlobusDresden
56836ab.5c 42f94606 043937 h ???????? 005 /wiki/PeterTeichmann
568394a.77 42f94606 043937 h ???????? 005 /wiki/DasIchErinnertSich
56839d1.1c 42f94606 043937 h ???????? 004 /wiki/InHalt
5683a64.7b 42f9460a 043937 h ???????? 004 /wiki/InNov
5683a65.16 cb53baf2 19c6c4 h ???????? 027 /
5683b6f.59 d8f442f3 2e51d1 h ???????? 002 /robots.txt
5683bec.91 5fa3ff6b 399ff9 h ???????? 003 /robots.txt
5683bee.e3 5fa3ff73 399ff9 h ???????? 01b /
5683bf0.f7 d8f442f3 2e51d1 h ???????? 004 /wiki/AnneWillSingularity
5683cbd.2d 42f9460a 043937 h ???????? 004 /wiki/MindOs
5683d7f.ad 5fa3ff60 399ff9 h ???????? 003 /robots.txt
5683d80.d7 5fa3ff6b 399ff9 h ???????? 004 /wiki/RaumPlan
5683d8a.a0 42f94606 043937 h ???????? 003 /wiki/SeSiSi
5683d8c.75 5fa3ff61 399ff9 h ???????? 004 /wiki/RealFilm
5683f6a.04 42f94608 043937 h ???????? 005 /wiki/KinderGarten
568401a.f0 42f9460a 043937 h ???????? 009 /wiki/BackLink
56841dd.e6 42f94606 043937 h ???????? 004 /wiki/TheoAlbrecht
56842b3.c9 284da743 6a88e8 h ???????? 004 /wiki/SingularityUniversity
56842c3.a7 42f94606 043937 h ???????? 004 /wiki/KnowLedge
5684480.2b 42f94614 043937 s ???????? 003 /edit/203505004
5684541.9e 42f94608 043937 h ???????? 004 /wiki/SwineFlu
56845c2.ad d8f442f3 2e51d1 h ???????? 003 /robots.txt
5684636.87 d8f442f3 2e51d1 h ???????? 005 /wiki/MindBase
568463b.6c d8f442f3 2e51d1 h ???????? 004 /wiki/TeufelsPakt
5684657.04 42f9460a 043937 h ???????? 004 /wiki/WendelinWerner
56846ad.96 d8f442f3 2e51d1 h ???????? 004 /wiki/MindBrowser
56846af.84 d8f442f3 2e51d1 h ???????? 004 /wiki/MindMark
56846b1.8b d8f442f3 2e51d1 h ???????? 004 /wiki/RayKurzweil
56846b3.a8 d8f442f3 2e51d1 h ???????? 004 /wiki/SingularityIsNear
56846c3.fd d8f442f3 2e51d1 h ???????? 004 /wiki/SemperBase
568471f.c3 42f94606 043937 h ???????? 004 /wiki/McKinsey
5684772.51 42f9592b 70a047 h ???????? 003 //rss.rdf
56848af.f4 42f94608 043937 h ???????? 004 /wiki/HypeRealEstate
56848c3.cf 42f94608 043937 h ???????? 004 /wiki/NanoCity
5684a6b.d0 42f94608 043937 h ???????? 005 /wiki/TheTimelessWayOfBuilding
5684b5b.3d 42f94608 043937 h ???????? 009 /wiki/AndreasHeuer
5684d19.3b 42f94606 043937 h ???????? 005 /wiki/JohnRobb
5684d82.0c 735552c2 cdfc4d h ???????? 040 /
5684ed3.35 67d45a1b cdfc4d h ???????? 02e /
5684fd6.78 42f9460a 043937 h ???????? 004 /wiki/HiPo
5685246.98 42f94608 043937 h ???????? 005 /wiki/FloorPlan
568526d.36 42f94606 043937 h ???????? 004 /wiki/DoppelSchleier
568538b.17 42f94608 043937 h ???????? 004 /wiki/SourceCode
56854e0.44 42f94606 043937 h ???????? 005 /wiki/BenchMark
5685534.db 42f94608 043937 h ???????? 004 /wiki/StatusQuo
56855b6.cd 42f94612 043937 s ???????? 13e /edit/182325003
56855e8.6d 42f94608 622963 h ???????? 011 /
5685625.57 3cbf264d 24f5f0 h ???????? 023 /
56856ab.37 42f94606 043937 h ???????? 003 /wiki/MiNd
568571c.5d 42f94606 043937 h ???????? 012 /
568575c.97 42f9460a 043937 h ???????? 002 /wiki/MainStream
568578c.81 9d37272b 6a88e8 h ???????? 003 /wiki/CamelCase
56857d6.83 cf2e0d78 6a88e8 h ???????? 002 /wiki/ClueTrain
5685803.fa 36c42ae9 0bc284 h ???????? 014 /
568582d.36 d5d32a17 cdfc4d h ???????? 013 /
5685f29.d2 ba2f6706 cedf5c h ???????? 016 /
5685f37.80 42f9460a 043937 h ???????? 002 /wiki/GoogleAi
56860ac.c3 bb1315ff be37cc h ???????? 013 /
56862a3.54 42f94608 043937 h ???????? 003 /wiki/HolgerJohn
56866fa.9e 42f94608 043937 h ???????? 012 /edit/1001
5686779.e3 42f94606 043937 h ???????? 002 /wiki/DeFn
56868ed.e5 b44c0f0a a04d28 h ???????? 016 /
5686a12.99 284da743 6a88e8 h ???????? 002 /wiki/HistVv
5686a24.2c 42f94612 043937 s ???????? 014 /
5686a6d.4a 5fa3ff4c 399ff9 h ???????? 001 /robots.txt
5686a6e.7d 5fa3ff4b 399ff9 h ???????? 006 /cast/
5686cfb.de 2ee5a84f c89f4f h ???????? 002 /robots.txt
5686cfc.57 2ee5a848 c89f4f h ???????? 003 /wiki/EtAl
5686d5e.c4 42f94608 043937 h ???????? 002 /wiki/KinderTagesSt
5686e5a.5a 42f9592b 70a047 h ???????? 003 //rss.rdf
5686fef.c0 42f9460a 043937 h ???????? 003 /wiki/MaikNeumann
56870d1.70 42f94606 043937 h ???????? 002 /wiki/PeterLehmann2
5687158.0c 42f9460a 043937 h ???????? 003 /wiki/LockKitchen
56871e9.df 6d804b33 55f5b7 s ???????? 015 /
56871f8.a1 42f9460a 043937 h ???????? 002 /wiki/ChristineSt
56872da.1a 42f94606 043937 h ???????? 003 /wiki/HerrWasserfuhr
56872f3.56 9d37272b 6a88e8 h ???????? 003 /wiki/ReFrame
568748c.8e 42f9460a 043937 h ???????? 003 /wiki/LarsKoehler
5687497.b9 12b8e4c0 5c50e2 h ???????? 014 /
5687681.f1 5cf9db79 670234 h ???????? 014 /
5687682.33 5cf9db79 670234 h ???????? 013 /
56876e1.7c c6c76b7e ef60d6 s ???????? 014 /
5687751.10 2e2552c1 dc1a18 h ???????? 013 /
5687751.98 2e2552c1 dc1a18 h ???????? 002 //https://floatingboat2013.appspot.com
5687752.1b 2e2552c1 dc1a18 h ???????? 003 //wiki/AlanTuring
5687752.c3 2e2552c1 dc1a18 h ???????? 002 //wiki/GottfriedWilhelmLeibniz
56877e8.9e 42f94606 043937 h ???????? 003 /wiki/WillowGarage
5687872.e6 42f94608 043937 h ???????? 003 /wiki/TelefonAnruf
568793d.6d 42f94610 043937 s ???????? 019 /edit/199605007
5687974.27 42f9460a 043937 h ???????? 003 /wiki/PeterSaintAndre
5687a3d.87 a2d2c481 028fc4 h ???????? 006 /robots.txt
5687a40.6e a2d2c481 028fc4 h ???????? 012 /
5687aa2.25 42f94608 043937 h ???????? 003 /wiki/MiriamMeckel
5687d2c.2e 42f9460a 043937 h ???????? 003 /wiki/VielLeichter
5687f28.e6 42f94606 043937 h ???????? 003 /wiki/DresdenChess
5687fcc.9c 42f94608 043937 h ???????? 00a /wiki/PeterSloterdijk
56880a5.7e 42f94608 043937 h ???????? 003 /wiki/PeterEmilBecker
568818b.38 42f94608 043937 h ???????? 003 /wiki/StadtHeidenau
56881d2.fd 42f94612 622963 s ???????? 016 /
56882e4.ac ca5cc802 be37cc h ???????? 026 /
5688335.70 42f94606 043937 h ???????? 003 /wiki/HypoRealEstate
5688378.5b 42f94608 043937 h ???????? 003 /wiki/LearningByPlaying
56883fa.75 42f94608 043937 h ???????? 003 /wiki/GruschelMonster
568850a.fe 42f94608 043937 h ???????? 004 /wiki/NationalTheater
568858e.27 42f9460a 043937 h ???????? 004 /wiki/GeorgObst
5688649.fa b4f6fe56 be37cc h ???????? 016 /
568868f.8f 42f94606 043937 h ???????? 003 /wiki/RaumFuerSexuelleBelustigungAmArbeitsplatz
5688865.e0 284da743 6a88e8 h ???????? 003 /wiki/DasIchErinnertSich
5688928.3c 42f9460a 043937 h ???????? 003 /wiki/SrQ
5688978.08 42f9460a 043937 h ???????? 003 /wiki/TheProgramLibraryBoundary
5688b00.d2 42f94610 043937 s ???????? 004 /wiki/ZuHaelter
5688bba.28 42f94608 043937 h ???????? 003 /wiki/ZoOm
5688cdd.a0 9d37272b 6a88e8 h ???????? 017 /
5688cdd.f8 9d37272b 6a88e8 h ???????? 016 /
5688cfb.83 cf2e0d78 6a88e8 h ???????? 002 /wiki/WeLt
5688cfb.c8 cf2e0d78 6a88e8 h ???????? 001 /cal
5688cfc.10 cf2e0d78 6a88e8 h ???????? 001 /edit
5688cfc.54 cf2e0d78 6a88e8 h ???????? 001 /box
5688d75.a4 42f94608 043937 h ???????? 003 /wiki/DeMut
5688e6d.e5 42f94606 043937 h ???????? 003 /wiki/ComeBack
5688f93.19 42f94606 043937 h ???????? 004 /wiki/KarlBeck
568900d.e4 42f94608 043937 h ???????? 004 /wiki/ConVerg
5689079.c4 2509350c 78d437 h ???????? 018 /
568912e.44 42f94608 043937 h ???????? 003 /wiki/GeHeim
5689135.27 42f94608 043937 h ???????? 003 /wiki/PublicPeople
56891f3.cb b44c0f89 a04d28 h ???????? 003 /wiki/LockOffice
568921e.45 8ac9c861 4f089e h ???????? 017 /1
56892f3.64 b93ace50 86687a h ???????? 019 /
56892f5.22 42f94606 043937 h ???????? 003 /wiki/HansFehr
5689464.47 42f94606 043937 h ???????? 003 /wiki/OttoEger
5689541.56 4ea5fde2 be37cc h ???????? 019 /
5689610.c8 42f94606 043937 h ???????? 003 /wiki/BrunoKeil
568963b.09 42f9460a 043937 h ???????? 004 /wiki/OskarGros
5689754.b9 42f94608 043937 h ???????? 004 /wiki/MindSchnupfen
5689815.f2 a2d2c464 028fc4 h ???????? 002 //robots.txt
568981d.a0 a2d2c464 028fc4 h ???????? 018 /
568982c.61 42f95927 70a047 h ???????? 002 //rss.rdf
5689900.cd 42f94608 043937 h ???????? 004 /wiki/CarlHuber
56899b5.8b 42f94606 043937 h ???????? 004 /wiki/MittlereTechnologie
5689b66.d3 42f94608 043937 h ???????? 004 /wiki/SelbstOrganisation
5689bd4.83 2531e769 9f4575 s ???????? 002 //libs/js/iframe.js
5689c7b.4c 42f94606 043937 h ???????? 004 /wiki/KarlBerry
5689cc3.f3 42f9460a 043937 h ???????? 003 /wiki/PostSimian
5689cf2.d8 42f94608 043937 h ???????? 004 /wiki/OttoFunke
5689e85.1c 42f94608 043937 h ???????? 004 /wiki/CarlChun
5689ef1.74 42f9460a 043937 h ???????? 003 /wiki/PaulHerre
5689fa5.d7 42f9460a 043937 h ???????? 004 /wiki/MaxSanger
5689fdd.70 c247d1d9 043937 h ???????? 004 /wiki/DeEmm
5689feb.e8 42f94606 043937 h ???????? 003 /wiki/FritzGroh
568a0ae.a4 42f9460a 043937 h ???????? 004 /wiki/HansHeld
568a20b.e6 42f94608 043937 h ???????? 004 /wiki/DueckBot
568a243.86 c3c8ed80 cdfc4d h ???????? 01b /
568a2e6.57 42f9460a 043937 h ???????? 004 /wiki/OttoJahn
568a58e.79 cf2e0d78 6a88e8 h ???????? 003 /edit/45136018
568a58f.b9 9fcb2a8f b0202e h ???????? 039 /
568a58f.e0 9fcbc44f b0202e h ???????? 002 /login.cgi
568a6bb.d9 42f94606 043937 h ???????? 003 /wiki/OttoKirn
568a6cc.19 42f94606 043937 h ???????? 004 /wiki/KarlSchaum
568a740.69 42f9460a 043937 h ???????? 004 /wiki/EmilKind
568a802.ad 42f9460a 043937 h ???????? 003 /wiki/MaxLohlein
568a80f.e1 42f94606 043937 h ???????? 003 /wiki/MaxBrahn
568a911.b1 42f9460a 043937 h ???????? 006 /wiki/GeorgJohn
568aa9f.7c 42f94606 043937 h ???????? 004 /wiki/SelbstLos
568ab7f.c7 42f94608 043937 h ???????? 004 /wiki/GeorgHape
568ab92.6b b9a5a8e5 1c7cda h ???????? 002 //deployment-config.json
568ad1b.b5 42f94608 043937 h ???????? 005 /wiki/OttoKlemm
568adc1.32 42f9460a 043937 h ???????? 004 /wiki/OskarBulow
568adfb.85 42f94606 043937 h ???????? 002 /robots.txt
568adfb.8c 42f94608 043937 h ???????? 002 /AlphaSphere
568ae87.99 42f94610 043937 s ???????? 01a /edit/174535001
568af69.ab 5fa3ff67 399ff9 h ???????? 002 /robots.txt
568af6a.97 5fa3ff6b 399ff9 h ???????? 004 /wiki/SiSanien
568af71.6b 5fa3ff5f 399ff9 h ???????? 003 /wiki/VerFassung
568b181.02 42f94606 043937 h ???????? 004 /wiki/WilhelmHis
568b31b.76 42f94608 043937 h ???????? 004 /wiki/ErichBethe
568b366.03 42f94606 043937 h ???????? 003 /wiki/KarlBucher
568b3f4.e3 42f94606 043937 h ???????? 004 /wiki/JohnSchmitt
568b46c.f7 42f94608 043937 h ???????? 004 /wiki/KnisterLos
568b50f.e9 42f9460a 043937 h ???????? 004 /wiki/MaxEckert
568b6e8.79 bf130055 cdfc4d h ???????? 023 /
568b729.5c cf2e0dc5 6a88e8 h ???????? 002 /robots.txt
568b72f.27 cf2e0d78 6a88e8 h ???????? 004 /wiki/HappyBirthdayQ1
568b8e6.fb 8e04d971 554020 h ???????? 003 /rss.rdf
568b8ec.e0 cf2e0dc5 6a88e8 h ???????? 002 /robots.txt
568b8f2.39 cf2e0d78 6a88e8 h ???????? 004 /wiki/MindMark
568bde6.8d 42f9460a 043937 h ???????? 004 /wiki/GlobalCamelCaseAlliance
568bff3.a1 42f9592b 70a047 h ???????? 005 //rss.rdf
568bffc.fb 42f94608 043937 h ???????? 004 /wiki/GustavRiehl
568c04b.14 42f94614 043937 s ???????? 019 /edit/192935001
568c235.f7 42f94606 043937 h ???????? 004 /wiki/TanLe
568c2ce.87 42f94606 043937 h ???????? 004 /wiki/TrueMan
568c529.57 9d37272b 6a88e8 h ???????? 002 /edit/39236007
568c5ce.cb 9d37272b 6a88e8 h ???????? 025 /edit/103716004
568c74c.d2 42f9460a 043937 h ???????? 004 /wiki/XingBus
568caba.d9 42f94608 043937 h ???????? 005 /wiki/HermannLotze
568ce06.1a c9bf176a 19c6c4 h ???????? 023 /
568d18c.8f 42f94608 043937 h ???????? 005 /wiki/DelIq
568d1c9.75 42f9460a 043937 h ???????? 004 /wiki/BarCamp
568d20e.52 42f94612 043937 s ???????? 003 /robots.txt
568d20e.eb 42f94610 043937 s ???????? 02d /edit/190645001
568d24a.40 3624966a 433e9c h ???????? 003 /robots.txt
568d37e.ab 284da7cd 6a88e8 h ???????? 01e /edit/114956003
568d42f.0a 42f94608 043937 h ???????? 006 /wiki/MartinSeydel
568d6c6.5c 284da743 6a88e8 h ???????? 003 /edit/29596001
568d79d.74 2ee5a850 c89f4f h ???????? 002 /robots.txt
568d79e.1b 2ee5a84d c89f4f h ???????? 004 /wiki/EtAl
568dae3.27 cf2e0d78 6a88e8 h ???????? 003 /blobs
568db38.25 284da7cd 6a88e8 h ???????? 002 /OnTime
568db46.d7 42f94606 043937 h ???????? 004 /wiki/PeterVajk
568dc5e.40 5fa3ff72 399ff9 h ???????? 003 /robots.txt
568dc5f.24 5fa3ff6b 399ff9 h ???????? 004 /wiki/RilkePanther
568dc6a.48 42f94606 043937 h ???????? 004 /wiki/GeorgGreifelt
568de07.53 42f94608 043937 h ???????? 004 /wiki/OfNow
568df4b.85 4e1546d0 f54af9 h ???????? 026 /
568e01d.cf ba9f18c8 702dd8 h ???????? 01c /
568e0bb.10 42f9460a 043937 h ???????? 002 //robots.txt
568e159.03 9d37272b 6a88e8 h ???????? 013 /edit/114966014
568e1c5.bb 42f94606 043937 h ???????? 002 //wiki/AusLand
568e22e.83 42f9460a 043937 h ???????? 002 /wiki/RemiFraziersMillionDollarDestiny
568e24d.ca 05c4571b 433e9c h ???????? 004 /wiki/RalfLippold
568e2c1.83 d9458f3b 87563c h ???????? 001 /robots.txt
568e2c9.59 d9458f35 87563c h ???????? 002 /wiki/SingularityUniversity
568e3a5.08 42f94608 043937 h ???????? 003 /wiki/RachelMcLish
568e3d1.67 42f94606 043937 h ???????? 002 /wiki/BildSchirm
568e432.74 42f9460a 043937 h ???????? 002 /wiki/HeisenbergschenUnschaerfeRelation
568e525.8d 42f94606 043937 h ???????? 003 /wiki/ReLigio
568e636.1b 284da743 6a88e8 h ???????? 003 /wiki/BirgitSpannerUlmer
568e668.be 284da743 6a88e8 h ???????? 001 /edit/27086003
568e669.70 42f94606 043937 h ???????? 002 /wiki/AgricultureAndGlobalization
568e6f8.c2 cf2e0d78 6a88e8 h ???????? 002 /wiki/WikiLender
568e756.0d 42f95927 70a047 h ???????? 001 //rss.rdf
568e8b8.24 42f94606 043937 h ???????? 013 /
568e8f3.b5 2447ecce 19c6c4 h ???????? 011 /
568eb3c.56 42f94608 043937 h ???????? 003 /wiki/CreationVsAccessPatterns
568ebb6.e5 42f94608 043937 h ???????? 003 /wiki/HomePage
568ecad.0e 42f94606 043937 h ???????? 006 /wiki/AktZwei
568edc9.5d 42f9460a 043937 h ???????? 003 /wiki/NoMic
568f2c6.34 7dd4d9d7 a397c6 h ???????? 016 /
568f2cc.3c 7dd4d9d7 eaf401 h ???????? 001 /favicon.ico
568f2d4.bf c95df921 cdfc4d h ???????? 014 /
568f33a.32 42f9460a 043937 h ???????? 003 /wiki/AusLand
568f4f7.55 284da7cd 6a88e8 h ???????? 003 /wiki/BauchTanz
568f595.08 42f94612 043937 s ???????? 001 /edit/202285001
568f64f.5b 1fa956d5 cedf5c h ???????? 014 /
568f681.f1 42f94608 043937 h ???????? 004 /wiki/EdmundLesser
568f827.d1 42f94608 043937 h ???????? 003 /wiki/RdfProperty
568f881.f7 42f94608 043937 h ???????? 003 /wiki/PathInfo
568fa50.cb 42f94606 043937 h ???????? 003 /wiki/RobertJastrow
568fbd9.1e 42f94608 043937 h ???????? 003 /wiki/CharCode
568fe1a.8b 42f9460a 043937 h ???????? 004 /wiki/MortalIsm
568ff04.cb 42f94608 043937 h ???????? 003 /wiki/RemoteAddr
568ff08.ad 42f94608 043937 h ???????? 003 /wiki/BernardNathansen
