5690034.56 42f9460a 043937 h ???????? 003 /wiki/UnTil2009
5690173.fb 43152403 ef60d6 s ???????? 007 /robots.txt
56901aa.d9 42f94606 043937 h ???????? 003 /wiki/HTableDescriptor
5690200.73 cf2e0d78 6a88e8 h ???????? 003 /wiki/WipperFeld
5690283.2d 42f94608 043937 h ???????? 003 /wiki/JohannWolfgangVonGoethe
56903dd.b6 5666561e 702dd8 h ???????? 015 /
5690404.88 42f94606 043937 h ???????? 003 /wiki/TractatusLogicoPhilosophicus
5690498.65 284da743 6a88e8 h ???????? 003 /wiki/NamedAfter
5690591.ae 6772680b ee113c h ???????? 016 /
5690592.9c 6772680b ee113c h ???????? 001 //https://floatingboat2013.appspot.com
5690593.81 6772680b ee113c h ???????? 003 //wiki/AlanTuring
5690594.5b 6772680b ee113c h ???????? 003 //wiki/GottfriedWilhelmLeibniz
5690595.69 6772680b ee113c h ???????? 002 //https://floatingboat2013.appspot.com/UrPic
5690596.8d 6772680b ee113c h ???????? 001 //https://floatingboat2013.appspot.com/ad
5690597.9f 6772680b ee113c h ???????? 001 //https://sl4.eu/hls
5690599.13 6772680b ee113c h ???????? 001 //https://sl4.eu/ls
5690599.f5 6772680b ee113c h ???????? 002 //https://sl4.eu/sh
569059b.06 6772680b ee113c h ???????? 002 //https://www.youtube.com/watch
5690727.ea cf2e0d78 6a88e8 h ???????? 01e /edit/114656001
5690751.a6 42f9460a 043937 h ???????? 003 /wiki/PeterEich
5690758.24 42f94608 043937 h ???????? 003 /wiki/NfgyiE003k
56907eb.88 29d3706e 19c6c4 h ???????? 019 /
56908e9.98 9d37272b 6a88e8 h ???????? 002 /edit/47126020
5690a3f.52 cf2e0d78 6a88e8 h ???????? 004 /wiki/RalfLippold
5690bd6.c7 05024b0a a95ea1 h ???????? 002 //rss.rdf
5690bde.2b 592106c6 a26671 h ???????? 002 //rss.rdf
5690c98.e6 c62ec387 e28161 h ???????? 003 //rss.rdf
5690d02.5a 97000eb2 099137 h ???????? 002 /status
5690d02.92 97000eb2 099137 h ???????? 002 /stat
5690d02.c5 97000eb2 099137 h ???????? 09e /hls/JanTv1.m3u8
5690d26.e9 3624966a 433e9c h ???????? 001 //robots.txt
5690e77.7a 284da7cd 6a88e8 h ???????? 003 /wiki/RoMa
5690f6d.d7 cf2e0d78 6a88e8 h ???????? 001 /BlockTime
5691131.9d 42f95929 70a047 h ???????? 002 //rss.rdf
56911af.2b 0d42cfdb 6a88e8 h ???????? 002 /robots.txt
56911b4.b8 0d42cd79 6a88e8 h ???????? 003 /wiki/TranslateTheConstitution
56911dd.87 a3ac0499 165015 h ???????? 016 /
56915c7.05 9d37272b 6a88e8 h ???????? 004 /wiki/RaiNer
569167c.ce 9d37272b 6a88e8 h ???????? 002 /sl4
56916c9.20 42f9460a 622963 h ???????? 016 /
56917ff.df 42f94608 043937 h ???????? 005 /wiki/PeterChen
569191b.d7 42f94610 043937 s ???????? 018 /edit/182275002
5691a45.18 23bec294 ca3b30 h ???????? 017 /
5691a67.c6 23bec294 ca3b30 s ???????? 09f /ls
5691a6a.60 23bec294 ca3b30 s ???????? 094 /hls
5691b1a.d8 42f954ee 002725 h ???????? 002 /favicon.ico
5691b3d.c9 cf2e0d78 6a88e8 h ???????? 003 /wiki/ShaquilleONeal
5691b91.1c 42f9460a 043937 h ???????? 003 /wiki/PeterGorny
5691c1b.4b cf2e0d78 6a88e8 h ???????? 003 /wiki/NatashaVitaMore
5691df0.84 42f94608 043937 h ???????? 004 /wiki/PolyTreu
5691f18.ba 42f94608 043937 h ???????? 004 /wiki/TiBr
5691fa6.d1 284da743 6a88e8 h ???????? 018 /edit/103676003
56921b2.c8 284da7cd 6a88e8 h ???????? 004 /wiki/SocialBackup
5692445.78 42f9460a 043937 h ???????? 003 /wiki/SecondLips
5692579.d0 42f94606 043937 h ???????? 004 /wiki/InCome
56926b1.aa 42f9460a 043937 h ???????? 009 /wiki/SusTain
56926e0.7a cf2e0d78 6a88e8 h ???????? 002 /edit
569279e.73 42f94608 043937 h ???????? 00a /wiki/CYqdL
5692929.99 42f9460a 043937 h ???????? 004 /wiki/OldEconomy
569295b.92 284da743 6a88e8 h ???????? 004 /wiki/HeinzRuehmann
5692a35.88 284da7cd 6a88e8 h ???????? 003 /wiki/RainerWasserfuhr
5692adf.43 42f94612 043937 s ???????? 019 /edit/199965002
5692af5.93 5fa3ff66 399ff9 h ???????? 00a /robots.txt
5692af6.84 5fa3ff6b 399ff9 h ???????? 018 /
5692aff.65 5fa3ff67 399ff9 h ???????? 004 /wiki/CoraHobby
5692b07.22 5fa3ff72 399ff9 h ???????? 003 /wiki/HiPo
5692b0d.c7 5fa3ff6b 399ff9 h ???????? 004 /wiki/AnEi
5692b15.8e 5fa3ff66 399ff9 h ???????? 003 /wiki/DeHa
5692b1c.52 5fa3ff77 399ff9 h ???????? 002 /AlphaDay
5692b23.61 5fa3ff62 399ff9 h ???????? 003 /wiki/WikiPage
5692b2c.24 5fa3ff63 399ff9 h ???????? 003 /wiki/EyeDotz
5692b32.e3 5fa3ff73 399ff9 h ???????? 004 /wiki/DoIt
5692c4f.2a 42f9460a 043937 h ???????? 004 /wiki/EdRugero
5692c4f.df 8a00598f cedf5c h ???????? 02a /
5692c74.9c 42f9460a 043937 h ???????? 004 /wiki/BerlinBeben
5692dcc.23 42f9460a 043937 h ???????? 003 /wiki/WasWyrd
5692ebe.36 42f94614 043937 s ???????? 005 /wiki/InnBankSe
5692f4f.52 42f94606 043937 h ???????? 004 /wiki/HirnForschung
5692f8b.0e 42f9460a 043937 h ???????? 004 /wiki/SecondSalsa
5693049.ba 284da7cd 6a88e8 h ???????? 004 /wiki/CraigKriek
5693134.41 42f94608 043937 h ???????? 004 /wiki/TicTacToe
5693200.cc 42f94606 043937 h ???????? 00b /wiki/LocatedIn
56933a9.12 42f9460a 043937 h ???????? 004 /wiki/UpDx
56933be.ca ba4e2f3f cdfc4d h ???????? 01a /
56933cb.af 42f94608 043937 h ???????? 004 /wiki/UiRr
5693433.34 42f9460a 043937 h ???????? 004 /wiki/AltWelt
569347c.9d 8dd47aa0 ef60d6 h ???????? 021 /
56934b5.eb 42f94614 043937 s ???????? 01a /
56934d9.13 42f94608 043937 h ???????? 004 /wiki/LeseMaschine
5693503.3e 42f9460a 043937 h ???????? 003 /wiki/HandleClj
569359d.7d 42f9460a 043937 h ???????? 005 /wiki/SummitClj
56936a5.b3 490083ab be37cc h ???????? 01c /
56936e1.bd 9d37272b 6a88e8 h ???????? 003 /wiki/OnLine
56937d1.7a 42f94606 043937 h ???????? 004 /wiki/SurReal
569391c.ab 42f95929 70a047 h ???????? 00a //rss.rdf
5693938.ca cf2e0d78 6a88e8 h ???????? 008 /wiki/TylerEmerson
5693b20.2b 42f94608 043937 h ???????? 005 /wiki/InfoMorph
5693be4.ae 2de3ffdd 1066b4 h ???????? 026 /
5693ca2.88 42f94610 043937 s ???????? 019 /edit/178635002
5693ce1.ed 42f94608 043937 h ???????? 004 /wiki/HugoDippe
5693dbe.f4 4e6c698d 19c6c4 h ???????? 01b /
5693f5d.56 42f94608 043937 h ???????? 005 /wiki/JLVDPidY
5694011.d8 42f9460a 043937 h ???????? 005 /wiki/BeerGame
5694012.f6 42f94610 043937 s ???????? 004 /wiki/JurorInnen
5694026.46 42f94608 043937 h ???????? 004 /wiki/MaxDolega
569405e.a1 42f94612 043937 s ???????? 004 /wiki/XingLe
569408e.a8 42f94606 043937 h ???????? 004 /wiki/LogoutClj
5694139.7d 42f9460a 043937 h ???????? 004 /wiki/ImmerDa
569415a.cc 42f9460a 043937 h ???????? 002 /wiki/BumsRico
569419b.c4 42f94610 043937 s ???????? 002 /wiki/EhsDresden
56941a1.8d 42f94606 043937 h ???????? 002 /wiki/MaxHeinze
56941b5.df 42f94610 043937 s ???????? 002 /wiki/UnTil2056
5694216.7d 9d37272b 6a88e8 h ???????? 012 /edit/104146013
569421f.a6 9d37272b 6a88e8 h ???????? 001 /edit/39886001
56942b9.31 3624966d 433e9c h ???????? 001 /robots.txt
56942b9.de 97502720 433e9c h ???????? 002 /wiki/PeerAcademy
5694302.37 b20cec7f ea3c0a h ???????? 011 /
5694302.cf b20cec7f 6c4fa8 h ???????? 001 /apple-touch-icon-152x152-precomposed.png
5694302.f6 b20cec7f 6c4fa8 h ???????? 001 /apple-touch-icon-152x152.png
5694303.17 b20cec7f 6c4fa8 h ???????? 001 /apple-touch-icon.png
5694303.3a b20cec7f 6c4fa8 h ???????? 001 /apple-touch-icon.png
5694303.5a b20cec7f 6c4fa8 h ???????? 001 /apple-touch-icon-precomposed.png
5694303.85 b20cec7f 6c4fa8 h ???????? 002 /favicon.ico
56943a7.82 8ab9a7c6 be37cc h ???????? 012 /
569444e.0d 42f9460a 043937 h ???????? 002 /wiki/WestWall
5694453.af b3628c09 be37cc h ???????? 016 /
5694457.de 42f94614 043937 s ???????? 003 /wiki/DbImmo
5694487.9e cf2e0d78 6a88e8 h ???????? 003 /wiki/InforMatik
569455c.d8 42f94610 043937 s ???????? 003 /wiki/BrainDrain
56946ae.04 42f9460a 043937 h ???????? 002 /wiki/PayPalClj
5694725.d0 42f9460a 043937 h ???????? 003 /wiki/JulianJaynes
569491a.7b 42f94606 043937 h ???????? 008 /wiki/EhsDresden
5694954.40 42f94606 043937 h ???????? 004 /wiki/JurorInnen
56949b9.57 cf2e0d78 6a88e8 h ???????? 002 /wiki/InforMatik
5694a89.0d 42f94610 043937 s ???????? 002 /wiki/FreistaatSachsen
5694b1c.71 42f94610 043937 s ???????? 002 /wiki/ExecutiveSummary
5694b8a.f4 42f94606 043937 h ???????? 003 /wiki/VorTrag
5694ba0.54 42f94606 043937 h ???????? 002 /wiki/GrossVolume
5694bc1.79 42f94610 043937 s ???????? 002 /wiki/GermanIsm
5694bc6.06 42f94610 622963 s ???????? 01b /
5694c6a.2e 42f942c6 043937 h ???????? 002 /wiki/FaveletClj
5694df2.c2 42f94610 043937 s ???????? 003 /wiki/HeadCam
5694e2c.ff 42f94610 043937 s ???????? 003 /wiki/LockBib
5694e65.88 42f94610 043937 s ???????? 001 /edit/201415015
5694f5f.8c 42f94614 043937 s ???????? 003 /wiki/CambridgeMa
5694ff4.87 5d5b019b cdfc4d h ???????? 01a /
5695161.2f 42f94608 622963 h ???????? 019 /
5695224.de b90a44ea 5e739d h ???????? 018 /
5695341.0e 67361c18 cdfc4d h ???????? 018 /
56953fb.77 cf2e0d78 6a88e8 h ???????? 003 /wiki/WikiWall
56955f9.e8 d9458f37 87563c h ???????? 002 /robots.txt
56955fd.25 d9458f3b 87563c h ???????? 003 /wiki/RealFilm
56956f0.1b c59b4276 cedf5c h ???????? 015 /
5695773.4f 42f94606 043937 h ???????? 003 /wiki/TertiumNonDatur
5695781.c6 42f94606 043937 h ???????? 002 /wiki/AlphaQuappe
5695797.37 2d04860a be37cc h ???????? 019 /
56958fb.46 cf2e0d78 6a88e8 h ???????? 003 /wiki/InterWiki
569591c.cd 42f94608 043937 h ???????? 002 /wiki/ItRs
569596c.e1 42f9460a 043937 h ???????? 002 /wiki/OnLine
5695a0c.02 42f9460a 043937 h ???????? 005 /wiki/MindScreen
5695abf.e6 42f9460a 043937 h ???????? 002 /wiki/FreistaatSachsen
5695ad4.6c 42f94606 043937 h ???????? 003 /wiki/JosephPaien
5695b13.be 893b439e 19c6c4 h ???????? 01b /
5695b57.00 42f94610 043937 s ???????? 003 /wiki/SpielPlatz
5695b5b.17 284da7cd 6a88e8 h ???????? 002 /wiki/ConStitucion
5695c52.87 42f94608 043937 h ???????? 004 /wiki/GmTZ7zxN
5695c8a.8a 42f94608 043937 h ???????? 003 /wiki/RobertCringelysFourPillars
5695c99.36 42f94608 043937 h ???????? 002 /wiki/CambridgeMa
5695ca0.bc 42f94606 043937 h ???????? 003 /wiki/DbImmo
5695d0e.2b 42f9460a 043937 h ???????? 004 /wiki/GeorgHolz
5695d98.09 42f9460a 043937 h ???????? 003 /wiki/UnTil2056
5695e51.f8 42f94606 043937 h ???????? 003 /wiki/ErikAndreowsky
569604e.4f 36a4006c df3de6 h ???????? 01d /
5696077.4d 42f9460a 043937 h ???????? 003 /wiki/PaulBarth
56960e1.c5 42f94608 043937 h ???????? 003 /wiki/KulturJournalismus
569613f.b0 42f94606 043937 h ???????? 003 /wiki/IWlW
56961c2.79 42f94606 043937 h ???????? 004 /wiki/ExecutiveSummary
56961f8.10 42f94606 043937 h ???????? 002 /wiki/PageNumber
56961f9.78 42f9592b 70a047 h ???????? 002 //rss.rdf
5696264.52 284da743 6a88e8 h ???????? 003 /wiki/ArthurCClarke
5696353.28 42f94610 622963 s ???????? 015 /
569639a.84 42f94608 043937 h ???????? 003 /wiki/TheWordInteresting
5696414.6a 42f9460a 043937 h ???????? 003 /wiki/AutomatingInvention
56964b7.5d 42f94606 043937 h ???????? 003 /wiki/CategoryNetworkSociety
569656a.4b 42f94608 043937 h ???????? 003 /wiki/VorBote
56965b5.9c 42f94608 622963 h ???????? 019 /
5696646.1b 42f9460a 043937 h ???????? 003 /wiki/WahrNehm
569665f.f4 bca5e9e4 e3b0c4 h ???????? 002 /robots.txt
5696662.26 bca5e9e4 36ad42 h ???????? 017 /
5696664.28 d8f442f3 2e51d1 h ???????? 002 /robots.txt
56966db.a7 d8f442f3 2e51d1 h ???????? 003 /wiki/BildungsBurg
5696722.18 42f94608 043937 h ???????? 004 /wiki/ConStitution
56967fe.60 42f94610 043937 s ???????? 003 /wiki/PageNumber
56968da.21 42f94606 043937 h ???????? 003 /wiki/ButterKeks
56968fa.22 42f9460a 043937 h ???????? 002 /wiki/AiXi
56969b6.0d 42f94608 043937 h ???????? 004 /wiki/RalphMerkle
5696a92.1b 42f94608 043937 h ???????? 004 /wiki/SubsumptionArchitectures
5696b6e.21 42f94608 043937 h ???????? 004 /wiki/SolvingCollectiveActionProblems
5696c4a.1b 42f94608 043937 h ???????? 003 /wiki/OptimisticEpistemologists
5696d09.c7 d9458f34 87563c h ???????? 002 /robots.txt
5696d10.73 d9458f38 87563c h ???????? 001 /hot
5696dde.63 42f94608 043937 h ???????? 004 /wiki/TrygveLie
5696e45.1e 42f9460a 043937 h ???????? 004 /wiki/SchulTag
5696f2a.70 42f9405b 043937 s ???????? 002 /robots.txt
5696f2a.b5 42f9405b 622963 s ???????? 017 /
5697010.a3 3cbf264d 24f5f0 h ???????? 017 /
5697056.0b 42f94606 043937 h ???????? 004 /wiki/AdolphMayer
5697073.fd 42f94608 043937 h ???????? 004 /wiki/JoeBiden
5697098.ee 42f94608 043937 h ???????? 004 /wiki/IrisBrosch
5697148.f4 a8018034 74bbda h ???????? 019 /
5697175.0e 42f94606 043937 h ???????? 003 /wiki/AcademiaVsNewMediaLinkBin
569717a.3e 8e04d774 e3b0c4 h ???????? 001 /robots.txt
569717d.86 8e04d774 d9ec50 h ???????? 024 /
569719c.39 2ee5a850 c89f4f h ???????? 003 /robots.txt
569719c.c0 2ee5a84d c89f4f h ???????? 004 /wiki/EtAl
5697243.12 5b794fb4 e3b0c4 h ???????? 002 /robots.txt
5697245.46 5b794fb4 2d2838 h ???????? 017 /
5697251.16 42f94608 043937 h ???????? 004 /wiki/BanKiMoon
5697331.b9 42f9460a 043937 h ???????? 004 /wiki/MarketForLemons
56973fa.b3 42f94059 043937 s ???????? 021 /
5697409.fd 42f9460a 043937 h ???????? 005 /wiki/PerSon
5697442.22 bca5e922 e3b0c4 h ???????? 002 /robots.txt
5697444.4f bca5e922 1200b3 h ???????? 01a /
5697464.33 ade8e30f a95ea1 h ???????? 002 //rss.rdf
5697522.d8 6bbf604a c1d740 h ???????? 002 //rss.rdf
569752a.8d cefda52b a95ea1 h ???????? 002 //rss.rdf
569775b.2f 12d112be 5ea825 s ???????? 019 /
569776e.2c 42f94608 043937 h ???????? 003 /wiki/HeadCam
5697786.0f 42f94058 043937 h ???????? 002 /robots.txt
5697786.65 42f9405c 043937 h ???????? 020 /
569778a.17 42f94608 043937 h ???????? 007 /wiki/LockBib
569778d.cf d8f442f3 2e51d1 h ???????? 002 /robots.txt
56978ab.6f d8f442f3 2e51d1 h ???????? 002 /opml.php
56979e3.85 42f94606 043937 h ???????? 005 /wiki/JeromeKerviel
5697a00.ab 5f6cb561 e4b041 h ???????? 002 /robots.txt
5697a04.7d 5f6cb561 e4b041 h ???????? 009 /wiki/<a%20class="blue"%20href="/wiki/BuergerInnen">BuergerInnen</a>
5697abe.97 42f94610 043937 s ???????? 002 /edit/208035002
5697c2a.97 42f94608 043937 h ???????? 004 /wiki/SithuUThant
5697e28.2c 42f9460a 043937 h ???????? 004 /wiki/BrainDrain
5697ea5.6c 42f94606 043937 h ???????? 004 /wiki/PolyTreu
5697ec3.97 42f94606 043937 h ???????? 003 /wiki/WorkArticulationTopologies
5698058.0c 25bb3842 e3b0c4 h ???????? 003 /robots.txt
569805a.3c 25bb3842 9b6b51 h ???????? 01b /
56980dc.1e 42f94606 043937 h ???????? 004 /wiki/StefanMueller
5698151.1e 42f9460a 043937 h ???????? 004 /wiki/DiegoMagro
5698292.79 42f94608 043937 h ???????? 004 /wiki/WolfgangGrupp
56982fe.81 55f8e3a5 13603e h ???????? 002 /deployment-config.json
5698360.18 42f94608 043937 h ???????? 004 /wiki/PlsEasyClassification
56983ba.51 42f94606 043937 h ???????? 004 /wiki/BanKimoon
5698420.b2 42f94606 043937 h ???????? 004 /wiki/TheEfficiencyQuestion
56984a3.1b 42f94606 043937 h ???????? 004 /wiki/ConStitution
56984bd.24 42f94608 043937 h ???????? 004 /wiki/JeanLucGodard
56984d7.c6 42f94614 043937 s ???????? 004 /wiki/SuperGeil
56984ec.05 42f94606 043937 h ???????? 004 /wiki/ZeroDefects
5698594.36 42f9460a 043937 h ???????? 003 /wiki/DeveloperSpectrum
56985b5.e3 73e7d862 2da35a h ???????? 002 /manager/html
56985d9.f0 42f94606 043937 h ???????? 004 /wiki/XianFa
56986a6.87 542a9dd6 702dd8 h ???????? 026 /
56986b7.4b bca5ea34 e3b0c4 h ???????? 002 /robots.txt
56986b9.87 bca5ea34 147e59 h ???????? 01a /
569870a.1e 42f94606 043937 h ???????? 004 /wiki/PythonBlackBoardArchitecture
56987bb.d3 42f9460a 043937 h ???????? 003 /up
56987ca.3d 42f94606 043937 h ???????? 003 /wiki/FixBugsFirst
5698846.32 42f9460a 043937 h ???????? 004 /wiki/CloudFee
569894a.f9 42f94608 043937 h ???????? 005 /wiki/RobbieSchingler
5698a63.2d 42f94606 043937 h ???????? 004 /wiki/GermanIsm
5698a79.71 42f94608 043937 h ???????? 003 /wiki/GottfriedWilhelmLeibniz
5698b1c.b1 c4342b34 c5c81c h ???????? 01b /
5698b95.d6 42f95927 70a047 h ???????? 003 //rss.rdf
5698b97.d6 42f94606 043937 h ???????? 002 /wiki/PhotoMask
5698c4b.b8 42f94608 043937 h ???????? 002 /wiki/ForexClj
5698c80.a4 42f94606 043937 h ???????? 003 /wiki/ActiveHelp
5698e46.98 42f94608 043937 h ???????? 003 /wiki/DerMannOhneGeheimnisse
5698e57.03 42f94608 043937 h ???????? 002 /wiki/SpielPlatz
5698f3d.17 42f9460a 043937 h ???????? 003 /wiki/KnowLedge
5698f72.b1 cf2e0dc6 6a88e8 h ???????? 005 /robots.txt
5698f74.f4 9d37279a 6a88e8 h ???????? 013 /
5699071.18 42f94608 043937 h ???????? 002 /wiki/SemanticTwitter
56990a6.50 42f94606 043937 h ???????? 002 /wiki/BirthOfTheSpreadsheet
56991b4.28 42f9460a 043937 h ???????? 003 /wiki/SemperPad
5699290.65 42f94608 043937 h ???????? 002 /wiki/DasExperiment
56992d2.32 42f9460a 043937 h ???????? 002 /wiki/KopfhoererParty
5699393.70 c16a1e63 b14930 h ???????? 011 /
56993b4.81 1716c9c4 0bc284 s ???????? 012 /
56993ff.53 42f94606 043937 h ???????? 002 /wiki/JohannaGundermann
5699454.fb 42f9460a 043937 h ???????? 003 /wiki/TwoHundredYearSoftware
56994dc.e1 42f94606 043937 h ???????? 002 /wiki/NothingToHide
569952b.3c 42f9460a 043937 h ???????? 003 /wiki/MichaelGenesereth
569965a.3c 42f94606 043937 h ???????? 008 /wiki/BitForce
56996cb.50 42f94606 043937 h ???????? 003 /wiki/CellularAutomata
56996d2.53 42f94606 043937 h ???????? 002 /wiki/SuperGeil
5699893.c5 5fa3ff71 399ff9 h ???????? 002 /robots.txt
5699894.b0 5fa3ff6c 399ff9 h ???????? 002 /wiki/WegenDir
569989e.56 5fa3ff73 399ff9 h ???????? 002 /wiki/536001
56998a6.3d 5fa3ff6d 399ff9 h ???????? 002 /wiki/KhBi
56998ac.d2 add0ce32 028fc4 h ???????? 002 /robots.txt
56998ad.17 5fa3ff76 399ff9 h ???????? 002 /wiki/ZuJung
56998af.6d add0ce32 028fc4 h ???????? 001 //rss.jsp
56998b2.b0 5fa3ff5c 399ff9 h ???????? 003 /wiki/OasIs
56998bf.cb 5fa3ff73 399ff9 h ???????? 002 /wiki/KreuzKirche
56998c7.06 5fa3ff70 399ff9 h ???????? 003 /wiki/LaufHaus
56998ce.78 5fa3ff6d 399ff9 h ???????? 008 /wiki/HaTa
56998d5.63 5fa3ff71 399ff9 h ???????? 003 /wiki/ThinkIn
56998de.80 5fa3ff6b 399ff9 h ???????? 023 /wiki/127001
56998e0.a1 42f94606 043937 h ???????? 002 /wiki/WipperFuerth
56998e2.ba 42f9460a 043937 h ???????? 002 /wiki/NearBy
56998e4.82 5fa3ff6c 399ff9 h ???????? 002 /wiki/LinieDrei
56998eb.81 5fa3ff68 399ff9 h ???????? 002 /wiki/TuerAn
5699925.dc bca5ea34 e3b0c4 h ???????? 002 /robots.txt
5699928.5e bca5ea34 147e59 h ???????? 02b /
56999ef.16 42f94608 622963 h ???????? 015 /
5699a01.02 42f94608 043937 h ???????? 003 /wiki/BehaviourDrivenProgramming
5699ac2.0f b20839a8 ea3c0a h ???????? 015 /
5699ac2.da b20839a8 6c4fa8 h ???????? 001 /apple-touch-icon-152x152-precomposed.png
5699ac3.05 b20839a8 6c4fa8 h ???????? 001 /apple-touch-icon-152x152.png
5699ac3.2b b20839a8 6c4fa8 h ???????? 002 /apple-touch-icon.png
5699ac3.51 b20839a8 6c4fa8 h ???????? 001 /apple-touch-icon.png
5699ac3.7f b20839a8 6c4fa8 h ???????? 001 /apple-touch-icon-precomposed.png
5699ac3.a7 b20839a8 6c4fa8 h ???????? 001 /favicon.ico
5699b9a.f9 42f9460a 043937 h ???????? 003 /wiki/AnhaltDessauAg
5699c5a.cf 42f94608 043937 h ???????? 003 /wiki/PolyTreu
5699c83.b0 b53047ba 19c6c4 h ???????? 016 /
5699ca5.57 42f94606 043937 h ???????? 002 /wiki/MNuUjap47
5699d58.84 42f94606 043937 h ???????? 003 /wiki/EdvDolmetscher
5699e44.43 42f94610 043937 s ???????? 014 /edit/196565003
5699e49.a0 42f94608 043937 h ???????? 002 /wiki/QqSk
5699ec1.83 42f94614 043937 s ???????? 003 /wiki/PlomWiki
5699f38.74 42f9460a 043937 h ???????? 003 /wiki/RoMa
5699f51.13 42f94608 043937 h ???????? 003 /wiki/LastWill
5699f8e.a9 42f94606 043937 h ???????? 002 /wiki/RobertDoorenbos
5699fb0.31 42f94606 043937 h ???????? 003 /wiki/PlomWiki
569a208.0d 42f94608 043937 h ???????? 003 /wiki/CategoryComputerScience
569a254.15 42f9460a 043937 h ???????? 004 /wiki/GsDd15
569a2b8.5c c61b5090 e3b0c4 h ???????? 001 /robots.txt
569a2ba.dd c61b5090 f7800e h ???????? 015 /
569a3ff.9f 42f94608 043937 h ???????? 003 /wiki/WikiAsSocialNetworkingSoftware
569a447.6b 42f94608 043937 h ???????? 009 /SingularChess
569a447.6c b9ed0929 be37cc h ???????? 016 /
569a459.1b 42f94608 043937 h ???????? 002 /wiki/ObenVorn
569a4d6.6e b20839a8 ea3c0a h ???????? 01a /
569a4dc.01 b20839a8 ea3c0a h ???????? 003 /feel/4
569a585.b8 42f9460a 043937 h ???????? 017 /
569a5d3.cc 42f94608 043937 h ???????? 003 /wiki/ShishirBharathi
569a5e3.16 42f9460a 043937 h ???????? 003 /wiki/RoMa
569a77e.1c 42f94608 043937 h ???????? 007 /wiki/GameTheoryAndTheSocialContract
569a7b6.6e b20839a8 ea3c0a h ???????? 015 /
569a7b7.4c b20839a8 6c4fa8 h ???????? 001 /apple-touch-icon-152x152-precomposed.png
569a7b7.75 b20839a8 6c4fa8 h ???????? 007 /apple-touch-icon-152x152.png
569a7b7.9c b20839a8 6c4fa8 h ???????? 002 /apple-touch-icon.png
569a7b7.c4 b20839a8 6c4fa8 h ???????? 001 /apple-touch-icon.png
569a7b7.ed b20839a8 6c4fa8 h ???????? 001 /apple-touch-icon-precomposed.png
569a7b8.16 b20839a8 6c4fa8 h ???????? 002 /favicon.ico
569a7ba.c7 b20839a8 ea3c0a h ???????? 006 /alive/4
569a7ba.d6 b20839a8 ea3c0a h ???????? 001 /feel/4
569a7be.d1 b20839a8 ea3c0a h ???????? 002 /alive/8
569a7be.dc b20839a8 ea3c0a h ???????? 002 /feel/8
569a7c6.d6 b20839a8 ea3c0a h ???????? 02c /alive/10
569a7c6.e9 b20839a8 ea3c0a h ???????? 016 /feel/10
569a83b.cb 42f94608 043937 h ???????? 003 /wiki/PeterSchulz
569a847.9f 42f94608 043937 h ???????? 003 /wiki/CabiNet
569a8b3.1f 42f94606 043937 h ???????? 003 /wiki/KenKaneiwa
569a8d8.0a 42f94606 043937 h ???????? 004 /wiki/ClaerchensTollshaus
569a90f.41 c4342b55 74bbda h ???????? 015 /
569a9ea.1c b20839a8 ea3c0a h ???????? 018 /
569a9ee.77 b20839a8 ea3c0a h ???????? 006 /alive/4
569a9ee.86 b20839a8 ea3c0a h ???????? 002 /feel/4
569aaef.8b d8f442f3 2e51d1 h ???????? 002 /robots.txt
569abd3.30 42f9460a 043937 h ???????? 003 /wiki/PeterMerel
569abe5.78 42f94608 043937 h ???????? 004 /wiki/BhangraVsAlQuaeda
569abef.c0 d8f442f3 2e51d1 h ???????? 003 /wiki/HasTalked
569ac38.1b b44c0f0c a04d28 h ???????? 031 /
569ac38.32 42f94608 043937 h ???????? 003 /wiki/ForkLiftsAndMicrophones
569ad4f.92 b20839a8 ea3c0a h ???????? 017 /
569ad50.39 b20839a8 6c4fa8 h ???????? 002 /apple-touch-icon-152x152-precomposed.png
569ad50.7e b20839a8 6c4fa8 h ???????? 002 /apple-touch-icon-152x152.png
569ad50.a6 b20839a8 6c4fa8 h ???????? 002 /apple-touch-icon.png
569ad50.cf b20839a8 6c4fa8 h ???????? 002 /apple-touch-icon.png
569ad50.f6 b20839a8 6c4fa8 h ???????? 002 /apple-touch-icon-precomposed.png
569ad51.1f b20839a8 6c4fa8 h ???????? 002 /favicon.ico
569ada2.94 42f9460a 043937 h ???????? 004 /wiki/PhilsInterests
569ade2.ad 6b963b62 028fc4 h ???????? 002 //robots.txt
569ade7.b9 6b963b62 028fc4 h ???????? 002 //rss.jsp
569adf9.e1 42f9460a 043937 h ???????? 004 /wiki/UpDa
569af79.64 42f94608 043937 h ???????? 004 /wiki/RaSa
569af8b.3d 42f94608 043937 h ???????? 003 /wiki/ApplicationProgrammingInterface
569b000.31 b20839a8 ea3c0a h ???????? 01a /
569b007.bf 42f94612 043937 s ???????? 01b /edit/190995007
569b039.06 42f9460a 043937 h ???????? 003 /wiki/KatjaMoosdorf
569b0a4.4b 42f94614 043937 s ???????? 017 /
569b160.71 b20839a8 ea3c0a h ???????? 022 /
569b161.63 b20839a8 6c4fa8 h ???????? 002 /apple-touch-icon-152x152-precomposed.png
569b161.a1 b20839a8 6c4fa8 h ???????? 002 /apple-touch-icon-152x152.png
569b161.cd b20839a8 6c4fa8 h ???????? 003 /apple-touch-icon.png
569b161.fc b20839a8 6c4fa8 h ???????? 002 /apple-touch-icon.png
569b162.2b b20839a8 6c4fa8 h ???????? 002 /apple-touch-icon-precomposed.png
569b162.59 b20839a8 6c4fa8 h ???????? 002 /favicon.ico
569b165.02 b20839a8 ea3c0a h ???????? 002 /feel/4
569b1af.23 42f9460a 043937 h ???????? 003 /wiki/SchickSaal
569b1bc.33 b20839a8 ea3c0a h ???????? 023 /
569b1c0.94 b20839a8 ea3c0a h ???????? 001 /alive/4
569b1c0.9e b20839a8 ea3c0a h ???????? 002 /feel/4
569b1c5.ed b20839a8 ea3c0a h ???????? 00a /feel/8
569b418.dd 42f9592b 70a047 h ???????? 003 //rss.rdf
569b44b.44 42f94606 043937 h ???????? 004 /wiki/EverySignalStartsAsNoise
569b7ae.a6 42f94606 043937 h ???????? 004 /wiki/FeminismAsSupersetOfSocialism
569b896.dd 42f94606 043937 h ???????? 004 /wiki/HuaLi
569b912.c2 42f94606 043937 h ???????? 004 /wiki/RadioTelevisionLuxembourg
569b923.2f 42f94612 622963 s ???????? 01a /
569b932.d6 42f94606 043937 h ???????? 005 /wiki/FabulousMonstersOfEconomicDebate
569ba8c.bc 42f94606 043937 h ???????? 004 /wiki/JeWus
569bae3.de 42f94606 043937 h ???????? 004 /wiki/SimonJupp
569bbde.40 42f94606 043937 h ???????? 004 /wiki/FanTi
569bccf.6e 42f94606 043937 h ???????? 004 /wiki/NozickCriticismOfPopper
569bd6f.c5 bcd5122d be37cc h ???????? 01e /
569be19.c1 42f94058 043937 h ???????? 019 /
569bff3.93 42f94606 043937 h ???????? 007 /wiki/QiuJI
569c11e.0f 5fa3ff60 399ff9 h ???????? 003 /robots.txt
569c12b.0d 5fa3ff6b 399ff9 h ???????? 004 /wiki/RaumPlan
569c13f.4b 5fa3ff74 399ff9 h ???????? 004 /wiki/RealFilm
569c151.38 5fa3ff70 399ff9 h ???????? 01b /
569c1cb.27 42f94614 043937 s ???????? 002 /edit/213065005
569c21a.9f 42f94608 043937 h ???????? 004 /wiki/ReNu
569c23a.41 42f94606 043937 h ???????? 003 /wiki/BigHealth
569c28d.6d 42f9460a 043937 h ???????? 004 /wiki/PartOf
569c310.30 42f9460a 622963 h ???????? 026 /
569c33a.16 42f94608 043937 h ???????? 004 /wiki/FabView
569c356.4a 42f94608 043937 h ???????? 008 /wiki/UrKuss
569c47f.b0 42f94606 043937 h ???????? 005 /wiki/ImPact
569c4a0.b2 42f94606 043937 h ???????? 004 /wiki/AvaTar
569c4e1.2f 42f9460a 043937 h ???????? 002 /wiki/BigFour
569c700.77 42f94606 043937 h ???????? 002 /wiki/YueLu
569c741.1e 42f94606 043937 h ???????? 002 /wiki/AmericanExistentialism
569c742.62 42f94606 043937 h ???????? 002 /wiki/ProGram
569c77e.24 42f94614 043937 s ???????? 079 /ls
569c7a9.1f 42f94610 043937 s ???????? 06d /hls
569c7d3.e2 42f94606 043937 h ???????? 002 /feel/
569c800.c4 42f94606 043937 h ???????? 001 /alive/
569c806.9a 42f94610 043937 s ???????? 018 /
569c820.c0 42f94606 043937 h ???????? 003 /wiki/AlanTuring
569c88f.88 42f9460a 043937 h ???????? 002 /wiki/HeadSet
569ca12.45 42f94608 043937 h ???????? 002 /wiki/LazinessImpatientHubris
569ca61.c5 d8f442f3 2e51d1 h ???????? 001 /robots.txt
569cae0.11 d8f442f3 2e51d1 h ???????? 002 /wiki/TineMisu
569caeb.21 6772680b ee113c h ???????? 012 /
569caeb.f8 6772680b ee113c h ???????? 001 //https://floatingboat2013.appspot.com
569caee.1a 6772680b ee113c h ???????? 003 //wiki/AlanTuring
569caf0.d8 6772680b ee113c h ???????? 002 //wiki/GottfriedWilhelmLeibniz
569caf1.f1 6772680b ee113c h ???????? 002 //https://floatingboat2013.appspot.com/UrPic
569caf3.bc 6772680b ee113c h ???????? 002 //https://floatingboat2013.appspot.com/ad
569caf5.14 6772680b ee113c h ???????? 001 //https://sl4.eu/hls
569caf6.63 6772680b ee113c h ???????? 002 //https://sl4.eu/ls
569caf7.94 6772680b ee113c h ???????? 001 //https://sl4.eu/sh
569caf8.9e 6772680b ee113c h ???????? 001 //https://www.youtube.com/watch
569cb21.9c d8f442f3 2e51d1 h ???????? 002 /wiki/OverBurden
569cb28.7e 9750276a 433e9c h ???????? 002 /wiki/PieschenTv
569cb5c.b7 511a8223 be37cc h ???????? 012 /
569cb69.ec d8f442f3 2e51d1 h ???????? 001 /edit
569cb7a.4f d8f442f3 2e51d1 h ???????? 001 /coPlatte_4845.jpg
569cc24.da c4342b5f 74bbda s ???????? 012 /
569cc3e.77 42f9460a 043937 h ???????? 002 /wiki/TechnologicalDeterminism
569cce1.1b cf2e0d78 6a88e8 h ???????? 003 /wiki/MindFloor
569cce8.88 9d37272b 6a88e8 h ???????? 002 /edit/34926001
569cd4e.ac 42f94608 043937 h ???????? 003 /wiki/PhilAgreOnSocialSkills
569cd57.fb 6c3b0846 028fc4 h ???????? 001 //robots.txt
569cd5c.96 6c3b0846 028fc4 h ???????? 014 /
569cd98.b4 42f9460a 043937 h ???????? 008 /wiki/SeLe
569cdb9.b8 42f9460a 043937 h ???????? 003 /wiki/WikiName
569cdd4.7b 42f94608 043937 h ???????? 003 /wiki/ParShip
569cea0.81 d8f442f3 2e51d1 h ???????? 003 /wiki/TineMisu
569cedd.5f d8f442f3 2e51d1 h ???????? 003 /wiki/OverBurden
569cf25.79 d8f442f3 2e51d1 h ???????? 002 /edit
569cf3a.85 284da743 6a88e8 h ???????? 003 /wiki/BildungsBurg
569cf3b.49 d8f442f3 2e51d1 h ???????? 006 /coPlatte_4845.jpg
569cf42.16 42f94608 043937 h ???????? 003 /wiki/TriGema
569cfec.27 42f9460a 043937 h ???????? 003 /wiki/AynRand
569d0ae.ed 42f9460a 043937 h ???????? 004 /wiki/BaseLog
569d0c8.f4 42f94608 043937 h ???????? 003 /wiki/DissipativeStructure
569d114.1b 3624947b 433e9c h ???????? 003 /wiki/WasaPlatz
569d1a9.ba 42f94608 043937 h ???????? 003 /wiki/PrimaryAndSecondaryMarkets
569d1ab.92 a936f459 74bbda s ???????? 01a /
569d1da.77 42f94606 043937 h ???????? 003 /wiki/GigaBit
569d1f4.14 42f94614 622963 s ???????? 019 /
569d226.ab 29d37d3e be37cc h ???????? 01a /
569d38e.22 42f94608 043937 h ???????? 003 /wiki/EmmaBovary
569d43b.56 b9ead96d c5e558 h ???????? 001 /wp-login.php
569d447.1c 3624943c 433e9c h ???????? 001 /edit/28436001
569d4b1.5d 42f94608 043937 h ???????? 003 /wiki/WaveTank
569d4f1.c5 284da743 6a88e8 h ???????? 003 /wiki/PeterHerchenbach
569d57a.b4 42f94608 043937 h ???????? 002 /wiki/CoolURIs
569d5a2.1f 36249535 433e9c h ???????? 002 /edit/29336001
569d5bf.10 42f94608 043937 h ???????? 003 /wiki/CostsBenefitsOfMetaProgramming
569d5c6.2a 2531e73a 9daa8f h ???????? 002 /cfg/aastra.cfg
569d5c6.2b 2531e73a 9daa8f h ???????? 002 /ipeconfig/aastra.cfg
569d5c6.ee 2531e73a 9daa8f h ???????? 002 /AASTRA/aastra.cfg
569d5c6.f3 2531e73a 9daa8f h ???????? 002 /aastra/aastra.cfg
569d5c7.2c 2531e73a 9daa8f h ???????? 00a /provision/aastra.cfg
569d5c7.2e 2531e73a 9daa8f h ???????? 006 /prov/aastra.cfg
569d5c7.64 42f94606 043937 h ???????? 008 /wiki/CoWorkingDresden
569d5c7.67 2531e73a 9daa8f h ???????? 002 /provisioning/aastra.cfg
569d5db.77 36249470 433e9c h ???????? 001 /edit/31126001
569d6a6.fe b9ead96d 0805c1 h ???????? 002 /wp-login.php
569d6be.46 8acc8743 19c6c4 h ???????? 024 /
569d6ea.9e 42f9460a 622963 h ???????? 01a /
569d724.19 42f94608 043937 h ???????? 003 /wiki/UserOwned
569d7aa.ab 36249428 433e9c h ???????? 002 /edit/24416002
569d8b2.67 42f94606 043937 h ???????? 004 /wiki/WachAuf
569d99c.03 42f9460a 043937 h ???????? 009 /wiki/DesignForGuiltlessness
569d9cb.bf 42f94608 043937 h ???????? 004 /wiki/PreDictDe
569d9f6.0b 42f94608 043937 h ???????? 003 /wiki/NettDenken
569da13.4d 42f94608 043937 h ???????? 003 /wiki/ImplicationsForCAPTheory
569da15.ef 3624940f 433e9c h ???????? 002 /edit/22236005
569da3b.e0 42f94608 043937 h ???????? 003 /wiki/MarktPotential
569da5c.18 42f94606 043937 h ???????? 003 /wiki/HappiNess
569da78.14 42f94606 043937 h ???????? 003 /wiki/FinanzKalkulation
569da9c.ac 42f94608 043937 h ???????? 003 /wiki/GeneticAlgorithms
569dac7.1e 42f94606 043937 h ???????? 007 /wiki/LeistungsDefinition
569daf7.5b 42f95929 70a047 h ???????? 002 //rss.rdf
569db24.96 42f94608 043937 h ???????? 004 /wiki/WortStamm
569db63.e8 42f94608 043937 h ???????? 003 /wiki/WettbewerbsSituation
569db7b.1d 36249420 433e9c h ???????? 002 /wiki/ProJect
569dbdb.b3 42f9460a 043937 h ???????? 004 /wiki/QuestionMarkCount
569dbe1.47 42f94610 043937 s ???????? 017 /
569dcca.5d 42f94608 043937 h ???????? 005 /wiki/WikiLog
569dd37.31 36249459 433e9c h ???????? 003 /wiki/JohannKoenitz
569dd40.25 42f94608 043937 h ???????? 004 /wiki/MarketingKonzept
569dd65.cf 42f94608 043937 h ???????? 003 /wiki/RaumPlan
569dddc.30 36249536 433e9c h ???????? 002 /wiki
569ddf2.86 42f9460a 043937 h ???????? 004 /wiki/LifeDay16340
569dfa9.da 2ee5a84a c89f4f h ???????? 003 /robots.txt
569e092.46 42f94608 043937 h ???????? 004 /wiki/GerdFaltings
569e094.ee 36249477 433e9c h ???????? 008 /edit/22346001
569e14c.61 42f9460a 043937 h ???????? 004 /wiki/UrsulaVonDerLeyen
569e1a2.41 284da743 6a88e8 h ???????? 003 /wiki/NamedAfter
569e295.ba d06e5d4e 028fc4 s ???????? 002 /robots.txt
569e2ab.56 42f9460a 043937 h ???????? 003 /wiki/AppScale
569e44f.ef 2ee5a851 c89f4f h ???????? 002 /robots.txt
569e450.58 2ee5a849 c89f4f h ???????? 003 /wiki/WikiMind
569e492.6b 42f9460a 043937 h ???????? 003 /wiki/ZugWiki
569e501.71 a2d2c462 028fc4 h ???????? 002 /robots.txt
569e503.8c a2d2c462 028fc4 h ???????? 01e /
569e551.f5 42f94610 043937 s ???????? 019 /edit/194495001
569e555.66 cf2e0dc5 6a88e8 h ???????? 002 /robots.txt
569e559.6d cf2e0d78 6a88e8 h ???????? 002 /BlockTime
569e564.4f 36249421 433e9c h ???????? 002 /edit/28306002
569e56a.85 42f94614 043937 s ???????? 002 /UrPic
569e5b7.4c 362494cb 433e9c h ???????? 004 /wiki/
569e5ce.31 42f94614 622963 s ???????? 031 /
569e668.89 57fae0d5 e4b041 h ???????? 002 /robots.txt
569e66c.51 57fae0d5 e4b041 h ???????? 023 /
569e66f.79 42f94608 043937 h ???????? 003 /wiki/FutureMap
569e728.50 42f94608 043937 h ???????? 003 /arb
569e74b.a2 3624951f 433e9c h ???????? 002 /edit/24926002
569e86f.c5 3624944f 433e9c h ???????? 004 /wiki/AlphaForce
569e875.39 5be92ef7 19c6c4 h ???????? 01f /
569e8fd.f1 42f94608 043937 h ???????? 004 /wiki/OpenBook
569e9fa.b6 36249424 433e9c h ???????? 002 /edit/27546001
569eac5.13 42f94608 622963 h ???????? 021 /
569eb6b.3c 42f94606 043937 h ???????? 004 /wiki/BuergerVersammlung
569eb94.20 36249486 433e9c h ???????? 004 /wiki/WikiPage
569ebca.94 42f9460a 043937 h ???????? 003 /wiki/SvnUser
569ed54.ab bb78871a cdfc4d h ???????? 011 /
569edd6.46 42f9460a 043937 h ???????? 002 /wiki/BeWusst
569eefb.a0 858274ad 371ef8 h ???????? 002 //wiki/RalfLippold
569efbb.cb 42f9405a 043937 h ???????? 013 /
569f032.fd 42f9460a 043937 h ???????? 003 /wiki/GeSell
569f087.9e 36249483 433e9c h ???????? 002 /wiki/MindEis
569f0d2.ec 42f9460a 043937 h ???????? 002 /wiki/LockBadrum
569f147.21 42f9460a 043937 h ???????? 002 /wiki/TheOne
569f19b.ce 42f94608 043937 h ???????? 002 /wiki/VerTrauen
569f275.0b cf2e0d78 6a88e8 h ???????? 002 /wiki/PowerWomenCoach
569f285.4b ad499729 55f5b7 s ???????? 011 /
569f2d0.2c 3624950f 433e9c h ???????? 002 /wiki/WortSchatz
569f481.62 9d37272b 6a88e8 h ???????? 007 /wiki/AriadneFaden
569f4b2.3f 42f94612 043937 s ???????? 012 /
569f527.8c 36249543 433e9c h ???????? 003 /wiki/BeatriceBaranov
569f538.46 362494a6 433e9c h ???????? 001 /wiki/ElonMusk
569f715.47 42f94614 043937 s ???????? 001 /edit/209825001
569f721.14 284da7b5 6a88e8 h ???????? 002 /wiki/RoMa
569f94a.a8 42f9460a 043937 h ???????? 003 /wiki/ToShareIsToGain
569f97d.8d 4706e807 7404fb s ???????? 011 /
569f988.11 42f951e7 002725 h ???????? 001 /favicon.ico
569fa13.0f 42f9460a 043937 h ???????? 002 /wiki/CornellEdu
569fb21.a1 284da7b5 6a88e8 h ???????? 002 /wiki/VorLesung
569fbf7.91 42f94606 043937 h ???????? 003 /wiki/ErdApfel
569fd29.6a 362494bb 433e9c h ???????? 003 /wiki/EdgarSchein
569fd53.5c 3624949f 433e9c h ???????? 002 /edit/22266001
569fe06.a5 3624942a 433e9c h ???????? 002 /edit/23706002
569fe46.48 cf2e0d78 6a88e8 h ???????? 002 /wiki/WolfgangReitzle
569fe97.96 36249547 433e9c h ???????? 001 /edit/23806001
569fe9f.81 42f94614 622963 s ???????? 013 /
569ff66.8d 42f94608 043937 h ???????? 003 /wiki/MapReduce
569ff7b.2f 42f94606 043937 h ???????? 002 /wiki/RePresent
