56b00fd.00 362494fc 433e9c h ???????? 004 /wiki/PlanetErde
56b01ad.ed 4706e804 7404fb h ???????? 01d /
56b03ba.ce 42f9404a 043937 h ???????? 001 /earth
56b03eb.2e 36249418 433e9c h ???????? 001 /edit/29186009
56b056c.32 284da743 6a88e8 h ???????? 004 /wiki/GooglePlus
56b0571.5f 284da74a 6a88e8 h ???????? 020 /
56b0571.a3 284da74a 6a88e8 h ???????? 026 /
56b0575.a0 cf2e0d1e 6a88e8 h ???????? 003 /wiki/BikeCount
56b0575.e7 cf2e0d1e 6a88e8 h ???????? 003 /wiki/HosenTasche
56b0613.d8 36249510 433e9c h ???????? 003 /wiki/PsychischeGesundheit
56b0702.16 362494d2 433e9c h ???????? 002 /edit/30846002
56b07a7.79 42f94052 043937 s ???????? 003 /wiki/LaHi
56b0819.b8 cf2e0d1e 6a88e8 h ???????? 002 /edit/42546011
56b0ad4.42 42f94048 043937 h ???????? 004 /wiki/CarlEinert
56b0ad8.05 42f94048 043937 h ???????? 002 /wiki/ToKyo
56b0bf1.81 42f94048 043937 h ???????? 003 /wiki/AndreasPoldrack
56b0c20.f7 7ae40a32 24f5f0 h ???????? 01a /
56b0c48.e9 42f9404a 043937 h ???????? 004 /wiki/OttoLoth
56b0c49.35 42f9404a 043937 h ???????? 003 /wiki/KlaxDollar
56b0d79.3f 42f94048 043937 h ???????? 004 /wiki/WilhelmErb
56b0de5.c0 42f9404a 043937 h ???????? 003 /wiki/ArminTrubiger
56b0f20.97 4f7f20ba cedf5c h ???????? 01f /
56b0fa9.c3 284da74a 6a88e8 h ???????? 002 /edit/39236007
56b0fd1.ef 5f6cb561 e4b041 h ???????? 002 /robots.txt
56b0fd5.b6 5f6cb561 e4b041 h ???????? 01a /1
56b1086.73 362494ba 433e9c h ???????? 004 /wiki/XiNao
56b10dd.fd 42f94054 043937 s ???????? 003 /wiki/JfSc
56b1178.ce cf2e0d1e 6a88e8 h ???????? 004 /wiki/MenschMaschinenMensch
56b117b.4d 36249430 433e9c h ???????? 002 /edit/27866003
56b1203.96 362494f1 433e9c h ???????? 002 /edit/22006002
56b14b0.cc 6e4db729 cdfc4d h ???????? 01b /
56b14d1.97 42f94048 043937 h ???????? 003 /wiki/GustavHeller
56b15a8.e3 36249527 433e9c h ???????? 004 /wiki/BusinessModel
56b16a5.6f 42f94046 043937 h ???????? 002 /wiki/MaxVerse
56b1707.e5 3624947a 433e9c h ???????? 002 /wiki/CxCr4
56b1774.d9 be98134e cdfc4d h ???????? 012 /
56b1a2b.88 42f94054 043937 s ???????? 002 /wiki/HaJo
56b1c9b.a8 42f94052 043937 s ???????? 001 /edit/202415002
56b1e59.99 36249414 433e9c h ???????? 002 /edit/22346002
56b1f34.be 36249448 433e9c h ???????? 001 /edit/27146001
56b2130.cf 42f9404a 043937 h ???????? 002 /wiki/PaulSick
56b2222.be 4246b1da 0da4cc h ???????? 002 /wiki/StartUpSimDe
56b2223.fb 4246b1da 8c5574 h ???????? 002 /wiki/StartUpSimDe
56b2271.1a 42f94054 043937 s ???????? 003 /wiki/ChMo
56b229e.e8 284da743 6a88e8 h ???????? 001 /edit/29596001
56b231c.78 36249487 433e9c h ???????? 002 /edit/8956001
56b23a7.11 cf2e0d1e 6a88e8 h ???????? 002 /wiki/ConStitucion
56b23ec.88 42f95987 70a047 h ???????? 001 //rss.rdf
56b255a.23 42f94048 043937 h ???????? 002 /wiki/AugustHahn
56b2642.7d 284da74a 6a88e8 h ???????? 003 /wiki/DeutschLand
56b2668.3e d5efd2f9 4f089e h ???????? 014 /
56b2668.63 d5efd2f9 4f089e h ???????? 011 /
56b2668.87 d5efd2f9 4f089e h ???????? 016 /
56b2668.be d5efd2f9 4f089e h ???????? 032 /
56b2668.eb d5efd2f9 4f089e h ???????? 001 //robots.txt
56b2669.0c d5efd2f9 4f089e h ???????? 001 //sitemap.xml
56b2733.cd 42f9404a 043937 h ???????? 003 /wiki/SpaceTravel
56b2735.0c 42f94048 043937 h ???????? 002 /wiki/AlbertBlasse
56b273e.9b 42f94046 043937 h ???????? 002 /wiki/ChiemGauer
56b2754.9f 362494c3 433e9c h ???????? 001 /edit/24746001
56b27ee.1b 284da74a 6a88e8 h ???????? 002 /edit/34926001
56b283b.cf 284da743 6a88e8 h ???????? 001 /edit/2103001
56b289c.a9 42f94046 043937 h ???????? 002 /wiki/EduardKonig
56b291c.2f 42f94046 043937 h ???????? 002 /wiki/OttoDelitsch
56b2963.b5 36249558 433e9c h ???????? 003 /wiki/WahrSchein
56b296f.7c 3624945a 433e9c h ???????? 001 /edit/21376002
56b29cd.ba 3624945b 433e9c h ???????? 001 /edit/27866004
56b2b83.68 cf2e0d1e 6a88e8 h ???????? 003 /wiki/QuantifiedMind
56b2ba9.5b 42f94054 043937 s ???????? 002 /wiki/SiBe
56b2bbc.da 42f94048 043937 h ???????? 002 /wiki/KartoGraph
56b2c1b.be 42f94048 043937 h ???????? 003 /wiki/AntonHuber
56b2d9b.d9 42f94046 043937 h ???????? 003 /wiki/PaulHarzer
56b2ddf.39 cf2e0dc5 6a88e8 h ???????? 006 /robots.txt
56b2de7.08 284da74a 6a88e8 h ???????? 002 /wiki/AriadneFaden
56b2e41.06 42f94046 043937 h ???????? 003 /wiki/MindBaseClj
56b2e5e.6f 42f94046 043937 h ???????? 002 /wiki/SteckDosen
56b2e84.5d 36249480 433e9c h ???????? 002 /wiki/ConTainer
56b2e9b.ab 3624946b 433e9c h ???????? 003 /wiki/WindelWelt
56b2e9d.bb c73a56d3 028fc4 h ???????? 001 /robots.txt
56b2e9f.a4 c73a56d3 028fc4 h ???????? 013 /
56b2ec8.6a 284da769 6a88e8 h ???????? 002 /blobs
56b2f0d.ff 42f94048 043937 h ???????? 003 /wiki/FrantsBuhl
56b2f28.30 d9458f2b 87563c h ???????? 001 /robots.txt
56b2f2e.ed d9458f33 87563c h ???????? 001 /NoOs
56b2f4a.93 42f9404a 043937 h ???????? 003 /wiki/ErichEbstein
56b2fae.82 36249509 433e9c h ???????? 001 /edit/29076003
56b3019.d5 42f94046 043937 h ???????? 003 /wiki/ZwicKau
56b302d.73 42f94046 043937 h ???????? 003 /wiki/KarlBrauer
56b315d.de 42f94048 043937 h ???????? 003 /wiki/GustavBerndt
56b3222.ca 284da74a 6a88e8 h ???????? 016 /edit/104146013
56b3291.77 42f9404a 043937 h ???????? 003 /wiki/WalterGoetz
56b3373.ad 42f94046 043937 h ???????? 003 /wiki/LutherKirche
56b337f.3e 42f94048 043937 h ???????? 003 /wiki/CarlHaubold
56b33c4.e1 42f94046 043937 h ???????? 003 /wiki/ErichKrenkel
56b33c8.29 42f94048 043937 h ???????? 002 /wiki/RichardHagen
56b340e.f4 42f94052 043937 s ???????? 003 /wiki/PeTh
56b34bf.bc 42f94048 043937 h ???????? 004 /wiki/HasTalkedTo
56b3513.71 42f94048 043937 h ???????? 003 /wiki/AdolfBirch
56b355b.78 42f94048 043937 h ???????? 002 /wiki/AlfredGitzen
56b35e1.ce 5fa3ff74 399ff9 h ???????? 002 /robots.txt
56b35e9.96 5fa3ff5e 399ff9 h ???????? 023 /
56b3648.d3 42f94048 043937 h ???????? 003 /wiki/HansHeld
56b3690.ed 42f9404a 043937 h ???????? 003 /wiki/OttoHolder
56b36df.b0 362494f0 433e9c h ???????? 001 /edit/23656002
56b3943.aa 42f94048 043937 h ???????? 003 /wiki/UrstromTaler
56b394a.20 42f94048 043937 h ???????? 001 /robots.txt
56b39bb.48 42f9404a 043937 h ???????? 003 /wiki/LifeDay16341
56b3b48.ca 42f94048 043937 h ???????? 01b /
56b3b50.b7 36249412 433e9c h ???????? 003 /wiki/LockPresentation
56b3b92.19 3624950f 433e9c h ???????? 014 /edit/19136001
56b3b94.bd 36249511 433e9c h ???????? 002 /edit/27266003
56b3bb4.13 42f94048 043937 h ???????? 003 /wiki/RobertKlee
56b3bd6.23 42f94048 043937 h ???????? 002 /wiki/ErnstKormann
56b3bf9.27 42f94046 043937 h ???????? 002 /wiki/VictorJacobi
56b3cbe.cc 42f94052 043937 s ???????? 003 /wiki/LockOffice
56b3ccb.21 42f94046 043937 h ???????? 002 /wiki/OttoJahn
56b3d2b.8b 3624952d 433e9c h ???????? 002 /css
56b3d30.e8 42f94052 043937 s ???????? 002 /wiki/HeEg
56b3d47.d3 42f94048 043937 h ???????? 004 /wiki/SemanticsOfProgrammingEnvironments
56b3d87.9a 42f9404a 043937 h ???????? 003 /wiki/FranzKossmat
56b3da4.71 67cf2699 ee113c h ???????? 020 /
56b3da5.73 67cf2699 ee113c h ???????? 001 //https://floatingboat2013.appspot.com
56b3da6.9a 67cf2699 ee113c h ???????? 003 //wiki/AlanTuring
56b3da7.d0 67cf2699 ee113c h ???????? 003 //wiki/GottfriedWilhelmLeibniz
56b3dab.7f 67cf2699 ee113c h ???????? 002 //https://floatingboat2013.appspot.com/UrPic
56b3dac.77 67cf2699 ee113c h ???????? 007 //https://floatingboat2013.appspot.com/ad
56b3dad.8e 67cf2699 ee113c h ???????? 001 //https://sl4.eu/hls
56b3dae.6e 67cf2699 ee113c h ???????? 002 //https://sl4.eu/ls
56b3daf.72 67cf2699 ee113c h ???????? 002 //https://sl4.eu/sh
56b3db1.34 67cf2699 ee113c h ???????? 002 //https://www.youtube.com/watch
56b3ef8.56 42f9404a 043937 h ???????? 004 /wiki/RogerShank
56b3f11.4b 42f94046 043937 h ???????? 003 /wiki/PoliticalBlogosphere
56b4022.2c 42f94054 043937 s ???????? 002 /edit/209055002
56b4050.46 42f9404a 043937 h ???????? 003 /wiki/GyorgyLigeti
56b405d.27 42f94048 043937 h ???????? 008 /wiki/KarlBucher
56b40ca.ba 42f9404a 043937 h ???????? 003 /wiki/PaulAlthaus
56b413f.a4 42f94048 043937 h ???????? 004 /wiki/ArnoBecker
56b4186.cd 42f9404a 043937 h ???????? 003 /wiki/MaxEckert
56b41a7.1e 42f9404a 043937 h ???????? 003 /wiki/AugustFoppl
56b41c1.97 42f94046 043937 h ???????? 003 /wiki/EmilStrohal
56b41cd.f2 36249435 433e9c h ???????? 002 /edit/29986007
56b427c.15 42f94048 043937 h ???????? 004 /wiki/ConFidential
56b43b4.ba 362494b5 433e9c h ???????? 002 /edit/24016005
56b43e3.fb 42f94046 043937 h ???????? 003 /wiki/KeineAngst
56b43e9.58 42f94046 043937 h ???????? 004 /wiki/HugoDippe
56b44ee.a6 42f94048 043937 h ???????? 004 /wiki/InquisiTion
56b4515.55 42f94046 043937 h ???????? 003 /wiki/MaxHeinze
56b4516.85 42f94048 043937 h ???????? 003 /wiki/EricPoscher
56b45d1.eb 42f94054 043937 s ???????? 003 /wiki/CoDr
56b4642.f0 42f94046 043937 h ???????? 004 /wiki/ScreenR
56b4785.6a 42f94046 043937 h ???????? 004 /wiki/GeorgHanssen
56b4829.67 42f94046 043937 h ???????? 004 /wiki/AxelHarnack
56b483b.5b 42f9404a 043937 h ???????? 004 /wiki/AlbertDahms
56b4899.68 362494c6 433e9c h ???????? 003 /edit/23666001
56b4993.23 42f94048 043937 h ???????? 004 /wiki/GrenzWert
56b4a5d.6d 42f94048 043937 h ???????? 004 /wiki/PaulFraisse
56b4b37.8b 42f9404a 043937 h ???????? 004 /wiki/TineRoyal
56b4bb6.c7 42f94046 043937 h ???????? 005 /wiki/JuliusWagner
56b4be9.ae cf2e0d1e 6a88e8 h ???????? 003 /wiki/BauchTanz
56b4c24.6b 42f94048 043937 h ???????? 004 /wiki/SmartChefin
56b4c3a.7b 52923efb e961d1 h ???????? 01a /
56b4c3a.b5 52923efb e961d1 h ???????? 002 /license.php
56b4c3a.e7 52923efb e961d1 h ???????? 003 /license.php
56b4c40.7a 42f94048 043937 h ???????? 004 /wiki/OttoKuhn
56b4c48.58 42f95987 70a047 h ???????? 002 //rss.rdf
56b4e4a.11 42f9404a 043937 h ???????? 006 /wiki/AlbertLiebner
56b4ec9.13 42f94054 043937 s ???????? 004 /wiki/WeWa
56b4f34.40 42f94046 043937 h ???????? 005 /wiki/RaoulRichter
56b4fb5.2e 42f9404a 043937 h ???????? 003 /wiki/RudolfBohm
56b500b.4f 42f94046 043937 h ???????? 001 //.View
56b5037.4e 362494b4 433e9c h ???????? 001 /edit/6046001
56b506f.bf 42f94046 043937 h ???????? 003 /wiki/ErnstWindisch
56b50a2.e1 42f94048 043937 h ???????? 002 /wiki/WorldEconomy
56b5110.34 42f9404a 043937 h ???????? 002 /wiki/DirkSpannaus
56b5135.d0 42f9404a 043937 h ???????? 005 //&
56b51e5.9a 42f94052 043937 s ???????? 001 /lure
56b5222.17 42f94046 043937 h ???????? 006 /wiki/BastiHirsch
56b5222.19 42f94046 043937 h ???????? 001 /robots.txt
56b530e.4a 42f94048 043937 h ???????? 003 /wiki/KarlBinding
56b5331.41 98f96b19 be37cc h ???????? 012 /
56b53af.d7 d07c6f10 be37cc h ???????? 012 /
56b53c5.b6 42f94046 043937 h ???????? 003 /wiki/LockMontagsKreis
56b5482.1d 42f94048 043937 h ???????? 003 /wiki/TestosteroneLevel
56b5488.b4 284da743 6a88e8 h ???????? 002 /wiki/GooglePlus
56b551a.c3 42f94046 043937 h ???????? 003 /wiki/SocialText
56b5576.c3 36249447 433e9c h ???????? 001 /edit/22136002
56b558a.96 42f94046 043937 h ???????? 003 /wiki/HeinrichLey
56b55f6.7a 362494f2 433e9c h ???????? 002 /edit/28346001
56b56de.b9 42f94054 043937 s ???????? 003 /wiki/RinKa
56b571d.86 284da743 6a88e8 h ???????? 013 /edit/103676003
56b581c.b3 42f94054 043937 s ???????? 003 /wiki/BaOb
56b5826.20 c2bbaa77 ac35e0 h ???????? 001 //robots.txt
56b5826.44 c2bbaa77 ac35e0 h ???????? 002 /wiki/SingularAcademy
56b59ba.c7 67595b9d ee113c h ???????? 021 /
56b59bb.c8 67595b9d ee113c h ???????? 001 //https://floatingboat2013.appspot.com
56b59bc.9a 67595b9d ee113c h ???????? 002 //wiki/AlanTuring
56b59be.a5 67595b9d ee113c h ???????? 002 //wiki/GottfriedWilhelmLeibniz
56b59bf.9c 67595b9d ee113c h ???????? 001 //https://floatingboat2013.appspot.com/UrPic
56b59c0.71 67595b9d ee113c h ???????? 002 //https://floatingboat2013.appspot.com/ad
56b59c1.60 67595b9d ee113c h ???????? 001 //https://sl4.eu/hls
56b59c2.a9 67595b9d ee113c h ???????? 001 //https://sl4.eu/ls
56b59c3.77 67595b9d ee113c h ???????? 001 //https://sl4.eu/sh
56b59c4.62 67595b9d ee113c h ???????? 001 //https://www.youtube.com/watch
56b5b12.fb 3624949f 433e9c h ???????? 003 /wiki/HassoPlattner
56b5bd8.9d 5fa3ffab 399ff9 h ???????? 002 /robots.txt
56b5bd9.d6 5fa3ffc4 399ff9 h ???????? 002 /wiki/EvThomas
56b5c68.05 42f9404a 043937 h ???????? 002 /wiki/HugoRiemann
56b5c9e.03 cf2e0d1e 6a88e8 h ???????? 003 /wiki/VorLesung
56b5db3.47 5857a0af 702dd8 h ???????? 019 /
56b5f06.1b 36249474 433e9c h ???????? 013 /edit/18796001
56b5fca.82 42f94048 043937 h ???????? 003 /wiki/DisAgree
56b5ff3.90 42f9404a 043937 h ???????? 002 /wiki/PaulSchuster
56b605f.72 42f94046 043937 h ???????? 003 /wiki/OttoEger
56b6076.a3 42f94052 043937 s ???????? 002 /wiki/ChSc
56b60d7.02 42f9404a 043937 h ???????? 003 /wiki/FlygPlan
56b6194.0b 42f9404a 043937 h ???????? 003 /wiki/JuliusBeloch
56b61cb.88 cf2e0d1e 6a88e8 h ???????? 003 /wiki/RainerWasserfuhrStirbt
56b61d0.62 284da74a 6a88e8 h ???????? 003 /wiki/RaiNer
56b6266.c8 113a676c 4d4314 h ???????? 007 /robots.txt
56b6267.10 113a676c 4d4314 h ???????? 019 /1
56b62ae.d4 42f9404a 043937 h ???????? 003 /wiki/JamesDavies
56b62c5.9e 42f94048 043937 h ???????? 003 /wiki/CarlChun
56b62ff.19 36249515 433e9c h ???????? 002 /edit/27116001
56b6368.b0 05ea8fa8 cedf5c h ???????? 01e /
56b6399.81 42f94046 043937 h ???????? 003 /wiki/ArthurGolf
56b63a8.ef 42f94054 043937 s ???????? 013 /edit/196455006
56b63f1.d8 42f94046 043937 h ???????? 01c /
56b6406.1c 42f94046 043937 h ???????? 003 /wiki/GeorgPerthes
56b6489.9e 42f94048 043937 h ???????? 003 /wiki/GeorgErler
56b6495.45 284da769 6a88e8 h ???????? 014 /edit/114656001
56b6523.9b 42f94046 622963 h ???????? 014 /
56b65fd.8e 42f9404a 043937 h ???????? 003 /wiki/InterTwin
56b664c.05 b44c0f98 a04d28 h ???????? 015 /
56b6691.4e 36249513 433e9c h ???????? 003 /wiki/HalteStelleU
56b66a9.bb 284da789 6a88e8 h ???????? 003 /wiki/BildungsBurg
56b66af.b3 42f9404a 043937 h ???????? 003 /wiki/RinKa
56b66db.53 42f94054 043937 s ???????? 002 /wiki/FruchtBlase
56b673f.2b 42f9404a 043937 h ???????? 004 /wiki/ChristianRau
56b6762.08 36249463 433e9c h ???????? 001 /edit/30936002
56b6850.30 42f94046 043937 h ???????? 003 /wiki/LocalMaximum
56b68a1.78 42f94054 043937 s ???????? 015 /
56b69bb.94 42f94054 043937 s ???????? 003 /wiki/ChDr
56b6a55.60 c0f1da06 ef60d6 h ???????? 015 /
56b6bd7.39 42f94046 043937 h ???????? 004 /wiki/EwaldHering
56b6c98.2c d8f442f3 2e51d1 h ???????? 002 /robots.txt
56b6ca7.9c 5fa3ffab 399ff9 h ???????? 002 /robots.txt
56b6ca8.dd 5fa3ffa8 399ff9 h ???????? 003 /wiki/HagenStanek
56b6cee.e2 42f940d8 043937 h ???????? 002 /robots.txt
56b6cef.1b 42f940d8 043937 h ???????? 01b /
56b6d0d.a9 d8f442f3 2e51d1 h ???????? 003 /wiki/FosterSchucker
56b6e7c.2b 42f94046 043937 h ???????? 004 /wiki/HermanRiegel
56b6f09.ad c95d970e cedf5c h ???????? 01e /
56b6f0f.c5 42f94046 043937 h ???????? 003 /wiki/KarlFisch
56b6f4a.f1 42f9404a 043937 h ???????? 003 /wiki/KeimZelle
56b6f52.3e cf2e0d1e 6a88e8 h ???????? 004 /wiki/CraigKriek
56b6f6b.d6 362494db 433e9c h ???????? 004 /wiki/ContainerRevolution
56b702d.45 b44c0f13 fa643b h ???????? 007 /robots.txt
56b702d.47 b44c0f0e fa643b h ???????? 002 /robots.txt
56b7031.d4 42f9404a 043937 h ???????? 004 /wiki/RudolfMetzner
56b70a4.94 b44c0f22 a04d28 h ???????? 016 /
56b70c6.eb 501b2e3f 19c6c4 h ???????? 016 /
56b70d0.4c 42f94050 043937 s ???????? 002 /food
56b714b.62 53aee6c9 cedf5c h ???????? 018 /
56b7169.e5 12b8e4c0 5c50e2 h ???????? 002 /robots.txt
56b716a.41 12b8e4c0 5c50e2 h ???????? 019 /
56b7239.ee 42f94054 043937 s ???????? 004 /wiki/ElMo
56b723b.5f 42f94054 622963 s ???????? 017 /
56b7403.e2 42f9404a 043937 h ???????? 005 /wiki/ErhardRiecke
56b756c.97 42f94054 043937 s ???????? 002 /edit/201675006
56b7599.e5 42f94046 043937 h ???????? 004 /wiki/EdgarMartini
56b76cf.f3 362494ce 433e9c h ???????? 002 /edit/29186005
56b7741.89 42f94048 043937 h ???????? 003 /wiki/DingAnSich
56b7742.85 42f95989 70a047 h ???????? 001 //rss.rdf
56b77d8.72 42f94048 043937 h ???????? 004 /wiki/AugustLeskien
56b7825.22 42f94048 043937 h ???????? 003 /wiki/GerhardBarth
56b7951.94 42f9404a 043937 h ???????? 004 /wiki/BluePrint
56b7b32.3c 42f94052 043937 s ???????? 003 /robots.txt
56b7b32.f6 42f94054 043937 s ???????? 003 /wiki/KaPa
56b7c87.98 42f9404a 043937 h ???????? 004 /wiki/AlonzoChurch
56b7cc0.d4 42f940dd 043937 s ???????? 002 /robots.txt
56b7cc1.5a 42f940db 043937 s ???????? 01f /
56b7f11.72 7ae40a32 24f5f0 s ???????? 018 /
56b7f7c.d5 284da74a 6a88e8 h ???????? 020 /
56b808b.72 42f9404a 043937 h ???????? 005 /wiki/AlanGreenspan
56b8179.b1 42f9530a e46b1d h ???????? 004 /wiki/TwipCast
56b8206.98 42f940d9 622963 s ???????? 017 /
56b8232.af 42f94046 043937 h ???????? 005 /wiki/LogIn
56b8292.59 42f94048 043937 h ???????? 004 /wiki/TwitterKurs
56b829b.b9 cf2e0d1e 6a88e8 h ???????? 001 /OnTime
56b82ea.51 284da769 6a88e8 h ???????? 001 /wiki/ZiiTrend
56b8360.88 5fa3ffad 399ff9 h ???????? 002 /robots.txt
56b8361.c4 5fa3ffa4 399ff9 h ???????? 002 /wiki/EdnaParker
56b8363.00 5fa3ffa9 399ff9 h ???????? 003 /wiki/DigitalTwin
56b8383.38 42f94046 043937 h ???????? 002 /wiki/TheSingularity
56b83ac.94 42f94048 043937 h ???????? 002 /wiki/NewsFire
56b842c.cb 42f94048 043937 h ???????? 003 /wiki/MindBase
56b843c.e0 42f9404a 043937 h ???????? 002 /wiki/JavaBachelor
56b847f.e7 362494eb 433e9c h ???????? 001 /edit/30136001
56b8490.37 42f94052 043937 s ???????? 002 /wiki/GoLe
56b8569.78 284da74a 6a88e8 h ???????? 002 /wiki/ReSet
56b856e.2c 42f94046 043937 h ???????? 003 /wiki/PaulLehmann
56b86d0.47 42f9404a 043937 h ???????? 003 /wiki/FruchtBlase
56b86d1.1c 42f9404a 043937 h ???????? 002 /wiki/MaxSiegfried
56b86ec.c9 284da769 6a88e8 h ???????? 002 /wiki/MindMark
56b872f.4d 42f9404a 043937 h ???????? 002 /wiki/EndMontage
56b8732.41 42f94046 043937 h ???????? 002 /wiki/OttoSoltmann
56b876f.0f 254681ad cdfc4d h ???????? 011 /
56b88c1.e3 284da778 6a88e8 h ???????? 002 /wiki/JspWiki
56b88fc.9d 36249473 433e9c h ???????? 003 /wiki/LinTrap
56b8a4b.84 362494e2 433e9c h ???????? 001 /edit/25436002
56b8b76.96 42f94046 043937 h ???????? 002 /wiki/DcCreator
56b8bd6.64 284da778 6a88e8 h ???????? 002 /wiki/ArthurCClarke
56b8c85.1d 42f94048 043937 h ???????? 003 /wiki/AsiaSueppchen
56b8c92.8a 42f940db 622963 s ???????? 014 /
56b8cde.93 42f94054 043937 s ???????? 002 /wiki/KaDr
56b8d19.fe 42f94048 043937 h ???????? 003 /wiki/NettReden
56b8d4f.f6 3624947c 433e9c h ???????? 017 /edit/15626003
56b8eea.7f 42f94048 043937 h ???????? 003 /wiki/PolyTreu
56b9019.0c 42f9404a 043937 h ???????? 002 /wiki/ConStitution
56b901d.30 113a676c 4d4314 h ???????? 001 //robots.txt
56b901d.9e 113a676c 4d4314 h ???????? 012 /
56b91a5.9c 42f9404a 043937 h ???????? 003 /wiki/WaltherNernst
56b91bd.4e 284da74a 6a88e8 h ???????? 002 /wiki/CamelCase
56b923c.e1 2d04fc03 be37cc h ???????? 018 /
56b9291.54 42f94046 043937 h ???????? 002 /wiki/XianFa
56b92e8.2b 42f94054 043937 s ???????? 003 /wiki/HauptStaedtchen
56b93ba.c0 42f94048 043937 h ???????? 014 /love/1e
56b9408.be 362494a2 433e9c h ???????? 002 /edit/29376001
56b94a0.5e 284da769 6a88e8 h ???????? 003 /wiki/MindFloor
56b9539.a4 d8f442f3 2e51d1 h ???????? 002 /robots.txt
56b9581.e2 42f9404a 043937 h ???????? 00c /wiki/KaufKnecht
56b9592.0f 284da769 6a88e8 h ???????? 005 /wiki/NatashaVitaMore
56b95ab.68 d8f442f3 2e51d1 h ???????? 003 /wiki/LockTeam
56b95ed.6b 42f9404a 043937 h ???????? 003 /wiki/MicrosoftControlTheHardware
56b9607.80 42f94054 043937 s ???????? 002 /wiki/AiGame
56b979d.b9 41fe0232 136bc9 h ???????? 003 //wiki/SpaceLiftAg
56b9849.90 42f9404a 043937 h ???????? 003 /wiki/AnWa
56b98a1.de 42f94046 043937 h ???????? 003 /wiki/FridaKahlo
56b98f2.ff 42f94054 043937 s ???????? 002 /edit/207955004
56b98fe.73 42f94048 043937 h ???????? 003 /wiki/FPeerAcademy
56b99a1.47 3624948c 433e9c h ???????? 015 /edit/19746003
56b9a54.96 42f94046 043937 h ???????? 003 /wiki/ProfileUrl
56b9b36.1a 284da778 6a88e8 h ???????? 003 /wiki/MannOhneGeheimnisse
56b9b6b.b3 362494a6 433e9c h ???????? 003 /wiki/SoerenRogoll
56b9bc4.e3 9fffa0e2 cedf5c h ???????? 01e /
56b9c13.7b 42f94048 043937 h ???????? 013 /
56b9c46.54 42f94046 043937 h ???????? 009 /wiki/UnTil2019
56b9c61.70 42f9404a 043937 h ???????? 003 /wiki/AndreasGeisler
56b9ce8.ee 3624955e 433e9c h ???????? 002 /edit/21666001
56b9cfb.28 672fd918 cdfc4d h ???????? 014 /
56b9dac.c8 362494a5 433e9c h ???????? 003 /wiki/DigitalEconomy
56b9e85.91 42f94048 622963 h ???????? 015 /
56b9ea1.ea 42f94050 043937 s ???????? 003 /wiki/HasSex
56b9edf.9a 42f9598b 70a047 h ???????? 002 //rss.rdf
56b9efc.f8 36249512 433e9c h ???????? 002 /edit/22266003
56b9f70.87 42f94048 043937 h ???????? 003 /wiki/EmilSchmidt
56b9f8f.94 d8f442f3 2e51d1 h ???????? 002 /robots.txt
56b9fc3.41 42f9404a 043937 h ???????? 003 /wiki/BastiHirsch
56ba004.f2 d8f442f3 2e51d1 h ???????? 002 /wiki/LockOfficeAnfahrt
56ba0b3.a5 42f94048 043937 h ???????? 004 /wiki/AuditTrail
56ba0e1.a5 42f94046 043937 h ???????? 009 /wiki/WikiHomePage
56ba26b.5a 42f9404a 043937 h ???????? 003 /wiki/VorStandsChat
56ba2ab.2c 42f9404a 043937 h ???????? 003 /wiki/MainBrain
56ba2c4.7b 9750279d 433e9c h ???????? 003 /wiki/SiSanien
56ba39a.5c 284da769 6a88e8 h ???????? 002 /BlockTime
56ba445.e3 284da769 6a88e8 h ???????? 002 /edit/32866001
56ba469.88 42f94048 043937 h ???????? 004 //wiki/
56ba565.17 42f94048 043937 h ???????? 003 /wiki/XpathLanguage
56ba5bf.01 284da778 6a88e8 h ???????? 005 /wiki/BirgitSpannerUlmer
56ba61d.04 cebde68e dbc9a0 h ???????? 030 /
56ba61d.04 cebde68e ff7a8d h ???????? 032 /
56ba6a3.5b 36249455 433e9c h ???????? 002 /edit/27516001
56ba73e.08 42f94048 043937 h ???????? 004 /wiki/EugenPlessing
56ba7b6.85 42f94054 043937 s ???????? 003 /wiki/InVent
56ba80b.b8 36249514 433e9c h ???????? 003 /edit/30946004
56ba8d5.92 284da778 6a88e8 h ???????? 004 /wiki/DasIchErinnertSich
56baab6.72 42f9404a 043937 h ???????? 004 /wiki/CommitMent
56baaea.7a 42f94048 043937 h ???????? 004 /wiki/
56bab72.b0 6772680b ee113c h ???????? 015 /
56bab73.91 6772680b ee113c h ???????? 001 //https://floatingboat2013.appspot.com
56bab74.cd 6772680b ee113c h ???????? 003 //wiki/AlanTuring
56bab76.b0 6772680b ee113c h ???????? 003 //wiki/GottfriedWilhelmLeibniz
56bab7b.45 42f94048 043937 h ???????? 003 /wiki/FranzBluecher
56bab7c.08 6772680b ee113c h ???????? 002 //https://floatingboat2013.appspot.com/UrPic
56bab7d.67 6772680b ee113c h ???????? 002 //https://floatingboat2013.appspot.com/ad
56bab7e.4f 6772680b ee113c h ???????? 002 //https://sl4.eu/hls
56bab80.03 6772680b ee113c h ???????? 008 //https://sl4.eu/ls
56bab80.dc 6772680b ee113c h ???????? 002 //https://sl4.eu/sh
56bab81.bc 6772680b ee113c h ???????? 002 //https://www.youtube.com/watch
56bab97.24 42f94048 043937 h ???????? 01e /
56bab98.e0 42f9404a 043937 h ???????? 003 /wiki/CoreValues
56babd9.a0 42f94048 043937 h ???????? 004 /wiki/InspiredBy
56baca7.c3 42f94046 043937 h ???????? 004 /wiki/JfKennedy
56bacfa.6e 42f9404a 043937 h ???????? 003 /wiki/HeEg
56bad22.8b 36249498 433e9c h ???????? 001 /sl
56bad83.07 284da769 6a88e8 h ???????? 003 /wiki/ShaquilleONeal
56baf8a.83 5fa3ffb4 399ff9 h ???????? 002 /robots.txt
56baf8b.e1 5fa3ffa3 399ff9 h ???????? 003 /wiki/GrillStuebel
56bafc2.9d 42f94046 043937 h ???????? 004 /wiki/MichaelJacobs
56bb050.71 42f94046 622963 h ???????? 020 /
56bb064.e3 42f94050 043937 s ???????? 004 /wiki/DeBate
56bb157.62 284da769 6a88e8 h ???????? 004 /wiki/RainerWasserfuhrCv
56bb196.6b 42f94046 043937 h ???????? 003 /wiki/SousVeillance
56bb1f6.f7 36c67e6e b846b5 h ???????? 002 //robots.txt
56bb1f7.56 36c67e6e b846b5 h ???????? 002 /robots.txt
56bb1f7.90 36c67e6e b846b5 h ???????? 018 /
56bb1f9.69 36c67e6e b846b5 h ???????? 004 /wiki/RainerTest
56bb1fa.fe 36c67e6e b846b5 h ???????? 003 /wiki/SeaNation
56bb2e2.2d 42f94046 043937 h ???????? 001 //robots.txt
56bb374.56 42f9404a 043937 h ???????? 002 /wiki/OttoWiedeburg
56bb3a5.cd 42f9404a 043937 h ???????? 001 //wiki/KurzweilVortrag
56bb4c4.2e 36249441 433e9c h ???????? 002 /edit/28516001
56bb522.9d 42f94090 043937 s ???????? 002 /wiki/FruchtBlase
56bb56c.7e 42f94086 043937 h ???????? 002 /wiki/MoneySupply
56bb6d9.df 42f94086 043937 h ???????? 003 /wiki/CoWorkingPlace
56bb946.41 42f94094 043937 s ???????? 002 /wiki/DrMabe
56bb9e3.29 36249427 433e9c h ???????? 002 /edit/25496002
56bb9fb.ba 36249540 433e9c h ???????? 003 /wiki/ChristianGuenzl
56bba9e.c9 42f94086 043937 h ???????? 002 /wiki/DavidWiley
56bbbc2.53 3624944b 433e9c h ???????? 001 /edit/24216001
56bbc7b.6d 42f94090 043937 s ???????? 002 /edit/201445007
56bbd77.0c 284da769 6a88e8 h ???????? 003 /wiki/WikiLender
56bbe58.e4 36249543 433e9c h ???????? 002 /wiki/ThorstenPrante
56bbeaf.88 42f94086 043937 h ???????? 002 /wiki/KnowLedge
56bbf3b.e6 284da72d 6a88e8 h ???????? 002 /wiki/RoMa
56bbf53.b1 42f9408a 043937 h ???????? 002 /wiki/LebensMittel
56bc02a.af 42f9408a 043937 h ???????? 002 /wiki/AidLingen
56bc081.54 42f94088 043937 h ???????? 003 /wiki/GoogleMind
56bc111.2c 42f94086 043937 h ???????? 002 /wiki/CoWorkingPlace
56bc280.13 42f94092 043937 s ???????? 003 /wiki/BornIn
56bc291.bb 42f94086 043937 h ???????? 003 /wiki/PlsPrivateConnection
56bc36a.31 42f94092 043937 s ???????? 002 /wiki/ExecutiveSummary
56bc370.92 36249557 433e9c h ???????? 002 /edit/30906002
56bc48c.b1 42f9408a 043937 h ???????? 003 /wiki/WilhelmBuehler
56bc4e0.89 42f94086 043937 h ???????? 002 /wiki/BankAccount
56bc532.20 5fa3ff9b 399ff9 h ???????? 001 /robots.txt
56bc533.69 5fa3ff9a 399ff9 h ???????? 002 /wiki/FermiFett
56bc5c8.38 42f94086 043937 h ???????? 003 /wiki/GermanIsm
56bc623.c5 3624966a 433e9c h ???????? 001 //robots.txt
56bc683.a5 42f94086 043937 h ???????? 002 /wiki/AppendOnly
56bc6f7.ad 42f9408a 043937 h ???????? 003 /wiki/EventLog
56bc799.0c 42f94086 043937 h ???????? 002 /wiki/AusBlicke
56bc870.84 42f95949 70a047 h ???????? 001 //rss.rdf
56bc87c.1b 42f94086 043937 h ???????? 003 /wiki/BreitenBrunn
56bc955.8c 42f9408a 043937 h ???????? 003 /wiki/AnWa
56bc9ae.9e 42f9408a 043937 h ???????? 003 /wiki/WerKenntWen
56bca02.aa 36249546 433e9c h ???????? 002 /edit/26446005
56bca3f.bc 42f94094 043937 s ???????? 002 /up
56bcac8.5b 42f94088 043937 h ???????? 003 /wiki/MichaelWinkler
56bcb08.e0 42f94094 043937 s ???????? 002 /wiki/SanJose
56bcb5f.e0 36249439 433e9c h ???????? 004 /wiki/AlexanderJobst
56bcbbd.cf 42f94088 043937 h ???????? 002 /wiki/MindPlace
56bcc88.42 36249458 433e9c h ???????? 002 /edit/27396006
56bcc8b.0f 36249465 433e9c h ???????? 001 /sl4
56bccbf.d7 42f94094 043937 s ???????? 001 /soccer
56bccd0.45 42f94086 043937 h ???????? 002 /wiki/NoTrumpZone
56bccf1.97 42f9408a 043937 h ???????? 002 /wiki/SoundCloud
56bcd98.41 cf2e0dc5 6a88e8 h ???????? 006 /robots.txt
56bcdc3.f8 284da769 6a88e8 h ???????? 003 /wiki/WolfgangReitzle
56bce3d.6c 42f94094 043937 s ???????? 002 /edit/208035003
56bce4f.43 362494db 433e9c h ???????? 001 /edit/28326002
56bce8c.3f 3624942e 433e9c h ???????? 001 /edit/25356004
56bcf9e.d0 42f94088 043937 h ???????? 003 /wiki/SocieteGenerale
56bcfa3.33 42f94086 043937 h ???????? 002 /wiki/CourseWare
56bd12e.b7 42f94092 043937 s ???????? 008 /wiki/FixBugsFirst
56bd1ca.21 42f94086 622963 h ???????? 016 /
56bd210.33 42f94086 043937 h ???????? 002 /wiki/EternalSunshine
56bd21f.0a 42f94088 043937 h ???????? 007 /t
56bd232.b5 42f951e9 5817c3 h ???????? 008 /wiki/FickPieschen
56bd245.95 42f94088 043937 h ???????? 008 /wiki/KiloKayGroschen
56bd255.ab 284da778 6a88e8 h ???????? 006 /edit/39856001
56bd38e.0e 284da72d 6a88e8 h ???????? 004 /wiki/CarTwoGo
56bd3fe.1f 362494d6 433e9c h ???????? 002 /edit/31056004
56bd41d.f4 42f94086 043937 h ???????? 015 /edit/134156011
56bd500.30 42f94086 043937 h ???????? 003 //wiki/RalfLippold
56bd530.17 42f94086 043937 h ???????? 004 /wiki/HauptStaedtchen
56bd556.21 284da72d 6a88e8 h ???????? 003 /wiki/SocialBackup
56bd55e.4f 42f94092 043937 s ???????? 012 /char
56bd5af.19 3624949d 433e9c h ???????? 003 /wiki/WikiNode
56bd5ca.5d baeb4855 702dd8 h ???????? 01c /
56bd6a1.5f 36249444 433e9c h ???????? 01d /edit/19436002
56bd768.f8 3624951e 433e9c h ???????? 001 /edit/21796002
56bd783.e5 284da769 6a88e8 h ???????? 01f /edit/114956011
56bd7a3.40 42f94088 043937 h ???????? 004 /wiki/PeterSchreck
56bd828.73 42f9408a 043937 h ???????? 005 /wiki/PaloMar5
56bd835.ab 42f94088 043937 h ???????? 003 /wiki/RalfLippold
56bd83a.24 42f94086 043937 h ???????? 005 /wiki/DirkHilbert
56bd92e.9f 42f94086 043937 h ???????? 004 /wiki/HoheitsGebiet
56bda07.5e 42f9408a 043937 h ???????? 003 /wiki/KurzweilVortrag
56bda4b.ab 42f94086 622963 h ???????? 001 /base
56bda87.ad 42f94088 043937 h ???????? 003 /wiki/KartoffelLinda
56bdab7.33 42f94088 043937 h ???????? 003 /wiki/RomanAbramovich
56bdacc.35 362494cf 433e9c h ???????? 001 /edit/26196001
56bdace.6a 36249530 433e9c h ???????? 002 /edit/29436001
56bdb7d.8b 42f94088 622963 h ???????? 002 /system
56bdc63.71 36249513 433e9c h ???????? 003 /wiki/EtAi
56bdc83.57 42f9408a 043937 h ???????? 003 /wiki/AgnesWasserfuhr
56bdccb.ba 42f9408a 043937 h ???????? 00f /wiki/RaKu
56bdd81.26 42f9408a 043937 h ???????? 003 /wiki/DieKamera
56bddf1.5c 284da769 6a88e8 h ???????? 003 /wiki/PowerWomenCoach
56bdef8.6d 42f94086 043937 h ???????? 003 /wiki/SemanticWiki
56bdefc.de 3624946b 433e9c h ???????? 002 /edit/22456003
56bdf35.82 42f94088 043937 h ???????? 003 /wiki/HosenTasche
56bdf93.12 36249553 433e9c h ???????? 002 /edit/22566001
56be000.7a 42f94092 043937 s ???????? 016 /edit/184685003
56be0c8.74 42f94086 043937 h ???????? 004 /wiki/LearnToUse
56be133.31 42f9408a 043937 h ???????? 003 /wiki/ScaleFreeNetwork
56be16a.5d 3624950a 433e9c h ???????? 003 /edit/31136001
56be1d7.ba 42f94086 043937 h ???????? 003 /wiki/VoiceBook
56be21a.29 36249556 433e9c h ???????? 003 /wiki/GruenesWunder
56be28b.37 42f94086 043937 h ???????? 002 //pageIndex.jsp
56be2f4.b6 42f94086 043937 h ???????? 003 /wiki/ZeitStempel
56be511.46 42f9408a 043937 h ???????? 004 /wiki/DaEf
56be528.db 42f94088 043937 h ???????? 004 /wiki/SaSt
56be5ad.0b 42f9408a 043937 h ???????? 003 /wiki/KaMo
56be6ff.5b 362494e8 433e9c h ???????? 002 /edit/21486001
56be738.96 42f9408a 043937 h ???????? 003 /wiki/MindPostBote
56be767.89 3624953d 433e9c h ???????? 003 /edit/26426005
56be79a.30 42f94088 043937 h ???????? 003 /wiki/WikiBasiert
56be874.d6 284da778 6a88e8 h ???????? 004 /wiki/ConNect
56be8a5.16 bb6ed04f cedf5c h ???????? 018 /
56be919.c1 42f9408a 622963 h ???????? 002 /earth
56be9d2.f0 42f94088 043937 h ???????? 004 /wiki/LukasKirche
56bea6e.68 362494c4 433e9c h ???????? 002 /im
56beae6.b5 42f94086 043937 h ???????? 004 /wiki/CloWn
56beb60.54 284da769 6a88e8 h ???????? 002 /edit/28146002
56bebc9.4c 42f9408a 043937 h ???????? 004 /wiki/IdEo
56bec03.0c 42f94086 043937 h ???????? 004 /wiki/HyperText
56bec31.83 42f9408a 043937 h ???????? 004 /wiki/ManuelBlum
56bec9d.cf 8e5db263 7404fb h ???????? 01a /
56becf9.2e 284da769 6a88e8 h ???????? 003 /edit/45136018
56bee11.9e 42f94088 043937 h ???????? 003 /wiki/StartUpSim
56bee36.36 2531e769 9f4575 s ???????? 001 //libs/js/iframe.js
56bee5f.a2 42f94088 622963 h ???????? 001 /t
56bee84.d6 42f94086 043937 h ???????? 002 /wiki/UlrichWilcken
56bee8d.e9 42f94086 043937 h ???????? 001 /wiki/MaAm
56bee97.ad b9d34501 cedf5c h ???????? 015 /
56beebb.96 3624966d 433e9c h ???????? 001 /robots.txt
56beebc.38 36249501 433e9c h ???????? 001 /edit/23236006
56beebc.fb 362494df 433e9c h ???????? 001 /edit/22306002
56bef26.5d 42f94088 043937 h ???????? 002 /wiki/ShadowSphere
56bef9c.30 42f95949 70a047 h ???????? 002 //rss.rdf
56bf053.36 284da769 6a88e8 h ???????? 002 /wiki/EnErgie
56bf0a8.18 36249478 433e9c h ???????? 001 /edit/26466002
56bf1c3.f8 42f94090 043937 s ???????? 011 /edit/155915011
56bf279.7e 33444ffc ef60d6 h ???????? 014 /
56bf2b0.10 5fa3ffba 399ff9 h ???????? 006 /robots.txt
56bf2b1.81 5fa3ffba 399ff9 h ???????? 005 /wiki/FreeLove
56bf2f8.62 42f94086 043937 h ???????? 002 /wiki/TheoryU
56bf347.f1 2448cf6a 19c6c4 h ???????? 015 /
56bf386.97 36249458 433e9c h ???????? 001 /edit/21676001
56bf3a5.c1 42f94086 043937 h ???????? 001 /go
56bf3e8.52 3624953e 433e9c h ???????? 002 /edit/9466001
56bf47a.2d 5e824263 18b492 h ???????? 001 /robots.txt
56bf47a.ab 5e824263 18b492 h ???????? 001 /feed
56bf485.08 5e824263 18b492 h ???????? 011 /love/1e
56bf502.86 42f9408a 043937 h ???????? 002 /wiki/WikiPedia
56bf6fb.ec 42f94088 043937 h ???????? 003 /wiki/AnnoDomini2010
56bf705.bd 42f94088 043937 h ???????? 002 /wiki/MindPdf
56bf76f.3c 42f94090 043937 s ???????? 002 /wiki/PotUs
56bf7a5.1b 284da774 6a88e8 h ???????? 001 /edit/47126020
56bf8eb.ca 42f9408a 043937 h ???????? 002 /base
56bfab9.ed 284da72d 6a88e8 h ???????? 003 /wiki/RainerWasserfuhr
56bfae5.6d 42f94088 043937 h ???????? 002 /wiki/BmwAg
56bfb66.1a 42f94086 043937 h ???????? 003 /wiki/PieModel
56bfcdf.33 36249522 433e9c h ???????? 002 /edit/28286008
56bfd1b.0c 362494a5 433e9c h ???????? 002 /edit/28466002
56bfd8e.89 6cb23d3a ce42d0 h ???????? 013 /
56bfe31.cf 42f9408a 043937 h ???????? 003 /wiki/BreitenBrunn
56bfe86.b8 42f9408a 043937 h ???????? 003 /wiki/TransLate
56bff7a.24 362494fb 433e9c h ???????? 001 /edit/29356001
56bffd9.e6 284da778 6a88e8 h ???????? 002 /wiki/InternetManifest
56bfffc.f7 284da72d 6a88e8 h ???????? 014 /edit/114956003
