56400b8.6e b1822ac6 19c6c4 h ???????? 01a /
56400c2.af 42f94608 043937 h ???????? 005 /wiki/ConScious
564011a.e5 42f94612 043937 s ???????? 002 /wiki/StrategyPaper
564014e.45 42f94608 043937 h ???????? 002 /wiki/DanBoneh
56401e1.15 42f9460a 043937 h ???????? 002 /wiki/ZentenDorf
564021a.16 be0028aa 702dd8 h ???????? 018 /
56402bf.15 5fa3ff6d 399ff9 h ???????? 001 /robots.txt
56402c0.59 5fa3ff5c 399ff9 h ???????? 01a /
564037a.53 42f94608 043937 h ???????? 004 /wiki/SingularSummerDresden
56403c2.76 42f94606 043937 h ???????? 009 /wiki/MuehlTroff
564043a.7c 42f9460a 043937 h ???????? 003 /wiki/SingularSaxony
5640725.d2 42f94608 043937 h ???????? 006 /wiki/JamesMiller
56408a9.62 42f9460a 043937 h ???????? 002 /wiki/StrategyPaper
5640a26.05 42f94606 043937 h ???????? 004 /wiki/NeilGershenfeld
5640cc9.60 c4342b70 74bbda h ???????? 015 /
5640da8.e4 42f94606 043937 h ???????? 003 /wiki/MaxWilms
5640f60.cb b36d0b17 702dd8 h ???????? 019 /
56411a2.60 42f94f2e 043937 h ???????? 004 /wiki/OttoLoth
56411b3.18 58f00747 cedf5c h ???????? 015 /
5641286.22 42f94f2b 043937 h ???????? 019 /edit/120833002
5641316.8c 42f94f2e 043937 h ???????? 009 /wiki/CarlRabl
564139b.84 42f94f2e 043937 h ???????? 003 /wiki/KarlRohn
56416ae.c1 42f94f2e 043937 h ???????? 003 /wiki/MaxVerse
5641867.8d 42f94f28 043937 h ???????? 002 /wiki/PaulRoux
5641892.ad 42f94f2b 043937 h ???????? 002 /wiki/HansLenk
5641b00.eb 42f94f3c 043937 s ???????? 016 /
5641b8e.89 480ec7aa 70a047 h ???????? 001 //rss.rdf
5641c2e.66 5fa3ff18 399ff9 h ???????? 002 /robots.txt
5641c2f.c7 5fa3ff1c 399ff9 h ???????? 002 /wiki/GeFab
5641c6a.25 42f94f2b 043937 h ???????? 00e /wiki/CarlPaul
5641e8d.8c 6da0572d cdfc4d h ???????? 01a /
5641ea7.c4 42f94f2e 043937 h ???????? 003 /wiki/EmilMenke
5641fdd.5e 42f94f2b 043937 h ???????? 002 /wiki/IbmWatson
5642088.71 42f94f2e 043937 h ???????? 006 /wiki/CarlPaal
5642238.3a 42f94f3c 043937 s ???????? 003 /wiki/RuzenaBajcsy
5642433.02 bfcd10ef cedf5c h ???????? 01a /
5642449.b1 42f94f3f 043937 s ???????? 006 /edit/36325006
5642450.a6 c4342b6c c5c81c h ???????? 025 /
56426b3.d2 42f94f2b 043937 h ???????? 003 /wiki/PaulSick
56426c8.75 25bb382f e3b0c4 h ???????? 002 /robots.txt
56426ca.97 25bb382f 87f8b1 h ???????? 01a /
5642897.a1 3e6121b5 19c6c4 h ???????? 01a /
5642999.20 05bcd20c db6f0f h ???????? 005 /echo.php
56429b3.24 42f94f2e 043937 h ???????? 003 /wiki/CarlMenge
5642bb7.45 bca5c419 e3b0c4 h ???????? 007 /robots.txt
5642bbd.78 bca5c419 76fdb3 h ???????? 01c /
5642bbf.a4 05080aca 12bd58 s ???????? 012 /
5642c2f.ce c06324e3 57819b h ???????? 002 //assets/components/gallery/connector.php
5642d05.43 c06324e3 57819b h ???????? 002 /t/assets/components/gallery/connector.php
5642d30.9a 5da03c16 48d7fa h ???????? 002 //wiki/TwitterKurs
5642e28.69 b44c0f18 a04d28 h ???????? 016 /
5642eeb.a4 42f94f2b 043937 h ???????? 003 /wiki/SophusLie
5642faa.44 42f94f28 043937 h ???????? 003 /wiki/HugoMiehe
5643055.80 b9355b1a a6744e s ???????? 002 /recordings/
5643055.9d b9355b1a a6744e s ???????? 002 /a2billing/admin/Public/PP_error.php
5643084.e1 253b3780 e3b0c4 h ???????? 006 /robots.txt
5643087.0d 253b3780 0fa94d h ???????? 015 /
564341f.a4 42f94f28 043937 h ???????? 004 /wiki/FranzRuhl
56434ff.01 42f94f2b 043937 h ???????? 005 /wiki/ErwinPayr
56435bb.ed 42f94f28 043937 h ???????? 002 /wiki/PaulMentz
564360c.c8 42f94f2b 043937 h ???????? 002 /wiki/ImPressum
564378c.b2 42f94f2b 043937 h ???????? 002 /wiki/EugenMogk
564378f.f5 a936f45d 74bbda h ???????? 016 /
5643838.81 12d0909e eaecd7 h ???????? 016 /
56438b1.7e 42f94f2e 043937 h ???????? 003 /wiki/MaxVolmer
5643af3.dd 42f94f2e 043937 h ???????? 003 /wiki/PeterHandke
5643b13.00 42f94f28 043937 h ???????? 001 /wiki/ErnstKuhn
5643bef.40 42f94f28 043937 h ???????? 003 /wiki/TaoLi
5643cca.b8 42f94f28 043937 h ???????? 003 /wiki/KarlWeule
5643cd5.d9 42f94f28 043937 h ???????? 014 /
5643da9.14 42f94f28 043937 h ???????? 006 /wiki/MasterArbeit
5644063.5f 42f94f2e 043937 h ???????? 002 /wiki/ErichMarx
564438d.ed 42f94f28 043937 h ???????? 003 /wiki/GeorgObst
564443c.5d 480ec7ad 70a047 h ???????? 002 //rss.rdf
5644564.86 42f94f2b 043937 h ???????? 003 /wiki/MaxSanger
5644653.38 42f94f2e 043937 h ???????? 003 /wiki/ErnstPape
56447d0.25 42f94f2b 043937 h ???????? 006 /wiki/ZeitReise
5644aaa.bc b01f7e38 e3b0c4 h ???????? 002 /robots.txt
5644aac.e8 b01f7e38 37a81c h ???????? 016 /
5644eb4.49 bb38ea81 cedf5c h ???????? 013 /
5645993.aa 42f94f28 043937 h ???????? 002 /wiki/TransForm
5645b15.be c91a6d03 cdfc4d h ???????? 016 /
5645cb3.57 42f94f2b 043937 h ???????? 006 /wiki/HansWeyhe
5645e70.c6 42f94f2e 043937 h ???????? 003 /wiki/MainTower
5645f54.32 12c39b32 5c50e2 h ???????? 012 /
5646087.68 42f94f2b 043937 h ???????? 003 /wiki/OttoLenel
5646298.2b 5f6cb561 e4b041 h ???????? 002 /robots.txt
564629b.f9 5f6cb561 e4b041 h ???????? 199a /age
56462c7.28 42f94f2e 043937 h ???????? 003 /wiki/KarlSchaum
5646336.62 42f94f2e 043937 h ???????? 004 /wiki/KarlSapper
5646362.25 42f94f2e 043937 h ???????? 004 /wiki/PaulSalow
5646374.ab a8c5738f cdfc4d h ???????? 026 /
56463b5.bf 42f94f2b 043937 h ???????? 002 /wiki/HansStumme
564656a.1f 42f94f28 043937 h ???????? 003 /wiki/HansStille
5646626.9b 42f94f2b 043937 h ???????? 003 /wiki/BrunoPeter
5646638.5b 2ee5a84d c89f4f h ???????? 002 /robots.txt
56467d8.24 42f94f2b 043937 h ???????? 003 /wiki/ErnstLauhn
5646881.1c 42f94f2e 043937 h ???????? 003 /wiki/HugoSelter
56468cc.bc 42f94f2b 043937 h ???????? 002 /wiki/TuermChen
56468e1.f1 42f94f2b 043937 h ???????? 003 /wiki/ErwinRohde
5646981.c4 42f94f2e 043937 h ???????? 003 /wiki/CarlLudwig
5646ae8.6c 2ee5a84e c89f4f h ???????? 002 /robots.txt
5646ae9.e0 2ee5a84e c89f4f h ???????? 003 /wiki/SingularSummitEurope
5646b50.ec 42f94f2e 043937 h ???????? 003 /wiki/ErnstSack
5646b57.33 42f94f3f 043937 s ???????? 002 /PeterWill
5646b9a.36 42f94f2b 043937 h ???????? 003 /wiki/CarlThieme
5646cc0.dc 42f94f2e 622963 h ???????? 01f /
5646cc4.07 42f94f28 622963 h ???????? 002 /feel/4
5646cc4.ab 42f94f2b 622963 h ???????? 002 /feel/8
5646cc5.24 42f94f2b 622963 h ???????? 01a /feel/10
5646cc7.5f 480ec7aa 70a047 h ???????? 001 //rss.rdf
5646d20.42 42f94f2e 043937 h ???????? 003 /wiki/AlfredMerz
5646d8a.7f 42f94f2e 043937 h ???????? 003 /wiki/OttoSteche
5646f94.eb 42f94f2b 043937 h ???????? 005 /wiki/MaxLohlein
5647007.3c 3624966a 433e9c h ???????? 001 //robots.txt
56470cd.f4 42f94f28 043937 h ???????? 003 /wiki/OttoStobbe
5647166.ba c7c3fdee e83b9c h ???????? 002 //rss.rdf
5647179.e6 40c13ff3 45378f h ???????? 002 //rss.rdf
56471d3.59 42f94f2b 043937 h ???????? 002 /wiki/HansStobbe
564723a.54 42f94f2b 043937 h ???????? 003 /wiki/CarlLevita
5647246.e5 6de6e2eb 55c4a0 h ???????? 001 //rss.rdf
5647294.e7 b757ffb6 be37cc h ???????? 01a /
564733b.0a 5fa3ff16 399ff9 h ???????? 001 /robots.txt
564733c.55 5fa3ff1a 399ff9 h ???????? 002 /wiki/KennDi
5647494.df 42f94f28 043937 h ???????? 002 /wiki/PaulMerker
56476a0.b6 42f94f28 043937 h ???????? 003 /wiki/KarlWalcker
56476a1.ad 42f94f2b 043937 h ???????? 002 /wiki/ErnstRabel
56476ae.53 42f94f2b 043937 h ???????? 005 /wiki/FranzSaxer
56477f4.3d 42f94f28 043937 h ???????? 003 /wiki/HansVorner
564790d.ce 42f94f28 043937 h ???????? 002 /wiki/PaulSchmidt
564792c.96 42f94f28 043937 h ???????? 002 /wiki/HermannOst
564796c.1b 42f94f28 043937 h ???????? 003 /wiki/MaxLehmann
56479e4.a2 42f94f39 622963 s ???????? 044 /
56479ea.c1 42f94f39 622963 s ???????? 001 /feel/4
56479eb.6c 42f94f39 622963 s ???????? 004 /feel/8
56479ec.13 42f94f39 622963 s ???????? 018 /feel/10
5647cc0.fe 42f94f28 043937 h ???????? 003 /wiki/OttoSchwarz
5647d1a.45 42f94f2e 043937 h ???????? 003 /wiki/GretChen
5647d7e.d3 42f94f2e 043937 h ???????? 002 /AlphaSphere
5647e17.72 42f94f2b 043937 h ???????? 003 /wiki/CarlRuffer
5647eae.78 42f94f2e 043937 h ???????? 007 /wiki/KarlReclam
5648062.98 42f94f28 043937 h ???????? 003 /wiki/WaltherLotz
564818a.76 42f94f2b 043937 h ???????? 003 /wiki/OttoWiener
56482fe.f7 5f6cb561 e4b041 h ???????? 002 /robots.txt
5648302.be 5f6cb561 e4b041 h ???????? 01f /
5648528.31 dcf388a1 2f0857 h ???????? 003 /wiki/LibbThims
56485de.4e 42f94f2b 043937 h ???????? 008 /wiki/HiPo
56486ce.fc 42f94f28 043937 h ???????? 007 /wiki/PhilippYung
564885a.c3 42f94f2e 043937 h ???????? 005 /wiki/GustavRiehl
56488f3.21 5fa3ff18 399ff9 h ???????? 006 /robots.txt
56488f4.6c 5fa3ff18 399ff9 h ???????? 004 /wiki/WeWa
564899c.19 42f94f2b 043937 h ???????? 003 /wiki/PaulWagner
5648b75.94 42f94f2b 043937 h ???????? 006 /wiki/GregorUrban
5648ced.94 b44c0f9f a04d28 h ???????? 01b /
5648d8d.cc 42f94f2e 043937 h ???????? 003 /wiki/RudolphSohm
5648e6d.c8 b44c0f1f a04d28 h ???????? 002 /wiki/FutureLab2056
5648edd.bb 42f94f2b 043937 h ???????? 01a /edit/164656002
5648ede.66 c4342b5a 74bbda h ???????? 018 /
5648f03.60 42f94f2e 043937 h ???????? 003 /wiki/ErwinNiessl
5648f65.13 5fa3ff17 399ff9 h ???????? 002 /SamenLotto
56493b6.34 42f94f2b 043937 h ???????? 00a /wiki/AdolfNissen
56494cb.c5 42f94f2b 043937 h ???????? 003 /wiki/EduardStudy
56495a6.7c 42f94f2b 043937 h ???????? 003 /wiki/KarlRieker
56495d4.f0 480ec7ad 70a047 h ???????? 002 //rss.rdf
56495fd.31 d8f442f3 2e51d1 h ???????? 001 /robots.txt
5649627.12 42f94f2b 043937 h ???????? 003 /wiki/PaulSchwarz
564967d.7e d8f442f3 2e51d1 h ???????? 003 /wiki/TuDresden
56496ef.41 42f94f28 043937 h ???????? 004 /wiki/MaxSeiffert
564975a.56 42f94f28 043937 h ???????? 003 /wiki/MoritzVoigt
564989a.7a 42f94f28 043937 h ???????? 005 /wiki/LudwigPohle
56499c6.2e c73a56ce 028fc4 h ???????? 006 //robots.txt
56499cf.f2 c73a56ce 028fc4 h ???????? 01e /
5649a3e.03 d8f442f3 2e51d1 h ???????? 005 /wiki/TuDresden
5649ac8.9b 42f94f2e 043937 h ???????? 003 /wiki/LudwigLange
5649cfd.8f 42f94f28 043937 h ???????? 004 /wiki/HermannKuhr
5649e33.ac 42f94f2b 043937 h ???????? 004 /wiki/AdolfSchmidt
5649e9f.e5 42f94f2e 043937 h ???????? 003 /wiki/CarlNeumann
5649ffa.5d 42f94f2e 043937 h ???????? 004 /wiki/TheodorPaul
564a054.c1 42f94f2e 043937 h ???????? 002 /wiki/WilhelmWundt
564a0a0.ed 42f94f2e 043937 h ???????? 002 /wiki/BlogPapst
564a105.03 5fa3ff6c 399ff9 h ???????? 001 /robots.txt
564a105.7e 5fa3ff5d 399ff9 h ???????? 002 /wiki/LifeDay16184
564a10b.71 5fa3ff75 399ff9 h ???????? 002 /wiki/SiSanien
564a112.46 5fa3ff74 399ff9 h ???????? 007 /wiki/KayGroschen
564a118.af 5fa3ff60 399ff9 h ???????? 002 /wiki/VerFassung
564a1cf.3e 42f94f2b 043937 h ???????? 004 /wiki/OswaldKulpe
564a21c.92 a2f9ec37 cdfc4d h ???????? 015 /
564a74c.a0 5eb6d570 cdfc4d h ???????? 01f /
564a7e5.ec 42f94f28 043937 h ???????? 003 /wiki/MaxRintelen
564a867.e2 42f94f28 043937 h ???????? 00a /wiki/GeorgVoigt
564a918.a6 42f94f2e 043937 h ???????? 008 /wiki/PaulSchwarze
564ab9f.a6 42f94f28 043937 h ???????? 003 /wiki/WilhelmSus
564abdf.67 42f94f28 043937 h ???????? 002 /wiki/PaulZweifel
564abe5.b7 42f94f2b 043937 h ???????? 002 /wiki/FelixSkutsch
564ac3b.d5 d57f4c8a dc1a18 h ???????? 016 /
564ac3c.19 d57f4c8a dc1a18 h ???????? 001 //https://floatingboat2013.appspot.com
564ac3c.48 d57f4c8a dc1a18 h ???????? 003 //wiki/AlanTuring
564ac3c.77 d57f4c8a dc1a18 h ???????? 002 //wiki/GottfriedWilhelmLeibniz
564ac3c.a6 d57f4c8a dc1a18 h ???????? 001 //https://floatingboat2013.appspot.com/UrPic
564ac3c.da d57f4c8a dc1a18 h ???????? 002 //https://floatingboat2013.appspot.com/ad
564ac3d.0b d57f4c8a dc1a18 h ???????? 001 //https://sl4.eu/hls
564ac3d.39 d57f4c8a dc1a18 h ???????? 001 //https://sl4.eu/ls
564ac3d.68 d57f4c8a dc1a18 h ???????? 002 //https://sl4.eu/sh
564ac3d.9b d57f4c8a dc1a18 h ???????? 004 //https://www.youtube.com/watch
564ac4f.5a 42f94f2e 043937 h ???????? 002 //robots.txt
564ac89.5a 42f94f2e 043937 h ???????? 003 /wiki/GastonMonod
564afd7.d3 42f94f2b 043937 h ???????? 002 /wiki/AlbertSocin
564b04d.83 42f94f2e 043937 h ???????? 003 /wiki/PercyWaentig
564b187.73 3e5515e3 19c6c4 h ???????? 014 /
564b1f9.a6 42f94f2b 043937 h ???????? 003 /wiki/BernardLake
564b20e.9d 42f94f28 043937 h ???????? 003 /wiki/ViktorRyssel
564b264.c0 42f94f39 043937 s ???????? 001 /edit/202275001
564b600.84 42f94f28 043937 h ???????? 002 /robots.txt
564b600.c5 42f94f28 043937 h ???????? 002 /wiki/MartinSeydel
564b602.b7 b0c3ba80 19c6c4 h ???????? 018 /
564b732.2d 42f94f2b 043937 h ???????? 003 /wiki/JohnSchmitt
564b76a.27 42f94f2e 043937 h ???????? 002 /wiki/ArthurSeitz
564b88a.41 42f94f2b 043937 h ???????? 003 /wiki/OttoRibbeck
564b8dc.99 42f94f2e 043937 h ???????? 003 /wiki/WilhelmPfaff
564b9fb.06 42f94f2b 043937 h ???????? 003 /wiki/HermannLotze
564bab3.19 42f94f28 043937 h ???????? 007 /wiki/KarlSudhoff
564bbdd.6e 42f94f2e 043937 h ???????? 003 /wiki/KarlvonZahn
564bd25.55 42f94f2e 043937 h ???????? 003 /wiki/HansZalewsky
564bd2a.d6 42f94f2b 043937 h ???????? 002 /wiki/BennoSchmidt
564bda5.4d 42f94f2b 043937 h ???????? 002 /wiki/ErnstWenzel
564be98.95 42f94f28 043937 h ???????? 003 /wiki/CarlNeubert
564bf05.7d 42f94f28 043937 h ???????? 003 /wiki/AjAx
564bf0a.1e 42f94f28 043937 h ???????? 002 /wiki/TaBu
564bf0b.62 42f94f28 043937 h ???????? 002 /wiki/CsRb
564bf0c.82 42f94f28 043937 h ???????? 002 /wiki/CaGr
564bf0d.e0 42f94f28 043937 h ???????? 003 /wiki/RegEx
564bf10.44 42f94f28 043937 h ???????? 003 /wiki/TimBl
564bf12.a8 42f94f28 043937 h ???????? 002 /wiki/IhBay
564bf15.13 42f94f28 043937 h ???????? 013 /see/199e1dde0d870e6fe8f9f710f01fdf46
564bf17.81 42f94f28 043937 h ???????? 003 /wiki/LapTop
564bf19.e0 42f94f28 043937 h ???????? 001 /see/c29ae35f75b31cda3fc08b1842a6547b
564bf1c.44 42f94f28 043937 h ???????? 001 /hear/f6868fd052ce3ee2bcb908341ab6402f
564bf1e.a9 42f94f28 043937 h ???????? 003 /wiki/ThKu
564bf21.12 42f94f28 043937 h ???????? 003 /wiki/FbAd
564bf23.78 42f94f28 043937 h ???????? 003 /wiki/GitScm
564bf25.e7 42f94f28 043937 h ???????? 003 /wiki/BoHo
564bf28.61 42f94f28 043937 h ???????? 002 /wiki/XianFa
564bf2a.a9 42f94f28 043937 h ???????? 002 /wiki/BuSt33
564bf2d.0f 42f94f28 043937 h ???????? 005 /wiki/AltCom
564bf2f.79 42f94f28 043937 h ???????? 005 /wiki/MitEdu
564bf31.da 42f94f28 043937 h ???????? 003 /wiki/ExPost
564bf34.43 42f94f28 043937 h ???????? 001 /hear/8c967ae8ecef902a9695457236ecc273
564bf36.a9 42f94f28 043937 h ???????? 004 /wiki/JuliZeh
564bf39.11 42f94f28 043937 h ???????? 003 /wiki/PaBu
564bf3b.7b 42f94f28 043937 h ???????? 002 /wiki/WikiClj
564bf3d.e0 42f94f28 043937 h ???????? 003 /wiki/WikiGod
564bf40.42 42f94f28 043937 h ???????? 004 /wiki/SunTse
564bf42.ac 42f94f28 043937 h ???????? 006 /wiki/GoSpiel
564bf45.13 42f94f28 043937 h ???????? 002 /wiki/RufName
564bf47.95 42f94f28 043937 h ???????? 002 /wiki/MindCls
564bf49.e3 42f94f28 043937 h ???????? 002 /wiki/MrBien
564bf4c.42 42f94f28 043937 h ???????? 003 /wiki/DeSign
564bf4e.a8 42f94f28 043937 h ???????? 002 /wiki/ClassOf
564bf51.14 42f94f28 043937 h ???????? 002 /wiki/KindOf
564bf53.74 42f94f28 043937 h ???????? 002 /wiki/SurName
564bf55.e4 42f94f28 043937 h ???????? 002 /wiki/GeHirn
564bf58.3f 42f94f28 043937 h ???????? 005 /wiki/RatHaus
564bf5a.a8 42f94f28 043937 h ???????? 002 /wiki/CatWalk
564bf5d.16 42f94f28 043937 h ???????? 002 /wiki/MindCss
564bf5f.73 42f94f28 043937 h ???????? 002 /wiki/PickiHH
564bf61.e0 42f94f28 043937 h ???????? 003 /wiki/SigMoid
564bf64.42 42f94f28 043937 h ???????? 002 /wiki/HotSpot
564bf66.a8 42f94f28 043937 h ???????? 002 /wiki/DenkAkt
564bf69.0f 42f94f28 043937 h ???????? 001 /hear/923c1fee99ff96702179968cc4bddc06
564bf6b.78 42f94f28 043937 h ???????? 002 /wiki/ProTect
564bf6d.dd 42f94f28 043937 h ???????? 002 /wiki/DrehOrt
564bf70.40 42f94f28 043937 h ???????? 001 /hear/f2a0b7a2a51248a27cfeb3c164d1a726
564bf72.a8 42f94f28 043937 h ???????? 002 /wiki/ZuKunft
564bf75.0c 42f94f28 043937 h ???????? 003 /wiki/InHerit
564bf77.74 42f94f28 043937 h ???????? 005 /wiki/RadiKal
564bf79.e0 42f94f28 043937 h ???????? 006 /hear/41c0c52257973cb30370c6bb20577bf4
564bf7c.4b 42f94f28 043937 h ???????? 002 /wiki/MarktId
564bf7e.a8 42f94f28 043937 h ???????? 002 /wiki/JoinClj
564bf81.0f 42f94f28 043937 h ???????? 003 /wiki/HolonQl
564bf83.73 42f94f28 043937 h ???????? 002 /wiki/ReplClj
564bf85.da 42f94f28 043937 h ???????? 002 /wiki/SendLove
564bf88.41 42f94f28 043937 h ???????? 002 /wiki/GeigeJa
564bf8a.a7 42f94f28 043937 h ???????? 002 /wiki/CloJure
564bf8d.17 42f94f28 043937 h ???????? 003 /wiki/IndexClj
564bf8f.74 42f94f28 043937 h ???????? 003 /wiki/FreeBook
564bf91.dc 42f94f28 043937 h ???????? 003 /wiki/MgmGrand
564bf94.5f 42f94f28 043937 h ???????? 008 /wiki/SnackEck
564bf96.a8 42f94f28 043937 h ???????? 002 /wiki/CacheClj
564bf99.11 42f94f28 043937 h ???????? 003 /wiki/ExaFlops
564bf9b.75 42f94f28 043937 h ???????? 002 /wiki/DeadLine
564bf9d.e8 42f94f28 043937 h ???????? 002 /wiki/MindMove
564bfa0.45 42f94f28 043937 h ???????? 004 /wiki/ToGether
564bfa2.b5 42f94f28 043937 h ???????? 003 /wiki/PullMall
564bfa5.14 42f94f28 043937 h ???????? 002 /wiki/TimBrown
564bfa7.75 42f94f28 043937 h ???????? 003 /wiki/OpenMind
564bfa9.dd 42f94f28 043937 h ???????? 002 /wiki/EierNass
564bfac.41 42f94f28 043937 h ???????? 002 /wiki/IchBiete
564bfae.ca 42f94f28 043937 h ???????? 007 /wiki/BartMann
564bfb1.16 42f94f28 043937 h ???????? 003 /wiki/InFinite
564bfb4.04 42f94f39 043937 s ???????? 002 /wiki/JanRain
564bfb5.db 42f94f28 043937 h ???????? 003 /wiki/ImMortal
564bfb8.40 42f94f28 043937 h ???????? 003 /wiki/KofiAnnan
564bfba.ab 42f94f39 043937 s ???????? 007 /wiki/IceCream
564bfbd.13 42f94f28 043937 h ???????? 002 /wiki/BumsRick
564bfbf.74 42f94f28 043937 h ???????? 002 /wiki/EtherNet
564bfc1.db 42f94f28 043937 h ???????? 003 /wiki/InterAct
564bfc4.42 42f94f28 043937 h ???????? 003 /wiki/MagaZine
564bfc6.a7 42f94f28 043937 h ???????? 002 /wiki/LichtAus
564bfc9.0f 42f94f28 043937 h ???????? 002 /wiki/CampusBar
564bfcb.77 42f94f28 043937 h ???????? 003 /wiki/KnowLedge
564bfcd.dc 42f94f28 043937 h ???????? 003 /wiki/JavaClass
564bfd0.4c 42f94f28 043937 h ???????? 003 /wiki/FirstName
564bfd2.aa 42f94f28 043937 h ???????? 002 /wiki/InVentory
564bfd5.12 42f94f28 043937 h ???????? 003 /wiki/ElbeRiver
564bfd7.78 42f94f28 043937 h ???????? 003 /wiki/OrderBook
564bfd9.e2 42f94f28 043937 h ???????? 005 /wiki/SunirShah
564bfdc.41 42f94f39 043937 s ???????? 002 /wiki/NachLass
564bfde.b0 42f94f28 043937 h ???????? 003 /wiki/AdiShamir
564bfe1.13 42f94f39 043937 s ???????? 003 /wiki/TrueLife
564bfe3.79 42f94f28 043937 h ???????? 002 /wiki/BroadBand
564bfe5.dc 42f94f28 043937 h ???????? 002 /wiki/PaulErdos
564bfe8.44 42f94f28 043937 h ???????? 002 /wiki/WarenKorb
564bfea.aa 42f94f28 043937 h ???????? 002 /wiki/IdeoLogie
564bfed.14 42f94f28 043937 h ???????? 002 /wiki/BuchStabe
564bfef.78 42f94f39 043937 s ???????? 008 /wiki/BestHash
564bff1.e8 42f94f28 043937 h ???????? 003 /wiki/SinnAtome
564bff4.47 42f94f28 043937 h ???????? 002 /wiki/PuffCafe
564bff6.b4 42f94f28 043937 h ???????? 004 /wiki/RosenChat
564bff9.1d 42f94f28 043937 h ???????? 003 /wiki/SkypeChat
564bffb.82 42f94f28 043937 h ???????? 003 /wiki/BlutDruck
564bffd.e4 42f94f28 043937 h ???????? 003 /wiki/TraumFrau
564c000.4c 42f94f28 043937 h ???????? 003 /wiki/TimBlPath
564c002.b2 42f94f28 043937 h ???????? 003 /wiki/EventType
564c005.20 42f94f28 043937 h ???????? 003 /wiki/JohnSmith
564c007.7d 42f94f28 043937 h ???????? 003 /wiki/GarageOne
564c008.73 480ec7aa 70a047 h ???????? 002 //rss.rdf
564c009.e6 42f94f28 043937 h ???????? 003 /wiki/WendyHall
564c00c.4c 42f94f28 043937 h ???????? 005 /wiki/OtherLand
564c00e.bb 42f94f28 043937 h ???????? 003 /wiki/HausRecht
564c011.24 42f94f28 043937 h ???????? 002 /wiki/BlauCouch
564c013.86 42f94f28 043937 h ???????? 003 /wiki/SuperComp
564c015.f1 42f94f28 043937 h ???????? 003 /wiki/BankKonto
564c018.5d 42f94f28 043937 h ???????? 003 /wiki/TolkeWitz
564c01a.cf 42f94f28 043937 h ???????? 008 /wiki/FilmKunst
564c01d.28 42f94f28 043937 h ???????? 003 /wiki/SmallTalk
564c01f.9f 42f94f28 043937 h ???????? 003 /wiki/VivaLaVida
564c022.1c 42f94f28 043937 h ???????? 003 /wiki/JohnFisher
564c024.69 42f94f28 043937 h ???????? 003 /wiki/FlohWalzer
564c026.e4 42f94f28 043937 h ???????? 003 /wiki/LockOffice
564c089.d2 42f94f2e 043937 h ???????? 003 /wiki/WikiSchatz
564c0ce.32 42f94f2b 043937 h ???????? 003 /wiki/TimesSales
564c130.ee 42f94f2e 043937 h ???????? 004 /wiki/ColumnFamilies
564c226.71 42f94f2b 043937 h ???????? 004 /wiki/KarlWeimann
564c22e.ea 42f94f2b 043937 h ???????? 003 /wiki/CarlWeigert
564c2ba.f0 42f94f3f 043937 s ???????? 007 /robots.txt
564c2ba.ef 42f94f3f 043937 s ???????? 00d /wiki/EarlyMayority
564c37c.33 42f94f39 043937 s ???????? 004 /wiki/HerrWasserfuhr
564c384.7b 42f94f3c 043937 s ???????? 004 /wiki/MagisterArbeit
564c3e5.c0 42f94f2b 043937 h ???????? 004 /wiki/EmilSchurer
564c3fe.6d 42f94f3f 043937 s ???????? 003 /wiki/SelfDrivingCar
564c410.a6 c4342b55 74bbda s ???????? 01e /
564c427.dd 42f94f28 043937 h ???????? 004 /wiki/ShareHolder
564c510.d6 42f94f3c 043937 s ???????? 002 /wiki/IrSc
564c564.b8 42f94f3f 043937 s ???????? 001 /wiki/CallName
564c5a1.04 42f94f39 043937 s ???????? 003 /wiki/MaDi
564c5c3.74 42f94f39 043937 s ???????? 002 /wiki/PeterChen
564c8d5.4b 42f94f3c 043937 s ???????? 002 /wiki/DerMannOhneGeheimnisse
564c913.c2 42f94f39 043937 s ???????? 003 /wiki/RaucherLunge
564c990.37 42f94f3f 043937 s ???????? 002 /wiki/MarkWDilley
564c9c4.b2 42f94f28 043937 h ???????? 002 /wiki/HansSteinert
564ca51.dc 50524676 b28cfa h ???????? 015 /
564cad5.4a c0632379 57819b h ???????? 001 //assets/components/gallery/connector.php
564cb75.02 c0632379 57819b h ???????? 001 /t/assets/components/gallery/connector.php
564cba5.ed 42f94f2b 043937 h ???????? 002 /wiki/PeterVajk
564cbdd.5d 42f94f39 043937 s ???????? 003 /wiki/OliGa
564cc87.0f 2ee5a183 ace56a h ???????? 002 //wiki/ChristianHeller
564ccc7.b9 42f94f3c 043937 s ???????? 002 /wiki/PeterGloor
564cd74.70 42f952d9 002725 h ???????? 001 /favicon.ico
564cdef.9b 5fa3ff6a 399ff9 h ???????? 002 /robots.txt
564cdf0.ba 5fa3ff66 399ff9 h ???????? 002 /wiki/RilkePanther
564cee7.46 42f94f3f 043937 s ???????? 003 /wiki/AnnoDomini2009
564cf01.b4 42f94f3f 043937 s ???????? 002 /wiki/IbmTla
564cfb7.fe 42f94f3c 043937 s ???????? 003 /wiki/StevenWolfram
564d0cb.1a 42f94f2e 043937 h ???????? 003 /wiki/ArthurLawen
564d136.79 42f94f28 043937 h ???????? 003 /wiki/EmilSehling
564d1fb.44 42f94f39 043937 s ???????? 004 /wiki/NumberCrunch
564d22a.58 bb0aac5c cedf5c h ???????? 01c /
564d31a.ef 5bea7c73 19c6c4 h ???????? 014 /
564d34d.f6 b9eada48 217706 s ???????? 01e /
564d34e.61 b9eada48 217706 s ???????? 001 /HNAP1/
564d473.e1 42f94f39 043937 s ???????? 003 /wiki/PeterSturm
564d527.3e 42f94f39 043937 s ???????? 003 /wiki/PeterHines
564d5eb.1d 42f94f2e 043937 h ???????? 003 /wiki/SoerenStamer
564d60a.79 42f94f3c 043937 s ???????? 002 /wiki/PeterMerel
564d6e3.c9 42f94f3f 043937 s ???????? 003 /wiki/WorkInProgress
564d74c.6b 42f94f39 043937 s ???????? 003 /wiki/KulturJournalismus
564d937.18 5b7c1489 19c6c4 h ???????? 014 /
564d9a1.7d 42f94f39 043937 s ???????? 002 /wiki/PeterWeiss
564da16.a1 42f94f2b 043937 h ???????? 003 /wiki/ReverseEngineer
564da7d.a9 42f94f2b 043937 h ???????? 003 /wiki/OliGa
564dbb0.77 42f94f2e 043937 h ???????? 003 /wiki/ArthurPrufer
564dc02.fd 6b1618c5 b846b5 h ???????? 002 //robots.txt
564dc03.6d 6b1618c5 b846b5 h ???????? 001 /robots.txt
564dc03.9e 6b1618c5 b846b5 h ???????? 014 /
564dc21.70 cf2e0d94 6a88e8 h ???????? 002 /edit/27086003
564dc24.4f a8018032 74bbda s ???????? 014 /
564ddcf.f0 42f94f3f 043937 s ???????? 003 /wiki/GedaechtnisKultur
564ddf7.c6 42f94f2b 043937 h ???????? 002 /wiki/HansPassler
564deb3.c5 42f94f28 043937 h ???????? 003 /wiki/RachelMcLish
564e0e5.e4 42f94f2e 043937 h ???????? 003 /wiki/ArthurLooss
564e0e6.bb 42f94f2e 043937 h ???????? 002 /wiki/OscarPeschel
564e119.75 42f94f2b 043937 h ???????? 002 /wiki/RobertJastrow
564e1b8.d7 42f94f3c 043937 s ???????? 003 /wiki/PeterSchulz
564e1bb.35 c7109db6 45fe92 h ???????? 001 /robots.txt
564e1bb.69 c7109db6 45fe92 h ???????? 014 /1
564e39b.c1 42f94f3c 043937 s ???????? 007 /wiki/PeterFox
564e3ab.bd 42f94f3c 043937 s ???????? 003 /wiki/PeterWegner
564e3bd.bf 42f94f39 043937 s ???????? 003 /wiki/RegenSchirm
564e714.7e 42f94f3f 043937 s ???????? 003 /wiki/[http://www.cs.brown.edu/~pw/]
564e74f.9b 42f94f2e 043937 h ???????? 004 /wiki/ZweiGleiseStrategie
564e773.50 480ec7aa 70a047 h ???????? 001 //rss.rdf
564e7ae.78 42f94f2b 043937 h ???????? 003 /wiki/GesellSchaft
564e803.ba 42f94f3c 043937 s ???????? 003 /wiki/PeterJamin
564e883.e6 42f94f3c 043937 s ???????? 003 /wiki/NatuerLich
564e96a.f9 42f94f2b 043937 h ???????? 003 /wiki/BernardNathansen
564ea3e.54 42f94f3c 043937 s ???????? 003 /wiki/PeterKabel
564ea3f.c1 42f94f39 043937 s ???????? 003 /wiki/LiKi
564ea7a.e6 42f94f3f 043937 s ???????? 003 /wiki/PeterPick
564ed51.2f 42f94f3f 043937 s ???????? 004 /wiki/PeterHankins
564ee21.ae 42f94f3f 043937 s ???????? 003 /wiki/PeterGlaser
564ef50.81 42f94f39 043937 s ???????? 004 /wiki/HeidisPeter
564ef55.11 42f94f39 043937 s ???????? 003 /wiki/PeterNeumann
564efd8.87 a801803d 74bbda h ???????? 015 /
564f0b6.d1 42f94f3f 043937 s ???????? 004 /wiki/PeterBrandl
564f0da.9e 22fd0e8a 5132e1 h ???????? 01b /
564f1ad.ba 42f94f39 043937 s ???????? 003 /wiki/PeterWeiner
564f1e7.09 42f94f3c 043937 s ???????? 003 /wiki/PeterSuber
564f3db.b0 42f94f28 043937 h ???????? 004 /wiki/WilhelmRisel
564f3f5.18 42f94f39 043937 s ???????? 003 /wiki/PeterRichter
564f510.5b 42f94f39 043937 s ???????? 004 /wiki/GcCa
564f548.4e 42f94f3c 043937 s ???????? 004 /wiki/StruwwelPeter
564f5a0.c6 42f94f3f 043937 s ???????? 003 /wiki/SerienMoerder
564f674.d8 5fa3ff18 399ff9 h ???????? 002 /robots.txt
564f676.ed 5fa3ff1a 399ff9 h ???????? 003 /wiki/RaumPlan
564f695.36 42f94f2e 043937 h ???????? 008 /wiki/LangEs
564f807.d6 42f94f39 043937 s ???????? 004 /wiki/PeterEnsikat
564f971.f1 42f94f28 043937 h ???????? 007 /wiki/StefanSavage
564fa3d.4e 42f94f39 043937 s ???????? 004 /wiki/PeterKirwan
564fa50.2c 3435c94e c8c944 h ???????? 030 /
564fb29.a7 42f94f3c 043937 s ???????? 003 /wiki/PeterSodann
564fb96.a2 42f94f3f 043937 s ???????? 003 /wiki/PeterHandke
564fbca.0e 42f94f2e 043937 h ???????? 003 /wiki/IrSc
564fca6.76 42f94f3f 043937 s ???????? 006 /wiki/PeterHettlich
564fd82.30 42f94f2e 043937 h ???????? 004 /wiki/ErnstPlatner
564fe5e.74 42f94f3f 043937 s ???????? 002 /wiki/PeterGabriel
564ff3a.21 42f94f2e 043937 h ???????? 002 /wiki/SaSp32
