5650016.9d 42f94f3c 043937 s ???????? 002 /wiki/PeterSchink
5650031.79 42f94f28 043937 h ???????? 002 /wiki/LockSchuppen3D
56500f2.83 42f94f3c 043937 s ???????? 002 /wiki/PeterEich
565012b.87 be70296e cedf5c h ???????? 016 /
5650360.e2 42f94f3f 043937 s ???????? 002 /wiki/PeterGorny
565040f.10 42f94f3f 043937 s ???????? 002 /wiki/PeterRaulefs
56504fe.50 42f94f39 043937 s ???????? 002 /wiki/PeterMueller
56505a2.bf 42f94f39 043937 s ???????? 003 /wiki/PeterChallenge
5650640.65 42f94f39 043937 s ???????? 003 /wiki/PeterJosephLenne
565078d.78 42f94f3c 043937 s ???????? 002 /wiki/PeterLames
56507f0.1d 3cbf264d 24f5f0 s ???????? 019 /
5650833.15 42f94f3f 043937 s ???????? 002 /wiki/PeterPattern
565096b.75 42f94f3c 043937 s ???????? 002 /wiki/ThiloWeichert
5650a81.e7 42f94f2e 043937 h ???????? 003 /wiki/OhGott
5650add.43 42f94f3c 043937 s ???????? 003 /wiki/BuchAutor
5650b2f.73 42f94f39 043937 s ???????? 002 /wiki/HeisenbergschenUnschaerfeRelation
5650b36.a7 42f94f28 043937 h ???????? 002 /wiki/AlSu
5650cda.5e 42f94f2b 043937 h ???????? 003 /wiki/IbmTla
5650ddb.59 42f94f3c 043937 s ???????? 002 /wiki/PetersStrasse
5650ed5.48 42f94f3f 043937 s ???????? 002 /wiki/PeterKoegler
5650f80.1c 480ec7aa 70a047 h ???????? 002 //rss.rdf
5650f81.60 42f94f3f 043937 s ???????? 003 /wiki/PeterRossbach
5650fa1.54 42f94f3f 043937 s ???????? 002 /wiki/HasTalked
5650fcc.63 42f94f39 043937 s ???????? 003 /wiki/PeterLenk
5651050.1b b90c3ce0 19c6c4 h ???????? 01a /
5651122.36 6d5ee3f4 702dd8 h ???????? 01d /
5651180.d0 42f94f3c 043937 s ???????? 002 /wiki/EntwederOder
56511fe.7f 5fa3ff77 399ff9 h ???????? 001 /robots.txt
56511fe.da 5fa3ff5e 399ff9 h ???????? 002 /wiki/TuerAn
5651206.85 5fa3ff6d 399ff9 h ???????? 002 /wiki/536001
565120c.b5 5fa3ff69 399ff9 h ???????? 003 /wiki/LinieDrei
5651212.bc 5fa3ff60 399ff9 h ???????? 007 /wiki/AnEi
5651219.e3 5fa3ff72 399ff9 h ???????? 002 /wiki/ZuJung
5651220.37 5fa3ff70 399ff9 h ???????? 001 /AlphaDay
5651226.c4 5fa3ff62 399ff9 h ???????? 002 /wiki/KhBi
565122f.96 5fa3ff76 399ff9 h ???????? 003 /wiki/DeHa
5651235.af 5fa3ff6b 399ff9 h ???????? 002 /wiki/WikiPage
565123c.fb 5fa3ff5e 399ff9 h ???????? 002 /wiki/EyeDotz
5651243.76 5fa3ff75 399ff9 h ???????? 002 /wiki/HaTa
5651249.c2 5fa3ff5c 399ff9 h ???????? 004 /wiki/LaufHaus
5651344.bc 42f94f39 043937 s ???????? 008 /wiki/DrScheckentuer
5651395.b1 42f94f2e 043937 h ???????? 003 /wiki/AufBau
5651576.ef 42f94f39 043937 s ???????? 003 /wiki/LeMio
5651582.66 42f94f3f 043937 s ???????? 002 /wiki/PeterHofinger
56516f0.0b 42f94f3f 043937 s ???????? 004 /wiki/PeterEmilBecker
5651714.64 42f94f39 043937 s ???????? 003 /wiki/ProFessor
56517a2.0b 42f94f3f 043937 s ???????? 003 /wiki/PeterSloterdijk
5651898.17 42f94f3c 043937 s ???????? 002 /wiki/FahrSicherheit
56518c8.82 42f94f28 043937 h ???????? 002 /wiki/MarkFi
5651916.8f 42f94f39 043937 s ???????? 007 /wiki/PeterSaintAndre
5651ab3.11 05080aca 12bd58 s ???????? 015 /
5651cf8.cb 42f94f2e 043937 h ???????? 00a /wiki/DeBug
5651da0.ef 42f94f28 043937 h ???????? 002 /wiki/LeMio
56520af.1b c16a1e63 eaf401 h ???????? 013 /
56520b1.35 51d1cbc2 cedf5c h ???????? 015 /
565214d.e2 42f94f3f 043937 s ???????? 003 /wiki/PeterLErdos
5652245.fb 42f94f39 043937 s ???????? 003 /wiki/EigenWillig
56522bf.af 42f94f39 043937 s ???????? 003 /wiki/SelbstErnannt
56522c5.31 42f94f39 043937 s ???????? 003 /wiki/LarrySchlotter
5652489.90 42f94612 043937 s ???????? 003 /wiki/UnterWirf
56524d8.30 42f9460a 043937 h ???????? 004 /wiki/MaDi
56525ab.9c 42f94612 043937 s ???????? 003 /wiki/NachBar
5652746.3c b44c0f18 fa643b h ???????? 002 /robots.txt
5652746.3d b44c0fa1 fa643b h ???????? 008 /robots.txt
56527a7.5e b44c0f99 a04d28 h ???????? 01b /
565281e.53 42f94610 043937 s ???????? 003 /wiki/PetersLaws
56528ea.09 33260c17 a397c6 h ???????? 01f /
5652cad.af 5fd829a2 028fc4 s ???????? 002 /robots.txt
5652cb4.d4 5fd829a2 028fc4 s ???????? 440 /memo
5652e0d.5f 42f94614 043937 s ???????? 004 /wiki/PeterBittner
5652ebb.fc 42f94608 043937 h ???????? 003 /wiki/ForEx
5653102.6b 42f94614 043937 s ???????? 003 /wiki/PeterDamoc
56531c0.93 42f94610 043937 s ???????? 003 /wiki/PhilippeGreier
565351b.80 42f94608 043937 h ???????? 003 /wiki/OpeningLecture
56535c7.fa 42f94610 043937 s ???????? 003 /wiki/PeterPfau
5653700.10 b9d9a2c2 cdfc4d h ???????? 01c /
565371e.92 42f95927 70a047 h ???????? 001 //rss.rdf
5653726.48 42f94610 043937 s ???????? 004 /wiki/PeterBofinger
5653796.09 42f94612 043937 s ???????? 003 /wiki/KreditRegister
565385a.36 42f94610 043937 s ???????? 003 /wiki/[http://www.earlham.edu/~peters/]
5653918.6e 5fa3ff1c 399ff9 h ???????? 007 /robots.txt
5653919.c3 5fa3ff1b 399ff9 h ???????? 004 /wiki/InBox
5653980.1d 42f94612 043937 s ???????? 002 /wiki/FictionalCharacter
5653a21.5b b44c0f0a a04d28 h ???????? 012 /
5653c00.87 5fa3ff22 399ff9 h ???????? 002 /robots.txt
5653c02.5f 5fa3ff27 399ff9 h ???????? 005 /FloatingBoats
5653ce1.a1 42f94606 043937 h ???????? 004 /wiki/AufWand
5653e38.ad b44c0f13 a04d28 h ???????? 01b /
565407f.45 42f94608 043937 h ???????? 003 /wiki/UniFy
56540ff.d0 33260c17 a397c6 s ???????? 012 /
56543c9.b5 42f94614 043937 s ???????? 005 /wiki/PeterKuerten
56545ed.1a 42f94606 043937 h ???????? 002 /wiki/FankFurt
5654629.ff 42f9460a 043937 h ???????? 002 /wiki/NachBar
5654989.8c 42f9460a 043937 h ???????? 002 /wiki/WikiClj
56549f9.8a cf2e0d94 6a88e8 h ???????? 018 /edit/103676003
5654d04.31 42f94610 043937 s ???????? 002 /wiki/SaZi
5654d23.b6 42f940df 043937 h ???????? 001 /robots.txt
5654d23.f0 42f940df 043937 h ???????? 01a /
5654d29.b1 42f940db ab3bd9 h ???????? 002 /feel/4
5654d2a.0f 42f940db ab3bd9 h ???????? 002 /feel/8
5654d2a.82 42f940db ab3bd9 h ???????? 014 /feel/10
5654d38.19 42f94614 043937 s ???????? 002 /wiki/EvLu
5654db9.31 42f940dd 043937 h ???????? 002 /feel/
5654dd1.46 42f940db 043937 h ???????? 001 /alive/
5654de0.f7 42f940db 043937 h ???????? 002 /wiki/AlanTuring
5654e45.87 42f94614 043937 s ???????? 002 /wiki/SandroZimmermann
5654e7a.f8 67595b9d ee113c h ???????? 012 /
5654e7b.e7 67595b9d ee113c h ???????? 001 //https://floatingboat2013.appspot.com
5654e7c.bb 67595b9d ee113c h ???????? 002 //wiki/AlanTuring
5654e7e.11 67595b9d ee113c h ???????? 002 //wiki/GottfriedWilhelmLeibniz
5654e7f.30 67595b9d ee113c h ???????? 001 //https://floatingboat2013.appspot.com/UrPic
5654e80.04 67595b9d ee113c h ???????? 002 //https://floatingboat2013.appspot.com/ad
5654e80.95 42f9460a 043937 h ???????? 002 /wiki/SaZi
5654e81.46 67595b9d ee113c h ???????? 002 //https://sl4.eu/hls
5654e82.1d 67595b9d ee113c h ???????? 001 //https://sl4.eu/ls
5654e82.ee 67595b9d ee113c h ???????? 001 //https://sl4.eu/sh
5654e83.cb 67595b9d ee113c h ???????? 001 //https://www.youtube.com/watch
5654f22.37 42f94614 043937 s ???????? 002 /wiki/TeichelMauke
5654f84.42 42f94614 043937 s ???????? 003 /wiki/PeterWilhelmHerchenbach
5654fd7.af 42f94610 043937 s ???????? 002 /wiki/PeterLehmann2
5655083.a8 42f94612 043937 s ???????? 003 /wiki/NeunKirchen
5655084.a1 42f94610 043937 s ???????? 002 /wiki/GlobusDresden
5655140.92 5fa3ff27 399ff9 h ???????? 003 /robots.txt
5655141.e3 5fa3ff23 399ff9 h ???????? 003 /wiki/RealFilm
5655242.bc 42f94608 043937 h ???????? 004 /wiki/SameAs
565530c.1d 3624966d 433e9c h ???????? 001 /robots.txt
565530c.cb 9750276a 433e9c h ???????? 002 /wiki/WahnBach
56553b8.07 42f9460a 043937 h ???????? 004 /wiki/EvLu
565543d.88 42f94614 043937 s ???????? 013 /
565546c.be 42f9460a 043937 h ???????? 003 /wiki/RotWein
5655482.6d 2ee5a847 c89f4f h ???????? 002 /robots.txt
5655482.d6 2ee5a850 c89f4f h ???????? 003 /wiki/WikiPedia
565558c.ec 42f9460a 043937 h ???????? 003 /wiki/VorLage
5655a69.f0 50f7f44f be37cc h ???????? 015 /
5655bb4.57 42f94608 043937 h ???????? 008 /wiki/ArtAgent
5655d7f.62 42f94614 043937 s ???????? 00c /wiki/HafenCity
5655dc7.2f cf2e0d94 6a88e8 h ???????? 002 /edit/35966001
56560a7.1e 42f94606 043937 h ???????? 003 /wiki/NtpTla
5656140.29 42f95927 70a047 h ???????? 001 //rss.rdf
5656284.c1 42f94608 043937 h ???????? 003 /wiki/JanRain
565644d.c9 42f94610 043937 s ???????? 003 /wiki/PeterTeichmann
565669f.bb 42f94614 043937 s ???????? 003 /wiki/ZollHof
56567a9.e0 42f94606 043937 h ???????? 003 /wiki/LongTerm
5656c9a.34 42f94606 043937 h ???????? 003 /wiki/CoverPic
5656eba.a0 42f9460a 043937 h ???????? 015 /
565706c.40 42f94608 043937 h ???????? 004 /wiki/EyalOren
56571d0.a7 42f94608 043937 h ???????? 004 /wiki/ZollHof
565720f.1d 42f9460a 043937 h ???????? 003 /wiki/OpenCyc
5657622.72 42f9460a 043937 h ???????? 003 /wiki/ZuRueck
5657750.51 42f94606 043937 h ???????? 004 /wiki/BeTreff
5657795.a5 42f94606 043937 h ???????? 004 /wiki/MahlZeit
56577d0.3d bca5ea34 e3b0c4 h ???????? 002 /robots.txt
56577d2.68 bca5ea34 147e59 h ???????? 01e /
56579d4.41 42f94608 043937 h ???????? 008 /wiki/BusinessLuder
5657bfc.8d 5fa3ff27 399ff9 h ???????? 002 /robots.txt
5657bfd.d1 5fa3ff20 399ff9 h ???????? 004 /wiki/RainerTest
5657ce6.72 42f94608 043937 h ???????? 003 /wiki/KarlRohn
5657e9b.61 42f94606 043937 h ???????? 004 /wiki/TrueLife
5657eed.27 675594c2 be37cc h ???????? 01e /
565817a.59 25bb3842 e3b0c4 h ???????? 002 /robots.txt
565817c.7d 25bb3842 9b6b51 h ???????? 01d /
565821a.5d 42f94606 043937 h ???????? 003 /wiki/PeterFox
56583d2.7a 42f94606 043937 h ???????? 004 /wiki/MindTag
565847f.3d 8e04d774 e3b0c4 h ???????? 002 /robots.txt
5658481.c2 8e04d774 d9ec50 h ???????? 01c /
565848f.d8 42f9460a 043937 h ???????? 003 /wiki/OlivHemd
56584bb.cc b1421d82 cedf5c h ???????? 017 /
565861b.8f 2d47e407 cedf5c h ???????? 01c /
56589d9.b3 b44c0f1f a04d28 h ???????? 002 /LifeDay
5658ae3.3f 42f95927 70a047 h ???????? 003 //rss.rdf
5658bd7.64 42f94612 043937 s ???????? 004 /wiki/MindDuft
5658d46.41 d9458f38 87563c h ???????? 002 /robots.txt
5658d49.d8 d9458f3a 87563c h ???????? 004 /wiki/LockSchuppenDe
5658e05.11 b44c0f08 a04d28 h ???????? 002 /wiki/%3Ca%20class=%22blue%22%20href=%22/wiki/PlanetErde%22%3EPlanetErde%3C/a%3E
5658ebe.a1 6bb7f802 7454d3 h ???????? 002 //rss.rdf
5658f7c.ef 05024b0a 7454d3 h ???????? 004 //rss.rdf
5658f91.59 6b9b98de 6314aa h ???????? 001 //rss.rdf
5658fde.a5 5fa3ff19 399ff9 h ???????? 002 /robots.txt
5658fe0.4d 5fa3ff1b 399ff9 h ???????? 002 /wiki/ZugNach
5659193.69 42f94608 043937 h ???????? 003 /wiki/BuchAutor
565924f.67 42f9460a 043937 h ???????? 002 /wiki/HansLenk
5659262.be 42f94608 043937 h ???????? 002 /wiki/PeterLenk
5659352.c9 42f9460a 043937 h ???????? 003 /wiki/PeterJamin
5659495.dc 8b636391 661b67 s ???????? 017 /
5659496.31 8b636391 661b67 h ???????? 025 /
5659496.a8 8b636391 661b67 h ???????? 001 /drupal/
5659498.12 8b636391 661b67 h ???????? 001 /cms/
5659499.c2 8b636391 661b67 s ???????? 001 /drupal/
565949a.d2 8b636391 661b67 s ???????? 002 /cms/
565949b.81 8b636391 661b67 h ???????? 001 /status
565949b.f1 8b636391 661b67 h ???????? 01b /
565949c.c5 8b636391 661b67 s ???????? 003 /status
565949d.b9 8b636391 661b67 s ???????? 011 /
565949e.d1 8b636391 661b67 s ???????? 002 /script
565949f.80 8b636391 661b67 h ???????? 001 /script
565949f.fe 8b636391 661b67 h ???????? 001 /jenkins/script
56594a0.75 8b636391 661b67 h ???????? 002 /login
56594a0.e2 8b636391 661b67 h ???????? 002 /jmx-console
56594a2.b3 8b636391 661b67 s ???????? 002 /jenkins/script
56594a3.7c 8b636391 661b67 s ???????? 002 /login
56594a4.55 8b636391 661b67 h ???????? 014 /
56594a4.c1 8b636391 661b67 h ???????? 019 /
56594a5.37 8b636391 661b67 h ???????? 002 /manager/html
56594a5.4c 8b636391 661b67 s ???????? 002 /jmx-console
56594a5.a3 8b636391 661b67 h ???????? 017 /
56594a6.2e 8b636391 661b67 h ???????? 032 /
56594a6.35 8b636391 661b67 s ???????? 01d /
56594a6.b8 8b636391 661b67 h ???????? 001 /tomcat-cms/cmd.jsp
56594a7.22 8b636391 661b67 s ???????? 02e /
56594a7.37 8b636391 661b67 h ???????? 011 /
56594a7.a8 8b636391 661b67 h ???????? 012 /
56594a8.fb 8b636391 661b67 s ???????? 001 /manager/html
56594a9.19 8b636391 661b67 h ???????? 002 /dfn/nman.jsp
56594aa.c5 8b636391 661b67 s ???????? 012 /
56594ab.9e 8b636391 661b67 s ???????? 017 /
56594ac.75 8b636391 661b67 s ???????? 001 /tomcat-cms/cmd.jsp
56594ad.3e 8b636391 661b67 s ???????? 014 /
56594ae.05 8b636391 661b67 s ???????? 016 /
56594ae.d0 8b636391 661b67 s ???????? 001 /dfn/nman.jsp
56594af.a2 8b636391 661b67 s ???????? 018 /
56594b0.6e 8b636391 661b67 s ???????? 014 /
56594b2.42 8b636391 661b67 s ???????? 002 /dfn/df.jsp
56594b4.07 8b636391 661b67 s ???????? 017 /
56594b4.d1 8b636391 661b67 s ???????? 019 /
56594b5.b2 8b636391 661b67 s ???????? 001 /Catalina/df.jsp
56594b6.80 8b636391 661b67 s ???????? 014 /
56594b8.4f 8b636391 661b67 s ???????? 016 /
56594b8.95 8b636391 661b67 h ???????? 001 /dfn/df.jsp
56594b9.01 8b636391 661b67 h ???????? 015 /
56594b9.70 8b636391 661b67 h ???????? 012 /
56594bc.19 8b636391 661b67 s ???????? 002 /host/cmd.jsp
56594bd.00 8b636391 661b67 h ???????? 003 /Catalina/df.jsp
56594bd.01 8b636391 661b67 s ???????? 01c /
56594bd.7a 8b636391 661b67 h ???????? 01b /
56594bd.d5 8b636391 661b67 s ???????? 014 /
56594be.a3 8b636391 661b67 s ???????? 016 /
56594c0.f5 8b636391 661b67 h ???????? 016 /
56594c1.6a 8b636391 661b67 h ???????? 006 /host/cmd.jsp
56594c1.d6 8b636391 661b67 h ???????? 013 /
56594c3.45 8b636391 661b67 h ???????? 015 /
56594c3.b7 8b636391 661b67 h ???????? 017 /
56594c4.32 8b636391 661b67 h ???????? 002 //administrator
56594c9.82 8b636391 661b67 s ???????? 002 /joomla/administrator
56594ca.4c 8b636391 661b67 s ???????? 002 /cms/administrator
56594cc.af 8b636391 661b67 h ???????? 002 /cms/administrator
56594cd.1d 8b636391 661b67 h ???????? 001 /Joomla/administrator
56594cd.87 8b636391 661b67 h ???????? 002 /msd
56594cd.f2 8b636391 661b67 h ???????? 002 /mySqlDumper
56594ce.65 8b636391 661b67 h ???????? 002 /msd1.24stable
56594ce.d8 8b636391 661b67 h ???????? 002 /msd1.24.4
56594d0.4e 8b636391 661b67 h ???????? 001 /mysqldumper
56594d0.c0 8b636391 661b67 h ???????? 002 /MySQLDumper
56594d2.2e 8b636391 661b67 h ???????? 001 /mysql
56594d2.a0 8b636391 661b67 h ???????? 001 /sql
56594d4.0d 8b636391 661b67 h ???????? 002 /cgi-bin/php
56594d5.23 8b636391 661b67 s ???????? 006 /msd
56594d5.80 8b636391 661b67 h ???????? 001 /cgi-bin/php5
56594d5.ee 8b636391 661b67 h ???????? 002 /phpmyadmin
56594d7.12 8b636391 661b67 s ???????? 001 /mySqlDumper
56594d7.5b 8b636391 661b67 h ???????? 002 /phpMyAdmin
56594d7.e6 8b636391 661b67 s ???????? 002 /msd1.24stable
56594d8.ab 8b636391 661b67 s ???????? 006 /msd1.24.4
56594d8.c7 8b636391 661b67 h ???????? 001 /mysql
56594d9.79 8b636391 661b67 s ???????? 002 /mysqldumper
56594dc.33 8b636391 661b67 h ???????? 002 /sql
56594dd.49 8b636391 661b67 s ???????? 001 /MySQLDumper
56594df.26 8b636391 661b67 s ???????? 002 /mysql
56594df.ae 8b636391 661b67 h ???????? 002 /myadmin
56594e0.1b 8b636391 661b67 h ???????? 002 /phpMyAdmin-4.2.1-all-languages
56594e0.f8 8b636391 661b67 s ???????? 001 /sql
56594e1.9a 8b636391 661b67 h ???????? 001 /phpMyAdmin-4.2.1-english
56594e2.0c 8b636391 661b67 h ???????? 002 /xampp/phpmyadmin
56594e2.79 8b636391 661b67 h ???????? 002 /typo3/phpmyadmin
56594e2.db 8b636391 661b67 s ???????? 001 /cgi-bin/php
56594e2.ed 8b636391 661b67 h ???????? 002 /webadmin
56594e3.5a 8b636391 661b67 h ???????? 014 /
56594e4.d1 8b636391 661b67 s ???????? 002 /cgi-bin/php5
56594e5.c1 8b636391 661b67 s ???????? 00e /phpmyadmin
56594e6.a4 8b636391 661b67 s ???????? 001 /phpMyAdmin
56594e6.d1 8b636391 661b67 h ???????? 001 /sqlite/main.php
56594e7.57 8b636391 661b67 h ???????? 001 /SQLite/SQLiteManager-1.2.4/main.php
56594e7.73 8b636391 661b67 s ???????? 002 /mysql
56594e7.ca 8b636391 661b67 h ???????? 002 /SQLiteManager-1.2.4/main.php
56594e8.3b 8b636391 661b67 h ???????? 002 /sqlitemanager/main.php
56594e8.6b 8b636391 661b67 s ???????? 002 /sql
56594e9.a9 8b636391 661b67 h ???????? 002 /SQlite/main.php
56594ea.1d 8b636391 661b67 h ???????? 002 /SQLiteManager/main.php
56594ea.48 8b636391 661b67 s ???????? 001 /myadmin
56594f2.a6 8b636391 661b67 h ???????? 019 /
56594f3.38 8b636391 661b67 s ???????? 026 /
56594f5.4f 8b636391 661b67 s ???????? 002 /sqlite/main.php
56594f6.38 8b636391 661b67 h ???????? 006 //wp-login.php
56594f6.41 8b636391 661b67 s ???????? 001 /SQLite/SQLiteManager-1.2.4/main.php
56594f7.b5 8b636391 661b67 h ???????? 002 /wordpress/wp-login.php
56594f8.3c 8b636391 661b67 s ???????? 003 /SQLiteManager-1.2.4/main.php
56594f8.43 8b636391 661b67 h ???????? 001 /wp/wp-login.php
56594f8.c6 8b636391 661b67 h ???????? 002 /blog/wp-login.php
56594f9.40 8b636391 661b67 h ???????? 002 /Wordpress/wp-login.php
56594f9.76 8b636391 661b67 s ???????? 002 /sqlitemanager/main.php
56594f9.b1 8b636391 661b67 h ???????? 002 /Blog/wp-login.php
56594fa.90 8b636391 661b67 s ???????? 002 /SQlite/main.php
56594fb.77 8b636391 661b67 s ???????? 002 /SQLiteManager/main.php
56594fc.78 8b636391 661b67 s ???????? 001 /webdav
56594fd.d6 8b636391 661b67 s ???????? 01d /
56594ff.2d 8b636391 661b67 s ???????? 017 /
5659502.3e 8b636391 661b67 s ???????? 01d /
5659504.00 8b636391 661b67 s ???????? 003 //wp-login.php
5659505.c7 8b636391 661b67 s ???????? 002 /wordpress/wp-login.php
5659507.f6 8b636391 661b67 s ???????? 002 /wp/wp-login.php
5659509.99 8b636391 661b67 s ???????? 002 /blog/wp-login.php
565950b.0d 8b636391 661b67 s ???????? 001 /Wordpress/wp-login.php
565950c.21 8b636391 661b67 s ???????? 002 /Blog/wp-login.php
5659595.e2 42f94606 043937 h ???????? 00a /wiki/HauptUser
5659601.8e 42f9460a 043937 h ???????? 003 /wiki/NachLass
5659632.50 5fa3ff16 399ff9 h ???????? 002 /love/4d
5659687.91 42f94608 043937 h ???????? 003 /wiki/BestHash
565971c.f1 42f94614 622963 s ???????? 01f /
565976e.24 42f9460a 043937 h ???????? 004 /wiki/PeterGloor
565981d.89 5fa3ff5d 399ff9 h ???????? 002 /robots.txt
5659820.06 5fa3ff70 399ff9 h ???????? 003 /wiki/RaumPlan
5659827.14 5fa3ff76 399ff9 h ???????? 00a /wiki/RealFilm
5659873.7f 42f94608 043937 h ???????? 003 /wiki/PeterDamoc
565994c.61 42f9460a 043937 h ???????? 004 /wiki/PeterSturm
5659991.8a 80c7a160 ef60d6 h ???????? 021 /
5659abc.d7 42f9460a 043937 h ???????? 004 /wiki/PeterKabel
5659adf.9a 9750271f 433e9c h ???????? 006 /wiki/NooPolis
5659d11.a0 42f94608 622963 h ???????? 012 /
5659d9f.49 42f94606 043937 h ???????? 002 /wiki/PeterWegner
5659fe6.d1 42f94610 043937 s ???????? 00a /wiki/[http://www.csc.lsu.edu/~chen/]
565a001.d0 42f94606 043937 h ???????? 002 /wiki/MindSpinne
565a003.c9 42f94606 043937 h ???????? 002 /wiki/SingularTv
565a007.06 42f94606 043937 h ???????? 002 /wiki/TxKAfoHPXU
565a00a.5e 42f94608 043937 h ???????? 003 /wiki/PeterThiel
565a00d.80 42f94606 043937 h ???????? 006 /wiki/WeltKultur
565a010.ba 42f94606 043937 h ???????? 002 /wiki/SocialHack
565a013.f3 42f94606 043937 h ???????? 003 /wiki/ClickDummy
565a017.2f 42f94606 043937 h ???????? 002 /wiki/BrokerChat
565a01a.6a 42f94606 043937 h ???????? 002 /wiki/MachtFrage
565a01d.ae 42f94606 043937 h ???????? 00a /wiki/TheMission
565a020.e3 42f94606 043937 h ???????? 002 /wiki/OTheLetter
565a024.21 42f94606 043937 h ???????? 004 /wiki/TanyaVlach
565a027.56 42f94606 043937 h ???????? 002 /wiki/HausNummer
565a02a.92 42f94606 043937 h ???????? 002 /wiki/HeinerWolf
565a02d.d4 42f94610 043937 s ???????? 002 /wiki/TraumZwei
565a031.0d 42f94606 043937 h ???????? 002 /wiki/JohnHolger
565a034.4f 42f94606 043937 h ???????? 002 /wiki/DatenScheu
565a037.81 42f94606 043937 h ???????? 002 /wiki/KxjVlaLBmk
565a03a.c7 42f94606 043937 h ???????? 002 /wiki/NicoKrause
565a03e.02 42f94608 043937 h ???????? 003 /wiki/SicherHeit
565a041.34 42f94608 043937 h ???????? 002 /wiki/BerndBeyer
565a044.74 42f94606 043937 h ???????? 002 /wiki/AnjaEigner
565a047.ad 42f94606 043937 h ???????? 002 /wiki/DonTapscott
565a04b.0d 42f94606 043937 h ???????? 002 /wiki/TobiasPeter
565a04e.28 42f94606 043937 h ???????? 003 /wiki/GeorgeWBush
565a051.80 42f94606 043937 h ???????? 003 /wiki/ZuckerTuete
565a054.9a 42f94606 043937 h ???????? 002 /wiki/HagenStanek
565a057.d8 42f94606 043937 h ???????? 002 /wiki/JuergenKohn
565a05b.15 42f94606 043937 h ???????? 002 /wiki/SkillCloud
565a05e.4d 42f94606 043937 h ???????? 002 /wiki/AltModisch
565a061.7f 42f94606 043937 h ???????? 003 /wiki/MyersBriggs
565a064.ab 42f94606 043937 h ???????? 003 /wiki/FrozenWorld
565a067.d9 42f94606 043937 h ???????? 002 /wiki/NorbertRost
565a06b.0d 42f94606 043937 h ???????? 002 /wiki/StartUpYear
565a06e.35 42f94606 043937 h ???????? 002 /wiki/TechnoRati
565a071.67 42f94610 043937 s ???????? 003 /wiki/BierGarten
565a074.95 42f94606 043937 h ???????? 003 /wiki/GooglePlex
565a077.ca 42f94606 043937 h ???????? 002 /wiki/FinePixA204
565a07a.e2 42f94606 043937 h ???????? 002 /wiki/UIxLoj34
565a07e.12 42f94606 043937 h ???????? 002 /wiki/GoogleFluse
565a081.2a 42f94606 043937 h ???????? 002 /wiki/FinishedAt
565a084.4b 42f94606 043937 h ???????? 002 /wiki/InviteeSex
565a087.6d 42f94610 043937 s ???????? 002 /wiki/MindReader
565a08a.ae 42f94606 043937 h ???????? 003 /wiki/BlackBoard
565a08d.dd 42f94606 043937 h ???????? 003 /wiki/HBaseAdmin
565a091.0c 42f94606 043937 h ???????? 002 /wiki/IanFleming
565a094.46 42f94606 043937 h ???????? 002 /wiki/BoiFaltings
565a097.69 42f94606 043937 h ???????? 003 /wiki/SteffenFlath
565a09a.9c 42f94606 043937 h ???????? 002 /wiki/InterWoven
565a09d.cc 42f94606 043937 h ???????? 002 /wiki/NeuroBalance
565a0a1.04 42f94610 043937 s ???????? 003 /wiki/BookShelved
565a0a4.2b 42f94606 043937 h ???????? 003 /wiki/KylieMinogue
565a0a7.59 42f94606 043937 h ???????? 003 /wiki/ATheLetter
565a0aa.8d 42f94610 043937 s ???????? 004 /wiki/DvbTram2823
565a0ad.c5 42f94606 043937 h ???????? 003 /wiki/SigmundFreud
565a0b0.ec 42f94606 043937 h ???????? 003 /wiki/NoahDarkkojo
565a0b4.1d 42f94608 043937 h ???????? 003 /wiki/KnutRadbruch
565a0b7.4b 42f94606 043937 h ???????? 003 /wiki/RecentEvents
565a0ba.81 42f94606 043937 h ???????? 003 /wiki/HorstFrank
565a0bd.b3 42f94610 043937 s ???????? 002 /wiki/SiggiBecker
565a0c0.e0 42f94606 043937 h ???????? 003 /wiki/KonStytucja
565a0c4.1d 42f94606 043937 h ???????? 007 /wiki/SabeerBhatia
565a0c7.3e 42f94606 043937 h ???????? 003 /wiki/MindPostBote
565a0ca.72 42f94606 043937 h ???????? 003 /wiki/TenzinGyatso
565a0cd.9d 42f94606 043937 h ???????? 003 /wiki/LifeDay16110
565a0d0.cd 42f94606 043937 h ???????? 002 /wiki/KabiNettChat
565a0d4.1e 42f94606 043937 h ???????? 003 /wiki/GerdFaltings
565a0d7.32 42f94606 043937 h ???????? 003 /wiki/JackDongarra
565a0da.65 42f94606 043937 h ???????? 003 /wiki/HajimeUchida
565a0dd.90 42f94606 043937 h ???????? 002 /wiki/SvenPaeselt
565a0e0.c0 42f94606 043937 h ???????? 003 /wiki/IkeaDresden
565a0e3.f6 42f94606 043937 h ???????? 003 /wiki/RichardHelm
565a0e7.21 42f94606 043937 h ???????? 006 /wiki/ThirstiNess
565a0ea.55 42f94606 043937 h ???????? 003 /wiki/OpenEconomy
565a0ed.84 42f94606 043937 h ???????? 003 /wiki/EjAoBKagWQA
565a0f0.d3 42f9460a 043937 h ???????? 003 /wiki/TimBruysten
565a0f3.e4 42f94608 043937 h ???????? 003 /wiki/SimonKoeppl
565a0f7.15 42f94606 043937 h ???????? 003 /wiki/WifeForADay
565a0fa.45 42f94610 043937 s ???????? 003 /wiki/EndMontage
565a0fd.7b 42f94606 043937 h ???????? 002 /wiki/FutureGuide
565a100.ac 42f94606 043937 h ???????? 003 /wiki/JohnDonahoe
565a103.de 42f94606 043937 h ???????? 003 /wiki/SvenSiebert
565a107.0d 42f94606 043937 h ???????? 003 /wiki/SehSchlange
565a10a.40 42f94606 043937 h ???????? 003 /wiki/BriefKasten
565a10d.74 42f94606 043937 h ???????? 003 /wiki/RoeschenHof
565a10f.be 12b964da 5c50e2 h ???????? 018 /
565a110.a7 42f94610 043937 s ???????? 003 /wiki/AbdulKalam
565a113.dc 42f94606 043937 h ???????? 003 /wiki/FrauSchwiel
565a117.86 42f94606 043937 h ???????? 003 /wiki/CamelWueste
565a11b.63 42f94606 043937 h ???????? 003 /wiki/MentalModel
565a11f.21 42f94606 043937 h ???????? 002 /wiki/IntelliChat
565a122.d9 42f94606 043937 h ???????? 004 /wiki/JosephHaydn
565a16c.84 42f94608 043937 h ???????? 004 /wiki/NikolaiRoth
565a1a5.ed 42f94606 043937 h ???????? 003 /wiki/GyorgyLigeti
565a22f.f0 42f9460a 043937 h ???????? 004 /wiki/ZwingeRasimo
565a30c.1a 42f94606 043937 h ???????? 004 /wiki/MichaelBrehm
565a3e8.14 42f9460a 043937 h ???????? 004 /wiki/MarcusBeyer
565a434.a3 b9ead997 c5e558 h ???????? 002 /wp-login.php
565a437.69 b9ead997 0805c1 h ???????? 008 /wp-login.php
565a48e.fb 75d458a2 cedf5c h ???????? 019 /
565a4c4.15 42f94608 043937 h ???????? 004 /wiki/GladwynJebb
565a5a0.1f 42f94608 043937 h ???????? 004 /wiki/ChristofKoch
565a67c.0f 42f94606 043937 h ???????? 004 /wiki/DavePollard
565a753.98 42f954eb 002725 h ???????? 002 /favicon.ico
565a758.0d 42f9460a 043937 h ???????? 003 /wiki/PaulOtellini
565a759.68 42f94612 043937 s ???????? 002 /BitScraper
565a793.fe 2ee5a852 c89f4f h ???????? 001 /robots.txt
565a796.bb 2ee5a847 c89f4f h ???????? 002 /wiki/WikiPedia
565a834.4b 42f94612 043937 s ???????? 003 /wiki/GigaPod
565a910.15 42f9460a 043937 h ???????? 003 /wiki/LoveMachine
565a9ec.44 42f94614 043937 s ???????? 003 /wiki/WeltEngel
565aac8.13 42f94606 043937 h ???????? 002 /wiki/BesenKammer
565aba4.3d 42f94612 043937 s ???????? 002 /wiki/LifeboatHQ
565ac80.0c 42f94608 043937 h ???????? 002 /wiki/LeerZeichen
565ad5c.12 42f9460a 043937 h ???????? 003 /wiki/MatevzDolenc
565ae38.09 42f94608 043937 h ???????? 003 /wiki/StringReader
565af14.25 42f9460a 043937 h ???????? 003 /wiki/MarRo
565aff0.12 42f94608 043937 h ???????? 003 /wiki/NikolaiGogol
565b0cc.09 42f9460a 043937 h ???????? 002 /wiki/PatternMatch
565b1a8.14 42f94606 043937 h ???????? 002 /wiki/ConStituicao
565b284.16 42f94608 043937 h ???????? 003 /wiki/StartUpSimDe
565b2c8.88 05096cfe 028fc4 h ???????? 002 /robots.txt
565b2ca.1b 05096cfe 028fc4 h ???????? 002 //rss.jsp
565b2cc.ca 05096cfe 028fc4 h ???????? 001 //rss.jsp
565b2ce.6b 05096cfe 028fc4 h ???????? 004 //rss.jsp
565b2d1.1a 05096cfe 028fc4 h ???????? 002 //rss.jsp
565b2d2.b0 05096cfe 028fc4 h ???????? 001 //rss.jsp
565b2d4.52 05096cfe 028fc4 h ???????? 001 //rss.jsp
565b2d6.a9 05096cfe 028fc4 h ???????? 001 //rss.jsp
565b2d9.66 05096cfe 028fc4 h ???????? 005 //rss.jsp
565b2db.12 05096cfe 028fc4 h ???????? 002 //rss.jsp
565b2dc.de 05096cfe 028fc4 h ???????? 001 //rss.jsp
565b2de.80 05096cfe 028fc4 h ???????? 001 //rss.jsp
565b2e0.46 05096cfe 028fc4 h ???????? 001 //rss.jsp
565b2e1.ec 05096cfe 028fc4 h ???????? 001 //rss.jsp
565b2e4.a7 05096cfe 028fc4 h ???????? 001 //rss.jsp
565b2e6.75 05096cfe 028fc4 h ???????? 001 //rss.jsp
565b2e9.22 05096cfe 028fc4 h ???????? 001 //rss.jsp
565b2ea.a8 05096cfe 028fc4 h ???????? 001 //rss.jsp
565b2ec.9d 05096cfe 028fc4 h ???????? 001 //rss.jsp
565b2ee.4b 05096cfe 028fc4 h ???????? 001 //rss.jsp
565b2ef.f7 05096cfe 028fc4 h ???????? 002 //rss.jsp
565b2f2.24 05096cfe 028fc4 h ???????? 001 //rss.jsp
565b2f3.c6 05096cfe 028fc4 h ???????? 002 //rss.jsp
565b2f5.37 05096cfe 028fc4 h ???????? 002 //rss.jsp
565b2f7.2e 05096cfe 028fc4 h ???????? 002 //rss.jsp
565b2f9.3e 05096cfe 028fc4 h ???????? 001 //rss.jsp
565b2fb.5e 05096cfe 028fc4 h ???????? 001 //rss.jsp
565b2ff.5c 05096cfe 028fc4 h ???????? 002 //rss.jsp
565b301.6c 05096cfe 028fc4 h ???????? 001 //rss.jsp
565b303.06 05096cfe 028fc4 h ???????? 001 //rss.jsp
565b304.de 05096cfe 028fc4 h ???????? 002 //rss.jsp
565b306.89 05096cfe 028fc4 h ???????? 002 //rss.jsp
565b308.33 05096cfe 028fc4 h ???????? 002 //rss.jsp
565b309.ba 05096cfe 028fc4 h ???????? 002 //rss.jsp
565b30b.da 05096cfe 028fc4 h ???????? 002 //rss.jsp
565b30d.b8 05096cfe 028fc4 h ???????? 003 //rss.jsp
565b310.e5 05096cfe 028fc4 h ???????? 002 //rss.jsp
565b312.a8 05096cfe 028fc4 h ???????? 001 //rss.jsp
565b314.b1 05096cfe 028fc4 h ???????? 001 //rss.jsp
565b316.40 05096cfe 028fc4 h ???????? 001 //rss.jsp
565b317.ef 05096cfe 028fc4 h ???????? 001 //rss.jsp
565b319.99 05096cfe 028fc4 h ???????? 002 //rss.jsp
565b31b.c7 05096cfe 028fc4 h ???????? 001 //rss.jsp
565b31d.36 42f95927 70a047 h ???????? 001 //rss.rdf
565b31d.60 05096cfe 028fc4 h ???????? 002 //rss.jsp
565b31f.45 05096cfe 028fc4 h ???????? 001 //rss.jsp
565b320.e0 05096cfe 028fc4 h ???????? 001 //rss.jsp
565b322.c5 05096cfe 028fc4 h ???????? 001 //rss.jsp
565b324.8b 05096cfe 028fc4 h ???????? 001 //rss.jsp
565b326.17 05096cfe 028fc4 h ???????? 001 //rss.jsp
565b327.ef 05096cfe 028fc4 h ???????? 001 //rss.jsp
565b32a.61 05096cfe 028fc4 h ???????? 002 //rss.jsp
565b32c.9b 05096cfe 028fc4 h ???????? 002 //rss.jsp
565b32e.1f 05096cfe 028fc4 h ???????? 001 //rss.jsp
565b330.21 05096cfe 028fc4 h ???????? 001 //rss.jsp
565b331.c5 05096cfe 028fc4 h ???????? 002 //rss.jsp
565b333.dc 05096cfe 028fc4 h ???????? 001 //rss.jsp
565b335.bf 05096cfe 028fc4 h ???????? 002 //rss.jsp
565b337.62 05096cfe 028fc4 h ???????? 002 //rss.jsp
565b339.19 05096cfe 028fc4 h ???????? 001 //rss.jsp
565b339.9b b36185e3 19c6c4 h ???????? 015 /
565b33b.60 05096cfe 028fc4 h ???????? 001 //rss.jsp
565b33e.3a 05096cfe 028fc4 h ???????? 001 //rss.jsp
565b340.a6 05096cfe 028fc4 h ???????? 002 //rss.jsp
565b342.b8 05096cfe 028fc4 h ???????? 002 //rss.jsp
565b344.4b 05096cfe 028fc4 h ???????? 002 //rss.jsp
565b346.1f 05096cfe 028fc4 h ???????? 003 //rss.jsp
565b348.14 05096cfe 028fc4 h ???????? 002 //rss.jsp
565b349.d0 05096cfe 028fc4 h ???????? 002 //rss.jsp
565b34d.af 05096cfe 028fc4 h ???????? 001 //rss.jsp
565b350.9a 05096cfe 028fc4 h ???????? 002 //rss.jsp
565b352.bd 05096cfe 028fc4 h ???????? 003 //rss.jsp
565b354.67 05096cfe 028fc4 h ???????? 002 //rss.jsp
565b357.48 05096cfe 028fc4 h ???????? 002 //rss.jsp
565b359.81 05096cfe 028fc4 h ???????? 001 //rss.jsp
565b35b.1e 05096cfe 028fc4 h ???????? 001 //rss.jsp
565b35e.4e 05096cfe 028fc4 h ???????? 002 //rss.jsp
565b360.34 05096cfe 028fc4 h ???????? 002 //rss.jsp
565b360.33 42f94608 043937 h ???????? 00a /wiki/DatingMatrix
565b361.d3 05096cfe 028fc4 h ???????? 001 //rss.jsp
565b364.df 05096cfe 028fc4 h ???????? 002 //rss.jsp
565b368.46 05096cfe 028fc4 h ???????? 002 //rss.jsp
565b36a.0c 05096cfe 028fc4 h ???????? 002 //rss.jsp
565b36c.53 05096cfe 028fc4 h ???????? 002 //rss.jsp
565b36e.8b 05096cfe 028fc4 h ???????? 002 //rss.jsp
565b370.86 05096cfe 028fc4 h ???????? 001 //rss.jsp
565b372.33 05096cfe 028fc4 h ???????? 002 //rss.jsp
565b376.17 05096cfe 028fc4 h ???????? 002 //rss.jsp
565b377.ea 05096cfe 028fc4 h ???????? 002 //rss.jsp
565b37a.7d 05096cfe 028fc4 h ???????? 002 //rss.jsp
565b37c.1c 05096cfe 028fc4 h ???????? 002 //rss.jsp
565b37d.dd 05096cfe 028fc4 h ???????? 002 //rss.jsp
565b37f.6e 05096cfe 028fc4 h ???????? 002 //rss.jsp
565b381.1a 05096cfe 028fc4 h ???????? 002 //rss.jsp
565b382.d4 05096cfe 028fc4 h ???????? 002 //rss.jsp
565b384.66 05096cfe 028fc4 h ???????? 002 //rss.jsp
565b386.21 05096cfe 028fc4 h ???????? 002 //rss.jsp
565b387.dd 05096cfe 028fc4 h ???????? 001 //rss.jsp
565b389.b7 05096cfe 028fc4 h ???????? 002 //rss.jsp
565b38b.75 05096cfe 028fc4 h ???????? 001 //rss.jsp
565b38e.48 05096cfe 028fc4 h ???????? 002 //rss.jsp
565b38f.da 05096cfe 028fc4 h ???????? 002 //rss.jsp
565b391.7d 05096cfe 028fc4 h ???????? 002 //rss.jsp
565b395.8a 05096cfe 028fc4 h ???????? 002 //rss.jsp
565b397.9a 05096cfe 028fc4 h ???????? 002 //rss.jsp
565b39a.22 05096cfe 028fc4 h ???????? 001 //rss.jsp
565b39b.ed 05096cfe 028fc4 h ???????? 002 //rss.jsp
565b39d.a5 05096cfe 028fc4 h ???????? 001 //rss.jsp
565b39f.58 05096cfe 028fc4 h ???????? 002 //rss.jsp
565b3a0.f6 05096cfe 028fc4 h ???????? 001 //rss.jsp
565b3a2.ee 05096cfe 028fc4 h ???????? 002 //rss.jsp
565b3a4.cb 05096cfe 028fc4 h ???????? 002 //rss.jsp
565b3a7.16 05096cfe 028fc4 h ???????? 001 //rss.jsp
565b3a9.46 05096cfe 028fc4 h ???????? 002 //rss.jsp
565b3aa.d1 05096cfe 028fc4 h ???????? 002 //rss.jsp
565b3ac.94 05096cfe 028fc4 h ???????? 002 //rss.jsp
565b3ae.30 05096cfe 028fc4 h ???????? 002 //rss.jsp
565b3af.e1 05096cfe 028fc4 h ???????? 001 //rss.jsp
565b3b1.78 05096cfe 028fc4 h ???????? 002 //rss.jsp
565b3b3.19 05096cfe 028fc4 h ???????? 002 //rss.jsp
565b3b4.e6 05096cfe 028fc4 h ???????? 006 //rss.jsp
565b3b6.9e 05096cfe 028fc4 h ???????? 001 //rss.jsp
565b3b8.66 05096cfe 028fc4 h ???????? 001 //rss.jsp
565b3ba.54 05096cfe 028fc4 h ???????? 002 //rss.jsp
565b3bc.a5 05096cfe 028fc4 h ???????? 002 //rss.jsp
565b3c0.3a 05096cfe 028fc4 h ???????? 001 //rss.jsp
565b3c2.4e 05096cfe 028fc4 h ???????? 002 //rss.jsp
565b3c3.c8 05096cfe 028fc4 h ???????? 002 //rss.jsp
565b3c5.f8 05096cfe 028fc4 h ???????? 002 //rss.jsp
565b3c7.c5 05096cfe 028fc4 h ???????? 002 //rss.jsp
565b3c9.8f 05096cfe 028fc4 h ???????? 001 //rss.jsp
565b3cc.f3 05096cfe 028fc4 h ???????? 002 //rss.jsp
565b3ce.d4 05096cfe 028fc4 h ???????? 002 //rss.jsp
565b3d0.cd 05096cfe 028fc4 h ???????? 002 //rss.jsp
565b3d3.4b 05096cfe 028fc4 h ???????? 002 //rss.jsp
565b3d4.f4 05096cfe 028fc4 h ???????? 002 //rss.jsp
565b3d7.00 05096cfe 028fc4 h ???????? 003 //rss.jsp
565b3d8.e1 05096cfe 028fc4 h ???????? 004 //rss.jsp
565b3da.c7 05096cfe 028fc4 h ???????? 002 //rss.jsp
565b3de.2f 05096cfe 028fc4 h ???????? 007 //rss.jsp
565b3df.f3 05096cfe 028fc4 h ???????? 001 //rss.jsp
565b3e1.97 05096cfe 028fc4 h ???????? 002 //rss.jsp
565b3e3.8f 05096cfe 028fc4 h ???????? 002 //rss.jsp
565b3e5.53 05096cfe 028fc4 h ???????? 002 //rss.jsp
565b3e6.ec 05096cfe 028fc4 h ???????? 002 //rss.jsp
565b3e8.ef 05096cfe 028fc4 h ???????? 002 //rss.jsp
565b3ec.72 05096cfe 028fc4 h ???????? 002 //rss.jsp
565b3ee.e8 05096cfe 028fc4 h ???????? 002 //rss.jsp
565b3f0.e4 05096cfe 028fc4 h ???????? 002 //rss.jsp
565b3f2.b0 05096cfe 028fc4 h ???????? 002 //rss.jsp
565b3f4.3b 05096cfe 028fc4 h ???????? 002 //rss.jsp
565b3f6.33 05096cfe 028fc4 h ???????? 003 //rss.jsp
565b3fa.78 05096cfe 028fc4 h ???????? 002 //rss.jsp
565b3fc.a9 05096cfe 028fc4 h ???????? 002 //rss.jsp
565b3fe.d9 05096cfe 028fc4 h ???????? 002 //rss.jsp
565b400.81 05096cfe 028fc4 h ???????? 002 //rss.jsp
565b402.1e 05096cfe 028fc4 h ???????? 002 //rss.jsp
565b404.91 05096cfe 028fc4 h ???????? 002 //rss.jsp
565b406.79 05096cfe 028fc4 h ???????? 008 //rss.jsp
565b408.35 05096cfe 028fc4 h ???????? 003 //rss.jsp
565b40b.17 05096cfe 028fc4 h ???????? 002 //rss.jsp
565b40d.0a 05096cfe 028fc4 h ???????? 002 //rss.jsp
565b40e.c9 05096cfe 028fc4 h ???????? 002 //rss.jsp
565b411.3e 05096cfe 028fc4 h ???????? 002 //rss.jsp
565b413.8e 05096cfe 028fc4 h ???????? 002 //rss.jsp
565b419.a5 05096cfe 028fc4 h ???????? 002 //rss.jsp
565b41b.9c 05096cfe 028fc4 h ???????? 002 //rss.jsp
565b41d.2f 05096cfe 028fc4 h ???????? 002 //rss.jsp
565b41f.40 05096cfe 028fc4 h ???????? 002 //rss.jsp
565b420.d7 05096cfe 028fc4 h ???????? 001 //rss.jsp
565b422.89 05096cfe 028fc4 h ???????? 003 //rss.jsp
565b424.b9 05096cfe 028fc4 h ???????? 002 //rss.jsp
565b426.d0 05096cfe 028fc4 h ???????? 002 //rss.jsp
565b428.ba 05096cfe 028fc4 h ???????? 002 //rss.jsp
565b42a.f9 05096cfe 028fc4 h ???????? 003 //rss.jsp
565b42d.04 05096cfe 028fc4 h ???????? 002 //rss.jsp
565b42e.d9 05096cfe 028fc4 h ???????? 002 //rss.jsp
565b431.19 05096cfe 028fc4 h ???????? 008 //rss.jsp
565b432.eb 05096cfe 028fc4 h ???????? 002 //rss.jsp
565b435.32 05096cfe 028fc4 h ???????? 002 //rss.jsp
565b436.f0 05096cfe 028fc4 h ???????? 002 //rss.jsp
565b439.36 05096cfe 028fc4 h ???????? 002 //rss.jsp
565b43b.92 05096cfe 028fc4 h ???????? 002 //rss.jsp
565b43c.18 42f94608 043937 h ???????? 003 /wiki/JesseDouglas
565b43d.52 05096cfe 028fc4 h ???????? 002 //rss.jsp
565b43f.68 05096cfe 028fc4 h ???????? 003 //rss.jsp
565b441.5d 05096cfe 028fc4 h ???????? 002 //rss.jsp
565b443.4c 05096cfe 028fc4 h ???????? 003 //rss.jsp
565b447.cd 05096cfe 028fc4 h ???????? 002 //rss.jsp
565b449.ad 05096cfe 028fc4 h ???????? 002 //rss.jsp
565b44b.34 05096cfe 028fc4 h ???????? 008 //rss.jsp
565b44c.e7 05096cfe 028fc4 h ???????? 002 //rss.jsp
565b44f.35 05096cfe 028fc4 h ???????? 002 //rss.jsp
565b451.17 05096cfe 028fc4 h ???????? 002 //rss.jsp
565b454.1d 05096cfe 028fc4 h ???????? 008 //rss.jsp
565b455.dd 05096cfe 028fc4 h ???????? 002 //rss.jsp
565b457.e9 05096cfe 028fc4 h ???????? 002 //rss.jsp
565b45a.17 05096cfe 028fc4 h ???????? 002 //rss.jsp
565b45c.1d 05096cfe 028fc4 h ???????? 002 //rss.jsp
565b45e.47 05096cfe 028fc4 h ???????? 002 //rss.jsp
565b460.72 05096cfe 028fc4 h ???????? 002 //rss.jsp
565b462.e7 05096cfe 028fc4 h ???????? 002 //rss.jsp
565b464.cb 05096cfe 028fc4 h ???????? 002 //rss.jsp
565b466.a3 05096cfe 028fc4 h ???????? 002 //rss.jsp
565b46a.88 05096cfe 028fc4 h ???????? 002 //rss.jsp
565b46d.6d 05096cfe 028fc4 h ???????? 002 //rss.jsp
565b46f.69 05096cfe 028fc4 h ???????? 002 //rss.jsp
565b480.73 05096cfe 028fc4 h ???????? 002 //rss.jsp
565b482.3d 05096cfe 028fc4 h ???????? 002 //rss.jsp
565b484.22 05096cfe 028fc4 h ???????? 002 //rss.jsp
565b488.ec 05096cfe 028fc4 h ???????? 002 //rss.jsp
565b48d.fb 05096cfe 028fc4 h ???????? 002 //rss.jsp
565b48f.dd 05096cfe 028fc4 h ???????? 001 //rss.jsp
565b492.e2 05096cfe 028fc4 h ???????? 002 //rss.jsp
565b499.5f 05096cfe 028fc4 h ???????? 002 //rss.jsp
565b49b.eb 05096cfe 028fc4 h ???????? 002 //rss.jsp
565b49f.3e 05096cfe 028fc4 h ???????? 002 //rss.jsp
565b4a1.51 05096cfe 028fc4 h ???????? 003 //rss.jsp
565b4a3.27 05096cfe 028fc4 h ???????? 002 //rss.jsp
565b4a5.51 05096cfe 028fc4 h ???????? 002 //rss.jsp
565b4a7.03 05096cfe 028fc4 h ???????? 002 //rss.jsp
565b4a8.b9 05096cfe 028fc4 h ???????? 002 //rss.jsp
565b4ad.14 05096cfe 028fc4 h ???????? 003 //rss.jsp
565b4af.be 05096cfe 028fc4 h ???????? 002 //rss.jsp
565b4b2.2d 05096cfe 028fc4 h ???????? 003 //rss.jsp
565b4b3.ea 05096cfe 028fc4 h ???????? 003 //rss.jsp
565b4b5.7c 05096cfe 028fc4 h ???????? 002 //rss.jsp
565b4b7.5a 05096cfe 028fc4 h ???????? 002 //rss.jsp
565b4b9.6e 05096cfe 028fc4 h ???????? 002 //rss.jsp
565b4bb.6a 05096cfe 028fc4 h ???????? 002 //rss.jsp
565b4bd.7a 05096cfe 028fc4 h ???????? 002 //rss.jsp
565b4bf.27 05096cfe 028fc4 h ???????? 002 //rss.jsp
565b4c3.ae 05096cfe 028fc4 h ???????? 002 //rss.jsp
565b4c6.e2 05096cfe 028fc4 h ???????? 003 //rss.jsp
565b4c8.fa 05096cfe 028fc4 h ???????? 002 //rss.jsp
565b4cb.b1 05096cfe 028fc4 h ???????? 003 //rss.jsp
565b4cd.63 05096cfe 028fc4 h ???????? 002 //rss.jsp
565b4d0.a1 05096cfe 028fc4 h ???????? 002 //rss.jsp
565b4d3.14 05096cfe 028fc4 h ???????? 002 //rss.jsp
565b4d5.0a 05096cfe 028fc4 h ???????? 002 //rss.jsp
565b4da.d9 05096cfe 028fc4 h ???????? 002 //rss.jsp
565b4dc.92 05096cfe 028fc4 h ???????? 003 //rss.jsp
565b4de.78 05096cfe 028fc4 h ???????? 002 //rss.jsp
565b4e0.51 05096cfe 028fc4 h ???????? 002 //rss.jsp
565b4e2.a6 05096cfe 028fc4 h ???????? 003 //rss.jsp
565b4e4.b7 05096cfe 028fc4 h ???????? 002 //rss.jsp
565b4e6.e8 05096cfe 028fc4 h ???????? 002 //rss.jsp
565b4e8.89 05096cfe 028fc4 h ???????? 002 //rss.jsp
565b4ea.59 05096cfe 028fc4 h ???????? 003 //rss.jsp
565b4ec.a7 05096cfe 028fc4 h ???????? 002 //rss.jsp
565b4ee.cc 05096cfe 028fc4 h ???????? 002 //rss.jsp
565b4f2.ee 05096cfe 028fc4 h ???????? 003 //rss.jsp
565b4f5.54 05096cfe 028fc4 h ???????? 003 //rss.jsp
565b4f7.66 05096cfe 028fc4 h ???????? 003 //rss.jsp
565b4f9.c1 05096cfe 028fc4 h ???????? 003 //rss.jsp
565b4fb.6c 05096cfe 028fc4 h ???????? 002 //rss.jsp
565b4fd.54 05096cfe 028fc4 h ???????? 002 //rss.jsp
565b4ff.00 05096cfe 028fc4 h ???????? 003 //rss.jsp
565b500.f6 05096cfe 028fc4 h ???????? 003 //rss.jsp
565b502.b1 05096cfe 028fc4 h ???????? 002 //rss.jsp
565b506.1a 05096cfe 028fc4 h ???????? 002 //rss.jsp
565b508.1a 05096cfe 028fc4 h ???????? 002 //rss.jsp
565b509.f1 05096cfe 028fc4 h ???????? 002 //rss.jsp
565b50b.b9 05096cfe 028fc4 h ???????? 003 //rss.jsp
565b50d.a3 05096cfe 028fc4 h ???????? 003 //rss.jsp
565b50f.a2 05096cfe 028fc4 h ???????? 002 //rss.jsp
565b512.1e 05096cfe 028fc4 h ???????? 003 //rss.jsp
565b515.8b 05096cfe 028fc4 h ???????? 002 //rss.jsp
565b517.50 05096cfe 028fc4 h ???????? 004 //wiki/CduPartei
565b518.1f 42f94608 043937 h ???????? 004 /wiki/WikiHomePage
565b520.59 05096cfe 028fc4 h ???????? 005 //wiki/CduPartei
565b525.69 05096cfe 028fc4 h ???????? 005 //wiki/CduWiki
565b529.56 05096cfe 028fc4 h ???????? 004 //wiki/CeBit
565b52d.f7 05096cfe 028fc4 h ???????? 005 //wiki/CeRn
565b534.8b 05096cfe 028fc4 h ???????? 004 //wiki/CeRn
565b53b.2a 05096cfe 028fc4 h ???????? 005 //wiki/CelineBerger
565b53f.f7 05096cfe 028fc4 h ???????? 005 //wiki/ChampsElysees
565b544.19 05096cfe 028fc4 h ???????? 005 //wiki/ChausseeStrasse
565b547.fe 05096cfe 028fc4 h ???????? 006 //wiki/ChemCats
565b54d.5c 05096cfe 028fc4 h ???????? 005 //wiki/ChernoJobatey
565b5f4.25 42f94606 043937 h ???????? 005 /wiki/KlausPJantke
565b6b1.91 b44c0f0e a04d28 h ???????? 026 /
565b6d0.15 42f94608 043937 h ???????? 005 /wiki/FantasticMan
565b7ac.3a 42f9460a 043937 h ???????? 005 /wiki/StevieWonder
565b812.4f 05096cfe 028fc4 h ???????? 005 //wiki/ChicagoSpire
565b816.36 05096cfe 028fc4 h ???????? 004 //wiki/DasMan
565b819.e1 05096cfe 028fc4 h ???????? 00c //wiki/DbMatrix
565b81d.ea 05096cfe 028fc4 h ???????? 005 //wiki/DeBug
565b821.9f 05096cfe 028fc4 h ???????? 004 //wiki/DeEmm
565b825.84 05096cfe 028fc4 h ???????? 004 //wiki/DeRi
565b829.12 05096cfe 028fc4 h ???????? 005 //wiki/DeTrans
565b82c.b8 05096cfe 028fc4 h ???????? 005 //wiki/DeathClock
565b85a.65 42f940df 043937 h ???????? 01f /
565b888.17 42f94606 043937 h ???????? 005 /wiki/KonStitucija
565b892.50 b44c0f0d a04d28 h ???????? 006 /wiki/SobTla
565b91c.be 42f94608 043937 h ???????? 005 /wiki/EinSchlag
565b964.0d 42f94608 043937 h ???????? 005 /wiki/MarioPeschel
565ba40.2c 42f9460a 043937 h ???????? 006 /wiki/FutureMapClj
565bb1c.32 42f94608 043937 h ???????? 007 /wiki/HechtViertel
565bbf8.2c 42f94608 043937 h ???????? 005 /wiki/AngelaMerkel
565bcd4.30 42f9460a 043937 h ???????? 005 /wiki/EarlyAdopter
565bdb0.0e 42f9460a 043937 h ???????? 002 /wiki/AlaunStrasse
565be8c.0b 42f94608 043937 h ???????? 003 /wiki/LutherKirche
565bf68.12 42f94608 043937 h ???????? 002 /wiki/RayInDresden
565c044.17 42f94606 043937 h ???????? 003 /wiki/SportsPerson
565c120.44 42f94614 043937 s ???????? 002 /wiki/AccelerAndo
565c1fc.19 42f9460a 043937 h ???????? 003 /wiki/MindSchnupfen
565c2d8.0e 42f9460a 043937 h ???????? 003 /wiki/JohnHopcroft
565c3b4.09 42f9460a 043937 h ???????? 003 /wiki/ShoshanaWodak
565c48a.ca a801803d 74bbda s ???????? 011 /
565c490.4b 42f94606 043937 h ???????? 002 /wiki/RadarNetworks
565c56c.13 42f94606 043937 h ???????? 002 /wiki/RichterSkala
565c648.10 42f9460a 043937 h ???????? 003 /wiki/JayTenenbaum
565c649.26 52cfaf34 146783 h ???????? 012 /
565c724.14 42f9460a 043937 h ???????? 003 /wiki/SocialHacking
565c800.1e 42f94606 043937 h ???????? 003 /wiki/RoyalWikiWall
565c8dc.1c 42f94606 043937 h ???????? 002 /wiki/JohnGriggsThompson
565c9b8.14 42f94606 043937 h ???????? 002 /wiki/RecentChanges
565ca94.0d 42f94606 043937 h ???????? 002 /wiki/PeopleEconomy
565cadf.cc 42f94606 043937 h ???????? 003 /wiki/BroadBand
565cae3.c3 9750271c 433e9c h ???????? 002 /wiki/GarryKasparov
565cb32.aa 42f94606 043937 h ???????? 002 //wiki/RainerWasserfuhr
565cb70.0f 42f94608 043937 h ???????? 003 /wiki/WorldWideWeb
565cc4c.1e 42f9460a 043937 h ???????? 003 /wiki/HermannMaurer
565cc6c.c9 22fd0e8a 5132e1 h ???????? 028 /
565cd28.08 42f9460a 043937 h ???????? 003 /wiki/KomMunikation
565ce04.0c 42f94608 043937 h ???????? 003 /wiki/DresdenMaine
565cee0.12 42f94608 043937 h ???????? 003 /wiki/FmEsfandiary
565cfbc.0c 42f94606 043937 h ???????? 003 /wiki/NothingToHide
565d098.0f 42f9460a 043937 h ???????? 003 /wiki/TheaterPlatz
565d174.16 42f94606 043937 h ???????? 002 /wiki/KarstenMenzel
565d1ff.34 5fa3ff26 399ff9 h ???????? 001 /robots.txt
565d201.6e 5fa3ff25 399ff9 h ???????? 002 /wiki/SchachProgramm
565d250.18 42f94608 043937 h ???????? 003 /wiki/MiriamMeckel
565d32c.11 42f94606 043937 h ???????? 008 /wiki/DichZuLieben
565d408.19 42f94606 043937 h ???????? 003 /wiki/RenateSchmidt
565d4e4.0c 42f9460a 043937 h ???????? 003 /wiki/RisingSystems
565d54e.81 4d9f5ae7 702dd8 h ???????? 017 /
565d5c0.0a 42f9460a 043937 h ???????? 003 /wiki/FickPieschen
565d69c.3b 42f94608 043937 h ???????? 003 /wiki/HorstHamacher
565d778.0e 42f94606 043937 h ???????? 003 /wiki/ServiceLevel
565d854.0b 42f9460a 043937 h ???????? 004 /wiki/GesellSchaft
565d901.ee 3624966a 433e9c h ???????? 002 //robots.txt
565d930.0f 42f94606 043937 h ???????? 002 /wiki/SciFiFestival
565d942.ff 42f94610 043937 s ???????? 016 /
565da0c.0a 42f9460a 043937 h ???????? 003 /wiki/PayPerCommit
565dae8.0f 42f9460a 043937 h ???????? 003 /wiki/GrauBurgunder
565dbc4.14 42f9460a 043937 h ???????? 003 /wiki/JeromeKerviel
565dca0.0b 42f94608 043937 h ???????? 002 /wiki/EdwardWitten
565dca3.4b 42f94606 043937 h ???????? 003 /wiki/UnTil2019
565dcd9.0c 42f95927 70a047 h ???????? 001 //rss.rdf
565dd7c.13 42f94606 043937 h ???????? 003 /wiki/CivilEngineer
565ddcd.68 bd2e7953 cedf5c h ???????? 01b /
565de58.1a 42f94608 043937 h ???????? 003 /wiki/MenInBlackIi
565df34.15 42f9460a 043937 h ???????? 003 /wiki/TsgHoffenheim
565e010.0b 42f94606 043937 h ???????? 004 /wiki/KunstDerFuge
565e0cb.4b 42f9460a 043937 h ???????? 015 /
565e0eb.f2 42f9460a 043937 h ???????? 007 /wiki/DavidGilbert
565e1c8.14 42f9460a 043937 h ???????? 003 /wiki/BeyondGoogle
565e2a4.16 42f9460a 043937 h ???????? 003 /wiki/WrPBSnq8sHnAN
565e380.1c 42f9460a 043937 h ???????? 003 /wiki/DougEngelbart
565e45c.12 42f94606 043937 h ???????? 003 /wiki/ShingTungYau
565e52c.e1 d8f442f3 2e51d1 h ???????? 002 /robots.txt
565e538.5b 42f94606 043937 h ???????? 003 /wiki/GlaeserneWelt
565e5a7.8e d8f442f3 2e51d1 h ???????? 004 /wiki/LockPresentation
565e614.51 42f94610 043937 s ???????? 003 /wiki/WikiWikiWeb
565e6f0.1c 42f94606 043937 h ???????? 008 /wiki/MonsterGehirn
565e7cc.15 42f94606 043937 h ???????? 003 /wiki/UnitedNations
565e8a8.1a 42f94606 043937 h ???????? 003 /wiki/PlomInDresden
565e984.12 42f9460a 043937 h ???????? 004 /wiki/GeorgeHWBush
565ea47.81 42f94614 043937 s ???????? 004 /wiki/NeilGershenfeld
565ea4b.3e 42f94614 622963 s ???????? 016 /
565ea5a.40 d8f442f3 2e51d1 h ???????? 001 /robots.txt
565ea60.0d 42f94608 043937 h ???????? 004 /wiki/MichaelAnders
565ead1.37 d8f442f3 2e51d1 h ???????? 004 /wiki/TwentyThreeAndMe
565eb3b.7a d8f442f3 2e51d1 h ???????? 003 /wiki/EtAl
565eb3c.1f 42f94606 043937 h ???????? 003 /wiki/VielLeichter
565eb3e.06 d8f442f3 2e51d1 h ???????? 003 /wiki/RaLi
565ec18.16 42f94606 043937 h ???????? 003 /wiki/IterationEins
565ec66.a7 73e7db1c 3eedd1 h ???????? 002 /manager/html
565ecf4.19 42f94606 043937 h ???????? 004 /wiki/LifeDay15740
565edd0.18 42f9460a 043937 h ???????? 004 /wiki/NameAsString
565ee66.b5 42f94606 043937 h ???????? 004 /wiki/PrakTisch
565eeac.4c 42f94610 043937 s ???????? 005 /wiki/AndreasHeuer
565ef88.1a 42f94608 043937 h ???????? 003 /wiki/ConStitution
565f064.1e 42f9460a 043937 h ???????? 004 /wiki/DanielMueller
565f140.19 42f94606 043937 h ???????? 003 /wiki/RolfWiehagen
565f21c.1a 42f94608 043937 h ???????? 003 /wiki/SprechStunde
565f2f8.20 42f9460a 043937 h ???????? 004 /wiki/GlobalWarming
565f2fd.6f a8018025 74bbda s ???????? 016 /
565f3d4.1b 42f94606 043937 h ???????? 004 /wiki/MichaelZesch
565f4b0.0f 42f9460a 043937 h ???????? 004 /wiki/OliverSchmitt
565f4c4.cb d8f442f3 2e51d1 h ???????? 002 /robots.txt
565f542.3d d8f442f3 2e51d1 h ???????? 003 /wiki/OpenCog
565f58c.2f 42f9460a 043937 h ???????? 003 /wiki/HerrDerSterne
565f5c8.2d d8f442f3 2e51d1 h ???????? 003 /wiki/CitiZen
565f668.1d 42f9460a 043937 h ???????? 004 /wiki/MichaelBieber
565f708.37 bc5df6fd 19c6c4 h ???????? 018 /
565f744.12 42f9460a 043937 h ???????? 003 /wiki/ShigefumiMori
565f820.19 42f94606 043937 h ???????? 004 /wiki/MarcoDziallas
565f8fc.11 42f9460a 043937 h ???????? 004 /wiki/JavaScript
565f9d8.11 42f9460a 043937 h ???????? 003 /wiki/SonjaSchlinck
565fab4.1e 42f94606 043937 h ???????? 003 /wiki/RicardaNeuhof
565fb90.1b 42f94608 043937 h ???????? 003 /wiki/ConStitutioun
565fbab.1a 5fa3ff6b 399ff9 h ???????? 002 /robots.txt
565fbb4.b6 5fa3ff71 399ff9 h ???????? 003 /wiki/LifeDay16184
565fbbf.47 5fa3ff6b 399ff9 h ???????? 003 /wiki/SiSanien
565fbca.f4 5fa3ff61 399ff9 h ???????? 003 /wiki/VerFassung
565fbd5.99 5fa3ff67 399ff9 h ???????? 003 /wiki/KayGroschen
565fc6c.1f 42f9460a 043937 h ???????? 004 /wiki/RaimarScherer
565fd48.21 42f94606 043937 h ???????? 004 /wiki/HauptExponant
565fe24.1c 42f9460a 043937 h ???????? 004 /wiki/RobertFreitas
565ff00.1a 42f94608 043937 h ???????? 004 /wiki/InfraStructure
565ffdc.25 42f94608 043937 h ???????? 004 /wiki/KnisterMatrix
