5670135.fc 42f94608 043937 h ???????? 003 /wiki/RobertJastrow
567026f.41 42f94606 043937 h ???????? 003 /wiki/BernardNathansen
56702e0.83 284da7af 6a88e8 h ???????? 003 /wiki/VerFassung
56703a0.ce d8f442f3 2e51d1 h ???????? 001 /robots.txt
5670421.84 d8f442f3 2e51d1 h ???????? 003 /wiki/LockFutureSax
5670436.8f 42f94608 043937 h ???????? 002 /wiki/PreDictDe
5670732.cc 42f94606 043937 h ???????? 003 /wiki/KarlAlbrecht2
5670920.4e d8f442f3 2e51d1 h ???????? 002 /robots.txt
5670921.4b 42f94610 043937 s ???????? 026 /eval/188295002
5670982.8f 42f94614 043937 s ???????? 017 /eval/190445003
5670996.5c 42f94608 043937 h ???????? 003 /wiki/FankFurt
5670998.2c d8f442f3 2e51d1 h ???????? 002 /wiki/CibWiki
5670b96.08 05ea6e37 cdfc4d h ???????? 01c /
5670e5a.41 42f94608 043937 h ???????? 019 /
56711e7.f5 42f9405d 043937 s ???????? 003 /robots.txt
56711e8.93 42f9405b 043937 s ???????? 01e /
56711f9.6f 42f94059 ab3bd9 s ???????? 001 /feel/4
56711f9.d3 42f94059 ab3bd9 s ???????? 002 /feel/8
56711fa.76 42f9405b ab3bd9 s ???????? 023 /feel/10
5671270.d7 42f9460a 043937 h ???????? 004 /wiki/StruwwelPeter
567138c.c8 5fa3ff26 399ff9 h ???????? 002 /robots.txt
567138e.30 5fa3ff20 399ff9 h ???????? 002 /hot
5671575.a0 42f9405c 043937 h ???????? 003 /robots.txt
5671575.da 42f9405c 043937 h ???????? 024 /
567158b.bf 42f9405a ab3bd9 h ???????? 002 /feel/4
567158c.18 42f9405a ab3bd9 h ???????? 001 /feel/8
567158c.82 42f9405a ab3bd9 h ???????? 016 /feel/10
56715f9.df 42f94608 043937 h ???????? 003 /wiki/ScI
5671644.a4 05094648 028fc4 h ???????? 002 /robots.txt
5671646.44 05094648 028fc4 h ???????? 002 //rss.jsp
5671646.c3 05094648 028fc4 s ???????? 001 /robots.txt
5671648.63 05094648 028fc4 s ???????? 160 /ls
56718df.b7 42f9460a 043937 h ???????? 003 /wiki/AndreasBaumann
5671923.0d d8f442f3 2e51d1 h ???????? 001 /robots.txt
567199a.ad d8f442f3 2e51d1 h ???????? 003 /wiki/EoHt
56719c2.9c b166386e 19c6c4 h ???????? 024 /
5671b77.ff bd44e5c2 cedf5c h ???????? 020 /
5671dca.b8 42f9405b 622963 s ???????? 01f /
5671dce.3f 42f9405b 622963 s ???????? 002 /feel/4
5671dcf.3c 42f94059 622963 s ???????? 002 /feel/8
5671dcf.a5 42f9405b 622963 s ???????? 01c /feel/10
5671e59.10 d8f442f3 2e51d1 h ???????? 002 /robots.txt
5671efe.60 42f94614 043937 s ???????? 019 /
5671f15.b5 3624966a 433e9c h ???????? 002 /robots.txt
5671f1f.3a bd7fff63 cdfc4d h ???????? 026 /
5671f84.04 d8f442f3 2e51d1 h ???????? 003 /wiki/SystemDynamics
567219c.c1 2ee5a844 c89f4f h ???????? 002 /robots.txt
567219d.38 2ee5a854 c89f4f h ???????? 003 /wiki/EtAl
5672362.10 42f94606 043937 h ???????? 018 /
5672607.e6 9d37272b 6a88e8 h ???????? 01e /edit/114966014
567261b.b9 b44c0f8d a04d28 h ???????? 032 /
56727bd.6f 42f94606 043937 h ???????? 004 /wiki/NachHaltig
5672843.6d 42f9592b 70a047 h ???????? 002 //rss.rdf
5672945.dd c0f1eb1c ef60d6 h ???????? 01a /
567297f.c6 a900f287 be37cc h ???????? 018 /
5672d20.cd c73a56ce 028fc4 h ???????? 002 /robots.txt
5672d23.34 c73a56ce 028fc4 h ???????? 017 /
5672f6f.d1 42f94614 622963 s ???????? 01d /
5672f98.ed 42f94606 622963 h ???????? 01f /
5672fff.8c 4ebd16de be37cc h ???????? 032 /
5673165.95 42f94608 043937 h ???????? 005 /wiki/HerkulesKeule
56732dc.db d8f442f3 2e51d1 h ???????? 009 /robots.txt
5673302.e6 b44c0f8f a04d28 h ???????? 018 /
5673359.9c d8f442f3 2e51d1 h ???????? 003 /wiki/RaWa
567371a.05 d8f442f3 2e51d1 h ???????? 004 /wiki/RaWa
5673980.da 42f94606 043937 h ???????? 005 /wiki/NochJemand
5673ad2.f0 b44c0f0f a04d28 h ???????? 01b /
5673c2c.07 d8f442f3 2e51d1 h ???????? 002 /robots.txt
5673ca2.fe d8f442f3 2e51d1 h ???????? 004 /wiki/RsWipp
5673d81.9d d8f442f3 2e51d1 h ???????? 028 /edit/10765001
5673e5a.e4 c3167fc4 a397c6 s ???????? 005 /wiki/lifenaut
5673e9b.91 5fa3ff24 399ff9 h ???????? 002 /robots.txt
5673e9f.51 5fa3ff25 399ff9 h ???????? 003 /wiki/PresencingStatus
5673f27.4a 42f94059 043937 s ???????? 022 /
5674050.48 42f9405c 043937 h ???????? 01c /
5674063.13 d8f442f3 2e51d1 h ???????? 003 /wiki/RsWipp
567416e.35 d8f442f3 2e51d1 h ???????? 01e /edit/10765001
56743e7.86 42f94606 043937 h ???????? 004 /wiki/LeistungsKonto
5674635.07 42f9460a 043937 h ???????? 004 /wiki/UstavaNooPolis
5674664.78 5f6cb561 e4b041 h ???????? 002 /robots.txt
5674668.37 5f6cb561 e4b041 h ???????? 004 /wiki/<a%20class="blue"%20href="/wiki/RainerWasserfuhr">RainerWasserfuhr</a>
567476d.fe 42f94606 043937 h ???????? 005 /wiki/ComPression
5674ae4.4e d8f442f3 2e51d1 h ???????? 002 /robots.txt
5674aee.d0 42f94608 043937 h ???????? 003 /wiki/KarlRohn
5674aef.b4 42f94608 043937 h ???????? 003 /wiki/KarlRohn
5674b43.de 42f94608 043937 h ???????? 003 /wiki/ParteiWiki
5674b60.9e d8f442f3 2e51d1 h ???????? 003 /wiki/StepChat
5674b69.bc d8f442f3 2e51d1 h ???????? 004 /wiki/InterNet
5674b79.52 42f94608 043937 h ???????? 004 /wiki/MassAllerDinge
5674bce.55 5fa3ff74 399ff9 h ???????? 002 /robots.txt
5674bdd.cd 5fa3ff5d 399ff9 h ???????? 004 /wiki/KayGroschen
5674bf2.c9 5fa3ff73 399ff9 h ???????? 004 /wiki/LifeDay16184
5674c25.94 42f9460a 043937 h ???????? 004 /wiki/HansLenk
5674d11.1b a2d2c481 028fc4 h ???????? 002 //robots.txt
5674d16.00 a2d2c481 028fc4 h ???????? 01d /
5674d5c.a9 42f94610 043937 s ???????? 01b /
5674d5f.cf 42f94614 ab3bd9 s ???????? 002 /feel/4
5674d60.37 42f94610 ab3bd9 s ???????? 002 /feel/8
5674d60.a7 42f94610 ab3bd9 s ???????? 01f /feel/10
5674dc1.b9 42f9460a 043937 h ???????? 004 /wiki/BeispielsWeise
5674f7e.e8 42f954ee 002725 h ???????? 004 /favicon.ico
56750bc.90 42f95927 70a047 h ???????? 002 //rss.rdf
56756cf.91 42f9460a 043937 h ???????? 01b /
5675c68.b9 42f94608 043937 h ???????? 003 /robots.txt
5675c69.14 42f9460a 043937 h ???????? 004 /wiki/BitForce
5675cc0.16 42f94612 622963 s ???????? 01c /
5675d07.93 42f94614 043937 s ???????? 002 /ClashOfCars
5675d10.1f 42f94608 043937 h ???????? 004 /wiki/MindForce
5675d1e.53 42f9460a 043937 h ???????? 004 /wiki/FormalistManifesto
5675d33.92 42f94608 043937 h ???????? 004 /wiki/CuYa
5675d55.bf 42f9460a 043937 h ???????? 004 /wiki/BlogPost
5675d5f.e5 42f942c8 043937 h ???????? 003 /wiki/CurtisYarvin
5675d77.63 42f94606 043937 h ???????? 005 /wiki/MenciusMoldbug
5675db6.b3 42f9460a 043937 h ???????? 005 /wiki/NeoFeudal
5675e5e.a5 5fa3ff6c 399ff9 h ???????? 002 /robots.txt
5675e5f.1b 5fa3ff76 399ff9 h ???????? 004 /wiki/VerFassung
5675e65.85 5fa3ff6b 399ff9 h ???????? 004 /wiki/SiSanien
5675efd.e2 42f94610 043937 s ???????? 004 /wiki/PlomWiki
5675f38.0d 42f94610 043937 s ???????? 005 /wiki/AtomsAndBits
5676043.3c 42f9460a 622963 h ???????? 01f /
567617b.78 42f9405b 622963 s ???????? 029 /
5676202.ec 42f9460a 043937 h ???????? 005 /wiki/TonyRobbins
567620c.59 42f94610 043937 s ???????? 005 /wiki/TraumFirma
567621a.e1 42f94610 043937 s ???????? 007 /wiki/FreiBerg
5676229.8d 42f94606 043937 h ???????? 006 /wiki/DigitalSpiel
5676236.6b 42f94606 043937 h ???????? 008 /wiki/JohnParmentola
5676244.ef 42f9460a 043937 h ???????? 005 /wiki/CorneliaHeinz
5676252.a6 42f94610 043937 s ???????? 006 /wiki/MechanicalTurk
567625e.c8 42f94610 043937 s ???????? 005 /wiki/WolfgangSchaller
567626b.42 42f94610 043937 s ???????? 004 /wiki/LearningByPlaying
5676278.3f 42f94612 043937 s ???????? 005 /wiki/ZukunftsKinderRoman
5676284.38 42f94608 043937 h ???????? 005 /wiki/HasTalked
5676290.5e 42f94606 043937 h ???????? 006 /wiki/CoCrowd
567629c.8b 42f94606 043937 h ???????? 004 /wiki/HafenCity
56762a8.c2 42f94606 043937 h ???????? 005 /wiki/PeterPfau
56762b3.88 42f94614 043937 s ???????? 004 /wiki/GsDd15
56762bf.1f 42f94608 043937 h ???????? 004 /wiki/PeterWeiss
56762ca.49 42f94606 043937 h ???????? 006 /wiki/LifeboatHQ
56762d3.e8 42f94610 043937 s ???????? 007 /wiki/HeideSandGrube
56762dc.46 42f94606 043937 h ???????? 006 /wiki/PeterSuber
56762e5.4f 42f94610 043937 s ???????? 005 /wiki/SilTronic
56762ed.84 42f9460a 043937 h ???????? 005 /wiki/PeterEich
56762f6.04 42f94606 043937 h ???????? 002 /wiki/PeterChen
56762fb.a5 42f94606 043937 h ???????? 002 /wiki/WeltEngel
5676302.08 42f94606 043937 h ???????? 002 /wiki/UnterWirf
5676308.72 42f94606 043937 h ???????? 001 /wiki/PeterPick
567630e.eb 42f94606 043937 h ???????? 002 /wiki/PeterGorny
5676315.6b 42f94606 043937 h ???????? 001 /wiki/PetersLaws
567631c.08 42f94610 043937 s ???????? 002 /wiki/OlafBoettger
567634a.91 42f94608 043937 h ???????? 002 /wiki/AbuDhabi
56763e6.20 42f94059 043937 s ???????? 012 /
56764e4.6f d8f442f3 2e51d1 h ???????? 001 /robots.txt
5676594.5e 284da743 6a88e8 h ???????? 003 /wiki/JspWiki
567659c.63 d8f442f3 2e51d1 h ???????? 012 /edit/10206002
56765e1.26 42f94606 043937 h ???????? 003 /wiki/GsDd15
567660a.c3 68f5910c ee113c h ???????? 017 /
567660b.a8 68f5910c ee113c h ???????? 001 //https://floatingboat2013.appspot.com
567660d.62 68f5910c ee113c h ???????? 002 //wiki/AlanTuring
567660e.31 68f5910c ee113c h ???????? 002 //wiki/GottfriedWilhelmLeibniz
567660f.02 68f5910c ee113c h ???????? 001 //https://floatingboat2013.appspot.com/UrPic
567660f.ed 68f5910c ee113c h ???????? 001 //https://floatingboat2013.appspot.com/ad
5676610.bf 68f5910c ee113c h ???????? 001 //https://sl4.eu/hls
5676611.8e 68f5910c ee113c h ???????? 001 //https://sl4.eu/ls
5676612.57 68f5910c ee113c h ???????? 001 //https://sl4.eu/sh
5676613.21 68f5910c ee113c h ???????? 001 //https://www.youtube.com/watch
567662d.a5 b2085eae 5ec1d2 h ???????? 002 //wiki/RainerWasserfuhrCvEn
5676651.27 42f94608 043937 h ???????? 003 /wiki/AlanTuring
567669e.da d8f442f3 2e51d1 h ???????? 001 /live
5676813.db 42f94606 043937 h ???????? 003 /wiki/FreiBerg
56769e9.b5 42f9460a 043937 h ???????? 003 /wiki/XianFa
5676b0e.9d 42f9460a 043937 h ???????? 003 /wiki/HalsBand
5676eca.c2 42f94608 043937 h ???????? 003 /wiki/BanKiMoon
5677021.7a 4d4b4eac 6a9392 h ???????? 003 //wiki/WikiNode
5677111.12 42f94614 043937 s ???????? 002 /robots.txt
5677111.95 42f94612 043937 s ???????? 02c /eval/188295002
56772e1.67 42f94608 043937 h ???????? 003 /wiki/SilTronic
5677369.8a 42f94612 043937 s ???????? 015 /
5677438.73 3624966a 433e9c h ???????? 002 //robots.txt
5677492.2e d8f442f3 2e51d1 h ???????? 001 /robots.txt
5677535.72 d8f442f3 2e51d1 h ???????? 001 /edit/771001
5677754.98 bc442a94 d0756d h ???????? 014 /
5677754.c1 bc442a94 64afed h ???????? 01d /
56777a6.43 42f95927 70a047 h ???????? 002 //rss.rdf
5677835.4d 42f9460a 043937 h ???????? 003 /wiki/VerMoegen
5677d17.46 05091176 057297 h ???????? 005 /wiki/SommerSchwatz
5677d86.67 42f94608 043937 h ???????? 004 /wiki/PeterSchulz
5677eee.34 42f94608 043937 h ???????? 002 //robots.txt
5677efe.47 d8f442f3 2e51d1 h ???????? 001 /robots.txt
5677f61.a0 42f94606 043937 h ???????? 016 /
5677fd9.16 d8f442f3 2e51d1 h ???????? 004 /wiki/ConStitution
5677ff1.85 d8f442f3 2e51d1 h ???????? 003 /wiki/BlackFlags
567807e.ad 42f94606 043937 h ???????? 003 /wiki/PeterMerel
567808e.0e 42f94608 043937 h ???????? 016 /edit/166476001
5678327.b9 42f9460a 043937 h ???????? 004 /wiki/MarkWDilley
5678426.09 d8f442f3 2e51d1 h ???????? 002 /robots.txt
56784a4.36 d8f442f3 2e51d1 h ???????? 004 /wiki/LockSession
5678568.bb 42f94612 622963 s ???????? 017 /
5678835.40 8375d60e cdfc4d h ???????? 016 /
567883c.a0 42f94608 043937 h ???????? 005 /wiki/HeidisPeter
567897c.6e 2ee5a183 ace56a h ???????? 003 //wiki/ChristianHeller
5678a03.ef 42f94608 043937 h ???????? 004 /wiki/RaucherLunge
5678b6f.6a 42f94608 622963 h ???????? 017 /
5678c8b.d8 42f9460a 043937 h ???????? 004 /wiki/EigenWillig
5678d26.71 5f6cb561 e4b041 h ???????? 002 /robots.txt
5678d2a.39 5f6cb561 e4b041 h ???????? 018 /
5678fae.5b 42f9460a 043937 h ???????? 004 /wiki/PeterRaulefs
5679066.67 42f94606 043937 h ???????? 004 /wiki/PeterGlaser
56790ae.af 2ee5a841 c89f4f h ???????? 002 /robots.txt
56790af.30 2ee5a84e c89f4f h ???????? 006 /wiki/EtAl
5679176.a4 42f94610 043937 s ???????? 01a /
5679194.a1 42f94606 043937 h ???????? 003 /wiki/PeterHankins
5679251.97 42f94608 043937 h ???????? 004 /wiki/WorldBank
567927f.40 42f94606 043937 h ???????? 003 /wiki/PeterBrandl
567928c.84 42f9460a 043937 h ???????? 003 /wiki/RegelWerk
56793ab.66 d8f442f3 2e51d1 h ???????? 003 /robots.txt
5679451.4f bd2ea8f9 cdfc4d h ???????? 01b /
5679454.29 d8f442f3 2e51d1 h ???????? 003 /wiki/PieschenBank
56796d2.ce 42f9460a 043937 h ???????? 005 /wiki/PeterMueller
5679890.cb 42f94608 043937 h ???????? 003 /wiki/PeterKoegler
56798f5.af d8f442f3 2e51d1 h ???????? 002 /robots.txt
567995a.7c 67726847 ee113c h ???????? 01c /
567995b.c1 67726847 ee113c h ???????? 002 //https://floatingboat2013.appspot.com
567995d.12 67726847 ee113c h ???????? 003 //wiki/AlanTuring
567995e.01 67726847 ee113c h ???????? 004 //wiki/GottfriedWilhelmLeibniz
567995f.3b 67726847 ee113c h ???????? 002 //https://floatingboat2013.appspot.com/UrPic
5679960.57 67726847 ee113c h ???????? 002 //https://floatingboat2013.appspot.com/ad
5679961.97 67726847 ee113c h ???????? 002 //https://sl4.eu/hls
5679962.77 67726847 ee113c h ???????? 001 //https://sl4.eu/ls
5679963.ca 67726847 ee113c h ???????? 002 //https://sl4.eu/sh
5679965.87 67726847 ee113c h ???????? 002 //https://www.youtube.com/watch
5679979.10 d8f442f3 2e51d1 h ???????? 003 /wiki/HowTo
5679984.df 42f94608 043937 h ???????? 003 /wiki/EntwederOder
5679a37.bb 26633e5d 99cc80 h ???????? 018 /
5679a53.ae 42f94608 043937 h ???????? 004 /wiki/PeterSodann
5679c07.09 42f94606 043937 h ???????? 003 /wiki/PeterGabriel
5679cdb.e1 cf2e0d78 6a88e8 h ???????? 003 /wiki/CabiNet
5679cfc.30 42f9460a 043937 h ???????? 003 /wiki/PeterHofinger
5679d83.f8 42f94606 043937 h ???????? 029 /
5679e4b.0e d8f442f3 2e51d1 h ???????? 003 /robots.txt
5679e79.75 42f9592b 70a047 h ???????? 002 //rss.rdf
5679eed.9c d8f442f3 2e51d1 h ???????? 004 /wiki/TonyBates
567a045.0b 42f94606 043937 h ???????? 005 /wiki/StevenWolfram
567a1bb.69 42f9460a 043937 h ???????? 003 /wiki/RegenSchirm
567a244.ff a7fa0f04 be37cc h ???????? 023 /
567a38b.17 42f94612 622963 s ???????? 019 /
567a3da.14 42f94606 043937 h ???????? 003 /wiki/SelbstErnannt
567a415.1a 42f94610 043937 s ???????? 01e /edit/193735004
567a7f3.bf 42f9460a 043937 h ???????? 004 /wiki/PeterBofinger
567a8b4.62 284da743 6a88e8 h ???????? 004 /wiki/WantedPages
567a8ec.b2 42f9460a 043937 h ???????? 003 /wiki/PeterHettlich
567a991.a0 42f94606 622963 h ???????? 018 /
567aa17.4e 42f9460a 043937 h ???????? 018 /
567ab6b.43 9d372735 6a88e8 h ???????? 003 //robots.txt
567ab87.22 42f94606 043937 h ???????? 004 /wiki/PetersStrasse
567abe4.2f 284da743 6a88e8 h ???????? 004 /wiki/FetLife
567ad3b.6c 42f9460a 043937 h ???????? 004 /wiki/OlafBoettger
567ae04.19 5d9fb896 cdfc4d h ???????? 018 /
567afe3.20 67595b9d ee113c h ???????? 01f /
567afe4.35 67595b9d ee113c h ???????? 002 //https://floatingboat2013.appspot.com
567afe5.3f 67595b9d ee113c h ???????? 003 //wiki/AlanTuring
567afe6.b3 67595b9d ee113c h ???????? 004 //wiki/GottfriedWilhelmLeibniz
567afe7.9b 67595b9d ee113c h ???????? 002 //https://floatingboat2013.appspot.com/UrPic
567afe8.91 67595b9d ee113c h ???????? 002 //https://floatingboat2013.appspot.com/ad
567afe9.bb 67595b9d ee113c h ???????? 002 //https://sl4.eu/hls
567afea.fc 67595b9d ee113c h ???????? 003 //https://sl4.eu/ls
567afec.91 67595b9d ee113c h ???????? 003 //https://sl4.eu/sh
567afed.af 67595b9d ee113c h ???????? 002 //https://www.youtube.com/watch
567b012.7f 42f94610 043937 s ???????? 025 /
567b0cb.d3 4f7f32f2 cedf5c h ???????? 020 /
567b13f.ab 42f94610 622963 s ???????? 020 /
567b287.f0 42f9460a 043937 h ???????? 004 /wiki/ThiloWeichert
567b2d8.22 d8f442f3 2e51d1 h ???????? 002 /robots.txt
567b352.07 d8f442f3 2e51d1 h ???????? 004 /wiki/ThoughtStorms
567b3ed.5f 42f94606 043937 h ???????? 004 /wiki/KreditRegister
567b565.1a 42f94606 043937 h ???????? 004 /wiki/MagisterArbeit
567b5d8.71 42f94612 043937 s ???????? 023 /edit/181945005
567b675.ea 05ca29f0 702dd8 h ???????? 01b /
567b944.0d 42f9460a 043937 h ???????? 004 /wiki/AtomsAndBits
567ba95.96 3435c94e c8c944 h ???????? 01d /
567ba96.1c 42f9405c 043937 h ???????? 027 /
567ba9e.0c 42f9405a ab3bd9 h ???????? 002 /feel/4
567ba9f.93 42f9405a ab3bd9 h ???????? 003 /feel/8
567baa1.c4 42f9405a ab3bd9 h ???????? 01b /feel/10
567bd28.2d d8f442f3 2e51d1 h ???????? 003 /robots.txt
567bd99.f6 42f9460a 043937 h ???????? 004 /wiki/LarrySchlotter
567be1f.83 d8f442f3 2e51d1 h ???????? 004 /wiki/NorbertRost
567be22.91 d8f442f3 2e51d1 h ???????? 004 /wiki/OrderBuch
567be50.63 d8f442f3 2e51d1 h ???????? 004 /wiki/EmotionalIntelligence
567bea8.83 42f94608 043937 h ???????? 003 /wiki/PeterKuerten
567c244.0f d8f442f3 2e51d1 h ???????? 003 /robots.txt
567c298.16 b981759a be37cc h ???????? 01c /
567c29d.4f 42f94610 043937 s ???????? 004 /wiki/MarcusBertelsmeier
567c2c5.9a d8f442f3 2e51d1 h ???????? 004 /wiki/ChiefTechnologyOfficer
567c2d0.98 42f94608 043937 h ???????? 005 /wiki/PeterBittner
567c337.64 42f94612 043937 s ???????? 004 /wiki/ForStudents
567c466.b5 42f9460a 043937 h ???????? 005 /wiki/FahrSicherheit
567c530.6b 42f94608 043937 h ???????? 004 /wiki/BreakEven
567c6a3.ae 42f94606 622963 h ???????? 01e /
567c79b.d8 42f94612 043937 s ???????? 01e /edit/172765002
567c840.91 5fa3ff69 399ff9 h ???????? 002 /robots.txt
567c847.94 5fa3ff5d 399ff9 h ???????? 01e /
567c857.66 5fa3ff74 399ff9 h ???????? 004 /wiki/DeHa
567c865.14 5fa3ff5d 399ff9 h ???????? 004 /wiki/EyeDotz
567c86e.78 5fa3ff61 399ff9 h ???????? 005 /wiki/CoraHobby
567c879.cd 5fa3ff73 399ff9 h ???????? 005 /wiki/DoIt
567c883.c2 5fa3ff74 399ff9 h ???????? 005 /wiki/HiPo
567c892.56 5fa3ff6a 399ff9 h ???????? 004 /wiki/WikiPage
567c8a2.c5 5fa3ff74 399ff9 h ???????? 005 /wiki/AnEi
567c8b0.c3 5fa3ff5f 399ff9 h ???????? 003 /AlphaDay
567c8cb.cc 42f94606 043937 h ???????? 004 /wiki/PlusWiki
567cb3f.00 42f94608 043937 h ???????? 008 /wiki/NumberCrunch
567cb58.81 42f95927 70a047 h ???????? 003 //rss.rdf
567ccaa.72 42f94608 043937 h ???????? 062 /
567cd02.cd 42f94606 043937 h ???????? 005 /wiki/FussBoden
567cee1.d3 42f9460a 043937 h ???????? 007 /wiki/HorrorFilm
567d066.70 33260c17 a397c6 h ???????? 013 /
567d160.87 42f9460a 043937 h ???????? 002 /wiki/PeterEnsikat
567d17c.d3 b9d7eb06 19c6c4 h ???????? 016 /
567d1c0.c1 d8f442f3 2e51d1 h ???????? 002 /robots.txt
567d23f.d3 d8f442f3 2e51d1 h ???????? 006 /wiki/LockSchuppenAg%3E
567d24e.01 d8f442f3 2e51d1 h ???????? 002 /wiki/BigTableNomic
567d262.9b d8f442f3 2e51d1 h ???????? 52b /memo
567d2b1.6f 42f94612 043937 s ???????? 018 /
567d31b.6d d8f442f3 2e51d1 h ???????? 002 /wiki/BrainCopy
567d334.88 42f9460a 043937 h ???????? 002 /wiki/VerfolgungsJagd
567d6e3.6d d8f442f3 2e51d1 h ???????? 002 /robots.txt
567d742.1a 42f94608 043937 h ???????? 003 /wiki/SandroZimmermann
567d78b.c1 d8f442f3 2e51d1 h ???????? 002 /wiki/PerspectiveNumerique
567d78e.d3 d8f442f3 2e51d1 h ???????? 002 /wiki/WikiWeiberZwo
567d8a6.b6 5da03c16 48d7fa h ???????? 004 //wiki/TwitterKurs
567d8ed.1c 42f94608 043937 h ???????? 007 /wiki/PeterJosephLenne
567d95f.0d 42f94606 043937 h ???????? 003 /wiki/PeerToPeer
567d9ca.6b 42f94608 043937 h ???????? 003 /wiki/EarlyMayority
567dacc.15 42f9460a 043937 h ???????? 002 /wiki/PeterRossbach
567dc57.d4 42f94f28 043937 h ???????? 003 /wiki/WolfgangSchaller
567dd16.4b 42f94614 043937 s ???????? 004 /wiki/SingularityUniversity
567dd93.82 3624966d 433e9c h ???????? 001 /robots.txt
567dd94.32 05c45715 433e9c h ???????? 003 /wiki/RainerWasserfuhrCvEn
567debf.45 42f94610 622963 s ???????? 017 /
567df2f.c3 42f94606 043937 h ???????? 003 /wiki/FictionalCharacter
567e007.21 42f94606 043937 h ???????? 003 /wiki/MarcusBertelsmeier
567e0c4.60 42f94608 043937 h ???????? 002 /wiki/HeinrichHerchenbach
567e1b6.49 42f94608 043937 h ???????? 002 /edit
567e208.4a 42f94606 043937 h ???????? 003 /wiki/HugoMiehe
567e342.32 02b88e70 cedf5c h ???????? 01b /
567e40b.3a 42f94608 043937 h ???????? 002 /wiki/ZukunftsKinderRoman
567e40c.78 42f94606 043937 h ???????? 002 /wiki/MechanicalTurk
567e516.7b 42f94606 043937 h ???????? 004 /wiki/ProFessor
567e585.9f 05a4e83a cedf5c h ???????? 01b /
567e650.54 d8f442f3 2e51d1 h ???????? 004 /robots.txt
567e69b.8b 42f94606 043937 h ???????? 003 /wiki/FirstFuture
567e6c5.2c d8f442f3 2e51d1 h ???????? 003 /wiki/SingularSummitEurope
567e74d.51 d8f442f3 2e51d1 h ???????? 013 /edit/11186001
567e74f.ea d8f442f3 2e51d1 h ???????? 002 /wiki/DarmStadt
567e7ab.4d 42f94606 043937 h ???????? 003 /wiki/AnnoDomini2009
567e802.16 42f94606 043937 h ???????? 003 /wiki/ErnstKuhn
567e938.cd 42f9405c 043937 h ???????? 002 /ptxevzkwltsfdhh.html
567e943.a6 42f9460a 043937 h ???????? 002 /wiki/GoogleGlass
567e95b.3c 42f94608 043937 h ???????? 002 /wiki/MindEyes
567eb22.ad 42f94612 043937 s ???????? 012 /edit/184765003
567eb73.e1 d8f442f3 2e51d1 h ???????? 002 /robots.txt
567ebec.bd 42f94606 043937 h ???????? 003 /wiki/BlindDate
567ebf0.c3 d8f442f3 2e51d1 h ???????? 002 /wiki/FabVille
567ebf5.11 d8f442f3 2e51d1 h ???????? 003 /wiki/L...
567edc7.cf 5fa3ff6d 399ff9 h ???????? 002 /robots.txt
567edce.c6 5fa3ff62 399ff9 h ???????? 003 /wiki/ThinkIn
567edd7.0c 5fa3ff63 399ff9 h ???????? 002 /wiki/OasIs
567ede5.c1 5fa3ff60 399ff9 h ???????? 002 /wiki/LinieDrei
567edef.c5 5fa3ff62 399ff9 h ???????? 003 /wiki/WegenDir
567edf4.3f 42f94608 622963 h ???????? 014 /
567edf8.9e 5fa3ff68 399ff9 h ???????? 002 /wiki/HaTa
567ee07.b0 5fa3ff66 399ff9 h ???????? 005 /wiki/LaufHaus
567ee0f.a5 5fa3ff75 399ff9 h ???????? 002 /wiki/TuerAn
567ee19.04 5fa3ff66 399ff9 h ???????? 003 /wiki/KreuzKirche
567ee2b.47 5fa3ff71 399ff9 h ???????? 003 /wiki/ZuJung
567ee35.b5 5fa3ff5d 399ff9 h ???????? 003 /wiki/KhBi
567ee42.9a 5fa3ff60 399ff9 h ???????? 015 /wiki/127001
567ee4d.76 5fa3ff74 399ff9 h ???????? 003 /wiki/536001
567ee8d.c6 42f94606 043937 h ???????? 002 /wiki/OstiHellweg
567ef56.06 42f94606 043937 h ???????? 004 /wiki/PhilippeGreier
567f05d.ca c9dbdad2 19c6c4 h ???????? 014 /
567f0b2.1b 33260c17 a397c6 s ???????? 01c /
567f0ee.8d 9d37279a 6a88e8 h ???????? 01c /
567f180.45 42f9460a 043937 h ???????? 01b /
567f1a7.c8 42f94608 043937 h ???????? 003 /wiki/GottfriedWilhelmLeibniz
567f1c0.5f 42f94610 043937 s ???????? 0a7 /ls
567f1cf.1f 42f94610 043937 s ???????? 077 /hls
567f1e9.59 42f9460a 043937 h ???????? 003 /feel/
567f1fe.30 42f94608 043937 h ???????? 002 /alive/
567f20c.ac 42f94606 043937 h ???????? 003 /wiki/ScreenCast
567f366.93 42f94606 043937 h ???????? 003 /wiki/PeterWilhelmHerchenbach
567f3e1.b0 42f94612 043937 s ???????? 018 /
567f3f4.c4 42f94612 043937 s ???????? 002 /feel/
567f432.41 42f94614 043937 s ???????? 002 /alive/
567f452.26 42f94614 043937 s ???????? 003 /wiki/AlanTuring
567f4c7.8c 42f95927 70a047 h ???????? 002 //rss.rdf
567f54e.1d 42f94608 043937 h ???????? 003 /wiki/WorkInProgress
567f637.4c 42f94608 043937 h ???????? 003 /wiki/HeideSandGrube
567f705.20 42f9460a 043937 h ???????? 004 /wiki/DrScheckentuer
567f7e5.66 42f9460a 043937 h ???????? 003 /wiki/PeterChallenge
567f7ff.6b 42f94610 043937 s ???????? 004 /wiki/ObrigKeit
567f891.21 42f94614 043937 s ???????? 003 /wiki/KinderGarten
567f8d1.bc 42f94612 043937 s ???????? 003 /wiki/KinderTagesSt
567f9f1.cf 42f94612 043937 s ???????? 002 /edit
567fab8.d2 42f94606 043937 h ???????? 003 /wiki/NeunKirchen
567fb64.88 42f94608 043937 h ???????? 004 /wiki/ObrigKeit
567fce5.fc 42f94608 043937 h ???????? 004 /wiki/RdF
567fd26.1f d8f442f3 2e51d1 h ???????? 002 /robots.txt
567fd9b.d4 d8f442f3 2e51d1 h ???????? 003 /wiki/TransZen
567feb0.cb 42f94614 622963 s ???????? 016 /
567ffaa.75 5fa3ff4f 399ff9 h ???????? 002 /robots.txt
567ffab.f4 5fa3ff4c 399ff9 h ???????? 003 /wiki/FutureLab2056
