5730010.83 284da70b 6a88e8 h ???????? 003 /wiki/OnLine
573003b.2e 42f942d0 043937 s ???????? 002 /wiki/ArBeit
573018e.ee b208fee0 ea3c0a h ???????? 016 /
5730193.37 b208fee0 ea3c0a h ???????? 007 /alive/4
5730193.48 b208fee0 ea3c0a h ???????? 001 /feel/4
5730197.57 b208fee0 ea3c0a h ???????? 002 /alive/8
5730197.76 b208fee0 ea3c0a h ???????? 001 /feel/8
573019c.15 36249511 433e9c h ???????? 001 /edit/30876001
57301c1.cf 362494cb 433e9c h ???????? 002 /edit/23976006
5730293.e7 42f942c8 043937 h ???????? 004 /wiki/SylkeScholz
5730364.af 676486a3 19c6c4 h ???????? 01e /
57305e6.a5 42f942ca 043937 h ???????? 004 /wiki/DigitalSubscriberLine
57305f3.91 42f942c8 043937 h ???????? 003 /wiki/SommerSchwatz
5730651.89 3624949a 433e9c h ???????? 002 /edit/26616001
5730883.47 42f942c6 043937 h ???????? 003 /wiki/GershenfeldReplicator
573091c.3c 42f942d0 043937 s ???????? 004 /wiki/ObDach
573092e.58 b208fee0 ea3c0a h ???????? 017 /
5730932.c5 b208fee0 ea3c0a h ???????? 001 /feel/4
5730aa9.43 36249565 433e9c h ???????? 004 /wiki/ObDach
5730b00.34 42f942ca 043937 h ???????? 003 /wiki/DanielDennett
5730d24.99 284da70b 6a88e8 h ???????? 002 /edit/34926001
5730d5d.d7 5fa3ff21 399ff9 h ???????? 002 /robots.txt
5730d60.3a 5fa3ff22 399ff9 h ???????? 003 /wiki/ToMo
5730d62.25 5fa3ff20 399ff9 h ???????? 002 /StarTime
5730d64.1c 5fa3ff20 399ff9 h ???????? 003 /wiki/LiebeMachte
5730d83.a5 3435c94e c8c944 h ???????? 016 /
5730e3b.93 42f942c6 043937 h ???????? 003 /wiki/BfA
5730f53.79 42f942ca 043937 h ???????? 003 /wiki/PieschenRadioClj
5731042.ec 284da70b 6a88e8 h ???????? 002 /edit/39886001
5731057.79 42f942c8 043937 h ???????? 003 /wiki/ClosedWorldAssumption
5731133.e5 42f942c8 043937 h ???????? 003 /wiki/TeamLeaRningExperience
573114c.7e 42f942c6 043937 h ???????? 003 /wiki/KathleenParma
57311c1.39 42f942c6 622963 h ???????? 024 /
57311fd.2d 42f942d0 043937 s ???????? 003 /wiki/BauIgel
5731229.9d 42f942ca 043937 h ???????? 003 /wiki/AscensionOfJesus
57313c4.35 42f942c8 043937 h ???????? 003 /wiki/PieschenBank
57314ae.c4 42f942c6 043937 h ???????? 004 /wiki/DieLetzteZeit
57314d5.3b b208fee0 ea3c0a h ???????? 017 /
57314d6.19 b208fee0 6c4fa8 h ???????? 002 /apple-touch-icon-152x152-precomposed.png
57314d6.4a b208fee0 6c4fa8 h ???????? 002 /apple-touch-icon-152x152.png
57314d6.78 b208fee0 6c4fa8 h ???????? 002 /apple-touch-icon.png
57314d6.a4 b208fee0 6c4fa8 h ???????? 002 /apple-touch-icon.png
57314d6.d2 b208fee0 6c4fa8 h ???????? 002 /apple-touch-icon-precomposed.png
57314d7.07 b208fee0 6c4fa8 h ???????? 002 /favicon.ico
57314d9.ac b208fee0 ea3c0a h ???????? 002 /alive/4
57314d9.c3 b208fee0 ea3c0a h ???????? 002 /feel/4
5731692.6d 42f9423b 622963 s ???????? 018 /
57316fd.f5 42f942ca 043937 h ???????? 003 /wiki/RoFl
573170b.dd 42f942c8 043937 h ???????? 003 /wiki/MarketingBeratung
57319c8.21 42f942c6 043937 h ???????? 004 /wiki/GeistigesEigentum
5731a67.f5 67726856 33ac0e h ???????? 017 /
5731a68.d8 67726856 33ac0e h ???????? 002 //https://floatingboat2013.appspot.com
5731a6a.4e 67726856 33ac0e h ???????? 003 //wiki/AlanTuring
5731a6b.44 67726856 33ac0e h ???????? 003 //wiki/GottfriedWilhelmLeibniz
5731a6c.1b 67726856 33ac0e h ???????? 002 //https://floatingboat2013.appspot.com/UrPic
5731a6d.06 67726856 33ac0e h ???????? 002 //https://floatingboat2013.appspot.com/ad
5731a6e.8b 67726856 33ac0e h ???????? 002 //https://sl4.eu/hls
5731a6f.c1 67726856 33ac0e h ???????? 002 //https://sl4.eu/ls
5731a71.1f 67726856 33ac0e h ???????? 001 //https://sl4.eu/sh
5731a72.06 67726856 33ac0e h ???????? 002 //https://www.youtube.com/watch
5731a86.76 42f942ca 043937 h ???????? 003 /wiki/TraineeAusbildung
5731ade.31 42f942d0 043937 s ???????? 003 /wiki/MindTag
5731b01.4e 42f95cc7 70a047 h ???????? 002 //rss.rdf
5731c42.13 4ebd379f cdfc4d h ???????? 01b /
5731c7e.a0 42f942ca 043937 h ???????? 004 /wiki/KarmaKapitalismus
5731da3.89 42f9423d 043937 s ???????? 01c /
5731e1e.57 42f942c6 043937 h ???????? 004 /wiki/WertVoll
5732095.a6 42f942c8 043937 h ???????? 004 /wiki/DiakonissenKrankenhaus
5732156.11 42f942ca 043937 h ???????? 004 /wiki/LockContactOffice
5732334.4d 5fa3ff27 399ff9 h ???????? 002 /robots.txt
5732336.ce 5fa3ff26 399ff9 h ???????? 003 /wiki/AnFang
57323bf.3b 42f942d2 043937 s ???????? 004 /wiki/BadBank
57323f3.f8 42f942c6 043937 h ???????? 003 /wiki/BuildingContainer
57324c7.77 42f942c6 043937 h ???????? 004 /wiki/HyperMindMarkUpLanguage
5732774.db 42f942c8 043937 h ???????? 004 /wiki/StrassenVerkehrsOrdnung
573284e.7e 42f942ca 043937 h ???????? 004 /wiki/TheSingularityIsEvenNearer
573292b.59 cf2e0d7f 6a88e8 h ???????? 003 /edit/39856001
573293b.80 42f942c6 043937 h ???????? 005 /wiki/TransitiveClosure
5732ab9.c6 cf2e0d79 6a88e8 h ???????? 01a /edit/103716004
5732aba.17 cf2e0d79 6a88e8 h ???????? 003 /wiki/BastiHirsch
5732aba.61 cf2e0d79 6a88e8 h ???????? 019 /edit/114966014
5732baa.60 42f942ca 043937 h ???????? 004 /wiki/PersoenlichkeitsDiagnostik
5732bb4.c1 42f942c8 043937 h ???????? 004 /wiki/NetzClub
5732bc2.04 cf2e0d7f 6a88e8 h ???????? 003 /wiki/SingularityUniversity
5732ca9.5c c8c09777 19c6c4 h ???????? 019 /
5732cc4.63 42f942d4 043937 s ???????? 004 /wiki/XingBus
5732d2b.56 b37f9845 cedf5c h ???????? 01b /
5732d86.26 42f942ca 043937 h ???????? 004 /wiki/RaptureOfTheNerds
5732e32.65 42f942ca 043937 h ???????? 004 /wiki/DavidChalmers
5732e99.6d 42f942c8 043937 h ???????? 004 /wiki/UnixTime
5732f25.18 42f942c6 043937 h ???????? 004 /wiki/ManuelaWasserfuhr
57331a8.83 42f942ca 043937 h ???????? 005 /wiki/MuDnr1Ahv28oR6ZVpr
57331b5.f0 284da70b 6a88e8 h ???????? 004 /wiki/LockSchuppenBusinessPlan
57331c2.35 42f942c8 043937 h ???????? 003 /wiki/LockBrainWiki
5733271.14 bb65f6f4 cdfc4d h ???????? 01d /
573338c.f6 42f942c6 043937 h ???????? 005 /wiki/PointOfSale
5733445.c8 42f942c8 043937 h ???????? 005 /wiki/LeapSecond
5733581.fd 42f942d0 043937 s ???????? 005 /wiki/NieMand
5733626.42 42f942c6 043937 h ???????? 004 /wiki/KeineWerbungGesetz
57336f7.de 42f942c6 043937 h ???????? 005 /wiki/NotTechcrunch40
573376a.9a 42f942d0 043937 s ???????? 003 /.well-known/assetlinks.json
57337cd.d5 42f942ca 043937 h ???????? 004 /wiki/BayesianOptimizationAlgorithm
5733907.bb 42f942ca 043937 h ???????? 005 /wiki/LandesamtFuerDenkmalPflegeSachsen
573397e.42 42f942c6 043937 h ???????? 004 /wiki/MichaelMeinhardt
5733a7f.cb 42f942ca 043937 h ???????? 005 /wiki/ChristianeFiliusJehne
5733bbf.e3 cf2e0dd9 6a88e8 h ???????? 003 /edit/28146002
5733c14.e7 42f95ccb 70a047 h ???????? 00b //rss.rdf
5733ca5.ed 3cbf264d 24f5f0 h ???????? 01e /
5733d23.d1 76f1bf6e 55f5b7 s ???????? 01d /
5733e63.68 42f942d4 043937 s ???????? 005 /wiki/ProJect
5733f24.5e 42f942c8 043937 h ???????? 004 /wiki/DeWikiPedia
5733f2f.f1 42f942c8 043937 h ???????? 004 /wiki/OpenInfrastructure
5733fbe.f0 42f942ca 043937 h ???????? 005 /wiki/EuRo
5733fec.62 42f942c6 043937 h ???????? 004 /wiki/NmHr
57341f5.a4 cf2e0d26 6a88e8 h ???????? 005 /wiki/RoMa
5734385.af 42f942c8 043937 h ???????? 003 /robots.txt
5734386.08 42f942c6 043937 h ???????? 004 /wiki/SecondDresden
5734499.06 cf2e0dd9 6a88e8 h ???????? 004 /wiki/MindMark
573457b.1b 42f942c8 043937 h ???????? 005 /wiki/MartinFicker
57346a5.f4 42f942c8 043937 h ???????? 005 /wiki/SchAu
57346ce.2a 284da70b 6a88e8 h ???????? 004 /wiki/MindFee
5734744.3b 42f942d4 043937 s ???????? 004 /wiki/AutoCad
57347e6.c9 1f0358a6 be37cc h ???????? 01e /
5734994.c0 42f942c8 043937 h ???????? 005 /wiki/TheoryUPractioners
5734a32.47 42f942ca 043937 h ???????? 004 /wiki/LifeDay16359
5734a39.e5 42f942c6 043937 h ???????? 004 /wiki/OliverBradley
5734b34.73 cf2e0dd9 6a88e8 h ???????? 003 /cal
5734bd4.9e 8ac9c861 4f089e h ???????? 003 /noopolis
5734c53.53 42f942c8 043937 h ???????? 005 /wiki/ArthurRimbaud
5734c8c.8e 67299289 be37cc h ???????? 020 /
5734cba.99 42f942c6 043937 h ???????? 005 /wiki/MindEye
5734cd0.2a 2ea11bd2 1ee12d h ???????? 005 /wiki/LockSchuppenDe
5734d7d.2f 5fa3ff20 399ff9 h ???????? 003 /robots.txt
5734d80.03 5fa3ff24 399ff9 h ???????? 004 /wiki/MindPost
5734d9e.66 5fa3ff20 399ff9 h ???????? 020 /wiki/118001
5734d9f.b2 5fa3ff24 399ff9 h ???????? 005 /wiki/HechtRunde
5734e42.63 42f942ca 043937 h ???????? 005 /wiki/EmailToCurrentUser
5734ec3.c4 b89a4a43 ce42d0 h ???????? 01f /
5734ecd.3c 42f942c6 622963 h ???????? 01f /
5734ece.3c 42f942c8 622963 h ???????? 01f /
5734fb5.2c 42f942c6 043937 h ???????? 004 /wiki/TeambildungsCourse
5734fd1.7b 42f942c6 043937 h ???????? 005 /wiki/AufrissZeichnungen
5735025.3e 42f942d4 043937 s ???????? 004 /wiki/JahrGang
573517e.ac cf2e0d7f 6a88e8 h ???????? 005 /wiki/DasIchErinnertSich
573529b.f4 42f942c8 043937 h ???????? 005 /wiki/JohnEllisMcTaggart
57352d6.fb b208fee0 ea3c0a h ???????? 021 /
57352db.75 b208fee0 ea3c0a h ???????? 007 /alive/4
57352db.80 b208fee0 ea3c0a h ???????? 003 /feel/4
57352df.74 b208fee0 ea3c0a h ???????? 003 /alive/8
57352df.82 b208fee0 ea3c0a h ???????? 003 /feel/8
57352e7.f1 b208fee0 ea3c0a h ???????? 01f /feel/10
5735378.b6 42f9423b 622963 s ???????? 02b /
5735450.ca 42f942c6 043937 h ???????? 005 /wiki/RawyaSaudAlBusaidi
57354a3.96 284da70b 6a88e8 h ???????? 005 /wiki/RaiNer
5735549.13 42f942c8 043937 h ???????? 006 /wiki/EtHz
5735581.92 b9ecca53 f06f2d h ???????? 030 /
5735601.a3 42f942ca 043937 h ???????? 005 /wiki/PhLe
573575e.c9 7717128f 1066b4 h ???????? 072 /index.php
5735761.82 7717128f 1066b4 h ???????? 077 /index.php
5735762.3a 7717128f 1066b4 h ???????? 002 /phpmyadmin/index.php
5735764.9b 7717128f 1066b4 h ???????? 002 /phpmyadmin/index.php
5735765.07 7717128f 1066b4 h ???????? 003 /phpMyAdmin/index.php
5735767.6c 7717128f 1066b4 h ???????? 003 /phpMyAdmin/index.php
5735767.cc 7717128f 1066b4 h ???????? 002 /pmd/index.php
573576a.2b 7717128f 1066b4 h ???????? 003 /pmd/index.php
573576a.8c 7717128f 1066b4 h ???????? 003 /pma/index.php
573576c.ec 7717128f 1066b4 h ???????? 003 /pma/index.php
573576d.4d 7717128f 1066b4 h ???????? 003 /PMA/index.php
573576f.b4 7717128f 1066b4 h ???????? 003 /PMA/index.php
5735770.1b 7717128f 1066b4 h ???????? 003 /PMA2/index.php
5735772.7a 7717128f 1066b4 h ???????? 003 /PMA2/index.php
5735772.db 7717128f 1066b4 h ???????? 003 /pmamy/index.php
5735776.3a 7717128f 1066b4 h ???????? 002 /pmamy/index.php
5735776.8f 7717128f 1066b4 h ???????? 001 /pmamy2/index.php
5735778.dd 7717128f 1066b4 h ???????? 001 /pmamy2/index.php
5735779.30 7717128f 1066b4 h ???????? 002 /mysql/index.php
573577b.7e 7717128f 1066b4 h ???????? 001 /mysql/index.php
573577b.d1 7717128f 1066b4 h ???????? 001 /admin/index.php
573577e.c3 7717128f 1066b4 h ???????? 001 /admin/index.php
573577f.16 7717128f 1066b4 h ???????? 000 /db/index.php
5735781.63 7717128f 1066b4 h ???????? 001 /db/index.php
5735781.b4 7717128f 1066b4 h ???????? 001 /dbadmin/index.php
5735784.04 7717128f 1066b4 h ???????? 001 /dbadmin/index.php
5735784.55 7717128f 1066b4 h ???????? 001 /web/phpMyAdmin/index.php
5735786.a8 7717128f 1066b4 h ???????? 001 /web/phpMyAdmin/index.php
5735786.fc 7717128f 1066b4 h ???????? 002 /admin/pma/index.php
5735789.4a 7717128f 1066b4 h ???????? 001 /admin/pma/index.php
5735789.99 7717128f 1066b4 h ???????? 002 /admin/PMA/index.php
573578b.e7 7717128f 1066b4 h ???????? 001 /admin/PMA/index.php
573578c.39 7717128f 1066b4 h ???????? 001 /admin/mysql/index.php
573578e.8c 7717128f 1066b4 h ???????? 002 /admin/mysql/index.php
573578e.e1 7717128f 1066b4 h ???????? 001 /admin/mysql2/index.php
5735791.2e 7717128f 1066b4 h ???????? 001 /admin/mysql2/index.php
5735792.2e 7717128f 1066b4 h ???????? 001 /admin/phpmyadmin/index.php
5735795.e2 7717128f 1066b4 h ???????? 001 /admin/phpmyadmin/index.php
5735796.e4 7717128f 1066b4 h ???????? 001 /admin/phpMyAdmin/index.php
5735799.33 7717128f 1066b4 h ???????? 002 /admin/phpMyAdmin/index.php
5735799.85 7717128f 1066b4 h ???????? 001 /admin/phpmyadmin2/index.php
573579b.d3 7717128f 1066b4 h ???????? 002 /admin/phpmyadmin2/index.php
573579c.25 7717128f 1066b4 h ???????? 001 /mysqladmin/index.php
573579e.76 7717128f 1066b4 h ???????? 001 /mysqladmin/index.php
573579e.c8 7717128f 1066b4 h ???????? 001 /mysql-admin/index.php
57357a1.1d 7717128f 1066b4 h ???????? 002 /mysql-admin/index.php
57357a1.6e 7717128f 1066b4 h ???????? 001 /phpadmin/index.php
57357a3.bc 7717128f 1066b4 h ???????? 001 /phpadmin/index.php
57357a4.11 7717128f 1066b4 h ???????? 001 /phpmyadmin0/index.php
57357a6.61 7717128f 1066b4 h ???????? 001 /phpmyadmin0/index.php
57357a6.bd 7717128f 1066b4 h ???????? 002 /phpmyadmin1/index.php
57357a9.0e 7717128f 1066b4 h ???????? 002 /phpmyadmin1/index.php
57357a9.62 7717128f 1066b4 h ???????? 001 /phpmyadmin2/index.php
57357ab.b2 7717128f 1066b4 h ???????? 002 /phpmyadmin2/index.php
57357ac.06 7717128f 1066b4 h ???????? 002 /myadmin/index.php
57357ae.fd 7717128f 1066b4 h ???????? 001 /myadmin/index.php
57357af.54 7717128f 1066b4 h ???????? 002 /myadmin2/index.php
57357b1.a4 7717128f 1066b4 h ???????? 002 /myadmin2/index.php
57357b2.a6 7717128f 1066b4 h ???????? 001 /xampp/phpmyadmin/index.php
57357b4.fb 7717128f 1066b4 h ???????? 002 /xampp/phpmyadmin/index.php
57357b5.54 7717128f 1066b4 h ???????? 002 /phpMyadmin_bak/index.php
57357b7.a9 7717128f 1066b4 h ???????? 001 /phpMyadmin_bak/index.php
57357b8.00 7717128f 1066b4 h ???????? 002 /www/phpMyAdmin/index.php
57357ba.51 7717128f 1066b4 h ???????? 002 /www/phpMyAdmin/index.php
57357ba.a8 7717128f 1066b4 h ???????? 001 /tools/phpMyAdmin/index.php
57357bc.fe 7717128f 1066b4 h ???????? 002 /tools/phpMyAdmin/index.php
57357bd.57 7717128f 1066b4 h ???????? 002 /phpmyadmin-old/index.php
57357bf.ae 7717128f 1066b4 h ???????? 002 /phpmyadmin-old/index.php
57357c0.0d 7717128f 1066b4 h ???????? 007 /phpMyAdminold/index.php
57357c3.13 7717128f 1066b4 h ???????? 001 /phpMyAdminold/index.php
57357c3.69 7717128f 1066b4 h ???????? 001 /phpMyAdmin.old/index.php
57357c5.be 7717128f 1066b4 h ???????? 001 /phpMyAdmin.old/index.php
57357c6.16 7717128f 1066b4 h ???????? 007 /pma-old/index.php
57357c8.6b 7717128f 1066b4 h ???????? 002 /pma-old/index.php
57357c8.ce 7717128f 1066b4 h ???????? 002 /claroline/phpMyAdmin/index.php
57357cb.26 7717128f 1066b4 h ???????? 002 /claroline/phpMyAdmin/index.php
57357cb.81 7717128f 1066b4 h ???????? 008 /typo3/phpmyadmin/index.php
57357cd.da 7717128f 1066b4 h ???????? 001 /typo3/phpmyadmin/index.php
57357ce.2f 7717128f 1066b4 h ???????? 001 /phpma/index.php
57357d0.82 7717128f 1066b4 h ???????? 002 /phpma/index.php
57357d0.d6 7717128f 1066b4 h ???????? 008 /phpmyadmin/phpmyadmin/index.php
57357d3.2a 7717128f 1066b4 h ???????? 001 /phpmyadmin/phpmyadmin/index.php
57357d3.7f 7717128f 1066b4 h ???????? 002 /phpMyAdmin/phpMyAdmin/index.php
57357d5.d3 7717128f 1066b4 h ???????? 001 /phpMyAdmin/phpMyAdmin/index.php
57357d6.97 7717128f 1066b4 h ???????? 008 /wuwu11.php
57357da.d9 7717128f 1066b4 h ???????? 002 /xx.php
57357dd.09 7717128f 1066b4 h ???????? 002 /s.php
57357dd.c5 7717128f 1066b4 h ???????? 001 /w.php
573582c.74 42f942ca 043937 h ???????? 003 /wiki/CoSc
573587b.cf 42f95ccb 70a047 h ???????? 002 //rss.rdf
5735885.63 42f942c6 043937 h ???????? 003 /wiki/GerMan
57358ae.67 42f942ca 043937 h ???????? 003 //wiki/WikiWall
5735906.35 42f942d0 043937 s ???????? 003 /wiki/MindTags
573598e.41 284da70b 6a88e8 h ???????? 018 /
5735a1e.f4 9d372733 6a88e8 h ???????? 002 /robots.txt
5735af4.88 c4342b7c 74bbda h ???????? 015 /
5735b17.ee 42f942c8 043937 h ???????? 003 /wiki/YaCom
5735beb.f4 42f942c8 043937 h ???????? 003 /wiki/WirrSka
5735d5e.24 42f942ca 043937 h ???????? 003 //wiki/SeaNation
5735e50.e9 42f942c8 043937 h ???????? 004 /wiki/EmPloy
57360a7.93 26847ce3 ee113c h ???????? 01e /
57360a7.fe 26847ce3 ee113c h ???????? 002 //https://floatingboat2013.appspot.com
57360a8.56 26847ce3 ee113c h ???????? 003 //wiki/AlanTuring
57360a8.d6 26847ce3 ee113c h ???????? 003 //wiki/GottfriedWilhelmLeibniz
57360a9.30 26847ce3 ee113c h ???????? 008 //https://floatingboat2013.appspot.com/UrPic
57360a9.91 26847ce3 ee113c h ???????? 001 //https://floatingboat2013.appspot.com/ad
57360a9.f2 26847ce3 ee113c h ???????? 002 //https://sl4.eu/hls
57360aa.53 26847ce3 ee113c h ???????? 002 //https://sl4.eu/ls
57360aa.ad 26847ce3 ee113c h ???????? 002 //https://sl4.eu/sh
57360ab.15 26847ce3 ee113c h ???????? 001 //https://www.youtube.com/watch
57361bd.c7 284da70b 6a88e8 h ???????? 003 /edit/39236007
57361e7.3f 42f942d2 043937 s ???????? 004 /wiki/TuDresden
57362e0.03 cf2e0dd9 6a88e8 h ???????? 019 /edit/114956011
5736384.42 42f942ca 043937 h ???????? 004 /wiki/ClarisseVanHelmond
57363b7.e2 5fa3ff23 399ff9 h ???????? 002 /robots.txt
57363b9.46 5fa3ff25 399ff9 h ???????? 003 /wiki/FzMk
57363ba.87 5fa3ff20 399ff9 h ???????? 004 /wiki/HaSt
5736474.1a 42f942c8 043937 h ???????? 004 /wiki/ParDon
57364b0.23 5fa3ff24 399ff9 h ???????? 009 /system
57364b1.f2 5fa3ff27 399ff9 h ???????? 003 /wiki/DaHo
573655e.59 42f942c8 043937 h ???????? 004 /wiki/KaSiRe
573662d.c5 a936f454 74bbda s ???????? 017 /
573670c.64 42f942ca 043937 h ???????? 004 /wiki/FiRa
573671b.7f cf2e0dd9 6a88e8 h ???????? 002 /BlockTime
57368bf.03 42f942ca 043937 h ???????? 004 /wiki/WebCam
5736a8c.b9 42f942c6 043937 h ???????? 003 /wiki/SeeKabel
5736ada.14 42f942d0 043937 s ???????? 004 /wiki/HasKissed
5736b25.4f 42f942c8 622963 h ???????? 003 /wiki/RainerWasserfuhrCv
5736b54.18 42f942ca 043937 h ???????? 004 /wiki/PodCast
5736c09.02 42f942ca 043937 h ???????? 004 /wiki/GLatLng
5736cb7.e3 0508361b 8c051b h ???????? 019 /
5736e0a.a7 42f942c6 043937 h ???????? 00c /wiki/ModeverleihFischer
5736f2a.e3 cf2e0d7f 6a88e8 h ???????? 003 /edit/2103001
5736f87.79 42f942c8 043937 h ???????? 004 /wiki/RivestShamirAdleman
5737084.4e 42f942ca 043937 h ???????? 004 /wiki/JensUwe
57370c2.48 cf2e0dd9 6a88e8 h ???????? 003 /wiki/ClueTrain
573713d.31 d5eb48d0 cedf5c h ???????? 019 /
57371d7.37 42f942c8 043937 h ???????? 004 /wiki/LogBuch
57373a9.ef 42f942d4 043937 s ???????? 004 /wiki/BetonBoot
57373df.64 42f942ca 043937 h ???????? 003 /wiki/DatenSchutz
57378cf.d0 42f942c8 043937 h ???????? 004 /wiki/MindId
57379a8.77 42f95cc9 70a047 h ???????? 003 //rss.rdf
57379fb.48 5fa3ff21 399ff9 h ???????? 003 /robots.txt
57379fc.87 5fa3ff23 399ff9 h ???????? 003 /wiki/FaustFrage
57379fd.cc 5fa3ff26 399ff9 h ???????? 01a /1
5737b8f.53 42f942c8 043937 h ???????? 004 /wiki/NuPedia
5737c8b.41 42f942d4 043937 s ???????? 004 /wiki/SkypeChat
5737d68.07 42f942c8 043937 h ???????? 004 /wiki/BruchTeil
5737de1.a2 42f942cc 622963 h ???????? 004 /wiki/SystemClash
5737e44.c5 8ab99c05 be37cc h ???????? 01e /
57380bb.bc 42f942c8 043937 h ???????? 004 /wiki/OneManOneVote
57381c8.05 42f942c8 043937 h ???????? 004 /wiki/GeschaeftsWelt
573823b.09 d161bddb 72196d h ???????? 003 /robots.txt
573824c.b1 d161bddb 72196d h ???????? 024 /
573837f.bb 8af6fd05 b5326e s ???????? 020 /
573848e.80 42f942c6 043937 h ???????? 004 /wiki/WikiInterview
573856c.43 42f942d6 043937 s ???????? 004 /wiki/JederMann
5738699.7d 42f942ce 043937 h ???????? 004 /wiki/GoogleHangout
5738863.38 9d372733 6a88e8 h ???????? 002 /robots.txt
57388ad.51 36f232f2 cf3fb2 s ???????? 01d /
5738b6d.5b 42f942ca 043937 h ???????? 006 /wiki/OnePersonOneVote
5738e4d.48 42f942d0 043937 s ???????? 004 /wiki/VetoFrist
5738ea7.98 42f942ca 043937 h ???????? 004 /wiki/SelfGovernment
5738ecc.a9 b296e336 cdfc4d h ???????? 019 /
5738f57.65 42f942c6 043937 h ???????? 007 /wiki/FonCom
5738ff1.2a 5fa3ff20 399ff9 h ???????? 00a /robots.txt
5738ff2.78 5fa3ff20 399ff9 h ???????? 004 /wiki/MartinOne
5738ff3.c3 5fa3ff26 399ff9 h ???????? 01c /wiki/137001
5739123.2e 42f942c6 043937 h ???????? 005 /wiki/JoiIto
573914c.b0 2e2552f6 dc1a18 h ???????? 024 /
573914d.2f 2e2552f6 dc1a18 h ???????? 003 //https://floatingboat2013.appspot.com
573914d.bf 2e2552f6 dc1a18 h ???????? 004 //wiki/AlanTuring
573914e.32 2e2552f6 dc1a18 h ???????? 003 //wiki/GottfriedWilhelmLeibniz
573914e.a6 2e2552f6 dc1a18 h ???????? 002 //https://floatingboat2013.appspot.com/UrPic
573914f.9d 2e2552f6 dc1a18 h ???????? 002 //https://floatingboat2013.appspot.com/ad
573914f.fc 2e2552f6 dc1a18 h ???????? 002 //https://sl4.eu/hls
5739150.5a 2e2552f6 dc1a18 h ???????? 002 //https://sl4.eu/ls
5739150.b9 2e2552f6 dc1a18 h ???????? 002 //https://sl4.eu/sh
5739151.17 2e2552f6 dc1a18 h ???????? 003 //https://www.youtube.com/watch
573919c.b4 6baacd8f ef60d6 h ???????? 01c /
573920a.fe 42f942ca 043937 h ???????? 004 /wiki/SocialBioMetrics
57392b3.55 8b3bbe43 72196d h ???????? 003 /robots.txt
57392c2.62 8b3bbe43 72196d h ???????? 01d /
57392f0.05 42f942c8 043937 h ???????? 004 /wiki/UckerMark
57394b7.59 b00c6163 be37cc h ???????? 01b /
5739712.79 42f942ca 043937 h ???????? 004 /wiki/OnePersonOneBankAccount
573975c.12 42f942d0 043937 s ???????? 004 /wiki/NooSphere
5739769.d6 cf2e0d7f 6a88e8 h ???????? 004 /wiki/GooglePlus
5739802.32 42f942ca 043937 h ???????? 004 /wiki/SchulFrei
5739b70.99 42f942ca 043937 h ???????? 005 /wiki/HagenHilse
5739bcc.8a 5bc0393b 19c6c4 h ???????? 027 /
5739bd5.61 42f95ccb 70a047 h ???????? 002 //rss.rdf
5739c56.7c 42f942c6 043937 h ???????? 004 /wiki/SoccerPlayer
5739c59.6f 42f942c6 043937 h ???????? 004 /wiki/SynTax
5739e07.59 42f942ca 043937 h ???????? 005 /wiki/MenschLich
5739ef6.60 42f942ca 043937 h ???????? 005 /wiki/GoetzWerner
573a010.03 42f942d0 043937 s ???????? 003 /robots.txt
573a010.92 42f942d4 043937 s ???????? 004 /wiki/ConTainer
573a084.85 42f942ca 043937 h ???????? 004 /wiki/ThomasWatson
573a2f0.15 42f942c8 043937 h ???????? 007 /wiki/RossMayfield
573a35c.7d cf2e0d16 6a88e8 h ???????? 004 /wiki/WirkZentrum
573a4f8.17 284da785 6a88e8 h ???????? 005 /wiki/InforMatik
573a580.8e 5fa3ff22 399ff9 h ???????? 003 /robots.txt
573a582.4c 5fa3ff24 399ff9 h ???????? 003 /RecentChanges
573a5ab.84 5fa3ff25 399ff9 h ???????? 004 /wiki/ProPeh
573a5ac.c6 5fa3ff26 399ff9 h ???????? 004 /wiki/MuskBusQuest
573a5bc.f6 42f942c6 043937 h ???????? 005 /wiki/SocialBusiness
573a6cb.3a 5fa3ff22 399ff9 h ???????? 006 /wiki/DampfWalzer
573a6ef.17 c4342b78 74bbda s ???????? 02a /
573a84b.59 42f942cc 622963 h ???????? 005 /wiki/InternetOfThinking
573a851.9f 42f942cc 043937 h ???????? 005 /wiki/ThomasGeorgeWhiston
573a8f2.e9 42f942d8 043937 s ???????? 005 /wiki/TaxiDriver
573aa59.34 42f942cc 043937 h ???????? 005 /wiki/DuschenShavenLiften
573aaed.60 42f942c6 043937 h ???????? 005 /wiki/LicheDienstLeistungen
573ac92.74 42f942c6 043937 h ???????? 004 /wiki/MuenzmeisterStrasse
573ae1a.23 42f942d2 043937 s ???????? 005 /wiki/ArneKlempert
573ae36.f1 36249515 433e9c h ???????? 003 /edit/28936002
573ae3c.9b 42f942c6 043937 h ???????? 005 /wiki/ReWi
573aec0.98 cf2e0d16 6a88e8 h ???????? 005 /wiki/RainerWasserfuhr
573b057.98 cf2e0d7f 6a88e8 h ???????? 005 /wiki/MannOhneGeheimnisse
573b061.2d 42f942c8 043937 h ???????? 005 /wiki/RaGu
573b1d2.c2 42f942c6 043937 h ???????? 005 /wiki/IbM
573b299.f6 42f942ca 043937 h ???????? 005 /wiki/RalphGuenther
573b2e7.df 42f942ca 043937 h ???????? 005 /wiki/AiLiterature
573b3a6.b1 284da785 6a88e8 h ???????? 001 /edit
573b762.6e 42f942c8 043937 h ???????? 002 /wiki/FraktaleOrganisation
573b82a.db 42f942c8 043937 h ???????? 003 /wiki/BenjaminWhorf
573b8f2.6b 5f6cb561 e4b041 h ???????? 003 /robots.txt
573b8f6.2f 5f6cb561 e4b041 h ???????? 012 /
573b94a.45 42f95ccb 70a047 h ???????? 001 //rss.rdf
573b9e2.86 42f942c6 043937 h ???????? 002 /wiki/DePl
573bab3.fe 42f942ca 043937 h ???????? 002 /wiki/UmTs
573bb32.9e 42f942ca 043937 h ???????? 002 /wiki/CoPa
573bba8.30 5fa3ff22 399ff9 h ???????? 001 /robots.txt
573bba9.b8 5fa3ff24 399ff9 h ???????? 002 /wiki/SignIn
573bbab.3d 5fa3ff21 399ff9 h ???????? 002 /wiki/DalvikVm
573bc50.54 42f942c6 043937 h ???????? 003 /wiki/SingularitySummit2009
573bc8c.c5 42f942c8 043937 h ???????? 002 /wiki/CDlLMVMv1qw1giUXpQgxI
573bc9d.80 5fa3ff24 399ff9 h ???????? 002 /wiki/MargittaKorn
573bc9f.99 5fa3ff25 399ff9 h ???????? 003 /wiki/OurFuture
573bca2.92 5fa3ff22 399ff9 h ???????? 002 /wiki/SuHe
573bcd9.00 42f942ca 043937 h ???????? 003 /wiki/WeltPlusFuenfProzent
573bcfb.dd 36249496 433e9c h ???????? 001 /feed
573bd5d.41 42f942c8 043937 h ???????? 002 /wiki/BostonConsultingGroup
573bd68.b0 3624945e 433e9c h ???????? 001 /edit/28436001
573bdd2.30 42f942ca 043937 h ???????? 002 /wiki/NoSc
573bdf8.0d 42f942c8 043937 h ???????? 002 /wiki/KusanowskyTest
573becf.0a 284da798 6a88e8 h ???????? 002 /wiki/DeutschLand
573bfcb.8b 5f6cb561 e4b041 h ???????? 001 /robots.txt
573bfcf.50 5f6cb561 e4b041 h ???????? 013 /
573bfdd.22 42f942c8 043937 h ???????? 001 /edit
573c095.46 42f942ca 043937 h ???????? 003 /wiki/HeHan
573c231.4d 42f942ca 043937 h ???????? 003 /wiki/ImmoTip
573c251.c8 42f9423d 043937 s ???????? 001 /robots.txt
573c252.03 42f9423d 043937 s ???????? 014 /
573c317.5e 42f942ca 043937 h ???????? 003 /wiki/ZurZeit
573c394.f9 42f942c8 043937 h ???????? 002 /wiki/JoGo
573c3c8.b8 cf2e0d7f 6a88e8 h ???????? 002 /wiki/BirgitSpannerUlmer
573c4b1.ce 42f942ca 622963 h ???????? 003 /wiki/SpdWiki
573c4bf.cc 42f942c6 043937 h ???????? 003 /wiki/JoannaWasyluk
573c5e9.60 284da798 6a88e8 h ???????? 002 /sl4
573c749.0d 42f942c8 043937 h ???????? 003 /wiki/VirtuellesUnternehmen
573c7a2.bd 05fffd07 e4b041 h ???????? 006 /robots.txt
573c7a6.8a 05fffd07 e4b041 h ???????? 014 /
573c829.c9 42f942c6 043937 h ???????? 002 /wiki/KlausKusanowsky
573c912.c0 42f942ca 043937 h ???????? 004 /wiki/HerbstBall
573c9e6.47 42f942ca 043937 h ???????? 003 /wiki/ZwangAn
573cb11.9c 2e137182 702dd8 h ???????? 019 /
573cb61.3d 05fffd07 e4b041 h ???????? 002 /robots.txt
573cb65.03 05fffd07 e4b041 h ???????? 014 /
573cbd2.2c 42f942c8 043937 h ???????? 003 /wiki/UniformThoughtLocator
573cbed.44 a8018034 74bbda h ???????? 017 /
573cc73.1a 42f942c8 043937 h ???????? 003 /wiki/MetaPhor
573cc75.e2 42f942c8 043937 h ???????? 003 /wiki/LeEt
573cd1d.2c 3624954b 433e9c h ???????? 002 /edit/24716001
573cd5a.d8 42f942ca 043937 h ???????? 003 /wiki/JanzFrischAusseFinger
573ce1b.30 42f942c8 622963 h ???????? 003 /wiki/XianFa
573cf26.ec 42f942c8 043937 h ???????? 002 /wiki/PeterWilhelmWasserfuhr
573cfe5.80 42f942c8 043937 h ???????? 003 /wiki/LysergicAcidDiethylamide
573d13b.c3 bca69175 72196d h ???????? 001 /robots.txt
573d13f.e0 bca69175 72196d h ???????? 014 /
573d19a.63 42f942c8 043937 h ???????? 002 /wiki/KommunikationsWissenschaft
573d27c.75 5fa3ff26 399ff9 h ???????? 002 /robots.txt
573d27e.bd 5fa3ff22 399ff9 h ???????? 003 /wiki/MindFlow
573d283.8e 42f942c8 043937 h ???????? 002 /wiki/CharacteristicaUniversalis
573d393.a3 42f942ca 043937 h ???????? 003 /wiki/WirkLich
573d42a.eb 42f942ca 043937 h ???????? 003 /wiki/AllThoughtsNotSharedAreForgotten
573d510.a9 362494f6 433e9c h ???????? 002 /edit/22536001
573d590.f1 42f942c8 043937 h ???????? 003 /wiki/TimBl
573d59e.c3 5f6cb561 e4b041 h ???????? 002 /robots.txt
573d59e.e5 42f942c8 043937 h ???????? 003 /wiki/ResiDuum
573d5a2.90 5f6cb561 e4b041 h ???????? 001 /feed
573d5d1.a4 42f942c6 043937 h ???????? 002 /wiki/IntegritasPerfectioConsonantiaCommensuratioConvenientiaClaritas
573d799.f3 c4342b7c 74bbda s ???????? 016 /
573d79f.50 42f942c6 043937 h ???????? 003 /wiki/FestNetz
573d869.6d 42f942c6 043937 h ???????? 003 //wiki/RainerTest
573d890.ee 42f942c6 043937 h ???????? 003 /wiki/FaVi
573d8ff.8c 42f95ccb 70a047 h ???????? 002 //rss.rdf
573dbf3.bb 5f6cb561 e4b041 s ???????? 002 /robots.txt
573dbf7.69 5f6cb561 e4b041 s ???????? 1703 /age
573dd8f.f9 42f942c6 043937 h ???????? 003 /wiki/FollowUp
573dd92.da 42f942ca 043937 h ???????? 003 /wiki/HaSc
573de38.fb 42f942d2 043937 s ???????? 005 /wiki/RealEstate
573e017.57 284da798 6a88e8 h ???????? 003 /wiki/SimoneRebentisch
573e347.18 05fffd07 e4b041 h ???????? 017 /
573e363.ed 42f942c6 043937 h ???????? 003 /wiki/AnnoDomino2011
573e4a7.f9 8dd47a51 ef60d6 h ???????? 018 /
573e71a.42 42f942d2 043937 s ???????? 003 /wiki/LuigiColani
573e864.a2 5fa3ff25 399ff9 h ???????? 002 /robots.txt
573e867.a5 5fa3ff25 399ff9 h ???????? 003 /wiki/WebSite
573e86a.2b 5fa3ff22 399ff9 h ???????? 003 /wiki/AmTor
573ec49.ee 9d372769 6a88e8 h ???????? 003 /wiki/HistVv
573eec8.7f 5f6cb561 e4b041 h ???????? 002 /robots.txt
573eecc.3b 5f6cb561 e4b041 h ???????? 016 /
573effb.5d 42f942d2 043937 s ???????? 004 /wiki/ShareHolder
573f363.15 42f942c8 043937 h ???????? 004 /wiki/BahnChefin
573f38d.77 6dada8ea cedf5c h ???????? 017 /
573f462.06 42f942c8 043937 h ???????? 004 /wiki/HaFr
573f527.4a 42f942ca 043937 h ???????? 004 /wiki/GeschaeftsIdee
573f5a0.43 42f95cc7 70a047 h ???????? 003 //rss.rdf
573f5b2.8f 42f942c8 043937 h ???????? 003 /wiki/ToMo
573f62d.55 42f942c6 043937 h ???????? 003 /wiki/UwBe
573f642.61 42f942c8 043937 h ???????? 003 /wiki/RuSch
573f71a.0f 42f942ca 043937 h ???????? 004 /wiki/ProhliNetto
573f896.28 42f942c6 043937 h ???????? 003 /wiki/RbSoDd
573f8dc.31 42f942d0 043937 s ???????? 003 /wiki/SuperMarket
573f9ca.43 42f942c6 043937 h ???????? 004 /wiki/KnisterSeparee
573fa8c.05 42f942ce 043937 h ???????? 003 /wiki/AnthropoLogy
573faf7.71 42f942c6 043937 h ???????? 003 /wiki/DdRv2030
573fb9c.79 42f942c6 043937 h ???????? 003 /wiki/VerAnstaltung
573fbff.4a 42f942ca 043937 h ???????? 003 /wiki/IsbHq
573fc87.90 42f942ca 043937 h ???????? 004 /wiki/CognitiveGraph
573fca1.26 42f942c6 043937 h ???????? 004 /wiki/HourList
573fd48.19 5fa3ff23 399ff9 h ???????? 002 /robots.txt
573fd49.73 5fa3ff21 399ff9 h ???????? 004 /wiki/WelCome
573fd77.2e 42f942c6 043937 h ???????? 004 /wiki/FritzReuter
573fe26.24 42f942ca 043937 h ???????? 004 /wiki/ReinhardSchinka
573fe4a.15 5fa3ff21 399ff9 h ???????? 003 /wiki/AntiPotemkin
573fe4c.5f 5fa3ff25 399ff9 h ???????? 002 /cast/696001
573ff0d.5a 36a3bba6 df4399 h ???????? 002 //robots.txt
573ff69.78 42f942c6 043937 h ???????? 004 /wiki/WilmaBrunck
573ffdf.b3 42f942d4 043937 s ???????? 004 /wiki/MiriamMeckel
