570011c.d7 c7a71d35 a95ea1 h ???????? 00a //rss.rdf
570011d.0e 42f942c8 043937 h ???????? 004 /wiki/SachsenWahl09
5700125.8e c6392f4f 55c4a0 h ???????? 002 //rss.rdf
57001cb.2e d87ee0e3 e28161 h ???????? 002 //rss.rdf
57001d7.03 4b7f0a98 6314aa h ???????? 002 //rss.rdf
5700205.4c 42f942ca 043937 h ???????? 005 /wiki/KarlFischer
5700397.d3 362494b1 433e9c h ???????? 019 /edit/12666002
570041b.71 3624942e 433e9c h ???????? 003 /love/99
5700504.0a 5fa3ff73 399ff9 h ???????? 002 /robots.txt
5700504.77 5fa3ff5d 399ff9 h ???????? 004 /wiki/HerzTorte
5700512.c8 5fa3ff70 399ff9 h ???????? 004 /wiki/DistanzSpiel
570054b.42 5fa3ff77 399ff9 h ???????? 004 /wiki/ShookHands
5700609.ea 42f942c6 043937 h ???????? 004 /wiki/KurtAlbracht
570081f.10 42f942ca 043937 h ???????? 004 /wiki/JahrGang
57008e6.5e 82ff1b4e 19c6c4 h ???????? 01b /
570091a.85 362494f0 433e9c h ???????? 002 /edit/30386002
5700994.1d 3624966a 433e9c h ???????? 003 //robots.txt
5700a0e.a7 42f942d2 622963 s ???????? 01b /
5700a4f.71 36249567 433e9c h ???????? 003 /edit/23726001
5700a78.c0 5cf7b53a 46e7a0 h ???????? 002 //rss.rdf
5700aa6.e9 36249500 433e9c h ???????? 002 /edit/25356006
5700b12.cc 3624941b 433e9c h ???????? 004 /wiki/PeerAcademy
5700b25.31 36249456 433e9c h ???????? 004 /wiki/CitiZen
5700d29.bb 36249441 433e9c h ???????? 004 /wiki/PlanetMars
5700dda.de 8b636391 661b67 h ???????? 01a /
5700ddb.5e 8b636391 661b67 h ???????? 003 /drupal/
5700ddb.9c 8b636391 661b67 s ???????? 01e /
5700ddb.ce 8b636391 661b67 h ???????? 002 /cms/
5700ddc.43 8b636391 661b67 h ???????? 002 /status
5700ddc.71 8b636391 661b67 s ???????? 003 /drupal/
5700ddf.b8 8b636391 661b67 h ???????? 026 /
5700de0.50 8b636391 661b67 h ???????? 002 /script
5700de0.64 8b636391 661b67 s ???????? 003 /cms/
5700de1.d2 8b636391 661b67 h ???????? 003 /jenkins/script
5700de2.38 8b636391 661b67 s ???????? 002 /status
5700de3.1d 8b636391 661b67 s ???????? 025 /
5700de4.16 8b636391 661b67 s ???????? 003 /script
5700de4.f3 8b636391 661b67 s ???????? 00c /jenkins/script
5700de5.4f 8b636391 661b67 h ???????? 002 /login
5700de5.c9 8b636391 661b67 s ???????? 003 /login
5700de6.bb 8b636391 661b67 s ???????? 002 /jmx-console
5700de6.d1 8b636391 661b67 h ???????? 003 /jmx-console
5700de7.48 8b636391 661b67 h ???????? 025 /
5700de7.aa 8b636391 661b67 s ???????? 01a /
5700de8.83 8b636391 661b67 s ???????? 025 /
5700dea.64 8b636391 661b67 s ???????? 003 /manager/html
5700dea.cb 8b636391 661b67 h ???????? 026 /
5700deb.63 8b636391 661b67 s ???????? 033 /
5700deb.6f 8b636391 661b67 h ???????? 011 /manager/html
5700dec.e9 8b636391 661b67 h ???????? 01c /
5700dee.66 8b636391 661b67 h ???????? 027 /
5700dee.e4 8b636391 661b67 h ???????? 003 /tomcat-cms/cmd.jsp
5700df0.5e 8b636391 661b67 h ???????? 030 /
5700df0.e1 8b636391 661b67 h ???????? 01b /
5700df1.5a 8b636391 661b67 h ???????? 002 /dfn/nman.jsp
5700df2.d0 8b636391 661b67 h ???????? 020 /
5700df3.7e 8b636391 661b67 s ???????? 003 /tomcat-cms/cmd.jsp
5700df3.7d 8b636391 661b67 h ???????? 01f /
5700df4.6b 8b636391 661b67 s ???????? 01e /
5700df5.3e 8b636391 661b67 h ???????? 002 /dfn/df.jsp
5700df5.ab 8b636391 661b67 h ???????? 011 /
5700df6.3f 8b636391 661b67 s ???????? 011 /
5700df7.19 8b636391 661b67 h ???????? 015 /
5700df8.14 8b636391 661b67 s ???????? 001 /dfn/nman.jsp
5700df8.54 42f942c6 043937 h ???????? 002 /wiki/TakeOff
5700df8.ee 8b636391 661b67 s ???????? 011 /
5700dfa.9d 8b636391 661b67 h ???????? 001 /Catalina/df.jsp
5700dfb.0b 8b636391 661b67 h ???????? 01b /
5700dfb.79 8b636391 661b67 h ???????? 011 /
5700dfc.ec 8b636391 661b67 h ???????? 001 /host/cmd.jsp
5700dfe.59 8b636391 661b67 h ???????? 011 /
5700dfe.c5 8b636391 661b67 h ???????? 02c /
5700dff.4e 8b636391 661b67 h ???????? 025 /
5700dff.c1 8b636391 661b67 h ???????? 001 //administrator
5700e00.2c 8b636391 661b67 h ???????? 001 /joomla/administrator
5700e01.9f 8b636391 661b67 h ???????? 001 /cms/administrator
5700e01.e7 8b636391 661b67 s ???????? 001 /dfn/df.jsp
5700e02.11 8b636391 661b67 h ???????? 001 /Joomla/administrator
5700e02.ad 8b636391 661b67 s ???????? 019 /
5700e03.77 8b636391 661b67 s ???????? 012 /
5700e04.46 8b636391 661b67 s ???????? 007 /Catalina/df.jsp
5700e05.18 8b636391 661b67 s ???????? 013 /
5700e05.e8 8b636391 661b67 s ???????? 019 /
5700e06.b7 8b636391 661b67 s ???????? 002 /host/cmd.jsp
5700e08.7e 8b636391 661b67 s ???????? 019 /
5700e09.67 8b636391 661b67 s ???????? 012 /
5700e0a.37 8b636391 661b67 s ???????? 012 /
5700e0a.85 8b636391 661b67 h ???????? 001 /cgi-bin/php
5700e0a.f1 8b636391 661b67 h ???????? 001 /cgi-bin/php5
5700e0b.60 8b636391 661b67 h ???????? 002 /phpmyadmin
5700e0b.d4 8b636391 661b67 h ???????? 001 /phpMyAdmin
5700e0c.e5 42f942c8 043937 h ???????? 002 /wiki/WebApp
5700e0f.51 8b636391 661b67 h ???????? 001 /mysql
5700e12.c0 8b636391 661b67 h ???????? 001 /sql
5700e13.33 8b636391 661b67 s ???????? 00a /joomla/administrator
5700e13.52 42f942d2 043937 s ???????? 025 /
5700e14.01 8b636391 661b67 s ???????? 001 /cms/administrator
5700e14.2b 8b636391 661b67 h ???????? 002 /myadmin
5700e14.b0 8b636391 661b67 h ???????? 002 /phpMyAdmin-4.2.1-all-languages
5700e14.fe 8b636391 661b67 s ???????? 002 /Joomla/administrator
5700e15.39 8b636391 661b67 h ???????? 002 /phpMyAdmin-4.2.1-english
5700e15.aa 8b636391 661b67 h ???????? 002 /xampp/phpmyadmin
5700e16.29 8b636391 661b67 h ???????? 001 /typo3/phpmyadmin
5700e16.df 8b636391 661b67 s ???????? 001 /msd
5700e17.a5 8b636391 661b67 h ???????? 001 /webadmin
5700e18.00 8b636391 661b67 s ???????? 002 /mySqlDumper
5700e18.1b 8b636391 661b67 h ???????? 014 /
5700e18.9a 8b636391 661b67 h ???????? 002 /sqlite/main.php
5700e18.e5 8b636391 661b67 s ???????? 001 /msd1.24stable
5700e1a.46 8b636391 661b67 s ???????? 001 /msd1.24.4
5700e1b.21 8b636391 661b67 s ???????? 001 /mysqldumper
5700e1d.33 8b636391 661b67 s ???????? 001 /MySQLDumper
5700e1e.20 8b636391 661b67 s ???????? 008 /mysql
5700e21.22 8b636391 661b67 h ???????? 001 /SQLiteManager-1.2.4/main.php
5700e27.25 8b636391 661b67 s ???????? 002 /cgi-bin/php
5700e28.31 8b636391 661b67 s ???????? 001 /cgi-bin/php5
5700e28.b9 8b636391 661b67 h ???????? 002 /SQlite/main.php
5700e29.34 8b636391 661b67 s ???????? 001 /phpmyadmin
5700e2a.81 8b636391 661b67 h ???????? 002 /SQLiteManager/main.php
5700e2b.08 8b636391 661b67 h ???????? 002 /webdav
5700e2b.ac 8b636391 661b67 h ???????? 01e /
5700e2c.4d 8b636391 661b67 h ???????? 016 /
5700e2d.2b 8b636391 661b67 h ???????? 01d /
5700e2d.87 8b636391 661b67 s ???????? 002 /phpMyAdmin
5700e2d.c7 8b636391 661b67 h ???????? 002 //wp-login.php
5700e2e.ab 8b636391 661b67 h ???????? 006 /wordpress/wp-login.php
5700e2e.b1 8b636391 661b67 s ???????? 002 /mysql
5700e2f.3c 8b636391 661b67 h ???????? 006 /wp/wp-login.php
5700e2f.c2 8b636391 661b67 h ???????? 002 /blog/wp-login.php
5700e2f.f2 8b636391 661b67 s ???????? 002 /sql
5700e30.51 8b636391 661b67 h ???????? 002 /Wordpress/wp-login.php
5700e31.24 8b636391 661b67 s ???????? 002 /myadmin
5700e32.25 8b636391 661b67 s ???????? 001 /phpMyAdmin-4.2.1-all-languages
5700e32.55 8b636391 661b67 h ???????? 002 /Blog/wp-login.php
5700e33.51 8b636391 661b67 s ???????? 002 /phpMyAdmin-4.2.1-english
5700e37.77 8b636391 661b67 s ???????? 002 /xampp/phpmyadmin
5700e39.91 8b636391 661b67 s ???????? 002 /typo3/phpmyadmin
5700e3a.6f 8b636391 661b67 s ???????? 002 /webadmin
5700e3b.69 8b636391 661b67 s ???????? 015 /
5700e3d.47 8b636391 661b67 s ???????? 002 /sqlite/main.php
5700e3f.31 8b636391 661b67 s ???????? 002 /SQLite/SQLiteManager-1.2.4/main.php
5700e40.12 8b636391 661b67 s ???????? 002 /SQLiteManager-1.2.4/main.php
5700e41.e7 8b636391 661b67 s ???????? 002 /sqlitemanager/main.php
5700e42.b4 8b636391 661b67 s ???????? 002 /SQlite/main.php
5700e43.9b 8b636391 661b67 s ???????? 001 /SQLiteManager/main.php
5700e44.9d 8b636391 661b67 s ???????? 002 /webdav
5700e45.6e 8b636391 661b67 s ???????? 018 /
5700e46.46 8b636391 661b67 s ???????? 01d /
5700e47.17 8b636391 661b67 s ???????? 017 /
5700e48.f1 8b636391 661b67 s ???????? 002 //wp-login.php
5700e4c.c9 8b636391 661b67 s ???????? 002 /wordpress/wp-login.php
5700e4e.d0 8b636391 661b67 s ???????? 001 /wp/wp-login.php
5700e4f.b4 8b636391 661b67 s ???????? 002 /blog/wp-login.php
5700e50.87 8b636391 661b67 s ???????? 002 /Wordpress/wp-login.php
5700e51.67 8b636391 661b67 s ???????? 009 /Blog/wp-login.php
5701242.29 bca5e9e4 e3b0c4 h ???????? 003 /robots.txt
5701244.57 bca5e9e4 36ad42 h ???????? 01a /
57012e0.78 42f942ca 043937 h ???????? 004 /wiki/IhBay
57015fe.2d 25bb3851 e3b0c4 h ???????? 002 /robots.txt
5701600.62 25bb3851 46ab9b h ???????? 019 /
570161c.31 42f942ca 622963 h ???????? 019 /
57018d2.0d 36249542 433e9c h ???????? 003 /edit/22176001
5701922.b9 42f95cc7 70a047 h ???????? 009 //rss.rdf
57019e1.40 42f942d2 043937 s ???????? 004 /wiki/OpenCog
5701a21.61 42f9423b 043937 s ???????? 018 /
5701b7c.9a b2084a41 ea3c0a h ???????? 01b /
5701b7d.65 b2084a41 6c4fa8 h ???????? 002 /apple-touch-icon-152x152-precomposed.png
5701b7d.8e b2084a41 6c4fa8 h ???????? 002 /apple-touch-icon-152x152.png
5701b7d.bd b2084a41 6c4fa8 h ???????? 002 /apple-touch-icon.png
5701b7d.e9 b2084a41 6c4fa8 h ???????? 003 /apple-touch-icon.png
5701b7e.19 b2084a41 6c4fa8 h ???????? 002 /apple-touch-icon-precomposed.png
5701b7e.43 b2084a41 6c4fa8 h ???????? 002 /favicon.ico
5701b81.38 b2084a41 ea3c0a h ???????? 002 /feel/4
5701b81.38 b2084a41 ea3c0a h ???????? 002 /alive/4
5701d9f.94 362494e5 433e9c h ???????? 003 /edit/24116001
5701e24.76 284da7a0 6a88e8 s ???????? 021 /
5701e25.b7 42f942d0 622963 s ???????? 018 /
5701f7c.93 362494e3 433e9c h ???????? 003 /edit/29026002
5702224.d4 36249553 433e9c h ???????? 002 /edit/30006002
570222a.1b 42f9423b 622963 s ???????? 019 /
57022c2.49 42f942d0 043937 s ???????? 004 /wiki/DiBa
5702412.eb 9d37275a 6a88e8 h ???????? 003 /edit/47126020
57024a4.57 42f942ca 043937 h ???????? 005 /wiki/ConnyGrotsch
5702516.56 3435c94e c8c944 h ???????? 029 /
5702649.0d 284da7a0 6a88e8 h ???????? 023 /edit/114956003
570272e.6f 36249447 433e9c h ???????? 003 /edit/26166001
5702878.87 d9458f2a 87563c h ???????? 002 /robots.txt
570287c.98 d9458f2b 87563c h ???????? 004 /wiki/WikiWall
57028a7.9d 42f942d2 043937 s ???????? 01d /
5702ba3.46 42f942d4 043937 s ???????? 007 /wiki/WoZu
5702ba9.66 362494cd 433e9c h ???????? 003 /edit/8986001
5702be9.ff 2ee5a842 c89f4f h ???????? 004 /robots.txt
5702bea.62 2ee5a841 c89f4f h ???????? 003 /wiki/WikiPedia
5702c9a.a4 3624950e 433e9c h ???????? 004 /wiki/StudiVz
5702d4e.c7 5e286d8e cedf5c h ???????? 01b /
5702da5.55 36249503 433e9c h ???????? 002 /edit/21716001
5702e03.5c 42f942ca 043937 h ???????? 004 /wiki/HaraldGrosse
5702e0c.05 42f942c8 043937 h ???????? 004 /wiki/IstvanWinkler
5702e0f.16 42f942c6 043937 h ???????? 004 /wiki/JuttaScherrer
5702e20.ae 42f942c8 043937 h ???????? 004 /wiki/MerrillGarrett
5702e2b.eb 42f942c8 043937 h ???????? 004 /wiki/KristofNyiri
5702e2c.82 42f942c6 043937 h ???????? 004 /wiki/MarceloDascal
5702e2d.76 42f942c6 043937 h ???????? 004 /wiki/TullioMaranhao
5702e38.cb 42f942c6 043937 h ???????? 004 /wiki/ViSdW
5702e3a.cf 42f942c6 043937 h ???????? 004 /wiki/TineTest
5702e3b.33 42f942c6 043937 h ???????? 003 /wiki/GeorgKremnitz
5702e4a.de 42f942c6 043937 h ???????? 004 /wiki/ErLangen
5702e55.c1 42f942c6 043937 h ???????? 004 /wiki/BauPlan
5702e6c.67 42f942c8 043937 h ???????? 004 /wiki/TuTean
5702e6e.ed 362494bc 433e9c h ???????? 004 /wiki/InterNet
5702e7f.b4 42f942c6 043937 h ???????? 004 /wiki/IaTa
5702e8b.ca 42f942c6 043937 h ???????? 004 /wiki/ConSult
5702e97.53 42f942c6 043937 h ???????? 004 /wiki/MindIds
5702ea1.1c 42f942c6 043937 h ???????? 005 /wiki/MindPate
5702ea8.96 42f942c6 043937 h ???????? 004 /wiki/EmPresas
5702eaf.83 42f942c6 043937 h ???????? 004 /wiki/PerCent
5702eb7.17 42f942c6 043937 h ???????? 003 /wiki/ForTuna
5702ebe.1c 42f942c6 043937 h ???????? 004 /wiki/AuSencia
5702ec5.73 42f942c6 043937 h ???????? 003 /wiki/FullNess
5702ecc.bc 42f942c6 043937 h ???????? 004 /wiki/HasRead
5702ed6.0f 42f942c8 043937 h ???????? 003 /wiki/GabiNete
5702edb.5c 42f942c6 043937 h ???????? 004 /wiki/MuenChen
5702ee2.9d 42f942c6 043937 h ???????? 004 /wiki/LiberTad
5702ee9.99 42f942c6 043937 h ???????? 004 /wiki/CallSign
5702eee.ba 42f942c6 043937 h ???????? 003 /wiki/PropName
5702ef5.a3 42f942c6 043937 h ???????? 010 /wiki/WikiTchen
5702efa.d4 42f942c6 043937 h ???????? 004 /wiki/OtStriesen
5702eff.ac 42f942c6 043937 h ???????? 004 /wiki/BikeCount
5702f06.ad 42f942c6 043937 h ???????? 004 /wiki/FinDeVida
5702f0b.5e 42f94986 043937 h ???????? 004 /wiki/SecondLife
5702f10.49 42f942c6 043937 h ???????? 004 /wiki/SabineBall
5702f15.0a 42f942c6 043937 h ???????? 004 /wiki/XingGroup
5702f19.d4 42f942c6 043937 h ???????? 004 /wiki/TodosOjos
5702f1c.29 42f942c6 043937 h ???????? 004 /wiki/MeinTraum
5702f20.ca 42f942c6 043937 h ???????? 005 /wiki/CranCanaria
5702f25.68 42f942c6 043937 h ???????? 004 /wiki/GranCanaria
5702f27.eb 42f942c6 043937 h ???????? 004 /wiki/BrueckenGegner
5702f2a.73 42f942c6 043937 h ???????? 005 /wiki/ScriptAccess
5702f2e.f1 42f942c6 043937 h ???????? 004 /wiki/EightyTwenty
5702f31.79 42f942c6 043937 h ???????? 005 /wiki/CommunityWiki
5702f36.48 42f942c6 043937 h ???????? 004 /wiki/HotelGame
5702f38.ef 42f942c6 043937 h ???????? 002 /wiki/AmsterDam
5702f3a.f8 42f942c6 043937 h ???????? 002 /wiki/EselsBruecke
5702f3f.7c 42f942c6 043937 h ???????? 002 /wiki/KatysGarage
5702f42.07 42f942c6 043937 h ???????? 002 /wiki/CiudaDano
5702f44.87 42f942c6 043937 h ???????? 002 /wiki/OttoSander
5702f49.39 42f942ca 043937 h ???????? 002 /wiki/ChefRedakteur
5702f4b.7b 42f942c6 043937 h ???????? 002 /wiki/TestPerson
5702f4e.07 42f942c6 043937 h ???????? 002 /wiki/StrassBurg
5702f52.3a 42f942c6 043937 h ???????? 002 /wiki/SharadGoel
5702f55.1d 42f942c6 043937 h ???????? 002 /wiki/SRWareIron
5702f57.67 42f942c6 043937 h ???????? 002 /wiki/SQOcOmgRPn
5702f59.6d 42f942c6 043937 h ???????? 003 /wiki/HasHashKissed
5702f5c.05 42f942c6 043937 h ???????? 003 /wiki/SchillerGarten
5702f5e.58 42f942c6 043937 h ???????? 002 /wiki/InnovationGraph
5702f61.00 42f942c6 043937 h ???????? 003 /wiki/PresuPuesto
5702f65.6b 42f942c6 043937 h ???????? 002 /wiki/FuerstenZug
5702f68.01 42f942c6 043937 h ???????? 003 /wiki/DonAlphonso
5702f6a.43 42f942c6 043937 h ???????? 002 /wiki/RoellNumber
5702f6e.ca 42f942c6 043937 h ???????? 002 /wiki/PlazoDeVeto
5702f71.58 42f942c6 043937 h ???????? 002 /wiki/DanielPoodratchi
5702f73.f1 42f942c6 043937 h ???????? 003 /wiki/AugenSprache
5702f76.34 42f942c6 043937 h ???????? 002 /wiki/SerialNumber
5702f7a.7f 42f942c6 043937 h ???????? 002 /wiki/PeterBoxberg
5702f7d.20 42f942c6 043937 h ???????? 002 /wiki/BahnChefSpiel
5702f7e.1a 42f942c6 043937 h ???????? 002 /wiki/WalterRiester
5702f7e.82 42f942c6 043937 h ???????? 003 /wiki/FriseurGehestr
5702fb5.ff 284da7a0 6a88e8 h ???????? 002 /wiki/CarTwoGo
5702fb7.61 cf2e0dc5 6a88e8 h ???????? 002 /robots.txt
5702fdb.65 42f942ca 043937 h ???????? 002 /wiki/BettQuarters
570302b.f3 42f942c8 043937 h ???????? 002 /wiki/KayBlankenburg
5703063.b2 42f942c6 043937 h ???????? 003 /wiki/ServiceProvider
5703077.3b 284da7a0 6a88e8 h ???????? 001 /edit/42546011
5703088.27 42f942c8 043937 h ???????? 002 /wiki/SrwareIron
570309b.87 42f942d2 043937 s ???????? 002 /wiki/SchickSaal
5703195.f2 42f942ca 043937 h ???????? 001 /sl4
570337f.5d 42f942c8 043937 h ???????? 002 //FloatingBoats
5703472.f8 36249566 433e9c h ???????? 002 /edit/30376002
5703476.9d 5fa3ff26 399ff9 h ???????? 001 /robots.txt
5703478.47 5fa3ff20 399ff9 h ???????? 003 /wiki/OpenCoffeeClubDresden
5703484.2b 42f942d0 043937 s ???????? 002 /wiki/AhGe
57035a2.77 42f942c6 622963 h ???????? 015 /
5703626.27 42f95cc7 70a047 h ???????? 002 //rss.rdf
5703667.30 42f942c6 043937 h ???????? 003 /wiki/FutureNumber
57036cf.f2 5fa3ff20 399ff9 h ???????? 003 /wiki/LifeDay16323
5703715.33 42f942c6 043937 h ???????? 003 /wiki/CwbFx
57037da.6c 362494c8 433e9c h ???????? 018 /edit/12816001
57038bb.08 af9c826d f54af9 h ???????? 028 /
5703941.3e 3624943a 433e9c h ???????? 003 /wiki/PieschenBank
5703a79.21 42f942ca 043937 h ???????? 003 /wiki/OddMuse
5703c20.23 42f942ca 043937 h ???????? 003 /wiki/HausMeister
5703c2d.bf 42f942c6 043937 h ???????? 007 /wiki/WikiFolks
5703d88.90 42f942d0 043937 s ???????? 004 /wiki/CoOp
5703ebd.7f 42f942c8 043937 h ???????? 003 /wiki/HelmutLeitner
5704195.31 4f8f7991 cedf5c h ???????? 01c /
570428c.f8 36249552 433e9c h ???????? 002 /edit/30336002
570429d.b9 42f94238 043937 h ???????? 017 /
5704333.b4 42f942c6 043937 h ???????? 003 /wiki/EvanProdromou
570434c.e8 904ca86f e0380f h ???????? 003 /wiki/SommerSchwatz
57043e7.c3 42f942c6 043937 h ???????? 003 /wiki/BobDollars
570440e.bb 3624949f 433e9c h ???????? 003 /wiki/InterWiki
5704470.62 b2084a41 ea3c0a h ???????? 017 /
5704471.2f b2084a41 6c4fa8 h ???????? 002 /apple-touch-icon-152x152-precomposed.png
5704471.6f b2084a41 6c4fa8 h ???????? 001 /apple-touch-icon-152x152.png
5704471.99 b2084a41 6c4fa8 h ???????? 002 /apple-touch-icon.png
5704471.c7 b2084a41 6c4fa8 h ???????? 002 /apple-touch-icon.png
5704471.f2 b2084a41 6c4fa8 h ???????? 002 /apple-touch-icon-precomposed.png
5704472.1d b2084a41 6c4fa8 h ???????? 002 /favicon.ico
57044cb.25 42f942c8 043937 h ???????? 003 /wiki/ThreadMode
57045a5.8b 42f942c6 043937 h ???????? 003 /wiki/CommunityWikiPageLayout
5704646.e2 42f942d0 043937 s ???????? 003 /wiki/JaiKu
57046e2.43 36249462 433e9c h ???????? 002 /edit/24466002
570482a.ce 42f942d0 043937 s ???????? 003 /wiki/KuehneNagel
5704847.47 42f942c6 043937 h ???????? 003 /wiki/ServiceCompany
570491b.13 42f942c6 043937 h ???????? 004 /wiki/HermannKolbe
5704934.5e 36249567 433e9c h ???????? 003 /wiki/TerryWinograd
570496c.3a 42f942ca 043937 h ???????? 003 /wiki/LockSchuppenGame
5704a5c.26 5fa3ff26 399ff9 h ???????? 002 /robots.txt
5704a5d.6d 5fa3ff23 399ff9 h ???????? 003 /wiki/ChristianHeller
5704a61.b9 5fa3ff25 399ff9 h ???????? 003 /wiki/KurzweilVortrag
5704aed.38 42f942c6 043937 h ???????? 004 /wiki/HoraDeTutoria
5704b34.74 362494c4 433e9c h ???????? 002 /edit/26136001
5704c4a.3c 3624966a 433e9c h ???????? 002 /robots.txt
5704c60.ca 36249528 433e9c h ???????? 003 /edit/31066001
5704c82.16 42f942ca 043937 h ???????? 003 /wiki/TobinTaxVotes
5704d48.ce d8f442f3 2e51d1 h ???????? 002 /robots.txt
5704e2e.bb 42f942c6 043937 h ???????? 004 /wiki/UnParteiSitzung
5704e9f.a6 d8f442f3 2e51d1 h ???????? 003 /wiki/UnusedPages
5704f28.3b 42f942d0 043937 s ???????? 004 /wiki/WebDe
5704f98.a2 42f942c6 043937 h ???????? 003 /wiki/GustavDietzel
57050db.2e 36249520 433e9c h ???????? 002 /edit/27506002
57051c1.36 42f942c8 043937 h ???????? 004 /wiki/CuentaBancaria
5705292.a3 42f942ca 043937 h ???????? 004 /wiki/MechanicalEngineer
5705409.1b 42f95ccb 70a047 h ???????? 002 //rss.rdf
5705441.d7 284da7a0 6a88e8 h ???????? 003 /wiki/WikiMind
5705460.fb 42f9498a 043937 h ???????? 005 /wiki/RegistroMercantil
570547d.e8 3b980de6 702dd8 h ???????? 024 /
57055ab.ac 566e75d5 ffd63a h ???????? 002 /wp-login.php
57055f6.02 42f94986 043937 h ???????? 004 /wiki/TerminoDeLaVida
5705616.39 42f94988 043937 h ???????? 003 //wiki/CoWorkingSpace
570563b.15 566e75d5 ffd63a h ???????? 002 /robots.txt
5705809.5f 42f94990 043937 s ???????? 003 /wiki/BrabblR
57059d5.54 36249528 433e9c h ???????? 004 /wiki/KurzweilVortrag
57059ed.e4 42f94988 043937 h ???????? 003 /wiki/DistanzSpiel
57059f3.9c 42f94986 043937 h ???????? 004 /wiki/EconomiaVirtual
5705c1e.59 9d3727ed 6a88e8 h ???????? 004 /wiki/LockSchuppenBusinessPlan
5705c93.b9 42f9498a 043937 h ???????? 003 /wiki/AlfredSchone
5705d1f.c8 42f94986 043937 h ???????? 004 /wiki/BoletinDeNoticias
5705ddb.80 42f94988 043937 h ???????? 004 /wiki/PensionMorgenstern
5705e8e.c0 42f94988 043937 h ???????? 003 /wiki/RossMann
5705f0d.ef 362494c5 433e9c h ???????? 01a /edit/16236008
570603c.01 5fa3ff22 399ff9 h ???????? 004 /robots.txt
570603d.ac 5fa3ff25 399ff9 h ???????? 004 /wiki/ScAu
570605e.ba 42f94986 043937 h ???????? 003 /wiki/LammfellMantel
57060b0.29 36249508 433e9c h ???????? 004 /wiki/SindyHoehne
57060ea.50 42f94990 043937 s ???????? 004 /wiki/UnTil
570610b.bb caef0479 069921 h ???????? 002 /robots.txt
5706151.5a 42f94988 043937 h ???????? 004 /wiki/FinalFantasy
57061f8.53 42f94986 043937 h ???????? 004 /wiki/PeterKatranuschkov
57062a2.3b 5fa3ff20 399ff9 h ???????? 004 /wiki/HauptHenkel
5706311.87 42f94986 043937 h ???????? 003 /wiki/MuellTrennung
57063c3.28 42f9498a 043937 h ???????? 004 /wiki/AircraftRegistration
5706493.53 42f94986 043937 h ???????? 004 /wiki/ProjectManagement
5706519.36 362494c5 433e9c h ???????? 004 /wiki/UnusedPages
570656f.52 d8f442f3 2e51d1 h ???????? 002 /robots.txt
570665e.43 42f94986 043937 h ???????? 004 /wiki/ProzessOptimierung
5706671.f3 d8f442f3 2e51d1 h ???????? 004 /wiki/BerndKohlstedt
570667e.e2 3624954e 433e9c h ???????? 003 /wiki/FlashNoon
57067da.3c 3624951c 433e9c h ???????? 003 /edit/31196001
5706803.c4 42f94988 043937 h ???????? 004 /wiki/EleccionDeGabinete
570687d.ca 3624940f 433e9c h ???????? 002 /edit/29076001
5706930.b6 3e040ece 2bfdb4 s ???????? 01a /
570697c.d7 36249471 433e9c h ???????? 002 /edit/5936002
5706982.83 42f942ca 043937 h ???????? 005 //wiki/RainerWasserfuhrCv
57069c0.40 42f942c6 043937 h ???????? 004 /wiki/NuestroPresupuesto
57069cb.36 42f942d2 043937 s ???????? 004 /wiki/GnuFdl
5706b84.05 36249559 433e9c h ???????? 005 /wiki/VladimirPutin
5706bb1.5a 42f942ca 043937 h ???????? 004 /wiki/IstEin
5706c4f.ae 42f942c6 043937 h ???????? 006 /wiki/RainerWasserfuhrCv
5706c50.a8 42f942ca 043937 h ???????? 003 /wiki/DeutschPost
5706d1d.39 9d3727ed 6a88e8 h ???????? 004 /wiki/ReFrame
5706d73.8d 362494d1 433e9c h ???????? 004 /wiki/LarryPage
5706db0.13 5fa3ff5c 399ff9 h ???????? 002 /robots.txt
5706db2.e7 5fa3ff63 399ff9 h ???????? 005 /wiki/LiebeDas
5706e30.d9 42f942c8 043937 h ???????? 004 /wiki/EleccionDePrincipio
5706e94.75 5f6cb561 e4b041 h ???????? 003 /robots.txt
5706e98.4c 5f6cb561 e4b041 h ???????? 01c /
5706fc1.de 42f942ca 043937 h ???????? 002 /see/84a752c5e75f1995ed650d00348650c0
570700c.89 42f942d4 043937 s ???????? 01b /
570711e.7b 42f942d4 622963 s ???????? 025 /
570713e.a1 42f95cc9 70a047 h ???????? 002 //rss.rdf
57071af.d1 42f942c8 043937 h ???????? 004 /wiki/WaldSchloesschenBruecke
570723d.ca 362494bc 433e9c h ???????? 003 /edit/23236003
570724f.9e 362494dc 433e9c h ???????? 002 /edit/28016004
570727a.82 42f942c6 043937 h ???????? 004 /wiki/PredictionMarket
57072ac.32 42f942d2 043937 s ???????? 004 /wiki/VerEin
57072f1.16 cf2e0db3 6a88e8 h ???????? 005 /wiki/ArthurCClarke
5707368.7c 36249567 433e9c h ???????? 004 /wiki/MicroNation
5707381.cf ca3b8210 be37cc h ???????? 029 /
57075e7.ee 284da7a0 6a88e8 h ???????? 005 /wiki/RainerWasserfuhrStirbt
5707683.d6 36249437 433e9c h ???????? 002 /edit/25496001
57076a0.d7 cf2e0db3 6a88e8 h ???????? 002 /edit/39856001
57076cc.b5 33444ffc ef60d6 h ???????? 01c /
57077c7.7e 42f942c6 043937 h ???????? 006 /wiki/EuropeanArticleNumber
570784c.fd 42f942c6 043937 h ???????? 004 /wiki/PhantomZeit
5707926.50 42f942c6 043937 h ???????? 006 /wiki/HeribertIllig
570799f.b9 cf2e0db3 6a88e8 h ???????? 005 /wiki/LockOffice
5707aed.ca 42f942ca 043937 h ???????? 004 /wiki/MindPaper
5707b68.91 362494ba 433e9c h ???????? 003 /edit/28216001
5707b98.37 36249437 433e9c h ???????? 004 /wiki/MindShop
5707b9f.7c 42f942d4 043937 s ???????? 005 /wiki/DdWiki
5707c6d.f4 362494d4 433e9c h ???????? 005 /wiki/RainerWasserfuhrCv
5707cb5.54 42f942c6 043937 h ???????? 004 /wiki/TerritorioDeSoberania
5707d07.60 42f942c6 622963 h ???????? 01e /
5707d74.8c 42f942c6 043937 h ???????? 004 /wiki/GeHirn
5707d7e.33 42f942c8 043937 h ???????? 004 /wiki/VertretungsBerechtigt
5707e14.83 42f942d2 043937 s ???????? 004 /zz
5707e8b.cd 42f942c6 043937 h ???????? 005 /wiki/CodeCheck
5707f99.8e 3624950d 433e9c h ???????? 01d /edit/12586001
570800a.50 42f942ca 043937 h ???????? 005 /wiki/ConcurrentEngineering
57080ed.2f 42f942c8 043937 h ???????? 005 /wiki/ChronologieKritik
57081e0.1b 42f942c8 043937 h ???????? 005 /wiki/MercadoDeTrabajoVoluntario
57082a8.1e 42f942c6 043937 h ???????? 005 /wiki/HochzeitsgeschenkDesJahres
57082b5.b9 362494fd 433e9c h ???????? 003 /edit/29386001
570846e.f5 42f942d2 043937 s ???????? 005 /wiki/ReView
570847d.c4 42f942c6 043937 h ???????? 002 /wiki/GuoPH05
5708547.32 42f942c6 043937 h ???????? 002 /wiki/WaldSchloesschenBruecke2015
5708693.25 42f942c8 043937 h ???????? 003 /wiki/CadTla
5708698.23 3624954c 433e9c h ???????? 012 /edit/15296001
57086f2.d4 42f942ca 043937 h ???????? 002 /wiki/YiId
5708957.88 3cbf264d 24f5f0 h ???????? 010 /
5708a02.ac 42f942d2 043937 s ???????? 018 /
5708b44.85 42f942ca 043937 h ???????? 003 /wiki/ReisKorn
5708bc7.4c 9d3727ed 6a88e8 h ???????? 001 /edit/34926001
5708bdd.e5 5fa3ff24 399ff9 h ???????? 001 /robots.txt
5708bdf.31 5fa3ff27 399ff9 h ???????? 002 /wiki/TouchOs
5708c2b.9f 42f942ca 043937 h ???????? 003 /wiki/UnserBudget
5708d50.42 42f942d0 043937 s ???????? 002 /wiki/AnPass
5708da6.60 36249461 433e9c h ???????? 001 /edit/21796003
5708dcc.d2 42f942ca 043937 h ???????? 002 /wiki/AfWiki
5708de9.f7 9d3727ed 6a88e8 h ???????? 011 /edit/114966014
5708e06.7e 42f95cc9 70a047 h ???????? 001 //rss.rdf
5708f37.fc 42f942c6 043937 h ???????? 002 /wiki/AdolfBlomeyer
5708f87.5f 42f942c6 043937 h ???????? 002 /wiki/DirkRossmann
57090c9.53 362494ca 433e9c h ???????? 001 /edit/5076001
570915e.06 42f942c8 043937 h ???????? 003 /wiki/ComMent
5709214.73 284da7af 6a88e8 h ???????? 002 /wiki/MindMark
5709215.73 42f942c6 043937 h ???????? 002 /wiki/IcCcbe
5709266.ec 362494ef 433e9c h ???????? 001 /edit/26446001
5709308.88 42f942c6 043937 h ???????? 003 /wiki/AuerLH09
57093fe.d7 42f942c8 043937 h ???????? 003 /wiki/BlueMatter
570956c.67 36249507 433e9c h ???????? 002 /edit/3002
5709595.0c 42f942c8 043937 h ???????? 002 /wiki/JeffreyWix
5709631.32 42f942d0 043937 s ???????? 002 /wiki/InHaber
5709678.c1 42f942c8 043937 h ???????? 002 /wiki/GravesAH08
57096fd.ab 42f9423a 043937 h ???????? 018 /
5709821.9a 42f942c8 043937 h ???????? 003 /wiki/JakobBeetz
5709925.cd 36249478 433e9c h ???????? 002 /edit/29906001
57099a1.3c 36249448 433e9c h ???????? 002 /edit/29036002
5709a16.cf 42f942c8 043937 h ???????? 003 /wiki/GuarinoW04
5709afc.67 c3d06afc be37cc h ???????? 019 /
5709b40.0c 36249462 433e9c h ???????? 002 /edit/28096001
5709b74.0e 42f942c8 043937 h ???????? 002 /wiki/CafeBliebig
5709b74.18 42f942c6 043937 h ???????? 002 /robots.txt
5709cea.ae 42f942c6 043937 h ???????? 002 /wiki/InteliGrid
5709e22.d6 c5fbe5a6 cedf5c h ???????? 01a /
5709e25.b8 42f942ca 043937 h ???????? 003 /wiki/AntonioMana
5709e8d.c1 36249535 433e9c h ???????? 002 /edit/30126002
5709f12.37 42f942d4 043937 s ???????? 004 /wiki/CabiNet
5709f2a.c3 42f942c8 043937 h ???????? 002 /wiki/GeraldWeber
5709fe2.82 42f942c6 043937 h ???????? 003 /wiki/DolencKTKK08
570a0fb.65 42f942c6 043937 h ???????? 003 /wiki/WasSchaetztDu
570a192.f3 5fa3ff22 399ff9 h ???????? 002 /robots.txt
570a194.43 5fa3ff25 399ff9 h ???????? 002 /wiki/CommunityWiki
570a1c3.ad 3e040ece 2bfdb4 h ???????? 014 /
570a1f2.3c 36249563 433e9c h ???????? 002 /love/3b
570a375.15 42f942c6 043937 h ???????? 003 /wiki/UsbLili
570a385.96 36249516 433e9c h ???????? 002 /edit/26276001
570a3f8.a0 42f942c8 622963 h ???????? 014 /
570a426.84 42f942c8 043937 h ???????? 002 /wiki/KikujiroNamba
570a4ff.76 42f942c6 043937 h ???????? 003 /wiki/JosVanLeeuwen
570a602.2d 42f942c8 043937 h ???????? 003 /wiki/SherbondyDAMW09
570a75e.6e 284da7af 6a88e8 h ???????? 001 /edit/28146002
570a7b0.ea 42f942c8 043937 h ???????? 002 /wiki/DiscoverYourStrengths
570a7e6.6c 284da7af 6a88e8 h ???????? 001 /edit/45136018
570a7f3.2c 42f942d4 043937 s ???????? 003 /wiki/MindCar
570a7f7.8b 5e824263 18b492 h ???????? 001 /robots.txt
570a7f7.f7 5e824263 18b492 h ???????? 001 /feed
570a7fe.8d 5e824263 18b492 h ???????? 014 /love/1e
570a976.14 42f942ca 043937 h ???????? 003 /wiki/IndustryFoundationClasses
570a984.58 284da7af 6a88e8 h ???????? 004 /wiki/MindFloor
570aa2d.1b 42f942ca 043937 h ???????? 003 /wiki/GoertzelP08
570aa76.ae 42f9423b 043937 s ???????? 002 /robots.txt
570aa77.47 42f9423d 043937 s ???????? 015 /
570ab2d.d8 42f942ca 043937 h ???????? 003 /wiki/BouquetSNM08
570abe6.46 42f942ca 043937 h ???????? 003 /wiki/BaukeDeVries
570ac25.35 42f95cc7 70a047 h ???????? 002 //rss.rdf
570ada2.89 42f942ca 043937 h ???????? 003 /wiki/LinkedGeoData
570ae2a.b9 284da7af 6a88e8 h ???????? 003 /wiki/TylerEmerson
570aedc.6a 36249524 433e9c h ???????? 004 /wiki/EinSchlag
570af63.25 42f942ca 043937 h ???????? 003 /wiki/XingPate
570b054.42 36249550 433e9c h ???????? 002 /edit/29236001
570b0d6.cc 3624953a 433e9c h ???????? 002 /edit/22326004
570b0f4.06 42f942d4 043937 s ???????? 017 /
570b3c7.d4 42f942c6 043937 h ???????? 003 /wiki/HochZeit
570b3eb.31 42f942c6 043937 h ???????? 002 /wiki/MaxEckert
570b570.56 9d372724 6a88e8 h ???????? 004 /wiki/PeterHerchenbach
570b631.f6 42f942d0 043937 s ???????? 004 /wiki/MindCal
570b64c.d1 42f942c8 043937 h ???????? 003 /wiki/GoldHochzeit
570b66f.00 9d372724 6a88e8 h ???????? 01e /edit/103676003
570b803.e9 42f942ca 043937 h ???????? 003 /wiki/FamilienKreis
570b87d.0e 5d30537d be37cc h ???????? 018 /
570b8d1.12 42f942ca 043937 h ???????? 003 /wiki/HochlandKurier
570b984.a0 5fa3ff24 399ff9 h ???????? 002 /robots.txt
570b988.1d 5fa3ff25 399ff9 h ???????? 002 /wiki/KarlMarx
570b9ed.1b 42f942ca 043937 h ???????? 003 /wiki/RasseGefluegelZuechter
570ba5d.8f 3624950e 433e9c h ???????? 003 /wiki/ImPrint
570bae1.b8 36249434 433e9c h ???????? 003 /wiki/FutureChat
570bb33.f7 284da7a0 6a88e8 h ???????? 003 /wiki/RedBlueGame
570bcbd.37 36249463 433e9c h ???????? 002 /edit/22316001
570bd26.77 42f942c6 043937 h ???????? 003 /wiki/SchirmHerr
570bdcf.f3 362494bb 433e9c h ???????? 002 /edit/30106002
570bdee.be 42f942c6 043937 h ???????? 006 /wiki/AdolfPhilippi
570be20.8d 42f942ca 043937 h ???????? 003 /wiki/GrossVater
570bf10.9e 42f942d2 043937 s ???????? 003 /wiki/FireFox
570bfcd.cd 42f942ca 043937 h ???????? 003 /wiki/HansJ
570bfd4.3c c8a1aac4 be37cc h ???????? 02f /
570bfd4.49 c8a1aac4 be37cc h ???????? 015 /
570c0dd.f0 362494c9 433e9c h ???????? 002 /edit/24276001
570c10d.f7 36249508 433e9c h ???????? 002 /edit/23696001
570c155.12 42f942c6 043937 h ???????? 004 /wiki/EhrenPokal
570c248.78 42f942ca 043937 h ???????? 003 /wiki/HausHerr
570c389.d3 36249503 433e9c h ???????? 005 /wiki/LongBetOne
570c495.04 2ee5a183 d05934 h ???????? 003 //wiki/ChristianHeller
570c59a.79 42f942c8 043937 h ???????? 003 /wiki/HansHeld
570c797.d7 42f942ca 043937 h ???????? 004 /wiki/EheJubil
570c7f1.2e 42f942d2 043937 s ???????? 003 /wiki/InSider
570c832.6d 8ba26ab5 12bd58 h ???????? 019 /
570c846.2f 42f942c6 043937 h ???????? 004 /wiki/OttoHartmann
570c866.a7 362494e0 433e9c h ???????? 002 /edit/28236001
570c87e.5e 42f942ca 043937 h ???????? 002 /t/robots.txt
570c93b.dc 3624944f 433e9c h ???????? 01a /edit/18446001
570c946.f3 9d3727ed 6a88e8 h ???????? 017 /
570c97b.27 42f95cc7 70a047 h ???????? 002 //rss.rdf
570ca23.dc 42f942c8 043937 h ???????? 003 /wiki/BrianTracy
570cac2.a9 42f942c6 043937 h ???????? 003 /wiki/GefluegelPaar
570cb86.15 36249441 433e9c h ???????? 024 /edit/19706001
570cc76.06 42f942c8 043937 h ???????? 004 /wiki/HansJuergen
570ccb7.c6 284da7a0 6a88e8 h ???????? 004 /wiki/CraigKriek
570ccbd.66 42f942ca 043937 h ???????? 004 /wiki/OrtsVorsteher
570cd46.17 42f942c6 043937 h ???????? 004 /wiki/RichardHeinze
570ce67.21 2d7d3f66 cedf5c h ???????? 01a /
570ce8e.57 362494a2 433e9c h ???????? 017 /love/1e
570cef2.ce 36249426 433e9c h ???????? 002 /edit/24576001
570cf20.83 362494f7 433e9c h ???????? 002 /edit/28276001
570cf24.92 42f942ca 043937 h ???????? 004 /wiki/ReitzenDorfer
570d03f.12 362494a7 433e9c h ???????? 002 /edit/21766002
570d0d2.3b 42f942d2 043937 s ???????? 004 /wiki/RadiKal
570d0d3.c6 36249544 433e9c h ???????? 002 /edit/27316001
570d175.d4 42f942c6 043937 h ???????? 004 /wiki/OrtschaftsRat
570d1b5.28 42f942ca 043937 h ???????? 004 /wiki/HelmutBergmann
570d1cc.51 deba3b78 2da35a h ???????? 019 /
570d1cc.cd deba3b78 99d427 h ???????? 062 /index.action
570d38e.82 42f942c8 043937 h ???????? 006 /wiki/SiegfriedSchneider
570d3bd.c7 36249547 433e9c h ???????? 004 /wiki/RecentChanges
570d45b.16 42f942c8 043937 h ???????? 004 /wiki/GlueckWuensch
570d4f1.b0 42f942c6 043937 h ???????? 003 /wiki/MoritzWolfrum
570d568.27 9d3727ed 6a88e8 h ???????? 01b /edit/104146013
570d5cf.b6 42f942ca 043937 h ???????? 003 /wiki/PetaBitPlatte
570d5d0.a9 b36f54fd cedf5c h ???????? 01b /
570d659.d4 9d3727ed 6a88e8 h ???????? 004 /wiki/BastiHirsch
570d6e9.00 362494ad 433e9c h ???????? 005 /wiki/DrexelInfo630
570d6f6.0c 42f942ca 043937 h ???????? 003 /wiki/ErneuerungsArbeiten
570d973.03 42f942c8 043937 h ???????? 004 /wiki/GefluegelZuechterVerein
570d9b3.2f 42f942d0 043937 s ???????? 004 /wiki/PreDict
570db2a.45 42f942cc 043937 h ???????? 004 /wiki/OttoHartmannGedaechtnisPokal
570db88.16 42f942ce 043937 h ???????? 005 /wiki/OpaZwoNull
570dc22.fd 284da7af 6a88e8 h ???????? 005 /wiki/WolfgangReitzle
570dc79.b8 42f942da 043937 s ???????? 003 /wiki/AnFang
570dc98.12 8fff0189 19c6c4 h ???????? 01b /
570dc9d.51 42f942c8 043937 h ???????? 004 /wiki/AntonSpringer
570dca9.7e 42f942c6 043937 h ???????? 004 /wiki/SubMit
570dcad.93 42f942d0 043937 s ???????? 004 /wiki/RaWa
570dd62.13 cf2e0dc5 6a88e8 h ???????? 002 /robots.txt
570dd64.d1 9d3727ed 6a88e8 h ???????? 002 /edit/39886001
570dd6a.a6 9d372724 6a88e8 h ???????? 004 /wiki/BildungsBurg
570de1a.e0 36249538 433e9c h ???????? 003 /edit/26326002
570de59.8b 362494e1 433e9c h ???????? 003 /edit/23546002
570de7d.7c 284da7a0 6a88e8 h ???????? 004 /wiki/RoMa
570deb6.dc 42f942ca 043937 h ???????? 004 /wiki/MindN3
570e033.57 284da7a0 6a88e8 h ???????? 004 /wiki/ConStitucion
570e13e.20 36249454 433e9c h ???????? 005 /wiki/MindPeople
570e140.fb 42f942ca 043937 h ???????? 004 /wiki/MailBox
570e294.41 42f942da 043937 s ???????? 004 /wiki/AchtSam
570e3dc.aa 5cc41de9 f523a4 h ???????? 004 /wiki/WurzelImperium
570e414.e2 b9ead984 3a5a31 h ???????? 002 /wp-login.php
570e415.18 b9ead984 3a5a31 h ???????? 003 //wp-login.php
570e449.07 42f942ca 622963 h ???????? 026 /
570e44f.48 9d3727ed 6a88e8 h ???????? 002 /edit/39236007
570e4cc.2d 42f942c6 043937 h ???????? 005 /wiki/OwL
570e56f.47 d8f442f3 2e51d1 h ???????? 003 /robots.txt
570e5e8.60 36249479 433e9c h ???????? 003 /edit/31096001
570e6af.7e d8f442f3 2e51d1 h ???????? 005 /wiki/UnusedPages
570e72c.d2 42f942c6 043937 h ???????? 004 /wiki/GroupWiki
570e754.81 9d3727ed 6a88e8 h ???????? 002 /sl4
570e793.0f 42f942ca 043937 h ???????? 003 /wiki/GeistMaschine
570e82d.c2 b2084a41 ea3c0a h ???????? 01d /
570e832.2d b2084a41 ea3c0a h ???????? 003 /alive/4
570e832.3d b2084a41 ea3c0a h ???????? 003 /feel/4
570e84f.53 42f942c6 043937 h ???????? 004 /wiki/DelicioUs
570e85f.c1 b2084a41 ea3c0a h ???????? 01d /
570e8af.89 42f942c6 043937 h ???????? 004 /wiki/WikiBased
570e8c0.50 b2084a41 ea3c0a s ???????? 01d /
570e8c5.d0 b2084a41 ea3c0a h ???????? 028 /
570e91f.dc 42f942c8 043937 h ???????? 005 /wiki/KwowLedge
570e99f.6c 42f95cc7 70a047 h ???????? 003 //rss.rdf
570ea27.8d 284da7af 6a88e8 h ???????? 004 /wiki/WipperFeld
570eb75.3a 42f942d0 043937 s ???????? 004 /wiki/WikiName
570eb9a.8d 42f942c8 043937 h ???????? 004 /wiki/BurgRanis
570ebf4.d3 42f942d2 043937 s ???????? 01d /
570ec10.00 42f94b03 043937 s ???????? 007 /wiki/GottfriedWilhelmLeibniz
570ec6b.8d 42f94b1d 043937 h ???????? 005 /wiki/SubClassOf
570ed29.be 284da7af 6a88e8 h ???????? 01f /edit/114656001
570ed3d.be 42f94b1d 043937 h ???????? 004 /wiki/TimBernersLee
570ed67.9e 284da7af 6a88e8 h ???????? 002 /edit
570edc8.0f 362494a0 433e9c h ???????? 005 /wiki/RalfSteinmetz
570eee4.75 42f94b1e 043937 h ???????? 004 /wiki/NearerstFuture
570efd8.51 42f94b1c 043937 h ???????? 005 /wiki/JerryMichalski
570f0a0.15 42f94b1c 043937 h ???????? 005 /wiki/PersonalWiki
570f196.ba 42f94b1c 043937 h ???????? 005 /wiki/NotationThree
570f305.bc 284da7af 6a88e8 h ???????? 005 /wiki/WikiLender
570f336.3a 42f94b1c 043937 h ???????? 004 /wiki/ComputerScience
570f34f.79 5eb7bb66 cedf5c h ???????? 020 /
570f3a0.92 42f94b05 043937 s ???????? 004 /robots.txt
570f3a1.33 42f94b03 043937 s ???????? 02d /
570f456.6c 42f94b05 043937 s ???????? 005 /wiki/MindShop
570f517.78 42f94b1d 043937 h ???????? 005 /wiki/DifferentFrom
570f5ce.87 9d372724 6a88e8 h ???????? 003 /edit/29596001
570f5ef.42 42f94b1e 043937 h ???????? 002 /wiki/RainHer
570f6c7.1a 42f94b1d 043937 h ???????? 002 /wiki/ElbHang
570f7c0.aa 9d37271a 6a88e8 s ???????? 001 /robots.txt
570f7c1.ba 9d37271a 6a88e8 s ???????? 001 /robots.txt
570f7c3.9e 284da7a0 6a88e8 s ???????? 015 /
570f829.01 362494a5 433e9c h ???????? 002 /edit/21376003
570f865.55 42f94b1c 043937 h ???????? 002 /wiki/AltHochDeutsch
570f88a.9f 5c54b87e be37cc h ???????? 012 /
570f947.0f 42f94b1d 043937 h ???????? 003 /wiki/MarkkuWilenius
570f956.60 42f94b1c 043937 h ???????? 001 /wiki/BildungsSpiel
570f9a3.ed 284da7af 6a88e8 h ???????? 002 /wiki/CabiNet
570f9a4.e6 284da7af 6a88e8 h ???????? 001 /BlockTime
570fa20.62 42f94b1d 043937 h ???????? 008 /wiki/GiantGlobalGraph
570fb4b.48 36249484 433e9c h ???????? 002 /edit/27406004
570fb4c.84 42f94587 622963 s ???????? 012 /
570fb67.33 5fa3ff22 399ff9 h ???????? 001 /robots.txt
570fb68.c2 5fa3ff27 399ff9 h ???????? 002 /wiki/JanNis
570fcb8.8d 42f94b1d 043937 h ???????? 003 /wiki/WeihNacht
570fd06.e9 36249436 433e9c h ???????? 001 /edit/26376001
570fd37.39 42f94b05 043937 s ???????? 002 /wiki/PostBank
570fd90.01 42f94b1e 043937 h ???????? 003 /wiki/PalomarFive
570fda2.cb 9d372724 6a88e8 h ???????? 002 /wiki/JspWiki
570fe72.da 42f94b1d 043937 h ???????? 003 /wiki/ZeitSchrift
