57400b0.39 42f942c6 043937 h ???????? 004 /wiki/KerDam
57400ff.f9 b37145b0 cedf5c h ???????? 022 /
5740139.96 50d3f628 41c63a h ???????? 021 /
5740146.ed 67595b9d ee113c h ???????? 017 /
5740148.32 67595b9d ee113c h ???????? 002 //https://floatingboat2013.appspot.com
5740149.18 67595b9d ee113c h ???????? 003 //wiki/AlanTuring
574014a.85 67595b9d ee113c h ???????? 004 //wiki/GottfriedWilhelmLeibniz
574014c.43 67595b9d ee113c h ???????? 009 //https://floatingboat2013.appspot.com/UrPic
574014e.19 67595b9d ee113c h ???????? 009 //https://floatingboat2013.appspot.com/ad
574014f.b1 67595b9d ee113c h ???????? 002 //https://sl4.eu/hls
5740152.22 67595b9d ee113c h ???????? 002 //https://sl4.eu/ls
5740155.87 67595b9d ee113c h ???????? 002 //https://sl4.eu/sh
5740156.f3 67595b9d ee113c h ???????? 002 //https://www.youtube.com/watch
5740196.c4 a801803b 74bbda s ???????? 017 /
57401ac.1f 42f942c8 043937 h ???????? 003 /wiki/MargaretMead
57401de.71 42f942c8 043937 h ???????? 004 /wiki/MichaelRAlvers
5740380.8c 42f942c6 043937 h ???????? 005 /wiki/VolkerKefer
5740462.74 5f6cb561 e4b041 h ???????? 004 /robots.txt
5740466.3c 5f6cb561 e4b041 h ???????? 024 /
57404ad.d4 42f942c8 043937 h ???????? 003 /wiki/EswWiki
57404e0.33 42f942c6 043937 h ???????? 004 /wiki/KarinWasserfuhr
574066e.e2 4706e804 7404fb h ???????? 026 /
57407f2.57 42f942c8 043937 h ???????? 004 /wiki/VerfuegungsRaum
57408bf.9d 42f942d2 043937 s ???????? 005 /wiki/UmTs
574090f.20 42f942ca 043937 h ???????? 004 /wiki/SebnitzerStrasse11
5740952.f3 42f942c8 043937 h ???????? 004 /wiki/UtPl
57409b0.fb 5f6cb561 e4b041 s ???????? 003 /robots.txt
57409cd.45 42f942c8 043937 h ???????? 004 /wiki/LifeDay16335
5740c40.57 42f942c8 043937 h ???????? 004 /wiki/DerUntergang
5740c47.a9 42f942d2 043937 s ???????? 007 /bday
5740c56.1f 42f942d4 043937 s ???????? 004 /wiki/AlexanderMueller
5740c9d.29 42f942d0 043937 s ???????? 005 /wiki/JohnBoyd
5740cb6.3e 42f942d2 043937 s ???????? 003 /wiki/KurtTucholsky
5740d0b.0c 36a3bba6 df4399 h ???????? 002 /robots.txt
5740d0d.78 36a3bba6 df4399 h ???????? 01c /
5740d1e.c4 42f942c8 043937 h ???????? 004 /wiki/QueueFactory
5740dac.2e 42f942d4 043937 s ???????? 00c /wiki/JeanChretien
5740e15.17 42f942c6 043937 h ???????? 004 /wiki/WaehrungsSystem
5740e8f.fd 42f942d0 043937 s ???????? 004 /wiki/HansWernerHector
5740fab.c1 42f942c8 043937 h ???????? 005 /wiki/HansWernerHector
57410c9.0b 5f6cb561 e4b041 s ???????? 00b /robots.txt
57410cc.a2 5f6cb561 e4b041 s ???????? 127 /hls
5741167.e1 42f942c6 043937 h ???????? 004 /wiki/AlexanderMueller
57411a1.08 42f942ca 043937 h ???????? 004 /wiki/LeRoi
5741297.97 42f95cc7 70a047 h ???????? 003 //rss.rdf
57412e3.dd 42f942d0 043937 s ???????? 01b /
57412e7.25 5fa3ff27 399ff9 h ???????? 002 /robots.txt
57412e8.66 5fa3ff21 399ff9 h ???????? 004 /wiki/SaSiSu
574132e.3b 42f942c8 043937 h ???????? 004 /wiki/JohnBoyd
57418fe.69 266374a8 19c6c4 h ???????? 01b /
5741919.e6 42f942c8 043937 h ???????? 131 /wiki/KayGroschenOper
574193e.e7 a3ac0499 0fa3a7 h ???????? 013 /
5741954.e8 6baad2d1 ef60d6 s ???????? 00f /
574195f.33 42f942ca 043937 h ???????? 002 /wiki/WillibertPauels
57419e7.a8 284da798 6a88e8 h ???????? 002 /wiki/PeterHankins
57419e7.dc 284da798 6a88e8 h ???????? 016 /
5741a8e.56 42f942ca 043937 h ???????? 002 /wiki/RobOt
5741aab.2d 42f942c8 043937 h ???????? 002 /wiki/ZentralGebaeude
5741af2.41 c22ca6a2 702dd8 h ???????? 012 /
5741b6a.0a 42f942c6 043937 h ???????? 002 /wiki/TraumFirma
5741bc2.11 42f942c6 043937 h ???????? 002 /wiki/BernhardBuechel
5741dc4.68 42f942c6 043937 h ???????? 002 /wiki/DresdenNeustadt
5741e1a.b0 42f942ca 043937 h ???????? 002 /wiki/SpesChen
5741e76.79 42f942c8 043937 h ???????? 002 /wiki/KlausHolthausen
5741e97.86 42f94988 043937 h ???????? 002 /wiki/PrimusInterPares
5741eea.f1 42f942d0 043937 s ???????? 002 /wiki/PersonalWorld
5741fe1.01 5f6cb561 e4b041 h ???????? 003 /robots.txt
5741fe4.c8 5f6cb561 e4b041 h ???????? 010 /
5742238.5a 3624966d 433e9c h ???????? 001 /robots.txt
5742238.fb 3624951b 433e9c h ???????? 001 /edit/23806001
574231d.00 6dc91837 cdfc4d h ???????? 015 /
5742353.a4 42f942ca 043937 h ???????? 002 /wiki/JeanChretien
5742363.ab 42f942c8 043937 h ???????? 002 /wiki/OmeGa
5742394.69 362494a0 433e9c h ???????? 001 /edit/24566001
57423b3.ab 42f942c8 043937 h ???????? 003 /wiki/KurtTucholsky
574249c.ef 42f942ca 043937 h ???????? 004 /wiki/MargaRadermacher
5742580.26 42f942ca 043937 h ???????? 003 /wiki/FrankfurtAirport
5742666.65 42f942c6 043937 h ???????? 003 /wiki/KombiVerkehr
574267f.92 5112856e 702dd8 h ???????? 011 /
5742756.1a 5f6cb561 e4b041 h ???????? 002 /robots.txt
5742759.df 5f6cb561 e4b041 h ???????? 013 /
5742785.0d 42f942c6 043937 h ???????? 002 /wiki/JosephWeizenbaum
57427c6.4d 42f942c6 043937 h ???????? 002 /wiki/AndreasEschbach
5742826.6e d9458f31 87563c h ???????? 002 /robots.txt
574282b.e5 d9458f2d 87563c h ???????? 002 /wiki/RainerWasserfuhrCvEn
57428c6.24 5fa3ff21 399ff9 h ???????? 001 /robots.txt
57428c7.61 5fa3ff24 399ff9 h ???????? 002 /wiki/LifeDay16319
57428c8.bb 5fa3ff26 399ff9 h ???????? 002 /wiki/MindWiki
57429bd.19 42f942ca 043937 h ???????? 002 /wiki/RajuBitter
5742b8d.3a 42f942c8 043937 h ???????? 003 /wiki/WillkommenImClub
5742ba9.bb 3624966a 433e9c h ???????? 002 /robots.txt
5742c1e.2b 9d3727e3 6a88e8 h ???????? 002 /wiki/JspWiki
5742c1e.d6 9d3727e3 6a88e8 h ???????? 003 /wiki/KarlSchaum
5742c45.3d 42f942d4 043937 s ???????? 003 /wiki/JoGo
5742c5d.bf 42f942c6 043937 h ???????? 002 /wiki/SimpleDateFormat
5742d9b.5b 42f942c6 043937 h ???????? 003 /wiki/VorratsDaten
5742e73.3e 3624966a 433e9c h ???????? 001 //robots.txt
5742ee2.e6 42f942c8 043937 h ???????? 004 /wiki/WernerBrunck
5742f59.90 42f95cc9 70a047 h ???????? 002 //rss.rdf
5742f60.64 3624966a 433e9c h ???????? 002 /robots.txt
5742fab.b9 cf2e0d39 6a88e8 h ???????? 003 /wiki/MindEyes
5742fd5.12 284da785 6a88e8 h ???????? 003 /wiki/NatashaVitaMore
574306b.a9 9d3727c5 6a88e8 h ???????? 002 /wiki/TineTest
57430ae.32 42f942ca 043937 h ???????? 003 /wiki/AnnoDomino2032
57430af.36 42f942c8 043937 h ???????? 003 /wiki/AgWiki
574316e.e2 42f942c6 043937 h ???????? 004 /wiki/SchweigSphere
5743370.1d 5f6cb561 e4b041 s ???????? 002 /robots.txt
5743373.bf 5f6cb561 e4b041 s ???????? 0a0 /ls
574339c.61 42f942ca 043937 h ???????? 002 //robots.txt
57433af.85 42f942c6 043937 h ???????? 015 /
5743414.71 362494cb 433e9c h ???????? 002 /edit/25416001
57434e1.50 b28d9a17 be37cc h ???????? 015 /
574350e.ec 2ee5a842 c89f4f h ???????? 002 /robots.txt
5743526.3d 42f942d0 043937 s ???????? 002 /wiki/ToDo
57435ba.d5 42f942c8 043937 h ???????? 003 /wiki/CurrencySystem
574376d.4e 894a1e43 a397c6 h ???????? 018 /
574378e.1f 42f942ca 043937 h ???????? 004 /wiki/MindSalsa
574387f.b4 9d3727c5 6a88e8 s ???????? 01b /
5743937.f1 42f942ca 043937 h ???????? 003 /wiki/EbOm
5743954.e9 5fa3ff6c 399ff9 h ???????? 002 /robots.txt
5743955.f0 5fa3ff68 399ff9 h ???????? 003 /wiki/ShookHands
57439ee.82 36249563 433e9c h ???????? 003 /wiki/AubreyDeGrey
5743bc8.a5 42f942c6 043937 h ???????? 003 /wiki/NuernbergerStrasse
5743da3.bf 9d3727a1 6a88e8 h ???????? 003 /wiki/MindBot
5743e07.5d 42f942d4 043937 s ???????? 003 /wiki/LeEt
5743eb2.5d 5fa3ff25 399ff9 h ???????? 002 /robots.txt
5743eb3.9c 5fa3ff23 399ff9 h ???????? 003 /wiki/CitiZen
5743eb4.e6 5fa3ff27 399ff9 h ???????? 003 /wiki/SwGa
5743eb6.5e 5fa3ff27 399ff9 h ???????? 003 /wiki/BleField
574400f.a3 42f942ca 043937 h ???????? 004 /wiki/ImEi
57440ec.b3 a801804c 74bbda h ???????? 016 /
5744271.99 42f942c8 043937 h ???????? 004 /wiki/QuantifiedSelf
57442fe.2b 4b7f0a98 befe45 h ???????? 002 //rss.rdf
5744373.8c 42f942c6 043937 h ???????? 005 /wiki/IsSilent
574439f.09 c76564af 45378f h ???????? 001 //rss.rdf
57443b1.f8 6b9b98de c1d740 h ???????? 002 //rss.rdf
574446b.3e 42f942ca 043937 h ???????? 004 /wiki/IccId
57444cf.60 59a3e359 5484ba h ???????? 017 /
574469c.36 42f942d0 043937 s ???????? 031 /
57446e7.fd 42f942c6 043937 h ???????? 004 /wiki/DoIt
57447c6.20 42f942ca 043937 h ???????? 004 /wiki/TooSlow
5744853.1b 42f942c8 043937 h ???????? 003 /wiki/AnnoDomini1989
5744980.b2 42f942ca 043937 h ???????? 004 /wiki/SinnBild
5744b27.e5 42f942c8 043937 h ???????? 003 /wiki/BlueTooth
5744c0f.f4 42f942c6 043937 h ???????? 004 /wiki/HbfDd
5744c60.eb 42f95cc7 70a047 h ???????? 002 //rss.rdf
5744fc9.08 42f942ca 043937 h ???????? 004 /wiki/TexAi
5745032.3e 42f9542a 002725 h ???????? 002 /favicon.ico
57452c1.20 42f942ca 043937 h ???????? 003 /wiki/StartupAccelerator
57453d3.e5 42f942ca 043937 h ???????? 004 /wiki/EfFic
5745446.5a 542682a1 506f0a h ???????? 020 /
5745446.b0 542682a1 506f0a h ???????? 002 //https://floatingboat2013.appspot.com
5745447.2b 542682a1 506f0a h ???????? 004 //wiki/AlanTuring
5745447.b8 542682a1 506f0a h ???????? 004 //wiki/GottfriedWilhelmLeibniz
5745448.2a 542682a1 506f0a h ???????? 002 //https://floatingboat2013.appspot.com/UrPic
5745448.ab 542682a1 506f0a h ???????? 001 //https://floatingboat2013.appspot.com/ad
5745449.03 542682a1 506f0a h ???????? 006 //https://sl4.eu/hls
5745449.79 542682a1 506f0a h ???????? 002 //https://sl4.eu/ls
5745449.db 542682a1 506f0a h ???????? 003 //https://sl4.eu/sh
574544a.26 542682a1 506f0a h ???????? 002 //https://www.youtube.com/watch
5745491.07 5fa3ff22 399ff9 h ???????? 002 /robots.txt
5745492.4e 5fa3ff21 399ff9 h ???????? 016 /wiki/116001
57454f6.d5 42f942c8 043937 h ???????? 005 /wiki/WiMax
57454f8.8c d9458f2b 87563c h ???????? 002 /robots.txt
5745500.a9 d9458f30 87563c h ???????? 003 /wiki/MindPost
57455b5.84 5fa3ff27 399ff9 h ???????? 004 /wiki/JeKer
57455b7.a6 5fa3ff25 399ff9 h ???????? 003 /wiki/SaiXai
5745667.8b 42f942c6 043937 h ???????? 004 /wiki/KleinHaus
5745836.48 42f942c6 043937 h ???????? 003 /wiki/WiFiAddress
57458b3.e6 42f942c8 043937 h ???????? 004 /wiki/EcZwo
5745a08.38 42f942d0 043937 s ???????? 003 /wiki/WoZu
5745ac3.78 42f942ca 043937 h ???????? 003 /wiki/BitFix
5745d42.42 42f942ca 043937 h ???????? 004 /wiki/GeRecht
5745e7b.2f 36249530 433e9c h ???????? 004 /wiki/WikiPage
5746093.6c c73a56d3 028fc4 h ???????? 003 /robots.txt
5746096.06 c73a56d3 028fc4 h ???????? 01b /
574618b.f5 42f942d4 043937 s ???????? 003 /wiki/RobOt
57463b9.57 42f942c6 043937 h ???????? 003 /wiki/FirmWare
5746569.f3 42f942ca 043937 h ???????? 003 /wiki/RobMalda
5746845.83 9d3727e3 6a88e8 h ???????? 003 /edit/2103001
5746846.8b 9d3727e3 6a88e8 h ???????? 002 /edit/35966001
5746943.cc 42f942c8 043937 h ???????? 004 /wiki/SubOptimal
5746994.fc 42f95cc9 70a047 h ???????? 002 //rss.rdf
5746a4a.9d 5fa3ff26 399ff9 h ???????? 002 /robots.txt
5746a4b.22 42f942ca 043937 h ???????? 004 /wiki/UteFischer
5746a4d.85 5fa3ff23 399ff9 h ???????? 004 /wiki/WikiWall
5746a6d.48 42f942c6 043937 h ???????? 002 /wiki/GeSund
5746a71.c0 5fa3ff23 399ff9 h ???????? 002 /wiki/MuskBed
5746b9a.86 5fa3ff25 399ff9 h ???????? 002 /wiki/SoBist
5746b9d.3e 5fa3ff24 399ff9 h ???????? 001 /wiki/OlafSchubert
5746b9f.e4 5fa3ff23 399ff9 h ???????? 001 /wiki/FunkZeit
5746bcb.52 42f942c8 043937 h ???????? 002 /wiki/OnlineAccess
5746c43.da 42f942d0 043937 s ???????? 011 /
5746cd9.24 42f942c8 043937 h ???????? 002 /wiki/PacificOcean
5746e70.7d 284da75f 6a88e8 h ???????? 002 /wiki/MindMark
5746e72.b4 42f942ca 043937 h ???????? 002 /wiki/TatKraft
5746fe3.b1 9d3727e3 6a88e8 h ???????? 002 /edit/29596001
5747115.83 42f942ca 043937 h ???????? 002 /wiki/KarlsRuhe
574728e.de b36f4b48 19c6c4 h ???????? 011 /
57472ae.22 42f942c6 043937 h ???????? 003 /wiki/WilliamNeibling
574734d.f9 42f942c6 043937 h ???????? 002 /wiki/MindMe
5747473.35 42f942c8 043937 h ???????? 002 /wiki/GooglePower
574748c.0e 24438107 19c6c4 h ???????? 014 /
5747555.58 42f942ca 043937 h ???????? 003 /wiki/StPauliRuine
574786d.1c 42f942c6 043937 h ???????? 002 /wiki/OrnellaMuti
574799a.2f 6c3b0850 028fc4 h ???????? 001 //robots.txt
574799e.41 6c3b0850 028fc4 h ???????? 012 /
5747a10.1d cf2e0d68 6a88e8 h ???????? 001 /edit/47126020
5747b79.8f 42f942c6 043937 h ???????? 002 /wiki/AnnoDomini2019
5747c2f.0a 42f942ca 043937 h ???????? 003 /wiki/SparQl
5747c32.d8 42f951e5 002725 h ???????? 001 /favicon.ico
5747d10.1c 42f942ca 043937 h ???????? 003 /wiki/FurchloseHundert
5747d8e.ae 42f942ca 043937 h ???????? 003 /wiki/DeutschSprache
5747f09.18 42f942c6 043937 h ???????? 003 /wiki/BahnhofStrasse15
5747fa2.2f 5bcf4116 19c6c4 h ???????? 017 /
5747fc7.23 42f942c8 043937 h ???????? 002 /wiki/PreferredSupplier
5748050.6e 284da7aa 6a88e8 h ???????? 002 /wiki/WikiLender
5748094.db 5fa3ff21 399ff9 h ???????? 002 /robots.txt
5748098.03 5fa3ff22 399ff9 h ???????? 002 /wiki/SeaNation
57480f7.b1 3cbf264d 24f5f0 h ???????? 017 /
574815d.94 42f942c8 043937 h ???????? 003 /wiki/CarolaGraefinVonSchmettow
57481f6.d5 5fa3ff20 399ff9 h ???????? 003 /wiki/FzKh
57481f8.bc 5fa3ff27 399ff9 h ???????? 002 /wiki/HaUndEm
574822e.70 42f942ca 043937 h ???????? 002 /wiki/GiEv
574830c.5d cf2e0d68 6a88e8 h ???????? 003 /wiki/ReSet
5748506.8d 42f942ca 043937 h ???????? 009 /wiki/MushahidHussainSayed
574850f.f6 42f942c6 043937 h ???????? 003 /wiki/NooMic
574859f.de 42f942c6 043937 h ???????? 003 /wiki/RaSc
57485ef.b5 bc67601d ea3c0a h ???????? 015 /
57485f0.91 bc67601d 6c4fa8 h ???????? 001 /apple-touch-icon-152x152-precomposed.png
57485f0.bd bc67601d 6c4fa8 h ???????? 001 /apple-touch-icon-152x152.png
57485f0.e5 bc67601d 6c4fa8 h ???????? 001 /apple-touch-icon.png
57485f1.0d bc67601d 6c4fa8 h ???????? 002 /apple-touch-icon.png
57485f1.32 bc67601d 6c4fa8 h ???????? 001 /apple-touch-icon-precomposed.png
57485f1.56 bc67601d 6c4fa8 h ???????? 002 /favicon.ico
57485f4.3d bc67601d ea3c0a h ???????? 005 /alive/4
57485f4.49 bc67601d ea3c0a h ???????? 001 /feel/4
5748606.c6 42f95cc7 70a047 h ???????? 002 //rss.rdf
574867e.16 42f942c8 043937 h ???????? 004 /wiki/OmAgo
57486a9.27 bc67601d ea3c0a h ???????? 014 /
57486ad.93 bc67601d ea3c0a h ???????? 002 /alive/4
57486ad.b7 bc67601d ea3c0a h ???????? 001 /feel/4
57486ae.bb bc67601d ea3c0a h ???????? 013 /
57486af.92 bc67601d 6c4fa8 h ???????? 002 /apple-touch-icon-152x152-precomposed.png
57486af.ba bc67601d 6c4fa8 h ???????? 001 /apple-touch-icon-152x152.png
57486af.f3 bc67601d 6c4fa8 h ???????? 005 /apple-touch-icon.png
57486af.fb 42f942ca 043937 h ???????? 006 /wiki/MannOhneGeheimnisse
57486b0.36 bc67601d 6c4fa8 h ???????? 002 /apple-touch-icon.png
57486b0.7a bc67601d 6c4fa8 h ???????? 001 /apple-touch-icon-precomposed.png
57486b0.a7 bc67601d 6c4fa8 h ???????? 001 /favicon.ico
57486b3.44 bc67601d ea3c0a h ???????? 009 /alive/4
57486b3.5a bc67601d ea3c0a h ???????? 005 /feel/4
57486b3.65 bc67601d ea3c0a h ???????? 002 /feel/8
574871f.1d 4d4b4ca0 6a9392 h ???????? 001 /robots.txt
574871f.e3 4d4b4ca0 6a9392 h ???????? 002 //wiki/NooPolis
57487c0.ec 284da7aa 6a88e8 h ???????? 003 /wiki/WipperFeld
5748851.e2 6d79a1cb cedf5c h ???????? 017 /
5748857.5f 42f942c6 043937 h ???????? 003 /wiki/LoebiHem
5748863.45 8ac91e42 4f7224 h ???????? 002 /robots.txt
5748864.88 8ac91e42 4f7224 h ???????? 01a /
57488cf.63 284da7aa 6a88e8 h ???????? 015 /edit/114956011
5748936.8b 42f942c8 043937 h ???????? 003 /wiki/OyAgo
5748a1a.8d 42f942c8 043937 h ???????? 004 /wiki/LandStrasse
5748aec.cc 42f942d4 043937 s ???????? 015 /
5748bc7.26 42f942c8 043937 h ???????? 004 /wiki/LifeDay15938
5748bfc.9b 2ee5a183 d05934 h ???????? 004 //wiki/ChristianHeller
5748c8f.c3 42f942c6 043937 h ???????? 003 /wiki/LifeDay16273
5748ce2.6c 42f942c6 043937 h ???????? 003 //wiki/NewsLetter
5748d68.50 42f942c8 043937 h ???????? 003 /wiki/SocialCapital
5748df1.00 42f942ca 043937 h ???????? 004 /wiki/DasMan
5748ee6.7c 5e9a5387 cedf5c h ???????? 015 /
5748f4e.de 42f942ca 043937 h ???????? 004 /wiki/PeaNuts
5748f52.0d 42f942c6 043937 h ???????? 003 /wiki/FibonacciFolge
5749033.2b 42f942c8 043937 h ???????? 004 /wiki/JanBoehme
57490cb.df 42f942c6 043937 h ???????? 003 /wiki/RafalelloFee
57492ba.35 42f942c8 043937 h ???????? 003 /wiki/LockCloudCamp
574936c.65 42f942c8 043937 h ???????? 003 /wiki/NeuroScanner
5749508.a8 584a4aaa ea3c0a h ???????? 015 /
574950c.fe 584a4aaa ea3c0a h ???????? 001 /alive/4
574950d.0a 584a4aaa ea3c0a h ???????? 002 /feel/4
5749519.2f 584a4aaa ea3c0a h ???????? 002 /feel/e70
574953e.43 42f942c6 043937 h ???????? 008 /wiki/EinSchreiben
574953e.4a 42f942ca 043937 h ???????? 002 /robots.txt
57495fd.8d 42f942c8 043937 h ???????? 003 /wiki/AlfredHitchcock
57496d2.0a 42f942ca 043937 h ???????? 003 /wiki/KindOf
57496fd.c8 42f942ca 043937 h ???????? 003 /wiki/StadtDresden2056
57497d6.33 42f942c6 043937 h ???????? 003 /wiki/LarsKaderali
574988e.03 42f942ca 043937 h ???????? 004 /wiki/ZukunftsForscher
5749994.3c 42f942ca 043937 h ???????? 004 /wiki/BlondineInOrange
5749a41.53 42f942c8 043937 h ???????? 004 /wiki/DoppelGanger
5749c2c.d5 42f942ca 043937 h ???????? 003 /wiki/FreundSchaft
5749cb0.6c 42f942c8 043937 h ???????? 004 /wiki/AnnoDomini1990
5749cd6.b6 42f942ca 043937 h ???????? 003 /wiki/JanaSchlegel2009
5749ddd.72 42f942c8 043937 h ???????? 005 /wiki/GoldenSpinne
5749e64.07 c4342b80 c5c81c h ???????? 01e /
5749f71.7f 42f942c8 043937 h ???????? 004 /wiki/GeistigEigentum
5749fb3.32 42f942d2 043937 s ???????? 004 /wiki/LeRoi
574a063.59 42f942ca 043937 h ???????? 003 /wiki/WelcomeMoney
574a080.ca 3624944d 433e9c h ???????? 003 /wiki/AlphaForce
574a123.4c 42f942c8 043937 h ???????? 004 /wiki/OracleCorporation
574a3e4.ab 42f942c8 043937 h ???????? 004 /wiki/ScharfesAuge
574a44f.3f 42f95cc7 70a047 h ???????? 002 //rss.rdf
574a5af.43 42f942c6 043937 h ???????? 004 /wiki/ZugStrom
574a61e.8e bf1370cf cdfc4d h ???????? 025 /
574a641.c1 bc67601d 5ec1d2 s ???????? 01a /
574a642.40 bc67601d 5ec1d2 s ???????? 003 /favicon.ico
574a646.29 bc67601d 5ec1d2 s ???????? 002 /feel/4
574a64b.3a bc67601d 5ec1d2 s ???????? 021 /
574a656.ea bc67601d 5ec1d2 s ???????? 011 /
574a658.e4 bc67601d 5ec1d2 s ???????? 0a1 /ls
574a65a.b6 bc67601d 5ec1d2 s ???????? 001 /favicon.ico
574a65b.20 bc67601d 5ec1d2 s ???????? 011 /
574a666.f5 bc67601d 5ec1d2 s ???????? 014 /
574a66a.89 bc67601d 5ec1d2 s ???????? 0bb /hls
574a66c.45 bc67601d 5ec1d2 s ???????? 004 /favicon.ico
574a66d.96 bc67601d 5ec1d2 s ???????? 016 /
574a66f.3d bc67601d 5ec1d2 s ???????? 0b0 /hls
574a671.13 42f942c6 043937 h ???????? 002 /wiki/OstBlock
574a672.7c bc67601d 5ec1d2 s ???????? 010 /
574a777.88 ca8aece2 19c6c4 h ???????? 012 /
574a7fc.ab 42f942c6 043937 h ???????? 002 /wiki/HulaHula
574a893.f6 42f942c6 043937 h ???????? 002 /wiki/InVent
574a8b2.29 42f942c8 043937 h ???????? 002 /wiki/IaDk1d4is
